#
# A fatal error has been detected by the Java Runtime Environment:
#
#  Internal Error (/home/jatinbha/sandboxes/jdk18/jdk18u/src/hotspot/share/opto/compile.cpp:2567), pid=3279424, tid=3279449
#  assert(func2 == 0 && func3 == 0) failed: not unary
#
# JRE version: OpenJDK Runtime Environment (18.0.1) (slowdebug build 18.0.1-internal+0-adhoc.root.jdk18u)
# Java VM: OpenJDK 64-Bit Server VM (slowdebug 18.0.1-internal+0-adhoc.root.jdk18u, mixed mode, compressed oops, compressed class ptrs, g1 gc, linux-amd64)
# Problematic frame:
# V  [libjvm.so+0x8588ef]  Compile::compute_truth_table(Unique_Node_List&, Unique_Node_List&)+0x30b
#
# Core dump will be written. Default location: Core dumps may be processed with "/usr/share/apport/apport %p %s %c %d %P %E" (or dumping to /home/jatinbha/code/java/compress_expand/core.3279424)
#
# If you would like to submit a bug report, please visit:
#   https://bugreport.java.com/bugreport/crash.jsp
#

---------------  S U M M A R Y ------------

Command Line: -XX:+UnlockDiagnosticVMOptions -XX:-TieredCompilation -XX:+PauseAtStartup compress_bits 1024 0

Host: intel-S2600WFT, Intel(R) Xeon(R) Platinum 8280 CPU @ 2.70GHz, 112 cores, 754G, Ubuntu 20.04.2 LTS
Time: Fri May  6 11:45:02 2022 IST elapsed time: 469.130652 seconds (0d 0h 7m 49s)

---------------  T H R E A D  ---------------

Current thread (0x00007f0c00069880):  JavaThread "C2 CompilerThread3" daemon [_thread_in_native, id=3279449, stack(0x00007f0c34159000,0x00007f0c3425a000)]


Current CompileTask:
C2: 469130  128 %           compress_bits::scalar_runner @ 3 (35 bytes)

Stack: [0x00007f0c34159000,0x00007f0c3425a000],  sp=0x00007f0c34254640,  free space=1005k
Native frames: (J=compiled Java code, j=interpreted, Vv=VM code, C=native code)
V  [libjvm.so+0x8588ef]  Compile::compute_truth_table(Unique_Node_List&, Unique_Node_List&)+0x30b
V  [libjvm.so+0x8581e7]  Compile::xform_to_MacroLogicV(PhaseIterGVN&, TypeVect const*, Unique_Node_List&, Unique_Node_List&)+0x1c3
V  [libjvm.so+0x85909c]  Compile::process_logic_cone_root(PhaseIterGVN&, Node*, VectorSet&)+0x1e6
V  [libjvm.so+0x859230]  Compile::optimize_logic_cones(PhaseIterGVN&)+0x14e
V  [libjvm.so+0x857499]  Compile::Optimize()+0x101f
V  [libjvm.so+0x850217]  Compile::Compile(ciEnv*, ciMethod*, int, Options, DirectiveSet*)+0x13e9
V  [libjvm.so+0x73b640]  C2Compiler::compile_method(ciEnv*, ciMethod*, int, bool, DirectiveSet*)+0x18a
V  [libjvm.so+0x86e46d]  CompileBroker::invoke_compiler_on_method(CompileTask*)+0x89d
V  [libjvm.so+0x86d095]  CompileBroker::compiler_thread_loop()+0x3e3
V  [libjvm.so+0x88e1f5]  CompilerThread::thread_entry(JavaThread*, JavaThread*)+0x6d
V  [libjvm.so+0x132ba77]  JavaThread::thread_main_inner()+0x161
V  [libjvm.so+0x132b913]  JavaThread::run()+0x16b
V  [libjvm.so+0x1329152]  Thread::call_run()+0x184
V  [libjvm.so+0x10813e9]  thread_native_entry(Thread*)+0x193

Register to memory mapping:

RAX=0x00007f0c9caae000 points into unknown readable memory: 0x0000000000000058 | 58 00 00 00 00 00 00 00
RBX=0x00007f0c3425468c is pointing into the stack for thread: 0x00007f0c00069880
RCX=0x0000000000000100 is an unknown value
RDX=
[error occurred during error reporting (printing register info), id 0xe0000000, Internal Error (/home/jatinbha/sandboxes/jdk18/jdk18u/src/hotspot/share/gc/g1/g1BlockOffsetTable.inline.hpp:49)]

Registers:
RAX=0x00007f0c9caae000, RBX=0x00007f0c3425468c, RCX=0x0000000000000100, RDX=0x00000000ffffffff
RSP=0x00007f0c34254640, RBP=0x00007f0c34254f20, RSI=0x0000000000000001, RDI=0x00007f0c100231e0
R8 =0x00007f0c342546e0, R9 =0x00007f0c00097558, R10=0x00007f0c9bc2f1d0, R11=0x00007f0c9bc2aa68
R12=0x00007f0c34257b08, R13=0x00007f0c3435969f, R14=0x00007f0c343597f0, R15=0x00007f0c34258fc0
RIP=0x00007f0c9ae9a8ef, EFLAGS=0x0000000000010206, CSGSFS=0x002b000000000033, ERR=0x0000000000000015
  TRAPNO=0x000000000000000e

Top of Stack: (sp=0x00007f0c34254640)
0x00007f0c34254640:   0000000000000000 00007f0c34255060
0x00007f0c34254650:   00007f0c34254fe0 00007f0c342579c0
0x00007f0c34254660:   0000006600000066 00000000000000f0
0x00007f0c34254670:   0000000100000003 00007f0c102fe530 

Instructions: (pc=0x00007f0c9ae9a8ef)
0x00007f0c9ae9a7ef:   0f 8f e6 01 00 00 3d 42 01 00 00 0f 84 8a 01 00
0x00007f0c9ae9a7ff:   00 3d 84 01 00 00 74 5e e9 cf 01 00 00 8b 85 4c
0x00007f0c9ae9a80f:   f7 ff ff 85 c0 74 36 48 8d 05 0b 07 8a 01 48 8b
0x00007f0c9ae9a81f:   00 c6 00 58 48 8d 0d 18 34 d9 00 48 8d 15 1c 34
0x00007f0c9ae9a82f:   d9 00 be fe 09 00 00 48 8d 3d 6b 17 d9 00 b8 00
0x00007f0c9ae9a83f:   00 00 00 e8 09 50 05 00 e8 36 86 82 00 8b 95 44
0x00007f0c9ae9a84f:   f7 ff ff 8b 85 48 f7 ff ff 09 d0 89 85 40 f7 ff
0x00007f0c9ae9a85f:   ff e9 cf 01 00 00 8b 85 4c f7 ff ff 85 c0 74 36
0x00007f0c9ae9a86f:   48 8d 05 b2 06 8a 01 48 8b 00 c6 00 58 48 8d 0d
0x00007f0c9ae9a87f:   bf 33 d9 00 48 8d 15 c3 33 d9 00 be 02 0a 00 00
0x00007f0c9ae9a88f:   48 8d 3d 12 17 d9 00 b8 00 00 00 00 e8 b0 4f 05
0x00007f0c9ae9a89f:   00 e8 dd 85 82 00 8b 95 44 f7 ff ff 8b 85 48 f7
0x00007f0c9ae9a8af:   ff ff 21 d0 89 85 40 f7 ff ff e9 76 01 00 00 48
0x00007f0c9ae9a8bf:   8b 85 58 f7 ff ff 48 89 c7 e8 cd 64 b3 00 84 c0
0x00007f0c9ae9a8cf:   74 60 8b 85 48 f7 ff ff 85 c0 75 0a 8b 85 4c f7
0x00007f0c9ae9a8df:   ff ff 85 c0 74 36 48 8d 05 3c 06 8a 01 48 8b 00
0x00007f0c9ae9a8ef:   c6 00 58 48 8d 0d 6b 31 d9 00 48 8d 15 68 33 d9
0x00007f0c9ae9a8ff:   00 be 07 0a 00 00 48 8d 3d 9c 16 d9 00 b8 00 00
0x00007f0c9ae9a90f:   00 00 e8 3a 4f 05 00 e8 67 85 82 00 8b 85 44 f7
0x00007f0c9ae9a91f:   ff ff f7 d0 0f b6 c0 89 85 40 f7 ff ff e9 03 01
0x00007f0c9ae9a92f:   00 00 8b 85 4c f7 ff ff 85 c0 74 36 48 8d 05 e6
0x00007f0c9ae9a93f:   05 8a 01 48 8b 00 c6 00 58 48 8d 0d f3 32 d9 00
0x00007f0c9ae9a94f:   48 8d 15 f7 32 d9 00 be 0a 0a 00 00 48 8d 3d 46
0x00007f0c9ae9a95f:   16 d9 00 b8 00 00 00 00 e8 e4 4e 05 00 e8 11 85
0x00007f0c9ae9a96f:   82 00 8b 95 44 f7 ff ff 8b 85 48 f7 ff ff 31 d0
0x00007f0c9ae9a97f:   89 85 40 f7 ff ff e9 aa 00 00 00 44 8b ad 4c f7
0x00007f0c9ae9a98f:   ff ff 44 8b a5 48 f7 ff ff 8b 9d 44 f7 ff ff 48
0x00007f0c9ae9a99f:   8b 85 58 f7 ff ff be 04 00 00 00 48 89 c7 e8 20
0x00007f0c9ae9a9af:   7a b9 ff 48 89 c7 e8 3a 7d b9 ff 89 c6 48 8b 85
0x00007f0c9ae9a9bf:   38 f7 ff ff 45 89 e8 44 89 e1 89 da 48 89 c7 e8
0x00007f0c9ae9a9cf:   8d f8 ff ff 89 85 40 f7 ff ff eb 59 48 8d 05 46
0x00007f0c9ae9a9df:   05 8a 01 48 8b 00 c6 00 58 48 8b 85 58 f7 ff ff 


Stack slot to memory mapping:
stack at sp + 0 slots: 0x0 is NULL
stack at sp + 1 slots: 0x00007f0c34255060 is pointing into the stack for thread: 0x00007f0c00069880
stack at sp + 2 slots: 0x00007f0c34254fe0 is pointing into the stack for thread: 0x00007f0c00069880
stack at sp + 3 slots: 0x00007f0c342579c0 is pointing into the stack for thread: 0x00007f0c00069880
stack at sp + 4 slots: 0x0000006600000066 is an unknown value
stack at sp + 5 slots: 0x00000000000000f0 is an unknown value
stack at sp + 6 slots: 
[error occurred during error reporting (inspecting top of stack), id 0xe0000000, Internal Error (/home/jatinbha/sandboxes/jdk18/jdk18u/src/hotspot/share/gc/g1/g1BlockOffsetTable.inline.hpp:49)]


---------------  P R O C E S S  ---------------

uid  : 1000 euid : 1000 gid  : 1000 egid : 1000

umask: 0002 (-------w-)

Threads class SMR info:
_java_thread_list=0x00007f0bf80402f0, length=13, elements={
0x00007f0c94028e20, 0x00007f0c943d0230, 0x00007f0c943d1e30, 0x00007f0c94430ab0,
0x00007f0c944323b0, 0x00007f0c94433cc0, 0x00007f0c94435c20, 0x00007f0c94437540,
0x00007f0c944a6a60, 0x00007f0c1019aba0, 0x00007f0c1011c070, 0x00007f0c00069880,
0x00007f0c9468fb00
}
_java_thread_list_alloc_cnt=18, _java_thread_list_free_cnt=16, _java_thread_list_max=15, _nested_thread_list_max=0
_tlh_cnt=44, _tlh_times=0, avg_tlh_time=0.00, _tlh_time_max=0
_deleted_thread_cnt=2, _deleted_thread_times=3, avg_deleted_thread_time=1.50, _deleted_thread_time_max=3
_delete_lock_wait_cnt=0, _delete_lock_wait_max=0
_to_delete_list_cnt=0, _to_delete_list_max=1

Java Threads: ( => current thread )
  0x00007f0c94028e20 JavaThread "main" [_thread_in_Java, id=3279425, stack(0x00007f0c9a3f2000,0x00007f0c9a4f3000)]
  0x00007f0c943d0230 JavaThread "Reference Handler" daemon [_thread_blocked, id=3279439, stack(0x00007f0c35104000,0x00007f0c35205000)]
  0x00007f0c943d1e30 JavaThread "Finalizer" daemon [_thread_blocked, id=3279440, stack(0x00007f0c35003000,0x00007f0c35104000)]
  0x00007f0c94430ab0 JavaThread "Signal Dispatcher" daemon [_thread_blocked, id=3279441, stack(0x00007f0c34992000,0x00007f0c34a93000)]
  0x00007f0c944323b0 JavaThread "Service Thread" daemon [_thread_blocked, id=3279442, stack(0x00007f0c34891000,0x00007f0c34992000)]
  0x00007f0c94433cc0 JavaThread "Monitor Deflation Thread" daemon [_thread_blocked, id=3279443, stack(0x00007f0c34790000,0x00007f0c34891000)]
  0x00007f0c94435c20 JavaThread "C2 CompilerThread0" daemon [_thread_blocked, id=3279444, stack(0x00007f0c3468f000,0x00007f0c34790000)]
  0x00007f0c94437540 JavaThread "Sweeper thread" daemon [_thread_blocked, id=3279445, stack(0x00007f0c3458e000,0x00007f0c3468f000)]
  0x00007f0c944a6a60 JavaThread "Common-Cleaner" daemon [_thread_blocked, id=3279446, stack(0x00007f0c3445c000,0x00007f0c3455d000)]
  0x00007f0c1019aba0 JavaThread "C2 CompilerThread1" daemon [_thread_blocked, id=3279447, stack(0x00007f0c3435b000,0x00007f0c3445c000)]
  0x00007f0c1011c070 JavaThread "C2 CompilerThread2" daemon [_thread_blocked, id=3279448, stack(0x00007f0c3425a000,0x00007f0c3435b000)]
=>0x00007f0c00069880 JavaThread "C2 CompilerThread3" daemon [_thread_in_native, id=3279449, stack(0x00007f0c34159000,0x00007f0c3425a000)]
  0x00007f0c9468fb00 JavaThread "Notification Thread" daemon [_thread_blocked, id=3279452, stack(0x00007f0bf3dfe000,0x00007f0bf3eff000)]

Other Threads:
  0x00007f0c943a9740 VMThread "VM Thread" [stack: 0x00007f0c35207000,0x00007f0c35307000] [id=3279438]
  0x00007f0c94691e30 WatcherThread "VM Periodic Task Thread" [stack: 0x00007f0bf3cfe000,0x00007f0bf3dfe000] [id=3279453]
  0x00007f0c940797a0 WorkerThread "GC Thread#0" [stack: 0x00007f0c48273000,0x00007f0c48373000] [id=3279433]
  0x00007f0c9408a270 ConcurrentGCThread "G1 Main Marker" [stack: 0x00007f0c48171000,0x00007f0c48271000] [id=3279434]
  0x00007f0c9408b600 WorkerThread "G1 Conc#0" [stack: 0x00007f0c4806f000,0x00007f0c4816f000] [id=3279435]
  0x00007f0c94205d50 ConcurrentGCThread "G1 Refine#0" [stack: 0x00007f0c355b7000,0x00007f0c356b7000] [id=3279436]
  0x00007f0c94207040 ConcurrentGCThread "G1 Service" [stack: 0x00007f0c354b5000,0x00007f0c355b5000] [id=3279437]

Threads with active compile tasks:
C2 CompilerThread3   469171  128 %           compress_bits::scalar_runner @ 3 (35 bytes)

VM state: not at safepoint (normal execution)

VM Mutex/Monitor currently owned by a thread: None

Heap address: 0x00000000a0000000, size: 30208 MB, Compressed Oops mode: Zero based, Oop shift amount: 3

CDS archive(s) not mapped
Compressed class space mapped at: 0x0000000800000000-0x0000000840000000, reserved size: 1073741824
Narrow klass base: 0x0000000800000000, Narrow klass shift: 0, Narrow klass range: 0x40000000

GC Precious Log:
 CardTable entry size: 512
 Card Set container configuration: InlinePtr #cards 3 size 8 Array Of Cards #cards 128 size 272 Howl #buckets 8 coarsen threshold 29491 Howl Bitmap #cards 4096 size 528 coarsen threshold 3686 Card regions per heap region 1 cards per card region 32768
 CPUs: 112 total, 112 available
 Memory: 754G
 Large Page Support: Disabled
 NUMA Support: Disabled
 Compressed Oops: Enabled (Zero based)
 Heap Region Size: 16M
 Heap Min Capacity: 16M
 Heap Initial Capacity: 2G
 Heap Max Capacity: 30208M
 Pre-touch: Disabled
 Parallel Workers: 73
 Concurrent Workers: 18
 Concurrent Refinement Workers: 73
 Periodic GC: Disabled

Heap:
 garbage-first heap   total 2097152K, used 0K [0x00000000a0000000, 0x0000000800000000)
  region size 16384K, 1 young (16384K), 0 survivors (0K)
 Metaspace       used 6943K, committed 7168K, reserved 1114112K
  class space    used 567K, committed 704K, reserved 1048576K

Heap Regions: E=young(eden), S=young(survivor), O=old, HS=humongous(starts), HC=humongous(continues), CS=collection set, F=free, OA=open archive, CA=closed archive, TAMS=top-at-mark-start (previous, next)
|   0|0x00000000a0000000, 0x00000000a0000000, 0x00000000a1000000|  0%| F|  |TAMS 0x00000000a0000000, 0x00000000a0000000| Untracked 
|   1|0x00000000a1000000, 0x00000000a1000000, 0x00000000a2000000|  0%| F|  |TAMS 0x00000000a1000000, 0x00000000a1000000| Untracked 
|   2|0x00000000a2000000, 0x00000000a2000000, 0x00000000a3000000|  0%| F|  |TAMS 0x00000000a2000000, 0x00000000a2000000| Untracked 
|   3|0x00000000a3000000, 0x00000000a3000000, 0x00000000a4000000|  0%| F|  |TAMS 0x00000000a3000000, 0x00000000a3000000| Untracked 
|   4|0x00000000a4000000, 0x00000000a4000000, 0x00000000a5000000|  0%| F|  |TAMS 0x00000000a4000000, 0x00000000a4000000| Untracked 
|   5|0x00000000a5000000, 0x00000000a5000000, 0x00000000a6000000|  0%| F|  |TAMS 0x00000000a5000000, 0x00000000a5000000| Untracked 
|   6|0x00000000a6000000, 0x00000000a6000000, 0x00000000a7000000|  0%| F|  |TAMS 0x00000000a6000000, 0x00000000a6000000| Untracked 
|   7|0x00000000a7000000, 0x00000000a7000000, 0x00000000a8000000|  0%| F|  |TAMS 0x00000000a7000000, 0x00000000a7000000| Untracked 
|   8|0x00000000a8000000, 0x00000000a8000000, 0x00000000a9000000|  0%| F|  |TAMS 0x00000000a8000000, 0x00000000a8000000| Untracked 
|   9|0x00000000a9000000, 0x00000000a9000000, 0x00000000aa000000|  0%| F|  |TAMS 0x00000000a9000000, 0x00000000a9000000| Untracked 
|  10|0x00000000aa000000, 0x00000000aa000000, 0x00000000ab000000|  0%| F|  |TAMS 0x00000000aa000000, 0x00000000aa000000| Untracked 
|  11|0x00000000ab000000, 0x00000000ab000000, 0x00000000ac000000|  0%| F|  |TAMS 0x00000000ab000000, 0x00000000ab000000| Untracked 
|  12|0x00000000ac000000, 0x00000000ac000000, 0x00000000ad000000|  0%| F|  |TAMS 0x00000000ac000000, 0x00000000ac000000| Untracked 
|  13|0x00000000ad000000, 0x00000000ad000000, 0x00000000ae000000|  0%| F|  |TAMS 0x00000000ad000000, 0x00000000ad000000| Untracked 
|  14|0x00000000ae000000, 0x00000000ae000000, 0x00000000af000000|  0%| F|  |TAMS 0x00000000ae000000, 0x00000000ae000000| Untracked 
|  15|0x00000000af000000, 0x00000000af000000, 0x00000000b0000000|  0%| F|  |TAMS 0x00000000af000000, 0x00000000af000000| Untracked 
|  16|0x00000000b0000000, 0x00000000b0000000, 0x00000000b1000000|  0%| F|  |TAMS 0x00000000b0000000, 0x00000000b0000000| Untracked 
|  17|0x00000000b1000000, 0x00000000b1000000, 0x00000000b2000000|  0%| F|  |TAMS 0x00000000b1000000, 0x00000000b1000000| Untracked 
|  18|0x00000000b2000000, 0x00000000b2000000, 0x00000000b3000000|  0%| F|  |TAMS 0x00000000b2000000, 0x00000000b2000000| Untracked 
|  19|0x00000000b3000000, 0x00000000b3000000, 0x00000000b4000000|  0%| F|  |TAMS 0x00000000b3000000, 0x00000000b3000000| Untracked 
|  20|0x00000000b4000000, 0x00000000b4000000, 0x00000000b5000000|  0%| F|  |TAMS 0x00000000b4000000, 0x00000000b4000000| Untracked 
|  21|0x00000000b5000000, 0x00000000b5000000, 0x00000000b6000000|  0%| F|  |TAMS 0x00000000b5000000, 0x00000000b5000000| Untracked 
|  22|0x00000000b6000000, 0x00000000b6000000, 0x00000000b7000000|  0%| F|  |TAMS 0x00000000b6000000, 0x00000000b6000000| Untracked 
|  23|0x00000000b7000000, 0x00000000b7000000, 0x00000000b8000000|  0%| F|  |TAMS 0x00000000b7000000, 0x00000000b7000000| Untracked 
|  24|0x00000000b8000000, 0x00000000b8000000, 0x00000000b9000000|  0%| F|  |TAMS 0x00000000b8000000, 0x00000000b8000000| Untracked 
|  25|0x00000000b9000000, 0x00000000b9000000, 0x00000000ba000000|  0%| F|  |TAMS 0x00000000b9000000, 0x00000000b9000000| Untracked 
|  26|0x00000000ba000000, 0x00000000ba000000, 0x00000000bb000000|  0%| F|  |TAMS 0x00000000ba000000, 0x00000000ba000000| Untracked 
|  27|0x00000000bb000000, 0x00000000bb000000, 0x00000000bc000000|  0%| F|  |TAMS 0x00000000bb000000, 0x00000000bb000000| Untracked 
|  28|0x00000000bc000000, 0x00000000bc000000, 0x00000000bd000000|  0%| F|  |TAMS 0x00000000bc000000, 0x00000000bc000000| Untracked 
|  29|0x00000000bd000000, 0x00000000bd000000, 0x00000000be000000|  0%| F|  |TAMS 0x00000000bd000000, 0x00000000bd000000| Untracked 
|  30|0x00000000be000000, 0x00000000be000000, 0x00000000bf000000|  0%| F|  |TAMS 0x00000000be000000, 0x00000000be000000| Untracked 
|  31|0x00000000bf000000, 0x00000000bf000000, 0x00000000c0000000|  0%| F|  |TAMS 0x00000000bf000000, 0x00000000bf000000| Untracked 
|  32|0x00000000c0000000, 0x00000000c0000000, 0x00000000c1000000|  0%| F|  |TAMS 0x00000000c0000000, 0x00000000c0000000| Untracked 
|  33|0x00000000c1000000, 0x00000000c1000000, 0x00000000c2000000|  0%| F|  |TAMS 0x00000000c1000000, 0x00000000c1000000| Untracked 
|  34|0x00000000c2000000, 0x00000000c2000000, 0x00000000c3000000|  0%| F|  |TAMS 0x00000000c2000000, 0x00000000c2000000| Untracked 
|  35|0x00000000c3000000, 0x00000000c3000000, 0x00000000c4000000|  0%| F|  |TAMS 0x00000000c3000000, 0x00000000c3000000| Untracked 
|  36|0x00000000c4000000, 0x00000000c4000000, 0x00000000c5000000|  0%| F|  |TAMS 0x00000000c4000000, 0x00000000c4000000| Untracked 
|  37|0x00000000c5000000, 0x00000000c5000000, 0x00000000c6000000|  0%| F|  |TAMS 0x00000000c5000000, 0x00000000c5000000| Untracked 
|  38|0x00000000c6000000, 0x00000000c6000000, 0x00000000c7000000|  0%| F|  |TAMS 0x00000000c6000000, 0x00000000c6000000| Untracked 
|  39|0x00000000c7000000, 0x00000000c7000000, 0x00000000c8000000|  0%| F|  |TAMS 0x00000000c7000000, 0x00000000c7000000| Untracked 
|  40|0x00000000c8000000, 0x00000000c8000000, 0x00000000c9000000|  0%| F|  |TAMS 0x00000000c8000000, 0x00000000c8000000| Untracked 
|  41|0x00000000c9000000, 0x00000000c9000000, 0x00000000ca000000|  0%| F|  |TAMS 0x00000000c9000000, 0x00000000c9000000| Untracked 
|  42|0x00000000ca000000, 0x00000000ca000000, 0x00000000cb000000|  0%| F|  |TAMS 0x00000000ca000000, 0x00000000ca000000| Untracked 
|  43|0x00000000cb000000, 0x00000000cb000000, 0x00000000cc000000|  0%| F|  |TAMS 0x00000000cb000000, 0x00000000cb000000| Untracked 
|  44|0x00000000cc000000, 0x00000000cc000000, 0x00000000cd000000|  0%| F|  |TAMS 0x00000000cc000000, 0x00000000cc000000| Untracked 
|  45|0x00000000cd000000, 0x00000000cd000000, 0x00000000ce000000|  0%| F|  |TAMS 0x00000000cd000000, 0x00000000cd000000| Untracked 
|  46|0x00000000ce000000, 0x00000000ce000000, 0x00000000cf000000|  0%| F|  |TAMS 0x00000000ce000000, 0x00000000ce000000| Untracked 
|  47|0x00000000cf000000, 0x00000000cf000000, 0x00000000d0000000|  0%| F|  |TAMS 0x00000000cf000000, 0x00000000cf000000| Untracked 
|  48|0x00000000d0000000, 0x00000000d0000000, 0x00000000d1000000|  0%| F|  |TAMS 0x00000000d0000000, 0x00000000d0000000| Untracked 
|  49|0x00000000d1000000, 0x00000000d1000000, 0x00000000d2000000|  0%| F|  |TAMS 0x00000000d1000000, 0x00000000d1000000| Untracked 
|  50|0x00000000d2000000, 0x00000000d2000000, 0x00000000d3000000|  0%| F|  |TAMS 0x00000000d2000000, 0x00000000d2000000| Untracked 
|  51|0x00000000d3000000, 0x00000000d3000000, 0x00000000d4000000|  0%| F|  |TAMS 0x00000000d3000000, 0x00000000d3000000| Untracked 
|  52|0x00000000d4000000, 0x00000000d4000000, 0x00000000d5000000|  0%| F|  |TAMS 0x00000000d4000000, 0x00000000d4000000| Untracked 
|  53|0x00000000d5000000, 0x00000000d5000000, 0x00000000d6000000|  0%| F|  |TAMS 0x00000000d5000000, 0x00000000d5000000| Untracked 
|  54|0x00000000d6000000, 0x00000000d6000000, 0x00000000d7000000|  0%| F|  |TAMS 0x00000000d6000000, 0x00000000d6000000| Untracked 
|  55|0x00000000d7000000, 0x00000000d7000000, 0x00000000d8000000|  0%| F|  |TAMS 0x00000000d7000000, 0x00000000d7000000| Untracked 
|  56|0x00000000d8000000, 0x00000000d8000000, 0x00000000d9000000|  0%| F|  |TAMS 0x00000000d8000000, 0x00000000d8000000| Untracked 
|  57|0x00000000d9000000, 0x00000000d9000000, 0x00000000da000000|  0%| F|  |TAMS 0x00000000d9000000, 0x00000000d9000000| Untracked 
|  58|0x00000000da000000, 0x00000000da000000, 0x00000000db000000|  0%| F|  |TAMS 0x00000000da000000, 0x00000000da000000| Untracked 
|  59|0x00000000db000000, 0x00000000db000000, 0x00000000dc000000|  0%| F|  |TAMS 0x00000000db000000, 0x00000000db000000| Untracked 
|  60|0x00000000dc000000, 0x00000000dc000000, 0x00000000dd000000|  0%| F|  |TAMS 0x00000000dc000000, 0x00000000dc000000| Untracked 
|  61|0x00000000dd000000, 0x00000000dd000000, 0x00000000de000000|  0%| F|  |TAMS 0x00000000dd000000, 0x00000000dd000000| Untracked 
|  62|0x00000000de000000, 0x00000000de000000, 0x00000000df000000|  0%| F|  |TAMS 0x00000000de000000, 0x00000000de000000| Untracked 
|  63|0x00000000df000000, 0x00000000df000000, 0x00000000e0000000|  0%| F|  |TAMS 0x00000000df000000, 0x00000000df000000| Untracked 
|  64|0x00000000e0000000, 0x00000000e0000000, 0x00000000e1000000|  0%| F|  |TAMS 0x00000000e0000000, 0x00000000e0000000| Untracked 
|  65|0x00000000e1000000, 0x00000000e1000000, 0x00000000e2000000|  0%| F|  |TAMS 0x00000000e1000000, 0x00000000e1000000| Untracked 
|  66|0x00000000e2000000, 0x00000000e2000000, 0x00000000e3000000|  0%| F|  |TAMS 0x00000000e2000000, 0x00000000e2000000| Untracked 
|  67|0x00000000e3000000, 0x00000000e3000000, 0x00000000e4000000|  0%| F|  |TAMS 0x00000000e3000000, 0x00000000e3000000| Untracked 
|  68|0x00000000e4000000, 0x00000000e4000000, 0x00000000e5000000|  0%| F|  |TAMS 0x00000000e4000000, 0x00000000e4000000| Untracked 
|  69|0x00000000e5000000, 0x00000000e5000000, 0x00000000e6000000|  0%| F|  |TAMS 0x00000000e5000000, 0x00000000e5000000| Untracked 
|  70|0x00000000e6000000, 0x00000000e6000000, 0x00000000e7000000|  0%| F|  |TAMS 0x00000000e6000000, 0x00000000e6000000| Untracked 
|  71|0x00000000e7000000, 0x00000000e7000000, 0x00000000e8000000|  0%| F|  |TAMS 0x00000000e7000000, 0x00000000e7000000| Untracked 
|  72|0x00000000e8000000, 0x00000000e8000000, 0x00000000e9000000|  0%| F|  |TAMS 0x00000000e8000000, 0x00000000e8000000| Untracked 
|  73|0x00000000e9000000, 0x00000000e9000000, 0x00000000ea000000|  0%| F|  |TAMS 0x00000000e9000000, 0x00000000e9000000| Untracked 
|  74|0x00000000ea000000, 0x00000000ea000000, 0x00000000eb000000|  0%| F|  |TAMS 0x00000000ea000000, 0x00000000ea000000| Untracked 
|  75|0x00000000eb000000, 0x00000000eb000000, 0x00000000ec000000|  0%| F|  |TAMS 0x00000000eb000000, 0x00000000eb000000| Untracked 
|  76|0x00000000ec000000, 0x00000000ec000000, 0x00000000ed000000|  0%| F|  |TAMS 0x00000000ec000000, 0x00000000ec000000| Untracked 
|  77|0x00000000ed000000, 0x00000000ed000000, 0x00000000ee000000|  0%| F|  |TAMS 0x00000000ed000000, 0x00000000ed000000| Untracked 
|  78|0x00000000ee000000, 0x00000000ee000000, 0x00000000ef000000|  0%| F|  |TAMS 0x00000000ee000000, 0x00000000ee000000| Untracked 
|  79|0x00000000ef000000, 0x00000000ef000000, 0x00000000f0000000|  0%| F|  |TAMS 0x00000000ef000000, 0x00000000ef000000| Untracked 
|  80|0x00000000f0000000, 0x00000000f0000000, 0x00000000f1000000|  0%| F|  |TAMS 0x00000000f0000000, 0x00000000f0000000| Untracked 
|  81|0x00000000f1000000, 0x00000000f1000000, 0x00000000f2000000|  0%| F|  |TAMS 0x00000000f1000000, 0x00000000f1000000| Untracked 
|  82|0x00000000f2000000, 0x00000000f2000000, 0x00000000f3000000|  0%| F|  |TAMS 0x00000000f2000000, 0x00000000f2000000| Untracked 
|  83|0x00000000f3000000, 0x00000000f3000000, 0x00000000f4000000|  0%| F|  |TAMS 0x00000000f3000000, 0x00000000f3000000| Untracked 
|  84|0x00000000f4000000, 0x00000000f4000000, 0x00000000f5000000|  0%| F|  |TAMS 0x00000000f4000000, 0x00000000f4000000| Untracked 
|  85|0x00000000f5000000, 0x00000000f5000000, 0x00000000f6000000|  0%| F|  |TAMS 0x00000000f5000000, 0x00000000f5000000| Untracked 
|  86|0x00000000f6000000, 0x00000000f6000000, 0x00000000f7000000|  0%| F|  |TAMS 0x00000000f6000000, 0x00000000f6000000| Untracked 
|  87|0x00000000f7000000, 0x00000000f7000000, 0x00000000f8000000|  0%| F|  |TAMS 0x00000000f7000000, 0x00000000f7000000| Untracked 
|  88|0x00000000f8000000, 0x00000000f8000000, 0x00000000f9000000|  0%| F|  |TAMS 0x00000000f8000000, 0x00000000f8000000| Untracked 
|  89|0x00000000f9000000, 0x00000000f9000000, 0x00000000fa000000|  0%| F|  |TAMS 0x00000000f9000000, 0x00000000f9000000| Untracked 
|  90|0x00000000fa000000, 0x00000000fa000000, 0x00000000fb000000|  0%| F|  |TAMS 0x00000000fa000000, 0x00000000fa000000| Untracked 
|  91|0x00000000fb000000, 0x00000000fb000000, 0x00000000fc000000|  0%| F|  |TAMS 0x00000000fb000000, 0x00000000fb000000| Untracked 
|  92|0x00000000fc000000, 0x00000000fc000000, 0x00000000fd000000|  0%| F|  |TAMS 0x00000000fc000000, 0x00000000fc000000| Untracked 
|  93|0x00000000fd000000, 0x00000000fd000000, 0x00000000fe000000|  0%| F|  |TAMS 0x00000000fd000000, 0x00000000fd000000| Untracked 
|  94|0x00000000fe000000, 0x00000000fe000000, 0x00000000ff000000|  0%| F|  |TAMS 0x00000000fe000000, 0x00000000fe000000| Untracked 
|  95|0x00000000ff000000, 0x00000000ff000000, 0x0000000100000000|  0%| F|  |TAMS 0x00000000ff000000, 0x00000000ff000000| Untracked 
|  96|0x0000000100000000, 0x0000000100000000, 0x0000000101000000|  0%| F|  |TAMS 0x0000000100000000, 0x0000000100000000| Untracked 
|  97|0x0000000101000000, 0x0000000101000000, 0x0000000102000000|  0%| F|  |TAMS 0x0000000101000000, 0x0000000101000000| Untracked 
|  98|0x0000000102000000, 0x0000000102000000, 0x0000000103000000|  0%| F|  |TAMS 0x0000000102000000, 0x0000000102000000| Untracked 
|  99|0x0000000103000000, 0x0000000103000000, 0x0000000104000000|  0%| F|  |TAMS 0x0000000103000000, 0x0000000103000000| Untracked 
| 100|0x0000000104000000, 0x0000000104000000, 0x0000000105000000|  0%| F|  |TAMS 0x0000000104000000, 0x0000000104000000| Untracked 
| 101|0x0000000105000000, 0x0000000105000000, 0x0000000106000000|  0%| F|  |TAMS 0x0000000105000000, 0x0000000105000000| Untracked 
| 102|0x0000000106000000, 0x0000000106000000, 0x0000000107000000|  0%| F|  |TAMS 0x0000000106000000, 0x0000000106000000| Untracked 
| 103|0x0000000107000000, 0x0000000107000000, 0x0000000108000000|  0%| F|  |TAMS 0x0000000107000000, 0x0000000107000000| Untracked 
| 104|0x0000000108000000, 0x0000000108000000, 0x0000000109000000|  0%| F|  |TAMS 0x0000000108000000, 0x0000000108000000| Untracked 
| 105|0x0000000109000000, 0x0000000109000000, 0x000000010a000000|  0%| F|  |TAMS 0x0000000109000000, 0x0000000109000000| Untracked 
| 106|0x000000010a000000, 0x000000010a000000, 0x000000010b000000|  0%| F|  |TAMS 0x000000010a000000, 0x000000010a000000| Untracked 
| 107|0x000000010b000000, 0x000000010b000000, 0x000000010c000000|  0%| F|  |TAMS 0x000000010b000000, 0x000000010b000000| Untracked 
| 108|0x000000010c000000, 0x000000010c000000, 0x000000010d000000|  0%| F|  |TAMS 0x000000010c000000, 0x000000010c000000| Untracked 
| 109|0x000000010d000000, 0x000000010d000000, 0x000000010e000000|  0%| F|  |TAMS 0x000000010d000000, 0x000000010d000000| Untracked 
| 110|0x000000010e000000, 0x000000010e000000, 0x000000010f000000|  0%| F|  |TAMS 0x000000010e000000, 0x000000010e000000| Untracked 
| 111|0x000000010f000000, 0x000000010f000000, 0x0000000110000000|  0%| F|  |TAMS 0x000000010f000000, 0x000000010f000000| Untracked 
| 112|0x0000000110000000, 0x0000000110000000, 0x0000000111000000|  0%| F|  |TAMS 0x0000000110000000, 0x0000000110000000| Untracked 
| 113|0x0000000111000000, 0x0000000111000000, 0x0000000112000000|  0%| F|  |TAMS 0x0000000111000000, 0x0000000111000000| Untracked 
| 114|0x0000000112000000, 0x0000000112000000, 0x0000000113000000|  0%| F|  |TAMS 0x0000000112000000, 0x0000000112000000| Untracked 
| 115|0x0000000113000000, 0x0000000113000000, 0x0000000114000000|  0%| F|  |TAMS 0x0000000113000000, 0x0000000113000000| Untracked 
| 116|0x0000000114000000, 0x0000000114000000, 0x0000000115000000|  0%| F|  |TAMS 0x0000000114000000, 0x0000000114000000| Untracked 
| 117|0x0000000115000000, 0x0000000115000000, 0x0000000116000000|  0%| F|  |TAMS 0x0000000115000000, 0x0000000115000000| Untracked 
| 118|0x0000000116000000, 0x0000000116000000, 0x0000000117000000|  0%| F|  |TAMS 0x0000000116000000, 0x0000000116000000| Untracked 
| 119|0x0000000117000000, 0x0000000117000000, 0x0000000118000000|  0%| F|  |TAMS 0x0000000117000000, 0x0000000117000000| Untracked 
| 120|0x0000000118000000, 0x0000000118000000, 0x0000000119000000|  0%| F|  |TAMS 0x0000000118000000, 0x0000000118000000| Untracked 
| 121|0x0000000119000000, 0x0000000119000000, 0x000000011a000000|  0%| F|  |TAMS 0x0000000119000000, 0x0000000119000000| Untracked 
| 122|0x000000011a000000, 0x000000011a000000, 0x000000011b000000|  0%| F|  |TAMS 0x000000011a000000, 0x000000011a000000| Untracked 
| 123|0x000000011b000000, 0x000000011b000000, 0x000000011c000000|  0%| F|  |TAMS 0x000000011b000000, 0x000000011b000000| Untracked 
| 124|0x000000011c000000, 0x000000011c000000, 0x000000011d000000|  0%| F|  |TAMS 0x000000011c000000, 0x000000011c000000| Untracked 
| 125|0x000000011d000000, 0x000000011d000000, 0x000000011e000000|  0%| F|  |TAMS 0x000000011d000000, 0x000000011d000000| Untracked 
| 126|0x000000011e000000, 0x000000011e000000, 0x000000011f000000|  0%| F|  |TAMS 0x000000011e000000, 0x000000011e000000| Untracked 
| 127|0x000000011f000000, 0x000000011f5c2a78, 0x0000000120000000| 36%| E|  |TAMS 0x000000011f000000, 0x000000011f000000| Complete 

Card table byte_map: [0x00007f0c872d9000,0x00007f0c8add9000] _byte_map_base: 0x00007f0c86dd9000

Marking Bits (Prev, Next): (CMBitMap*) 0x00007f0c9407a568, (CMBitMap*) 0x00007f0c9407a5a8
 Prev Bits: [0x00007f0c65fd9000, 0x00007f0c837d9000)
 Next Bits: [0x00007f0c487d9000, 0x00007f0c65fd9000)

Polling page: 0x00007f0c9ca67000

Metaspace:

Usage:
  Non-class:      6.23 MB used.
      Class:    567.16 KB used.
       Both:      6.78 MB used.

Virtual space:
  Non-class space:       64.00 MB reserved,       6.31 MB ( 10%) committed,  1 nodes.
      Class space:        1.00 GB reserved,     704.00 KB ( <1%) committed,  1 nodes.
             Both:        1.06 GB reserved,       7.00 MB ( <1%) committed. 

Chunk freelists:
   Non-Class:  1020.00 KB
       Class:  3.25 MB
        Both:  4.24 MB

MaxMetaspaceSize: unlimited
CompressedClassSpaceSize: 1.00 GB
Initial GC threshold: 21.00 MB
Current GC threshold: 21.00 MB
CDS: off
MetaspaceReclaimPolicy: balanced
 - commit_granule_bytes: 65536.
 - commit_granule_words: 8192.
 - virtual_space_node_default_size: 8388608.
 - enlarge_chunks_in_place: 1.
 - new_chunks_are_fully_committed: 0.
 - uncommit_free_chunks: 1.
 - use_allocation_guard: 0.


Internal statistics:

num_allocs: 42969.
num_deallocs: 20.
num_allocs_from_deallocated_blocks: 64.
num_chunks_retired: 14.
num_allocs_failed_limit: 0.
num_arena_births: 70.
num_arena_deaths: 0.
num_vsnodes_births: 2.
num_vsnodes_deaths: 0.
num_space_committed: 112.
num_space_uncommitted: 0.
num_chunks_returned_to_freelist: 0.
num_chunks_taken_from_freelist: 85.
num_chunk_merges: 0.
num_chunk_splits: 52.
num_chunks_enlarged: 66.
num_inconsistent_stats: 0.

CodeCache: size=49152Kb used=1166Kb max_used=1180Kb free=47985Kb
 bounds [0x00007f0c91000000, 0x00007f0c91270000, 0x00007f0c94000000]
 total_blobs=861 nmethods=125 adapters=694
 compilation: enabled
              stopped_count=0, restarted_count=0
 full_count=0

Compilation events (20 events):
Event: 15.719 Thread 0x00007f0c0006ade0  120             java.lang.module.ResolvedModule::reference (5 bytes)
Event: 15.719 Thread 0x00007f0c1019aba0  121             java.net.URI::getScheme (5 bytes)
Event: 15.720 Thread 0x00007f0c00069880  122             java.net.URL::getProtocol (5 bytes)
Event: 15.720 Thread 0x00007f0c0006ade0 nmethod 120 0x00007f0c91037810 code [0x00007f0c910379c0, 0x00007f0c91037a78]
Event: 15.720 Thread 0x00007f0c1019aba0 nmethod 121 0x00007f0c91037510 code [0x00007f0c910376c0, 0x00007f0c91037778]
Event: 15.721 Thread 0x00007f0c00069880 nmethod 122 0x00007f0c91037210 code [0x00007f0c910373c0, 0x00007f0c91037478]
Event: 15.728 Thread 0x00007f0c0006ade0  123             java.util.HashSet::add (20 bytes)
Event: 15.732 Thread 0x00007f0c00069880  124             java.lang.module.ResolvedModule::configuration (5 bytes)
Event: 15.732 Thread 0x00007f0c1019aba0  125             java.lang.module.ModuleDescriptor::isOpen (5 bytes)
Event: 15.733 Thread 0x00007f0c00069880 nmethod 124 0x00007f0c91036f10 code [0x00007f0c910370c0, 0x00007f0c91037178]
Event: 15.733 Thread 0x00007f0c1019aba0 nmethod 125 0x00007f0c91036b10 code [0x00007f0c91036ca0, 0x00007f0c91036d18]
Event: 15.757 Thread 0x00007f0c1011c070 

Event: 15.761 Thread 0x00007f0c00074430 

Event: 15.764 Thread 0x00007f0c1011c070  126             java.util.HashMap::put (13 bytes)
Event: 15.811 Thread 0x00007f0c94435c20 nmethod 117 0x00007f0c91120710 code [0x00007f0c91120a80, 0x00007f0c91121ab8]
Event: 15.843 Thread 0x00007f0c0006ade0 nmethod 123 0x00007f0c91122890 code [0x00007f0c91122cc0, 0x00007f0c91123cf0]
Event: 15.878 Thread 0x00007f0c1011c070 nmethod 126 0x00007f0c91124f10 code [0x00007f0c91125320, 0x00007f0c91126290]
Event: 15.923 Thread 0x00007f0c00069880  127             compress_bits::compressBits (119 bytes)
Event: 15.932 Thread 0x00007f0c00069880 nmethod 127 0x00007f0c91030b90 code [0x00007f0c91030d20, 0x00007f0c91030f38]
Event: 15.932 Thread 0x00007f0c00069880  128 %           compress_bits::scalar_runner @ 3 (35 bytes)

GC Heap History (0 events):
No events

Deoptimization events (12 events):
Event: 15.599 Thread 0x00007f0c94028e20 Uncommon trap: trap_request=0xffffff45 fr.pc=0x00007f0c91054470 relative=0x0000000000000190
Event: 15.599 Thread 0x00007f0c94028e20 Uncommon trap: reason=unstable_if action=reinterpret pc=0x00007f0c91054470 method=java.lang.StringLatin1.indexOf([BII)I @ 23 c2
Event: 15.599 Thread 0x00007f0c94028e20 DEOPT PACKING pc=0x00007f0c91054470 sp=0x00007f0c9a4f0830
Event: 15.599 Thread 0x00007f0c94028e20 DEOPT UNPACKING pc=0x00007f0c9111ea8a sp=0x00007f0c9a4f0700 mode 2
Event: 15.610 Thread 0x00007f0c94028e20 Uncommon trap: trap_request=0xffffffe5 fr.pc=0x00007f0c91054b44 relative=0x00000000000001e4
Event: 15.610 Thread 0x00007f0c94028e20 Uncommon trap: reason=range_check action=reinterpret pc=0x00007f0c91054b44 method=java.lang.StringLatin1.indexOf([BII)I @ 13 c2
Event: 15.610 Thread 0x00007f0c94028e20 DEOPT PACKING pc=0x00007f0c91054b44 sp=0x00007f0c9a4f0f70
Event: 15.610 Thread 0x00007f0c94028e20 DEOPT UNPACKING pc=0x00007f0c9111ea8a sp=0x00007f0c9a4f0eb8 mode 2
Event: 15.610 Thread 0x00007f0c94028e20 Uncommon trap: trap_request=0xffffffe5 fr.pc=0x00007f0c91052de8 relative=0x0000000000000188
Event: 15.610 Thread 0x00007f0c94028e20 Uncommon trap: reason=range_check action=reinterpret pc=0x00007f0c91052de8 method=java.lang.StringLatin1.indexOf([BII)I @ 13 c2
Event: 15.610 Thread 0x00007f0c94028e20 DEOPT PACKING pc=0x00007f0c91052de8 sp=0x00007f0c9a4f0ef0
Event: 15.610 Thread 0x00007f0c94028e20 DEOPT UNPACKING pc=0x00007f0c9111ea8a sp=0x00007f0c9a4f0eb8 mode 2

Classes loaded (20 events):
Event: 15.861 Loading class jdk/incubator/vector/Int128Vector
Event: 15.867 Loading class jdk/incubator/vector/Int128Vector done
Event: 15.867 Loading class jdk/incubator/vector/Int128Vector$Int128Mask
Event: 15.868 Loading class jdk/incubator/vector/Int128Vector$Int128Mask done
Event: 15.875 Loading class jdk/incubator/vector/Int256Vector
Event: 15.880 Loading class jdk/incubator/vector/Int256Vector done
Event: 15.880 Loading class jdk/incubator/vector/Int256Vector$Int256Mask
Event: 15.881 Loading class jdk/incubator/vector/Int256Vector$Int256Mask done
Event: 15.888 Loading class jdk/incubator/vector/Int512Vector
Event: 15.893 Loading class jdk/incubator/vector/Int512Vector done
Event: 15.893 Loading class jdk/incubator/vector/Int512Vector$Int512Mask
Event: 15.894 Loading class jdk/incubator/vector/Int512Vector$Int512Mask done
Event: 15.901 Loading class jdk/incubator/vector/IntMaxVector
Event: 15.906 Loading class jdk/incubator/vector/IntMaxVector done
Event: 15.907 Loading class jdk/incubator/vector/IntMaxVector$IntMaxMask
Event: 15.908 Loading class jdk/incubator/vector/IntMaxVector$IntMaxMask done
Event: 15.915 Loading class java/util/Random
Event: 15.915 Loading class java/util/random/RandomGenerator
Event: 15.916 Loading class java/util/random/RandomGenerator done
Event: 15.917 Loading class java/util/Random done

Classes unloaded (0 events):
No events

Classes redefined (0 events):
No events

Internal exceptions (20 events):
Event: 15.177 Thread 0x00007f0c94028e20 Exception <a 'java/lang/NoSuchMethodError'{0x000000011f065c38}: 'java.lang.Object java.lang.invoke.DirectMethodHandle$Holder.invokeSpecial(java.lang.Object, java.lang.Object, java.lang.Object)'> (0x000000011f065c38) 
thrown [/home/jatinbha/sandboxes/jdk18/jdk18u/src/hotspot/share/interpreter/linkResolver.cpp, line 758]
Event: 15.223 Thread 0x00007f0c94028e20 Exception <a 'java/lang/NoSuchMethodError'{0x000000011f09a630}: 'java.lang.Object java.lang.invoke.DirectMethodHandle$Holder.newInvokeSpecial(java.lang.Object, java.lang.Object)'> (0x000000011f09a630) 
thrown [/home/jatinbha/sandboxes/jdk18/jdk18u/src/hotspot/share/interpreter/linkResolver.cpp, line 758]
Event: 15.224 Thread 0x00007f0c94028e20 Exception <a 'java/lang/NoSuchMethodError'{0x000000011f09e090}: 'java.lang.Object java.lang.invoke.Invokers$Holder.linkToTargetMethod(java.lang.Object, java.lang.Object)'> (0x000000011f09e090) 
thrown [/home/jatinbha/sandboxes/jdk18/jdk18u/src/hotspot/share/interpreter/linkResolver.cpp, line 758]
Event: 15.243 Thread 0x00007f0c94028e20 Exception <a 'java/lang/NoSuchMethodError'{0x000000011f0ae770}: 'java.lang.Object java.lang.invoke.DirectMethodHandle$Holder.invokeStatic(java.lang.Object, java.lang.Object)'> (0x000000011f0ae770) 
thrown [/home/jatinbha/sandboxes/jdk18/jdk18u/src/hotspot/share/interpreter/linkResolver.cpp, line 758]
Event: 15.335 Thread 0x00007f0c94028e20 Exception <a 'java/lang/NoSuchMethodError'{0x000000011f10a808}: 'java.lang.Object java.lang.invoke.DirectMethodHandle$Holder.invokeStatic(java.lang.Object)'> (0x000000011f10a808) 
thrown [/home/jatinbha/sandboxes/jdk18/jdk18u/src/hotspot/share/interpreter/linkResolver.cpp, line 758]
Event: 15.356 Thread 0x00007f0c94028e20 Exception <a 'java/lang/NoSuchMethodError'{0x000000011f110818}: 'java.lang.Object java.lang.invoke.DirectMethodHandle$Holder.invokeStatic(java.lang.Object, java.lang.Object, java.lang.Object, java.lang.Object)'> (0x000000011f110818) 
thrown [/home/jatinbha/sandboxes/jdk18/jdk18u/src/hotspot/share/interpreter/linkResolver.cpp, line 758]
Event: 15.360 Thread 0x00007f0c94028e20 Exception <a 'java/lang/NoSuchMethodError'{0x000000011f1149b8}: 'java.lang.Object java.lang.invoke.DirectMethodHandle$Holder.getReference(java.lang.Object, java.lang.Object)'> (0x000000011f1149b8) 
thrown [/home/jatinbha/sandboxes/jdk18/jdk18u/src/hotspot/share/interpreter/linkResolver.cpp, line 758]
Event: 15.367 Thread 0x00007f0c94028e20 Exception <a 'java/lang/NoSuchMethodError'{0x000000011f118f10}: 'java.lang.Object java.lang.invoke.DirectMethodHandle$Holder.invokeSpecial(java.lang.Object, java.lang.Object)'> (0x000000011f118f10) 
thrown [/home/jatinbha/sandboxes/jdk18/jdk18u/src/hotspot/share/interpreter/linkResolver.cpp, line 758]
Event: 15.383 Thread 0x00007f0c94028e20 Exception <a 'java/lang/NoSuchMethodError'{0x000000011f1228e8}: 'java.lang.Object java.lang.invoke.Invokers$Holder.invokeExact_MT(java.lang.Object, java.lang.Object, java.lang.Object)'> (0x000000011f1228e8) 
thrown [/home/jatinbha/sandboxes/jdk18/jdk18u/src/hotspot/share/interpreter/linkResolver.cpp, line 758]
Event: 15.388 Thread 0x00007f0c94028e20 Exception <a 'java/lang/NoSuchMethodError'{0x000000011f127150}: 'void java.lang.invoke.DirectMethodHandle$Holder.invokeVirtual(java.lang.Object, java.lang.Object)'> (0x000000011f127150) 
thrown [/home/jatinbha/sandboxes/jdk18/jdk18u/src/hotspot/share/interpreter/linkResolver.cpp, line 758]
Event: 15.403 Thread 0x00007f0c94028e20 Exception <a 'java/lang/NoSuchMethodError'{0x000000011f1364a0}: 'java.lang.Object java.lang.invoke.DirectMethodHandle$Holder.newInvokeSpecial(java.lang.Object)'> (0x000000011f1364a0) 
thrown [/home/jatinbha/sandboxes/jdk18/jdk18u/src/hotspot/share/interpreter/linkResolver.cpp, line 758]
Event: 15.405 Thread 0x00007f0c94028e20 Exception <a 'java/lang/NoSuchMethodError'{0x000000011f139bf0}: 'java.lang.Object java.lang.invoke.Invokers$Holder.invokeExact_MT(java.lang.Object, java.lang.Object)'> (0x000000011f139bf0) 
thrown [/home/jatinbha/sandboxes/jdk18/jdk18u/src/hotspot/share/interpreter/linkResolver.cpp, line 758]
Event: 15.408 Thread 0x00007f0c94028e20 Exception <a 'java/lang/NoSuchMethodError'{0x000000011f13d6d8}: 'java.lang.Object java.lang.invoke.LambdaForm$Holder.identity_L(java.lang.Object, java.lang.Object)'> (0x000000011f13d6d8) 
thrown [/home/jatinbha/sandboxes/jdk18/jdk18u/src/hotspot/share/interpreter/linkResolver.cpp, line 758]
Event: 15.412 Thread 0x00007f0c94028e20 Exception <a 'java/lang/NoSuchMethodError'{0x000000011f1407a8}: 'java.lang.Object java.lang.invoke.LambdaForm$Holder.zero_L(java.lang.Object)'> (0x000000011f1407a8) 
thrown [/home/jatinbha/sandboxes/jdk18/jdk18u/src/hotspot/share/interpreter/linkResolver.cpp, line 758]
Event: 15.416 Thread 0x00007f0c94028e20 Exception <a 'java/lang/NoSuchMethodError'{0x000000011f146400}: 'java.lang.Object java.lang.invoke.Invokers$Holder.linkToTargetMethod(java.lang.Object)'> (0x000000011f146400) 
thrown [/home/jatinbha/sandboxes/jdk18/jdk18u/src/hotspot/share/interpreter/linkResolver.cpp, line 758]
Event: 15.444 Thread 0x00007f0c94028e20 Exception <a 'java/lang/NoSuchMethodError'{0x000000011f156e98}: 'int java.lang.invoke.DirectMethodHandle$Holder.invokeInterface(java.lang.Object, java.lang.Object, java.lang.Object)'> (0x000000011f156e98) 
thrown [/home/jatinbha/sandboxes/jdk18/jdk18u/src/hotspot/share/interpreter/linkResolver.cpp, line 758]
Event: 15.616 Thread 0x00007f0c94028e20 Exception <a 'java/lang/NoSuchMethodError'{0x000000011f4d6b30}: 'java.lang.Object java.lang.invoke.DirectMethodHandle$Holder.invokeInterface(java.lang.Object, java.lang.Object)'> (0x000000011f4d6b30) 
thrown [/home/jatinbha/sandboxes/jdk18/jdk18u/src/hotspot/share/interpreter/linkResolver.cpp, line 758]
Event: 15.639 Thread 0x00007f0c94028e20 Exception <a 'java/lang/NoSuchMethodError'{0x000000011f4e1c50}: 'int java.lang.invoke.DirectMethodHandle$Holder.invokeStatic(java.lang.Object, java.lang.Object)'> (0x000000011f4e1c50) 
thrown [/home/jatinbha/sandboxes/jdk18/jdk18u/src/hotspot/share/interpreter/linkResolver.cpp, line 758]
Event: 15.648 Thread 0x00007f0c94028e20 Exception <a 'java/lang/NoSuchMethodError'{0x000000011f4ed618}: 'java.lang.Object java.lang.invoke.DirectMethodHandle$Holder.invokeVirtual(java.lang.Object, java.lang.Object)'> (0x000000011f4ed618) 
thrown [/home/jatinbha/sandboxes/jdk18/jdk18u/src/hotspot/share/interpreter/linkResolver.cpp, line 758]
Event: 15.660 Thread 0x00007f0c94028e20 Exception <a 'java/lang/NoSuchMethodError'{0x000000011f4f6670}: 'int java.lang.invoke.DirectMethodHandle$Holder.invokeSpecial(java.lang.Object, java.lang.Object)'> (0x000000011f4f6670) 
thrown [/home/jatinbha/sandboxes/jdk18/jdk18u/src/hotspot/share/interpreter/linkResolver.cpp, line 758]

VM Operations (2 events):
Event: 15.714 Executing VM operation: Cleanup
Event: 15.714 Executing VM operation: Cleanup done

Events (20 events):
Event: 14.850 Protecting memory [0x00007f0c3468f000,0x00007f0c34693000] with protection modes 0
Event: 14.851 Thread 0x00007f0c94437540 Thread added: 0x00007f0c94437540
Event: 14.851 Protecting memory [0x00007f0c3458e000,0x00007f0c34592000] with protection modes 0
Event: 14.940 Loaded shared library /home/jatinbha/sandboxes/jdk18/jdk18u/build/linux-x86_64-server-slowdebug/jdk/lib/libnio.so
Event: 14.965 Thread 0x00007f0c944a6a60 Thread added: 0x00007f0c944a6a60
Event: 14.965 Protecting memory [0x00007f0c3445c000,0x00007f0c34460000] with protection modes 0
Event: 15.169 Loaded shared library /home/jatinbha/sandboxes/jdk18/jdk18u/build/linux-x86_64-server-slowdebug/jdk/lib/libnet.so
Event: 15.460 Thread 0x00007f0c1019aba0 Thread added: 0x00007f0c1019aba0
Event: 15.460 Protecting memory [0x00007f0c3435b000,0x00007f0c3435f000] with protection modes 0
Event: 15.460 Thread 0x00007f0c1011c070 Thread added: 0x00007f0c1011c070
Event: 15.460 Protecting memory [0x00007f0c3425a000,0x00007f0c3425e000] with protection modes 0
Event: 15.535 Thread 0x00007f0c00069880 Thread added: 0x00007f0c00069880
Event: 15.535 Protecting memory [0x00007f0c34159000,0x00007f0c3415d000] with protection modes 0
Event: 15.535 Thread 0x00007f0c0006ade0 Thread added: 0x00007f0c0006ade0
Event: 15.535 Protecting memory [0x00007f0c34058000,0x00007f0c3405c000] with protection modes 0
Event: 15.535 Thread 0x00007f0c00074430 Thread added: 0x00007f0c00074430
Event: 15.535 Protecting memory [0x00007f0bf3eff000,0x00007f0bf3f03000] with protection modes 0
Event: 15.750 Thread 0x00007f0c9468fb00 Thread added: 0x00007f0c9468fb00
Event: 15.750 Protecting memory [0x00007f0bf3dfe000,0x00007f0bf3e02000] with protection modes 0
Event: 15.923 Thread 0x00007f0c00074430 Thread exited: 0x00007f0c00074430


Dynamic libraries:
a0000000-120000000 rw-p 00000000 00:00 0 
120000000-800000000 ---p 00000000 00:00 0 
800000000-800020000 rw-p 00000000 00:00 0 
800020000-800040000 rw-p 00000000 00:00 0 
800040000-800090000 rw-p 00000000 00:00 0 
800090000-8000c0000 ---p 00000000 00:00 0 
8000c0000-8000e0000 rw-p 00000000 00:00 0 
8000e0000-840000000 ---p 00000000 00:00 0 
559aad872000-559aad873000 r--p 00000000 08:02 23234875                   /home/jatinbha/sandboxes/jdk18/jdk18u/build/linux-x86_64-server-slowdebug/jdk/bin/java
559aad873000-559aad874000 r-xp 00001000 08:02 23234875                   /home/jatinbha/sandboxes/jdk18/jdk18u/build/linux-x86_64-server-slowdebug/jdk/bin/java
559aad874000-559aad875000 r--p 00002000 08:02 23234875                   /home/jatinbha/sandboxes/jdk18/jdk18u/build/linux-x86_64-server-slowdebug/jdk/bin/java
559aad875000-559aad876000 r--p 00002000 08:02 23234875                   /home/jatinbha/sandboxes/jdk18/jdk18u/build/linux-x86_64-server-slowdebug/jdk/bin/java
559aad876000-559aad877000 rw-p 00003000 08:02 23234875                   /home/jatinbha/sandboxes/jdk18/jdk18u/build/linux-x86_64-server-slowdebug/jdk/bin/java
559aaee89000-559aaeed1000 rw-p 00000000 00:00 0                          [heap]
7f0be4000000-7f0be4021000 rw-p 00000000 00:00 0 
7f0be4021000-7f0be8000000 ---p 00000000 00:00 0 
7f0be8000000-7f0be8021000 rw-p 00000000 00:00 0 
7f0be8021000-7f0bec000000 ---p 00000000 00:00 0 
7f0bec000000-7f0bec152000 rw-p 00000000 00:00 0 
7f0bec152000-7f0bf0000000 ---p 00000000 00:00 0 
7f0bf2c5c000-7f0bf3cfc000 rw-p 00000000 00:00 0 
7f0bf3cfc000-7f0bf3cfd000 ---p 00000000 00:00 0 
7f0bf3cfd000-7f0bf3dfe000 rw-p 00000000 00:00 0 
7f0bf3dfe000-7f0bf3e02000 ---p 00000000 00:00 0 
7f0bf3e02000-7f0bf3eff000 rw-p 00000000 00:00 0 
7f0bf3eff000-7f0bf3f03000 ---p 00000000 00:00 0 
7f0bf3f03000-7f0bf4000000 rw-p 00000000 00:00 0 
7f0bf4000000-7f0bf4225000 rw-p 00000000 00:00 0 
7f0bf4225000-7f0bf8000000 ---p 00000000 00:00 0 
7f0bf8000000-7f0bf817e000 rw-p 00000000 00:00 0 
7f0bf817e000-7f0bfc000000 ---p 00000000 00:00 0 
7f0bfc000000-7f0bfc1b9000 rw-p 00000000 00:00 0 
7f0bfc1b9000-7f0c00000000 ---p 00000000 00:00 0 
7f0c00000000-7f0c00208000 rw-p 00000000 00:00 0 
7f0c00208000-7f0c04000000 ---p 00000000 00:00 0 
7f0c04000000-7f0c04021000 rw-p 00000000 00:00 0 
7f0c04021000-7f0c08000000 ---p 00000000 00:00 0 
7f0c08000000-7f0c08021000 rw-p 00000000 00:00 0 
7f0c08021000-7f0c0c000000 ---p 00000000 00:00 0 
7f0c0c000000-7f0c0c021000 rw-p 00000000 00:00 0 
7f0c0c021000-7f0c10000000 ---p 00000000 00:00 0 
7f0c10000000-7f0c10416000 rw-p 00000000 00:00 0 
7f0c10416000-7f0c14000000 ---p 00000000 00:00 0 
7f0c14000000-7f0c14021000 rw-p 00000000 00:00 0 
7f0c14021000-7f0c18000000 ---p 00000000 00:00 0 
7f0c18000000-7f0c18021000 rw-p 00000000 00:00 0 
7f0c18021000-7f0c1c000000 ---p 00000000 00:00 0 
7f0c1c000000-7f0c1c021000 rw-p 00000000 00:00 0 
7f0c1c021000-7f0c20000000 ---p 00000000 00:00 0 
7f0c20000000-7f0c20021000 rw-p 00000000 00:00 0 
7f0c20021000-7f0c24000000 ---p 00000000 00:00 0 
7f0c24000000-7f0c24021000 rw-p 00000000 00:00 0 
7f0c24021000-7f0c28000000 ---p 00000000 00:00 0 
7f0c28000000-7f0c28021000 rw-p 00000000 00:00 0 
7f0c28021000-7f0c2c000000 ---p 00000000 00:00 0 
7f0c2c000000-7f0c2c400000 rw-p 00000000 00:00 0 
7f0c2c400000-7f0c2c440000 rw-p 00000000 00:00 0 
7f0c2c440000-7f0c2c480000 rw-p 00000000 00:00 0 
7f0c2c480000-7f0c2c500000 rw-p 00000000 00:00 0 
7f0c2c500000-7f0c2c640000 rw-p 00000000 00:00 0 
7f0c2c640000-7f0c2c700000 ---p 00000000 00:00 0 
7f0c2c700000-7f0c2c710000 rw-p 00000000 00:00 0 
7f0c2c710000-7f0c30000000 ---p 00000000 00:00 0 
7f0c30000000-7f0c30021000 rw-p 00000000 00:00 0 
7f0c30021000-7f0c34000000 ---p 00000000 00:00 0 
7f0c34058000-7f0c3405c000 ---p 00000000 00:00 0 
7f0c3405c000-7f0c34159000 rw-p 00000000 00:00 0 
7f0c34159000-7f0c3415d000 ---p 00000000 00:00 0 
7f0c3415d000-7f0c3425a000 rw-p 00000000 00:00 0 
7f0c3425a000-7f0c3425e000 ---p 00000000 00:00 0 
7f0c3425e000-7f0c3435b000 rw-p 00000000 00:00 0 
7f0c3435b000-7f0c3435f000 ---p 00000000 00:00 0 
7f0c3435f000-7f0c3445c000 rw-p 00000000 00:00 0 
7f0c3445c000-7f0c34460000 ---p 00000000 00:00 0 
7f0c34460000-7f0c3458e000 rw-p 00000000 00:00 0 
7f0c3458e000-7f0c34592000 ---p 00000000 00:00 0 
7f0c34592000-7f0c3468f000 rw-p 00000000 00:00 0 
7f0c3468f000-7f0c34693000 ---p 00000000 00:00 0 
7f0c34693000-7f0c34790000 rw-p 00000000 00:00 0 
7f0c34790000-7f0c34794000 ---p 00000000 00:00 0 
7f0c34794000-7f0c34891000 rw-p 00000000 00:00 0 
7f0c34891000-7f0c34895000 ---p 00000000 00:00 0 
7f0c34895000-7f0c34992000 rw-p 00000000 00:00 0 
7f0c34992000-7f0c34996000 ---p 00000000 00:00 0 
7f0c34996000-7f0c34a93000 rw-p 00000000 00:00 0 
7f0c34a93000-7f0c35003000 r--p 00000000 08:02 7078745                    /usr/lib/locale/locale-archive
7f0c35003000-7f0c35007000 ---p 00000000 00:00 0 
7f0c35007000-7f0c35104000 rw-p 00000000 00:00 0 
7f0c35104000-7f0c35108000 ---p 00000000 00:00 0 
7f0c35108000-7f0c35205000 rw-p 00000000 00:00 0 
7f0c35205000-7f0c35206000 ---p 00000000 00:00 0 
7f0c35206000-7f0c35307000 rw-p 00000000 00:00 0 
7f0c35307000-7f0c3530b000 r--p 00000000 08:02 23241131                   /home/jatinbha/sandboxes/jdk18/jdk18u/build/linux-x86_64-server-slowdebug/jdk/lib/libjsvml.so
7f0c3530b000-7f0c3534c000 r-xp 00004000 08:02 23241131                   /home/jatinbha/sandboxes/jdk18/jdk18u/build/linux-x86_64-server-slowdebug/jdk/lib/libjsvml.so
7f0c3534c000-7f0c353d5000 r--p 00045000 08:02 23241131                   /home/jatinbha/sandboxes/jdk18/jdk18u/build/linux-x86_64-server-slowdebug/jdk/lib/libjsvml.so
7f0c353d5000-7f0c353d6000 r--p 000cd000 08:02 23241131                   /home/jatinbha/sandboxes/jdk18/jdk18u/build/linux-x86_64-server-slowdebug/jdk/lib/libjsvml.so
7f0c353d6000-7f0c353d7000 rw-p 000ce000 08:02 23241131                   /home/jatinbha/sandboxes/jdk18/jdk18u/build/linux-x86_64-server-slowdebug/jdk/lib/libjsvml.so
7f0c353d7000-7f0c354b3000 rw-p 00000000 00:00 0 
7f0c354b3000-7f0c354b4000 ---p 00000000 00:00 0 
7f0c354b4000-7f0c355b5000 rw-p 00000000 00:00 0 
7f0c355b5000-7f0c355b6000 ---p 00000000 00:00 0 
7f0c355b6000-7f0c3c000000 rw-p 00000000 00:00 0 
7f0c3c000000-7f0c3c021000 rw-p 00000000 00:00 0 
7f0c3c021000-7f0c40000000 ---p 00000000 00:00 0 
7f0c40000000-7f0c40021000 rw-p 00000000 00:00 0 
7f0c40021000-7f0c44000000 ---p 00000000 00:00 0 
7f0c44000000-7f0c44021000 rw-p 00000000 00:00 0 
7f0c44021000-7f0c48000000 ---p 00000000 00:00 0 
7f0c48014000-7f0c4801a000 r--p 00000000 08:02 23234184                   /home/jatinbha/sandboxes/jdk18/jdk18u/build/linux-x86_64-server-slowdebug/jdk/lib/libnio.so
7f0c4801a000-7f0c48026000 r-xp 00006000 08:02 23234184                   /home/jatinbha/sandboxes/jdk18/jdk18u/build/linux-x86_64-server-slowdebug/jdk/lib/libnio.so
7f0c48026000-7f0c48029000 r--p 00012000 08:02 23234184                   /home/jatinbha/sandboxes/jdk18/jdk18u/build/linux-x86_64-server-slowdebug/jdk/lib/libnio.so
7f0c48029000-7f0c4802a000 ---p 00015000 08:02 23234184                   /home/jatinbha/sandboxes/jdk18/jdk18u/build/linux-x86_64-server-slowdebug/jdk/lib/libnio.so
7f0c4802a000-7f0c4802b000 r--p 00015000 08:02 23234184                   /home/jatinbha/sandboxes/jdk18/jdk18u/build/linux-x86_64-server-slowdebug/jdk/lib/libnio.so
7f0c4802b000-7f0c4802c000 rw-p 00016000 08:02 23234184                   /home/jatinbha/sandboxes/jdk18/jdk18u/build/linux-x86_64-server-slowdebug/jdk/lib/libnio.so
7f0c4802c000-7f0c4806d000 rw-p 00000000 00:00 0 
7f0c4806d000-7f0c4806e000 ---p 00000000 00:00 0 
7f0c4806e000-7f0c4816f000 rw-p 00000000 00:00 0 
7f0c4816f000-7f0c48170000 ---p 00000000 00:00 0 
7f0c48170000-7f0c48271000 rw-p 00000000 00:00 0 
7f0c48271000-7f0c48272000 ---p 00000000 00:00 0 
7f0c48272000-7f0c4a7d9000 rw-p 00000000 00:00 0 
7f0c4a7d9000-7f0c65fd9000 ---p 00000000 00:00 0 
7f0c65fd9000-7f0c67fd9000 rw-p 00000000 00:00 0 
7f0c67fd9000-7f0c837d9000 ---p 00000000 00:00 0 
7f0c837d9000-7f0c83bd9000 rw-p 00000000 00:00 0 
7f0c83bd9000-7f0c872d9000 ---p 00000000 00:00 0 
7f0c872d9000-7f0c876d9000 rw-p 00000000 00:00 0 
7f0c876d9000-7f0c8add9000 ---p 00000000 00:00 0 
7f0c8add9000-7f0c8b1d9000 rw-p 00000000 00:00 0 
7f0c8b1d9000-7f0c8e8d9000 ---p 00000000 00:00 0 
7f0c8e8d9000-7f0c91000000 rw-p 00000000 00:00 0 
7f0c91000000-7f0c91270000 rwxp 00000000 00:00 0 
7f0c91270000-7f0c94000000 ---p 00000000 00:00 0 
7f0c94000000-7f0c946f9000 rw-p 00000000 00:00 0 
7f0c946f9000-7f0c98000000 ---p 00000000 00:00 0 
7f0c98000000-7f0c9a314000 rw-p 00000000 00:00 0 
7f0c9a314000-7f0c9a36f000 ---p 00000000 00:00 0 
7f0c9a36f000-7f0c9a37b000 r--p 00000000 08:02 23234151                   /home/jatinbha/sandboxes/jdk18/jdk18u/build/linux-x86_64-server-slowdebug/jdk/lib/libjava.so
7f0c9a37b000-7f0c9a398000 r-xp 0000c000 08:02 23234151                   /home/jatinbha/sandboxes/jdk18/jdk18u/build/linux-x86_64-server-slowdebug/jdk/lib/libjava.so
7f0c9a398000-7f0c9a39f000 r--p 00029000 08:02 23234151                   /home/jatinbha/sandboxes/jdk18/jdk18u/build/linux-x86_64-server-slowdebug/jdk/lib/libjava.so
7f0c9a39f000-7f0c9a3a0000 ---p 00030000 08:02 23234151                   /home/jatinbha/sandboxes/jdk18/jdk18u/build/linux-x86_64-server-slowdebug/jdk/lib/libjava.so
7f0c9a3a0000-7f0c9a3a1000 r--p 00030000 08:02 23234151                   /home/jatinbha/sandboxes/jdk18/jdk18u/build/linux-x86_64-server-slowdebug/jdk/lib/libjava.so
7f0c9a3a1000-7f0c9a3a2000 rw-p 00031000 08:02 23234151                   /home/jatinbha/sandboxes/jdk18/jdk18u/build/linux-x86_64-server-slowdebug/jdk/lib/libjava.so
7f0c9a3a2000-7f0c9a3a3000 rw-p 00000000 00:00 0 
7f0c9a3a3000-7f0c9a3a6000 r--p 00000000 08:02 7080081                    /usr/lib/x86_64-linux-gnu/libnss_files-2.31.so
7f0c9a3a6000-7f0c9a3ad000 r-xp 00003000 08:02 7080081                    /usr/lib/x86_64-linux-gnu/libnss_files-2.31.so
7f0c9a3ad000-7f0c9a3af000 r--p 0000a000 08:02 7080081                    /usr/lib/x86_64-linux-gnu/libnss_files-2.31.so
7f0c9a3af000-7f0c9a3b0000 r--p 0000b000 08:02 7080081                    /usr/lib/x86_64-linux-gnu/libnss_files-2.31.so
7f0c9a3b0000-7f0c9a3b1000 rw-p 0000c000 08:02 7080081                    /usr/lib/x86_64-linux-gnu/libnss_files-2.31.so
7f0c9a3b1000-7f0c9a3b7000 rw-p 00000000 00:00 0 
7f0c9a3b8000-7f0c9a3bb000 r--p 00000000 08:02 23234175                   /home/jatinbha/sandboxes/jdk18/jdk18u/build/linux-x86_64-server-slowdebug/jdk/lib/libnet.so
7f0c9a3bb000-7f0c9a3c7000 r-xp 00003000 08:02 23234175                   /home/jatinbha/sandboxes/jdk18/jdk18u/build/linux-x86_64-server-slowdebug/jdk/lib/libnet.so
7f0c9a3c7000-7f0c9a3ca000 r--p 0000f000 08:02 23234175                   /home/jatinbha/sandboxes/jdk18/jdk18u/build/linux-x86_64-server-slowdebug/jdk/lib/libnet.so
7f0c9a3ca000-7f0c9a3cb000 r--p 00011000 08:02 23234175                   /home/jatinbha/sandboxes/jdk18/jdk18u/build/linux-x86_64-server-slowdebug/jdk/lib/libnet.so
7f0c9a3cb000-7f0c9a3cc000 rw-p 00012000 08:02 23234175                   /home/jatinbha/sandboxes/jdk18/jdk18u/build/linux-x86_64-server-slowdebug/jdk/lib/libnet.so
7f0c9a3cc000-7f0c9a3d0000 r--p 00000000 08:02 23234176                   /home/jatinbha/sandboxes/jdk18/jdk18u/build/linux-x86_64-server-slowdebug/jdk/lib/libjimage.so
7f0c9a3d0000-7f0c9a3e7000 r-xp 00004000 08:02 23234176                   /home/jatinbha/sandboxes/jdk18/jdk18u/build/linux-x86_64-server-slowdebug/jdk/lib/libjimage.so
7f0c9a3e7000-7f0c9a3ee000 r--p 0001b000 08:02 23234176                   /home/jatinbha/sandboxes/jdk18/jdk18u/build/linux-x86_64-server-slowdebug/jdk/lib/libjimage.so
7f0c9a3ee000-7f0c9a3ef000 ---p 00022000 08:02 23234176                   /home/jatinbha/sandboxes/jdk18/jdk18u/build/linux-x86_64-server-slowdebug/jdk/lib/libjimage.so
7f0c9a3ef000-7f0c9a3f1000 r--p 00022000 08:02 23234176                   /home/jatinbha/sandboxes/jdk18/jdk18u/build/linux-x86_64-server-slowdebug/jdk/lib/libjimage.so
7f0c9a3f1000-7f0c9a3f2000 rw-p 00024000 08:02 23234176                   /home/jatinbha/sandboxes/jdk18/jdk18u/build/linux-x86_64-server-slowdebug/jdk/lib/libjimage.so
7f0c9a3f2000-7f0c9a3f6000 ---p 00000000 00:00 0 
7f0c9a3f6000-7f0c9a4f3000 rw-p 00000000 00:00 0 
7f0c9a4f3000-7f0c9a502000 r--p 00000000 08:02 7080075                    /usr/lib/x86_64-linux-gnu/libm-2.31.so
7f0c9a502000-7f0c9a5a9000 r-xp 0000f000 08:02 7080075                    /usr/lib/x86_64-linux-gnu/libm-2.31.so
7f0c9a5a9000-7f0c9a640000 r--p 000b6000 08:02 7080075                    /usr/lib/x86_64-linux-gnu/libm-2.31.so
7f0c9a640000-7f0c9a641000 r--p 0014c000 08:02 7080075                    /usr/lib/x86_64-linux-gnu/libm-2.31.so
7f0c9a641000-7f0c9a642000 rw-p 0014d000 08:02 7080075                    /usr/lib/x86_64-linux-gnu/libm-2.31.so
7f0c9a642000-7f0c9a959000 r--p 00000000 08:02 23226191                   /home/jatinbha/sandboxes/jdk18/jdk18u/build/linux-x86_64-server-slowdebug/jdk/lib/server/libjvm.so
7f0c9a959000-7f0c9bad6000 r-xp 00317000 08:02 23226191                   /home/jatinbha/sandboxes/jdk18/jdk18u/build/linux-x86_64-server-slowdebug/jdk/lib/server/libjvm.so
7f0c9bad6000-7f0c9c632000 r--p 01494000 08:02 23226191                   /home/jatinbha/sandboxes/jdk18/jdk18u/build/linux-x86_64-server-slowdebug/jdk/lib/server/libjvm.so
7f0c9c632000-7f0c9c633000 ---p 01ff0000 08:02 23226191                   /home/jatinbha/sandboxes/jdk18/jdk18u/build/linux-x86_64-server-slowdebug/jdk/lib/server/libjvm.so
7f0c9c633000-7f0c9c736000 r--p 01ff0000 08:02 23226191                   /home/jatinbha/sandboxes/jdk18/jdk18u/build/linux-x86_64-server-slowdebug/jdk/lib/server/libjvm.so
7f0c9c736000-7f0c9c76f000 rw-p 020f3000 08:02 23226191                   /home/jatinbha/sandboxes/jdk18/jdk18u/build/linux-x86_64-server-slowdebug/jdk/lib/server/libjvm.so
7f0c9c76f000-7f0c9c81d000 rw-p 00000000 00:00 0 
7f0c9c81d000-7f0c9c824000 r--p 00000000 08:02 7080090                    /usr/lib/x86_64-linux-gnu/libpthread-2.31.so
7f0c9c824000-7f0c9c835000 r-xp 00007000 08:02 7080090                    /usr/lib/x86_64-linux-gnu/libpthread-2.31.so
7f0c9c835000-7f0c9c83a000 r--p 00018000 08:02 7080090                    /usr/lib/x86_64-linux-gnu/libpthread-2.31.so
7f0c9c83a000-7f0c9c83b000 r--p 0001c000 08:02 7080090                    /usr/lib/x86_64-linux-gnu/libpthread-2.31.so
7f0c9c83b000-7f0c9c83c000 rw-p 0001d000 08:02 7080090                    /usr/lib/x86_64-linux-gnu/libpthread-2.31.so
7f0c9c83c000-7f0c9c840000 rw-p 00000000 00:00 0 
7f0c9c840000-7f0c9c841000 r--p 00000000 08:02 7080074                    /usr/lib/x86_64-linux-gnu/libdl-2.31.so
7f0c9c841000-7f0c9c843000 r-xp 00001000 08:02 7080074                    /usr/lib/x86_64-linux-gnu/libdl-2.31.so
7f0c9c843000-7f0c9c844000 r--p 00003000 08:02 7080074                    /usr/lib/x86_64-linux-gnu/libdl-2.31.so
7f0c9c844000-7f0c9c845000 r--p 00003000 08:02 7080074                    /usr/lib/x86_64-linux-gnu/libdl-2.31.so
7f0c9c845000-7f0c9c846000 rw-p 00004000 08:02 7080074                    /usr/lib/x86_64-linux-gnu/libdl-2.31.so
7f0c9c846000-7f0c9c848000 r--p 00000000 08:02 7078082                    /usr/lib/x86_64-linux-gnu/libz.so.1.2.11
7f0c9c848000-7f0c9c859000 r-xp 00002000 08:02 7078082                    /usr/lib/x86_64-linux-gnu/libz.so.1.2.11
7f0c9c859000-7f0c9c85f000 r--p 00013000 08:02 7078082                    /usr/lib/x86_64-linux-gnu/libz.so.1.2.11
7f0c9c85f000-7f0c9c860000 ---p 00019000 08:02 7078082                    /usr/lib/x86_64-linux-gnu/libz.so.1.2.11
7f0c9c860000-7f0c9c861000 r--p 00019000 08:02 7078082                    /usr/lib/x86_64-linux-gnu/libz.so.1.2.11
7f0c9c861000-7f0c9c862000 rw-p 0001a000 08:02 7078082                    /usr/lib/x86_64-linux-gnu/libz.so.1.2.11
7f0c9c862000-7f0c9c887000 r--p 00000000 08:02 7080073                    /usr/lib/x86_64-linux-gnu/libc-2.31.so
7f0c9c887000-7f0c9c9ff000 r-xp 00025000 08:02 7080073                    /usr/lib/x86_64-linux-gnu/libc-2.31.so
7f0c9c9ff000-7f0c9ca49000 r--p 0019d000 08:02 7080073                    /usr/lib/x86_64-linux-gnu/libc-2.31.so
7f0c9ca49000-7f0c9ca4a000 ---p 001e7000 08:02 7080073                    /usr/lib/x86_64-linux-gnu/libc-2.31.so
7f0c9ca4a000-7f0c9ca4d000 r--p 001e7000 08:02 7080073                    /usr/lib/x86_64-linux-gnu/libc-2.31.so
7f0c9ca4d000-7f0c9ca50000 rw-p 001ea000 08:02 7080073                    /usr/lib/x86_64-linux-gnu/libc-2.31.so
7f0c9ca50000-7f0c9ca54000 rw-p 00000000 00:00 0 
7f0c9ca58000-7f0c9ca5f000 r--s 00000000 08:02 7736501                    /usr/lib/x86_64-linux-gnu/gconv/gconv-modules.cache
7f0c9ca5f000-7f0c9ca67000 rw-s 00000000 08:02 3670034                    /tmp/hsperfdata_intel/3279424
7f0c9ca67000-7f0c9ca68000 ---p 00000000 00:00 0 
7f0c9ca68000-7f0c9ca69000 r--p 00000000 00:00 0 
7f0c9ca69000-7f0c9ca6c000 r--p 00000000 08:02 23234148                   /home/jatinbha/sandboxes/jdk18/jdk18u/build/linux-x86_64-server-slowdebug/jdk/lib/libjli.so
7f0c9ca6c000-7f0c9ca7a000 r-xp 00003000 08:02 23234148                   /home/jatinbha/sandboxes/jdk18/jdk18u/build/linux-x86_64-server-slowdebug/jdk/lib/libjli.so
7f0c9ca7a000-7f0c9ca7e000 r--p 00011000 08:02 23234148                   /home/jatinbha/sandboxes/jdk18/jdk18u/build/linux-x86_64-server-slowdebug/jdk/lib/libjli.so
7f0c9ca7e000-7f0c9ca7f000 r--p 00014000 08:02 23234148                   /home/jatinbha/sandboxes/jdk18/jdk18u/build/linux-x86_64-server-slowdebug/jdk/lib/libjli.so
7f0c9ca7f000-7f0c9ca80000 rw-p 00015000 08:02 23234148                   /home/jatinbha/sandboxes/jdk18/jdk18u/build/linux-x86_64-server-slowdebug/jdk/lib/libjli.so
7f0c9ca80000-7f0c9ca82000 rw-p 00000000 00:00 0 
7f0c9ca82000-7f0c9ca83000 r--p 00000000 08:02 7080069                    /usr/lib/x86_64-linux-gnu/ld-2.31.so
7f0c9ca83000-7f0c9caa6000 r-xp 00001000 08:02 7080069                    /usr/lib/x86_64-linux-gnu/ld-2.31.so
7f0c9caa6000-7f0c9caae000 r--p 00024000 08:02 7080069                    /usr/lib/x86_64-linux-gnu/ld-2.31.so
7f0c9caae000-7f0c9caaf000 rwxp 00000000 00:00 0 
7f0c9caaf000-7f0c9cab0000 r--p 0002c000 08:02 7080069                    /usr/lib/x86_64-linux-gnu/ld-2.31.so
7f0c9cab0000-7f0c9cab1000 rw-p 0002d000 08:02 7080069                    /usr/lib/x86_64-linux-gnu/ld-2.31.so
7f0c9cab1000-7f0c9cab2000 rw-p 00000000 00:00 0 
7ffd29094000-7ffd290b5000 rw-p 00000000 00:00 0                          [stack]
7ffd291b4000-7ffd291b8000 r--p 00000000 00:00 0                          [vvar]
7ffd291b8000-7ffd291ba000 r-xp 00000000 00:00 0                          [vdso]
ffffffffff600000-ffffffffff601000 --xp 00000000 00:00 0                  [vsyscall]


VM Arguments:
jvm_args: -XX:+UnlockDiagnosticVMOptions -XX:-TieredCompilation -XX:+PauseAtStartup 
java_command: compress_bits 1024 0
java_class_path (initial): .
Launcher Type: SUN_STANDARD

[Global flags]
     intx CICompilerCount                          = 18                                        {product} {ergonomic}     Number of compiler threads to run
     uint ConcGCThreads                            = 18                                        {product} {ergonomic}     Number of threads concurrent gc will use
     uint G1ConcRefinementThreads                  = 73                                        {product} {ergonomic}     The number of parallel remembered set update threads. Will be set ergonomically by default.
   size_t G1HeapRegionSize                         = 16777216                                  {product} {ergonomic}     Size of the G1 regions.
    uintx GCDrainStackTargetSize                   = 64                                        {product} {ergonomic}     Number of entries we will try to leave on the stack during parallel gc
   size_t InitialHeapSize                          = 2147483648                                {product} {ergonomic}     Initial heap size (in bytes); zero means use ergonomics
   size_t MarkStackSize                            = 4194304                                   {product} {ergonomic}     Size of marking stack
   size_t MaxHeapSize                              = 31675383808                               {product} {ergonomic}     Maximum heap size (in bytes)
   size_t MaxNewSize                               = 18991808512                               {product} {ergonomic}     Maximum new generation size (in bytes), max_uintx means set ergonomically
   size_t MinHeapDeltaBytes                        = 16777216                                  {product} {ergonomic}     The minimum change in heap space due to GC (in bytes)
   size_t MinHeapSize                              = 16777216                                  {product} {ergonomic}     Minimum heap size (in bytes); zero means use ergonomics
    uintx NonProfiledCodeHeapSize                  = 0                                      {pd product} {ergonomic}     Size of code heap with non-profiled methods (in bytes)
     bool PauseAtStartup                           = true                                   {diagnostic} {command line}  Causes the VM to pause at startup time and wait for the pause file to be removed (default: ./vm.paused.<pid>)
    uintx ProfiledCodeHeapSize                     = 0                                      {pd product} {ergonomic}     Size of code heap with profiled methods (in bytes)
   size_t SoftMaxHeapSize                          = 31675383808                            {manageable} {ergonomic}     Soft limit for maximum heap size (in bytes)
     bool TieredCompilation                        = false                                  {pd product} {command line}  Enable tiered compilation
     bool UnlockDiagnosticVMOptions                = true                                   {diagnostic} {command line}  Enable normal processing of flags relating to field diagnostics
     bool UseCompressedClassPointers               = true                           {product lp64_product} {ergonomic}   Use 32-bit class pointers in 64-bit VM. lp64_product means flag is always constant in 32 bit VM
     bool UseCompressedOops                        = true                           {product lp64_product} {ergonomic}   Use 32-bit object references in 64-bit VM. lp64_product means flag is always constant in 32 bit VM
     bool UseG1GC                                  = true                                      {product} {ergonomic}     Use the Garbage-First garbage collector

Logging:
Log output configuration:
 #0: stdout all=warning uptime,level,tags foldmultilines=false
 #1: stderr all=off uptime,level,tags foldmultilines=false

Environment Variables:
JAVA_HOME=/home/jatinbha/sandboxes/jdk18/jdk18u/build/linux-x86_64-server-slowdebug/jdk/
PATH=/home/jatinbha/sandboxes/jdk18/jdk18u/build/linux-x86_64-server-slowdebug/jdk//bin:/home/jatinbha/softwares/jdk-17.0.2//bin:/home/jatinbha/softwares/thrift-0.16.0/bin:/home/jatinbha/softwares/jdk8u322-b06//bin:/home/jatinbha/softwares/jdk-17//bin:/home/jatinbha/softwares/apache-maven-3.6.3/bin:/home/jatinbha/sandboxes/skara/build/bin:/home/jatinbha/softwares/sde-internal-conf-8.62.0-2021-01-03-lin:/home/jatinbha/.local/bin:/home/jatinbha/bin:/home/intel/swati/jdk/jdk-17.0.1/bin:/home/jatinbha/softwares/jdk-17.0.2//bin:/home/jatinbha/softwares/thrift-0.16.0/bin:/home/jatinbha/softwares/jdk8u322-b06//bin:/home/jatinbha/softwares/jdk-17//bin:/home/jatinbha/softwares/apache-maven-3.6.3/bin:/home/jatinbha/sandboxes/skara/build/bin:/home/jatinbha/softwares/sde-internal-conf-8.62.0-2021-01-03-lin:/usr/local/sbin:/usr/local/bin:/usr/sbin:/usr/bin:/sbin:/bin:/usr/games:/usr/local/games:/snap/bin
LD_LIBRARY_PATH=/home/jatinbha/softwares:/home/jatinbha/softwares:
SHELL=/bin/bash
LANG=en_IN

Signal Handlers:
   SIGSEGV: crash_handler in libjvm.so, mask=11100100010111111101111111111110, flags=SA_RESTART|SA_SIGINFO
    SIGBUS: crash_handler in libjvm.so, mask=11100100010111111101111111111110, flags=SA_RESTART|SA_SIGINFO
    SIGFPE: crash_handler in libjvm.so, mask=11100100010111111101111111111110, flags=SA_RESTART|SA_SIGINFO
   SIGPIPE: javaSignalHandler in libjvm.so, mask=11100100010111111101111111111110, flags=SA_RESTART|SA_SIGINFO
   SIGXFSZ: javaSignalHandler in libjvm.so, mask=11100100010111111101111111111110, flags=SA_RESTART|SA_SIGINFO
    SIGILL: crash_handler in libjvm.so, mask=11100100010111111101111111111110, flags=SA_RESTART|SA_SIGINFO
   SIGUSR2: SR_handler in libjvm.so, mask=00000000000000000000000000000000, flags=SA_RESTART|SA_SIGINFO
    SIGHUP: UserHandler in libjvm.so, mask=11100100010111111101111111111110, flags=SA_RESTART|SA_SIGINFO
    SIGINT: UserHandler in libjvm.so, mask=11100100010111111101111111111110, flags=SA_RESTART|SA_SIGINFO
   SIGTERM: UserHandler in libjvm.so, mask=11100100010111111101111111111110, flags=SA_RESTART|SA_SIGINFO
   SIGQUIT: UserHandler in libjvm.so, mask=11100100010111111101111111111110, flags=SA_RESTART|SA_SIGINFO
   SIGTRAP: crash_handler in libjvm.so, mask=11100100010111111101111111111110, flags=SA_RESTART|SA_SIGINFO


---------------  S Y S T E M  ---------------

OS:
DISTRIB_ID=Ubuntu
DISTRIB_RELEASE=20.04
DISTRIB_CODENAME=focal
DISTRIB_DESCRIPTION="Ubuntu 20.04.2 LTS"
uname: Linux intel-S2600WFT 5.8.0-41-generic #46~20.04.1-Ubuntu SMP Mon Jan 18 17:52:23 UTC 2021 x86_64
OS uptime: 130 days 2:50 hours
libc: glibc 2.31 NPTL 2.31 
rlimit (soft/hard): STACK 8192k/infinity , CORE 0k/infinity , NPROC 3090643/3090643 , NOFILE 1048576/1048576 , AS infinity/infinity , CPU infinity/infinity , DATA infinity/infinity , FSIZE infinity/infinity , MEMLOCK 65536k/65536k
load average: 0.02 0.07 0.06

/proc/meminfo:
MemTotal:       791263068 kB
MemFree:        438854252 kB
MemAvailable:   565338784 kB
Buffers:        15681516 kB
Cached:         105673416 kB
SwapCached:         4184 kB
Active:         49827236 kB
Inactive:       73824864 kB
Active(anon):    2042264 kB
Inactive(anon):   242440 kB
Active(file):   47784972 kB
Inactive(file): 73582424 kB
Unevictable:           0 kB
Mlocked:               0 kB
SwapTotal:       2097148 kB
SwapFree:        2007292 kB
Dirty:              1280 kB
Writeback:             0 kB
AnonPages:       2293120 kB
Mapped:           658180 kB
Shmem:              8760 kB
KReclaimable:   10171216 kB
Slab:           11999472 kB
SReclaimable:   10171216 kB
SUnreclaim:      1828256 kB
KernelStack:       32816 kB
PageTables:        23332 kB
NFS_Unstable:          0 kB
Bounce:                0 kB
WritebackTmp:          0 kB
CommitLimit:    290085800 kB
Committed_AS:   15619612 kB
VmallocTotal:   34359738367 kB
VmallocUsed:      586088 kB
VmallocChunk:          0 kB
Percpu:           263424 kB
HardwareCorrupted:     0 kB
AnonHugePages:         0 kB
ShmemHugePages:        0 kB
ShmemPmdMapped:        0 kB
FileHugePages:         0 kB
FilePmdMapped:         0 kB
HugePages_Total:   100000
HugePages_Free:    100000
HugePages_Rsvd:        0
HugePages_Surp:        0
Hugepagesize:       2048 kB
Hugetlb:        215285760 kB
DirectMap4k:     3188120 kB
DirectMap2M:    192583680 kB
DirectMap1G:    610271232 kB

/sys/kernel/mm/transparent_hugepage/enabled: always [madvise] never
/sys/kernel/mm/transparent_hugepage/defrag (defrag/compaction efforts parameter): always defer defer+madvise [madvise] never

Process Memory:
Virtual Size: 34961764K (peak: 34961764K)
Resident Set Size: 240400K (peak: 240400K) (anon: 211460K, file: 28940K, shmem: 0K)
Swapped out: 0K
C-Heap outstanding allocations: 10631K

/proc/sys/kernel/threads-max (system-wide limit on the number of threads): 6181286
/proc/sys/vm/max_map_count (maximum number of memory map areas a process may have): 65530
/proc/sys/kernel/pid_max (system-wide limit on number of process identifiers): 4194304

container (cgroup) information:
container_type: cgroupv1
cpu_cpuset_cpus: 0-111
cpu_memory_nodes: 0-1
active_processor_count: 112
cpu_quota: no quota
cpu_period: 100000
cpu_shares: no shares
memory_limit_in_bytes: unlimited
memory_and_swap_limit_in_bytes: unlimited
memory_soft_limit_in_bytes: unlimited
memory_usage_in_bytes: 668930048
memory_max_usage_in_bytes: 2028560384
maximum number of tasks: unlimited
current number of tasks: 24

Steal ticks since vm start: 0
Steal ticks percentage since vm start:  0.000

CPU: total 112 (initial active 112) (28 cores per cpu, 2 threads per core) family 6 model 85 stepping 7 microcode 0x5003006, cx8, cmov, fxsr, ht, mmx, 3dnowpref, sse, sse2, sse3, ssse3, sse4.1, sse4.2, popcnt, lzcnt, tsc, tscinvbit, avx, avx2, aes, erms, clmul, bmi1, bmi2, adx, avx512f, avx512dq, avx512cd, avx512bw, avx512vl, fma, vzeroupper, avx512_vnni, clflush, clflushopt, clwb
CPU Model and flags from /proc/cpuinfo:
model name	: Intel(R) Xeon(R) Platinum 8280 CPU @ 2.70GHz
flags		: fpu vme de pse tsc msr pae mce cx8 apic sep mtrr pge mca cmov pat pse36 clflush dts acpi mmx fxsr sse sse2 ss ht tm pbe syscall nx pdpe1gb rdtscp lm constant_tsc art arch_perfmon pebs bts rep_good nopl xtopology nonstop_tsc cpuid aperfmperf pni pclmulqdq dtes64 monitor ds_cpl smx est tm2 ssse3 sdbg fma cx16 xtpr pdcm pcid dca sse4_1 sse4_2 x2apic movbe popcnt tsc_deadline_timer aes xsave avx f16c rdrand lahf_lm abm 3dnowprefetch cpuid_fault epb cat_l3 cdp_l3 invpcid_single ssbd mba ibrs ibpb stibp ibrs_enhanced fsgsbase tsc_adjust bmi1 avx2 smep bmi2 erms invpcid cqm mpx rdt_a avx512f avx512dq rdseed adx smap clflushopt clwb intel_pt avx512cd avx512bw avx512vl xsaveopt xsavec xgetbv1 xsaves cqm_llc cqm_occup_llc cqm_mbm_total cqm_mbm_local dtherm ida arat pln pts hwp hwp_act_window hwp_epp hwp_pkg_req pku ospke avx512_vnni md_clear flush_l1d arch_capabilities

Online cpus: 0-111
Offline cpus: 
cache level: 1
cache type: Data
cache size: 32K
cache coherency line size: 64
cache level: 1
cache type: Instruction
cache size: 32K
cache coherency line size: 64
cache level: 2
cache type: Unified
cache size: 1024K
cache coherency line size: 64
cache level: 3
cache type: Unified
cache size: 39424K
cache coherency line size: 64
BIOS frequency limitation: <Not Available>
Frequency switch latency (ns): 0
Available cpu frequencies: <Not Available>
Maximum cpu frequency: 4000000
Minimum cpu frequency: 1000000
Current cpu frequency: 2715646
Available governors: performance powersave
Current governor: powersave
Core performance/turbo boost: <Not Available>

Memory: 4k page, physical 791263068k(438854252k free), swap 2097148k(2007292k free)
Page Sizes: 4k

vm_info: OpenJDK 64-Bit Server VM (slowdebug 18.0.1-internal+0-adhoc.root.jdk18u) for linux-amd64 JRE (18.0.1-internal+0-adhoc.root.jdk18u), built on May  6 2022 06:05:34 by "root" with gcc 9.3.0

END.
