#
# A fatal error has been detected by the Java Runtime Environment:
#
#  Internal Error (/home/jatinbha/sandboxes/jdk18/jdk18u/src/hotspot/share/opto/compile.cpp:2567), pid=3279400, tid=3279420
#  assert(func2 == 0 && func3 == 0) failed: not unary
#
# JRE version: OpenJDK Runtime Environment (18.0.1) (slowdebug build 18.0.1-internal+0-adhoc.root.jdk18u)
# Java VM: OpenJDK 64-Bit Server VM (slowdebug 18.0.1-internal+0-adhoc.root.jdk18u, mixed mode, compressed oops, compressed class ptrs, g1 gc, linux-amd64)
# Problematic frame:
# V  [libjvm.so+0x8588ef]  Compile::compute_truth_table(Unique_Node_List&, Unique_Node_List&)+0x30b
#
# Core dump will be written. Default location: Core dumps may be processed with "/usr/share/apport/apport %p %s %c %d %P %E" (or dumping to /home/jatinbha/code/java/compress_expand/core.3279400)
#
# If you would like to submit a bug report, please visit:
#   https://bugreport.java.com/bugreport/crash.jsp
#

---------------  S U M M A R Y ------------

Command Line: -XX:+UnlockDiagnosticVMOptions -XX:-TieredCompilation compress_bits 1024 0

Host: intel-S2600WFT, Intel(R) Xeon(R) Platinum 8280 CPU @ 2.70GHz, 112 cores, 754G, Ubuntu 20.04.2 LTS
Time: Fri May  6 11:37:01 2022 IST elapsed time: 2.462709 seconds (0d 0h 0m 2s)

---------------  T H R E A D  ---------------

Current thread (0x00007ff0580797e0):  JavaThread "C2 CompilerThread5" daemon [_thread_in_native, id=3279420, stack(0x00007ff0906ea000,0x00007ff0907eb000)]


Current CompileTask:
C2:   2462  128 %           compress_bits::scalar_runner @ 3 (35 bytes)

Stack: [0x00007ff0906ea000,0x00007ff0907eb000],  sp=0x00007ff0907e5640,  free space=1005k
Native frames: (J=compiled Java code, j=interpreted, Vv=VM code, C=native code)
V  [libjvm.so+0x8588ef]  Compile::compute_truth_table(Unique_Node_List&, Unique_Node_List&)+0x30b
V  [libjvm.so+0x8581e7]  Compile::xform_to_MacroLogicV(PhaseIterGVN&, TypeVect const*, Unique_Node_List&, Unique_Node_List&)+0x1c3
V  [libjvm.so+0x85909c]  Compile::process_logic_cone_root(PhaseIterGVN&, Node*, VectorSet&)+0x1e6
V  [libjvm.so+0x859230]  Compile::optimize_logic_cones(PhaseIterGVN&)+0x14e
V  [libjvm.so+0x857499]  Compile::Optimize()+0x101f
V  [libjvm.so+0x850217]  Compile::Compile(ciEnv*, ciMethod*, int, Options, DirectiveSet*)+0x13e9
V  [libjvm.so+0x73b640]  C2Compiler::compile_method(ciEnv*, ciMethod*, int, bool, DirectiveSet*)+0x18a
V  [libjvm.so+0x86e46d]  CompileBroker::invoke_compiler_on_method(CompileTask*)+0x89d
V  [libjvm.so+0x86d095]  CompileBroker::compiler_thread_loop()+0x3e3
V  [libjvm.so+0x88e1f5]  CompilerThread::thread_entry(JavaThread*, JavaThread*)+0x6d
V  [libjvm.so+0x132ba77]  JavaThread::thread_main_inner()+0x161
V  [libjvm.so+0x132b913]  JavaThread::run()+0x16b
V  [libjvm.so+0x1329152]  Thread::call_run()+0x184
V  [libjvm.so+0x10813e9]  thread_native_entry(Thread*)+0x193

Register to memory mapping:

RAX=0x00007ff0f9242000 points into unknown readable memory: 0x0000000000000058 | 58 00 00 00 00 00 00 00
RBX=0x00007ff0907e568c is pointing into the stack for thread: 0x00007ff0580797e0
RCX=0x0000000000000100 is an unknown value
RDX=
[error occurred during error reporting (printing register info), id 0xe0000000, Internal Error (/home/jatinbha/sandboxes/jdk18/jdk18u/src/hotspot/share/gc/g1/g1BlockOffsetTable.inline.hpp:49)]

Registers:
RAX=0x00007ff0f9242000, RBX=0x00007ff0907e568c, RCX=0x0000000000000100, RDX=0x00000000ffffffff
RSP=0x00007ff0907e5640, RBP=0x00007ff0907e5f20, RSI=0x0000000000000001, RDI=0x00007ff06c02c930
R8 =0x00007ff0907e56e0, R9 =0x00007ff06c26d5f8, R10=0x00007ff0f83c31d0, R11=0x00007ff0f83bea68
R12=0x00007ff0907e8b08, R13=0x00007ff090bed69f, R14=0x00007ff090bed7f0, R15=0x00007ff0907e9fc0
RIP=0x00007ff0f762e8ef, EFLAGS=0x0000000000010206, CSGSFS=0x002b000000000033, ERR=0x0000000000000006
  TRAPNO=0x000000000000000e

Top of Stack: (sp=0x00007ff0907e5640)
0x00007ff0907e5640:   0000000000000000 00007ff0907e6060
0x00007ff0907e5650:   00007ff0907e5fe0 00007ff0907e89c0
0x00007ff0907e5660:   0000006600000066 00000000000000f0
0x00007ff0907e5670:   0000000100000003 00007ff06c0befd0 

Instructions: (pc=0x00007ff0f762e8ef)
0x00007ff0f762e7ef:   0f 8f e6 01 00 00 3d 42 01 00 00 0f 84 8a 01 00
0x00007ff0f762e7ff:   00 3d 84 01 00 00 74 5e e9 cf 01 00 00 8b 85 4c
0x00007ff0f762e80f:   f7 ff ff 85 c0 74 36 48 8d 05 0b 07 8a 01 48 8b
0x00007ff0f762e81f:   00 c6 00 58 48 8d 0d 18 34 d9 00 48 8d 15 1c 34
0x00007ff0f762e82f:   d9 00 be fe 09 00 00 48 8d 3d 6b 17 d9 00 b8 00
0x00007ff0f762e83f:   00 00 00 e8 09 50 05 00 e8 36 86 82 00 8b 95 44
0x00007ff0f762e84f:   f7 ff ff 8b 85 48 f7 ff ff 09 d0 89 85 40 f7 ff
0x00007ff0f762e85f:   ff e9 cf 01 00 00 8b 85 4c f7 ff ff 85 c0 74 36
0x00007ff0f762e86f:   48 8d 05 b2 06 8a 01 48 8b 00 c6 00 58 48 8d 0d
0x00007ff0f762e87f:   bf 33 d9 00 48 8d 15 c3 33 d9 00 be 02 0a 00 00
0x00007ff0f762e88f:   48 8d 3d 12 17 d9 00 b8 00 00 00 00 e8 b0 4f 05
0x00007ff0f762e89f:   00 e8 dd 85 82 00 8b 95 44 f7 ff ff 8b 85 48 f7
0x00007ff0f762e8af:   ff ff 21 d0 89 85 40 f7 ff ff e9 76 01 00 00 48
0x00007ff0f762e8bf:   8b 85 58 f7 ff ff 48 89 c7 e8 cd 64 b3 00 84 c0
0x00007ff0f762e8cf:   74 60 8b 85 48 f7 ff ff 85 c0 75 0a 8b 85 4c f7
0x00007ff0f762e8df:   ff ff 85 c0 74 36 48 8d 05 3c 06 8a 01 48 8b 00
0x00007ff0f762e8ef:   c6 00 58 48 8d 0d 6b 31 d9 00 48 8d 15 68 33 d9
0x00007ff0f762e8ff:   00 be 07 0a 00 00 48 8d 3d 9c 16 d9 00 b8 00 00
0x00007ff0f762e90f:   00 00 e8 3a 4f 05 00 e8 67 85 82 00 8b 85 44 f7
0x00007ff0f762e91f:   ff ff f7 d0 0f b6 c0 89 85 40 f7 ff ff e9 03 01
0x00007ff0f762e92f:   00 00 8b 85 4c f7 ff ff 85 c0 74 36 48 8d 05 e6
0x00007ff0f762e93f:   05 8a 01 48 8b 00 c6 00 58 48 8d 0d f3 32 d9 00
0x00007ff0f762e94f:   48 8d 15 f7 32 d9 00 be 0a 0a 00 00 48 8d 3d 46
0x00007ff0f762e95f:   16 d9 00 b8 00 00 00 00 e8 e4 4e 05 00 e8 11 85
0x00007ff0f762e96f:   82 00 8b 95 44 f7 ff ff 8b 85 48 f7 ff ff 31 d0
0x00007ff0f762e97f:   89 85 40 f7 ff ff e9 aa 00 00 00 44 8b ad 4c f7
0x00007ff0f762e98f:   ff ff 44 8b a5 48 f7 ff ff 8b 9d 44 f7 ff ff 48
0x00007ff0f762e99f:   8b 85 58 f7 ff ff be 04 00 00 00 48 89 c7 e8 20
0x00007ff0f762e9af:   7a b9 ff 48 89 c7 e8 3a 7d b9 ff 89 c6 48 8b 85
0x00007ff0f762e9bf:   38 f7 ff ff 45 89 e8 44 89 e1 89 da 48 89 c7 e8
0x00007ff0f762e9cf:   8d f8 ff ff 89 85 40 f7 ff ff eb 59 48 8d 05 46
0x00007ff0f762e9df:   05 8a 01 48 8b 00 c6 00 58 48 8b 85 58 f7 ff ff 


Stack slot to memory mapping:
stack at sp + 0 slots: 0x0 is NULL
stack at sp + 1 slots: 0x00007ff0907e6060 is pointing into the stack for thread: 0x00007ff0580797e0
stack at sp + 2 slots: 0x00007ff0907e5fe0 is pointing into the stack for thread: 0x00007ff0580797e0
stack at sp + 3 slots: 0x00007ff0907e89c0 is pointing into the stack for thread: 0x00007ff0580797e0
stack at sp + 4 slots: 0x0000006600000066 is an unknown value
stack at sp + 5 slots: 0x00000000000000f0 is an unknown value
stack at sp + 6 slots: 
[error occurred during error reporting (inspecting top of stack), id 0xe0000000, Internal Error (/home/jatinbha/sandboxes/jdk18/jdk18u/src/hotspot/share/gc/g1/g1BlockOffsetTable.inline.hpp:49)]


---------------  P R O C E S S  ---------------

uid  : 1000 euid : 1000 gid  : 1000 egid : 1000

umask: 0002 (-------w-)

Threads class SMR info:
_java_thread_list=0x00007ff0f0685bf0, length=15, elements={
0x00007ff0f0028e00, 0x00007ff0f03d0200, 0x00007ff0f03d1e00, 0x00007ff0f0430a80,
0x00007ff0f0432380, 0x00007ff0f0433c90, 0x00007ff0f0435bf0, 0x00007ff0f0437510,
0x00007ff0f049ea00, 0x00007ff06c19aba0, 0x00007ff06c1240a0, 0x00007ff058076c70,
0x00007ff0580781d0, 0x00007ff0580797e0, 0x00007ff0f0687aa0
}
_java_thread_list_alloc_cnt=16, _java_thread_list_free_cnt=14, _java_thread_list_max=15, _nested_thread_list_max=0
_tlh_cnt=44, _tlh_times=0, avg_tlh_time=0.00, _tlh_time_max=0
_delete_lock_wait_cnt=0, _delete_lock_wait_max=0
_to_delete_list_cnt=0, _to_delete_list_max=1

Java Threads: ( => current thread )
  0x00007ff0f0028e00 JavaThread "main" [_thread_in_Java, id=3279401, stack(0x00007ff0f6b86000,0x00007ff0f6c87000)]
  0x00007ff0f03d0200 JavaThread "Reference Handler" daemon [_thread_blocked, id=3279408, stack(0x00007ff091866000,0x00007ff091967000)]
  0x00007ff0f03d1e00 JavaThread "Finalizer" daemon [_thread_blocked, id=3279409, stack(0x00007ff091765000,0x00007ff091866000)]
  0x00007ff0f0430a80 JavaThread "Signal Dispatcher" daemon [_thread_blocked, id=3279410, stack(0x00007ff0910f4000,0x00007ff0911f5000)]
  0x00007ff0f0432380 JavaThread "Service Thread" daemon [_thread_blocked, id=3279411, stack(0x00007ff090ff3000,0x00007ff0910f4000)]
  0x00007ff0f0433c90 JavaThread "Monitor Deflation Thread" daemon [_thread_blocked, id=3279412, stack(0x00007ff090ef2000,0x00007ff090ff3000)]
  0x00007ff0f0435bf0 JavaThread "C2 CompilerThread0" daemon [_thread_blocked, id=3279413, stack(0x00007ff090df1000,0x00007ff090ef2000)]
  0x00007ff0f0437510 JavaThread "Sweeper thread" daemon [_thread_blocked, id=3279414, stack(0x00007ff090cf0000,0x00007ff090df1000)]
  0x00007ff0f049ea00 JavaThread "Common-Cleaner" daemon [_thread_blocked, id=3279415, stack(0x00007ff090bef000,0x00007ff090cf0000)]
  0x00007ff06c19aba0 JavaThread "C2 CompilerThread1" daemon [_thread_blocked, id=3279416, stack(0x00007ff090aee000,0x00007ff090bef000)]
  0x00007ff06c1240a0 JavaThread "C2 CompilerThread2" daemon [_thread_blocked, id=3279417, stack(0x00007ff0909ed000,0x00007ff090aee000)]
  0x00007ff058076c70 JavaThread "C2 CompilerThread3" daemon [_thread_blocked, id=3279418, stack(0x00007ff0908ec000,0x00007ff0909ed000)]
  0x00007ff0580781d0 JavaThread "C2 CompilerThread4" daemon [_thread_blocked, id=3279419, stack(0x00007ff0907eb000,0x00007ff0908ec000)]
=>0x00007ff0580797e0 JavaThread "C2 CompilerThread5" daemon [_thread_in_native, id=3279420, stack(0x00007ff0906ea000,0x00007ff0907eb000)]
  0x00007ff0f0687aa0 JavaThread "Notification Thread" daemon [_thread_blocked, id=3279421, stack(0x00007ff0905e9000,0x00007ff0906ea000)]

Other Threads:
  0x00007ff0f03a9710 VMThread "VM Thread" [stack: 0x00007ff091969000,0x00007ff091a69000] [id=3279407]
  0x00007ff0f0689dd0 WatcherThread "VM Periodic Task Thread" [stack: 0x00007ff0904e9000,0x00007ff0905e9000] [id=3279422]
  0x00007ff0f0079770 WorkerThread "GC Thread#0" [stack: 0x00007ff0a4a05000,0x00007ff0a4b05000] [id=3279402]
  0x00007ff0f008a240 ConcurrentGCThread "G1 Main Marker" [stack: 0x00007ff0a4903000,0x00007ff0a4a03000] [id=3279403]
  0x00007ff0f008b5d0 WorkerThread "G1 Conc#0" [stack: 0x00007ff0a4801000,0x00007ff0a4901000] [id=3279404]
  0x00007ff0f0205d20 ConcurrentGCThread "G1 Refine#0" [stack: 0x00007ff091cbe000,0x00007ff091dbe000] [id=3279405]
  0x00007ff0f0207010 ConcurrentGCThread "G1 Service" [stack: 0x00007ff091bbc000,0x00007ff091cbc000] [id=3279406]

Threads with active compile tasks:
C2 CompilerThread5     2503  128 %           compress_bits::scalar_runner @ 3 (35 bytes)

VM state: not at safepoint (normal execution)

VM Mutex/Monitor currently owned by a thread: None

Heap address: 0x00000000a0000000, size: 30208 MB, Compressed Oops mode: Zero based, Oop shift amount: 3

CDS archive(s) not mapped
Compressed class space mapped at: 0x0000000800000000-0x0000000840000000, reserved size: 1073741824
Narrow klass base: 0x0000000800000000, Narrow klass shift: 0, Narrow klass range: 0x40000000

GC Precious Log:
 CardTable entry size: 512
 Card Set container configuration: InlinePtr #cards 3 size 8 Array Of Cards #cards 128 size 272 Howl #buckets 8 coarsen threshold 29491 Howl Bitmap #cards 4096 size 528 coarsen threshold 3686 Card regions per heap region 1 cards per card region 32768
 CPUs: 112 total, 112 available
 Memory: 754G
 Large Page Support: Disabled
 NUMA Support: Disabled
 Compressed Oops: Enabled (Zero based)
 Heap Region Size: 16M
 Heap Min Capacity: 16M
 Heap Initial Capacity: 2G
 Heap Max Capacity: 30208M
 Pre-touch: Disabled
 Parallel Workers: 73
 Concurrent Workers: 18
 Concurrent Refinement Workers: 73
 Periodic GC: Disabled

Heap:
 garbage-first heap   total 2097152K, used 0K [0x00000000a0000000, 0x0000000800000000)
  region size 16384K, 1 young (16384K), 0 survivors (0K)
 Metaspace       used 6943K, committed 7168K, reserved 1114112K
  class space    used 567K, committed 704K, reserved 1048576K

Heap Regions: E=young(eden), S=young(survivor), O=old, HS=humongous(starts), HC=humongous(continues), CS=collection set, F=free, OA=open archive, CA=closed archive, TAMS=top-at-mark-start (previous, next)
|   0|0x00000000a0000000, 0x00000000a0000000, 0x00000000a1000000|  0%| F|  |TAMS 0x00000000a0000000, 0x00000000a0000000| Untracked 
|   1|0x00000000a1000000, 0x00000000a1000000, 0x00000000a2000000|  0%| F|  |TAMS 0x00000000a1000000, 0x00000000a1000000| Untracked 
|   2|0x00000000a2000000, 0x00000000a2000000, 0x00000000a3000000|  0%| F|  |TAMS 0x00000000a2000000, 0x00000000a2000000| Untracked 
|   3|0x00000000a3000000, 0x00000000a3000000, 0x00000000a4000000|  0%| F|  |TAMS 0x00000000a3000000, 0x00000000a3000000| Untracked 
|   4|0x00000000a4000000, 0x00000000a4000000, 0x00000000a5000000|  0%| F|  |TAMS 0x00000000a4000000, 0x00000000a4000000| Untracked 
|   5|0x00000000a5000000, 0x00000000a5000000, 0x00000000a6000000|  0%| F|  |TAMS 0x00000000a5000000, 0x00000000a5000000| Untracked 
|   6|0x00000000a6000000, 0x00000000a6000000, 0x00000000a7000000|  0%| F|  |TAMS 0x00000000a6000000, 0x00000000a6000000| Untracked 
|   7|0x00000000a7000000, 0x00000000a7000000, 0x00000000a8000000|  0%| F|  |TAMS 0x00000000a7000000, 0x00000000a7000000| Untracked 
|   8|0x00000000a8000000, 0x00000000a8000000, 0x00000000a9000000|  0%| F|  |TAMS 0x00000000a8000000, 0x00000000a8000000| Untracked 
|   9|0x00000000a9000000, 0x00000000a9000000, 0x00000000aa000000|  0%| F|  |TAMS 0x00000000a9000000, 0x00000000a9000000| Untracked 
|  10|0x00000000aa000000, 0x00000000aa000000, 0x00000000ab000000|  0%| F|  |TAMS 0x00000000aa000000, 0x00000000aa000000| Untracked 
|  11|0x00000000ab000000, 0x00000000ab000000, 0x00000000ac000000|  0%| F|  |TAMS 0x00000000ab000000, 0x00000000ab000000| Untracked 
|  12|0x00000000ac000000, 0x00000000ac000000, 0x00000000ad000000|  0%| F|  |TAMS 0x00000000ac000000, 0x00000000ac000000| Untracked 
|  13|0x00000000ad000000, 0x00000000ad000000, 0x00000000ae000000|  0%| F|  |TAMS 0x00000000ad000000, 0x00000000ad000000| Untracked 
|  14|0x00000000ae000000, 0x00000000ae000000, 0x00000000af000000|  0%| F|  |TAMS 0x00000000ae000000, 0x00000000ae000000| Untracked 
|  15|0x00000000af000000, 0x00000000af000000, 0x00000000b0000000|  0%| F|  |TAMS 0x00000000af000000, 0x00000000af000000| Untracked 
|  16|0x00000000b0000000, 0x00000000b0000000, 0x00000000b1000000|  0%| F|  |TAMS 0x00000000b0000000, 0x00000000b0000000| Untracked 
|  17|0x00000000b1000000, 0x00000000b1000000, 0x00000000b2000000|  0%| F|  |TAMS 0x00000000b1000000, 0x00000000b1000000| Untracked 
|  18|0x00000000b2000000, 0x00000000b2000000, 0x00000000b3000000|  0%| F|  |TAMS 0x00000000b2000000, 0x00000000b2000000| Untracked 
|  19|0x00000000b3000000, 0x00000000b3000000, 0x00000000b4000000|  0%| F|  |TAMS 0x00000000b3000000, 0x00000000b3000000| Untracked 
|  20|0x00000000b4000000, 0x00000000b4000000, 0x00000000b5000000|  0%| F|  |TAMS 0x00000000b4000000, 0x00000000b4000000| Untracked 
|  21|0x00000000b5000000, 0x00000000b5000000, 0x00000000b6000000|  0%| F|  |TAMS 0x00000000b5000000, 0x00000000b5000000| Untracked 
|  22|0x00000000b6000000, 0x00000000b6000000, 0x00000000b7000000|  0%| F|  |TAMS 0x00000000b6000000, 0x00000000b6000000| Untracked 
|  23|0x00000000b7000000, 0x00000000b7000000, 0x00000000b8000000|  0%| F|  |TAMS 0x00000000b7000000, 0x00000000b7000000| Untracked 
|  24|0x00000000b8000000, 0x00000000b8000000, 0x00000000b9000000|  0%| F|  |TAMS 0x00000000b8000000, 0x00000000b8000000| Untracked 
|  25|0x00000000b9000000, 0x00000000b9000000, 0x00000000ba000000|  0%| F|  |TAMS 0x00000000b9000000, 0x00000000b9000000| Untracked 
|  26|0x00000000ba000000, 0x00000000ba000000, 0x00000000bb000000|  0%| F|  |TAMS 0x00000000ba000000, 0x00000000ba000000| Untracked 
|  27|0x00000000bb000000, 0x00000000bb000000, 0x00000000bc000000|  0%| F|  |TAMS 0x00000000bb000000, 0x00000000bb000000| Untracked 
|  28|0x00000000bc000000, 0x00000000bc000000, 0x00000000bd000000|  0%| F|  |TAMS 0x00000000bc000000, 0x00000000bc000000| Untracked 
|  29|0x00000000bd000000, 0x00000000bd000000, 0x00000000be000000|  0%| F|  |TAMS 0x00000000bd000000, 0x00000000bd000000| Untracked 
|  30|0x00000000be000000, 0x00000000be000000, 0x00000000bf000000|  0%| F|  |TAMS 0x00000000be000000, 0x00000000be000000| Untracked 
|  31|0x00000000bf000000, 0x00000000bf000000, 0x00000000c0000000|  0%| F|  |TAMS 0x00000000bf000000, 0x00000000bf000000| Untracked 
|  32|0x00000000c0000000, 0x00000000c0000000, 0x00000000c1000000|  0%| F|  |TAMS 0x00000000c0000000, 0x00000000c0000000| Untracked 
|  33|0x00000000c1000000, 0x00000000c1000000, 0x00000000c2000000|  0%| F|  |TAMS 0x00000000c1000000, 0x00000000c1000000| Untracked 
|  34|0x00000000c2000000, 0x00000000c2000000, 0x00000000c3000000|  0%| F|  |TAMS 0x00000000c2000000, 0x00000000c2000000| Untracked 
|  35|0x00000000c3000000, 0x00000000c3000000, 0x00000000c4000000|  0%| F|  |TAMS 0x00000000c3000000, 0x00000000c3000000| Untracked 
|  36|0x00000000c4000000, 0x00000000c4000000, 0x00000000c5000000|  0%| F|  |TAMS 0x00000000c4000000, 0x00000000c4000000| Untracked 
|  37|0x00000000c5000000, 0x00000000c5000000, 0x00000000c6000000|  0%| F|  |TAMS 0x00000000c5000000, 0x00000000c5000000| Untracked 
|  38|0x00000000c6000000, 0x00000000c6000000, 0x00000000c7000000|  0%| F|  |TAMS 0x00000000c6000000, 0x00000000c6000000| Untracked 
|  39|0x00000000c7000000, 0x00000000c7000000, 0x00000000c8000000|  0%| F|  |TAMS 0x00000000c7000000, 0x00000000c7000000| Untracked 
|  40|0x00000000c8000000, 0x00000000c8000000, 0x00000000c9000000|  0%| F|  |TAMS 0x00000000c8000000, 0x00000000c8000000| Untracked 
|  41|0x00000000c9000000, 0x00000000c9000000, 0x00000000ca000000|  0%| F|  |TAMS 0x00000000c9000000, 0x00000000c9000000| Untracked 
|  42|0x00000000ca000000, 0x00000000ca000000, 0x00000000cb000000|  0%| F|  |TAMS 0x00000000ca000000, 0x00000000ca000000| Untracked 
|  43|0x00000000cb000000, 0x00000000cb000000, 0x00000000cc000000|  0%| F|  |TAMS 0x00000000cb000000, 0x00000000cb000000| Untracked 
|  44|0x00000000cc000000, 0x00000000cc000000, 0x00000000cd000000|  0%| F|  |TAMS 0x00000000cc000000, 0x00000000cc000000| Untracked 
|  45|0x00000000cd000000, 0x00000000cd000000, 0x00000000ce000000|  0%| F|  |TAMS 0x00000000cd000000, 0x00000000cd000000| Untracked 
|  46|0x00000000ce000000, 0x00000000ce000000, 0x00000000cf000000|  0%| F|  |TAMS 0x00000000ce000000, 0x00000000ce000000| Untracked 
|  47|0x00000000cf000000, 0x00000000cf000000, 0x00000000d0000000|  0%| F|  |TAMS 0x00000000cf000000, 0x00000000cf000000| Untracked 
|  48|0x00000000d0000000, 0x00000000d0000000, 0x00000000d1000000|  0%| F|  |TAMS 0x00000000d0000000, 0x00000000d0000000| Untracked 
|  49|0x00000000d1000000, 0x00000000d1000000, 0x00000000d2000000|  0%| F|  |TAMS 0x00000000d1000000, 0x00000000d1000000| Untracked 
|  50|0x00000000d2000000, 0x00000000d2000000, 0x00000000d3000000|  0%| F|  |TAMS 0x00000000d2000000, 0x00000000d2000000| Untracked 
|  51|0x00000000d3000000, 0x00000000d3000000, 0x00000000d4000000|  0%| F|  |TAMS 0x00000000d3000000, 0x00000000d3000000| Untracked 
|  52|0x00000000d4000000, 0x00000000d4000000, 0x00000000d5000000|  0%| F|  |TAMS 0x00000000d4000000, 0x00000000d4000000| Untracked 
|  53|0x00000000d5000000, 0x00000000d5000000, 0x00000000d6000000|  0%| F|  |TAMS 0x00000000d5000000, 0x00000000d5000000| Untracked 
|  54|0x00000000d6000000, 0x00000000d6000000, 0x00000000d7000000|  0%| F|  |TAMS 0x00000000d6000000, 0x00000000d6000000| Untracked 
|  55|0x00000000d7000000, 0x00000000d7000000, 0x00000000d8000000|  0%| F|  |TAMS 0x00000000d7000000, 0x00000000d7000000| Untracked 
|  56|0x00000000d8000000, 0x00000000d8000000, 0x00000000d9000000|  0%| F|  |TAMS 0x00000000d8000000, 0x00000000d8000000| Untracked 
|  57|0x00000000d9000000, 0x00000000d9000000, 0x00000000da000000|  0%| F|  |TAMS 0x00000000d9000000, 0x00000000d9000000| Untracked 
|  58|0x00000000da000000, 0x00000000da000000, 0x00000000db000000|  0%| F|  |TAMS 0x00000000da000000, 0x00000000da000000| Untracked 
|  59|0x00000000db000000, 0x00000000db000000, 0x00000000dc000000|  0%| F|  |TAMS 0x00000000db000000, 0x00000000db000000| Untracked 
|  60|0x00000000dc000000, 0x00000000dc000000, 0x00000000dd000000|  0%| F|  |TAMS 0x00000000dc000000, 0x00000000dc000000| Untracked 
|  61|0x00000000dd000000, 0x00000000dd000000, 0x00000000de000000|  0%| F|  |TAMS 0x00000000dd000000, 0x00000000dd000000| Untracked 
|  62|0x00000000de000000, 0x00000000de000000, 0x00000000df000000|  0%| F|  |TAMS 0x00000000de000000, 0x00000000de000000| Untracked 
|  63|0x00000000df000000, 0x00000000df000000, 0x00000000e0000000|  0%| F|  |TAMS 0x00000000df000000, 0x00000000df000000| Untracked 
|  64|0x00000000e0000000, 0x00000000e0000000, 0x00000000e1000000|  0%| F|  |TAMS 0x00000000e0000000, 0x00000000e0000000| Untracked 
|  65|0x00000000e1000000, 0x00000000e1000000, 0x00000000e2000000|  0%| F|  |TAMS 0x00000000e1000000, 0x00000000e1000000| Untracked 
|  66|0x00000000e2000000, 0x00000000e2000000, 0x00000000e3000000|  0%| F|  |TAMS 0x00000000e2000000, 0x00000000e2000000| Untracked 
|  67|0x00000000e3000000, 0x00000000e3000000, 0x00000000e4000000|  0%| F|  |TAMS 0x00000000e3000000, 0x00000000e3000000| Untracked 
|  68|0x00000000e4000000, 0x00000000e4000000, 0x00000000e5000000|  0%| F|  |TAMS 0x00000000e4000000, 0x00000000e4000000| Untracked 
|  69|0x00000000e5000000, 0x00000000e5000000, 0x00000000e6000000|  0%| F|  |TAMS 0x00000000e5000000, 0x00000000e5000000| Untracked 
|  70|0x00000000e6000000, 0x00000000e6000000, 0x00000000e7000000|  0%| F|  |TAMS 0x00000000e6000000, 0x00000000e6000000| Untracked 
|  71|0x00000000e7000000, 0x00000000e7000000, 0x00000000e8000000|  0%| F|  |TAMS 0x00000000e7000000, 0x00000000e7000000| Untracked 
|  72|0x00000000e8000000, 0x00000000e8000000, 0x00000000e9000000|  0%| F|  |TAMS 0x00000000e8000000, 0x00000000e8000000| Untracked 
|  73|0x00000000e9000000, 0x00000000e9000000, 0x00000000ea000000|  0%| F|  |TAMS 0x00000000e9000000, 0x00000000e9000000| Untracked 
|  74|0x00000000ea000000, 0x00000000ea000000, 0x00000000eb000000|  0%| F|  |TAMS 0x00000000ea000000, 0x00000000ea000000| Untracked 
|  75|0x00000000eb000000, 0x00000000eb000000, 0x00000000ec000000|  0%| F|  |TAMS 0x00000000eb000000, 0x00000000eb000000| Untracked 
|  76|0x00000000ec000000, 0x00000000ec000000, 0x00000000ed000000|  0%| F|  |TAMS 0x00000000ec000000, 0x00000000ec000000| Untracked 
|  77|0x00000000ed000000, 0x00000000ed000000, 0x00000000ee000000|  0%| F|  |TAMS 0x00000000ed000000, 0x00000000ed000000| Untracked 
|  78|0x00000000ee000000, 0x00000000ee000000, 0x00000000ef000000|  0%| F|  |TAMS 0x00000000ee000000, 0x00000000ee000000| Untracked 
|  79|0x00000000ef000000, 0x00000000ef000000, 0x00000000f0000000|  0%| F|  |TAMS 0x00000000ef000000, 0x00000000ef000000| Untracked 
|  80|0x00000000f0000000, 0x00000000f0000000, 0x00000000f1000000|  0%| F|  |TAMS 0x00000000f0000000, 0x00000000f0000000| Untracked 
|  81|0x00000000f1000000, 0x00000000f1000000, 0x00000000f2000000|  0%| F|  |TAMS 0x00000000f1000000, 0x00000000f1000000| Untracked 
|  82|0x00000000f2000000, 0x00000000f2000000, 0x00000000f3000000|  0%| F|  |TAMS 0x00000000f2000000, 0x00000000f2000000| Untracked 
|  83|0x00000000f3000000, 0x00000000f3000000, 0x00000000f4000000|  0%| F|  |TAMS 0x00000000f3000000, 0x00000000f3000000| Untracked 
|  84|0x00000000f4000000, 0x00000000f4000000, 0x00000000f5000000|  0%| F|  |TAMS 0x00000000f4000000, 0x00000000f4000000| Untracked 
|  85|0x00000000f5000000, 0x00000000f5000000, 0x00000000f6000000|  0%| F|  |TAMS 0x00000000f5000000, 0x00000000f5000000| Untracked 
|  86|0x00000000f6000000, 0x00000000f6000000, 0x00000000f7000000|  0%| F|  |TAMS 0x00000000f6000000, 0x00000000f6000000| Untracked 
|  87|0x00000000f7000000, 0x00000000f7000000, 0x00000000f8000000|  0%| F|  |TAMS 0x00000000f7000000, 0x00000000f7000000| Untracked 
|  88|0x00000000f8000000, 0x00000000f8000000, 0x00000000f9000000|  0%| F|  |TAMS 0x00000000f8000000, 0x00000000f8000000| Untracked 
|  89|0x00000000f9000000, 0x00000000f9000000, 0x00000000fa000000|  0%| F|  |TAMS 0x00000000f9000000, 0x00000000f9000000| Untracked 
|  90|0x00000000fa000000, 0x00000000fa000000, 0x00000000fb000000|  0%| F|  |TAMS 0x00000000fa000000, 0x00000000fa000000| Untracked 
|  91|0x00000000fb000000, 0x00000000fb000000, 0x00000000fc000000|  0%| F|  |TAMS 0x00000000fb000000, 0x00000000fb000000| Untracked 
|  92|0x00000000fc000000, 0x00000000fc000000, 0x00000000fd000000|  0%| F|  |TAMS 0x00000000fc000000, 0x00000000fc000000| Untracked 
|  93|0x00000000fd000000, 0x00000000fd000000, 0x00000000fe000000|  0%| F|  |TAMS 0x00000000fd000000, 0x00000000fd000000| Untracked 
|  94|0x00000000fe000000, 0x00000000fe000000, 0x00000000ff000000|  0%| F|  |TAMS 0x00000000fe000000, 0x00000000fe000000| Untracked 
|  95|0x00000000ff000000, 0x00000000ff000000, 0x0000000100000000|  0%| F|  |TAMS 0x00000000ff000000, 0x00000000ff000000| Untracked 
|  96|0x0000000100000000, 0x0000000100000000, 0x0000000101000000|  0%| F|  |TAMS 0x0000000100000000, 0x0000000100000000| Untracked 
|  97|0x0000000101000000, 0x0000000101000000, 0x0000000102000000|  0%| F|  |TAMS 0x0000000101000000, 0x0000000101000000| Untracked 
|  98|0x0000000102000000, 0x0000000102000000, 0x0000000103000000|  0%| F|  |TAMS 0x0000000102000000, 0x0000000102000000| Untracked 
|  99|0x0000000103000000, 0x0000000103000000, 0x0000000104000000|  0%| F|  |TAMS 0x0000000103000000, 0x0000000103000000| Untracked 
| 100|0x0000000104000000, 0x0000000104000000, 0x0000000105000000|  0%| F|  |TAMS 0x0000000104000000, 0x0000000104000000| Untracked 
| 101|0x0000000105000000, 0x0000000105000000, 0x0000000106000000|  0%| F|  |TAMS 0x0000000105000000, 0x0000000105000000| Untracked 
| 102|0x0000000106000000, 0x0000000106000000, 0x0000000107000000|  0%| F|  |TAMS 0x0000000106000000, 0x0000000106000000| Untracked 
| 103|0x0000000107000000, 0x0000000107000000, 0x0000000108000000|  0%| F|  |TAMS 0x0000000107000000, 0x0000000107000000| Untracked 
| 104|0x0000000108000000, 0x0000000108000000, 0x0000000109000000|  0%| F|  |TAMS 0x0000000108000000, 0x0000000108000000| Untracked 
| 105|0x0000000109000000, 0x0000000109000000, 0x000000010a000000|  0%| F|  |TAMS 0x0000000109000000, 0x0000000109000000| Untracked 
| 106|0x000000010a000000, 0x000000010a000000, 0x000000010b000000|  0%| F|  |TAMS 0x000000010a000000, 0x000000010a000000| Untracked 
| 107|0x000000010b000000, 0x000000010b000000, 0x000000010c000000|  0%| F|  |TAMS 0x000000010b000000, 0x000000010b000000| Untracked 
| 108|0x000000010c000000, 0x000000010c000000, 0x000000010d000000|  0%| F|  |TAMS 0x000000010c000000, 0x000000010c000000| Untracked 
| 109|0x000000010d000000, 0x000000010d000000, 0x000000010e000000|  0%| F|  |TAMS 0x000000010d000000, 0x000000010d000000| Untracked 
| 110|0x000000010e000000, 0x000000010e000000, 0x000000010f000000|  0%| F|  |TAMS 0x000000010e000000, 0x000000010e000000| Untracked 
| 111|0x000000010f000000, 0x000000010f000000, 0x0000000110000000|  0%| F|  |TAMS 0x000000010f000000, 0x000000010f000000| Untracked 
| 112|0x0000000110000000, 0x0000000110000000, 0x0000000111000000|  0%| F|  |TAMS 0x0000000110000000, 0x0000000110000000| Untracked 
| 113|0x0000000111000000, 0x0000000111000000, 0x0000000112000000|  0%| F|  |TAMS 0x0000000111000000, 0x0000000111000000| Untracked 
| 114|0x0000000112000000, 0x0000000112000000, 0x0000000113000000|  0%| F|  |TAMS 0x0000000112000000, 0x0000000112000000| Untracked 
| 115|0x0000000113000000, 0x0000000113000000, 0x0000000114000000|  0%| F|  |TAMS 0x0000000113000000, 0x0000000113000000| Untracked 
| 116|0x0000000114000000, 0x0000000114000000, 0x0000000115000000|  0%| F|  |TAMS 0x0000000114000000, 0x0000000114000000| Untracked 
| 117|0x0000000115000000, 0x0000000115000000, 0x0000000116000000|  0%| F|  |TAMS 0x0000000115000000, 0x0000000115000000| Untracked 
| 118|0x0000000116000000, 0x0000000116000000, 0x0000000117000000|  0%| F|  |TAMS 0x0000000116000000, 0x0000000116000000| Untracked 
| 119|0x0000000117000000, 0x0000000117000000, 0x0000000118000000|  0%| F|  |TAMS 0x0000000117000000, 0x0000000117000000| Untracked 
| 120|0x0000000118000000, 0x0000000118000000, 0x0000000119000000|  0%| F|  |TAMS 0x0000000118000000, 0x0000000118000000| Untracked 
| 121|0x0000000119000000, 0x0000000119000000, 0x000000011a000000|  0%| F|  |TAMS 0x0000000119000000, 0x0000000119000000| Untracked 
| 122|0x000000011a000000, 0x000000011a000000, 0x000000011b000000|  0%| F|  |TAMS 0x000000011a000000, 0x000000011a000000| Untracked 
| 123|0x000000011b000000, 0x000000011b000000, 0x000000011c000000|  0%| F|  |TAMS 0x000000011b000000, 0x000000011b000000| Untracked 
| 124|0x000000011c000000, 0x000000011c000000, 0x000000011d000000|  0%| F|  |TAMS 0x000000011c000000, 0x000000011c000000| Untracked 
| 125|0x000000011d000000, 0x000000011d000000, 0x000000011e000000|  0%| F|  |TAMS 0x000000011d000000, 0x000000011d000000| Untracked 
| 126|0x000000011e000000, 0x000000011e000000, 0x000000011f000000|  0%| F|  |TAMS 0x000000011e000000, 0x000000011e000000| Untracked 
| 127|0x000000011f000000, 0x000000011f5c2a78, 0x0000000120000000| 36%| E|  |TAMS 0x000000011f000000, 0x000000011f000000| Complete 

Card table byte_map: [0x00007ff0e39f4000,0x00007ff0e74f4000] _byte_map_base: 0x00007ff0e34f4000

Marking Bits (Prev, Next): (CMBitMap*) 0x00007ff0f007a538, (CMBitMap*) 0x00007ff0f007a578
 Prev Bits: [0x00007ff0c26f4000, 0x00007ff0dfef4000)
 Next Bits: [0x00007ff0a4ef4000, 0x00007ff0c26f4000)

Polling page: 0x00007ff0f91fb000

Metaspace:

Usage:
  Non-class:      6.23 MB used.
      Class:    567.16 KB used.
       Both:      6.78 MB used.

Virtual space:
  Non-class space:       64.00 MB reserved,       6.31 MB ( 10%) committed,  1 nodes.
      Class space:        1.00 GB reserved,     704.00 KB ( <1%) committed,  1 nodes.
             Both:        1.06 GB reserved,       7.00 MB ( <1%) committed. 

Chunk freelists:
   Non-Class:  1020.00 KB
       Class:  3.25 MB
        Both:  4.24 MB

MaxMetaspaceSize: unlimited
CompressedClassSpaceSize: 1.00 GB
Initial GC threshold: 21.00 MB
Current GC threshold: 21.00 MB
CDS: off
MetaspaceReclaimPolicy: balanced
 - commit_granule_bytes: 65536.
 - commit_granule_words: 8192.
 - virtual_space_node_default_size: 8388608.
 - enlarge_chunks_in_place: 1.
 - new_chunks_are_fully_committed: 0.
 - uncommit_free_chunks: 1.
 - use_allocation_guard: 0.


Internal statistics:

num_allocs: 42969.
num_deallocs: 20.
num_allocs_from_deallocated_blocks: 64.
num_chunks_retired: 14.
num_allocs_failed_limit: 0.
num_arena_births: 70.
num_arena_deaths: 0.
num_vsnodes_births: 2.
num_vsnodes_deaths: 0.
num_space_committed: 112.
num_space_uncommitted: 0.
num_chunks_returned_to_freelist: 0.
num_chunks_taken_from_freelist: 85.
num_chunk_merges: 0.
num_chunk_splits: 52.
num_chunks_enlarged: 66.
num_inconsistent_stats: 0.

CodeCache: size=49152Kb used=1164Kb max_used=1178Kb free=47987Kb
 bounds [0x00007ff0ed000000, 0x00007ff0ed270000, 0x00007ff0f0000000]
 total_blobs=861 nmethods=125 adapters=694
 compilation: enabled
              stopped_count=0, restarted_count=0
 full_count=0

Compilation events (20 events):
Event: 1.326 Thread 0x00007ff06c1240a0  121             java.net.URI::getScheme (5 bytes)
Event: 1.327 Thread 0x00007ff058076c70 nmethod 120 0x00007ff0ed037990 code [0x00007ff0ed037b40, 0x00007ff0ed037bf8]
Event: 1.327 Thread 0x00007ff058076c70  122             java.net.URL::getProtocol (5 bytes)
Event: 1.327 Thread 0x00007ff06c1240a0 nmethod 121 0x00007ff0ed034710 code [0x00007ff0ed0348c0, 0x00007ff0ed034978]
Event: 1.328 Thread 0x00007ff058076c70 nmethod 122 0x00007ff0ed034290 code [0x00007ff0ed034440, 0x00007ff0ed0344f8]
Event: 1.328 Thread 0x00007ff0580781d0 nmethod 100 0x00007ff0ed038990 code [0x00007ff0ed038be0, 0x00007ff0ed0391b8]
Event: 1.335 Thread 0x00007ff06c1240a0  123             java.util.HashSet::add (20 bytes)
Event: 1.340 Thread 0x00007ff058076c70  124             java.lang.module.ResolvedModule::configuration (5 bytes)
Event: 1.341 Thread 0x00007ff0580781d0  125             java.lang.module.ModuleDescriptor::isOpen (5 bytes)
Event: 1.341 Thread 0x00007ff058076c70 nmethod 124 0x00007ff0ed035190 code [0x00007ff0ed035340, 0x00007ff0ed0353f8]
Event: 1.342 Thread 0x00007ff0580781d0 nmethod 125 0x00007ff0ed034e90 code [0x00007ff0ed035020, 0x00007ff0ed035098]
Event: 1.363 Thread 0x00007ff0580797e0 

Event: 1.367 Thread 0x00007ff0f0435bf0 

Event: 1.370 Thread 0x00007ff058076c70  126             java.util.HashMap::put (13 bytes)
Event: 1.432 Thread 0x00007ff06c19aba0 nmethod 117 0x00007ff0ed02f190 code [0x00007ff0ed02f500, 0x00007ff0ed0304d8]
Event: 1.460 Thread 0x00007ff06c1240a0 nmethod 123 0x00007ff0ed122d90 code [0x00007ff0ed1231c0, 0x00007ff0ed1241f0]
Event: 1.485 Thread 0x00007ff058076c70 nmethod 126 0x00007ff0ed125410 code [0x00007ff0ed125820, 0x00007ff0ed126790]
Event: 1.530 Thread 0x00007ff0580797e0  127             compress_bits::compressBits (119 bytes)
Event: 1.539 Thread 0x00007ff0580797e0 nmethod 127 0x00007ff0ed032310 code [0x00007ff0ed0324a0, 0x00007ff0ed0326b8]
Event: 1.539 Thread 0x00007ff0580797e0  128 %           compress_bits::scalar_runner @ 3 (35 bytes)

GC Heap History (0 events):
No events

Deoptimization events (12 events):
Event: 1.205 Thread 0x00007ff0f0028e00 Uncommon trap: trap_request=0xffffff45 fr.pc=0x00007ff0ed052df0 relative=0x0000000000000190
Event: 1.205 Thread 0x00007ff0f0028e00 Uncommon trap: reason=unstable_if action=reinterpret pc=0x00007ff0ed052df0 method=java.lang.StringLatin1.indexOf([BII)I @ 23 c2
Event: 1.205 Thread 0x00007ff0f0028e00 DEOPT PACKING pc=0x00007ff0ed052df0 sp=0x00007ff0f6c84830
Event: 1.205 Thread 0x00007ff0f0028e00 DEOPT UNPACKING pc=0x00007ff0ed11ea8a sp=0x00007ff0f6c84700 mode 2
Event: 1.217 Thread 0x00007ff0f0028e00 Uncommon trap: trap_request=0xffffffe5 fr.pc=0x00007ff0ed0534c4 relative=0x00000000000001e4
Event: 1.217 Thread 0x00007ff0f0028e00 Uncommon trap: reason=range_check action=reinterpret pc=0x00007ff0ed0534c4 method=java.lang.StringLatin1.indexOf([BII)I @ 13 c2
Event: 1.217 Thread 0x00007ff0f0028e00 DEOPT PACKING pc=0x00007ff0ed0534c4 sp=0x00007ff0f6c84f70
Event: 1.217 Thread 0x00007ff0f0028e00 DEOPT UNPACKING pc=0x00007ff0ed11ea8a sp=0x00007ff0f6c84eb8 mode 2
Event: 1.217 Thread 0x00007ff0f0028e00 Uncommon trap: trap_request=0xffffffe5 fr.pc=0x00007ff0ed053ae8 relative=0x0000000000000188
Event: 1.217 Thread 0x00007ff0f0028e00 Uncommon trap: reason=range_check action=reinterpret pc=0x00007ff0ed053ae8 method=java.lang.StringLatin1.indexOf([BII)I @ 13 c2
Event: 1.217 Thread 0x00007ff0f0028e00 DEOPT PACKING pc=0x00007ff0ed053ae8 sp=0x00007ff0f6c84ef0
Event: 1.217 Thread 0x00007ff0f0028e00 DEOPT UNPACKING pc=0x00007ff0ed11ea8a sp=0x00007ff0f6c84eb8 mode 2

Classes loaded (20 events):
Event: 1.468 Loading class jdk/incubator/vector/Int128Vector
Event: 1.474 Loading class jdk/incubator/vector/Int128Vector done
Event: 1.474 Loading class jdk/incubator/vector/Int128Vector$Int128Mask
Event: 1.475 Loading class jdk/incubator/vector/Int128Vector$Int128Mask done
Event: 1.482 Loading class jdk/incubator/vector/Int256Vector
Event: 1.487 Loading class jdk/incubator/vector/Int256Vector done
Event: 1.487 Loading class jdk/incubator/vector/Int256Vector$Int256Mask
Event: 1.488 Loading class jdk/incubator/vector/Int256Vector$Int256Mask done
Event: 1.495 Loading class jdk/incubator/vector/Int512Vector
Event: 1.500 Loading class jdk/incubator/vector/Int512Vector done
Event: 1.501 Loading class jdk/incubator/vector/Int512Vector$Int512Mask
Event: 1.502 Loading class jdk/incubator/vector/Int512Vector$Int512Mask done
Event: 1.508 Loading class jdk/incubator/vector/IntMaxVector
Event: 1.513 Loading class jdk/incubator/vector/IntMaxVector done
Event: 1.514 Loading class jdk/incubator/vector/IntMaxVector$IntMaxMask
Event: 1.515 Loading class jdk/incubator/vector/IntMaxVector$IntMaxMask done
Event: 1.522 Loading class java/util/Random
Event: 1.522 Loading class java/util/random/RandomGenerator
Event: 1.523 Loading class java/util/random/RandomGenerator done
Event: 1.524 Loading class java/util/Random done

Classes unloaded (0 events):
No events

Classes redefined (0 events):
No events

Internal exceptions (20 events):
Event: 0.782 Thread 0x00007ff0f0028e00 Exception <a 'java/lang/NoSuchMethodError'{0x000000011f065c38}: 'java.lang.Object java.lang.invoke.DirectMethodHandle$Holder.invokeSpecial(java.lang.Object, java.lang.Object, java.lang.Object)'> (0x000000011f065c38) 
thrown [/home/jatinbha/sandboxes/jdk18/jdk18u/src/hotspot/share/interpreter/linkResolver.cpp, line 758]
Event: 0.828 Thread 0x00007ff0f0028e00 Exception <a 'java/lang/NoSuchMethodError'{0x000000011f09a630}: 'java.lang.Object java.lang.invoke.DirectMethodHandle$Holder.newInvokeSpecial(java.lang.Object, java.lang.Object)'> (0x000000011f09a630) 
thrown [/home/jatinbha/sandboxes/jdk18/jdk18u/src/hotspot/share/interpreter/linkResolver.cpp, line 758]
Event: 0.829 Thread 0x00007ff0f0028e00 Exception <a 'java/lang/NoSuchMethodError'{0x000000011f09e090}: 'java.lang.Object java.lang.invoke.Invokers$Holder.linkToTargetMethod(java.lang.Object, java.lang.Object)'> (0x000000011f09e090) 
thrown [/home/jatinbha/sandboxes/jdk18/jdk18u/src/hotspot/share/interpreter/linkResolver.cpp, line 758]
Event: 0.848 Thread 0x00007ff0f0028e00 Exception <a 'java/lang/NoSuchMethodError'{0x000000011f0ae770}: 'java.lang.Object java.lang.invoke.DirectMethodHandle$Holder.invokeStatic(java.lang.Object, java.lang.Object)'> (0x000000011f0ae770) 
thrown [/home/jatinbha/sandboxes/jdk18/jdk18u/src/hotspot/share/interpreter/linkResolver.cpp, line 758]
Event: 0.940 Thread 0x00007ff0f0028e00 Exception <a 'java/lang/NoSuchMethodError'{0x000000011f10a808}: 'java.lang.Object java.lang.invoke.DirectMethodHandle$Holder.invokeStatic(java.lang.Object)'> (0x000000011f10a808) 
thrown [/home/jatinbha/sandboxes/jdk18/jdk18u/src/hotspot/share/interpreter/linkResolver.cpp, line 758]
Event: 0.961 Thread 0x00007ff0f0028e00 Exception <a 'java/lang/NoSuchMethodError'{0x000000011f110818}: 'java.lang.Object java.lang.invoke.DirectMethodHandle$Holder.invokeStatic(java.lang.Object, java.lang.Object, java.lang.Object, java.lang.Object)'> (0x000000011f110818) 
thrown [/home/jatinbha/sandboxes/jdk18/jdk18u/src/hotspot/share/interpreter/linkResolver.cpp, line 758]
Event: 0.965 Thread 0x00007ff0f0028e00 Exception <a 'java/lang/NoSuchMethodError'{0x000000011f1149b8}: 'java.lang.Object java.lang.invoke.DirectMethodHandle$Holder.getReference(java.lang.Object, java.lang.Object)'> (0x000000011f1149b8) 
thrown [/home/jatinbha/sandboxes/jdk18/jdk18u/src/hotspot/share/interpreter/linkResolver.cpp, line 758]
Event: 0.972 Thread 0x00007ff0f0028e00 Exception <a 'java/lang/NoSuchMethodError'{0x000000011f118f10}: 'java.lang.Object java.lang.invoke.DirectMethodHandle$Holder.invokeSpecial(java.lang.Object, java.lang.Object)'> (0x000000011f118f10) 
thrown [/home/jatinbha/sandboxes/jdk18/jdk18u/src/hotspot/share/interpreter/linkResolver.cpp, line 758]
Event: 0.988 Thread 0x00007ff0f0028e00 Exception <a 'java/lang/NoSuchMethodError'{0x000000011f1228e8}: 'java.lang.Object java.lang.invoke.Invokers$Holder.invokeExact_MT(java.lang.Object, java.lang.Object, java.lang.Object)'> (0x000000011f1228e8) 
thrown [/home/jatinbha/sandboxes/jdk18/jdk18u/src/hotspot/share/interpreter/linkResolver.cpp, line 758]
Event: 0.993 Thread 0x00007ff0f0028e00 Exception <a 'java/lang/NoSuchMethodError'{0x000000011f127150}: 'void java.lang.invoke.DirectMethodHandle$Holder.invokeVirtual(java.lang.Object, java.lang.Object)'> (0x000000011f127150) 
thrown [/home/jatinbha/sandboxes/jdk18/jdk18u/src/hotspot/share/interpreter/linkResolver.cpp, line 758]
Event: 1.008 Thread 0x00007ff0f0028e00 Exception <a 'java/lang/NoSuchMethodError'{0x000000011f1364a0}: 'java.lang.Object java.lang.invoke.DirectMethodHandle$Holder.newInvokeSpecial(java.lang.Object)'> (0x000000011f1364a0) 
thrown [/home/jatinbha/sandboxes/jdk18/jdk18u/src/hotspot/share/interpreter/linkResolver.cpp, line 758]
Event: 1.010 Thread 0x00007ff0f0028e00 Exception <a 'java/lang/NoSuchMethodError'{0x000000011f139bf0}: 'java.lang.Object java.lang.invoke.Invokers$Holder.invokeExact_MT(java.lang.Object, java.lang.Object)'> (0x000000011f139bf0) 
thrown [/home/jatinbha/sandboxes/jdk18/jdk18u/src/hotspot/share/interpreter/linkResolver.cpp, line 758]
Event: 1.013 Thread 0x00007ff0f0028e00 Exception <a 'java/lang/NoSuchMethodError'{0x000000011f13d6d8}: 'java.lang.Object java.lang.invoke.LambdaForm$Holder.identity_L(java.lang.Object, java.lang.Object)'> (0x000000011f13d6d8) 
thrown [/home/jatinbha/sandboxes/jdk18/jdk18u/src/hotspot/share/interpreter/linkResolver.cpp, line 758]
Event: 1.017 Thread 0x00007ff0f0028e00 Exception <a 'java/lang/NoSuchMethodError'{0x000000011f1407a8}: 'java.lang.Object java.lang.invoke.LambdaForm$Holder.zero_L(java.lang.Object)'> (0x000000011f1407a8) 
thrown [/home/jatinbha/sandboxes/jdk18/jdk18u/src/hotspot/share/interpreter/linkResolver.cpp, line 758]
Event: 1.021 Thread 0x00007ff0f0028e00 Exception <a 'java/lang/NoSuchMethodError'{0x000000011f146400}: 'java.lang.Object java.lang.invoke.Invokers$Holder.linkToTargetMethod(java.lang.Object)'> (0x000000011f146400) 
thrown [/home/jatinbha/sandboxes/jdk18/jdk18u/src/hotspot/share/interpreter/linkResolver.cpp, line 758]
Event: 1.049 Thread 0x00007ff0f0028e00 Exception <a 'java/lang/NoSuchMethodError'{0x000000011f156e98}: 'int java.lang.invoke.DirectMethodHandle$Holder.invokeInterface(java.lang.Object, java.lang.Object, java.lang.Object)'> (0x000000011f156e98) 
thrown [/home/jatinbha/sandboxes/jdk18/jdk18u/src/hotspot/share/interpreter/linkResolver.cpp, line 758]
Event: 1.222 Thread 0x00007ff0f0028e00 Exception <a 'java/lang/NoSuchMethodError'{0x000000011f4d6b30}: 'java.lang.Object java.lang.invoke.DirectMethodHandle$Holder.invokeInterface(java.lang.Object, java.lang.Object)'> (0x000000011f4d6b30) 
thrown [/home/jatinbha/sandboxes/jdk18/jdk18u/src/hotspot/share/interpreter/linkResolver.cpp, line 758]
Event: 1.246 Thread 0x00007ff0f0028e00 Exception <a 'java/lang/NoSuchMethodError'{0x000000011f4e1c50}: 'int java.lang.invoke.DirectMethodHandle$Holder.invokeStatic(java.lang.Object, java.lang.Object)'> (0x000000011f4e1c50) 
thrown [/home/jatinbha/sandboxes/jdk18/jdk18u/src/hotspot/share/interpreter/linkResolver.cpp, line 758]
Event: 1.254 Thread 0x00007ff0f0028e00 Exception <a 'java/lang/NoSuchMethodError'{0x000000011f4ed618}: 'java.lang.Object java.lang.invoke.DirectMethodHandle$Holder.invokeVirtual(java.lang.Object, java.lang.Object)'> (0x000000011f4ed618) 
thrown [/home/jatinbha/sandboxes/jdk18/jdk18u/src/hotspot/share/interpreter/linkResolver.cpp, line 758]
Event: 1.266 Thread 0x00007ff0f0028e00 Exception <a 'java/lang/NoSuchMethodError'{0x000000011f4f6670}: 'int java.lang.invoke.DirectMethodHandle$Holder.invokeSpecial(java.lang.Object, java.lang.Object)'> (0x000000011f4f6670) 
thrown [/home/jatinbha/sandboxes/jdk18/jdk18u/src/hotspot/share/interpreter/linkResolver.cpp, line 758]

VM Operations (2 events):
Event: 1.330 Executing VM operation: Cleanup
Event: 1.330 Executing VM operation: Cleanup done

Events (20 events):
Event: 0.465 Thread 0x00007ff0f0435bf0 Thread added: 0x00007ff0f0435bf0
Event: 0.465 Protecting memory [0x00007ff090df1000,0x00007ff090df5000] with protection modes 0
Event: 0.466 Thread 0x00007ff0f0437510 Thread added: 0x00007ff0f0437510
Event: 0.466 Protecting memory [0x00007ff090cf0000,0x00007ff090cf4000] with protection modes 0
Event: 0.544 Loaded shared library /home/jatinbha/sandboxes/jdk18/jdk18u/build/linux-x86_64-server-slowdebug/jdk/lib/libnio.so
Event: 0.569 Thread 0x00007ff0f049ea00 Thread added: 0x00007ff0f049ea00
Event: 0.569 Protecting memory [0x00007ff090bef000,0x00007ff090bf3000] with protection modes 0
Event: 0.774 Loaded shared library /home/jatinbha/sandboxes/jdk18/jdk18u/build/linux-x86_64-server-slowdebug/jdk/lib/libnet.so
Event: 1.065 Thread 0x00007ff06c19aba0 Thread added: 0x00007ff06c19aba0
Event: 1.065 Protecting memory [0x00007ff090aee000,0x00007ff090af2000] with protection modes 0
Event: 1.065 Thread 0x00007ff06c1240a0 Thread added: 0x00007ff06c1240a0
Event: 1.065 Protecting memory [0x00007ff0909ed000,0x00007ff0909f1000] with protection modes 0
Event: 1.141 Thread 0x00007ff058076c70 Thread added: 0x00007ff058076c70
Event: 1.141 Protecting memory [0x00007ff0908ec000,0x00007ff0908f0000] with protection modes 0
Event: 1.141 Thread 0x00007ff0580781d0 Thread added: 0x00007ff0580781d0
Event: 1.141 Protecting memory [0x00007ff0907eb000,0x00007ff0907ef000] with protection modes 0
Event: 1.141 Thread 0x00007ff0580797e0 Thread added: 0x00007ff0580797e0
Event: 1.141 Protecting memory [0x00007ff0906ea000,0x00007ff0906ee000] with protection modes 0
Event: 1.356 Thread 0x00007ff0f0687aa0 Thread added: 0x00007ff0f0687aa0
Event: 1.357 Protecting memory [0x00007ff0905e9000,0x00007ff0905ed000] with protection modes 0


Dynamic libraries:
a0000000-120000000 rw-p 00000000 00:00 0 
120000000-800000000 ---p 00000000 00:00 0 
800000000-800020000 rw-p 00000000 00:00 0 
800020000-800040000 rw-p 00000000 00:00 0 
800040000-800090000 rw-p 00000000 00:00 0 
800090000-8000c0000 ---p 00000000 00:00 0 
8000c0000-8000e0000 rw-p 00000000 00:00 0 
8000e0000-840000000 ---p 00000000 00:00 0 
55a648092000-55a648093000 r--p 00000000 08:02 23234875                   /home/jatinbha/sandboxes/jdk18/jdk18u/build/linux-x86_64-server-slowdebug/jdk/bin/java
55a648093000-55a648094000 r-xp 00001000 08:02 23234875                   /home/jatinbha/sandboxes/jdk18/jdk18u/build/linux-x86_64-server-slowdebug/jdk/bin/java
55a648094000-55a648095000 r--p 00002000 08:02 23234875                   /home/jatinbha/sandboxes/jdk18/jdk18u/build/linux-x86_64-server-slowdebug/jdk/bin/java
55a648095000-55a648096000 r--p 00002000 08:02 23234875                   /home/jatinbha/sandboxes/jdk18/jdk18u/build/linux-x86_64-server-slowdebug/jdk/bin/java
55a648096000-55a648097000 rw-p 00003000 08:02 23234875                   /home/jatinbha/sandboxes/jdk18/jdk18u/build/linux-x86_64-server-slowdebug/jdk/bin/java
55a6499b4000-55a6499fc000 rw-p 00000000 00:00 0                          [heap]
7ff040000000-7ff040021000 rw-p 00000000 00:00 0 
7ff040021000-7ff044000000 ---p 00000000 00:00 0 
7ff046f60000-7ff048000000 rw-p 00000000 00:00 0 
7ff048000000-7ff0481ef000 rw-p 00000000 00:00 0 
7ff0481ef000-7ff04c000000 ---p 00000000 00:00 0 
7ff04c000000-7ff04c021000 rw-p 00000000 00:00 0 
7ff04c021000-7ff050000000 ---p 00000000 00:00 0 
7ff050000000-7ff050176000 rw-p 00000000 00:00 0 
7ff050176000-7ff054000000 ---p 00000000 00:00 0 
7ff054000000-7ff05415d000 rw-p 00000000 00:00 0 
7ff05415d000-7ff058000000 ---p 00000000 00:00 0 
7ff058000000-7ff058273000 rw-p 00000000 00:00 0 
7ff058273000-7ff05c000000 ---p 00000000 00:00 0 
7ff05c000000-7ff05c229000 rw-p 00000000 00:00 0 
7ff05c229000-7ff060000000 ---p 00000000 00:00 0 
7ff060000000-7ff060021000 rw-p 00000000 00:00 0 
7ff060021000-7ff064000000 ---p 00000000 00:00 0 
7ff064000000-7ff064021000 rw-p 00000000 00:00 0 
7ff064021000-7ff068000000 ---p 00000000 00:00 0 
7ff068000000-7ff068021000 rw-p 00000000 00:00 0 
7ff068021000-7ff06c000000 ---p 00000000 00:00 0 
7ff06c000000-7ff06c39a000 rw-p 00000000 00:00 0 
7ff06c39a000-7ff070000000 ---p 00000000 00:00 0 
7ff070000000-7ff070021000 rw-p 00000000 00:00 0 
7ff070021000-7ff074000000 ---p 00000000 00:00 0 
7ff074000000-7ff074021000 rw-p 00000000 00:00 0 
7ff074021000-7ff078000000 ---p 00000000 00:00 0 
7ff078000000-7ff078021000 rw-p 00000000 00:00 0 
7ff078021000-7ff07c000000 ---p 00000000 00:00 0 
7ff07c000000-7ff07c021000 rw-p 00000000 00:00 0 
7ff07c021000-7ff080000000 ---p 00000000 00:00 0 
7ff080000000-7ff080021000 rw-p 00000000 00:00 0 
7ff080021000-7ff084000000 ---p 00000000 00:00 0 
7ff084000000-7ff084021000 rw-p 00000000 00:00 0 
7ff084021000-7ff088000000 ---p 00000000 00:00 0 
7ff088000000-7ff088400000 rw-p 00000000 00:00 0 
7ff088400000-7ff088440000 rw-p 00000000 00:00 0 
7ff088440000-7ff088480000 rw-p 00000000 00:00 0 
7ff088480000-7ff088500000 rw-p 00000000 00:00 0 
7ff088500000-7ff088640000 rw-p 00000000 00:00 0 
7ff088640000-7ff088700000 ---p 00000000 00:00 0 
7ff088700000-7ff088710000 rw-p 00000000 00:00 0 
7ff088710000-7ff08c000000 ---p 00000000 00:00 0 
7ff08c000000-7ff08c021000 rw-p 00000000 00:00 0 
7ff08c021000-7ff090000000 ---p 00000000 00:00 0 
7ff0904e7000-7ff0904e8000 ---p 00000000 00:00 0 
7ff0904e8000-7ff0905e9000 rw-p 00000000 00:00 0 
7ff0905e9000-7ff0905ed000 ---p 00000000 00:00 0 
7ff0905ed000-7ff0906ea000 rw-p 00000000 00:00 0 
7ff0906ea000-7ff0906ee000 ---p 00000000 00:00 0 
7ff0906ee000-7ff0907eb000 rw-p 00000000 00:00 0 
7ff0907eb000-7ff0907ef000 ---p 00000000 00:00 0 
7ff0907ef000-7ff0908ec000 rw-p 00000000 00:00 0 
7ff0908ec000-7ff0908f0000 ---p 00000000 00:00 0 
7ff0908f0000-7ff0909ed000 rw-p 00000000 00:00 0 
7ff0909ed000-7ff0909f1000 ---p 00000000 00:00 0 
7ff0909f1000-7ff090aee000 rw-p 00000000 00:00 0 
7ff090aee000-7ff090af2000 ---p 00000000 00:00 0 
7ff090af2000-7ff090bef000 rw-p 00000000 00:00 0 
7ff090bef000-7ff090bf3000 ---p 00000000 00:00 0 
7ff090bf3000-7ff090cf0000 rw-p 00000000 00:00 0 
7ff090cf0000-7ff090cf4000 ---p 00000000 00:00 0 
7ff090cf4000-7ff090df1000 rw-p 00000000 00:00 0 
7ff090df1000-7ff090df5000 ---p 00000000 00:00 0 
7ff090df5000-7ff090ef2000 rw-p 00000000 00:00 0 
7ff090ef2000-7ff090ef6000 ---p 00000000 00:00 0 
7ff090ef6000-7ff090ff3000 rw-p 00000000 00:00 0 
7ff090ff3000-7ff090ff7000 ---p 00000000 00:00 0 
7ff090ff7000-7ff0910f4000 rw-p 00000000 00:00 0 
7ff0910f4000-7ff0910f8000 ---p 00000000 00:00 0 
7ff0910f8000-7ff0911f5000 rw-p 00000000 00:00 0 
7ff0911f5000-7ff091765000 r--p 00000000 08:02 7078745                    /usr/lib/locale/locale-archive
7ff091765000-7ff091769000 ---p 00000000 00:00 0 
7ff091769000-7ff091866000 rw-p 00000000 00:00 0 
7ff091866000-7ff09186a000 ---p 00000000 00:00 0 
7ff09186a000-7ff091967000 rw-p 00000000 00:00 0 
7ff091967000-7ff091968000 ---p 00000000 00:00 0 
7ff091968000-7ff091a69000 rw-p 00000000 00:00 0 
7ff091a69000-7ff091a6d000 r--p 00000000 08:02 23241131                   /home/jatinbha/sandboxes/jdk18/jdk18u/build/linux-x86_64-server-slowdebug/jdk/lib/libjsvml.so
7ff091a6d000-7ff091aae000 r-xp 00004000 08:02 23241131                   /home/jatinbha/sandboxes/jdk18/jdk18u/build/linux-x86_64-server-slowdebug/jdk/lib/libjsvml.so
7ff091aae000-7ff091b37000 r--p 00045000 08:02 23241131                   /home/jatinbha/sandboxes/jdk18/jdk18u/build/linux-x86_64-server-slowdebug/jdk/lib/libjsvml.so
7ff091b37000-7ff091b38000 r--p 000cd000 08:02 23241131                   /home/jatinbha/sandboxes/jdk18/jdk18u/build/linux-x86_64-server-slowdebug/jdk/lib/libjsvml.so
7ff091b38000-7ff091b39000 rw-p 000ce000 08:02 23241131                   /home/jatinbha/sandboxes/jdk18/jdk18u/build/linux-x86_64-server-slowdebug/jdk/lib/libjsvml.so
7ff091b39000-7ff091bba000 rw-p 00000000 00:00 0 
7ff091bba000-7ff091bbb000 ---p 00000000 00:00 0 
7ff091bbb000-7ff091cbc000 rw-p 00000000 00:00 0 
7ff091cbc000-7ff091cbd000 ---p 00000000 00:00 0 
7ff091cbd000-7ff098000000 rw-p 00000000 00:00 0 
7ff098000000-7ff098021000 rw-p 00000000 00:00 0 
7ff098021000-7ff09c000000 ---p 00000000 00:00 0 
7ff09c000000-7ff09c021000 rw-p 00000000 00:00 0 
7ff09c021000-7ff0a0000000 ---p 00000000 00:00 0 
7ff0a0000000-7ff0a0021000 rw-p 00000000 00:00 0 
7ff0a0021000-7ff0a4000000 ---p 00000000 00:00 0 
7ff0a4013000-7ff0a4044000 rw-p 00000000 00:00 0 
7ff0a4044000-7ff0a404a000 r--p 00000000 08:02 23234184                   /home/jatinbha/sandboxes/jdk18/jdk18u/build/linux-x86_64-server-slowdebug/jdk/lib/libnio.so
7ff0a404a000-7ff0a4056000 r-xp 00006000 08:02 23234184                   /home/jatinbha/sandboxes/jdk18/jdk18u/build/linux-x86_64-server-slowdebug/jdk/lib/libnio.so
7ff0a4056000-7ff0a4059000 r--p 00012000 08:02 23234184                   /home/jatinbha/sandboxes/jdk18/jdk18u/build/linux-x86_64-server-slowdebug/jdk/lib/libnio.so
7ff0a4059000-7ff0a405a000 ---p 00015000 08:02 23234184                   /home/jatinbha/sandboxes/jdk18/jdk18u/build/linux-x86_64-server-slowdebug/jdk/lib/libnio.so
7ff0a405a000-7ff0a405b000 r--p 00015000 08:02 23234184                   /home/jatinbha/sandboxes/jdk18/jdk18u/build/linux-x86_64-server-slowdebug/jdk/lib/libnio.so
7ff0a405b000-7ff0a405c000 rw-p 00016000 08:02 23234184                   /home/jatinbha/sandboxes/jdk18/jdk18u/build/linux-x86_64-server-slowdebug/jdk/lib/libnio.so
7ff0a405c000-7ff0a47ff000 rw-p 00000000 00:00 0 
7ff0a47ff000-7ff0a4800000 ---p 00000000 00:00 0 
7ff0a4800000-7ff0a4901000 rw-p 00000000 00:00 0 
7ff0a4901000-7ff0a4902000 ---p 00000000 00:00 0 
7ff0a4902000-7ff0a4a03000 rw-p 00000000 00:00 0 
7ff0a4a03000-7ff0a4a04000 ---p 00000000 00:00 0 
7ff0a4a04000-7ff0a6ef4000 rw-p 00000000 00:00 0 
7ff0a6ef4000-7ff0c26f4000 ---p 00000000 00:00 0 
7ff0c26f4000-7ff0c46f4000 rw-p 00000000 00:00 0 
7ff0c46f4000-7ff0dfef4000 ---p 00000000 00:00 0 
7ff0dfef4000-7ff0e02f4000 rw-p 00000000 00:00 0 
7ff0e02f4000-7ff0e39f4000 ---p 00000000 00:00 0 
7ff0e39f4000-7ff0e3df4000 rw-p 00000000 00:00 0 
7ff0e3df4000-7ff0e74f4000 ---p 00000000 00:00 0 
7ff0e74f4000-7ff0e78f4000 rw-p 00000000 00:00 0 
7ff0e78f4000-7ff0eaff4000 ---p 00000000 00:00 0 
7ff0eaff4000-7ff0ed000000 rw-p 00000000 00:00 0 
7ff0ed000000-7ff0ed270000 rwxp 00000000 00:00 0 
7ff0ed270000-7ff0f0000000 ---p 00000000 00:00 0 
7ff0f0000000-7ff0f06f1000 rw-p 00000000 00:00 0 
7ff0f06f1000-7ff0f4000000 ---p 00000000 00:00 0 
7ff0f4002000-7ff0f6aa8000 rw-p 00000000 00:00 0 
7ff0f6aa8000-7ff0f6b03000 ---p 00000000 00:00 0 
7ff0f6b03000-7ff0f6b0f000 r--p 00000000 08:02 23234151                   /home/jatinbha/sandboxes/jdk18/jdk18u/build/linux-x86_64-server-slowdebug/jdk/lib/libjava.so
7ff0f6b0f000-7ff0f6b2c000 r-xp 0000c000 08:02 23234151                   /home/jatinbha/sandboxes/jdk18/jdk18u/build/linux-x86_64-server-slowdebug/jdk/lib/libjava.so
7ff0f6b2c000-7ff0f6b33000 r--p 00029000 08:02 23234151                   /home/jatinbha/sandboxes/jdk18/jdk18u/build/linux-x86_64-server-slowdebug/jdk/lib/libjava.so
7ff0f6b33000-7ff0f6b34000 ---p 00030000 08:02 23234151                   /home/jatinbha/sandboxes/jdk18/jdk18u/build/linux-x86_64-server-slowdebug/jdk/lib/libjava.so
7ff0f6b34000-7ff0f6b35000 r--p 00030000 08:02 23234151                   /home/jatinbha/sandboxes/jdk18/jdk18u/build/linux-x86_64-server-slowdebug/jdk/lib/libjava.so
7ff0f6b35000-7ff0f6b36000 rw-p 00031000 08:02 23234151                   /home/jatinbha/sandboxes/jdk18/jdk18u/build/linux-x86_64-server-slowdebug/jdk/lib/libjava.so
7ff0f6b36000-7ff0f6b37000 rw-p 00000000 00:00 0 
7ff0f6b37000-7ff0f6b3a000 r--p 00000000 08:02 7080081                    /usr/lib/x86_64-linux-gnu/libnss_files-2.31.so
7ff0f6b3a000-7ff0f6b41000 r-xp 00003000 08:02 7080081                    /usr/lib/x86_64-linux-gnu/libnss_files-2.31.so
7ff0f6b41000-7ff0f6b43000 r--p 0000a000 08:02 7080081                    /usr/lib/x86_64-linux-gnu/libnss_files-2.31.so
7ff0f6b43000-7ff0f6b44000 r--p 0000b000 08:02 7080081                    /usr/lib/x86_64-linux-gnu/libnss_files-2.31.so
7ff0f6b44000-7ff0f6b45000 rw-p 0000c000 08:02 7080081                    /usr/lib/x86_64-linux-gnu/libnss_files-2.31.so
7ff0f6b45000-7ff0f6b4b000 rw-p 00000000 00:00 0 
7ff0f6b4c000-7ff0f6b4f000 r--p 00000000 08:02 23234175                   /home/jatinbha/sandboxes/jdk18/jdk18u/build/linux-x86_64-server-slowdebug/jdk/lib/libnet.so
7ff0f6b4f000-7ff0f6b5b000 r-xp 00003000 08:02 23234175                   /home/jatinbha/sandboxes/jdk18/jdk18u/build/linux-x86_64-server-slowdebug/jdk/lib/libnet.so
7ff0f6b5b000-7ff0f6b5e000 r--p 0000f000 08:02 23234175                   /home/jatinbha/sandboxes/jdk18/jdk18u/build/linux-x86_64-server-slowdebug/jdk/lib/libnet.so
7ff0f6b5e000-7ff0f6b5f000 r--p 00011000 08:02 23234175                   /home/jatinbha/sandboxes/jdk18/jdk18u/build/linux-x86_64-server-slowdebug/jdk/lib/libnet.so
7ff0f6b5f000-7ff0f6b60000 rw-p 00012000 08:02 23234175                   /home/jatinbha/sandboxes/jdk18/jdk18u/build/linux-x86_64-server-slowdebug/jdk/lib/libnet.so
7ff0f6b60000-7ff0f6b64000 r--p 00000000 08:02 23234176                   /home/jatinbha/sandboxes/jdk18/jdk18u/build/linux-x86_64-server-slowdebug/jdk/lib/libjimage.so
7ff0f6b64000-7ff0f6b7b000 r-xp 00004000 08:02 23234176                   /home/jatinbha/sandboxes/jdk18/jdk18u/build/linux-x86_64-server-slowdebug/jdk/lib/libjimage.so
7ff0f6b7b000-7ff0f6b82000 r--p 0001b000 08:02 23234176                   /home/jatinbha/sandboxes/jdk18/jdk18u/build/linux-x86_64-server-slowdebug/jdk/lib/libjimage.so
7ff0f6b82000-7ff0f6b83000 ---p 00022000 08:02 23234176                   /home/jatinbha/sandboxes/jdk18/jdk18u/build/linux-x86_64-server-slowdebug/jdk/lib/libjimage.so
7ff0f6b83000-7ff0f6b85000 r--p 00022000 08:02 23234176                   /home/jatinbha/sandboxes/jdk18/jdk18u/build/linux-x86_64-server-slowdebug/jdk/lib/libjimage.so
7ff0f6b85000-7ff0f6b86000 rw-p 00024000 08:02 23234176                   /home/jatinbha/sandboxes/jdk18/jdk18u/build/linux-x86_64-server-slowdebug/jdk/lib/libjimage.so
7ff0f6b86000-7ff0f6b8a000 ---p 00000000 00:00 0 
7ff0f6b8a000-7ff0f6c87000 rw-p 00000000 00:00 0 
7ff0f6c87000-7ff0f6c96000 r--p 00000000 08:02 7080075                    /usr/lib/x86_64-linux-gnu/libm-2.31.so
7ff0f6c96000-7ff0f6d3d000 r-xp 0000f000 08:02 7080075                    /usr/lib/x86_64-linux-gnu/libm-2.31.so
7ff0f6d3d000-7ff0f6dd4000 r--p 000b6000 08:02 7080075                    /usr/lib/x86_64-linux-gnu/libm-2.31.so
7ff0f6dd4000-7ff0f6dd5000 r--p 0014c000 08:02 7080075                    /usr/lib/x86_64-linux-gnu/libm-2.31.so
7ff0f6dd5000-7ff0f6dd6000 rw-p 0014d000 08:02 7080075                    /usr/lib/x86_64-linux-gnu/libm-2.31.so
7ff0f6dd6000-7ff0f70ed000 r--p 00000000 08:02 23226191                   /home/jatinbha/sandboxes/jdk18/jdk18u/build/linux-x86_64-server-slowdebug/jdk/lib/server/libjvm.so
7ff0f70ed000-7ff0f826a000 r-xp 00317000 08:02 23226191                   /home/jatinbha/sandboxes/jdk18/jdk18u/build/linux-x86_64-server-slowdebug/jdk/lib/server/libjvm.so
7ff0f826a000-7ff0f8dc6000 r--p 01494000 08:02 23226191                   /home/jatinbha/sandboxes/jdk18/jdk18u/build/linux-x86_64-server-slowdebug/jdk/lib/server/libjvm.so
7ff0f8dc6000-7ff0f8dc7000 ---p 01ff0000 08:02 23226191                   /home/jatinbha/sandboxes/jdk18/jdk18u/build/linux-x86_64-server-slowdebug/jdk/lib/server/libjvm.so
7ff0f8dc7000-7ff0f8eca000 r--p 01ff0000 08:02 23226191                   /home/jatinbha/sandboxes/jdk18/jdk18u/build/linux-x86_64-server-slowdebug/jdk/lib/server/libjvm.so
7ff0f8eca000-7ff0f8f03000 rw-p 020f3000 08:02 23226191                   /home/jatinbha/sandboxes/jdk18/jdk18u/build/linux-x86_64-server-slowdebug/jdk/lib/server/libjvm.so
7ff0f8f03000-7ff0f8fb1000 rw-p 00000000 00:00 0 
7ff0f8fb1000-7ff0f8fb8000 r--p 00000000 08:02 7080090                    /usr/lib/x86_64-linux-gnu/libpthread-2.31.so
7ff0f8fb8000-7ff0f8fc9000 r-xp 00007000 08:02 7080090                    /usr/lib/x86_64-linux-gnu/libpthread-2.31.so
7ff0f8fc9000-7ff0f8fce000 r--p 00018000 08:02 7080090                    /usr/lib/x86_64-linux-gnu/libpthread-2.31.so
7ff0f8fce000-7ff0f8fcf000 r--p 0001c000 08:02 7080090                    /usr/lib/x86_64-linux-gnu/libpthread-2.31.so
7ff0f8fcf000-7ff0f8fd0000 rw-p 0001d000 08:02 7080090                    /usr/lib/x86_64-linux-gnu/libpthread-2.31.so
7ff0f8fd0000-7ff0f8fd4000 rw-p 00000000 00:00 0 
7ff0f8fd4000-7ff0f8fd5000 r--p 00000000 08:02 7080074                    /usr/lib/x86_64-linux-gnu/libdl-2.31.so
7ff0f8fd5000-7ff0f8fd7000 r-xp 00001000 08:02 7080074                    /usr/lib/x86_64-linux-gnu/libdl-2.31.so
7ff0f8fd7000-7ff0f8fd8000 r--p 00003000 08:02 7080074                    /usr/lib/x86_64-linux-gnu/libdl-2.31.so
7ff0f8fd8000-7ff0f8fd9000 r--p 00003000 08:02 7080074                    /usr/lib/x86_64-linux-gnu/libdl-2.31.so
7ff0f8fd9000-7ff0f8fda000 rw-p 00004000 08:02 7080074                    /usr/lib/x86_64-linux-gnu/libdl-2.31.so
7ff0f8fda000-7ff0f8fdc000 r--p 00000000 08:02 7078082                    /usr/lib/x86_64-linux-gnu/libz.so.1.2.11
7ff0f8fdc000-7ff0f8fed000 r-xp 00002000 08:02 7078082                    /usr/lib/x86_64-linux-gnu/libz.so.1.2.11
7ff0f8fed000-7ff0f8ff3000 r--p 00013000 08:02 7078082                    /usr/lib/x86_64-linux-gnu/libz.so.1.2.11
7ff0f8ff3000-7ff0f8ff4000 ---p 00019000 08:02 7078082                    /usr/lib/x86_64-linux-gnu/libz.so.1.2.11
7ff0f8ff4000-7ff0f8ff5000 r--p 00019000 08:02 7078082                    /usr/lib/x86_64-linux-gnu/libz.so.1.2.11
7ff0f8ff5000-7ff0f8ff6000 rw-p 0001a000 08:02 7078082                    /usr/lib/x86_64-linux-gnu/libz.so.1.2.11
7ff0f8ff6000-7ff0f901b000 r--p 00000000 08:02 7080073                    /usr/lib/x86_64-linux-gnu/libc-2.31.so
7ff0f901b000-7ff0f9193000 r-xp 00025000 08:02 7080073                    /usr/lib/x86_64-linux-gnu/libc-2.31.so
7ff0f9193000-7ff0f91dd000 r--p 0019d000 08:02 7080073                    /usr/lib/x86_64-linux-gnu/libc-2.31.so
7ff0f91dd000-7ff0f91de000 ---p 001e7000 08:02 7080073                    /usr/lib/x86_64-linux-gnu/libc-2.31.so
7ff0f91de000-7ff0f91e1000 r--p 001e7000 08:02 7080073                    /usr/lib/x86_64-linux-gnu/libc-2.31.so
7ff0f91e1000-7ff0f91e4000 rw-p 001ea000 08:02 7080073                    /usr/lib/x86_64-linux-gnu/libc-2.31.so
7ff0f91e4000-7ff0f91e8000 rw-p 00000000 00:00 0 
7ff0f91ec000-7ff0f91f3000 r--s 00000000 08:02 7736501                    /usr/lib/x86_64-linux-gnu/gconv/gconv-modules.cache
7ff0f91f3000-7ff0f91fb000 rw-s 00000000 08:02 3670034                    /tmp/hsperfdata_intel/3279400
7ff0f91fb000-7ff0f91fc000 ---p 00000000 00:00 0 
7ff0f91fc000-7ff0f91fd000 r--p 00000000 00:00 0 
7ff0f91fd000-7ff0f9200000 r--p 00000000 08:02 23234148                   /home/jatinbha/sandboxes/jdk18/jdk18u/build/linux-x86_64-server-slowdebug/jdk/lib/libjli.so
7ff0f9200000-7ff0f920e000 r-xp 00003000 08:02 23234148                   /home/jatinbha/sandboxes/jdk18/jdk18u/build/linux-x86_64-server-slowdebug/jdk/lib/libjli.so
7ff0f920e000-7ff0f9212000 r--p 00011000 08:02 23234148                   /home/jatinbha/sandboxes/jdk18/jdk18u/build/linux-x86_64-server-slowdebug/jdk/lib/libjli.so
7ff0f9212000-7ff0f9213000 r--p 00014000 08:02 23234148                   /home/jatinbha/sandboxes/jdk18/jdk18u/build/linux-x86_64-server-slowdebug/jdk/lib/libjli.so
7ff0f9213000-7ff0f9214000 rw-p 00015000 08:02 23234148                   /home/jatinbha/sandboxes/jdk18/jdk18u/build/linux-x86_64-server-slowdebug/jdk/lib/libjli.so
7ff0f9214000-7ff0f9216000 rw-p 00000000 00:00 0 
7ff0f9216000-7ff0f9217000 r--p 00000000 08:02 7080069                    /usr/lib/x86_64-linux-gnu/ld-2.31.so
7ff0f9217000-7ff0f923a000 r-xp 00001000 08:02 7080069                    /usr/lib/x86_64-linux-gnu/ld-2.31.so
7ff0f923a000-7ff0f9242000 r--p 00024000 08:02 7080069                    /usr/lib/x86_64-linux-gnu/ld-2.31.so
7ff0f9242000-7ff0f9243000 rwxp 00000000 00:00 0 
7ff0f9243000-7ff0f9244000 r--p 0002c000 08:02 7080069                    /usr/lib/x86_64-linux-gnu/ld-2.31.so
7ff0f9244000-7ff0f9245000 rw-p 0002d000 08:02 7080069                    /usr/lib/x86_64-linux-gnu/ld-2.31.so
7ff0f9245000-7ff0f9246000 rw-p 00000000 00:00 0 
7ffff6aa2000-7ffff6ac3000 rw-p 00000000 00:00 0                          [stack]
7ffff6bc4000-7ffff6bc8000 r--p 00000000 00:00 0                          [vvar]
7ffff6bc8000-7ffff6bca000 r-xp 00000000 00:00 0                          [vdso]
ffffffffff600000-ffffffffff601000 --xp 00000000 00:00 0                  [vsyscall]


VM Arguments:
jvm_args: -XX:+UnlockDiagnosticVMOptions -XX:-TieredCompilation 
java_command: compress_bits 1024 0
java_class_path (initial): .
Launcher Type: SUN_STANDARD

[Global flags]
     intx CICompilerCount                          = 18                                        {product} {ergonomic}     Number of compiler threads to run
     uint ConcGCThreads                            = 18                                        {product} {ergonomic}     Number of threads concurrent gc will use
     uint G1ConcRefinementThreads                  = 73                                        {product} {ergonomic}     The number of parallel remembered set update threads. Will be set ergonomically by default.
   size_t G1HeapRegionSize                         = 16777216                                  {product} {ergonomic}     Size of the G1 regions.
    uintx GCDrainStackTargetSize                   = 64                                        {product} {ergonomic}     Number of entries we will try to leave on the stack during parallel gc
   size_t InitialHeapSize                          = 2147483648                                {product} {ergonomic}     Initial heap size (in bytes); zero means use ergonomics
   size_t MarkStackSize                            = 4194304                                   {product} {ergonomic}     Size of marking stack
   size_t MaxHeapSize                              = 31675383808                               {product} {ergonomic}     Maximum heap size (in bytes)
   size_t MaxNewSize                               = 18991808512                               {product} {ergonomic}     Maximum new generation size (in bytes), max_uintx means set ergonomically
   size_t MinHeapDeltaBytes                        = 16777216                                  {product} {ergonomic}     The minimum change in heap space due to GC (in bytes)
   size_t MinHeapSize                              = 16777216                                  {product} {ergonomic}     Minimum heap size (in bytes); zero means use ergonomics
    uintx NonProfiledCodeHeapSize                  = 0                                      {pd product} {ergonomic}     Size of code heap with non-profiled methods (in bytes)
    uintx ProfiledCodeHeapSize                     = 0                                      {pd product} {ergonomic}     Size of code heap with profiled methods (in bytes)
   size_t SoftMaxHeapSize                          = 31675383808                            {manageable} {ergonomic}     Soft limit for maximum heap size (in bytes)
     bool TieredCompilation                        = false                                  {pd product} {command line}  Enable tiered compilation
     bool UnlockDiagnosticVMOptions                = true                                   {diagnostic} {command line}  Enable normal processing of flags relating to field diagnostics
     bool UseCompressedClassPointers               = true                           {product lp64_product} {ergonomic}   Use 32-bit class pointers in 64-bit VM. lp64_product means flag is always constant in 32 bit VM
     bool UseCompressedOops                        = true                           {product lp64_product} {ergonomic}   Use 32-bit object references in 64-bit VM. lp64_product means flag is always constant in 32 bit VM
     bool UseG1GC                                  = true                                      {product} {ergonomic}     Use the Garbage-First garbage collector

Logging:
Log output configuration:
 #0: stdout all=warning uptime,level,tags foldmultilines=false
 #1: stderr all=off uptime,level,tags foldmultilines=false

Environment Variables:
JAVA_HOME=/home/jatinbha/sandboxes/jdk18/jdk18u/build/linux-x86_64-server-slowdebug/jdk/
PATH=/home/jatinbha/sandboxes/jdk18/jdk18u/build/linux-x86_64-server-slowdebug/jdk//bin:/home/jatinbha/softwares/jdk-17.0.2//bin:/home/jatinbha/softwares/thrift-0.16.0/bin:/home/jatinbha/softwares/jdk8u322-b06//bin:/home/jatinbha/softwares/jdk-17//bin:/home/jatinbha/softwares/apache-maven-3.6.3/bin:/home/jatinbha/sandboxes/skara/build/bin:/home/jatinbha/softwares/sde-internal-conf-8.62.0-2021-01-03-lin:/home/jatinbha/.local/bin:/home/jatinbha/bin:/home/intel/swati/jdk/jdk-17.0.1/bin:/home/jatinbha/softwares/jdk-17.0.2//bin:/home/jatinbha/softwares/thrift-0.16.0/bin:/home/jatinbha/softwares/jdk8u322-b06//bin:/home/jatinbha/softwares/jdk-17//bin:/home/jatinbha/softwares/apache-maven-3.6.3/bin:/home/jatinbha/sandboxes/skara/build/bin:/home/jatinbha/softwares/sde-internal-conf-8.62.0-2021-01-03-lin:/usr/local/sbin:/usr/local/bin:/usr/sbin:/usr/bin:/sbin:/bin:/usr/games:/usr/local/games:/snap/bin
LD_LIBRARY_PATH=/home/jatinbha/softwares:/home/jatinbha/softwares:
SHELL=/bin/bash
LANG=en_IN

Signal Handlers:
   SIGSEGV: crash_handler in libjvm.so, mask=11100100010111111101111111111110, flags=SA_RESTART|SA_SIGINFO
    SIGBUS: crash_handler in libjvm.so, mask=11100100010111111101111111111110, flags=SA_RESTART|SA_SIGINFO
    SIGFPE: crash_handler in libjvm.so, mask=11100100010111111101111111111110, flags=SA_RESTART|SA_SIGINFO
   SIGPIPE: javaSignalHandler in libjvm.so, mask=11100100010111111101111111111110, flags=SA_RESTART|SA_SIGINFO
   SIGXFSZ: javaSignalHandler in libjvm.so, mask=11100100010111111101111111111110, flags=SA_RESTART|SA_SIGINFO
    SIGILL: crash_handler in libjvm.so, mask=11100100010111111101111111111110, flags=SA_RESTART|SA_SIGINFO
   SIGUSR2: SR_handler in libjvm.so, mask=00000000000000000000000000000000, flags=SA_RESTART|SA_SIGINFO
    SIGHUP: UserHandler in libjvm.so, mask=11100100010111111101111111111110, flags=SA_RESTART|SA_SIGINFO
    SIGINT: UserHandler in libjvm.so, mask=11100100010111111101111111111110, flags=SA_RESTART|SA_SIGINFO
   SIGTERM: UserHandler in libjvm.so, mask=11100100010111111101111111111110, flags=SA_RESTART|SA_SIGINFO
   SIGQUIT: UserHandler in libjvm.so, mask=11100100010111111101111111111110, flags=SA_RESTART|SA_SIGINFO
   SIGTRAP: crash_handler in libjvm.so, mask=11100100010111111101111111111110, flags=SA_RESTART|SA_SIGINFO


---------------  S Y S T E M  ---------------

OS:
DISTRIB_ID=Ubuntu
DISTRIB_RELEASE=20.04
DISTRIB_CODENAME=focal
DISTRIB_DESCRIPTION="Ubuntu 20.04.2 LTS"
uname: Linux intel-S2600WFT 5.8.0-41-generic #46~20.04.1-Ubuntu SMP Mon Jan 18 17:52:23 UTC 2021 x86_64
OS uptime: 130 days 2:42 hours
libc: glibc 2.31 NPTL 2.31 
rlimit (soft/hard): STACK 8192k/infinity , CORE 0k/infinity , NPROC 3090643/3090643 , NOFILE 1048576/1048576 , AS infinity/infinity , CPU infinity/infinity , DATA infinity/infinity , FSIZE infinity/infinity , MEMLOCK 65536k/65536k
load average: 0.63 0.20 0.07

/proc/meminfo:
MemTotal:       791263068 kB
MemFree:        438859272 kB
MemAvailable:   565337772 kB
Buffers:        15681500 kB
Cached:         105667656 kB
SwapCached:         4184 kB
Active:         49559592 kB
Inactive:       74086988 kB
Active(anon):    2042524 kB
Inactive(anon):   242440 kB
Active(file):   47517068 kB
Inactive(file): 73844548 kB
Unevictable:           0 kB
Mlocked:               0 kB
SwapTotal:       2097148 kB
SwapFree:        2007292 kB
Dirty:               380 kB
Writeback:             0 kB
AnonPages:       2293596 kB
Mapped:           657872 kB
Shmem:              8760 kB
KReclaimable:   10170964 kB
Slab:           11999116 kB
SReclaimable:   10170964 kB
SUnreclaim:      1828152 kB
KernelStack:       32848 kB
PageTables:        22912 kB
NFS_Unstable:          0 kB
Bounce:                0 kB
WritebackTmp:          0 kB
CommitLimit:    290085800 kB
Committed_AS:   15649204 kB
VmallocTotal:   34359738367 kB
VmallocUsed:      586200 kB
VmallocChunk:          0 kB
Percpu:           263424 kB
HardwareCorrupted:     0 kB
AnonHugePages:         0 kB
ShmemHugePages:        0 kB
ShmemPmdMapped:        0 kB
FileHugePages:         0 kB
FilePmdMapped:         0 kB
HugePages_Total:   100000
HugePages_Free:    100000
HugePages_Rsvd:        0
HugePages_Surp:        0
Hugepagesize:       2048 kB
Hugetlb:        215285760 kB
DirectMap4k:     3188120 kB
DirectMap2M:    192583680 kB
DirectMap1G:    610271232 kB

/sys/kernel/mm/transparent_hugepage/enabled: always [madvise] never
/sys/kernel/mm/transparent_hugepage/defrag (defrag/compaction efforts parameter): always defer defer+madvise [madvise] never

Process Memory:
Virtual Size: 34961764K (peak: 35010248K)
Resident Set Size: 240592K (peak: 240592K) (anon: 211736K, file: 28856K, shmem: 0K)
Swapped out: 0K
C-Heap outstanding allocations: 16259K

/proc/sys/kernel/threads-max (system-wide limit on the number of threads): 6181286
/proc/sys/vm/max_map_count (maximum number of memory map areas a process may have): 65530
/proc/sys/kernel/pid_max (system-wide limit on number of process identifiers): 4194304

container (cgroup) information:
container_type: cgroupv1
cpu_cpuset_cpus: 0-111
cpu_memory_nodes: 0-1
active_processor_count: 112
cpu_quota: no quota
cpu_period: 100000
cpu_shares: no shares
memory_limit_in_bytes: unlimited
memory_and_swap_limit_in_bytes: unlimited
memory_soft_limit_in_bytes: unlimited
memory_usage_in_bytes: 663965696
memory_max_usage_in_bytes: 2028560384
maximum number of tasks: unlimited
current number of tasks: 26

Steal ticks since vm start: 0
Steal ticks percentage since vm start:  0.000

CPU: total 112 (initial active 112) (28 cores per cpu, 2 threads per core) family 6 model 85 stepping 7 microcode 0x5003006, cx8, cmov, fxsr, ht, mmx, 3dnowpref, sse, sse2, sse3, ssse3, sse4.1, sse4.2, popcnt, lzcnt, tsc, tscinvbit, avx, avx2, aes, erms, clmul, bmi1, bmi2, adx, avx512f, avx512dq, avx512cd, avx512bw, avx512vl, fma, vzeroupper, avx512_vnni, clflush, clflushopt, clwb
CPU Model and flags from /proc/cpuinfo:
model name	: Intel(R) Xeon(R) Platinum 8280 CPU @ 2.70GHz
flags		: fpu vme de pse tsc msr pae mce cx8 apic sep mtrr pge mca cmov pat pse36 clflush dts acpi mmx fxsr sse sse2 ss ht tm pbe syscall nx pdpe1gb rdtscp lm constant_tsc art arch_perfmon pebs bts rep_good nopl xtopology nonstop_tsc cpuid aperfmperf pni pclmulqdq dtes64 monitor ds_cpl smx est tm2 ssse3 sdbg fma cx16 xtpr pdcm pcid dca sse4_1 sse4_2 x2apic movbe popcnt tsc_deadline_timer aes xsave avx f16c rdrand lahf_lm abm 3dnowprefetch cpuid_fault epb cat_l3 cdp_l3 invpcid_single ssbd mba ibrs ibpb stibp ibrs_enhanced fsgsbase tsc_adjust bmi1 avx2 smep bmi2 erms invpcid cqm mpx rdt_a avx512f avx512dq rdseed adx smap clflushopt clwb intel_pt avx512cd avx512bw avx512vl xsaveopt xsavec xgetbv1 xsaves cqm_llc cqm_occup_llc cqm_mbm_total cqm_mbm_local dtherm ida arat pln pts hwp hwp_act_window hwp_epp hwp_pkg_req pku ospke avx512_vnni md_clear flush_l1d arch_capabilities

Online cpus: 0-111
Offline cpus: 
cache level: 1
cache type: Data
cache size: 32K
cache coherency line size: 64
cache level: 1
cache type: Instruction
cache size: 32K
cache coherency line size: 64
cache level: 2
cache type: Unified
cache size: 1024K
cache coherency line size: 64
cache level: 3
cache type: Unified
cache size: 39424K
cache coherency line size: 64
BIOS frequency limitation: <Not Available>
Frequency switch latency (ns): 0
Available cpu frequencies: <Not Available>
Maximum cpu frequency: 4000000
Minimum cpu frequency: 1000000
Current cpu frequency: 2711226
Available governors: performance powersave
Current governor: powersave
Core performance/turbo boost: <Not Available>

Memory: 4k page, physical 791263068k(438859272k free), swap 2097148k(2007292k free)
Page Sizes: 4k

vm_info: OpenJDK 64-Bit Server VM (slowdebug 18.0.1-internal+0-adhoc.root.jdk18u) for linux-amd64 JRE (18.0.1-internal+0-adhoc.root.jdk18u), built on May  6 2022 06:05:34 by "root" with gcc 9.3.0

END.
