<?xml version='1.0' encoding='UTF-8'?>
<hotspot_log version='160 1' process='3546240' time_ms='1740759246786'>
<vm_version>
<name>
OpenJDK 64-Bit Server VM
</name>
<release>
25-internal-adhoc.root.jdk
</release>
<info>
OpenJDK 64-Bit Server VM (slowdebug 25-internal-adhoc.root.jdk) for linux-amd64 JRE (25-internal-adhoc.root.jdk), built on 2025-02-20T06:41:13Z with gcc 9.3.0
</info>
</vm_version>
<vm_arguments>
<args>
-XX:TieredStopAtLevel=3 -XX:+TraceDeoptimization -XX:+PauseAtStartup -Xcomp </args>
<command>
TestDeoptInt
</command>
<launcher>
SUN_STANDARD
</launcher>
<properties>
java.vm.specification.name=Java Virtual Machine Specification
java.vm.version=25-internal-adhoc.root.jdk
java.vm.name=OpenJDK 64-Bit Server VM
jdk.debug=slowdebug
sun.boot.library.path=/home/jatinbha/sandboxes/jdk/jdk/build/linux-x86_64-server-slowdebug/images/jdk/lib
java.library.path=/home/jatinbha/softwares::/usr/java/packages/lib:/usr/lib64:/lib64:/lib:/usr/lib
java.home=/home/jatinbha/sandboxes/jdk/jdk/build/linux-x86_64-server-slowdebug/images/jdk
java.class.path=.
java.vm.info=compiled mode, sharing
java.vm.specification.vendor=Oracle Corporation
java.vm.specification.version=25
java.vm.vendor=Oracle Corporation
sun.java.command=TestDeoptInt
sun.java.launcher=SUN_STANDARD
</properties>
</vm_arguments>
<tty>
<writer thread='3546241'/>
<blob name='MethodHandlesAdapterBlob' total_size='10224'>
<sect index='1' capacity='10224' size='2282' remaining='7942'/>
</blob>
<dependency_failed type='unique_concrete_method_4' ctxk='java/lang/Thread' x='java.lang.Thread setContextClassLoader (Ljava/lang/ClassLoader;)V' x2='java/lang/Thread' x3='java.lang.Thread setContextClassLoader (Ljava/lang/ClassLoader;)V' witness='jdk/internal/misc/InnocuousThread' stamp='280.194'/>
<dependency_failed type='unique_concrete_method_4' ctxk='java/util/concurrent/ConcurrentHashMap$Node' x='java.util.concurrent.ConcurrentHashMap$Node find (ILjava/lang/Object;)Ljava/util/concurrent/ConcurrentHashMap$Node;' x2='java/util/concurrent/ConcurrentHashMap$Node' x3='java.util.concurrent.ConcurrentHashMap$Node find (ILjava/lang/Object;)Ljava/util/concurrent/ConcurrentHashMap$Node;' witness='java/util/concurrent/ConcurrentHashMap$ReservationNode' stamp='280.460'/>
DEOPT PACKING thread=0x00007f70e802d3c0 vframeArray=0x00007f70e8353340
   Deoptimized frame (sp=0x00007f70ed5194b0 unextended sp=0x00007f70ed5194b0, fp=0x00007f70ed5198d0, real_fp=0x00007f70ed519530, pc=0x00007f70dc8887d1)
     nmethod
280857  416       3       java.lang.Class::privateGetDeclaredMethods (56 bytes)
   Virtual frames (innermost/newest first):
      VFrame 0 (0x00007f702cc94240) - java.lang.Class.privateGetDeclaredMethods(Z)[Ljava/lang/reflect/Method; - nofast_getfield @ bci=10 

DEOPT UNPACKING thread=0x00007f70e802d3c0 vframeArray=0x00007f70e8353340 mode=3
   Virtual frames (outermost/oldest first):
      VFrame 0 (0x00007f70e8354720) - java.lang.Class.privateGetDeclaredMethods(Z)[Ljava/lang/reflect/Method; - nofast_getfield @ bci=10 sp=0x00007f70ed5194b0

DEOPT PACKING thread=0x00007f70e802d3c0 vframeArray=0x00007f70e8358290
   Deoptimized frame (sp=0x00007f70ed519810 unextended sp=0x00007f70ed519810, fp=0x00007f70ed519910, real_fp=0x00007f70ed519870, pc=0x00007f70dc8913b6)
     nmethod
280978  435       3       TestDeoptInt::m (49 bytes)
   Virtual frames (innermost/newest first):
      VFrame 0 (0x00007f702ccc5e20) - TestDeoptInt.m(I)V - getfield @ bci=12 

DEOPT UNPACKING thread=0x00007f70e802d3c0 vframeArray=0x00007f70e8358290 mode=3
   Virtual frames (outermost/oldest first):
      VFrame 0 (0x00007f70e8359670) - TestDeoptInt.m(I)V - getfield @ bci=12 sp=0x00007f70ed5197f0

C1 Runtime statistics:
 _resolve_invoke_virtual_cnt:     72
 _resolve_invoke_opt_virtual_cnt: 407
 _resolve_invoke_static_cnt:      187
 _handle_wrong_method_cnt:        1
 _ic_miss_cnt:                    5
 _generic_arraycopystub_cnt:      0
 _byte_arraycopy_cnt:             0
 _short_arraycopy_cnt:            0
 _int_arraycopy_cnt:              0
 _long_arraycopy_cnt:             0
 _oop_arraycopy_cnt:              0
 _arraycopy_slowcase_cnt:         0
 _arraycopy_checkcast_cnt:        0
 _arraycopy_checkcast_attempt_cnt:0
 _new_type_array_slowcase_cnt:    0
 _new_object_array_slowcase_cnt:  0
 _new_instance_slowcase_cnt:      0
 _new_multi_array_slowcase_cnt:   0
 _monitorenter_slowcase_cnt:      0
 _monitorexit_slowcase_cnt:       0
 _patch_code_slowcase_cnt:        0
 _throw_range_check_exception_count:            0:
 _throw_index_exception_count:                  0:
 _throw_div0_exception_count:                   0:
 _throw_null_pointer_exception_count:           0:
 _throw_class_cast_exception_count:             0:
 _throw_incompatible_class_change_error_count:  0:
 _throw_count:                                  0:

<statistics type='SharedRuntime'>
    5 inline cache miss in compiled
    1 wrong method
  187 unresolved static call site
   72 unresolved virtual call site
  407 unresolved opt virtual call site
   78 byte array copies
    3 int array copies
AdapterHandlerTable statistics:
Number of buckets       :       293 =      2344 bytes, each 8
Number of entries       :       176 =      9856 bytes, each 56
Number of literals      :       176 =     14080 bytes, avg  80.000
Total footprint         :           =     26280 bytes
Average bucket size     :     0.601
Variance of bucket size :     0.547
Std. dev. of bucket size:     0.740
Maximum bucket size     :         4
AdapterHandlerTable (table_size=293, entries=176)
AdapterHandlerTable: lookups 2854 equals 2288 hits 2288 compact 2288
</statistics>
<statistics type='opto'>
--- Compiler Statistics ---
Methods seen: 0  Methods parsed: 0  Nodes created: 0
Blocks parsed: 0  Blocks seen: 0
StringConcat:    0/   0/   0(replaced/merged/total)
CCP: 0  constants found: 0
Total frameslots = 0, Max frameslots = 0
Nops added 0 bytes to total of 0 bytes
Peephole: peephole rules applied: 0
PhaseIdealLoop=0, sum _unique=0, long loops=0/0/0
No escape = 0, Arg escape = 0, Global escape = 0
Objects scalar replaced = 0, Monitor objects removed = 0, GC barriers removed = 0, Memory barriers removed = 0
</statistics>
<statistics type='deoptimization'>
Deoptimization traps recorded:
     2 (100.0%) total
                       constraint/none/nop: 2 (100.0%)
</statistics>
<writer thread='3546306'/>
<destroy_vm stamp='281.019'/>
<tty_done stamp='281.293'/>
</tty>
<hotspot_log_done stamp='281.293'/>
</hotspot_log>
