<?xml version='1.0' encoding='UTF-8'?>
<hotspot_log version='160 1' process='2833028' time_ms='1705597277631'>
<vm_version>
<name>
OpenJDK 64-Bit Server VM
</name>
<release>
23-internal-adhoc.root.jdk
</release>
<info>
OpenJDK 64-Bit Server VM (slowdebug 23-internal-adhoc.root.jdk) for linux-amd64 JRE (23-internal-adhoc.root.jdk), built on 2023-11-29T06:22:32Z by &quot;root&quot; with gcc 9.3.0
</info>
</vm_version>
<vm_arguments>
<args>
-XX:+PrintDependencies -XX:+TraceCallFixup -XX:-TieredCompilation -Xbatch -XX:CompileThresholdScaling=0.3 </args>
<command>
test
</command>
<launcher>
SUN_STANDARD
</launcher>
<properties>
java.vm.specification.name=Java Virtual Machine Specification
java.vm.version=23-internal-adhoc.root.jdk
java.vm.name=OpenJDK 64-Bit Server VM
jdk.debug=slowdebug
sun.boot.library.path=/home/jatinbha/sandboxes/jdk/build/linux-x86_64-server-slowdebug/images/jdk/lib
java.library.path=/home/jatinbha/softwares::/usr/java/packages/lib:/usr/lib64:/lib64:/lib:/usr/lib
java.home=/home/jatinbha/sandboxes/jdk/build/linux-x86_64-server-slowdebug/images/jdk
java.class.path=.
java.vm.info=mixed mode, sharing
java.vm.specification.vendor=Oracle Corporation
java.vm.specification.version=23
java.vm.vendor=Oracle Corporation
sun.java.command=test
sun.java.launcher=SUN_STANDARD
</properties>
</vm_arguments>
<tty>
<writer thread='2833029'/>
<blob name='MethodHandlesAdapterBlob' total_size='10224'>
<sect index='1' capacity='10224' size='1898' remaining='8326'/>
</blob>
<print_native_nmethod method='java.lang.invoke.MethodHandle linkToStatic (Ljava/lang/Object;Ljava/lang/Object;Ljava/lang/Object;Ljava/lang/Object;Ljava/lang/Object;Ljava/lang/invoke/MemberName;)Ljava/lang/Object;' bytes='0' count='0' iicount='0' stamp='0.377' address='0x00007fbb80a00090'>
Compiled method (n/a) 377    1     n       java.lang.invoke.MethodHandle::linkToStatic(LLLLLL)L (native)
 total in heap  [0x00007fbb80a00090,0x00007fbb80a002f8] = 616
 relocation     [0x00007fbb80a001f8,0x00007fbb80a00240] = 72
 main code      [0x00007fbb80a00240,0x00007fbb80a002f7] = 183
 stub code      [0x00007fbb80a002f7,0x00007fbb80a002f8] = 1
</print_native_nmethod>
<writer thread='2833045'/>
<print_nmethod compile_id='2' compiler='c2' stamp='0.384'>
Compiled method (c2) 384    2             java.lang.Enum::ordinal (5 bytes)
 total in heap  [0x00007fbb809ffd10,0x00007fbb809fff88] = 632
 relocation     [0x00007fbb809ffe78,0x00007fbb809ffe90] = 24
 main code      [0x00007fbb809ffea0,0x00007fbb809fff10] = 112
 stub code      [0x00007fbb809fff10,0x00007fbb809fff28] = 24
 metadata       [0x00007fbb809fff28,0x00007fbb809fff30] = 8
 scopes data    [0x00007fbb809fff30,0x00007fbb809fff40] = 16
 scopes pcs     [0x00007fbb809fff40,0x00007fbb809fff80] = 64
 dependencies   [0x00007fbb809fff80,0x00007fbb809fff88] = 8
Dependencies:
- - - - - - - - - - - - - - - - - - - - - - - - - - - - - - - - - - - - - - - - 
</print_nmethod>
<print_nmethod compile_id='3' compiler='c2' stamp='0.389'>
Compiled method (c2) 388    3             jdk.internal.util.StrongReferenceKey::get (5 bytes)
 total in heap  [0x00007fbb80a08590,0x00007fbb80a08838] = 680
 relocation     [0x00007fbb80a086f8,0x00007fbb80a08720] = 40
 main code      [0x00007fbb80a08720,0x00007fbb80a087c0] = 160
 stub code      [0x00007fbb80a087c0,0x00007fbb80a087d8] = 24
 metadata       [0x00007fbb80a087d8,0x00007fbb80a087e0] = 8
 scopes data    [0x00007fbb80a087e0,0x00007fbb80a087f0] = 16
 scopes pcs     [0x00007fbb80a087f0,0x00007fbb80a08830] = 64
 dependencies   [0x00007fbb80a08830,0x00007fbb80a08838] = 8
Dependencies:
- - - - - - - - - - - - - - - - - - - - - - - - - - - - - - - - - - - - - - - - 
</print_nmethod>
<writer thread='2833029'/>
<print_native_nmethod method='java.lang.invoke.MethodHandle invokeBasic (Ljava/lang/Object;Ljava/lang/Object;Ljava/lang/Object;Ljava/lang/Object;Ljava/lang/Object;)Ljava/lang/Object;' bytes='0' count='0' iicount='0' stamp='0.394' address='0x00007fbb80a0b110'>
Compiled method (n/a) 393    4     n       java.lang.invoke.MethodHandle::invokeBasic(LLLLL)L (native)
 total in heap  [0x00007fbb80a0b110,0x00007fbb80a0b350] = 576
 relocation     [0x00007fbb80a0b278,0x00007fbb80a0b2c0] = 72
 main code      [0x00007fbb80a0b2c0,0x00007fbb80a0b34d] = 141
 stub code      [0x00007fbb80a0b34d,0x00007fbb80a0b350] = 3
</print_native_nmethod>
<print_native_nmethod method='java.lang.invoke.MethodHandle linkToSpecial (Ljava/lang/Object;Ljava/lang/Object;Ljava/lang/Object;Ljava/lang/Object;Ljava/lang/Object;Ljava/lang/Object;Ljava/lang/invoke/MemberName;)Ljava/lang/Object;' bytes='0' count='0' iicount='0' stamp='0.394' address='0x00007fbb80a07810'>
Compiled method (n/a) 394    5     n       java.lang.invoke.MethodHandle::linkToSpecial(LLLLLLL)L (native)
 total in heap  [0x00007fbb80a07810,0x00007fbb80a07bd8] = 968
 relocation     [0x00007fbb80a07978,0x00007fbb80a07a08] = 144
 main code      [0x00007fbb80a07a20,0x00007fbb80a07bd4] = 436
 stub code      [0x00007fbb80a07bd4,0x00007fbb80a07bd8] = 4
</print_native_nmethod>
<writer thread='2833045'/>
<print_nmethod compile_id='6' compiler='c2' stamp='0.396'>
Compiled method (c2) 395    6             java.lang.invoke.MethodType::returnType (5 bytes)
 total in heap  [0x00007fbb80a0ae10,0x00007fbb80a0b0b8] = 680
 relocation     [0x00007fbb80a0af78,0x00007fbb80a0afa0] = 40
 main code      [0x00007fbb80a0afa0,0x00007fbb80a0b040] = 160
 stub code      [0x00007fbb80a0b040,0x00007fbb80a0b058] = 24
 metadata       [0x00007fbb80a0b058,0x00007fbb80a0b060] = 8
 scopes data    [0x00007fbb80a0b060,0x00007fbb80a0b070] = 16
 scopes pcs     [0x00007fbb80a0b070,0x00007fbb80a0b0b0] = 64
 dependencies   [0x00007fbb80a0b0b0,0x00007fbb80a0b0b8] = 8
Dependencies:
- - - - - - - - - - - - - - - - - - - - - - - - - - - - - - - - - - - - - - - - 
</print_nmethod>
<print_nmethod compile_id='7' compiler='c2' stamp='0.400'>
Compiled method (c2) 399    7             java.lang.invoke.MethodType::ptypes (5 bytes)
 total in heap  [0x00007fbb80a0f510,0x00007fbb80a0f7b8] = 680
 relocation     [0x00007fbb80a0f678,0x00007fbb80a0f6a0] = 40
 main code      [0x00007fbb80a0f6a0,0x00007fbb80a0f740] = 160
 stub code      [0x00007fbb80a0f740,0x00007fbb80a0f758] = 24
 metadata       [0x00007fbb80a0f758,0x00007fbb80a0f760] = 8
 scopes data    [0x00007fbb80a0f760,0x00007fbb80a0f770] = 16
 scopes pcs     [0x00007fbb80a0f770,0x00007fbb80a0f7b0] = 64
 dependencies   [0x00007fbb80a0f7b0,0x00007fbb80a0f7b8] = 8
Dependencies:
- - - - - - - - - - - - - - - - - - - - - - - - - - - - - - - - - - - - - - - - 
</print_nmethod>
<writer thread='2833029'/>
<print_native_nmethod method='java.lang.invoke.MethodHandle linkToStatic (Ljava/lang/Object;Ljava/lang/Object;Ljava/lang/invoke/MemberName;)Ljava/lang/Object;' bytes='0' count='0' iicount='0' stamp='0.402' address='0x00007fbb80a0f210'>
Compiled method (n/a) 401    8     n       java.lang.invoke.MethodHandle::linkToStatic(LLL)L (native)
 total in heap  [0x00007fbb80a0f210,0x00007fbb80a0f478] = 616
 relocation     [0x00007fbb80a0f378,0x00007fbb80a0f3c0] = 72
 main code      [0x00007fbb80a0f3c0,0x00007fbb80a0f477] = 183
 stub code      [0x00007fbb80a0f477,0x00007fbb80a0f478] = 1
</print_native_nmethod>
<writer thread='2833045'/>
<print_nmethod compile_id='9' compiler='c2' stamp='0.405'>
Compiled method (c2) 405    9             java.lang.invoke.MethodType::form (5 bytes)
 total in heap  [0x00007fbb80a0ef10,0x00007fbb80a0f1b8] = 680
 relocation     [0x00007fbb80a0f078,0x00007fbb80a0f0a0] = 40
 main code      [0x00007fbb80a0f0a0,0x00007fbb80a0f140] = 160
 stub code      [0x00007fbb80a0f140,0x00007fbb80a0f158] = 24
 metadata       [0x00007fbb80a0f158,0x00007fbb80a0f160] = 8
 scopes data    [0x00007fbb80a0f160,0x00007fbb80a0f170] = 16
 scopes pcs     [0x00007fbb80a0f170,0x00007fbb80a0f1b0] = 64
 dependencies   [0x00007fbb80a0f1b0,0x00007fbb80a0f1b8] = 8
Dependencies:
- - - - - - - - - - - - - - - - - - - - - - - - - - - - - - - - - - - - - - - - 
</print_nmethod>
<print_nmethod compile_id='10' compiler='c2' stamp='0.407'>
Compiled method (c2) 407   10             jdk.internal.util.WeakReferenceKey::hashCode (5 bytes)
 total in heap  [0x00007fbb80a0ec10,0x00007fbb80a0ee88] = 632
 relocation     [0x00007fbb80a0ed78,0x00007fbb80a0ed90] = 24
 main code      [0x00007fbb80a0eda0,0x00007fbb80a0ee10] = 112
 stub code      [0x00007fbb80a0ee10,0x00007fbb80a0ee28] = 24
 metadata       [0x00007fbb80a0ee28,0x00007fbb80a0ee30] = 8
 scopes data    [0x00007fbb80a0ee30,0x00007fbb80a0ee40] = 16
 scopes pcs     [0x00007fbb80a0ee40,0x00007fbb80a0ee80] = 64
 dependencies   [0x00007fbb80a0ee80,0x00007fbb80a0ee88] = 8
Dependencies:
- - - - - - - - - - - - - - - - - - - - - - - - - - - - - - - - - - - - - - - - 
</print_nmethod>
<print_nmethod compile_id='11' compiler='c2' stamp='0.411'>
Compiled method (c2) 410   11             java.lang.invoke.MemberName::getDeclaringClass (5 bytes)
 total in heap  [0x00007fbb80a0e910,0x00007fbb80a0ebb8] = 680
 relocation     [0x00007fbb80a0ea78,0x00007fbb80a0eaa0] = 40
 main code      [0x00007fbb80a0eaa0,0x00007fbb80a0eb40] = 160
 stub code      [0x00007fbb80a0eb40,0x00007fbb80a0eb58] = 24
 metadata       [0x00007fbb80a0eb58,0x00007fbb80a0eb60] = 8
 scopes data    [0x00007fbb80a0eb60,0x00007fbb80a0eb70] = 16
 scopes pcs     [0x00007fbb80a0eb70,0x00007fbb80a0ebb0] = 64
 dependencies   [0x00007fbb80a0ebb0,0x00007fbb80a0ebb8] = 8
Dependencies:
- - - - - - - - - - - - - - - - - - - - - - - - - - - - - - - - - - - - - - - - 
</print_nmethod>
<writer thread='2833029'/>
<print_native_nmethod method='java.lang.invoke.MethodHandle linkToStatic (Ljava/lang/Object;Ljava/lang/Object;Ljava/lang/Object;Ljava/lang/invoke/MemberName;)Ljava/lang/Object;' bytes='0' count='0' iicount='0' stamp='0.416' address='0x00007fbb80a0e510'>
Compiled method (n/a) 416   12     n       java.lang.invoke.MethodHandle::linkToStatic(LLLL)L (native)
 total in heap  [0x00007fbb80a0e510,0x00007fbb80a0e780] = 624
 relocation     [0x00007fbb80a0e678,0x00007fbb80a0e6c0] = 72
 main code      [0x00007fbb80a0e6c0,0x00007fbb80a0e77a] = 186
 stub code      [0x00007fbb80a0e77a,0x00007fbb80a0e780] = 6
</print_native_nmethod>
<print_native_nmethod method='java.lang.invoke.MethodHandle invokeBasic (Ljava/lang/Object;Ljava/lang/Object;)Ljava/lang/Object;' bytes='0' count='0' iicount='0' stamp='0.419' address='0x00007fbb80a14710'>
Compiled method (n/a) 419   13     n       java.lang.invoke.MethodHandle::invokeBasic(LL)L (native)
 total in heap  [0x00007fbb80a14710,0x00007fbb80a14950] = 576
 relocation     [0x00007fbb80a14878,0x00007fbb80a148c0] = 72
 main code      [0x00007fbb80a148c0,0x00007fbb80a1494d] = 141
 stub code      [0x00007fbb80a1494d,0x00007fbb80a14950] = 3
</print_native_nmethod>
<print_native_nmethod method='java.lang.invoke.MethodHandle linkToSpecial (Ljava/lang/Object;Ljava/lang/Object;Ljava/lang/Object;Ljava/lang/invoke/MemberName;)Ljava/lang/Object;' bytes='0' count='0' iicount='0' stamp='0.420' address='0x00007fbb80a14310'>
Compiled method (n/a) 419   14     n       java.lang.invoke.MethodHandle::linkToSpecial(LLLL)L (native)
 total in heap  [0x00007fbb80a14310,0x00007fbb80a146d8] = 968
 relocation     [0x00007fbb80a14478,0x00007fbb80a14508] = 144
 main code      [0x00007fbb80a14520,0x00007fbb80a146d2] = 434
 stub code      [0x00007fbb80a146d2,0x00007fbb80a146d8] = 6
</print_native_nmethod>
<writer thread='2833045'/>
<print_nmethod compile_id='15' compiler='c2' stamp='0.423'>
Compiled method (c2) 422   15             java.lang.invoke.MethodTypeForm::erasedType (5 bytes)
 total in heap  [0x00007fbb80a12590,0x00007fbb80a12838] = 680
 relocation     [0x00007fbb80a126f8,0x00007fbb80a12720] = 40
 main code      [0x00007fbb80a12720,0x00007fbb80a127c0] = 160
 stub code      [0x00007fbb80a127c0,0x00007fbb80a127d8] = 24
 metadata       [0x00007fbb80a127d8,0x00007fbb80a127e0] = 8
 scopes data    [0x00007fbb80a127e0,0x00007fbb80a127f0] = 16
 scopes pcs     [0x00007fbb80a127f0,0x00007fbb80a12830] = 64
 dependencies   [0x00007fbb80a12830,0x00007fbb80a12838] = 8
Dependencies:
- - - - - - - - - - - - - - - - - - - - - - - - - - - - - - - - - - - - - - - - 
</print_nmethod>
<print_nmethod compile_id='16' compiler='c2' stamp='0.426'>
Compiled method (c2) 425   16             java.lang.invoke.MethodTypeForm::parameterSlotCount (5 bytes)
 total in heap  [0x00007fbb80a12290,0x00007fbb80a12510] = 640
 relocation     [0x00007fbb80a123f8,0x00007fbb80a12410] = 24
 main code      [0x00007fbb80a12420,0x00007fbb80a12498] = 120
 stub code      [0x00007fbb80a12498,0x00007fbb80a124b0] = 24
 metadata       [0x00007fbb80a124b0,0x00007fbb80a124b8] = 8
 scopes data    [0x00007fbb80a124b8,0x00007fbb80a124c8] = 16
 scopes pcs     [0x00007fbb80a124c8,0x00007fbb80a12508] = 64
 dependencies   [0x00007fbb80a12508,0x00007fbb80a12510] = 8
Dependencies:
- - - - - - - - - - - - - - - - - - - - - - - - - - - - - - - - - - - - - - - - 
</print_nmethod>
<print_nmethod compile_id='17' compiler='c2' stamp='0.431'>
Compiled method (c2) 431   17             Derived1::getMessage (3 bytes)
 total in heap  [0x00007fbb80a11f90,0x00007fbb80a12200] = 624
 relocation     [0x00007fbb80a120f8,0x00007fbb80a12110] = 24
 main code      [0x00007fbb80a12120,0x00007fbb80a12198] = 120
 stub code      [0x00007fbb80a12198,0x00007fbb80a121b0] = 24
 oops           [0x00007fbb80a121b0,0x00007fbb80a121b8] = 8
 metadata       [0x00007fbb80a121b8,0x00007fbb80a121c0] = 8
 scopes data    [0x00007fbb80a121c0,0x00007fbb80a121c8] = 8
 scopes pcs     [0x00007fbb80a121c8,0x00007fbb80a121f8] = 48
 dependencies   [0x00007fbb80a121f8,0x00007fbb80a12200] = 8
Dependencies:
- - - - - - - - - - - - - - - - - - - - - - - - - - - - - - - - - - - - - - - - 
</print_nmethod>
<print_nmethod compile_id='18' compiler='c2' stamp='0.437'>
Compiled method (c2) 437   18             java.lang.String::coder (15 bytes)
 total in heap  [0x00007fbb80a11b10,0x00007fbb80a11d90] = 640
 relocation     [0x00007fbb80a11c78,0x00007fbb80a11c90] = 24
 main code      [0x00007fbb80a11ca0,0x00007fbb80a11d18] = 120
 stub code      [0x00007fbb80a11d18,0x00007fbb80a11d30] = 24
 metadata       [0x00007fbb80a11d30,0x00007fbb80a11d38] = 8
 scopes data    [0x00007fbb80a11d38,0x00007fbb80a11d48] = 16
 scopes pcs     [0x00007fbb80a11d48,0x00007fbb80a11d88] = 64
 dependencies   [0x00007fbb80a11d88,0x00007fbb80a11d90] = 8
Dependencies:
- - - - - - - - - - - - - - - - - - - - - - - - - - - - - - - - - - - - - - - - 
</print_nmethod>
<print_nmethod compile_id='19' compiler='c2' stamp='0.451'>
Compiled method (c2) 450   19             java.lang.String::length (11 bytes)
 total in heap  [0x00007fbb80a16c90,0x00007fbb80a16f98] = 776
 relocation     [0x00007fbb80a16df8,0x00007fbb80a16e20] = 40
 main code      [0x00007fbb80a16e20,0x00007fbb80a16ec8] = 168
 stub code      [0x00007fbb80a16ec8,0x00007fbb80a16ee0] = 24
 metadata       [0x00007fbb80a16ee0,0x00007fbb80a16ee8] = 8
 scopes data    [0x00007fbb80a16ee8,0x00007fbb80a16f10] = 40
 scopes pcs     [0x00007fbb80a16f10,0x00007fbb80a16f80] = 112
 dependencies   [0x00007fbb80a16f80,0x00007fbb80a16f88] = 8
 nul chk table  [0x00007fbb80a16f88,0x00007fbb80a16f98] = 16
Dependencies:
- - - - - - - - - - - - - - - - - - - - - - - - - - - - - - - - - - - - - - - - 
</print_nmethod>
<print_nmethod compile_id='20' compiler='c2' stamp='0.466'>
Compiled method (c2) 466   20             java.lang.Object::&lt;init&gt; (1 bytes)
 total in heap  [0x00007fbb80a17010,0x00007fbb80a17278] = 616
 relocation     [0x00007fbb80a17178,0x00007fbb80a17190] = 24
 main code      [0x00007fbb80a171a0,0x00007fbb80a17210] = 112
 stub code      [0x00007fbb80a17210,0x00007fbb80a17228] = 24
 metadata       [0x00007fbb80a17228,0x00007fbb80a17238] = 16
 scopes data    [0x00007fbb80a17238,0x00007fbb80a17240] = 8
 scopes pcs     [0x00007fbb80a17240,0x00007fbb80a17270] = 48
 dependencies   [0x00007fbb80a17270,0x00007fbb80a17278] = 8
<dependency type='no_finalizable_subclasses' ctxk='java/lang/Object'/>
Dependencies:
Dependency of type no_finalizable_subclasses
  context = java.lang.Object
   [nmethod&lt;=klass]java.lang.Object
- - - - - - - - - - - - - - - - - - - - - - - - - - - - - - - - - - - - - - - - 
</print_nmethod>
<print_nmethod compile_id='21' compiler='c2' stamp='0.482'>
Compiled method (c2) 481   21             java.lang.String::isEmpty (14 bytes)
 total in heap  [0x00007fbb80a16890,0x00007fbb80a16c18] = 904
 relocation     [0x00007fbb80a169f8,0x00007fbb80a16a30] = 56
 main code      [0x00007fbb80a16a40,0x00007fbb80a16b10] = 208
 stub code      [0x00007fbb80a16b10,0x00007fbb80a16b28] = 24
 metadata       [0x00007fbb80a16b28,0x00007fbb80a16b30] = 8
 scopes data    [0x00007fbb80a16b30,0x00007fbb80a16b60] = 48
 scopes pcs     [0x00007fbb80a16b60,0x00007fbb80a16c00] = 160
 dependencies   [0x00007fbb80a16c00,0x00007fbb80a16c08] = 8
 nul chk table  [0x00007fbb80a16c08,0x00007fbb80a16c18] = 16
Dependencies:
- - - - - - - - - - - - - - - - - - - - - - - - - - - - - - - - - - - - - - - - 
</print_nmethod>
<print_nmethod compile_id='22' compiler='c2' stamp='0.501'>
Compiled method (c2) 500   22             java.lang.String::getBytes (44 bytes)
 total in heap  [0x00007fbb80a16290,0x00007fbb80a16828] = 1432
 relocation     [0x00007fbb80a163f8,0x00007fbb80a16450] = 88
 main code      [0x00007fbb80a16460,0x00007fbb80a16638] = 472
 stub code      [0x00007fbb80a16638,0x00007fbb80a16650] = 24
 metadata       [0x00007fbb80a16650,0x00007fbb80a16660] = 16
 scopes data    [0x00007fbb80a16660,0x00007fbb80a166e8] = 136
 scopes pcs     [0x00007fbb80a166e8,0x00007fbb80a16808] = 288
 dependencies   [0x00007fbb80a16808,0x00007fbb80a16810] = 8
 nul chk table  [0x00007fbb80a16810,0x00007fbb80a16828] = 24
Dependencies:
- - - - - - - - - - - - - - - - - - - - - - - - - - - - - - - - - - - - - - - - 
</print_nmethod>
<print_nmethod compile_id='23' compiler='c2' stamp='0.506'>
Compiled method (c2) 506   23             java.lang.String::toString (2 bytes)
 total in heap  [0x00007fbb80a15f90,0x00007fbb80a161f0] = 608
 relocation     [0x00007fbb80a160f8,0x00007fbb80a16110] = 24
 main code      [0x00007fbb80a16120,0x00007fbb80a16190] = 112
 stub code      [0x00007fbb80a16190,0x00007fbb80a161a8] = 24
 metadata       [0x00007fbb80a161a8,0x00007fbb80a161b0] = 8
 scopes data    [0x00007fbb80a161b0,0x00007fbb80a161b8] = 8
 scopes pcs     [0x00007fbb80a161b8,0x00007fbb80a161e8] = 48
 dependencies   [0x00007fbb80a161e8,0x00007fbb80a161f0] = 8
Dependencies:
- - - - - - - - - - - - - - - - - - - - - - - - - - - - - - - - - - - - - - - - 
</print_nmethod>
<print_nmethod compile_id='24' compiler='c2' stamp='0.511'>
Compiled method (c2) 511   24             java.lang.StringConcatHelper::stringOf (20 bytes)
 total in heap  [0x00007fbb80a15c10,0x00007fbb80a15f58] = 840
 relocation     [0x00007fbb80a15d78,0x00007fbb80a15db0] = 56
 main code      [0x00007fbb80a15dc0,0x00007fbb80a15e78] = 184
 stub code      [0x00007fbb80a15e78,0x00007fbb80a15e90] = 24
 metadata       [0x00007fbb80a15e90,0x00007fbb80a15ea0] = 16
 scopes data    [0x00007fbb80a15ea0,0x00007fbb80a15ed0] = 48
 scopes pcs     [0x00007fbb80a15ed0,0x00007fbb80a15f40] = 112
 dependencies   [0x00007fbb80a15f40,0x00007fbb80a15f48] = 8
 nul chk table  [0x00007fbb80a15f48,0x00007fbb80a15f58] = 16
Dependencies:
- - - - - - - - - - - - - - - - - - - - - - - - - - - - - - - - - - - - - - - - 
</print_nmethod>
<print_nmethod compile_id='25' compiler='c2' stamp='0.519'>
Compiled method (c2) 519   25             java.lang.StringConcatHelper::mix (27 bytes)
 total in heap  [0x00007fbb80a15710,0x00007fbb80a15be8] = 1240
 relocation     [0x00007fbb80a15878,0x00007fbb80a158c8] = 80
 main code      [0x00007fbb80a158e0,0x00007fbb80a15a00] = 288
 stub code      [0x00007fbb80a15a00,0x00007fbb80a15a18] = 24
 metadata       [0x00007fbb80a15a18,0x00007fbb80a15a38] = 32
 scopes data    [0x00007fbb80a15a38,0x00007fbb80a15ac8] = 144
 scopes pcs     [0x00007fbb80a15ac8,0x00007fbb80a15bc8] = 256
 dependencies   [0x00007fbb80a15bc8,0x00007fbb80a15bd0] = 8
 nul chk table  [0x00007fbb80a15bd0,0x00007fbb80a15be8] = 24
Dependencies:
- - - - - - - - - - - - - - - - - - - - - - - - - - - - - - - - - - - - - - - - 
</print_nmethod>
<print_nmethod compile_id='26' compiler='c2' stamp='0.521'>
Compiled method (c2) 521   26             java.lang.StringConcatHelper::checkOverflow (17 bytes)
 total in heap  [0x00007fbb80a15410,0x00007fbb80a156e8] = 728
 relocation     [0x00007fbb80a15578,0x00007fbb80a15598] = 32
 main code      [0x00007fbb80a155a0,0x00007fbb80a15628] = 136
 stub code      [0x00007fbb80a15628,0x00007fbb80a15640] = 24
 metadata       [0x00007fbb80a15640,0x00007fbb80a15648] = 8
 scopes data    [0x00007fbb80a15648,0x00007fbb80a15670] = 40
 scopes pcs     [0x00007fbb80a15670,0x00007fbb80a156e0] = 112
 dependencies   [0x00007fbb80a156e0,0x00007fbb80a156e8] = 8
Dependencies:
- - - - - - - - - - - - - - - - - - - - - - - - - - - - - - - - - - - - - - - - 
</print_nmethod>
<print_nmethod compile_id='27' compiler='c2' stamp='0.532'>
Compiled method (c2) 531   27             java.lang.StringConcatHelper::prepend (37 bytes)
 total in heap  [0x00007fbb80a18690,0x00007fbb80a18da8] = 1816
 relocation     [0x00007fbb80a187f8,0x00007fbb80a18870] = 120
 main code      [0x00007fbb80a18880,0x00007fbb80a18ad8] = 600
 stub code      [0x00007fbb80a18ad8,0x00007fbb80a18af0] = 24
 metadata       [0x00007fbb80a18af0,0x00007fbb80a18b10] = 32
 scopes data    [0x00007fbb80a18b10,0x00007fbb80a18bf0] = 224
 scopes pcs     [0x00007fbb80a18bf0,0x00007fbb80a18d80] = 400
 dependencies   [0x00007fbb80a18d80,0x00007fbb80a18d88] = 8
 nul chk table  [0x00007fbb80a18d88,0x00007fbb80a18da8] = 32
Dependencies:
- - - - - - - - - - - - - - - - - - - - - - - - - - - - - - - - - - - - - - - - 
</print_nmethod>
<print_nmethod compile_id='28' compiler='c2' stamp='0.584'>
Compiled method (c2) 583   28             java.lang.String::&lt;init&gt; (15 bytes)
 total in heap  [0x00007fbb80a18210,0x00007fbb80a18608] = 1016
 relocation     [0x00007fbb80a18378,0x00007fbb80a183c0] = 72
 main code      [0x00007fbb80a183c0,0x00007fbb80a18570] = 432
 stub code      [0x00007fbb80a18570,0x00007fbb80a18588] = 24
 metadata       [0x00007fbb80a18588,0x00007fbb80a18590] = 8
 scopes data    [0x00007fbb80a18590,0x00007fbb80a185a0] = 16
 scopes pcs     [0x00007fbb80a185a0,0x00007fbb80a18600] = 96
 dependencies   [0x00007fbb80a18600,0x00007fbb80a18608] = 8
Dependencies:
- - - - - - - - - - - - - - - - - - - - - - - - - - - - - - - - - - - - - - - - 
</print_nmethod>
<print_nmethod compile_id='29' compiler='c2' stamp='0.628'>
Compiled method (c2) 628   29             java.lang.StringConcatHelper::simpleConcat (94 bytes)
 total in heap  [0x00007fbb80a19890,0x00007fbb80a1ac30] = 5024
 relocation     [0x00007fbb80a199f8,0x00007fbb80a19b60] = 360
 main code      [0x00007fbb80a19b60,0x00007fbb80a1a2c0] = 1888
 stub code      [0x00007fbb80a1a2c0,0x00007fbb80a1a2d8] = 24
 metadata       [0x00007fbb80a1a2d8,0x00007fbb80a1a350] = 120
 scopes data    [0x00007fbb80a1a350,0x00007fbb80a1a708] = 952
 scopes pcs     [0x00007fbb80a1a708,0x00007fbb80a1abc8] = 1216
 dependencies   [0x00007fbb80a1abc8,0x00007fbb80a1abd0] = 8
 handler table  [0x00007fbb80a1abd0,0x00007fbb80a1ac00] = 48
 nul chk table  [0x00007fbb80a1ac00,0x00007fbb80a1ac30] = 48
Dependencies:
- - - - - - - - - - - - - - - - - - - - - - - - - - - - - - - - - - - - - - - - 
</print_nmethod>
<print_nmethod compile_id='30' compiler='c2' stamp='0.630'>
Compiled method (c2) 629   30             java.lang.StringConcatHelper::initialCoder (14 bytes)
 total in heap  [0x00007fbb80a15110,0x00007fbb80a15350] = 576
 relocation     [0x00007fbb80a15278,0x00007fbb80a15288] = 16
 main code      [0x00007fbb80a152a0,0x00007fbb80a152f0] = 80
 stub code      [0x00007fbb80a152f0,0x00007fbb80a15308] = 24
 metadata       [0x00007fbb80a15308,0x00007fbb80a15310] = 8
 scopes data    [0x00007fbb80a15310,0x00007fbb80a15318] = 8
 scopes pcs     [0x00007fbb80a15318,0x00007fbb80a15348] = 48
 dependencies   [0x00007fbb80a15348,0x00007fbb80a15350] = 8
Dependencies:
- - - - - - - - - - - - - - - - - - - - - - - - - - - - - - - - - - - - - - - - 
</print_nmethod>
<print_nmethod compile_id='31' compiler='c2' stamp='0.634'>
Compiled method (c2) 634   31             java.lang.StringConcatHelper::newArray (40 bytes)
 total in heap  [0x00007fbb80a1b110,0x00007fbb80a1b528] = 1048
 relocation     [0x00007fbb80a1b278,0x00007fbb80a1b2a8] = 48
 main code      [0x00007fbb80a1b2c0,0x00007fbb80a1b3f0] = 304
 stub code      [0x00007fbb80a1b3f0,0x00007fbb80a1b408] = 24
 metadata       [0x00007fbb80a1b408,0x00007fbb80a1b420] = 24
 scopes data    [0x00007fbb80a1b420,0x00007fbb80a1b468] = 72
 scopes pcs     [0x00007fbb80a1b468,0x00007fbb80a1b508] = 160
 dependencies   [0x00007fbb80a1b508,0x00007fbb80a1b510] = 8
 handler table  [0x00007fbb80a1b510,0x00007fbb80a1b528] = 24
Dependencies:
- - - - - - - - - - - - - - - - - - - - - - - - - - - - - - - - - - - - - - - - 
</print_nmethod>
<print_nmethod compile_id='32' compiler='c2' stamp='0.641'>
Compiled method (c2) 641   32             jdk.internal.misc.Unsafe::allocateUninitializedArray (55 bytes)
 total in heap  [0x00007fbb80a19290,0x00007fbb80a19878] = 1512
 relocation     [0x00007fbb80a193f8,0x00007fbb80a19460] = 104
 main code      [0x00007fbb80a19460,0x00007fbb80a19690] = 560
 stub code      [0x00007fbb80a19690,0x00007fbb80a196a8] = 24
 metadata       [0x00007fbb80a196a8,0x00007fbb80a196b0] = 8
 scopes data    [0x00007fbb80a196b0,0x00007fbb80a19710] = 96
 scopes pcs     [0x00007fbb80a19710,0x00007fbb80a19840] = 304
 dependencies   [0x00007fbb80a19840,0x00007fbb80a19848] = 8
 handler table  [0x00007fbb80a19848,0x00007fbb80a19860] = 24
 nul chk table  [0x00007fbb80a19860,0x00007fbb80a19878] = 24
Dependencies:
- - - - - - - - - - - - - - - - - - - - - - - - - - - - - - - - - - - - - - - - 
</print_nmethod>
<print_nmethod compile_id='33' compiler='c2' stamp='0.646'>
Compiled method (c2) 645   33             jdk.internal.misc.Unsafe::allocateUninitializedArray0 (90 bytes)
 total in heap  [0x00007fbb80a17d10,0x00007fbb80a18198] = 1160
 relocation     [0x00007fbb80a17e78,0x00007fbb80a17ea8] = 48
 main code      [0x00007fbb80a17ec0,0x00007fbb80a18090] = 464
 stub code      [0x00007fbb80a18090,0x00007fbb80a180a8] = 24
 oops           [0x00007fbb80a180a8,0x00007fbb80a180b0] = 8
 metadata       [0x00007fbb80a180b0,0x00007fbb80a180c0] = 16
 scopes data    [0x00007fbb80a180c0,0x00007fbb80a180f8] = 56
 scopes pcs     [0x00007fbb80a180f8,0x00007fbb80a18178] = 128
 dependencies   [0x00007fbb80a18178,0x00007fbb80a18180] = 8
 handler table  [0x00007fbb80a18180,0x00007fbb80a18198] = 24
Dependencies:
- - - - - - - - - - - - - - - - - - - - - - - - - - - - - - - - - - - - - - - - 
</print_nmethod>
<print_nmethod compile_id='34' compiler='c2' stamp='0.649'>
Compiled method (c2) 648   34             java.lang.invoke.DirectMethodHandle::internalMemberName (8 bytes)
 total in heap  [0x00007fbb80a18e10,0x00007fbb80a191b0] = 928
 relocation     [0x00007fbb80a18f78,0x00007fbb80a18fc8] = 80
 main code      [0x00007fbb80a18fe0,0x00007fbb80a190c0] = 224
 stub code      [0x00007fbb80a190c0,0x00007fbb80a190d8] = 24
 metadata       [0x00007fbb80a190d8,0x00007fbb80a190e8] = 16
 scopes data    [0x00007fbb80a190e8,0x00007fbb80a19118] = 48
 scopes pcs     [0x00007fbb80a19118,0x00007fbb80a19198] = 128
 dependencies   [0x00007fbb80a19198,0x00007fbb80a191a0] = 8
 nul chk table  [0x00007fbb80a191a0,0x00007fbb80a191b0] = 16
Dependencies:
- - - - - - - - - - - - - - - - - - - - - - - - - - - - - - - - - - - - - - - - 
</print_nmethod>
<print_nmethod compile_id='35' compiler='c2' stamp='0.651'>
Compiled method (c2) 651   35             test::micro (5 bytes)
 total in heap  [0x00007fbb80a1ac90,0x00007fbb80a1afc8] = 824
 relocation     [0x00007fbb80a1adf8,0x00007fbb80a1ae30] = 56
 main code      [0x00007fbb80a1ae40,0x00007fbb80a1aef8] = 184
 stub code      [0x00007fbb80a1aef8,0x00007fbb80a1af10] = 24
 oops           [0x00007fbb80a1af10,0x00007fbb80a1af18] = 8
 metadata       [0x00007fbb80a1af18,0x00007fbb80a1af28] = 16
 scopes data    [0x00007fbb80a1af28,0x00007fbb80a1af50] = 40
 scopes pcs     [0x00007fbb80a1af50,0x00007fbb80a1afb0] = 96
 dependencies   [0x00007fbb80a1afb0,0x00007fbb80a1afb8] = 8
 nul chk table  [0x00007fbb80a1afb8,0x00007fbb80a1afc8] = 16
Dependencies:
- - - - - - - - - - - - - - - - - - - - - - - - - - - - - - - - - - - - - - - - 
</print_nmethod>
<print_nmethod compile_id='36' compiler='c2' stamp='0.655'>
Compiled method (c2) 654   36             java.lang.invoke.Invokers$Holder::linkToTargetMethod (10 bytes)
 total in heap  [0x00007fbb80a17910,0x00007fbb80a17d00] = 1008
 relocation     [0x00007fbb80a17a78,0x00007fbb80a17ac0] = 72
 main code      [0x00007fbb80a17ac0,0x00007fbb80a17ba8] = 232
 stub code      [0x00007fbb80a17ba8,0x00007fbb80a17be0] = 56
 metadata       [0x00007fbb80a17be0,0x00007fbb80a17bf0] = 16
 scopes data    [0x00007fbb80a17bf0,0x00007fbb80a17c30] = 64
 scopes pcs     [0x00007fbb80a17c30,0x00007fbb80a17cd0] = 160
 dependencies   [0x00007fbb80a17cd0,0x00007fbb80a17cd8] = 8
 handler table  [0x00007fbb80a17cd8,0x00007fbb80a17cf0] = 24
 nul chk table  [0x00007fbb80a17cf0,0x00007fbb80a17d00] = 16
Dependencies:
- - - - - - - - - - - - - - - - - - - - - - - - - - - - - - - - - - - - - - - - 
</print_nmethod>
<print_nmethod compile_id='37' compiler='c2' stamp='0.660'>
Compiled method (c2) 660   37             java.lang.invoke.DelegatingMethodHandle$Holder::reinvoke_L (18 bytes)
 total in heap  [0x00007fbb80a17310,0x00007fbb80a17840] = 1328
 relocation     [0x00007fbb80a17478,0x00007fbb80a174e8] = 112
 main code      [0x00007fbb80a17500,0x00007fbb80a17650] = 336
 stub code      [0x00007fbb80a17650,0x00007fbb80a17688] = 56
 metadata       [0x00007fbb80a17688,0x00007fbb80a176a0] = 24
 scopes data    [0x00007fbb80a176a0,0x00007fbb80a17708] = 104
 scopes pcs     [0x00007fbb80a17708,0x00007fbb80a17808] = 256
 dependencies   [0x00007fbb80a17808,0x00007fbb80a17810] = 8
 handler table  [0x00007fbb80a17810,0x00007fbb80a17828] = 24
 nul chk table  [0x00007fbb80a17828,0x00007fbb80a17840] = 24
Dependencies:
- - - - - - - - - - - - - - - - - - - - - - - - - - - - - - - - - - - - - - - - 
</print_nmethod>
<print_nmethod compile_id='38' compiler='c2' stamp='0.665'>
Compiled method (c2) 665   38             java.lang.invoke.DirectMethodHandle$Holder::invokeStatic (15 bytes)
 total in heap  [0x00007fbb80a1cf90,0x00007fbb80a1d3e8] = 1112
 relocation     [0x00007fbb80a1d0f8,0x00007fbb80a1d158] = 96
 main code      [0x00007fbb80a1d160,0x00007fbb80a1d270] = 272
 stub code      [0x00007fbb80a1d270,0x00007fbb80a1d298] = 40
 metadata       [0x00007fbb80a1d298,0x00007fbb80a1d2b0] = 24
 scopes data    [0x00007fbb80a1d2b0,0x00007fbb80a1d308] = 88
 scopes pcs     [0x00007fbb80a1d308,0x00007fbb80a1d3b8] = 176
 dependencies   [0x00007fbb80a1d3b8,0x00007fbb80a1d3c0] = 8
 handler table  [0x00007fbb80a1d3c0,0x00007fbb80a1d3d8] = 24
 nul chk table  [0x00007fbb80a1d3d8,0x00007fbb80a1d3e8] = 16
Dependencies:
- - - - - - - - - - - - - - - - - - - - - - - - - - - - - - - - - - - - - - - - 
</print_nmethod>
<writer thread='2833029'/>
resolving optimized virtual (invokehandle) call to java.lang.invoke.MethodHandle::invokeBasic(LL)L at pc: 0x00007fbb80a17af8 to code: 0x00007fbb80a14710
resolving optimized virtual (invokehandle) call to java.lang.invoke.MethodHandle::invokeBasic(LL)L at pc: 0x00007fbb80a17544 to code: 0x00007fbb80a14710
resolving static (invokestatic) call to java.lang.invoke.MethodHandle::linkToStatic(LLL)L at pc: 0x00007fbb80a1d1c4 to code: 0x00007fbb80a0f210
<writer thread='2833045'/>
<print_nmethod compile_id='39' compile_kind='osr' compiler='c2' stamp='0.799'>
Compiled method (c2) 799   39 %           test::main @ 5 (60 bytes)
 total in heap  [0x00007fbb80a1bb90,0x00007fbb80a1cf30] = 5024
 relocation     [0x00007fbb80a1bcf8,0x00007fbb80a1be50] = 344
 main code      [0x00007fbb80a1be60,0x00007fbb80a1c5b0] = 1872
 stub code      [0x00007fbb80a1c5b0,0x00007fbb80a1c5c8] = 24
 oops           [0x00007fbb80a1c5c8,0x00007fbb80a1c5e0] = 24
 metadata       [0x00007fbb80a1c5e0,0x00007fbb80a1c688] = 168
 scopes data    [0x00007fbb80a1c688,0x00007fbb80a1ca70] = 1000
 scopes pcs     [0x00007fbb80a1ca70,0x00007fbb80a1cec0] = 1104
 dependencies   [0x00007fbb80a1cec0,0x00007fbb80a1cec8] = 8
 handler table  [0x00007fbb80a1cec8,0x00007fbb80a1cef8] = 48
 nul chk table  [0x00007fbb80a1cef8,0x00007fbb80a1cf30] = 56
Dependencies:
- - - - - - - - - - - - - - - - - - - - - - - - - - - - - - - - - - - - - - - - 
</print_nmethod>
<print_nmethod compile_id='40' compiler='c2' stamp='0.832'>
Compiled method (c2) 832   40             test::main (60 bytes)
 total in heap  [0x00007fbb80a1f210,0x00007fbb80a1f8e0] = 1744
 relocation     [0x00007fbb80a1f378,0x00007fbb80a1f3e0] = 104
 main code      [0x00007fbb80a1f3e0,0x00007fbb80a1f568] = 392
 stub code      [0x00007fbb80a1f568,0x00007fbb80a1f580] = 24
 oops           [0x00007fbb80a1f580,0x00007fbb80a1f598] = 24
 metadata       [0x00007fbb80a1f598,0x00007fbb80a1f5d8] = 64
 scopes data    [0x00007fbb80a1f5d8,0x00007fbb80a1f710] = 312
 scopes pcs     [0x00007fbb80a1f710,0x00007fbb80a1f8c0] = 432
 dependencies   [0x00007fbb80a1f8c0,0x00007fbb80a1f8c8] = 8
 nul chk table  [0x00007fbb80a1f8c8,0x00007fbb80a1f8e0] = 24
Dependencies:
- - - - - - - - - - - - - - - - - - - - - - - - - - - - - - - - - - - - - - - - 
</print_nmethod>
<writer thread='2833029'/>
C1 Runtime statistics:
 _resolve_invoke_virtual_cnt:     0
 _resolve_invoke_opt_virtual_cnt: 2
 _resolve_invoke_static_cnt:      1
 _handle_wrong_method_cnt:        0
 _ic_miss_cnt:                    0
 _generic_arraycopystub_cnt:      0
 _byte_arraycopy_cnt:             0
 _short_arraycopy_cnt:            0
 _int_arraycopy_cnt:              0
 _long_arraycopy_cnt:             0
 _oop_arraycopy_cnt:              0
 _arraycopy_slowcase_cnt:         0
 _arraycopy_checkcast_cnt:        0
 _arraycopy_checkcast_attempt_cnt:0
 _new_type_array_slowcase_cnt:    0
 _new_object_array_slowcase_cnt:  0
 _new_instance_slowcase_cnt:      0
 _new_multi_array_slowcase_cnt:   0
 _monitorenter_slowcase_cnt:      0
 _monitorexit_slowcase_cnt:       0
 _patch_code_slowcase_cnt:        0
 _throw_range_check_exception_count:            0:
 _throw_index_exception_count:                  0:
 _throw_div0_exception_count:                   0:
 _throw_null_pointer_exception_count:           0:
 _throw_class_cast_exception_count:             0:
 _throw_incompatible_class_change_error_count:  0:
 _throw_count:                                  0:

<statistics type='SharedRuntime'>
    4 new instance requires GC
17849 new array requires GC
    0 inline cache miss in compiled
    0 wrong method
    1 unresolved static call site
    0 unresolved virtual call site
    2 unresolved opt virtual call site
    5 slow partial subtype
29032 byte array copies
AdapterHandlerTable statistics:
Number of buckets       :       293 =      2344 bytes, each 8
Number of entries       :       223 =     12488 bytes, each 56
Number of literals      :       223 =     17840 bytes, avg  80.000
Total footprint         :           =     32672 bytes
Average bucket size     :     0.761
Variance of bucket size :     0.755
Std. dev. of bucket size:     0.869
Maximum bucket size     :         4
AdapterHandlerTable (table_size=293, entries=223)
AdapterHandlerTable: lookups 3691 equals 3057 hits 3057 compact 3057
</statistics>
<statistics type='opto'>
--- Compiler Statistics ---
Methods seen: 158  Methods parsed: 158  Nodes created: 14812
Blocks parsed: 349  Blocks seen: 479
354 original null checks - 321 elided (90%); optimizer leaves 53,
31 made implicit (58%)
StringConcat:    0/   0/   0(replaced/merged/total)
CCP: 33  constants found: 9
Total frameslots = 80, Max frameslots = 16
Inserted 0 spill loads, 0 spill stores, 0 mem-mem moves and 0 copies.
Total load cost=      0, store cost =      0, mem-mem cost =  0.00, copy cost =     0.
Adjusted spill cost =       0.
Conservatively coalesced 62 copies, 0 pairs, 70 post alloc.
Used cisc instruction  0,  remained in register 45
Average allocation trips 1.254902
High Pressure Blocks = 0, Low Pressure Blocks = 0
Nops added 0 bytes to total of 12730 bytes, for 0.00%
Peephole: peephole rules applied: 9
PhaseIdealLoop=91, sum _unique=50475, long loops=0/0/0
No escape = 0, Arg escape = 0, Global escape = 0
Objects scalar replaced = 0, Monitor objects removed = 0, GC barriers removed = 0, Memory barriers removed = 0
</statistics>
<statistics type='intrinsic'>
Compiler intrinsic usage:
     8 (44.4%) _arraycopy (worked)
     5 (27.8%) _isPrimitive (worked)
     5 (27.8%) _allocateUninitializedArray (worked)
    18 (100.0%) total (worked)
</statistics>
<statistics type='deoptimization'>
Deoptimization traps recorded:
     1 (100.0%) total
         unstable_if/reinterpret/if_icmpge: 1 (100.0%)
</statistics>
<writer thread='2833039'/>
<destroy_vm stamp='3.074'/>
<tty_done stamp='3.268'/>
</tty>
<hotspot_log_done stamp='3.268'/>
</hotspot_log>
