<?xml version='1.0' encoding='UTF-8'?>
<hotspot_log version='160 1' process='2833640' time_ms='1705597300102'>
<vm_version>
<name>
OpenJDK 64-Bit Server VM
</name>
<release>
23-internal-adhoc.root.jdk
</release>
<info>
OpenJDK 64-Bit Server VM (slowdebug 23-internal-adhoc.root.jdk) for linux-amd64 JRE (23-internal-adhoc.root.jdk), built on 2023-11-29T06:22:32Z by &quot;root&quot; with gcc 9.3.0
</info>
</vm_version>
<vm_arguments>
<args>
-XX:-Inline -XX:+PrintDependencies -XX:+TraceCallFixup -XX:-TieredCompilation -Xbatch -XX:CompileThresholdScaling=0.3 </args>
<command>
test
</command>
<launcher>
SUN_STANDARD
</launcher>
<properties>
java.vm.specification.name=Java Virtual Machine Specification
java.vm.version=23-internal-adhoc.root.jdk
java.vm.name=OpenJDK 64-Bit Server VM
jdk.debug=slowdebug
sun.boot.library.path=/home/jatinbha/sandboxes/jdk/build/linux-x86_64-server-slowdebug/images/jdk/lib
java.library.path=/home/jatinbha/softwares::/usr/java/packages/lib:/usr/lib64:/lib64:/lib:/usr/lib
java.home=/home/jatinbha/sandboxes/jdk/build/linux-x86_64-server-slowdebug/images/jdk
java.class.path=.
java.vm.info=mixed mode, sharing
java.vm.specification.vendor=Oracle Corporation
java.vm.specification.version=23
java.vm.vendor=Oracle Corporation
sun.java.command=test
sun.java.launcher=SUN_STANDARD
</properties>
</vm_arguments>
<tty>
<writer thread='2833641'/>
<blob name='MethodHandlesAdapterBlob' total_size='10224'>
<sect index='1' capacity='10224' size='1898' remaining='8326'/>
</blob>
<print_native_nmethod method='java.lang.invoke.MethodHandle linkToStatic (Ljava/lang/Object;Ljava/lang/Object;Ljava/lang/Object;Ljava/lang/Object;Ljava/lang/Object;Ljava/lang/invoke/MemberName;)Ljava/lang/Object;' bytes='0' count='0' iicount='0' stamp='0.385' address='0x00007fc3109fd010'>
Compiled method (n/a) 385    1     n       java.lang.invoke.MethodHandle::linkToStatic(LLLLLL)L (native)
 total in heap  [0x00007fc3109fd010,0x00007fc3109fd278] = 616
 relocation     [0x00007fc3109fd178,0x00007fc3109fd1c0] = 72
 main code      [0x00007fc3109fd1c0,0x00007fc3109fd277] = 183
 stub code      [0x00007fc3109fd277,0x00007fc3109fd278] = 1
</print_native_nmethod>
<writer thread='2833658'/>
<print_nmethod compile_id='2' compiler='c2' stamp='0.393'>
Compiled method (c2) 393    2             java.lang.Enum::ordinal (5 bytes)
 total in heap  [0x00007fc3109fcc90,0x00007fc3109fcf08] = 632
 relocation     [0x00007fc3109fcdf8,0x00007fc3109fce10] = 24
 main code      [0x00007fc3109fce20,0x00007fc3109fce90] = 112
 stub code      [0x00007fc3109fce90,0x00007fc3109fcea8] = 24
 metadata       [0x00007fc3109fcea8,0x00007fc3109fceb0] = 8
 scopes data    [0x00007fc3109fceb0,0x00007fc3109fcec0] = 16
 scopes pcs     [0x00007fc3109fcec0,0x00007fc3109fcf00] = 64
 dependencies   [0x00007fc3109fcf00,0x00007fc3109fcf08] = 8
Dependencies:
- - - - - - - - - - - - - - - - - - - - - - - - - - - - - - - - - - - - - - - - 
</print_nmethod>
<print_nmethod compile_id='3' compiler='c2' stamp='0.399'>
Compiled method (c2) 398    3             jdk.internal.util.StrongReferenceKey::get (5 bytes)
 total in heap  [0x00007fc3109fee90,0x00007fc3109ff138] = 680
 relocation     [0x00007fc3109feff8,0x00007fc3109ff020] = 40
 main code      [0x00007fc3109ff020,0x00007fc3109ff0c0] = 160
 stub code      [0x00007fc3109ff0c0,0x00007fc3109ff0d8] = 24
 metadata       [0x00007fc3109ff0d8,0x00007fc3109ff0e0] = 8
 scopes data    [0x00007fc3109ff0e0,0x00007fc3109ff0f0] = 16
 scopes pcs     [0x00007fc3109ff0f0,0x00007fc3109ff130] = 64
 dependencies   [0x00007fc3109ff130,0x00007fc3109ff138] = 8
Dependencies:
- - - - - - - - - - - - - - - - - - - - - - - - - - - - - - - - - - - - - - - - 
</print_nmethod>
<writer thread='2833641'/>
<print_native_nmethod method='java.lang.invoke.MethodHandle invokeBasic (Ljava/lang/Object;Ljava/lang/Object;Ljava/lang/Object;Ljava/lang/Object;Ljava/lang/Object;)Ljava/lang/Object;' bytes='0' count='0' iicount='0' stamp='0.404' address='0x00007fc3109feb10'>
Compiled method (n/a) 403    4     n       java.lang.invoke.MethodHandle::invokeBasic(LLLLL)L (native)
 total in heap  [0x00007fc3109feb10,0x00007fc3109fed50] = 576
 relocation     [0x00007fc3109fec78,0x00007fc3109fecc0] = 72
 main code      [0x00007fc3109fecc0,0x00007fc3109fed4d] = 141
 stub code      [0x00007fc3109fed4d,0x00007fc3109fed50] = 3
</print_native_nmethod>
<print_native_nmethod method='java.lang.invoke.MethodHandle linkToSpecial (Ljava/lang/Object;Ljava/lang/Object;Ljava/lang/Object;Ljava/lang/Object;Ljava/lang/Object;Ljava/lang/Object;Ljava/lang/invoke/MemberName;)Ljava/lang/Object;' bytes='0' count='0' iicount='0' stamp='0.404' address='0x00007fc310a10410'>
Compiled method (n/a) 404    5     n       java.lang.invoke.MethodHandle::linkToSpecial(LLLLLLL)L (native)
 total in heap  [0x00007fc310a10410,0x00007fc310a107d8] = 968
 relocation     [0x00007fc310a10578,0x00007fc310a10608] = 144
 main code      [0x00007fc310a10620,0x00007fc310a107d4] = 436
 stub code      [0x00007fc310a107d4,0x00007fc310a107d8] = 4
</print_native_nmethod>
<writer thread='2833658'/>
<print_nmethod compile_id='6' compiler='c2' stamp='0.407'>
Compiled method (c2) 407    6             java.lang.invoke.MethodType::returnType (5 bytes)
 total in heap  [0x00007fc310a0e510,0x00007fc310a0e7b8] = 680
 relocation     [0x00007fc310a0e678,0x00007fc310a0e6a0] = 40
 main code      [0x00007fc310a0e6a0,0x00007fc310a0e740] = 160
 stub code      [0x00007fc310a0e740,0x00007fc310a0e758] = 24
 metadata       [0x00007fc310a0e758,0x00007fc310a0e760] = 8
 scopes data    [0x00007fc310a0e760,0x00007fc310a0e770] = 16
 scopes pcs     [0x00007fc310a0e770,0x00007fc310a0e7b0] = 64
 dependencies   [0x00007fc310a0e7b0,0x00007fc310a0e7b8] = 8
Dependencies:
- - - - - - - - - - - - - - - - - - - - - - - - - - - - - - - - - - - - - - - - 
</print_nmethod>
<print_nmethod compile_id='7' compiler='c2' stamp='0.412'>
Compiled method (c2) 412    7             java.lang.invoke.MethodType::ptypes (5 bytes)
 total in heap  [0x00007fc310a0e210,0x00007fc310a0e4b8] = 680
 relocation     [0x00007fc310a0e378,0x00007fc310a0e3a0] = 40
 main code      [0x00007fc310a0e3a0,0x00007fc310a0e440] = 160
 stub code      [0x00007fc310a0e440,0x00007fc310a0e458] = 24
 metadata       [0x00007fc310a0e458,0x00007fc310a0e460] = 8
 scopes data    [0x00007fc310a0e460,0x00007fc310a0e470] = 16
 scopes pcs     [0x00007fc310a0e470,0x00007fc310a0e4b0] = 64
 dependencies   [0x00007fc310a0e4b0,0x00007fc310a0e4b8] = 8
Dependencies:
- - - - - - - - - - - - - - - - - - - - - - - - - - - - - - - - - - - - - - - - 
</print_nmethod>
<writer thread='2833641'/>
<print_native_nmethod method='java.lang.invoke.MethodHandle linkToStatic (Ljava/lang/Object;Ljava/lang/Object;Ljava/lang/invoke/MemberName;)Ljava/lang/Object;' bytes='0' count='0' iicount='0' stamp='0.414' address='0x00007fc310a0df10'>
Compiled method (n/a) 414    8     n       java.lang.invoke.MethodHandle::linkToStatic(LLL)L (native)
 total in heap  [0x00007fc310a0df10,0x00007fc310a0e178] = 616
 relocation     [0x00007fc310a0e078,0x00007fc310a0e0c0] = 72
 main code      [0x00007fc310a0e0c0,0x00007fc310a0e177] = 183
 stub code      [0x00007fc310a0e177,0x00007fc310a0e178] = 1
</print_native_nmethod>
<writer thread='2833658'/>
<print_nmethod compile_id='9' compiler='c2' stamp='0.419'>
Compiled method (c2) 419    9             java.lang.invoke.MethodType::form (5 bytes)
 total in heap  [0x00007fc310a0dc10,0x00007fc310a0deb8] = 680
 relocation     [0x00007fc310a0dd78,0x00007fc310a0dda0] = 40
 main code      [0x00007fc310a0dda0,0x00007fc310a0de40] = 160
 stub code      [0x00007fc310a0de40,0x00007fc310a0de58] = 24
 metadata       [0x00007fc310a0de58,0x00007fc310a0de60] = 8
 scopes data    [0x00007fc310a0de60,0x00007fc310a0de70] = 16
 scopes pcs     [0x00007fc310a0de70,0x00007fc310a0deb0] = 64
 dependencies   [0x00007fc310a0deb0,0x00007fc310a0deb8] = 8
Dependencies:
- - - - - - - - - - - - - - - - - - - - - - - - - - - - - - - - - - - - - - - - 
</print_nmethod>
<print_nmethod compile_id='10' compiler='c2' stamp='0.423'>
Compiled method (c2) 422   10             jdk.internal.util.WeakReferenceKey::hashCode (5 bytes)
 total in heap  [0x00007fc310a0d910,0x00007fc310a0db88] = 632
 relocation     [0x00007fc310a0da78,0x00007fc310a0da90] = 24
 main code      [0x00007fc310a0daa0,0x00007fc310a0db10] = 112
 stub code      [0x00007fc310a0db10,0x00007fc310a0db28] = 24
 metadata       [0x00007fc310a0db28,0x00007fc310a0db30] = 8
 scopes data    [0x00007fc310a0db30,0x00007fc310a0db40] = 16
 scopes pcs     [0x00007fc310a0db40,0x00007fc310a0db80] = 64
 dependencies   [0x00007fc310a0db80,0x00007fc310a0db88] = 8
Dependencies:
- - - - - - - - - - - - - - - - - - - - - - - - - - - - - - - - - - - - - - - - 
</print_nmethod>
<print_nmethod compile_id='11' compiler='c2' stamp='0.427'>
Compiled method (c2) 427   11             java.lang.invoke.MemberName::getDeclaringClass (5 bytes)
 total in heap  [0x00007fc310a0d610,0x00007fc310a0d8b8] = 680
 relocation     [0x00007fc310a0d778,0x00007fc310a0d7a0] = 40
 main code      [0x00007fc310a0d7a0,0x00007fc310a0d840] = 160
 stub code      [0x00007fc310a0d840,0x00007fc310a0d858] = 24
 metadata       [0x00007fc310a0d858,0x00007fc310a0d860] = 8
 scopes data    [0x00007fc310a0d860,0x00007fc310a0d870] = 16
 scopes pcs     [0x00007fc310a0d870,0x00007fc310a0d8b0] = 64
 dependencies   [0x00007fc310a0d8b0,0x00007fc310a0d8b8] = 8
Dependencies:
- - - - - - - - - - - - - - - - - - - - - - - - - - - - - - - - - - - - - - - - 
</print_nmethod>
<writer thread='2833641'/>
<print_native_nmethod method='java.lang.invoke.MethodHandle linkToStatic (Ljava/lang/Object;Ljava/lang/Object;Ljava/lang/Object;Ljava/lang/invoke/MemberName;)Ljava/lang/Object;' bytes='0' count='0' iicount='0' stamp='0.435' address='0x00007fc310a0d310'>
Compiled method (n/a) 434   12     n       java.lang.invoke.MethodHandle::linkToStatic(LLLL)L (native)
 total in heap  [0x00007fc310a0d310,0x00007fc310a0d580] = 624
 relocation     [0x00007fc310a0d478,0x00007fc310a0d4c0] = 72
 main code      [0x00007fc310a0d4c0,0x00007fc310a0d57a] = 186
 stub code      [0x00007fc310a0d57a,0x00007fc310a0d580] = 6
</print_native_nmethod>
<print_native_nmethod method='java.lang.invoke.MethodHandle invokeBasic (Ljava/lang/Object;Ljava/lang/Object;)Ljava/lang/Object;' bytes='0' count='0' iicount='0' stamp='0.439' address='0x00007fc310a0ce10'>
Compiled method (n/a) 439   13     n       java.lang.invoke.MethodHandle::invokeBasic(LL)L (native)
 total in heap  [0x00007fc310a0ce10,0x00007fc310a0d050] = 576
 relocation     [0x00007fc310a0cf78,0x00007fc310a0cfc0] = 72
 main code      [0x00007fc310a0cfc0,0x00007fc310a0d04d] = 141
 stub code      [0x00007fc310a0d04d,0x00007fc310a0d050] = 3
</print_native_nmethod>
<print_native_nmethod method='java.lang.invoke.MethodHandle linkToSpecial (Ljava/lang/Object;Ljava/lang/Object;Ljava/lang/Object;Ljava/lang/invoke/MemberName;)Ljava/lang/Object;' bytes='0' count='0' iicount='0' stamp='0.439' address='0x00007fc310a14a90'>
Compiled method (n/a) 439   14     n       java.lang.invoke.MethodHandle::linkToSpecial(LLLL)L (native)
 total in heap  [0x00007fc310a14a90,0x00007fc310a14e58] = 968
 relocation     [0x00007fc310a14bf8,0x00007fc310a14c88] = 144
 main code      [0x00007fc310a14ca0,0x00007fc310a14e52] = 434
 stub code      [0x00007fc310a14e52,0x00007fc310a14e58] = 6
</print_native_nmethod>
<writer thread='2833658'/>
<print_nmethod compile_id='15' compiler='c2' stamp='0.443'>
Compiled method (c2) 442   15             java.lang.invoke.MethodTypeForm::erasedType (5 bytes)
 total in heap  [0x00007fc310a12d10,0x00007fc310a12fb8] = 680
 relocation     [0x00007fc310a12e78,0x00007fc310a12ea0] = 40
 main code      [0x00007fc310a12ea0,0x00007fc310a12f40] = 160
 stub code      [0x00007fc310a12f40,0x00007fc310a12f58] = 24
 metadata       [0x00007fc310a12f58,0x00007fc310a12f60] = 8
 scopes data    [0x00007fc310a12f60,0x00007fc310a12f70] = 16
 scopes pcs     [0x00007fc310a12f70,0x00007fc310a12fb0] = 64
 dependencies   [0x00007fc310a12fb0,0x00007fc310a12fb8] = 8
Dependencies:
- - - - - - - - - - - - - - - - - - - - - - - - - - - - - - - - - - - - - - - - 
</print_nmethod>
<print_nmethod compile_id='16' compiler='c2' stamp='0.446'>
Compiled method (c2) 446   16             java.lang.invoke.MethodTypeForm::parameterSlotCount (5 bytes)
 total in heap  [0x00007fc310a12a10,0x00007fc310a12c90] = 640
 relocation     [0x00007fc310a12b78,0x00007fc310a12b90] = 24
 main code      [0x00007fc310a12ba0,0x00007fc310a12c18] = 120
 stub code      [0x00007fc310a12c18,0x00007fc310a12c30] = 24
 metadata       [0x00007fc310a12c30,0x00007fc310a12c38] = 8
 scopes data    [0x00007fc310a12c38,0x00007fc310a12c48] = 16
 scopes pcs     [0x00007fc310a12c48,0x00007fc310a12c88] = 64
 dependencies   [0x00007fc310a12c88,0x00007fc310a12c90] = 8
Dependencies:
- - - - - - - - - - - - - - - - - - - - - - - - - - - - - - - - - - - - - - - - 
</print_nmethod>
<print_nmethod compile_id='17' compiler='c2' stamp='0.452'>
Compiled method (c2) 452   17             Derived1::getMessage (3 bytes)
 total in heap  [0x00007fc310a12710,0x00007fc310a12980] = 624
 relocation     [0x00007fc310a12878,0x00007fc310a12890] = 24
 main code      [0x00007fc310a128a0,0x00007fc310a12918] = 120
 stub code      [0x00007fc310a12918,0x00007fc310a12930] = 24
 oops           [0x00007fc310a12930,0x00007fc310a12938] = 8
 metadata       [0x00007fc310a12938,0x00007fc310a12940] = 8
 scopes data    [0x00007fc310a12940,0x00007fc310a12948] = 8
 scopes pcs     [0x00007fc310a12948,0x00007fc310a12978] = 48
 dependencies   [0x00007fc310a12978,0x00007fc310a12980] = 8
Dependencies:
- - - - - - - - - - - - - - - - - - - - - - - - - - - - - - - - - - - - - - - - 
</print_nmethod>
<print_nmethod compile_id='18' compiler='c2' stamp='0.459'>
Compiled method (c2) 458   18             java.lang.String::coder (15 bytes)
 total in heap  [0x00007fc310a12410,0x00007fc310a12690] = 640
 relocation     [0x00007fc310a12578,0x00007fc310a12590] = 24
 main code      [0x00007fc310a125a0,0x00007fc310a12618] = 120
 stub code      [0x00007fc310a12618,0x00007fc310a12630] = 24
 metadata       [0x00007fc310a12630,0x00007fc310a12638] = 8
 scopes data    [0x00007fc310a12638,0x00007fc310a12648] = 16
 scopes pcs     [0x00007fc310a12648,0x00007fc310a12688] = 64
 dependencies   [0x00007fc310a12688,0x00007fc310a12690] = 8
Dependencies:
- - - - - - - - - - - - - - - - - - - - - - - - - - - - - - - - - - - - - - - - 
</print_nmethod>
<print_nmethod compile_id='19' compiler='c2' stamp='0.473'>
Compiled method (c2) 473   19             java.lang.String::length (11 bytes)
 total in heap  [0x00007fc310a11f90,0x00007fc310a12348] = 952
 relocation     [0x00007fc310a120f8,0x00007fc310a12130] = 56
 main code      [0x00007fc310a12140,0x00007fc310a12200] = 192
 stub code      [0x00007fc310a12200,0x00007fc310a12228] = 40
 metadata       [0x00007fc310a12228,0x00007fc310a12230] = 8
 scopes data    [0x00007fc310a12230,0x00007fc310a12268] = 56
 scopes pcs     [0x00007fc310a12268,0x00007fc310a12318] = 176
 dependencies   [0x00007fc310a12318,0x00007fc310a12320] = 8
 handler table  [0x00007fc310a12320,0x00007fc310a12338] = 24
 nul chk table  [0x00007fc310a12338,0x00007fc310a12348] = 16
Dependencies:
- - - - - - - - - - - - - - - - - - - - - - - - - - - - - - - - - - - - - - - - 
</print_nmethod>
<writer thread='2833641'/>
resolving optimized virtual (invokevirtual) call to java.lang.String::coder at pc: 0x00007fc310a1218c to code: 0x00007fc310a12410
<writer thread='2833658'/>
<print_nmethod compile_id='20' compiler='c2' stamp='0.490'>
Compiled method (c2) 490   20             java.lang.Object::&lt;init&gt; (1 bytes)
 total in heap  [0x00007fc310a17110,0x00007fc310a17378] = 616
 relocation     [0x00007fc310a17278,0x00007fc310a17290] = 24
 main code      [0x00007fc310a172a0,0x00007fc310a17310] = 112
 stub code      [0x00007fc310a17310,0x00007fc310a17328] = 24
 metadata       [0x00007fc310a17328,0x00007fc310a17338] = 16
 scopes data    [0x00007fc310a17338,0x00007fc310a17340] = 8
 scopes pcs     [0x00007fc310a17340,0x00007fc310a17370] = 48
 dependencies   [0x00007fc310a17370,0x00007fc310a17378] = 8
<dependency type='no_finalizable_subclasses' ctxk='java/lang/Object'/>
Dependencies:
Dependency of type no_finalizable_subclasses
  context = java.lang.Object
   [nmethod&lt;=klass]java.lang.Object
- - - - - - - - - - - - - - - - - - - - - - - - - - - - - - - - - - - - - - - - 
</print_nmethod>
<print_nmethod compile_id='21' compiler='c2' stamp='0.505'>
Compiled method (c2) 504   21             java.lang.String::isEmpty (14 bytes)
 total in heap  [0x00007fc310a16d10,0x00007fc310a17098] = 904
 relocation     [0x00007fc310a16e78,0x00007fc310a16eb0] = 56
 main code      [0x00007fc310a16ec0,0x00007fc310a16f90] = 208
 stub code      [0x00007fc310a16f90,0x00007fc310a16fa8] = 24
 metadata       [0x00007fc310a16fa8,0x00007fc310a16fb0] = 8
 scopes data    [0x00007fc310a16fb0,0x00007fc310a16fe0] = 48
 scopes pcs     [0x00007fc310a16fe0,0x00007fc310a17080] = 160
 dependencies   [0x00007fc310a17080,0x00007fc310a17088] = 8
 nul chk table  [0x00007fc310a17088,0x00007fc310a17098] = 16
Dependencies:
- - - - - - - - - - - - - - - - - - - - - - - - - - - - - - - - - - - - - - - - 
</print_nmethod>
<print_nmethod compile_id='22' compiler='c2' stamp='0.522'>
Compiled method (c2) 522   22             java.lang.String::getBytes (44 bytes)
 total in heap  [0x00007fc310a16690,0x00007fc310a16c88] = 1528
 relocation     [0x00007fc310a167f8,0x00007fc310a16860] = 104
 main code      [0x00007fc310a16860,0x00007fc310a16a60] = 512
 stub code      [0x00007fc310a16a60,0x00007fc310a16a88] = 40
 metadata       [0x00007fc310a16a88,0x00007fc310a16a90] = 8
 scopes data    [0x00007fc310a16a90,0x00007fc310a16b20] = 144
 scopes pcs     [0x00007fc310a16b20,0x00007fc310a16c50] = 304
 dependencies   [0x00007fc310a16c50,0x00007fc310a16c58] = 8
 handler table  [0x00007fc310a16c58,0x00007fc310a16c70] = 24
 nul chk table  [0x00007fc310a16c70,0x00007fc310a16c88] = 24
Dependencies:
- - - - - - - - - - - - - - - - - - - - - - - - - - - - - - - - - - - - - - - - 
</print_nmethod>
<writer thread='2833641'/>
resolving optimized virtual (invokevirtual) call to java.lang.String::coder at pc: 0x00007fc310a168b4 to code: 0x00007fc310a12410
<writer thread='2833658'/>
<print_nmethod compile_id='23' compiler='c2' stamp='0.530'>
Compiled method (c2) 529   23             java.lang.String::toString (2 bytes)
 total in heap  [0x00007fc310a16390,0x00007fc310a165f0] = 608
 relocation     [0x00007fc310a164f8,0x00007fc310a16510] = 24
 main code      [0x00007fc310a16520,0x00007fc310a16590] = 112
 stub code      [0x00007fc310a16590,0x00007fc310a165a8] = 24
 metadata       [0x00007fc310a165a8,0x00007fc310a165b0] = 8
 scopes data    [0x00007fc310a165b0,0x00007fc310a165b8] = 8
 scopes pcs     [0x00007fc310a165b8,0x00007fc310a165e8] = 48
 dependencies   [0x00007fc310a165e8,0x00007fc310a165f0] = 8
Dependencies:
- - - - - - - - - - - - - - - - - - - - - - - - - - - - - - - - - - - - - - - - 
</print_nmethod>
<print_nmethod compile_id='24' compiler='c2' stamp='0.540'>
Compiled method (c2) 540   24             java.lang.StringConcatHelper::stringOf (20 bytes)
 total in heap  [0x00007fc310a15f10,0x00007fc310a16350] = 1088
 relocation     [0x00007fc310a16078,0x00007fc310a160d0] = 88
 main code      [0x00007fc310a160e0,0x00007fc310a161e0] = 256
 stub code      [0x00007fc310a161e0,0x00007fc310a16208] = 40
 metadata       [0x00007fc310a16208,0x00007fc310a16218] = 16
 scopes data    [0x00007fc310a16218,0x00007fc310a16260] = 72
 scopes pcs     [0x00007fc310a16260,0x00007fc310a16320] = 192
 dependencies   [0x00007fc310a16320,0x00007fc310a16328] = 8
 handler table  [0x00007fc310a16328,0x00007fc310a16340] = 24
 nul chk table  [0x00007fc310a16340,0x00007fc310a16350] = 16
Dependencies:
- - - - - - - - - - - - - - - - - - - - - - - - - - - - - - - - - - - - - - - - 
</print_nmethod>
<writer thread='2833641'/>
resolving optimized virtual (invokevirtual) call to java.lang.String::toString at pc: 0x00007fc310a16110 to code: 0x00007fc310a16390
<writer thread='2833658'/>
<print_nmethod compile_id='25' compiler='c2' stamp='0.550'>
Compiled method (c2) 549   25             java.lang.StringConcatHelper::mix (27 bytes)
 total in heap  [0x00007fc310a15990,0x00007fc310a15ea8] = 1304
 relocation     [0x00007fc310a15af8,0x00007fc310a15b58] = 96
 main code      [0x00007fc310a15b60,0x00007fc310a15c70] = 272
 stub code      [0x00007fc310a15c70,0x00007fc310a15cb8] = 72
 metadata       [0x00007fc310a15cb8,0x00007fc310a15cc0] = 8
 scopes data    [0x00007fc310a15cc0,0x00007fc310a15d38] = 120
 scopes pcs     [0x00007fc310a15d38,0x00007fc310a15e58] = 288
 dependencies   [0x00007fc310a15e58,0x00007fc310a15e60] = 8
 handler table  [0x00007fc310a15e60,0x00007fc310a15ea8] = 72
Dependencies:
- - - - - - - - - - - - - - - - - - - - - - - - - - - - - - - - - - - - - - - - 
</print_nmethod>
<print_nmethod compile_id='26' compiler='c2' stamp='0.552'>
Compiled method (c2) 552   26             java.lang.StringConcatHelper::checkOverflow (17 bytes)
 total in heap  [0x00007fc310a15590,0x00007fc310a15868] = 728
 relocation     [0x00007fc310a156f8,0x00007fc310a15718] = 32
 main code      [0x00007fc310a15720,0x00007fc310a157a8] = 136
 stub code      [0x00007fc310a157a8,0x00007fc310a157c0] = 24
 metadata       [0x00007fc310a157c0,0x00007fc310a157c8] = 8
 scopes data    [0x00007fc310a157c8,0x00007fc310a157f0] = 40
 scopes pcs     [0x00007fc310a157f0,0x00007fc310a15860] = 112
 dependencies   [0x00007fc310a15860,0x00007fc310a15868] = 8
Dependencies:
- - - - - - - - - - - - - - - - - - - - - - - - - - - - - - - - - - - - - - - - 
</print_nmethod>
<print_nmethod compile_id='27' compiler='c2' stamp='0.559'>
Compiled method (c2) 559   27             java.lang.StringConcatHelper::prepend (37 bytes)
 total in heap  [0x00007fc310a18c90,0x00007fc310a19178] = 1256
 relocation     [0x00007fc310a18df8,0x00007fc310a18e48] = 80
 main code      [0x00007fc310a18e60,0x00007fc310a18f80] = 288
 stub code      [0x00007fc310a18f80,0x00007fc310a18fb8] = 56
 metadata       [0x00007fc310a18fb8,0x00007fc310a18fc0] = 8
 scopes data    [0x00007fc310a18fc0,0x00007fc310a19040] = 128
 scopes pcs     [0x00007fc310a19040,0x00007fc310a19140] = 256
 dependencies   [0x00007fc310a19140,0x00007fc310a19148] = 8
 handler table  [0x00007fc310a19148,0x00007fc310a19178] = 48
Dependencies:
- - - - - - - - - - - - - - - - - - - - - - - - - - - - - - - - - - - - - - - - 
</print_nmethod>
<writer thread='2833641'/>
resolving optimized virtual (invokevirtual) call to java.lang.String::length at pc: 0x00007fc310a15b90 to code: 0x00007fc310a11f90
resolving optimized virtual (invokevirtual) call to java.lang.String::coder at pc: 0x00007fc310a15bac to code: 0x00007fc310a12410
resolving static (invokestatic) call to java.lang.StringConcatHelper::checkOverflow at pc: 0x00007fc310a15bc4 to code: 0x00007fc310a15590
resolving optimized virtual (invokevirtual) call to java.lang.String::length at pc: 0x00007fc310a18e94 to code: 0x00007fc310a11f90
resolving optimized virtual (invokevirtual) call to java.lang.String::getBytes at pc: 0x00007fc310a18ecc to code: 0x00007fc310a16690
<writer thread='2833658'/>
<print_nmethod compile_id='28' compiler='c2' stamp='0.618'>
Compiled method (c2) 618   28             java.lang.String::&lt;init&gt; (15 bytes)
 total in heap  [0x00007fc310a18790,0x00007fc310a18c40] = 1200
 relocation     [0x00007fc310a188f8,0x00007fc310a18950] = 88
 main code      [0x00007fc310a18960,0x00007fc310a18b38] = 472
 stub code      [0x00007fc310a18b38,0x00007fc310a18b60] = 40
 metadata       [0x00007fc310a18b60,0x00007fc310a18b68] = 8
 scopes data    [0x00007fc310a18b68,0x00007fc310a18b90] = 40
 scopes pcs     [0x00007fc310a18b90,0x00007fc310a18c20] = 144
 dependencies   [0x00007fc310a18c20,0x00007fc310a18c28] = 8
 handler table  [0x00007fc310a18c28,0x00007fc310a18c40] = 24
Dependencies:
- - - - - - - - - - - - - - - - - - - - - - - - - - - - - - - - - - - - - - - - 
</print_nmethod>
<writer thread='2833641'/>
resolving optimized virtual (invokespecial) call to java.lang.Object::&lt;init&gt; at pc: 0x00007fc310a189ac to code: 0x00007fc310a17110
<writer thread='2833658'/>
<print_nmethod compile_id='29' compiler='c2' stamp='0.637'>
Compiled method (c2) 637   29             java.lang.StringConcatHelper::simpleConcat (94 bytes)
 total in heap  [0x00007fc310a17c90,0x00007fc310a18710] = 2688
 relocation     [0x00007fc310a17df8,0x00007fc310a17ed8] = 224
 main code      [0x00007fc310a17ee0,0x00007fc310a18148] = 616
 stub code      [0x00007fc310a18148,0x00007fc310a181c8] = 128
 metadata       [0x00007fc310a181c8,0x00007fc310a181d0] = 8
 scopes data    [0x00007fc310a181d0,0x00007fc310a18320] = 336
 scopes pcs     [0x00007fc310a18320,0x00007fc310a18600] = 736
 dependencies   [0x00007fc310a18600,0x00007fc310a18608] = 8
 handler table  [0x00007fc310a18608,0x00007fc310a18710] = 264
Dependencies:
- - - - - - - - - - - - - - - - - - - - - - - - - - - - - - - - - - - - - - - - 
</print_nmethod>
<print_nmethod compile_id='30' compiler='c2' stamp='0.639'>
Compiled method (c2) 638   30             java.lang.StringConcatHelper::initialCoder (14 bytes)
 total in heap  [0x00007fc310a17990,0x00007fc310a17bd0] = 576
 relocation     [0x00007fc310a17af8,0x00007fc310a17b08] = 16
 main code      [0x00007fc310a17b20,0x00007fc310a17b70] = 80
 stub code      [0x00007fc310a17b70,0x00007fc310a17b88] = 24
 metadata       [0x00007fc310a17b88,0x00007fc310a17b90] = 8
 scopes data    [0x00007fc310a17b90,0x00007fc310a17b98] = 8
 scopes pcs     [0x00007fc310a17b98,0x00007fc310a17bc8] = 48
 dependencies   [0x00007fc310a17bc8,0x00007fc310a17bd0] = 8
Dependencies:
- - - - - - - - - - - - - - - - - - - - - - - - - - - - - - - - - - - - - - - - 
</print_nmethod>
<print_nmethod compile_id='31' compiler='c2' stamp='0.643'>
Compiled method (c2) 642   31             java.lang.StringConcatHelper::newArray (40 bytes)
 total in heap  [0x00007fc310a17410,0x00007fc310a178a0] = 1168
 relocation     [0x00007fc310a17578,0x00007fc310a175d0] = 88
 main code      [0x00007fc310a175e0,0x00007fc310a17708] = 296
 stub code      [0x00007fc310a17708,0x00007fc310a17730] = 40
 metadata       [0x00007fc310a17730,0x00007fc310a17740] = 16
 scopes data    [0x00007fc310a17740,0x00007fc310a17790] = 80
 scopes pcs     [0x00007fc310a17790,0x00007fc310a17870] = 224
 dependencies   [0x00007fc310a17870,0x00007fc310a17878] = 8
 handler table  [0x00007fc310a17878,0x00007fc310a17890] = 24
 nul chk table  [0x00007fc310a17890,0x00007fc310a178a0] = 16
Dependencies:
- - - - - - - - - - - - - - - - - - - - - - - - - - - - - - - - - - - - - - - - 
</print_nmethod>
<print_nmethod compile_id='32' compiler='c2' stamp='0.650'>
Compiled method (c2) 649   32             jdk.internal.misc.Unsafe::allocateUninitializedArray (55 bytes)
 total in heap  [0x00007fc310a1a890,0x00007fc310a1ae78] = 1512
 relocation     [0x00007fc310a1a9f8,0x00007fc310a1aa60] = 104
 main code      [0x00007fc310a1aa60,0x00007fc310a1ac90] = 560
 stub code      [0x00007fc310a1ac90,0x00007fc310a1aca8] = 24
 metadata       [0x00007fc310a1aca8,0x00007fc310a1acb0] = 8
 scopes data    [0x00007fc310a1acb0,0x00007fc310a1ad10] = 96
 scopes pcs     [0x00007fc310a1ad10,0x00007fc310a1ae40] = 304
 dependencies   [0x00007fc310a1ae40,0x00007fc310a1ae48] = 8
 handler table  [0x00007fc310a1ae48,0x00007fc310a1ae60] = 24
 nul chk table  [0x00007fc310a1ae60,0x00007fc310a1ae78] = 24
Dependencies:
- - - - - - - - - - - - - - - - - - - - - - - - - - - - - - - - - - - - - - - - 
</print_nmethod>
<print_nmethod compile_id='33' compiler='c2' stamp='0.654'>
Compiled method (c2) 654   33             jdk.internal.misc.Unsafe::allocateUninitializedArray0 (90 bytes)
 total in heap  [0x00007fc310a1a390,0x00007fc310a1a818] = 1160
 relocation     [0x00007fc310a1a4f8,0x00007fc310a1a528] = 48
 main code      [0x00007fc310a1a540,0x00007fc310a1a710] = 464
 stub code      [0x00007fc310a1a710,0x00007fc310a1a728] = 24
 oops           [0x00007fc310a1a728,0x00007fc310a1a730] = 8
 metadata       [0x00007fc310a1a730,0x00007fc310a1a740] = 16
 scopes data    [0x00007fc310a1a740,0x00007fc310a1a778] = 56
 scopes pcs     [0x00007fc310a1a778,0x00007fc310a1a7f8] = 128
 dependencies   [0x00007fc310a1a7f8,0x00007fc310a1a800] = 8
 handler table  [0x00007fc310a1a800,0x00007fc310a1a818] = 24
Dependencies:
- - - - - - - - - - - - - - - - - - - - - - - - - - - - - - - - - - - - - - - - 
</print_nmethod>
<writer thread='2833641'/>
resolving static (invokestatic) call to java.lang.StringConcatHelper::stringOf at pc: 0x00007fc310a17f04 to code: 0x00007fc310a15f10
resolving static (invokestatic) call to java.lang.StringConcatHelper::stringOf at pc: 0x00007fc310a17f18 to code: 0x00007fc310a15f10
resolving optimized virtual (invokevirtual) call to java.lang.String::isEmpty at pc: 0x00007fc310a17f38 to code: 0x00007fc310a16d10
resolving optimized virtual (invokevirtual) call to java.lang.String::isEmpty at pc: 0x00007fc310a17f5c to code: 0x00007fc310a16d10
resolving static (invokestatic) call to java.lang.StringConcatHelper::initialCoder at pc: 0x00007fc310a17f74 to code: 0x00007fc310a17990
resolving static (invokestatic) call to java.lang.StringConcatHelper::mix at pc: 0x00007fc310a17f88 to code: 0x00007fc310a15990
resolving static (invokestatic) call to java.lang.StringConcatHelper::mix at pc: 0x00007fc310a17f9c to code: 0x00007fc310a15990
resolving static (invokestatic) call to java.lang.StringConcatHelper::newArray at pc: 0x00007fc310a17fb4 to code: 0x00007fc310a17410
resolving optimized virtual (invokevirtual) call to jdk.internal.misc.Unsafe::allocateUninitializedArray at pc: 0x00007fc310a1762c to code: 0x00007fc310a1a890
resolving static (invokestatic) call to java.lang.StringConcatHelper::prepend at pc: 0x00007fc310a17fd4 to code: 0x00007fc310a18c90
resolving static (invokestatic) call to java.lang.StringConcatHelper::prepend at pc: 0x00007fc310a17ff0 to code: 0x00007fc310a18c90
resolving static (invokestatic) call to java.lang.StringConcatHelper::newString at pc: 0x00007fc310a18008 to code: 0x0000000000000000
<writer thread='2833658'/>
<print_nmethod compile_id='34' compiler='c2' stamp='0.662'>
Compiled method (c2) 662   34             java.lang.StringConcatHelper::newString (67 bytes)
 total in heap  [0x00007fc310a19e90,0x00007fc310a1a310] = 1152
 relocation     [0x00007fc310a19ff8,0x00007fc310a1a038] = 64
 main code      [0x00007fc310a1a040,0x00007fc310a1a180] = 320
 stub code      [0x00007fc310a1a180,0x00007fc310a1a1a8] = 40
 metadata       [0x00007fc310a1a1a8,0x00007fc310a1a1b8] = 16
 scopes data    [0x00007fc310a1a1b8,0x00007fc310a1a208] = 80
 scopes pcs     [0x00007fc310a1a208,0x00007fc310a1a2d8] = 208
 dependencies   [0x00007fc310a1a2d8,0x00007fc310a1a2e0] = 8
 handler table  [0x00007fc310a1a2e0,0x00007fc310a1a310] = 48
Dependencies:
- - - - - - - - - - - - - - - - - - - - - - - - - - - - - - - - - - - - - - - - 
</print_nmethod>
<writer thread='2833641'/>
fixup callsite           at 0x00007fc310a18008 to compiled code for java.lang.StringConcatHelper::newString to 0x00007fc310a1a040
resolving optimized virtual (invokespecial) call to java.lang.String::&lt;init&gt; at pc: 0x00007fc310a1a0cc to code: 0x00007fc310a18790
handle_wrong_method reresolving call to jdk.internal.misc.Unsafe::allocateUninitializedArray code: 0x0000000000000000
resolving optimized virtual (invokevirtual) call to jdk.internal.misc.Unsafe::allocateUninitializedArray at pc: 0x00007fc310a1762c to code: 0x0000000000000000
<writer thread='2833658'/>
<print_nmethod compile_id='35' compiler='c2' stamp='0.668'>
Compiled method (c2) 668   35             java.lang.invoke.DirectMethodHandle::internalMemberName (8 bytes)
 total in heap  [0x00007fc310a19a90,0x00007fc310a19e30] = 928
 relocation     [0x00007fc310a19bf8,0x00007fc310a19c48] = 80
 main code      [0x00007fc310a19c60,0x00007fc310a19d40] = 224
 stub code      [0x00007fc310a19d40,0x00007fc310a19d58] = 24
 metadata       [0x00007fc310a19d58,0x00007fc310a19d68] = 16
 scopes data    [0x00007fc310a19d68,0x00007fc310a19d98] = 48
 scopes pcs     [0x00007fc310a19d98,0x00007fc310a19e18] = 128
 dependencies   [0x00007fc310a19e18,0x00007fc310a19e20] = 8
 nul chk table  [0x00007fc310a19e20,0x00007fc310a19e30] = 16
Dependencies:
- - - - - - - - - - - - - - - - - - - - - - - - - - - - - - - - - - - - - - - - 
</print_nmethod>
<print_nmethod compile_id='36' compiler='c2' stamp='0.671'>
Compiled method (c2) 671   36             test::micro (5 bytes)
 total in heap  [0x00007fc310a19690,0x00007fc310a19a18] = 904
 relocation     [0x00007fc310a197f8,0x00007fc310a19840] = 72
 main code      [0x00007fc310a19840,0x00007fc310a19908] = 200
 stub code      [0x00007fc310a19908,0x00007fc310a19930] = 40
 oops           [0x00007fc310a19930,0x00007fc310a19938] = 8
 metadata       [0x00007fc310a19938,0x00007fc310a19948] = 16
 scopes data    [0x00007fc310a19948,0x00007fc310a19978] = 48
 scopes pcs     [0x00007fc310a19978,0x00007fc310a199e8] = 112
 dependencies   [0x00007fc310a199e8,0x00007fc310a199f0] = 8
 handler table  [0x00007fc310a199f0,0x00007fc310a19a08] = 24
 nul chk table  [0x00007fc310a19a08,0x00007fc310a19a18] = 16
Dependencies:
- - - - - - - - - - - - - - - - - - - - - - - - - - - - - - - - - - - - - - - - 
</print_nmethod>
<print_nmethod compile_id='37' compiler='c2' stamp='0.675'>
Compiled method (c2) 674   37             java.lang.invoke.Invokers$Holder::linkToTargetMethod (10 bytes)
 total in heap  [0x00007fc310a19190,0x00007fc310a19580] = 1008
 relocation     [0x00007fc310a192f8,0x00007fc310a19340] = 72
 main code      [0x00007fc310a19340,0x00007fc310a19428] = 232
 stub code      [0x00007fc310a19428,0x00007fc310a19460] = 56
 metadata       [0x00007fc310a19460,0x00007fc310a19470] = 16
 scopes data    [0x00007fc310a19470,0x00007fc310a194b0] = 64
 scopes pcs     [0x00007fc310a194b0,0x00007fc310a19550] = 160
 dependencies   [0x00007fc310a19550,0x00007fc310a19558] = 8
 handler table  [0x00007fc310a19558,0x00007fc310a19570] = 24
 nul chk table  [0x00007fc310a19570,0x00007fc310a19580] = 16
Dependencies:
- - - - - - - - - - - - - - - - - - - - - - - - - - - - - - - - - - - - - - - - 
</print_nmethod>
<print_nmethod compile_id='38' compiler='c2' stamp='0.680'>
Compiled method (c2) 680   38             java.lang.invoke.DelegatingMethodHandle$Holder::reinvoke_L (18 bytes)
 total in heap  [0x00007fc310a1cc90,0x00007fc310a1d1c0] = 1328
 relocation     [0x00007fc310a1cdf8,0x00007fc310a1ce68] = 112
 main code      [0x00007fc310a1ce80,0x00007fc310a1cfd0] = 336
 stub code      [0x00007fc310a1cfd0,0x00007fc310a1d008] = 56
 metadata       [0x00007fc310a1d008,0x00007fc310a1d020] = 24
 scopes data    [0x00007fc310a1d020,0x00007fc310a1d088] = 104
 scopes pcs     [0x00007fc310a1d088,0x00007fc310a1d188] = 256
 dependencies   [0x00007fc310a1d188,0x00007fc310a1d190] = 8
 handler table  [0x00007fc310a1d190,0x00007fc310a1d1a8] = 24
 nul chk table  [0x00007fc310a1d1a8,0x00007fc310a1d1c0] = 24
Dependencies:
- - - - - - - - - - - - - - - - - - - - - - - - - - - - - - - - - - - - - - - - 
</print_nmethod>
<print_nmethod compile_id='39' compiler='c2' stamp='0.685'>
Compiled method (c2) 684   39             java.lang.invoke.DirectMethodHandle$Holder::invokeStatic (15 bytes)
 total in heap  [0x00007fc310a1d210,0x00007fc310a1d688] = 1144
 relocation     [0x00007fc310a1d378,0x00007fc310a1d3d0] = 88
 main code      [0x00007fc310a1d3e0,0x00007fc310a1d4d0] = 240
 stub code      [0x00007fc310a1d4d0,0x00007fc310a1d508] = 56
 metadata       [0x00007fc310a1d508,0x00007fc310a1d518] = 16
 scopes data    [0x00007fc310a1d518,0x00007fc310a1d570] = 88
 scopes pcs     [0x00007fc310a1d570,0x00007fc310a1d640] = 208
 dependencies   [0x00007fc310a1d640,0x00007fc310a1d648] = 8
 handler table  [0x00007fc310a1d648,0x00007fc310a1d678] = 48
 nul chk table  [0x00007fc310a1d678,0x00007fc310a1d688] = 16
Dependencies:
- - - - - - - - - - - - - - - - - - - - - - - - - - - - - - - - - - - - - - - - 
</print_nmethod>
<writer thread='2833641'/>
resolving optimized virtual (invokevirtual) call to Derived1::getMessage at pc: 0x00007fc310a19870 to code: 0x00007fc310a12710
resolving optimized virtual (invokehandle) call to java.lang.invoke.MethodHandle::invokeBasic(LL)L at pc: 0x00007fc310a19378 to code: 0x00007fc310a0ce10
resolving optimized virtual (invokehandle) call to java.lang.invoke.MethodHandle::invokeBasic(LL)L at pc: 0x00007fc310a1cec4 to code: 0x00007fc310a0ce10
resolving static (invokestatic) call to java.lang.invoke.DirectMethodHandle::internalMemberName at pc: 0x00007fc310a1d408 to code: 0x00007fc310a19a90
resolving static (invokestatic) call to java.lang.invoke.MethodHandle::linkToStatic(LLL)L at pc: 0x00007fc310a1d42c to code: 0x00007fc310a0df10
<writer thread='2833658'/>
<print_nmethod compile_id='40' compiler='c2' stamp='0.697'>
Compiled method (c2) 697   40             jdk.internal.misc.Unsafe::allocateUninitializedArray (55 bytes)
 total in heap  [0x00007fc310a1d710,0x00007fc310a1dcb8] = 1448
 relocation     [0x00007fc310a1d878,0x00007fc310a1d8d0] = 88
 main code      [0x00007fc310a1d8e0,0x00007fc310a1dae0] = 512
 stub code      [0x00007fc310a1dae0,0x00007fc310a1daf8] = 24
 metadata       [0x00007fc310a1daf8,0x00007fc310a1db00] = 8
 scopes data    [0x00007fc310a1db00,0x00007fc310a1db60] = 96
 scopes pcs     [0x00007fc310a1db60,0x00007fc310a1dc80] = 288
 dependencies   [0x00007fc310a1dc80,0x00007fc310a1dc88] = 8
 handler table  [0x00007fc310a1dc88,0x00007fc310a1dca0] = 24
 nul chk table  [0x00007fc310a1dca0,0x00007fc310a1dcb8] = 24
Dependencies:
- - - - - - - - - - - - - - - - - - - - - - - - - - - - - - - - - - - - - - - - 
</print_nmethod>
<writer thread='2833641'/>
fixup callsite           at 0x00007fc310a1762c to compiled code for jdk.internal.misc.Unsafe::allocateUninitializedArray to 0x00007fc310a1d900
<writer thread='2833658'/>
<print_nmethod compile_id='41' compile_kind='osr' compiler='c2' stamp='0.790'>
Compiled method (c2) 790   41 %           test::main @ 5 (60 bytes)
 total in heap  [0x00007fc310a1c410,0x00007fc310a1cc40] = 2096
 relocation     [0x00007fc310a1c578,0x00007fc310a1c628] = 176
 main code      [0x00007fc310a1c640,0x00007fc310a1c8d8] = 664
 stub code      [0x00007fc310a1c8d8,0x00007fc310a1c910] = 56
 oops           [0x00007fc310a1c910,0x00007fc310a1c918] = 8
 metadata       [0x00007fc310a1c918,0x00007fc310a1c928] = 16
 scopes data    [0x00007fc310a1c928,0x00007fc310a1c9f8] = 208
 scopes pcs     [0x00007fc310a1c9f8,0x00007fc310a1cbe8] = 496
 dependencies   [0x00007fc310a1cbe8,0x00007fc310a1cbf0] = 8
 handler table  [0x00007fc310a1cbf0,0x00007fc310a1cc20] = 48
 nul chk table  [0x00007fc310a1cc20,0x00007fc310a1cc40] = 32
Dependencies:
- - - - - - - - - - - - - - - - - - - - - - - - - - - - - - - - - - - - - - - - 
</print_nmethod>
<print_nmethod compile_id='42' compiler='c2' stamp='0.803'>
Compiled method (c2) 803   42             test::main (60 bytes)
 total in heap  [0x00007fc310a1bc90,0x00007fc310a1c3b8] = 1832
 relocation     [0x00007fc310a1bdf8,0x00007fc310a1be90] = 152
 main code      [0x00007fc310a1bea0,0x00007fc310a1c0b0] = 528
 stub code      [0x00007fc310a1c0b0,0x00007fc310a1c0e8] = 56
 oops           [0x00007fc310a1c0e8,0x00007fc310a1c0f0] = 8
 metadata       [0x00007fc310a1c0f0,0x00007fc310a1c0f8] = 8
 scopes data    [0x00007fc310a1c0f8,0x00007fc310a1c1b0] = 184
 scopes pcs     [0x00007fc310a1c1b0,0x00007fc310a1c360] = 432
 dependencies   [0x00007fc310a1c360,0x00007fc310a1c368] = 8
 handler table  [0x00007fc310a1c368,0x00007fc310a1c398] = 48
 nul chk table  [0x00007fc310a1c398,0x00007fc310a1c3b8] = 32
Dependencies:
- - - - - - - - - - - - - - - - - - - - - - - - - - - - - - - - - - - - - - - - 
</print_nmethod>
<writer thread='2833641'/>
resolving static (invokestatic) call to test::micro at pc: 0x00007fc310a1c710 to code: 0x00007fc310a19690
resolving static (invokedynamic) call to java.lang.invoke.Invokers$Holder::linkToTargetMethod at pc: 0x00007fc310a1c730 to code: 0x00007fc310a19190
C1 Runtime statistics:
 _resolve_invoke_virtual_cnt:     0
 _resolve_invoke_opt_virtual_cnt: 16
 _resolve_invoke_static_cnt:      14
 _handle_wrong_method_cnt:        1
 _ic_miss_cnt:                    0
 _generic_arraycopystub_cnt:      0
 _byte_arraycopy_cnt:             0
 _short_arraycopy_cnt:            0
 _int_arraycopy_cnt:              0
 _long_arraycopy_cnt:             0
 _oop_arraycopy_cnt:              0
 _arraycopy_slowcase_cnt:         0
 _arraycopy_checkcast_cnt:        0
 _arraycopy_checkcast_attempt_cnt:0
 _new_type_array_slowcase_cnt:    0
 _new_object_array_slowcase_cnt:  0
 _new_instance_slowcase_cnt:      0
 _new_multi_array_slowcase_cnt:   0
 _monitorenter_slowcase_cnt:      0
 _monitorexit_slowcase_cnt:       0
 _patch_code_slowcase_cnt:        0
 _throw_range_check_exception_count:            0:
 _throw_index_exception_count:                  0:
 _throw_div0_exception_count:                   0:
 _throw_null_pointer_exception_count:           0:
 _throw_class_cast_exception_count:             0:
 _throw_incompatible_class_change_error_count:  0:
 _throw_count:                                  0:

<statistics type='SharedRuntime'>
    5 new instance requires GC
23609 new array requires GC
    0 inline cache miss in compiled
    1 wrong method
   14 unresolved static call site
    0 unresolved virtual call site
   16 unresolved opt virtual call site
    5 slow partial subtype
29032 byte array copies
AdapterHandlerTable statistics:
Number of buckets       :       293 =      2344 bytes, each 8
Number of entries       :       223 =     12488 bytes, each 56
Number of literals      :       223 =     17840 bytes, avg  80.000
Total footprint         :           =     32672 bytes
Average bucket size     :     0.761
Variance of bucket size :     0.755
Std. dev. of bucket size:     0.869
Maximum bucket size     :         4
AdapterHandlerTable (table_size=293, entries=223)
AdapterHandlerTable: lookups 3691 equals 3057 hits 3057 compact 3057
</statistics>
<statistics type='opto'>
--- Compiler Statistics ---
Methods seen: 35  Methods parsed: 35  Nodes created: 9161
Blocks parsed: 73  Blocks seen: 110
78 original null checks - 48 elided (61%); optimizer leaves 50,
22 made implicit (44%)
StringConcat:    0/   0/   0(replaced/merged/total)
CCP: 35  constants found: 0
Total frameslots = 88, Max frameslots = 8
Inserted 0 spill loads, 0 spill stores, 0 mem-mem moves and 0 copies.
Total load cost=      0, store cost =      0, mem-mem cost =  0.00, copy cost =     0.
Adjusted spill cost =       0.
Conservatively coalesced 111 copies, 0 pairs, 41 post alloc.
Used cisc instruction  3,  remained in register 21
Average allocation trips 1.169811
High Pressure Blocks = 0, Low Pressure Blocks = 0
Nops added 0 bytes to total of 11031 bytes, for 0.00%
Peephole: peephole rules applied: 1
PhaseIdealLoop=87, sum _unique=10922, long loops=0/0/0
No escape = 0, Arg escape = 0, Global escape = 0
Objects scalar replaced = 0, Monitor objects removed = 0, GC barriers removed = 0, Memory barriers removed = 0
</statistics>
<statistics type='intrinsic'>
Compiler intrinsic usage:
     1 (20.0%) _arraycopy (worked)
     2 (40.0%) _isPrimitive (worked)
     2 (40.0%) _allocateUninitializedArray (worked)
     5 (100.0%) total (worked)
</statistics>
<statistics type='deoptimization'>
Deoptimization traps recorded:
     5 (100.0%) total
  class_check/maybe_recompile/invokevirtual: 4 (80.0%)
         unstable_if/reinterpret/if_icmpge: 1 (20.0%)
</statistics>
<writer thread='2833652'/>
<destroy_vm stamp='2.939'/>
<tty_done stamp='3.162'/>
</tty>
<hotspot_log_done stamp='3.162'/>
</hotspot_log>
