<?xml version='1.0' encoding='UTF-8'?>
<hotspot_log version='160 1' process='2832663' time_ms='1705597265456'>
<vm_version>
<name>
OpenJDK 64-Bit Server VM
</name>
<release>
23-internal-adhoc.root.jdk
</release>
<info>
OpenJDK 64-Bit Server VM (slowdebug 23-internal-adhoc.root.jdk) for linux-amd64 JRE (23-internal-adhoc.root.jdk), built on 2023-11-29T06:22:32Z by &quot;root&quot; with gcc 9.3.0
</info>
</vm_version>
<vm_arguments>
<args>
-XX:+PrintDependencies -XX:+TraceCallFixup -XX:-TieredCompilation -Xbatch -XX:CompileThresholdScaling=0.3 -XX:CompileCommand=Print,test::micro </args>
<command>
test
</command>
<launcher>
SUN_STANDARD
</launcher>
<properties>
java.vm.specification.name=Java Virtual Machine Specification
java.vm.version=23-internal-adhoc.root.jdk
java.vm.name=OpenJDK 64-Bit Server VM
jdk.debug=slowdebug
sun.boot.library.path=/home/jatinbha/sandboxes/jdk/build/linux-x86_64-server-slowdebug/images/jdk/lib
java.library.path=/home/jatinbha/softwares::/usr/java/packages/lib:/usr/lib64:/lib64:/lib:/usr/lib
java.home=/home/jatinbha/sandboxes/jdk/build/linux-x86_64-server-slowdebug/images/jdk
java.class.path=.
java.vm.info=mixed mode, sharing
java.vm.specification.vendor=Oracle Corporation
java.vm.specification.version=23
java.vm.vendor=Oracle Corporation
sun.java.command=test
sun.java.launcher=SUN_STANDARD
</properties>
</vm_arguments>
<tty>
<writer thread='2832664'/>
CompileCommand: print test.micro bool print = true
<blob name='MethodHandlesAdapterBlob' total_size='10224'>
<sect index='1' capacity='10224' size='1898' remaining='8326'/>
</blob>
<print_native_nmethod method='java.lang.invoke.MethodHandle linkToStatic (Ljava/lang/Object;Ljava/lang/Object;Ljava/lang/Object;Ljava/lang/Object;Ljava/lang/Object;Ljava/lang/invoke/MemberName;)Ljava/lang/Object;' bytes='0' count='0' iicount='0' stamp='0.380' address='0x00007f2fb49ff310'>
Compiled method (n/a) 379    1     n       java.lang.invoke.MethodHandle::linkToStatic(LLLLLL)L (native)
 total in heap  [0x00007f2fb49ff310,0x00007f2fb49ff578] = 616
 relocation     [0x00007f2fb49ff478,0x00007f2fb49ff4c0] = 72
 main code      [0x00007f2fb49ff4c0,0x00007f2fb49ff577] = 183
 stub code      [0x00007f2fb49ff577,0x00007f2fb49ff578] = 1
</print_native_nmethod>
<writer thread='2832681'/>
<print_nmethod compile_id='2' compiler='c2' stamp='0.387'>
Compiled method (c2) 387    2             java.lang.Enum::ordinal (5 bytes)
 total in heap  [0x00007f2fb49ff010,0x00007f2fb49ff288] = 632
 relocation     [0x00007f2fb49ff178,0x00007f2fb49ff190] = 24
 main code      [0x00007f2fb49ff1a0,0x00007f2fb49ff210] = 112
 stub code      [0x00007f2fb49ff210,0x00007f2fb49ff228] = 24
 metadata       [0x00007f2fb49ff228,0x00007f2fb49ff230] = 8
 scopes data    [0x00007f2fb49ff230,0x00007f2fb49ff240] = 16
 scopes pcs     [0x00007f2fb49ff240,0x00007f2fb49ff280] = 64
 dependencies   [0x00007f2fb49ff280,0x00007f2fb49ff288] = 8
Dependencies:
- - - - - - - - - - - - - - - - - - - - - - - - - - - - - - - - - - - - - - - - 
</print_nmethod>
<print_nmethod compile_id='3' compiler='c2' stamp='0.392'>
Compiled method (c2) 391    3             jdk.internal.util.StrongReferenceKey::get (5 bytes)
 total in heap  [0x00007f2fb4a03810,0x00007f2fb4a03ab8] = 680
 relocation     [0x00007f2fb4a03978,0x00007f2fb4a039a0] = 40
 main code      [0x00007f2fb4a039a0,0x00007f2fb4a03a40] = 160
 stub code      [0x00007f2fb4a03a40,0x00007f2fb4a03a58] = 24
 metadata       [0x00007f2fb4a03a58,0x00007f2fb4a03a60] = 8
 scopes data    [0x00007f2fb4a03a60,0x00007f2fb4a03a70] = 16
 scopes pcs     [0x00007f2fb4a03a70,0x00007f2fb4a03ab0] = 64
 dependencies   [0x00007f2fb4a03ab0,0x00007f2fb4a03ab8] = 8
Dependencies:
- - - - - - - - - - - - - - - - - - - - - - - - - - - - - - - - - - - - - - - - 
</print_nmethod>
<writer thread='2832664'/>
<print_native_nmethod method='java.lang.invoke.MethodHandle invokeBasic (Ljava/lang/Object;Ljava/lang/Object;Ljava/lang/Object;Ljava/lang/Object;Ljava/lang/Object;)Ljava/lang/Object;' bytes='0' count='0' iicount='0' stamp='0.397' address='0x00007f2fb4a03510'>
Compiled method (n/a) 396    4     n       java.lang.invoke.MethodHandle::invokeBasic(LLLLL)L (native)
 total in heap  [0x00007f2fb4a03510,0x00007f2fb4a03750] = 576
 relocation     [0x00007f2fb4a03678,0x00007f2fb4a036c0] = 72
 main code      [0x00007f2fb4a036c0,0x00007f2fb4a0374d] = 141
 stub code      [0x00007f2fb4a0374d,0x00007f2fb4a03750] = 3
</print_native_nmethod>
<print_native_nmethod method='java.lang.invoke.MethodHandle linkToSpecial (Ljava/lang/Object;Ljava/lang/Object;Ljava/lang/Object;Ljava/lang/Object;Ljava/lang/Object;Ljava/lang/Object;Ljava/lang/invoke/MemberName;)Ljava/lang/Object;' bytes='0' count='0' iicount='0' stamp='0.397' address='0x00007f2fb4a10090'>
Compiled method (n/a) 397    5     n       java.lang.invoke.MethodHandle::linkToSpecial(LLLLLLL)L (native)
 total in heap  [0x00007f2fb4a10090,0x00007f2fb4a10458] = 968
 relocation     [0x00007f2fb4a101f8,0x00007f2fb4a10288] = 144
 main code      [0x00007f2fb4a102a0,0x00007f2fb4a10454] = 436
 stub code      [0x00007f2fb4a10454,0x00007f2fb4a10458] = 4
</print_native_nmethod>
<writer thread='2832681'/>
<print_nmethod compile_id='6' compiler='c2' stamp='0.399'>
Compiled method (c2) 398    6             java.lang.invoke.MethodType::returnType (5 bytes)
 total in heap  [0x00007f2fb4a0e190,0x00007f2fb4a0e438] = 680
 relocation     [0x00007f2fb4a0e2f8,0x00007f2fb4a0e320] = 40
 main code      [0x00007f2fb4a0e320,0x00007f2fb4a0e3c0] = 160
 stub code      [0x00007f2fb4a0e3c0,0x00007f2fb4a0e3d8] = 24
 metadata       [0x00007f2fb4a0e3d8,0x00007f2fb4a0e3e0] = 8
 scopes data    [0x00007f2fb4a0e3e0,0x00007f2fb4a0e3f0] = 16
 scopes pcs     [0x00007f2fb4a0e3f0,0x00007f2fb4a0e430] = 64
 dependencies   [0x00007f2fb4a0e430,0x00007f2fb4a0e438] = 8
Dependencies:
- - - - - - - - - - - - - - - - - - - - - - - - - - - - - - - - - - - - - - - - 
</print_nmethod>
<print_nmethod compile_id='7' compiler='c2' stamp='0.403'>
Compiled method (c2) 403    7             java.lang.invoke.MethodType::ptypes (5 bytes)
 total in heap  [0x00007f2fb4a0de90,0x00007f2fb4a0e138] = 680
 relocation     [0x00007f2fb4a0dff8,0x00007f2fb4a0e020] = 40
 main code      [0x00007f2fb4a0e020,0x00007f2fb4a0e0c0] = 160
 stub code      [0x00007f2fb4a0e0c0,0x00007f2fb4a0e0d8] = 24
 metadata       [0x00007f2fb4a0e0d8,0x00007f2fb4a0e0e0] = 8
 scopes data    [0x00007f2fb4a0e0e0,0x00007f2fb4a0e0f0] = 16
 scopes pcs     [0x00007f2fb4a0e0f0,0x00007f2fb4a0e130] = 64
 dependencies   [0x00007f2fb4a0e130,0x00007f2fb4a0e138] = 8
Dependencies:
- - - - - - - - - - - - - - - - - - - - - - - - - - - - - - - - - - - - - - - - 
</print_nmethod>
<writer thread='2832664'/>
<print_native_nmethod method='java.lang.invoke.MethodHandle linkToStatic (Ljava/lang/Object;Ljava/lang/Object;Ljava/lang/invoke/MemberName;)Ljava/lang/Object;' bytes='0' count='0' iicount='0' stamp='0.405' address='0x00007f2fb4a0db90'>
Compiled method (n/a) 405    8     n       java.lang.invoke.MethodHandle::linkToStatic(LLL)L (native)
 total in heap  [0x00007f2fb4a0db90,0x00007f2fb4a0ddf8] = 616
 relocation     [0x00007f2fb4a0dcf8,0x00007f2fb4a0dd40] = 72
 main code      [0x00007f2fb4a0dd40,0x00007f2fb4a0ddf7] = 183
 stub code      [0x00007f2fb4a0ddf7,0x00007f2fb4a0ddf8] = 1
</print_native_nmethod>
<writer thread='2832681'/>
<print_nmethod compile_id='9' compiler='c2' stamp='0.409'>
Compiled method (c2) 408    9             java.lang.invoke.MethodType::form (5 bytes)
 total in heap  [0x00007f2fb4a0d890,0x00007f2fb4a0db38] = 680
 relocation     [0x00007f2fb4a0d9f8,0x00007f2fb4a0da20] = 40
 main code      [0x00007f2fb4a0da20,0x00007f2fb4a0dac0] = 160
 stub code      [0x00007f2fb4a0dac0,0x00007f2fb4a0dad8] = 24
 metadata       [0x00007f2fb4a0dad8,0x00007f2fb4a0dae0] = 8
 scopes data    [0x00007f2fb4a0dae0,0x00007f2fb4a0daf0] = 16
 scopes pcs     [0x00007f2fb4a0daf0,0x00007f2fb4a0db30] = 64
 dependencies   [0x00007f2fb4a0db30,0x00007f2fb4a0db38] = 8
Dependencies:
- - - - - - - - - - - - - - - - - - - - - - - - - - - - - - - - - - - - - - - - 
</print_nmethod>
<print_nmethod compile_id='10' compiler='c2' stamp='0.411'>
Compiled method (c2) 411   10             jdk.internal.util.WeakReferenceKey::hashCode (5 bytes)
 total in heap  [0x00007f2fb4a0d590,0x00007f2fb4a0d808] = 632
 relocation     [0x00007f2fb4a0d6f8,0x00007f2fb4a0d710] = 24
 main code      [0x00007f2fb4a0d720,0x00007f2fb4a0d790] = 112
 stub code      [0x00007f2fb4a0d790,0x00007f2fb4a0d7a8] = 24
 metadata       [0x00007f2fb4a0d7a8,0x00007f2fb4a0d7b0] = 8
 scopes data    [0x00007f2fb4a0d7b0,0x00007f2fb4a0d7c0] = 16
 scopes pcs     [0x00007f2fb4a0d7c0,0x00007f2fb4a0d800] = 64
 dependencies   [0x00007f2fb4a0d800,0x00007f2fb4a0d808] = 8
Dependencies:
- - - - - - - - - - - - - - - - - - - - - - - - - - - - - - - - - - - - - - - - 
</print_nmethod>
<print_nmethod compile_id='11' compiler='c2' stamp='0.414'>
Compiled method (c2) 413   11             java.lang.invoke.MemberName::getDeclaringClass (5 bytes)
 total in heap  [0x00007f2fb4a0d290,0x00007f2fb4a0d538] = 680
 relocation     [0x00007f2fb4a0d3f8,0x00007f2fb4a0d420] = 40
 main code      [0x00007f2fb4a0d420,0x00007f2fb4a0d4c0] = 160
 stub code      [0x00007f2fb4a0d4c0,0x00007f2fb4a0d4d8] = 24
 metadata       [0x00007f2fb4a0d4d8,0x00007f2fb4a0d4e0] = 8
 scopes data    [0x00007f2fb4a0d4e0,0x00007f2fb4a0d4f0] = 16
 scopes pcs     [0x00007f2fb4a0d4f0,0x00007f2fb4a0d530] = 64
 dependencies   [0x00007f2fb4a0d530,0x00007f2fb4a0d538] = 8
Dependencies:
- - - - - - - - - - - - - - - - - - - - - - - - - - - - - - - - - - - - - - - - 
</print_nmethod>
<writer thread='2832664'/>
<print_native_nmethod method='java.lang.invoke.MethodHandle linkToStatic (Ljava/lang/Object;Ljava/lang/Object;Ljava/lang/Object;Ljava/lang/invoke/MemberName;)Ljava/lang/Object;' bytes='0' count='0' iicount='0' stamp='0.419' address='0x00007f2fb4a0cf90'>
Compiled method (n/a) 419   12     n       java.lang.invoke.MethodHandle::linkToStatic(LLLL)L (native)
 total in heap  [0x00007f2fb4a0cf90,0x00007f2fb4a0d200] = 624
 relocation     [0x00007f2fb4a0d0f8,0x00007f2fb4a0d140] = 72
 main code      [0x00007f2fb4a0d140,0x00007f2fb4a0d1fa] = 186
 stub code      [0x00007f2fb4a0d1fa,0x00007f2fb4a0d200] = 6
</print_native_nmethod>
<print_native_nmethod method='java.lang.invoke.MethodHandle invokeBasic (Ljava/lang/Object;Ljava/lang/Object;)Ljava/lang/Object;' bytes='0' count='0' iicount='0' stamp='0.423' address='0x00007f2fb4a0ca90'>
Compiled method (n/a) 422   13     n       java.lang.invoke.MethodHandle::invokeBasic(LL)L (native)
 total in heap  [0x00007f2fb4a0ca90,0x00007f2fb4a0ccd0] = 576
 relocation     [0x00007f2fb4a0cbf8,0x00007f2fb4a0cc40] = 72
 main code      [0x00007f2fb4a0cc40,0x00007f2fb4a0cccd] = 141
 stub code      [0x00007f2fb4a0cccd,0x00007f2fb4a0ccd0] = 3
</print_native_nmethod>
<print_native_nmethod method='java.lang.invoke.MethodHandle linkToSpecial (Ljava/lang/Object;Ljava/lang/Object;Ljava/lang/Object;Ljava/lang/invoke/MemberName;)Ljava/lang/Object;' bytes='0' count='0' iicount='0' stamp='0.423' address='0x00007f2fb4a14710'>
Compiled method (n/a) 422   14     n       java.lang.invoke.MethodHandle::linkToSpecial(LLLL)L (native)
 total in heap  [0x00007f2fb4a14710,0x00007f2fb4a14ad8] = 968
 relocation     [0x00007f2fb4a14878,0x00007f2fb4a14908] = 144
 main code      [0x00007f2fb4a14920,0x00007f2fb4a14ad2] = 434
 stub code      [0x00007f2fb4a14ad2,0x00007f2fb4a14ad8] = 6
</print_native_nmethod>
<writer thread='2832681'/>
<print_nmethod compile_id='15' compiler='c2' stamp='0.426'>
Compiled method (c2) 425   15             java.lang.invoke.MethodTypeForm::erasedType (5 bytes)
 total in heap  [0x00007f2fb4a12990,0x00007f2fb4a12c38] = 680
 relocation     [0x00007f2fb4a12af8,0x00007f2fb4a12b20] = 40
 main code      [0x00007f2fb4a12b20,0x00007f2fb4a12bc0] = 160
 stub code      [0x00007f2fb4a12bc0,0x00007f2fb4a12bd8] = 24
 metadata       [0x00007f2fb4a12bd8,0x00007f2fb4a12be0] = 8
 scopes data    [0x00007f2fb4a12be0,0x00007f2fb4a12bf0] = 16
 scopes pcs     [0x00007f2fb4a12bf0,0x00007f2fb4a12c30] = 64
 dependencies   [0x00007f2fb4a12c30,0x00007f2fb4a12c38] = 8
Dependencies:
- - - - - - - - - - - - - - - - - - - - - - - - - - - - - - - - - - - - - - - - 
</print_nmethod>
<print_nmethod compile_id='16' compiler='c2' stamp='0.428'>
Compiled method (c2) 428   16             java.lang.invoke.MethodTypeForm::parameterSlotCount (5 bytes)
 total in heap  [0x00007f2fb4a12690,0x00007f2fb4a12910] = 640
 relocation     [0x00007f2fb4a127f8,0x00007f2fb4a12810] = 24
 main code      [0x00007f2fb4a12820,0x00007f2fb4a12898] = 120
 stub code      [0x00007f2fb4a12898,0x00007f2fb4a128b0] = 24
 metadata       [0x00007f2fb4a128b0,0x00007f2fb4a128b8] = 8
 scopes data    [0x00007f2fb4a128b8,0x00007f2fb4a128c8] = 16
 scopes pcs     [0x00007f2fb4a128c8,0x00007f2fb4a12908] = 64
 dependencies   [0x00007f2fb4a12908,0x00007f2fb4a12910] = 8
Dependencies:
- - - - - - - - - - - - - - - - - - - - - - - - - - - - - - - - - - - - - - - - 
</print_nmethod>
<print_nmethod compile_id='17' compiler='c2' stamp='0.433'>
Compiled method (c2) 433   17             Derived1::getMessage (3 bytes)
 total in heap  [0x00007f2fb4a12390,0x00007f2fb4a12600] = 624
 relocation     [0x00007f2fb4a124f8,0x00007f2fb4a12510] = 24
 main code      [0x00007f2fb4a12520,0x00007f2fb4a12598] = 120
 stub code      [0x00007f2fb4a12598,0x00007f2fb4a125b0] = 24
 oops           [0x00007f2fb4a125b0,0x00007f2fb4a125b8] = 8
 metadata       [0x00007f2fb4a125b8,0x00007f2fb4a125c0] = 8
 scopes data    [0x00007f2fb4a125c0,0x00007f2fb4a125c8] = 8
 scopes pcs     [0x00007f2fb4a125c8,0x00007f2fb4a125f8] = 48
 dependencies   [0x00007f2fb4a125f8,0x00007f2fb4a12600] = 8
Dependencies:
- - - - - - - - - - - - - - - - - - - - - - - - - - - - - - - - - - - - - - - - 
</print_nmethod>
<print_nmethod compile_id='18' compiler='c2' stamp='0.440'>
Compiled method (c2) 439   18             java.lang.String::coder (15 bytes)
 total in heap  [0x00007f2fb4a12090,0x00007f2fb4a12310] = 640
 relocation     [0x00007f2fb4a121f8,0x00007f2fb4a12210] = 24
 main code      [0x00007f2fb4a12220,0x00007f2fb4a12298] = 120
 stub code      [0x00007f2fb4a12298,0x00007f2fb4a122b0] = 24
 metadata       [0x00007f2fb4a122b0,0x00007f2fb4a122b8] = 8
 scopes data    [0x00007f2fb4a122b8,0x00007f2fb4a122c8] = 16
 scopes pcs     [0x00007f2fb4a122c8,0x00007f2fb4a12308] = 64
 dependencies   [0x00007f2fb4a12308,0x00007f2fb4a12310] = 8
Dependencies:
- - - - - - - - - - - - - - - - - - - - - - - - - - - - - - - - - - - - - - - - 
</print_nmethod>
<print_nmethod compile_id='19' compiler='c2' stamp='0.453'>
Compiled method (c2) 453   19             java.lang.String::length (11 bytes)
 total in heap  [0x00007f2fb4a11c10,0x00007f2fb4a11f18] = 776
 relocation     [0x00007f2fb4a11d78,0x00007f2fb4a11da0] = 40
 main code      [0x00007f2fb4a11da0,0x00007f2fb4a11e48] = 168
 stub code      [0x00007f2fb4a11e48,0x00007f2fb4a11e60] = 24
 metadata       [0x00007f2fb4a11e60,0x00007f2fb4a11e68] = 8
 scopes data    [0x00007f2fb4a11e68,0x00007f2fb4a11e90] = 40
 scopes pcs     [0x00007f2fb4a11e90,0x00007f2fb4a11f00] = 112
 dependencies   [0x00007f2fb4a11f00,0x00007f2fb4a11f08] = 8
 nul chk table  [0x00007f2fb4a11f08,0x00007f2fb4a11f18] = 16
Dependencies:
- - - - - - - - - - - - - - - - - - - - - - - - - - - - - - - - - - - - - - - - 
</print_nmethod>
<print_nmethod compile_id='20' compiler='c2' stamp='0.468'>
Compiled method (c2) 468   20             java.lang.Object::&lt;init&gt; (1 bytes)
 total in heap  [0x00007f2fb4a16d90,0x00007f2fb4a16ff8] = 616
 relocation     [0x00007f2fb4a16ef8,0x00007f2fb4a16f10] = 24
 main code      [0x00007f2fb4a16f20,0x00007f2fb4a16f90] = 112
 stub code      [0x00007f2fb4a16f90,0x00007f2fb4a16fa8] = 24
 metadata       [0x00007f2fb4a16fa8,0x00007f2fb4a16fb8] = 16
 scopes data    [0x00007f2fb4a16fb8,0x00007f2fb4a16fc0] = 8
 scopes pcs     [0x00007f2fb4a16fc0,0x00007f2fb4a16ff0] = 48
 dependencies   [0x00007f2fb4a16ff0,0x00007f2fb4a16ff8] = 8
<dependency type='no_finalizable_subclasses' ctxk='java/lang/Object'/>
Dependencies:
Dependency of type no_finalizable_subclasses
  context = java.lang.Object
   [nmethod&lt;=klass]java.lang.Object
- - - - - - - - - - - - - - - - - - - - - - - - - - - - - - - - - - - - - - - - 
</print_nmethod>
<print_nmethod compile_id='21' compiler='c2' stamp='0.485'>
Compiled method (c2) 484   21             java.lang.String::isEmpty (14 bytes)
 total in heap  [0x00007f2fb4a16990,0x00007f2fb4a16d18] = 904
 relocation     [0x00007f2fb4a16af8,0x00007f2fb4a16b30] = 56
 main code      [0x00007f2fb4a16b40,0x00007f2fb4a16c10] = 208
 stub code      [0x00007f2fb4a16c10,0x00007f2fb4a16c28] = 24
 metadata       [0x00007f2fb4a16c28,0x00007f2fb4a16c30] = 8
 scopes data    [0x00007f2fb4a16c30,0x00007f2fb4a16c60] = 48
 scopes pcs     [0x00007f2fb4a16c60,0x00007f2fb4a16d00] = 160
 dependencies   [0x00007f2fb4a16d00,0x00007f2fb4a16d08] = 8
 nul chk table  [0x00007f2fb4a16d08,0x00007f2fb4a16d18] = 16
Dependencies:
- - - - - - - - - - - - - - - - - - - - - - - - - - - - - - - - - - - - - - - - 
</print_nmethod>
<print_nmethod compile_id='22' compiler='c2' stamp='0.504'>
Compiled method (c2) 503   22             java.lang.String::getBytes (44 bytes)
 total in heap  [0x00007f2fb4a16390,0x00007f2fb4a16928] = 1432
 relocation     [0x00007f2fb4a164f8,0x00007f2fb4a16550] = 88
 main code      [0x00007f2fb4a16560,0x00007f2fb4a16738] = 472
 stub code      [0x00007f2fb4a16738,0x00007f2fb4a16750] = 24
 metadata       [0x00007f2fb4a16750,0x00007f2fb4a16760] = 16
 scopes data    [0x00007f2fb4a16760,0x00007f2fb4a167e8] = 136
 scopes pcs     [0x00007f2fb4a167e8,0x00007f2fb4a16908] = 288
 dependencies   [0x00007f2fb4a16908,0x00007f2fb4a16910] = 8
 nul chk table  [0x00007f2fb4a16910,0x00007f2fb4a16928] = 24
Dependencies:
- - - - - - - - - - - - - - - - - - - - - - - - - - - - - - - - - - - - - - - - 
</print_nmethod>
<print_nmethod compile_id='23' compiler='c2' stamp='0.510'>
Compiled method (c2) 509   23             java.lang.String::toString (2 bytes)
 total in heap  [0x00007f2fb4a16090,0x00007f2fb4a162f0] = 608
 relocation     [0x00007f2fb4a161f8,0x00007f2fb4a16210] = 24
 main code      [0x00007f2fb4a16220,0x00007f2fb4a16290] = 112
 stub code      [0x00007f2fb4a16290,0x00007f2fb4a162a8] = 24
 metadata       [0x00007f2fb4a162a8,0x00007f2fb4a162b0] = 8
 scopes data    [0x00007f2fb4a162b0,0x00007f2fb4a162b8] = 8
 scopes pcs     [0x00007f2fb4a162b8,0x00007f2fb4a162e8] = 48
 dependencies   [0x00007f2fb4a162e8,0x00007f2fb4a162f0] = 8
Dependencies:
- - - - - - - - - - - - - - - - - - - - - - - - - - - - - - - - - - - - - - - - 
</print_nmethod>
<print_nmethod compile_id='24' compiler='c2' stamp='0.515'>
Compiled method (c2) 515   24             java.lang.StringConcatHelper::stringOf (20 bytes)
 total in heap  [0x00007f2fb4a15d10,0x00007f2fb4a16058] = 840
 relocation     [0x00007f2fb4a15e78,0x00007f2fb4a15eb0] = 56
 main code      [0x00007f2fb4a15ec0,0x00007f2fb4a15f78] = 184
 stub code      [0x00007f2fb4a15f78,0x00007f2fb4a15f90] = 24
 metadata       [0x00007f2fb4a15f90,0x00007f2fb4a15fa0] = 16
 scopes data    [0x00007f2fb4a15fa0,0x00007f2fb4a15fd0] = 48
 scopes pcs     [0x00007f2fb4a15fd0,0x00007f2fb4a16040] = 112
 dependencies   [0x00007f2fb4a16040,0x00007f2fb4a16048] = 8
 nul chk table  [0x00007f2fb4a16048,0x00007f2fb4a16058] = 16
Dependencies:
- - - - - - - - - - - - - - - - - - - - - - - - - - - - - - - - - - - - - - - - 
</print_nmethod>
<print_nmethod compile_id='25' compiler='c2' stamp='0.523'>
Compiled method (c2) 523   25             java.lang.StringConcatHelper::mix (27 bytes)
 total in heap  [0x00007f2fb4a15810,0x00007f2fb4a15ce8] = 1240
 relocation     [0x00007f2fb4a15978,0x00007f2fb4a159c8] = 80
 main code      [0x00007f2fb4a159e0,0x00007f2fb4a15b00] = 288
 stub code      [0x00007f2fb4a15b00,0x00007f2fb4a15b18] = 24
 metadata       [0x00007f2fb4a15b18,0x00007f2fb4a15b38] = 32
 scopes data    [0x00007f2fb4a15b38,0x00007f2fb4a15bc8] = 144
 scopes pcs     [0x00007f2fb4a15bc8,0x00007f2fb4a15cc8] = 256
 dependencies   [0x00007f2fb4a15cc8,0x00007f2fb4a15cd0] = 8
 nul chk table  [0x00007f2fb4a15cd0,0x00007f2fb4a15ce8] = 24
Dependencies:
- - - - - - - - - - - - - - - - - - - - - - - - - - - - - - - - - - - - - - - - 
</print_nmethod>
<print_nmethod compile_id='26' compiler='c2' stamp='0.525'>
Compiled method (c2) 525   26             java.lang.StringConcatHelper::checkOverflow (17 bytes)
 total in heap  [0x00007f2fb4a15510,0x00007f2fb4a157e8] = 728
 relocation     [0x00007f2fb4a15678,0x00007f2fb4a15698] = 32
 main code      [0x00007f2fb4a156a0,0x00007f2fb4a15728] = 136
 stub code      [0x00007f2fb4a15728,0x00007f2fb4a15740] = 24
 metadata       [0x00007f2fb4a15740,0x00007f2fb4a15748] = 8
 scopes data    [0x00007f2fb4a15748,0x00007f2fb4a15770] = 40
 scopes pcs     [0x00007f2fb4a15770,0x00007f2fb4a157e0] = 112
 dependencies   [0x00007f2fb4a157e0,0x00007f2fb4a157e8] = 8
Dependencies:
- - - - - - - - - - - - - - - - - - - - - - - - - - - - - - - - - - - - - - - - 
</print_nmethod>
<print_nmethod compile_id='27' compiler='c2' stamp='0.536'>
Compiled method (c2) 535   27             java.lang.StringConcatHelper::prepend (37 bytes)
 total in heap  [0x00007f2fb4a18410,0x00007f2fb4a18b28] = 1816
 relocation     [0x00007f2fb4a18578,0x00007f2fb4a185f0] = 120
 main code      [0x00007f2fb4a18600,0x00007f2fb4a18858] = 600
 stub code      [0x00007f2fb4a18858,0x00007f2fb4a18870] = 24
 metadata       [0x00007f2fb4a18870,0x00007f2fb4a18890] = 32
 scopes data    [0x00007f2fb4a18890,0x00007f2fb4a18970] = 224
 scopes pcs     [0x00007f2fb4a18970,0x00007f2fb4a18b00] = 400
 dependencies   [0x00007f2fb4a18b00,0x00007f2fb4a18b08] = 8
 nul chk table  [0x00007f2fb4a18b08,0x00007f2fb4a18b28] = 32
Dependencies:
- - - - - - - - - - - - - - - - - - - - - - - - - - - - - - - - - - - - - - - - 
</print_nmethod>
<print_nmethod compile_id='28' compiler='c2' stamp='0.585'>
Compiled method (c2) 585   28             java.lang.String::&lt;init&gt; (15 bytes)
 total in heap  [0x00007f2fb4a17f90,0x00007f2fb4a18388] = 1016
 relocation     [0x00007f2fb4a180f8,0x00007f2fb4a18140] = 72
 main code      [0x00007f2fb4a18140,0x00007f2fb4a182f0] = 432
 stub code      [0x00007f2fb4a182f0,0x00007f2fb4a18308] = 24
 metadata       [0x00007f2fb4a18308,0x00007f2fb4a18310] = 8
 scopes data    [0x00007f2fb4a18310,0x00007f2fb4a18320] = 16
 scopes pcs     [0x00007f2fb4a18320,0x00007f2fb4a18380] = 96
 dependencies   [0x00007f2fb4a18380,0x00007f2fb4a18388] = 8
Dependencies:
- - - - - - - - - - - - - - - - - - - - - - - - - - - - - - - - - - - - - - - - 
</print_nmethod>
<print_nmethod compile_id='29' compiler='c2' stamp='0.632'>
Compiled method (c2) 632   29             java.lang.StringConcatHelper::simpleConcat (94 bytes)
 total in heap  [0x00007f2fb4a19610,0x00007f2fb4a1a9b0] = 5024
 relocation     [0x00007f2fb4a19778,0x00007f2fb4a198e0] = 360
 main code      [0x00007f2fb4a198e0,0x00007f2fb4a1a040] = 1888
 stub code      [0x00007f2fb4a1a040,0x00007f2fb4a1a058] = 24
 metadata       [0x00007f2fb4a1a058,0x00007f2fb4a1a0d0] = 120
 scopes data    [0x00007f2fb4a1a0d0,0x00007f2fb4a1a488] = 952
 scopes pcs     [0x00007f2fb4a1a488,0x00007f2fb4a1a948] = 1216
 dependencies   [0x00007f2fb4a1a948,0x00007f2fb4a1a950] = 8
 handler table  [0x00007f2fb4a1a950,0x00007f2fb4a1a980] = 48
 nul chk table  [0x00007f2fb4a1a980,0x00007f2fb4a1a9b0] = 48
Dependencies:
- - - - - - - - - - - - - - - - - - - - - - - - - - - - - - - - - - - - - - - - 
</print_nmethod>
<print_nmethod compile_id='30' compiler='c2' stamp='0.634'>
Compiled method (c2) 633   30             java.lang.StringConcatHelper::initialCoder (14 bytes)
 total in heap  [0x00007f2fb4a15210,0x00007f2fb4a15450] = 576
 relocation     [0x00007f2fb4a15378,0x00007f2fb4a15388] = 16
 main code      [0x00007f2fb4a153a0,0x00007f2fb4a153f0] = 80
 stub code      [0x00007f2fb4a153f0,0x00007f2fb4a15408] = 24
 metadata       [0x00007f2fb4a15408,0x00007f2fb4a15410] = 8
 scopes data    [0x00007f2fb4a15410,0x00007f2fb4a15418] = 8
 scopes pcs     [0x00007f2fb4a15418,0x00007f2fb4a15448] = 48
 dependencies   [0x00007f2fb4a15448,0x00007f2fb4a15450] = 8
Dependencies:
- - - - - - - - - - - - - - - - - - - - - - - - - - - - - - - - - - - - - - - - 
</print_nmethod>
<print_nmethod compile_id='31' compiler='c2' stamp='0.639'>
Compiled method (c2) 638   31             java.lang.StringConcatHelper::newArray (40 bytes)
 total in heap  [0x00007f2fb4a1ae90,0x00007f2fb4a1b2a8] = 1048
 relocation     [0x00007f2fb4a1aff8,0x00007f2fb4a1b028] = 48
 main code      [0x00007f2fb4a1b040,0x00007f2fb4a1b170] = 304
 stub code      [0x00007f2fb4a1b170,0x00007f2fb4a1b188] = 24
 metadata       [0x00007f2fb4a1b188,0x00007f2fb4a1b1a0] = 24
 scopes data    [0x00007f2fb4a1b1a0,0x00007f2fb4a1b1e8] = 72
 scopes pcs     [0x00007f2fb4a1b1e8,0x00007f2fb4a1b288] = 160
 dependencies   [0x00007f2fb4a1b288,0x00007f2fb4a1b290] = 8
 handler table  [0x00007f2fb4a1b290,0x00007f2fb4a1b2a8] = 24
Dependencies:
- - - - - - - - - - - - - - - - - - - - - - - - - - - - - - - - - - - - - - - - 
</print_nmethod>
<print_nmethod compile_id='32' compiler='c2' stamp='0.645'>
Compiled method (c2) 645   32             jdk.internal.misc.Unsafe::allocateUninitializedArray (55 bytes)
 total in heap  [0x00007f2fb4a19010,0x00007f2fb4a195f8] = 1512
 relocation     [0x00007f2fb4a19178,0x00007f2fb4a191e0] = 104
 main code      [0x00007f2fb4a191e0,0x00007f2fb4a19410] = 560
 stub code      [0x00007f2fb4a19410,0x00007f2fb4a19428] = 24
 metadata       [0x00007f2fb4a19428,0x00007f2fb4a19430] = 8
 scopes data    [0x00007f2fb4a19430,0x00007f2fb4a19490] = 96
 scopes pcs     [0x00007f2fb4a19490,0x00007f2fb4a195c0] = 304
 dependencies   [0x00007f2fb4a195c0,0x00007f2fb4a195c8] = 8
 handler table  [0x00007f2fb4a195c8,0x00007f2fb4a195e0] = 24
 nul chk table  [0x00007f2fb4a195e0,0x00007f2fb4a195f8] = 24
Dependencies:
- - - - - - - - - - - - - - - - - - - - - - - - - - - - - - - - - - - - - - - - 
</print_nmethod>
<print_nmethod compile_id='33' compiler='c2' stamp='0.650'>
Compiled method (c2) 650   33             jdk.internal.misc.Unsafe::allocateUninitializedArray0 (90 bytes)
 total in heap  [0x00007f2fb4a17a90,0x00007f2fb4a17f18] = 1160
 relocation     [0x00007f2fb4a17bf8,0x00007f2fb4a17c28] = 48
 main code      [0x00007f2fb4a17c40,0x00007f2fb4a17e10] = 464
 stub code      [0x00007f2fb4a17e10,0x00007f2fb4a17e28] = 24
 oops           [0x00007f2fb4a17e28,0x00007f2fb4a17e30] = 8
 metadata       [0x00007f2fb4a17e30,0x00007f2fb4a17e40] = 16
 scopes data    [0x00007f2fb4a17e40,0x00007f2fb4a17e78] = 56
 scopes pcs     [0x00007f2fb4a17e78,0x00007f2fb4a17ef8] = 128
 dependencies   [0x00007f2fb4a17ef8,0x00007f2fb4a17f00] = 8
 handler table  [0x00007f2fb4a17f00,0x00007f2fb4a17f18] = 24
Dependencies:
- - - - - - - - - - - - - - - - - - - - - - - - - - - - - - - - - - - - - - - - 
</print_nmethod>
<print_nmethod compile_id='34' compiler='c2' stamp='0.653'>
Compiled method (c2) 652   34             java.lang.invoke.DirectMethodHandle::internalMemberName (8 bytes)
 total in heap  [0x00007f2fb4a18b90,0x00007f2fb4a18f30] = 928
 relocation     [0x00007f2fb4a18cf8,0x00007f2fb4a18d48] = 80
 main code      [0x00007f2fb4a18d60,0x00007f2fb4a18e40] = 224
 stub code      [0x00007f2fb4a18e40,0x00007f2fb4a18e58] = 24
 metadata       [0x00007f2fb4a18e58,0x00007f2fb4a18e68] = 16
 scopes data    [0x00007f2fb4a18e68,0x00007f2fb4a18e98] = 48
 scopes pcs     [0x00007f2fb4a18e98,0x00007f2fb4a18f18] = 128
 dependencies   [0x00007f2fb4a18f18,0x00007f2fb4a18f20] = 8
 nul chk table  [0x00007f2fb4a18f20,0x00007f2fb4a18f30] = 16
Dependencies:
- - - - - - - - - - - - - - - - - - - - - - - - - - - - - - - - - - - - - - - - 
</print_nmethod>

============================= C2-compiled nmethod ==============================
#r018 rsi:rsi   : parm 0: Base *
# -- Old rsp -- Framesize: 32 --
#r591 rsp+28: in_preserve
#r590 rsp+24: return address
#r589 rsp+20: in_preserve
#r588 rsp+16: saved fp register
#r587 rsp+12: pad2, stack alignment
#r586 rsp+ 8: pad2, stack alignment
#r585 rsp+ 4: Fixed slot 1
#r584 rsp+ 0: Fixed slot 0
#
<opto_assembly compile_id='35'>
----------------------- MetaData before Compile_id = 35 ------------------------
{method}
 - this oop:          0x00007f2f26400468
 - method holder:     &apos;test&apos;
 - constants:         0x00007f2f26400050 constant pool [73]/operands[5] {0x00007f2f26400050} for &apos;test&apos; cache=0x00007f2f26400840
 - access:            0x9  public static 
 - flags:             0x4080  queued_for_compilation has_loops_flag_init 
 - name:              &apos;micro&apos;
 - signature:         &apos;(LBase;)Ljava/lang/String;&apos;
 - max stack:         2
 - max locals:        1
 - size of params:    1
 - method size:       14
 - vtable index:      -2
 - i2i entry:         0x00007f2fb48b0c40
 - adapters:          AHE@0x00007f2fc0260840: 0xb i2c: 0x00007f2fb49c1060 c2i: 0x00007f2fb49c1127 c2iUV: 0x00007f2fb49c10f5 c2iNCI: 0x00007f2fb49c1161
 - compiled entry     0x00007f2fb49c1127
 - code size:         5
 - code start:        0x00007f2f26400458
 - code end (excl):   0x00007f2f2640045d
 - method data:       0x00007f2f26401168
 - checked ex length: 0
 - linenumber start:  0x00007f2f2640045d
 - localvar length:   0

------------------------ OptoAssembly for Compile_id = 35 -----------------------
#
#  java/lang/String (java/io/Serializable,java/lang/Comparable,java/lang/constant/Constable,java/lang/CharSequence,java/lang/constant/ConstantDesc):exact * ( Base * )
#
000     N1: #	out( B1 ) &lt;- in( B5 B4 B3 )  Freq: 1

000     B1: #	out( B5 B2 ) &lt;- BLOCK HEAD IS JUNK  Freq: 1
000     # stack bang (112 bytes)
	pushq   rbp	# Save rbp
	subq    rsp, #16	# Create frame

01a     movl    R11, [RSI + #8 (8-bit)]	# compressed klass ptr
01e     NullCheck RSI

01e     B2: #	out( B4 B3 ) &lt;- in( B1 )  Freq: 0.999999
        nop 	# 2 bytes pad for loops and calls
020     cmpl    R11, narrowklass: precise Derived1: 0x00007f2f0c0bc590:Constant:exact *	# compressed klass ptr
027     jne,us  B4  P=0.000001 C=-1.000000

029     B3: #	out( N1 ) &lt;- in( B2 )  Freq: 0.999998
029     movq    RAX, java/lang/String (java/io/Serializable,java/lang/Comparable,java/lang/constant/Constable,java/lang/CharSequence,java/lang/constant/ConstantDesc):exact *	# ptr
033     addq    rsp, 16	# Destroy frame
	popq    rbp
	cmpq    rsp, poll_offset[r15_thread] 
	ja      #safepoint_stub	# Safepoint: poll for GC

045     ret

046     B4: #	out( N1 ) &lt;- in( B2 )  Freq: 9.99999e-07
046     movq    RBP, RSI	# spill
049     movl    RSI, #-34	# int
        nop 	# 1 bytes pad for loops and calls
04f     call,static  wrapper for: uncommon_trap(reason=&apos;class_check&apos; action=&apos;maybe_recompile&apos; debug_id=&apos;0&apos;)
        # test::micro @ bci:1 (line 23) L[0]=_ STK[0]=RBP
        # OopMap {rbp=Oop off=84/0x54}
05c     stop	# ShouldNotReachHere

070     B5: #	out( N1 ) &lt;- in( B1 )  Freq: 1.01328e-06
070     movl    RSI, #-10	# int
        nop 	# 2 bytes pad for loops and calls
077     call,static  wrapper for: uncommon_trap(reason=&apos;null_check&apos; action=&apos;maybe_recompile&apos; debug_id=&apos;0&apos;)
        # test::micro @ bci:1 (line 23) L[0]=_ STK[0]=#null
        # OopMap {off=124/0x7c}
084     stop	# ShouldNotReachHere

--------------------------------------------------------------------------------
</opto_assembly>
<print_nmethod compile_id='35' compiler='c2' stamp='0.656'>
----------------------------------- Assembly -----------------------------------

Compiled method (c2) 656   35             test::micro (5 bytes)
 total in heap  [0x00007f2fb4a1aa10,0x00007f2fb4a1ad48] = 824
 relocation     [0x00007f2fb4a1ab78,0x00007f2fb4a1abb0] = 56
 main code      [0x00007f2fb4a1abc0,0x00007f2fb4a1ac78] = 184
 stub code      [0x00007f2fb4a1ac78,0x00007f2fb4a1ac90] = 24
 oops           [0x00007f2fb4a1ac90,0x00007f2fb4a1ac98] = 8
 metadata       [0x00007f2fb4a1ac98,0x00007f2fb4a1aca8] = 16
 scopes data    [0x00007f2fb4a1aca8,0x00007f2fb4a1acd0] = 40
 scopes pcs     [0x00007f2fb4a1acd0,0x00007f2fb4a1ad30] = 96
 dependencies   [0x00007f2fb4a1ad30,0x00007f2fb4a1ad38] = 8
 nul chk table  [0x00007f2fb4a1ad38,0x00007f2fb4a1ad48] = 16

[Disassembly]
--------------------------------------------------------------------------------
[Constant Pool (empty)]

--------------------------------------------------------------------------------

[Verified Entry Point]
  # {method} {0x00007f2f26400468} &apos;micro&apos; &apos;(LBase;)Ljava/lang/String;&apos; in &apos;test&apos;
  # parm0:    rsi:rsi   = &apos;Base&apos;
  #           [sp+0x20]  (sp of caller)
 ;; N1: #	out( B1 ) &lt;- in( B5 B4 B3 )  Freq: 1
 ;; B1: #	out( B5 B2 ) &lt;- BLOCK HEAD IS JUNK  Freq: 1
  0x00007f2fb4a1abc0:   mov    %eax,-0x18000(%rsp)
  0x00007f2fb4a1abc7:   push   %rbp
  0x00007f2fb4a1abc8:   sub    $0x10,%rsp
  0x00007f2fb4a1abcc:   cmpl   $0x0,0x20(%r15)
  0x00007f2fb4a1abd4:   jne    0x00007f2fb4a1ac6e           ;*synchronization entry
                                                            ; - test::micro@-1 (line 23)
  0x00007f2fb4a1abda:   mov    0x8(%rsi),%r11d              ; implicit exception: dispatches to 0x00007f2fb4a1ac30
 ;; B2: #	out( B4 B3 ) &lt;- in( B1 )  Freq: 0.999999
  0x00007f2fb4a1abde:   nop
  0x00007f2fb4a1abdf:   nop
  0x00007f2fb4a1abe0:   cmp    $0x1000400,%r11d             ;   {metadata(&apos;Derived1&apos;)}
  0x00007f2fb4a1abe7:   jne    0x00007f2fb4a1ac06
 ;; B3: #	out( N1 ) &lt;- in( B2 )  Freq: 0.999998
  0x00007f2fb4a1abe9:   movabs $0x11f013cb8,%rax            ;   {oop(&quot;Derived1&quot;{0x000000011f013cb8})}
  0x00007f2fb4a1abf3:   add    $0x10,%rsp
  0x00007f2fb4a1abf7:   pop    %rbp
  0x00007f2fb4a1abf8:   cmp    0x498(%r15),%rsp             ;   {poll_return}
  0x00007f2fb4a1abff:   ja     0x00007f2fb4a1ac58
  0x00007f2fb4a1ac05:   retq   
 ;; B4: #	out( N1 ) &lt;- in( B2 )  Freq: 9.99999e-07
  0x00007f2fb4a1ac06:   mov    %rsi,%rbp
  0x00007f2fb4a1ac09:   mov    $0xffffffde,%esi
  0x00007f2fb4a1ac0e:   nop
  0x00007f2fb4a1ac0f:   callq  0x00007f2fb49c4e20           ; ImmutableOopMap {rbp=Oop }
                                                            ;*invokevirtual getMessage {reexecute=0 rethrow=0 return_oop=0}
                                                            ; - test::micro@1 (line 23)
                                                            ;   {runtime_call UncommonTrapBlob}
  0x00007f2fb4a1ac14:   nopl   0x204(%rax,%rax,1)           ;   {other}
  0x00007f2fb4a1ac1c:   movabs $0x7f2fc84c8c70,%rdi         ;   {external_word}
  0x00007f2fb4a1ac26:   and    $0xfffffffffffffff0,%rsp
  0x00007f2fb4a1ac2a:   callq  0x00007f2fc79d5bb0           ;   {runtime_call MacroAssembler::debug64(char*, long, long*)}
  0x00007f2fb4a1ac2f:   hlt    
 ;; B5: #	out( N1 ) &lt;- in( B1 )  Freq: 1.01328e-06
  0x00007f2fb4a1ac30:   mov    $0xfffffff6,%esi
  0x00007f2fb4a1ac35:   nop
  0x00007f2fb4a1ac36:   nop
  0x00007f2fb4a1ac37:   callq  0x00007f2fb49c4e20           ; ImmutableOopMap {}
                                                            ;*invokevirtual getMessage {reexecute=0 rethrow=0 return_oop=0}
                                                            ; - test::micro@1 (line 23)
                                                            ;   {runtime_call UncommonTrapBlob}
  0x00007f2fb4a1ac3c:   nopl   0x100022c(%rax,%rax,1)       ;   {other}
  0x00007f2fb4a1ac44:   movabs $0x7f2fc84c8c70,%rdi         ;   {external_word}
  0x00007f2fb4a1ac4e:   and    $0xfffffffffffffff0,%rsp
  0x00007f2fb4a1ac52:   callq  0x00007f2fc79d5bb0           ;   {runtime_call MacroAssembler::debug64(char*, long, long*)}
  0x00007f2fb4a1ac57:   hlt                                 ;*invokevirtual getMessage {reexecute=0 rethrow=0 return_oop=0}
                                                            ; - test::micro@1 (line 23)
  0x00007f2fb4a1ac58:   movabs $0x7f2fb4a1abf8,%r10         ;   {internal_word}
  0x00007f2fb4a1ac62:   mov    %r10,0x4b0(%r15)
  0x00007f2fb4a1ac69:   jmpq   0x00007f2fb49c3ca0           ;   {runtime_call SafepointBlob}
  0x00007f2fb4a1ac6e:   callq  Stub::nmethod_entry_barrier  ;   {runtime_call StubRoutines (final stubs)}
  0x00007f2fb4a1ac73:   jmpq   0x00007f2fb4a1abda
[Exception Handler]
  0x00007f2fb4a1ac78:   jmpq   0x00007f2fb48cfca0           ;   {no_reloc}
[Deopt Handler Code]
  0x00007f2fb4a1ac7d:   callq  0x00007f2fb4a1ac82
  0x00007f2fb4a1ac82:   subq   $0x5,(%rsp)
  0x00007f2fb4a1ac87:   jmpq   0x00007f2fb49c5160           ;   {runtime_call DeoptimizationBlob}
  0x00007f2fb4a1ac8c:   hlt    
  0x00007f2fb4a1ac8d:   hlt    
  0x00007f2fb4a1ac8e:   hlt    
  0x00007f2fb4a1ac8f:   hlt    
--------------------------------------------------------------------------------
[/Disassembly]
- - - - - - - - - - - - - - - - - - - - - - - - - - - - - - - - - - - - - - - - 
Oops:
  0x00007f2fb4a1ac90:   0x00000007ff0e9bf0 a &apos;jdk/internal/loader/ClassLoaders$AppClassLoader&apos;{0x00000007ff0e9bf0}
- - - - - - - - - - - - - - - - - - - - - - - - - - - - - - - - - - - - - - - - 
Metadata:
  0x00007f2fb4a1ac98:   0x00007f2f2b000400 &apos;Derived1&apos;
  0x00007f2fb4a1aca0:   0x00007f2f26400468 {method} {0x00007f2f26400468} &apos;micro&apos; &apos;(LBase;)Ljava/lang/String;&apos; in &apos;test&apos;
- - - - - - - - - - - - - - - - - - - - - - - - - - - - - - - - - - - - - - - - 
pc-bytecode offsets:
PcDesc(pc=0x00007f2fb4a1abbf offset=ffffffff bits=0):
PcDesc(pc=0x00007f2fb4a1abda offset=1a bits=0):
   test::micro@-1 (line 23)
PcDesc(pc=0x00007f2fb4a1ac14 offset=54 bits=0):
   test::micro@1 (line 23)
   Locals
    - l0: empty
   Expression stack
    - @0: reg rbp [10],oop
PcDesc(pc=0x00007f2fb4a1ac3c offset=7c bits=0):
   test::micro@1 (line 23)
   Locals
    - l0: empty
   Expression stack
    - @0: nullptr
PcDesc(pc=0x00007f2fb4a1ac58 offset=98 bits=0):
   test::micro@1 (line 23)
PcDesc(pc=0x00007f2fb4a1ac91 offset=d1 bits=0):
- - - - - - - - - - - - - - - - - - - - - - - - - - - - - - - - - - - - - - - - 
oop maps:ImmutableOopMapSet contains 2 OopMaps

ImmutableOopMap {rbp=Oop } pc offsets: 84 
ImmutableOopMap {} pc offsets: 124 
- - - - - - - - - - - - - - - - - - - - - - - - - - - - - - - - - - - - - - - - 
scopes:
ScopeDesc(pc=0x00007f2fb4a1abda offset=1a):
   test::micro@-1 (line 23)
ScopeDesc(pc=0x00007f2fb4a1ac14 offset=54):
   test::micro@1 (line 23)
   Locals
    - l0: empty
   Expression stack
    - @0: reg rbp [10],oop
ScopeDesc(pc=0x00007f2fb4a1ac3c offset=7c):
   test::micro@1 (line 23)
   Locals
    - l0: empty
   Expression stack
    - @0: nullptr
ScopeDesc(pc=0x00007f2fb4a1ac58 offset=98):
   test::micro@1 (line 23)
- - - - - - - - - - - - - - - - - - - - - - - - - - - - - - - - - - - - - - - - 
relocations:
         @0x00007f2fb4a1ab78: 78016320
relocInfo@0x00007f2fb4a1ab7a [type=12(metadata) addr=0x00007f2fb4a1abe0 offset=32 format=3 data=1] | [metadata_addr=0x00007f2fb4a1ac98 *=0x00007f2f2b000400 offset=0]metadata_value=0x00007f2f2b000400: &apos;Derived1&apos;
         @0x00007f2fb4a1ab7c: 0809
relocInfo@0x00007f2fb4a1ab7c [type=1(oop) addr=0x00007f2fb4a1abe9 offset=9] | [oop_addr=0x00007f2fb4a1abeb *=0x000000011f013cb8 offset=0]
         @0x00007f2fb4a1ab7e: 580f
relocInfo@0x00007f2fb4a1ab7e [type=11(poll_return) addr=0x00007f2fb4a1abf8 offset=15]
         @0x00007f2fb4a1ab80: 3117
relocInfo@0x00007f2fb4a1ab80 [type=6(runtime_call) addr=0x00007f2fb4a1ac0f offset=23 format=1] | [destination=0x00007f2fb49c4e20]
         @0x00007f2fb4a1ab82: 8005
relocInfo@0x00007f2fb4a1ab82 [type=16(post_call_nop) addr=0x00007f2fb4a1ac14 offset=5]
         @0x00007f2fb4a1ab84: 7c03c84c8c707f2f3808
relocInfo@0x00007f2fb4a1ab8c [type=7(external_word) addr=0x00007f2fb4a1ac1c offset=8 data={c84c8c707f2f}] | [target=0x00007f2fc84c8c70]
         @0x00007f2fb4a1ab8e: 310e
relocInfo@0x00007f2fb4a1ab8e [type=6(runtime_call) addr=0x00007f2fb4a1ac2a offset=14 format=1] | [destination=0x00007f2fc79d5bb0]
         @0x00007f2fb4a1ab90: 310d
relocInfo@0x00007f2fb4a1ab90 [type=6(runtime_call) addr=0x00007f2fb4a1ac37 offset=13 format=1] | [destination=0x00007f2fb49c4e20]
         @0x00007f2fb4a1ab92: 8005
relocInfo@0x00007f2fb4a1ab92 [type=16(post_call_nop) addr=0x00007f2fb4a1ac3c offset=5]
         @0x00007f2fb4a1ab94: 7c03c84c8c707f2f3808
relocInfo@0x00007f2fb4a1ab9c [type=7(external_word) addr=0x00007f2fb4a1ac44 offset=8 data={c84c8c707f2f}] | [target=0x00007f2fc84c8c70]
         @0x00007f2fb4a1ab9e: 310e
relocInfo@0x00007f2fb4a1ab9e [type=6(runtime_call) addr=0x00007f2fb4a1ac52 offset=14 format=1] | [destination=0x00007f2fc79d5bb0]
         @0x00007f2fb4a1aba0: 78604006
relocInfo@0x00007f2fb4a1aba2 [type=8(internal_word) addr=0x00007f2fb4a1ac58 offset=6 data=96] | [target=0x00007f2fb4a1abf8]
         @0x00007f2fb4a1aba4: 3111
relocInfo@0x00007f2fb4a1aba4 [type=6(runtime_call) addr=0x00007f2fb4a1ac69 offset=17 format=1] | [destination=0x00007f2fb49c3ca0]
         @0x00007f2fb4a1aba6: 3105
relocInfo@0x00007f2fb4a1aba6 [type=6(runtime_call) addr=0x00007f2fb4a1ac6e offset=5 format=1] | [destination=0x00007f2fb490bac0]
         @0x00007f2fb4a1aba8: 000a
relocInfo@0x00007f2fb4a1aba8 [type=0(none) addr=0x00007f2fb4a1ac78 offset=10]
         @0x00007f2fb4a1abaa: 3100
relocInfo@0x00007f2fb4a1abaa [type=6(runtime_call) addr=0x00007f2fb4a1ac78 offset=0 format=1] | [destination=0x00007f2fb48cfca0]
         @0x00007f2fb4a1abac: 310f
relocInfo@0x00007f2fb4a1abac [type=6(runtime_call) addr=0x00007f2fb4a1ac87 offset=15 format=1] | [destination=0x00007f2fb49c5160]
         @0x00007f2fb4a1abae: 0000
relocInfo@0x00007f2fb4a1abae [type=0(none) addr=0x00007f2fb4a1ac87 offset=0]
         @0x00007f2fb4a1abb0: 
- - - - - - - - - - - - - - - - - - - - - - - - - - - - - - - - - - - - - - - - 
Dependencies:
- - - - - - - - - - - - - - - - - - - - - - - - - - - - - - - - - - - - - - - - 
ExceptionHandlerTable (size = 0 bytes)
- - - - - - - - - - - - - - - - - - - - - - - - - - - - - - - - - - - - - - - - 
ImplicitExceptionTable (size = 1 entries, 12 bytes):
{
   &lt; 0x00007f2fb4a1abda, 0x00007f2fb4a1ac30 &gt; 
}
- - - - - - - - - - - - - - - - - - - - - - - - - - - - - - - - - - - - - - - - 
Recorded oops:
#0: 0x0000000000000000 nullptr-oop
#1: 0x00000007ff0e9bf0 a &apos;jdk/internal/loader/ClassLoaders$AppClassLoader&apos;{0x00000007ff0e9bf0}
- - - - - - - - - - - - - - - - - - - - - - - - - - - - - - - - - - - - - - - - 
Recorded metadata:
#0: 0x0000000000000000 nullptr-oop
#1: 0x00007f2f2b000400 &apos;Derived1&apos;
#2: 0x00007f2f26400468 {method} {0x00007f2f26400468} &apos;micro&apos; &apos;(LBase;)Ljava/lang/String;&apos; in &apos;test&apos;
- - - - - - - - - - - - - - - - - - - - - - - - - - - - - - - - - - - - - - - - 
</print_nmethod>
<print_nmethod compile_id='36' compiler='c2' stamp='0.690'>
Compiled method (c2) 690   36             java.lang.invoke.Invokers$Holder::linkToTargetMethod (10 bytes)
 total in heap  [0x00007f2fb4a17690,0x00007f2fb4a17a80] = 1008
 relocation     [0x00007f2fb4a177f8,0x00007f2fb4a17840] = 72
 main code      [0x00007f2fb4a17840,0x00007f2fb4a17928] = 232
 stub code      [0x00007f2fb4a17928,0x00007f2fb4a17960] = 56
 metadata       [0x00007f2fb4a17960,0x00007f2fb4a17970] = 16
 scopes data    [0x00007f2fb4a17970,0x00007f2fb4a179b0] = 64
 scopes pcs     [0x00007f2fb4a179b0,0x00007f2fb4a17a50] = 160
 dependencies   [0x00007f2fb4a17a50,0x00007f2fb4a17a58] = 8
 handler table  [0x00007f2fb4a17a58,0x00007f2fb4a17a70] = 24
 nul chk table  [0x00007f2fb4a17a70,0x00007f2fb4a17a80] = 16
Dependencies:
- - - - - - - - - - - - - - - - - - - - - - - - - - - - - - - - - - - - - - - - 
</print_nmethod>
<print_nmethod compile_id='37' compiler='c2' stamp='0.696'>
Compiled method (c2) 695   37             java.lang.invoke.DelegatingMethodHandle$Holder::reinvoke_L (18 bytes)
 total in heap  [0x00007f2fb4a17090,0x00007f2fb4a175c0] = 1328
 relocation     [0x00007f2fb4a171f8,0x00007f2fb4a17268] = 112
 main code      [0x00007f2fb4a17280,0x00007f2fb4a173d0] = 336
 stub code      [0x00007f2fb4a173d0,0x00007f2fb4a17408] = 56
 metadata       [0x00007f2fb4a17408,0x00007f2fb4a17420] = 24
 scopes data    [0x00007f2fb4a17420,0x00007f2fb4a17488] = 104
 scopes pcs     [0x00007f2fb4a17488,0x00007f2fb4a17588] = 256
 dependencies   [0x00007f2fb4a17588,0x00007f2fb4a17590] = 8
 handler table  [0x00007f2fb4a17590,0x00007f2fb4a175a8] = 24
 nul chk table  [0x00007f2fb4a175a8,0x00007f2fb4a175c0] = 24
Dependencies:
- - - - - - - - - - - - - - - - - - - - - - - - - - - - - - - - - - - - - - - - 
</print_nmethod>
<print_nmethod compile_id='38' compiler='c2' stamp='0.701'>
Compiled method (c2) 700   38             java.lang.invoke.DirectMethodHandle$Holder::invokeStatic (15 bytes)
 total in heap  [0x00007f2fb4a1cd10,0x00007f2fb4a1d168] = 1112
 relocation     [0x00007f2fb4a1ce78,0x00007f2fb4a1ced8] = 96
 main code      [0x00007f2fb4a1cee0,0x00007f2fb4a1cff0] = 272
 stub code      [0x00007f2fb4a1cff0,0x00007f2fb4a1d018] = 40
 metadata       [0x00007f2fb4a1d018,0x00007f2fb4a1d030] = 24
 scopes data    [0x00007f2fb4a1d030,0x00007f2fb4a1d088] = 88
 scopes pcs     [0x00007f2fb4a1d088,0x00007f2fb4a1d138] = 176
 dependencies   [0x00007f2fb4a1d138,0x00007f2fb4a1d140] = 8
 handler table  [0x00007f2fb4a1d140,0x00007f2fb4a1d158] = 24
 nul chk table  [0x00007f2fb4a1d158,0x00007f2fb4a1d168] = 16
Dependencies:
- - - - - - - - - - - - - - - - - - - - - - - - - - - - - - - - - - - - - - - - 
</print_nmethod>
<writer thread='2832664'/>
resolving optimized virtual (invokehandle) call to java.lang.invoke.MethodHandle::invokeBasic(LL)L at pc: 0x00007f2fb4a17878 to code: 0x00007f2fb4a0ca90
resolving optimized virtual (invokehandle) call to java.lang.invoke.MethodHandle::invokeBasic(LL)L at pc: 0x00007f2fb4a172c4 to code: 0x00007f2fb4a0ca90
resolving static (invokestatic) call to java.lang.invoke.MethodHandle::linkToStatic(LLL)L at pc: 0x00007f2fb4a1cf44 to code: 0x00007f2fb4a0db90
<writer thread='2832681'/>
<print_nmethod compile_id='39' compile_kind='osr' compiler='c2' stamp='0.833'>
Compiled method (c2) 832   39 %           test::main @ 5 (60 bytes)
 total in heap  [0x00007f2fb4a1b910,0x00007f2fb4a1ccb0] = 5024
 relocation     [0x00007f2fb4a1ba78,0x00007f2fb4a1bbd0] = 344
 main code      [0x00007f2fb4a1bbe0,0x00007f2fb4a1c330] = 1872
 stub code      [0x00007f2fb4a1c330,0x00007f2fb4a1c348] = 24
 oops           [0x00007f2fb4a1c348,0x00007f2fb4a1c360] = 24
 metadata       [0x00007f2fb4a1c360,0x00007f2fb4a1c408] = 168
 scopes data    [0x00007f2fb4a1c408,0x00007f2fb4a1c7f0] = 1000
 scopes pcs     [0x00007f2fb4a1c7f0,0x00007f2fb4a1cc40] = 1104
 dependencies   [0x00007f2fb4a1cc40,0x00007f2fb4a1cc48] = 8
 handler table  [0x00007f2fb4a1cc48,0x00007f2fb4a1cc78] = 48
 nul chk table  [0x00007f2fb4a1cc78,0x00007f2fb4a1ccb0] = 56
Dependencies:
- - - - - - - - - - - - - - - - - - - - - - - - - - - - - - - - - - - - - - - - 
</print_nmethod>
<print_nmethod compile_id='40' compiler='c2' stamp='0.869'>
Compiled method (c2) 868   40             test::main (60 bytes)
 total in heap  [0x00007f2fb4a1ef90,0x00007f2fb4a1f660] = 1744
 relocation     [0x00007f2fb4a1f0f8,0x00007f2fb4a1f160] = 104
 main code      [0x00007f2fb4a1f160,0x00007f2fb4a1f2e8] = 392
 stub code      [0x00007f2fb4a1f2e8,0x00007f2fb4a1f300] = 24
 oops           [0x00007f2fb4a1f300,0x00007f2fb4a1f318] = 24
 metadata       [0x00007f2fb4a1f318,0x00007f2fb4a1f358] = 64
 scopes data    [0x00007f2fb4a1f358,0x00007f2fb4a1f490] = 312
 scopes pcs     [0x00007f2fb4a1f490,0x00007f2fb4a1f640] = 432
 dependencies   [0x00007f2fb4a1f640,0x00007f2fb4a1f648] = 8
 nul chk table  [0x00007f2fb4a1f648,0x00007f2fb4a1f660] = 24
Dependencies:
- - - - - - - - - - - - - - - - - - - - - - - - - - - - - - - - - - - - - - - - 
</print_nmethod>
<writer thread='2832664'/>
C1 Runtime statistics:
 _resolve_invoke_virtual_cnt:     0
 _resolve_invoke_opt_virtual_cnt: 2
 _resolve_invoke_static_cnt:      1
 _handle_wrong_method_cnt:        0
 _ic_miss_cnt:                    0
 _generic_arraycopystub_cnt:      0
 _byte_arraycopy_cnt:             0
 _short_arraycopy_cnt:            0
 _int_arraycopy_cnt:              0
 _long_arraycopy_cnt:             0
 _oop_arraycopy_cnt:              0
 _arraycopy_slowcase_cnt:         0
 _arraycopy_checkcast_cnt:        0
 _arraycopy_checkcast_attempt_cnt:0
 _new_type_array_slowcase_cnt:    0
 _new_object_array_slowcase_cnt:  0
 _new_instance_slowcase_cnt:      0
 _new_multi_array_slowcase_cnt:   0
 _monitorenter_slowcase_cnt:      0
 _monitorexit_slowcase_cnt:       0
 _patch_code_slowcase_cnt:        0
 _throw_range_check_exception_count:            0:
 _throw_index_exception_count:                  0:
 _throw_div0_exception_count:                   0:
 _throw_null_pointer_exception_count:           0:
 _throw_class_cast_exception_count:             0:
 _throw_incompatible_class_change_error_count:  0:
 _throw_count:                                  0:

<statistics type='SharedRuntime'>
    5 new instance requires GC
18036 new array requires GC
    0 inline cache miss in compiled
    0 wrong method
    1 unresolved static call site
    0 unresolved virtual call site
    2 unresolved opt virtual call site
    5 slow partial subtype
29032 byte array copies
AdapterHandlerTable statistics:
Number of buckets       :       293 =      2344 bytes, each 8
Number of entries       :       223 =     12488 bytes, each 56
Number of literals      :       223 =     17840 bytes, avg  80.000
Total footprint         :           =     32672 bytes
Average bucket size     :     0.761
Variance of bucket size :     0.755
Std. dev. of bucket size:     0.869
Maximum bucket size     :         4
AdapterHandlerTable (table_size=293, entries=223)
AdapterHandlerTable: lookups 3691 equals 3057 hits 3057 compact 3057
</statistics>
<statistics type='opto'>
--- Compiler Statistics ---
Methods seen: 158  Methods parsed: 158  Nodes created: 14812
Blocks parsed: 349  Blocks seen: 479
354 original null checks - 321 elided (90%); optimizer leaves 53,
31 made implicit (58%)
StringConcat:    0/   0/   0(replaced/merged/total)
CCP: 33  constants found: 9
Total frameslots = 80, Max frameslots = 16
Inserted 0 spill loads, 0 spill stores, 0 mem-mem moves and 0 copies.
Total load cost=      0, store cost =      0, mem-mem cost =  0.00, copy cost =     0.
Adjusted spill cost =       0.
Conservatively coalesced 62 copies, 0 pairs, 70 post alloc.
Used cisc instruction  0,  remained in register 45
Average allocation trips 1.254902
High Pressure Blocks = 0, Low Pressure Blocks = 0
Nops added 0 bytes to total of 12730 bytes, for 0.00%
Peephole: peephole rules applied: 9
PhaseIdealLoop=91, sum _unique=50475, long loops=0/0/0
No escape = 0, Arg escape = 0, Global escape = 0
Objects scalar replaced = 0, Monitor objects removed = 0, GC barriers removed = 0, Memory barriers removed = 0
</statistics>
<statistics type='intrinsic'>
Compiler intrinsic usage:
     8 (44.4%) _arraycopy (worked)
     5 (27.8%) _isPrimitive (worked)
     5 (27.8%) _allocateUninitializedArray (worked)
    18 (100.0%) total (worked)
</statistics>
<statistics type='deoptimization'>
Deoptimization traps recorded:
     1 (100.0%) total
         unstable_if/reinterpret/if_icmpge: 1 (100.0%)
</statistics>
------------------------------------------------------------------------
static test::micro(LBase;)Ljava/lang/String;
  interpreter_invocation_count:        2016
  invocation_counter:                  2016
  backedge_counter:                       0
  decompile_count:                        0
  mdo size: 472 bytes

   0 fast_aload_0
   1 invokevirtual 7 &lt;Base.getMessage()Ljava/lang/String;&gt; 
  0    bci: 1    VirtualCallData    count(0) entries(1)
                                    &apos;Derived1&apos;(1505 1.00)
   4 areturn
------------------------------------------------------------------------
Total MDO size: 472 bytes
<writer thread='2832675'/>
<destroy_vm stamp='2.786'/>
<tty_done stamp='2.944'/>
</tty>
<hotspot_log_done stamp='2.944'/>
</hotspot_log>
