#
# A fatal error has been detected by the Java Runtime Environment:
#
#  SIGSEGV (0xb) at pc=0x00007fbed3500ae5, pid=101762, tid=101783
#
# JRE version: OpenJDK Runtime Environment (22.0) (slowdebug build 22-internal-adhoc.root.valhalla)
# Java VM: OpenJDK 64-Bit Server VM (slowdebug 22-internal-adhoc.root.valhalla, mixed mode, sharing, compressed oops, compressed class ptrs, g1 gc, linux-amd64)
# Problematic frame:
# V  [libjvm.so+0x1653ae5]  Type::dump_on(outputStream*) const+0x4d
#
# Core dump will be written. Default location: Core dumps may be processed with "/usr/share/apport/apport %p %s %c %d %P %E" (or dumping to /home/jatinbha/code/java/valhalla/multifield/core.101762)
#
# If you would like to submit a bug report, please visit:
#   https://bugreport.java.com/bugreport/crash.jsp
#

---------------  S U M M A R Y ------------

Command Line: -XX:+PauseAtStartup -Xbootclasspath/a:. -XX:CompileOnly=test_aliasing::micro2 -XX:-TieredCompilation -Xbatch --add-exports=java.base/jdk.internal.misc=ALL-UNNAMED --add-exports=java.base/jdk.internal.vm.annotation=ALL-UNNAMED -XX:-PrintFieldLayout test_aliasing 2

Host: intel-S2600WFT, Intel(R) Xeon(R) Platinum 8280 CPU @ 2.70GHz, 112 cores, 754G, Ubuntu 20.04.2 LTS
Time: Mon Mar 11 15:28:52 2024 IST elapsed time: 1117.958495 seconds (0d 0h 18m 37s)

---------------  T H R E A D  ---------------

Current thread (0x00007fbecc339100):  JavaThread "C2 CompilerThread0" daemon [_thread_in_native, id=101783, stack(0x00007fbe84a65000,0x00007fbe84b66000) (1028K)]


Current CompileTask:
C2:1117958   13    b        test_aliasing::micro2 (59 bytes)

Stack: [0x00007fbe84a65000,0x00007fbe84b66000],  sp=0x00007fbe84b61b30,  free space=1010k
Native frames: (J=compiled Java code, j=interpreted, Vv=VM code, C=native code)
V  [libjvm.so+0x1653ae5]  Type::dump_on(outputStream*) const+0x4d  (type.cpp:1189)
V  [libjvm.so+0x88fa33]  Type::dump() const+0x29  (type.hpp:394)
C  0x00007fbe84b61bff

siginfo: si_signo: 11 (SIGSEGV), si_code: 1 (SEGV_MAPERR), si_addr: 0x0000000000000000

Registers:
RAX=0x0000000000000000, RBX=0x00007fbecc354d20, RCX=0x00007fbe1802b500, RDX=0x00007fbe1802b500
RSP=0x00007fbe84b61b30, RBP=0x00007fbe84b61bc0, RSI=0x0000000000000000, RDI=0x00007fbe1802b440
R8 =0x0000000000000000, R9 =0x000000007fffffff, R10=0x0000000000000000, R11=0x00007fbe1801f380
R12=0x00000000000000b6, R13=0x00007fbe18032090, R14=0x00007fbed1d515f0, R15=0x00007fbe84b64fc0
RIP=0x00007fbed3500ae5, EFLAGS=0x0000000000010246, CSGSFS=0x002b000000000033, ERR=0x0000000000000015
  TRAPNO=0x000000000000000e


Register to memory mapping:

RAX=0x0 is null
RBX=0x00007fbecc354d20 points into unknown readable memory: 0x00007fbed47a9ff8 | f8 9f 7a d4 be 7f 00 00
RCX=0x00007fbe1802b500 points into unknown readable memory: 0x0000000000000000 | 00 00 00 00 00 00 00 00
RDX=0x00007fbe1802b500 points into unknown readable memory: 0x0000000000000000 | 00 00 00 00 00 00 00 00
RSP=0x00007fbe84b61b30 is pointing into the stack for thread: 0x00007fbecc339100
RBP=0x00007fbe84b61bc0 is pointing into the stack for thread: 0x00007fbecc339100
RSI=0x0 is null
RDI=0x00007fbe1802b440 points into unknown readable memory: 0x0000000000000000 | 00 00 00 00 00 00 00 00
R8 =0x0 is null
R9 =0x000000007fffffff is an unknown value
R10=0x0 is null
R11=0x00007fbe1801f380 into live malloced block starting at 0x00007fbe1801f370, size 32744, tag mtChunk
R12=0x00000000000000b6 is an unknown value
R13=0x00007fbe18032090 points into unknown readable memory: 0x00007fbed47aa3a8 | a8 a3 7a d4 be 7f 00 00
R14=0x00007fbed1d515f0 is pointing into the stack for thread: 0x00007fbecc02a840
R15=0x00007fbe84b64fc0 is pointing into the stack for thread: 0x00007fbecc339100

Top of Stack: (sp=0x00007fbe84b61b30)
0x00007fbe84b61b30:   00007fbecc000b60 0000000000000000
0x00007fbe84b61b40:   00007fbecc3398f0 00007fbe18027380
0x00007fbe84b61b50:   00007fbe1802b440 00007fbe1802f368
0x00007fbe84b61b60:   00000000000083b0 00007fbe00000003
0x00007fbe84b61b70:   00007fbecc339100 00007fbe84b61de0
0x00007fbe84b61b80:   00007fbed4877e98 ffff80417b49e47f
0x00007fbe84b61b90:   0000000000000000 00007fbecc3398f0
0x00007fbe84b61ba0:   00007fbe1802b440 0000000000000010
0x00007fbe84b61bb0:   00007fbed29d55bc 00007fbed29d55f7
0x00007fbe84b61bc0:   00007fbe84b61be0 00007fbed273ca33
0x00007fbe84b61bd0:   00007fbecc2a0d88 0000000000000000
0x00007fbe84b61be0:   00007fbe84b61be8 00007fbe84b61bff
0x00007fbe84b61bf0:   00007fbe84b61c10 cc007fbed2231221
0x00007fbe84b61c00:   00007fbe84b61c10 00000020cc29e498
0x00007fbe84b61c10:   00007fbe84b61c20 00007fbed2231289
0x00007fbe84b61c20:   00007fbe84b61c30 00007fbecc2a0e68
0x00007fbe84b61c30:   00007fbe84b61c70 00007fbed276c697
0x00007fbe84b61c40:   00000014cc354d20 00007fbe18023794
0x00007fbe84b61c50:   00007fbe84b61c70 00007fbed25a3f8c
0x00007fbe84b61c60:   00007fbecc29e498 00007fbe18023770
0x00007fbe84b61c70:   00007fbe84b61d30 00007fbed2844100
0x00007fbe84b61c80:   00007fbe18023770 00007fbe84b639b0
0x00007fbe84b61c90:   00007fbe84b61cb0 00007fbed200d6ad
0x00007fbe84b61ca0:   0000001484b61de0 00007fbe00000005
0x00007fbe84b61cb0:   0000000000000000 00007fbe18023770
0x00007fbe84b61cc0:   0000000000000000 00007fbecc339100
0x00007fbe84b61cd0:   00007fbecc3398f0 00007fbe84b61de0
0x00007fbe84b61ce0:   00007fbecc354d20 00007fbecc354d20
0x00007fbe84b61cf0:   00007fbe84b61d10 00007fbecc29e498
0x00007fbe84b61d00:   00007fbecc29e498 00007fbe84b61de0
0x00007fbe84b61d10:   00007fbe84b61d30 00007fbecc354d20
0x00007fbe84b61d20:   00000000000000b6 00007fbe18032090 

Instructions: (pc=0x00007fbed3500ae5)
0x00007fbed35009e5:   e8 48 89 c7 e8 da c0 23 ff 48 89 45 f8 c7 45 f0
0x00007fbed35009f5:   00 00 00 00 48 8b 45 f8 48 89 c7 e8 1d eb e0 fe
0x00007fbed3500a05:   39 45 f0 0f 92 c0 84 c0 74 2f 8b 55 f0 48 8b 45
0x00007fbed3500a15:   f8 89 d6 48 89 c7 e8 e2 f7 1f ff 48 89 c7 e8 b8
0x00007fbed3500a25:   e2 20 ff 89 45 f4 83 7d f4 1d 75 07 b8 01 00 00
0x00007fbed3500a35:   00 eb 0b 83 45 f0 01 eb bb b8 00 00 00 00 c9 c3
0x00007fbed3500a45:   90 f3 0f 1e fa 55 48 89 e5 48 83 ec 20 48 89 7d
0x00007fbed3500a55:   f8 48 89 75 f0 89 55 ec 48 89 4d e0 48 8b 45 f8
0x00007fbed3500a65:   8b 40 10 48 98 48 c1 e0 05 48 89 c2 48 8d 05 50
0x00007fbed3500a75:   59 3c 01 48 8b 14 02 48 8b 45 e0 48 8d 35 cc d4
0x00007fbed3500a85:   ba 00 48 89 c7 b8 00 00 00 00 e8 96 b9 cb ff 90
0x00007fbed3500a95:   c9 c3 90 f3 0f 1e fa 55 48 89 e5 48 81 ec 90 00
0x00007fbed3500aa5:   00 00 48 89 bd 78 ff ff ff 48 89 b5 70 ff ff ff
0x00007fbed3500ab5:   48 8d 45 80 48 89 c7 e8 a9 b5 fa fe 48 8d 45 c0
0x00007fbed3500ac5:   48 8d 15 f0 4a 4d ff 48 8d 0d 24 4b 4d ff 48 89
0x00007fbed3500ad5:   ce 48 89 c7 e8 18 3e 4d ff 48 8b 85 78 ff ff ff
0x00007fbed3500ae5:   48 8b 00 48 83 c0 60 4c 8b 00 48 8b 95 70 ff ff
0x00007fbed3500af5:   ff 48 8d 75 c0 48 8b 85 78 ff ff ff 48 89 d1 ba
0x00007fbed3500b05:   01 00 00 00 48 89 c7 41 ff d0 48 8b 85 78 ff ff
0x00007fbed3500b15:   ff 48 89 c7 e8 d8 1a 07 ff 84 c0 74 1d 48 8b 85
0x00007fbed3500b25:   70 ff ff ff 48 8d 35 26 d4 ba 00 48 89 c7 b8 00
0x00007fbed3500b35:   00 00 00 e8 ed b8 cb ff eb 2e 48 8b 85 78 ff ff
0x00007fbed3500b45:   ff 48 89 c7 e8 de 40 bc ff 84 c0 74 1b 48 8b 85
0x00007fbed3500b55:   70 ff ff ff 48 8d 35 00 d4 ba 00 48 89 c7 b8 00
0x00007fbed3500b65:   00 00 00 e8 bd b8 cb ff 48 8d 45 c0 48 89 c7 e8
0x00007fbed3500b75:   ef 40 4d ff 48 8d 45 80 48 89 c7 e8 df dc d2 fe
0x00007fbed3500b85:   90 c9 c3 f3 0f 1e fa 55 48 89 e5 53 48 81 ec a8
0x00007fbed3500b95:   00 00 00 48 89 bd 58 ff ff ff 64 48 8b 04 25 28
0x00007fbed3500ba5:   00 00 00 48 89 45 e8 31 c0 48 8d 85 60 ff ff ff
0x00007fbed3500bb5:   be 00 00 00 00 48 89 c7 e8 9c c0 cb ff 48 8d 95
0x00007fbed3500bc5:   60 ff ff ff 48 8b 85 58 ff ff ff 48 89 d6 48 89
0x00007fbed3500bd5:   c7 e8 bd fe ff ff 48 8d 85 60 ff ff ff be 00 00 


Stack slot to memory mapping:

stack at sp + 0 slots: 0x00007fbecc000b60 points into unknown readable memory: 0x00007fbed47a50d0 | d0 50 7a d4 be 7f 00 00
stack at sp + 1 slots: 0x0 is null
stack at sp + 2 slots: 0x00007fbecc3398f0 into live malloced block starting at 0x00007fbecc3398f0, size 56, tag mtThread
stack at sp + 3 slots: 0x00007fbe18027380 into live malloced block starting at 0x00007fbe18027380, size 32744, tag mtChunk
stack at sp + 4 slots: 0x00007fbe1802b440 points into unknown readable memory: 0x0000000000000000 | 00 00 00 00 00 00 00 00
stack at sp + 5 slots: 0x00007fbe1802f368 points into unknown readable memory: 0x0000000000008ee8 | e8 8e 00 00 00 00 00 00
stack at sp + 6 slots: 0x00000000000083b0 is an unknown value
stack at sp + 7 slots: 0x00007fbe00000003 is an unknown value


---------------  P R O C E S S  ---------------

uid  : 1000 euid : 1000 gid  : 1000 egid : 1000

umask: 0002 (-------w-)

Threads class SMR info:
_java_thread_list=0x00007fbecc3cb660, length=9, elements={
0x00007fbecc02a840, 0x00007fbecc3308f0, 0x00007fbecc332200, 0x00007fbecc334170,
0x00007fbecc335ac0, 0x00007fbecc3372d0, 0x00007fbecc339100, 0x00007fbecc3c71d0,
0x00007fbecc3cb8f0
}
_java_thread_list_alloc_cnt=10, _java_thread_list_free_cnt=8, _java_thread_list_max=9, _nested_thread_list_max=0
_tlh_cnt=35, _tlh_times=0, avg_tlh_time=0.00, _tlh_time_max=0
_delete_lock_wait_cnt=0, _delete_lock_wait_max=0
_to_delete_list_cnt=0, _to_delete_list_max=1

Java Threads: ( => current thread )
  0x00007fbecc02a840 JavaThread "main"                              [_thread_blocked, id=101763, stack(0x00007fbed1c52000,0x00007fbed1d53000) (1028K)]
  0x00007fbecc3308f0 JavaThread "Reference Handler"          daemon [_thread_blocked, id=101778, stack(0x00007fbe84f6a000,0x00007fbe8506b000) (1028K)]
  0x00007fbecc332200 JavaThread "Finalizer"                  daemon [_thread_blocked, id=101779, stack(0x00007fbe84e69000,0x00007fbe84f6a000) (1028K)]
  0x00007fbecc334170 JavaThread "Signal Dispatcher"          daemon [_thread_blocked, id=101780, stack(0x00007fbe84d68000,0x00007fbe84e69000) (1028K)]
  0x00007fbecc335ac0 JavaThread "Service Thread"             daemon [_thread_blocked, id=101781, stack(0x00007fbe84c67000,0x00007fbe84d68000) (1028K)]
  0x00007fbecc3372d0 JavaThread "Monitor Deflation Thread"   daemon [_thread_blocked, id=101782, stack(0x00007fbe84b66000,0x00007fbe84c67000) (1028K)]
=>0x00007fbecc339100 JavaThread "C2 CompilerThread0"         daemon [_thread_in_native, id=101783, stack(0x00007fbe84a65000,0x00007fbe84b66000) (1028K)]
  0x00007fbecc3c71d0 JavaThread "Common-Cleaner"             daemon [_thread_blocked, id=101784, stack(0x00007fbe84894000,0x00007fbe84995000) (1028K)]
  0x00007fbecc3cb8f0 JavaThread "Notification Thread"        daemon [_thread_blocked, id=101785, stack(0x00007fbe84793000,0x00007fbe84894000) (1028K)]
Total: 9

Other Threads:
  0x00007fbecc2fe020 VMThread "VM Thread"                           [id=101777, stack(0x00007fbe855dc000,0x00007fbe856dc000) (1024K)]
  0x00007fbecc243770 WatcherThread "VM Periodic Task Thread"        [id=101776, stack(0x00007fbe856dd000,0x00007fbe857dd000) (1024K)]
  0x00007fbecc069770 WorkerThread "GC Thread#0"                     [id=101771, stack(0x00007fbe9864f000,0x00007fbe9874f000) (1024K)]
  0x00007fbecc079f80 ConcurrentGCThread "G1 Main Marker"            [id=101772, stack(0x00007fbe9854e000,0x00007fbe9864e000) (1024K)]
  0x00007fbecc07b220 WorkerThread "G1 Conc#0"                       [id=101773, stack(0x00007fbe9844d000,0x00007fbe9854d000) (1024K)]
  0x00007fbecc22c0e0 ConcurrentGCThread "G1 Refine#0"               [id=101774, stack(0x00007fbe859bb000,0x00007fbe85abb000) (1024K)]
  0x00007fbecc22d320 ConcurrentGCThread "G1 Service"                [id=101775, stack(0x00007fbe858ba000,0x00007fbe859ba000) (1024K)]
Total: 7

Threads with active compile tasks:
C2 CompilerThread0  1119606   13    b        test_aliasing::micro2 (59 bytes)
Total: 1

VM state: not at safepoint (normal execution)

VM Mutex/Monitor currently owned by a thread: None

Heap address: 0x00000000a0000000, size: 30208 MB, Compressed Oops mode: Zero based, Oop shift amount: 3

CDS archive(s) mapped at: [0x00007fbe36000000-0x00007fbe36dbe000-0x00007fbe36dbe000), size 14409728, SharedBaseAddress: 0x00007fbe36000000, ArchiveRelocationMode: 1.
Compressed class space mapped at: 0x00007fbe37000000-0x00007fbe77000000, reserved size: 1073741824
Narrow klass base: 0x00007fbe36000000, Narrow klass shift: 0, Narrow klass range: 0x100000000

GC Precious Log:
 CardTable entry size: 512
 Card Set container configuration: InlinePtr #cards 3 size 8 Array Of Cards #cards 128 size 272 Howl #buckets 8 coarsen threshold 29491 Howl Bitmap #cards 4096 size 528 coarsen threshold 3686 Card regions per heap region 1 cards per card region 32768
 CPUs: 112 total, 112 available
 Memory: 754G
 Large Page Support: Disabled
 NUMA Support: Disabled
 Compressed Oops: Enabled (Zero based)
 Heap Region Size: 16M
 Heap Min Capacity: 16M
 Heap Initial Capacity: 2G
 Heap Max Capacity: 30208M
 Pre-touch: Disabled
 Parallel Workers: 73
 Concurrent Workers: 18
 Concurrent Refinement Workers: 73
 Periodic GC: Disabled

Heap:
 garbage-first heap   total reserved 30932992K, committed 2113536K, used 1072K [0x00000000a0000000, 0x0000000800000000)
  region size 16384K, 1 young (16384K), 0 survivors (0K)
 Metaspace       used 147K, committed 384K, reserved 1114112K
  class space    used 7K, committed 128K, reserved 1048576K

Heap Regions: E=young(eden), S=young(survivor), O=old, HS=humongous(starts), HC=humongous(continues), CS=collection set, F=free, TAMS=top-at-mark-start, PB=parsable bottom
|   0|0x00000000a0000000, 0x00000000a0000000, 0x00000000a1000000|  0%| F|  |TAMS 0x00000000a0000000| PB 0x00000000a0000000| Untracked 
|   1|0x00000000a1000000, 0x00000000a1000000, 0x00000000a2000000|  0%| F|  |TAMS 0x00000000a1000000| PB 0x00000000a1000000| Untracked 
|   2|0x00000000a2000000, 0x00000000a2000000, 0x00000000a3000000|  0%| F|  |TAMS 0x00000000a2000000| PB 0x00000000a2000000| Untracked 
|   3|0x00000000a3000000, 0x00000000a3000000, 0x00000000a4000000|  0%| F|  |TAMS 0x00000000a3000000| PB 0x00000000a3000000| Untracked 
|   4|0x00000000a4000000, 0x00000000a4000000, 0x00000000a5000000|  0%| F|  |TAMS 0x00000000a4000000| PB 0x00000000a4000000| Untracked 
|   5|0x00000000a5000000, 0x00000000a5000000, 0x00000000a6000000|  0%| F|  |TAMS 0x00000000a5000000| PB 0x00000000a5000000| Untracked 
|   6|0x00000000a6000000, 0x00000000a6000000, 0x00000000a7000000|  0%| F|  |TAMS 0x00000000a6000000| PB 0x00000000a6000000| Untracked 
|   7|0x00000000a7000000, 0x00000000a7000000, 0x00000000a8000000|  0%| F|  |TAMS 0x00000000a7000000| PB 0x00000000a7000000| Untracked 
|   8|0x00000000a8000000, 0x00000000a8000000, 0x00000000a9000000|  0%| F|  |TAMS 0x00000000a8000000| PB 0x00000000a8000000| Untracked 
|   9|0x00000000a9000000, 0x00000000a9000000, 0x00000000aa000000|  0%| F|  |TAMS 0x00000000a9000000| PB 0x00000000a9000000| Untracked 
|  10|0x00000000aa000000, 0x00000000aa000000, 0x00000000ab000000|  0%| F|  |TAMS 0x00000000aa000000| PB 0x00000000aa000000| Untracked 
|  11|0x00000000ab000000, 0x00000000ab000000, 0x00000000ac000000|  0%| F|  |TAMS 0x00000000ab000000| PB 0x00000000ab000000| Untracked 
|  12|0x00000000ac000000, 0x00000000ac000000, 0x00000000ad000000|  0%| F|  |TAMS 0x00000000ac000000| PB 0x00000000ac000000| Untracked 
|  13|0x00000000ad000000, 0x00000000ad000000, 0x00000000ae000000|  0%| F|  |TAMS 0x00000000ad000000| PB 0x00000000ad000000| Untracked 
|  14|0x00000000ae000000, 0x00000000ae000000, 0x00000000af000000|  0%| F|  |TAMS 0x00000000ae000000| PB 0x00000000ae000000| Untracked 
|  15|0x00000000af000000, 0x00000000af000000, 0x00000000b0000000|  0%| F|  |TAMS 0x00000000af000000| PB 0x00000000af000000| Untracked 
|  16|0x00000000b0000000, 0x00000000b0000000, 0x00000000b1000000|  0%| F|  |TAMS 0x00000000b0000000| PB 0x00000000b0000000| Untracked 
|  17|0x00000000b1000000, 0x00000000b1000000, 0x00000000b2000000|  0%| F|  |TAMS 0x00000000b1000000| PB 0x00000000b1000000| Untracked 
|  18|0x00000000b2000000, 0x00000000b2000000, 0x00000000b3000000|  0%| F|  |TAMS 0x00000000b2000000| PB 0x00000000b2000000| Untracked 
|  19|0x00000000b3000000, 0x00000000b3000000, 0x00000000b4000000|  0%| F|  |TAMS 0x00000000b3000000| PB 0x00000000b3000000| Untracked 
|  20|0x00000000b4000000, 0x00000000b4000000, 0x00000000b5000000|  0%| F|  |TAMS 0x00000000b4000000| PB 0x00000000b4000000| Untracked 
|  21|0x00000000b5000000, 0x00000000b5000000, 0x00000000b6000000|  0%| F|  |TAMS 0x00000000b5000000| PB 0x00000000b5000000| Untracked 
|  22|0x00000000b6000000, 0x00000000b6000000, 0x00000000b7000000|  0%| F|  |TAMS 0x00000000b6000000| PB 0x00000000b6000000| Untracked 
|  23|0x00000000b7000000, 0x00000000b7000000, 0x00000000b8000000|  0%| F|  |TAMS 0x00000000b7000000| PB 0x00000000b7000000| Untracked 
|  24|0x00000000b8000000, 0x00000000b8000000, 0x00000000b9000000|  0%| F|  |TAMS 0x00000000b8000000| PB 0x00000000b8000000| Untracked 
|  25|0x00000000b9000000, 0x00000000b9000000, 0x00000000ba000000|  0%| F|  |TAMS 0x00000000b9000000| PB 0x00000000b9000000| Untracked 
|  26|0x00000000ba000000, 0x00000000ba000000, 0x00000000bb000000|  0%| F|  |TAMS 0x00000000ba000000| PB 0x00000000ba000000| Untracked 
|  27|0x00000000bb000000, 0x00000000bb000000, 0x00000000bc000000|  0%| F|  |TAMS 0x00000000bb000000| PB 0x00000000bb000000| Untracked 
|  28|0x00000000bc000000, 0x00000000bc000000, 0x00000000bd000000|  0%| F|  |TAMS 0x00000000bc000000| PB 0x00000000bc000000| Untracked 
|  29|0x00000000bd000000, 0x00000000bd000000, 0x00000000be000000|  0%| F|  |TAMS 0x00000000bd000000| PB 0x00000000bd000000| Untracked 
|  30|0x00000000be000000, 0x00000000be000000, 0x00000000bf000000|  0%| F|  |TAMS 0x00000000be000000| PB 0x00000000be000000| Untracked 
|  31|0x00000000bf000000, 0x00000000bf000000, 0x00000000c0000000|  0%| F|  |TAMS 0x00000000bf000000| PB 0x00000000bf000000| Untracked 
|  32|0x00000000c0000000, 0x00000000c0000000, 0x00000000c1000000|  0%| F|  |TAMS 0x00000000c0000000| PB 0x00000000c0000000| Untracked 
|  33|0x00000000c1000000, 0x00000000c1000000, 0x00000000c2000000|  0%| F|  |TAMS 0x00000000c1000000| PB 0x00000000c1000000| Untracked 
|  34|0x00000000c2000000, 0x00000000c2000000, 0x00000000c3000000|  0%| F|  |TAMS 0x00000000c2000000| PB 0x00000000c2000000| Untracked 
|  35|0x00000000c3000000, 0x00000000c3000000, 0x00000000c4000000|  0%| F|  |TAMS 0x00000000c3000000| PB 0x00000000c3000000| Untracked 
|  36|0x00000000c4000000, 0x00000000c4000000, 0x00000000c5000000|  0%| F|  |TAMS 0x00000000c4000000| PB 0x00000000c4000000| Untracked 
|  37|0x00000000c5000000, 0x00000000c5000000, 0x00000000c6000000|  0%| F|  |TAMS 0x00000000c5000000| PB 0x00000000c5000000| Untracked 
|  38|0x00000000c6000000, 0x00000000c6000000, 0x00000000c7000000|  0%| F|  |TAMS 0x00000000c6000000| PB 0x00000000c6000000| Untracked 
|  39|0x00000000c7000000, 0x00000000c7000000, 0x00000000c8000000|  0%| F|  |TAMS 0x00000000c7000000| PB 0x00000000c7000000| Untracked 
|  40|0x00000000c8000000, 0x00000000c8000000, 0x00000000c9000000|  0%| F|  |TAMS 0x00000000c8000000| PB 0x00000000c8000000| Untracked 
|  41|0x00000000c9000000, 0x00000000c9000000, 0x00000000ca000000|  0%| F|  |TAMS 0x00000000c9000000| PB 0x00000000c9000000| Untracked 
|  42|0x00000000ca000000, 0x00000000ca000000, 0x00000000cb000000|  0%| F|  |TAMS 0x00000000ca000000| PB 0x00000000ca000000| Untracked 
|  43|0x00000000cb000000, 0x00000000cb000000, 0x00000000cc000000|  0%| F|  |TAMS 0x00000000cb000000| PB 0x00000000cb000000| Untracked 
|  44|0x00000000cc000000, 0x00000000cc000000, 0x00000000cd000000|  0%| F|  |TAMS 0x00000000cc000000| PB 0x00000000cc000000| Untracked 
|  45|0x00000000cd000000, 0x00000000cd000000, 0x00000000ce000000|  0%| F|  |TAMS 0x00000000cd000000| PB 0x00000000cd000000| Untracked 
|  46|0x00000000ce000000, 0x00000000ce000000, 0x00000000cf000000|  0%| F|  |TAMS 0x00000000ce000000| PB 0x00000000ce000000| Untracked 
|  47|0x00000000cf000000, 0x00000000cf000000, 0x00000000d0000000|  0%| F|  |TAMS 0x00000000cf000000| PB 0x00000000cf000000| Untracked 
|  48|0x00000000d0000000, 0x00000000d0000000, 0x00000000d1000000|  0%| F|  |TAMS 0x00000000d0000000| PB 0x00000000d0000000| Untracked 
|  49|0x00000000d1000000, 0x00000000d1000000, 0x00000000d2000000|  0%| F|  |TAMS 0x00000000d1000000| PB 0x00000000d1000000| Untracked 
|  50|0x00000000d2000000, 0x00000000d2000000, 0x00000000d3000000|  0%| F|  |TAMS 0x00000000d2000000| PB 0x00000000d2000000| Untracked 
|  51|0x00000000d3000000, 0x00000000d3000000, 0x00000000d4000000|  0%| F|  |TAMS 0x00000000d3000000| PB 0x00000000d3000000| Untracked 
|  52|0x00000000d4000000, 0x00000000d4000000, 0x00000000d5000000|  0%| F|  |TAMS 0x00000000d4000000| PB 0x00000000d4000000| Untracked 
|  53|0x00000000d5000000, 0x00000000d5000000, 0x00000000d6000000|  0%| F|  |TAMS 0x00000000d5000000| PB 0x00000000d5000000| Untracked 
|  54|0x00000000d6000000, 0x00000000d6000000, 0x00000000d7000000|  0%| F|  |TAMS 0x00000000d6000000| PB 0x00000000d6000000| Untracked 
|  55|0x00000000d7000000, 0x00000000d7000000, 0x00000000d8000000|  0%| F|  |TAMS 0x00000000d7000000| PB 0x00000000d7000000| Untracked 
|  56|0x00000000d8000000, 0x00000000d8000000, 0x00000000d9000000|  0%| F|  |TAMS 0x00000000d8000000| PB 0x00000000d8000000| Untracked 
|  57|0x00000000d9000000, 0x00000000d9000000, 0x00000000da000000|  0%| F|  |TAMS 0x00000000d9000000| PB 0x00000000d9000000| Untracked 
|  58|0x00000000da000000, 0x00000000da000000, 0x00000000db000000|  0%| F|  |TAMS 0x00000000da000000| PB 0x00000000da000000| Untracked 
|  59|0x00000000db000000, 0x00000000db000000, 0x00000000dc000000|  0%| F|  |TAMS 0x00000000db000000| PB 0x00000000db000000| Untracked 
|  60|0x00000000dc000000, 0x00000000dc000000, 0x00000000dd000000|  0%| F|  |TAMS 0x00000000dc000000| PB 0x00000000dc000000| Untracked 
|  61|0x00000000dd000000, 0x00000000dd000000, 0x00000000de000000|  0%| F|  |TAMS 0x00000000dd000000| PB 0x00000000dd000000| Untracked 
|  62|0x00000000de000000, 0x00000000de000000, 0x00000000df000000|  0%| F|  |TAMS 0x00000000de000000| PB 0x00000000de000000| Untracked 
|  63|0x00000000df000000, 0x00000000df000000, 0x00000000e0000000|  0%| F|  |TAMS 0x00000000df000000| PB 0x00000000df000000| Untracked 
|  64|0x00000000e0000000, 0x00000000e0000000, 0x00000000e1000000|  0%| F|  |TAMS 0x00000000e0000000| PB 0x00000000e0000000| Untracked 
|  65|0x00000000e1000000, 0x00000000e1000000, 0x00000000e2000000|  0%| F|  |TAMS 0x00000000e1000000| PB 0x00000000e1000000| Untracked 
|  66|0x00000000e2000000, 0x00000000e2000000, 0x00000000e3000000|  0%| F|  |TAMS 0x00000000e2000000| PB 0x00000000e2000000| Untracked 
|  67|0x00000000e3000000, 0x00000000e3000000, 0x00000000e4000000|  0%| F|  |TAMS 0x00000000e3000000| PB 0x00000000e3000000| Untracked 
|  68|0x00000000e4000000, 0x00000000e4000000, 0x00000000e5000000|  0%| F|  |TAMS 0x00000000e4000000| PB 0x00000000e4000000| Untracked 
|  69|0x00000000e5000000, 0x00000000e5000000, 0x00000000e6000000|  0%| F|  |TAMS 0x00000000e5000000| PB 0x00000000e5000000| Untracked 
|  70|0x00000000e6000000, 0x00000000e6000000, 0x00000000e7000000|  0%| F|  |TAMS 0x00000000e6000000| PB 0x00000000e6000000| Untracked 
|  71|0x00000000e7000000, 0x00000000e7000000, 0x00000000e8000000|  0%| F|  |TAMS 0x00000000e7000000| PB 0x00000000e7000000| Untracked 
|  72|0x00000000e8000000, 0x00000000e8000000, 0x00000000e9000000|  0%| F|  |TAMS 0x00000000e8000000| PB 0x00000000e8000000| Untracked 
|  73|0x00000000e9000000, 0x00000000e9000000, 0x00000000ea000000|  0%| F|  |TAMS 0x00000000e9000000| PB 0x00000000e9000000| Untracked 
|  74|0x00000000ea000000, 0x00000000ea000000, 0x00000000eb000000|  0%| F|  |TAMS 0x00000000ea000000| PB 0x00000000ea000000| Untracked 
|  75|0x00000000eb000000, 0x00000000eb000000, 0x00000000ec000000|  0%| F|  |TAMS 0x00000000eb000000| PB 0x00000000eb000000| Untracked 
|  76|0x00000000ec000000, 0x00000000ec000000, 0x00000000ed000000|  0%| F|  |TAMS 0x00000000ec000000| PB 0x00000000ec000000| Untracked 
|  77|0x00000000ed000000, 0x00000000ed000000, 0x00000000ee000000|  0%| F|  |TAMS 0x00000000ed000000| PB 0x00000000ed000000| Untracked 
|  78|0x00000000ee000000, 0x00000000ee000000, 0x00000000ef000000|  0%| F|  |TAMS 0x00000000ee000000| PB 0x00000000ee000000| Untracked 
|  79|0x00000000ef000000, 0x00000000ef000000, 0x00000000f0000000|  0%| F|  |TAMS 0x00000000ef000000| PB 0x00000000ef000000| Untracked 
|  80|0x00000000f0000000, 0x00000000f0000000, 0x00000000f1000000|  0%| F|  |TAMS 0x00000000f0000000| PB 0x00000000f0000000| Untracked 
|  81|0x00000000f1000000, 0x00000000f1000000, 0x00000000f2000000|  0%| F|  |TAMS 0x00000000f1000000| PB 0x00000000f1000000| Untracked 
|  82|0x00000000f2000000, 0x00000000f2000000, 0x00000000f3000000|  0%| F|  |TAMS 0x00000000f2000000| PB 0x00000000f2000000| Untracked 
|  83|0x00000000f3000000, 0x00000000f3000000, 0x00000000f4000000|  0%| F|  |TAMS 0x00000000f3000000| PB 0x00000000f3000000| Untracked 
|  84|0x00000000f4000000, 0x00000000f4000000, 0x00000000f5000000|  0%| F|  |TAMS 0x00000000f4000000| PB 0x00000000f4000000| Untracked 
|  85|0x00000000f5000000, 0x00000000f5000000, 0x00000000f6000000|  0%| F|  |TAMS 0x00000000f5000000| PB 0x00000000f5000000| Untracked 
|  86|0x00000000f6000000, 0x00000000f6000000, 0x00000000f7000000|  0%| F|  |TAMS 0x00000000f6000000| PB 0x00000000f6000000| Untracked 
|  87|0x00000000f7000000, 0x00000000f7000000, 0x00000000f8000000|  0%| F|  |TAMS 0x00000000f7000000| PB 0x00000000f7000000| Untracked 
|  88|0x00000000f8000000, 0x00000000f8000000, 0x00000000f9000000|  0%| F|  |TAMS 0x00000000f8000000| PB 0x00000000f8000000| Untracked 
|  89|0x00000000f9000000, 0x00000000f9000000, 0x00000000fa000000|  0%| F|  |TAMS 0x00000000f9000000| PB 0x00000000f9000000| Untracked 
|  90|0x00000000fa000000, 0x00000000fa000000, 0x00000000fb000000|  0%| F|  |TAMS 0x00000000fa000000| PB 0x00000000fa000000| Untracked 
|  91|0x00000000fb000000, 0x00000000fb000000, 0x00000000fc000000|  0%| F|  |TAMS 0x00000000fb000000| PB 0x00000000fb000000| Untracked 
|  92|0x00000000fc000000, 0x00000000fc000000, 0x00000000fd000000|  0%| F|  |TAMS 0x00000000fc000000| PB 0x00000000fc000000| Untracked 
|  93|0x00000000fd000000, 0x00000000fd000000, 0x00000000fe000000|  0%| F|  |TAMS 0x00000000fd000000| PB 0x00000000fd000000| Untracked 
|  94|0x00000000fe000000, 0x00000000fe000000, 0x00000000ff000000|  0%| F|  |TAMS 0x00000000fe000000| PB 0x00000000fe000000| Untracked 
|  95|0x00000000ff000000, 0x00000000ff000000, 0x0000000100000000|  0%| F|  |TAMS 0x00000000ff000000| PB 0x00000000ff000000| Untracked 
|  96|0x0000000100000000, 0x0000000100000000, 0x0000000101000000|  0%| F|  |TAMS 0x0000000100000000| PB 0x0000000100000000| Untracked 
|  97|0x0000000101000000, 0x0000000101000000, 0x0000000102000000|  0%| F|  |TAMS 0x0000000101000000| PB 0x0000000101000000| Untracked 
|  98|0x0000000102000000, 0x0000000102000000, 0x0000000103000000|  0%| F|  |TAMS 0x0000000102000000| PB 0x0000000102000000| Untracked 
|  99|0x0000000103000000, 0x0000000103000000, 0x0000000104000000|  0%| F|  |TAMS 0x0000000103000000| PB 0x0000000103000000| Untracked 
| 100|0x0000000104000000, 0x0000000104000000, 0x0000000105000000|  0%| F|  |TAMS 0x0000000104000000| PB 0x0000000104000000| Untracked 
| 101|0x0000000105000000, 0x0000000105000000, 0x0000000106000000|  0%| F|  |TAMS 0x0000000105000000| PB 0x0000000105000000| Untracked 
| 102|0x0000000106000000, 0x0000000106000000, 0x0000000107000000|  0%| F|  |TAMS 0x0000000106000000| PB 0x0000000106000000| Untracked 
| 103|0x0000000107000000, 0x0000000107000000, 0x0000000108000000|  0%| F|  |TAMS 0x0000000107000000| PB 0x0000000107000000| Untracked 
| 104|0x0000000108000000, 0x0000000108000000, 0x0000000109000000|  0%| F|  |TAMS 0x0000000108000000| PB 0x0000000108000000| Untracked 
| 105|0x0000000109000000, 0x0000000109000000, 0x000000010a000000|  0%| F|  |TAMS 0x0000000109000000| PB 0x0000000109000000| Untracked 
| 106|0x000000010a000000, 0x000000010a000000, 0x000000010b000000|  0%| F|  |TAMS 0x000000010a000000| PB 0x000000010a000000| Untracked 
| 107|0x000000010b000000, 0x000000010b000000, 0x000000010c000000|  0%| F|  |TAMS 0x000000010b000000| PB 0x000000010b000000| Untracked 
| 108|0x000000010c000000, 0x000000010c000000, 0x000000010d000000|  0%| F|  |TAMS 0x000000010c000000| PB 0x000000010c000000| Untracked 
| 109|0x000000010d000000, 0x000000010d000000, 0x000000010e000000|  0%| F|  |TAMS 0x000000010d000000| PB 0x000000010d000000| Untracked 
| 110|0x000000010e000000, 0x000000010e000000, 0x000000010f000000|  0%| F|  |TAMS 0x000000010e000000| PB 0x000000010e000000| Untracked 
| 111|0x000000010f000000, 0x000000010f000000, 0x0000000110000000|  0%| F|  |TAMS 0x000000010f000000| PB 0x000000010f000000| Untracked 
| 112|0x0000000110000000, 0x0000000110000000, 0x0000000111000000|  0%| F|  |TAMS 0x0000000110000000| PB 0x0000000110000000| Untracked 
| 113|0x0000000111000000, 0x0000000111000000, 0x0000000112000000|  0%| F|  |TAMS 0x0000000111000000| PB 0x0000000111000000| Untracked 
| 114|0x0000000112000000, 0x0000000112000000, 0x0000000113000000|  0%| F|  |TAMS 0x0000000112000000| PB 0x0000000112000000| Untracked 
| 115|0x0000000113000000, 0x0000000113000000, 0x0000000114000000|  0%| F|  |TAMS 0x0000000113000000| PB 0x0000000113000000| Untracked 
| 116|0x0000000114000000, 0x0000000114000000, 0x0000000115000000|  0%| F|  |TAMS 0x0000000114000000| PB 0x0000000114000000| Untracked 
| 117|0x0000000115000000, 0x0000000115000000, 0x0000000116000000|  0%| F|  |TAMS 0x0000000115000000| PB 0x0000000115000000| Untracked 
| 118|0x0000000116000000, 0x0000000116000000, 0x0000000117000000|  0%| F|  |TAMS 0x0000000116000000| PB 0x0000000116000000| Untracked 
| 119|0x0000000117000000, 0x0000000117000000, 0x0000000118000000|  0%| F|  |TAMS 0x0000000117000000| PB 0x0000000117000000| Untracked 
| 120|0x0000000118000000, 0x0000000118000000, 0x0000000119000000|  0%| F|  |TAMS 0x0000000118000000| PB 0x0000000118000000| Untracked 
| 121|0x0000000119000000, 0x0000000119000000, 0x000000011a000000|  0%| F|  |TAMS 0x0000000119000000| PB 0x0000000119000000| Untracked 
| 122|0x000000011a000000, 0x000000011a000000, 0x000000011b000000|  0%| F|  |TAMS 0x000000011a000000| PB 0x000000011a000000| Untracked 
| 123|0x000000011b000000, 0x000000011b000000, 0x000000011c000000|  0%| F|  |TAMS 0x000000011b000000| PB 0x000000011b000000| Untracked 
| 124|0x000000011c000000, 0x000000011c000000, 0x000000011d000000|  0%| F|  |TAMS 0x000000011c000000| PB 0x000000011c000000| Untracked 
| 125|0x000000011d000000, 0x000000011d000000, 0x000000011e000000|  0%| F|  |TAMS 0x000000011d000000| PB 0x000000011d000000| Untracked 
| 126|0x000000011e000000, 0x000000011e000000, 0x000000011f000000|  0%| F|  |TAMS 0x000000011e000000| PB 0x000000011e000000| Untracked 
| 127|0x000000011f000000, 0x000000011f5c2978, 0x0000000120000000| 36%| E|  |TAMS 0x000000011f000000| PB 0x000000011f000000| Complete 
|1887|0x00000007ff000000, 0x00000007ff10c2f8, 0x0000000800000000|  6%| O|  |TAMS 0x00000007ff000000| PB 0x00000007ff000000| Untracked 

Card table byte_map: [0x00007fbeb633e000,0x00007fbeb9e3e000] _byte_map_base: 0x00007fbeb5e3e000

Marking Bits: (CMBitMap*) 0x00007fbecc06a4b0
 Bits: [0x00007fbe98b3e000, 0x00007fbeb633e000)

Polling page: 0x00007fbed4c01000

Metaspace:

Usage:
  Non-class:    139.63 KB used.
      Class:      7.78 KB used.
       Both:    147.41 KB used.

Virtual space:
  Non-class space:       64.00 MB reserved,     256.00 KB ( <1%) committed,  1 nodes.
      Class space:        1.00 GB reserved,     128.00 KB ( <1%) committed,  1 nodes.
             Both:        1.06 GB reserved,     384.00 KB ( <1%) committed. 

Chunk freelists:
   Non-Class:  12.00 MB
       Class:  15.75 MB
        Both:  27.75 MB

MaxMetaspaceSize: unlimited
CompressedClassSpaceSize: 1.00 GB
Initial GC threshold: 21.00 MB
Current GC threshold: 21.00 MB
CDS: on
 - commit_granule_bytes: 65536.
 - commit_granule_words: 8192.
 - virtual_space_node_default_size: 8388608.
 - enlarge_chunks_in_place: 1.
 - use_allocation_guard: 0.


Internal statistics:

num_allocs: 2299.
num_deallocs: 10.
num_allocs_from_deallocated_blocks: 9.
num_chunks_retired: 0.
num_allocs_failed_limit: 0.
num_arena_births: 4.
num_arena_deaths: 0.
num_vsnodes_births: 2.
num_vsnodes_deaths: 0.
num_space_committed: 6.
num_space_uncommitted: 0.
num_chunks_returned_to_freelist: 0.
num_chunks_taken_from_freelist: 5.
num_chunk_merges: 0.
num_chunk_splits: 3.
num_chunks_enlarged: 2.
num_inconsistent_stats: 0.

CodeCache: size=49152Kb used=1363Kb max_used=1363Kb free=47788Kb
 bounds [0x00007fbec0859000, 0x00007fbec0ac9000, 0x00007fbec3859000]
 total_blobs=758 nmethods=12 adapters=694
 compilation: enabled
              stopped_count=0, restarted_count=0
 full_count=0

Compilation events (1 events):
Event: 30.306 Thread 0x00007fbecc339100   13    b        test_aliasing::micro2 (59 bytes)

GC Heap History (0 events):
No events

Dll operation events (2 events):
Event: 22.619 Loaded shared library /home/jatinbha/sandboxes/lworld+vector2/valhalla/build/linux-x86_64-server-slowdebug/images/jdk/lib/libjava.so
Event: 30.161 Loaded shared library /home/jatinbha/sandboxes/lworld+vector2/valhalla/build/linux-x86_64-server-slowdebug/images/jdk/lib/libjsvml.so

Deoptimization events (0 events):
No events

Classes loaded (14 events):
Event: 30.029 Loading class sun/nio/cs/UTF_8$Encoder
Event: 30.029 Loading class sun/nio/cs/UTF_8$Encoder done
Event: 30.272 Loading class java/lang/WeakPairMap$Pair$Weak
Event: 30.272 Loading class java/lang/WeakPairMap$WeakRefPeer
Event: 30.272 Loading class java/lang/WeakPairMap$WeakRefPeer done
Event: 30.272 Loading class java/lang/WeakPairMap$Pair$Weak done
Event: 30.272 Loading class java/lang/WeakPairMap$Pair$Weak$1
Event: 30.273 Loading class java/lang/WeakPairMap$Pair$Weak$1 done
Event: 30.278 Loading class jdk/internal/vm/PostVMInitHook
Event: 30.278 Loading class jdk/internal/vm/PostVMInitHook done
Event: 30.279 Loading class test_aliasing
Event: 30.279 Loading class test_aliasing done
Event: 30.280 Loading class IntPayload
Event: 30.280 Loading class IntPayload done

Classes unloaded (0 events):
No events

Classes redefined (0 events):
No events

Internal exceptions (0 events):
No events

ZGC Phase Switch (0 events):
No events

VM Operations (0 events):
No events

Events (18 events):
Event: 22.542 Protecting memory [0x00007fbed1c52000,0x00007fbed1c56000] with protection modes 0
Event: 29.884 Thread 0x00007fbecc02a840 Thread added: 0x00007fbecc02a840
Event: 30.040 Thread 0x00007fbecc3308f0 Thread added: 0x00007fbecc3308f0
Event: 30.040 Protecting memory [0x00007fbe84f6a000,0x00007fbe84f6e000] with protection modes 0
Event: 30.041 Thread 0x00007fbecc332200 Thread added: 0x00007fbecc332200
Event: 30.041 Protecting memory [0x00007fbe84e69000,0x00007fbe84e6d000] with protection modes 0
Event: 30.043 Thread 0x00007fbecc334170 Thread added: 0x00007fbecc334170
Event: 30.043 Protecting memory [0x00007fbe84d68000,0x00007fbe84d6c000] with protection modes 0
Event: 30.043 Thread 0x00007fbecc335ac0 Thread added: 0x00007fbecc335ac0
Event: 30.043 Protecting memory [0x00007fbe84c67000,0x00007fbe84c6b000] with protection modes 0
Event: 30.043 Thread 0x00007fbecc3372d0 Thread added: 0x00007fbecc3372d0
Event: 30.043 Protecting memory [0x00007fbe84b66000,0x00007fbe84b6a000] with protection modes 0
Event: 30.044 Thread 0x00007fbecc339100 Thread added: 0x00007fbecc339100
Event: 30.044 Protecting memory [0x00007fbe84a65000,0x00007fbe84a69000] with protection modes 0
Event: 30.268 Thread 0x00007fbecc3c71d0 Thread added: 0x00007fbecc3c71d0
Event: 30.268 Protecting memory [0x00007fbe84894000,0x00007fbe84898000] with protection modes 0
Event: 30.277 Thread 0x00007fbecc3cb8f0 Thread added: 0x00007fbecc3cb8f0
Event: 30.277 Protecting memory [0x00007fbe84793000,0x00007fbe84797000] with protection modes 0


Dynamic libraries:
a0000000-120000000 rw-p 00000000 00:00 0 
120000000-7ff000000 ---p 00000000 00:00 0 
7ff000000-7ff10d000 rw-p 00e02000 08:02 24706144                         /home/jatinbha/sandboxes/lworld+vector2/valhalla/build/linux-x86_64-server-slowdebug/images/jdk/lib/server/classes.jsa
7ff10d000-800000000 rw-p 00000000 00:00 0 
55774d513000-55774d514000 r--p 00000000 08:02 24664168                   /home/jatinbha/sandboxes/lworld+vector2/valhalla/build/linux-x86_64-server-slowdebug/images/jdk/bin/java
55774d514000-55774d515000 r-xp 00001000 08:02 24664168                   /home/jatinbha/sandboxes/lworld+vector2/valhalla/build/linux-x86_64-server-slowdebug/images/jdk/bin/java
55774d515000-55774d516000 r--p 00002000 08:02 24664168                   /home/jatinbha/sandboxes/lworld+vector2/valhalla/build/linux-x86_64-server-slowdebug/images/jdk/bin/java
55774d516000-55774d517000 r--p 00002000 08:02 24664168                   /home/jatinbha/sandboxes/lworld+vector2/valhalla/build/linux-x86_64-server-slowdebug/images/jdk/bin/java
55774d517000-55774d518000 rw-p 00003000 08:02 24664168                   /home/jatinbha/sandboxes/lworld+vector2/valhalla/build/linux-x86_64-server-slowdebug/images/jdk/bin/java
55774f2e7000-55774f32e000 rw-p 00000000 00:00 0                          [heap]
7fbe0c000000-7fbe0c021000 rw-p 00000000 00:00 0 
7fbe0c021000-7fbe10000000 ---p 00000000 00:00 0 
7fbe10000000-7fbe10021000 rw-p 00000000 00:00 0 
7fbe10021000-7fbe14000000 ---p 00000000 00:00 0 
7fbe14000000-7fbe14021000 rw-p 00000000 00:00 0 
7fbe14021000-7fbe18000000 ---p 00000000 00:00 0 
7fbe18000000-7fbe18077000 rw-p 00000000 00:00 0 
7fbe18077000-7fbe1c000000 ---p 00000000 00:00 0 
7fbe1c000000-7fbe1c021000 rw-p 00000000 00:00 0 
7fbe1c021000-7fbe20000000 ---p 00000000 00:00 0 
7fbe20000000-7fbe20021000 rw-p 00000000 00:00 0 
7fbe20021000-7fbe24000000 ---p 00000000 00:00 0 
7fbe24000000-7fbe24021000 rw-p 00000000 00:00 0 
7fbe24021000-7fbe28000000 ---p 00000000 00:00 0 
7fbe28000000-7fbe28021000 rw-p 00000000 00:00 0 
7fbe28021000-7fbe2c000000 ---p 00000000 00:00 0 
7fbe2c000000-7fbe2c021000 rw-p 00000000 00:00 0 
7fbe2c021000-7fbe30000000 ---p 00000000 00:00 0 
7fbe309ac000-7fbe32030000 rw-p 00000000 00:00 0 
7fbe32030000-7fbe32400000 ---p 00000000 00:00 0 
7fbe32400000-7fbe32410000 rw-p 00000000 00:00 0 
7fbe32410000-7fbe36000000 ---p 00000000 00:00 0 
7fbe36000000-7fbe36dbe000 rw-p 00001000 08:02 24706144                   /home/jatinbha/sandboxes/lworld+vector2/valhalla/build/linux-x86_64-server-slowdebug/images/jdk/lib/server/classes.jsa
7fbe36dbe000-7fbe37000000 ---p 00000000 00:00 0 
7fbe37000000-7fbe37010000 rw-p 00000000 00:00 0 
7fbe37010000-7fbe37040000 ---p 00000000 00:00 0 
7fbe37040000-7fbe37050000 rw-p 00000000 00:00 0 
7fbe37050000-7fbe77000000 ---p 00000000 00:00 0 
7fbe77144000-7fbe78000000 rw-p 00000000 00:00 0 
7fbe78000000-7fbe78021000 rw-p 00000000 00:00 0 
7fbe78021000-7fbe7c000000 ---p 00000000 00:00 0 
7fbe7c000000-7fbe7c021000 rw-p 00000000 00:00 0 
7fbe7c021000-7fbe80000000 ---p 00000000 00:00 0 
7fbe80000000-7fbe80021000 rw-p 00000000 00:00 0 
7fbe80021000-7fbe84000000 ---p 00000000 00:00 0 
7fbe84002000-7fbe84793000 rw-p 00000000 00:00 0 
7fbe84793000-7fbe84797000 ---p 00000000 00:00 0 
7fbe84797000-7fbe84894000 rw-p 00000000 00:00 0 
7fbe84894000-7fbe84898000 ---p 00000000 00:00 0 
7fbe84898000-7fbe84995000 rw-p 00000000 00:00 0 
7fbe84995000-7fbe84999000 r--p 00000000 08:02 24664250                   /home/jatinbha/sandboxes/lworld+vector2/valhalla/build/linux-x86_64-server-slowdebug/images/jdk/lib/libjsvml.so
7fbe84999000-7fbe849da000 r-xp 00004000 08:02 24664250                   /home/jatinbha/sandboxes/lworld+vector2/valhalla/build/linux-x86_64-server-slowdebug/images/jdk/lib/libjsvml.so
7fbe849da000-7fbe84a63000 r--p 00045000 08:02 24664250                   /home/jatinbha/sandboxes/lworld+vector2/valhalla/build/linux-x86_64-server-slowdebug/images/jdk/lib/libjsvml.so
7fbe84a63000-7fbe84a64000 r--p 000cd000 08:02 24664250                   /home/jatinbha/sandboxes/lworld+vector2/valhalla/build/linux-x86_64-server-slowdebug/images/jdk/lib/libjsvml.so
7fbe84a64000-7fbe84a65000 rw-p 000ce000 08:02 24664250                   /home/jatinbha/sandboxes/lworld+vector2/valhalla/build/linux-x86_64-server-slowdebug/images/jdk/lib/libjsvml.so
7fbe84a65000-7fbe84a69000 ---p 00000000 00:00 0 
7fbe84a69000-7fbe84b66000 rw-p 00000000 00:00 0 
7fbe84b66000-7fbe84b6a000 ---p 00000000 00:00 0 
7fbe84b6a000-7fbe84c67000 rw-p 00000000 00:00 0 
7fbe84c67000-7fbe84c6b000 ---p 00000000 00:00 0 
7fbe84c6b000-7fbe84d68000 rw-p 00000000 00:00 0 
7fbe84d68000-7fbe84d6c000 ---p 00000000 00:00 0 
7fbe84d6c000-7fbe84e69000 rw-p 00000000 00:00 0 
7fbe84e69000-7fbe84e6d000 ---p 00000000 00:00 0 
7fbe84e6d000-7fbe84f6a000 rw-p 00000000 00:00 0 
7fbe84f6a000-7fbe84f6e000 ---p 00000000 00:00 0 
7fbe84f6e000-7fbe8506b000 rw-p 00000000 00:00 0 
7fbe8506b000-7fbe855db000 r--p 00000000 08:02 7078745                    /usr/lib/locale/locale-archive
7fbe855db000-7fbe855dc000 ---p 00000000 00:00 0 
7fbe855dc000-7fbe856dc000 rw-p 00000000 00:00 0 
7fbe856dc000-7fbe856dd000 ---p 00000000 00:00 0 
7fbe856dd000-7fbe858b9000 rw-p 00000000 00:00 0 
7fbe858b9000-7fbe858ba000 ---p 00000000 00:00 0 
7fbe858ba000-7fbe859ba000 rw-p 00000000 00:00 0 
7fbe859ba000-7fbe859bb000 ---p 00000000 00:00 0 
7fbe859bb000-7fbe8c000000 rw-p 00000000 00:00 0 
7fbe8c000000-7fbe8c021000 rw-p 00000000 00:00 0 
7fbe8c021000-7fbe90000000 ---p 00000000 00:00 0 
7fbe90000000-7fbe90021000 rw-p 00000000 00:00 0 
7fbe90021000-7fbe94000000 ---p 00000000 00:00 0 
7fbe94000000-7fbe94021000 rw-p 00000000 00:00 0 
7fbe94021000-7fbe98000000 ---p 00000000 00:00 0 
7fbe98000000-7fbe98007000 r--s 00000000 08:02 7736501                    /usr/lib/x86_64-linux-gnu/gconv/gconv-modules.cache
7fbe98007000-7fbe9844c000 rw-p 00000000 00:00 0 
7fbe9844c000-7fbe9844d000 ---p 00000000 00:00 0 
7fbe9844d000-7fbe9854d000 rw-p 00000000 00:00 0 
7fbe9854d000-7fbe9854e000 ---p 00000000 00:00 0 
7fbe9854e000-7fbe9864e000 rw-p 00000000 00:00 0 
7fbe9864e000-7fbe9864f000 ---p 00000000 00:00 0 
7fbe9864f000-7fbe9ab3e000 rw-p 00000000 00:00 0 
7fbe9ab3e000-7fbeb62fe000 ---p 00000000 00:00 0 
7fbeb62fe000-7fbeb673e000 rw-p 00000000 00:00 0 
7fbeb673e000-7fbeb9e36000 ---p 00000000 00:00 0 
7fbeb9e36000-7fbeba23e000 rw-p 00000000 00:00 0 
7fbeba23e000-7fbebd936000 ---p 00000000 00:00 0 
7fbebd936000-7fbec0859000 rw-p 00000000 00:00 0 
7fbec0859000-7fbec0ac9000 rwxp 00000000 00:00 0 
7fbec0ac9000-7fbec3859000 ---p 00000000 00:00 0 
7fbec3859000-7fbecc000000 r--s 00000000 08:02 24664062                   /home/jatinbha/sandboxes/lworld+vector2/valhalla/build/linux-x86_64-server-slowdebug/images/jdk/lib/modules
7fbecc000000-7fbecc3d0000 rw-p 00000000 00:00 0 
7fbecc3d0000-7fbed0000000 ---p 00000000 00:00 0 
7fbed0004000-7fbed1b9b000 rw-p 00000000 00:00 0 
7fbed1b9b000-7fbed1bf6000 ---p 00000000 00:00 0 
7fbed1bf6000-7fbed1c03000 r--p 00000000 08:02 24664175                   /home/jatinbha/sandboxes/lworld+vector2/valhalla/build/linux-x86_64-server-slowdebug/images/jdk/lib/libjava.so
7fbed1c03000-7fbed1c1a000 r-xp 0000d000 08:02 24664175                   /home/jatinbha/sandboxes/lworld+vector2/valhalla/build/linux-x86_64-server-slowdebug/images/jdk/lib/libjava.so
7fbed1c1a000-7fbed1c20000 r--p 00024000 08:02 24664175                   /home/jatinbha/sandboxes/lworld+vector2/valhalla/build/linux-x86_64-server-slowdebug/images/jdk/lib/libjava.so
7fbed1c20000-7fbed1c21000 ---p 0002a000 08:02 24664175                   /home/jatinbha/sandboxes/lworld+vector2/valhalla/build/linux-x86_64-server-slowdebug/images/jdk/lib/libjava.so
7fbed1c21000-7fbed1c22000 r--p 0002a000 08:02 24664175                   /home/jatinbha/sandboxes/lworld+vector2/valhalla/build/linux-x86_64-server-slowdebug/images/jdk/lib/libjava.so
7fbed1c22000-7fbed1c24000 rw-p 0002b000 08:02 24664175                   /home/jatinbha/sandboxes/lworld+vector2/valhalla/build/linux-x86_64-server-slowdebug/images/jdk/lib/libjava.so
7fbed1c24000-7fbed1c2c000 rw-s 00000000 08:02 3698305                    /tmp/hsperfdata_intel/101762
7fbed1c2c000-7fbed1c30000 r--p 00000000 08:02 24664176                   /home/jatinbha/sandboxes/lworld+vector2/valhalla/build/linux-x86_64-server-slowdebug/images/jdk/lib/libjimage.so
7fbed1c30000-7fbed1c47000 r-xp 00004000 08:02 24664176                   /home/jatinbha/sandboxes/lworld+vector2/valhalla/build/linux-x86_64-server-slowdebug/images/jdk/lib/libjimage.so
7fbed1c47000-7fbed1c4e000 r--p 0001b000 08:02 24664176                   /home/jatinbha/sandboxes/lworld+vector2/valhalla/build/linux-x86_64-server-slowdebug/images/jdk/lib/libjimage.so
7fbed1c4e000-7fbed1c4f000 ---p 00022000 08:02 24664176                   /home/jatinbha/sandboxes/lworld+vector2/valhalla/build/linux-x86_64-server-slowdebug/images/jdk/lib/libjimage.so
7fbed1c4f000-7fbed1c51000 r--p 00022000 08:02 24664176                   /home/jatinbha/sandboxes/lworld+vector2/valhalla/build/linux-x86_64-server-slowdebug/images/jdk/lib/libjimage.so
7fbed1c51000-7fbed1c52000 rw-p 00024000 08:02 24664176                   /home/jatinbha/sandboxes/lworld+vector2/valhalla/build/linux-x86_64-server-slowdebug/images/jdk/lib/libjimage.so
7fbed1c52000-7fbed1c56000 ---p 00000000 00:00 0 
7fbed1c56000-7fbed1d53000 rw-p 00000000 00:00 0 
7fbed1d53000-7fbed1d62000 r--p 00000000 08:02 7080075                    /usr/lib/x86_64-linux-gnu/libm-2.31.so
7fbed1d62000-7fbed1e09000 r-xp 0000f000 08:02 7080075                    /usr/lib/x86_64-linux-gnu/libm-2.31.so
7fbed1e09000-7fbed1ea0000 r--p 000b6000 08:02 7080075                    /usr/lib/x86_64-linux-gnu/libm-2.31.so
7fbed1ea0000-7fbed1ea1000 r--p 0014c000 08:02 7080075                    /usr/lib/x86_64-linux-gnu/libm-2.31.so
7fbed1ea1000-7fbed1ea2000 rw-p 0014d000 08:02 7080075                    /usr/lib/x86_64-linux-gnu/libm-2.31.so
7fbed1ea2000-7fbed1ea5000 r--p 00000000 08:02 7080092                    /usr/lib/x86_64-linux-gnu/librt-2.31.so
7fbed1ea5000-7fbed1ea9000 r-xp 00003000 08:02 7080092                    /usr/lib/x86_64-linux-gnu/librt-2.31.so
7fbed1ea9000-7fbed1eaa000 r--p 00007000 08:02 7080092                    /usr/lib/x86_64-linux-gnu/librt-2.31.so
7fbed1eaa000-7fbed1eab000 ---p 00008000 08:02 7080092                    /usr/lib/x86_64-linux-gnu/librt-2.31.so
7fbed1eab000-7fbed1eac000 r--p 00008000 08:02 7080092                    /usr/lib/x86_64-linux-gnu/librt-2.31.so
7fbed1eac000-7fbed1ead000 rw-p 00009000 08:02 7080092                    /usr/lib/x86_64-linux-gnu/librt-2.31.so
7fbed1ead000-7fbed2228000 r--p 00000000 08:02 24664189                   /home/jatinbha/sandboxes/lworld+vector2/valhalla/build/linux-x86_64-server-slowdebug/images/jdk/lib/server/libjvm.so
7fbed2228000-7fbed374f000 r-xp 0037b000 08:02 24664189                   /home/jatinbha/sandboxes/lworld+vector2/valhalla/build/linux-x86_64-server-slowdebug/images/jdk/lib/server/libjvm.so
7fbed374f000-7fbed478e000 r--p 018a2000 08:02 24664189                   /home/jatinbha/sandboxes/lworld+vector2/valhalla/build/linux-x86_64-server-slowdebug/images/jdk/lib/server/libjvm.so
7fbed478e000-7fbed478f000 ---p 028e1000 08:02 24664189                   /home/jatinbha/sandboxes/lworld+vector2/valhalla/build/linux-x86_64-server-slowdebug/images/jdk/lib/server/libjvm.so
7fbed478f000-7fbed4897000 r--p 028e1000 08:02 24664189                   /home/jatinbha/sandboxes/lworld+vector2/valhalla/build/linux-x86_64-server-slowdebug/images/jdk/lib/server/libjvm.so
7fbed4897000-7fbed48e4000 rw-p 029e9000 08:02 24664189                   /home/jatinbha/sandboxes/lworld+vector2/valhalla/build/linux-x86_64-server-slowdebug/images/jdk/lib/server/libjvm.so
7fbed48e4000-7fbed499e000 rw-p 00000000 00:00 0 
7fbed499e000-7fbed49c3000 r--p 00000000 08:02 7080073                    /usr/lib/x86_64-linux-gnu/libc-2.31.so
7fbed49c3000-7fbed4b3b000 r-xp 00025000 08:02 7080073                    /usr/lib/x86_64-linux-gnu/libc-2.31.so
7fbed4b3b000-7fbed4b85000 r--p 0019d000 08:02 7080073                    /usr/lib/x86_64-linux-gnu/libc-2.31.so
7fbed4b85000-7fbed4b86000 ---p 001e7000 08:02 7080073                    /usr/lib/x86_64-linux-gnu/libc-2.31.so
7fbed4b86000-7fbed4b89000 r--p 001e7000 08:02 7080073                    /usr/lib/x86_64-linux-gnu/libc-2.31.so
7fbed4b89000-7fbed4b8c000 rw-p 001ea000 08:02 7080073                    /usr/lib/x86_64-linux-gnu/libc-2.31.so
7fbed4b8c000-7fbed4b90000 rw-p 00000000 00:00 0 
7fbed4b90000-7fbed4b91000 r--p 00000000 08:02 7080074                    /usr/lib/x86_64-linux-gnu/libdl-2.31.so
7fbed4b91000-7fbed4b93000 r-xp 00001000 08:02 7080074                    /usr/lib/x86_64-linux-gnu/libdl-2.31.so
7fbed4b93000-7fbed4b94000 r--p 00003000 08:02 7080074                    /usr/lib/x86_64-linux-gnu/libdl-2.31.so
7fbed4b94000-7fbed4b95000 r--p 00003000 08:02 7080074                    /usr/lib/x86_64-linux-gnu/libdl-2.31.so
7fbed4b95000-7fbed4b96000 rw-p 00004000 08:02 7080074                    /usr/lib/x86_64-linux-gnu/libdl-2.31.so
7fbed4b96000-7fbed4b9d000 r--p 00000000 08:02 7080090                    /usr/lib/x86_64-linux-gnu/libpthread-2.31.so
7fbed4b9d000-7fbed4bae000 r-xp 00007000 08:02 7080090                    /usr/lib/x86_64-linux-gnu/libpthread-2.31.so
7fbed4bae000-7fbed4bb3000 r--p 00018000 08:02 7080090                    /usr/lib/x86_64-linux-gnu/libpthread-2.31.so
7fbed4bb3000-7fbed4bb4000 r--p 0001c000 08:02 7080090                    /usr/lib/x86_64-linux-gnu/libpthread-2.31.so
7fbed4bb4000-7fbed4bb5000 rw-p 0001d000 08:02 7080090                    /usr/lib/x86_64-linux-gnu/libpthread-2.31.so
7fbed4bb5000-7fbed4bb9000 rw-p 00000000 00:00 0 
7fbed4bb9000-7fbed4bbc000 r--p 00000000 08:02 24664177                   /home/jatinbha/sandboxes/lworld+vector2/valhalla/build/linux-x86_64-server-slowdebug/images/jdk/lib/libjli.so
7fbed4bbc000-7fbed4bcb000 r-xp 00003000 08:02 24664177                   /home/jatinbha/sandboxes/lworld+vector2/valhalla/build/linux-x86_64-server-slowdebug/images/jdk/lib/libjli.so
7fbed4bcb000-7fbed4bcf000 r--p 00012000 08:02 24664177                   /home/jatinbha/sandboxes/lworld+vector2/valhalla/build/linux-x86_64-server-slowdebug/images/jdk/lib/libjli.so
7fbed4bcf000-7fbed4bd0000 r--p 00015000 08:02 24664177                   /home/jatinbha/sandboxes/lworld+vector2/valhalla/build/linux-x86_64-server-slowdebug/images/jdk/lib/libjli.so
7fbed4bd0000-7fbed4bd1000 rw-p 00016000 08:02 24664177                   /home/jatinbha/sandboxes/lworld+vector2/valhalla/build/linux-x86_64-server-slowdebug/images/jdk/lib/libjli.so
7fbed4bd1000-7fbed4bd3000 r--p 00000000 08:02 7078082                    /usr/lib/x86_64-linux-gnu/libz.so.1.2.11
7fbed4bd3000-7fbed4be4000 r-xp 00002000 08:02 7078082                    /usr/lib/x86_64-linux-gnu/libz.so.1.2.11
7fbed4be4000-7fbed4bea000 r--p 00013000 08:02 7078082                    /usr/lib/x86_64-linux-gnu/libz.so.1.2.11
7fbed4bea000-7fbed4beb000 ---p 00019000 08:02 7078082                    /usr/lib/x86_64-linux-gnu/libz.so.1.2.11
7fbed4beb000-7fbed4bec000 r--p 00019000 08:02 7078082                    /usr/lib/x86_64-linux-gnu/libz.so.1.2.11
7fbed4bec000-7fbed4bed000 rw-p 0001a000 08:02 7078082                    /usr/lib/x86_64-linux-gnu/libz.so.1.2.11
7fbed4bed000-7fbed4bf0000 r--p 00000000 08:02 7080081                    /usr/lib/x86_64-linux-gnu/libnss_files-2.31.so
7fbed4bf0000-7fbed4bf7000 r-xp 00003000 08:02 7080081                    /usr/lib/x86_64-linux-gnu/libnss_files-2.31.so
7fbed4bf7000-7fbed4bf9000 r--p 0000a000 08:02 7080081                    /usr/lib/x86_64-linux-gnu/libnss_files-2.31.so
7fbed4bf9000-7fbed4bfa000 r--p 0000b000 08:02 7080081                    /usr/lib/x86_64-linux-gnu/libnss_files-2.31.so
7fbed4bfa000-7fbed4bfb000 rw-p 0000c000 08:02 7080081                    /usr/lib/x86_64-linux-gnu/libnss_files-2.31.so
7fbed4bfb000-7fbed4c01000 rw-p 00000000 00:00 0 
7fbed4c01000-7fbed4c02000 ---p 00000000 00:00 0 
7fbed4c02000-7fbed4c03000 r--p 00000000 00:00 0 
7fbed4c03000-7fbed4c05000 rw-p 00000000 00:00 0 
7fbed4c05000-7fbed4c06000 r--p 00000000 08:02 7080069                    /usr/lib/x86_64-linux-gnu/ld-2.31.so
7fbed4c06000-7fbed4c29000 r-xp 00001000 08:02 7080069                    /usr/lib/x86_64-linux-gnu/ld-2.31.so
7fbed4c29000-7fbed4c31000 r--p 00024000 08:02 7080069                    /usr/lib/x86_64-linux-gnu/ld-2.31.so
7fbed4c31000-7fbed4c32000 ---p 00000000 00:00 0 
7fbed4c32000-7fbed4c33000 r--p 0002c000 08:02 7080069                    /usr/lib/x86_64-linux-gnu/ld-2.31.so
7fbed4c33000-7fbed4c34000 rw-p 0002d000 08:02 7080069                    /usr/lib/x86_64-linux-gnu/ld-2.31.so
7fbed4c34000-7fbed4c35000 rw-p 00000000 00:00 0 
7ffe21902000-7ffe21923000 rw-p 00000000 00:00 0                          [stack]
7ffe21987000-7ffe2198b000 r--p 00000000 00:00 0                          [vvar]
7ffe2198b000-7ffe2198d000 r-xp 00000000 00:00 0                          [vdso]
ffffffffff600000-ffffffffff601000 --xp 00000000 00:00 0                  [vsyscall]
Total number of mappings: 185


VM Arguments:
jvm_args: -XX:+PauseAtStartup -Xbootclasspath/a:. -XX:CompileOnly=test_aliasing::micro2 -XX:-TieredCompilation -Xbatch --add-exports=java.base/jdk.internal.misc=ALL-UNNAMED --add-exports=java.base/jdk.internal.vm.annotation=ALL-UNNAMED -XX:-PrintFieldLayout 
java_command: test_aliasing 2
java_class_path (initial): .
Launcher Type: SUN_STANDARD

[Global flags]
     bool BackgroundCompilation                    = false                                  {pd product} {command line}  A thread requesting compilation is not blocked during compilation
     intx CICompilerCount                          = 18                                        {product} {ergonomic}     Number of compiler threads to run
ccstrlist CompileOnly                              = test_aliasing::micro2                     {product} {command line}  List of methods (pkg/class.name) to restrict compilation to
     uint ConcGCThreads                            = 18                                        {product} {ergonomic}     Number of threads concurrent gc will use
     uint G1ConcRefinementThreads                  = 73                                        {product} {ergonomic}     The number of parallel remembered set update threads. Will be set ergonomically by default.
   size_t G1HeapRegionSize                         = 16777216                                  {product} {ergonomic}     Size of the G1 regions.
   size_t InitialHeapSize                          = 2147483648                                {product} {ergonomic}     Initial heap size (in bytes); zero means use ergonomics
      int LockingMode                              = 1                                         {product} {command line}  Select locking mode: 0: monitors only (LM_MONITOR), 1: monitors & legacy stack-locking (LM_LEGACY), 2: monitors & new lightweight locking (LM_LIGHTWEIGHT, default)
   size_t MarkStackSize                            = 4194304                                   {product} {ergonomic}     Size of marking stack
   size_t MaxHeapSize                              = 31675383808                               {product} {ergonomic}     Maximum heap size (in bytes)
   size_t MaxNewSize                               = 18991808512                               {product} {ergonomic}     Maximum new generation size (in bytes), max_uintx means set ergonomically
   size_t MinHeapDeltaBytes                        = 16777216                                  {product} {ergonomic}     The minimum change in heap space due to GC (in bytes)
   size_t MinHeapSize                              = 16777216                                  {product} {ergonomic}     Minimum heap size (in bytes); zero means use ergonomics
    uintx NonNMethodCodeHeapSize                   = 4096                                   {pd product} {ergonomic}     Size of code heap with non-nmethods (in bytes)
    uintx NonProfiledCodeHeapSize                  = 0                                      {pd product} {ergonomic}     Size of code heap with non-profiled methods (in bytes)
     bool PauseAtStartup                           = true                                   {diagnostic} {command line}  Causes the VM to pause at startup time and wait for the pause file to be removed (default: ./vm.paused.<pid>)
     bool PrintFieldLayout                         = false                                  {notproduct} {command line}  Print field layout for each class
    uintx ProfiledCodeHeapSize                     = 0                                      {pd product} {ergonomic}     Size of code heap with profiled methods (in bytes)
   size_t SoftMaxHeapSize                          = 31675383808                            {manageable} {ergonomic}     Soft limit for maximum heap size (in bytes)
     bool THPStackMitigation                       = false                                  {diagnostic} {ergonomic}     If THPs are unconditionally enabled on the system (mode "always"), the JVM will prevent THP from forming in thread stacks. When disabled, the absence of this mitigationallows THPs to form in thread stacks.
     bool TieredCompilation                        = false                                  {pd product} {command line}  Enable tiered compilation
     bool UseCompressedOops                        = true                           {product lp64_product} {ergonomic}   Use 32-bit object references in 64-bit VM. lp64_product means flag is always constant in 32 bit VM
     bool UseG1GC                                  = true                                      {product} {ergonomic}     Use the Garbage-First garbage collector

Logging:
Log output configuration:
 #0: stdout all=warning uptime,level,tags foldmultilines=false
 #1: stderr all=off uptime,level,tags foldmultilines=false

Environment Variables:
JAVA_HOME=/home/jatinbha/sandboxes/lworld+vector2/valhalla/build/linux-x86_64-server-slowdebug/images/jdk/
PATH=/home/jatinbha/sandboxes/lworld+vector2/valhalla/build/linux-x86_64-server-slowdebug/images/jdk//bin:/home/jatinbha/.local/bin:/home/jatinbha/bin:/home/jatinbha/sandboxes/llvm-project/llvm-project/llvm/build-dir/bin/:/home/jatinbha/softwares/cmake-3.26.3-linux-x86_64/bin:/home/jatinbha/softwares/jdk-17.0.2//bin:/home/jatinbha/softwares/thrift-0.16.0/bin:/home/jatinbha/softwares/jdk8u322-b06//bin:/home/jatinbha/softwares/jdk-17//bin:/home/jatinbha/softwares/apache-maven-3.6.3/bin:/home/jatinbha/sandboxes/skara/build/bin:/home/jatinbha/softwares/sde-internal-conf-9.35.0-2024-03-10-lin:/usr/local/sbin:/usr/local/bin:/usr/sbin:/usr/bin:/sbin:/bin:/usr/games:/usr/local/games:/snap/bin
LD_LIBRARY_PATH=/home/jatinbha/softwares:
SHELL=/bin/bash
LANG=en_IN
TERM=xterm-256color

Active Locale:
LC_ALL=en_IN
LC_COLLATE=en_IN
LC_CTYPE=en_IN
LC_MESSAGES=en_IN
LC_MONETARY=en_IN
LC_NUMERIC=en_IN
LC_TIME=en_IN

Signal Handlers:
   SIGSEGV: crash_handler in libjvm.so, mask=11100100010111111101111111111110, flags=SA_RESTART|SA_SIGINFO, unblocked
    SIGBUS: crash_handler in libjvm.so, mask=11100100010111111101111111111110, flags=SA_RESTART|SA_SIGINFO, unblocked
    SIGFPE: crash_handler in libjvm.so, mask=11100100010111111101111111111110, flags=SA_RESTART|SA_SIGINFO, unblocked
   SIGPIPE: javaSignalHandler in libjvm.so, mask=11100100010111111101111111111110, flags=SA_RESTART|SA_SIGINFO, blocked
   SIGXFSZ: javaSignalHandler in libjvm.so, mask=11100100010111111101111111111110, flags=SA_RESTART|SA_SIGINFO, blocked
    SIGILL: crash_handler in libjvm.so, mask=11100100010111111101111111111110, flags=SA_RESTART|SA_SIGINFO, unblocked
   SIGUSR2: SR_handler in libjvm.so, mask=00000000000000000000000000000000, flags=SA_RESTART|SA_SIGINFO, blocked
    SIGHUP: UserHandler in libjvm.so, mask=11100100010111111101111111111110, flags=SA_RESTART|SA_SIGINFO, blocked
    SIGINT: UserHandler in libjvm.so, mask=11100100010111111101111111111110, flags=SA_RESTART|SA_SIGINFO, blocked
   SIGTERM: UserHandler in libjvm.so, mask=11100100010111111101111111111110, flags=SA_RESTART|SA_SIGINFO, blocked
   SIGQUIT: UserHandler in libjvm.so, mask=11100100010111111101111111111110, flags=SA_RESTART|SA_SIGINFO, blocked
   SIGTRAP: crash_handler in libjvm.so, mask=11100100010111111101111111111110, flags=SA_RESTART|SA_SIGINFO, unblocked


Native Memory Tracking:

(Omitting categories weighting less than 1KB)

Total: reserved=32972049KB, committed=2410961KB
       malloc: 201605KB #21553
       mmap:   reserved=32770444KB, committed=2209356KB

-                 Java Heap (reserved=30932992KB, committed=2113536KB)
                            (mmap: reserved=30932992KB, committed=2113536KB, largest_committed=2097152KB) 
 
-                     Class (reserved=1048655KB, committed=207KB)
                            (classes #632)
                            (  instance classes #526, array classes #106)
                            (malloc=79KB #1243) (peak=79KB #1243) 
                            (mmap: reserved=1048576KB, committed=128KB, largest_committed=64KB) 
                            (  Metadata:   )
                            (    reserved=65536KB, committed=256KB)
                            (    used=140KB)
                            (    waste=116KB =45.46%)
                            (  Class space:)
                            (    reserved=1048576KB, committed=128KB)
                            (    used=8KB)
                            (    waste=120KB =93.92%)
 
-                    Thread (reserved=16469KB, committed=777KB)
                            (threads #16)
                            (stack: reserved=16420KB, committed=728KB, largest_committed=120KB)
                            (malloc=32KB #100) (peak=40KB #104) 
                            (arena=18KB #31) (peak=81KB #29)
 
-                      Code (reserved=49840KB, committed=2820KB)
                            (malloc=304KB #9325) (peak=304KB #9327) 
                            (mmap: reserved=49536KB, committed=2516KB, largest_committed=2496KB) 
                            (arena=0KB #0) (peak=33KB #1)
 
-                        GC (reserved=793695KB, committed=230815KB)
                            (malloc=152739KB #894) (at peak) 
                            (mmap: reserved=640956KB, committed=78076KB, largest_committed=32768KB) 
 
-                 GCCardSet (reserved=29KB, committed=29KB)
                            (malloc=29KB #390) (at peak) 
 
-                  Compiler (reserved=394KB, committed=394KB)
                            (malloc=2KB #15) (peak=2KB #15) 
                            (arena=391KB #8) (peak=530KB #11)
 
-                  Internal (reserved=46077KB, committed=46077KB)
                            (malloc=46041KB #6552) (peak=46041KB #6553) 
                            (mmap: reserved=36KB, committed=36KB, largest_committed=32KB) 
 
-                    Symbol (reserved=1132KB, committed=1132KB)
                            (malloc=772KB #81) (at peak) 
                            (arena=360KB #1) (at peak)
 
-    Native Memory Tracking (reserved=343KB, committed=343KB)
                            (malloc=6KB #59) (at peak) 
                            (tracking overhead=337KB)
 
-        Shared class space (reserved=16384KB, committed=14072KB, readonly=0KB)
                            (mmap: reserved=16384KB, committed=14072KB, largest_committed=8464KB) 
 
-               Arena Chunk (reserved=171KB, committed=171KB)
                            (malloc=171KB #57) (peak=940KB #58) 
 
-                    Module (reserved=197KB, committed=197KB)
                            (malloc=197KB #2069) (at peak) 
 
-                 Safepoint (reserved=8KB, committed=8KB)
                            (mmap: reserved=8KB, committed=8KB, largest_committed=8KB) 
 
-           Synchronization (reserved=96KB, committed=96KB)
                            (malloc=96KB #724) (at peak) 
 
-            Serviceability (reserved=17KB, committed=17KB)
                            (malloc=17KB #9) (peak=17KB #13) 
 
-                 Metaspace (reserved=65549KB, committed=269KB)
                            (malloc=13KB #10) (at peak) 
                            (mmap: reserved=65536KB, committed=256KB, largest_committed=64KB) 
 
-      String Deduplication (reserved=1KB, committed=1KB)
                            (malloc=1KB #8) (at peak) 
 
Preinit state:entries: 385 (primary: 385, empties: 7806), sum bytes: 15070, longest chain length: 1
pre-init mallocs: 422, pre-init reallocs: 7, pre-init frees: 37
MallocLimit: unset

Periodic native trim disabled

---------------  S Y S T E M  ---------------

OS:
DISTRIB_ID=Ubuntu
DISTRIB_RELEASE=20.04
DISTRIB_CODENAME=focal
DISTRIB_DESCRIPTION="Ubuntu 20.04.2 LTS"
uname: Linux intel-S2600WFT 5.8.0-41-generic #46~20.04.1-Ubuntu SMP Mon Jan 18 17:52:23 UTC 2021 x86_64
OS uptime: 2 days 2:04 hours
libc: glibc 2.31 NPTL 2.31 
rlimit (soft/hard): STACK 8192k/infinity , CORE 0k/infinity , NPROC 3090646/3090646 , NOFILE 1048576/1048576 , AS infinity/infinity , CPU infinity/infinity , DATA infinity/infinity , FSIZE infinity/infinity , MEMLOCK 65536k/65536k
load average: 0.00 0.00 0.00

/proc/meminfo:
MemTotal:       791263980 kB
MemFree:        776755460 kB
MemAvailable:   783306628 kB
Buffers:          441904 kB
Cached:          9809988 kB
SwapCached:            0 kB
Active:          7189488 kB
Inactive:        4731468 kB
Active(anon):    1658600 kB
Inactive(anon):     5384 kB
Active(file):    5530888 kB
Inactive(file):  4726084 kB
Unevictable:           0 kB
Mlocked:               0 kB
SwapTotal:       2097148 kB
SwapFree:        2097148 kB
Dirty:               192 kB
Writeback:             0 kB
AnonPages:       1669684 kB
Mapped:           792088 kB
Shmem:              7956 kB
KReclaimable:     889360 kB
Slab:            1425468 kB
SReclaimable:     889360 kB
SUnreclaim:       536108 kB
KernelStack:       28496 kB
PageTables:        17144 kB
NFS_Unstable:          0 kB
Bounce:                0 kB
WritebackTmp:          0 kB
CommitLimit:    397729136 kB
Committed_AS:   11008348 kB
VmallocTotal:   34359738367 kB
VmallocUsed:      463684 kB
VmallocChunk:          0 kB
Percpu:           109312 kB
HardwareCorrupted:     0 kB
AnonHugePages:         0 kB
ShmemHugePages:        0 kB
ShmemPmdMapped:        0 kB
FileHugePages:         0 kB
FilePmdMapped:         0 kB
HugePages_Total:       0
HugePages_Free:        0
HugePages_Rsvd:        0
HugePages_Surp:        0
Hugepagesize:       2048 kB
Hugetlb:               0 kB
DirectMap4k:      669084 kB
DirectMap2M:    23136256 kB
DirectMap1G:    782237696 kB

/sys/kernel/mm/transparent_hugepage/enabled: always [madvise] never
/sys/kernel/mm/transparent_hugepage/defrag (defrag/compaction efforts parameter): always defer defer+madvise [madvise] never

Process Memory:
Virtual Size: 34211528K (peak: 34211528K)
Resident Set Size: 267064K (peak: 267064K) (anon: 230736K, file: 36328K, shmem: 0K)
Swapped out: 0K
C-Heap outstanding allocations: 202938K, retained: 1945K (may have wrapped)
glibc malloc tunables: (default)

/proc/sys/kernel/threads-max (system-wide limit on the number of threads): 6181293
/proc/sys/vm/max_map_count (maximum number of memory map areas a process may have): 65530
/proc/sys/kernel/pid_max (system-wide limit on number of process identifiers): 4194304

container (cgroup) information:
container_type: cgroupv1
cpu_cpuset_cpus: 0-111
cpu_memory_nodes: 0-1
active_processor_count: 112
cpu_quota: no quota
cpu_period: 100000
cpu_shares: no shares
memory_limit_in_bytes: unlimited
memory_and_swap_limit_in_bytes: unlimited
memory_soft_limit_in_bytes: unlimited
memory_usage_in_bytes: 246456 k
memory_max_usage_in_bytes: 890376 k
kernel_memory_usage_in_bytes: 10484 k
kernel_memory_max_usage_in_bytes: unlimited
kernel_memory_limit_in_bytes: 12632 k
maximum number of tasks: unlimited
current number of tasks: 20

Steal ticks since vm start: 0
Steal ticks percentage since vm start:  0.000

CPU: total 112 (initial active 112) (28 cores per cpu, 2 threads per core) family 6 model 85 stepping 7 microcode 0x5003006, cx8, cmov, fxsr, ht, mmx, 3dnowpref, sse, sse2, sse3, ssse3, sse4.1, sse4.2, popcnt, lzcnt, tsc, tscinvbit, avx, avx2, aes, erms, clmul, bmi1, bmi2, adx, avx512f, avx512dq, avx512cd, avx512bw, avx512vl, fma, vzeroupper, avx512_vnni, clflush, clflushopt, clwb, rdtscp, f16c, pku, ospke
CPU Model and flags from /proc/cpuinfo:
model name	: Intel(R) Xeon(R) Platinum 8280 CPU @ 2.70GHz
flags		: fpu vme de pse tsc msr pae mce cx8 apic sep mtrr pge mca cmov pat pse36 clflush dts acpi mmx fxsr sse sse2 ss ht tm pbe syscall nx pdpe1gb rdtscp lm constant_tsc art arch_perfmon pebs bts rep_good nopl xtopology nonstop_tsc cpuid aperfmperf pni pclmulqdq dtes64 monitor ds_cpl smx est tm2 ssse3 sdbg fma cx16 xtpr pdcm pcid dca sse4_1 sse4_2 x2apic movbe popcnt tsc_deadline_timer aes xsave avx f16c rdrand lahf_lm abm 3dnowprefetch cpuid_fault epb cat_l3 cdp_l3 invpcid_single ssbd mba ibrs ibpb stibp ibrs_enhanced fsgsbase tsc_adjust bmi1 avx2 smep bmi2 erms invpcid cqm mpx rdt_a avx512f avx512dq rdseed adx smap clflushopt clwb intel_pt avx512cd avx512bw avx512vl xsaveopt xsavec xgetbv1 xsaves cqm_llc cqm_occup_llc cqm_mbm_total cqm_mbm_local dtherm ida arat pln pts hwp hwp_act_window hwp_epp hwp_pkg_req pku ospke avx512_vnni md_clear flush_l1d arch_capabilities

Online cpus: 0-111
Offline cpus: 
cache level: 1
cache type: Data
cache size: 32K
cache coherency line size: 64
cache level: 1
cache type: Instruction
cache size: 32K
cache coherency line size: 64
cache level: 2
cache type: Unified
cache size: 1024K
cache coherency line size: 64
cache level: 3
cache type: Unified
cache size: 39424K
cache coherency line size: 64
BIOS frequency limitation: <Not Available>
Frequency switch latency (ns): 0
Available cpu frequencies: <Not Available>
Maximum cpu frequency: 4000000
Minimum cpu frequency: 1000000
Current cpu frequency: 1000156
Available governors: performance powersave
Current governor: powersave
Core performance/turbo boost: <Not Available>

Memory: 4k page, physical 791263980k(783306628k free), swap 2097148k(2097148k free)
Page Sizes: 4k

vm_info: OpenJDK 64-Bit Server VM (slowdebug 22-internal-adhoc.root.valhalla) for linux-amd64 JRE (22-internal-adhoc.root.valhalla), built on 2024-03-06T09:30:53Z by "root" with gcc 9.3.0

END.
