#
# A fatal error has been detected by the Java Runtime Environment:
#
#  Internal Error (/mnt/c/Github/valhalla+vector/src/hotspot/share/utilities/growableArray.hpp:150), pid=2642, tid=2668
#  assert(0 <= i && i < _len) failed: illegal index 2 for length 2
#
# JRE version: OpenJDK Runtime Environment (25.0) (slowdebug build 25-internal-adhoc.jatinbha.valhallavector)
# Java VM: OpenJDK 64-Bit Server VM (slowdebug 25-internal-adhoc.jatinbha.valhallavector, mixed mode, sharing, tiered, compressed oops, compressed class ptrs, g1 gc, linux-amd64)
# Problematic frame:
# V  [libjvm.so+0xa30ead]  GrowableArrayView<ciType*>::at(int) const+0x4b
#
# Core dump will be written. Default location: Core dumps may be processed with "/wsl-capture-crash %t %E %p %s" (or dumping to /mnt/c/Github/external_staging/Code/java/valhalla/valhalla_401/core.2642)
#
# If you would like to submit a bug report, please visit:
#   https://bugreport.java.com/bugreport/crash.jsp
#

---------------  S U M M A R Y ------------

Command Line: -Xbootclasspath/a:. --enable-preview --add-exports=java.base/jdk.internal.vm.annotation=ALL-UNNAMED -XX:+UseNonAtomicValueFlattening --add-exports=java.base/jdk.internal.misc=ALL-UNNAMED -XX:+PauseAtStartup -XX:-UseOnStackReplacement -XX:+PrintInlineLayout -XX:CompileOnly=Float256Vector::add vector_api_proto

Host: jatinbha-ws, 13th Gen Intel(R) Core(TM) i3-1315U, 8 cores, 3G, Ubuntu 20.04.6 LTS
Time: Tue Sep 30 10:25:28 2025 IST elapsed time: 223.569171 seconds (0d 0h 3m 43s)

---------------  T H R E A D  ---------------

Current thread (0x000074749c1aaf40):  JavaThread "C2 CompilerThread0" daemon [_thread_in_native, id=2668, stack(0x00007474757fc000,0x00007474758fd000) (1028K)]


Current CompileTask:
C2:223573   29       4       Float256Vector::add (87 bytes)

Stack: [0x00007474757fc000,0x00007474758fd000],  sp=0x00007474758f9810,  free space=1014k
Native frames: (J=compiled Java code, j=interpreted, Vv=VM code, C=native code)
V  [libjvm.so+0xa30ead]  GrowableArrayView<ciType*>::at(int) const+0x4b  (growableArray.hpp:150)
V  [libjvm.so+0xa2f882]  ciSignature::type_at(int) const+0x28  (ciSignature.hpp:60)
V  [libjvm.so+0x1b8f3aa]  TypeTuple::make_domain(ciMethod*, Type::InterfaceHandling, bool)+0x258  (type.cpp:2482)
V  [libjvm.so+0x1ba21e3]  TypeFunc::make(ciMethod*, bool)+0x103  (type.cpp:7430)
V  [libjvm.so+0xd0606b]  Compile::Compile(ciEnv*, ciMethod*, int, Options, DirectiveSet*)+0xe93  (compile.cpp:788)
V  [libjvm.so+0xbb0766]  C2Compiler::compile_method(ciEnv*, ciMethod*, int, bool, DirectiveSet*)+0x1fa  (c2compiler.cpp:142)
V  [libjvm.so+0xd2d14c]  CompileBroker::invoke_compiler_on_method(CompileTask*)+0xaf8  (compileBroker.cpp:2331)
V  [libjvm.so+0xd2ba69]  CompileBroker::compiler_thread_loop()+0x411  (compileBroker.cpp:1975)
V  [libjvm.so+0xd4c21a]  CompilerThread::thread_entry(JavaThread*, JavaThread*)+0x84  (compilerThread.cpp:67)
V  [libjvm.so+0x1205d7c]  JavaThread::thread_main_inner()+0x15c  (javaThread.cpp:777)
V  [libjvm.so+0x1205c16]  JavaThread::run()+0x258  (javaThread.cpp:762)
V  [libjvm.so+0x1b6dbd0]  Thread::call_run()+0x1a8  (thread.cpp:231)
V  [libjvm.so+0x176a632]  thread_native_entry(Thread*)+0x1c3  (os_linux.cpp:877)
Registers:
RAX=0x00007474a6406000, RBX=0x0000747408058908, RCX=0x0000000000000009, RDX=0x000074749c0311b8
RSP=0x00007474758f9810, RBP=0x00007474758f9820, RSI=0x0000000000000002, RDI=0x000074749c0311b8
R8 =0x00007474758f9330, R9 =0x0000000000000002, R10=0x00007474758f9500, R11=0x00007ffd0adca090
R12=0x00007474a45f2a8a, R13=0x000074749c0de446, R14=0x000000000000000e, R15=0x000074742696ebd6
RIP=0x00007474a3847ead, EFLAGS=0x0000000000010202, CSGSFS=0x002b000000000033, ERR=0x0000000000000006
  TRAPNO=0x000000000000000e

XMM[0]=0x0000000000000000 0x0000000000000000
XMM[1]=0x0000000000000000 0x36353274616f6c46
XMM[2]=0xffffffffffffffff 0xffffffffffffffff
XMM[3]=0x00007473fc001e60 0x00007473fc001e60
XMM[4]=0x00007473fc0026b0 0x00007473fc0026b0
XMM[5]=0x00007473fc0025b0 0x00007473fc0025b0
XMM[6]=0x00007473fc002470 0x00007473fc002470
XMM[7]=0x00007473fc001d18 0x00007473fc001d18
XMM[8]=0x00007473fc003c50 0x00007473fc003c50
XMM[9]=0x0000000000000000 0x0000000000000000
XMM[10]=0x0000000000000000 0x0000000000000000
XMM[11]=0x0000000000000000 0x0000000000000000
XMM[12]=0x0000000000000000 0x0000000000000000
XMM[13]=0x0000000000000000 0x0000000000000000
XMM[14]=0x0000000000000000 0x0000000000000000
XMM[15]=0xcafebabecafebabe 0xcafebabecafebabe
  MXCSR=0x00001fa2


Register to memory mapping:

RAX=0x00007474a6406000 in mmap'd memory region [0x00007474a6406000 - 0x00007474a6407000], tag mtInternal
RBX=0x0000747408058908 points into unknown readable memory: 0x00007473fc0022f0 | f0 22 00 fc 73 74 00 00
RCX=0x0000000000000009 is an unknown value
RDX=0x000074749c0311b8 points into unknown readable memory: 0x00007474a5f25aa0 | a0 5a f2 a5 74 74 00 00
RSP=0x00007474758f9810 is pointing into the stack for thread: 0x000074749c1aaf40
RBP=0x00007474758f9820 is pointing into the stack for thread: 0x000074749c1aaf40
RSI=0x0000000000000002 is an unknown value
RDI=0x000074749c0311b8 points into unknown readable memory: 0x00007474a5f25aa0 | a0 5a f2 a5 74 74 00 00
R8 =0x00007474758f9330 is pointing into the stack for thread: 0x000074749c1aaf40
R9 =0x0000000000000002 is an unknown value
R10=0x00007474758f9500 is pointing into the stack for thread: 0x000074749c1aaf40
R11=0x00007ffd0adca090 points into unknown readable memory: 0xffffffffffffffff | ff ff ff ff ff ff ff ff
R12=0x00007474a45f2a8a: <offset 0x00000000017dba8a> in /mnt/c/Github/valhalla+vector/build/linux-x86_64-server-slowdebug/images/jdk/lib/server/libjvm.so at 0x00007474a2e17000
R13=0x000074749c0de446 into live malloced block starting at 0x000074749c0de430, size 36, tag mtSymbol
R14=0x000000000000000e is an unknown value
R15=0x000074742696ebd6 is pointing into metadata

Top of Stack: (sp=0x00007474758f9810)
0x00007474758f9810:   000000029c1aaf40 000074749c0311b8   @...........tt..
0x00007474758f9820:   00007474758f9840 00007474a3846882   @..utt...h..tt..
0x00007474758f9830:   00000002758f9890 000074749c0311a8   ...u........tt..
0x00007474758f9840:   00007474758f98d0 00007474a49a63aa   ...utt...c..tt..
0x00007474758f9850:   00000001758f9801 000074749c0310c8   ...u........tt..
0x00007474758f9860:   0c0074749c1aaf40 0000000200000012   @...tt..........
0x00007474758f9870:   000074749c0311a8 00007474080588d0   ....tt......tt..
0x00007474758f9880:   00007474758f98a0 000074749c031018   ...utt......tt..
0x00007474758f9890:   000074749c28a4c0 000074740000001a   ..(.tt......tt..
0x00007474758f98a0:   0000002c00000009 0000000042300000   ....,.....0B....
0x00007474758f98b0:   0000747426968d28 0000747400000001   (..&tt......tt..
0x00007474758f98c0:   000074749c0310c8 00007474758f9bc0   ....tt.....utt..
0x00007474758f98d0:   00007474758f9930 00007474a49b91e3   0..utt......tt..
0x00007474758f98e0:   00007400758f9930 000074749c0310c8   0..u.t......tt..
0x00007474758f98f0:   0001747408027278 00007474758fa690   xr..tt.....utt..
0x00007474758f9900:   0000000000000000 0000747408058820   ........ ...tt..
0x00007474758f9910:   0000000000000000 00007473fc001ab0   ............st..
0x00007474758f9920:   00000001758f9bc0 00007474758fa690   ...u.......utt..
0x00007474758f9930:   00007474758fa600 00007474a3b1d06b   ...utt..k...tt..
0x00007474758f9940:   000074749c28bdf0 01010101a5e59038   ..(.tt..8.......
0x00007474758f9950:   ffffffff01010100 000074749c0310c8   ............tt..
0x00007474758f9960:   00007474758fb650 00007474758fa690   P..utt.....utt..
0x00007474758f9970:   0000747408053e48 000003ff00000002   H>..tt..........
0x00007474758f9980:   00007474a5e59038 00007474758fa690   8...tt.....utt..
0x00007474758f9990:   0000000000000000 00007474758faaa8   ...........utt..
0x00007474758f99a0:   0000000800000020 0000747408054048    .......H@..tt..
0x00007474758f99b0:   0000000000000002 00007474a5e59038   ........8...tt..
0x00007474758f99c0:   2bad4b0bbaad0000 0000000000000000   .....K.+........
0x00007474758f99d0:   0000000400000004 0000747408055300   .........S..tt..
0x00007474758f99e0:   00007474758faaa8 00007474a4dec8cc   ...utt......tt..
0x00007474758f99f0:   0000000000000000 00007474080642c0   .........B..tt..
0x00007474758f9a00:   0000747400000000 0000000000000000   ....tt..........

Instructions: (pc=0x00007474a3847ead)
  0x00007474a3847dad:   83 ec 10 48 89 7d f8 48 8b 45 f8 48 89 c7 e8 bc
  0x00007474a3847dbd:   ff ff ff 48 8b 45 f8 48 89 c7 e8 b0 ff ff ff 90
  0x00007474a3847dcd:   c9 c3 90 f3 0f 1e fa 55 48 89 e5 48 83 ec 10 48
  0x00007474a3847ddd:   89 7d f8 48 8b 45 f8 48 05 e0 00 00 00 48 89 c7
  0x00007474a3847ded:   e8 a0 01 00 00 48 8b 45 f8 48 05 98 00 00 00 48
  0x00007474a3847dfd:   89 c7 e8 f2 d2 fe ff 48 8b 45 f8 48 83 c0 60 48
  0x00007474a3847e0d:   89 c7 e8 e2 d2 fe ff 48 8b 45 f8 48 83 c0 28 48
  0x00007474a3847e1d:   89 c7 e8 d2 d2 fe ff 90 c9 c3 f3 0f 1e fa 55 48
  0x00007474a3847e2d:   89 e5 48 83 ec 20 48 89 7d e8 48 8b 45 e8 48 89
  0x00007474a3847e3d:   c7 e8 65 2f c5 ff 89 45 fc e8 01 07 c5 ff 84 c0
  0x00007474a3847e4d:   74 0d 8b 45 fc 89 c7 e8 9e d0 ee ff 89 45 fc 8b
  0x00007474a3847e5d:   45 fc c9 c3 90 f3 0f 1e fa 55 48 89 e5 48 83 ec
  0x00007474a3847e6d:   10 48 89 7d f8 89 75 f4 e8 07 cc c4 ff 83 f0 01
  0x00007474a3847e7d:   84 c0 74 19 83 7d f4 00 78 0c 48 8b 45 f8 8b 40
  0x00007474a3847e8d:   18 39 45 f4 7c 07 b8 01 00 00 00 eb 05 b8 00 00
  0x00007474a3847e9d:   00 00 84 c0 74 41 48 8d 05 de 3a 76 02 48 8b 00
=>0x00007474a3847ead:   c6 00 58 48 8b 45 f8 8b 50 18 8b 45 f4 41 89 d1
  0x00007474a3847ebd:   41 89 c0 48 8d 0d 99 31 3f 01 48 8d 15 b2 31 3f
  0x00007474a3847ecd:   01 be 96 00 00 00 48 8d 3d ce 09 3f 01 b8 00 00
  0x00007474a3847edd:   00 00 e8 db d5 38 00 48 8b 45 f8 48 8b 50 20 8b
  0x00007474a3847eed:   45 f4 48 98 48 c1 e0 03 48 01 d0 c9 c3 f3 0f 1e
  0x00007474a3847efd:   fa 55 48 89 e5 48 83 ec 10 48 89 7d f8 89 75 f4
  0x00007474a3847f0d:   e8 6f cb c4 ff 83 f0 01 84 c0 74 19 83 7d f4 00
  0x00007474a3847f1d:   78 0c 48 8b 45 f8 8b 40 18 39 45 f4 7c 07 b8 01
  0x00007474a3847f2d:   00 00 00 eb 05 b8 00 00 00 00 84 c0 74 41 48 8d
  0x00007474a3847f3d:   05 46 3a 76 02 48 8b 00 c6 00 58 48 8b 45 f8 8b
  0x00007474a3847f4d:   50 18 8b 45 f4 41 89 d1 41 89 c0 48 8d 0d 01 31
  0x00007474a3847f5d:   3f 01 48 8d 15 1a 31 3f 01 be 91 00 00 00 48 8d
  0x00007474a3847f6d:   3d 36 09 3f 01 b8 00 00 00 00 e8 43 d5 38 00 48
  0x00007474a3847f7d:   8b 45 f8 48 8b 50 20 8b 45 f4 48 98 48 c1 e0 03
  0x00007474a3847f8d:   48 01 d0 c9 c3 f3 0f 1e fa 55 48 89 e5 48 83 ec
  0x00007474a3847f9d:   10 48 89 7d f8 48 8d 15 4f e6 6c 02 48 8b 45 f8


Stack slot to memory mapping:

stack at sp + 0 slots: 0x000000029c1aaf40 is an unknown value
stack at sp + 1 slots: 0x000074749c0311b8 points into unknown readable memory: 0x00007474a5f25aa0 | a0 5a f2 a5 74 74 00 00
stack at sp + 2 slots: 0x00007474758f9840 is pointing into the stack for thread: 0x000074749c1aaf40
stack at sp + 3 slots: 0x00007474a3846882: <offset 0x0000000000a2f882> in /mnt/c/Github/valhalla+vector/build/linux-x86_64-server-slowdebug/images/jdk/lib/server/libjvm.so at 0x00007474a2e17000
stack at sp + 4 slots: 0x00000002758f9890 is an unknown value
stack at sp + 5 slots: 0x000074749c0311a8 points into unknown readable memory: 0x000074749c031188 | 88 11 03 9c 74 74 00 00
stack at sp + 6 slots: 0x00007474758f98d0 is pointing into the stack for thread: 0x000074749c1aaf40
stack at sp + 7 slots: 0x00007474a49a63aa: <offset 0x0000000001b8f3aa> in /mnt/c/Github/valhalla+vector/build/linux-x86_64-server-slowdebug/images/jdk/lib/server/libjvm.so at 0x00007474a2e17000

Lock stack of current Java thread (top to bottom):


---------------  P R O C E S S  ---------------

uid  : 1000 euid : 1000 gid  : 1000 egid : 1000

umask: 0022 (----w--w-)

Threads class SMR info:
_java_thread_list=0x000074749c286410, length=10, elements={
0x000074749c1a2ba0, 0x000074749c1a3e40, 0x000074749c1a5910, 0x000074749c1a7330,
0x000074749c1a8c10, 0x000074749c1aaf40, 0x000074749c1ac9d0, 0x000074749c216c30,
0x000074749c285070, 0x000074749c02c1e0
}
_java_thread_list_alloc_cnt=13, _java_thread_list_free_cnt=11, _java_thread_list_max=10, _nested_thread_list_max=0
_tlh_cnt=79, _tlh_times=3, avg_tlh_time=0.04, _tlh_time_max=3
_deleted_thread_cnt=1, _deleted_thread_times=0, avg_deleted_thread_time=0.00, _deleted_thread_time_max=0
_delete_lock_wait_cnt=0, _delete_lock_wait_max=0
_to_delete_list_cnt=0, _to_delete_list_max=1

Java Threads: ( => current thread )
  0x000074749c1a2ba0 JavaThread "Reference Handler"          daemon [_thread_blocked, id=2663, stack(0x0000747484429000,0x0000747484529000) (1024K)]
  0x000074749c1a3e40 JavaThread "Finalizer"                  daemon [_thread_blocked, id=2664, stack(0x0000747475eff000,0x0000747476000000) (1028K)]
  0x000074749c1a5910 JavaThread "Signal Dispatcher"          daemon [_thread_blocked, id=2665, stack(0x0000747475aff000,0x0000747475c00000) (1028K)]
  0x000074749c1a7330 JavaThread "Service Thread"             daemon [_thread_blocked, id=2666, stack(0x00007474759fe000,0x0000747475aff000) (1028K)]
  0x000074749c1a8c10 JavaThread "Monitor Deflation Thread"   daemon [_thread_blocked, id=2667, stack(0x00007474758fd000,0x00007474759fe000) (1028K)]
=>0x000074749c1aaf40 JavaThread "C2 CompilerThread0"         daemon [_thread_in_native, id=2668, stack(0x00007474757fc000,0x00007474758fd000) (1028K)]
  0x000074749c1ac9d0 JavaThread "C1 CompilerThread0"         daemon [_thread_blocked, id=2669, stack(0x00007474756fb000,0x00007474757fc000) (1028K)]
  0x000074749c216c30 JavaThread "Common-Cleaner"             daemon [_thread_blocked, id=2670, stack(0x000074747552a000,0x000074747562b000) (1028K)]
  0x000074749c285070 JavaThread "Notification Thread"        daemon [_thread_blocked, id=2671, stack(0x0000747475429000,0x000074747552a000) (1028K)]
  0x000074749c02c1e0 JavaThread "DestroyJavaVM"                     [_thread_blocked, id=2643, stack(0x00007474a2bbd000,0x00007474a2cbe000) (1028K)]
Total: 10

Other Threads:
  0x000074749c165690 VMThread "VM Thread"                           [id=2662, stack(0x00007474a0093000,0x00007474a0193000) (1024K)]
  0x000074749c0bce10 WatcherThread "VM Periodic Task Thread"        [id=2661, stack(0x0000747484328000,0x0000747484428000) (1024K)]
  0x000074749c06bc80 WorkerThread "GC Thread#0"                     [id=2653, stack(0x00007474a0dd2000,0x00007474a0ed2000) (1024K)]
  0x000074749c0769d0 ConcurrentGCThread "G1 Main Marker"            [id=2654, stack(0x00007474a0cd1000,0x00007474a0dd1000) (1024K)]
  0x000074749c077bf0 WorkerThread "G1 Conc#0"                       [id=2655, stack(0x00007474a0bd0000,0x00007474a0cd0000) (1024K)]
  0x000074749c0a7ed0 ConcurrentGCThread "G1 Refine#0"               [id=2656, stack(0x00007474a02c7000,0x00007474a03c7000) (1024K)]
  0x000074749c0a9110 ConcurrentGCThread "G1 Service"                [id=2657, stack(0x00007474a01c6000,0x00007474a02c6000) (1024K)]
Total: 7

Threads with active compile tasks:
C2 CompilerThread0  241810   29       4       Float256Vector::add (87 bytes)
Total: 1

VM state: not at safepoint (normal execution)

VM Mutex/Monitor currently owned by a thread: None

Heap address: 0x00000000c5400000, size: 940 MB, Compressed Oops mode: 32-bit

CDS archive(s) mapped at: [0x0000747426000000-0x0000747426ec3000-0x0000747426ec3000), size 15478784, SharedBaseAddress: 0x0000747426000000, ArchiveRelocationMode: 1.
Compressed class space mapped at: 0x0000747427000000-0x0000747467000000, reserved size: 1073741824
UseCompressedClassPointers 1, UseCompactObjectHeaders 0
Narrow klass pointer bits 32, Max shift 3
Narrow klass base: 0x0000747426000000, Narrow klass shift: 0
Encoding Range: [0x0000747426000000 - 0x0000747526000000), (4294967296 bytes)
Klass Range:    [0x0000747426000000 - 0x0000747467000000), (1090519040 bytes)
Klass ID Range:  [8 - 1090519033) (1090519025)

GC Precious Log:
 CardTable entry size: 512
 Card Set container configuration: InlinePtr #cards 5 size 8 Array Of Cards #cards 10 size 36 Howl #buckets 4 coarsen threshold 1843 Howl Bitmap #cards 512 size 80 coarsen threshold 460 Card regions per heap region 1 cards per card region 2048
 CPUs: 8 total, 8 available
 Memory: 3758M
 Large Page Support: Disabled
 NUMA Support: Disabled
 Compressed Oops: Enabled (32-bit)
 Heap Region Size: 1M
 Heap Min Capacity: 8M
 Heap Initial Capacity: 60M
 Heap Max Capacity: 940M
 Pre-touch: Disabled
 Parallel Workers: 8
 Concurrent Workers: 2
 Concurrent Refinement Workers: 8
 Periodic GC: Disabled

Heap:
 garbage-first heap   total reserved 962560K, committed 61440K, used 16384K [0x00000000c5400000, 0x0000000100000000)
  region size 1024K, 17 young (17408K), 0 survivors (0K)
 Metaspace       used 248K, committed 448K, reserved 1114112K
  class space    used 13K, committed 128K, reserved 1048576K

Heap Regions: E=young(eden), S=young(survivor), O=old, HS=humongous(starts), HC=humongous(continues), CS=collection set, F=free, TAMS=top-at-mark-start, PB=parsable bottom
|   0|0x00000000c5400000, 0x00000000c5400000, 0x00000000c5500000|  0%| F|  |TAMS 0x00000000c5400000| PB 0x00000000c5400000| Untracked |  0
|   1|0x00000000c5500000, 0x00000000c5500000, 0x00000000c5600000|  0%| F|  |TAMS 0x00000000c5500000| PB 0x00000000c5500000| Untracked |  0
|   2|0x00000000c5600000, 0x00000000c5600000, 0x00000000c5700000|  0%| F|  |TAMS 0x00000000c5600000| PB 0x00000000c5600000| Untracked |  0
|   3|0x00000000c5700000, 0x00000000c5700000, 0x00000000c5800000|  0%| F|  |TAMS 0x00000000c5700000| PB 0x00000000c5700000| Untracked |  0
|   4|0x00000000c5800000, 0x00000000c5800000, 0x00000000c5900000|  0%| F|  |TAMS 0x00000000c5800000| PB 0x00000000c5800000| Untracked |  0
|   5|0x00000000c5900000, 0x00000000c5900000, 0x00000000c5a00000|  0%| F|  |TAMS 0x00000000c5900000| PB 0x00000000c5900000| Untracked |  0
|   6|0x00000000c5a00000, 0x00000000c5a00000, 0x00000000c5b00000|  0%| F|  |TAMS 0x00000000c5a00000| PB 0x00000000c5a00000| Untracked |  0
|   7|0x00000000c5b00000, 0x00000000c5b00000, 0x00000000c5c00000|  0%| F|  |TAMS 0x00000000c5b00000| PB 0x00000000c5b00000| Untracked |  0
|   8|0x00000000c5c00000, 0x00000000c5c00000, 0x00000000c5d00000|  0%| F|  |TAMS 0x00000000c5c00000| PB 0x00000000c5c00000| Untracked |  0
|   9|0x00000000c5d00000, 0x00000000c5d00000, 0x00000000c5e00000|  0%| F|  |TAMS 0x00000000c5d00000| PB 0x00000000c5d00000| Untracked |  0
|  10|0x00000000c5e00000, 0x00000000c5e00000, 0x00000000c5f00000|  0%| F|  |TAMS 0x00000000c5e00000| PB 0x00000000c5e00000| Untracked |  0
|  11|0x00000000c5f00000, 0x00000000c5f00000, 0x00000000c6000000|  0%| F|  |TAMS 0x00000000c5f00000| PB 0x00000000c5f00000| Untracked |  0
|  12|0x00000000c6000000, 0x00000000c6000000, 0x00000000c6100000|  0%| F|  |TAMS 0x00000000c6000000| PB 0x00000000c6000000| Untracked |  0
|  13|0x00000000c6100000, 0x00000000c6100000, 0x00000000c6200000|  0%| F|  |TAMS 0x00000000c6100000| PB 0x00000000c6100000| Untracked |  0
|  14|0x00000000c6200000, 0x00000000c6200000, 0x00000000c6300000|  0%| F|  |TAMS 0x00000000c6200000| PB 0x00000000c6200000| Untracked |  0
|  15|0x00000000c6300000, 0x00000000c6300000, 0x00000000c6400000|  0%| F|  |TAMS 0x00000000c6300000| PB 0x00000000c6300000| Untracked |  0
|  16|0x00000000c6400000, 0x00000000c6400000, 0x00000000c6500000|  0%| F|  |TAMS 0x00000000c6400000| PB 0x00000000c6400000| Untracked |  0
|  17|0x00000000c6500000, 0x00000000c6500000, 0x00000000c6600000|  0%| F|  |TAMS 0x00000000c6500000| PB 0x00000000c6500000| Untracked |  0
|  18|0x00000000c6600000, 0x00000000c6600000, 0x00000000c6700000|  0%| F|  |TAMS 0x00000000c6600000| PB 0x00000000c6600000| Untracked |  0
|  19|0x00000000c6700000, 0x00000000c6700000, 0x00000000c6800000|  0%| F|  |TAMS 0x00000000c6700000| PB 0x00000000c6700000| Untracked |  0
|  20|0x00000000c6800000, 0x00000000c6800000, 0x00000000c6900000|  0%| F|  |TAMS 0x00000000c6800000| PB 0x00000000c6800000| Untracked |  0
|  21|0x00000000c6900000, 0x00000000c6900000, 0x00000000c6a00000|  0%| F|  |TAMS 0x00000000c6900000| PB 0x00000000c6900000| Untracked |  0
|  22|0x00000000c6a00000, 0x00000000c6a00000, 0x00000000c6b00000|  0%| F|  |TAMS 0x00000000c6a00000| PB 0x00000000c6a00000| Untracked |  0
|  23|0x00000000c6b00000, 0x00000000c6b00000, 0x00000000c6c00000|  0%| F|  |TAMS 0x00000000c6b00000| PB 0x00000000c6b00000| Untracked |  0
|  24|0x00000000c6c00000, 0x00000000c6c00000, 0x00000000c6d00000|  0%| F|  |TAMS 0x00000000c6c00000| PB 0x00000000c6c00000| Untracked |  0
|  25|0x00000000c6d00000, 0x00000000c6d00000, 0x00000000c6e00000|  0%| F|  |TAMS 0x00000000c6d00000| PB 0x00000000c6d00000| Untracked |  0
|  26|0x00000000c6e00000, 0x00000000c6e00000, 0x00000000c6f00000|  0%| F|  |TAMS 0x00000000c6e00000| PB 0x00000000c6e00000| Untracked |  0
|  27|0x00000000c6f00000, 0x00000000c6f00000, 0x00000000c7000000|  0%| F|  |TAMS 0x00000000c6f00000| PB 0x00000000c6f00000| Untracked |  0
|  28|0x00000000c7000000, 0x00000000c7000000, 0x00000000c7100000|  0%| F|  |TAMS 0x00000000c7000000| PB 0x00000000c7000000| Untracked |  0
|  29|0x00000000c7100000, 0x00000000c7100000, 0x00000000c7200000|  0%| F|  |TAMS 0x00000000c7100000| PB 0x00000000c7100000| Untracked |  0
|  30|0x00000000c7200000, 0x00000000c7200000, 0x00000000c7300000|  0%| F|  |TAMS 0x00000000c7200000| PB 0x00000000c7200000| Untracked |  0
|  31|0x00000000c7300000, 0x00000000c7300000, 0x00000000c7400000|  0%| F|  |TAMS 0x00000000c7300000| PB 0x00000000c7300000| Untracked |  0
|  32|0x00000000c7400000, 0x00000000c7400000, 0x00000000c7500000|  0%| F|  |TAMS 0x00000000c7400000| PB 0x00000000c7400000| Untracked |  0
|  33|0x00000000c7500000, 0x00000000c7500000, 0x00000000c7600000|  0%| F|  |TAMS 0x00000000c7500000| PB 0x00000000c7500000| Untracked |  0
|  34|0x00000000c7600000, 0x00000000c7600000, 0x00000000c7700000|  0%| F|  |TAMS 0x00000000c7600000| PB 0x00000000c7600000| Untracked |  0
|  35|0x00000000c7700000, 0x00000000c7700000, 0x00000000c7800000|  0%| F|  |TAMS 0x00000000c7700000| PB 0x00000000c7700000| Untracked |  0
|  36|0x00000000c7800000, 0x00000000c7800000, 0x00000000c7900000|  0%| F|  |TAMS 0x00000000c7800000| PB 0x00000000c7800000| Untracked |  0
|  37|0x00000000c7900000, 0x00000000c7900000, 0x00000000c7a00000|  0%| F|  |TAMS 0x00000000c7900000| PB 0x00000000c7900000| Untracked |  0
|  38|0x00000000c7a00000, 0x00000000c7a00000, 0x00000000c7b00000|  0%| F|  |TAMS 0x00000000c7a00000| PB 0x00000000c7a00000| Untracked |  0
|  39|0x00000000c7b00000, 0x00000000c7b00000, 0x00000000c7c00000|  0%| F|  |TAMS 0x00000000c7b00000| PB 0x00000000c7b00000| Untracked |  0
|  40|0x00000000c7c00000, 0x00000000c7c00000, 0x00000000c7d00000|  0%| F|  |TAMS 0x00000000c7c00000| PB 0x00000000c7c00000| Untracked |  0
|  41|0x00000000c7d00000, 0x00000000c7d00000, 0x00000000c7e00000|  0%| F|  |TAMS 0x00000000c7d00000| PB 0x00000000c7d00000| Untracked |  0
|  42|0x00000000c7e00000, 0x00000000c7e00000, 0x00000000c7f00000|  0%| F|  |TAMS 0x00000000c7e00000| PB 0x00000000c7e00000| Untracked |  0
|  43|0x00000000c7f00000, 0x00000000c8000000, 0x00000000c8000000|100%| E|  |TAMS 0x00000000c7f00000| PB 0x00000000c7f00000| Complete |  0
|  44|0x00000000c8000000, 0x00000000c8100000, 0x00000000c8100000|100%| E|CS|TAMS 0x00000000c8000000| PB 0x00000000c8000000| Complete |  0
|  45|0x00000000c8100000, 0x00000000c8200000, 0x00000000c8200000|100%| E|CS|TAMS 0x00000000c8100000| PB 0x00000000c8100000| Complete |  0
|  46|0x00000000c8200000, 0x00000000c8300000, 0x00000000c8300000|100%| E|CS|TAMS 0x00000000c8200000| PB 0x00000000c8200000| Complete |  0
|  47|0x00000000c8300000, 0x00000000c8400000, 0x00000000c8400000|100%| E|CS|TAMS 0x00000000c8300000| PB 0x00000000c8300000| Complete |  0
|  48|0x00000000c8400000, 0x00000000c8500000, 0x00000000c8500000|100%| E|CS|TAMS 0x00000000c8400000| PB 0x00000000c8400000| Complete |  0
|  49|0x00000000c8500000, 0x00000000c8600000, 0x00000000c8600000|100%| E|CS|TAMS 0x00000000c8500000| PB 0x00000000c8500000| Complete |  0
|  50|0x00000000c8600000, 0x00000000c8700000, 0x00000000c8700000|100%| E|CS|TAMS 0x00000000c8600000| PB 0x00000000c8600000| Complete |  0
|  51|0x00000000c8700000, 0x00000000c8800000, 0x00000000c8800000|100%| E|CS|TAMS 0x00000000c8700000| PB 0x00000000c8700000| Complete |  0
|  52|0x00000000c8800000, 0x00000000c8900000, 0x00000000c8900000|100%| E|CS|TAMS 0x00000000c8800000| PB 0x00000000c8800000| Complete |  0
|  53|0x00000000c8900000, 0x00000000c8a00000, 0x00000000c8a00000|100%| E|CS|TAMS 0x00000000c8900000| PB 0x00000000c8900000| Complete |  0
|  54|0x00000000c8a00000, 0x00000000c8b00000, 0x00000000c8b00000|100%| E|CS|TAMS 0x00000000c8a00000| PB 0x00000000c8a00000| Complete |  0
|  55|0x00000000c8b00000, 0x00000000c8c00000, 0x00000000c8c00000|100%| E|CS|TAMS 0x00000000c8b00000| PB 0x00000000c8b00000| Complete |  0
|  56|0x00000000c8c00000, 0x00000000c8d00000, 0x00000000c8d00000|100%| E|CS|TAMS 0x00000000c8c00000| PB 0x00000000c8c00000| Complete |  0
|  57|0x00000000c8d00000, 0x00000000c8e00000, 0x00000000c8e00000|100%| E|CS|TAMS 0x00000000c8d00000| PB 0x00000000c8d00000| Complete |  0
|  58|0x00000000c8e00000, 0x00000000c8f00000, 0x00000000c8f00000|100%| E|CS|TAMS 0x00000000c8e00000| PB 0x00000000c8e00000| Complete |  0
|  59|0x00000000c8f00000, 0x00000000c9000000, 0x00000000c9000000|100%| E|CS|TAMS 0x00000000c8f00000| PB 0x00000000c8f00000| Complete |  0

Card table byte_map: [0x00007474a1dbf000,0x00007474a1f95000] _byte_map_base: 0x00007474a1795000

Marking Bits: (CMBitMap*) 0x000074749c06c9c0
 Bits: [0x00007474a0f0f000, 0x00007474a1dbf000)

Polling page: 0x00007474a63bf000

Metaspace:

Usage:
  Non-class:    235.52 KB used.
      Class:     13.20 KB used.
       Both:    248.72 KB used.

Virtual space:
  Non-class space:       64.00 MB reserved,     320.00 KB ( <1%) committed,  1 nodes.
      Class space:        1.00 GB reserved,     128.00 KB ( <1%) committed,  1 nodes.
             Both:        1.06 GB reserved,     448.00 KB ( <1%) committed. 

Chunk freelists:
   Non-Class:  11.99 MB
       Class:  15.74 MB
        Both:  27.73 MB

MaxMetaspaceSize: unlimited
CompressedClassSpaceSize: 1.00 GB
Initial GC threshold: 21.00 MB
Current GC threshold: 21.00 MB
CDS: on
 - commit_granule_bytes: 65536.
 - commit_granule_words: 8192.
 - virtual_space_node_default_size: 8388608.
 - enlarge_chunks_in_place: 1.
UseCompressedClassPointers 1, UseCompactObjectHeaders 0
Narrow klass pointer bits 32, Max shift 3
Narrow klass base: 0x0000747426000000, Narrow klass shift: 0
Encoding Range: [0x0000747426000000 - 0x0000747526000000), (4294967296 bytes)
Klass Range:    [0x0000747426000000 - 0x0000747467000000), (1090519040 bytes)
Klass ID Range:  [8 - 1090519033) (1090519025)


Internal statistics:

num_allocs: 4130.
num_deallocs: 0.
num_allocs_from_deallocated_blocks: 0.
num_chunks_retired: 0.
num_allocs_failed_limit: 0.
num_arena_births: 14.
num_arena_deaths: 0.
num_vsnodes_births: 2.
num_vsnodes_deaths: 0.
num_space_committed: 7.
num_space_uncommitted: 0.
num_chunks_returned_to_freelist: 0.
num_chunks_taken_from_freelist: 15.
num_chunk_merges: 0.
num_chunk_splits: 11.
num_chunks_enlarged: 12.
num_inconsistent_stats: 0.

CodeHeap 'non-profiled nmethods': size=120032Kb used=28Kb max_used=28Kb free=120003Kb
 bounds [0x000074748bff1000, 0x000074748c261000, 0x0000747493529000]
CodeHeap 'profiled nmethods': size=120028Kb used=2Kb max_used=2Kb free=120025Kb
 bounds [0x0000747484529000, 0x0000747484799000, 0x000074748ba60000]
CodeHeap 'non-nmethods': size=5700Kb used=2154Kb max_used=2154Kb free=3545Kb
 bounds [0x000074748ba60000, 0x000074748bcd0000, 0x000074748bff1000]
CodeCache: size=245760Kb, used=2184Kb, max_used=2184Kb, free=243573Kb
 total_blobs=879, nmethods=37, adapters=723, full_count=0
Compilation: enabled, stopped_count=0, restarted_count=0

Compilation events (3 events):
Event: 39.093 Thread 0x000074749c1ac9d0   28       3       Float256Vector::add (87 bytes)
Event: 39.096 Thread 0x000074749c1ac9d0 nmethod 28 0x0000747484529008 code [0x0000747484529120, 0x0000747484529840]
Event: 39.102 Thread 0x000074749c1aaf40   29       4       Float256Vector::add (87 bytes)

GC Heap History (0 events):
No events

Dll operation events (5 events):
Event: 37.404 Loaded shared library /mnt/c/Github/valhalla+vector/build/linux-x86_64-server-slowdebug/images/jdk/lib/libjava.so
Event: 38.096 Loaded shared library /mnt/c/Github/valhalla+vector/build/linux-x86_64-server-slowdebug/images/jdk/lib/libzip.so
Event: 38.373 Loaded shared library /mnt/c/Github/valhalla+vector/build/linux-x86_64-server-slowdebug/images/jdk/lib/libsimdsort.so
Event: 38.463 Loaded shared library /mnt/c/Github/valhalla+vector/build/linux-x86_64-server-slowdebug/images/jdk/lib/libjsvml.so
Event: 38.872 Loaded shared library /mnt/c/Github/valhalla+vector/build/linux-x86_64-server-slowdebug/images/jdk/lib/libnio.so

Deoptimization events (0 events):
No events

Classes loaded (14 events):
Event: 39.060 Loading class java/lang/WeakPairMap$Pair$Weak
Event: 39.062 Loading class java/lang/WeakPairMap$WeakRefPeer
Event: 39.062 Loading class java/lang/WeakPairMap$WeakRefPeer done
Event: 39.063 Loading class java/lang/WeakPairMap$Pair$Weak done
Event: 39.063 Loading class java/lang/WeakPairMap$Pair$Weak$1
Event: 39.064 Loading class java/lang/WeakPairMap$Pair$Weak$1 done
Event: 39.070 Loading class jdk/internal/vm/PostVMInitHook
Event: 39.070 Loading class jdk/internal/vm/PostVMInitHook done
Event: 39.072 Loading class vector_api_proto
Event: 39.079 Loading class vector_api_proto done
Event: 39.080 Loading class Float256Vector
Event: 39.084 Loading class VectorPayload256MF
Event: 39.087 Loading class VectorPayload256MF done
Event: 39.087 Loading class Float256Vector done

Classes unloaded (0 events):
No events

Classes redefined (0 events):
No events

Internal exceptions (3 events):
Event: 38.951 Thread 0x000074749c02c1e0 Exception <a 'java/lang/NoSuchMethodError'{0x00000000c8e28a08}: 'int java.lang.invoke.DirectMethodHandle$Holder.invokeStatic(java.lang.Object, int, java.lang.Object)'> (0x00000000c8e28a08) 
thrown [/mnt/c/Github/valhalla+vector/src/hotspot/share/interpreter/linkResolver.cpp, line 803]
Event: 38.956 Thread 0x000074749c02c1e0 Exception <a 'java/lang/NoSuchMethodError'{0x00000000c8e3dbf8}: 'int java.lang.invoke.DirectMethodHandle$Holder.invokeStaticInit(java.lang.Object, java.lang.Object)'> (0x00000000c8e3dbf8) 
thrown [/mnt/c/Github/valhalla+vector/src/hotspot/share/interpreter/linkResolver.cpp, line 803]
Event: 39.034 Thread 0x000074749c02c1e0 Exception <a 'java/lang/NoSuchMethodError'{0x00000000c8d15940}: 'void java.lang.invoke.DirectMethodHandle$Holder.invokeStatic(java.lang.Object, java.lang.Object)'> (0x00000000c8d15940) 
thrown [/mnt/c/Github/valhalla+vector/src/hotspot/share/interpreter/linkResolver.cpp, line 803]

VM Operations (0 events):
No events

Memory protections (10 events):
Event: 37.258 Protecting memory [0x00007474a2bbd000,0x00007474a2bc1000] with protection modes 0
Event: 38.236 Protecting memory [0x0000747484429000,0x000074748442d000] with protection modes 0
Event: 38.236 Protecting memory [0x0000747475eff000,0x0000747475f03000] with protection modes 0
Event: 38.240 Protecting memory [0x0000747475aff000,0x0000747475b03000] with protection modes 0
Event: 38.241 Protecting memory [0x00007474759fe000,0x0000747475a02000] with protection modes 0
Event: 38.242 Protecting memory [0x00007474758fd000,0x0000747475901000] with protection modes 0
Event: 38.242 Protecting memory [0x00007474757fc000,0x0000747475800000] with protection modes 0
Event: 38.243 Protecting memory [0x00007474756fb000,0x00007474756ff000] with protection modes 0
Event: 38.925 Protecting memory [0x000074747552a000,0x000074747552e000] with protection modes 0
Event: 39.069 Protecting memory [0x0000747475429000,0x000074747542d000] with protection modes 0

Nmethod flushes (0 events):
No events

Events (10 events):
Event: 37.967 Thread 0x000074749c02c1e0 Thread added: 0x000074749c02c1e0
Event: 38.235 Thread 0x000074749c02c1e0 Thread added: 0x000074749c1a2ba0
Event: 38.236 Thread 0x000074749c02c1e0 Thread added: 0x000074749c1a3e40
Event: 38.240 Thread 0x000074749c02c1e0 Thread added: 0x000074749c1a5910
Event: 38.241 Thread 0x000074749c02c1e0 Thread added: 0x000074749c1a7330
Event: 38.242 Thread 0x000074749c02c1e0 Thread added: 0x000074749c1a8c10
Event: 38.242 Thread 0x000074749c02c1e0 Thread added: 0x000074749c1aaf40
Event: 38.243 Thread 0x000074749c02c1e0 Thread added: 0x000074749c1ac9d0
Event: 38.924 Thread 0x000074749c02c1e0 Thread added: 0x000074749c216c30
Event: 39.069 Thread 0x000074749c02c1e0 Thread added: 0x000074749c285070


Dynamic libraries:
c5400000-c9000000 rw-p 00000000 00:00 0 
c9000000-100000000 ---p 00000000 00:00 0 
58b0276c4000-58b0276c5000 r--p 00000000 00:43 562949955654557            /mnt/c/Github/valhalla+vector/build/linux-x86_64-server-slowdebug/images/jdk/bin/java
58b0276c5000-58b0276c6000 r-xp 00001000 00:43 562949955654557            /mnt/c/Github/valhalla+vector/build/linux-x86_64-server-slowdebug/images/jdk/bin/java
58b0276c6000-58b0276c7000 r--p 00002000 00:43 562949955654557            /mnt/c/Github/valhalla+vector/build/linux-x86_64-server-slowdebug/images/jdk/bin/java
58b0276c7000-58b0276c8000 r--p 00002000 00:43 562949955654557            /mnt/c/Github/valhalla+vector/build/linux-x86_64-server-slowdebug/images/jdk/bin/java
58b0276c8000-58b0276c9000 rw-p 00003000 00:43 562949955654557            /mnt/c/Github/valhalla+vector/build/linux-x86_64-server-slowdebug/images/jdk/bin/java
58b054c02000-58b054c48000 rw-p 00000000 00:00 0                          [heap]
7473f4000000-7473f4021000 rw-p 00000000 00:00 0 
7473f4021000-7473f8000000 ---p 00000000 00:00 0 
7473fc000000-7473fc028000 rw-p 00000000 00:00 0 
7473fc028000-747400000000 ---p 00000000 00:00 0 
747400000000-747400021000 rw-p 00000000 00:00 0 
747400021000-747404000000 ---p 00000000 00:00 0 
747404000000-747404021000 rw-p 00000000 00:00 0 
747404021000-747408000000 ---p 00000000 00:00 0 
747408000000-7474080a7000 rw-p 00000000 00:00 0 
7474080a7000-74740c000000 ---p 00000000 00:00 0 
74740c000000-74740c021000 rw-p 00000000 00:00 0 
74740c021000-747410000000 ---p 00000000 00:00 0 
747410000000-747410021000 rw-p 00000000 00:00 0 
747410021000-747414000000 ---p 00000000 00:00 0 
747414000000-747414021000 rw-p 00000000 00:00 0 
747414021000-747418000000 ---p 00000000 00:00 0 
747418000000-747418021000 rw-p 00000000 00:00 0 
747418021000-74741c000000 ---p 00000000 00:00 0 
74741c000000-74741c040000 rw-p 00000000 00:00 0 
74741c040000-74741c400000 ---p 00000000 00:00 0 
74741c400000-74741c410000 rw-p 00000000 00:00 0 
74741c410000-747420000000 ---p 00000000 00:00 0 
747420000000-747420021000 rw-p 00000000 00:00 0 
747420021000-747424000000 ---p 00000000 00:00 0 
747424932000-747426000000 rw-p 00000000 00:00 0 
747426000000-747426ec3000 rw-p 00001000 00:43 562949955655235            /mnt/c/Github/valhalla+vector/build/linux-x86_64-server-slowdebug/images/jdk/lib/server/classes_valhalla.jsa
747426ec3000-747427000000 ---p 00000000 00:00 0 
747427000000-747427010000 rw-p 00000000 00:00 0 
747427010000-747427040000 ---p 00000000 00:00 0 
747427040000-747427050000 rw-p 00000000 00:00 0 
747427050000-747467000000 ---p 00000000 00:00 0 
7474677ff000-747468000000 rw-p 00000000 00:00 0 
747468000000-747468021000 rw-p 00000000 00:00 0 
747468021000-74746c000000 ---p 00000000 00:00 0 
74746c000000-74746c021000 rw-p 00000000 00:00 0 
74746c021000-747470000000 ---p 00000000 00:00 0 
747470000000-747470021000 rw-p 00000000 00:00 0 
747470021000-747474000000 ---p 00000000 00:00 0 
747474564000-747475429000 rw-p 00000000 00:00 0 
747475429000-74747542d000 ---p 00000000 00:00 0 
74747542d000-74747552a000 rw-p 00000000 00:00 0 
74747552a000-74747552e000 ---p 00000000 00:00 0 
74747552e000-74747562b000 rw-p 00000000 00:00 0 
74747562b000-74747562f000 r--p 00000000 00:43 562949955654619            /mnt/c/Github/valhalla+vector/build/linux-x86_64-server-slowdebug/images/jdk/lib/libjsvml.so
74747562f000-747475670000 r-xp 00004000 00:43 562949955654619            /mnt/c/Github/valhalla+vector/build/linux-x86_64-server-slowdebug/images/jdk/lib/libjsvml.so
747475670000-7474756f9000 r--p 00045000 00:43 562949955654619            /mnt/c/Github/valhalla+vector/build/linux-x86_64-server-slowdebug/images/jdk/lib/libjsvml.so
7474756f9000-7474756fa000 r--p 000cd000 00:43 562949955654619            /mnt/c/Github/valhalla+vector/build/linux-x86_64-server-slowdebug/images/jdk/lib/libjsvml.so
7474756fa000-7474756fb000 rw-p 000ce000 00:43 562949955654619            /mnt/c/Github/valhalla+vector/build/linux-x86_64-server-slowdebug/images/jdk/lib/libjsvml.so
7474756fb000-7474756ff000 ---p 00000000 00:00 0 
7474756ff000-7474757fc000 rw-p 00000000 00:00 0 
7474757fc000-747475800000 ---p 00000000 00:00 0 
747475800000-7474758fd000 rw-p 00000000 00:00 0 
7474758fd000-747475901000 ---p 00000000 00:00 0 
747475901000-7474759fe000 rw-p 00000000 00:00 0 
7474759fe000-747475a02000 ---p 00000000 00:00 0 
747475a02000-747475aff000 rw-p 00000000 00:00 0 
747475aff000-747475b03000 ---p 00000000 00:00 0 
747475b03000-747475c00000 rw-p 00000000 00:00 0 
747475c00000-747475ee6000 r--p 00000000 08:30 1684                       /usr/lib/locale/locale-archive
747475eff000-747475f03000 ---p 00000000 00:00 0 
747475f03000-747478000000 rw-p 00000000 00:00 0 
747478000000-747478021000 rw-p 00000000 00:00 0 
747478021000-74747c000000 ---p 00000000 00:00 0 
74747c000000-74747c021000 rw-p 00000000 00:00 0 
74747c021000-747480000000 ---p 00000000 00:00 0 
747480000000-747480021000 rw-p 00000000 00:00 0 
747480021000-747484000000 ---p 00000000 00:00 0 
74748403d000-747484040000 r--p 00000000 00:43 562949955654570            /mnt/c/Github/valhalla+vector/build/linux-x86_64-server-slowdebug/images/jdk/lib/libsimdsort.so
747484040000-7474840c5000 r-xp 00003000 00:43 562949955654570            /mnt/c/Github/valhalla+vector/build/linux-x86_64-server-slowdebug/images/jdk/lib/libsimdsort.so
7474840c5000-7474840d6000 r--p 00088000 00:43 562949955654570            /mnt/c/Github/valhalla+vector/build/linux-x86_64-server-slowdebug/images/jdk/lib/libsimdsort.so
7474840d6000-7474840d7000 r--p 00098000 00:43 562949955654570            /mnt/c/Github/valhalla+vector/build/linux-x86_64-server-slowdebug/images/jdk/lib/libsimdsort.so
7474840d7000-7474840d8000 rw-p 00099000 00:43 562949955654570            /mnt/c/Github/valhalla+vector/build/linux-x86_64-server-slowdebug/images/jdk/lib/libsimdsort.so
7474840d8000-74748424b000 r--p 00000000 08:30 22149                      /usr/lib/locale/C.UTF-8/LC_COLLATE
74748424b000-747484327000 rw-p 00000000 00:00 0 
747484327000-747484328000 ---p 00000000 00:00 0 
747484328000-747484428000 rw-p 00000000 00:00 0 
747484428000-747484429000 ---p 00000000 00:00 0 
747484429000-74748442d000 ---p 00000000 00:00 0 
74748442d000-747484529000 rw-p 00000000 00:00 0 
747484529000-747484799000 rwxp 00000000 00:00 0 
747484799000-74748ba60000 ---p 00000000 00:00 0 
74748ba60000-74748bcd0000 rwxp 00000000 00:00 0 
74748bcd0000-74748bff1000 ---p 00000000 00:00 0 
74748bff1000-74748c261000 rwxp 00000000 00:00 0 
74748c261000-747493529000 ---p 00000000 00:00 0 
747493529000-74749c000000 r--s 00000000 00:43 1125899909075706           /mnt/c/Github/valhalla+vector/build/linux-x86_64-server-slowdebug/images/jdk/lib/modules
74749c000000-74749c2aa000 rw-p 00000000 00:00 0 
74749c2aa000-7474a0000000 ---p 00000000 00:00 0 
7474a000c000-7474a000f000 r--p 00000000 00:43 562949955654568            /mnt/c/Github/valhalla+vector/build/linux-x86_64-server-slowdebug/images/jdk/lib/libnet.so
7474a000f000-7474a001a000 r-xp 00003000 00:43 562949955654568            /mnt/c/Github/valhalla+vector/build/linux-x86_64-server-slowdebug/images/jdk/lib/libnet.so
7474a001a000-7474a001c000 r--p 0000e000 00:43 562949955654568            /mnt/c/Github/valhalla+vector/build/linux-x86_64-server-slowdebug/images/jdk/lib/libnet.so
7474a001c000-7474a001d000 ---p 00010000 00:43 562949955654568            /mnt/c/Github/valhalla+vector/build/linux-x86_64-server-slowdebug/images/jdk/lib/libnet.so
7474a001d000-7474a001e000 r--p 00010000 00:43 562949955654568            /mnt/c/Github/valhalla+vector/build/linux-x86_64-server-slowdebug/images/jdk/lib/libnet.so
7474a001e000-7474a001f000 rw-p 00011000 00:43 562949955654568            /mnt/c/Github/valhalla+vector/build/linux-x86_64-server-slowdebug/images/jdk/lib/libnet.so
7474a001f000-7474a0051000 r--p 00000000 08:30 22150                      /usr/lib/locale/C.UTF-8/LC_CTYPE
7474a0051000-7474a0092000 rw-p 00000000 00:00 0 
7474a0092000-7474a0093000 ---p 00000000 00:00 0 
7474a0093000-7474a0193000 rw-p 00000000 00:00 0 
7474a0193000-7474a0199000 r--p 00000000 00:43 562949955654569            /mnt/c/Github/valhalla+vector/build/linux-x86_64-server-slowdebug/images/jdk/lib/libnio.so
7474a0199000-7474a01a5000 r-xp 00006000 00:43 562949955654569            /mnt/c/Github/valhalla+vector/build/linux-x86_64-server-slowdebug/images/jdk/lib/libnio.so
7474a01a5000-7474a01a8000 r--p 00012000 00:43 562949955654569            /mnt/c/Github/valhalla+vector/build/linux-x86_64-server-slowdebug/images/jdk/lib/libnio.so
7474a01a8000-7474a01a9000 ---p 00015000 00:43 562949955654569            /mnt/c/Github/valhalla+vector/build/linux-x86_64-server-slowdebug/images/jdk/lib/libnio.so
7474a01a9000-7474a01aa000 r--p 00015000 00:43 562949955654569            /mnt/c/Github/valhalla+vector/build/linux-x86_64-server-slowdebug/images/jdk/lib/libnio.so
7474a01aa000-7474a01ab000 rw-p 00016000 00:43 562949955654569            /mnt/c/Github/valhalla+vector/build/linux-x86_64-server-slowdebug/images/jdk/lib/libnio.so
7474a01ab000-7474a01ac000 r--p 00000000 08:30 22156                      /usr/lib/locale/C.UTF-8/LC_NUMERIC
7474a01ac000-7474a01ad000 r--p 00000000 08:30 22159                      /usr/lib/locale/C.UTF-8/LC_TIME
7474a01ad000-7474a01ae000 r--p 00000000 08:30 22154                      /usr/lib/locale/C.UTF-8/LC_MONETARY
7474a01ae000-7474a01af000 r--p 00000000 08:30 22153                      /usr/lib/locale/C.UTF-8/LC_MESSAGES/SYS_LC_MESSAGES
7474a01af000-7474a01b0000 r--p 00000000 08:30 22157                      /usr/lib/locale/C.UTF-8/LC_PAPER
7474a01b0000-7474a01b1000 r--p 00000000 08:30 22155                      /usr/lib/locale/C.UTF-8/LC_NAME
7474a01b1000-7474a01b8000 r--s 00000000 08:30 41865                      /usr/lib/x86_64-linux-gnu/gconv/gconv-modules.cache
7474a01b8000-7474a01ba000 r--p 00000000 00:43 562949955654573            /mnt/c/Github/valhalla+vector/build/linux-x86_64-server-slowdebug/images/jdk/lib/libzip.so
7474a01ba000-7474a01c1000 r-xp 00002000 00:43 562949955654573            /mnt/c/Github/valhalla+vector/build/linux-x86_64-server-slowdebug/images/jdk/lib/libzip.so
7474a01c1000-7474a01c3000 r--p 00009000 00:43 562949955654573            /mnt/c/Github/valhalla+vector/build/linux-x86_64-server-slowdebug/images/jdk/lib/libzip.so
7474a01c3000-7474a01c4000 r--p 0000a000 00:43 562949955654573            /mnt/c/Github/valhalla+vector/build/linux-x86_64-server-slowdebug/images/jdk/lib/libzip.so
7474a01c4000-7474a01c5000 rw-p 0000b000 00:43 562949955654573            /mnt/c/Github/valhalla+vector/build/linux-x86_64-server-slowdebug/images/jdk/lib/libzip.so
7474a01c5000-7474a01c6000 ---p 00000000 00:00 0 
7474a01c6000-7474a02c6000 rw-p 00000000 00:00 0 
7474a02c6000-7474a02c7000 ---p 00000000 00:00 0 
7474a02c7000-7474a0bcf000 rw-p 00000000 00:00 0 
7474a0bcf000-7474a0bd0000 ---p 00000000 00:00 0 
7474a0bd0000-7474a0cd0000 rw-p 00000000 00:00 0 
7474a0cd0000-7474a0cd1000 ---p 00000000 00:00 0 
7474a0cd1000-7474a0dd1000 rw-p 00000000 00:00 0 
7474a0dd1000-7474a0dd2000 ---p 00000000 00:00 0 
7474a0dd2000-7474a0fff000 rw-p 00000000 00:00 0 
7474a0fff000-7474a1dbf000 ---p 00000000 00:00 0 
7474a1dbf000-7474a1ddd000 rw-p 00000000 00:00 0 
7474a1ddd000-7474a1f95000 ---p 00000000 00:00 0 
7474a1f95000-7474a1fb3000 rw-p 00000000 00:00 0 
7474a1fb3000-7474a216b000 ---p 00000000 00:00 0 
7474a216b000-7474a2978000 rw-p 00000000 00:00 0 
7474a2978000-7474a2a5e000 ---p 00000000 00:00 0 
7474a2a5e000-7474a2a63000 rw-p 00000000 00:00 0 
7474a2a63000-7474a2b49000 ---p 00000000 00:00 0 
7474a2b49000-7474a2b55000 r--p 00000000 00:43 562949955654564            /mnt/c/Github/valhalla+vector/build/linux-x86_64-server-slowdebug/images/jdk/lib/libjava.so
7474a2b55000-7474a2b6c000 r-xp 0000c000 00:43 562949955654564            /mnt/c/Github/valhalla+vector/build/linux-x86_64-server-slowdebug/images/jdk/lib/libjava.so
7474a2b6c000-7474a2b72000 r--p 00023000 00:43 562949955654564            /mnt/c/Github/valhalla+vector/build/linux-x86_64-server-slowdebug/images/jdk/lib/libjava.so
7474a2b72000-7474a2b73000 r--p 00028000 00:43 562949955654564            /mnt/c/Github/valhalla+vector/build/linux-x86_64-server-slowdebug/images/jdk/lib/libjava.so
7474a2b73000-7474a2b74000 rw-p 00029000 00:43 562949955654564            /mnt/c/Github/valhalla+vector/build/linux-x86_64-server-slowdebug/images/jdk/lib/libjava.so
7474a2b74000-7474a2b75000 rw-p 00000000 00:00 0 
7474a2b75000-7474a2b78000 r--p 00000000 08:30 41606                      /usr/lib/x86_64-linux-gnu/libnss_files-2.31.so
7474a2b78000-7474a2b7f000 r-xp 00003000 08:30 41606                      /usr/lib/x86_64-linux-gnu/libnss_files-2.31.so
7474a2b7f000-7474a2b81000 r--p 0000a000 08:30 41606                      /usr/lib/x86_64-linux-gnu/libnss_files-2.31.so
7474a2b81000-7474a2b82000 r--p 0000b000 08:30 41606                      /usr/lib/x86_64-linux-gnu/libnss_files-2.31.so
7474a2b82000-7474a2b83000 rw-p 0000c000 08:30 41606                      /usr/lib/x86_64-linux-gnu/libnss_files-2.31.so
7474a2b83000-7474a2b89000 rw-p 00000000 00:00 0 
7474a2b89000-7474a2b8a000 r--p 00000000 08:30 22148                      /usr/lib/locale/C.UTF-8/LC_ADDRESS
7474a2b8a000-7474a2b8b000 r--p 00000000 08:30 22158                      /usr/lib/locale/C.UTF-8/LC_TELEPHONE
7474a2b8b000-7474a2b90000 rw-p 00000000 00:00 0 
7474a2b90000-7474a2b97000 ---p 00000000 00:00 0 
7474a2b97000-7474a2b9b000 r--p 00000000 00:43 562949955654565            /mnt/c/Github/valhalla+vector/build/linux-x86_64-server-slowdebug/images/jdk/lib/libjimage.so
7474a2b9b000-7474a2bb2000 r-xp 00004000 00:43 562949955654565            /mnt/c/Github/valhalla+vector/build/linux-x86_64-server-slowdebug/images/jdk/lib/libjimage.so
7474a2bb2000-7474a2bba000 r--p 0001b000 00:43 562949955654565            /mnt/c/Github/valhalla+vector/build/linux-x86_64-server-slowdebug/images/jdk/lib/libjimage.so
7474a2bba000-7474a2bbc000 r--p 00022000 00:43 562949955654565            /mnt/c/Github/valhalla+vector/build/linux-x86_64-server-slowdebug/images/jdk/lib/libjimage.so
7474a2bbc000-7474a2bbd000 rw-p 00024000 00:43 562949955654565            /mnt/c/Github/valhalla+vector/build/linux-x86_64-server-slowdebug/images/jdk/lib/libjimage.so
7474a2bbd000-7474a2bc1000 ---p 00000000 00:00 0 
7474a2bc1000-7474a2cbe000 rw-p 00000000 00:00 0 
7474a2cbe000-7474a2ccb000 r--p 00000000 08:30 41600                      /usr/lib/x86_64-linux-gnu/libm-2.31.so
7474a2ccb000-7474a2d72000 r-xp 0000d000 08:30 41600                      /usr/lib/x86_64-linux-gnu/libm-2.31.so
7474a2d72000-7474a2e0b000 r--p 000b4000 08:30 41600                      /usr/lib/x86_64-linux-gnu/libm-2.31.so
7474a2e0b000-7474a2e0c000 r--p 0014c000 08:30 41600                      /usr/lib/x86_64-linux-gnu/libm-2.31.so
7474a2e0c000-7474a2e0d000 rw-p 0014d000 08:30 41600                      /usr/lib/x86_64-linux-gnu/libm-2.31.so
7474a2e0d000-7474a2e0f000 r--p 00000000 08:30 41613                      /usr/lib/x86_64-linux-gnu/librt-2.31.so
7474a2e0f000-7474a2e13000 r-xp 00002000 08:30 41613                      /usr/lib/x86_64-linux-gnu/librt-2.31.so
7474a2e13000-7474a2e15000 r--p 00006000 08:30 41613                      /usr/lib/x86_64-linux-gnu/librt-2.31.so
7474a2e15000-7474a2e16000 r--p 00007000 08:30 41613                      /usr/lib/x86_64-linux-gnu/librt-2.31.so
7474a2e16000-7474a2e17000 rw-p 00008000 08:30 41613                      /usr/lib/x86_64-linux-gnu/librt-2.31.so
7474a2e17000-7474a3493000 r--p 00000000 00:43 562949955654580            /mnt/c/Github/valhalla+vector/build/linux-x86_64-server-slowdebug/images/jdk/lib/server/libjvm.so
7474a3493000-7474a4b8e000 r-xp 0067c000 00:43 562949955654580            /mnt/c/Github/valhalla+vector/build/linux-x86_64-server-slowdebug/images/jdk/lib/server/libjvm.so
7474a4b8e000-7474a5e56000 r--p 01d77000 00:43 562949955654580            /mnt/c/Github/valhalla+vector/build/linux-x86_64-server-slowdebug/images/jdk/lib/server/libjvm.so
7474a5e56000-7474a5f68000 r--p 0303e000 00:43 562949955654580            /mnt/c/Github/valhalla+vector/build/linux-x86_64-server-slowdebug/images/jdk/lib/server/libjvm.so
7474a5f68000-7474a60b1000 rw-p 03150000 00:43 562949955654580            /mnt/c/Github/valhalla+vector/build/linux-x86_64-server-slowdebug/images/jdk/lib/server/libjvm.so
7474a60b1000-7474a617c000 rw-p 00000000 00:00 0 
7474a617c000-7474a6182000 r--p 00000000 08:30 41611                      /usr/lib/x86_64-linux-gnu/libpthread-2.31.so
7474a6182000-7474a6193000 r-xp 00006000 08:30 41611                      /usr/lib/x86_64-linux-gnu/libpthread-2.31.so
7474a6193000-7474a6199000 r--p 00017000 08:30 41611                      /usr/lib/x86_64-linux-gnu/libpthread-2.31.so
7474a6199000-7474a619a000 r--p 0001c000 08:30 41611                      /usr/lib/x86_64-linux-gnu/libpthread-2.31.so
7474a619a000-7474a619b000 rw-p 0001d000 08:30 41611                      /usr/lib/x86_64-linux-gnu/libpthread-2.31.so
7474a619b000-7474a619f000 rw-p 00000000 00:00 0 
7474a619f000-7474a61a0000 r--p 00000000 08:30 41599                      /usr/lib/x86_64-linux-gnu/libdl-2.31.so
7474a61a0000-7474a61a2000 r-xp 00001000 08:30 41599                      /usr/lib/x86_64-linux-gnu/libdl-2.31.so
7474a61a2000-7474a61a3000 r--p 00003000 08:30 41599                      /usr/lib/x86_64-linux-gnu/libdl-2.31.so
7474a61a3000-7474a61a4000 r--p 00003000 08:30 41599                      /usr/lib/x86_64-linux-gnu/libdl-2.31.so
7474a61a4000-7474a61a5000 rw-p 00004000 08:30 41599                      /usr/lib/x86_64-linux-gnu/libdl-2.31.so
7474a61a5000-7474a61a7000 r--p 00000000 08:30 13174                      /usr/lib/x86_64-linux-gnu/libz.so.1.2.11
7474a61a7000-7474a61b8000 r-xp 00002000 08:30 13174                      /usr/lib/x86_64-linux-gnu/libz.so.1.2.11
7474a61b8000-7474a61be000 r--p 00013000 08:30 13174                      /usr/lib/x86_64-linux-gnu/libz.so.1.2.11
7474a61be000-7474a61bf000 ---p 00019000 08:30 13174                      /usr/lib/x86_64-linux-gnu/libz.so.1.2.11
7474a61bf000-7474a61c0000 r--p 00019000 08:30 13174                      /usr/lib/x86_64-linux-gnu/libz.so.1.2.11
7474a61c0000-7474a61c1000 rw-p 0001a000 08:30 13174                      /usr/lib/x86_64-linux-gnu/libz.so.1.2.11
7474a61c1000-7474a61e3000 r--p 00000000 08:30 41598                      /usr/lib/x86_64-linux-gnu/libc-2.31.so
7474a61e3000-7474a635b000 r-xp 00022000 08:30 41598                      /usr/lib/x86_64-linux-gnu/libc-2.31.so
7474a635b000-7474a63a9000 r--p 0019a000 08:30 41598                      /usr/lib/x86_64-linux-gnu/libc-2.31.so
7474a63a9000-7474a63ad000 r--p 001e7000 08:30 41598                      /usr/lib/x86_64-linux-gnu/libc-2.31.so
7474a63ad000-7474a63af000 rw-p 001eb000 08:30 41598                      /usr/lib/x86_64-linux-gnu/libc-2.31.so
7474a63af000-7474a63b3000 rw-p 00000000 00:00 0 
7474a63b3000-7474a63b4000 r--p 00000000 08:30 22152                      /usr/lib/locale/C.UTF-8/LC_MEASUREMENT
7474a63b4000-7474a63b5000 r--p 00000000 08:30 22151                      /usr/lib/locale/C.UTF-8/LC_IDENTIFICATION
7474a63b5000-7474a63b7000 r--s 00037000 00:43 562949955654584            /mnt/c/Github/valhalla+vector/build/linux-x86_64-server-slowdebug/images/jdk/lib/valueclasses/java.base-valueclasses.jar
7474a63b7000-7474a63bf000 rw-s 00000000 08:30 37942                      /tmp/hsperfdata_jatinbha/2642
7474a63bf000-7474a63c0000 ---p 00000000 00:00 0 
7474a63c0000-7474a63c1000 r--p 00000000 00:00 0 
7474a63c1000-7474a63c4000 r--p 00000000 00:43 562949955654566            /mnt/c/Github/valhalla+vector/build/linux-x86_64-server-slowdebug/images/jdk/lib/libjli.so
7474a63c4000-7474a63d2000 r-xp 00003000 00:43 562949955654566            /mnt/c/Github/valhalla+vector/build/linux-x86_64-server-slowdebug/images/jdk/lib/libjli.so
7474a63d2000-7474a63d6000 r--p 00011000 00:43 562949955654566            /mnt/c/Github/valhalla+vector/build/linux-x86_64-server-slowdebug/images/jdk/lib/libjli.so
7474a63d6000-7474a63d7000 r--p 00014000 00:43 562949955654566            /mnt/c/Github/valhalla+vector/build/linux-x86_64-server-slowdebug/images/jdk/lib/libjli.so
7474a63d7000-7474a63d8000 rw-p 00015000 00:43 562949955654566            /mnt/c/Github/valhalla+vector/build/linux-x86_64-server-slowdebug/images/jdk/lib/libjli.so
7474a63d8000-7474a63da000 rw-p 00000000 00:00 0 
7474a63da000-7474a63db000 r--p 00000000 08:30 21885                      /usr/lib/x86_64-linux-gnu/ld-2.31.so
7474a63db000-7474a63fe000 r-xp 00001000 08:30 21885                      /usr/lib/x86_64-linux-gnu/ld-2.31.so
7474a63fe000-7474a6406000 r--p 00024000 08:30 21885                      /usr/lib/x86_64-linux-gnu/ld-2.31.so
7474a6406000-7474a6407000 rwxp 00000000 00:00 0 
7474a6407000-7474a6408000 r--p 0002c000 08:30 21885                      /usr/lib/x86_64-linux-gnu/ld-2.31.so
7474a6408000-7474a6409000 rw-p 0002d000 08:30 21885                      /usr/lib/x86_64-linux-gnu/ld-2.31.so
7474a6409000-7474a640a000 rw-p 00000000 00:00 0 
7ffd0ad54000-7ffd0ad76000 rw-p 00000000 00:00 0                          [stack]
7ffd0adca000-7ffd0adce000 r--p 00000000 00:00 0                          [vvar]
7ffd0adce000-7ffd0add0000 r-xp 00000000 00:00 0                          [vdso]
Total number of mappings: 227

JVMTI agents: none


VM Arguments:
jvm_args: -Xbootclasspath/a:. --enable-preview --add-exports=java.base/jdk.internal.vm.annotation=ALL-UNNAMED -XX:+UseNonAtomicValueFlattening --add-exports=java.base/jdk.internal.misc=ALL-UNNAMED -XX:+PauseAtStartup -XX:-UseOnStackReplacement -XX:+PrintInlineLayout -XX:CompileOnly=Float256Vector::add 
java_command: vector_api_proto
java_class_path (initial): .
Launcher Type: SUN_STANDARD

[Global flags]
     bool AOTInvokeDynamicLinking                  = false                                  {diagnostic} {ergonomic}     AOT-link JVM_CONSTANT_InvokeDynamic entries in cached ConstantPools
     intx CICompilerCount                          = 4                                         {product} {ergonomic}     Number of compiler threads to run
ccstrlist CompileOnly                              = Float256Vector::add                       {product} {command line}  List of methods (pkg/class.name) to restrict compilation to
     uint ConcGCThreads                            = 2                                         {product} {ergonomic}     Number of threads concurrent gc will use
     bool EnableValhalla                           = true                                      {product} {command line}  Enable experimental Valhalla features
     uint G1ConcRefinementThreads                  = 8                                         {product} {ergonomic}     The number of parallel remembered set update threads. Will be set ergonomically by default.
   size_t G1HeapRegionSize                         = 1048576                                   {product} {ergonomic}     Size of the G1 regions.
   size_t InitialHeapSize                          = 62914560                                  {product} {ergonomic}     Initial heap size (in bytes); zero means use ergonomics
   size_t MarkStackSize                            = 4194304                                   {product} {ergonomic}     Size of marking stack in bytes.
   size_t MarkStackSizeMax                         = 536870912                                 {product} {ergonomic}     Maximum size of marking stack in bytes.
   size_t MaxHeapSize                              = 985661440                                 {product} {ergonomic}     Maximum heap size (in bytes)
   size_t MaxNewSize                               = 591396864                                 {product} {ergonomic}     Maximum new generation size (in bytes), max_uintx means set ergonomically
   size_t MinHeapDeltaBytes                        = 1048576                                   {product} {ergonomic}     The minimum change in heap space due to GC (in bytes)
   size_t MinHeapSize                              = 8388608                                   {product} {ergonomic}     Minimum heap size (in bytes); zero means use ergonomics
    uintx NonNMethodCodeHeapSize                   = 5836800                                {pd product} {ergonomic}     Size of code heap with non-nmethods (in bytes)
    uintx NonProfiledCodeHeapSize                  = 122912768                              {pd product} {ergonomic}     Size of code heap with non-profiled methods (in bytes)
     bool PauseAtStartup                           = true                                   {diagnostic} {command line}  Causes the VM to pause at startup time and wait for the pause file to be removed (default: ./vm.paused.<pid>)
     bool PrintInlineLayout                        = true                                   {diagnostic} {command line}  Print field layout for each inline type or class with inline fields
    uintx ProfiledCodeHeapSize                     = 122908672                              {pd product} {ergonomic}     Size of code heap with profiled methods (in bytes)
    uintx ReservedCodeCacheSize                    = 251658240                              {pd product} {ergonomic}     Reserved code cache size (in bytes) - maximum code cache size
     bool SegmentedCodeCache                       = true                                      {product} {ergonomic}     Use a segmented code cache
   size_t SoftMaxHeapSize                          = 985661440                              {manageable} {ergonomic}     Soft limit for maximum heap size (in bytes)
     bool THPStackMitigation                       = false                                  {diagnostic} {ergonomic}     If THPs are unconditionally enabled on the system (mode "always"), the JVM will prevent THP from forming in thread stacks. When disabled, the absence of this mitigationallows THPs to form in thread stacks.
     bool UseCompressedOops                        = true                           {product lp64_product} {ergonomic}   Use 32-bit object references in 64-bit VM. lp64_product means flag is always constant in 32 bit VM
     bool UseG1GC                                  = true                                      {product} {ergonomic}     Use the Garbage-First garbage collector
     bool UseNonAtomicValueFlattening              = true                                      {product} {command line}  Allow the JVM to flatten some non-atomic null-free values
     bool UseOnStackReplacement                    = false                                  {pd product} {command line}  Use on stack replacement, calls runtime if invoc. counter overflows in loop

Logging:
Log output configuration:
 #0: stdout all=warning uptime,level,tags foldmultilines=false
 #1: stderr all=off uptime,level,tags foldmultilines=false

Environment Variables:
JAVA_HOME=/mnt/c/Github/valhalla+vector/build/linux-x86_64-server-slowdebug/images/jdk/
PATH=/mnt/c/Github/valhalla+vector/build/linux-x86_64-server-slowdebug/images/jdk//bin:/home/jatinbha/.local/bin:/home/jatinbha/bin:/mnt/c/Github/softwares/cmake-4.1.1-linux-x86_64/bin:/mnt/c/Github/softwares/intellij/idea-IC-252.25557.131/bin:/mnt/c/Github/mx:/mnt/c/Github/workloads/VectorAPI/jruby/bin:/home/jatinbha/softwares/jdk-26//bin:/mnt/c/Github/softwares/async-profiler-4.1-linux-x64/bin:/home/jatinbha/softwares/gradle-8.14.3/bin:/home/jatinbha/softwares/gradle-9.0.0/bin:/mnt/c/Github/softwares/sde-external-9.58.0-2025-06-16-lin:/mnt/c/Github/softwares/apache-maven-3.9.11/bin:/home/jatinbha/.rbenv/shims:/usr/local/sbin:/usr/local/bin:/usr/sbin:/usr/bin:/sbin:/bin:/usr/games:/usr/local/games:/usr/lib/wsl/lib:/mnt/c/WINDOWS/system32:/mnt/c/WINDOWS:/mnt/c/WINDOWS/System32/Wbem:/mnt/c/WINDOWS/System32/WindowsPowerShell/v1.0/:/mnt/c/WINDOWS/System32/OpenSSH/:/mnt/c/Program Files/Git/cmd:/mnt/c/Program Files/dotnet/:/mnt/c/Github/softwares/z3/z3-4.15.2-x64-win/bin:/mnt/c/Github/softwares/openjdk-24.0.2_windows-x64_bin/jdk-24.0.2/bin:/mnt/c/Program Files/Microsoft Visual Studio/2022/Community/VC/Tools/MSVC/14.44.35207/bin/Hostx64/x64:/mnt/c/Users/jatin/AppData/Local/Microsoft/WindowsApps:/mnt/c/Users/jatin/AppData/Local/GitHubDesktop/bin:/mnt/c/Users/jatin/AppData/Local/Programs/Microsoft VS Code/bin:/mnt/c/Github/softwares/openjdk-24.0.2_windows-x64_bin/jdk-24.0.2/bin:/mnt/c/Github/softwares/z3/z3-4.15.2-x64-win/bin:/snap/bin
LD_LIBRARY_PATH=/home/jatinbha/softwares/
SHELL=/bin/bash
DISPLAY=:0
HOSTTYPE=x86_64
LANG=C.UTF-8
TERM=xterm-256color

Active Locale:
LC_ALL=C.UTF-8
LC_COLLATE=C.UTF-8
LC_CTYPE=C.UTF-8
LC_MESSAGES=C.UTF-8
LC_MONETARY=C.UTF-8
LC_NUMERIC=C.UTF-8
LC_TIME=C.UTF-8

Signal Handlers:
   SIGSEGV: crash_handler in libjvm.so, mask=11100100010111111101111111111110, flags=SA_RESTART|SA_SIGINFO, unblocked
    SIGBUS: crash_handler in libjvm.so, mask=11100100010111111101111111111110, flags=SA_RESTART|SA_SIGINFO, unblocked
    SIGFPE: crash_handler in libjvm.so, mask=11100100010111111101111111111110, flags=SA_RESTART|SA_SIGINFO, unblocked
   SIGPIPE: javaSignalHandler in libjvm.so, mask=11100100010111111101111111111110, flags=SA_RESTART|SA_SIGINFO, unblocked
   SIGXFSZ: javaSignalHandler in libjvm.so, mask=11100100010111111101111111111110, flags=SA_RESTART|SA_SIGINFO, unblocked
    SIGILL: crash_handler in libjvm.so, mask=11100100010111111101111111111110, flags=SA_RESTART|SA_SIGINFO, unblocked
   SIGUSR2: SR_handler in libjvm.so, mask=00000000000000000000000000000000, flags=SA_RESTART|SA_SIGINFO, unblocked
    SIGHUP: UserHandler in libjvm.so, mask=11100100010111111101111111111110, flags=SA_RESTART|SA_SIGINFO, unblocked
    SIGINT: UserHandler in libjvm.so, mask=11100100010111111101111111111110, flags=SA_RESTART|SA_SIGINFO, unblocked
   SIGTERM: UserHandler in libjvm.so, mask=11100100010111111101111111111110, flags=SA_RESTART|SA_SIGINFO, unblocked
   SIGQUIT: UserHandler in libjvm.so, mask=11100100010111111101111111111110, flags=SA_RESTART|SA_SIGINFO, blocked
   SIGTRAP: crash_handler in libjvm.so, mask=11100100010111111101111111111110, flags=SA_RESTART|SA_SIGINFO, unblocked


Native Memory Tracking:

(Omitting categories weighting less than 1KB)

Total: reserved=2476930KB, committed=186462KB
       malloc: 66886KB #25415, peak=66568KB #25417
       mmap:   reserved=2410044KB, committed=119576KB

-                 Java Heap (reserved=962560KB, committed=61440KB)
                            (mmap: reserved=962560KB, committed=61440KB, at peak)

-                     Class (reserved=1048666KB, committed=218KB)
                            (classes #1053)
                            (  instance classes #901, array classes #152)
                            (malloc=90KB #1241) (peak=90KB #1240)
                            (mmap: reserved=1048576KB, committed=128KB, at peak)
                            (  Metadata:   )
                            (    reserved=65536KB, committed=320KB)
                            (    used=236KB)
                            (    waste=84KB =26.40%)
                            (  Class space:)
                            (    reserved=1048576KB, committed=128KB)
                            (    used=13KB)
                            (    waste=115KB =89.69%)

-                    Thread (reserved=17497KB, committed=821KB)
                            (threads #17)
                            (stack: reserved=17444KB, committed=768KB, peak=768KB)
                            (malloc=36KB #103) (peak=44KB #107)
                            (arena=18KB #30) (peak=136KB #30)

-                      Code (reserved=248107KB, committed=7967KB)
                            (malloc=386KB #11228) (peak=386KB #11232)
                            (mmap: reserved=247688KB, committed=7548KB, at peak)
                            (arena=33KB #1) (at peak)

-                        GC (reserved=68535KB, committed=50935KB)
                            (malloc=16723KB #489) (at peak)
                            (mmap: reserved=51812KB, committed=34212KB, at peak)

-                 GCCardSet (reserved=1KB, committed=1KB)
                            (malloc=1KB #4) (peak=1KB #5)

-                  Compiler (reserved=423KB, committed=423KB)
                            (malloc=31KB #37) (peak=31KB #41)
                            (arena=393KB #11) (peak=636KB #12)

-                  Internal (reserved=47028KB, committed=47028KB)
                            (malloc=46992KB #6546) (peak=46992KB #6547)
                            (mmap: reserved=36KB, committed=36KB, at peak)

-                     Other (reserved=0KB, committed=0KB)
                            (malloc=0KB) (peak=2KB #1)

-                    Symbol (reserved=1250KB, committed=1250KB)
                            (malloc=890KB #3324) (at peak)
                            (arena=360KB #1) (at peak)

-    Native Memory Tracking (reserved=453KB, committed=453KB)
                            (malloc=6KB #63) (at peak)
                            (arena=0KB #0) (peak=128KB #1)
                            (tracking overhead=447KB)

-        Shared class space (reserved=16384KB, committed=15116KB, readonly=0KB)
                            (mmap: reserved=16384KB, committed=15116KB, peak=15316KB)

-               Arena Chunk (reserved=235KB, committed=235KB)
                            (malloc=235KB #63) (peak=1166KB #65)

-                    Module (reserved=199KB, committed=199KB)
                            (malloc=199KB #2135) (at peak)

-                 Safepoint (reserved=8KB, committed=8KB)
                            (mmap: reserved=8KB, committed=8KB, at peak)

-           Synchronization (reserved=18KB, committed=18KB)
                            (malloc=18KB #138) (at peak)

-            Serviceability (reserved=17KB, committed=17KB)
                            (malloc=17KB #10) (peak=17KB #14)

-                 Metaspace (reserved=65548KB, committed=332KB)
                            (malloc=12KB #8) (at peak)
                            (mmap: reserved=65536KB, committed=320KB, at peak)

-      String Deduplication (reserved=1KB, committed=1KB)
                            (malloc=1KB #8) (at peak)

-           Object Monitors (reserved=1KB, committed=1KB)
                            (malloc=1KB #3) (at peak)

Preinit state:entries: 391 (primary: 381, empties: 7810), sum bytes: 14884, longest chain length: 2
pre-init mallocs: 431, pre-init reallocs: 8, pre-init frees: 40
MallocLimit: unset

Compiler Memory Statistic, 10 most expensive compilations:
ctyp  total     ra        node      comp      type      states    reglive   regsplit  superword cienv     ha        other     #nodes  result  limit     time    id    thread             method
c1    229096    229096    0         0         0         0         0         0         0         0         0         0         -       ok      1073741824 39.096 28    0x000074749c1ac9d0 Float256Vector::add((LFloat256Vector;LFloat256Vector;)LFloat256Vector;) 
Total: 1 (C1: 1, C2: 0)

Periodic native trim disabled

---------------  S Y S T E M  ---------------

OS:
DISTRIB_ID=Ubuntu
DISTRIB_RELEASE=20.04
DISTRIB_CODENAME=focal
DISTRIB_DESCRIPTION="Ubuntu 20.04.6 LTS"
uname: Linux jatinbha-ws 6.6.87.2-microsoft-standard-WSL2 #1 SMP PREEMPT_DYNAMIC Thu Jun  5 18:30:46 UTC 2025 x86_64
OS uptime: 0 days 2:15 hours
libc: glibc 2.31 NPTL 2.31 
rlimit (soft/hard): STACK 8192k/infinity , CORE 0k/infinity , NPROC 14993/14993 , NOFILE 1048576/1048576 , AS infinity/infinity , CPU infinity/infinity , DATA infinity/infinity , FSIZE infinity/infinity , MEMLOCK 65536k/65536k
load average: 0.52 0.40 0.27

/proc/meminfo:
MemTotal:        3848416 kB
MemFree:         2803260 kB
MemAvailable:    3011632 kB
Buffers:            1480 kB
Cached:           260512 kB
SwapCached:            0 kB
Active:            58028 kB
Inactive:         690128 kB
Active(anon):       2708 kB
Inactive(anon):   487700 kB
Active(file):      55320 kB
Inactive(file):   202428 kB
Unevictable:           0 kB
Mlocked:               0 kB
SwapTotal:       1048576 kB
SwapFree:        1048576 kB
Dirty:                92 kB
Writeback:             0 kB
AnonPages:        486292 kB
Mapped:           209296 kB
Shmem:              4236 kB
KReclaimable:      25404 kB
Slab:              74888 kB
SReclaimable:      25404 kB
SUnreclaim:        49484 kB
KernelStack:        4688 kB
PageTables:         5424 kB
SecPageTables:         0 kB
NFS_Unstable:          0 kB
Bounce:                0 kB
WritebackTmp:          0 kB
CommitLimit:     2972784 kB
Committed_AS:    1372620 kB
VmallocTotal:   34359738367 kB
VmallocUsed:       29092 kB
VmallocChunk:          0 kB
Percpu:             3648 kB
HardwareCorrupted:     0 kB
AnonHugePages:         0 kB
ShmemHugePages:        0 kB
ShmemPmdMapped:        0 kB
FileHugePages:         0 kB
FilePmdMapped:         0 kB
Unaccepted:            0 kB
HugePages_Total:       0
HugePages_Free:        0
HugePages_Rsvd:        0
HugePages_Surp:        0
Hugepagesize:       2048 kB
Hugetlb:               0 kB
DirectMap4k:       64512 kB
DirectMap2M:     3964928 kB
DirectMap1G:     8388608 kB

/sys/kernel/mm/transparent_hugepage/enabled: always [madvise] never
/sys/kernel/mm/transparent_hugepage/hpage_pmd_size: 2097152
/sys/kernel/mm/transparent_hugepage/shmem_enabled: always within_size advise [never] deny force
/sys/kernel/mm/transparent_hugepage/defrag (defrag/compaction efforts parameter): always defer defer+madvise [madvise] never

Process Memory:
Virtual Size: 3794456K (peak: 3813320K)
Resident Set Size: 149936K (peak: 149936K) (anon: 108288K, file: 41648K, shmem: 0K)
Swapped out: 0K
C-Heap outstanding allocations: 67776K, retained: 2167K
glibc malloc tunables: (default)

/proc/sys/kernel/threads-max (system-wide limit on the number of threads): 29987
/proc/sys/vm/max_map_count (maximum number of memory map areas a process may have): 65530
/proc/sys/vm/swappiness (control to define how aggressively the kernel swaps out anonymous memory): 60
/proc/sys/kernel/pid_max (system-wide limit on number of process identifiers): 4194304

container information not found.
Hyper-V virtualization detected
Steal ticks since vm start: 0
Steal ticks percentage since vm start:  0.000

CPU: total 8 (initial active 8) (4 cores per cpu, 2 threads per core) family 6 model 186 stepping 3 microcode 0xffffffff, cx8, cmov, fxsr, ht, mmx, 3dnowpref, sse, sse2, sse3, ssse3, sse4.1, sse4.2, popcnt, lzcnt, tsc, tscinvbit, avx, avx2, aes, erms, clmul, bmi1, bmi2, adx, sha, fma, vzeroupper, clflush, clflushopt, clwb, hv, serialize, rdtscp, rdpid, fsrm, gfni, f16c, cet_ibt, cet_ss
CPU Model and flags from /proc/cpuinfo:
model name	: 13th Gen Intel(R) Core(TM) i3-1315U
flags		: fpu vme de pse tsc msr pae mce cx8 apic sep mtrr pge mca cmov pat pse36 clflush mmx fxsr sse sse2 ss ht syscall nx pdpe1gb rdtscp lm constant_tsc rep_good nopl xtopology tsc_reliable nonstop_tsc cpuid tsc_known_freq pni pclmulqdq vmx ssse3 fma cx16 pcid sse4_1 sse4_2 x2apic movbe popcnt tsc_deadline_timer aes xsave avx f16c rdrand hypervisor lahf_lm abm 3dnowprefetch ssbd ibrs ibpb stibp ibrs_enhanced tpr_shadow ept vpid ept_ad fsgsbase tsc_adjust bmi1 avx2 smep bmi2 erms invpcid rdseed adx smap clflushopt clwb sha_ni xsaveopt xsavec xgetbv1 xsaves avx_vnni vnmi umip waitpkg gfni vaes vpclmulqdq rdpid movdiri movdir64b fsrm md_clear serialize flush_l1d arch_capabilities

Online cpus: 0-7
Offline cpus: 
cache level: 1
cache type: Data
cache size: 48K
cache coherency line size: 64
cache level: 1
cache type: Instruction
cache size: 32K
cache coherency line size: 64
cache level: 2
cache type: Unified
cache size: 1280K
cache coherency line size: 64
cache level: 3
cache type: Unified
cache size: 10240K
cache coherency line size: 64
BIOS frequency limitation: <Not Available>
Frequency switch latency (ns): <Not Available>
Available cpu frequencies: <Not Available>
Maximum cpu frequency: <Not Available>
Minimum cpu frequency: <Not Available>
Current cpu frequency: <Not Available>
Available governors: <Not Available>
Current governor: <Not Available>
Core performance/turbo boost: <Not Available>

Memory: 4k page, physical 3848416k(3011408k free), swap 1048576k(1048576k free)
Page Sizes: 4k

vm_info: OpenJDK 64-Bit Server VM (slowdebug 25-internal-adhoc.jatinbha.valhallavector) for linux-amd64 JRE (25-internal-adhoc.jatinbha.valhallavector), built on 2025-09-27T12:13:14Z with gcc 10.5.0

END.
