#
# A fatal error has been detected by the Java Runtime Environment:
#
#  Internal Error (/mnt/c/Github/valhalla+vector/src/hotspot/share/utilities/growableArray.hpp:150), pid=2342, tid=2370
#  assert(0 <= i && i < _len) failed: illegal index 2 for length 2
#
# JRE version: OpenJDK Runtime Environment (25.0) (slowdebug build 25-internal-adhoc.jatinbha.valhallavector)
# Java VM: OpenJDK 64-Bit Server VM (slowdebug 25-internal-adhoc.jatinbha.valhallavector, mixed mode, sharing, tiered, compressed oops, compressed class ptrs, g1 gc, linux-amd64)
# Problematic frame:
# V  [libjvm.so+0xa30ead]  GrowableArrayView<ciType*>::at(int) const+0x4b
#
# Core dump will be written. Default location: Core dumps may be processed with "/wsl-capture-crash %t %E %p %s" (or dumping to /mnt/c/Github/external_staging/Code/java/valhalla/valhalla_401/core.2342)
#
# If you would like to submit a bug report, please visit:
#   https://bugreport.java.com/bugreport/crash.jsp
#

---------------  S U M M A R Y ------------

Command Line: -Xbootclasspath/a:. --enable-preview --add-exports=java.base/jdk.internal.vm.annotation=ALL-UNNAMED -XX:+UseNonAtomicValueFlattening --add-exports=java.base/jdk.internal.misc=ALL-UNNAMED -XX:+PauseAtStartup -XX:-UseOnStackReplacement -XX:+PrintInlineLayout -XX:CompileOnly=Float256Vector::add vector_api_proto

Host: jatinbha-ws, 13th Gen Intel(R) Core(TM) i3-1315U, 8 cores, 3G, Ubuntu 20.04.6 LTS
Time: Tue Sep 30 08:55:18 2025 IST elapsed time: 257.389369 seconds (0d 0h 4m 17s)

---------------  T H R E A D  ---------------

Current thread (0x00007afbe01ab070):  JavaThread "C2 CompilerThread0" daemon [_thread_in_native, id=2370, stack(0x00007afbc8226000,0x00007afbc8327000) (1028K)]


Current CompileTask:
C2:257393   29       4       Float256Vector::add (87 bytes)

Stack: [0x00007afbc8226000,0x00007afbc8327000],  sp=0x00007afbc8323810,  free space=1014k
Native frames: (J=compiled Java code, j=interpreted, Vv=VM code, C=native code)
V  [libjvm.so+0xa30ead]  GrowableArrayView<ciType*>::at(int) const+0x4b  (growableArray.hpp:150)
V  [libjvm.so+0xa2f882]  ciSignature::type_at(int) const+0x28  (ciSignature.hpp:60)
V  [libjvm.so+0x1b8f3aa]  TypeTuple::make_domain(ciMethod*, Type::InterfaceHandling, bool)+0x258  (type.cpp:2482)
V  [libjvm.so+0x1ba21e3]  TypeFunc::make(ciMethod*, bool)+0x103  (type.cpp:7430)
V  [libjvm.so+0xd0606b]  Compile::Compile(ciEnv*, ciMethod*, int, Options, DirectiveSet*)+0xe93  (compile.cpp:788)
V  [libjvm.so+0xbb0766]  C2Compiler::compile_method(ciEnv*, ciMethod*, int, bool, DirectiveSet*)+0x1fa  (c2compiler.cpp:142)
V  [libjvm.so+0xd2d14c]  CompileBroker::invoke_compiler_on_method(CompileTask*)+0xaf8  (compileBroker.cpp:2331)
V  [libjvm.so+0xd2ba69]  CompileBroker::compiler_thread_loop()+0x411  (compileBroker.cpp:1975)
V  [libjvm.so+0xd4c21a]  CompilerThread::thread_entry(JavaThread*, JavaThread*)+0x84  (compilerThread.cpp:67)
V  [libjvm.so+0x1205d7c]  JavaThread::thread_main_inner()+0x15c  (javaThread.cpp:777)
V  [libjvm.so+0x1205c16]  JavaThread::run()+0x258  (javaThread.cpp:762)
V  [libjvm.so+0x1b6dbd0]  Thread::call_run()+0x1a8  (thread.cpp:231)
V  [libjvm.so+0x176a632]  thread_native_entry(Thread*)+0x1c3  (os_linux.cpp:877)
Registers:
RAX=0x00007afbeae63000, RBX=0x00007afbe01e6788, RCX=0x0000000000000009, RDX=0x00007afbe00311b8
RSP=0x00007afbc8323810, RBP=0x00007afbc8323820, RSI=0x0000000000000002, RDI=0x00007afbe00311b8
R8 =0x00007afbc8323330, R9 =0x0000000000000002, R10=0x00007afbc8323500, R11=0x00007ffce76be090
R12=0x00007afbe904fa8a, R13=0x00007afbe00de446, R14=0x000000000000000e, R15=0x00007afb6a96ebd6
RIP=0x00007afbe82a4ead, EFLAGS=0x0000000000010202, CSGSFS=0x002b000000000033, ERR=0x0000000000000015
  TRAPNO=0x000000000000000e

XMM[0]=0x0000000000000000 0x0000000000000000
XMM[1]=0x0000000000000000 0x36353274616f6c46
XMM[2]=0xffffffffffffffff 0xffffffffffffffff
XMM[3]=0x00007afb40001e60 0x00007afb40001e60
XMM[4]=0x00007afb400026b0 0x00007afb400026b0
XMM[5]=0x00007afb400025b0 0x00007afb400025b0
XMM[6]=0x00007afb40002470 0x00007afb40002470
XMM[7]=0x00007afb40001d18 0x00007afb40001d18
XMM[8]=0x00007afb40003c50 0x00007afb40003c50
XMM[9]=0x0000000000000000 0x0000000000000000
XMM[10]=0x0000000000000000 0x0000000000000000
XMM[11]=0x0000000000000000 0x0000000000000000
XMM[12]=0x0000000000000000 0x0000000000000000
XMM[13]=0x0000000000000000 0x0000000000000000
XMM[14]=0x0000000000000000 0x0000000000000000
XMM[15]=0xcafebabecafebabe 0xcafebabecafebabe
  MXCSR=0x00001fa2


Register to memory mapping:

RAX=0x00007afbeae63000 in mmap'd memory region [0x00007afbeae63000 - 0x00007afbeae64000], tag mtInternal
RBX=0x00007afbe01e6788 points into unknown readable memory: 0x00007afb400022f0 | f0 22 00 40 fb 7a 00 00
RCX=0x0000000000000009 is an unknown value
RDX=0x00007afbe00311b8 points into unknown readable memory: 0x00007afbea982aa0 | a0 2a 98 ea fb 7a 00 00
RSP=0x00007afbc8323810 is pointing into the stack for thread: 0x00007afbe01ab070
RBP=0x00007afbc8323820 is pointing into the stack for thread: 0x00007afbe01ab070
RSI=0x0000000000000002 is an unknown value
RDI=0x00007afbe00311b8 points into unknown readable memory: 0x00007afbea982aa0 | a0 2a 98 ea fb 7a 00 00
R8 =0x00007afbc8323330 is pointing into the stack for thread: 0x00007afbe01ab070
R9 =0x0000000000000002 is an unknown value
R10=0x00007afbc8323500 is pointing into the stack for thread: 0x00007afbe01ab070
R11=0x00007ffce76be090 points into unknown readable memory: 0xffffffffffffffff | ff ff ff ff ff ff ff ff
R12=0x00007afbe904fa8a: <offset 0x00000000017dba8a> in /mnt/c/Github/valhalla+vector/build/linux-x86_64-server-slowdebug/images/jdk/lib/server/libjvm.so at 0x00007afbe7874000
R13=0x00007afbe00de446 into live malloced block starting at 0x00007afbe00de430, size 36, tag mtSymbol
R14=0x000000000000000e is an unknown value
R15=0x00007afb6a96ebd6 is pointing into metadata

Top of Stack: (sp=0x00007afbc8323810)
0x00007afbc8323810:   00000002e01ab070 00007afbe00311b8   p............z..
0x00007afbc8323820:   00007afbc8323840 00007afbe82a3882   @82..z...8*..z..
0x00007afbc8323830:   00000002c8323890 00007afbe00311a8   .82..........z..
0x00007afbc8323840:   00007afbc83238d0 00007afbe94033aa   .82..z...3@..z..
0x00007afbc8323850:   00000001c8323801 00007afbe00310c8   .82..........z..
0x00007afbc8323860:   0c007afbe01ab070 0000000200000012   p....z..........
0x00007afbc8323870:   00007afbe00311a8 00007afbe01e6750   .....z..Pg...z..
0x00007afbc8323880:   00007afbc83238a0 00007afbe0031018   .82..z.......z..
0x00007afbc8323890:   00007afbe029a610 00007afb0000001a   ..)..z.......z..
0x00007afbc83238a0:   0000002c00000009 0000000042300000   ....,.....0B....
0x00007afbc83238b0:   00007afb6a968d28 00007afb00000001   (..j.z.......z..
0x00007afbc83238c0:   00007afbe00310c8 00007afbc8323bc0   .....z...;2..z..
0x00007afbc83238d0:   00007afbc8323930 00007afbe94161e3   092..z...aA..z..
0x00007afbc83238e0:   00007a00c8323930 00007afbe00310c8   092..z.......z..
0x00007afbc83238f0:   00017afb4c01f268 00007afbc8324690   h..L.z...F2..z..
0x00007afbc8323900:   0000000000000000 00007afbe01e66a0   .........f...z..
0x00007afbc8323910:   0000000000000000 00007afb40001ab0   ...........@.z..
0x00007afbc8323920:   00000001c8323bc0 00007afbc8324690   .;2......F2..z..
0x00007afbc8323930:   00007afbc8324600 00007afbe857a06b   .F2..z..k.W..z..
0x00007afbc8323940:   00007afbe029bf40 01010101ea8b6038   @.)..z..8`......
0x00007afbc8323950:   ffffffff01010100 00007afbe00310c8   .............z..
0x00007afbc8323960:   00007afbc8325650 00007afbc8324690   PV2..z...F2..z..
0x00007afbc8323970:   00007afbe01e1cc8 000003ff00000002   .....z..........
0x00007afbc8323980:   00007afbea8b6038 00007afbc8324690   8`...z...F2..z..
0x00007afbc8323990:   0000000000000000 00007afbc8324aa8   .........J2..z..
0x00007afbc83239a0:   0000000800000020 00007afbe01e1ec8    ............z..
0x00007afbc83239b0:   0000000000000002 00007afbea8b6038   ........8`...z..
0x00007afbc83239c0:   2bad4b0bbaad0000 0000000000000000   .....K.+........
0x00007afbc83239d0:   0000000400000004 00007afbe01e3100   .........1...z..
0x00007afbc83239e0:   00007afbc8324aa8 00007afbe98498cc   .J2..z.......z..
0x00007afbc83239f0:   0000000000000000 00007afb4c043e70   ........p>.L.z..
0x00007afbc8323a00:   00007afb00000000 0000000000000000   .....z..........

Instructions: (pc=0x00007afbe82a4ead)
  0x00007afbe82a4dad:   83 ec 10 48 89 7d f8 48 8b 45 f8 48 89 c7 e8 bc
  0x00007afbe82a4dbd:   ff ff ff 48 8b 45 f8 48 89 c7 e8 b0 ff ff ff 90
  0x00007afbe82a4dcd:   c9 c3 90 f3 0f 1e fa 55 48 89 e5 48 83 ec 10 48
  0x00007afbe82a4ddd:   89 7d f8 48 8b 45 f8 48 05 e0 00 00 00 48 89 c7
  0x00007afbe82a4ded:   e8 a0 01 00 00 48 8b 45 f8 48 05 98 00 00 00 48
  0x00007afbe82a4dfd:   89 c7 e8 f2 d2 fe ff 48 8b 45 f8 48 83 c0 60 48
  0x00007afbe82a4e0d:   89 c7 e8 e2 d2 fe ff 48 8b 45 f8 48 83 c0 28 48
  0x00007afbe82a4e1d:   89 c7 e8 d2 d2 fe ff 90 c9 c3 f3 0f 1e fa 55 48
  0x00007afbe82a4e2d:   89 e5 48 83 ec 20 48 89 7d e8 48 8b 45 e8 48 89
  0x00007afbe82a4e3d:   c7 e8 65 2f c5 ff 89 45 fc e8 01 07 c5 ff 84 c0
  0x00007afbe82a4e4d:   74 0d 8b 45 fc 89 c7 e8 9e d0 ee ff 89 45 fc 8b
  0x00007afbe82a4e5d:   45 fc c9 c3 90 f3 0f 1e fa 55 48 89 e5 48 83 ec
  0x00007afbe82a4e6d:   10 48 89 7d f8 89 75 f4 e8 07 cc c4 ff 83 f0 01
  0x00007afbe82a4e7d:   84 c0 74 19 83 7d f4 00 78 0c 48 8b 45 f8 8b 40
  0x00007afbe82a4e8d:   18 39 45 f4 7c 07 b8 01 00 00 00 eb 05 b8 00 00
  0x00007afbe82a4e9d:   00 00 84 c0 74 41 48 8d 05 de 3a 76 02 48 8b 00
=>0x00007afbe82a4ead:   c6 00 58 48 8b 45 f8 8b 50 18 8b 45 f4 41 89 d1
  0x00007afbe82a4ebd:   41 89 c0 48 8d 0d 99 31 3f 01 48 8d 15 b2 31 3f
  0x00007afbe82a4ecd:   01 be 96 00 00 00 48 8d 3d ce 09 3f 01 b8 00 00
  0x00007afbe82a4edd:   00 00 e8 db d5 38 00 48 8b 45 f8 48 8b 50 20 8b
  0x00007afbe82a4eed:   45 f4 48 98 48 c1 e0 03 48 01 d0 c9 c3 f3 0f 1e
  0x00007afbe82a4efd:   fa 55 48 89 e5 48 83 ec 10 48 89 7d f8 89 75 f4
  0x00007afbe82a4f0d:   e8 6f cb c4 ff 83 f0 01 84 c0 74 19 83 7d f4 00
  0x00007afbe82a4f1d:   78 0c 48 8b 45 f8 8b 40 18 39 45 f4 7c 07 b8 01
  0x00007afbe82a4f2d:   00 00 00 eb 05 b8 00 00 00 00 84 c0 74 41 48 8d
  0x00007afbe82a4f3d:   05 46 3a 76 02 48 8b 00 c6 00 58 48 8b 45 f8 8b
  0x00007afbe82a4f4d:   50 18 8b 45 f4 41 89 d1 41 89 c0 48 8d 0d 01 31
  0x00007afbe82a4f5d:   3f 01 48 8d 15 1a 31 3f 01 be 91 00 00 00 48 8d
  0x00007afbe82a4f6d:   3d 36 09 3f 01 b8 00 00 00 00 e8 43 d5 38 00 48
  0x00007afbe82a4f7d:   8b 45 f8 48 8b 50 20 8b 45 f4 48 98 48 c1 e0 03
  0x00007afbe82a4f8d:   48 01 d0 c9 c3 f3 0f 1e fa 55 48 89 e5 48 83 ec
  0x00007afbe82a4f9d:   10 48 89 7d f8 48 8d 15 4f e6 6c 02 48 8b 45 f8


Stack slot to memory mapping:

stack at sp + 0 slots: 0x00000002e01ab070 is an unknown value
stack at sp + 1 slots: 0x00007afbe00311b8 points into unknown readable memory: 0x00007afbea982aa0 | a0 2a 98 ea fb 7a 00 00
stack at sp + 2 slots: 0x00007afbc8323840 is pointing into the stack for thread: 0x00007afbe01ab070
stack at sp + 3 slots: 0x00007afbe82a3882: <offset 0x0000000000a2f882> in /mnt/c/Github/valhalla+vector/build/linux-x86_64-server-slowdebug/images/jdk/lib/server/libjvm.so at 0x00007afbe7874000
stack at sp + 4 slots: 0x00000002c8323890 is an unknown value
stack at sp + 5 slots: 0x00007afbe00311a8 points into unknown readable memory: 0x00007afbe0031188 | 88 11 03 e0 fb 7a 00 00
stack at sp + 6 slots: 0x00007afbc83238d0 is pointing into the stack for thread: 0x00007afbe01ab070
stack at sp + 7 slots: 0x00007afbe94033aa: <offset 0x0000000001b8f3aa> in /mnt/c/Github/valhalla+vector/build/linux-x86_64-server-slowdebug/images/jdk/lib/server/libjvm.so at 0x00007afbe7874000

Lock stack of current Java thread (top to bottom):


---------------  P R O C E S S  ---------------

uid  : 1000 euid : 1000 gid  : 1000 egid : 1000

umask: 0022 (----w--w-)

Threads class SMR info:
_java_thread_list=0x00007afbe0296560, length=10, elements={
0x00007afbe01a2ba0, 0x00007afbe01a3e40, 0x00007afbe01a5a40, 0x00007afbe01a7460,
0x00007afbe01a8d40, 0x00007afbe01ab070, 0x00007afbe01acb00, 0x00007afbe0226d80,
0x00007afbe02951c0, 0x00007afbe002c1e0
}
_java_thread_list_alloc_cnt=13, _java_thread_list_free_cnt=11, _java_thread_list_max=10, _nested_thread_list_max=0
_tlh_cnt=78, _tlh_times=4, avg_tlh_time=0.05, _tlh_time_max=4
_deleted_thread_cnt=1, _deleted_thread_times=0, avg_deleted_thread_time=0.00, _deleted_thread_time_max=0
_delete_lock_wait_cnt=0, _delete_lock_wait_max=0
_to_delete_list_cnt=0, _to_delete_list_max=1

Java Threads: ( => current thread )
  0x00007afbe01a2ba0 JavaThread "Reference Handler"          daemon [_thread_blocked, id=2365, stack(0x00007afbe49ef000,0x00007afbe4aef000) (1024K)]
  0x00007afbe01a3e40 JavaThread "Finalizer"                  daemon [_thread_blocked, id=2366, stack(0x00007afbe418c000,0x00007afbe428d000) (1028K)]
  0x00007afbe01a5a40 JavaThread "Signal Dispatcher"          daemon [_thread_blocked, id=2367, stack(0x00007afbe408b000,0x00007afbe418c000) (1028K)]
  0x00007afbe01a7460 JavaThread "Service Thread"             daemon [_thread_blocked, id=2368, stack(0x00007afbc8428000,0x00007afbc8529000) (1028K)]
  0x00007afbe01a8d40 JavaThread "Monitor Deflation Thread"   daemon [_thread_blocked, id=2369, stack(0x00007afbc8327000,0x00007afbc8428000) (1028K)]
=>0x00007afbe01ab070 JavaThread "C2 CompilerThread0"         daemon [_thread_in_native, id=2370, stack(0x00007afbc8226000,0x00007afbc8327000) (1028K)]
  0x00007afbe01acb00 JavaThread "C1 CompilerThread0"         daemon [_thread_blocked, id=2371, stack(0x00007afbc8125000,0x00007afbc8226000) (1028K)]
  0x00007afbe0226d80 JavaThread "Common-Cleaner"             daemon [_thread_blocked, id=2372, stack(0x00007afbb9eff000,0x00007afbba000000) (1028K)]
  0x00007afbe02951c0 JavaThread "Notification Thread"        daemon [_thread_blocked, id=2373, stack(0x00007afbb9dfe000,0x00007afbb9eff000) (1028K)]
  0x00007afbe002c1e0 JavaThread "DestroyJavaVM"                     [_thread_blocked, id=2343, stack(0x00007afbe761a000,0x00007afbe771b000) (1028K)]
Total: 10

Other Threads:
  0x00007afbe0165690 VMThread "VM Thread"                           [id=2364, stack(0x00007afbe4af0000,0x00007afbe4bf0000) (1024K)]
  0x00007afbe00bce10 WatcherThread "VM Periodic Task Thread"        [id=2363, stack(0x00007afbe48ee000,0x00007afbe49ee000) (1024K)]
  0x00007afbe006bc80 WorkerThread "GC Thread#0"                     [id=2355, stack(0x00007afbe582f000,0x00007afbe592f000) (1024K)]
  0x00007afbe00769d0 ConcurrentGCThread "G1 Main Marker"            [id=2356, stack(0x00007afbe572e000,0x00007afbe582e000) (1024K)]
  0x00007afbe0077bf0 WorkerThread "G1 Conc#0"                       [id=2357, stack(0x00007afbe562d000,0x00007afbe572d000) (1024K)]
  0x00007afbe00a7ed0 ConcurrentGCThread "G1 Refine#0"               [id=2358, stack(0x00007afbe4d24000,0x00007afbe4e24000) (1024K)]
  0x00007afbe00a9110 ConcurrentGCThread "G1 Service"                [id=2359, stack(0x00007afbe4c23000,0x00007afbe4d23000) (1024K)]
Total: 7

Threads with active compile tasks:
C2 CompilerThread0  283986   29       4       Float256Vector::add (87 bytes)
Total: 1

VM state: not at safepoint (normal execution)

VM Mutex/Monitor currently owned by a thread: None

Heap address: 0x00000000c5400000, size: 940 MB, Compressed Oops mode: 32-bit

CDS archive(s) mapped at: [0x00007afb6a000000-0x00007afb6aec3000-0x00007afb6aec3000), size 15478784, SharedBaseAddress: 0x00007afb6a000000, ArchiveRelocationMode: 1.
Compressed class space mapped at: 0x00007afb6b000000-0x00007afbab000000, reserved size: 1073741824
UseCompressedClassPointers 1, UseCompactObjectHeaders 0
Narrow klass pointer bits 32, Max shift 3
Narrow klass base: 0x00007afb6a000000, Narrow klass shift: 0
Encoding Range: [0x00007afb6a000000 - 0x00007afc6a000000), (4294967296 bytes)
Klass Range:    [0x00007afb6a000000 - 0x00007afbab000000), (1090519040 bytes)
Klass ID Range:  [8 - 1090519033) (1090519025)

GC Precious Log:
 CardTable entry size: 512
 Card Set container configuration: InlinePtr #cards 5 size 8 Array Of Cards #cards 10 size 36 Howl #buckets 4 coarsen threshold 1843 Howl Bitmap #cards 512 size 80 coarsen threshold 460 Card regions per heap region 1 cards per card region 2048
 CPUs: 8 total, 8 available
 Memory: 3758M
 Large Page Support: Disabled
 NUMA Support: Disabled
 Compressed Oops: Enabled (32-bit)
 Heap Region Size: 1M
 Heap Min Capacity: 8M
 Heap Initial Capacity: 60M
 Heap Max Capacity: 940M
 Pre-touch: Disabled
 Parallel Workers: 8
 Concurrent Workers: 2
 Concurrent Refinement Workers: 8
 Periodic GC: Disabled

Heap:
 garbage-first heap   total reserved 962560K, committed 61440K, used 16384K [0x00000000c5400000, 0x0000000100000000)
  region size 1024K, 17 young (17408K), 0 survivors (0K)
 Metaspace       used 248K, committed 448K, reserved 1114112K
  class space    used 13K, committed 128K, reserved 1048576K

Heap Regions: E=young(eden), S=young(survivor), O=old, HS=humongous(starts), HC=humongous(continues), CS=collection set, F=free, TAMS=top-at-mark-start, PB=parsable bottom
|   0|0x00000000c5400000, 0x00000000c5400000, 0x00000000c5500000|  0%| F|  |TAMS 0x00000000c5400000| PB 0x00000000c5400000| Untracked |  0
|   1|0x00000000c5500000, 0x00000000c5500000, 0x00000000c5600000|  0%| F|  |TAMS 0x00000000c5500000| PB 0x00000000c5500000| Untracked |  0
|   2|0x00000000c5600000, 0x00000000c5600000, 0x00000000c5700000|  0%| F|  |TAMS 0x00000000c5600000| PB 0x00000000c5600000| Untracked |  0
|   3|0x00000000c5700000, 0x00000000c5700000, 0x00000000c5800000|  0%| F|  |TAMS 0x00000000c5700000| PB 0x00000000c5700000| Untracked |  0
|   4|0x00000000c5800000, 0x00000000c5800000, 0x00000000c5900000|  0%| F|  |TAMS 0x00000000c5800000| PB 0x00000000c5800000| Untracked |  0
|   5|0x00000000c5900000, 0x00000000c5900000, 0x00000000c5a00000|  0%| F|  |TAMS 0x00000000c5900000| PB 0x00000000c5900000| Untracked |  0
|   6|0x00000000c5a00000, 0x00000000c5a00000, 0x00000000c5b00000|  0%| F|  |TAMS 0x00000000c5a00000| PB 0x00000000c5a00000| Untracked |  0
|   7|0x00000000c5b00000, 0x00000000c5b00000, 0x00000000c5c00000|  0%| F|  |TAMS 0x00000000c5b00000| PB 0x00000000c5b00000| Untracked |  0
|   8|0x00000000c5c00000, 0x00000000c5c00000, 0x00000000c5d00000|  0%| F|  |TAMS 0x00000000c5c00000| PB 0x00000000c5c00000| Untracked |  0
|   9|0x00000000c5d00000, 0x00000000c5d00000, 0x00000000c5e00000|  0%| F|  |TAMS 0x00000000c5d00000| PB 0x00000000c5d00000| Untracked |  0
|  10|0x00000000c5e00000, 0x00000000c5e00000, 0x00000000c5f00000|  0%| F|  |TAMS 0x00000000c5e00000| PB 0x00000000c5e00000| Untracked |  0
|  11|0x00000000c5f00000, 0x00000000c5f00000, 0x00000000c6000000|  0%| F|  |TAMS 0x00000000c5f00000| PB 0x00000000c5f00000| Untracked |  0
|  12|0x00000000c6000000, 0x00000000c6000000, 0x00000000c6100000|  0%| F|  |TAMS 0x00000000c6000000| PB 0x00000000c6000000| Untracked |  0
|  13|0x00000000c6100000, 0x00000000c6100000, 0x00000000c6200000|  0%| F|  |TAMS 0x00000000c6100000| PB 0x00000000c6100000| Untracked |  0
|  14|0x00000000c6200000, 0x00000000c6200000, 0x00000000c6300000|  0%| F|  |TAMS 0x00000000c6200000| PB 0x00000000c6200000| Untracked |  0
|  15|0x00000000c6300000, 0x00000000c6300000, 0x00000000c6400000|  0%| F|  |TAMS 0x00000000c6300000| PB 0x00000000c6300000| Untracked |  0
|  16|0x00000000c6400000, 0x00000000c6400000, 0x00000000c6500000|  0%| F|  |TAMS 0x00000000c6400000| PB 0x00000000c6400000| Untracked |  0
|  17|0x00000000c6500000, 0x00000000c6500000, 0x00000000c6600000|  0%| F|  |TAMS 0x00000000c6500000| PB 0x00000000c6500000| Untracked |  0
|  18|0x00000000c6600000, 0x00000000c6600000, 0x00000000c6700000|  0%| F|  |TAMS 0x00000000c6600000| PB 0x00000000c6600000| Untracked |  0
|  19|0x00000000c6700000, 0x00000000c6700000, 0x00000000c6800000|  0%| F|  |TAMS 0x00000000c6700000| PB 0x00000000c6700000| Untracked |  0
|  20|0x00000000c6800000, 0x00000000c6800000, 0x00000000c6900000|  0%| F|  |TAMS 0x00000000c6800000| PB 0x00000000c6800000| Untracked |  0
|  21|0x00000000c6900000, 0x00000000c6900000, 0x00000000c6a00000|  0%| F|  |TAMS 0x00000000c6900000| PB 0x00000000c6900000| Untracked |  0
|  22|0x00000000c6a00000, 0x00000000c6a00000, 0x00000000c6b00000|  0%| F|  |TAMS 0x00000000c6a00000| PB 0x00000000c6a00000| Untracked |  0
|  23|0x00000000c6b00000, 0x00000000c6b00000, 0x00000000c6c00000|  0%| F|  |TAMS 0x00000000c6b00000| PB 0x00000000c6b00000| Untracked |  0
|  24|0x00000000c6c00000, 0x00000000c6c00000, 0x00000000c6d00000|  0%| F|  |TAMS 0x00000000c6c00000| PB 0x00000000c6c00000| Untracked |  0
|  25|0x00000000c6d00000, 0x00000000c6d00000, 0x00000000c6e00000|  0%| F|  |TAMS 0x00000000c6d00000| PB 0x00000000c6d00000| Untracked |  0
|  26|0x00000000c6e00000, 0x00000000c6e00000, 0x00000000c6f00000|  0%| F|  |TAMS 0x00000000c6e00000| PB 0x00000000c6e00000| Untracked |  0
|  27|0x00000000c6f00000, 0x00000000c6f00000, 0x00000000c7000000|  0%| F|  |TAMS 0x00000000c6f00000| PB 0x00000000c6f00000| Untracked |  0
|  28|0x00000000c7000000, 0x00000000c7000000, 0x00000000c7100000|  0%| F|  |TAMS 0x00000000c7000000| PB 0x00000000c7000000| Untracked |  0
|  29|0x00000000c7100000, 0x00000000c7100000, 0x00000000c7200000|  0%| F|  |TAMS 0x00000000c7100000| PB 0x00000000c7100000| Untracked |  0
|  30|0x00000000c7200000, 0x00000000c7200000, 0x00000000c7300000|  0%| F|  |TAMS 0x00000000c7200000| PB 0x00000000c7200000| Untracked |  0
|  31|0x00000000c7300000, 0x00000000c7300000, 0x00000000c7400000|  0%| F|  |TAMS 0x00000000c7300000| PB 0x00000000c7300000| Untracked |  0
|  32|0x00000000c7400000, 0x00000000c7400000, 0x00000000c7500000|  0%| F|  |TAMS 0x00000000c7400000| PB 0x00000000c7400000| Untracked |  0
|  33|0x00000000c7500000, 0x00000000c7500000, 0x00000000c7600000|  0%| F|  |TAMS 0x00000000c7500000| PB 0x00000000c7500000| Untracked |  0
|  34|0x00000000c7600000, 0x00000000c7600000, 0x00000000c7700000|  0%| F|  |TAMS 0x00000000c7600000| PB 0x00000000c7600000| Untracked |  0
|  35|0x00000000c7700000, 0x00000000c7700000, 0x00000000c7800000|  0%| F|  |TAMS 0x00000000c7700000| PB 0x00000000c7700000| Untracked |  0
|  36|0x00000000c7800000, 0x00000000c7800000, 0x00000000c7900000|  0%| F|  |TAMS 0x00000000c7800000| PB 0x00000000c7800000| Untracked |  0
|  37|0x00000000c7900000, 0x00000000c7900000, 0x00000000c7a00000|  0%| F|  |TAMS 0x00000000c7900000| PB 0x00000000c7900000| Untracked |  0
|  38|0x00000000c7a00000, 0x00000000c7a00000, 0x00000000c7b00000|  0%| F|  |TAMS 0x00000000c7a00000| PB 0x00000000c7a00000| Untracked |  0
|  39|0x00000000c7b00000, 0x00000000c7b00000, 0x00000000c7c00000|  0%| F|  |TAMS 0x00000000c7b00000| PB 0x00000000c7b00000| Untracked |  0
|  40|0x00000000c7c00000, 0x00000000c7c00000, 0x00000000c7d00000|  0%| F|  |TAMS 0x00000000c7c00000| PB 0x00000000c7c00000| Untracked |  0
|  41|0x00000000c7d00000, 0x00000000c7d00000, 0x00000000c7e00000|  0%| F|  |TAMS 0x00000000c7d00000| PB 0x00000000c7d00000| Untracked |  0
|  42|0x00000000c7e00000, 0x00000000c7e00000, 0x00000000c7f00000|  0%| F|  |TAMS 0x00000000c7e00000| PB 0x00000000c7e00000| Untracked |  0
|  43|0x00000000c7f00000, 0x00000000c8000000, 0x00000000c8000000|100%| E|  |TAMS 0x00000000c7f00000| PB 0x00000000c7f00000| Complete |  0
|  44|0x00000000c8000000, 0x00000000c8100000, 0x00000000c8100000|100%| E|CS|TAMS 0x00000000c8000000| PB 0x00000000c8000000| Complete |  0
|  45|0x00000000c8100000, 0x00000000c8200000, 0x00000000c8200000|100%| E|CS|TAMS 0x00000000c8100000| PB 0x00000000c8100000| Complete |  0
|  46|0x00000000c8200000, 0x00000000c8300000, 0x00000000c8300000|100%| E|CS|TAMS 0x00000000c8200000| PB 0x00000000c8200000| Complete |  0
|  47|0x00000000c8300000, 0x00000000c8400000, 0x00000000c8400000|100%| E|CS|TAMS 0x00000000c8300000| PB 0x00000000c8300000| Complete |  0
|  48|0x00000000c8400000, 0x00000000c8500000, 0x00000000c8500000|100%| E|CS|TAMS 0x00000000c8400000| PB 0x00000000c8400000| Complete |  0
|  49|0x00000000c8500000, 0x00000000c8600000, 0x00000000c8600000|100%| E|CS|TAMS 0x00000000c8500000| PB 0x00000000c8500000| Complete |  0
|  50|0x00000000c8600000, 0x00000000c8700000, 0x00000000c8700000|100%| E|CS|TAMS 0x00000000c8600000| PB 0x00000000c8600000| Complete |  0
|  51|0x00000000c8700000, 0x00000000c8800000, 0x00000000c8800000|100%| E|CS|TAMS 0x00000000c8700000| PB 0x00000000c8700000| Complete |  0
|  52|0x00000000c8800000, 0x00000000c8900000, 0x00000000c8900000|100%| E|CS|TAMS 0x00000000c8800000| PB 0x00000000c8800000| Complete |  0
|  53|0x00000000c8900000, 0x00000000c8a00000, 0x00000000c8a00000|100%| E|CS|TAMS 0x00000000c8900000| PB 0x00000000c8900000| Complete |  0
|  54|0x00000000c8a00000, 0x00000000c8b00000, 0x00000000c8b00000|100%| E|CS|TAMS 0x00000000c8a00000| PB 0x00000000c8a00000| Complete |  0
|  55|0x00000000c8b00000, 0x00000000c8c00000, 0x00000000c8c00000|100%| E|CS|TAMS 0x00000000c8b00000| PB 0x00000000c8b00000| Complete |  0
|  56|0x00000000c8c00000, 0x00000000c8d00000, 0x00000000c8d00000|100%| E|CS|TAMS 0x00000000c8c00000| PB 0x00000000c8c00000| Complete |  0
|  57|0x00000000c8d00000, 0x00000000c8e00000, 0x00000000c8e00000|100%| E|CS|TAMS 0x00000000c8d00000| PB 0x00000000c8d00000| Complete |  0
|  58|0x00000000c8e00000, 0x00000000c8f00000, 0x00000000c8f00000|100%| E|CS|TAMS 0x00000000c8e00000| PB 0x00000000c8e00000| Complete |  0
|  59|0x00000000c8f00000, 0x00000000c9000000, 0x00000000c9000000|100%| E|CS|TAMS 0x00000000c8f00000| PB 0x00000000c8f00000| Complete |  0

Card table byte_map: [0x00007afbe681c000,0x00007afbe69f2000] _byte_map_base: 0x00007afbe61f2000

Marking Bits: (CMBitMap*) 0x00007afbe006c9c0
 Bits: [0x00007afbe596c000, 0x00007afbe681c000)

Polling page: 0x00007afbeae1c000

Metaspace:

Usage:
  Non-class:    235.52 KB used.
      Class:     13.20 KB used.
       Both:    248.72 KB used.

Virtual space:
  Non-class space:       64.00 MB reserved,     320.00 KB ( <1%) committed,  1 nodes.
      Class space:        1.00 GB reserved,     128.00 KB ( <1%) committed,  1 nodes.
             Both:        1.06 GB reserved,     448.00 KB ( <1%) committed. 

Chunk freelists:
   Non-Class:  11.99 MB
       Class:  15.74 MB
        Both:  27.73 MB

MaxMetaspaceSize: unlimited
CompressedClassSpaceSize: 1.00 GB
Initial GC threshold: 21.00 MB
Current GC threshold: 21.00 MB
CDS: on
 - commit_granule_bytes: 65536.
 - commit_granule_words: 8192.
 - virtual_space_node_default_size: 8388608.
 - enlarge_chunks_in_place: 1.
UseCompressedClassPointers 1, UseCompactObjectHeaders 0
Narrow klass pointer bits 32, Max shift 3
Narrow klass base: 0x00007afb6a000000, Narrow klass shift: 0
Encoding Range: [0x00007afb6a000000 - 0x00007afc6a000000), (4294967296 bytes)
Klass Range:    [0x00007afb6a000000 - 0x00007afbab000000), (1090519040 bytes)
Klass ID Range:  [8 - 1090519033) (1090519025)


Internal statistics:

num_allocs: 4130.
num_deallocs: 0.
num_allocs_from_deallocated_blocks: 0.
num_chunks_retired: 0.
num_allocs_failed_limit: 0.
num_arena_births: 14.
num_arena_deaths: 0.
num_vsnodes_births: 2.
num_vsnodes_deaths: 0.
num_space_committed: 7.
num_space_uncommitted: 0.
num_chunks_returned_to_freelist: 0.
num_chunks_taken_from_freelist: 15.
num_chunk_merges: 0.
num_chunk_splits: 11.
num_chunks_enlarged: 12.
num_inconsistent_stats: 0.

CodeHeap 'non-profiled nmethods': size=120032Kb used=28Kb max_used=28Kb free=120003Kb
 bounds [0x00007afbcfff1000, 0x00007afbd0261000, 0x00007afbd7529000]
CodeHeap 'profiled nmethods': size=120028Kb used=2Kb max_used=2Kb free=120025Kb
 bounds [0x00007afbc8529000, 0x00007afbc8799000, 0x00007afbcfa60000]
CodeHeap 'non-nmethods': size=5700Kb used=2153Kb max_used=2153Kb free=3546Kb
 bounds [0x00007afbcfa60000, 0x00007afbcfcd0000, 0x00007afbcfff1000]
CodeCache: size=245760Kb, used=2183Kb, max_used=2183Kb, free=243574Kb
 total_blobs=879, nmethods=37, adapters=723, full_count=0
Compilation: enabled, stopped_count=0, restarted_count=0

Compilation events (3 events):
Event: 73.949 Thread 0x00007afbe01acb00   28       3       Float256Vector::add (87 bytes)
Event: 73.972 Thread 0x00007afbe01acb00 nmethod 28 0x00007afbc8529008 code [0x00007afbc8529120, 0x00007afbc8529840]
Event: 73.981 Thread 0x00007afbe01ab070   29       4       Float256Vector::add (87 bytes)

GC Heap History (0 events):
No events

Dll operation events (5 events):
Event: 64.066 Loaded shared library /mnt/c/Github/valhalla+vector/build/linux-x86_64-server-slowdebug/images/jdk/lib/libjava.so
Event: 71.359 Loaded shared library /mnt/c/Github/valhalla+vector/build/linux-x86_64-server-slowdebug/images/jdk/lib/libzip.so
Event: 72.192 Loaded shared library /mnt/c/Github/valhalla+vector/build/linux-x86_64-server-slowdebug/images/jdk/lib/libsimdsort.so
Event: 72.385 Loaded shared library /mnt/c/Github/valhalla+vector/build/linux-x86_64-server-slowdebug/images/jdk/lib/libjsvml.so
Event: 73.121 Loaded shared library /mnt/c/Github/valhalla+vector/build/linux-x86_64-server-slowdebug/images/jdk/lib/libnio.so

Deoptimization events (0 events):
No events

Classes loaded (14 events):
Event: 73.894 Loading class java/lang/WeakPairMap$Pair$Weak
Event: 73.898 Loading class java/lang/WeakPairMap$WeakRefPeer
Event: 73.903 Loading class java/lang/WeakPairMap$WeakRefPeer done
Event: 73.903 Loading class java/lang/WeakPairMap$Pair$Weak done
Event: 73.903 Loading class java/lang/WeakPairMap$Pair$Weak$1
Event: 73.905 Loading class java/lang/WeakPairMap$Pair$Weak$1 done
Event: 73.922 Loading class jdk/internal/vm/PostVMInitHook
Event: 73.922 Loading class jdk/internal/vm/PostVMInitHook done
Event: 73.925 Loading class vector_api_proto
Event: 73.928 Loading class vector_api_proto done
Event: 73.930 Loading class Float256Vector
Event: 73.933 Loading class VectorPayload256MF
Event: 73.937 Loading class VectorPayload256MF done
Event: 73.937 Loading class Float256Vector done

Classes unloaded (0 events):
No events

Classes redefined (0 events):
No events

Internal exceptions (3 events):
Event: 73.700 Thread 0x00007afbe002c1e0 Exception <a 'java/lang/NoSuchMethodError'{0x00000000c8e28a08}: 'int java.lang.invoke.DirectMethodHandle$Holder.invokeStatic(java.lang.Object, int, java.lang.Object)'> (0x00000000c8e28a08) 
thrown [/mnt/c/Github/valhalla+vector/src/hotspot/share/interpreter/linkResolver.cpp, line 803]
Event: 73.719 Thread 0x00007afbe002c1e0 Exception <a 'java/lang/NoSuchMethodError'{0x00000000c8e3dbf8}: 'int java.lang.invoke.DirectMethodHandle$Holder.invokeStaticInit(java.lang.Object, java.lang.Object)'> (0x00000000c8e3dbf8) 
thrown [/mnt/c/Github/valhalla+vector/src/hotspot/share/interpreter/linkResolver.cpp, line 803]
Event: 73.847 Thread 0x00007afbe002c1e0 Exception <a 'java/lang/NoSuchMethodError'{0x00000000c8d15940}: 'void java.lang.invoke.DirectMethodHandle$Holder.invokeStatic(java.lang.Object, java.lang.Object)'> (0x00000000c8d15940) 
thrown [/mnt/c/Github/valhalla+vector/src/hotspot/share/interpreter/linkResolver.cpp, line 803]

VM Operations (0 events):
No events

Memory protections (10 events):
Event: 63.688 Protecting memory [0x00007afbe761a000,0x00007afbe761e000] with protection modes 0
Event: 71.672 Protecting memory [0x00007afbe49ef000,0x00007afbe49f3000] with protection modes 0
Event: 71.674 Protecting memory [0x00007afbe418c000,0x00007afbe4190000] with protection modes 0
Event: 71.679 Protecting memory [0x00007afbe408b000,0x00007afbe408f000] with protection modes 0
Event: 71.681 Protecting memory [0x00007afbc8428000,0x00007afbc842c000] with protection modes 0
Event: 71.683 Protecting memory [0x00007afbc8327000,0x00007afbc832b000] with protection modes 0
Event: 71.686 Protecting memory [0x00007afbc8226000,0x00007afbc822a000] with protection modes 0
Event: 71.687 Protecting memory [0x00007afbc8125000,0x00007afbc8129000] with protection modes 0
Event: 73.509 Protecting memory [0x00007afbb9eff000,0x00007afbb9f03000] with protection modes 0
Event: 73.920 Protecting memory [0x00007afbb9dfe000,0x00007afbb9e02000] with protection modes 0

Nmethod flushes (0 events):
No events

Events (10 events):
Event: 70.971 Thread 0x00007afbe002c1e0 Thread added: 0x00007afbe002c1e0
Event: 71.672 Thread 0x00007afbe002c1e0 Thread added: 0x00007afbe01a2ba0
Event: 71.674 Thread 0x00007afbe002c1e0 Thread added: 0x00007afbe01a3e40
Event: 71.679 Thread 0x00007afbe002c1e0 Thread added: 0x00007afbe01a5a40
Event: 71.681 Thread 0x00007afbe002c1e0 Thread added: 0x00007afbe01a7460
Event: 71.683 Thread 0x00007afbe002c1e0 Thread added: 0x00007afbe01a8d40
Event: 71.686 Thread 0x00007afbe002c1e0 Thread added: 0x00007afbe01ab070
Event: 71.687 Thread 0x00007afbe002c1e0 Thread added: 0x00007afbe01acb00
Event: 73.509 Thread 0x00007afbe002c1e0 Thread added: 0x00007afbe0226d80
Event: 73.920 Thread 0x00007afbe002c1e0 Thread added: 0x00007afbe02951c0


Dynamic libraries:
c5400000-c9000000 rw-p 00000000 00:00 0 
c9000000-100000000 ---p 00000000 00:00 0 
5eedd04bc000-5eedd04bd000 r--p 00000000 00:43 562949955654557            /mnt/c/Github/valhalla+vector/build/linux-x86_64-server-slowdebug/images/jdk/bin/java
5eedd04bd000-5eedd04be000 r-xp 00001000 00:43 562949955654557            /mnt/c/Github/valhalla+vector/build/linux-x86_64-server-slowdebug/images/jdk/bin/java
5eedd04be000-5eedd04bf000 r--p 00002000 00:43 562949955654557            /mnt/c/Github/valhalla+vector/build/linux-x86_64-server-slowdebug/images/jdk/bin/java
5eedd04bf000-5eedd04c0000 r--p 00002000 00:43 562949955654557            /mnt/c/Github/valhalla+vector/build/linux-x86_64-server-slowdebug/images/jdk/bin/java
5eedd04c0000-5eedd04c1000 rw-p 00003000 00:43 562949955654557            /mnt/c/Github/valhalla+vector/build/linux-x86_64-server-slowdebug/images/jdk/bin/java
5eeddbbc4000-5eeddbc0a000 rw-p 00000000 00:00 0                          [heap]
7afb38000000-7afb38021000 rw-p 00000000 00:00 0 
7afb38021000-7afb3c000000 ---p 00000000 00:00 0 
7afb40000000-7afb40028000 rw-p 00000000 00:00 0 
7afb40028000-7afb44000000 ---p 00000000 00:00 0 
7afb44000000-7afb44021000 rw-p 00000000 00:00 0 
7afb44021000-7afb48000000 ---p 00000000 00:00 0 
7afb48000000-7afb48021000 rw-p 00000000 00:00 0 
7afb48021000-7afb4c000000 ---p 00000000 00:00 0 
7afb4c000000-7afb4c097000 rw-p 00000000 00:00 0 
7afb4c097000-7afb50000000 ---p 00000000 00:00 0 
7afb50000000-7afb50021000 rw-p 00000000 00:00 0 
7afb50021000-7afb54000000 ---p 00000000 00:00 0 
7afb54000000-7afb54021000 rw-p 00000000 00:00 0 
7afb54021000-7afb58000000 ---p 00000000 00:00 0 
7afb58000000-7afb58021000 rw-p 00000000 00:00 0 
7afb58021000-7afb5c000000 ---p 00000000 00:00 0 
7afb5c000000-7afb5c021000 rw-p 00000000 00:00 0 
7afb5c021000-7afb60000000 ---p 00000000 00:00 0 
7afb60000000-7afb60040000 rw-p 00000000 00:00 0 
7afb60040000-7afb60400000 ---p 00000000 00:00 0 
7afb60400000-7afb60410000 rw-p 00000000 00:00 0 
7afb60410000-7afb64000000 ---p 00000000 00:00 0 
7afb64000000-7afb64021000 rw-p 00000000 00:00 0 
7afb64021000-7afb68000000 ---p 00000000 00:00 0 
7afb697ff000-7afb6a000000 rw-p 00000000 00:00 0 
7afb6a000000-7afb6aec3000 rw-p 00001000 00:43 562949955655235            /mnt/c/Github/valhalla+vector/build/linux-x86_64-server-slowdebug/images/jdk/lib/server/classes_valhalla.jsa
7afb6aec3000-7afb6b000000 ---p 00000000 00:00 0 
7afb6b000000-7afb6b010000 rw-p 00000000 00:00 0 
7afb6b010000-7afb6b040000 ---p 00000000 00:00 0 
7afb6b040000-7afb6b050000 rw-p 00000000 00:00 0 
7afb6b050000-7afbab000000 ---p 00000000 00:00 0 
7afbab133000-7afbac000000 rw-p 00000000 00:00 0 
7afbac000000-7afbac021000 rw-p 00000000 00:00 0 
7afbac021000-7afbb0000000 ---p 00000000 00:00 0 
7afbb0000000-7afbb0021000 rw-p 00000000 00:00 0 
7afbb0021000-7afbb4000000 ---p 00000000 00:00 0 
7afbb4000000-7afbb4021000 rw-p 00000000 00:00 0 
7afbb4021000-7afbb8000000 ---p 00000000 00:00 0 
7afbb8738000-7afbb9dfe000 rw-p 00000000 00:00 0 
7afbb9dfe000-7afbb9e02000 ---p 00000000 00:00 0 
7afbb9e02000-7afbb9eff000 rw-p 00000000 00:00 0 
7afbb9eff000-7afbb9f03000 ---p 00000000 00:00 0 
7afbb9f03000-7afbbc000000 rw-p 00000000 00:00 0 
7afbbc000000-7afbbc021000 rw-p 00000000 00:00 0 
7afbbc021000-7afbc0000000 ---p 00000000 00:00 0 
7afbc0000000-7afbc0021000 rw-p 00000000 00:00 0 
7afbc0021000-7afbc4000000 ---p 00000000 00:00 0 
7afbc4000000-7afbc4021000 rw-p 00000000 00:00 0 
7afbc4021000-7afbc8000000 ---p 00000000 00:00 0 
7afbc8055000-7afbc8059000 r--p 00000000 00:43 562949955654619            /mnt/c/Github/valhalla+vector/build/linux-x86_64-server-slowdebug/images/jdk/lib/libjsvml.so
7afbc8059000-7afbc809a000 r-xp 00004000 00:43 562949955654619            /mnt/c/Github/valhalla+vector/build/linux-x86_64-server-slowdebug/images/jdk/lib/libjsvml.so
7afbc809a000-7afbc8123000 r--p 00045000 00:43 562949955654619            /mnt/c/Github/valhalla+vector/build/linux-x86_64-server-slowdebug/images/jdk/lib/libjsvml.so
7afbc8123000-7afbc8124000 r--p 000cd000 00:43 562949955654619            /mnt/c/Github/valhalla+vector/build/linux-x86_64-server-slowdebug/images/jdk/lib/libjsvml.so
7afbc8124000-7afbc8125000 rw-p 000ce000 00:43 562949955654619            /mnt/c/Github/valhalla+vector/build/linux-x86_64-server-slowdebug/images/jdk/lib/libjsvml.so
7afbc8125000-7afbc8129000 ---p 00000000 00:00 0 
7afbc8129000-7afbc8226000 rw-p 00000000 00:00 0 
7afbc8226000-7afbc822a000 ---p 00000000 00:00 0 
7afbc822a000-7afbc8327000 rw-p 00000000 00:00 0 
7afbc8327000-7afbc832b000 ---p 00000000 00:00 0 
7afbc832b000-7afbc8428000 rw-p 00000000 00:00 0 
7afbc8428000-7afbc842c000 ---p 00000000 00:00 0 
7afbc842c000-7afbc8529000 rw-p 00000000 00:00 0 
7afbc8529000-7afbc8799000 rwxp 00000000 00:00 0 
7afbc8799000-7afbcfa60000 ---p 00000000 00:00 0 
7afbcfa60000-7afbcfcd0000 rwxp 00000000 00:00 0 
7afbcfcd0000-7afbcfff1000 ---p 00000000 00:00 0 
7afbcfff1000-7afbd0261000 rwxp 00000000 00:00 0 
7afbd0261000-7afbd7529000 ---p 00000000 00:00 0 
7afbd7529000-7afbe0000000 r--s 00000000 00:43 1125899909075706           /mnt/c/Github/valhalla+vector/build/linux-x86_64-server-slowdebug/images/jdk/lib/modules
7afbe0000000-7afbe02ba000 rw-p 00000000 00:00 0 
7afbe02ba000-7afbe4000000 ---p 00000000 00:00 0 
7afbe408b000-7afbe408f000 ---p 00000000 00:00 0 
7afbe408f000-7afbe418c000 rw-p 00000000 00:00 0 
7afbe418c000-7afbe4190000 ---p 00000000 00:00 0 
7afbe4190000-7afbe428d000 rw-p 00000000 00:00 0 
7afbe428d000-7afbe4400000 r--p 00000000 08:30 22149                      /usr/lib/locale/C.UTF-8/LC_COLLATE
7afbe4400000-7afbe46e6000 r--p 00000000 08:30 1684                       /usr/lib/locale/locale-archive
7afbe46f0000-7afbe46f3000 r--p 00000000 00:43 562949955654568            /mnt/c/Github/valhalla+vector/build/linux-x86_64-server-slowdebug/images/jdk/lib/libnet.so
7afbe46f3000-7afbe46fe000 r-xp 00003000 00:43 562949955654568            /mnt/c/Github/valhalla+vector/build/linux-x86_64-server-slowdebug/images/jdk/lib/libnet.so
7afbe46fe000-7afbe4700000 r--p 0000e000 00:43 562949955654568            /mnt/c/Github/valhalla+vector/build/linux-x86_64-server-slowdebug/images/jdk/lib/libnet.so
7afbe4700000-7afbe4701000 ---p 00010000 00:43 562949955654568            /mnt/c/Github/valhalla+vector/build/linux-x86_64-server-slowdebug/images/jdk/lib/libnet.so
7afbe4701000-7afbe4702000 r--p 00010000 00:43 562949955654568            /mnt/c/Github/valhalla+vector/build/linux-x86_64-server-slowdebug/images/jdk/lib/libnet.so
7afbe4702000-7afbe4703000 rw-p 00011000 00:43 562949955654568            /mnt/c/Github/valhalla+vector/build/linux-x86_64-server-slowdebug/images/jdk/lib/libnet.so
7afbe4703000-7afbe4706000 r--p 00000000 00:43 562949955654570            /mnt/c/Github/valhalla+vector/build/linux-x86_64-server-slowdebug/images/jdk/lib/libsimdsort.so
7afbe4706000-7afbe478b000 r-xp 00003000 00:43 562949955654570            /mnt/c/Github/valhalla+vector/build/linux-x86_64-server-slowdebug/images/jdk/lib/libsimdsort.so
7afbe478b000-7afbe479c000 r--p 00088000 00:43 562949955654570            /mnt/c/Github/valhalla+vector/build/linux-x86_64-server-slowdebug/images/jdk/lib/libsimdsort.so
7afbe479c000-7afbe479d000 r--p 00098000 00:43 562949955654570            /mnt/c/Github/valhalla+vector/build/linux-x86_64-server-slowdebug/images/jdk/lib/libsimdsort.so
7afbe479d000-7afbe479e000 rw-p 00099000 00:43 562949955654570            /mnt/c/Github/valhalla+vector/build/linux-x86_64-server-slowdebug/images/jdk/lib/libsimdsort.so
7afbe479e000-7afbe47d0000 r--p 00000000 08:30 22150                      /usr/lib/locale/C.UTF-8/LC_CTYPE
7afbe47d0000-7afbe48ed000 rw-p 00000000 00:00 0 
7afbe48ed000-7afbe48ee000 ---p 00000000 00:00 0 
7afbe48ee000-7afbe49ee000 rw-p 00000000 00:00 0 
7afbe49ee000-7afbe49ef000 ---p 00000000 00:00 0 
7afbe49ef000-7afbe49f3000 ---p 00000000 00:00 0 
7afbe49f3000-7afbe4aef000 rw-p 00000000 00:00 0 
7afbe4aef000-7afbe4af0000 ---p 00000000 00:00 0 
7afbe4af0000-7afbe4bf0000 rw-p 00000000 00:00 0 
7afbe4bf0000-7afbe4bf6000 r--p 00000000 00:43 562949955654569            /mnt/c/Github/valhalla+vector/build/linux-x86_64-server-slowdebug/images/jdk/lib/libnio.so
7afbe4bf6000-7afbe4c02000 r-xp 00006000 00:43 562949955654569            /mnt/c/Github/valhalla+vector/build/linux-x86_64-server-slowdebug/images/jdk/lib/libnio.so
7afbe4c02000-7afbe4c05000 r--p 00012000 00:43 562949955654569            /mnt/c/Github/valhalla+vector/build/linux-x86_64-server-slowdebug/images/jdk/lib/libnio.so
7afbe4c05000-7afbe4c06000 ---p 00015000 00:43 562949955654569            /mnt/c/Github/valhalla+vector/build/linux-x86_64-server-slowdebug/images/jdk/lib/libnio.so
7afbe4c06000-7afbe4c07000 r--p 00015000 00:43 562949955654569            /mnt/c/Github/valhalla+vector/build/linux-x86_64-server-slowdebug/images/jdk/lib/libnio.so
7afbe4c07000-7afbe4c08000 rw-p 00016000 00:43 562949955654569            /mnt/c/Github/valhalla+vector/build/linux-x86_64-server-slowdebug/images/jdk/lib/libnio.so
7afbe4c08000-7afbe4c09000 r--p 00000000 08:30 22156                      /usr/lib/locale/C.UTF-8/LC_NUMERIC
7afbe4c09000-7afbe4c0a000 r--p 00000000 08:30 22159                      /usr/lib/locale/C.UTF-8/LC_TIME
7afbe4c0a000-7afbe4c0b000 r--p 00000000 08:30 22154                      /usr/lib/locale/C.UTF-8/LC_MONETARY
7afbe4c0b000-7afbe4c0c000 r--p 00000000 08:30 22153                      /usr/lib/locale/C.UTF-8/LC_MESSAGES/SYS_LC_MESSAGES
7afbe4c0c000-7afbe4c0d000 r--p 00000000 08:30 22157                      /usr/lib/locale/C.UTF-8/LC_PAPER
7afbe4c0d000-7afbe4c0e000 r--p 00000000 08:30 22155                      /usr/lib/locale/C.UTF-8/LC_NAME
7afbe4c0e000-7afbe4c15000 r--s 00000000 08:30 41865                      /usr/lib/x86_64-linux-gnu/gconv/gconv-modules.cache
7afbe4c15000-7afbe4c17000 r--p 00000000 00:43 562949955654573            /mnt/c/Github/valhalla+vector/build/linux-x86_64-server-slowdebug/images/jdk/lib/libzip.so
7afbe4c17000-7afbe4c1e000 r-xp 00002000 00:43 562949955654573            /mnt/c/Github/valhalla+vector/build/linux-x86_64-server-slowdebug/images/jdk/lib/libzip.so
7afbe4c1e000-7afbe4c20000 r--p 00009000 00:43 562949955654573            /mnt/c/Github/valhalla+vector/build/linux-x86_64-server-slowdebug/images/jdk/lib/libzip.so
7afbe4c20000-7afbe4c21000 r--p 0000a000 00:43 562949955654573            /mnt/c/Github/valhalla+vector/build/linux-x86_64-server-slowdebug/images/jdk/lib/libzip.so
7afbe4c21000-7afbe4c22000 rw-p 0000b000 00:43 562949955654573            /mnt/c/Github/valhalla+vector/build/linux-x86_64-server-slowdebug/images/jdk/lib/libzip.so
7afbe4c22000-7afbe4c23000 ---p 00000000 00:00 0 
7afbe4c23000-7afbe4d23000 rw-p 00000000 00:00 0 
7afbe4d23000-7afbe4d24000 ---p 00000000 00:00 0 
7afbe4d24000-7afbe562c000 rw-p 00000000 00:00 0 
7afbe562c000-7afbe562d000 ---p 00000000 00:00 0 
7afbe562d000-7afbe572d000 rw-p 00000000 00:00 0 
7afbe572d000-7afbe572e000 ---p 00000000 00:00 0 
7afbe572e000-7afbe582e000 rw-p 00000000 00:00 0 
7afbe582e000-7afbe582f000 ---p 00000000 00:00 0 
7afbe582f000-7afbe5a5c000 rw-p 00000000 00:00 0 
7afbe5a5c000-7afbe681c000 ---p 00000000 00:00 0 
7afbe681c000-7afbe683a000 rw-p 00000000 00:00 0 
7afbe683a000-7afbe69f2000 ---p 00000000 00:00 0 
7afbe69f2000-7afbe6a10000 rw-p 00000000 00:00 0 
7afbe6a10000-7afbe6bc8000 ---p 00000000 00:00 0 
7afbe6bc8000-7afbe73d5000 rw-p 00000000 00:00 0 
7afbe73d5000-7afbe74bb000 ---p 00000000 00:00 0 
7afbe74bb000-7afbe74c0000 rw-p 00000000 00:00 0 
7afbe74c0000-7afbe75a6000 ---p 00000000 00:00 0 
7afbe75a6000-7afbe75b2000 r--p 00000000 00:43 562949955654564            /mnt/c/Github/valhalla+vector/build/linux-x86_64-server-slowdebug/images/jdk/lib/libjava.so
7afbe75b2000-7afbe75c9000 r-xp 0000c000 00:43 562949955654564            /mnt/c/Github/valhalla+vector/build/linux-x86_64-server-slowdebug/images/jdk/lib/libjava.so
7afbe75c9000-7afbe75cf000 r--p 00023000 00:43 562949955654564            /mnt/c/Github/valhalla+vector/build/linux-x86_64-server-slowdebug/images/jdk/lib/libjava.so
7afbe75cf000-7afbe75d0000 r--p 00028000 00:43 562949955654564            /mnt/c/Github/valhalla+vector/build/linux-x86_64-server-slowdebug/images/jdk/lib/libjava.so
7afbe75d0000-7afbe75d1000 rw-p 00029000 00:43 562949955654564            /mnt/c/Github/valhalla+vector/build/linux-x86_64-server-slowdebug/images/jdk/lib/libjava.so
7afbe75d1000-7afbe75d2000 rw-p 00000000 00:00 0 
7afbe75d2000-7afbe75d5000 r--p 00000000 08:30 41606                      /usr/lib/x86_64-linux-gnu/libnss_files-2.31.so
7afbe75d5000-7afbe75dc000 r-xp 00003000 08:30 41606                      /usr/lib/x86_64-linux-gnu/libnss_files-2.31.so
7afbe75dc000-7afbe75de000 r--p 0000a000 08:30 41606                      /usr/lib/x86_64-linux-gnu/libnss_files-2.31.so
7afbe75de000-7afbe75df000 r--p 0000b000 08:30 41606                      /usr/lib/x86_64-linux-gnu/libnss_files-2.31.so
7afbe75df000-7afbe75e0000 rw-p 0000c000 08:30 41606                      /usr/lib/x86_64-linux-gnu/libnss_files-2.31.so
7afbe75e0000-7afbe75e6000 rw-p 00000000 00:00 0 
7afbe75e6000-7afbe75e7000 r--p 00000000 08:30 22148                      /usr/lib/locale/C.UTF-8/LC_ADDRESS
7afbe75e7000-7afbe75e8000 r--p 00000000 08:30 22158                      /usr/lib/locale/C.UTF-8/LC_TELEPHONE
7afbe75e8000-7afbe75ed000 rw-p 00000000 00:00 0 
7afbe75ed000-7afbe75f4000 ---p 00000000 00:00 0 
7afbe75f4000-7afbe75f8000 r--p 00000000 00:43 562949955654565            /mnt/c/Github/valhalla+vector/build/linux-x86_64-server-slowdebug/images/jdk/lib/libjimage.so
7afbe75f8000-7afbe760f000 r-xp 00004000 00:43 562949955654565            /mnt/c/Github/valhalla+vector/build/linux-x86_64-server-slowdebug/images/jdk/lib/libjimage.so
7afbe760f000-7afbe7617000 r--p 0001b000 00:43 562949955654565            /mnt/c/Github/valhalla+vector/build/linux-x86_64-server-slowdebug/images/jdk/lib/libjimage.so
7afbe7617000-7afbe7619000 r--p 00022000 00:43 562949955654565            /mnt/c/Github/valhalla+vector/build/linux-x86_64-server-slowdebug/images/jdk/lib/libjimage.so
7afbe7619000-7afbe761a000 rw-p 00024000 00:43 562949955654565            /mnt/c/Github/valhalla+vector/build/linux-x86_64-server-slowdebug/images/jdk/lib/libjimage.so
7afbe761a000-7afbe761e000 ---p 00000000 00:00 0 
7afbe761e000-7afbe771b000 rw-p 00000000 00:00 0 
7afbe771b000-7afbe7728000 r--p 00000000 08:30 41600                      /usr/lib/x86_64-linux-gnu/libm-2.31.so
7afbe7728000-7afbe77cf000 r-xp 0000d000 08:30 41600                      /usr/lib/x86_64-linux-gnu/libm-2.31.so
7afbe77cf000-7afbe7868000 r--p 000b4000 08:30 41600                      /usr/lib/x86_64-linux-gnu/libm-2.31.so
7afbe7868000-7afbe7869000 r--p 0014c000 08:30 41600                      /usr/lib/x86_64-linux-gnu/libm-2.31.so
7afbe7869000-7afbe786a000 rw-p 0014d000 08:30 41600                      /usr/lib/x86_64-linux-gnu/libm-2.31.so
7afbe786a000-7afbe786c000 r--p 00000000 08:30 41613                      /usr/lib/x86_64-linux-gnu/librt-2.31.so
7afbe786c000-7afbe7870000 r-xp 00002000 08:30 41613                      /usr/lib/x86_64-linux-gnu/librt-2.31.so
7afbe7870000-7afbe7872000 r--p 00006000 08:30 41613                      /usr/lib/x86_64-linux-gnu/librt-2.31.so
7afbe7872000-7afbe7873000 r--p 00007000 08:30 41613                      /usr/lib/x86_64-linux-gnu/librt-2.31.so
7afbe7873000-7afbe7874000 rw-p 00008000 08:30 41613                      /usr/lib/x86_64-linux-gnu/librt-2.31.so
7afbe7874000-7afbe7ef0000 r--p 00000000 00:43 562949955654580            /mnt/c/Github/valhalla+vector/build/linux-x86_64-server-slowdebug/images/jdk/lib/server/libjvm.so
7afbe7ef0000-7afbe95eb000 r-xp 0067c000 00:43 562949955654580            /mnt/c/Github/valhalla+vector/build/linux-x86_64-server-slowdebug/images/jdk/lib/server/libjvm.so
7afbe95eb000-7afbea8b3000 r--p 01d77000 00:43 562949955654580            /mnt/c/Github/valhalla+vector/build/linux-x86_64-server-slowdebug/images/jdk/lib/server/libjvm.so
7afbea8b3000-7afbea9c5000 r--p 0303e000 00:43 562949955654580            /mnt/c/Github/valhalla+vector/build/linux-x86_64-server-slowdebug/images/jdk/lib/server/libjvm.so
7afbea9c5000-7afbeab0e000 rw-p 03150000 00:43 562949955654580            /mnt/c/Github/valhalla+vector/build/linux-x86_64-server-slowdebug/images/jdk/lib/server/libjvm.so
7afbeab0e000-7afbeabd9000 rw-p 00000000 00:00 0 
7afbeabd9000-7afbeabdf000 r--p 00000000 08:30 41611                      /usr/lib/x86_64-linux-gnu/libpthread-2.31.so
7afbeabdf000-7afbeabf0000 r-xp 00006000 08:30 41611                      /usr/lib/x86_64-linux-gnu/libpthread-2.31.so
7afbeabf0000-7afbeabf6000 r--p 00017000 08:30 41611                      /usr/lib/x86_64-linux-gnu/libpthread-2.31.so
7afbeabf6000-7afbeabf7000 r--p 0001c000 08:30 41611                      /usr/lib/x86_64-linux-gnu/libpthread-2.31.so
7afbeabf7000-7afbeabf8000 rw-p 0001d000 08:30 41611                      /usr/lib/x86_64-linux-gnu/libpthread-2.31.so
7afbeabf8000-7afbeabfc000 rw-p 00000000 00:00 0 
7afbeabfc000-7afbeabfd000 r--p 00000000 08:30 41599                      /usr/lib/x86_64-linux-gnu/libdl-2.31.so
7afbeabfd000-7afbeabff000 r-xp 00001000 08:30 41599                      /usr/lib/x86_64-linux-gnu/libdl-2.31.so
7afbeabff000-7afbeac00000 r--p 00003000 08:30 41599                      /usr/lib/x86_64-linux-gnu/libdl-2.31.so
7afbeac00000-7afbeac01000 r--p 00003000 08:30 41599                      /usr/lib/x86_64-linux-gnu/libdl-2.31.so
7afbeac01000-7afbeac02000 rw-p 00004000 08:30 41599                      /usr/lib/x86_64-linux-gnu/libdl-2.31.so
7afbeac02000-7afbeac04000 r--p 00000000 08:30 13174                      /usr/lib/x86_64-linux-gnu/libz.so.1.2.11
7afbeac04000-7afbeac15000 r-xp 00002000 08:30 13174                      /usr/lib/x86_64-linux-gnu/libz.so.1.2.11
7afbeac15000-7afbeac1b000 r--p 00013000 08:30 13174                      /usr/lib/x86_64-linux-gnu/libz.so.1.2.11
7afbeac1b000-7afbeac1c000 ---p 00019000 08:30 13174                      /usr/lib/x86_64-linux-gnu/libz.so.1.2.11
7afbeac1c000-7afbeac1d000 r--p 00019000 08:30 13174                      /usr/lib/x86_64-linux-gnu/libz.so.1.2.11
7afbeac1d000-7afbeac1e000 rw-p 0001a000 08:30 13174                      /usr/lib/x86_64-linux-gnu/libz.so.1.2.11
7afbeac1e000-7afbeac40000 r--p 00000000 08:30 41598                      /usr/lib/x86_64-linux-gnu/libc-2.31.so
7afbeac40000-7afbeadb8000 r-xp 00022000 08:30 41598                      /usr/lib/x86_64-linux-gnu/libc-2.31.so
7afbeadb8000-7afbeae06000 r--p 0019a000 08:30 41598                      /usr/lib/x86_64-linux-gnu/libc-2.31.so
7afbeae06000-7afbeae0a000 r--p 001e7000 08:30 41598                      /usr/lib/x86_64-linux-gnu/libc-2.31.so
7afbeae0a000-7afbeae0c000 rw-p 001eb000 08:30 41598                      /usr/lib/x86_64-linux-gnu/libc-2.31.so
7afbeae0c000-7afbeae10000 rw-p 00000000 00:00 0 
7afbeae10000-7afbeae11000 r--p 00000000 08:30 22152                      /usr/lib/locale/C.UTF-8/LC_MEASUREMENT
7afbeae11000-7afbeae12000 r--p 00000000 08:30 22151                      /usr/lib/locale/C.UTF-8/LC_IDENTIFICATION
7afbeae12000-7afbeae14000 r--s 00037000 00:43 562949955654584            /mnt/c/Github/valhalla+vector/build/linux-x86_64-server-slowdebug/images/jdk/lib/valueclasses/java.base-valueclasses.jar
7afbeae14000-7afbeae1c000 rw-s 00000000 08:30 37942                      /tmp/hsperfdata_jatinbha/2342
7afbeae1c000-7afbeae1d000 ---p 00000000 00:00 0 
7afbeae1d000-7afbeae1e000 r--p 00000000 00:00 0 
7afbeae1e000-7afbeae21000 r--p 00000000 00:43 562949955654566            /mnt/c/Github/valhalla+vector/build/linux-x86_64-server-slowdebug/images/jdk/lib/libjli.so
7afbeae21000-7afbeae2f000 r-xp 00003000 00:43 562949955654566            /mnt/c/Github/valhalla+vector/build/linux-x86_64-server-slowdebug/images/jdk/lib/libjli.so
7afbeae2f000-7afbeae33000 r--p 00011000 00:43 562949955654566            /mnt/c/Github/valhalla+vector/build/linux-x86_64-server-slowdebug/images/jdk/lib/libjli.so
7afbeae33000-7afbeae34000 r--p 00014000 00:43 562949955654566            /mnt/c/Github/valhalla+vector/build/linux-x86_64-server-slowdebug/images/jdk/lib/libjli.so
7afbeae34000-7afbeae35000 rw-p 00015000 00:43 562949955654566            /mnt/c/Github/valhalla+vector/build/linux-x86_64-server-slowdebug/images/jdk/lib/libjli.so
7afbeae35000-7afbeae37000 rw-p 00000000 00:00 0 
7afbeae37000-7afbeae38000 r--p 00000000 08:30 21885                      /usr/lib/x86_64-linux-gnu/ld-2.31.so
7afbeae38000-7afbeae5b000 r-xp 00001000 08:30 21885                      /usr/lib/x86_64-linux-gnu/ld-2.31.so
7afbeae5b000-7afbeae63000 r--p 00024000 08:30 21885                      /usr/lib/x86_64-linux-gnu/ld-2.31.so
7afbeae63000-7afbeae64000 rwxp 00000000 00:00 0 
7afbeae64000-7afbeae65000 r--p 0002c000 08:30 21885                      /usr/lib/x86_64-linux-gnu/ld-2.31.so
7afbeae65000-7afbeae66000 rw-p 0002d000 08:30 21885                      /usr/lib/x86_64-linux-gnu/ld-2.31.so
7afbeae66000-7afbeae67000 rw-p 00000000 00:00 0 
7ffce7611000-7ffce7633000 rw-p 00000000 00:00 0                          [stack]
7ffce76be000-7ffce76c2000 r--p 00000000 00:00 0                          [vvar]
7ffce76c2000-7ffce76c4000 r-xp 00000000 00:00 0                          [vdso]
Total number of mappings: 226

JVMTI agents: none


VM Arguments:
jvm_args: -Xbootclasspath/a:. --enable-preview --add-exports=java.base/jdk.internal.vm.annotation=ALL-UNNAMED -XX:+UseNonAtomicValueFlattening --add-exports=java.base/jdk.internal.misc=ALL-UNNAMED -XX:+PauseAtStartup -XX:-UseOnStackReplacement -XX:+PrintInlineLayout -XX:CompileOnly=Float256Vector::add 
java_command: vector_api_proto
java_class_path (initial): .
Launcher Type: SUN_STANDARD

[Global flags]
     bool AOTInvokeDynamicLinking                  = false                                  {diagnostic} {ergonomic}     AOT-link JVM_CONSTANT_InvokeDynamic entries in cached ConstantPools
     intx CICompilerCount                          = 4                                         {product} {ergonomic}     Number of compiler threads to run
ccstrlist CompileOnly                              = Float256Vector::add                       {product} {command line}  List of methods (pkg/class.name) to restrict compilation to
     uint ConcGCThreads                            = 2                                         {product} {ergonomic}     Number of threads concurrent gc will use
     bool EnableValhalla                           = true                                      {product} {command line}  Enable experimental Valhalla features
     uint G1ConcRefinementThreads                  = 8                                         {product} {ergonomic}     The number of parallel remembered set update threads. Will be set ergonomically by default.
   size_t G1HeapRegionSize                         = 1048576                                   {product} {ergonomic}     Size of the G1 regions.
   size_t InitialHeapSize                          = 62914560                                  {product} {ergonomic}     Initial heap size (in bytes); zero means use ergonomics
   size_t MarkStackSize                            = 4194304                                   {product} {ergonomic}     Size of marking stack in bytes.
   size_t MarkStackSizeMax                         = 536870912                                 {product} {ergonomic}     Maximum size of marking stack in bytes.
   size_t MaxHeapSize                              = 985661440                                 {product} {ergonomic}     Maximum heap size (in bytes)
   size_t MaxNewSize                               = 591396864                                 {product} {ergonomic}     Maximum new generation size (in bytes), max_uintx means set ergonomically
   size_t MinHeapDeltaBytes                        = 1048576                                   {product} {ergonomic}     The minimum change in heap space due to GC (in bytes)
   size_t MinHeapSize                              = 8388608                                   {product} {ergonomic}     Minimum heap size (in bytes); zero means use ergonomics
    uintx NonNMethodCodeHeapSize                   = 5836800                                {pd product} {ergonomic}     Size of code heap with non-nmethods (in bytes)
    uintx NonProfiledCodeHeapSize                  = 122912768                              {pd product} {ergonomic}     Size of code heap with non-profiled methods (in bytes)
     bool PauseAtStartup                           = true                                   {diagnostic} {command line}  Causes the VM to pause at startup time and wait for the pause file to be removed (default: ./vm.paused.<pid>)
     bool PrintInlineLayout                        = true                                   {diagnostic} {command line}  Print field layout for each inline type or class with inline fields
    uintx ProfiledCodeHeapSize                     = 122908672                              {pd product} {ergonomic}     Size of code heap with profiled methods (in bytes)
    uintx ReservedCodeCacheSize                    = 251658240                              {pd product} {ergonomic}     Reserved code cache size (in bytes) - maximum code cache size
     bool SegmentedCodeCache                       = true                                      {product} {ergonomic}     Use a segmented code cache
   size_t SoftMaxHeapSize                          = 985661440                              {manageable} {ergonomic}     Soft limit for maximum heap size (in bytes)
     bool THPStackMitigation                       = false                                  {diagnostic} {ergonomic}     If THPs are unconditionally enabled on the system (mode "always"), the JVM will prevent THP from forming in thread stacks. When disabled, the absence of this mitigationallows THPs to form in thread stacks.
     bool UseCompressedOops                        = true                           {product lp64_product} {ergonomic}   Use 32-bit object references in 64-bit VM. lp64_product means flag is always constant in 32 bit VM
     bool UseG1GC                                  = true                                      {product} {ergonomic}     Use the Garbage-First garbage collector
     bool UseNonAtomicValueFlattening              = true                                      {product} {command line}  Allow the JVM to flatten some non-atomic null-free values
     bool UseOnStackReplacement                    = false                                  {pd product} {command line}  Use on stack replacement, calls runtime if invoc. counter overflows in loop

Logging:
Log output configuration:
 #0: stdout all=warning uptime,level,tags foldmultilines=false
 #1: stderr all=off uptime,level,tags foldmultilines=false

Environment Variables:
JAVA_HOME=/mnt/c/Github/valhalla+vector/build/linux-x86_64-server-slowdebug/images/jdk/
PATH=/mnt/c/Github/valhalla+vector/build/linux-x86_64-server-slowdebug/images/jdk//bin:/home/jatinbha/.local/bin:/home/jatinbha/bin:/mnt/c/Github/softwares/cmake-4.1.1-linux-x86_64/bin:/mnt/c/Github/softwares/intellij/idea-IC-252.25557.131/bin:/mnt/c/Github/mx:/mnt/c/Github/workloads/VectorAPI/jruby/bin:/home/jatinbha/softwares/jdk-26//bin:/mnt/c/Github/softwares/async-profiler-4.1-linux-x64/bin:/home/jatinbha/softwares/gradle-8.14.3/bin:/home/jatinbha/softwares/gradle-9.0.0/bin:/mnt/c/Github/softwares/sde-external-9.58.0-2025-06-16-lin:/mnt/c/Github/softwares/apache-maven-3.9.11/bin:/home/jatinbha/.rbenv/shims:/usr/local/sbin:/usr/local/bin:/usr/sbin:/usr/bin:/sbin:/bin:/usr/games:/usr/local/games:/usr/lib/wsl/lib:/mnt/c/WINDOWS/system32:/mnt/c/WINDOWS:/mnt/c/WINDOWS/System32/Wbem:/mnt/c/WINDOWS/System32/WindowsPowerShell/v1.0/:/mnt/c/WINDOWS/System32/OpenSSH/:/mnt/c/Program Files/Git/cmd:/mnt/c/Program Files/dotnet/:/mnt/c/Github/softwares/z3/z3-4.15.2-x64-win/bin:/mnt/c/Github/softwares/openjdk-24.0.2_windows-x64_bin/jdk-24.0.2/bin:/mnt/c/Program Files/Microsoft Visual Studio/2022/Community/VC/Tools/MSVC/14.44.35207/bin/Hostx64/x64:/mnt/c/Users/jatin/AppData/Local/Microsoft/WindowsApps:/mnt/c/Users/jatin/AppData/Local/GitHubDesktop/bin:/mnt/c/Users/jatin/AppData/Local/Programs/Microsoft VS Code/bin:/mnt/c/Github/softwares/openjdk-24.0.2_windows-x64_bin/jdk-24.0.2/bin:/mnt/c/Github/softwares/z3/z3-4.15.2-x64-win/bin:/snap/bin
LD_LIBRARY_PATH=/home/jatinbha/softwares/
SHELL=/bin/bash
DISPLAY=:0
HOSTTYPE=x86_64
LANG=C.UTF-8
TERM=xterm-256color

Active Locale:
LC_ALL=C.UTF-8
LC_COLLATE=C.UTF-8
LC_CTYPE=C.UTF-8
LC_MESSAGES=C.UTF-8
LC_MONETARY=C.UTF-8
LC_NUMERIC=C.UTF-8
LC_TIME=C.UTF-8

Signal Handlers:
   SIGSEGV: crash_handler in libjvm.so, mask=11100100010111111101111111111110, flags=SA_RESTART|SA_SIGINFO, unblocked
    SIGBUS: crash_handler in libjvm.so, mask=11100100010111111101111111111110, flags=SA_RESTART|SA_SIGINFO, unblocked
    SIGFPE: crash_handler in libjvm.so, mask=11100100010111111101111111111110, flags=SA_RESTART|SA_SIGINFO, unblocked
   SIGPIPE: javaSignalHandler in libjvm.so, mask=11100100010111111101111111111110, flags=SA_RESTART|SA_SIGINFO, unblocked
   SIGXFSZ: javaSignalHandler in libjvm.so, mask=11100100010111111101111111111110, flags=SA_RESTART|SA_SIGINFO, unblocked
    SIGILL: crash_handler in libjvm.so, mask=11100100010111111101111111111110, flags=SA_RESTART|SA_SIGINFO, unblocked
   SIGUSR2: SR_handler in libjvm.so, mask=00000000000000000000000000000000, flags=SA_RESTART|SA_SIGINFO, unblocked
    SIGHUP: UserHandler in libjvm.so, mask=11100100010111111101111111111110, flags=SA_RESTART|SA_SIGINFO, unblocked
    SIGINT: UserHandler in libjvm.so, mask=11100100010111111101111111111110, flags=SA_RESTART|SA_SIGINFO, unblocked
   SIGTERM: UserHandler in libjvm.so, mask=11100100010111111101111111111110, flags=SA_RESTART|SA_SIGINFO, unblocked
   SIGQUIT: UserHandler in libjvm.so, mask=11100100010111111101111111111110, flags=SA_RESTART|SA_SIGINFO, blocked
   SIGTRAP: crash_handler in libjvm.so, mask=11100100010111111101111111111110, flags=SA_RESTART|SA_SIGINFO, unblocked


Native Memory Tracking:

(Omitting categories weighting less than 1KB)

Total: reserved=2476930KB, committed=186458KB
       malloc: 66886KB #25415, peak=66568KB #25417
       mmap:   reserved=2410044KB, committed=119572KB

-                 Java Heap (reserved=962560KB, committed=61440KB)
                            (mmap: reserved=962560KB, committed=61440KB, at peak)

-                     Class (reserved=1048666KB, committed=218KB)
                            (classes #1053)
                            (  instance classes #901, array classes #152)
                            (malloc=90KB #1241) (peak=90KB #1240)
                            (mmap: reserved=1048576KB, committed=128KB, at peak)
                            (  Metadata:   )
                            (    reserved=65536KB, committed=320KB)
                            (    used=236KB)
                            (    waste=84KB =26.40%)
                            (  Class space:)
                            (    reserved=1048576KB, committed=128KB)
                            (    used=13KB)
                            (    waste=115KB =89.69%)

-                    Thread (reserved=17497KB, committed=817KB)
                            (threads #17)
                            (stack: reserved=17444KB, committed=764KB, peak=764KB)
                            (malloc=36KB #103) (peak=44KB #107)
                            (arena=18KB #30) (peak=136KB #30)

-                      Code (reserved=248107KB, committed=7967KB)
                            (malloc=386KB #11228) (peak=386KB #11232)
                            (mmap: reserved=247688KB, committed=7548KB, at peak)
                            (arena=33KB #1) (at peak)

-                        GC (reserved=68535KB, committed=50935KB)
                            (malloc=16723KB #489) (peak=16723KB #492)
                            (mmap: reserved=51812KB, committed=34212KB, at peak)

-                 GCCardSet (reserved=1KB, committed=1KB)
                            (malloc=1KB #4) (peak=1KB #5)

-                  Compiler (reserved=423KB, committed=423KB)
                            (malloc=31KB #37) (peak=31KB #41)
                            (arena=393KB #11) (peak=636KB #12)

-                  Internal (reserved=47028KB, committed=47028KB)
                            (malloc=46992KB #6546) (peak=46992KB #6547)
                            (mmap: reserved=36KB, committed=36KB, at peak)

-                     Other (reserved=0KB, committed=0KB)
                            (malloc=0KB) (peak=2KB #1)

-                    Symbol (reserved=1250KB, committed=1250KB)
                            (malloc=890KB #3324) (at peak)
                            (arena=360KB #1) (at peak)

-    Native Memory Tracking (reserved=453KB, committed=453KB)
                            (malloc=6KB #63) (at peak)
                            (arena=0KB #0) (peak=128KB #1)
                            (tracking overhead=447KB)

-        Shared class space (reserved=16384KB, committed=15116KB, readonly=0KB)
                            (mmap: reserved=16384KB, committed=15116KB, peak=15316KB)

-               Arena Chunk (reserved=235KB, committed=235KB)
                            (malloc=235KB #63) (peak=1166KB #65)

-                    Module (reserved=199KB, committed=199KB)
                            (malloc=199KB #2135) (at peak)

-                 Safepoint (reserved=8KB, committed=8KB)
                            (mmap: reserved=8KB, committed=8KB, at peak)

-           Synchronization (reserved=18KB, committed=18KB)
                            (malloc=18KB #138) (at peak)

-            Serviceability (reserved=17KB, committed=17KB)
                            (malloc=17KB #10) (peak=17KB #14)

-                 Metaspace (reserved=65548KB, committed=332KB)
                            (malloc=12KB #8) (at peak)
                            (mmap: reserved=65536KB, committed=320KB, at peak)

-      String Deduplication (reserved=1KB, committed=1KB)
                            (malloc=1KB #8) (at peak)

-           Object Monitors (reserved=1KB, committed=1KB)
                            (malloc=1KB #3) (at peak)

Preinit state:entries: 391 (primary: 388, empties: 7803), sum bytes: 14884, longest chain length: 2
pre-init mallocs: 431, pre-init reallocs: 8, pre-init frees: 40
MallocLimit: unset

Compiler Memory Statistic, 10 most expensive compilations:
ctyp  total     ra        node      comp      type      states    reglive   regsplit  superword cienv     ha        other     #nodes  result  limit     time    id    thread             method
c1    229096    229096    0         0         0         0         0         0         0         0         0         0         -       ok      1073741824 73.972 28    0x00007afbe01acb00 Float256Vector::add((LFloat256Vector;LFloat256Vector;)LFloat256Vector;) 
Total: 1 (C1: 1, C2: 0)

Periodic native trim disabled

---------------  S Y S T E M  ---------------

OS:
DISTRIB_ID=Ubuntu
DISTRIB_RELEASE=20.04
DISTRIB_CODENAME=focal
DISTRIB_DESCRIPTION="Ubuntu 20.04.6 LTS"
uname: Linux jatinbha-ws 6.6.87.2-microsoft-standard-WSL2 #1 SMP PREEMPT_DYNAMIC Thu Jun  5 18:30:46 UTC 2025 x86_64
OS uptime: 0 days 0:45 hours
libc: glibc 2.31 NPTL 2.31 
rlimit (soft/hard): STACK 8192k/infinity , CORE 0k/infinity , NPROC 14993/14993 , NOFILE 1048576/1048576 , AS infinity/infinity , CPU infinity/infinity , DATA infinity/infinity , FSIZE infinity/infinity , MEMLOCK 65536k/65536k
load average: 0.76 0.60 0.68

/proc/meminfo:
MemTotal:        3848416 kB
MemFree:         2542624 kB
MemAvailable:    2873460 kB
Buffers:            7000 kB
Cached:           377476 kB
SwapCached:            0 kB
Active:            68684 kB
Inactive:         942780 kB
Active(anon):       2692 kB
Inactive(anon):   628608 kB
Active(file):      65992 kB
Inactive(file):   314172 kB
Unevictable:           0 kB
Mlocked:               0 kB
SwapTotal:       1048576 kB
SwapFree:        1048576 kB
Dirty:               132 kB
Writeback:             0 kB
AnonPages:        627120 kB
Mapped:           303132 kB
Shmem:              4232 kB
KReclaimable:      25504 kB
Slab:              74620 kB
SReclaimable:      25504 kB
SUnreclaim:        49116 kB
KernelStack:        4672 kB
PageTables:         6512 kB
SecPageTables:         0 kB
NFS_Unstable:          0 kB
Bounce:                0 kB
WritebackTmp:          0 kB
CommitLimit:     2972784 kB
Committed_AS:    1513488 kB
VmallocTotal:   34359738367 kB
VmallocUsed:       28996 kB
VmallocChunk:          0 kB
Percpu:             3648 kB
HardwareCorrupted:     0 kB
AnonHugePages:         0 kB
ShmemHugePages:        0 kB
ShmemPmdMapped:        0 kB
FileHugePages:         0 kB
FilePmdMapped:         0 kB
Unaccepted:            0 kB
HugePages_Total:       0
HugePages_Free:        0
HugePages_Rsvd:        0
HugePages_Surp:        0
Hugepagesize:       2048 kB
Hugetlb:               0 kB
DirectMap4k:       64512 kB
DirectMap2M:     3964928 kB
DirectMap1G:     8388608 kB

/sys/kernel/mm/transparent_hugepage/enabled: always [madvise] never
/sys/kernel/mm/transparent_hugepage/hpage_pmd_size: 2097152
/sys/kernel/mm/transparent_hugepage/shmem_enabled: always within_size advise [never] deny force
/sys/kernel/mm/transparent_hugepage/defrag (defrag/compaction efforts parameter): always defer defer+madvise [madvise] never

Process Memory:
Virtual Size: 3794456K (peak: 3813320K)
Resident Set Size: 148332K (peak: 148332K) (anon: 108288K, file: 40044K, shmem: 0K)
Swapped out: 0K
C-Heap outstanding allocations: 67775K, retained: 2168K
glibc malloc tunables: (default)

/proc/sys/kernel/threads-max (system-wide limit on the number of threads): 29987
/proc/sys/vm/max_map_count (maximum number of memory map areas a process may have): 65530
/proc/sys/vm/swappiness (control to define how aggressively the kernel swaps out anonymous memory): 60
/proc/sys/kernel/pid_max (system-wide limit on number of process identifiers): 4194304

container information not found.
Hyper-V virtualization detected
Steal ticks since vm start: 0
Steal ticks percentage since vm start:  0.000

CPU: total 8 (initial active 8) (4 cores per cpu, 2 threads per core) family 6 model 186 stepping 3 microcode 0xffffffff, cx8, cmov, fxsr, ht, mmx, 3dnowpref, sse, sse2, sse3, ssse3, sse4.1, sse4.2, popcnt, lzcnt, tsc, tscinvbit, avx, avx2, aes, erms, clmul, bmi1, bmi2, adx, sha, fma, vzeroupper, clflush, clflushopt, clwb, hv, serialize, rdtscp, rdpid, fsrm, gfni, f16c, cet_ibt, cet_ss
CPU Model and flags from /proc/cpuinfo:
model name	: 13th Gen Intel(R) Core(TM) i3-1315U
flags		: fpu vme de pse tsc msr pae mce cx8 apic sep mtrr pge mca cmov pat pse36 clflush mmx fxsr sse sse2 ss ht syscall nx pdpe1gb rdtscp lm constant_tsc rep_good nopl xtopology tsc_reliable nonstop_tsc cpuid tsc_known_freq pni pclmulqdq vmx ssse3 fma cx16 pcid sse4_1 sse4_2 x2apic movbe popcnt tsc_deadline_timer aes xsave avx f16c rdrand hypervisor lahf_lm abm 3dnowprefetch ssbd ibrs ibpb stibp ibrs_enhanced tpr_shadow ept vpid ept_ad fsgsbase tsc_adjust bmi1 avx2 smep bmi2 erms invpcid rdseed adx smap clflushopt clwb sha_ni xsaveopt xsavec xgetbv1 xsaves avx_vnni vnmi umip waitpkg gfni vaes vpclmulqdq rdpid movdiri movdir64b fsrm md_clear serialize flush_l1d arch_capabilities

Online cpus: 0-7
Offline cpus: 
cache level: 1
cache type: Data
cache size: 48K
cache coherency line size: 64
cache level: 1
cache type: Instruction
cache size: 32K
cache coherency line size: 64
cache level: 2
cache type: Unified
cache size: 1280K
cache coherency line size: 64
cache level: 3
cache type: Unified
cache size: 10240K
cache coherency line size: 64
BIOS frequency limitation: <Not Available>
Frequency switch latency (ns): <Not Available>
Available cpu frequencies: <Not Available>
Maximum cpu frequency: <Not Available>
Minimum cpu frequency: <Not Available>
Current cpu frequency: <Not Available>
Available governors: <Not Available>
Current governor: <Not Available>
Core performance/turbo boost: <Not Available>

Memory: 4k page, physical 3848416k(2873336k free), swap 1048576k(1048576k free)
Page Sizes: 4k

vm_info: OpenJDK 64-Bit Server VM (slowdebug 25-internal-adhoc.jatinbha.valhallavector) for linux-amd64 JRE (25-internal-adhoc.jatinbha.valhallavector), built on 2025-09-27T12:13:14Z with gcc 10.5.0

END.
