#
# A fatal error has been detected by the Java Runtime Environment:
#
#  Internal Error (/mnt/c/Github/valhalla+vector/src/hotspot/share/prims/unsafe.cpp:157), pid=1898, tid=1899
#  assert(byte_offset < p_size) failed: Unsafe access: offset 16 > object's size 16
#
# JRE version: OpenJDK Runtime Environment (25.0) (slowdebug build 25-internal-adhoc.jatinbha.valhallavector)
# Java VM: OpenJDK 64-Bit Server VM (slowdebug 25-internal-adhoc.jatinbha.valhallavector, mixed mode, sharing, tiered, compressed oops, compressed class ptrs, g1 gc, linux-amd64)
# Problematic frame:
# V  [libjvm.so+0x1bb5731]  assert_field_offset_sane(oopDesc*, long)+0x16c
#
# Core dump will be written. Default location: Core dumps may be processed with "/wsl-capture-crash %t %E %p %s" (or dumping to /mnt/c/Github/external_staging/Code/java/valhalla/valhalla_401/core.1898)
#
# If you would like to submit a bug report, please visit:
#   https://bugreport.java.com/bugreport/crash.jsp
#

---------------  S U M M A R Y ------------

Command Line: --enable-preview --add-exports=java.base/jdk.internal.vm.annotation=ALL-UNNAMED --add-exports=java.base/jdk.internal.misc=ALL-UNNAMED vector_api_proto

Host: jatinbha-ws, 13th Gen Intel(R) Core(TM) i3-1315U, 8 cores, 3G, Ubuntu 20.04.6 LTS
Time: Tue Sep 30 08:34:29 2025 IST elapsed time: 2.041056 seconds (0d 0h 0m 2s)

---------------  T H R E A D  ---------------

Current thread (0x000078ff7002bfa0):  JavaThread "main"             [_thread_in_vm, id=1899, stack(0x000078ff75e79000,0x000078ff75f7a000) (1028K)]

Stack: [0x000078ff75e79000,0x000078ff75f7a000],  sp=0x000078ff75f78600,  free space=1021k
Native frames: (J=compiled Java code, j=interpreted, Vv=VM code, C=native code)
V  [libjvm.so+0x1bb5731]  assert_field_offset_sane(oopDesc*, long)+0x16c  (unsafe.cpp:157)
V  [libjvm.so+0x1bbdfaa]  MemoryAccess<float>::MemoryAccess(JavaThread*, _jobject*, long)+0x5e