#
# A fatal error has been detected by the Java Runtime Environment:
#
#  Internal Error (/mnt/c/Github/valhalla+vector/src/hotspot/share/oops/array.hpp:126), pid=2409, tid=2410
#  assert(i >= 0 && i< _length) failed: oob: 0 <= 12 < 12
#
# JRE version: OpenJDK Runtime Environment (25.0) (slowdebug build 25-internal-adhoc.jatinbha.valhallavector)
# Java VM: OpenJDK 64-Bit Server VM (slowdebug 25-internal-adhoc.jatinbha.valhallavector, mixed mode, sharing, tiered, compressed oops, compressed class ptrs, g1 gc, linux-amd64)
# Problematic frame:
# V  [libjvm.so+0xc2a6a2]  Array<SigEntry>::at(int) const+0x4e
#
# Core dump will be written. Default location: Core dumps may be processed with "/wsl-capture-crash %t %E %p %s" (or dumping to /mnt/c/Github/external_staging/Code/java/valhalla/valhalla_401/core.2409)
#
# If you would like to submit a bug report, please visit:
#   https://bugreport.java.com/bugreport/crash.jsp
#

---------------  S U M M A R Y ------------

Command Line: -Xbootclasspath/a:. --enable-preview --add-exports=java.base/jdk.internal.vm.annotation=ALL-UNNAMED -XX:+UseNonAtomicValueFlattening --add-exports=java.base/jdk.internal.misc=ALL-UNNAMED -XX:+PauseAtStartup -XX:-UseOnStackReplacement -XX:+PrintInlineLayout -XX:CompileOnly=Float256Vector::add vector_api_proto

Host: jatinbha-ws, 13th Gen Intel(R) Core(TM) i3-1315U, 8 cores, 3G, Ubuntu 20.04.6 LTS
Time: Tue Sep 30 09:57:55 2025 IST elapsed time: 3535.903700 seconds (0d 0h 58m 55s)

---------------  T H R E A D  ---------------

Current thread (0x000072e73402c1e0):  JavaThread "main"             [_thread_in_vm, id=2410, stack(0x000072e73b773000,0x000072e73b874000) (1028K)]

Stack: [0x000072e73b773000,0x000072e73b874000],  sp=0x000072e73b871d70,  free space=1019k
Native frames: (J=compiled Java code, j=interpreted, Vv=VM code, C=native code)
V  [libjvm.so+0xc2a6a2]  Array<SigEntry>::at(int) const+0x4e  (array.hpp:126)
C  0x000072e73b871dcf
Java frames: (J=compiled Java code, j=interpreted, Vv=VM code)
j  vector_api_proto.main([Ljava/lang/String;)V+0
v  ~StubRoutines::call_stub 0x000072e723a60d01
Registers:
RAX=0x000072e73efbc000, RBX=0x000072e73402d238, RCX=0x000072e73402d600, RDX=0x000000000000000c
RSP=0x000072e73b871d70, RBP=0x000072e73b871d90, RSI=0x000072e6b4034948, RDI=0x000072e73b871da0
R8 =0x000059aa463f9e20, R9 =0x000059aa463f9e20, R10=0x000072e73c6bf068, R11=0x00007ffe76778090
R12=0x000072e73403db60, R13=0x000072e73403dca0, R14=0x000072e73402daa4, R15=0x000072e73402dab8
RIP=0x000072e73c5f76a2, EFLAGS=0x0000000000010202, CSGSFS=0x002b000000000033, ERR=0x0000000000000015
  TRAPNO=0x000000000000000e

XMM[0]=0xbcbcbcbcbcbcbcbc 0xbcbcbcbcbcbcbcbc
XMM[1]=0x0000000000000000 0x726f746365563635
XMM[2]=0xffffffffffffffff 0xffffffffffffffff
XMM[3]=0x00000080ec814800 0x00012fe924048949
XMM[4]=0x0f03a80000018b84 0x0fc0854800458b49
XMM[5]=0x8b480000016ae9fe 0x408b480000000985
XMM[6]=0x840fe4854d38678b 0x4d00000151840f00
XMM[7]=0x00000080ec814800 0x00012fe924048949
XMM[8]=0x676e6964616f6c6e 0x5500656e6f642000
XMM[9]=0x0000000000000000 0x0000000000000000
XMM[10]=0x0000000000000000 0x0000000000000000
XMM[11]=0x0000000000000000 0x0000000000000000
XMM[12]=0x0000000000000000 0x0000000000000000
XMM[13]=0x0000000000000000 0x0000000000000000
XMM[14]=0x0000000000000000 0x0000000000000000
XMM[15]=0xcafebabecafebabe 0xcafebabecafebabe
  MXCSR=0x00001fa2


Register to memory mapping:

RAX=0x000072e73efbc000 in mmap'd memory region [0x000072e73efbc000 - 0x000072e73efbd000], tag mtInternal
RBX=0x000072e73402d238 into live malloced block starting at 0x000072e73402d150, size 1008, tag mtChunk
RCX=0x000072e73402d600 into live malloced block starting at 0x000072e73402d560, size 240, tag mtChunk
RDX=0x000000000000000c is an unknown value
RSP=0x000072e73b871d70 is pointing into the stack for thread: 0x000072e73402c1e0
RBP=0x000072e73b871d90 is pointing into the stack for thread: 0x000072e73402c1e0
RSI=0x000072e6b4034948 is pointing into metadata
RDI=0x000072e73b871da0 is pointing into the stack for thread: 0x000072e73402c1e0
R8 =0x000059aa463f9e20 points into unknown readable memory: 0x0000000000000002 | 02 00 00 00 00 00 00 00
R9 =0x000059aa463f9e20 points into unknown readable memory: 0x0000000000000002 | 02 00 00 00 00 00 00 00
R10=0x000072e73c6bf068: <offset 0x0000000000cf2068> in /mnt/c/Github/valhalla+vector/build/linux-x86_64-server-slowdebug/images/jdk/lib/server/libjvm.so at 0x000072e73b9cd000
R11=0x00007ffe76778090 points into unknown readable memory: 0xffffffffffffffff | ff ff ff ff ff ff ff ff
R12=0x000072e73403db60 into live malloced block starting at 0x000072e73403db60, size 56, tag mtInternal
R13=0x000072e73403dca0 into live malloced block starting at 0x000072e73403dca0, size 56, tag mtInternal
R14=0x000072e73402daa4 into live malloced block starting at 0x000072e73402da40, size 240, tag mtInternal
R15=0x000072e73402dab8 into live malloced block starting at 0x000072e73402da40, size 240, tag mtInternal

Top of Stack: (sp=0x000072e73b871d70)
0x000072e73b871d70:   0000000e3b8722a0 0000000c340301f8   .".;.......4....
0x000072e73b871d80:   000072e6b4034948 000072e73b871da0   HI...r.....;.r..
0x000072e73b871d90:   000072e73b871d98 000072e73b871dcf   ...;.r.....;.r..
0x000072e73b871da0:   00000030b403430f 000072e6bf0418d0   .C..0........r..
0x000072e73b871db0:   000072e73b871db8 000072e73b871dcf   ...;.r.....;.r..
0x000072e73b871dc0:   000072e73b871dd0 cc00000000000000   ...;.r..........
0x000072e73b871dd0:   000072e73b871e00 000072e73d5ab057   ...;.r..W.Z=.r..
0x000072e73b871de0:   000072e73402c1e0 000072e6bf0418d0   ...4.r.......r..
0x000072e73b871df0:   000072e73402c1e0 000072e73402d238   ...4.r..8..4.r..
0x000072e73b871e00:   000072e73b871e20 000072e73d5ab08a    ..;.r....Z=.r..
0x000072e73b871e10:   000072e73402d650 000072e6bf0418d0   P..4.r.......r..
0x000072e73b871e20:   000072e73b871e40 000072e73cb5613e   @..;.r..>a.<.r..
0x000072e73b871e30:   000000320000004c 000072e73402d238   L...2...8..4.r..
0x000072e73b871e40:   000072e73b871f60 000072e73d27ac66   `..;.r..f.'=.r..
0x000072e73b871e50:   000072013eb1dfc8 000072e73b872010   ...>.r... .;.r..
0x000072e73b871e60:   000072e73403dca0 010072e73402daa4   ...4.r.....4.r..
0x000072e73b871e70:   000000010000000c 000072e700000000   .............r..
0x000072e73b871e80:   0000000d0000000d 000072e73402d238   ........8..4.r..
0x000072e73b871e90:   000072e6bf0418d0 000072e6bf0418d0   .....r.......r..
0x000072e73b871ea0:   000072e73402d3d0 000072e73402d238   ...4.r..8..4.r..
0x000072e73b871eb0:   000072e73b871ee0 000072e73cb04721   ...;.r..!G.<.r..
0x000072e73b871ec0:   000072e73402d238 000072e73402d260   8..4.r..`..4.r..
0x000072e73b871ed0:   000072013b871f00 000072e73402d238   ...;.r..8..4.r..
0x000072e73b871ee0:   000072e7389aa478 0000002100000011   x..8.r......!...
0x000072e73b871ef0:   0000000000000032 000000013402d20c   2..........4....
0x000072e73b871f00:   000072e7340de450 0000000000000000   P..4.r..........
0x000072e73b871f10:   ffffffff3b871f04 000072e700000000   ...;.........r..
0x000072e73b871f20:   0000000000000000 000072e73402d238   ........8..4.r..
0x000072e73b871f30:   000072e73b871f60 000072e73d27a171   `..;.r..q.'=.r..
0x000072e73b871f40:   000072e6b4034068 000072e73b872010   h@...r... .;.r..
0x000072e73b871f50:   00000000000000bb 00000000000000bb   ................
0x000072e73b871f60:   000072e73b872080 000072e73d27b1cd   . .;.r....'=.r..

Instructions: (pc=0x000072e73c5f76a2)
  0x000072e73c5f75a2:   c3 90 f3 0f 1e fa 55 48 89 e5 48 89 7d f8 b8 01
  0x000072e73c5f75b2:   00 00 00 5d c3 90 f3 0f 1e fa 55 48 89 e5 53 48
  0x000072e73c5f75c2:   83 ec 28 48 89 7d e8 48 89 75 e0 89 55 dc 89 4d
  0x000072e73c5f75d2:   d8 4c 89 45 d0 48 8b 5d e8 48 8b 55 e0 8b 45 dc
  0x000072e73c5f75e2:   48 89 d6 89 c7 e8 32 01 00 00 48 89 c6 48 8b 4d
  0x000072e73c5f75f2:   d0 8b 55 d8 8b 45 dc 49 89 c8 89 d1 89 c2 48 89
  0x000072e73c5f7602:   df e8 3e 01 00 00 48 8d 15 19 2d 4e 02 48 8b 45
  0x000072e73c5f7612:   e8 48 89 10 48 8b 45 e8 48 8d 50 28 48 8b 45 e0
  0x000072e73c5f7622:   48 89 c6 48 89 d7 e8 e5 4e e0 ff 48 8b 45 e8 48
  0x000072e73c5f7632:   89 c7 e8 c9 01 00 00 90 48 8b 5d f8 c9 c3 f3 0f
  0x000072e73c5f7642:   1e fa 55 48 89 e5 48 89 7d f8 48 8b 45 f8 8b 00
  0x000072e73c5f7652:   5d c3 f3 0f 1e fa 55 48 89 e5 48 83 ec 20 48 89
  0x000072e73c5f7662:   7d f8 48 89 75 f0 89 55 ec e8 11 34 a5 ff 83 f0
  0x000072e73c5f7672:   01 84 c0 74 18 83 7d ec 00 78 0b 48 8b 45 f0 8b
  0x000072e73c5f7682:   00 39 45 ec 7c 07 b8 01 00 00 00 eb 05 b8 00 00
  0x000072e73c5f7692:   00 00 84 c0 74 40 48 8d 05 e9 a2 56 02 48 8b 00
=>0x000072e73c5f76a2:   c6 00 58 48 8b 45 f0 8b 10 8b 45 ec 41 89 d1 41
  0x000072e73c5f76b2:   89 c0 48 8d 0d 3f 04 30 01 48 8d 15 4e 04 30 01
  0x000072e73c5f76c2:   be 7e 00 00 00 48 8d 3d 6a 04 30 01 b8 00 00 00
  0x000072e73c5f76d2:   00 e8 e7 3d 19 00 48 8b 45 f0 48 89 c7 e8 48 01
  0x000072e73c5f76e2:   00 00 48 89 c1 8b 45 ec 48 63 d0 48 89 d0 48 01
  0x000072e73c5f76f2:   c0 48 01 d0 48 c1 e0 03 48 8d 34 01 48 8b 4d f8
  0x000072e73c5f7702:   48 8b 06 48 8b 56 08 48 89 01 48 89 51 08 48 8b
  0x000072e73c5f7712:   46 10 48 89 41 10 48 8b 45 f8 c9 c3 f3 0f 1e fa
  0x000072e73c5f7722:   55 48 89 e5 48 83 ec 10 89 7d fc 48 89 75 f0 48
  0x000072e73c5f7732:   8b 55 f0 8b 45 fc be 08 00 00 00 89 c7 e8 aa cb
  0x000072e73c5f7742:   50 00 c9 c3 f3 0f 1e fa 55 48 89 e5 48 83 ec 30
  0x000072e73c5f7752:   48 89 7d e8 48 89 75 e0 89 55 dc 89 4d d8 4c 89
  0x000072e73c5f7762:   45 d0 48 8b 45 e8 8b 4d d8 8b 55 dc 48 8b 75 e0
  0x000072e73c5f7772:   48 89 c7 e8 d4 00 00 00 48 8d 15 bf 2b 4e 02 48
  0x000072e73c5f7782:   8b 45 e8 48 89 10 c7 45 fc 00 00 00 00 8b 45 fc
  0x000072e73c5f7792:   3b 45 d8 7d 31 8b 45 fc 48 98 48 8d 14 c5 00 00


Stack slot to memory mapping:

stack at sp + 0 slots: 0x0000000e3b8722a0 is an unknown value
stack at sp + 1 slots: 0x0000000c340301f8 is an unknown value
stack at sp + 2 slots: 0x000072e6b4034948 is pointing into metadata
stack at sp + 3 slots: 0x000072e73b871da0 is pointing into the stack for thread: 0x000072e73402c1e0
stack at sp + 4 slots: 0x000072e73b871d98 is pointing into the stack for thread: 0x000072e73402c1e0
stack at sp + 5 slots: 0x000072e73b871dcf is pointing into the stack for thread: 0x000072e73402c1e0
stack at sp + 6 slots: 0x00000030b403430f is an unknown value
stack at sp + 7 slots: 0x000072e6bf0418d0 is a pointer to class: 
Float256Vector {0x000072e6bf0418d0}
 - instance size:     6
 - klass size:        184
 - access:            final value 
 - flags:             rewritten has_nonstatic_fields has_inline_type_fields must_be_atomic 
 - state:             loaded
 - name:              'Float256Vector'
 - super:             'java/lang/Object'
 - sub:               
 - arrays:            null
 - methods:           Array<T>(0x000072e6b4033ed0)
 - method ordering:   Array<T>(0x000072e6beba0ef0)
 - local interfaces:  Array<T>(0x000072e6b4034330)
 - trans. interfaces: Array<T>(0x000072e6beb239a0)
 - secondary supers: Array<T>(0x000072e6beb23978)
 - hash_slot:         31
 - secondary bitmap: 0x0000000000000000
 - constants:         constant pool [86]/operands[5] {0x000072e6b4033b60} for 'Float256Vector' cache=0x000072e6b4034ca0
 - class loader data:  loader data: 0x000072e7340b4300 of 'bootstrap'
 - source file:       'vector_api_proto.java'
 - field annotations:       Array<T>(0x000072e6b4033eb0)
 - inner classes:     Array<T>(0x000072e6b40342f0)
 - nest members:     Array<T>(0x000072e6beb23988)
 - permitted subclasses:     Array<T>(0x000072e6beb23988)
 - loadable descriptors:     Array<T>(0x000072e6b4034308)
 - java mirror:       a 'java/lang/Class'{0x00000000c8d64590} = 'Float256Vector'
 - vtable length      5  (start addr: 0x000072e6bf041ad8)
 - itable length      2 (start addr: 0x000072e6bf041b00)
 - ---- static fields (1 words):
 - public static value 'U' 'Ljdk/internal/misc/Unsafe;' @120 
 - ---- non-static fields (9 words):
 - public final value '_payload' 'LVectorPayload256MF;' @16 
 - non-static oop maps: 

Lock stack of current Java thread (top to bottom):
LockStack[0]: [I 
{0x00000000c8d64610} - klass: {type array int} - flags: is_cloneable_fast 

 - length: 0


---------------  P R O C E S S  ---------------

uid  : 1000 euid : 1000 gid  : 1000 egid : 1000

umask: 0022 (----w--w-)

Threads class SMR info:
_java_thread_list=0x000072e7342ae5a0, length=10, elements={
0x000072e73402c1e0, 0x000072e7341a2bb0, 0x000072e7341a3e50, 0x000072e7341a5a50,
0x000072e7341a7470, 0x000072e7341a8d50, 0x000072e7341ab080, 0x000072e7341acb10,
0x000072e73423edc0, 0x000072e7342ad200
}
_java_thread_list_alloc_cnt=11, _java_thread_list_free_cnt=9, _java_thread_list_max=10, _nested_thread_list_max=0
_tlh_cnt=78, _tlh_times=3, avg_tlh_time=0.04, _tlh_time_max=3
_delete_lock_wait_cnt=0, _delete_lock_wait_max=0
_to_delete_list_cnt=0, _to_delete_list_max=1

Java Threads: ( => current thread )
=>0x000072e73402c1e0 JavaThread "main"                              [_thread_in_vm, id=2410, stack(0x000072e73b773000,0x000072e73b874000) (1028K)]
  0x000072e7341a2bb0 JavaThread "Reference Handler"          daemon [_thread_blocked, id=2431, stack(0x000072e738c49000,0x000072e738d49000) (1024K)]
  0x000072e7341a3e50 JavaThread "Finalizer"                  daemon [_thread_blocked, id=2432, stack(0x000072e73838c000,0x000072e73848d000) (1028K)]
  0x000072e7341a5a50 JavaThread "Signal Dispatcher"          daemon [_thread_blocked, id=2433, stack(0x000072e73828b000,0x000072e73838c000) (1028K)]
  0x000072e7341a7470 JavaThread "Service Thread"             daemon [_thread_blocked, id=2434, stack(0x000072e73818a000,0x000072e73828b000) (1028K)]
  0x000072e7341a8d50 JavaThread "Monitor Deflation Thread"   daemon [_thread_blocked, id=2435, stack(0x000072e738089000,0x000072e73818a000) (1028K)]
  0x000072e7341ab080 JavaThread "C2 CompilerThread0"         daemon [_thread_blocked, id=2436, stack(0x000072e71c428000,0x000072e71c529000) (1028K)]
  0x000072e7341acb10 JavaThread "C1 CompilerThread0"         daemon [_thread_blocked, id=2437, stack(0x000072e71c327000,0x000072e71c428000) (1028K)]
  0x000072e73423edc0 JavaThread "Common-Cleaner"             daemon [_thread_blocked, id=2438, stack(0x000072e71c0bb000,0x000072e71c1bc000) (1028K)]
  0x000072e7342ad200 JavaThread "Notification Thread"        daemon [_thread_blocked, id=2441, stack(0x000072e70deff000,0x000072e70e000000) (1028K)]
Total: 10

Other Threads:
  0x000072e7341656a0 VMThread "VM Thread"                           [id=2430, stack(0x000072e738b48000,0x000072e738c48000) (1024K)]
  0x000072e7340bce40 WatcherThread "VM Periodic Task Thread"        [id=2429, stack(0x000072e738a47000,0x000072e738b47000) (1024K)]
  0x000072e73406bc80 WorkerThread "GC Thread#0"                     [id=2420, stack(0x000072e739988000,0x000072e739a88000) (1024K)]
  0x000072e7340769d0 ConcurrentGCThread "G1 Main Marker"            [id=2421, stack(0x000072e739887000,0x000072e739987000) (1024K)]
  0x000072e734077bf0 WorkerThread "G1 Conc#0"                       [id=2422, stack(0x000072e739786000,0x000072e739886000) (1024K)]
  0x000072e7340a7ed0 ConcurrentGCThread "G1 Refine#0"               [id=2423, stack(0x000072e738e7d000,0x000072e738f7d000) (1024K)]
  0x000072e7340a9110 ConcurrentGCThread "G1 Service"                [id=2424, stack(0x000072e738d7c000,0x000072e738e7c000) (1024K)]
Total: 7

Threads with active compile tasks:
Total: 0

VM state: not at safepoint (normal execution)

VM Mutex/Monitor currently owned by a thread: None

Heap address: 0x00000000c5400000, size: 940 MB, Compressed Oops mode: 32-bit

CDS archive(s) mapped at: [0x000072e6be000000-0x000072e6beec3000-0x000072e6beec3000), size 15478784, SharedBaseAddress: 0x000072e6be000000, ArchiveRelocationMode: 1.
Compressed class space mapped at: 0x000072e6bf000000-0x000072e6ff000000, reserved size: 1073741824
UseCompressedClassPointers 1, UseCompactObjectHeaders 0
Narrow klass pointer bits 32, Max shift 3
Narrow klass base: 0x000072e6be000000, Narrow klass shift: 0
Encoding Range: [0x000072e6be000000 - 0x000072e7be000000), (4294967296 bytes)
Klass Range:    [0x000072e6be000000 - 0x000072e6ff000000), (1090519040 bytes)
Klass ID Range:  [8 - 1090519033) (1090519025)

GC Precious Log:
 CardTable entry size: 512
 Card Set container configuration: InlinePtr #cards 5 size 8 Array Of Cards #cards 10 size 36 Howl #buckets 4 coarsen threshold 1843 Howl Bitmap #cards 512 size 80 coarsen threshold 460 Card regions per heap region 1 cards per card region 2048
 CPUs: 8 total, 8 available
 Memory: 3758M
 Large Page Support: Disabled
 NUMA Support: Disabled
 Compressed Oops: Enabled (32-bit)
 Heap Region Size: 1M
 Heap Min Capacity: 8M
 Heap Initial Capacity: 60M
 Heap Max Capacity: 940M
 Pre-touch: Disabled
 Parallel Workers: 8
 Concurrent Workers: 2
 Concurrent Refinement Workers: 8
 Periodic GC: Disabled

Heap:
 garbage-first heap   total reserved 962560K, committed 61440K, used 2048K [0x00000000c5400000, 0x0000000100000000)
  region size 1024K, 3 young (3072K), 0 survivors (0K)
 Metaspace       used 226K, committed 448K, reserved 1114112K
  class space    used 9K, committed 128K, reserved 1048576K

Heap Regions: E=young(eden), S=young(survivor), O=old, HS=humongous(starts), HC=humongous(continues), CS=collection set, F=free, TAMS=top-at-mark-start, PB=parsable bottom
|   0|0x00000000c5400000, 0x00000000c5400000, 0x00000000c5500000|  0%| F|  |TAMS 0x00000000c5400000| PB 0x00000000c5400000| Untracked |  0
|   1|0x00000000c5500000, 0x00000000c5500000, 0x00000000c5600000|  0%| F|  |TAMS 0x00000000c5500000| PB 0x00000000c5500000| Untracked |  0
|   2|0x00000000c5600000, 0x00000000c5600000, 0x00000000c5700000|  0%| F|  |TAMS 0x00000000c5600000| PB 0x00000000c5600000| Untracked |  0
|   3|0x00000000c5700000, 0x00000000c5700000, 0x00000000c5800000|  0%| F|  |TAMS 0x00000000c5700000| PB 0x00000000c5700000| Untracked |  0
|   4|0x00000000c5800000, 0x00000000c5800000, 0x00000000c5900000|  0%| F|  |TAMS 0x00000000c5800000| PB 0x00000000c5800000| Untracked |  0
|   5|0x00000000c5900000, 0x00000000c5900000, 0x00000000c5a00000|  0%| F|  |TAMS 0x00000000c5900000| PB 0x00000000c5900000| Untracked |  0
|   6|0x00000000c5a00000, 0x00000000c5a00000, 0x00000000c5b00000|  0%| F|  |TAMS 0x00000000c5a00000| PB 0x00000000c5a00000| Untracked |  0
|   7|0x00000000c5b00000, 0x00000000c5b00000, 0x00000000c5c00000|  0%| F|  |TAMS 0x00000000c5b00000| PB 0x00000000c5b00000| Untracked |  0
|   8|0x00000000c5c00000, 0x00000000c5c00000, 0x00000000c5d00000|  0%| F|  |TAMS 0x00000000c5c00000| PB 0x00000000c5c00000| Untracked |  0
|   9|0x00000000c5d00000, 0x00000000c5d00000, 0x00000000c5e00000|  0%| F|  |TAMS 0x00000000c5d00000| PB 0x00000000c5d00000| Untracked |  0
|  10|0x00000000c5e00000, 0x00000000c5e00000, 0x00000000c5f00000|  0%| F|  |TAMS 0x00000000c5e00000| PB 0x00000000c5e00000| Untracked |  0
|  11|0x00000000c5f00000, 0x00000000c5f00000, 0x00000000c6000000|  0%| F|  |TAMS 0x00000000c5f00000| PB 0x00000000c5f00000| Untracked |  0
|  12|0x00000000c6000000, 0x00000000c6000000, 0x00000000c6100000|  0%| F|  |TAMS 0x00000000c6000000| PB 0x00000000c6000000| Untracked |  0
|  13|0x00000000c6100000, 0x00000000c6100000, 0x00000000c6200000|  0%| F|  |TAMS 0x00000000c6100000| PB 0x00000000c6100000| Untracked |  0
|  14|0x00000000c6200000, 0x00000000c6200000, 0x00000000c6300000|  0%| F|  |TAMS 0x00000000c6200000| PB 0x00000000c6200000| Untracked |  0
|  15|0x00000000c6300000, 0x00000000c6300000, 0x00000000c6400000|  0%| F|  |TAMS 0x00000000c6300000| PB 0x00000000c6300000| Untracked |  0
|  16|0x00000000c6400000, 0x00000000c6400000, 0x00000000c6500000|  0%| F|  |TAMS 0x00000000c6400000| PB 0x00000000c6400000| Untracked |  0
|  17|0x00000000c6500000, 0x00000000c6500000, 0x00000000c6600000|  0%| F|  |TAMS 0x00000000c6500000| PB 0x00000000c6500000| Untracked |  0
|  18|0x00000000c6600000, 0x00000000c6600000, 0x00000000c6700000|  0%| F|  |TAMS 0x00000000c6600000| PB 0x00000000c6600000| Untracked |  0
|  19|0x00000000c6700000, 0x00000000c6700000, 0x00000000c6800000|  0%| F|  |TAMS 0x00000000c6700000| PB 0x00000000c6700000| Untracked |  0
|  20|0x00000000c6800000, 0x00000000c6800000, 0x00000000c6900000|  0%| F|  |TAMS 0x00000000c6800000| PB 0x00000000c6800000| Untracked |  0
|  21|0x00000000c6900000, 0x00000000c6900000, 0x00000000c6a00000|  0%| F|  |TAMS 0x00000000c6900000| PB 0x00000000c6900000| Untracked |  0
|  22|0x00000000c6a00000, 0x00000000c6a00000, 0x00000000c6b00000|  0%| F|  |TAMS 0x00000000c6a00000| PB 0x00000000c6a00000| Untracked |  0
|  23|0x00000000c6b00000, 0x00000000c6b00000, 0x00000000c6c00000|  0%| F|  |TAMS 0x00000000c6b00000| PB 0x00000000c6b00000| Untracked |  0
|  24|0x00000000c6c00000, 0x00000000c6c00000, 0x00000000c6d00000|  0%| F|  |TAMS 0x00000000c6c00000| PB 0x00000000c6c00000| Untracked |  0
|  25|0x00000000c6d00000, 0x00000000c6d00000, 0x00000000c6e00000|  0%| F|  |TAMS 0x00000000c6d00000| PB 0x00000000c6d00000| Untracked |  0
|  26|0x00000000c6e00000, 0x00000000c6e00000, 0x00000000c6f00000|  0%| F|  |TAMS 0x00000000c6e00000| PB 0x00000000c6e00000| Untracked |  0
|  27|0x00000000c6f00000, 0x00000000c6f00000, 0x00000000c7000000|  0%| F|  |TAMS 0x00000000c6f00000| PB 0x00000000c6f00000| Untracked |  0
|  28|0x00000000c7000000, 0x00000000c7000000, 0x00000000c7100000|  0%| F|  |TAMS 0x00000000c7000000| PB 0x00000000c7000000| Untracked |  0
|  29|0x00000000c7100000, 0x00000000c7100000, 0x00000000c7200000|  0%| F|  |TAMS 0x00000000c7100000| PB 0x00000000c7100000| Untracked |  0
|  30|0x00000000c7200000, 0x00000000c7200000, 0x00000000c7300000|  0%| F|  |TAMS 0x00000000c7200000| PB 0x00000000c7200000| Untracked |  0
|  31|0x00000000c7300000, 0x00000000c7300000, 0x00000000c7400000|  0%| F|  |TAMS 0x00000000c7300000| PB 0x00000000c7300000| Untracked |  0
|  32|0x00000000c7400000, 0x00000000c7400000, 0x00000000c7500000|  0%| F|  |TAMS 0x00000000c7400000| PB 0x00000000c7400000| Untracked |  0
|  33|0x00000000c7500000, 0x00000000c7500000, 0x00000000c7600000|  0%| F|  |TAMS 0x00000000c7500000| PB 0x00000000c7500000| Untracked |  0
|  34|0x00000000c7600000, 0x00000000c7600000, 0x00000000c7700000|  0%| F|  |TAMS 0x00000000c7600000| PB 0x00000000c7600000| Untracked |  0
|  35|0x00000000c7700000, 0x00000000c7700000, 0x00000000c7800000|  0%| F|  |TAMS 0x00000000c7700000| PB 0x00000000c7700000| Untracked |  0
|  36|0x00000000c7800000, 0x00000000c7800000, 0x00000000c7900000|  0%| F|  |TAMS 0x00000000c7800000| PB 0x00000000c7800000| Untracked |  0
|  37|0x00000000c7900000, 0x00000000c7900000, 0x00000000c7a00000|  0%| F|  |TAMS 0x00000000c7900000| PB 0x00000000c7900000| Untracked |  0
|  38|0x00000000c7a00000, 0x00000000c7a00000, 0x00000000c7b00000|  0%| F|  |TAMS 0x00000000c7a00000| PB 0x00000000c7a00000| Untracked |  0
|  39|0x00000000c7b00000, 0x00000000c7b00000, 0x00000000c7c00000|  0%| F|  |TAMS 0x00000000c7b00000| PB 0x00000000c7b00000| Untracked |  0
|  40|0x00000000c7c00000, 0x00000000c7c00000, 0x00000000c7d00000|  0%| F|  |TAMS 0x00000000c7c00000| PB 0x00000000c7c00000| Untracked |  0
|  41|0x00000000c7d00000, 0x00000000c7d00000, 0x00000000c7e00000|  0%| F|  |TAMS 0x00000000c7d00000| PB 0x00000000c7d00000| Untracked |  0
|  42|0x00000000c7e00000, 0x00000000c7e00000, 0x00000000c7f00000|  0%| F|  |TAMS 0x00000000c7e00000| PB 0x00000000c7e00000| Untracked |  0
|  43|0x00000000c7f00000, 0x00000000c7f00000, 0x00000000c8000000|  0%| F|  |TAMS 0x00000000c7f00000| PB 0x00000000c7f00000| Untracked |  0
|  44|0x00000000c8000000, 0x00000000c8000000, 0x00000000c8100000|  0%| F|  |TAMS 0x00000000c8000000| PB 0x00000000c8000000| Untracked |  0
|  45|0x00000000c8100000, 0x00000000c8100000, 0x00000000c8200000|  0%| F|  |TAMS 0x00000000c8100000| PB 0x00000000c8100000| Untracked |  0
|  46|0x00000000c8200000, 0x00000000c8200000, 0x00000000c8300000|  0%| F|  |TAMS 0x00000000c8200000| PB 0x00000000c8200000| Untracked |  0
|  47|0x00000000c8300000, 0x00000000c8300000, 0x00000000c8400000|  0%| F|  |TAMS 0x00000000c8300000| PB 0x00000000c8300000| Untracked |  0
|  48|0x00000000c8400000, 0x00000000c8400000, 0x00000000c8500000|  0%| F|  |TAMS 0x00000000c8400000| PB 0x00000000c8400000| Untracked |  0
|  49|0x00000000c8500000, 0x00000000c8500000, 0x00000000c8600000|  0%| F|  |TAMS 0x00000000c8500000| PB 0x00000000c8500000| Untracked |  0
|  50|0x00000000c8600000, 0x00000000c8600000, 0x00000000c8700000|  0%| F|  |TAMS 0x00000000c8600000| PB 0x00000000c8600000| Untracked |  0
|  51|0x00000000c8700000, 0x00000000c8700000, 0x00000000c8800000|  0%| F|  |TAMS 0x00000000c8700000| PB 0x00000000c8700000| Untracked |  0
|  52|0x00000000c8800000, 0x00000000c8800000, 0x00000000c8900000|  0%| F|  |TAMS 0x00000000c8800000| PB 0x00000000c8800000| Untracked |  0
|  53|0x00000000c8900000, 0x00000000c8900000, 0x00000000c8a00000|  0%| F|  |TAMS 0x00000000c8900000| PB 0x00000000c8900000| Untracked |  0
|  54|0x00000000c8a00000, 0x00000000c8a00000, 0x00000000c8b00000|  0%| F|  |TAMS 0x00000000c8a00000| PB 0x00000000c8a00000| Untracked |  0
|  55|0x00000000c8b00000, 0x00000000c8b00000, 0x00000000c8c00000|  0%| F|  |TAMS 0x00000000c8b00000| PB 0x00000000c8b00000| Untracked |  0
|  56|0x00000000c8c00000, 0x00000000c8c00000, 0x00000000c8d00000|  0%| F|  |TAMS 0x00000000c8c00000| PB 0x00000000c8c00000| Untracked |  0
|  57|0x00000000c8d00000, 0x00000000c8d80000, 0x00000000c8e00000| 50%| E|  |TAMS 0x00000000c8d00000| PB 0x00000000c8d00000| Complete |  0
|  58|0x00000000c8e00000, 0x00000000c8f00000, 0x00000000c8f00000|100%| E|CS|TAMS 0x00000000c8e00000| PB 0x00000000c8e00000| Complete |  0
|  59|0x00000000c8f00000, 0x00000000c9000000, 0x00000000c9000000|100%| E|CS|TAMS 0x00000000c8f00000| PB 0x00000000c8f00000| Complete |  0

Card table byte_map: [0x000072e73a975000,0x000072e73ab4b000] _byte_map_base: 0x000072e73a34b000

Marking Bits: (CMBitMap*) 0x000072e73406c9c0
 Bits: [0x000072e739ac5000, 0x000072e73a975000)

Polling page: 0x000072e73ef75000

Metaspace:

Usage:
  Non-class:    216.33 KB used.
      Class:      9.89 KB used.
       Both:    226.22 KB used.

Virtual space:
  Non-class space:       64.00 MB reserved,     320.00 KB ( <1%) committed,  1 nodes.
      Class space:        1.00 GB reserved,     128.00 KB ( <1%) committed,  1 nodes.
             Both:        1.06 GB reserved,     448.00 KB ( <1%) committed. 

Chunk freelists:
   Non-Class:  11.99 MB
       Class:  15.75 MB
        Both:  27.74 MB

MaxMetaspaceSize: unlimited
CompressedClassSpaceSize: 1.00 GB
Initial GC threshold: 21.00 MB
Current GC threshold: 21.00 MB
CDS: on
 - commit_granule_bytes: 65536.
 - commit_granule_words: 8192.
 - virtual_space_node_default_size: 8388608.
 - enlarge_chunks_in_place: 1.
UseCompressedClassPointers 1, UseCompactObjectHeaders 0
Narrow klass pointer bits 32, Max shift 3
Narrow klass base: 0x000072e6be000000, Narrow klass shift: 0
Encoding Range: [0x000072e6be000000 - 0x000072e7be000000), (4294967296 bytes)
Klass Range:    [0x000072e6be000000 - 0x000072e6ff000000), (1090519040 bytes)
Klass ID Range:  [8 - 1090519033) (1090519025)


Internal statistics:

num_allocs: 3792.
num_deallocs: 0.
num_allocs_from_deallocated_blocks: 0.
num_chunks_retired: 0.
num_allocs_failed_limit: 0.
num_arena_births: 10.
num_arena_deaths: 0.
num_vsnodes_births: 2.
num_vsnodes_deaths: 0.
num_space_committed: 7.
num_space_uncommitted: 0.
num_chunks_returned_to_freelist: 0.
num_chunks_taken_from_freelist: 11.
num_chunk_merges: 0.
num_chunk_splits: 8.
num_chunks_enlarged: 8.
num_inconsistent_stats: 0.

CodeHeap 'non-profiled nmethods': size=120032Kb used=21Kb max_used=21Kb free=120010Kb
 bounds [0x000072e723ff1000, 0x000072e724261000, 0x000072e72b529000]
CodeHeap 'profiled nmethods': size=120028Kb used=0Kb max_used=0Kb free=120028Kb
 bounds [0x000072e71c529000, 0x000072e71c799000, 0x000072e723a60000]
CodeHeap 'non-nmethods': size=5700Kb used=2139Kb max_used=2139Kb free=3560Kb
 bounds [0x000072e723a60000, 0x000072e723cd0000, 0x000072e723ff1000]
CodeCache: size=245760Kb, used=2160Kb, max_used=2160Kb, free=243598Kb
 total_blobs=863, nmethods=27, adapters=717, full_count=0
Compilation: enabled, stopped_count=0, restarted_count=0

Compilation events (0 events):
No events

GC Heap History (0 events):
No events

Dll operation events (5 events):
Event: 56.046 Loaded shared library /mnt/c/Github/valhalla+vector/build/linux-x86_64-server-slowdebug/images/jdk/lib/libjava.so
Event: 75.485 Loaded shared library /mnt/c/Github/valhalla+vector/build/linux-x86_64-server-slowdebug/images/jdk/lib/libzip.so
Event: 144.486 Loaded shared library /mnt/c/Github/valhalla+vector/build/linux-x86_64-server-slowdebug/images/jdk/lib/libsimdsort.so
Event: 144.706 Loaded shared library /mnt/c/Github/valhalla+vector/build/linux-x86_64-server-slowdebug/images/jdk/lib/libjsvml.so
Event: 170.648 Loaded shared library /mnt/c/Github/valhalla+vector/build/linux-x86_64-server-slowdebug/images/jdk/lib/libnio.so

Deoptimization events (0 events):
No events

Classes loaded (14 events):
Event: 177.114 Loading class java/lang/WeakPairMap$Pair$Weak
Event: 177.617 Loading class java/lang/WeakPairMap$WeakRefPeer
Event: 178.063 Loading class java/lang/WeakPairMap$WeakRefPeer done
Event: 178.063 Loading class java/lang/WeakPairMap$Pair$Weak done
Event: 178.064 Loading class java/lang/WeakPairMap$Pair$Weak$1
Event: 178.510 Loading class java/lang/WeakPairMap$Pair$Weak$1 done
Event: 179.244 Loading class jdk/internal/vm/PostVMInitHook
Event: 179.244 Loading class jdk/internal/vm/PostVMInitHook done
Event: 179.249 Loading class vector_api_proto
Event: 182.618 Loading class vector_api_proto done
Event: 182.623 Loading class Float256Vector
Event: 186.426 Loading class VectorPayload256MF
Event: 187.422 Loading class VectorPayload256MF done
Event: 187.423 Loading class Float256Vector done

Classes unloaded (0 events):
No events

Classes redefined (0 events):
No events

Internal exceptions (3 events):
Event: 170.792 Thread 0x000072e73402c1e0 Exception <a 'java/lang/NoSuchMethodError'{0x00000000c8e28a08}: 'int java.lang.invoke.DirectMethodHandle$Holder.invokeStatic(java.lang.Object, int, java.lang.Object)'> (0x00000000c8e28a08) 
thrown [/mnt/c/Github/valhalla+vector/src/hotspot/share/interpreter/linkResolver.cpp, line 803]
Event: 174.755 Thread 0x000072e73402c1e0 Exception <a 'java/lang/NoSuchMethodError'{0x00000000c8e3dbf8}: 'int java.lang.invoke.DirectMethodHandle$Holder.invokeStaticInit(java.lang.Object, java.lang.Object)'> (0x00000000c8e3dbf8) 
thrown [/mnt/c/Github/valhalla+vector/src/hotspot/share/interpreter/linkResolver.cpp, line 803]
Event: 175.796 Thread 0x000072e73402c1e0 Exception <a 'java/lang/NoSuchMethodError'{0x00000000c8d15940}: 'void java.lang.invoke.DirectMethodHandle$Holder.invokeStatic(java.lang.Object, java.lang.Object)'> (0x00000000c8d15940) 
thrown [/mnt/c/Github/valhalla+vector/src/hotspot/share/interpreter/linkResolver.cpp, line 803]

VM Operations (0 events):
No events

Memory protections (10 events):
Event: 55.712 Protecting memory [0x000072e73b773000,0x000072e73b777000] with protection modes 0
Event: 144.127 Protecting memory [0x000072e738c49000,0x000072e738c4d000] with protection modes 0
Event: 144.129 Protecting memory [0x000072e73838c000,0x000072e738390000] with protection modes 0
Event: 144.134 Protecting memory [0x000072e73828b000,0x000072e73828f000] with protection modes 0
Event: 144.136 Protecting memory [0x000072e73818a000,0x000072e73818e000] with protection modes 0
Event: 144.138 Protecting memory [0x000072e738089000,0x000072e73808d000] with protection modes 0
Event: 144.141 Protecting memory [0x000072e71c428000,0x000072e71c42c000] with protection modes 0
Event: 144.142 Protecting memory [0x000072e71c327000,0x000072e71c32b000] with protection modes 0
Event: 170.752 Protecting memory [0x000072e71c0bb000,0x000072e71c0bf000] with protection modes 0
Event: 179.242 Protecting memory [0x000072e70deff000,0x000072e70df03000] with protection modes 0

Nmethod flushes (0 events):
No events

Events (10 events):
Event: 75.217 Thread 0x000072e73402c1e0 Thread added: 0x000072e73402c1e0
Event: 144.127 Thread 0x000072e73402c1e0 Thread added: 0x000072e7341a2bb0
Event: 144.129 Thread 0x000072e73402c1e0 Thread added: 0x000072e7341a3e50
Event: 144.134 Thread 0x000072e73402c1e0 Thread added: 0x000072e7341a5a50
Event: 144.136 Thread 0x000072e73402c1e0 Thread added: 0x000072e7341a7470
Event: 144.138 Thread 0x000072e73402c1e0 Thread added: 0x000072e7341a8d50
Event: 144.141 Thread 0x000072e73402c1e0 Thread added: 0x000072e7341ab080
Event: 144.142 Thread 0x000072e73402c1e0 Thread added: 0x000072e7341acb10
Event: 170.752 Thread 0x000072e73402c1e0 Thread added: 0x000072e73423edc0
Event: 179.241 Thread 0x000072e73402c1e0 Thread added: 0x000072e7342ad200


Dynamic libraries:
c5400000-c9000000 rw-p 00000000 00:00 0 
c9000000-100000000 ---p 00000000 00:00 0 
59aa0905f000-59aa09060000 r--p 00000000 00:43 562949955654557            /mnt/c/Github/valhalla+vector/build/linux-x86_64-server-slowdebug/images/jdk/bin/java
59aa09060000-59aa09061000 r-xp 00001000 00:43 562949955654557            /mnt/c/Github/valhalla+vector/build/linux-x86_64-server-slowdebug/images/jdk/bin/java
59aa09061000-59aa09062000 r--p 00002000 00:43 562949955654557            /mnt/c/Github/valhalla+vector/build/linux-x86_64-server-slowdebug/images/jdk/bin/java
59aa09062000-59aa09063000 r--p 00002000 00:43 562949955654557            /mnt/c/Github/valhalla+vector/build/linux-x86_64-server-slowdebug/images/jdk/bin/java
59aa09063000-59aa09064000 rw-p 00003000 00:43 562949955654557            /mnt/c/Github/valhalla+vector/build/linux-x86_64-server-slowdebug/images/jdk/bin/java
59aa463d4000-59aa4641a000 rw-p 00000000 00:00 0                          [heap]
72e68c000000-72e68c021000 rw-p 00000000 00:00 0 
72e68c021000-72e690000000 ---p 00000000 00:00 0 
72e694000000-72e694021000 rw-p 00000000 00:00 0 
72e694021000-72e698000000 ---p 00000000 00:00 0 
72e698000000-72e698021000 rw-p 00000000 00:00 0 
72e698021000-72e69c000000 ---p 00000000 00:00 0 
72e69c000000-72e69c021000 rw-p 00000000 00:00 0 
72e69c021000-72e6a0000000 ---p 00000000 00:00 0 
72e6a0000000-72e6a0059000 rw-p 00000000 00:00 0 
72e6a0059000-72e6a4000000 ---p 00000000 00:00 0 
72e6a4000000-72e6a4021000 rw-p 00000000 00:00 0 
72e6a4021000-72e6a8000000 ---p 00000000 00:00 0 
72e6a8000000-72e6a8021000 rw-p 00000000 00:00 0 
72e6a8021000-72e6ac000000 ---p 00000000 00:00 0 
72e6ac000000-72e6ac021000 rw-p 00000000 00:00 0 
72e6ac021000-72e6b0000000 ---p 00000000 00:00 0 
72e6b0000000-72e6b0021000 rw-p 00000000 00:00 0 
72e6b0021000-72e6b4000000 ---p 00000000 00:00 0 
72e6b4000000-72e6b4040000 rw-p 00000000 00:00 0 
72e6b4040000-72e6b4400000 ---p 00000000 00:00 0 
72e6b4400000-72e6b4410000 rw-p 00000000 00:00 0 
72e6b4410000-72e6b8000000 ---p 00000000 00:00 0 
72e6b8000000-72e6b8021000 rw-p 00000000 00:00 0 
72e6b8021000-72e6bc000000 ---p 00000000 00:00 0 
72e6be000000-72e6beec3000 rw-p 00001000 00:43 562949955655235            /mnt/c/Github/valhalla+vector/build/linux-x86_64-server-slowdebug/images/jdk/lib/server/classes_valhalla.jsa
72e6beec3000-72e6bf000000 ---p 00000000 00:00 0 
72e6bf000000-72e6bf010000 rw-p 00000000 00:00 0 
72e6bf010000-72e6bf040000 ---p 00000000 00:00 0 
72e6bf040000-72e6bf050000 rw-p 00000000 00:00 0 
72e6bf050000-72e6ff000000 ---p 00000000 00:00 0 
72e700000000-72e700021000 rw-p 00000000 00:00 0 
72e700021000-72e704000000 ---p 00000000 00:00 0 
72e704000000-72e704021000 rw-p 00000000 00:00 0 
72e704021000-72e708000000 ---p 00000000 00:00 0 
72e708000000-72e708021000 rw-p 00000000 00:00 0 
72e708021000-72e70c000000 ---p 00000000 00:00 0 
72e70c839000-72e70deff000 rw-p 00000000 00:00 0 
72e70deff000-72e70df03000 ---p 00000000 00:00 0 
72e70df03000-72e710000000 rw-p 00000000 00:00 0 
72e710000000-72e710021000 rw-p 00000000 00:00 0 
72e710021000-72e714000000 ---p 00000000 00:00 0 
72e714000000-72e714021000 rw-p 00000000 00:00 0 
72e714021000-72e718000000 ---p 00000000 00:00 0 
72e718000000-72e718021000 rw-p 00000000 00:00 0 
72e718021000-72e71c000000 ---p 00000000 00:00 0 
72e71c0bb000-72e71c0bf000 ---p 00000000 00:00 0 
72e71c0bf000-72e71c1bc000 rw-p 00000000 00:00 0 
72e71c1bc000-72e71c1c0000 r--p 00000000 00:43 562949955654619            /mnt/c/Github/valhalla+vector/build/linux-x86_64-server-slowdebug/images/jdk/lib/libjsvml.so
72e71c1c0000-72e71c201000 r-xp 00004000 00:43 562949955654619            /mnt/c/Github/valhalla+vector/build/linux-x86_64-server-slowdebug/images/jdk/lib/libjsvml.so
72e71c201000-72e71c28a000 r--p 00045000 00:43 562949955654619            /mnt/c/Github/valhalla+vector/build/linux-x86_64-server-slowdebug/images/jdk/lib/libjsvml.so
72e71c28a000-72e71c28b000 r--p 000cd000 00:43 562949955654619            /mnt/c/Github/valhalla+vector/build/linux-x86_64-server-slowdebug/images/jdk/lib/libjsvml.so
72e71c28b000-72e71c28c000 rw-p 000ce000 00:43 562949955654619            /mnt/c/Github/valhalla+vector/build/linux-x86_64-server-slowdebug/images/jdk/lib/libjsvml.so
72e71c28c000-72e71c28f000 r--p 00000000 00:43 562949955654570            /mnt/c/Github/valhalla+vector/build/linux-x86_64-server-slowdebug/images/jdk/lib/libsimdsort.so
72e71c28f000-72e71c314000 r-xp 00003000 00:43 562949955654570            /mnt/c/Github/valhalla+vector/build/linux-x86_64-server-slowdebug/images/jdk/lib/libsimdsort.so
72e71c314000-72e71c325000 r--p 00088000 00:43 562949955654570            /mnt/c/Github/valhalla+vector/build/linux-x86_64-server-slowdebug/images/jdk/lib/libsimdsort.so
72e71c325000-72e71c326000 r--p 00098000 00:43 562949955654570            /mnt/c/Github/valhalla+vector/build/linux-x86_64-server-slowdebug/images/jdk/lib/libsimdsort.so
72e71c326000-72e71c327000 rw-p 00099000 00:43 562949955654570            /mnt/c/Github/valhalla+vector/build/linux-x86_64-server-slowdebug/images/jdk/lib/libsimdsort.so
72e71c327000-72e71c32b000 ---p 00000000 00:00 0 
72e71c32b000-72e71c428000 rw-p 00000000 00:00 0 
72e71c428000-72e71c42c000 ---p 00000000 00:00 0 
72e71c42c000-72e71c529000 rw-p 00000000 00:00 0 
72e71c529000-72e71c799000 rwxp 00000000 00:00 0 
72e71c799000-72e723a60000 ---p 00000000 00:00 0 
72e723a60000-72e723cd0000 rwxp 00000000 00:00 0 
72e723cd0000-72e723ff1000 ---p 00000000 00:00 0 
72e723ff1000-72e724261000 rwxp 00000000 00:00 0 
72e724261000-72e72b529000 ---p 00000000 00:00 0 
72e72b529000-72e734000000 r--s 00000000 00:43 1125899909075706           /mnt/c/Github/valhalla+vector/build/linux-x86_64-server-slowdebug/images/jdk/lib/modules
72e734000000-72e7342da000 rw-p 00000000 00:00 0 
72e7342da000-72e738000000 ---p 00000000 00:00 0 
72e738076000-72e738079000 r--p 00000000 00:43 562949955654568            /mnt/c/Github/valhalla+vector/build/linux-x86_64-server-slowdebug/images/jdk/lib/libnet.so
72e738079000-72e738084000 r-xp 00003000 00:43 562949955654568            /mnt/c/Github/valhalla+vector/build/linux-x86_64-server-slowdebug/images/jdk/lib/libnet.so
72e738084000-72e738086000 r--p 0000e000 00:43 562949955654568            /mnt/c/Github/valhalla+vector/build/linux-x86_64-server-slowdebug/images/jdk/lib/libnet.so
72e738086000-72e738087000 ---p 00010000 00:43 562949955654568            /mnt/c/Github/valhalla+vector/build/linux-x86_64-server-slowdebug/images/jdk/lib/libnet.so
72e738087000-72e738088000 r--p 00010000 00:43 562949955654568            /mnt/c/Github/valhalla+vector/build/linux-x86_64-server-slowdebug/images/jdk/lib/libnet.so
72e738088000-72e738089000 rw-p 00011000 00:43 562949955654568            /mnt/c/Github/valhalla+vector/build/linux-x86_64-server-slowdebug/images/jdk/lib/libnet.so
72e738089000-72e73808d000 ---p 00000000 00:00 0 
72e73808d000-72e73818a000 rw-p 00000000 00:00 0 
72e73818a000-72e73818e000 ---p 00000000 00:00 0 
72e73818e000-72e73828b000 rw-p 00000000 00:00 0 
72e73828b000-72e73828f000 ---p 00000000 00:00 0 
72e73828f000-72e73838c000 rw-p 00000000 00:00 0 
72e73838c000-72e738390000 ---p 00000000 00:00 0 
72e738390000-72e73848d000 rw-p 00000000 00:00 0 
72e73848d000-72e738600000 r--p 00000000 08:30 22149                      /usr/lib/locale/C.UTF-8/LC_COLLATE
72e738600000-72e7388e6000 r--p 00000000 08:30 1684                       /usr/lib/locale/locale-archive
72e7388f7000-72e738929000 r--p 00000000 08:30 22150                      /usr/lib/locale/C.UTF-8/LC_CTYPE
72e738929000-72e738a46000 rw-p 00000000 00:00 0 
72e738a46000-72e738a47000 ---p 00000000 00:00 0 
72e738a47000-72e738b47000 rw-p 00000000 00:00 0 
72e738b47000-72e738b48000 ---p 00000000 00:00 0 
72e738b48000-72e738c48000 rw-p 00000000 00:00 0 
72e738c48000-72e738c49000 ---p 00000000 00:00 0 
72e738c49000-72e738c4d000 ---p 00000000 00:00 0 
72e738c4d000-72e738d49000 rw-p 00000000 00:00 0 
72e738d49000-72e738d4f000 r--p 00000000 00:43 562949955654569            /mnt/c/Github/valhalla+vector/build/linux-x86_64-server-slowdebug/images/jdk/lib/libnio.so
72e738d4f000-72e738d5b000 r-xp 00006000 00:43 562949955654569            /mnt/c/Github/valhalla+vector/build/linux-x86_64-server-slowdebug/images/jdk/lib/libnio.so
72e738d5b000-72e738d5e000 r--p 00012000 00:43 562949955654569            /mnt/c/Github/valhalla+vector/build/linux-x86_64-server-slowdebug/images/jdk/lib/libnio.so
72e738d5e000-72e738d5f000 ---p 00015000 00:43 562949955654569            /mnt/c/Github/valhalla+vector/build/linux-x86_64-server-slowdebug/images/jdk/lib/libnio.so
72e738d5f000-72e738d60000 r--p 00015000 00:43 562949955654569            /mnt/c/Github/valhalla+vector/build/linux-x86_64-server-slowdebug/images/jdk/lib/libnio.so
72e738d60000-72e738d61000 rw-p 00016000 00:43 562949955654569            /mnt/c/Github/valhalla+vector/build/linux-x86_64-server-slowdebug/images/jdk/lib/libnio.so
72e738d61000-72e738d62000 r--p 00000000 08:30 22156                      /usr/lib/locale/C.UTF-8/LC_NUMERIC
72e738d62000-72e738d63000 r--p 00000000 08:30 22159                      /usr/lib/locale/C.UTF-8/LC_TIME
72e738d63000-72e738d64000 r--p 00000000 08:30 22154                      /usr/lib/locale/C.UTF-8/LC_MONETARY
72e738d64000-72e738d65000 r--p 00000000 08:30 22153                      /usr/lib/locale/C.UTF-8/LC_MESSAGES/SYS_LC_MESSAGES
72e738d65000-72e738d66000 r--p 00000000 08:30 22157                      /usr/lib/locale/C.UTF-8/LC_PAPER
72e738d66000-72e738d67000 r--p 00000000 08:30 22155                      /usr/lib/locale/C.UTF-8/LC_NAME
72e738d67000-72e738d6e000 r--s 00000000 08:30 41865                      /usr/lib/x86_64-linux-gnu/gconv/gconv-modules.cache
72e738d6e000-72e738d70000 r--p 00000000 00:43 562949955654573            /mnt/c/Github/valhalla+vector/build/linux-x86_64-server-slowdebug/images/jdk/lib/libzip.so
72e738d70000-72e738d77000 r-xp 00002000 00:43 562949955654573            /mnt/c/Github/valhalla+vector/build/linux-x86_64-server-slowdebug/images/jdk/lib/libzip.so
72e738d77000-72e738d79000 r--p 00009000 00:43 562949955654573            /mnt/c/Github/valhalla+vector/build/linux-x86_64-server-slowdebug/images/jdk/lib/libzip.so
72e738d79000-72e738d7a000 r--p 0000a000 00:43 562949955654573            /mnt/c/Github/valhalla+vector/build/linux-x86_64-server-slowdebug/images/jdk/lib/libzip.so
72e738d7a000-72e738d7b000 rw-p 0000b000 00:43 562949955654573            /mnt/c/Github/valhalla+vector/build/linux-x86_64-server-slowdebug/images/jdk/lib/libzip.so
72e738d7b000-72e738d7c000 ---p 00000000 00:00 0 
72e738d7c000-72e738e7c000 rw-p 00000000 00:00 0 
72e738e7c000-72e738e7d000 ---p 00000000 00:00 0 
72e738e7d000-72e739785000 rw-p 00000000 00:00 0 
72e739785000-72e739786000 ---p 00000000 00:00 0 
72e739786000-72e739886000 rw-p 00000000 00:00 0 
72e739886000-72e739887000 ---p 00000000 00:00 0 
72e739887000-72e739987000 rw-p 00000000 00:00 0 
72e739987000-72e739988000 ---p 00000000 00:00 0 
72e739988000-72e739bb5000 rw-p 00000000 00:00 0 
72e739bb5000-72e73a975000 ---p 00000000 00:00 0 
72e73a975000-72e73a993000 rw-p 00000000 00:00 0 
72e73a993000-72e73ab4b000 ---p 00000000 00:00 0 
72e73ab4b000-72e73ab69000 rw-p 00000000 00:00 0 
72e73ab69000-72e73ad21000 ---p 00000000 00:00 0 
72e73ad21000-72e73b52e000 rw-p 00000000 00:00 0 
72e73b52e000-72e73b614000 ---p 00000000 00:00 0 
72e73b614000-72e73b619000 rw-p 00000000 00:00 0 
72e73b619000-72e73b6ff000 ---p 00000000 00:00 0 
72e73b6ff000-72e73b70b000 r--p 00000000 00:43 562949955654564            /mnt/c/Github/valhalla+vector/build/linux-x86_64-server-slowdebug/images/jdk/lib/libjava.so
72e73b70b000-72e73b722000 r-xp 0000c000 00:43 562949955654564            /mnt/c/Github/valhalla+vector/build/linux-x86_64-server-slowdebug/images/jdk/lib/libjava.so
72e73b722000-72e73b728000 r--p 00023000 00:43 562949955654564            /mnt/c/Github/valhalla+vector/build/linux-x86_64-server-slowdebug/images/jdk/lib/libjava.so
72e73b728000-72e73b729000 r--p 00028000 00:43 562949955654564            /mnt/c/Github/valhalla+vector/build/linux-x86_64-server-slowdebug/images/jdk/lib/libjava.so
72e73b729000-72e73b72a000 rw-p 00029000 00:43 562949955654564            /mnt/c/Github/valhalla+vector/build/linux-x86_64-server-slowdebug/images/jdk/lib/libjava.so
72e73b72a000-72e73b72b000 rw-p 00000000 00:00 0 
72e73b72b000-72e73b72e000 r--p 00000000 08:30 41606                      /usr/lib/x86_64-linux-gnu/libnss_files-2.31.so
72e73b72e000-72e73b735000 r-xp 00003000 08:30 41606                      /usr/lib/x86_64-linux-gnu/libnss_files-2.31.so
72e73b735000-72e73b737000 r--p 0000a000 08:30 41606                      /usr/lib/x86_64-linux-gnu/libnss_files-2.31.so
72e73b737000-72e73b738000 r--p 0000b000 08:30 41606                      /usr/lib/x86_64-linux-gnu/libnss_files-2.31.so
72e73b738000-72e73b739000 rw-p 0000c000 08:30 41606                      /usr/lib/x86_64-linux-gnu/libnss_files-2.31.so
72e73b739000-72e73b73f000 rw-p 00000000 00:00 0 
72e73b73f000-72e73b740000 r--p 00000000 08:30 22148                      /usr/lib/locale/C.UTF-8/LC_ADDRESS
72e73b740000-72e73b741000 r--p 00000000 08:30 22158                      /usr/lib/locale/C.UTF-8/LC_TELEPHONE
72e73b741000-72e73b746000 rw-p 00000000 00:00 0 
72e73b746000-72e73b74d000 ---p 00000000 00:00 0 
72e73b74d000-72e73b751000 r--p 00000000 00:43 562949955654565            /mnt/c/Github/valhalla+vector/build/linux-x86_64-server-slowdebug/images/jdk/lib/libjimage.so
72e73b751000-72e73b768000 r-xp 00004000 00:43 562949955654565            /mnt/c/Github/valhalla+vector/build/linux-x86_64-server-slowdebug/images/jdk/lib/libjimage.so
72e73b768000-72e73b770000 r--p 0001b000 00:43 562949955654565            /mnt/c/Github/valhalla+vector/build/linux-x86_64-server-slowdebug/images/jdk/lib/libjimage.so
72e73b770000-72e73b772000 r--p 00022000 00:43 562949955654565            /mnt/c/Github/valhalla+vector/build/linux-x86_64-server-slowdebug/images/jdk/lib/libjimage.so
72e73b772000-72e73b773000 rw-p 00024000 00:43 562949955654565            /mnt/c/Github/valhalla+vector/build/linux-x86_64-server-slowdebug/images/jdk/lib/libjimage.so
72e73b773000-72e73b777000 ---p 00000000 00:00 0 
72e73b777000-72e73b874000 rw-p 00000000 00:00 0 
72e73b874000-72e73b881000 r--p 00000000 08:30 41600                      /usr/lib/x86_64-linux-gnu/libm-2.31.so
72e73b881000-72e73b928000 r-xp 0000d000 08:30 41600                      /usr/lib/x86_64-linux-gnu/libm-2.31.so
72e73b928000-72e73b9c1000 r--p 000b4000 08:30 41600                      /usr/lib/x86_64-linux-gnu/libm-2.31.so
72e73b9c1000-72e73b9c2000 r--p 0014c000 08:30 41600                      /usr/lib/x86_64-linux-gnu/libm-2.31.so
72e73b9c2000-72e73b9c3000 rw-p 0014d000 08:30 41600                      /usr/lib/x86_64-linux-gnu/libm-2.31.so
72e73b9c3000-72e73b9c5000 r--p 00000000 08:30 41613                      /usr/lib/x86_64-linux-gnu/librt-2.31.so
72e73b9c5000-72e73b9c9000 r-xp 00002000 08:30 41613                      /usr/lib/x86_64-linux-gnu/librt-2.31.so
72e73b9c9000-72e73b9cb000 r--p 00006000 08:30 41613                      /usr/lib/x86_64-linux-gnu/librt-2.31.so
72e73b9cb000-72e73b9cc000 r--p 00007000 08:30 41613                      /usr/lib/x86_64-linux-gnu/librt-2.31.so
72e73b9cc000-72e73b9cd000 rw-p 00008000 08:30 41613                      /usr/lib/x86_64-linux-gnu/librt-2.31.so
72e73b9cd000-72e73c049000 r--p 00000000 00:43 562949955654580            /mnt/c/Github/valhalla+vector/build/linux-x86_64-server-slowdebug/images/jdk/lib/server/libjvm.so
72e73c049000-72e73d744000 r-xp 0067c000 00:43 562949955654580            /mnt/c/Github/valhalla+vector/build/linux-x86_64-server-slowdebug/images/jdk/lib/server/libjvm.so
72e73d744000-72e73ea0c000 r--p 01d77000 00:43 562949955654580            /mnt/c/Github/valhalla+vector/build/linux-x86_64-server-slowdebug/images/jdk/lib/server/libjvm.so
72e73ea0c000-72e73eb1e000 r--p 0303e000 00:43 562949955654580            /mnt/c/Github/valhalla+vector/build/linux-x86_64-server-slowdebug/images/jdk/lib/server/libjvm.so
72e73eb1e000-72e73ec67000 rw-p 03150000 00:43 562949955654580            /mnt/c/Github/valhalla+vector/build/linux-x86_64-server-slowdebug/images/jdk/lib/server/libjvm.so
72e73ec67000-72e73ed32000 rw-p 00000000 00:00 0 
72e73ed32000-72e73ed38000 r--p 00000000 08:30 41611                      /usr/lib/x86_64-linux-gnu/libpthread-2.31.so
72e73ed38000-72e73ed49000 r-xp 00006000 08:30 41611                      /usr/lib/x86_64-linux-gnu/libpthread-2.31.so
72e73ed49000-72e73ed4f000 r--p 00017000 08:30 41611                      /usr/lib/x86_64-linux-gnu/libpthread-2.31.so
72e73ed4f000-72e73ed50000 r--p 0001c000 08:30 41611                      /usr/lib/x86_64-linux-gnu/libpthread-2.31.so
72e73ed50000-72e73ed51000 rw-p 0001d000 08:30 41611                      /usr/lib/x86_64-linux-gnu/libpthread-2.31.so
72e73ed51000-72e73ed55000 rw-p 00000000 00:00 0 
72e73ed55000-72e73ed56000 r--p 00000000 08:30 41599                      /usr/lib/x86_64-linux-gnu/libdl-2.31.so
72e73ed56000-72e73ed58000 r-xp 00001000 08:30 41599                      /usr/lib/x86_64-linux-gnu/libdl-2.31.so
72e73ed58000-72e73ed59000 r--p 00003000 08:30 41599                      /usr/lib/x86_64-linux-gnu/libdl-2.31.so
72e73ed59000-72e73ed5a000 r--p 00003000 08:30 41599                      /usr/lib/x86_64-linux-gnu/libdl-2.31.so
72e73ed5a000-72e73ed5b000 rw-p 00004000 08:30 41599                      /usr/lib/x86_64-linux-gnu/libdl-2.31.so
72e73ed5b000-72e73ed5d000 r--p 00000000 08:30 13174                      /usr/lib/x86_64-linux-gnu/libz.so.1.2.11
72e73ed5d000-72e73ed6e000 r-xp 00002000 08:30 13174                      /usr/lib/x86_64-linux-gnu/libz.so.1.2.11
72e73ed6e000-72e73ed74000 r--p 00013000 08:30 13174                      /usr/lib/x86_64-linux-gnu/libz.so.1.2.11
72e73ed74000-72e73ed75000 ---p 00019000 08:30 13174                      /usr/lib/x86_64-linux-gnu/libz.so.1.2.11
72e73ed75000-72e73ed76000 r--p 00019000 08:30 13174                      /usr/lib/x86_64-linux-gnu/libz.so.1.2.11
72e73ed76000-72e73ed77000 rw-p 0001a000 08:30 13174                      /usr/lib/x86_64-linux-gnu/libz.so.1.2.11
72e73ed77000-72e73ed99000 r--p 00000000 08:30 41598                      /usr/lib/x86_64-linux-gnu/libc-2.31.so
72e73ed99000-72e73ef11000 r-xp 00022000 08:30 41598                      /usr/lib/x86_64-linux-gnu/libc-2.31.so
72e73ef11000-72e73ef5f000 r--p 0019a000 08:30 41598                      /usr/lib/x86_64-linux-gnu/libc-2.31.so
72e73ef5f000-72e73ef63000 r--p 001e7000 08:30 41598                      /usr/lib/x86_64-linux-gnu/libc-2.31.so
72e73ef63000-72e73ef65000 rw-p 001eb000 08:30 41598                      /usr/lib/x86_64-linux-gnu/libc-2.31.so
72e73ef65000-72e73ef69000 rw-p 00000000 00:00 0 
72e73ef69000-72e73ef6a000 r--p 00000000 08:30 22152                      /usr/lib/locale/C.UTF-8/LC_MEASUREMENT
72e73ef6a000-72e73ef6b000 r--p 00000000 08:30 22151                      /usr/lib/locale/C.UTF-8/LC_IDENTIFICATION
72e73ef6b000-72e73ef6d000 r--s 00037000 00:43 562949955654584            /mnt/c/Github/valhalla+vector/build/linux-x86_64-server-slowdebug/images/jdk/lib/valueclasses/java.base-valueclasses.jar
72e73ef6d000-72e73ef75000 rw-s 00000000 08:30 37942                      /tmp/hsperfdata_jatinbha/2409
72e73ef75000-72e73ef76000 ---p 00000000 00:00 0 
72e73ef76000-72e73ef77000 r--p 00000000 00:00 0 
72e73ef77000-72e73ef7a000 r--p 00000000 00:43 562949955654566            /mnt/c/Github/valhalla+vector/build/linux-x86_64-server-slowdebug/images/jdk/lib/libjli.so
72e73ef7a000-72e73ef88000 r-xp 00003000 00:43 562949955654566            /mnt/c/Github/valhalla+vector/build/linux-x86_64-server-slowdebug/images/jdk/lib/libjli.so
72e73ef88000-72e73ef8c000 r--p 00011000 00:43 562949955654566            /mnt/c/Github/valhalla+vector/build/linux-x86_64-server-slowdebug/images/jdk/lib/libjli.so
72e73ef8c000-72e73ef8d000 r--p 00014000 00:43 562949955654566            /mnt/c/Github/valhalla+vector/build/linux-x86_64-server-slowdebug/images/jdk/lib/libjli.so
72e73ef8d000-72e73ef8e000 rw-p 00015000 00:43 562949955654566            /mnt/c/Github/valhalla+vector/build/linux-x86_64-server-slowdebug/images/jdk/lib/libjli.so
72e73ef8e000-72e73ef90000 rw-p 00000000 00:00 0 
72e73ef90000-72e73ef91000 r--p 00000000 08:30 21885                      /usr/lib/x86_64-linux-gnu/ld-2.31.so
72e73ef91000-72e73efb4000 r-xp 00001000 08:30 21885                      /usr/lib/x86_64-linux-gnu/ld-2.31.so
72e73efb4000-72e73efbc000 r--p 00024000 08:30 21885                      /usr/lib/x86_64-linux-gnu/ld-2.31.so
72e73efbc000-72e73efbd000 rwxp 00000000 00:00 0 
72e73efbd000-72e73efbe000 r--p 0002c000 08:30 21885                      /usr/lib/x86_64-linux-gnu/ld-2.31.so
72e73efbe000-72e73efbf000 rw-p 0002d000 08:30 21885                      /usr/lib/x86_64-linux-gnu/ld-2.31.so
72e73efbf000-72e73efc0000 rw-p 00000000 00:00 0 
7ffe766c1000-7ffe766e3000 rw-p 00000000 00:00 0                          [stack]
7ffe76778000-7ffe7677c000 r--p 00000000 00:00 0                          [vvar]
7ffe7677c000-7ffe7677e000 r-xp 00000000 00:00 0                          [vdso]
Total number of mappings: 224

JVMTI agents: none


VM Arguments:
jvm_args: -Xbootclasspath/a:. --enable-preview --add-exports=java.base/jdk.internal.vm.annotation=ALL-UNNAMED -XX:+UseNonAtomicValueFlattening --add-exports=java.base/jdk.internal.misc=ALL-UNNAMED -XX:+PauseAtStartup -XX:-UseOnStackReplacement -XX:+PrintInlineLayout -XX:CompileOnly=Float256Vector::add 
java_command: vector_api_proto
java_class_path (initial): .
Launcher Type: SUN_STANDARD

[Global flags]
     bool AOTInvokeDynamicLinking                  = false                                  {diagnostic} {ergonomic}     AOT-link JVM_CONSTANT_InvokeDynamic entries in cached ConstantPools
     intx CICompilerCount                          = 4                                         {product} {ergonomic}     Number of compiler threads to run
ccstrlist CompileOnly                              = Float256Vector::add                       {product} {command line}  List of methods (pkg/class.name) to restrict compilation to
     uint ConcGCThreads                            = 2                                         {product} {ergonomic}     Number of threads concurrent gc will use
     bool EnableValhalla                           = true                                      {product} {command line}  Enable experimental Valhalla features
     uint G1ConcRefinementThreads                  = 8                                         {product} {ergonomic}     The number of parallel remembered set update threads. Will be set ergonomically by default.
   size_t G1HeapRegionSize                         = 1048576                                   {product} {ergonomic}     Size of the G1 regions.
   size_t InitialHeapSize                          = 62914560                                  {product} {ergonomic}     Initial heap size (in bytes); zero means use ergonomics
   size_t MarkStackSize                            = 4194304                                   {product} {ergonomic}     Size of marking stack in bytes.
   size_t MarkStackSizeMax                         = 536870912                                 {product} {ergonomic}     Maximum size of marking stack in bytes.
   size_t MaxHeapSize                              = 985661440                                 {product} {ergonomic}     Maximum heap size (in bytes)
   size_t MaxNewSize                               = 591396864                                 {product} {ergonomic}     Maximum new generation size (in bytes), max_uintx means set ergonomically
   size_t MinHeapDeltaBytes                        = 1048576                                   {product} {ergonomic}     The minimum change in heap space due to GC (in bytes)
   size_t MinHeapSize                              = 8388608                                   {product} {ergonomic}     Minimum heap size (in bytes); zero means use ergonomics
    uintx NonNMethodCodeHeapSize                   = 5836800                                {pd product} {ergonomic}     Size of code heap with non-nmethods (in bytes)
    uintx NonProfiledCodeHeapSize                  = 122912768                              {pd product} {ergonomic}     Size of code heap with non-profiled methods (in bytes)
     bool PauseAtStartup                           = true                                   {diagnostic} {command line}  Causes the VM to pause at startup time and wait for the pause file to be removed (default: ./vm.paused.<pid>)
     bool PrintInlineLayout                        = true                                   {diagnostic} {command line}  Print field layout for each inline type or class with inline fields
    uintx ProfiledCodeHeapSize                     = 122908672                              {pd product} {ergonomic}     Size of code heap with profiled methods (in bytes)
    uintx ReservedCodeCacheSize                    = 251658240                              {pd product} {ergonomic}     Reserved code cache size (in bytes) - maximum code cache size
     bool SegmentedCodeCache                       = true                                      {product} {ergonomic}     Use a segmented code cache
   size_t SoftMaxHeapSize                          = 985661440                              {manageable} {ergonomic}     Soft limit for maximum heap size (in bytes)
     bool THPStackMitigation                       = false                                  {diagnostic} {ergonomic}     If THPs are unconditionally enabled on the system (mode "always"), the JVM will prevent THP from forming in thread stacks. When disabled, the absence of this mitigationallows THPs to form in thread stacks.
     bool UseCompressedOops                        = true                           {product lp64_product} {ergonomic}   Use 32-bit object references in 64-bit VM. lp64_product means flag is always constant in 32 bit VM
     bool UseG1GC                                  = true                                      {product} {ergonomic}     Use the Garbage-First garbage collector
     bool UseNonAtomicValueFlattening              = true                                      {product} {command line}  Allow the JVM to flatten some non-atomic null-free values
     bool UseOnStackReplacement                    = false                                  {pd product} {command line}  Use on stack replacement, calls runtime if invoc. counter overflows in loop

Logging:
Log output configuration:
 #0: stdout all=warning uptime,level,tags foldmultilines=false
 #1: stderr all=off uptime,level,tags foldmultilines=false

Environment Variables:
JAVA_HOME=/mnt/c/Github/valhalla+vector/build/linux-x86_64-server-slowdebug/images/jdk/
PATH=/mnt/c/Github/valhalla+vector/build/linux-x86_64-server-slowdebug/images/jdk//bin:/home/jatinbha/.local/bin:/home/jatinbha/bin:/mnt/c/Github/softwares/cmake-4.1.1-linux-x86_64/bin:/mnt/c/Github/softwares/intellij/idea-IC-252.25557.131/bin:/mnt/c/Github/mx:/mnt/c/Github/workloads/VectorAPI/jruby/bin:/home/jatinbha/softwares/jdk-26//bin:/mnt/c/Github/softwares/async-profiler-4.1-linux-x64/bin:/home/jatinbha/softwares/gradle-8.14.3/bin:/home/jatinbha/softwares/gradle-9.0.0/bin:/mnt/c/Github/softwares/sde-external-9.58.0-2025-06-16-lin:/mnt/c/Github/softwares/apache-maven-3.9.11/bin:/home/jatinbha/.rbenv/shims:/usr/local/sbin:/usr/local/bin:/usr/sbin:/usr/bin:/sbin:/bin:/usr/games:/usr/local/games:/usr/lib/wsl/lib:/mnt/c/WINDOWS/system32:/mnt/c/WINDOWS:/mnt/c/WINDOWS/System32/Wbem:/mnt/c/WINDOWS/System32/WindowsPowerShell/v1.0/:/mnt/c/WINDOWS/System32/OpenSSH/:/mnt/c/Program Files/Git/cmd:/mnt/c/Program Files/dotnet/:/mnt/c/Github/softwares/z3/z3-4.15.2-x64-win/bin:/mnt/c/Github/softwares/openjdk-24.0.2_windows-x64_bin/jdk-24.0.2/bin:/mnt/c/Program Files/Microsoft Visual Studio/2022/Community/VC/Tools/MSVC/14.44.35207/bin/Hostx64/x64:/mnt/c/Users/jatin/AppData/Local/Microsoft/WindowsApps:/mnt/c/Users/jatin/AppData/Local/GitHubDesktop/bin:/mnt/c/Users/jatin/AppData/Local/Programs/Microsoft VS Code/bin:/mnt/c/Github/softwares/openjdk-24.0.2_windows-x64_bin/jdk-24.0.2/bin:/mnt/c/Github/softwares/z3/z3-4.15.2-x64-win/bin:/snap/bin
LD_LIBRARY_PATH=/home/jatinbha/softwares/
SHELL=/bin/bash
DISPLAY=:0
HOSTTYPE=x86_64
LANG=C.UTF-8
TERM=xterm-256color

Active Locale:
LC_ALL=C.UTF-8
LC_COLLATE=C.UTF-8
LC_CTYPE=C.UTF-8
LC_MESSAGES=C.UTF-8
LC_MONETARY=C.UTF-8
LC_NUMERIC=C.UTF-8
LC_TIME=C.UTF-8

Signal Handlers:
   SIGSEGV: crash_handler in libjvm.so, mask=11100100010111111101111111111110, flags=SA_RESTART|SA_SIGINFO, unblocked
    SIGBUS: crash_handler in libjvm.so, mask=11100100010111111101111111111110, flags=SA_RESTART|SA_SIGINFO, unblocked
    SIGFPE: crash_handler in libjvm.so, mask=11100100010111111101111111111110, flags=SA_RESTART|SA_SIGINFO, unblocked
   SIGPIPE: javaSignalHandler in libjvm.so, mask=11100100010111111101111111111110, flags=SA_RESTART|SA_SIGINFO, unblocked
   SIGXFSZ: javaSignalHandler in libjvm.so, mask=11100100010111111101111111111110, flags=SA_RESTART|SA_SIGINFO, unblocked
    SIGILL: crash_handler in libjvm.so, mask=11100100010111111101111111111110, flags=SA_RESTART|SA_SIGINFO, unblocked
   SIGUSR2: SR_handler in libjvm.so, mask=00000000000000000000000000000000, flags=SA_RESTART|SA_SIGINFO, unblocked
    SIGHUP: UserHandler in libjvm.so, mask=11100100010111111101111111111110, flags=SA_RESTART|SA_SIGINFO, unblocked
    SIGINT: UserHandler in libjvm.so, mask=11100100010111111101111111111110, flags=SA_RESTART|SA_SIGINFO, unblocked
   SIGTERM: UserHandler in libjvm.so, mask=11100100010111111101111111111110, flags=SA_RESTART|SA_SIGINFO, unblocked
   SIGQUIT: UserHandler in libjvm.so, mask=11100100010111111101111111111110, flags=SA_RESTART|SA_SIGINFO, blocked
   SIGTRAP: crash_handler in libjvm.so, mask=11100100010111111101111111111110, flags=SA_RESTART|SA_SIGINFO, unblocked


Native Memory Tracking:

(Omitting categories weighting less than 1KB)

Total: reserved=2453528KB, committed=163040KB
       malloc: 43484KB #24855, peak=43175KB #24857
       mmap:   reserved=2410044KB, committed=119556KB

-                 Java Heap (reserved=962560KB, committed=61440KB)
                            (mmap: reserved=962560KB, committed=61440KB, at peak)

-                     Class (reserved=1048662KB, committed=214KB)
                            (classes #1026)
                            (  instance classes #878, array classes #148)
                            (malloc=86KB #1173) (peak=86KB #1174)
                            (mmap: reserved=1048576KB, committed=128KB, at peak)
                            (  Metadata:   )
                            (    reserved=65536KB, committed=320KB)
                            (    used=216KB)
                            (    waste=104KB =32.40%)
                            (  Class space:)
                            (    reserved=1048576KB, committed=128KB)
                            (    used=10KB)
                            (    waste=118KB =92.27%)

-                    Thread (reserved=17529KB, committed=833KB)
                            (threads #17)
                            (stack: reserved=17444KB, committed=748KB, peak=748KB)
                            (malloc=36KB #103) (peak=44KB #107)
                            (arena=50KB #30) (peak=80KB #28)

-                      Code (reserved=248097KB, committed=7957KB)
                            (malloc=376KB #10986) (peak=376KB #10990)
                            (mmap: reserved=247688KB, committed=7548KB, at peak)
                            (arena=33KB #1) (at peak)

-                        GC (reserved=68535KB, committed=50935KB)
                            (malloc=16723KB #488) (peak=16723KB #494)
                            (mmap: reserved=51812KB, committed=34212KB, at peak)

-                  Compiler (reserved=264KB, committed=264KB)
                            (malloc=4KB #30) (peak=4KB #34)
                            (arena=260KB #6) (peak=636KB #12)

-                  Internal (reserved=23677KB, committed=23677KB)
                            (malloc=23641KB #6355) (at peak)
                            (mmap: reserved=36KB, committed=36KB, at peak)

-                     Other (reserved=2KB, committed=2KB)
                            (malloc=2KB #1) (at peak)

-                    Symbol (reserved=1249KB, committed=1249KB)
                            (malloc=889KB #3277) (at peak)
                            (arena=360KB #1) (at peak)

-    Native Memory Tracking (reserved=443KB, committed=443KB)
                            (malloc=6KB #63) (at peak)
                            (arena=0KB #0) (peak=128KB #1)
                            (tracking overhead=437KB)

-        Shared class space (reserved=16384KB, committed=15116KB, readonly=0KB)
                            (mmap: reserved=16384KB, committed=15116KB, peak=15316KB)

-               Arena Chunk (reserved=335KB, committed=335KB)
                            (malloc=335KB #62) (peak=1165KB #64)

-                    Module (reserved=199KB, committed=199KB)
                            (malloc=199KB #2135) (at peak)

-                 Safepoint (reserved=8KB, committed=8KB)
                            (mmap: reserved=8KB, committed=8KB, at peak)

-           Synchronization (reserved=18KB, committed=18KB)
                            (malloc=18KB #135) (at peak)

-            Serviceability (reserved=17KB, committed=17KB)
                            (malloc=17KB #10) (peak=17KB #14)

-                 Metaspace (reserved=65548KB, committed=332KB)
                            (malloc=12KB #8) (at peak)
                            (mmap: reserved=65536KB, committed=320KB, at peak)

-      String Deduplication (reserved=1KB, committed=1KB)
                            (malloc=1KB #8) (at peak)

Preinit state:entries: 391 (primary: 391, empties: 7800), sum bytes: 14884, longest chain length: 1
pre-init mallocs: 431, pre-init reallocs: 8, pre-init frees: 40
MallocLimit: unset

Compiler Memory Statistic, 10 most expensive compilations:
ctyp  total     ra        node      comp      type      states    reglive   regsplit  superword cienv     ha        other     #nodes  result  limit     time    id    thread             method
No entries.

Periodic native trim disabled

---------------  S Y S T E M  ---------------

OS:
DISTRIB_ID=Ubuntu
DISTRIB_RELEASE=20.04
DISTRIB_CODENAME=focal
DISTRIB_DESCRIPTION="Ubuntu 20.04.6 LTS"
uname: Linux jatinbha-ws 6.6.87.2-microsoft-standard-WSL2 #1 SMP PREEMPT_DYNAMIC Thu Jun  5 18:30:46 UTC 2025 x86_64
OS uptime: 0 days 1:48 hours
libc: glibc 2.31 NPTL 2.31 
rlimit (soft/hard): STACK 8192k/infinity , CORE 0k/infinity , NPROC 14993/14993 , NOFILE 1048576/1048576 , AS infinity/infinity , CPU infinity/infinity , DATA infinity/infinity , FSIZE infinity/infinity , MEMLOCK 65536k/65536k
load average: 0.00 0.00 0.00

/proc/meminfo:
MemTotal:        3848416 kB
MemFree:         3126204 kB
MemAvailable:    3293132 kB
Buffers:            1904 kB
Cached:           218696 kB
SwapCached:            0 kB
Active:            49988 kB
Inactive:         370864 kB
Active(anon):       2736 kB
Inactive(anon):   201812 kB
Active(file):      47252 kB
Inactive(file):   169052 kB
Unevictable:           0 kB
Mlocked:               0 kB
SwapTotal:       1048576 kB
SwapFree:        1048576 kB
Dirty:               208 kB
Writeback:             0 kB
AnonPages:        200336 kB
Mapped:           191880 kB
Shmem:              4236 kB
KReclaimable:      25404 kB
Slab:              74616 kB
SReclaimable:      25404 kB
SUnreclaim:        49212 kB
KernelStack:        4512 kB
PageTables:         4568 kB
SecPageTables:         0 kB
NFS_Unstable:          0 kB
Bounce:                0 kB
WritebackTmp:          0 kB
CommitLimit:     2972784 kB
Committed_AS:    1098804 kB
VmallocTotal:   34359738367 kB
VmallocUsed:       28964 kB
VmallocChunk:          0 kB
Percpu:             3648 kB
HardwareCorrupted:     0 kB
AnonHugePages:         0 kB
ShmemHugePages:        0 kB
ShmemPmdMapped:        0 kB
FileHugePages:         0 kB
FilePmdMapped:         0 kB
Unaccepted:            0 kB
HugePages_Total:       0
HugePages_Free:        0
HugePages_Rsvd:        0
HugePages_Surp:        0
Hugepagesize:       2048 kB
Hugetlb:               0 kB
DirectMap4k:       64512 kB
DirectMap2M:     3964928 kB
DirectMap1G:     8388608 kB

/sys/kernel/mm/transparent_hugepage/enabled: always [madvise] never
/sys/kernel/mm/transparent_hugepage/hpage_pmd_size: 2097152
/sys/kernel/mm/transparent_hugepage/shmem_enabled: always within_size advise [never] deny force
/sys/kernel/mm/transparent_hugepage/defrag (defrag/compaction efforts parameter): always defer defer+madvise [madvise] never

Process Memory:
Virtual Size: 3771104K (peak: 3813320K)
Resident Set Size: 109512K (peak: 109512K) (anon: 69760K, file: 39752K, shmem: 0K)
Swapped out: 0K
C-Heap outstanding allocations: 44347K, retained: 2096K
glibc malloc tunables: (default)

/proc/sys/kernel/threads-max (system-wide limit on the number of threads): 29987
/proc/sys/vm/max_map_count (maximum number of memory map areas a process may have): 65530
/proc/sys/vm/swappiness (control to define how aggressively the kernel swaps out anonymous memory): 60
/proc/sys/kernel/pid_max (system-wide limit on number of process identifiers): 4194304

container information not found.
Hyper-V virtualization detected
Steal ticks since vm start: 0
Steal ticks percentage since vm start:  0.000

CPU: total 8 (initial active 8) (4 cores per cpu, 2 threads per core) family 6 model 186 stepping 3 microcode 0xffffffff, cx8, cmov, fxsr, ht, mmx, 3dnowpref, sse, sse2, sse3, ssse3, sse4.1, sse4.2, popcnt, lzcnt, tsc, tscinvbit, avx, avx2, aes, erms, clmul, bmi1, bmi2, adx, sha, fma, vzeroupper, clflush, clflushopt, clwb, hv, serialize, rdtscp, rdpid, fsrm, gfni, f16c, cet_ibt, cet_ss
CPU Model and flags from /proc/cpuinfo:
model name	: 13th Gen Intel(R) Core(TM) i3-1315U
flags		: fpu vme de pse tsc msr pae mce cx8 apic sep mtrr pge mca cmov pat pse36 clflush mmx fxsr sse sse2 ss ht syscall nx pdpe1gb rdtscp lm constant_tsc rep_good nopl xtopology tsc_reliable nonstop_tsc cpuid tsc_known_freq pni pclmulqdq vmx ssse3 fma cx16 pcid sse4_1 sse4_2 x2apic movbe popcnt tsc_deadline_timer aes xsave avx f16c rdrand hypervisor lahf_lm abm 3dnowprefetch ssbd ibrs ibpb stibp ibrs_enhanced tpr_shadow ept vpid ept_ad fsgsbase tsc_adjust bmi1 avx2 smep bmi2 erms invpcid rdseed adx smap clflushopt clwb sha_ni xsaveopt xsavec xgetbv1 xsaves avx_vnni vnmi umip waitpkg gfni vaes vpclmulqdq rdpid movdiri movdir64b fsrm md_clear serialize flush_l1d arch_capabilities

Online cpus: 0-7
Offline cpus: 
cache level: 1
cache type: Data
cache size: 48K
cache coherency line size: 64
cache level: 1
cache type: Instruction
cache size: 32K
cache coherency line size: 64
cache level: 2
cache type: Unified
cache size: 1280K
cache coherency line size: 64
cache level: 3
cache type: Unified
cache size: 10240K
cache coherency line size: 64
BIOS frequency limitation: <Not Available>
Frequency switch latency (ns): <Not Available>
Available cpu frequencies: <Not Available>
Maximum cpu frequency: <Not Available>
Minimum cpu frequency: <Not Available>
Current cpu frequency: <Not Available>
Available governors: <Not Available>
Current governor: <Not Available>
Core performance/turbo boost: <Not Available>

Memory: 4k page, physical 3848416k(3293132k free), swap 1048576k(1048576k free)
Page Sizes: 4k

vm_info: OpenJDK 64-Bit Server VM (slowdebug 25-internal-adhoc.jatinbha.valhallavector) for linux-amd64 JRE (25-internal-adhoc.jatinbha.valhallavector), built on 2025-09-27T12:13:14Z with gcc 10.5.0

END.
