#
# A fatal error has been detected by the Java Runtime Environment:
#
#  Internal Error (/mnt/c/Github/valhalla+vector/src/hotspot/share/utilities/growableArray.hpp:150), pid=2124, tid=2141
#  assert(0 <= i && i < _len) failed: illegal index 2 for length 2
#
# JRE version: OpenJDK Runtime Environment (25.0) (slowdebug build 25-internal-adhoc.jatinbha.valhallavector)
# Java VM: OpenJDK 64-Bit Server VM (slowdebug 25-internal-adhoc.jatinbha.valhallavector, mixed mode, sharing, tiered, compressed oops, compressed class ptrs, g1 gc, linux-amd64)
# Problematic frame:
# V  [libjvm.so+0xa30ead]  GrowableArrayView<ciType*>::at(int) const+0x4b
#
# Core dump will be written. Default location: Core dumps may be processed with "/wsl-capture-crash %t %E %p %s" (or dumping to /mnt/c/Github/external_staging/Code/java/valhalla/valhalla_401/core.2124)
#
# If you would like to submit a bug report, please visit:
#   https://bugreport.java.com/bugreport/crash.jsp
#

---------------  S U M M A R Y ------------

Command Line: -Xbootclasspath/a:. --enable-preview --add-exports=java.base/jdk.internal.vm.annotation=ALL-UNNAMED -XX:+UseNonAtomicValueFlattening --add-exports=java.base/jdk.internal.misc=ALL-UNNAMED -XX:-PauseAtStartup -XX:+PrintInlineLayout -XX:CompileOnly=Float256Vector::add vector_api_proto

Host: jatinbha-ws, 13th Gen Intel(R) Core(TM) i3-1315U, 8 cores, 3G, Ubuntu 20.04.6 LTS
Time: Tue Sep 30 08:44:32 2025 IST elapsed time: 1.554060 seconds (0d 0h 0m 1s)

---------------  T H R E A D  ---------------

Current thread (0x00007aa4901ad530):  JavaThread "C2 CompilerThread0" daemon [_thread_in_native, id=2141, stack(0x00007aa4697fc000,0x00007aa4698fd000) (1028K)]


Current CompileTask:
C2:1557   29       4       Float256Vector::add (87 bytes)

Stack: [0x00007aa4697fc000,0x00007aa4698fd000],  sp=0x00007aa4698f9810,  free space=1014k
Native frames: (J=compiled Java code, j=interpreted, Vv=VM code, C=native code)
V  [libjvm.so+0xa30ead]  GrowableArrayView<ciType*>::at(int) const+0x4b  (growableArray.hpp:150)
V  [libjvm.so+0xa2f882]  ciSignature::type_at(int) const+0x28  (ciSignature.hpp:60)
V  [libjvm.so+0x1b8f3aa]  TypeTuple::make_domain(ciMethod*, Type::InterfaceHandling, bool)+0x258  (type.cpp:2482)
V  [libjvm.so+0x1ba21e3]  TypeFunc::make(ciMethod*, bool)+0x103