#
# A fatal error has been detected by the Java Runtime Environment:
#
#  SIGSEGV (0xb) at pc=0x0000755069657122, pid=2376, tid=2377
#
# JRE version:  (25.0) (slowdebug build )
# Java VM: OpenJDK 64-Bit Server VM (slowdebug 25-internal-adhoc.jatinbha.valhallavector, mixed mode, sharing, tiered, compressed oops, compressed class ptrs, g1 gc, linux-amd64)
# Problematic frame:
# V  [libjvm.so+0x682122]  Method::constMethod() const+0x10
#
# Core dump will be written. Default location: Core dumps may be processed with "/wsl-capture-crash %t %E %p %s" (or dumping to /mnt/c/Github/external_staging/Code/java/valhalla/valhalla_401/core.2376)
#
#

---------------  S U M M A R Y ------------

Command Line: -Xbootclasspath/a:. --enable-preview --add-exports=java.base/jdk.internal.vm.annotation=ALL-UNNAMED -XX:+UseNonAtomicValueFlattening --add-exports=java.base/jdk.internal.misc=ALL-UNNAMED -XX:+PauseAtStartup -XX:-UseOnStackReplacement -XX:+PrintInlineLayout -XX:CompileOnly=Float256Vector::add vector_api_proto

Host: jatinbha-ws, 13th Gen Intel(R) Core(TM) i3-1315U, 8 cores, 3G, Ubuntu 20.04.6 LTS
Time: Tue Sep 30 08:58:49 2025 IST elapsed time: 209.890009 seconds (0d 0h 3m 29s)

---------------  T H R E A D  ---------------

Current thread (0x000075506402c1e0):  JavaThread "Unknown thread" [_thread_in_vm, id=2377, stack(0x0000755068d7b000,0x0000755068e7c000) (1028K)]

Stack: [0x0000755068d7b000,0x0000755068e7c000],  sp=0x0000755068e78670,  free space=1013k
Native frames: (J=compiled Java code, j=interpreted, Vv=VM code, C=native code)
V  [libjvm.so+0x682122]  Method::constMethod() const+0x10