#
# A fatal error has been detected by the Java Runtime Environment:
#
#  Internal Error (/mnt/c/Github/valhalla+vector/src/hotspot/share/utilities/growableArray.hpp:150), pid=2680, tid=2706
#  assert(0 <= i && i < _len) failed: illegal index 2 for length 2
#
# JRE version: OpenJDK Runtime Environment (25.0) (slowdebug build 25-internal-adhoc.jatinbha.valhallavector)
# Java VM: OpenJDK 64-Bit Server VM (slowdebug 25-internal-adhoc.jatinbha.valhallavector, mixed mode, sharing, tiered, compressed oops, compressed class ptrs, g1 gc, linux-amd64)
# Problematic frame:
# V  [libjvm.so+0xa30ead]  GrowableArrayView<ciType*>::at(int) const+0x4b
#
# Core dump will be written. Default location: Core dumps may be processed with "/wsl-capture-crash %t %E %p %s" (or dumping to /mnt/c/Github/external_staging/Code/java/valhalla/valhalla_401/core.2680)
#
# If you would like to submit a bug report, please visit:
#   https://bugreport.java.com/bugreport/crash.jsp
#

---------------  S U M M A R Y ------------

Command Line: -Xbootclasspath/a:. --enable-preview --add-exports=java.base/jdk.internal.vm.annotation=ALL-UNNAMED -XX:+UseNonAtomicValueFlattening --add-exports=java.base/jdk.internal.misc=ALL-UNNAMED -XX:+PauseAtStartup -XX:-UseOnStackReplacement -XX:+PrintInlineLayout -XX:CompileOnly=Float256Vector::add vector_api_proto

Host: jatinbha-ws, 13th Gen Intel(R) Core(TM) i3-1315U, 8 cores, 3G, Ubuntu 20.04.6 LTS
Time: Tue Sep 30 10:28:05 2025 IST elapsed time: 155.561853 seconds (0d 0h 2m 35s)

---------------  T H R E A D  ---------------

Current thread (0x000075b2b81ab070):  JavaThread "C2 CompilerThread0" daemon [_thread_in_native, id=2706, stack(0x000075b2a0226000,0x000075b2a0327000) (1028K)]


Current CompileTask:
C2:155565   29       4       Float256Vector::add (87 bytes)

Stack: [0x000075b2a0226000,0x000075b2a0327000],  sp=0x000075b2a0323810,  free space=1014k
Native frames: (J=compiled Java code, j=interpreted, Vv=VM code, C=native code)
V  [libjvm.so+0xa30ead]  GrowableArrayView<ciType*>::at(int) const+0x4b  (growableArray.hpp:150)
V  [libjvm.so+0xa2f882]  ciSignature::type_at(int) const+0x28  (ciSignature.hpp:60)
V  [libjvm.so+0x1b8f3aa]  TypeTuple::make_domain(ciMethod*, Type::InterfaceHandling, bool)+0x258  (type.cpp:2482)
V  [libjvm.so+0x1ba21e3]  TypeFunc::make(ciMethod*, bool)+0x103  (type.cpp:7430)
V  [libjvm.so+0xd0606b]  Compile::Compile(ciEnv*, ciMethod*, int, Options, DirectiveSet*)+0xe93  (compile.cpp:788)
V  [libjvm.so+0xbb0766]  C2Compiler::compile_method(ciEnv*, ciMethod*, int, bool, DirectiveSet*)+0x1fa  (c2compiler.cpp:142)
V  [libjvm.so+0xd2d14c]  CompileBroker::invoke_compiler_on_method(CompileTask*)+0xaf8  (compileBroker.cpp:2331)
V  [libjvm.so+0xd2ba69]  CompileBroker::compiler_thread_loop()+0x411  (compileBroker.cpp:1975)
V  [libjvm.so+0xd4c21a]  CompilerThread::thread_entry(JavaThread*, JavaThread*)+0x84  (compilerThread.cpp:67)
V  [libjvm.so+0x1205d7c]  JavaThread::thread_main_inner()+0x15c  (javaThread.cpp:777)
V  [libjvm.so+0x1205c16]  JavaThread::run()+0x258  (javaThread.cpp:762)
V  [libjvm.so+0x1b6dbd0]  Thread::call_run()+0x1a8  (thread.cpp:231)
V  [libjvm.so+0x176a632]  thread_native_entry(Thread*)+0x1c3  (os_linux.cpp:877)
Registers:
RAX=0x000075b2c2e3d000, RBX=0x000075b224050978, RCX=0x0000000000000009, RDX=0x000075b2b80f1258
RSP=0x000075b2a0323810, RBP=0x000075b2a0323820, RSI=0x0000000000000002, RDI=0x000075b2b80f1258
R8 =0x000075b2a0323330, R9 =0x0000000000000002, R10=0x000075b2a0323500, R11=0x00007ffc63bf4090
R12=0x000075b2c1029a8a, R13=0x000075b2b80de446, R14=0x000000000000000e, R15=0x000075b24296ebd6
RIP=0x000075b2c027eead, EFLAGS=0x0000000000010202, CSGSFS=0x002b000000000033, ERR=0x0000000000000006
  TRAPNO=0x000000000000000e

XMM[0]=0x0000000000000000 0x0000000000000000
XMM[1]=0x0000000000000000 0x36353274616f6c46
XMM[2]=0xffffffffffffffff 0xffffffffffffffff
XMM[3]=0x000075b218001e60 0x000075b218001e60
XMM[4]=0x000075b2180026b0 0x000075b2180026b0
XMM[5]=0x000075b2180025b0 0x000075b2180025b0
XMM[6]=0x000075b218002470 0x000075b218002470
XMM[7]=0x000075b218001d18 0x000075b218001d18
XMM[8]=0x000075b218003c50 0x000075b218003c50
XMM[9]=0x0000000000000000 0x0000000000000000
XMM[10]=0x0000000000000000 0x0000000000000000
XMM[11]=0x0000000000000000 0x0000000000000000
XMM[12]=0x0000000000000000 0x0000000000000000
XMM[13]=0x0000000000000000 0x0000000000000000
XMM[14]=0x0000000000000000 0x0000000000000000
XMM[15]=0xcafebabecafebabe 0xcafebabecafebabe
  MXCSR=0x00001fa2


Register to memory mapping:

RAX=0x000075b2c2e3d000 in mmap'd memory region [0x000075b2c2e3d000 - 0x000075b2c2e3e000], tag mtInternal
RBX=0x000075b224050978 points into unknown readable memory: 0x000075b2180022f0 | f0 22 00 18 b2 75 00 00
RCX=0x0000000000000009 is an unknown value
RDX=0x000075b2b80f1258 points into unknown readable memory: 0x000075b2c295caa0 | a0 ca 95 c2 b2 75 00 00
RSP=0x000075b2a0323810 is pointing into the stack for thread: 0x000075b2b81ab070
RBP=0x000075b2a0323820 is pointing into the stack for thread: 0x000075b2b81ab070
RSI=0x0000000000000002 is an unknown value
RDI=0x000075b2b80f1258 points into unknown readable memory: 0x000075b2c295caa0 | a0 ca 95 c2 b2 75 00 00
R8 =0x000075b2a0323330 is pointing into the stack for thread: 0x000075b2b81ab070
R9 =0x0000000000000002 is an unknown value
R10=0x000075b2a0323500 is pointing into the stack for thread: 0x000075b2b81ab070
R11=0x00007ffc63bf4090 points into unknown readable memory: 0xffffffffffffffff | ff ff ff ff ff ff ff ff
R12=0x000075b2c1029a8a: <offset 0x00000000017dba8a> in /mnt/c/Github/valhalla+vector/build/linux-x86_64-server-slowdebug/images/jdk/lib/server/libjvm.so at 0x000075b2bf84e000
R13=0x000075b2b80de446 into live malloced block starting at 0x000075b2b80de430, size 36, tag mtSymbol
R14=0x000000000000000e is an unknown value
R15=0x000075b24296ebd6 is pointing into metadata

Top of Stack: (sp=0x000075b2a0323810)
0x000075b2a0323810:   00000002b81ab070 000075b2b80f1258   p.......X....u..
0x000075b2a0323820:   000075b2a0323840 000075b2c027d882   @82..u....'..u..
0x000075b2a0323830:   00000002a0323890 000075b2b80f1248   .82.....H....u..
0x000075b2a0323840:   000075b2a03238d0 000075b2c13dd3aa   .82..u....=..u..
0x000075b2a0323850:   00000001a0323801 000075b2b80f1168   .82.....h....u..
0x000075b2a0323860:   0c0075b2b81ab070 0000000200000012   p....u..........
0x000075b2a0323870:   000075b2b80f1248 000075b224050940   H....u..@..$.u..
0x000075b2a0323880:   000075b2a03238a0 000075b2b80f10b8   .82..u.......u..
0x000075b2a0323890:   000075b2b8292600 000075b20000001a   .&)..u.......u..
0x000075b2a03238a0:   0000002c00000009 0000000042300000   ....,.....0B....
0x000075b2a03238b0:   000075b242968d28 000075b200000001   (..B.u.......u..
0x000075b2a03238c0:   000075b2b80f1168 000075b2a0323bc0   h....u...;2..u..
0x000075b2a03238d0:   000075b2a0323930 000075b2c13f01e3   092..u....?..u..
0x000075b2a03238e0:   00007500a0323930 000075b2b80f1168   092..u..h....u..
0x000075b2a03238f0:   000175b22401f268 000075b2a0324690   h..$.u...F2..u..
0x000075b2a0323900:   0000000000000000 000075b224050870   ........p..$.u..
0x000075b2a0323910:   0000000000000000 000075b218001ab0   .............u..
0x000075b2a0323920:   00000001a0323bc0 000075b2a0324690   .;2......F2..u..
0x000075b2a0323930:   000075b2a0324600 000075b2c055406b   .F2..u..k@U..u..
0x000075b2a0323940:   000075b2b8293f30 01010101c2890038   0?)..u..8.......
0x000075b2a0323950:   ffffffff01010100 000075b2b80f1168   ........h....u..
0x000075b2a0323960:   000075b2a0325650 000075b2a0324690   PV2..u...F2..u..
0x000075b2a0323970:   000075b22404be38 000003ff00000002   8..$.u..........
0x000075b2a0323980:   000075b2c2890038 000075b2a0324690   8....u...F2..u..
0x000075b2a0323990:   0000000000000000 000075b2a0324aa8   .........J2..u..
0x000075b2a03239a0:   0000000800000020 000075b22404c038    .......8..$.u..
0x000075b2a03239b0:   0000000000000002 000075b2c2890038   ........8....u..
0x000075b2a03239c0:   2bad4b0bbaad0000 0000000000000000   .....K.+........
0x000075b2a03239d0:   0000000400000004 000075b22404d300   ...........$.u..
0x000075b2a03239e0:   000075b2a0324aa8 000075b2c18238cc   .J2..u...8...u..
0x000075b2a03239f0:   0000000000000000 000075b224029630   ........0..$.u..
0x000075b2a0323a00:   000075b200000000 0000000000000000   .....u..........

Instructions: (pc=0x000075b2c027eead)
  0x000075b2c027edad:   83 ec 10 48 89 7d f8 48 8b 45 f8 48 89 c7 e8 bc
  0x000075b2c027edbd:   ff ff ff 48 8b 45 f8 48 89 c7 e8 b0 ff ff ff 90
  0x000075b2c027edcd:   c9 c3 90 f3 0f 1e fa 55 48 89 e5 48 83 ec 10 48
  0x000075b2c027eddd:   89 7d f8 48 8b 45 f8 48 05 e0 00 00 00 48 89 c7
  0x000075b2c027eded:   e8 a0 01 00 00 48 8b 45 f8 48 05 98 00 00 00 48
  0x000075b2c027edfd:   89 c7 e8 f2 d2 fe ff 48 8b 45 f8 48 83 c0 60 48
  0x000075b2c027ee0d:   89 c7 e8 e2 d2 fe ff 48 8b 45 f8 48 83 c0 28 48
  0x000075b2c027ee1d:   89 c7 e8 d2 d2 fe ff 90 c9 c3 f3 0f 1e fa 55 48
  0x000075b2c027ee2d:   89 e5 48 83 ec 20 48 89 7d e8 48 8b 45 e8 48 89
  0x000075b2c027ee3d:   c7 e8 65 2f c5 ff 89 45 fc e8 01 07 c5 ff 84 c0
  0x000075b2c027ee4d:   74 0d 8b 45 fc 89 c7 e8 9e d0 ee ff 89 45 fc 8b
  0x000075b2c027ee5d:   45 fc c9 c3 90 f3 0f 1e fa 55 48 89 e5 48 83 ec
  0x000075b2c027ee6d:   10 48 89 7d f8 89 75 f4 e8 07 cc c4 ff 83 f0 01
  0x000075b2c027ee7d:   84 c0 74 19 83 7d f4 00 78 0c 48 8b 45 f8 8b 40
  0x000075b2c027ee8d:   18 39 45 f4 7c 07 b8 01 00 00 00 eb 05 b8 00 00
  0x000075b2c027ee9d:   00 00 84 c0 74 41 48 8d 05 de 3a 76 02 48 8b 00
=>0x000075b2c027eead:   c6 00 58 48 8b 45 f8 8b 50 18 8b 45 f4 41 89 d1
  0x000075b2c027eebd:   41 89 c0 48 8d 0d 99 31 3f 01 48 8d 15 b2 31 3f
  0x000075b2c027eecd:   01 be 96 00 00 00 48 8d 3d ce 09 3f 01 b8 00 00
  0x000075b2c027eedd:   00 00 e8 db d5 38 00 48 8b 45 f8 48 8b 50 20 8b
  0x000075b2c027eeed:   45 f4 48 98 48 c1 e0 03 48 01 d0 c9 c3 f3 0f 1e
  0x000075b2c027eefd:   fa 55 48 89 e5 48 83 ec 10 48 89 7d f8 89 75 f4
  0x000075b2c027ef0d:   e8 6f cb c4 ff 83 f0 01 84 c0 74 19 83 7d f4 00
  0x000075b2c027ef1d:   78 0c 48 8b 45 f8 8b 40 18 39 45 f4 7c 07 b8 01
  0x000075b2c027ef2d:   00 00 00 eb 05 b8 00 00 00 00 84 c0 74 41 48 8d
  0x000075b2c027ef3d:   05 46 3a 76 02 48 8b 00 c6 00 58 48 8b 45 f8 8b
  0x000075b2c027ef4d:   50 18 8b 45 f4 41 89 d1 41 89 c0 48 8d 0d 01 31
  0x000075b2c027ef5d:   3f 01 48 8d 15 1a 31 3f 01 be 91 00 00 00 48 8d
  0x000075b2c027ef6d:   3d 36 09 3f 01 b8 00 00 00 00 e8 43 d5 38 00 48
  0x000075b2c027ef7d:   8b 45 f8 48 8b 50 20 8b 45 f4 48 98 48 c1 e0 03
  0x000075b2c027ef8d:   48 01 d0 c9 c3 f3 0f 1e fa 55 48 89 e5 48 83 ec
  0x000075b2c027ef9d:   10 48 89 7d f8 48 8d 15 4f e6 6c 02 48 8b 45 f8


Stack slot to memory mapping:

stack at sp + 0 slots: 0x00000002b81ab070 is an unknown value
stack at sp + 1 slots: 0x000075b2b80f1258 points into unknown readable memory: 0x000075b2c295caa0 | a0 ca 95 c2 b2 75 00 00
stack at sp + 2 slots: 0x000075b2a0323840 is pointing into the stack for thread: 0x000075b2b81ab070
stack at sp + 3 slots: 0x000075b2c027d882: <offset 0x0000000000a2f882> in /mnt/c/Github/valhalla+vector/build/linux-x86_64-server-slowdebug/images/jdk/lib/server/libjvm.so at 0x000075b2bf84e000
stack at sp + 4 slots: 0x00000002a0323890 is an unknown value
stack at sp + 5 slots: 0x000075b2b80f1248 points into unknown readable memory: 0x000075b2b80f1228 | 28 12 0f b8 b2 75 00 00
stack at sp + 6 slots: 0x000075b2a03238d0 is pointing into the stack for thread: 0x000075b2b81ab070
stack at sp + 7 slots: 0x000075b2c13dd3aa: <offset 0x0000000001b8f3aa> in /mnt/c/Github/valhalla+vector/build/linux-x86_64-server-slowdebug/images/jdk/lib/server/libjvm.so at 0x000075b2bf84e000

Lock stack of current Java thread (top to bottom):


---------------  P R O C E S S  ---------------

uid  : 1000 euid : 1000 gid  : 1000 egid : 1000

umask: 0022 (----w--w-)

Threads class SMR info:
_java_thread_list=0x000075b2b828e550, length=10, elements={
0x000075b2b81a2ba0, 0x000075b2b81a3e40, 0x000075b2b81a5a40, 0x000075b2b81a7460,
0x000075b2b81a8d40, 0x000075b2b81ab070, 0x000075b2b81acb00, 0x000075b2b821ed70,
0x000075b2b828d1b0, 0x000075b2b802c1e0
}
_java_thread_list_alloc_cnt=13, _java_thread_list_free_cnt=11, _java_thread_list_max=10, _nested_thread_list_max=0
_tlh_cnt=78, _tlh_times=5, avg_tlh_time=0.06, _tlh_time_max=5
_deleted_thread_cnt=1, _deleted_thread_times=0, avg_deleted_thread_time=0.00, _deleted_thread_time_max=0
_delete_lock_wait_cnt=0, _delete_lock_wait_max=0
_to_delete_list_cnt=0, _to_delete_list_max=1

Java Threads: ( => current thread )
  0x000075b2b81a2ba0 JavaThread "Reference Handler"          daemon [_thread_blocked, id=2701, stack(0x000075b2bc9c9000,0x000075b2bcac9000) (1024K)]
  0x000075b2b81a3e40 JavaThread "Finalizer"                  daemon [_thread_blocked, id=2702, stack(0x000075b2bc18c000,0x000075b2bc28d000) (1028K)]
  0x000075b2b81a5a40 JavaThread "Signal Dispatcher"          daemon [_thread_blocked, id=2703, stack(0x000075b2bc08b000,0x000075b2bc18c000) (1028K)]
  0x000075b2b81a7460 JavaThread "Service Thread"             daemon [_thread_blocked, id=2704, stack(0x000075b2a0428000,0x000075b2a0529000) (1028K)]
  0x000075b2b81a8d40 JavaThread "Monitor Deflation Thread"   daemon [_thread_blocked, id=2705, stack(0x000075b2a0327000,0x000075b2a0428000) (1028K)]
=>0x000075b2b81ab070 JavaThread "C2 CompilerThread0"         daemon [_thread_in_native, id=2706, stack(0x000075b2a0226000,0x000075b2a0327000) (1028K)]
  0x000075b2b81acb00 JavaThread "C1 CompilerThread0"         daemon [_thread_blocked, id=2707, stack(0x000075b2a0125000,0x000075b2a0226000) (1028K)]
  0x000075b2b821ed70 JavaThread "Common-Cleaner"             daemon [_thread_blocked, id=2708, stack(0x000075b291e2f000,0x000075b291f30000) (1028K)]
  0x000075b2b828d1b0 JavaThread "Notification Thread"        daemon [_thread_blocked, id=2709, stack(0x000075b291d2e000,0x000075b291e2f000) (1028K)]
  0x000075b2b802c1e0 JavaThread "DestroyJavaVM"                     [_thread_blocked, id=2681, stack(0x000075b2bf5f4000,0x000075b2bf6f5000) (1028K)]
Total: 10

Other Threads:
  0x000075b2b8165690 VMThread "VM Thread"                           [id=2700, stack(0x000075b2bcaca000,0x000075b2bcbca000) (1024K)]
  0x000075b2b80bce10 WatcherThread "VM Periodic Task Thread"        [id=2699, stack(0x000075b2bc8c8000,0x000075b2bc9c8000) (1024K)]
  0x000075b2b806bc80 WorkerThread "GC Thread#0"                     [id=2691, stack(0x000075b2bd809000,0x000075b2bd909000) (1024K)]
  0x000075b2b80769d0 ConcurrentGCThread "G1 Main Marker"            [id=2692, stack(0x000075b2bd708000,0x000075b2bd808000) (1024K)]
  0x000075b2b8077bf0 WorkerThread "G1 Conc#0"                       [id=2693, stack(0x000075b2bd607000,0x000075b2bd707000) (1024K)]
  0x000075b2b80a7ed0 ConcurrentGCThread "G1 Refine#0"               [id=2694, stack(0x000075b2bccfe000,0x000075b2bcdfe000) (1024K)]
  0x000075b2b80a9110 ConcurrentGCThread "G1 Service"                [id=2695, stack(0x000075b2bcbfd000,0x000075b2bccfd000) (1024K)]
Total: 7

Threads with active compile tasks:
C2 CompilerThread0  171138   29       4       Float256Vector::add (87 bytes)
Total: 1

VM state: not at safepoint (normal execution)

VM Mutex/Monitor currently owned by a thread: None

Heap address: 0x00000000c5400000, size: 940 MB, Compressed Oops mode: 32-bit

CDS archive(s) mapped at: [0x000075b242000000-0x000075b242ec3000-0x000075b242ec3000), size 15478784, SharedBaseAddress: 0x000075b242000000, ArchiveRelocationMode: 1.
Compressed class space mapped at: 0x000075b243000000-0x000075b283000000, reserved size: 1073741824
UseCompressedClassPointers 1, UseCompactObjectHeaders 0
Narrow klass pointer bits 32, Max shift 3
Narrow klass base: 0x000075b242000000, Narrow klass shift: 0
Encoding Range: [0x000075b242000000 - 0x000075b342000000), (4294967296 bytes)
Klass Range:    [0x000075b242000000 - 0x000075b283000000), (1090519040 bytes)
Klass ID Range:  [8 - 1090519033) (1090519025)

GC Precious Log:
 CardTable entry size: 512
 Card Set container configuration: InlinePtr #cards 5 size 8 Array Of Cards #cards 10 size 36 Howl #buckets 4 coarsen threshold 1843 Howl Bitmap #cards 512 size 80 coarsen threshold 460 Card regions per heap region 1 cards per card region 2048
 CPUs: 8 total, 8 available
 Memory: 3758M
 Large Page Support: Disabled
 NUMA Support: Disabled
 Compressed Oops: Enabled (32-bit)
 Heap Region Size: 1M
 Heap Min Capacity: 8M
 Heap Initial Capacity: 60M
 Heap Max Capacity: 940M
 Pre-touch: Disabled
 Parallel Workers: 8
 Concurrent Workers: 2
 Concurrent Refinement Workers: 8
 Periodic GC: Disabled

Heap:
 garbage-first heap   total reserved 962560K, committed 61440K, used 16384K [0x00000000c5400000, 0x0000000100000000)
  region size 1024K, 17 young (17408K), 0 survivors (0K)
 Metaspace       used 248K, committed 448K, reserved 1114112K
  class space    used 13K, committed 128K, reserved 1048576K

Heap Regions: E=young(eden), S=young(survivor), O=old, HS=humongous(starts), HC=humongous(continues), CS=collection set, F=free, TAMS=top-at-mark-start, PB=parsable bottom
|   0|0x00000000c5400000, 0x00000000c5400000, 0x00000000c5500000|  0%| F|  |TAMS 0x00000000c5400000| PB 0x00000000c5400000| Untracked |  0
|   1|0x00000000c5500000, 0x00000000c5500000, 0x00000000c5600000|  0%| F|  |TAMS 0x00000000c5500000| PB 0x00000000c5500000| Untracked |  0
|   2|0x00000000c5600000, 0x00000000c5600000, 0x00000000c5700000|  0%| F|  |TAMS 0x00000000c5600000| PB 0x00000000c5600000| Untracked |  0
|   3|0x00000000c5700000, 0x00000000c5700000, 0x00000000c5800000|  0%| F|  |TAMS 0x00000000c5700000| PB 0x00000000c5700000| Untracked |  0
|   4|0x00000000c5800000, 0x00000000c5800000, 0x00000000c5900000|  0%| F|  |TAMS 0x00000000c5800000| PB 0x00000000c5800000| Untracked |  0
|   5|0x00000000c5900000, 0x00000000c5900000, 0x00000000c5a00000|  0%| F|  |TAMS 0x00000000c5900000| PB 0x00000000c5900000| Untracked |  0
|   6|0x00000000c5a00000, 0x00000000c5a00000, 0x00000000c5b00000|  0%| F|  |TAMS 0x00000000c5a00000| PB 0x00000000c5a00000| Untracked |  0
|   7|0x00000000c5b00000, 0x00000000c5b00000, 0x00000000c5c00000|  0%| F|  |TAMS 0x00000000c5b00000| PB 0x00000000c5b00000| Untracked |  0
|   8|0x00000000c5c00000, 0x00000000c5c00000, 0x00000000c5d00000|  0%| F|  |TAMS 0x00000000c5c00000| PB 0x00000000c5c00000| Untracked |  0
|   9|0x00000000c5d00000, 0x00000000c5d00000, 0x00000000c5e00000|  0%| F|  |TAMS 0x00000000c5d00000| PB 0x00000000c5d00000| Untracked |  0
|  10|0x00000000c5e00000, 0x00000000c5e00000, 0x00000000c5f00000|  0%| F|  |TAMS 0x00000000c5e00000| PB 0x00000000c5e00000| Untracked |  0
|  11|0x00000000c5f00000, 0x00000000c5f00000, 0x00000000c6000000|  0%| F|  |TAMS 0x00000000c5f00000| PB 0x00000000c5f00000| Untracked |  0
|  12|0x00000000c6000000, 0x00000000c6000000, 0x00000000c6100000|  0%| F|  |TAMS 0x00000000c6000000| PB 0x00000000c6000000| Untracked |  0
|  13|0x00000000c6100000, 0x00000000c6100000, 0x00000000c6200000|  0%| F|  |TAMS 0x00000000c6100000| PB 0x00000000c6100000| Untracked |  0
|  14|0x00000000c6200000, 0x00000000c6200000, 0x00000000c6300000|  0%| F|  |TAMS 0x00000000c6200000| PB 0x00000000c6200000| Untracked |  0
|  15|0x00000000c6300000, 0x00000000c6300000, 0x00000000c6400000|  0%| F|  |TAMS 0x00000000c6300000| PB 0x00000000c6300000| Untracked |  0
|  16|0x00000000c6400000, 0x00000000c6400000, 0x00000000c6500000|  0%| F|  |TAMS 0x00000000c6400000| PB 0x00000000c6400000| Untracked |  0
|  17|0x00000000c6500000, 0x00000000c6500000, 0x00000000c6600000|  0%| F|  |TAMS 0x00000000c6500000| PB 0x00000000c6500000| Untracked |  0
|  18|0x00000000c6600000, 0x00000000c6600000, 0x00000000c6700000|  0%| F|  |TAMS 0x00000000c6600000| PB 0x00000000c6600000| Untracked |  0
|  19|0x00000000c6700000, 0x00000000c6700000, 0x00000000c6800000|  0%| F|  |TAMS 0x00000000c6700000| PB 0x00000000c6700000| Untracked |  0
|  20|0x00000000c6800000, 0x00000000c6800000, 0x00000000c6900000|  0%| F|  |TAMS 0x00000000c6800000| PB 0x00000000c6800000| Untracked |  0
|  21|0x00000000c6900000, 0x00000000c6900000, 0x00000000c6a00000|  0%| F|  |TAMS 0x00000000c6900000| PB 0x00000000c6900000| Untracked |  0
|  22|0x00000000c6a00000, 0x00000000c6a00000, 0x00000000c6b00000|  0%| F|  |TAMS 0x00000000c6a00000| PB 0x00000000c6a00000| Untracked |  0
|  23|0x00000000c6b00000, 0x00000000c6b00000, 0x00000000c6c00000|  0%| F|  |TAMS 0x00000000c6b00000| PB 0x00000000c6b00000| Untracked |  0
|  24|0x00000000c6c00000, 0x00000000c6c00000, 0x00000000c6d00000|  0%| F|  |TAMS 0x00000000c6c00000| PB 0x00000000c6c00000| Untracked |  0
|  25|0x00000000c6d00000, 0x00000000c6d00000, 0x00000000c6e00000|  0%| F|  |TAMS 0x00000000c6d00000| PB 0x00000000c6d00000| Untracked |  0
|  26|0x00000000c6e00000, 0x00000000c6e00000, 0x00000000c6f00000|  0%| F|  |TAMS 0x00000000c6e00000| PB 0x00000000c6e00000| Untracked |  0
|  27|0x00000000c6f00000, 0x00000000c6f00000, 0x00000000c7000000|  0%| F|  |TAMS 0x00000000c6f00000| PB 0x00000000c6f00000| Untracked |  0
|  28|0x00000000c7000000, 0x00000000c7000000, 0x00000000c7100000|  0%| F|  |TAMS 0x00000000c7000000| PB 0x00000000c7000000| Untracked |  0
|  29|0x00000000c7100000, 0x00000000c7100000, 0x00000000c7200000|  0%| F|  |TAMS 0x00000000c7100000| PB 0x00000000c7100000| Untracked |  0
|  30|0x00000000c7200000, 0x00000000c7200000, 0x00000000c7300000|  0%| F|  |TAMS 0x00000000c7200000| PB 0x00000000c7200000| Untracked |  0
|  31|0x00000000c7300000, 0x00000000c7300000, 0x00000000c7400000|  0%| F|  |TAMS 0x00000000c7300000| PB 0x00000000c7300000| Untracked |  0
|  32|0x00000000c7400000, 0x00000000c7400000, 0x00000000c7500000|  0%| F|  |TAMS 0x00000000c7400000| PB 0x00000000c7400000| Untracked |  0
|  33|0x00000000c7500000, 0x00000000c7500000, 0x00000000c7600000|  0%| F|  |TAMS 0x00000000c7500000| PB 0x00000000c7500000| Untracked |  0
|  34|0x00000000c7600000, 0x00000000c7600000, 0x00000000c7700000|  0%| F|  |TAMS 0x00000000c7600000| PB 0x00000000c7600000| Untracked |  0
|  35|0x00000000c7700000, 0x00000000c7700000, 0x00000000c7800000|  0%| F|  |TAMS 0x00000000c7700000| PB 0x00000000c7700000| Untracked |  0
|  36|0x00000000c7800000, 0x00000000c7800000, 0x00000000c7900000|  0%| F|  |TAMS 0x00000000c7800000| PB 0x00000000c7800000| Untracked |  0
|  37|0x00000000c7900000, 0x00000000c7900000, 0x00000000c7a00000|  0%| F|  |TAMS 0x00000000c7900000| PB 0x00000000c7900000| Untracked |  0
|  38|0x00000000c7a00000, 0x00000000c7a00000, 0x00000000c7b00000|  0%| F|  |TAMS 0x00000000c7a00000| PB 0x00000000c7a00000| Untracked |  0
|  39|0x00000000c7b00000, 0x00000000c7b00000, 0x00000000c7c00000|  0%| F|  |TAMS 0x00000000c7b00000| PB 0x00000000c7b00000| Untracked |  0
|  40|0x00000000c7c00000, 0x00000000c7c00000, 0x00000000c7d00000|  0%| F|  |TAMS 0x00000000c7c00000| PB 0x00000000c7c00000| Untracked |  0
|  41|0x00000000c7d00000, 0x00000000c7d00000, 0x00000000c7e00000|  0%| F|  |TAMS 0x00000000c7d00000| PB 0x00000000c7d00000| Untracked |  0
|  42|0x00000000c7e00000, 0x00000000c7e00000, 0x00000000c7f00000|  0%| F|  |TAMS 0x00000000c7e00000| PB 0x00000000c7e00000| Untracked |  0
|  43|0x00000000c7f00000, 0x00000000c8000000, 0x00000000c8000000|100%| E|  |TAMS 0x00000000c7f00000| PB 0x00000000c7f00000| Complete |  0
|  44|0x00000000c8000000, 0x00000000c8100000, 0x00000000c8100000|100%| E|CS|TAMS 0x00000000c8000000| PB 0x00000000c8000000| Complete |  0
|  45|0x00000000c8100000, 0x00000000c8200000, 0x00000000c8200000|100%| E|CS|TAMS 0x00000000c8100000| PB 0x00000000c8100000| Complete |  0
|  46|0x00000000c8200000, 0x00000000c8300000, 0x00000000c8300000|100%| E|CS|TAMS 0x00000000c8200000| PB 0x00000000c8200000| Complete |  0
|  47|0x00000000c8300000, 0x00000000c8400000, 0x00000000c8400000|100%| E|CS|TAMS 0x00000000c8300000| PB 0x00000000c8300000| Complete |  0
|  48|0x00000000c8400000, 0x00000000c8500000, 0x00000000c8500000|100%| E|CS|TAMS 0x00000000c8400000| PB 0x00000000c8400000| Complete |  0
|  49|0x00000000c8500000, 0x00000000c8600000, 0x00000000c8600000|100%| E|CS|TAMS 0x00000000c8500000| PB 0x00000000c8500000| Complete |  0
|  50|0x00000000c8600000, 0x00000000c8700000, 0x00000000c8700000|100%| E|CS|TAMS 0x00000000c8600000| PB 0x00000000c8600000| Complete |  0
|  51|0x00000000c8700000, 0x00000000c8800000, 0x00000000c8800000|100%| E|CS|TAMS 0x00000000c8700000| PB 0x00000000c8700000| Complete |  0
|  52|0x00000000c8800000, 0x00000000c8900000, 0x00000000c8900000|100%| E|CS|TAMS 0x00000000c8800000| PB 0x00000000c8800000| Complete |  0
|  53|0x00000000c8900000, 0x00000000c8a00000, 0x00000000c8a00000|100%| E|CS|TAMS 0x00000000c8900000| PB 0x00000000c8900000| Complete |  0
|  54|0x00000000c8a00000, 0x00000000c8b00000, 0x00000000c8b00000|100%| E|CS|TAMS 0x00000000c8a00000| PB 0x00000000c8a00000| Complete |  0
|  55|0x00000000c8b00000, 0x00000000c8c00000, 0x00000000c8c00000|100%| E|CS|TAMS 0x00000000c8b00000| PB 0x00000000c8b00000| Complete |  0
|  56|0x00000000c8c00000, 0x00000000c8d00000, 0x00000000c8d00000|100%| E|CS|TAMS 0x00000000c8c00000| PB 0x00000000c8c00000| Complete |  0
|  57|0x00000000c8d00000, 0x00000000c8e00000, 0x00000000c8e00000|100%| E|CS|TAMS 0x00000000c8d00000| PB 0x00000000c8d00000| Complete |  0
|  58|0x00000000c8e00000, 0x00000000c8f00000, 0x00000000c8f00000|100%| E|CS|TAMS 0x00000000c8e00000| PB 0x00000000c8e00000| Complete |  0
|  59|0x00000000c8f00000, 0x00000000c9000000, 0x00000000c9000000|100%| E|CS|TAMS 0x00000000c8f00000| PB 0x00000000c8f00000| Complete |  0

Card table byte_map: [0x000075b2be7f6000,0x000075b2be9cc000] _byte_map_base: 0x000075b2be1cc000

Marking Bits: (CMBitMap*) 0x000075b2b806c9c0
 Bits: [0x000075b2bd946000, 0x000075b2be7f6000)

Polling page: 0x000075b2c2df6000

Metaspace:

Usage:
  Non-class:    235.52 KB used.
      Class:     13.20 KB used.
       Both:    248.72 KB used.

Virtual space:
  Non-class space:       64.00 MB reserved,     320.00 KB ( <1%) committed,  1 nodes.
      Class space:        1.00 GB reserved,     128.00 KB ( <1%) committed,  1 nodes.
             Both:        1.06 GB reserved,     448.00 KB ( <1%) committed. 

Chunk freelists:
   Non-Class:  11.99 MB
       Class:  15.74 MB
        Both:  27.73 MB

MaxMetaspaceSize: unlimited
CompressedClassSpaceSize: 1.00 GB
Initial GC threshold: 21.00 MB
Current GC threshold: 21.00 MB
CDS: on
 - commit_granule_bytes: 65536.
 - commit_granule_words: 8192.
 - virtual_space_node_default_size: 8388608.
 - enlarge_chunks_in_place: 1.
UseCompressedClassPointers 1, UseCompactObjectHeaders 0
Narrow klass pointer bits 32, Max shift 3
Narrow klass base: 0x000075b242000000, Narrow klass shift: 0
Encoding Range: [0x000075b242000000 - 0x000075b342000000), (4294967296 bytes)
Klass Range:    [0x000075b242000000 - 0x000075b283000000), (1090519040 bytes)
Klass ID Range:  [8 - 1090519033) (1090519025)


Internal statistics:

num_allocs: 4130.
num_deallocs: 0.
num_allocs_from_deallocated_blocks: 0.
num_chunks_retired: 0.
num_allocs_failed_limit: 0.
num_arena_births: 14.
num_arena_deaths: 0.
num_vsnodes_births: 2.
num_vsnodes_deaths: 0.
num_space_committed: 7.
num_space_uncommitted: 0.
num_chunks_returned_to_freelist: 0.
num_chunks_taken_from_freelist: 15.
num_chunk_merges: 0.
num_chunk_splits: 11.
num_chunks_enlarged: 12.
num_inconsistent_stats: 0.

CodeHeap 'non-profiled nmethods': size=120032Kb used=28Kb max_used=28Kb free=120003Kb
 bounds [0x000075b2a7ff1000, 0x000075b2a8261000, 0x000075b2af529000]
CodeHeap 'profiled nmethods': size=120028Kb used=2Kb max_used=2Kb free=120025Kb
 bounds [0x000075b2a0529000, 0x000075b2a0799000, 0x000075b2a7a60000]
CodeHeap 'non-nmethods': size=5700Kb used=2154Kb max_used=2154Kb free=3546Kb
 bounds [0x000075b2a7a60000, 0x000075b2a7cd0000, 0x000075b2a7ff1000]
CodeCache: size=245760Kb, used=2184Kb, max_used=2184Kb, free=243574Kb
 total_blobs=879, nmethods=37, adapters=723, full_count=0
Compilation: enabled, stopped_count=0, restarted_count=0

Compilation events (3 events):
Event: 37.659 Thread 0x000075b2b81acb00   28       3       Float256Vector::add (87 bytes)
Event: 37.662 Thread 0x000075b2b81acb00 nmethod 28 0x000075b2a0529008 code [0x000075b2a0529120, 0x000075b2a0529840]
Event: 37.668 Thread 0x000075b2b81ab070   29       4       Float256Vector::add (87 bytes)

GC Heap History (0 events):
No events

Dll operation events (5 events):
Event: 36.127 Loaded shared library /mnt/c/Github/valhalla+vector/build/linux-x86_64-server-slowdebug/images/jdk/lib/libjava.so
Event: 36.822 Loaded shared library /mnt/c/Github/valhalla+vector/build/linux-x86_64-server-slowdebug/images/jdk/lib/libzip.so
Event: 37.082 Loaded shared library /mnt/c/Github/valhalla+vector/build/linux-x86_64-server-slowdebug/images/jdk/lib/libsimdsort.so
Event: 37.193 Loaded shared library /mnt/c/Github/valhalla+vector/build/linux-x86_64-server-slowdebug/images/jdk/lib/libjsvml.so
Event: 37.469 Loaded shared library /mnt/c/Github/valhalla+vector/build/linux-x86_64-server-slowdebug/images/jdk/lib/libnio.so

Deoptimization events (0 events):
No events

Classes loaded (14 events):
Event: 37.627 Loading class java/lang/WeakPairMap$Pair$Weak
Event: 37.628 Loading class java/lang/WeakPairMap$WeakRefPeer
Event: 37.629 Loading class java/lang/WeakPairMap$WeakRefPeer done
Event: 37.629 Loading class java/lang/WeakPairMap$Pair$Weak done
Event: 37.630 Loading class java/lang/WeakPairMap$Pair$Weak$1
Event: 37.630 Loading class java/lang/WeakPairMap$Pair$Weak$1 done
Event: 37.636 Loading class jdk/internal/vm/PostVMInitHook
Event: 37.636 Loading class jdk/internal/vm/PostVMInitHook done
Event: 37.638 Loading class vector_api_proto
Event: 37.643 Loading class vector_api_proto done
Event: 37.646 Loading class Float256Vector
Event: 37.649 Loading class VectorPayload256MF
Event: 37.653 Loading class VectorPayload256MF done
Event: 37.654 Loading class Float256Vector done

Classes unloaded (0 events):
No events

Classes redefined (0 events):
No events

Internal exceptions (3 events):
Event: 37.534 Thread 0x000075b2b802c1e0 Exception <a 'java/lang/NoSuchMethodError'{0x00000000c8e28a08}: 'int java.lang.invoke.DirectMethodHandle$Holder.invokeStatic(java.lang.Object, int, java.lang.Object)'> (0x00000000c8e28a08) 
thrown [/mnt/c/Github/valhalla+vector/src/hotspot/share/interpreter/linkResolver.cpp, line 803]
Event: 37.538 Thread 0x000075b2b802c1e0 Exception <a 'java/lang/NoSuchMethodError'{0x00000000c8e3dbf8}: 'int java.lang.invoke.DirectMethodHandle$Holder.invokeStaticInit(java.lang.Object, java.lang.Object)'> (0x00000000c8e3dbf8) 
thrown [/mnt/c/Github/valhalla+vector/src/hotspot/share/interpreter/linkResolver.cpp, line 803]
Event: 37.600 Thread 0x000075b2b802c1e0 Exception <a 'java/lang/NoSuchMethodError'{0x00000000c8d15940}: 'void java.lang.invoke.DirectMethodHandle$Holder.invokeStatic(java.lang.Object, java.lang.Object)'> (0x00000000c8d15940) 
thrown [/mnt/c/Github/valhalla+vector/src/hotspot/share/interpreter/linkResolver.cpp, line 803]

VM Operations (0 events):
No events

Memory protections (10 events):
Event: 35.955 Protecting memory [0x000075b2bf5f4000,0x000075b2bf5f8000] with protection modes 0
Event: 36.941 Protecting memory [0x000075b2bc9c9000,0x000075b2bc9cd000] with protection modes 0
Event: 36.942 Protecting memory [0x000075b2bc18c000,0x000075b2bc190000] with protection modes 0
Event: 36.946 Protecting memory [0x000075b2bc08b000,0x000075b2bc08f000] with protection modes 0
Event: 36.947 Protecting memory [0x000075b2a0428000,0x000075b2a042c000] with protection modes 0
Event: 36.947 Protecting memory [0x000075b2a0327000,0x000075b2a032b000] with protection modes 0
Event: 36.948 Protecting memory [0x000075b2a0226000,0x000075b2a022a000] with protection modes 0
Event: 36.949 Protecting memory [0x000075b2a0125000,0x000075b2a0129000] with protection modes 0
Event: 37.509 Protecting memory [0x000075b291e2f000,0x000075b291e33000] with protection modes 0
Event: 37.635 Protecting memory [0x000075b291d2e000,0x000075b291d32000] with protection modes 0

Nmethod flushes (0 events):
No events

Events (10 events):
Event: 36.695 Thread 0x000075b2b802c1e0 Thread added: 0x000075b2b802c1e0
Event: 36.941 Thread 0x000075b2b802c1e0 Thread added: 0x000075b2b81a2ba0
Event: 36.942 Thread 0x000075b2b802c1e0 Thread added: 0x000075b2b81a3e40
Event: 36.946 Thread 0x000075b2b802c1e0 Thread added: 0x000075b2b81a5a40
Event: 36.947 Thread 0x000075b2b802c1e0 Thread added: 0x000075b2b81a7460
Event: 36.947 Thread 0x000075b2b802c1e0 Thread added: 0x000075b2b81a8d40
Event: 36.948 Thread 0x000075b2b802c1e0 Thread added: 0x000075b2b81ab070
Event: 36.948 Thread 0x000075b2b802c1e0 Thread added: 0x000075b2b81acb00
Event: 37.509 Thread 0x000075b2b802c1e0 Thread added: 0x000075b2b821ed70
Event: 37.635 Thread 0x000075b2b802c1e0 Thread added: 0x000075b2b828d1b0


Dynamic libraries:
c5400000-c9000000 rw-p 00000000 00:00 0 
c9000000-100000000 ---p 00000000 00:00 0 
5f9956623000-5f9956624000 r--p 00000000 00:43 562949955654557            /mnt/c/Github/valhalla+vector/build/linux-x86_64-server-slowdebug/images/jdk/bin/java
5f9956624000-5f9956625000 r-xp 00001000 00:43 562949955654557            /mnt/c/Github/valhalla+vector/build/linux-x86_64-server-slowdebug/images/jdk/bin/java
5f9956625000-5f9956626000 r--p 00002000 00:43 562949955654557            /mnt/c/Github/valhalla+vector/build/linux-x86_64-server-slowdebug/images/jdk/bin/java
5f9956626000-5f9956627000 r--p 00002000 00:43 562949955654557            /mnt/c/Github/valhalla+vector/build/linux-x86_64-server-slowdebug/images/jdk/bin/java
5f9956627000-5f9956628000 rw-p 00003000 00:43 562949955654557            /mnt/c/Github/valhalla+vector/build/linux-x86_64-server-slowdebug/images/jdk/bin/java
5f997dbcd000-5f997dc13000 rw-p 00000000 00:00 0                          [heap]
75b210000000-75b210021000 rw-p 00000000 00:00 0 
75b210021000-75b214000000 ---p 00000000 00:00 0 
75b218000000-75b218021000 rw-p 00000000 00:00 0 
75b218021000-75b21c000000 ---p 00000000 00:00 0 
75b21c000000-75b21c021000 rw-p 00000000 00:00 0 
75b21c021000-75b220000000 ---p 00000000 00:00 0 
75b220000000-75b220021000 rw-p 00000000 00:00 0 
75b220021000-75b224000000 ---p 00000000 00:00 0 
75b224000000-75b22409e000 rw-p 00000000 00:00 0 
75b22409e000-75b228000000 ---p 00000000 00:00 0 
75b228000000-75b228021000 rw-p 00000000 00:00 0 
75b228021000-75b22c000000 ---p 00000000 00:00 0 
75b22c000000-75b22c021000 rw-p 00000000 00:00 0 
75b22c021000-75b230000000 ---p 00000000 00:00 0 
75b230000000-75b230021000 rw-p 00000000 00:00 0 
75b230021000-75b234000000 ---p 00000000 00:00 0 
75b234000000-75b234021000 rw-p 00000000 00:00 0 
75b234021000-75b238000000 ---p 00000000 00:00 0 
75b238000000-75b238040000 rw-p 00000000 00:00 0 
75b238040000-75b238400000 ---p 00000000 00:00 0 
75b238400000-75b238410000 rw-p 00000000 00:00 0 
75b238410000-75b23c000000 ---p 00000000 00:00 0 
75b23c000000-75b23c021000 rw-p 00000000 00:00 0 
75b23c021000-75b240000000 ---p 00000000 00:00 0 
75b2417ff000-75b242000000 rw-p 00000000 00:00 0 
75b242000000-75b242ec3000 rw-p 00001000 00:43 562949955655235            /mnt/c/Github/valhalla+vector/build/linux-x86_64-server-slowdebug/images/jdk/lib/server/classes_valhalla.jsa
75b242ec3000-75b243000000 ---p 00000000 00:00 0 
75b243000000-75b243010000 rw-p 00000000 00:00 0 
75b243010000-75b243040000 ---p 00000000 00:00 0 
75b243040000-75b243050000 rw-p 00000000 00:00 0 
75b243050000-75b283000000 ---p 00000000 00:00 0 
75b283133000-75b284000000 rw-p 00000000 00:00 0 
75b284000000-75b284021000 rw-p 00000000 00:00 0 
75b284021000-75b288000000 ---p 00000000 00:00 0 
75b288000000-75b288021000 rw-p 00000000 00:00 0 
75b288021000-75b28c000000 ---p 00000000 00:00 0 
75b28c000000-75b28c021000 rw-p 00000000 00:00 0 
75b28c021000-75b290000000 ---p 00000000 00:00 0 
75b290668000-75b291d2e000 rw-p 00000000 00:00 0 
75b291d2e000-75b291d32000 ---p 00000000 00:00 0 
75b291d32000-75b291e2f000 rw-p 00000000 00:00 0 
75b291e2f000-75b291e33000 ---p 00000000 00:00 0 
75b291e33000-75b291f30000 rw-p 00000000 00:00 0 
75b291f30000-75b291f34000 r--p 00000000 00:43 562949955654619            /mnt/c/Github/valhalla+vector/build/linux-x86_64-server-slowdebug/images/jdk/lib/libjsvml.so
75b291f34000-75b291f75000 r-xp 00004000 00:43 562949955654619            /mnt/c/Github/valhalla+vector/build/linux-x86_64-server-slowdebug/images/jdk/lib/libjsvml.so
75b291f75000-75b291ffe000 r--p 00045000 00:43 562949955654619            /mnt/c/Github/valhalla+vector/build/linux-x86_64-server-slowdebug/images/jdk/lib/libjsvml.so
75b291ffe000-75b291fff000 r--p 000cd000 00:43 562949955654619            /mnt/c/Github/valhalla+vector/build/linux-x86_64-server-slowdebug/images/jdk/lib/libjsvml.so
75b291fff000-75b292000000 rw-p 000ce000 00:43 562949955654619            /mnt/c/Github/valhalla+vector/build/linux-x86_64-server-slowdebug/images/jdk/lib/libjsvml.so
75b292000000-75b294000000 rw-p 00000000 00:00 0 
75b294000000-75b294021000 rw-p 00000000 00:00 0 
75b294021000-75b298000000 ---p 00000000 00:00 0 
75b298000000-75b298021000 rw-p 00000000 00:00 0 
75b298021000-75b29c000000 ---p 00000000 00:00 0 
75b29c000000-75b29c021000 rw-p 00000000 00:00 0 
75b29c021000-75b2a0000000 ---p 00000000 00:00 0 
75b2a008a000-75b2a008d000 r--p 00000000 00:43 562949955654570            /mnt/c/Github/valhalla+vector/build/linux-x86_64-server-slowdebug/images/jdk/lib/libsimdsort.so
75b2a008d000-75b2a0112000 r-xp 00003000 00:43 562949955654570            /mnt/c/Github/valhalla+vector/build/linux-x86_64-server-slowdebug/images/jdk/lib/libsimdsort.so
75b2a0112000-75b2a0123000 r--p 00088000 00:43 562949955654570            /mnt/c/Github/valhalla+vector/build/linux-x86_64-server-slowdebug/images/jdk/lib/libsimdsort.so
75b2a0123000-75b2a0124000 r--p 00098000 00:43 562949955654570            /mnt/c/Github/valhalla+vector/build/linux-x86_64-server-slowdebug/images/jdk/lib/libsimdsort.so
75b2a0124000-75b2a0125000 rw-p 00099000 00:43 562949955654570            /mnt/c/Github/valhalla+vector/build/linux-x86_64-server-slowdebug/images/jdk/lib/libsimdsort.so
75b2a0125000-75b2a0129000 ---p 00000000 00:00 0 
75b2a0129000-75b2a0226000 rw-p 00000000 00:00 0 
75b2a0226000-75b2a022a000 ---p 00000000 00:00 0 
75b2a022a000-75b2a0327000 rw-p 00000000 00:00 0 
75b2a0327000-75b2a032b000 ---p 00000000 00:00 0 
75b2a032b000-75b2a0428000 rw-p 00000000 00:00 0 
75b2a0428000-75b2a042c000 ---p 00000000 00:00 0 
75b2a042c000-75b2a0529000 rw-p 00000000 00:00 0 
75b2a0529000-75b2a0799000 rwxp 00000000 00:00 0 
75b2a0799000-75b2a7a60000 ---p 00000000 00:00 0 
75b2a7a60000-75b2a7cd0000 rwxp 00000000 00:00 0 
75b2a7cd0000-75b2a7ff1000 ---p 00000000 00:00 0 
75b2a7ff1000-75b2a8261000 rwxp 00000000 00:00 0 
75b2a8261000-75b2af529000 ---p 00000000 00:00 0 
75b2af529000-75b2b8000000 r--s 00000000 00:43 1125899909075706           /mnt/c/Github/valhalla+vector/build/linux-x86_64-server-slowdebug/images/jdk/lib/modules
75b2b8000000-75b2b82c8000 rw-p 00000000 00:00 0 
75b2b82c8000-75b2bc000000 ---p 00000000 00:00 0 
75b2bc08b000-75b2bc08f000 ---p 00000000 00:00 0 
75b2bc08f000-75b2bc18c000 rw-p 00000000 00:00 0 
75b2bc18c000-75b2bc190000 ---p 00000000 00:00 0 
75b2bc190000-75b2bc28d000 rw-p 00000000 00:00 0 
75b2bc28d000-75b2bc400000 r--p 00000000 08:30 22149                      /usr/lib/locale/C.UTF-8/LC_COLLATE
75b2bc400000-75b2bc6e6000 r--p 00000000 08:30 1684                       /usr/lib/locale/locale-archive
75b2bc765000-75b2bc768000 r--p 00000000 00:43 562949955654568            /mnt/c/Github/valhalla+vector/build/linux-x86_64-server-slowdebug/images/jdk/lib/libnet.so
75b2bc768000-75b2bc773000 r-xp 00003000 00:43 562949955654568            /mnt/c/Github/valhalla+vector/build/linux-x86_64-server-slowdebug/images/jdk/lib/libnet.so
75b2bc773000-75b2bc775000 r--p 0000e000 00:43 562949955654568            /mnt/c/Github/valhalla+vector/build/linux-x86_64-server-slowdebug/images/jdk/lib/libnet.so
75b2bc775000-75b2bc776000 ---p 00010000 00:43 562949955654568            /mnt/c/Github/valhalla+vector/build/linux-x86_64-server-slowdebug/images/jdk/lib/libnet.so
75b2bc776000-75b2bc777000 r--p 00010000 00:43 562949955654568            /mnt/c/Github/valhalla+vector/build/linux-x86_64-server-slowdebug/images/jdk/lib/libnet.so
75b2bc777000-75b2bc778000 rw-p 00011000 00:43 562949955654568            /mnt/c/Github/valhalla+vector/build/linux-x86_64-server-slowdebug/images/jdk/lib/libnet.so
75b2bc778000-75b2bc7aa000 r--p 00000000 08:30 22150                      /usr/lib/locale/C.UTF-8/LC_CTYPE
75b2bc7aa000-75b2bc8c7000 rw-p 00000000 00:00 0 
75b2bc8c7000-75b2bc8c8000 ---p 00000000 00:00 0 
75b2bc8c8000-75b2bc9c8000 rw-p 00000000 00:00 0 
75b2bc9c8000-75b2bc9c9000 ---p 00000000 00:00 0 
75b2bc9c9000-75b2bc9cd000 ---p 00000000 00:00 0 
75b2bc9cd000-75b2bcac9000 rw-p 00000000 00:00 0 
75b2bcac9000-75b2bcaca000 ---p 00000000 00:00 0 
75b2bcaca000-75b2bcbca000 rw-p 00000000 00:00 0 
75b2bcbca000-75b2bcbd0000 r--p 00000000 00:43 562949955654569            /mnt/c/Github/valhalla+vector/build/linux-x86_64-server-slowdebug/images/jdk/lib/libnio.so
75b2bcbd0000-75b2bcbdc000 r-xp 00006000 00:43 562949955654569            /mnt/c/Github/valhalla+vector/build/linux-x86_64-server-slowdebug/images/jdk/lib/libnio.so
75b2bcbdc000-75b2bcbdf000 r--p 00012000 00:43 562949955654569            /mnt/c/Github/valhalla+vector/build/linux-x86_64-server-slowdebug/images/jdk/lib/libnio.so
75b2bcbdf000-75b2bcbe0000 ---p 00015000 00:43 562949955654569            /mnt/c/Github/valhalla+vector/build/linux-x86_64-server-slowdebug/images/jdk/lib/libnio.so
75b2bcbe0000-75b2bcbe1000 r--p 00015000 00:43 562949955654569            /mnt/c/Github/valhalla+vector/build/linux-x86_64-server-slowdebug/images/jdk/lib/libnio.so
75b2bcbe1000-75b2bcbe2000 rw-p 00016000 00:43 562949955654569            /mnt/c/Github/valhalla+vector/build/linux-x86_64-server-slowdebug/images/jdk/lib/libnio.so
75b2bcbe2000-75b2bcbe3000 r--p 00000000 08:30 22156                      /usr/lib/locale/C.UTF-8/LC_NUMERIC
75b2bcbe3000-75b2bcbe4000 r--p 00000000 08:30 22159                      /usr/lib/locale/C.UTF-8/LC_TIME
75b2bcbe4000-75b2bcbe5000 r--p 00000000 08:30 22154                      /usr/lib/locale/C.UTF-8/LC_MONETARY
75b2bcbe5000-75b2bcbe6000 r--p 00000000 08:30 22153                      /usr/lib/locale/C.UTF-8/LC_MESSAGES/SYS_LC_MESSAGES
75b2bcbe6000-75b2bcbe7000 r--p 00000000 08:30 22157                      /usr/lib/locale/C.UTF-8/LC_PAPER
75b2bcbe7000-75b2bcbe8000 r--p 00000000 08:30 22155                      /usr/lib/locale/C.UTF-8/LC_NAME
75b2bcbe8000-75b2bcbef000 r--s 00000000 08:30 41865                      /usr/lib/x86_64-linux-gnu/gconv/gconv-modules.cache
75b2bcbef000-75b2bcbf1000 r--p 00000000 00:43 562949955654573            /mnt/c/Github/valhalla+vector/build/linux-x86_64-server-slowdebug/images/jdk/lib/libzip.so
75b2bcbf1000-75b2bcbf8000 r-xp 00002000 00:43 562949955654573            /mnt/c/Github/valhalla+vector/build/linux-x86_64-server-slowdebug/images/jdk/lib/libzip.so
75b2bcbf8000-75b2bcbfa000 r--p 00009000 00:43 562949955654573            /mnt/c/Github/valhalla+vector/build/linux-x86_64-server-slowdebug/images/jdk/lib/libzip.so
75b2bcbfa000-75b2bcbfb000 r--p 0000a000 00:43 562949955654573            /mnt/c/Github/valhalla+vector/build/linux-x86_64-server-slowdebug/images/jdk/lib/libzip.so
75b2bcbfb000-75b2bcbfc000 rw-p 0000b000 00:43 562949955654573            /mnt/c/Github/valhalla+vector/build/linux-x86_64-server-slowdebug/images/jdk/lib/libzip.so
75b2bcbfc000-75b2bcbfd000 ---p 00000000 00:00 0 
75b2bcbfd000-75b2bccfd000 rw-p 00000000 00:00 0 
75b2bccfd000-75b2bccfe000 ---p 00000000 00:00 0 
75b2bccfe000-75b2bd606000 rw-p 00000000 00:00 0 
75b2bd606000-75b2bd607000 ---p 00000000 00:00 0 
75b2bd607000-75b2bd707000 rw-p 00000000 00:00 0 
75b2bd707000-75b2bd708000 ---p 00000000 00:00 0 
75b2bd708000-75b2bd808000 rw-p 00000000 00:00 0 
75b2bd808000-75b2bd809000 ---p 00000000 00:00 0 
75b2bd809000-75b2bda36000 rw-p 00000000 00:00 0 
75b2bda36000-75b2be7f6000 ---p 00000000 00:00 0 
75b2be7f6000-75b2be814000 rw-p 00000000 00:00 0 
75b2be814000-75b2be9cc000 ---p 00000000 00:00 0 
75b2be9cc000-75b2be9ea000 rw-p 00000000 00:00 0 
75b2be9ea000-75b2beba2000 ---p 00000000 00:00 0 
75b2beba2000-75b2bf3af000 rw-p 00000000 00:00 0 
75b2bf3af000-75b2bf495000 ---p 00000000 00:00 0 
75b2bf495000-75b2bf49a000 rw-p 00000000 00:00 0 
75b2bf49a000-75b2bf580000 ---p 00000000 00:00 0 
75b2bf580000-75b2bf58c000 r--p 00000000 00:43 562949955654564            /mnt/c/Github/valhalla+vector/build/linux-x86_64-server-slowdebug/images/jdk/lib/libjava.so
75b2bf58c000-75b2bf5a3000 r-xp 0000c000 00:43 562949955654564            /mnt/c/Github/valhalla+vector/build/linux-x86_64-server-slowdebug/images/jdk/lib/libjava.so
75b2bf5a3000-75b2bf5a9000 r--p 00023000 00:43 562949955654564            /mnt/c/Github/valhalla+vector/build/linux-x86_64-server-slowdebug/images/jdk/lib/libjava.so
75b2bf5a9000-75b2bf5aa000 r--p 00028000 00:43 562949955654564            /mnt/c/Github/valhalla+vector/build/linux-x86_64-server-slowdebug/images/jdk/lib/libjava.so
75b2bf5aa000-75b2bf5ab000 rw-p 00029000 00:43 562949955654564            /mnt/c/Github/valhalla+vector/build/linux-x86_64-server-slowdebug/images/jdk/lib/libjava.so
75b2bf5ab000-75b2bf5ac000 rw-p 00000000 00:00 0 
75b2bf5ac000-75b2bf5af000 r--p 00000000 08:30 41606                      /usr/lib/x86_64-linux-gnu/libnss_files-2.31.so
75b2bf5af000-75b2bf5b6000 r-xp 00003000 08:30 41606                      /usr/lib/x86_64-linux-gnu/libnss_files-2.31.so
75b2bf5b6000-75b2bf5b8000 r--p 0000a000 08:30 41606                      /usr/lib/x86_64-linux-gnu/libnss_files-2.31.so
75b2bf5b8000-75b2bf5b9000 r--p 0000b000 08:30 41606                      /usr/lib/x86_64-linux-gnu/libnss_files-2.31.so
75b2bf5b9000-75b2bf5ba000 rw-p 0000c000 08:30 41606                      /usr/lib/x86_64-linux-gnu/libnss_files-2.31.so
75b2bf5ba000-75b2bf5c0000 rw-p 00000000 00:00 0 
75b2bf5c0000-75b2bf5c1000 r--p 00000000 08:30 22148                      /usr/lib/locale/C.UTF-8/LC_ADDRESS
75b2bf5c1000-75b2bf5c2000 r--p 00000000 08:30 22158                      /usr/lib/locale/C.UTF-8/LC_TELEPHONE
75b2bf5c2000-75b2bf5c7000 rw-p 00000000 00:00 0 
75b2bf5c7000-75b2bf5ce000 ---p 00000000 00:00 0 
75b2bf5ce000-75b2bf5d2000 r--p 00000000 00:43 562949955654565            /mnt/c/Github/valhalla+vector/build/linux-x86_64-server-slowdebug/images/jdk/lib/libjimage.so
75b2bf5d2000-75b2bf5e9000 r-xp 00004000 00:43 562949955654565            /mnt/c/Github/valhalla+vector/build/linux-x86_64-server-slowdebug/images/jdk/lib/libjimage.so
75b2bf5e9000-75b2bf5f1000 r--p 0001b000 00:43 562949955654565            /mnt/c/Github/valhalla+vector/build/linux-x86_64-server-slowdebug/images/jdk/lib/libjimage.so
75b2bf5f1000-75b2bf5f3000 r--p 00022000 00:43 562949955654565            /mnt/c/Github/valhalla+vector/build/linux-x86_64-server-slowdebug/images/jdk/lib/libjimage.so
75b2bf5f3000-75b2bf5f4000 rw-p 00024000 00:43 562949955654565            /mnt/c/Github/valhalla+vector/build/linux-x86_64-server-slowdebug/images/jdk/lib/libjimage.so
75b2bf5f4000-75b2bf5f8000 ---p 00000000 00:00 0 
75b2bf5f8000-75b2bf6f5000 rw-p 00000000 00:00 0 
75b2bf6f5000-75b2bf702000 r--p 00000000 08:30 41600                      /usr/lib/x86_64-linux-gnu/libm-2.31.so
75b2bf702000-75b2bf7a9000 r-xp 0000d000 08:30 41600                      /usr/lib/x86_64-linux-gnu/libm-2.31.so
75b2bf7a9000-75b2bf842000 r--p 000b4000 08:30 41600                      /usr/lib/x86_64-linux-gnu/libm-2.31.so
75b2bf842000-75b2bf843000 r--p 0014c000 08:30 41600                      /usr/lib/x86_64-linux-gnu/libm-2.31.so
75b2bf843000-75b2bf844000 rw-p 0014d000 08:30 41600                      /usr/lib/x86_64-linux-gnu/libm-2.31.so
75b2bf844000-75b2bf846000 r--p 00000000 08:30 41613                      /usr/lib/x86_64-linux-gnu/librt-2.31.so
75b2bf846000-75b2bf84a000 r-xp 00002000 08:30 41613                      /usr/lib/x86_64-linux-gnu/librt-2.31.so
75b2bf84a000-75b2bf84c000 r--p 00006000 08:30 41613                      /usr/lib/x86_64-linux-gnu/librt-2.31.so
75b2bf84c000-75b2bf84d000 r--p 00007000 08:30 41613                      /usr/lib/x86_64-linux-gnu/librt-2.31.so
75b2bf84d000-75b2bf84e000 rw-p 00008000 08:30 41613                      /usr/lib/x86_64-linux-gnu/librt-2.31.so
75b2bf84e000-75b2bfeca000 r--p 00000000 00:43 562949955654580            /mnt/c/Github/valhalla+vector/build/linux-x86_64-server-slowdebug/images/jdk/lib/server/libjvm.so
75b2bfeca000-75b2c15c5000 r-xp 0067c000 00:43 562949955654580            /mnt/c/Github/valhalla+vector/build/linux-x86_64-server-slowdebug/images/jdk/lib/server/libjvm.so
75b2c15c5000-75b2c288d000 r--p 01d77000 00:43 562949955654580            /mnt/c/Github/valhalla+vector/build/linux-x86_64-server-slowdebug/images/jdk/lib/server/libjvm.so
75b2c288d000-75b2c299f000 r--p 0303e000 00:43 562949955654580            /mnt/c/Github/valhalla+vector/build/linux-x86_64-server-slowdebug/images/jdk/lib/server/libjvm.so
75b2c299f000-75b2c2ae8000 rw-p 03150000 00:43 562949955654580            /mnt/c/Github/valhalla+vector/build/linux-x86_64-server-slowdebug/images/jdk/lib/server/libjvm.so
75b2c2ae8000-75b2c2bb3000 rw-p 00000000 00:00 0 
75b2c2bb3000-75b2c2bb9000 r--p 00000000 08:30 41611                      /usr/lib/x86_64-linux-gnu/libpthread-2.31.so
75b2c2bb9000-75b2c2bca000 r-xp 00006000 08:30 41611                      /usr/lib/x86_64-linux-gnu/libpthread-2.31.so
75b2c2bca000-75b2c2bd0000 r--p 00017000 08:30 41611                      /usr/lib/x86_64-linux-gnu/libpthread-2.31.so
75b2c2bd0000-75b2c2bd1000 r--p 0001c000 08:30 41611                      /usr/lib/x86_64-linux-gnu/libpthread-2.31.so
75b2c2bd1000-75b2c2bd2000 rw-p 0001d000 08:30 41611                      /usr/lib/x86_64-linux-gnu/libpthread-2.31.so
75b2c2bd2000-75b2c2bd6000 rw-p 00000000 00:00 0 
75b2c2bd6000-75b2c2bd7000 r--p 00000000 08:30 41599                      /usr/lib/x86_64-linux-gnu/libdl-2.31.so
75b2c2bd7000-75b2c2bd9000 r-xp 00001000 08:30 41599                      /usr/lib/x86_64-linux-gnu/libdl-2.31.so
75b2c2bd9000-75b2c2bda000 r--p 00003000 08:30 41599                      /usr/lib/x86_64-linux-gnu/libdl-2.31.so
75b2c2bda000-75b2c2bdb000 r--p 00003000 08:30 41599                      /usr/lib/x86_64-linux-gnu/libdl-2.31.so
75b2c2bdb000-75b2c2bdc000 rw-p 00004000 08:30 41599                      /usr/lib/x86_64-linux-gnu/libdl-2.31.so
75b2c2bdc000-75b2c2bde000 r--p 00000000 08:30 13174                      /usr/lib/x86_64-linux-gnu/libz.so.1.2.11
75b2c2bde000-75b2c2bef000 r-xp 00002000 08:30 13174                      /usr/lib/x86_64-linux-gnu/libz.so.1.2.11
75b2c2bef000-75b2c2bf5000 r--p 00013000 08:30 13174                      /usr/lib/x86_64-linux-gnu/libz.so.1.2.11
75b2c2bf5000-75b2c2bf6000 ---p 00019000 08:30 13174                      /usr/lib/x86_64-linux-gnu/libz.so.1.2.11
75b2c2bf6000-75b2c2bf7000 r--p 00019000 08:30 13174                      /usr/lib/x86_64-linux-gnu/libz.so.1.2.11
75b2c2bf7000-75b2c2bf8000 rw-p 0001a000 08:30 13174                      /usr/lib/x86_64-linux-gnu/libz.so.1.2.11
75b2c2bf8000-75b2c2c1a000 r--p 00000000 08:30 41598                      /usr/lib/x86_64-linux-gnu/libc-2.31.so
75b2c2c1a000-75b2c2d92000 r-xp 00022000 08:30 41598                      /usr/lib/x86_64-linux-gnu/libc-2.31.so
75b2c2d92000-75b2c2de0000 r--p 0019a000 08:30 41598                      /usr/lib/x86_64-linux-gnu/libc-2.31.so
75b2c2de0000-75b2c2de4000 r--p 001e7000 08:30 41598                      /usr/lib/x86_64-linux-gnu/libc-2.31.so
75b2c2de4000-75b2c2de6000 rw-p 001eb000 08:30 41598                      /usr/lib/x86_64-linux-gnu/libc-2.31.so
75b2c2de6000-75b2c2dea000 rw-p 00000000 00:00 0 
75b2c2dea000-75b2c2deb000 r--p 00000000 08:30 22152                      /usr/lib/locale/C.UTF-8/LC_MEASUREMENT
75b2c2deb000-75b2c2dec000 r--p 00000000 08:30 22151                      /usr/lib/locale/C.UTF-8/LC_IDENTIFICATION
75b2c2dec000-75b2c2dee000 r--s 00037000 00:43 562949955654584            /mnt/c/Github/valhalla+vector/build/linux-x86_64-server-slowdebug/images/jdk/lib/valueclasses/java.base-valueclasses.jar
75b2c2dee000-75b2c2df6000 rw-s 00000000 08:30 37942                      /tmp/hsperfdata_jatinbha/2680
75b2c2df6000-75b2c2df7000 ---p 00000000 00:00 0 
75b2c2df7000-75b2c2df8000 r--p 00000000 00:00 0 
75b2c2df8000-75b2c2dfb000 r--p 00000000 00:43 562949955654566            /mnt/c/Github/valhalla+vector/build/linux-x86_64-server-slowdebug/images/jdk/lib/libjli.so
75b2c2dfb000-75b2c2e09000 r-xp 00003000 00:43 562949955654566            /mnt/c/Github/valhalla+vector/build/linux-x86_64-server-slowdebug/images/jdk/lib/libjli.so
75b2c2e09000-75b2c2e0d000 r--p 00011000 00:43 562949955654566            /mnt/c/Github/valhalla+vector/build/linux-x86_64-server-slowdebug/images/jdk/lib/libjli.so
75b2c2e0d000-75b2c2e0e000 r--p 00014000 00:43 562949955654566            /mnt/c/Github/valhalla+vector/build/linux-x86_64-server-slowdebug/images/jdk/lib/libjli.so
75b2c2e0e000-75b2c2e0f000 rw-p 00015000 00:43 562949955654566            /mnt/c/Github/valhalla+vector/build/linux-x86_64-server-slowdebug/images/jdk/lib/libjli.so
75b2c2e0f000-75b2c2e11000 rw-p 00000000 00:00 0 
75b2c2e11000-75b2c2e12000 r--p 00000000 08:30 21885                      /usr/lib/x86_64-linux-gnu/ld-2.31.so
75b2c2e12000-75b2c2e35000 r-xp 00001000 08:30 21885                      /usr/lib/x86_64-linux-gnu/ld-2.31.so
75b2c2e35000-75b2c2e3d000 r--p 00024000 08:30 21885                      /usr/lib/x86_64-linux-gnu/ld-2.31.so
75b2c2e3d000-75b2c2e3e000 rwxp 00000000 00:00 0 
75b2c2e3e000-75b2c2e3f000 r--p 0002c000 08:30 21885                      /usr/lib/x86_64-linux-gnu/ld-2.31.so
75b2c2e3f000-75b2c2e40000 rw-p 0002d000 08:30 21885                      /usr/lib/x86_64-linux-gnu/ld-2.31.so
75b2c2e40000-75b2c2e41000 rw-p 00000000 00:00 0 
7ffc63ba9000-7ffc63bcb000 rw-p 00000000 00:00 0                          [stack]
7ffc63bf4000-7ffc63bf8000 r--p 00000000 00:00 0                          [vvar]
7ffc63bf8000-7ffc63bfa000 r-xp 00000000 00:00 0                          [vdso]
Total number of mappings: 227

JVMTI agents: none


VM Arguments:
jvm_args: -Xbootclasspath/a:. --enable-preview --add-exports=java.base/jdk.internal.vm.annotation=ALL-UNNAMED -XX:+UseNonAtomicValueFlattening --add-exports=java.base/jdk.internal.misc=ALL-UNNAMED -XX:+PauseAtStartup -XX:-UseOnStackReplacement -XX:+PrintInlineLayout -XX:CompileOnly=Float256Vector::add 
java_command: vector_api_proto
java_class_path (initial): .
Launcher Type: SUN_STANDARD

[Global flags]
     bool AOTInvokeDynamicLinking                  = false                                  {diagnostic} {ergonomic}     AOT-link JVM_CONSTANT_InvokeDynamic entries in cached ConstantPools
     intx CICompilerCount                          = 4                                         {product} {ergonomic}     Number of compiler threads to run
ccstrlist CompileOnly                              = Float256Vector::add                       {product} {command line}  List of methods (pkg/class.name) to restrict compilation to
     uint ConcGCThreads                            = 2                                         {product} {ergonomic}     Number of threads concurrent gc will use
     bool EnableValhalla                           = true                                      {product} {command line}  Enable experimental Valhalla features
     uint G1ConcRefinementThreads                  = 8                                         {product} {ergonomic}     The number of parallel remembered set update threads. Will be set ergonomically by default.
   size_t G1HeapRegionSize                         = 1048576                                   {product} {ergonomic}     Size of the G1 regions.
   size_t InitialHeapSize                          = 62914560                                  {product} {ergonomic}     Initial heap size (in bytes); zero means use ergonomics
   size_t MarkStackSize                            = 4194304                                   {product} {ergonomic}     Size of marking stack in bytes.
   size_t MarkStackSizeMax                         = 536870912                                 {product} {ergonomic}     Maximum size of marking stack in bytes.
   size_t MaxHeapSize                              = 985661440                                 {product} {ergonomic}     Maximum heap size (in bytes)
   size_t MaxNewSize                               = 591396864                                 {product} {ergonomic}     Maximum new generation size (in bytes), max_uintx means set ergonomically
   size_t MinHeapDeltaBytes                        = 1048576                                   {product} {ergonomic}     The minimum change in heap space due to GC (in bytes)
   size_t MinHeapSize                              = 8388608                                   {product} {ergonomic}     Minimum heap size (in bytes); zero means use ergonomics
    uintx NonNMethodCodeHeapSize                   = 5836800                                {pd product} {ergonomic}     Size of code heap with non-nmethods (in bytes)
    uintx NonProfiledCodeHeapSize                  = 122912768                              {pd product} {ergonomic}     Size of code heap with non-profiled methods (in bytes)
     bool PauseAtStartup                           = true                                   {diagnostic} {command line}  Causes the VM to pause at startup time and wait for the pause file to be removed (default: ./vm.paused.<pid>)
     bool PrintInlineLayout                        = true                                   {diagnostic} {command line}  Print field layout for each inline type or class with inline fields
    uintx ProfiledCodeHeapSize                     = 122908672                              {pd product} {ergonomic}     Size of code heap with profiled methods (in bytes)
    uintx ReservedCodeCacheSize                    = 251658240                              {pd product} {ergonomic}     Reserved code cache size (in bytes) - maximum code cache size
     bool SegmentedCodeCache                       = true                                      {product} {ergonomic}     Use a segmented code cache
   size_t SoftMaxHeapSize                          = 985661440                              {manageable} {ergonomic}     Soft limit for maximum heap size (in bytes)
     bool THPStackMitigation                       = false                                  {diagnostic} {ergonomic}     If THPs are unconditionally enabled on the system (mode "always"), the JVM will prevent THP from forming in thread stacks. When disabled, the absence of this mitigationallows THPs to form in thread stacks.
     bool UseCompressedOops                        = true                           {product lp64_product} {ergonomic}   Use 32-bit object references in 64-bit VM. lp64_product means flag is always constant in 32 bit VM
     bool UseG1GC                                  = true                                      {product} {ergonomic}     Use the Garbage-First garbage collector
     bool UseNonAtomicValueFlattening              = true                                      {product} {command line}  Allow the JVM to flatten some non-atomic null-free values
     bool UseOnStackReplacement                    = false                                  {pd product} {command line}  Use on stack replacement, calls runtime if invoc. counter overflows in loop

Logging:
Log output configuration:
 #0: stdout all=warning uptime,level,tags foldmultilines=false
 #1: stderr all=off uptime,level,tags foldmultilines=false

Environment Variables:
JAVA_HOME=/mnt/c/Github/valhalla+vector/build/linux-x86_64-server-slowdebug/images/jdk/
PATH=/mnt/c/Github/valhalla+vector/build/linux-x86_64-server-slowdebug/images/jdk//bin:/home/jatinbha/.local/bin:/home/jatinbha/bin:/mnt/c/Github/softwares/cmake-4.1.1-linux-x86_64/bin:/mnt/c/Github/softwares/intellij/idea-IC-252.25557.131/bin:/mnt/c/Github/mx:/mnt/c/Github/workloads/VectorAPI/jruby/bin:/home/jatinbha/softwares/jdk-26//bin:/mnt/c/Github/softwares/async-profiler-4.1-linux-x64/bin:/home/jatinbha/softwares/gradle-8.14.3/bin:/home/jatinbha/softwares/gradle-9.0.0/bin:/mnt/c/Github/softwares/sde-external-9.58.0-2025-06-16-lin:/mnt/c/Github/softwares/apache-maven-3.9.11/bin:/home/jatinbha/.rbenv/shims:/usr/local/sbin:/usr/local/bin:/usr/sbin:/usr/bin:/sbin:/bin:/usr/games:/usr/local/games:/usr/lib/wsl/lib:/mnt/c/WINDOWS/system32:/mnt/c/WINDOWS:/mnt/c/WINDOWS/System32/Wbem:/mnt/c/WINDOWS/System32/WindowsPowerShell/v1.0/:/mnt/c/WINDOWS/System32/OpenSSH/:/mnt/c/Program Files/Git/cmd:/mnt/c/Program Files/dotnet/:/mnt/c/Github/softwares/z3/z3-4.15.2-x64-win/bin:/mnt/c/Github/softwares/openjdk-24.0.2_windows-x64_bin/jdk-24.0.2/bin:/mnt/c/Program Files/Microsoft Visual Studio/2022/Community/VC/Tools/MSVC/14.44.35207/bin/Hostx64/x64:/mnt/c/Users/jatin/AppData/Local/Microsoft/WindowsApps:/mnt/c/Users/jatin/AppData/Local/GitHubDesktop/bin:/mnt/c/Users/jatin/AppData/Local/Programs/Microsoft VS Code/bin:/mnt/c/Github/softwares/openjdk-24.0.2_windows-x64_bin/jdk-24.0.2/bin:/mnt/c/Github/softwares/z3/z3-4.15.2-x64-win/bin:/snap/bin
LD_LIBRARY_PATH=/home/jatinbha/softwares/
SHELL=/bin/bash
DISPLAY=:0
HOSTTYPE=x86_64
LANG=C.UTF-8
TERM=xterm-256color

Active Locale:
LC_ALL=C.UTF-8
LC_COLLATE=C.UTF-8
LC_CTYPE=C.UTF-8
LC_MESSAGES=C.UTF-8
LC_MONETARY=C.UTF-8
LC_NUMERIC=C.UTF-8
LC_TIME=C.UTF-8

Signal Handlers:
   SIGSEGV: crash_handler in libjvm.so, mask=11100100010111111101111111111110, flags=SA_RESTART|SA_SIGINFO, unblocked
    SIGBUS: crash_handler in libjvm.so, mask=11100100010111111101111111111110, flags=SA_RESTART|SA_SIGINFO, unblocked
    SIGFPE: crash_handler in libjvm.so, mask=11100100010111111101111111111110, flags=SA_RESTART|SA_SIGINFO, unblocked
   SIGPIPE: javaSignalHandler in libjvm.so, mask=11100100010111111101111111111110, flags=SA_RESTART|SA_SIGINFO, unblocked
   SIGXFSZ: javaSignalHandler in libjvm.so, mask=11100100010111111101111111111110, flags=SA_RESTART|SA_SIGINFO, unblocked
    SIGILL: crash_handler in libjvm.so, mask=11100100010111111101111111111110, flags=SA_RESTART|SA_SIGINFO, unblocked
   SIGUSR2: SR_handler in libjvm.so, mask=00000000000000000000000000000000, flags=SA_RESTART|SA_SIGINFO, unblocked
    SIGHUP: UserHandler in libjvm.so, mask=11100100010111111101111111111110, flags=SA_RESTART|SA_SIGINFO, unblocked
    SIGINT: UserHandler in libjvm.so, mask=11100100010111111101111111111110, flags=SA_RESTART|SA_SIGINFO, unblocked
   SIGTERM: UserHandler in libjvm.so, mask=11100100010111111101111111111110, flags=SA_RESTART|SA_SIGINFO, unblocked
   SIGQUIT: UserHandler in libjvm.so, mask=11100100010111111101111111111110, flags=SA_RESTART|SA_SIGINFO, blocked
   SIGTRAP: crash_handler in libjvm.so, mask=11100100010111111101111111111110, flags=SA_RESTART|SA_SIGINFO, unblocked


Native Memory Tracking:

(Omitting categories weighting less than 1KB)

Total: reserved=2476728KB, committed=186256KB
       malloc: 66684KB #25408, peak=66366KB #25410
       mmap:   reserved=2410044KB, committed=119572KB

-                 Java Heap (reserved=962560KB, committed=61440KB)
                            (mmap: reserved=962560KB, committed=61440KB, at peak)

-                     Class (reserved=1048666KB, committed=218KB)
                            (classes #1053)
                            (  instance classes #901, array classes #152)
                            (malloc=90KB #1241) (peak=90KB #1240)
                            (mmap: reserved=1048576KB, committed=128KB, at peak)
                            (  Metadata:   )
                            (    reserved=65536KB, committed=320KB)
                            (    used=236KB)
                            (    waste=84KB =26.40%)
                            (  Class space:)
                            (    reserved=1048576KB, committed=128KB)
                            (    used=13KB)
                            (    waste=115KB =89.69%)

-                    Thread (reserved=17497KB, committed=817KB)
                            (threads #17)
                            (stack: reserved=17444KB, committed=764KB, peak=764KB)
                            (malloc=36KB #103) (peak=44KB #107)
                            (arena=18KB #30) (peak=136KB #30)

-                      Code (reserved=248107KB, committed=7967KB)
                            (malloc=386KB #11228) (peak=386KB #11232)
                            (mmap: reserved=247688KB, committed=7548KB, at peak)
                            (arena=33KB #1) (at peak)

-                        GC (reserved=68535KB, committed=50935KB)
                            (malloc=16723KB #489) (at peak)
                            (mmap: reserved=51812KB, committed=34212KB, at peak)

-                 GCCardSet (reserved=1KB, committed=1KB)
                            (malloc=1KB #4) (peak=1KB #5)

-                  Compiler (reserved=423KB, committed=423KB)
                            (malloc=31KB #37) (peak=31KB #41)
                            (arena=393KB #11) (peak=636KB #12)

-                  Internal (reserved=47028KB, committed=47028KB)
                            (malloc=46992KB #6546) (peak=46992KB #6547)
                            (mmap: reserved=36KB, committed=36KB, at peak)

-                     Other (reserved=0KB, committed=0KB)
                            (malloc=0KB) (peak=2KB #1)

-                    Symbol (reserved=1250KB, committed=1250KB)
                            (malloc=890KB #3324) (at peak)
                            (arena=360KB #1) (at peak)

-    Native Memory Tracking (reserved=453KB, committed=453KB)
                            (malloc=6KB #63) (at peak)
                            (arena=0KB #0) (peak=128KB #1)
                            (tracking overhead=447KB)

-        Shared class space (reserved=16384KB, committed=15116KB, readonly=0KB)
                            (mmap: reserved=16384KB, committed=15116KB, peak=15316KB)

-               Arena Chunk (reserved=33KB, committed=33KB)
                            (malloc=33KB #56) (peak=1079KB #62)

-                    Module (reserved=199KB, committed=199KB)
                            (malloc=199KB #2135) (at peak)

-                 Safepoint (reserved=8KB, committed=8KB)
                            (mmap: reserved=8KB, committed=8KB, at peak)

-           Synchronization (reserved=18KB, committed=18KB)
                            (malloc=18KB #138) (at peak)

-            Serviceability (reserved=17KB, committed=17KB)
                            (malloc=17KB #10) (peak=17KB #14)

-                 Metaspace (reserved=65548KB, committed=332KB)
                            (malloc=12KB #8) (at peak)
                            (mmap: reserved=65536KB, committed=320KB, at peak)

-      String Deduplication (reserved=1KB, committed=1KB)
                            (malloc=1KB #8) (at peak)

-           Object Monitors (reserved=1KB, committed=1KB)
                            (malloc=1KB #3) (at peak)

Preinit state:entries: 391 (primary: 391, empties: 7800), sum bytes: 14884, longest chain length: 1
pre-init mallocs: 431, pre-init reallocs: 8, pre-init frees: 40
MallocLimit: unset

Compiler Memory Statistic, 10 most expensive compilations:
ctyp  total     ra        node      comp      type      states    reglive   regsplit  superword cienv     ha        other     #nodes  result  limit     time    id    thread             method
c1    229096    229096    0         0         0         0         0         0         0         0         0         0         -       ok      1073741824 37.662 28    0x000075b2b81acb00 Float256Vector::add((LFloat256Vector;LFloat256Vector;)LFloat256Vector;) 
Total: 1 (C1: 1, C2: 0)

Periodic native trim disabled

---------------  S Y S T E M  ---------------

OS:
DISTRIB_ID=Ubuntu
DISTRIB_RELEASE=20.04
DISTRIB_CODENAME=focal
DISTRIB_DESCRIPTION="Ubuntu 20.04.6 LTS"
uname: Linux jatinbha-ws 6.6.87.2-microsoft-standard-WSL2 #1 SMP PREEMPT_DYNAMIC Thu Jun  5 18:30:46 UTC 2025 x86_64
OS uptime: 0 days 2:18 hours
libc: glibc 2.31 NPTL 2.31 
rlimit (soft/hard): STACK 8192k/infinity , CORE 0k/infinity , NPROC 14993/14993 , NOFILE 1048576/1048576 , AS infinity/infinity , CPU infinity/infinity , DATA infinity/infinity , FSIZE infinity/infinity , MEMLOCK 65536k/65536k
load average: 0.56 0.54 0.35

/proc/meminfo:
MemTotal:        3848416 kB
MemFree:         2802724 kB
MemAvailable:    3011188 kB
Buffers:            1548 kB
Cached:           260528 kB
SwapCached:            0 kB
Active:           110612 kB
Inactive:         637716 kB
Active(anon):       2712 kB
Inactive(anon):   487784 kB
Active(file):     107900 kB
Inactive(file):   149932 kB
Unevictable:           0 kB
Mlocked:               0 kB
SwapTotal:       1048576 kB
SwapFree:        1048576 kB
Dirty:               160 kB
Writeback:             0 kB
AnonPages:        486340 kB
Mapped:           209148 kB
Shmem:              4236 kB
KReclaimable:      25424 kB
Slab:              74788 kB
SReclaimable:      25424 kB
SUnreclaim:        49364 kB
KernelStack:        4672 kB
PageTables:         5432 kB
SecPageTables:         0 kB
NFS_Unstable:          0 kB
Bounce:                0 kB
WritebackTmp:          0 kB
CommitLimit:     2972784 kB
Committed_AS:    1372616 kB
VmallocTotal:   34359738367 kB
VmallocUsed:       29044 kB
VmallocChunk:          0 kB
Percpu:             3648 kB
HardwareCorrupted:     0 kB
AnonHugePages:         0 kB
ShmemHugePages:        0 kB
ShmemPmdMapped:        0 kB
FileHugePages:         0 kB
FilePmdMapped:         0 kB
Unaccepted:            0 kB
HugePages_Total:       0
HugePages_Free:        0
HugePages_Rsvd:        0
HugePages_Surp:        0
Hugepagesize:       2048 kB
Hugetlb:               0 kB
DirectMap4k:       64512 kB
DirectMap2M:     3964928 kB
DirectMap1G:     8388608 kB

/sys/kernel/mm/transparent_hugepage/enabled: always [madvise] never
/sys/kernel/mm/transparent_hugepage/hpage_pmd_size: 2097152
/sys/kernel/mm/transparent_hugepage/shmem_enabled: always within_size advise [never] deny force
/sys/kernel/mm/transparent_hugepage/defrag (defrag/compaction efforts parameter): always defer defer+madvise [madvise] never

Process Memory:
Virtual Size: 3794456K (peak: 3813320K)
Resident Set Size: 152088K (peak: 152088K) (anon: 108544K, file: 43544K, shmem: 0K)
Swapped out: 0K
C-Heap outstanding allocations: 67573K, retained: 2426K
glibc malloc tunables: (default)

/proc/sys/kernel/threads-max (system-wide limit on the number of threads): 29987
/proc/sys/vm/max_map_count (maximum number of memory map areas a process may have): 65530
/proc/sys/vm/swappiness (control to define how aggressively the kernel swaps out anonymous memory): 60
/proc/sys/kernel/pid_max (system-wide limit on number of process identifiers): 4194304

container information not found.
Hyper-V virtualization detected
Steal ticks since vm start: 0
Steal ticks percentage since vm start:  0.000

CPU: total 8 (initial active 8) (4 cores per cpu, 2 threads per core) family 6 model 186 stepping 3 microcode 0xffffffff, cx8, cmov, fxsr, ht, mmx, 3dnowpref, sse, sse2, sse3, ssse3, sse4.1, sse4.2, popcnt, lzcnt, tsc, tscinvbit, avx, avx2, aes, erms, clmul, bmi1, bmi2, adx, sha, fma, vzeroupper, clflush, clflushopt, clwb, hv, serialize, rdtscp, rdpid, fsrm, gfni, f16c, cet_ibt, cet_ss
CPU Model and flags from /proc/cpuinfo:
model name	: 13th Gen Intel(R) Core(TM) i3-1315U
flags		: fpu vme de pse tsc msr pae mce cx8 apic sep mtrr pge mca cmov pat pse36 clflush mmx fxsr sse sse2 ss ht syscall nx pdpe1gb rdtscp lm constant_tsc rep_good nopl xtopology tsc_reliable nonstop_tsc cpuid tsc_known_freq pni pclmulqdq vmx ssse3 fma cx16 pcid sse4_1 sse4_2 x2apic movbe popcnt tsc_deadline_timer aes xsave avx f16c rdrand hypervisor lahf_lm abm 3dnowprefetch ssbd ibrs ibpb stibp ibrs_enhanced tpr_shadow ept vpid ept_ad fsgsbase tsc_adjust bmi1 avx2 smep bmi2 erms invpcid rdseed adx smap clflushopt clwb sha_ni xsaveopt xsavec xgetbv1 xsaves avx_vnni vnmi umip waitpkg gfni vaes vpclmulqdq rdpid movdiri movdir64b fsrm md_clear serialize flush_l1d arch_capabilities

Online cpus: 0-7
Offline cpus: 
cache level: 1
cache type: Data
cache size: 48K
cache coherency line size: 64
cache level: 1
cache type: Instruction
cache size: 32K
cache coherency line size: 64
cache level: 2
cache type: Unified
cache size: 1280K
cache coherency line size: 64
cache level: 3
cache type: Unified
cache size: 10240K
cache coherency line size: 64
BIOS frequency limitation: <Not Available>
Frequency switch latency (ns): <Not Available>
Available cpu frequencies: <Not Available>
Maximum cpu frequency: <Not Available>
Minimum cpu frequency: <Not Available>
Current cpu frequency: <Not Available>
Available governors: <Not Available>
Current governor: <Not Available>
Core performance/turbo boost: <Not Available>

Memory: 4k page, physical 3848416k(3011220k free), swap 1048576k(1048576k free)
Page Sizes: 4k

vm_info: OpenJDK 64-Bit Server VM (slowdebug 25-internal-adhoc.jatinbha.valhallavector) for linux-amd64 JRE (25-internal-adhoc.jatinbha.valhallavector), built on 2025-09-27T12:13:14Z with gcc 10.5.0

END.
