#
# A fatal error has been detected by the Java Runtime Environment:
#
#  Internal Error (/home/jatinbha/sandboxes/lworld/valhalla/src/hotspot/share/opto/node.hpp:402), pid=919268, tid=919289
#  assert(i < _max) failed: oob: i=1981626656, _max=16
#
# JRE version: OpenJDK Runtime Environment (22.0) (slowdebug build 22-internal-adhoc.root.valhalla)
# Java VM: OpenJDK 64-Bit Server VM (slowdebug 22-internal-adhoc.root.valhalla, mixed mode, sharing, compressed oops, compressed class ptrs, g1 gc, linux-amd64)
# Problematic frame:
# V  [libjvm.so+0x45ca73]  Node::in(unsigned int) const+0x45
#
# Core dump will be written. Default location: Core dumps may be processed with "/usr/share/apport/apport %p %s %c %d %P %E" (or dumping to /home/jatinbha/code/java/merge_phi/core.919268)
#
# If you would like to submit a bug report, please visit:
#   https://bugreport.java.com/bugreport/crash.jsp
#

---------------  S U M M A R Y ------------

Command Line: --add-exports=java.base/jdk.internal.misc=ALL-UNNAMED -XX:+EnablePrimitiveClasses -XX:+PauseAtStartup -XX:-TieredCompilation -XX:CompileOnly=unsafe_bug::helper unsafe_bug

Host: intel-S2600WFT, Intel(R) Xeon(R) Platinum 8280 CPU @ 2.70GHz, 112 cores, 754G, Ubuntu 20.04.2 LTS
Time: Fri Nov  3 14:16:02 2023 IST elapsed time: 186.111525 seconds (0d 0h 3m 6s)

---------------  T H R E A D  ---------------

Current thread (0x00007f3fbc3386b0):  JavaThread "C2 CompilerThread0" daemon [_thread_in_native, id=919289, stack(0x00007f3f760d6000,0x00007f3f761d7000) (1028K)]


Current CompileTask:
C2: 186111   13             unsafe_bug::helper (70 bytes)

Stack: [0x00007f3f760d6000,0x00007f3f761d7000],  sp=0x00007f3f761d3830,  free space=1014k
Native frames: (J=compiled Java code, j=interpreted, Vv=VM code, C=native code)
V  [libjvm.so+0x45ca73]  Node::in(unsigned int) const+0x45  (node.hpp:402)
C  0x00007f3f761d385f
Registers:
RAX=0x00007f3fc628f000, RBX=0x00007f3fbc2a1180, RCX=0x00007f3f0806ea08, RDX=0x00007f3fc3dc5662
RSP=0x00007f3f761d3830, RBP=0x00007f3f761d3840, RSI=0x00000000761d3920, RDI=0x00007f3f0806d9a8
R8 =0x0000000000000000, R9 =0x00000000ffffffff, R10=0x0000000000000000, R11=0x00007f3f080278c0
R12=0x00007f3fc48be598, R13=0x00007f3f08052278, R14=0x00007f3fc34195f0, R15=0x00007f3f761d5fc0
RIP=0x00007f3fc39c6a73, EFLAGS=0x0000000000010202, CSGSFS=0x002b000000000033, ERR=0x0000000000000006
  TRAPNO=0x000000000000000e


Register to memory mapping:

RAX=0x00007f3fc628f000 in mmap'd memory region [0x00007f3fc628f000 - 0x00007f3fc6290000], tag mtInternal
RBX=0x00007f3fbc2a1180 points into unknown readable memory: 0xabababababababab | ab ab ab ab ab ab ab ab
RCX=0x00007f3f0806ea08 points into unknown readable memory: 0x00007f3fc5eedd20 | 20 dd ee c5 3f 7f 00 00
RDX=0x00007f3fc3dc5662: <offset 0x000000000085b662> in /home/jatinbha/sandboxes/lworld/valhalla/build/linux-x86_64-server-slowdebug/images/jdk/lib/server/libjvm.so at 0x00007f3fc356a000
RSP=0x00007f3f761d3830 is pointing into the stack for thread: 0x00007f3fbc3386b0
RBP=0x00007f3f761d3840 is pointing into the stack for thread: 0x00007f3fbc3386b0
RSI=0x00000000761d3920 is an unknown value
RDI=0x00007f3f0806d9a8 points into unknown readable memory: 0x00007f3fc5eb6268 | 68 62 eb c5 3f 7f 00 00
R8 =0x0 is null
R9 =0x00000000ffffffff in mmap'd memory region [0x00000000a0000000 - 0x0000000800000000], tag mtJavaHeap
R10=0x0 is null
R11=0x00007f3f080278c0 points into unknown readable memory: 0x00007f3f0802e480 | 80 e4 02 08 3f 7f 00 00
R12=0x00007f3fc48be598: <offset 0x0000000001354598> in /home/jatinbha/sandboxes/lworld/valhalla/build/linux-x86_64-server-slowdebug/images/jdk/lib/server/libjvm.so at 0x00007f3fc356a000
R13=0x00007f3f08052278 points into unknown readable memory: 0x00007f3fc5e0d5a8 | a8 d5 e0 c5 3f 7f 00 00
R14=0x00007f3fc34195f0 is pointing into the stack for thread: 0x00007f3fbc02a550
R15=0x00007f3f761d5fc0 is pointing into the stack for thread: 0x00007f3fbc3386b0

Top of Stack: (sp=0x00007f3f761d3830)
0x00007f3f761d3830:   761d39200806ea08 00007f3f0806d9a8
0x00007f3f761d3840:   00007f3f761d3848 00007f3f761d385f
0x00007f3f761d3850:   00007f3f761d3870 cc007f3fbc2a1108
0x00007f3f761d3860:   00007f3f761d3880 00007f3fc3e643fb
0x00007f3f761d3870:   00007f3f761d3890 00007f3fbc2a10c8
0x00007f3f761d3880:   00007f3f761d38b0 00007f3fc4897f4d
0x00007f3f761d3890:   00007f3f761d38b0 00007f3fbc29fdb8
0x00007f3f761d38a0:   0000000008073d78 00007f3fbc2a10c8
0x00007f3f761d38b0:   00007f3f761d38d0 00007f3fc4898640
0x00007f3f761d38c0:   00007f3f0806ea08 00007f3f0804ad10
0x00007f3f761d38d0:   00007f3f761d3950 00007f3fc4894bb1
0x00007f3f761d38e0:   00007f3f761d3900 00007f3f761d3b00
0x00007f3f761d38f0:   00007f3f761d3910 01007f3f761d49b0
0x00007f3f761d3900:   00007f3f761d3920 0000000000000010
0x00007f3f761d3910:   00007f3f0806ea08 0000000000000000
0x00007f3f761d3920:   00007f3f0806cd38 0000000800000008
0x00007f3f761d3930:   00007f3f080742e0 0000000000000000
0x00007f3f761d3940:   00000002000003e7 00007f3f0804ad10
0x00007f3f761d3950:   00007f3f761d39d0 00007f3fc488ddfe
0x00007f3f761d3960:   0000000000000020 00007f3f761d3b00
0x00007f3f761d3970:   00000008761d39b0 0000000200011180
0x00007f3f761d3980:   00007f3f761d39b0 00007f3fc3b6af63
0x00007f3f761d3990:   00007f3f0804ad10 ffffffff0804ac70
0x00007f3f761d39a0:   00007f3f761d39d0 00007f3fc4891882
0x00007f3f761d39b0:   00007f3f761d39d0 00007f3fbc2a1180
0x00007f3f761d39c0:   00007f3fc48be598 00007f3f08052278
0x00007f3f761d39d0:   00007f3f761d3ad0 00007f3fc488dbca
0x00007f3f761d39e0:   00007f3f761d3a20 00007f3fc39c0a92
0x00007f3f761d39f0:   45903800761d3a20 00007f3fbc29d580
0x00007f3f761d3a00:   00007f3f08025d50 00007f3f761d3b00
0x00007f3f761d3a10:   00007f3f761d3a40 0000001fc3f0773d
0x00007f3f761d3a20:   00007f3f00000000 4590380000000002 

Instructions: (pc=0x00007f3fc39c6a73)
0x00007f3fc39c6973:   8d 3d 7f ca 43 01 b8 00 00 00 00 e8 94 fa 5c 00
0x00007f3fc39c6983:   48 8b 45 f8 c9 c3 90 f3 0f 1e fa 55 48 89 e5 48
0x00007f3fc39c6993:   89 7d f8 48 8b 45 f8 8b 40 10 83 f8 09 7e 12 48
0x00007f3fc39c69a3:   8b 45 f8 8b 40 10 83 f8 10 7f 06 48 8b 45 f8 eb
0x00007f3fc39c69b3:   05 b8 00 00 00 00 5d c3 f3 0f 1e fa 55 48 89 e5
0x00007f3fc39c69c3:   48 83 ec 20 48 89 7d e8 e8 a4 f4 ff ff 48 89 45
0x00007f3fc39c69d3:   f0 48 8b 45 f0 48 89 c7 e8 a0 f6 ff ff 48 89 c1
0x00007f3fc39c69e3:   48 8b 45 e8 ba 00 00 00 00 48 89 c6 48 89 cf e8
0x00007f3fc39c69f3:   e9 a0 ff ff 48 89 45 f8 48 8b 45 f8 c9 c3 90 f3
0x00007f3fc39c6a03:   0f 1e fa 55 48 89 e5 48 89 7d f8 48 8b 45 f8 8b
0x00007f3fc39c6a13:   40 18 5d c3 90 f3 0f 1e fa 55 48 89 e5 48 89 7d
0x00007f3fc39c6a23:   f8 48 8b 45 f8 8b 40 20 5d c3 90 f3 0f 1e fa 55
0x00007f3fc39c6a33:   48 89 e5 48 83 ec 10 48 89 7d f8 89 75 f4 48 8b
0x00007f3fc39c6a43:   45 f8 8b 40 1c 39 45 f4 72 13 e8 e5 9d f1 ff 83
0x00007f3fc39c6a53:   f0 01 84 c0 74 07 b8 01 00 00 00 eb 05 b8 00 00
0x00007f3fc39c6a63:   00 00 84 c0 74 41 48 8d 05 30 fe 53 02 48 8b 00
0x00007f3fc39c6a73:   c6 00 58 48 8b 45 f8 8b 50 1c 8b 45 f4 41 89 d1
0x00007f3fc39c6a83:   41 89 c0 48 8d 0d 4a ca 43 01 48 8d 15 56 ca 43
0x00007f3fc39c6a93:   01 be 92 01 00 00 48 8d 3d 68 ca 43 01 b8 00 00
0x00007f3fc39c6aa3:   00 00 e8 6d f9 5c 00 48 8b 45 f8 48 8b 40 08 8b
0x00007f3fc39c6ab3:   55 f4 48 c1 e2 03 48 01 d0 48 8b 00 c9 c3 90 f3
0x00007f3fc39c6ac3:   0f 1e fa 55 48 89 e5 48 83 ec 10 48 89 7d f8 e8
0x00007f3fc39c6ad3:   9d f3 ff ff 48 89 c7 e8 db f5 ff ff 48 39 45 f8
0x00007f3fc39c6ae3:   0f 94 c0 0f b6 d0 48 8b 45 f8 48 8b 40 10 48 85
0x00007f3fc39c6af3:   c0 0f 94 c0 0f b6 c0 39 c2 74 13 e8 34 9d f1 ff
0x00007f3fc39c6b03:   83 f0 01 84 c0 74 07 b8 01 00 00 00 eb 05 b8 00
0x00007f3fc39c6b13:   00 00 00 84 c0 74 31 48 8d 05 7f fd 53 02 48 8b
0x00007f3fc39c6b23:   00 c6 00 58 48 8d 0d a2 c6 43 01 48 8d 15 23 ca
0x00007f3fc39c6b33:   43 01 be e3 01 00 00 48 8d 3d c7 c9 43 01 b8 00
0x00007f3fc39c6b43:   00 00 00 e8 cc f8 5c 00 48 8b 45 f8 48 8b 40 10
0x00007f3fc39c6b53:   48 85 c0 0f 94 c0 c9 c3 90 f3 0f 1e fa 55 48 89
0x00007f3fc39c6b63:   e5 48 89 7d e8 89 75 e4 48 8b 45 e8 48 83 c0 28 


Stack slot to memory mapping:

stack at sp + 0 slots: 0x761d39200806ea08 is an unknown value
stack at sp + 1 slots: 0x00007f3f0806d9a8 points into unknown readable memory: 0x00007f3fc5eb6268 | 68 62 eb c5 3f 7f 00 00
stack at sp + 2 slots: 0x00007f3f761d3848 is pointing into the stack for thread: 0x00007f3fbc3386b0
stack at sp + 3 slots: 0x00007f3f761d385f is pointing into the stack for thread: 0x00007f3fbc3386b0
stack at sp + 4 slots: 0x00007f3f761d3870 is pointing into the stack for thread: 0x00007f3fbc3386b0
stack at sp + 5 slots: 0xcc007f3fbc2a1108 is an unknown value
stack at sp + 6 slots: 0x00007f3f761d3880 is pointing into the stack for thread: 0x00007f3fbc3386b0
stack at sp + 7 slots: 0x00007f3fc3e643fb: <offset 0x00000000008fa3fb> in /home/jatinbha/sandboxes/lworld/valhalla/build/linux-x86_64-server-slowdebug/images/jdk/lib/server/libjvm.so at 0x00007f3fc356a000


---------------  P R O C E S S  ---------------

uid  : 1000 euid : 1000 gid  : 1000 egid : 1000

umask: 0002 (-------w-)

Threads class SMR info:
_java_thread_list=0x00007f3fbc3c2520, length=9, elements={
0x00007f3fbc02a550, 0x00007f3fbc32fea0, 0x00007f3fbc3317b0, 0x00007f3fbc333720,
0x00007f3fbc335070, 0x00007f3fbc336880, 0x00007f3fbc3386b0, 0x00007f3fbc3be090,
0x00007f3fbc3c27b0
}
_java_thread_list_alloc_cnt=10, _java_thread_list_free_cnt=8, _java_thread_list_max=9, _nested_thread_list_max=0
_tlh_cnt=38, _tlh_times=0, avg_tlh_time=0.00, _tlh_time_max=0
_delete_lock_wait_cnt=0, _delete_lock_wait_max=0
_to_delete_list_cnt=0, _to_delete_list_max=1

Java Threads: ( => current thread )
  0x00007f3fbc02a550 JavaThread "main"                              [_thread_in_vm, id=919269, stack(0x00007f3fc331a000,0x00007f3fc341b000) (1028K)]
  0x00007f3fbc32fea0 JavaThread "Reference Handler"          daemon [_thread_blocked, id=919284, stack(0x00007f3f765db000,0x00007f3f766dc000) (1028K)]
  0x00007f3fbc3317b0 JavaThread "Finalizer"                  daemon [_thread_blocked, id=919285, stack(0x00007f3f764da000,0x00007f3f765db000) (1028K)]
  0x00007f3fbc333720 JavaThread "Signal Dispatcher"          daemon [_thread_blocked, id=919286, stack(0x00007f3f763d9000,0x00007f3f764da000) (1028K)]
  0x00007f3fbc335070 JavaThread "Service Thread"             daemon [_thread_blocked, id=919287, stack(0x00007f3f762d8000,0x00007f3f763d9000) (1028K)]
  0x00007f3fbc336880 JavaThread "Monitor Deflation Thread"   daemon [_thread_blocked, id=919288, stack(0x00007f3f761d7000,0x00007f3f762d8000) (1028K)]
=>0x00007f3fbc3386b0 JavaThread "C2 CompilerThread0"         daemon [_thread_in_native, id=919289, stack(0x00007f3f760d6000,0x00007f3f761d7000) (1028K)]
  0x00007f3fbc3be090 JavaThread "Common-Cleaner"             daemon [_thread_blocked, id=919290, stack(0x00007f3f75f05000,0x00007f3f76006000) (1028K)]
  0x00007f3fbc3c27b0 JavaThread "Notification Thread"        daemon [_thread_blocked, id=919291, stack(0x00007f3f75e04000,0x00007f3f75f05000) (1028K)]
Total: 9

Other Threads:
  0x00007f3fbc2fda40 VMThread "VM Thread"                           [id=919283, stack(0x00007f3f76c4d000,0x00007f3f76d4d000) (1024K)]
  0x00007f3fbc2430a0 WatcherThread "VM Periodic Task Thread"        [id=919282, stack(0x00007f3f76d4e000,0x00007f3f76e4e000) (1024K)]
  0x00007f3fbc0690a0 WorkerThread "GC Thread#0"                     [id=919277, stack(0x00007f3f89cb7000,0x00007f3f89db7000) (1024K)]
  0x00007f3fbc0798b0 ConcurrentGCThread "G1 Main Marker"            [id=919278, stack(0x00007f3f89bb6000,0x00007f3f89cb6000) (1024K)]
  0x00007f3fbc07ab50 WorkerThread "G1 Conc#0"                       [id=919279, stack(0x00007f3f89ab5000,0x00007f3f89bb5000) (1024K)]
  0x00007f3fbc22ba10 ConcurrentGCThread "G1 Refine#0"               [id=919280, stack(0x00007f3f76fd1000,0x00007f3f770d1000) (1024K)]
  0x00007f3fbc22cc50 ConcurrentGCThread "G1 Service"                [id=919281, stack(0x00007f3f76ed0000,0x00007f3f76fd0000) (1024K)]
Total: 7

Threads with active compile tasks:
C2 CompilerThread0   186115   13             unsafe_bug::helper (70 bytes)
Total: 1

VM state: not at safepoint (normal execution)

VM Mutex/Monitor currently owned by a thread: None

Heap address: 0x00000000a0000000, size: 30208 MB, Compressed Oops mode: Zero based, Oop shift amount: 3

CDS archive(s) mapped at: [0x00007f3f27000000-0x00007f3f27da9000-0x00007f3f27da9000), size 14323712, SharedBaseAddress: 0x00007f3f27000000, ArchiveRelocationMode: 1.
Compressed class space mapped at: 0x00007f3f28000000-0x00007f3f68000000, reserved size: 1073741824
Narrow klass base: 0x00007f3f27000000, Narrow klass shift: 0, Narrow klass range: 0x100000000

GC Precious Log:
 CardTable entry size: 512
 Card Set container configuration: InlinePtr #cards 3 size 8 Array Of Cards #cards 128 size 272 Howl #buckets 8 coarsen threshold 29491 Howl Bitmap #cards 4096 size 528 coarsen threshold 3686 Card regions per heap region 1 cards per card region 32768
 CPUs: 112 total, 112 available
 Memory: 754G
 Large Page Support: Disabled
 NUMA Support: Disabled
 Compressed Oops: Enabled (Zero based)
 Heap Region Size: 16M
 Heap Min Capacity: 16M
 Heap Initial Capacity: 2G
 Heap Max Capacity: 30208M
 Pre-touch: Disabled
 Parallel Workers: 73
 Concurrent Workers: 18
 Concurrent Refinement Workers: 73
 Periodic GC: Disabled

Heap:
 garbage-first heap   total 2113536K, used 1068K [0x00000000a0000000, 0x0000000800000000)
  region size 16384K, 1 young (16384K), 0 survivors (0K)
 Metaspace       used 162K, committed 384K, reserved 1114112K
  class space    used 9K, committed 128K, reserved 1048576K

Heap Regions: E=young(eden), S=young(survivor), O=old, HS=humongous(starts), HC=humongous(continues), CS=collection set, F=free, TAMS=top-at-mark-start, PB=parsable bottom
|   0|0x00000000a0000000, 0x00000000a0000000, 0x00000000a1000000|  0%| F|  |TAMS 0x00000000a0000000| PB 0x00000000a0000000| Untracked 
|   1|0x00000000a1000000, 0x00000000a1000000, 0x00000000a2000000|  0%| F|  |TAMS 0x00000000a1000000| PB 0x00000000a1000000| Untracked 
|   2|0x00000000a2000000, 0x00000000a2000000, 0x00000000a3000000|  0%| F|  |TAMS 0x00000000a2000000| PB 0x00000000a2000000| Untracked 
|   3|0x00000000a3000000, 0x00000000a3000000, 0x00000000a4000000|  0%| F|  |TAMS 0x00000000a3000000| PB 0x00000000a3000000| Untracked 
|   4|0x00000000a4000000, 0x00000000a4000000, 0x00000000a5000000|  0%| F|  |TAMS 0x00000000a4000000| PB 0x00000000a4000000| Untracked 
|   5|0x00000000a5000000, 0x00000000a5000000, 0x00000000a6000000|  0%| F|  |TAMS 0x00000000a5000000| PB 0x00000000a5000000| Untracked 
|   6|0x00000000a6000000, 0x00000000a6000000, 0x00000000a7000000|  0%| F|  |TAMS 0x00000000a6000000| PB 0x00000000a6000000| Untracked 
|   7|0x00000000a7000000, 0x00000000a7000000, 0x00000000a8000000|  0%| F|  |TAMS 0x00000000a7000000| PB 0x00000000a7000000| Untracked 
|   8|0x00000000a8000000, 0x00000000a8000000, 0x00000000a9000000|  0%| F|  |TAMS 0x00000000a8000000| PB 0x00000000a8000000| Untracked 
|   9|0x00000000a9000000, 0x00000000a9000000, 0x00000000aa000000|  0%| F|  |TAMS 0x00000000a9000000| PB 0x00000000a9000000| Untracked 
|  10|0x00000000aa000000, 0x00000000aa000000, 0x00000000ab000000|  0%| F|  |TAMS 0x00000000aa000000| PB 0x00000000aa000000| Untracked 
|  11|0x00000000ab000000, 0x00000000ab000000, 0x00000000ac000000|  0%| F|  |TAMS 0x00000000ab000000| PB 0x00000000ab000000| Untracked 
|  12|0x00000000ac000000, 0x00000000ac000000, 0x00000000ad000000|  0%| F|  |TAMS 0x00000000ac000000| PB 0x00000000ac000000| Untracked 
|  13|0x00000000ad000000, 0x00000000ad000000, 0x00000000ae000000|  0%| F|  |TAMS 0x00000000ad000000| PB 0x00000000ad000000| Untracked 
|  14|0x00000000ae000000, 0x00000000ae000000, 0x00000000af000000|  0%| F|  |TAMS 0x00000000ae000000| PB 0x00000000ae000000| Untracked 
|  15|0x00000000af000000, 0x00000000af000000, 0x00000000b0000000|  0%| F|  |TAMS 0x00000000af000000| PB 0x00000000af000000| Untracked 
|  16|0x00000000b0000000, 0x00000000b0000000, 0x00000000b1000000|  0%| F|  |TAMS 0x00000000b0000000| PB 0x00000000b0000000| Untracked 
|  17|0x00000000b1000000, 0x00000000b1000000, 0x00000000b2000000|  0%| F|  |TAMS 0x00000000b1000000| PB 0x00000000b1000000| Untracked 
|  18|0x00000000b2000000, 0x00000000b2000000, 0x00000000b3000000|  0%| F|  |TAMS 0x00000000b2000000| PB 0x00000000b2000000| Untracked 
|  19|0x00000000b3000000, 0x00000000b3000000, 0x00000000b4000000|  0%| F|  |TAMS 0x00000000b3000000| PB 0x00000000b3000000| Untracked 
|  20|0x00000000b4000000, 0x00000000b4000000, 0x00000000b5000000|  0%| F|  |TAMS 0x00000000b4000000| PB 0x00000000b4000000| Untracked 
|  21|0x00000000b5000000, 0x00000000b5000000, 0x00000000b6000000|  0%| F|  |TAMS 0x00000000b5000000| PB 0x00000000b5000000| Untracked 
|  22|0x00000000b6000000, 0x00000000b6000000, 0x00000000b7000000|  0%| F|  |TAMS 0x00000000b6000000| PB 0x00000000b6000000| Untracked 
|  23|0x00000000b7000000, 0x00000000b7000000, 0x00000000b8000000|  0%| F|  |TAMS 0x00000000b7000000| PB 0x00000000b7000000| Untracked 
|  24|0x00000000b8000000, 0x00000000b8000000, 0x00000000b9000000|  0%| F|  |TAMS 0x00000000b8000000| PB 0x00000000b8000000| Untracked 
|  25|0x00000000b9000000, 0x00000000b9000000, 0x00000000ba000000|  0%| F|  |TAMS 0x00000000b9000000| PB 0x00000000b9000000| Untracked 
|  26|0x00000000ba000000, 0x00000000ba000000, 0x00000000bb000000|  0%| F|  |TAMS 0x00000000ba000000| PB 0x00000000ba000000| Untracked 
|  27|0x00000000bb000000, 0x00000000bb000000, 0x00000000bc000000|  0%| F|  |TAMS 0x00000000bb000000| PB 0x00000000bb000000| Untracked 
|  28|0x00000000bc000000, 0x00000000bc000000, 0x00000000bd000000|  0%| F|  |TAMS 0x00000000bc000000| PB 0x00000000bc000000| Untracked 
|  29|0x00000000bd000000, 0x00000000bd000000, 0x00000000be000000|  0%| F|  |TAMS 0x00000000bd000000| PB 0x00000000bd000000| Untracked 
|  30|0x00000000be000000, 0x00000000be000000, 0x00000000bf000000|  0%| F|  |TAMS 0x00000000be000000| PB 0x00000000be000000| Untracked 
|  31|0x00000000bf000000, 0x00000000bf000000, 0x00000000c0000000|  0%| F|  |TAMS 0x00000000bf000000| PB 0x00000000bf000000| Untracked 
|  32|0x00000000c0000000, 0x00000000c0000000, 0x00000000c1000000|  0%| F|  |TAMS 0x00000000c0000000| PB 0x00000000c0000000| Untracked 
|  33|0x00000000c1000000, 0x00000000c1000000, 0x00000000c2000000|  0%| F|  |TAMS 0x00000000c1000000| PB 0x00000000c1000000| Untracked 
|  34|0x00000000c2000000, 0x00000000c2000000, 0x00000000c3000000|  0%| F|  |TAMS 0x00000000c2000000| PB 0x00000000c2000000| Untracked 
|  35|0x00000000c3000000, 0x00000000c3000000, 0x00000000c4000000|  0%| F|  |TAMS 0x00000000c3000000| PB 0x00000000c3000000| Untracked 
|  36|0x00000000c4000000, 0x00000000c4000000, 0x00000000c5000000|  0%| F|  |TAMS 0x00000000c4000000| PB 0x00000000c4000000| Untracked 
|  37|0x00000000c5000000, 0x00000000c5000000, 0x00000000c6000000|  0%| F|  |TAMS 0x00000000c5000000| PB 0x00000000c5000000| Untracked 
|  38|0x00000000c6000000, 0x00000000c6000000, 0x00000000c7000000|  0%| F|  |TAMS 0x00000000c6000000| PB 0x00000000c6000000| Untracked 
|  39|0x00000000c7000000, 0x00000000c7000000, 0x00000000c8000000|  0%| F|  |TAMS 0x00000000c7000000| PB 0x00000000c7000000| Untracked 
|  40|0x00000000c8000000, 0x00000000c8000000, 0x00000000c9000000|  0%| F|  |TAMS 0x00000000c8000000| PB 0x00000000c8000000| Untracked 
|  41|0x00000000c9000000, 0x00000000c9000000, 0x00000000ca000000|  0%| F|  |TAMS 0x00000000c9000000| PB 0x00000000c9000000| Untracked 
|  42|0x00000000ca000000, 0x00000000ca000000, 0x00000000cb000000|  0%| F|  |TAMS 0x00000000ca000000| PB 0x00000000ca000000| Untracked 
|  43|0x00000000cb000000, 0x00000000cb000000, 0x00000000cc000000|  0%| F|  |TAMS 0x00000000cb000000| PB 0x00000000cb000000| Untracked 
|  44|0x00000000cc000000, 0x00000000cc000000, 0x00000000cd000000|  0%| F|  |TAMS 0x00000000cc000000| PB 0x00000000cc000000| Untracked 
|  45|0x00000000cd000000, 0x00000000cd000000, 0x00000000ce000000|  0%| F|  |TAMS 0x00000000cd000000| PB 0x00000000cd000000| Untracked 
|  46|0x00000000ce000000, 0x00000000ce000000, 0x00000000cf000000|  0%| F|  |TAMS 0x00000000ce000000| PB 0x00000000ce000000| Untracked 
|  47|0x00000000cf000000, 0x00000000cf000000, 0x00000000d0000000|  0%| F|  |TAMS 0x00000000cf000000| PB 0x00000000cf000000| Untracked 
|  48|0x00000000d0000000, 0x00000000d0000000, 0x00000000d1000000|  0%| F|  |TAMS 0x00000000d0000000| PB 0x00000000d0000000| Untracked 
|  49|0x00000000d1000000, 0x00000000d1000000, 0x00000000d2000000|  0%| F|  |TAMS 0x00000000d1000000| PB 0x00000000d1000000| Untracked 
|  50|0x00000000d2000000, 0x00000000d2000000, 0x00000000d3000000|  0%| F|  |TAMS 0x00000000d2000000| PB 0x00000000d2000000| Untracked 
|  51|0x00000000d3000000, 0x00000000d3000000, 0x00000000d4000000|  0%| F|  |TAMS 0x00000000d3000000| PB 0x00000000d3000000| Untracked 
|  52|0x00000000d4000000, 0x00000000d4000000, 0x00000000d5000000|  0%| F|  |TAMS 0x00000000d4000000| PB 0x00000000d4000000| Untracked 
|  53|0x00000000d5000000, 0x00000000d5000000, 0x00000000d6000000|  0%| F|  |TAMS 0x00000000d5000000| PB 0x00000000d5000000| Untracked 
|  54|0x00000000d6000000, 0x00000000d6000000, 0x00000000d7000000|  0%| F|  |TAMS 0x00000000d6000000| PB 0x00000000d6000000| Untracked 
|  55|0x00000000d7000000, 0x00000000d7000000, 0x00000000d8000000|  0%| F|  |TAMS 0x00000000d7000000| PB 0x00000000d7000000| Untracked 
|  56|0x00000000d8000000, 0x00000000d8000000, 0x00000000d9000000|  0%| F|  |TAMS 0x00000000d8000000| PB 0x00000000d8000000| Untracked 
|  57|0x00000000d9000000, 0x00000000d9000000, 0x00000000da000000|  0%| F|  |TAMS 0x00000000d9000000| PB 0x00000000d9000000| Untracked 
|  58|0x00000000da000000, 0x00000000da000000, 0x00000000db000000|  0%| F|  |TAMS 0x00000000da000000| PB 0x00000000da000000| Untracked 
|  59|0x00000000db000000, 0x00000000db000000, 0x00000000dc000000|  0%| F|  |TAMS 0x00000000db000000| PB 0x00000000db000000| Untracked 
|  60|0x00000000dc000000, 0x00000000dc000000, 0x00000000dd000000|  0%| F|  |TAMS 0x00000000dc000000| PB 0x00000000dc000000| Untracked 
|  61|0x00000000dd000000, 0x00000000dd000000, 0x00000000de000000|  0%| F|  |TAMS 0x00000000dd000000| PB 0x00000000dd000000| Untracked 
|  62|0x00000000de000000, 0x00000000de000000, 0x00000000df000000|  0%| F|  |TAMS 0x00000000de000000| PB 0x00000000de000000| Untracked 
|  63|0x00000000df000000, 0x00000000df000000, 0x00000000e0000000|  0%| F|  |TAMS 0x00000000df000000| PB 0x00000000df000000| Untracked 
|  64|0x00000000e0000000, 0x00000000e0000000, 0x00000000e1000000|  0%| F|  |TAMS 0x00000000e0000000| PB 0x00000000e0000000| Untracked 
|  65|0x00000000e1000000, 0x00000000e1000000, 0x00000000e2000000|  0%| F|  |TAMS 0x00000000e1000000| PB 0x00000000e1000000| Untracked 
|  66|0x00000000e2000000, 0x00000000e2000000, 0x00000000e3000000|  0%| F|  |TAMS 0x00000000e2000000| PB 0x00000000e2000000| Untracked 
|  67|0x00000000e3000000, 0x00000000e3000000, 0x00000000e4000000|  0%| F|  |TAMS 0x00000000e3000000| PB 0x00000000e3000000| Untracked 
|  68|0x00000000e4000000, 0x00000000e4000000, 0x00000000e5000000|  0%| F|  |TAMS 0x00000000e4000000| PB 0x00000000e4000000| Untracked 
|  69|0x00000000e5000000, 0x00000000e5000000, 0x00000000e6000000|  0%| F|  |TAMS 0x00000000e5000000| PB 0x00000000e5000000| Untracked 
|  70|0x00000000e6000000, 0x00000000e6000000, 0x00000000e7000000|  0%| F|  |TAMS 0x00000000e6000000| PB 0x00000000e6000000| Untracked 
|  71|0x00000000e7000000, 0x00000000e7000000, 0x00000000e8000000|  0%| F|  |TAMS 0x00000000e7000000| PB 0x00000000e7000000| Untracked 
|  72|0x00000000e8000000, 0x00000000e8000000, 0x00000000e9000000|  0%| F|  |TAMS 0x00000000e8000000| PB 0x00000000e8000000| Untracked 
|  73|0x00000000e9000000, 0x00000000e9000000, 0x00000000ea000000|  0%| F|  |TAMS 0x00000000e9000000| PB 0x00000000e9000000| Untracked 
|  74|0x00000000ea000000, 0x00000000ea000000, 0x00000000eb000000|  0%| F|  |TAMS 0x00000000ea000000| PB 0x00000000ea000000| Untracked 
|  75|0x00000000eb000000, 0x00000000eb000000, 0x00000000ec000000|  0%| F|  |TAMS 0x00000000eb000000| PB 0x00000000eb000000| Untracked 
|  76|0x00000000ec000000, 0x00000000ec000000, 0x00000000ed000000|  0%| F|  |TAMS 0x00000000ec000000| PB 0x00000000ec000000| Untracked 
|  77|0x00000000ed000000, 0x00000000ed000000, 0x00000000ee000000|  0%| F|  |TAMS 0x00000000ed000000| PB 0x00000000ed000000| Untracked 
|  78|0x00000000ee000000, 0x00000000ee000000, 0x00000000ef000000|  0%| F|  |TAMS 0x00000000ee000000| PB 0x00000000ee000000| Untracked 
|  79|0x00000000ef000000, 0x00000000ef000000, 0x00000000f0000000|  0%| F|  |TAMS 0x00000000ef000000| PB 0x00000000ef000000| Untracked 
|  80|0x00000000f0000000, 0x00000000f0000000, 0x00000000f1000000|  0%| F|  |TAMS 0x00000000f0000000| PB 0x00000000f0000000| Untracked 
|  81|0x00000000f1000000, 0x00000000f1000000, 0x00000000f2000000|  0%| F|  |TAMS 0x00000000f1000000| PB 0x00000000f1000000| Untracked 
|  82|0x00000000f2000000, 0x00000000f2000000, 0x00000000f3000000|  0%| F|  |TAMS 0x00000000f2000000| PB 0x00000000f2000000| Untracked 
|  83|0x00000000f3000000, 0x00000000f3000000, 0x00000000f4000000|  0%| F|  |TAMS 0x00000000f3000000| PB 0x00000000f3000000| Untracked 
|  84|0x00000000f4000000, 0x00000000f4000000, 0x00000000f5000000|  0%| F|  |TAMS 0x00000000f4000000| PB 0x00000000f4000000| Untracked 
|  85|0x00000000f5000000, 0x00000000f5000000, 0x00000000f6000000|  0%| F|  |TAMS 0x00000000f5000000| PB 0x00000000f5000000| Untracked 
|  86|0x00000000f6000000, 0x00000000f6000000, 0x00000000f7000000|  0%| F|  |TAMS 0x00000000f6000000| PB 0x00000000f6000000| Untracked 
|  87|0x00000000f7000000, 0x00000000f7000000, 0x00000000f8000000|  0%| F|  |TAMS 0x00000000f7000000| PB 0x00000000f7000000| Untracked 
|  88|0x00000000f8000000, 0x00000000f8000000, 0x00000000f9000000|  0%| F|  |TAMS 0x00000000f8000000| PB 0x00000000f8000000| Untracked 
|  89|0x00000000f9000000, 0x00000000f9000000, 0x00000000fa000000|  0%| F|  |TAMS 0x00000000f9000000| PB 0x00000000f9000000| Untracked 
|  90|0x00000000fa000000, 0x00000000fa000000, 0x00000000fb000000|  0%| F|  |TAMS 0x00000000fa000000| PB 0x00000000fa000000| Untracked 
|  91|0x00000000fb000000, 0x00000000fb000000, 0x00000000fc000000|  0%| F|  |TAMS 0x00000000fb000000| PB 0x00000000fb000000| Untracked 
|  92|0x00000000fc000000, 0x00000000fc000000, 0x00000000fd000000|  0%| F|  |TAMS 0x00000000fc000000| PB 0x00000000fc000000| Untracked 
|  93|0x00000000fd000000, 0x00000000fd000000, 0x00000000fe000000|  0%| F|  |TAMS 0x00000000fd000000| PB 0x00000000fd000000| Untracked 
|  94|0x00000000fe000000, 0x00000000fe000000, 0x00000000ff000000|  0%| F|  |TAMS 0x00000000fe000000| PB 0x00000000fe000000| Untracked 
|  95|0x00000000ff000000, 0x00000000ff000000, 0x0000000100000000|  0%| F|  |TAMS 0x00000000ff000000| PB 0x00000000ff000000| Untracked 
|  96|0x0000000100000000, 0x0000000100000000, 0x0000000101000000|  0%| F|  |TAMS 0x0000000100000000| PB 0x0000000100000000| Untracked 
|  97|0x0000000101000000, 0x0000000101000000, 0x0000000102000000|  0%| F|  |TAMS 0x0000000101000000| PB 0x0000000101000000| Untracked 
|  98|0x0000000102000000, 0x0000000102000000, 0x0000000103000000|  0%| F|  |TAMS 0x0000000102000000| PB 0x0000000102000000| Untracked 
|  99|0x0000000103000000, 0x0000000103000000, 0x0000000104000000|  0%| F|  |TAMS 0x0000000103000000| PB 0x0000000103000000| Untracked 
| 100|0x0000000104000000, 0x0000000104000000, 0x0000000105000000|  0%| F|  |TAMS 0x0000000104000000| PB 0x0000000104000000| Untracked 
| 101|0x0000000105000000, 0x0000000105000000, 0x0000000106000000|  0%| F|  |TAMS 0x0000000105000000| PB 0x0000000105000000| Untracked 
| 102|0x0000000106000000, 0x0000000106000000, 0x0000000107000000|  0%| F|  |TAMS 0x0000000106000000| PB 0x0000000106000000| Untracked 
| 103|0x0000000107000000, 0x0000000107000000, 0x0000000108000000|  0%| F|  |TAMS 0x0000000107000000| PB 0x0000000107000000| Untracked 
| 104|0x0000000108000000, 0x0000000108000000, 0x0000000109000000|  0%| F|  |TAMS 0x0000000108000000| PB 0x0000000108000000| Untracked 
| 105|0x0000000109000000, 0x0000000109000000, 0x000000010a000000|  0%| F|  |TAMS 0x0000000109000000| PB 0x0000000109000000| Untracked 
| 106|0x000000010a000000, 0x000000010a000000, 0x000000010b000000|  0%| F|  |TAMS 0x000000010a000000| PB 0x000000010a000000| Untracked 
| 107|0x000000010b000000, 0x000000010b000000, 0x000000010c000000|  0%| F|  |TAMS 0x000000010b000000| PB 0x000000010b000000| Untracked 
| 108|0x000000010c000000, 0x000000010c000000, 0x000000010d000000|  0%| F|  |TAMS 0x000000010c000000| PB 0x000000010c000000| Untracked 
| 109|0x000000010d000000, 0x000000010d000000, 0x000000010e000000|  0%| F|  |TAMS 0x000000010d000000| PB 0x000000010d000000| Untracked 
| 110|0x000000010e000000, 0x000000010e000000, 0x000000010f000000|  0%| F|  |TAMS 0x000000010e000000| PB 0x000000010e000000| Untracked 
| 111|0x000000010f000000, 0x000000010f000000, 0x0000000110000000|  0%| F|  |TAMS 0x000000010f000000| PB 0x000000010f000000| Untracked 
| 112|0x0000000110000000, 0x0000000110000000, 0x0000000111000000|  0%| F|  |TAMS 0x0000000110000000| PB 0x0000000110000000| Untracked 
| 113|0x0000000111000000, 0x0000000111000000, 0x0000000112000000|  0%| F|  |TAMS 0x0000000111000000| PB 0x0000000111000000| Untracked 
| 114|0x0000000112000000, 0x0000000112000000, 0x0000000113000000|  0%| F|  |TAMS 0x0000000112000000| PB 0x0000000112000000| Untracked 
| 115|0x0000000113000000, 0x0000000113000000, 0x0000000114000000|  0%| F|  |TAMS 0x0000000113000000| PB 0x0000000113000000| Untracked 
| 116|0x0000000114000000, 0x0000000114000000, 0x0000000115000000|  0%| F|  |TAMS 0x0000000114000000| PB 0x0000000114000000| Untracked 
| 117|0x0000000115000000, 0x0000000115000000, 0x0000000116000000|  0%| F|  |TAMS 0x0000000115000000| PB 0x0000000115000000| Untracked 
| 118|0x0000000116000000, 0x0000000116000000, 0x0000000117000000|  0%| F|  |TAMS 0x0000000116000000| PB 0x0000000116000000| Untracked 
| 119|0x0000000117000000, 0x0000000117000000, 0x0000000118000000|  0%| F|  |TAMS 0x0000000117000000| PB 0x0000000117000000| Untracked 
| 120|0x0000000118000000, 0x0000000118000000, 0x0000000119000000|  0%| F|  |TAMS 0x0000000118000000| PB 0x0000000118000000| Untracked 
| 121|0x0000000119000000, 0x0000000119000000, 0x000000011a000000|  0%| F|  |TAMS 0x0000000119000000| PB 0x0000000119000000| Untracked 
| 122|0x000000011a000000, 0x000000011a000000, 0x000000011b000000|  0%| F|  |TAMS 0x000000011a000000| PB 0x000000011a000000| Untracked 
| 123|0x000000011b000000, 0x000000011b000000, 0x000000011c000000|  0%| F|  |TAMS 0x000000011b000000| PB 0x000000011b000000| Untracked 
| 124|0x000000011c000000, 0x000000011c000000, 0x000000011d000000|  0%| F|  |TAMS 0x000000011c000000| PB 0x000000011c000000| Untracked 
| 125|0x000000011d000000, 0x000000011d000000, 0x000000011e000000|  0%| F|  |TAMS 0x000000011d000000| PB 0x000000011d000000| Untracked 
| 126|0x000000011e000000, 0x000000011e000000, 0x000000011f000000|  0%| F|  |TAMS 0x000000011e000000| PB 0x000000011e000000| Untracked 
| 127|0x000000011f000000, 0x000000011f5c2978, 0x0000000120000000| 36%| E|  |TAMS 0x000000011f000000| PB 0x000000011f000000| Complete 
|1887|0x00000007ff000000, 0x00000007ff10b388, 0x0000000800000000|  6%| O|  |TAMS 0x00000007ff000000| PB 0x00000007ff000000| Untracked 

Card table byte_map: [0x00007f3fa7a1d000,0x00007f3fab51d000] _byte_map_base: 0x00007f3fa751d000

Marking Bits: (CMBitMap*) 0x00007f3fbc069de0
 Bits: [0x00007f3f8a21d000, 0x00007f3fa7a1d000)

Polling page: 0x00007f3fc6247000

Metaspace:

Usage:
  Non-class:    153.25 KB used.
      Class:      9.55 KB used.
       Both:    162.80 KB used.

Virtual space:
  Non-class space:       64.00 MB reserved,     256.00 KB ( <1%) committed,  1 nodes.
      Class space:        1.00 GB reserved,     128.00 KB ( <1%) committed,  1 nodes.
             Both:        1.06 GB reserved,     384.00 KB ( <1%) committed. 

Chunk freelists:
   Non-Class:  11.99 MB
       Class:  15.75 MB
        Both:  27.73 MB

MaxMetaspaceSize: unlimited
CompressedClassSpaceSize: 1.00 GB
Initial GC threshold: 21.00 MB
Current GC threshold: 21.00 MB
CDS: on
 - commit_granule_bytes: 65536.
 - commit_granule_words: 8192.
 - virtual_space_node_default_size: 8388608.
 - enlarge_chunks_in_place: 1.
 - use_allocation_guard: 0.


Internal statistics:

num_allocs: 2474.
num_deallocs: 12.
num_allocs_from_deallocated_blocks: 10.
num_chunks_retired: 2.
num_allocs_failed_limit: 0.
num_arena_births: 6.
num_arena_deaths: 0.
num_vsnodes_births: 2.
num_vsnodes_deaths: 0.
num_space_committed: 6.
num_space_uncommitted: 0.
num_chunks_returned_to_freelist: 0.
num_chunks_taken_from_freelist: 9.
num_chunk_merges: 0.
num_chunk_splits: 4.
num_chunks_enlarged: 2.
num_inconsistent_stats: 0.

CodeCache: size=49152Kb used=1381Kb max_used=1381Kb free=47770Kb
 bounds [0x00007f3fc02be000, 0x00007f3fc052e000, 0x00007f3fc32be000]
 total_blobs=761 nmethods=12 adapters=695
 compilation: enabled
              stopped_count=0, restarted_count=0
 full_count=0

Compilation events (1 events):
Event: 18.267 Thread 0x00007f3fbc3386b0   13             unsafe_bug::helper (70 bytes)

GC Heap History (0 events):
No events

Dll operation events (2 events):
Event: 16.569 Loaded shared library /home/jatinbha/sandboxes/lworld/valhalla/build/linux-x86_64-server-slowdebug/images/jdk/lib/libjava.so
Event: 18.042 Loaded shared library /home/jatinbha/sandboxes/lworld/valhalla/build/linux-x86_64-server-slowdebug/images/jdk/lib/libjsvml.so

Deoptimization events (0 events):
No events

Classes loaded (14 events):
Event: 18.005 Loading class sun/nio/cs/UTF_8$Encoder
Event: 18.005 Loading class sun/nio/cs/UTF_8$Encoder done
Event: 18.161 Loading class java/lang/WeakPairMap$Pair$Weak
Event: 18.161 Loading class java/lang/WeakPairMap$WeakRefPeer
Event: 18.161 Loading class java/lang/WeakPairMap$WeakRefPeer done
Event: 18.161 Loading class java/lang/WeakPairMap$Pair$Weak done
Event: 18.162 Loading class java/lang/WeakPairMap$Pair$Weak$1
Event: 18.162 Loading class java/lang/WeakPairMap$Pair$Weak$1 done
Event: 18.167 Loading class jdk/internal/vm/PostVMInitHook
Event: 18.167 Loading class jdk/internal/vm/PostVMInitHook done
Event: 18.169 Loading class jdk/internal/loader/URLClassPath$FileLoader
Event: 18.169 Loading class jdk/internal/loader/URLClassPath$FileLoader done
Event: 18.171 Loading class jdk/internal/loader/URLClassPath$FileLoader$1
Event: 18.171 Loading class jdk/internal/loader/URLClassPath$FileLoader$1 done

Classes unloaded (0 events):
No events

Classes redefined (0 events):
No events

Internal exceptions (0 events):
No events

ZGC Phase Switch (0 events):
No events

VM Operations (0 events):
No events

Events (18 events):
Event: 16.552 Protecting memory [0x00007f3fc331a000,0x00007f3fc331e000] with protection modes 0
Event: 17.849 Thread 0x00007f3fbc02a550 Thread added: 0x00007f3fbc02a550
Event: 18.017 Thread 0x00007f3fbc32fea0 Thread added: 0x00007f3fbc32fea0
Event: 18.017 Protecting memory [0x00007f3f765db000,0x00007f3f765df000] with protection modes 0
Event: 18.018 Thread 0x00007f3fbc3317b0 Thread added: 0x00007f3fbc3317b0
Event: 18.018 Protecting memory [0x00007f3f764da000,0x00007f3f764de000] with protection modes 0
Event: 18.020 Thread 0x00007f3fbc333720 Thread added: 0x00007f3fbc333720
Event: 18.020 Protecting memory [0x00007f3f763d9000,0x00007f3f763dd000] with protection modes 0
Event: 18.020 Thread 0x00007f3fbc335070 Thread added: 0x00007f3fbc335070
Event: 18.020 Protecting memory [0x00007f3f762d8000,0x00007f3f762dc000] with protection modes 0
Event: 18.020 Thread 0x00007f3fbc336880 Thread added: 0x00007f3fbc336880
Event: 18.020 Protecting memory [0x00007f3f761d7000,0x00007f3f761db000] with protection modes 0
Event: 18.020 Thread 0x00007f3fbc3386b0 Thread added: 0x00007f3fbc3386b0
Event: 18.020 Protecting memory [0x00007f3f760d6000,0x00007f3f760da000] with protection modes 0
Event: 18.157 Thread 0x00007f3fbc3be090 Thread added: 0x00007f3fbc3be090
Event: 18.157 Protecting memory [0x00007f3f75f05000,0x00007f3f75f09000] with protection modes 0
Event: 18.167 Thread 0x00007f3fbc3c27b0 Thread added: 0x00007f3fbc3c27b0
Event: 18.167 Protecting memory [0x00007f3f75e04000,0x00007f3f75e08000] with protection modes 0


Dynamic libraries:
a0000000-120000000 rw-p 00000000 00:00 0 
120000000-7ff000000 ---p 00000000 00:00 0 
7ff000000-7ff10c000 rw-p 00ded000 08:02 24642544                         /home/jatinbha/sandboxes/lworld/valhalla/build/linux-x86_64-server-slowdebug/images/jdk/lib/server/classes.jsa
7ff10c000-800000000 rw-p 00000000 00:00 0 
5555faf4e000-5555faf4f000 r--p 00000000 08:02 24641860                   /home/jatinbha/sandboxes/lworld/valhalla/build/linux-x86_64-server-slowdebug/images/jdk/bin/java
5555faf4f000-5555faf50000 r-xp 00001000 08:02 24641860                   /home/jatinbha/sandboxes/lworld/valhalla/build/linux-x86_64-server-slowdebug/images/jdk/bin/java
5555faf50000-5555faf51000 r--p 00002000 08:02 24641860                   /home/jatinbha/sandboxes/lworld/valhalla/build/linux-x86_64-server-slowdebug/images/jdk/bin/java
5555faf51000-5555faf52000 r--p 00002000 08:02 24641860                   /home/jatinbha/sandboxes/lworld/valhalla/build/linux-x86_64-server-slowdebug/images/jdk/bin/java
5555faf52000-5555faf53000 rw-p 00003000 08:02 24641860                   /home/jatinbha/sandboxes/lworld/valhalla/build/linux-x86_64-server-slowdebug/images/jdk/bin/java
5555fbaf6000-5555fbb3c000 rw-p 00000000 00:00 0                          [heap]
7f3efc000000-7f3efc021000 rw-p 00000000 00:00 0 
7f3efc021000-7f3f00000000 ---p 00000000 00:00 0 
7f3f00000000-7f3f00021000 rw-p 00000000 00:00 0 
7f3f00021000-7f3f04000000 ---p 00000000 00:00 0 
7f3f04000000-7f3f04021000 rw-p 00000000 00:00 0 
7f3f04021000-7f3f08000000 ---p 00000000 00:00 0 
7f3f08000000-7f3f0807e000 rw-p 00000000 00:00 0 
7f3f0807e000-7f3f0c000000 ---p 00000000 00:00 0 
7f3f0c000000-7f3f0c021000 rw-p 00000000 00:00 0 
7f3f0c021000-7f3f10000000 ---p 00000000 00:00 0 
7f3f10000000-7f3f10021000 rw-p 00000000 00:00 0 
7f3f10021000-7f3f14000000 ---p 00000000 00:00 0 
7f3f14000000-7f3f14021000 rw-p 00000000 00:00 0 
7f3f14021000-7f3f18000000 ---p 00000000 00:00 0 
7f3f18000000-7f3f18021000 rw-p 00000000 00:00 0 
7f3f18021000-7f3f1c000000 ---p 00000000 00:00 0 
7f3f1c000000-7f3f1c021000 rw-p 00000000 00:00 0 
7f3f1c021000-7f3f20000000 ---p 00000000 00:00 0 
7f3f23000000-7f3f23030000 rw-p 00000000 00:00 0 
7f3f23030000-7f3f23400000 ---p 00000000 00:00 0 
7f3f23400000-7f3f23410000 rw-p 00000000 00:00 0 
7f3f23410000-7f3f27000000 ---p 00000000 00:00 0 
7f3f27000000-7f3f27da9000 rw-p 00001000 08:02 24642544                   /home/jatinbha/sandboxes/lworld/valhalla/build/linux-x86_64-server-slowdebug/images/jdk/lib/server/classes.jsa
7f3f27da9000-7f3f28000000 ---p 00000000 00:00 0 
7f3f28000000-7f3f28010000 rw-p 00000000 00:00 0 
7f3f28010000-7f3f28040000 ---p 00000000 00:00 0 
7f3f28040000-7f3f28050000 rw-p 00000000 00:00 0 
7f3f28050000-7f3f68000000 ---p 00000000 00:00 0 
7f3f68000000-7f3f68021000 rw-p 00000000 00:00 0 
7f3f68021000-7f3f6c000000 ---p 00000000 00:00 0 
7f3f6c000000-7f3f6c021000 rw-p 00000000 00:00 0 
7f3f6c021000-7f3f70000000 ---p 00000000 00:00 0 
7f3f70000000-7f3f70021000 rw-p 00000000 00:00 0 
7f3f70021000-7f3f74000000 ---p 00000000 00:00 0 
7f3f747c1000-7f3f75e04000 rw-p 00000000 00:00 0 
7f3f75e04000-7f3f75e08000 ---p 00000000 00:00 0 
7f3f75e08000-7f3f75f05000 rw-p 00000000 00:00 0 
7f3f75f05000-7f3f75f09000 ---p 00000000 00:00 0 
7f3f75f09000-7f3f76006000 rw-p 00000000 00:00 0 
7f3f76006000-7f3f7600a000 r--p 00000000 08:02 24641926                   /home/jatinbha/sandboxes/lworld/valhalla/build/linux-x86_64-server-slowdebug/images/jdk/lib/libjsvml.so
7f3f7600a000-7f3f7604b000 r-xp 00004000 08:02 24641926                   /home/jatinbha/sandboxes/lworld/valhalla/build/linux-x86_64-server-slowdebug/images/jdk/lib/libjsvml.so
7f3f7604b000-7f3f760d4000 r--p 00045000 08:02 24641926                   /home/jatinbha/sandboxes/lworld/valhalla/build/linux-x86_64-server-slowdebug/images/jdk/lib/libjsvml.so
7f3f760d4000-7f3f760d5000 r--p 000cd000 08:02 24641926                   /home/jatinbha/sandboxes/lworld/valhalla/build/linux-x86_64-server-slowdebug/images/jdk/lib/libjsvml.so
7f3f760d5000-7f3f760d6000 rw-p 000ce000 08:02 24641926                   /home/jatinbha/sandboxes/lworld/valhalla/build/linux-x86_64-server-slowdebug/images/jdk/lib/libjsvml.so
7f3f760d6000-7f3f760da000 ---p 00000000 00:00 0 
7f3f760da000-7f3f761d7000 rw-p 00000000 00:00 0 
7f3f761d7000-7f3f761db000 ---p 00000000 00:00 0 
7f3f761db000-7f3f762d8000 rw-p 00000000 00:00 0 
7f3f762d8000-7f3f762dc000 ---p 00000000 00:00 0 
7f3f762dc000-7f3f763d9000 rw-p 00000000 00:00 0 
7f3f763d9000-7f3f763dd000 ---p 00000000 00:00 0 
7f3f763dd000-7f3f764da000 rw-p 00000000 00:00 0 
7f3f764da000-7f3f764de000 ---p 00000000 00:00 0 
7f3f764de000-7f3f765db000 rw-p 00000000 00:00 0 
7f3f765db000-7f3f765df000 ---p 00000000 00:00 0 
7f3f765df000-7f3f766dc000 rw-p 00000000 00:00 0 
7f3f766dc000-7f3f76c4c000 r--p 00000000 08:02 7078745                    /usr/lib/locale/locale-archive
7f3f76c4c000-7f3f76c4d000 ---p 00000000 00:00 0 
7f3f76c4d000-7f3f76d4d000 rw-p 00000000 00:00 0 
7f3f76d4d000-7f3f76d4e000 ---p 00000000 00:00 0 
7f3f76d4e000-7f3f76ecf000 rw-p 00000000 00:00 0 
7f3f76ecf000-7f3f76ed0000 ---p 00000000 00:00 0 
7f3f76ed0000-7f3f76fd0000 rw-p 00000000 00:00 0 
7f3f76fd0000-7f3f76fd1000 ---p 00000000 00:00 0 
7f3f76fd1000-7f3f7c000000 rw-p 00000000 00:00 0 
7f3f7c000000-7f3f7c021000 rw-p 00000000 00:00 0 
7f3f7c021000-7f3f80000000 ---p 00000000 00:00 0 
7f3f80000000-7f3f80021000 rw-p 00000000 00:00 0 
7f3f80021000-7f3f84000000 ---p 00000000 00:00 0 
7f3f84000000-7f3f84021000 rw-p 00000000 00:00 0 
7f3f84021000-7f3f88000000 ---p 00000000 00:00 0 
7f3f8803f000-7f3f89ab4000 rw-p 00000000 00:00 0 
7f3f89ab4000-7f3f89ab5000 ---p 00000000 00:00 0 
7f3f89ab5000-7f3f89bb5000 rw-p 00000000 00:00 0 
7f3f89bb5000-7f3f89bb6000 ---p 00000000 00:00 0 
7f3f89bb6000-7f3f89cb6000 rw-p 00000000 00:00 0 
7f3f89cb6000-7f3f89cb7000 ---p 00000000 00:00 0 
7f3f89cb7000-7f3f8c21d000 rw-p 00000000 00:00 0 
7f3f8c21d000-7f3fa79dd000 ---p 00000000 00:00 0 
7f3fa79dd000-7f3fa7e1d000 rw-p 00000000 00:00 0 
7f3fa7e1d000-7f3fab515000 ---p 00000000 00:00 0 
7f3fab515000-7f3fab91d000 rw-p 00000000 00:00 0 
7f3fab91d000-7f3faf015000 ---p 00000000 00:00 0 
7f3faf015000-7f3fb3851000 rw-p 00000000 00:00 0 
7f3fb3851000-7f3fbc000000 r--s 00000000 08:02 24641831                   /home/jatinbha/sandboxes/lworld/valhalla/build/linux-x86_64-server-slowdebug/images/jdk/lib/modules
7f3fbc000000-7f3fbc3cb000 rw-p 00000000 00:00 0 
7f3fbc3cb000-7f3fc0000000 ---p 00000000 00:00 0 
7f3fc0014000-7f3fc001b000 r--s 00000000 08:02 7736501                    /usr/lib/x86_64-linux-gnu/gconv/gconv-modules.cache
7f3fc001b000-7f3fc0263000 rw-p 00000000 00:00 0 
7f3fc0263000-7f3fc02be000 ---p 00000000 00:00 0 
7f3fc02be000-7f3fc052e000 rwxp 00000000 00:00 0 
7f3fc052e000-7f3fc32be000 ---p 00000000 00:00 0 
7f3fc32be000-7f3fc32cb000 r--p 00000000 08:02 24641867                   /home/jatinbha/sandboxes/lworld/valhalla/build/linux-x86_64-server-slowdebug/images/jdk/lib/libjava.so
7f3fc32cb000-7f3fc32e2000 r-xp 0000d000 08:02 24641867                   /home/jatinbha/sandboxes/lworld/valhalla/build/linux-x86_64-server-slowdebug/images/jdk/lib/libjava.so
7f3fc32e2000-7f3fc32e8000 r--p 00024000 08:02 24641867                   /home/jatinbha/sandboxes/lworld/valhalla/build/linux-x86_64-server-slowdebug/images/jdk/lib/libjava.so
7f3fc32e8000-7f3fc32e9000 ---p 0002a000 08:02 24641867                   /home/jatinbha/sandboxes/lworld/valhalla/build/linux-x86_64-server-slowdebug/images/jdk/lib/libjava.so
7f3fc32e9000-7f3fc32ea000 r--p 0002a000 08:02 24641867                   /home/jatinbha/sandboxes/lworld/valhalla/build/linux-x86_64-server-slowdebug/images/jdk/lib/libjava.so
7f3fc32ea000-7f3fc32ec000 rw-p 0002b000 08:02 24641867                   /home/jatinbha/sandboxes/lworld/valhalla/build/linux-x86_64-server-slowdebug/images/jdk/lib/libjava.so
7f3fc32ec000-7f3fc32f4000 rw-s 00000000 08:02 3711455                    /tmp/hsperfdata_intel/919268
7f3fc32f4000-7f3fc32f8000 r--p 00000000 08:02 24641868                   /home/jatinbha/sandboxes/lworld/valhalla/build/linux-x86_64-server-slowdebug/images/jdk/lib/libjimage.so
7f3fc32f8000-7f3fc330f000 r-xp 00004000 08:02 24641868                   /home/jatinbha/sandboxes/lworld/valhalla/build/linux-x86_64-server-slowdebug/images/jdk/lib/libjimage.so
7f3fc330f000-7f3fc3316000 r--p 0001b000 08:02 24641868                   /home/jatinbha/sandboxes/lworld/valhalla/build/linux-x86_64-server-slowdebug/images/jdk/lib/libjimage.so
7f3fc3316000-7f3fc3317000 ---p 00022000 08:02 24641868                   /home/jatinbha/sandboxes/lworld/valhalla/build/linux-x86_64-server-slowdebug/images/jdk/lib/libjimage.so
7f3fc3317000-7f3fc3319000 r--p 00022000 08:02 24641868                   /home/jatinbha/sandboxes/lworld/valhalla/build/linux-x86_64-server-slowdebug/images/jdk/lib/libjimage.so
7f3fc3319000-7f3fc331a000 rw-p 00024000 08:02 24641868                   /home/jatinbha/sandboxes/lworld/valhalla/build/linux-x86_64-server-slowdebug/images/jdk/lib/libjimage.so
7f3fc331a000-7f3fc331e000 ---p 00000000 00:00 0 
7f3fc331e000-7f3fc341b000 rw-p 00000000 00:00 0 
7f3fc341b000-7f3fc342a000 r--p 00000000 08:02 7080075                    /usr/lib/x86_64-linux-gnu/libm-2.31.so
7f3fc342a000-7f3fc34d1000 r-xp 0000f000 08:02 7080075                    /usr/lib/x86_64-linux-gnu/libm-2.31.so
7f3fc34d1000-7f3fc3568000 r--p 000b6000 08:02 7080075                    /usr/lib/x86_64-linux-gnu/libm-2.31.so
7f3fc3568000-7f3fc3569000 r--p 0014c000 08:02 7080075                    /usr/lib/x86_64-linux-gnu/libm-2.31.so
7f3fc3569000-7f3fc356a000 rw-p 0014d000 08:02 7080075                    /usr/lib/x86_64-linux-gnu/libm-2.31.so
7f3fc356a000-7f3fc38df000 r--p 00000000 08:02 24641883                   /home/jatinbha/sandboxes/lworld/valhalla/build/linux-x86_64-server-slowdebug/images/jdk/lib/server/libjvm.so
7f3fc38df000-7f3fc4df7000 r-xp 00375000 08:02 24641883                   /home/jatinbha/sandboxes/lworld/valhalla/build/linux-x86_64-server-slowdebug/images/jdk/lib/server/libjvm.so
7f3fc4df7000-7f3fc5df1000 r--p 0188d000 08:02 24641883                   /home/jatinbha/sandboxes/lworld/valhalla/build/linux-x86_64-server-slowdebug/images/jdk/lib/server/libjvm.so
7f3fc5df1000-7f3fc5df2000 ---p 02887000 08:02 24641883                   /home/jatinbha/sandboxes/lworld/valhalla/build/linux-x86_64-server-slowdebug/images/jdk/lib/server/libjvm.so
7f3fc5df2000-7f3fc5efa000 r--p 02887000 08:02 24641883                   /home/jatinbha/sandboxes/lworld/valhalla/build/linux-x86_64-server-slowdebug/images/jdk/lib/server/libjvm.so
7f3fc5efa000-7f3fc5f45000 rw-p 0298f000 08:02 24641883                   /home/jatinbha/sandboxes/lworld/valhalla/build/linux-x86_64-server-slowdebug/images/jdk/lib/server/libjvm.so
7f3fc5f45000-7f3fc5ffc000 rw-p 00000000 00:00 0 
7f3fc5ffc000-7f3fc6003000 r--p 00000000 08:02 7080090                    /usr/lib/x86_64-linux-gnu/libpthread-2.31.so
7f3fc6003000-7f3fc6014000 r-xp 00007000 08:02 7080090                    /usr/lib/x86_64-linux-gnu/libpthread-2.31.so
7f3fc6014000-7f3fc6019000 r--p 00018000 08:02 7080090                    /usr/lib/x86_64-linux-gnu/libpthread-2.31.so
7f3fc6019000-7f3fc601a000 r--p 0001c000 08:02 7080090                    /usr/lib/x86_64-linux-gnu/libpthread-2.31.so
7f3fc601a000-7f3fc601b000 rw-p 0001d000 08:02 7080090                    /usr/lib/x86_64-linux-gnu/libpthread-2.31.so
7f3fc601b000-7f3fc601f000 rw-p 00000000 00:00 0 
7f3fc601f000-7f3fc6020000 r--p 00000000 08:02 7080074                    /usr/lib/x86_64-linux-gnu/libdl-2.31.so
7f3fc6020000-7f3fc6022000 r-xp 00001000 08:02 7080074                    /usr/lib/x86_64-linux-gnu/libdl-2.31.so
7f3fc6022000-7f3fc6023000 r--p 00003000 08:02 7080074                    /usr/lib/x86_64-linux-gnu/libdl-2.31.so
7f3fc6023000-7f3fc6024000 r--p 00003000 08:02 7080074                    /usr/lib/x86_64-linux-gnu/libdl-2.31.so
7f3fc6024000-7f3fc6025000 rw-p 00004000 08:02 7080074                    /usr/lib/x86_64-linux-gnu/libdl-2.31.so
7f3fc6025000-7f3fc6027000 r--p 00000000 08:02 7078082                    /usr/lib/x86_64-linux-gnu/libz.so.1.2.11
7f3fc6027000-7f3fc6038000 r-xp 00002000 08:02 7078082                    /usr/lib/x86_64-linux-gnu/libz.so.1.2.11
7f3fc6038000-7f3fc603e000 r--p 00013000 08:02 7078082                    /usr/lib/x86_64-linux-gnu/libz.so.1.2.11
7f3fc603e000-7f3fc603f000 ---p 00019000 08:02 7078082                    /usr/lib/x86_64-linux-gnu/libz.so.1.2.11
7f3fc603f000-7f3fc6040000 r--p 00019000 08:02 7078082                    /usr/lib/x86_64-linux-gnu/libz.so.1.2.11
7f3fc6040000-7f3fc6041000 rw-p 0001a000 08:02 7078082                    /usr/lib/x86_64-linux-gnu/libz.so.1.2.11
7f3fc6041000-7f3fc6066000 r--p 00000000 08:02 7080073                    /usr/lib/x86_64-linux-gnu/libc-2.31.so
7f3fc6066000-7f3fc61de000 r-xp 00025000 08:02 7080073                    /usr/lib/x86_64-linux-gnu/libc-2.31.so
7f3fc61de000-7f3fc6228000 r--p 0019d000 08:02 7080073                    /usr/lib/x86_64-linux-gnu/libc-2.31.so
7f3fc6228000-7f3fc6229000 ---p 001e7000 08:02 7080073                    /usr/lib/x86_64-linux-gnu/libc-2.31.so
7f3fc6229000-7f3fc622c000 r--p 001e7000 08:02 7080073                    /usr/lib/x86_64-linux-gnu/libc-2.31.so
7f3fc622c000-7f3fc622f000 rw-p 001ea000 08:02 7080073                    /usr/lib/x86_64-linux-gnu/libc-2.31.so
7f3fc622f000-7f3fc6233000 rw-p 00000000 00:00 0 
7f3fc6233000-7f3fc6236000 r--p 00000000 08:02 7080081                    /usr/lib/x86_64-linux-gnu/libnss_files-2.31.so
7f3fc6236000-7f3fc623d000 r-xp 00003000 08:02 7080081                    /usr/lib/x86_64-linux-gnu/libnss_files-2.31.so
7f3fc623d000-7f3fc623f000 r--p 0000a000 08:02 7080081                    /usr/lib/x86_64-linux-gnu/libnss_files-2.31.so
7f3fc623f000-7f3fc6240000 r--p 0000b000 08:02 7080081                    /usr/lib/x86_64-linux-gnu/libnss_files-2.31.so
7f3fc6240000-7f3fc6241000 rw-p 0000c000 08:02 7080081                    /usr/lib/x86_64-linux-gnu/libnss_files-2.31.so
7f3fc6241000-7f3fc6247000 rw-p 00000000 00:00 0 
7f3fc6247000-7f3fc6248000 ---p 00000000 00:00 0 
7f3fc6248000-7f3fc6249000 r--p 00000000 00:00 0 
7f3fc6249000-7f3fc624c000 r--p 00000000 08:02 24641869                   /home/jatinbha/sandboxes/lworld/valhalla/build/linux-x86_64-server-slowdebug/images/jdk/lib/libjli.so
7f3fc624c000-7f3fc625b000 r-xp 00003000 08:02 24641869                   /home/jatinbha/sandboxes/lworld/valhalla/build/linux-x86_64-server-slowdebug/images/jdk/lib/libjli.so
7f3fc625b000-7f3fc625f000 r--p 00012000 08:02 24641869                   /home/jatinbha/sandboxes/lworld/valhalla/build/linux-x86_64-server-slowdebug/images/jdk/lib/libjli.so
7f3fc625f000-7f3fc6260000 r--p 00015000 08:02 24641869                   /home/jatinbha/sandboxes/lworld/valhalla/build/linux-x86_64-server-slowdebug/images/jdk/lib/libjli.so
7f3fc6260000-7f3fc6261000 rw-p 00016000 08:02 24641869                   /home/jatinbha/sandboxes/lworld/valhalla/build/linux-x86_64-server-slowdebug/images/jdk/lib/libjli.so
7f3fc6261000-7f3fc6263000 rw-p 00000000 00:00 0 
7f3fc6263000-7f3fc6264000 r--p 00000000 08:02 7080069                    /usr/lib/x86_64-linux-gnu/ld-2.31.so
7f3fc6264000-7f3fc6287000 r-xp 00001000 08:02 7080069                    /usr/lib/x86_64-linux-gnu/ld-2.31.so
7f3fc6287000-7f3fc628f000 r--p 00024000 08:02 7080069                    /usr/lib/x86_64-linux-gnu/ld-2.31.so
7f3fc628f000-7f3fc6290000 rwxp 00000000 00:00 0 
7f3fc6290000-7f3fc6291000 r--p 0002c000 08:02 7080069                    /usr/lib/x86_64-linux-gnu/ld-2.31.so
7f3fc6291000-7f3fc6292000 rw-p 0002d000 08:02 7080069                    /usr/lib/x86_64-linux-gnu/ld-2.31.so
7f3fc6292000-7f3fc6293000 rw-p 00000000 00:00 0 
7fff21e95000-7fff21eb6000 rw-p 00000000 00:00 0                          [stack]
7fff21fde000-7fff21fe2000 r--p 00000000 00:00 0                          [vvar]
7fff21fe2000-7fff21fe4000 r-xp 00000000 00:00 0                          [vdso]
ffffffffff600000-ffffffffff601000 --xp 00000000 00:00 0                  [vsyscall]
Total number of mappings: 178


VM Arguments:
jvm_args: --add-exports=java.base/jdk.internal.misc=ALL-UNNAMED -XX:+EnablePrimitiveClasses -XX:+PauseAtStartup -XX:-TieredCompilation -XX:CompileOnly=unsafe_bug::helper 
java_command: unsafe_bug
java_class_path (initial): .
Launcher Type: SUN_STANDARD

[Global flags]
     intx CICompilerCount                          = 18                                        {product} {ergonomic}     Number of compiler threads to run
ccstrlist CompileOnly                              = unsafe_bug::helper                        {product} {command line}  List of methods (pkg/class.name) to restrict compilation to
     uint ConcGCThreads                            = 18                                        {product} {ergonomic}     Number of threads concurrent gc will use
     bool EnablePrimitiveClasses                   = true                                      {product} {command line}  Enable experimental Valhalla primitive classes
     uint G1ConcRefinementThreads                  = 73                                        {product} {ergonomic}     The number of parallel remembered set update threads. Will be set ergonomically by default.
   size_t G1HeapRegionSize                         = 16777216                                  {product} {ergonomic}     Size of the G1 regions.
    uintx GCDrainStackTargetSize                   = 64                                        {product} {ergonomic}     Number of entries we will try to leave on the stack during parallel gc
   size_t InitialHeapSize                          = 2147483648                                {product} {ergonomic}     Initial heap size (in bytes); zero means use ergonomics
   size_t MarkStackSize                            = 4194304                                   {product} {ergonomic}     Size of marking stack
   size_t MaxHeapSize                              = 31675383808                               {product} {ergonomic}     Maximum heap size (in bytes)
   size_t MaxNewSize                               = 18991808512                               {product} {ergonomic}     Maximum new generation size (in bytes), max_uintx means set ergonomically
   size_t MinHeapDeltaBytes                        = 16777216                                  {product} {ergonomic}     The minimum change in heap space due to GC (in bytes)
   size_t MinHeapSize                              = 16777216                                  {product} {ergonomic}     Minimum heap size (in bytes); zero means use ergonomics
    uintx NonNMethodCodeHeapSize                   = 4096                                   {pd product} {ergonomic}     Size of code heap with non-nmethods (in bytes)
    uintx NonProfiledCodeHeapSize                  = 0                                      {pd product} {ergonomic}     Size of code heap with non-profiled methods (in bytes)
     bool PauseAtStartup                           = true                                   {diagnostic} {command line}  Causes the VM to pause at startup time and wait for the pause file to be removed (default: ./vm.paused.<pid>)
    uintx ProfiledCodeHeapSize                     = 0                                      {pd product} {ergonomic}     Size of code heap with profiled methods (in bytes)
   size_t SoftMaxHeapSize                          = 31675383808                            {manageable} {ergonomic}     Soft limit for maximum heap size (in bytes)
     bool THPStackMitigation                       = false                                  {diagnostic} {ergonomic}     If THPs are unconditionally enabled on the system (mode "always"), the JVM will prevent THP from forming in thread stacks. When disabled, the absence of this mitigationallows THPs to form in thread stacks.
     bool TieredCompilation                        = false                                  {pd product} {command line}  Enable tiered compilation
     bool UseCompressedOops                        = true                           {product lp64_product} {ergonomic}   Use 32-bit object references in 64-bit VM. lp64_product means flag is always constant in 32 bit VM
     bool UseG1GC                                  = true                                      {product} {ergonomic}     Use the Garbage-First garbage collector

Logging:
Log output configuration:
 #0: stdout all=warning uptime,level,tags foldmultilines=false
 #1: stderr all=off uptime,level,tags foldmultilines=false

Environment Variables:
JAVA_HOME=/home/jatinbha/sandboxes/lworld/valhalla/build/linux-x86_64-server-slowdebug/images/jdk/
PATH=/home/jatinbha/sandboxes/lworld/valhalla/build/linux-x86_64-server-slowdebug/images/jdk//bin:/home/jatinbha/sandboxes/jdk/build/linux-x86_64-server-slowdebug/images/jdk//bin:/home/jatinbha/.local/bin:/home/jatinbha/bin:/home/jatinbha/sandboxes/llvm-project/llvm-project/llvm/build-dir/bin/:/home/jatinbha/softwares/cmake-3.26.3-linux-x86_64/bin:/home/jatinbha/softwares/jdk-17.0.2//bin:/home/jatinbha/softwares/thrift-0.16.0/bin:/home/jatinbha/softwares/jdk8u322-b06//bin:/home/jatinbha/softwares/jdk-17//bin:/home/jatinbha/softwares/apache-maven-3.6.3/bin:/home/jatinbha/sandboxes/skara/build/bin:/home/jatinbha/softwares/sde-external-9.27.0-2023-09-13-lin:/usr/local/sbin:/usr/local/bin:/usr/sbin:/usr/bin:/sbin:/bin:/usr/games:/usr/local/games:/snap/bin
LD_LIBRARY_PATH=/home/jatinbha/softwares:
SHELL=/bin/bash
LANG=en_IN
TERM=xterm-256color

Active Locale:
LC_ALL=en_IN
LC_COLLATE=en_IN
LC_CTYPE=en_IN
LC_MESSAGES=en_IN
LC_MONETARY=en_IN
LC_NUMERIC=en_IN
LC_TIME=en_IN

Signal Handlers:
   SIGSEGV: crash_handler in libjvm.so, mask=11100100010111111101111111111110, flags=SA_RESTART|SA_SIGINFO, unblocked
    SIGBUS: crash_handler in libjvm.so, mask=11100100010111111101111111111110, flags=SA_RESTART|SA_SIGINFO, unblocked
    SIGFPE: crash_handler in libjvm.so, mask=11100100010111111101111111111110, flags=SA_RESTART|SA_SIGINFO, unblocked
   SIGPIPE: javaSignalHandler in libjvm.so, mask=11100100010111111101111111111110, flags=SA_RESTART|SA_SIGINFO, unblocked
   SIGXFSZ: javaSignalHandler in libjvm.so, mask=11100100010111111101111111111110, flags=SA_RESTART|SA_SIGINFO, unblocked
    SIGILL: crash_handler in libjvm.so, mask=11100100010111111101111111111110, flags=SA_RESTART|SA_SIGINFO, unblocked
   SIGUSR2: SR_handler in libjvm.so, mask=00000000000000000000000000000000, flags=SA_RESTART|SA_SIGINFO, unblocked
    SIGHUP: UserHandler in libjvm.so, mask=11100100010111111101111111111110, flags=SA_RESTART|SA_SIGINFO, unblocked
    SIGINT: UserHandler in libjvm.so, mask=11100100010111111101111111111110, flags=SA_RESTART|SA_SIGINFO, unblocked
   SIGTERM: UserHandler in libjvm.so, mask=11100100010111111101111111111110, flags=SA_RESTART|SA_SIGINFO, unblocked
   SIGQUIT: UserHandler in libjvm.so, mask=11100100010111111101111111111110, flags=SA_RESTART|SA_SIGINFO, blocked
   SIGTRAP: crash_handler in libjvm.so, mask=11100100010111111101111111111110, flags=SA_RESTART|SA_SIGINFO, unblocked


Native Memory Tracking:

(Omitting categories weighting less than 1KB)

Total: reserved=32949155KB, committed=2387959KB
       malloc: 178711KB #21668
       mmap:   reserved=32770444KB, committed=2209248KB

-                 Java Heap (reserved=30932992KB, committed=2113536KB)
                            (mmap: reserved=30932992KB, committed=2113536KB) 
 
-                     Class (reserved=1048656KB, committed=208KB)
                            (classes #655)
                            (  instance classes #550, array classes #105)
                            (malloc=80KB #1298) (at peak) 
                            (mmap: reserved=1048576KB, committed=128KB) 
                            (  Metadata:   )
                            (    reserved=65536KB, committed=256KB)
                            (    used=153KB)
                            (    waste=103KB =40.14%)
                            (  Class space:)
                            (    reserved=1048576KB, committed=128KB)
                            (    used=10KB)
                            (    waste=118KB =92.54%)
 
-                    Thread (reserved=16469KB, committed=753KB)
                            (threads #16)
                            (stack: reserved=16420KB, committed=704KB)
                            (malloc=32KB #100) (peak=40KB #104) 
                            (arena=18KB #31) (peak=81KB #29)
 
-                      Code (reserved=49840KB, committed=2820KB)
                            (malloc=304KB #9338) (peak=304KB #9340) 
                            (mmap: reserved=49536KB, committed=2516KB) 
                            (arena=0KB #0) (peak=33KB #1)
 
-                        GC (reserved=793695KB, committed=230815KB)
                            (malloc=152739KB #894) (at peak) 
                            (mmap: reserved=640956KB, committed=78076KB) 
 
-                 GCCardSet (reserved=29KB, committed=29KB)
                            (malloc=29KB #390) (at peak) 
 
-                  Compiler (reserved=394KB, committed=394KB)
                            (malloc=2KB #15) (peak=3KB #16) 
                            (arena=391KB #8) (peak=530KB #11)
 
-                  Internal (reserved=23176KB, committed=23176KB)
                            (malloc=23140KB #6573) (peak=23140KB #6574) 
                            (mmap: reserved=36KB, committed=36KB) 
 
-                    Symbol (reserved=1133KB, committed=1133KB)
                            (malloc=773KB #86) (at peak) 
                            (arena=360KB #1) (at peak)
 
-    Native Memory Tracking (reserved=345KB, committed=345KB)
                            (malloc=6KB #59) (at peak) 
                            (tracking overhead=339KB)
 
-        Shared class space (reserved=16384KB, committed=13988KB, readonly=0KB)
                            (mmap: reserved=16384KB, committed=13988KB) 
 
-               Arena Chunk (reserved=171KB, committed=171KB)
                            (malloc=171KB #57) (peak=940KB #58) 
 
-                    Module (reserved=197KB, committed=197KB)
                            (malloc=197KB #2065) (at peak) 
 
-                 Safepoint (reserved=8KB, committed=8KB)
                            (mmap: reserved=8KB, committed=8KB) 
 
-           Synchronization (reserved=100KB, committed=100KB)
                            (malloc=100KB #748) (at peak) 
 
-            Serviceability (reserved=17KB, committed=17KB)
                            (malloc=17KB #9) (peak=17KB #13) 
 
-                 Metaspace (reserved=65549KB, committed=269KB)
                            (malloc=13KB #11) (at peak) 
                            (mmap: reserved=65536KB, committed=256KB) 
 
-      String Deduplication (reserved=1KB, committed=1KB)
                            (malloc=1KB #8) (at peak) 
 
Preinit state:entries: 376 (primary: 375, empties: 7816), sum bytes: 14759, longest chain length: 2
pre-init mallocs: 410, pre-init reallocs: 4, pre-init frees: 34
MallocLimit: unset

Periodic native trim disabled

---------------  S Y S T E M  ---------------

OS:
DISTRIB_ID=Ubuntu
DISTRIB_RELEASE=20.04
DISTRIB_CODENAME=focal
DISTRIB_DESCRIPTION="Ubuntu 20.04.2 LTS"
uname: Linux intel-S2600WFT 5.8.0-41-generic #46~20.04.1-Ubuntu SMP Mon Jan 18 17:52:23 UTC 2021 x86_64
OS uptime: 312 days 22:08 hours
libc: glibc 2.31 NPTL 2.31 
rlimit (soft/hard): STACK 8192k/infinity , CORE 0k/infinity , NPROC 3090646/3090646 , NOFILE 1048576/1048576 , AS infinity/infinity , CPU infinity/infinity , DATA infinity/infinity , FSIZE infinity/infinity , MEMLOCK 65536k/65536k
load average: 0.04 0.09 0.03

/proc/meminfo:
MemTotal:       791263984 kB
MemFree:        643676800 kB
MemAvailable:   780675548 kB
Buffers:         3665532 kB
Cached:         129183980 kB
SwapCached:        13232 kB
Active:         52928528 kB
Inactive:       81709720 kB
Active(anon):    1687912 kB
Inactive(anon):    94844 kB
Active(file):   51240616 kB
Inactive(file): 81614876 kB
Unevictable:           0 kB
Mlocked:               0 kB
SwapTotal:       2097148 kB
SwapFree:        1787620 kB
Dirty:                36 kB
Writeback:             0 kB
AnonPages:       1779308 kB
Mapped:           596604 kB
Shmem:              2560 kB
KReclaimable:    9197336 kB
Slab:           11293724 kB
SReclaimable:    9197336 kB
SUnreclaim:      2096388 kB
KernelStack:       29232 kB
PageTables:        20108 kB
NFS_Unstable:          0 kB
Bounce:                0 kB
WritebackTmp:          0 kB
CommitLimit:    397729140 kB
Committed_AS:   13930956 kB
VmallocTotal:   34359738367 kB
VmallocUsed:      467524 kB
VmallocChunk:          0 kB
Percpu:           597632 kB
HardwareCorrupted:     0 kB
AnonHugePages:         0 kB
ShmemHugePages:        0 kB
ShmemPmdMapped:        0 kB
FileHugePages:         0 kB
FilePmdMapped:         0 kB
HugePages_Total:       0
HugePages_Free:        0
HugePages_Rsvd:        0
HugePages_Surp:        0
Hugepagesize:       2048 kB
Hugetlb:               0 kB
DirectMap4k:     5371292 kB
DirectMap2M:    361318400 kB
DirectMap1G:    439353344 kB

/sys/kernel/mm/transparent_hugepage/enabled: always [madvise] never
/sys/kernel/mm/transparent_hugepage/defrag (defrag/compaction efforts parameter): always defer defer+madvise [madvise] never

Process Memory:
Virtual Size: 34188228K (peak: 34188228K)
Resident Set Size: 244324K (peak: 244324K) (anon: 207656K, file: 36668K, shmem: 0K)
Swapped out: 0K
C-Heap outstanding allocations: 180035K, retained: 1944K (may have wrapped)
glibc malloc tunables: (default)

/proc/sys/kernel/threads-max (system-wide limit on the number of threads): 6181293
/proc/sys/vm/max_map_count (maximum number of memory map areas a process may have): 65530
/proc/sys/kernel/pid_max (system-wide limit on number of process identifiers): 4194304

container (cgroup) information:
container_type: cgroupv1
cpu_cpuset_cpus: 0-111
cpu_memory_nodes: 0-1
active_processor_count: 112
cpu_quota: no quota
cpu_period: 100000
cpu_shares: no shares
memory_limit_in_bytes: unlimited
memory_and_swap_limit_in_bytes: unlimited
memory_soft_limit_in_bytes: unlimited
memory_usage_in_bytes: 223536 k
memory_max_usage_in_bytes: 762576 k
kernel_memory_usage_in_bytes: 10268 k
kernel_memory_max_usage_in_bytes: unlimited
kernel_memory_limit_in_bytes: 12264 k
maximum number of tasks: unlimited
current number of tasks: 20

Steal ticks since vm start: 0
Steal ticks percentage since vm start:  0.000

CPU: total 112 (initial active 112) (28 cores per cpu, 2 threads per core) family 6 model 85 stepping 7 microcode 0x5003006, cx8, cmov, fxsr, ht, mmx, 3dnowpref, sse, sse2, sse3, ssse3, sse4.1, sse4.2, popcnt, lzcnt, tsc, tscinvbit, avx, avx2, aes, erms, clmul, bmi1, bmi2, adx, avx512f, avx512dq, avx512cd, avx512bw, avx512vl, fma, vzeroupper, avx512_vnni, clflush, clflushopt, clwb, rdtscp, f16c, pku, ospke
CPU Model and flags from /proc/cpuinfo:
model name	: Intel(R) Xeon(R) Platinum 8280 CPU @ 2.70GHz
flags		: fpu vme de pse tsc msr pae mce cx8 apic sep mtrr pge mca cmov pat pse36 clflush dts acpi mmx fxsr sse sse2 ss ht tm pbe syscall nx pdpe1gb rdtscp lm constant_tsc art arch_perfmon pebs bts rep_good nopl xtopology nonstop_tsc cpuid aperfmperf pni pclmulqdq dtes64 monitor ds_cpl smx est tm2 ssse3 sdbg fma cx16 xtpr pdcm pcid dca sse4_1 sse4_2 x2apic movbe popcnt tsc_deadline_timer aes xsave avx f16c rdrand lahf_lm abm 3dnowprefetch cpuid_fault epb cat_l3 cdp_l3 invpcid_single ssbd mba ibrs ibpb stibp ibrs_enhanced fsgsbase tsc_adjust bmi1 avx2 smep bmi2 erms invpcid cqm mpx rdt_a avx512f avx512dq rdseed adx smap clflushopt clwb intel_pt avx512cd avx512bw avx512vl xsaveopt xsavec xgetbv1 xsaves cqm_llc cqm_occup_llc cqm_mbm_total cqm_mbm_local dtherm ida arat pln pts hwp hwp_act_window hwp_epp hwp_pkg_req pku ospke avx512_vnni md_clear flush_l1d arch_capabilities

Online cpus: 0-111
Offline cpus: 
cache level: 1
cache type: Data
cache size: 32K
cache coherency line size: 64
cache level: 1
cache type: Instruction
cache size: 32K
cache coherency line size: 64
cache level: 2
cache type: Unified
cache size: 1024K
cache coherency line size: 64
cache level: 3
cache type: Unified
cache size: 39424K
cache coherency line size: 64
BIOS frequency limitation: <Not Available>
Frequency switch latency (ns): 0
Available cpu frequencies: <Not Available>
Maximum cpu frequency: 4000000
Minimum cpu frequency: 1000000
Current cpu frequency: 3599999
Available governors: performance powersave
Current governor: powersave
Core performance/turbo boost: <Not Available>

Memory: 4k page, physical 791263984k(780675548k free), swap 2097148k(1787620k free)
Page Sizes: 4k

vm_info: OpenJDK 64-Bit Server VM (slowdebug 22-internal-adhoc.root.valhalla) for linux-amd64 JRE (22-internal-adhoc.root.valhalla), built on 2023-10-23T09:38:39Z by "root" with gcc 9.3.0

END.
