#
# A fatal error has been detected by the Java Runtime Environment:
#
#  Internal Error (/home/jatinbha/sandboxes/apx-release/jdk/src/hotspot/share/oops/compressedKlass.inline.hpp:52), pid=629827, tid=629851
#  assert(!is_null(v)) failed: narrow klass value can never be zero
#
# JRE version: OpenJDK Runtime Environment (23.0) (slowdebug build 23-internal-adhoc.root.jdk)
# Java VM: OpenJDK 64-Bit Server VM (slowdebug 23-internal-adhoc.root.jdk, mixed mode, sharing, compressed oops, compressed class ptrs, g1 gc, linux-amd64)
# Problematic frame:
# V  [libjvm.so+0x3f1b0c]  CompressedKlassPointers::decode_not_null(unsigned int, unsigned char*, int)+0x4a
#
# Core dump will be written. Default location: Core dumps may be processed with "/usr/share/apport/apport %p %s %c %d %P %E" (or dumping to /home/jatinbha/code/java/apx/native_instrs/core.629827)
#
# If you would like to submit a bug report, please visit:
#   https://bugreport.java.com/bugreport/crash.jsp
#

---------------  S U M M A R Y ------------

Command Line: -XX:+PauseAtStartup -XX:+TraceCallFixup -XX:-UseBimorphicInlining -XX:-TieredCompilation -Xbatch -XX:CompileOnly=method_dispatch_patching::micro method_dispatch_patching

Host: intel-S2600WFT, Intel(R) Xeon(R) Platinum 8280 CPU @ 2.70GHz, 112 cores, 754G, Ubuntu 20.04.2 LTS
Time: Wed May  1 16:20:25 2024 IST elapsed time: 204.594687 seconds (0d 0h 3m 24s)

---------------  T H R E A D  ---------------

Current thread (0x00007f8674385b50):  JavaThread "C2 CompilerThread0" daemon [_thread_in_vm, id=629851, stack(0x00007f862ce69000,0x00007f862cf6a000) (1028K)]


Current CompileTask:
C2:204594    3    b        method_dispatch_patching::micro (8 bytes)

Stack: [0x00007f862ce69000,0x00007f862cf6a000],  sp=0x00007f862cf65880,  free space=1010k
Native frames: (J=compiled Java code, j=interpreted, Vv=VM code, C=native code)
V  [libjvm.so+0x3f1b0c]  CompressedKlassPointers::decode_not_null(unsigned int, unsigned char*, int)+0x4a  (compressedKlass.inline.hpp:52)
V  [libjvm.so+0x3f1aba]  CompressedKlassPointers::decode_not_null(unsigned int)+0x2e  (compressedKlass.inline.hpp:48)
V  [libjvm.so+0x3f1c3e]  oopDesc::klass() const+0x2c  (oop.inline.hpp:91)
C  0x00007f862cf6590f
Registers:
RAX=0x00007f867d228000, RBX=0x0000000000000000, RCX=0x00007f85de000000, RDX=0x0000000000000000
RSP=0x00007f862cf65880, RBP=0x00007f862cf658a0, RSI=0x00007f85de000000, RDI=0x0000000000000000
R8 =0x0000000003000000, R9 =0x00007f862cf657a6, R10=0x0000000000000000, R11=0x00007f85c0000080
R12=0x0000000000000004, R13=0x00007f8674386450, R14=0x0000000000000002, R15=0x0000000000000000
RIP=0x00007f867a8cdb0c, EFLAGS=0x0000000000010202, CSGSFS=0x002b000000000033, ERR=0x0000000000000006
  TRAPNO=0x000000000000000e


Register to memory mapping:

RAX=0x00007f867d228000 in mmap'd memory region [0x00007f867d228000 - 0x00007f867d229000], tag mtInternal
RBX=0x0 is null
RCX=0x00007f85de000000 is pointing into metadata
RDX=0x0 is null
RSP=0x00007f862cf65880 is pointing into the stack for thread: 0x00007f8674385b50
RBP=0x00007f862cf658a0 is pointing into the stack for thread: 0x00007f8674385b50
RSI=0x00007f85de000000 is pointing into metadata
RDI=0x0 is null
R8 =0x0000000003000000 is an unknown value
R9 =0x00007f862cf657a6 is pointing into the stack for thread: 0x00007f8674385b50
R10=0x0 is null
R11=0x00007f85c0000080 points into unknown readable memory: 0x00007f85c0066760 | 60 67 06 c0 85 7f 00 00
R12=0x0000000000000004 is an unknown value
R13=0x00007f8674386450 into live malloced block starting at 0x00007f86743863a0, size 1000, tag mtChunk
R14=0x0000000000000002 is an unknown value
R15=0x0 is null

Top of Stack: (sp=0x00007f862cf65880)
0x00007f862cf65880:   00007f85de000000 0000000000000000
0x00007f862cf65890:   00007f862cf658c0 0000000000000001
0x00007f862cf658a0:   00007f862cf658d0 00007f867a8cdaba
0x00007f862cf658b0:   00007f867bf455b9 0000000000000001
0x00007f862cf658c0:   00007f862cf65900 0000000000000000
0x00007f862cf658d0:   00007f862cf658f0 00007f867a8cdc3e
0x00007f862cf658e0:   00007f867c49b2f0 00007f85c0066730
0x00007f862cf658f0:   00007f862cf658f8 00007f862cf6590f
0x00007f862cf65900:   00007f862cf65940 cc007f867b3ec9ef
0x00007f862cf65910:   0000000000000001 0000000000000001
0x00007f862cf65920:   00007f867c49b2ef 00007f8674000b60
0x00007f862cf65930:   ffffffffffffffff 00007f8674000b60
0x00007f862cf65940:   00007f862cf65990 00007f867b7ec6b6
0x00007f862cf65950:   00007f862cf659b0 0000000000000001
0x00007f862cf65960:   00007f867c49b2ef 00007f8674000b60
0x00007f862cf65970:   00007f8674386340 000000002cf659ac
0x00007f862cf65980:   00007f862cf659b0 00007f867a8cdaeb
0x00007f862cf65990:   00007f85de000000 0000000000000000
0x00007f862cf659a0:   00007f8674385b50 00007f8674000b60
0x00007f862cf659b0:   00007f862cf659e0 00007f867a8cdaba
0x00007f862cf659c0:   00007f862cf659f0 0000000000000000
0x00007f862cf659d0:   00007f867cf59d28 0000000000000000
0x00007f862cf659e0:   00007f862cf65a00 00007f867a8cdc3e
0x00007f862cf659f0:   00007f862cf65a20 00007f85c0066730
0x00007f862cf65a00:   00007f862cf65a20 00007f867added62
0x00007f862cf65a10:   00007f862cf65a40 00007f85c0066730
0x00007f862cf65a20:   00007f862cf65a28 00007f862cf65a3f
0x00007f862cf65a30:   0000000000000000 cc007f867cf59d28
0x00007f862cf65a40:   00007f862cf65a70 00007f867a8c58c6
0x00007f862cf65a50:   00007f862cf65a70 00007f867b75cf6b
0x00007f862cf65a60:   0000000000000000 00007f8674385b50
0x00007f862cf65a70:   00007f862cf65ab0 00007f867b75c8ca 

Instructions: (pc=0x00007f867a8cdb0c)
0x00007f867a8cda0c:   48 8b 45 f0 5d c3 f3 0f 1e fa 55 48 89 e5 48 83
0x00007f867a8cda1c:   ec 20 48 89 7d e8 48 89 75 e0 48 8b 55 e0 48 8b
0x00007f867a8cda2c:   45 e8 41 b8 00 00 00 00 48 89 d1 48 89 c2 48 8d
0x00007f867a8cda3c:   35 91 ff ff ff 48 8d 3d 6c ff ff ff e8 2d 0c 00
0x00007f867a8cda4c:   00 c9 c3 55 48 89 e5 48 89 7d f8 48 8b 45 f8 83
0x00007f867a8cda5c:   e0 07 48 85 c0 0f 94 c0 5d c3 f3 0f 1e fa 55 48
0x00007f867a8cda6c:   89 e5 89 7d fc 48 89 75 f0 89 55 f8 8b 55 fc 8b
0x00007f867a8cda7c:   45 f8 89 c1 48 d3 e2 48 8b 45 f0 48 01 d0 5d c3
0x00007f867a8cda8c:   f3 0f 1e fa 55 48 89 e5 53 48 83 ec 18 89 7d ec
0x00007f867a8cda9c:   e8 0a b5 ff ff 89 c3 e8 ef b4 ff ff 48 89 c1 8b
0x00007f867a8cdaac:   45 ec 89 da 48 89 ce 89 c7 e8 08 00 00 00 48 83
0x00007f867a8cdabc:   c4 18 5b 5d c3 90 f3 0f 1e fa 55 48 89 e5 48 83
0x00007f867a8cdacc:   ec 20 89 7d ec 48 89 75 e0 89 55 e8 8b 45 ec 89
0x00007f867a8cdadc:   c7 e8 dc b4 ff ff 84 c0 74 13 e8 76 3f ff ff 83
0x00007f867a8cdaec:   f0 01 84 c0 74 07 b8 01 00 00 00 eb 05 b8 00 00
0x00007f867a8cdafc:   00 00 84 c0 74 31 48 8d 05 3f 92 5a 02 48 8b 00
0x00007f867a8cdb0c:   c6 00 58 48 8d 0d 1a b9 48 01 48 8d 15 38 b9 48
0x00007f867a8cdb1c:   01 be 34 00 00 00 48 8d 3d 47 b9 48 01 b8 00 00
0x00007f867a8cdb2c:   00 00 e8 66 e5 67 00 8b 55 e8 48 8b 4d e0 8b 45
0x00007f867a8cdb3c:   ec 48 89 ce 89 c7 e8 1f ff ff ff 48 89 45 f8 48
0x00007f867a8cdb4c:   8b 45 f8 48 89 c7 e8 f8 fe ff ff 83 f0 01 84 c0
0x00007f867a8cdb5c:   74 13 e8 fe 3e ff ff 83 f0 01 84 c0 74 07 b8 01
0x00007f867a8cdb6c:   00 00 00 eb 05 b8 00 00 00 00 84 c0 74 40 48 8d
0x00007f867a8cdb7c:   05 c7 91 5a 02 48 8b 00 c6 00 58 48 8b 45 f8 48
0x00007f867a8cdb8c:   89 c7 e8 06 52 ff ff 49 89 c0 48 8d 0d 2e b9 48
0x00007f867a8cdb9c:   01 48 8d 15 4c b9 48 01 be 36 00 00 00 48 8d 3d
0x00007f867a8cdbac:   c0 b8 48 01 b8 00 00 00 00 e8 df e4 67 00 48 8b
0x00007f867a8cdbbc:   45 f8 c9 c3 f3 0f 1e fa 55 48 89 e5 48 83 ec 10
0x00007f867a8cdbcc:   48 89 7d f8 48 8b 45 f8 48 89 c7 e8 80 03 00 00
0x00007f867a8cdbdc:   c9 c3 f3 0f 1e fa 55 48 89 e5 48 83 ec 20 48 89
0x00007f867a8cdbec:   7d f8 48 89 75 f0 48 89 55 e8 89 4d e4 48 8b 45
0x00007f867a8cdbfc:   f8 8b 4d e4 48 8b 55 f0 48 8b 75 e8 48 89 c7 e8 


Stack slot to memory mapping:

stack at sp + 0 slots: 0x00007f85de000000 is pointing into metadata
stack at sp + 1 slots: 0x0 is null
stack at sp + 2 slots: 0x00007f862cf658c0 is pointing into the stack for thread: 0x00007f8674385b50
stack at sp + 3 slots: 0x0000000000000001 is an unknown value
stack at sp + 4 slots: 0x00007f862cf658d0 is pointing into the stack for thread: 0x00007f8674385b50
stack at sp + 5 slots: 0x00007f867a8cdaba: <offset 0x00000000003f1aba> in /home/jatinbha/sandboxes/apx-release/jdk/build/linux-x86_64-server-slowdebug/images/jdk/lib/server/libjvm.so at 0x00007f867a4dc000
stack at sp + 6 slots: 0x00007f867bf455b9: <offset 0x0000000001a695b9> in /home/jatinbha/sandboxes/apx-release/jdk/build/linux-x86_64-server-slowdebug/images/jdk/lib/server/libjvm.so at 0x00007f867a4dc000
stack at sp + 7 slots: 0x0000000000000001 is an unknown value

Lock stack of current Java thread (top to bottom):


---------------  P R O C E S S  ---------------

uid  : 1000 euid : 1000 gid  : 1000 egid : 1000

umask: 0002 (-------w-)

Threads class SMR info:
_java_thread_list=0x00007f86743c4550, length=9, elements={
0x00007f8674028e80, 0x00007f867437d290, 0x00007f867437eba0, 0x00007f8674380c40,
0x00007f8674382590, 0x00007f8674383da0, 0x00007f8674385b50, 0x00007f86743ad5b0,
0x00007f86743c4620
}
_java_thread_list_alloc_cnt=10, _java_thread_list_free_cnt=8, _java_thread_list_max=9, _nested_thread_list_max=0
_tlh_cnt=22, _tlh_times=0, avg_tlh_time=0.00, _tlh_time_max=0
_delete_lock_wait_cnt=0, _delete_lock_wait_max=0
_to_delete_list_cnt=0, _to_delete_list_max=1

Java Threads: ( => current thread )
  0x00007f8674028e80 JavaThread "main"                              [_thread_blocked, id=629828, stack(0x00007f867a281000,0x00007f867a382000) (1028K)]
  0x00007f867437d290 JavaThread "Reference Handler"          daemon [_thread_blocked, id=629846, stack(0x00007f862d36e000,0x00007f862d46f000) (1028K)]
  0x00007f867437eba0 JavaThread "Finalizer"                  daemon [_thread_blocked, id=629847, stack(0x00007f862d26d000,0x00007f862d36e000) (1028K)]
  0x00007f8674380c40 JavaThread "Signal Dispatcher"          daemon [_thread_blocked, id=629848, stack(0x00007f862d16c000,0x00007f862d26d000) (1028K)]
  0x00007f8674382590 JavaThread "Service Thread"             daemon [_thread_blocked, id=629849, stack(0x00007f862d06b000,0x00007f862d16c000) (1028K)]
  0x00007f8674383da0 JavaThread "Monitor Deflation Thread"   daemon [_thread_blocked, id=629850, stack(0x00007f862cf6a000,0x00007f862d06b000) (1028K)]
=>0x00007f8674385b50 JavaThread "C2 CompilerThread0"         daemon [_thread_in_vm, id=629851, stack(0x00007f862ce69000,0x00007f862cf6a000) (1028K)]
  0x00007f86743ad5b0 JavaThread "Notification Thread"        daemon [_thread_blocked, id=629852, stack(0x00007f862cd68000,0x00007f862ce69000) (1028K)]
  0x00007f86743c4620 JavaThread "Common-Cleaner"             daemon [_thread_blocked, id=629853, stack(0x00007f862cafc000,0x00007f862cbfd000) (1028K)]
Total: 9

Other Threads:
  0x00007f867433c020 VMThread "VM Thread"                           [id=629845, stack(0x00007f862d9e0000,0x00007f862dae0000) (1024K)]
  0x00007f8674263290 WatcherThread "VM Periodic Task Thread"        [id=629844, stack(0x00007f862dae1000,0x00007f862dbe1000) (1024K)]
  0x00007f8674067c40 WorkerThread "GC Thread#0"                     [id=629839, stack(0x00007f8640a57000,0x00007f8640b57000) (1024K)]
  0x00007f867407bfc0 ConcurrentGCThread "G1 Main Marker"            [id=629840, stack(0x00007f8640956000,0x00007f8640a56000) (1024K)]
  0x00007f867407d260 WorkerThread "G1 Conc#0"                       [id=629841, stack(0x00007f8640855000,0x00007f8640955000) (1024K)]
  0x00007f86742399a0 ConcurrentGCThread "G1 Refine#0"               [id=629842, stack(0x00007f862ddbf000,0x00007f862debf000) (1024K)]
  0x00007f867423abe0 ConcurrentGCThread "G1 Service"                [id=629843, stack(0x00007f862dcbe000,0x00007f862ddbe000) (1024K)]
Total: 7

Threads with active compile tasks:
C2 CompilerThread0  206133    3    b        method_dispatch_patching::micro (8 bytes)
Total: 1

VM state: not at safepoint (normal execution)

VM Mutex/Monitor currently owned by a thread:  ([mutex/lock_event])
[0x00007f867cf5b1e0] MethodCompileQueue_lock - owner thread: 0x00007f8674385b50
[0x00007f867cf5c830] Compile_lock - owner thread: 0x00007f8674385b50

Heap address: 0x00000000a0000000, size: 30208 MB, Compressed Oops mode: Zero based, Oop shift amount: 3

CDS archive(s) mapped at: [0x00007f85de000000-0x00007f85dee91000-0x00007f85dee91000), size 15273984, SharedBaseAddress: 0x00007f85de000000, ArchiveRelocationMode: 1.
Compressed class space mapped at: 0x00007f85df000000-0x00007f861f000000, reserved size: 1073741824
Narrow klass base: 0x00007f85de000000, Narrow klass shift: 0, Narrow klass range: 0x100000000

GC Precious Log:
 CardTable entry size: 512
 Card Set container configuration: InlinePtr #cards 3 size 8 Array Of Cards #cards 128 size 272 Howl #buckets 8 coarsen threshold 29491 Howl Bitmap #cards 4096 size 528 coarsen threshold 3686 Card regions per heap region 1 cards per card region 32768
 CPUs: 112 total, 112 available
 Memory: 754G
 Large Page Support: Disabled
 NUMA Support: Disabled
 Compressed Oops: Enabled (Zero based)
 Heap Region Size: 16M
 Heap Min Capacity: 16M
 Heap Initial Capacity: 2G
 Heap Max Capacity: 30208M
 Pre-touch: Disabled
 Parallel Workers: 73
 Concurrent Workers: 18
 Concurrent Refinement Workers: 73
 Periodic GC: Disabled

Heap:
 garbage-first heap   total reserved 30932992K, committed 2113536K, used 83043K [0x00000000a0000000, 0x0000000800000000)
  region size 16384K, 6 young (98304K), 0 survivors (0K)
 Metaspace       used 84K, committed 320K, reserved 1114112K
  class space    used 5K, committed 128K, reserved 1048576K

Heap Regions: E=young(eden), S=young(survivor), O=old, HS=humongous(starts), HC=humongous(continues), CS=collection set, F=free, TAMS=top-at-mark-start, PB=parsable bottom
|   0|0x00000000a0000000, 0x00000000a0000000, 0x00000000a1000000|  0%| F|  |TAMS 0x00000000a0000000| PB 0x00000000a0000000| Untracked |  0
|   1|0x00000000a1000000, 0x00000000a1000000, 0x00000000a2000000|  0%| F|  |TAMS 0x00000000a1000000| PB 0x00000000a1000000| Untracked |  0
|   2|0x00000000a2000000, 0x00000000a2000000, 0x00000000a3000000|  0%| F|  |TAMS 0x00000000a2000000| PB 0x00000000a2000000| Untracked |  0
|   3|0x00000000a3000000, 0x00000000a3000000, 0x00000000a4000000|  0%| F|  |TAMS 0x00000000a3000000| PB 0x00000000a3000000| Untracked |  0
|   4|0x00000000a4000000, 0x00000000a4000000, 0x00000000a5000000|  0%| F|  |TAMS 0x00000000a4000000| PB 0x00000000a4000000| Untracked |  0
|   5|0x00000000a5000000, 0x00000000a5000000, 0x00000000a6000000|  0%| F|  |TAMS 0x00000000a5000000| PB 0x00000000a5000000| Untracked |  0
|   6|0x00000000a6000000, 0x00000000a6000000, 0x00000000a7000000|  0%| F|  |TAMS 0x00000000a6000000| PB 0x00000000a6000000| Untracked |  0
|   7|0x00000000a7000000, 0x00000000a7000000, 0x00000000a8000000|  0%| F|  |TAMS 0x00000000a7000000| PB 0x00000000a7000000| Untracked |  0
|   8|0x00000000a8000000, 0x00000000a8000000, 0x00000000a9000000|  0%| F|  |TAMS 0x00000000a8000000| PB 0x00000000a8000000| Untracked |  0
|   9|0x00000000a9000000, 0x00000000a9000000, 0x00000000aa000000|  0%| F|  |TAMS 0x00000000a9000000| PB 0x00000000a9000000| Untracked |  0
|  10|0x00000000aa000000, 0x00000000aa000000, 0x00000000ab000000|  0%| F|  |TAMS 0x00000000aa000000| PB 0x00000000aa000000| Untracked |  0
|  11|0x00000000ab000000, 0x00000000ab000000, 0x00000000ac000000|  0%| F|  |TAMS 0x00000000ab000000| PB 0x00000000ab000000| Untracked |  0
|  12|0x00000000ac000000, 0x00000000ac000000, 0x00000000ad000000|  0%| F|  |TAMS 0x00000000ac000000| PB 0x00000000ac000000| Untracked |  0
|  13|0x00000000ad000000, 0x00000000ad000000, 0x00000000ae000000|  0%| F|  |TAMS 0x00000000ad000000| PB 0x00000000ad000000| Untracked |  0
|  14|0x00000000ae000000, 0x00000000ae000000, 0x00000000af000000|  0%| F|  |TAMS 0x00000000ae000000| PB 0x00000000ae000000| Untracked |  0
|  15|0x00000000af000000, 0x00000000af000000, 0x00000000b0000000|  0%| F|  |TAMS 0x00000000af000000| PB 0x00000000af000000| Untracked |  0
|  16|0x00000000b0000000, 0x00000000b0000000, 0x00000000b1000000|  0%| F|  |TAMS 0x00000000b0000000| PB 0x00000000b0000000| Untracked |  0
|  17|0x00000000b1000000, 0x00000000b1000000, 0x00000000b2000000|  0%| F|  |TAMS 0x00000000b1000000| PB 0x00000000b1000000| Untracked |  0
|  18|0x00000000b2000000, 0x00000000b2000000, 0x00000000b3000000|  0%| F|  |TAMS 0x00000000b2000000| PB 0x00000000b2000000| Untracked |  0
|  19|0x00000000b3000000, 0x00000000b3000000, 0x00000000b4000000|  0%| F|  |TAMS 0x00000000b3000000| PB 0x00000000b3000000| Untracked |  0
|  20|0x00000000b4000000, 0x00000000b4000000, 0x00000000b5000000|  0%| F|  |TAMS 0x00000000b4000000| PB 0x00000000b4000000| Untracked |  0
|  21|0x00000000b5000000, 0x00000000b5000000, 0x00000000b6000000|  0%| F|  |TAMS 0x00000000b5000000| PB 0x00000000b5000000| Untracked |  0
|  22|0x00000000b6000000, 0x00000000b6000000, 0x00000000b7000000|  0%| F|  |TAMS 0x00000000b6000000| PB 0x00000000b6000000| Untracked |  0
|  23|0x00000000b7000000, 0x00000000b7000000, 0x00000000b8000000|  0%| F|  |TAMS 0x00000000b7000000| PB 0x00000000b7000000| Untracked |  0
|  24|0x00000000b8000000, 0x00000000b8000000, 0x00000000b9000000|  0%| F|  |TAMS 0x00000000b8000000| PB 0x00000000b8000000| Untracked |  0
|  25|0x00000000b9000000, 0x00000000b9000000, 0x00000000ba000000|  0%| F|  |TAMS 0x00000000b9000000| PB 0x00000000b9000000| Untracked |  0
|  26|0x00000000ba000000, 0x00000000ba000000, 0x00000000bb000000|  0%| F|  |TAMS 0x00000000ba000000| PB 0x00000000ba000000| Untracked |  0
|  27|0x00000000bb000000, 0x00000000bb000000, 0x00000000bc000000|  0%| F|  |TAMS 0x00000000bb000000| PB 0x00000000bb000000| Untracked |  0
|  28|0x00000000bc000000, 0x00000000bc000000, 0x00000000bd000000|  0%| F|  |TAMS 0x00000000bc000000| PB 0x00000000bc000000| Untracked |  0
|  29|0x00000000bd000000, 0x00000000bd000000, 0x00000000be000000|  0%| F|  |TAMS 0x00000000bd000000| PB 0x00000000bd000000| Untracked |  0
|  30|0x00000000be000000, 0x00000000be000000, 0x00000000bf000000|  0%| F|  |TAMS 0x00000000be000000| PB 0x00000000be000000| Untracked |  0
|  31|0x00000000bf000000, 0x00000000bf000000, 0x00000000c0000000|  0%| F|  |TAMS 0x00000000bf000000| PB 0x00000000bf000000| Untracked |  0
|  32|0x00000000c0000000, 0x00000000c0000000, 0x00000000c1000000|  0%| F|  |TAMS 0x00000000c0000000| PB 0x00000000c0000000| Untracked |  0
|  33|0x00000000c1000000, 0x00000000c1000000, 0x00000000c2000000|  0%| F|  |TAMS 0x00000000c1000000| PB 0x00000000c1000000| Untracked |  0
|  34|0x00000000c2000000, 0x00000000c2000000, 0x00000000c3000000|  0%| F|  |TAMS 0x00000000c2000000| PB 0x00000000c2000000| Untracked |  0
|  35|0x00000000c3000000, 0x00000000c3000000, 0x00000000c4000000|  0%| F|  |TAMS 0x00000000c3000000| PB 0x00000000c3000000| Untracked |  0
|  36|0x00000000c4000000, 0x00000000c4000000, 0x00000000c5000000|  0%| F|  |TAMS 0x00000000c4000000| PB 0x00000000c4000000| Untracked |  0
|  37|0x00000000c5000000, 0x00000000c5000000, 0x00000000c6000000|  0%| F|  |TAMS 0x00000000c5000000| PB 0x00000000c5000000| Untracked |  0
|  38|0x00000000c6000000, 0x00000000c6000000, 0x00000000c7000000|  0%| F|  |TAMS 0x00000000c6000000| PB 0x00000000c6000000| Untracked |  0
|  39|0x00000000c7000000, 0x00000000c7000000, 0x00000000c8000000|  0%| F|  |TAMS 0x00000000c7000000| PB 0x00000000c7000000| Untracked |  0
|  40|0x00000000c8000000, 0x00000000c8000000, 0x00000000c9000000|  0%| F|  |TAMS 0x00000000c8000000| PB 0x00000000c8000000| Untracked |  0
|  41|0x00000000c9000000, 0x00000000c9000000, 0x00000000ca000000|  0%| F|  |TAMS 0x00000000c9000000| PB 0x00000000c9000000| Untracked |  0
|  42|0x00000000ca000000, 0x00000000ca000000, 0x00000000cb000000|  0%| F|  |TAMS 0x00000000ca000000| PB 0x00000000ca000000| Untracked |  0
|  43|0x00000000cb000000, 0x00000000cb000000, 0x00000000cc000000|  0%| F|  |TAMS 0x00000000cb000000| PB 0x00000000cb000000| Untracked |  0
|  44|0x00000000cc000000, 0x00000000cc000000, 0x00000000cd000000|  0%| F|  |TAMS 0x00000000cc000000| PB 0x00000000cc000000| Untracked |  0
|  45|0x00000000cd000000, 0x00000000cd000000, 0x00000000ce000000|  0%| F|  |TAMS 0x00000000cd000000| PB 0x00000000cd000000| Untracked |  0
|  46|0x00000000ce000000, 0x00000000ce000000, 0x00000000cf000000|  0%| F|  |TAMS 0x00000000ce000000| PB 0x00000000ce000000| Untracked |  0
|  47|0x00000000cf000000, 0x00000000cf000000, 0x00000000d0000000|  0%| F|  |TAMS 0x00000000cf000000| PB 0x00000000cf000000| Untracked |  0
|  48|0x00000000d0000000, 0x00000000d0000000, 0x00000000d1000000|  0%| F|  |TAMS 0x00000000d0000000| PB 0x00000000d0000000| Untracked |  0
|  49|0x00000000d1000000, 0x00000000d1000000, 0x00000000d2000000|  0%| F|  |TAMS 0x00000000d1000000| PB 0x00000000d1000000| Untracked |  0
|  50|0x00000000d2000000, 0x00000000d2000000, 0x00000000d3000000|  0%| F|  |TAMS 0x00000000d2000000| PB 0x00000000d2000000| Untracked |  0
|  51|0x00000000d3000000, 0x00000000d3000000, 0x00000000d4000000|  0%| F|  |TAMS 0x00000000d3000000| PB 0x00000000d3000000| Untracked |  0
|  52|0x00000000d4000000, 0x00000000d4000000, 0x00000000d5000000|  0%| F|  |TAMS 0x00000000d4000000| PB 0x00000000d4000000| Untracked |  0
|  53|0x00000000d5000000, 0x00000000d5000000, 0x00000000d6000000|  0%| F|  |TAMS 0x00000000d5000000| PB 0x00000000d5000000| Untracked |  0
|  54|0x00000000d6000000, 0x00000000d6000000, 0x00000000d7000000|  0%| F|  |TAMS 0x00000000d6000000| PB 0x00000000d6000000| Untracked |  0
|  55|0x00000000d7000000, 0x00000000d7000000, 0x00000000d8000000|  0%| F|  |TAMS 0x00000000d7000000| PB 0x00000000d7000000| Untracked |  0
|  56|0x00000000d8000000, 0x00000000d8000000, 0x00000000d9000000|  0%| F|  |TAMS 0x00000000d8000000| PB 0x00000000d8000000| Untracked |  0
|  57|0x00000000d9000000, 0x00000000d9000000, 0x00000000da000000|  0%| F|  |TAMS 0x00000000d9000000| PB 0x00000000d9000000| Untracked |  0
|  58|0x00000000da000000, 0x00000000da000000, 0x00000000db000000|  0%| F|  |TAMS 0x00000000da000000| PB 0x00000000da000000| Untracked |  0
|  59|0x00000000db000000, 0x00000000db000000, 0x00000000dc000000|  0%| F|  |TAMS 0x00000000db000000| PB 0x00000000db000000| Untracked |  0
|  60|0x00000000dc000000, 0x00000000dc000000, 0x00000000dd000000|  0%| F|  |TAMS 0x00000000dc000000| PB 0x00000000dc000000| Untracked |  0
|  61|0x00000000dd000000, 0x00000000dd000000, 0x00000000de000000|  0%| F|  |TAMS 0x00000000dd000000| PB 0x00000000dd000000| Untracked |  0
|  62|0x00000000de000000, 0x00000000de000000, 0x00000000df000000|  0%| F|  |TAMS 0x00000000de000000| PB 0x00000000de000000| Untracked |  0
|  63|0x00000000df000000, 0x00000000df000000, 0x00000000e0000000|  0%| F|  |TAMS 0x00000000df000000| PB 0x00000000df000000| Untracked |  0
|  64|0x00000000e0000000, 0x00000000e0000000, 0x00000000e1000000|  0%| F|  |TAMS 0x00000000e0000000| PB 0x00000000e0000000| Untracked |  0
|  65|0x00000000e1000000, 0x00000000e1000000, 0x00000000e2000000|  0%| F|  |TAMS 0x00000000e1000000| PB 0x00000000e1000000| Untracked |  0
|  66|0x00000000e2000000, 0x00000000e2000000, 0x00000000e3000000|  0%| F|  |TAMS 0x00000000e2000000| PB 0x00000000e2000000| Untracked |  0
|  67|0x00000000e3000000, 0x00000000e3000000, 0x00000000e4000000|  0%| F|  |TAMS 0x00000000e3000000| PB 0x00000000e3000000| Untracked |  0
|  68|0x00000000e4000000, 0x00000000e4000000, 0x00000000e5000000|  0%| F|  |TAMS 0x00000000e4000000| PB 0x00000000e4000000| Untracked |  0
|  69|0x00000000e5000000, 0x00000000e5000000, 0x00000000e6000000|  0%| F|  |TAMS 0x00000000e5000000| PB 0x00000000e5000000| Untracked |  0
|  70|0x00000000e6000000, 0x00000000e6000000, 0x00000000e7000000|  0%| F|  |TAMS 0x00000000e6000000| PB 0x00000000e6000000| Untracked |  0
|  71|0x00000000e7000000, 0x00000000e7000000, 0x00000000e8000000|  0%| F|  |TAMS 0x00000000e7000000| PB 0x00000000e7000000| Untracked |  0
|  72|0x00000000e8000000, 0x00000000e8000000, 0x00000000e9000000|  0%| F|  |TAMS 0x00000000e8000000| PB 0x00000000e8000000| Untracked |  0
|  73|0x00000000e9000000, 0x00000000e9000000, 0x00000000ea000000|  0%| F|  |TAMS 0x00000000e9000000| PB 0x00000000e9000000| Untracked |  0
|  74|0x00000000ea000000, 0x00000000ea000000, 0x00000000eb000000|  0%| F|  |TAMS 0x00000000ea000000| PB 0x00000000ea000000| Untracked |  0
|  75|0x00000000eb000000, 0x00000000eb000000, 0x00000000ec000000|  0%| F|  |TAMS 0x00000000eb000000| PB 0x00000000eb000000| Untracked |  0
|  76|0x00000000ec000000, 0x00000000ec000000, 0x00000000ed000000|  0%| F|  |TAMS 0x00000000ec000000| PB 0x00000000ec000000| Untracked |  0
|  77|0x00000000ed000000, 0x00000000ed000000, 0x00000000ee000000|  0%| F|  |TAMS 0x00000000ed000000| PB 0x00000000ed000000| Untracked |  0
|  78|0x00000000ee000000, 0x00000000ee000000, 0x00000000ef000000|  0%| F|  |TAMS 0x00000000ee000000| PB 0x00000000ee000000| Untracked |  0
|  79|0x00000000ef000000, 0x00000000ef000000, 0x00000000f0000000|  0%| F|  |TAMS 0x00000000ef000000| PB 0x00000000ef000000| Untracked |  0
|  80|0x00000000f0000000, 0x00000000f0000000, 0x00000000f1000000|  0%| F|  |TAMS 0x00000000f0000000| PB 0x00000000f0000000| Untracked |  0
|  81|0x00000000f1000000, 0x00000000f1000000, 0x00000000f2000000|  0%| F|  |TAMS 0x00000000f1000000| PB 0x00000000f1000000| Untracked |  0
|  82|0x00000000f2000000, 0x00000000f2000000, 0x00000000f3000000|  0%| F|  |TAMS 0x00000000f2000000| PB 0x00000000f2000000| Untracked |  0
|  83|0x00000000f3000000, 0x00000000f3000000, 0x00000000f4000000|  0%| F|  |TAMS 0x00000000f3000000| PB 0x00000000f3000000| Untracked |  0
|  84|0x00000000f4000000, 0x00000000f4000000, 0x00000000f5000000|  0%| F|  |TAMS 0x00000000f4000000| PB 0x00000000f4000000| Untracked |  0
|  85|0x00000000f5000000, 0x00000000f5000000, 0x00000000f6000000|  0%| F|  |TAMS 0x00000000f5000000| PB 0x00000000f5000000| Untracked |  0
|  86|0x00000000f6000000, 0x00000000f6000000, 0x00000000f7000000|  0%| F|  |TAMS 0x00000000f6000000| PB 0x00000000f6000000| Untracked |  0
|  87|0x00000000f7000000, 0x00000000f7000000, 0x00000000f8000000|  0%| F|  |TAMS 0x00000000f7000000| PB 0x00000000f7000000| Untracked |  0
|  88|0x00000000f8000000, 0x00000000f8000000, 0x00000000f9000000|  0%| F|  |TAMS 0x00000000f8000000| PB 0x00000000f8000000| Untracked |  0
|  89|0x00000000f9000000, 0x00000000f9000000, 0x00000000fa000000|  0%| F|  |TAMS 0x00000000f9000000| PB 0x00000000f9000000| Untracked |  0
|  90|0x00000000fa000000, 0x00000000fa000000, 0x00000000fb000000|  0%| F|  |TAMS 0x00000000fa000000| PB 0x00000000fa000000| Untracked |  0
|  91|0x00000000fb000000, 0x00000000fb000000, 0x00000000fc000000|  0%| F|  |TAMS 0x00000000fb000000| PB 0x00000000fb000000| Untracked |  0
|  92|0x00000000fc000000, 0x00000000fc000000, 0x00000000fd000000|  0%| F|  |TAMS 0x00000000fc000000| PB 0x00000000fc000000| Untracked |  0
|  93|0x00000000fd000000, 0x00000000fd000000, 0x00000000fe000000|  0%| F|  |TAMS 0x00000000fd000000| PB 0x00000000fd000000| Untracked |  0
|  94|0x00000000fe000000, 0x00000000fe000000, 0x00000000ff000000|  0%| F|  |TAMS 0x00000000fe000000| PB 0x00000000fe000000| Untracked |  0
|  95|0x00000000ff000000, 0x00000000ff000000, 0x0000000100000000|  0%| F|  |TAMS 0x00000000ff000000| PB 0x00000000ff000000| Untracked |  0
|  96|0x0000000100000000, 0x0000000100000000, 0x0000000101000000|  0%| F|  |TAMS 0x0000000100000000| PB 0x0000000100000000| Untracked |  0
|  97|0x0000000101000000, 0x0000000101000000, 0x0000000102000000|  0%| F|  |TAMS 0x0000000101000000| PB 0x0000000101000000| Untracked |  0
|  98|0x0000000102000000, 0x0000000102000000, 0x0000000103000000|  0%| F|  |TAMS 0x0000000102000000| PB 0x0000000102000000| Untracked |  0
|  99|0x0000000103000000, 0x0000000103000000, 0x0000000104000000|  0%| F|  |TAMS 0x0000000103000000| PB 0x0000000103000000| Untracked |  0
| 100|0x0000000104000000, 0x0000000104000000, 0x0000000105000000|  0%| F|  |TAMS 0x0000000104000000| PB 0x0000000104000000| Untracked |  0
| 101|0x0000000105000000, 0x0000000105000000, 0x0000000106000000|  0%| F|  |TAMS 0x0000000105000000| PB 0x0000000105000000| Untracked |  0
| 102|0x0000000106000000, 0x0000000106000000, 0x0000000107000000|  0%| F|  |TAMS 0x0000000106000000| PB 0x0000000106000000| Untracked |  0
| 103|0x0000000107000000, 0x0000000107000000, 0x0000000108000000|  0%| F|  |TAMS 0x0000000107000000| PB 0x0000000107000000| Untracked |  0
| 104|0x0000000108000000, 0x0000000108000000, 0x0000000109000000|  0%| F|  |TAMS 0x0000000108000000| PB 0x0000000108000000| Untracked |  0
| 105|0x0000000109000000, 0x0000000109000000, 0x000000010a000000|  0%| F|  |TAMS 0x0000000109000000| PB 0x0000000109000000| Untracked |  0
| 106|0x000000010a000000, 0x000000010a000000, 0x000000010b000000|  0%| F|  |TAMS 0x000000010a000000| PB 0x000000010a000000| Untracked |  0
| 107|0x000000010b000000, 0x000000010b000000, 0x000000010c000000|  0%| F|  |TAMS 0x000000010b000000| PB 0x000000010b000000| Untracked |  0
| 108|0x000000010c000000, 0x000000010c000000, 0x000000010d000000|  0%| F|  |TAMS 0x000000010c000000| PB 0x000000010c000000| Untracked |  0
| 109|0x000000010d000000, 0x000000010d000000, 0x000000010e000000|  0%| F|  |TAMS 0x000000010d000000| PB 0x000000010d000000| Untracked |  0
| 110|0x000000010e000000, 0x000000010e000000, 0x000000010f000000|  0%| F|  |TAMS 0x000000010e000000| PB 0x000000010e000000| Untracked |  0
| 111|0x000000010f000000, 0x000000010f000000, 0x0000000110000000|  0%| F|  |TAMS 0x000000010f000000| PB 0x000000010f000000| Untracked |  0
| 112|0x0000000110000000, 0x0000000110000000, 0x0000000111000000|  0%| F|  |TAMS 0x0000000110000000| PB 0x0000000110000000| Untracked |  0
| 113|0x0000000111000000, 0x0000000111000000, 0x0000000112000000|  0%| F|  |TAMS 0x0000000111000000| PB 0x0000000111000000| Untracked |  0
| 114|0x0000000112000000, 0x0000000112000000, 0x0000000113000000|  0%| F|  |TAMS 0x0000000112000000| PB 0x0000000112000000| Untracked |  0
| 115|0x0000000113000000, 0x0000000113000000, 0x0000000114000000|  0%| F|  |TAMS 0x0000000113000000| PB 0x0000000113000000| Untracked |  0
| 116|0x0000000114000000, 0x0000000114000000, 0x0000000115000000|  0%| F|  |TAMS 0x0000000114000000| PB 0x0000000114000000| Untracked |  0
| 117|0x0000000115000000, 0x0000000115000000, 0x0000000116000000|  0%| F|  |TAMS 0x0000000115000000| PB 0x0000000115000000| Untracked |  0
| 118|0x0000000116000000, 0x0000000116000000, 0x0000000117000000|  0%| F|  |TAMS 0x0000000116000000| PB 0x0000000116000000| Untracked |  0
| 119|0x0000000117000000, 0x0000000117000000, 0x0000000118000000|  0%| F|  |TAMS 0x0000000117000000| PB 0x0000000117000000| Untracked |  0
| 120|0x0000000118000000, 0x0000000118000000, 0x0000000119000000|  0%| F|  |TAMS 0x0000000118000000| PB 0x0000000118000000| Untracked |  0
| 121|0x0000000119000000, 0x0000000119000000, 0x000000011a000000|  0%| F|  |TAMS 0x0000000119000000| PB 0x0000000119000000| Untracked |  0
| 122|0x000000011a000000, 0x000000011ad9d478, 0x000000011b000000| 85%| E|  |TAMS 0x000000011a000000| PB 0x000000011a000000| Complete |  0
| 123|0x000000011b000000, 0x000000011c000000, 0x000000011c000000|100%| E|CS|TAMS 0x000000011b000000| PB 0x000000011b000000| Complete |  0
| 124|0x000000011c000000, 0x000000011d000000, 0x000000011d000000|100%| E|CS|TAMS 0x000000011c000000| PB 0x000000011c000000| Complete |  0
| 125|0x000000011d000000, 0x000000011e000000, 0x000000011e000000|100%| E|CS|TAMS 0x000000011d000000| PB 0x000000011d000000| Complete |  0
| 126|0x000000011e000000, 0x000000011f000000, 0x000000011f000000|100%| E|CS|TAMS 0x000000011e000000| PB 0x000000011e000000| Complete |  0
| 127|0x000000011f000000, 0x0000000120000000, 0x0000000120000000|100%| E|CS|TAMS 0x000000011f000000| PB 0x000000011f000000| Complete |  0
|1887|0x00000007ff000000, 0x00000007ff118d08, 0x0000000800000000|  6%| O|  |TAMS 0x00000007ff000000| PB 0x00000007ff000000| Untracked |  0

Card table byte_map: [0x00007f865e746000,0x00007f8662246000] _byte_map_base: 0x00007f865e246000

Marking Bits: (CMBitMap*) 0x00007f8674068980
 Bits: [0x00007f8640f46000, 0x00007f865e746000)

Polling page: 0x00007f867d1e1000

Metaspace:

Usage:
  Non-class:     79.24 KB used.
      Class:      5.27 KB used.
       Both:     84.51 KB used.

Virtual space:
  Non-class space:       64.00 MB reserved,     192.00 KB ( <1%) committed,  1 nodes.
      Class space:        1.00 GB reserved,     128.00 KB ( <1%) committed,  1 nodes.
             Both:        1.06 GB reserved,     320.00 KB ( <1%) committed. 

Chunk freelists:
   Non-Class:  11.99 MB
       Class:  15.75 MB
        Both:  27.73 MB

MaxMetaspaceSize: unlimited
CompressedClassSpaceSize: 1.00 GB
Initial GC threshold: 21.00 MB
Current GC threshold: 21.00 MB
CDS: on
 - commit_granule_bytes: 65536.
 - commit_granule_words: 8192.
 - virtual_space_node_default_size: 8388608.
 - enlarge_chunks_in_place: 1.
 - use_allocation_guard: 0.


Internal statistics:

num_allocs: 1297.
num_deallocs: 0.
num_allocs_from_deallocated_blocks: 0.
num_chunks_retired: 2.
num_allocs_failed_limit: 0.
num_arena_births: 4.
num_arena_deaths: 0.
num_vsnodes_births: 2.
num_vsnodes_deaths: 0.
num_space_committed: 5.
num_space_uncommitted: 0.
num_chunks_returned_to_freelist: 0.
num_chunks_taken_from_freelist: 7.
num_chunk_merges: 0.
num_chunk_splits: 4.
num_chunks_enlarged: 2.
num_inconsistent_stats: 0.

CodeCache: size=49152Kb used=1349Kb max_used=1356Kb free=47802Kb
 bounds [0x00007f866865b000, 0x00007f86688cb000, 0x00007f866b65b000]
 total_blobs=630, nmethods=3, adapters=578, full_count=0
Compilation: enabled, stopped_count=0, restarted_count=0

Compilation events (1 events):
Event: 20.461 Thread 0x00007f8674385b50    3    b        method_dispatch_patching::micro (8 bytes)

GC Heap History (0 events):
No events

Dll operation events (3 events):
Event: 18.829 Loaded shared library /home/jatinbha/sandboxes/apx-release/jdk/build/linux-x86_64-server-slowdebug/images/jdk/lib/libjava.so
Event: 19.849 Loaded shared library /home/jatinbha/sandboxes/apx-release/jdk/build/linux-x86_64-server-slowdebug/images/jdk/lib/libsimdsort.so
Event: 19.917 Loaded shared library /home/jatinbha/sandboxes/apx-release/jdk/build/linux-x86_64-server-slowdebug/images/jdk/lib/libjsvml.so

Deoptimization events (0 events):
No events

Classes loaded (6 events):
Event: 19.745 Loading class jdk/internal/vm/PostVMInitHook
Event: 19.745 Loading class jdk/internal/vm/PostVMInitHook done
Event: 19.919 Loading class jdk/internal/loader/URLClassPath$FileLoader
Event: 19.919 Loading class jdk/internal/loader/URLClassPath$FileLoader done
Event: 19.922 Loading class jdk/internal/loader/URLClassPath$FileLoader$1
Event: 19.922 Loading class jdk/internal/loader/URLClassPath$FileLoader$1 done

Classes unloaded (0 events):
No events

Classes redefined (0 events):
No events

Internal exceptions (0 events):
No events

VM Operations (0 events):
No events

Events (18 events):
Event: 18.754 Protecting memory [0x00007f867a281000,0x00007f867a285000] with protection modes 0
Event: 19.554 Thread 0x00007f8674028e80 Thread added: 0x00007f8674028e80
Event: 19.718 Thread 0x00007f867437d290 Thread added: 0x00007f867437d290
Event: 19.718 Protecting memory [0x00007f862d36e000,0x00007f862d372000] with protection modes 0
Event: 19.718 Thread 0x00007f867437eba0 Thread added: 0x00007f867437eba0
Event: 19.718 Protecting memory [0x00007f862d26d000,0x00007f862d271000] with protection modes 0
Event: 19.720 Thread 0x00007f8674380c40 Thread added: 0x00007f8674380c40
Event: 19.720 Protecting memory [0x00007f862d16c000,0x00007f862d170000] with protection modes 0
Event: 19.720 Thread 0x00007f8674382590 Thread added: 0x00007f8674382590
Event: 19.720 Protecting memory [0x00007f862d06b000,0x00007f862d06f000] with protection modes 0
Event: 19.720 Thread 0x00007f8674383da0 Thread added: 0x00007f8674383da0
Event: 19.720 Protecting memory [0x00007f862cf6a000,0x00007f862cf6e000] with protection modes 0
Event: 19.721 Thread 0x00007f8674385b50 Thread added: 0x00007f8674385b50
Event: 19.721 Protecting memory [0x00007f862ce69000,0x00007f862ce6d000] with protection modes 0
Event: 19.744 Thread 0x00007f86743ad5b0 Thread added: 0x00007f86743ad5b0
Event: 19.744 Protecting memory [0x00007f862cd68000,0x00007f862cd6c000] with protection modes 0
Event: 19.928 Thread 0x00007f86743c4620 Thread added: 0x00007f86743c4620
Event: 19.928 Protecting memory [0x00007f862cafc000,0x00007f862cb00000] with protection modes 0


Dynamic libraries:
a0000000-120000000 rw-p 00000000 00:00 0 
120000000-7ff000000 ---p 00000000 00:00 0 
7ff000000-7ff119000 rw-p 00ed2000 08:02 24877233                         /home/jatinbha/sandboxes/apx-release/jdk/build/linux-x86_64-server-slowdebug/images/jdk/lib/server/classes.jsa
7ff119000-800000000 rw-p 00000000 00:00 0 
556fa5d08000-556fa5d09000 r--p 00000000 08:02 24875042                   /home/jatinbha/sandboxes/apx-release/jdk/build/linux-x86_64-server-slowdebug/images/jdk/bin/java
556fa5d09000-556fa5d0a000 r-xp 00001000 08:02 24875042                   /home/jatinbha/sandboxes/apx-release/jdk/build/linux-x86_64-server-slowdebug/images/jdk/bin/java
556fa5d0a000-556fa5d0b000 r--p 00002000 08:02 24875042                   /home/jatinbha/sandboxes/apx-release/jdk/build/linux-x86_64-server-slowdebug/images/jdk/bin/java
556fa5d0b000-556fa5d0c000 r--p 00002000 08:02 24875042                   /home/jatinbha/sandboxes/apx-release/jdk/build/linux-x86_64-server-slowdebug/images/jdk/bin/java
556fa5d0c000-556fa5d0d000 rw-p 00003000 08:02 24875042                   /home/jatinbha/sandboxes/apx-release/jdk/build/linux-x86_64-server-slowdebug/images/jdk/bin/java
556fa70e7000-556fa712d000 rw-p 00000000 00:00 0                          [heap]
7f85b4000000-7f85b4021000 rw-p 00000000 00:00 0 
7f85b4021000-7f85b8000000 ---p 00000000 00:00 0 
7f85b8000000-7f85b8021000 rw-p 00000000 00:00 0 
7f85b8021000-7f85bc000000 ---p 00000000 00:00 0 
7f85bc000000-7f85bc021000 rw-p 00000000 00:00 0 
7f85bc021000-7f85c0000000 ---p 00000000 00:00 0 
7f85c0000000-7f85c0067000 rw-p 00000000 00:00 0 
7f85c0067000-7f85c4000000 ---p 00000000 00:00 0 
7f85c4000000-7f85c4021000 rw-p 00000000 00:00 0 
7f85c4021000-7f85c8000000 ---p 00000000 00:00 0 
7f85c8000000-7f85c8021000 rw-p 00000000 00:00 0 
7f85c8021000-7f85cc000000 ---p 00000000 00:00 0 
7f85cc000000-7f85cc021000 rw-p 00000000 00:00 0 
7f85cc021000-7f85d0000000 ---p 00000000 00:00 0 
7f85d0000000-7f85d0021000 rw-p 00000000 00:00 0 
7f85d0021000-7f85d4000000 ---p 00000000 00:00 0 
7f85d4000000-7f85d4021000 rw-p 00000000 00:00 0 
7f85d4021000-7f85d8000000 ---p 00000000 00:00 0 
7f85d897d000-7f85da020000 rw-p 00000000 00:00 0 
7f85da020000-7f85da400000 ---p 00000000 00:00 0 
7f85da400000-7f85da410000 rw-p 00000000 00:00 0 
7f85da410000-7f85de000000 ---p 00000000 00:00 0 
7f85de000000-7f85dee91000 rw-p 00001000 08:02 24877233                   /home/jatinbha/sandboxes/apx-release/jdk/build/linux-x86_64-server-slowdebug/images/jdk/lib/server/classes.jsa
7f85dee91000-7f85df000000 ---p 00000000 00:00 0 
7f85df000000-7f85df010000 rw-p 00000000 00:00 0 
7f85df010000-7f85df040000 ---p 00000000 00:00 0 
7f85df040000-7f85df050000 rw-p 00000000 00:00 0 
7f85df050000-7f861f000000 ---p 00000000 00:00 0 
7f861f0e3000-7f8620000000 rw-p 00000000 00:00 0 
7f8620000000-7f8620021000 rw-p 00000000 00:00 0 
7f8620021000-7f8624000000 ---p 00000000 00:00 0 
7f8624000000-7f8624021000 rw-p 00000000 00:00 0 
7f8624021000-7f8628000000 ---p 00000000 00:00 0 
7f8628000000-7f8628021000 rw-p 00000000 00:00 0 
7f8628021000-7f862c000000 ---p 00000000 00:00 0 
7f862c39d000-7f862cafc000 rw-p 00000000 00:00 0 
7f862cafc000-7f862cb00000 ---p 00000000 00:00 0 
7f862cb00000-7f862cbfd000 rw-p 00000000 00:00 0 
7f862cbfd000-7f862cc01000 r--p 00000000 08:02 24875285                   /home/jatinbha/sandboxes/apx-release/jdk/build/linux-x86_64-server-slowdebug/images/jdk/lib/libjsvml.so
7f862cc01000-7f862cc42000 r-xp 00004000 08:02 24875285                   /home/jatinbha/sandboxes/apx-release/jdk/build/linux-x86_64-server-slowdebug/images/jdk/lib/libjsvml.so
7f862cc42000-7f862cccb000 r--p 00045000 08:02 24875285                   /home/jatinbha/sandboxes/apx-release/jdk/build/linux-x86_64-server-slowdebug/images/jdk/lib/libjsvml.so
7f862cccb000-7f862cccc000 r--p 000cd000 08:02 24875285                   /home/jatinbha/sandboxes/apx-release/jdk/build/linux-x86_64-server-slowdebug/images/jdk/lib/libjsvml.so
7f862cccc000-7f862cccd000 rw-p 000ce000 08:02 24875285                   /home/jatinbha/sandboxes/apx-release/jdk/build/linux-x86_64-server-slowdebug/images/jdk/lib/libjsvml.so
7f862cccd000-7f862ccd0000 r--p 00000000 08:02 24875065                   /home/jatinbha/sandboxes/apx-release/jdk/build/linux-x86_64-server-slowdebug/images/jdk/lib/libsimdsort.so
7f862ccd0000-7f862cd55000 r-xp 00003000 08:02 24875065                   /home/jatinbha/sandboxes/apx-release/jdk/build/linux-x86_64-server-slowdebug/images/jdk/lib/libsimdsort.so
7f862cd55000-7f862cd66000 r--p 00088000 08:02 24875065                   /home/jatinbha/sandboxes/apx-release/jdk/build/linux-x86_64-server-slowdebug/images/jdk/lib/libsimdsort.so
7f862cd66000-7f862cd67000 r--p 00098000 08:02 24875065                   /home/jatinbha/sandboxes/apx-release/jdk/build/linux-x86_64-server-slowdebug/images/jdk/lib/libsimdsort.so
7f862cd67000-7f862cd68000 rw-p 00099000 08:02 24875065                   /home/jatinbha/sandboxes/apx-release/jdk/build/linux-x86_64-server-slowdebug/images/jdk/lib/libsimdsort.so
7f862cd68000-7f862cd6c000 ---p 00000000 00:00 0 
7f862cd6c000-7f862ce69000 rw-p 00000000 00:00 0 
7f862ce69000-7f862ce6d000 ---p 00000000 00:00 0 
7f862ce6d000-7f862cf6a000 rw-p 00000000 00:00 0 
7f862cf6a000-7f862cf6e000 ---p 00000000 00:00 0 
7f862cf6e000-7f862d06b000 rw-p 00000000 00:00 0 
7f862d06b000-7f862d06f000 ---p 00000000 00:00 0 
7f862d06f000-7f862d16c000 rw-p 00000000 00:00 0 
7f862d16c000-7f862d170000 ---p 00000000 00:00 0 
7f862d170000-7f862d26d000 rw-p 00000000 00:00 0 
7f862d26d000-7f862d271000 ---p 00000000 00:00 0 
7f862d271000-7f862d36e000 rw-p 00000000 00:00 0 
7f862d36e000-7f862d372000 ---p 00000000 00:00 0 
7f862d372000-7f862d46f000 rw-p 00000000 00:00 0 
7f862d46f000-7f862d9df000 r--p 00000000 08:02 7078745                    /usr/lib/locale/locale-archive
7f862d9df000-7f862d9e0000 ---p 00000000 00:00 0 
7f862d9e0000-7f862dae0000 rw-p 00000000 00:00 0 
7f862dae0000-7f862dae1000 ---p 00000000 00:00 0 
7f862dae1000-7f862dcbd000 rw-p 00000000 00:00 0 
7f862dcbd000-7f862dcbe000 ---p 00000000 00:00 0 
7f862dcbe000-7f862ddbe000 rw-p 00000000 00:00 0 
7f862ddbe000-7f862ddbf000 ---p 00000000 00:00 0 
7f862ddbf000-7f8634000000 rw-p 00000000 00:00 0 
7f8634000000-7f8634021000 rw-p 00000000 00:00 0 
7f8634021000-7f8638000000 ---p 00000000 00:00 0 
7f8638000000-7f8638021000 rw-p 00000000 00:00 0 
7f8638021000-7f863c000000 ---p 00000000 00:00 0 
7f863c000000-7f863c021000 rw-p 00000000 00:00 0 
7f863c021000-7f8640000000 ---p 00000000 00:00 0 
7f864000b000-7f8640854000 rw-p 00000000 00:00 0 
7f8640854000-7f8640855000 ---p 00000000 00:00 0 
7f8640855000-7f8640955000 rw-p 00000000 00:00 0 
7f8640955000-7f8640956000 ---p 00000000 00:00 0 
7f8640956000-7f8640a56000 rw-p 00000000 00:00 0 
7f8640a56000-7f8640a57000 ---p 00000000 00:00 0 
7f8640a57000-7f8642f46000 rw-p 00000000 00:00 0 
7f8642f46000-7f865e706000 ---p 00000000 00:00 0 
7f865e706000-7f865eb46000 rw-p 00000000 00:00 0 
7f865eb46000-7f866223e000 ---p 00000000 00:00 0 
7f866223e000-7f8662646000 rw-p 00000000 00:00 0 
7f8662646000-7f8665d3e000 ---p 00000000 00:00 0 
7f8665d3e000-7f866865b000 rw-p 00000000 00:00 0 
7f866865b000-7f86688cb000 rwxp 00000000 00:00 0 
7f86688cb000-7f866b65b000 ---p 00000000 00:00 0 
7f866b65b000-7f8674000000 r--s 00000000 08:02 24875023                   /home/jatinbha/sandboxes/apx-release/jdk/build/linux-x86_64-server-slowdebug/images/jdk/lib/modules
7f8674000000-7f86743ca000 rw-p 00000000 00:00 0 
7f86743ca000-7f8678000000 ---p 00000000 00:00 0 
7f8678027000-7f867802e000 r--s 00000000 08:02 7736501                    /usr/lib/x86_64-linux-gnu/gconv/gconv-modules.cache
7f867802e000-7f867a1cb000 rw-p 00000000 00:00 0 
7f867a1cb000-7f867a226000 ---p 00000000 00:00 0 
7f867a226000-7f867a232000 r--p 00000000 08:02 24875052                   /home/jatinbha/sandboxes/apx-release/jdk/build/linux-x86_64-server-slowdebug/images/jdk/lib/libjava.so
7f867a232000-7f867a249000 r-xp 0000c000 08:02 24875052                   /home/jatinbha/sandboxes/apx-release/jdk/build/linux-x86_64-server-slowdebug/images/jdk/lib/libjava.so
7f867a249000-7f867a24f000 r--p 00023000 08:02 24875052                   /home/jatinbha/sandboxes/apx-release/jdk/build/linux-x86_64-server-slowdebug/images/jdk/lib/libjava.so
7f867a24f000-7f867a250000 ---p 00029000 08:02 24875052                   /home/jatinbha/sandboxes/apx-release/jdk/build/linux-x86_64-server-slowdebug/images/jdk/lib/libjava.so
7f867a250000-7f867a251000 r--p 00029000 08:02 24875052                   /home/jatinbha/sandboxes/apx-release/jdk/build/linux-x86_64-server-slowdebug/images/jdk/lib/libjava.so
7f867a251000-7f867a253000 rw-p 0002a000 08:02 24875052                   /home/jatinbha/sandboxes/apx-release/jdk/build/linux-x86_64-server-slowdebug/images/jdk/lib/libjava.so
7f867a253000-7f867a25b000 rw-s 00000000 08:02 3670030                    /tmp/hsperfdata_intel/629827
7f867a25b000-7f867a25f000 r--p 00000000 08:02 24875054                   /home/jatinbha/sandboxes/apx-release/jdk/build/linux-x86_64-server-slowdebug/images/jdk/lib/libjimage.so
7f867a25f000-7f867a276000 r-xp 00004000 08:02 24875054                   /home/jatinbha/sandboxes/apx-release/jdk/build/linux-x86_64-server-slowdebug/images/jdk/lib/libjimage.so
7f867a276000-7f867a27d000 r--p 0001b000 08:02 24875054                   /home/jatinbha/sandboxes/apx-release/jdk/build/linux-x86_64-server-slowdebug/images/jdk/lib/libjimage.so
7f867a27d000-7f867a27e000 ---p 00022000 08:02 24875054                   /home/jatinbha/sandboxes/apx-release/jdk/build/linux-x86_64-server-slowdebug/images/jdk/lib/libjimage.so
7f867a27e000-7f867a280000 r--p 00022000 08:02 24875054                   /home/jatinbha/sandboxes/apx-release/jdk/build/linux-x86_64-server-slowdebug/images/jdk/lib/libjimage.so
7f867a280000-7f867a281000 rw-p 00024000 08:02 24875054                   /home/jatinbha/sandboxes/apx-release/jdk/build/linux-x86_64-server-slowdebug/images/jdk/lib/libjimage.so
7f867a281000-7f867a285000 ---p 00000000 00:00 0 
7f867a285000-7f867a382000 rw-p 00000000 00:00 0 
7f867a382000-7f867a391000 r--p 00000000 08:02 7080075                    /usr/lib/x86_64-linux-gnu/libm-2.31.so
7f867a391000-7f867a438000 r-xp 0000f000 08:02 7080075                    /usr/lib/x86_64-linux-gnu/libm-2.31.so
7f867a438000-7f867a4cf000 r--p 000b6000 08:02 7080075                    /usr/lib/x86_64-linux-gnu/libm-2.31.so
7f867a4cf000-7f867a4d0000 r--p 0014c000 08:02 7080075                    /usr/lib/x86_64-linux-gnu/libm-2.31.so
7f867a4d0000-7f867a4d1000 rw-p 0014d000 08:02 7080075                    /usr/lib/x86_64-linux-gnu/libm-2.31.so
7f867a4d1000-7f867a4d4000 r--p 00000000 08:02 7080092                    /usr/lib/x86_64-linux-gnu/librt-2.31.so
7f867a4d4000-7f867a4d8000 r-xp 00003000 08:02 7080092                    /usr/lib/x86_64-linux-gnu/librt-2.31.so
7f867a4d8000-7f867a4d9000 r--p 00007000 08:02 7080092                    /usr/lib/x86_64-linux-gnu/librt-2.31.so
7f867a4d9000-7f867a4da000 ---p 00008000 08:02 7080092                    /usr/lib/x86_64-linux-gnu/librt-2.31.so
7f867a4da000-7f867a4db000 r--p 00008000 08:02 7080092                    /usr/lib/x86_64-linux-gnu/librt-2.31.so
7f867a4db000-7f867a4dc000 rw-p 00009000 08:02 7080092                    /usr/lib/x86_64-linux-gnu/librt-2.31.so
7f867a4dc000-7f867a8c0000 r--p 00000000 08:02 24875097                   /home/jatinbha/sandboxes/apx-release/jdk/build/linux-x86_64-server-slowdebug/images/jdk/lib/server/libjvm.so
7f867a8c0000-7f867bd52000 r-xp 003e4000 08:02 24875097                   /home/jatinbha/sandboxes/apx-release/jdk/build/linux-x86_64-server-slowdebug/images/jdk/lib/server/libjvm.so
7f867bd52000-7f867cd54000 r--p 01876000 08:02 24875097                   /home/jatinbha/sandboxes/apx-release/jdk/build/linux-x86_64-server-slowdebug/images/jdk/lib/server/libjvm.so
7f867cd54000-7f867cd55000 ---p 02878000 08:02 24875097                   /home/jatinbha/sandboxes/apx-release/jdk/build/linux-x86_64-server-slowdebug/images/jdk/lib/server/libjvm.so
7f867cd55000-7f867ce59000 r--p 02878000 08:02 24875097                   /home/jatinbha/sandboxes/apx-release/jdk/build/linux-x86_64-server-slowdebug/images/jdk/lib/server/libjvm.so
7f867ce59000-7f867cecf000 rw-p 0297c000 08:02 24875097                   /home/jatinbha/sandboxes/apx-release/jdk/build/linux-x86_64-server-slowdebug/images/jdk/lib/server/libjvm.so
7f867cecf000-7f867cf96000 rw-p 00000000 00:00 0 
7f867cf96000-7f867cfbb000 r--p 00000000 08:02 7080073                    /usr/lib/x86_64-linux-gnu/libc-2.31.so
7f867cfbb000-7f867d133000 r-xp 00025000 08:02 7080073                    /usr/lib/x86_64-linux-gnu/libc-2.31.so
7f867d133000-7f867d17d000 r--p 0019d000 08:02 7080073                    /usr/lib/x86_64-linux-gnu/libc-2.31.so
7f867d17d000-7f867d17e000 ---p 001e7000 08:02 7080073                    /usr/lib/x86_64-linux-gnu/libc-2.31.so
7f867d17e000-7f867d181000 r--p 001e7000 08:02 7080073                    /usr/lib/x86_64-linux-gnu/libc-2.31.so
7f867d181000-7f867d184000 rw-p 001ea000 08:02 7080073                    /usr/lib/x86_64-linux-gnu/libc-2.31.so
7f867d184000-7f867d188000 rw-p 00000000 00:00 0 
7f867d188000-7f867d18f000 r--p 00000000 08:02 7080090                    /usr/lib/x86_64-linux-gnu/libpthread-2.31.so
7f867d18f000-7f867d1a0000 r-xp 00007000 08:02 7080090                    /usr/lib/x86_64-linux-gnu/libpthread-2.31.so
7f867d1a0000-7f867d1a5000 r--p 00018000 08:02 7080090                    /usr/lib/x86_64-linux-gnu/libpthread-2.31.so
7f867d1a5000-7f867d1a6000 r--p 0001c000 08:02 7080090                    /usr/lib/x86_64-linux-gnu/libpthread-2.31.so
7f867d1a6000-7f867d1a7000 rw-p 0001d000 08:02 7080090                    /usr/lib/x86_64-linux-gnu/libpthread-2.31.so
7f867d1a7000-7f867d1ab000 rw-p 00000000 00:00 0 
7f867d1ab000-7f867d1ac000 r--p 00000000 08:02 7080074                    /usr/lib/x86_64-linux-gnu/libdl-2.31.so
7f867d1ac000-7f867d1ae000 r-xp 00001000 08:02 7080074                    /usr/lib/x86_64-linux-gnu/libdl-2.31.so
7f867d1ae000-7f867d1af000 r--p 00003000 08:02 7080074                    /usr/lib/x86_64-linux-gnu/libdl-2.31.so
7f867d1af000-7f867d1b0000 r--p 00003000 08:02 7080074                    /usr/lib/x86_64-linux-gnu/libdl-2.31.so
7f867d1b0000-7f867d1b1000 rw-p 00004000 08:02 7080074                    /usr/lib/x86_64-linux-gnu/libdl-2.31.so
7f867d1b1000-7f867d1b3000 r--p 00000000 08:02 7078082                    /usr/lib/x86_64-linux-gnu/libz.so.1.2.11
7f867d1b3000-7f867d1c4000 r-xp 00002000 08:02 7078082                    /usr/lib/x86_64-linux-gnu/libz.so.1.2.11
7f867d1c4000-7f867d1ca000 r--p 00013000 08:02 7078082                    /usr/lib/x86_64-linux-gnu/libz.so.1.2.11
7f867d1ca000-7f867d1cb000 ---p 00019000 08:02 7078082                    /usr/lib/x86_64-linux-gnu/libz.so.1.2.11
7f867d1cb000-7f867d1cc000 r--p 00019000 08:02 7078082                    /usr/lib/x86_64-linux-gnu/libz.so.1.2.11
7f867d1cc000-7f867d1cd000 rw-p 0001a000 08:02 7078082                    /usr/lib/x86_64-linux-gnu/libz.so.1.2.11
7f867d1cd000-7f867d1d0000 r--p 00000000 08:02 7080081                    /usr/lib/x86_64-linux-gnu/libnss_files-2.31.so
7f867d1d0000-7f867d1d7000 r-xp 00003000 08:02 7080081                    /usr/lib/x86_64-linux-gnu/libnss_files-2.31.so
7f867d1d7000-7f867d1d9000 r--p 0000a000 08:02 7080081                    /usr/lib/x86_64-linux-gnu/libnss_files-2.31.so
7f867d1d9000-7f867d1da000 r--p 0000b000 08:02 7080081                    /usr/lib/x86_64-linux-gnu/libnss_files-2.31.so
7f867d1da000-7f867d1db000 rw-p 0000c000 08:02 7080081                    /usr/lib/x86_64-linux-gnu/libnss_files-2.31.so
7f867d1db000-7f867d1e1000 rw-p 00000000 00:00 0 
7f867d1e1000-7f867d1e2000 ---p 00000000 00:00 0 
7f867d1e2000-7f867d1e3000 r--p 00000000 00:00 0 
7f867d1e3000-7f867d1e6000 r--p 00000000 08:02 24875055                   /home/jatinbha/sandboxes/apx-release/jdk/build/linux-x86_64-server-slowdebug/images/jdk/lib/libjli.so
7f867d1e6000-7f867d1f4000 r-xp 00003000 08:02 24875055                   /home/jatinbha/sandboxes/apx-release/jdk/build/linux-x86_64-server-slowdebug/images/jdk/lib/libjli.so
7f867d1f4000-7f867d1f8000 r--p 00011000 08:02 24875055                   /home/jatinbha/sandboxes/apx-release/jdk/build/linux-x86_64-server-slowdebug/images/jdk/lib/libjli.so
7f867d1f8000-7f867d1f9000 r--p 00014000 08:02 24875055                   /home/jatinbha/sandboxes/apx-release/jdk/build/linux-x86_64-server-slowdebug/images/jdk/lib/libjli.so
7f867d1f9000-7f867d1fa000 rw-p 00015000 08:02 24875055                   /home/jatinbha/sandboxes/apx-release/jdk/build/linux-x86_64-server-slowdebug/images/jdk/lib/libjli.so
7f867d1fa000-7f867d1fc000 rw-p 00000000 00:00 0 
7f867d1fc000-7f867d1fd000 r--p 00000000 08:02 7080069                    /usr/lib/x86_64-linux-gnu/ld-2.31.so
7f867d1fd000-7f867d220000 r-xp 00001000 08:02 7080069                    /usr/lib/x86_64-linux-gnu/ld-2.31.so
7f867d220000-7f867d228000 r--p 00024000 08:02 7080069                    /usr/lib/x86_64-linux-gnu/ld-2.31.so
7f867d228000-7f867d229000 rwxp 00000000 00:00 0 
7f867d229000-7f867d22a000 r--p 0002c000 08:02 7080069                    /usr/lib/x86_64-linux-gnu/ld-2.31.so
7f867d22a000-7f867d22b000 rw-p 0002d000 08:02 7080069                    /usr/lib/x86_64-linux-gnu/ld-2.31.so
7f867d22b000-7f867d22c000 rw-p 00000000 00:00 0 
7fffb3954000-7fffb3975000 rw-p 00000000 00:00 0                          [stack]
7fffb3986000-7fffb398a000 r--p 00000000 00:00 0                          [vvar]
7fffb398a000-7fffb398c000 r-xp 00000000 00:00 0                          [vdso]
ffffffffff600000-ffffffffff601000 --xp 00000000 00:00 0                  [vsyscall]
Total number of mappings: 190


VM Arguments:
jvm_args: -XX:+PauseAtStartup -XX:+TraceCallFixup -XX:-UseBimorphicInlining -XX:-TieredCompilation -Xbatch -XX:CompileOnly=method_dispatch_patching::micro 
java_command: method_dispatch_patching
java_class_path (initial): .
Launcher Type: SUN_STANDARD

[Global flags]
     bool BackgroundCompilation                    = false                                  {pd product} {command line}  A thread requesting compilation is not blocked during compilation
     intx CICompilerCount                          = 18                                        {product} {ergonomic}     Number of compiler threads to run
ccstrlist CompileOnly                              = method_dispatch_patching::micro            {product} {command line} List of methods (pkg/class.name) to restrict compilation to
     uint ConcGCThreads                            = 18                                        {product} {ergonomic}     Number of threads concurrent gc will use
     uint G1ConcRefinementThreads                  = 73                                        {product} {ergonomic}     The number of parallel remembered set update threads. Will be set ergonomically by default.
   size_t G1HeapRegionSize                         = 16777216                                  {product} {ergonomic}     Size of the G1 regions.
   size_t InitialHeapSize                          = 2147483648                                {product} {ergonomic}     Initial heap size (in bytes); zero means use ergonomics
   size_t MarkStackSize                            = 4194304                                   {product} {ergonomic}     Size of marking stack in bytes.
   size_t MarkStackSizeMax                         = 536870912                                 {product} {ergonomic}     Maximum size of marking stack in bytes.
   size_t MaxHeapSize                              = 31675383808                               {product} {ergonomic}     Maximum heap size (in bytes)
   size_t MaxNewSize                               = 18991808512                               {product} {ergonomic}     Maximum new generation size (in bytes), max_uintx means set ergonomically
   size_t MinHeapDeltaBytes                        = 16777216                                  {product} {ergonomic}     The minimum change in heap space due to GC (in bytes)
   size_t MinHeapSize                              = 16777216                                  {product} {ergonomic}     Minimum heap size (in bytes); zero means use ergonomics
    uintx NonNMethodCodeHeapSize                   = 4096                                   {pd product} {ergonomic}     Size of code heap with non-nmethods (in bytes)
    uintx NonProfiledCodeHeapSize                  = 0                                      {pd product} {ergonomic}     Size of code heap with non-profiled methods (in bytes)
     bool PauseAtStartup                           = true                                   {diagnostic} {command line}  Causes the VM to pause at startup time and wait for the pause file to be removed (default: ./vm.paused.<pid>)
    uintx ProfiledCodeHeapSize                     = 0                                      {pd product} {ergonomic}     Size of code heap with profiled methods (in bytes)
   size_t SoftMaxHeapSize                          = 31675383808                            {manageable} {ergonomic}     Soft limit for maximum heap size (in bytes)
     bool THPStackMitigation                       = false                                  {diagnostic} {ergonomic}     If THPs are unconditionally enabled on the system (mode "always"), the JVM will prevent THP from forming in thread stacks. When disabled, the absence of this mitigationallows THPs to form in thread stacks.
     bool TieredCompilation                        = false                                  {pd product} {command line}  Enable tiered compilation
     bool TraceCallFixup                           = true                                      {develop} {command line}  Trace all call fixups
     bool UseBimorphicInlining                     = false                                  {C2 product} {command line}  Profiling based inlining for two receivers
     bool UseCompressedOops                        = true                           {product lp64_product} {ergonomic}   Use 32-bit object references in 64-bit VM. lp64_product means flag is always constant in 32 bit VM
     bool UseG1GC                                  = true                                      {product} {ergonomic}     Use the Garbage-First garbage collector

Logging:
Log output configuration:
 #0: stdout all=warning uptime,level,tags foldmultilines=false
 #1: stderr all=off uptime,level,tags foldmultilines=false

Environment Variables:
JAVA_HOME=/home/jatinbha/sandboxes/apx-release/jdk/build/linux-x86_64-server-slowdebug/images/jdk/
PATH=/home/jatinbha/sandboxes/apx-release/jdk/build/linux-x86_64-server-slowdebug/images/jdk//bin:/home/jatinbha/.local/bin:/home/jatinbha/bin:/home/jatinbha/softwares/cmake-3.28.3-linux-x86_64/bin:/home/jatinbha/softwares/cmake-3.26.3-linux-x86_64/bin:/home/jatinbha/softwares/jdk-17.0.2//bin:/home/jatinbha/softwares/thrift-0.16.0/bin:/home/jatinbha/softwares/jdk8u322-b06//bin:/home/jatinbha/softwares/jdk-17//bin:/home/jatinbha/softwares/apache-maven-3.6.3/bin:/home/jatinbha/sandboxes/skara/build/bin:/home/jatinbha/softwares/sde-internal-conf-9.36.0-2024-03-27-lin/:/usr/local/sbin:/usr/local/bin:/usr/sbin:/usr/bin:/sbin:/bin:/usr/games:/usr/local/games:/snap/bin
LD_LIBRARY_PATH=/home/jatinbha/softwares:
SHELL=/bin/bash
LANG=en_IN
TERM=xterm-256color

Active Locale:
LC_ALL=en_IN
LC_COLLATE=en_IN
LC_CTYPE=en_IN
LC_MESSAGES=en_IN
LC_MONETARY=en_IN
LC_NUMERIC=en_IN
LC_TIME=en_IN

Signal Handlers:
   SIGSEGV: crash_handler in libjvm.so, mask=11100100010111111101111111111110, flags=SA_RESTART|SA_SIGINFO, unblocked
    SIGBUS: crash_handler in libjvm.so, mask=11100100010111111101111111111110, flags=SA_RESTART|SA_SIGINFO, unblocked
    SIGFPE: crash_handler in libjvm.so, mask=11100100010111111101111111111110, flags=SA_RESTART|SA_SIGINFO, unblocked
   SIGPIPE: javaSignalHandler in libjvm.so, mask=11100100010111111101111111111110, flags=SA_RESTART|SA_SIGINFO, unblocked
   SIGXFSZ: javaSignalHandler in libjvm.so, mask=11100100010111111101111111111110, flags=SA_RESTART|SA_SIGINFO, unblocked
    SIGILL: crash_handler in libjvm.so, mask=11100100010111111101111111111110, flags=SA_RESTART|SA_SIGINFO, unblocked
   SIGUSR2: SR_handler in libjvm.so, mask=00000000000000000000000000000000, flags=SA_RESTART|SA_SIGINFO, unblocked
    SIGHUP: UserHandler in libjvm.so, mask=11100100010111111101111111111110, flags=SA_RESTART|SA_SIGINFO, unblocked
    SIGINT: UserHandler in libjvm.so, mask=11100100010111111101111111111110, flags=SA_RESTART|SA_SIGINFO, unblocked
   SIGTERM: UserHandler in libjvm.so, mask=11100100010111111101111111111110, flags=SA_RESTART|SA_SIGINFO, unblocked
   SIGQUIT: UserHandler in libjvm.so, mask=11100100010111111101111111111110, flags=SA_RESTART|SA_SIGINFO, blocked
   SIGTRAP: crash_handler in libjvm.so, mask=11100100010111111101111111111110, flags=SA_RESTART|SA_SIGINFO, unblocked


Native Memory Tracking:

(Omitting categories weighting less than 1KB)

Total: reserved=32972262KB, committed=2411958KB
       malloc: 201818KB #22893
       mmap:   reserved=32770444KB, committed=2210140KB

-                 Java Heap (reserved=30932992KB, committed=2113536KB)
                            (mmap: reserved=30932992KB, committed=2113536KB, at peak) 
 
-                     Class (reserved=1048648KB, committed=200KB)
                            (classes #536)
                            (  instance classes #446, array classes #90)
                            (malloc=72KB #1008) (at peak) 
                            (mmap: reserved=1048576KB, committed=128KB, at peak) 
                            (  Metadata:   )
                            (    reserved=65536KB, committed=192KB)
                            (    used=79KB)
                            (    waste=113KB =58.73%)
                            (  Class space:)
                            (    reserved=1048576KB, committed=128KB)
                            (    used=5KB)
                            (    waste=123KB =95.89%)
 
-                    Thread (reserved=16469KB, committed=781KB)
                            (threads #16)
                            (stack: reserved=16420KB, committed=732KB, peak=732KB)
                            (malloc=32KB #101) (peak=40KB #105) 
                            (arena=18KB #31) (peak=79KB #27)
 
-                      Code (reserved=49842KB, committed=2822KB)
                            (malloc=306KB #9746) (peak=306KB #9751) 
                            (mmap: reserved=49536KB, committed=2516KB, at peak) 
                            (arena=0KB #0) (peak=33KB #1)
 
-                        GC (reserved=793720KB, committed=230840KB)
                            (malloc=152764KB #1286) (at peak) 
                            (mmap: reserved=640956KB, committed=78076KB, at peak) 
 
-                 GCCardSet (reserved=29KB, committed=29KB)
                            (malloc=29KB #390) (at peak) 
 
-                  Compiler (reserved=435KB, committed=435KB)
                            (malloc=3KB #19) (peak=3KB #21) 
                            (arena=432KB #9) (peak=530KB #11)
 
-                  Internal (reserved=46504KB, committed=46504KB)
                            (malloc=46468KB #8149) (peak=46469KB #8150) 
                            (mmap: reserved=36KB, committed=36KB, at peak) 
 
-                    Symbol (reserved=1130KB, committed=1130KB)
                            (malloc=770KB #34) (at peak) 
                            (arena=360KB #1) (at peak)
 
-    Native Memory Tracking (reserved=364KB, committed=364KB)
                            (malloc=6KB #59) (at peak) 
                            (tracking overhead=358KB)
 
-        Shared class space (reserved=16384KB, committed=14916KB, readonly=0KB)
                            (mmap: reserved=16384KB, committed=14916KB, peak=15172KB) 
 
-               Arena Chunk (reserved=1KB, committed=1KB)
                            (malloc=1KB #52) (peak=909KB #58) 
 
-                 Arguments (reserved=0KB, committed=0KB)
                            (malloc=0KB #5) (peak=10KB #6) 
 
-                    Module (reserved=65KB, committed=65KB)
                            (malloc=65KB #1231) (at peak) 
 
-                 Safepoint (reserved=8KB, committed=8KB)
                            (mmap: reserved=8KB, committed=8KB, at peak) 
 
-           Synchronization (reserved=103KB, committed=103KB)
                            (malloc=103KB #773) (at peak) 
 
-            Serviceability (reserved=17KB, committed=17KB)
                            (malloc=17KB #10) (peak=17KB #14) 
 
-                 Metaspace (reserved=65549KB, committed=205KB)
                            (malloc=13KB #10) (at peak) 
                            (mmap: reserved=65536KB, committed=192KB, at peak) 
 
-      String Deduplication (reserved=1KB, committed=1KB)
                            (malloc=1KB #8) (at peak) 
 
-                   Unknown (reserved=0KB, committed=0KB)
                            (mmap: reserved=0KB, committed=0KB, peak=20KB) 
 
Preinit state:entries: 377 (primary: 377, empties: 7814), sum bytes: 14762, longest chain length: 1
pre-init mallocs: 409, pre-init reallocs: 5, pre-init frees: 32
MallocLimit: unset

Periodic native trim disabled

---------------  S Y S T E M  ---------------

OS:
DISTRIB_ID=Ubuntu
DISTRIB_RELEASE=20.04
DISTRIB_CODENAME=focal
DISTRIB_DESCRIPTION="Ubuntu 20.04.2 LTS"
uname: Linux intel-S2600WFT 5.8.0-41-generic #46~20.04.1-Ubuntu SMP Mon Jan 18 17:52:23 UTC 2021 x86_64
OS uptime: 8 days 0:48 hours
libc: glibc 2.31 NPTL 2.31 
rlimit (soft/hard): STACK 8192k/infinity , CORE 0k/infinity , NPROC 3090646/3090646 , NOFILE 1048576/1048576 , AS infinity/infinity , CPU infinity/infinity , DATA infinity/infinity , FSIZE infinity/infinity , MEMLOCK 65536k/65536k
load average: 0.15 0.06 0.03

/proc/meminfo:
MemTotal:       791263984 kB
MemFree:        722364896 kB
MemAvailable:   783215932 kB
Buffers:          981316 kB
Cached:         62176344 kB
SwapCached:            0 kB
Active:         17709160 kB
Inactive:       46567032 kB
Active(anon):    1108716 kB
Inactive(anon):     8576 kB
Active(file):   16600444 kB
Inactive(file): 46558456 kB
Unevictable:           0 kB
Mlocked:               0 kB
SwapTotal:       2097148 kB
SwapFree:        2097148 kB
Dirty:               916 kB
Writeback:             0 kB
AnonPages:       1118736 kB
Mapped:           405104 kB
Shmem:             11160 kB
KReclaimable:    2746316 kB
Slab:            3472144 kB
SReclaimable:    2746316 kB
SUnreclaim:       725828 kB
KernelStack:       26896 kB
PageTables:        14844 kB
NFS_Unstable:          0 kB
Bounce:                0 kB
WritebackTmp:          0 kB
CommitLimit:    397729140 kB
Committed_AS:    7646308 kB
VmallocTotal:   34359738367 kB
VmallocUsed:      462368 kB
VmallocChunk:          0 kB
Percpu:           128128 kB
HardwareCorrupted:     0 kB
AnonHugePages:         0 kB
ShmemHugePages:        0 kB
ShmemPmdMapped:        0 kB
FileHugePages:         0 kB
FilePmdMapped:         0 kB
HugePages_Total:       0
HugePages_Free:        0
HugePages_Rsvd:        0
HugePages_Surp:        0
Hugepagesize:       2048 kB
Hugetlb:               0 kB
DirectMap4k:     1228188 kB
DirectMap2M:    21528576 kB
DirectMap1G:    783286272 kB

/sys/kernel/mm/transparent_hugepage/enabled: always [madvise] never
/sys/kernel/mm/transparent_hugepage/hpage_pmd_size: 2097152
/sys/kernel/mm/transparent_hugepage/shmem_enabled: always within_size advise [never] deny force
/sys/kernel/mm/transparent_hugepage/defrag (defrag/compaction efforts parameter): always defer defer+madvise [madvise] never

Process Memory:
Virtual Size: 34214332K (peak: 34214332K)
Resident Set Size: 357920K (peak: 357920K) (anon: 320764K, file: 37156K, shmem: 0K)
Swapped out: 0K
C-Heap outstanding allocations: 203164K, retained: 1983K (may have wrapped)
glibc malloc tunables: (default)

/proc/sys/kernel/threads-max (system-wide limit on the number of threads): 6181293
/proc/sys/vm/max_map_count (maximum number of memory map areas a process may have): 65530
/proc/sys/vm/swappiness (control to define how aggressively the kernel swaps out anonymous memory): 60
/proc/sys/kernel/pid_max (system-wide limit on number of process identifiers): 4194304

container (cgroup) information:
container_type: cgroupv1
cpu_cpuset_cpus: 0-111
cpu_memory_nodes: 0-1
active_processor_count: 112
cpu_quota: no quota
cpu_period: 100000
cpu_shares: no shares
memory_limit_in_bytes: unlimited
memory_and_swap_limit_in_bytes: unlimited
memory_soft_limit_in_bytes: unlimited
memory_usage_in_bytes: 10372696 k
memory_max_usage_in_bytes: 32820072 k
rss_usage_in_bytes: 322476 k
cache_usage_in_bytes: 9640752 k
kernel_memory_usage_in_bytes: 393216 k
kernel_memory_max_usage_in_bytes: unlimited
kernel_memory_limit_in_bytes: 453376 k
maximum number of tasks: unlimited
current number of tasks: 20

Steal ticks since vm start: 0
Steal ticks percentage since vm start:  0.000

CPU: total 112 (initial active 112) (28 cores per cpu, 2 threads per core) family 6 model 85 stepping 7 microcode 0x5003006, cx8, cmov, fxsr, ht, mmx, 3dnowpref, sse, sse2, sse3, ssse3, sse4.1, sse4.2, popcnt, lzcnt, tsc, tscinvbit, avx, avx2, aes, erms, clmul, bmi1, bmi2, adx, avx512f, avx512dq, avx512cd, avx512bw, avx512vl, fma, vzeroupper, avx512_vnni, clflush, clflushopt, clwb, rdtscp, f16c, pku, ospke
CPU Model and flags from /proc/cpuinfo:
model name	: Intel(R) Xeon(R) Platinum 8280 CPU @ 2.70GHz
flags		: fpu vme de pse tsc msr pae mce cx8 apic sep mtrr pge mca cmov pat pse36 clflush dts acpi mmx fxsr sse sse2 ss ht tm pbe syscall nx pdpe1gb rdtscp lm constant_tsc art arch_perfmon pebs bts rep_good nopl xtopology nonstop_tsc cpuid aperfmperf pni pclmulqdq dtes64 monitor ds_cpl smx est tm2 ssse3 sdbg fma cx16 xtpr pdcm pcid dca sse4_1 sse4_2 x2apic movbe popcnt tsc_deadline_timer aes xsave avx f16c rdrand lahf_lm abm 3dnowprefetch cpuid_fault epb cat_l3 cdp_l3 invpcid_single ssbd mba ibrs ibpb stibp ibrs_enhanced fsgsbase tsc_adjust bmi1 avx2 smep bmi2 erms invpcid cqm mpx rdt_a avx512f avx512dq rdseed adx smap clflushopt clwb intel_pt avx512cd avx512bw avx512vl xsaveopt xsavec xgetbv1 xsaves cqm_llc cqm_occup_llc cqm_mbm_total cqm_mbm_local dtherm ida arat pln pts hwp hwp_act_window hwp_epp hwp_pkg_req pku ospke avx512_vnni md_clear flush_l1d arch_capabilities

Online cpus: 0-111
Offline cpus: 
cache level: 1
cache type: Data
cache size: 32K
cache coherency line size: 64
cache level: 1
cache type: Instruction
cache size: 32K
cache coherency line size: 64
cache level: 2
cache type: Unified
cache size: 1024K
cache coherency line size: 64
cache level: 3
cache type: Unified
cache size: 39424K
cache coherency line size: 64
BIOS frequency limitation: <Not Available>
Frequency switch latency (ns): 0
Available cpu frequencies: <Not Available>
Maximum cpu frequency: 4000000
Minimum cpu frequency: 1000000
Current cpu frequency: 1000528
Available governors: performance powersave
Current governor: powersave
Core performance/turbo boost: <Not Available>

Memory: 4k page, physical 791263984k(783215720k free), swap 2097148k(2097148k free)
Page Sizes: 4k

vm_info: OpenJDK 64-Bit Server VM (slowdebug 23-internal-adhoc.root.jdk) for linux-amd64 JRE (23-internal-adhoc.root.jdk), built on 2024-04-19T05:15:36Z with gcc 9.3.0

END.
