#
# A fatal error has been detected by the Java Runtime Environment:
#
#  Internal Error (/home/jatinbha/sandboxes/jdk/jdk/src/hotspot/share/opto/escape.cpp:2190), pid=1467179, tid=1467205
#  fatal error: EA unexpected CallLeaf unsafe_setmemory
#
# JRE version: OpenJDK Runtime Environment (23.0) (slowdebug build 23-internal-adhoc.root.jdk)
# Java VM: OpenJDK 64-Bit Server VM (slowdebug 23-internal-adhoc.root.jdk, mixed mode, sharing, tiered, compressed oops, compressed class ptrs, g1 gc, linux-amd64)
# Problematic frame:
# V  [libjvm.so+0xb9e049]  ConnectionGraph::process_call_arguments(CallNode*)+0xb49
#
# Core dump will be written. Default location: Core dumps may be processed with "/usr/share/apport/apport %p %s %c %d %P %E" (or dumping to /home/jatinbha/code/java/ea/core.1467179)
#
# If you would like to submit a bug report, please visit:
#   https://bugreport.java.com/bugreport/crash.jsp
#

---------------  S U M M A R Y ------------

Command Line: -XX:+PrintEscapeAnalysis test_ea 2

Host: intel-S2600WFT, Intel(R) Xeon(R) Platinum 8280 CPU @ 2.70GHz, 112 cores, 754G, Ubuntu 20.04.2 LTS
Time: Tue May  7 22:38:05 2024 IST elapsed time: 0.724643 seconds (0d 0h 0m 0s)

---------------  T H R E A D  ---------------

Current thread (0x00007fd8dc040690):  JavaThread "C2 CompilerThread4" daemon [_thread_in_native, id=1467205, stack(0x00007fd9677f8000,0x00007fd9678f9000) (1028K)]


Current CompileTask:
C2:724  141       4       test_ea::micro3 (73 bytes)

Stack: [0x00007fd9677f8000,0x00007fd9678f9000],  sp=0x00007fd9678f3bf0,  free space=1006k
Native frames: (J=compiled Java code, j=interpreted, Vv=VM code, C=native code)
V  [libjvm.so+0xb9e049]  ConnectionGraph::process_call_arguments(CallNode*)+0xb49  (escape.cpp:2190)
V  [libjvm.so+0xb9b926]  ConnectionGraph::add_final_edges(Node*)+0xac  (escape.cpp:1697)
V  [libjvm.so+0xb95ec8]  ConnectionGraph::compute_escape()+0x88c  (escape.cpp:256)
V  [libjvm.so+0xb95597]  ConnectionGraph::do_analysis(Compile*, PhaseIterGVN*)+0x11b  (escape.cpp:119)
V  [libjvm.so+0x9db81c]  Compile::Optimize()+0x7f0  (compile.cpp:2346)
V  [libjvm.so+0x9d4878]  Compile::Compile(ciEnv*, ciMethod*, int, Options, DirectiveSet*)+0x166a  (compile.cpp:863)
V  [libjvm.so+0x89c6f5]  C2Compiler::compile_method(ciEnv*, ciMethod*, int, bool, DirectiveSet*)+0x203  (c2compiler.cpp:142)
V  [libjvm.so+0x9f73f5]  CompileBroker::invoke_compiler_on_method(CompileTask*)+0x9ff  (compileBroker.cpp:2305)
V  [libjvm.so+0x9f5ec5]  CompileBroker::compiler_thread_loop()+0x411  (compileBroker.cpp:1963)
V  [libjvm.so+0xa1512c]  CompilerThread::thread_entry(JavaThread*, JavaThread*)+0x84  (compilerThread.cpp:68)
V  [libjvm.so+0xde9858]  JavaThread::thread_main_inner()+0x15a  (javaThread.cpp:761)
V  [libjvm.so+0xde96fa]  JavaThread::run()+0x1c0  (javaThread.cpp:746)
V  [libjvm.so+0x162a230]  Thread::call_run()+0x1a8  (thread.cpp:221)
V  [libjvm.so+0x12f9cac]  thread_native_entry(Thread*)+0x1c5  (os_linux.cpp:846)
Registers:
RAX=0x00007fd9d0b5d000, RBX=0x00007fd8fc07a488, RCX=0x00007fd9d088e148, RDX=0x0000000000000000
RSP=0x00007fd9678f3bf0, RBP=0x00007fd9678f3cd0, RSI=0x0000000000000200, RDI=0x00007fd9d088e150
R8 =0x0000000000000000, R9 =0x00007fd9cf7da778, R10=0x00007fd9cf14f148, R11=0x0000000000000000
R12=0x00007fd8fc07a550, R13=0x00007fd90806fea0, R14=0x00007fd967bfa6e0, R15=0x00007fd9678f7fc0
RIP=0x00007fd9ce9d9049, EFLAGS=0x0000000000010246, CSGSFS=0x002b000000000033, ERR=0x0000000000000006
  TRAPNO=0x000000000000000e


Register to memory mapping:

RAX=0x00007fd9d0b5d000 in mmap'd memory region [0x00007fd9d0b5d000 - 0x00007fd9d0b5e000], tag mtInternal
RBX=0x00007fd8fc07a488 points into unknown readable memory: 0x00007fd9d0770b20 | 20 0b 77 d0 d9 7f 00 00
RCX=0x00007fd9d088e148: <offset 0x0000000002a53148> in /home/jatinbha/sandboxes/jdk/jdk/build/linux-x86_64-server-slowdebug/images/jdk/lib/server/libjvm.so at 0x00007fd9cde3b000
RDX=0x0 is null
RSP=0x00007fd9678f3bf0 is pointing into the stack for thread: 0x00007fd8dc040690
RBP=0x00007fd9678f3cd0 is pointing into the stack for thread: 0x00007fd8dc040690
RSI=0x0000000000000200 is an unknown value
RDI=0x00007fd9d088e150: <offset 0x0000000002a53150> in /home/jatinbha/sandboxes/jdk/jdk/build/linux-x86_64-server-slowdebug/images/jdk/lib/server/libjvm.so at 0x00007fd9cde3b000
R8 =0x0 is null
R9 =0x00007fd9cf7da778: <offset 0x000000000199f778> in /home/jatinbha/sandboxes/jdk/jdk/build/linux-x86_64-server-slowdebug/images/jdk/lib/server/libjvm.so at 0x00007fd9cde3b000
R10=0x00007fd9cf14f148: <offset 0x0000000001314148> in /home/jatinbha/sandboxes/jdk/jdk/build/linux-x86_64-server-slowdebug/images/jdk/lib/server/libjvm.so at 0x00007fd9cde3b000
R11=0x0 is null
R12=0x00007fd8fc07a550 points into unknown readable memory: 0x00007fd9d07401d0 | d0 01 74 d0 d9 7f 00 00
R13=0x00007fd90806fea0 points into unknown readable memory: 0x00007fd9d06a29e0 | e0 29 6a d0 d9 7f 00 00
R14=0x00007fd967bfa6e0 is pointing into the stack for thread: 0x00007fd8f8051290
R15=0x00007fd9678f7fc0 is pointing into the stack for thread: 0x00007fd8dc040690

Top of Stack: (sp=0x00007fd9678f3bf0)
0x00007fd9678f3bf0:   00007fd8f00454e8 00007fd8fc07a488
0x00007fd9678f3c00:   00007fd9678f3c20 00000000dc040690
0x00007fd9678f3c10:   00007fd900000005 00007fd8fc07e8f8
0x00007fd9678f3c20:   00000001678f3c80 00007fd8d4002820
0x00007fd9678f3c30:   00007fd9678f3c60 00007fd9ce9e7d7c
0x00007fd9678f3c40:   00007fd9678f3c88 00007fd8fc07e8f8
0x00007fd9678f3c50:   00007fd9678f3c80 01007fd8fc07d248
0x00007fd9678f3c60:   00007fd9678f3c90 00007fd9ce9e6b91
0x00007fd9678f3c70:   00007fd8fc07d1c0 00007fd8fc07e8c0
0x00007fd9678f3c80:   00007fd908082e68 00007fd8fc00aff0
0x00007fd9678f3c90:   00007fd908082c68 00007fd8dc0860e8
0x00007fd9678f3ca0:   000000b8678f3cd0 00007fd8f00454e8
0x00007fd9678f3cb0:   00007fd9678f3cd0 00007fd9ce4e45e4
0x00007fd9678f3cc0:   000000b8fc07a488 00007fd8fc07a488
0x00007fd9678f3cd0:   00007fd9678f3d90 00007fd9ce9d6926
0x00007fd9678f3ce0:   00007fd8f00454e8 00007fd8fc07a488
0x00007fd9678f3cf0:   00007fd800043338 00007fd9678f3e70
0x00007fd9678f3d00:   00000019678f3d40 00007fd9cf0dd220
0x00007fd9678f3d10:   00007fd9678f3d30 0000000000000000
0x00007fd9678f3d20:   00007fd8dc043338 00007fd9678f3e70
0x00007fd9678f3d30:   000000b8678f3d70 00007fd9678f4238
0x00007fd9678f3d40:   0000000a678f3d70 0100000000000005
0x00007fd9678f3d50:   00007fd9678f3d90 00007fd9ce824d1a
0x00007fd9678f3d60:   00000001dc043301 00007fd9678f4200
0x00007fd9678f3d70:   00007fd8fc04ee50 00007fd8f00454e8
0x00007fd9678f3d80:   00007fd9678f3e70 00007fd8fc07a488
0x00007fd9678f3d90:   00007fd9678f4310 00007fd9ce9d0ec8
0x00007fd9678f3da0:   00007fd9678f3de0 00007fd8fc07a488
0x00007fd9678f3db0:   00007fd9678f3dd0 00000001000002c5
0x00007fd9678f3dc0:   00007fd8d40011a0 00007fd9678f3e50
0x00007fd9678f3dd0:   00000007678f3e10 00007fd8d80226c8
0x00007fd9678f3de0:   00007fd9678f3e10 00007fd9cf0dd350 

Instructions: (pc=0x00007fd9ce9d9049)
0x00007fd9ce9d8f49:   00 00 48 8b 85 20 ff ff ff 48 89 c7 e8 2c d1 00
0x00007fd9ce9d8f59:   00 48 8b 80 a8 00 00 00 48 8d 35 1a f9 f6 00 48
0x00007fd9ce9d8f69:   89 c7 e8 80 9f 84 ff 85 c0 0f 84 af 00 00 00 48
0x00007fd9ce9d8f79:   8b 85 20 ff ff ff 48 89 c7 e8 ff d0 00 00 48 8b
0x00007fd9ce9d8f89:   80 a8 00 00 00 48 8d 35 07 f9 f6 00 48 89 c7 e8
0x00007fd9ce9d8f99:   53 9f 84 ff 85 c0 0f 84 82 00 00 00 48 8b 85 20
0x00007fd9ce9d8fa9:   ff ff ff 48 89 c7 e8 d2 d0 00 00 48 8b 80 a8 00
0x00007fd9ce9d8fb9:   00 00 48 8d 35 ed f8 f6 00 48 89 c7 e8 26 9f 84
0x00007fd9ce9d8fc9:   ff 85 c0 74 59 48 8b 85 20 ff ff ff 48 89 c7 e8
0x00007fd9ce9d8fd9:   a9 d0 00 00 48 8b 80 a8 00 00 00 48 8d 35 d3 f8
0x00007fd9ce9d8fe9:   f6 00 48 89 c7 e8 fd 9e 84 ff 85 c0 74 30 48 8b
0x00007fd9ce9d8ff9:   85 20 ff ff ff 48 89 c7 e8 80 d0 00 00 48 8b 80
0x00007fd9ce9d9009:   a8 00 00 00 48 8d 35 bf f8 f6 00 48 89 c7 e8 d4
0x00007fd9ce9d9019:   9e 84 ff 85 c0 74 07 b8 01 00 00 00 eb 05 b8 00
0x00007fd9ce9d9029:   00 00 00 84 c0 74 57 48 8b 85 20 ff ff ff 48 89
0x00007fd9ce9d9039:   c7 e8 8b ce 70 00 48 8d 05 82 31 dd 01 48 8b 00
0x00007fd9ce9d9049:   c6 00 58 48 8b 85 20 ff ff ff 48 89 c7 e8 2b d0
0x00007fd9ce9d9059:   00 00 48 8b 80 a8 00 00 00 49 89 c0 48 8d 0d 7e
0x00007fd9ce9d9069:   f8 f6 00 ba 8e 08 00 00 48 8d 35 c8 d9 f6 00 bf
0x00007fd9ce9d9079:   00 00 00 e0 b8 00 00 00 00 e8 85 65 ed ff 8b 85
0x00007fd9ce9d9089:   54 ff ff ff 83 f8 01 7e 12 0f b6 85 3f ff ff ff
0x00007fd9ce9d9099:   83 f0 01 84 c0 0f 85 c8 01 00 00 c7 85 44 ff ff
0x00007fd9ce9d90a9:   ff 02 00 00 00 48 8b 85 20 ff ff ff 48 89 c7 e8
0x00007fd9ce9d90b9:   05 b4 b0 ff 84 c0 74 6d 48 8b 85 20 ff ff ff 48
0x00007fd9ce9d90c9:   89 c7 e8 12 b4 b0 ff 48 89 45 d0 48 8b 45 d0 48
0x00007fd9ce9d90d9:   89 c7 e8 3c cd b0 ff 84 c0 75 30 48 8b 45 d0 48
0x00007fd9ce9d90e9:   89 c7 e8 16 cc b0 ff 84 c0 75 20 48 8b 45 d0 48
0x00007fd9ce9d90f9:   89 c7 e8 32 ce b0 ff 84 c0 75 10 48 8b 45 d0 48
0x00007fd9ce9d9109:   89 c7 e8 38 cf b0 ff 84 c0 74 07 b8 01 00 00 00
0x00007fd9ce9d9119:   eb 05 b8 00 00 00 00 84 c0 74 0a c7 85 44 ff ff
0x00007fd9ce9d9129:   ff 01 00 00 00 48 8b 95 20 ff ff ff 48 8b 85 28
0x00007fd9ce9d9139:   ff ff ff 48 89 d6 48 89 c7 e8 61 c9 00 00 48 89 


Stack slot to memory mapping:

stack at sp + 0 slots: 0x00007fd8f00454e8 points into unknown readable memory: 0x00007fd9d076a438 | 38 a4 76 d0 d9 7f 00 00
stack at sp + 1 slots: 0x00007fd8fc07a488 points into unknown readable memory: 0x00007fd9d0770b20 | 20 0b 77 d0 d9 7f 00 00
stack at sp + 2 slots: 0x00007fd9678f3c20 is pointing into the stack for thread: 0x00007fd8dc040690
stack at sp + 3 slots: 0x00000000dc040690 in mmap'd memory region [0x00000000a0000000 - 0x0000000800000000], tag mtJavaHeap
stack at sp + 4 slots: 0x00007fd900000005 points into unknown readable memory: 7f 00 00
stack at sp + 5 slots: 0x00007fd8fc07e8f8 points into unknown readable memory: 0x00007fd9d0770b20 | 20 0b 77 d0 d9 7f 00 00
stack at sp + 6 slots: 0x00000001678f3c80 is an unallocated location in the heap
stack at sp + 7 slots: 0x00007fd8d4002820 into live malloced block starting at 0x00007fd8d40020e0, size 32744, tag mtChunk

Lock stack of current Java thread (top to bottom):


---------------  P R O C E S S  ---------------

uid  : 1000 euid : 1000 gid  : 1000 egid : 1000

umask: 0002 (-------w-)

Threads class SMR info:
_java_thread_list=0x00007fd8dc03bae0, length=19, elements={
0x00007fd9c8380ef0, 0x00007fd9c8382800, 0x00007fd9c8384b40, 0x00007fd9c8386490,
0x00007fd9c8387ca0, 0x00007fd9c8389820, 0x00007fd9c838b1b0, 0x00007fd9c83b3290,
0x00007fd9c83c21d0, 0x00007fd8fc037ab0, 0x00007fd8f800d9e0, 0x00007fd8f800ef30,
0x00007fd8f80104b0, 0x00007fd8f8011a40, 0x00007fd8f8051290, 0x00007fd8dc03da60,
0x00007fd8dc03f190, 0x00007fd8dc040690, 0x00007fd9c802ba50
}
_java_thread_list_alloc_cnt=22, _java_thread_list_free_cnt=20, _java_thread_list_max=19, _nested_thread_list_max=0
_tlh_cnt=29, _tlh_times=0, avg_tlh_time=0.00, _tlh_time_max=0
_deleted_thread_cnt=1, _deleted_thread_times=0, avg_deleted_thread_time=0.00, _deleted_thread_time_max=0
_delete_lock_wait_cnt=0, _delete_lock_wait_max=0
_to_delete_list_cnt=0, _to_delete_list_max=1

Java Threads: ( => current thread )
  0x00007fd9c8380ef0 JavaThread "Reference Handler"          daemon [_thread_blocked, id=1467188, stack(0x00007fd974b66000,0x00007fd974c67000) (1028K)]
  0x00007fd9c8382800 JavaThread "Finalizer"                  daemon [_thread_blocked, id=1467189, stack(0x00007fd974a65000,0x00007fd974b66000) (1028K)]
  0x00007fd9c8384b40 JavaThread "Signal Dispatcher"          daemon [_thread_blocked, id=1467190, stack(0x00007fd974964000,0x00007fd974a65000) (1028K)]
  0x00007fd9c8386490 JavaThread "Service Thread"             daemon [_thread_blocked, id=1467191, stack(0x00007fd974863000,0x00007fd974964000) (1028K)]
  0x00007fd9c8387ca0 JavaThread "Monitor Deflation Thread"   daemon [_thread_blocked, id=1467192, stack(0x00007fd974762000,0x00007fd974863000) (1028K)]
  0x00007fd9c8389820 JavaThread "C2 CompilerThread0"         daemon [_thread_blocked, id=1467193, stack(0x00007fd974661000,0x00007fd974762000) (1028K)]
  0x00007fd9c838b1b0 JavaThread "C1 CompilerThread0"         daemon [_thread_blocked, id=1467194, stack(0x00007fd974560000,0x00007fd974661000) (1028K)]
  0x00007fd9c83b3290 JavaThread "Notification Thread"        daemon [_thread_blocked, id=1467195, stack(0x00007fd97445f000,0x00007fd974560000) (1028K)]
  0x00007fd9c83c21d0 JavaThread "Common-Cleaner"             daemon [_thread_blocked, id=1467196, stack(0x00007fd9741f3000,0x00007fd9742f4000) (1028K)]
  0x00007fd8fc037ab0 JavaThread "C1 CompilerThread1"         daemon [_thread_blocked, id=1467197, stack(0x00007fd9740f2000,0x00007fd9741f3000) (1028K)]
  0x00007fd8f800d9e0 JavaThread "C1 CompilerThread2"         daemon [_thread_blocked, id=1467198, stack(0x00007fd967eff000,0x00007fd968000000) (1028K)]
  0x00007fd8f800ef30 JavaThread "C1 CompilerThread3"         daemon [_thread_blocked, id=1467199, stack(0x00007fd967dfe000,0x00007fd967eff000) (1028K)]
  0x00007fd8f80104b0 JavaThread "C1 CompilerThread4"         daemon [_thread_blocked, id=1467200, stack(0x00007fd967cfd000,0x00007fd967dfe000) (1028K)]
  0x00007fd8f8011a40 JavaThread "C1 CompilerThread5"         daemon [_thread_blocked, id=1467201, stack(0x00007fd967bfc000,0x00007fd967cfd000) (1028K)]
  0x00007fd8f8051290 JavaThread "C2 CompilerThread1"         daemon [_thread_blocked, id=1467202, stack(0x00007fd967afb000,0x00007fd967bfc000) (1028K)]
  0x00007fd8dc03da60 JavaThread "C2 CompilerThread2"         daemon [_thread_blocked, id=1467203, stack(0x00007fd9679fa000,0x00007fd967afb000) (1028K)]
  0x00007fd8dc03f190 JavaThread "C2 CompilerThread3"         daemon [_thread_blocked, id=1467204, stack(0x00007fd9678f9000,0x00007fd9679fa000) (1028K)]
=>0x00007fd8dc040690 JavaThread "C2 CompilerThread4"         daemon [_thread_in_native, id=1467205, stack(0x00007fd9677f8000,0x00007fd9678f9000) (1028K)]
  0x00007fd9c802ba50 JavaThread "DestroyJavaVM"                     [_thread_blocked, id=1467180, stack(0x00007fd9cdbe0000,0x00007fd9cdce1000) (1028K)]
Total: 19

Other Threads:
  0x00007fd9c833f960 VMThread "VM Thread"                           [id=1467187, stack(0x00007fd9751d8000,0x00007fd9752d8000) (1024K)]
  0x00007fd9c8266020 WatcherThread "VM Periodic Task Thread"        [id=1467186, stack(0x00007fd9752d9000,0x00007fd9753d9000) (1024K)]
  0x00007fd9c806b1e0 WorkerThread "GC Thread#0"                     [id=1467181, stack(0x00007fd988288000,0x00007fd988388000) (1024K)]
  0x00007fd9c807f560 ConcurrentGCThread "G1 Main Marker"            [id=1467182, stack(0x00007fd988187000,0x00007fd988287000) (1024K)]
  0x00007fd9c8080800 WorkerThread "G1 Conc#0"                       [id=1467183, stack(0x00007fd988086000,0x00007fd988186000) (1024K)]
  0x00007fd9c823c740 ConcurrentGCThread "G1 Refine#0"               [id=1467184, stack(0x00007fd9755b7000,0x00007fd9756b7000) (1024K)]
  0x00007fd9c823d980 ConcurrentGCThread "G1 Service"                [id=1467185, stack(0x00007fd9754b6000,0x00007fd9755b6000) (1024K)]
Total: 7

Threads with active compile tasks:
C2 CompilerThread4  2395  141       4       test_ea::micro3 (73 bytes)
Total: 1

VM state: not at safepoint (normal execution)

VM Mutex/Monitor currently owned by a thread: None

Heap address: 0x00000000a0000000, size: 30208 MB, Compressed Oops mode: Zero based, Oop shift amount: 3

CDS archive(s) mapped at: [0x00007fd926000000-0x00007fd926d6b000-0x00007fd926d6b000), size 14069760, SharedBaseAddress: 0x00007fd926000000, ArchiveRelocationMode: 1.
Compressed class space mapped at: 0x00007fd927000000-0x00007fd967000000, reserved size: 1073741824
Narrow klass base: 0x00007fd926000000, Narrow klass shift: 0, Narrow klass range: 0x100000000

GC Precious Log:
 CardTable entry size: 512
 Card Set container configuration: InlinePtr #cards 3 size 8 Array Of Cards #cards 128 size 272 Howl #buckets 8 coarsen threshold 29491 Howl Bitmap #cards 4096 size 528 coarsen threshold 3686 Card regions per heap region 1 cards per card region 32768
 CPUs: 112 total, 112 available
 Memory: 754G
 Large Page Support: Disabled
 NUMA Support: Disabled
 Compressed Oops: Enabled (Zero based)
 Heap Region Size: 16M
 Heap Min Capacity: 16M
 Heap Initial Capacity: 2G
 Heap Max Capacity: 30208M
 Pre-touch: Disabled
 Parallel Workers: 73
 Concurrent Workers: 18
 Concurrent Refinement Workers: 73
 Periodic GC: Disabled

Heap:
 garbage-first heap   total reserved 30932992K, committed 2113536K, used 17451K [0x00000000a0000000, 0x0000000800000000)
  region size 16384K, 2 young (32768K), 0 survivors (0K)
 Metaspace       used 707K, committed 832K, reserved 1114112K
  class space    used 51K, committed 128K, reserved 1048576K

Heap Regions: E=young(eden), S=young(survivor), O=old, HS=humongous(starts), HC=humongous(continues), CS=collection set, F=free, TAMS=top-at-mark-start, PB=parsable bottom
|   0|0x00000000a0000000, 0x00000000a0000000, 0x00000000a1000000|  0%| F|  |TAMS 0x00000000a0000000| PB 0x00000000a0000000| Untracked |  0
|   1|0x00000000a1000000, 0x00000000a1000000, 0x00000000a2000000|  0%| F|  |TAMS 0x00000000a1000000| PB 0x00000000a1000000| Untracked |  0
|   2|0x00000000a2000000, 0x00000000a2000000, 0x00000000a3000000|  0%| F|  |TAMS 0x00000000a2000000| PB 0x00000000a2000000| Untracked |  0
|   3|0x00000000a3000000, 0x00000000a3000000, 0x00000000a4000000|  0%| F|  |TAMS 0x00000000a3000000| PB 0x00000000a3000000| Untracked |  0
|   4|0x00000000a4000000, 0x00000000a4000000, 0x00000000a5000000|  0%| F|  |TAMS 0x00000000a4000000| PB 0x00000000a4000000| Untracked |  0
|   5|0x00000000a5000000, 0x00000000a5000000, 0x00000000a6000000|  0%| F|  |TAMS 0x00000000a5000000| PB 0x00000000a5000000| Untracked |  0
|   6|0x00000000a6000000, 0x00000000a6000000, 0x00000000a7000000|  0%| F|  |TAMS 0x00000000a6000000| PB 0x00000000a6000000| Untracked |  0
|   7|0x00000000a7000000, 0x00000000a7000000, 0x00000000a8000000|  0%| F|  |TAMS 0x00000000a7000000| PB 0x00000000a7000000| Untracked |  0
|   8|0x00000000a8000000, 0x00000000a8000000, 0x00000000a9000000|  0%| F|  |TAMS 0x00000000a8000000| PB 0x00000000a8000000| Untracked |  0
|   9|0x00000000a9000000, 0x00000000a9000000, 0x00000000aa000000|  0%| F|  |TAMS 0x00000000a9000000| PB 0x00000000a9000000| Untracked |  0
|  10|0x00000000aa000000, 0x00000000aa000000, 0x00000000ab000000|  0%| F|  |TAMS 0x00000000aa000000| PB 0x00000000aa000000| Untracked |  0
|  11|0x00000000ab000000, 0x00000000ab000000, 0x00000000ac000000|  0%| F|  |TAMS 0x00000000ab000000| PB 0x00000000ab000000| Untracked |  0
|  12|0x00000000ac000000, 0x00000000ac000000, 0x00000000ad000000|  0%| F|  |TAMS 0x00000000ac000000| PB 0x00000000ac000000| Untracked |  0
|  13|0x00000000ad000000, 0x00000000ad000000, 0x00000000ae000000|  0%| F|  |TAMS 0x00000000ad000000| PB 0x00000000ad000000| Untracked |  0
|  14|0x00000000ae000000, 0x00000000ae000000, 0x00000000af000000|  0%| F|  |TAMS 0x00000000ae000000| PB 0x00000000ae000000| Untracked |  0
|  15|0x00000000af000000, 0x00000000af000000, 0x00000000b0000000|  0%| F|  |TAMS 0x00000000af000000| PB 0x00000000af000000| Untracked |  0
|  16|0x00000000b0000000, 0x00000000b0000000, 0x00000000b1000000|  0%| F|  |TAMS 0x00000000b0000000| PB 0x00000000b0000000| Untracked |  0
|  17|0x00000000b1000000, 0x00000000b1000000, 0x00000000b2000000|  0%| F|  |TAMS 0x00000000b1000000| PB 0x00000000b1000000| Untracked |  0
|  18|0x00000000b2000000, 0x00000000b2000000, 0x00000000b3000000|  0%| F|  |TAMS 0x00000000b2000000| PB 0x00000000b2000000| Untracked |  0
|  19|0x00000000b3000000, 0x00000000b3000000, 0x00000000b4000000|  0%| F|  |TAMS 0x00000000b3000000| PB 0x00000000b3000000| Untracked |  0
|  20|0x00000000b4000000, 0x00000000b4000000, 0x00000000b5000000|  0%| F|  |TAMS 0x00000000b4000000| PB 0x00000000b4000000| Untracked |  0
|  21|0x00000000b5000000, 0x00000000b5000000, 0x00000000b6000000|  0%| F|  |TAMS 0x00000000b5000000| PB 0x00000000b5000000| Untracked |  0
|  22|0x00000000b6000000, 0x00000000b6000000, 0x00000000b7000000|  0%| F|  |TAMS 0x00000000b6000000| PB 0x00000000b6000000| Untracked |  0
|  23|0x00000000b7000000, 0x00000000b7000000, 0x00000000b8000000|  0%| F|  |TAMS 0x00000000b7000000| PB 0x00000000b7000000| Untracked |  0
|  24|0x00000000b8000000, 0x00000000b8000000, 0x00000000b9000000|  0%| F|  |TAMS 0x00000000b8000000| PB 0x00000000b8000000| Untracked |  0
|  25|0x00000000b9000000, 0x00000000b9000000, 0x00000000ba000000|  0%| F|  |TAMS 0x00000000b9000000| PB 0x00000000b9000000| Untracked |  0
|  26|0x00000000ba000000, 0x00000000ba000000, 0x00000000bb000000|  0%| F|  |TAMS 0x00000000ba000000| PB 0x00000000ba000000| Untracked |  0
|  27|0x00000000bb000000, 0x00000000bb000000, 0x00000000bc000000|  0%| F|  |TAMS 0x00000000bb000000| PB 0x00000000bb000000| Untracked |  0
|  28|0x00000000bc000000, 0x00000000bc000000, 0x00000000bd000000|  0%| F|  |TAMS 0x00000000bc000000| PB 0x00000000bc000000| Untracked |  0
|  29|0x00000000bd000000, 0x00000000bd000000, 0x00000000be000000|  0%| F|  |TAMS 0x00000000bd000000| PB 0x00000000bd000000| Untracked |  0
|  30|0x00000000be000000, 0x00000000be000000, 0x00000000bf000000|  0%| F|  |TAMS 0x00000000be000000| PB 0x00000000be000000| Untracked |  0
|  31|0x00000000bf000000, 0x00000000bf000000, 0x00000000c0000000|  0%| F|  |TAMS 0x00000000bf000000| PB 0x00000000bf000000| Untracked |  0
|  32|0x00000000c0000000, 0x00000000c0000000, 0x00000000c1000000|  0%| F|  |TAMS 0x00000000c0000000| PB 0x00000000c0000000| Untracked |  0
|  33|0x00000000c1000000, 0x00000000c1000000, 0x00000000c2000000|  0%| F|  |TAMS 0x00000000c1000000| PB 0x00000000c1000000| Untracked |  0
|  34|0x00000000c2000000, 0x00000000c2000000, 0x00000000c3000000|  0%| F|  |TAMS 0x00000000c2000000| PB 0x00000000c2000000| Untracked |  0
|  35|0x00000000c3000000, 0x00000000c3000000, 0x00000000c4000000|  0%| F|  |TAMS 0x00000000c3000000| PB 0x00000000c3000000| Untracked |  0
|  36|0x00000000c4000000, 0x00000000c4000000, 0x00000000c5000000|  0%| F|  |TAMS 0x00000000c4000000| PB 0x00000000c4000000| Untracked |  0
|  37|0x00000000c5000000, 0x00000000c5000000, 0x00000000c6000000|  0%| F|  |TAMS 0x00000000c5000000| PB 0x00000000c5000000| Untracked |  0
|  38|0x00000000c6000000, 0x00000000c6000000, 0x00000000c7000000|  0%| F|  |TAMS 0x00000000c6000000| PB 0x00000000c6000000| Untracked |  0
|  39|0x00000000c7000000, 0x00000000c7000000, 0x00000000c8000000|  0%| F|  |TAMS 0x00000000c7000000| PB 0x00000000c7000000| Untracked |  0
|  40|0x00000000c8000000, 0x00000000c8000000, 0x00000000c9000000|  0%| F|  |TAMS 0x00000000c8000000| PB 0x00000000c8000000| Untracked |  0
|  41|0x00000000c9000000, 0x00000000c9000000, 0x00000000ca000000|  0%| F|  |TAMS 0x00000000c9000000| PB 0x00000000c9000000| Untracked |  0
|  42|0x00000000ca000000, 0x00000000ca000000, 0x00000000cb000000|  0%| F|  |TAMS 0x00000000ca000000| PB 0x00000000ca000000| Untracked |  0
|  43|0x00000000cb000000, 0x00000000cb000000, 0x00000000cc000000|  0%| F|  |TAMS 0x00000000cb000000| PB 0x00000000cb000000| Untracked |  0
|  44|0x00000000cc000000, 0x00000000cc000000, 0x00000000cd000000|  0%| F|  |TAMS 0x00000000cc000000| PB 0x00000000cc000000| Untracked |  0
|  45|0x00000000cd000000, 0x00000000cd000000, 0x00000000ce000000|  0%| F|  |TAMS 0x00000000cd000000| PB 0x00000000cd000000| Untracked |  0
|  46|0x00000000ce000000, 0x00000000ce000000, 0x00000000cf000000|  0%| F|  |TAMS 0x00000000ce000000| PB 0x00000000ce000000| Untracked |  0
|  47|0x00000000cf000000, 0x00000000cf000000, 0x00000000d0000000|  0%| F|  |TAMS 0x00000000cf000000| PB 0x00000000cf000000| Untracked |  0
|  48|0x00000000d0000000, 0x00000000d0000000, 0x00000000d1000000|  0%| F|  |TAMS 0x00000000d0000000| PB 0x00000000d0000000| Untracked |  0
|  49|0x00000000d1000000, 0x00000000d1000000, 0x00000000d2000000|  0%| F|  |TAMS 0x00000000d1000000| PB 0x00000000d1000000| Untracked |  0
|  50|0x00000000d2000000, 0x00000000d2000000, 0x00000000d3000000|  0%| F|  |TAMS 0x00000000d2000000| PB 0x00000000d2000000| Untracked |  0
|  51|0x00000000d3000000, 0x00000000d3000000, 0x00000000d4000000|  0%| F|  |TAMS 0x00000000d3000000| PB 0x00000000d3000000| Untracked |  0
|  52|0x00000000d4000000, 0x00000000d4000000, 0x00000000d5000000|  0%| F|  |TAMS 0x00000000d4000000| PB 0x00000000d4000000| Untracked |  0
|  53|0x00000000d5000000, 0x00000000d5000000, 0x00000000d6000000|  0%| F|  |TAMS 0x00000000d5000000| PB 0x00000000d5000000| Untracked |  0
|  54|0x00000000d6000000, 0x00000000d6000000, 0x00000000d7000000|  0%| F|  |TAMS 0x00000000d6000000| PB 0x00000000d6000000| Untracked |  0
|  55|0x00000000d7000000, 0x00000000d7000000, 0x00000000d8000000|  0%| F|  |TAMS 0x00000000d7000000| PB 0x00000000d7000000| Untracked |  0
|  56|0x00000000d8000000, 0x00000000d8000000, 0x00000000d9000000|  0%| F|  |TAMS 0x00000000d8000000| PB 0x00000000d8000000| Untracked |  0
|  57|0x00000000d9000000, 0x00000000d9000000, 0x00000000da000000|  0%| F|  |TAMS 0x00000000d9000000| PB 0x00000000d9000000| Untracked |  0
|  58|0x00000000da000000, 0x00000000da000000, 0x00000000db000000|  0%| F|  |TAMS 0x00000000da000000| PB 0x00000000da000000| Untracked |  0
|  59|0x00000000db000000, 0x00000000db000000, 0x00000000dc000000|  0%| F|  |TAMS 0x00000000db000000| PB 0x00000000db000000| Untracked |  0
|  60|0x00000000dc000000, 0x00000000dc000000, 0x00000000dd000000|  0%| F|  |TAMS 0x00000000dc000000| PB 0x00000000dc000000| Untracked |  0
|  61|0x00000000dd000000, 0x00000000dd000000, 0x00000000de000000|  0%| F|  |TAMS 0x00000000dd000000| PB 0x00000000dd000000| Untracked |  0
|  62|0x00000000de000000, 0x00000000de000000, 0x00000000df000000|  0%| F|  |TAMS 0x00000000de000000| PB 0x00000000de000000| Untracked |  0
|  63|0x00000000df000000, 0x00000000df000000, 0x00000000e0000000|  0%| F|  |TAMS 0x00000000df000000| PB 0x00000000df000000| Untracked |  0
|  64|0x00000000e0000000, 0x00000000e0000000, 0x00000000e1000000|  0%| F|  |TAMS 0x00000000e0000000| PB 0x00000000e0000000| Untracked |  0
|  65|0x00000000e1000000, 0x00000000e1000000, 0x00000000e2000000|  0%| F|  |TAMS 0x00000000e1000000| PB 0x00000000e1000000| Untracked |  0
|  66|0x00000000e2000000, 0x00000000e2000000, 0x00000000e3000000|  0%| F|  |TAMS 0x00000000e2000000| PB 0x00000000e2000000| Untracked |  0
|  67|0x00000000e3000000, 0x00000000e3000000, 0x00000000e4000000|  0%| F|  |TAMS 0x00000000e3000000| PB 0x00000000e3000000| Untracked |  0
|  68|0x00000000e4000000, 0x00000000e4000000, 0x00000000e5000000|  0%| F|  |TAMS 0x00000000e4000000| PB 0x00000000e4000000| Untracked |  0
|  69|0x00000000e5000000, 0x00000000e5000000, 0x00000000e6000000|  0%| F|  |TAMS 0x00000000e5000000| PB 0x00000000e5000000| Untracked |  0
|  70|0x00000000e6000000, 0x00000000e6000000, 0x00000000e7000000|  0%| F|  |TAMS 0x00000000e6000000| PB 0x00000000e6000000| Untracked |  0
|  71|0x00000000e7000000, 0x00000000e7000000, 0x00000000e8000000|  0%| F|  |TAMS 0x00000000e7000000| PB 0x00000000e7000000| Untracked |  0
|  72|0x00000000e8000000, 0x00000000e8000000, 0x00000000e9000000|  0%| F|  |TAMS 0x00000000e8000000| PB 0x00000000e8000000| Untracked |  0
|  73|0x00000000e9000000, 0x00000000e9000000, 0x00000000ea000000|  0%| F|  |TAMS 0x00000000e9000000| PB 0x00000000e9000000| Untracked |  0
|  74|0x00000000ea000000, 0x00000000ea000000, 0x00000000eb000000|  0%| F|  |TAMS 0x00000000ea000000| PB 0x00000000ea000000| Untracked |  0
|  75|0x00000000eb000000, 0x00000000eb000000, 0x00000000ec000000|  0%| F|  |TAMS 0x00000000eb000000| PB 0x00000000eb000000| Untracked |  0
|  76|0x00000000ec000000, 0x00000000ec000000, 0x00000000ed000000|  0%| F|  |TAMS 0x00000000ec000000| PB 0x00000000ec000000| Untracked |  0
|  77|0x00000000ed000000, 0x00000000ed000000, 0x00000000ee000000|  0%| F|  |TAMS 0x00000000ed000000| PB 0x00000000ed000000| Untracked |  0
|  78|0x00000000ee000000, 0x00000000ee000000, 0x00000000ef000000|  0%| F|  |TAMS 0x00000000ee000000| PB 0x00000000ee000000| Untracked |  0
|  79|0x00000000ef000000, 0x00000000ef000000, 0x00000000f0000000|  0%| F|  |TAMS 0x00000000ef000000| PB 0x00000000ef000000| Untracked |  0
|  80|0x00000000f0000000, 0x00000000f0000000, 0x00000000f1000000|  0%| F|  |TAMS 0x00000000f0000000| PB 0x00000000f0000000| Untracked |  0
|  81|0x00000000f1000000, 0x00000000f1000000, 0x00000000f2000000|  0%| F|  |TAMS 0x00000000f1000000| PB 0x00000000f1000000| Untracked |  0
|  82|0x00000000f2000000, 0x00000000f2000000, 0x00000000f3000000|  0%| F|  |TAMS 0x00000000f2000000| PB 0x00000000f2000000| Untracked |  0
|  83|0x00000000f3000000, 0x00000000f3000000, 0x00000000f4000000|  0%| F|  |TAMS 0x00000000f3000000| PB 0x00000000f3000000| Untracked |  0
|  84|0x00000000f4000000, 0x00000000f4000000, 0x00000000f5000000|  0%| F|  |TAMS 0x00000000f4000000| PB 0x00000000f4000000| Untracked |  0
|  85|0x00000000f5000000, 0x00000000f5000000, 0x00000000f6000000|  0%| F|  |TAMS 0x00000000f5000000| PB 0x00000000f5000000| Untracked |  0
|  86|0x00000000f6000000, 0x00000000f6000000, 0x00000000f7000000|  0%| F|  |TAMS 0x00000000f6000000| PB 0x00000000f6000000| Untracked |  0
|  87|0x00000000f7000000, 0x00000000f7000000, 0x00000000f8000000|  0%| F|  |TAMS 0x00000000f7000000| PB 0x00000000f7000000| Untracked |  0
|  88|0x00000000f8000000, 0x00000000f8000000, 0x00000000f9000000|  0%| F|  |TAMS 0x00000000f8000000| PB 0x00000000f8000000| Untracked |  0
|  89|0x00000000f9000000, 0x00000000f9000000, 0x00000000fa000000|  0%| F|  |TAMS 0x00000000f9000000| PB 0x00000000f9000000| Untracked |  0
|  90|0x00000000fa000000, 0x00000000fa000000, 0x00000000fb000000|  0%| F|  |TAMS 0x00000000fa000000| PB 0x00000000fa000000| Untracked |  0
|  91|0x00000000fb000000, 0x00000000fb000000, 0x00000000fc000000|  0%| F|  |TAMS 0x00000000fb000000| PB 0x00000000fb000000| Untracked |  0
|  92|0x00000000fc000000, 0x00000000fc000000, 0x00000000fd000000|  0%| F|  |TAMS 0x00000000fc000000| PB 0x00000000fc000000| Untracked |  0
|  93|0x00000000fd000000, 0x00000000fd000000, 0x00000000fe000000|  0%| F|  |TAMS 0x00000000fd000000| PB 0x00000000fd000000| Untracked |  0
|  94|0x00000000fe000000, 0x00000000fe000000, 0x00000000ff000000|  0%| F|  |TAMS 0x00000000fe000000| PB 0x00000000fe000000| Untracked |  0
|  95|0x00000000ff000000, 0x00000000ff000000, 0x0000000100000000|  0%| F|  |TAMS 0x00000000ff000000| PB 0x00000000ff000000| Untracked |  0
|  96|0x0000000100000000, 0x0000000100000000, 0x0000000101000000|  0%| F|  |TAMS 0x0000000100000000| PB 0x0000000100000000| Untracked |  0
|  97|0x0000000101000000, 0x0000000101000000, 0x0000000102000000|  0%| F|  |TAMS 0x0000000101000000| PB 0x0000000101000000| Untracked |  0
|  98|0x0000000102000000, 0x0000000102000000, 0x0000000103000000|  0%| F|  |TAMS 0x0000000102000000| PB 0x0000000102000000| Untracked |  0
|  99|0x0000000103000000, 0x0000000103000000, 0x0000000104000000|  0%| F|  |TAMS 0x0000000103000000| PB 0x0000000103000000| Untracked |  0
| 100|0x0000000104000000, 0x0000000104000000, 0x0000000105000000|  0%| F|  |TAMS 0x0000000104000000| PB 0x0000000104000000| Untracked |  0
| 101|0x0000000105000000, 0x0000000105000000, 0x0000000106000000|  0%| F|  |TAMS 0x0000000105000000| PB 0x0000000105000000| Untracked |  0
| 102|0x0000000106000000, 0x0000000106000000, 0x0000000107000000|  0%| F|  |TAMS 0x0000000106000000| PB 0x0000000106000000| Untracked |  0
| 103|0x0000000107000000, 0x0000000107000000, 0x0000000108000000|  0%| F|  |TAMS 0x0000000107000000| PB 0x0000000107000000| Untracked |  0
| 104|0x0000000108000000, 0x0000000108000000, 0x0000000109000000|  0%| F|  |TAMS 0x0000000108000000| PB 0x0000000108000000| Untracked |  0
| 105|0x0000000109000000, 0x0000000109000000, 0x000000010a000000|  0%| F|  |TAMS 0x0000000109000000| PB 0x0000000109000000| Untracked |  0
| 106|0x000000010a000000, 0x000000010a000000, 0x000000010b000000|  0%| F|  |TAMS 0x000000010a000000| PB 0x000000010a000000| Untracked |  0
| 107|0x000000010b000000, 0x000000010b000000, 0x000000010c000000|  0%| F|  |TAMS 0x000000010b000000| PB 0x000000010b000000| Untracked |  0
| 108|0x000000010c000000, 0x000000010c000000, 0x000000010d000000|  0%| F|  |TAMS 0x000000010c000000| PB 0x000000010c000000| Untracked |  0
| 109|0x000000010d000000, 0x000000010d000000, 0x000000010e000000|  0%| F|  |TAMS 0x000000010d000000| PB 0x000000010d000000| Untracked |  0
| 110|0x000000010e000000, 0x000000010e000000, 0x000000010f000000|  0%| F|  |TAMS 0x000000010e000000| PB 0x000000010e000000| Untracked |  0
| 111|0x000000010f000000, 0x000000010f000000, 0x0000000110000000|  0%| F|  |TAMS 0x000000010f000000| PB 0x000000010f000000| Untracked |  0
| 112|0x0000000110000000, 0x0000000110000000, 0x0000000111000000|  0%| F|  |TAMS 0x0000000110000000| PB 0x0000000110000000| Untracked |  0
| 113|0x0000000111000000, 0x0000000111000000, 0x0000000112000000|  0%| F|  |TAMS 0x0000000111000000| PB 0x0000000111000000| Untracked |  0
| 114|0x0000000112000000, 0x0000000112000000, 0x0000000113000000|  0%| F|  |TAMS 0x0000000112000000| PB 0x0000000112000000| Untracked |  0
| 115|0x0000000113000000, 0x0000000113000000, 0x0000000114000000|  0%| F|  |TAMS 0x0000000113000000| PB 0x0000000113000000| Untracked |  0
| 116|0x0000000114000000, 0x0000000114000000, 0x0000000115000000|  0%| F|  |TAMS 0x0000000114000000| PB 0x0000000114000000| Untracked |  0
| 117|0x0000000115000000, 0x0000000115000000, 0x0000000116000000|  0%| F|  |TAMS 0x0000000115000000| PB 0x0000000115000000| Untracked |  0
| 118|0x0000000116000000, 0x0000000116000000, 0x0000000117000000|  0%| F|  |TAMS 0x0000000116000000| PB 0x0000000116000000| Untracked |  0
| 119|0x0000000117000000, 0x0000000117000000, 0x0000000118000000|  0%| F|  |TAMS 0x0000000117000000| PB 0x0000000117000000| Untracked |  0
| 120|0x0000000118000000, 0x0000000118000000, 0x0000000119000000|  0%| F|  |TAMS 0x0000000118000000| PB 0x0000000118000000| Untracked |  0
| 121|0x0000000119000000, 0x0000000119000000, 0x000000011a000000|  0%| F|  |TAMS 0x0000000119000000| PB 0x0000000119000000| Untracked |  0
| 122|0x000000011a000000, 0x000000011a000000, 0x000000011b000000|  0%| F|  |TAMS 0x000000011a000000| PB 0x000000011a000000| Untracked |  0
| 123|0x000000011b000000, 0x000000011b000000, 0x000000011c000000|  0%| F|  |TAMS 0x000000011b000000| PB 0x000000011b000000| Untracked |  0
| 124|0x000000011c000000, 0x000000011c000000, 0x000000011d000000|  0%| F|  |TAMS 0x000000011c000000| PB 0x000000011c000000| Untracked |  0
| 125|0x000000011d000000, 0x000000011d000000, 0x000000011e000000|  0%| F|  |TAMS 0x000000011d000000| PB 0x000000011d000000| Untracked |  0
| 126|0x000000011e000000, 0x000000011e3d7138, 0x000000011f000000| 24%| E|  |TAMS 0x000000011e000000| PB 0x000000011e000000| Complete |  0
| 127|0x000000011f000000, 0x0000000120000000, 0x0000000120000000|100%| E|CS|TAMS 0x000000011f000000| PB 0x000000011f000000| Complete |  0
|1887|0x00000007ff000000, 0x00000007ff10add8, 0x0000000800000000|  6%| O|  |TAMS 0x00000007ff000000| PB 0x00000007ff000000| Untracked |  0

Card table byte_map: [0x00007fd9a5f77000,0x00007fd9a9a77000] _byte_map_base: 0x00007fd9a5a77000

Marking Bits: (CMBitMap*) 0x00007fd9c806bf20
 Bits: [0x00007fd988777000, 0x00007fd9a5f77000)

Polling page: 0x00007fd9d0b16000

Metaspace:

Usage:
  Non-class:    655.84 KB used.
      Class:     51.30 KB used.
       Both:    707.14 KB used.

Virtual space:
  Non-class space:       64.00 MB reserved,     704.00 KB (  1%) committed,  1 nodes.
      Class space:        1.00 GB reserved,     128.00 KB ( <1%) committed,  1 nodes.
             Both:        1.06 GB reserved,     832.00 KB ( <1%) committed. 

Chunk freelists:
   Non-Class:  11.97 MB
       Class:  15.74 MB
        Both:  27.70 MB

MaxMetaspaceSize: unlimited
CompressedClassSpaceSize: 1.00 GB
Initial GC threshold: 21.00 MB
Current GC threshold: 21.00 MB
CDS: on
 - commit_granule_bytes: 65536.
 - commit_granule_words: 8192.
 - virtual_space_node_default_size: 8388608.
 - enlarge_chunks_in_place: 1.
 - use_allocation_guard: 0.


Internal statistics:

num_allocs: 6008.
num_deallocs: 12.
num_allocs_from_deallocated_blocks: 25.
num_chunks_retired: 1.
num_allocs_failed_limit: 0.
num_arena_births: 28.
num_arena_deaths: 0.
num_vsnodes_births: 2.
num_vsnodes_deaths: 0.
num_space_committed: 13.
num_space_uncommitted: 0.
num_chunks_returned_to_freelist: 0.
num_chunks_taken_from_freelist: 30.
num_chunk_merges: 0.
num_chunk_splits: 22.
num_chunks_enlarged: 24.
num_inconsistent_stats: 0.

CodeHeap 'non-profiled nmethods': size=118596Kb used=88Kb max_used=88Kb free=118508Kb
 bounds [0x00007fd9b82c3000, 0x00007fd9b8533000, 0x00007fd9bf694000]
CodeHeap 'profiled nmethods': size=118588Kb used=201Kb max_used=201Kb free=118386Kb
 bounds [0x00007fd9b0694000, 0x00007fd9b0904000, 0x00007fd9b7a63000]
CodeHeap 'non-nmethods': size=8576Kb used=4941Kb max_used=4967Kb free=3634Kb
 bounds [0x00007fd9b7a63000, 0x00007fd9b7f43000, 0x00007fd9b82c3000]
CodeCache: size=245760Kb, used=5230Kb, max_used=5256Kb, free=240528Kb
 total_blobs=972, nmethods=207, adapters=675, full_count=0
Compilation: enabled, stopped_count=0, restarted_count=0

Compilation events (20 events):
Event: 0.668 Thread 0x00007fd8f800d9e0 nmethod 177 0x00007fd9b06be088 code [0x00007fd9b06be200, 0x00007fd9b06be468]
Event: 0.668 Thread 0x00007fd8fc037ab0  187       3       java.lang.invoke.MethodType::<init> (15 bytes)
Event: 0.668 Thread 0x00007fd9c838b1b0  189       3       jdk.internal.util.ReferencedKeySet::get (27 bytes)
Event: 0.668 Thread 0x00007fd8f800d9e0  185       3       java.lang.invoke.MemberName::initResolved (53 bytes)
Event: 0.669 Thread 0x00007fd8f800ef30 nmethod 180 0x00007fd9b06be508 code [0x00007fd9b06be620, 0x00007fd9b06be788]
Event: 0.669 Thread 0x00007fd8f800ef30  193       3       java.lang.invoke.LambdaForm$Name::initIndex (26 bytes)
Event: 0.671 Thread 0x00007fd8fc037ab0 nmethod 187 0x00007fd9b06be808 code [0x00007fd9b06be9a0, 0x00007fd9b06bec60]
Event: 0.671 Thread 0x00007fd8fc037ab0  196       3       jdk.internal.org.objectweb.asm.ByteVector::putByte (39 bytes)
Event: 0.672 Thread 0x00007fd8f800d9e0 nmethod 185 0x00007fd9b06bec88 code [0x00007fd9b06bede0, 0x00007fd9b06befe8]
Event: 0.672 Thread 0x00007fd8f800d9e0  191       3       java.util.Arrays::copyOfRange (82 bytes)
Event: 0.673 Thread 0x00007fd8f800ef30 nmethod 193 0x00007fd9b06bf008 code [0x00007fd9b06bf140, 0x00007fd9b06bf2e8]
Event: 0.673 Thread 0x00007fd8f800ef30  194       3       java.lang.AbstractStringBuilder::isLatin1 (19 bytes)
Event: 0.675 Thread 0x00007fd9c838b1b0 nmethod 189 0x00007fd9b06bf308 code [0x00007fd9b06bf5c0, 0x00007fd9b06c0158]
Event: 0.675 Thread 0x00007fd9c838b1b0  200       3       sun.invoke.util.VerifyAccess::isTypeVisible (118 bytes)
Event: 0.675 Thread 0x00007fd8fc037ab0 nmethod 196 0x00007fd9b06c0208 code [0x00007fd9b06c03a0, 0x00007fd9b06c0628]
Event: 0.675 Thread 0x00007fd8fc037ab0  204       3       java.lang.String::getBytes (44 bytes)
Event: 0.676 Thread 0x00007fd8f800ef30 nmethod 194 0x00007fd9b06c0688 code [0x00007fd9b06c07c0, 0x00007fd9b06c0938]
Event: 0.676 Thread 0x00007fd8f800ef30  199       3       java.lang.StringBuilder::length (5 bytes)
Event: 0.678 Thread 0x00007fd8f800ef30 nmethod 199 0x00007fd9b06c0988 code [0x00007fd9b06c0aa0, 0x00007fd9b06c0bc8]
Event: 0.678 Thread 0x00007fd8f800ef30  197       1       java.lang.AbstractStringBuilder::getValue (5 bytes)

GC Heap History (0 events):
No events

Dll operation events (3 events):
Event: 0.005 Loaded shared library /home/jatinbha/sandboxes/jdk/jdk/build/linux-x86_64-server-slowdebug/images/jdk/lib/libjava.so
Event: 0.329 Loaded shared library /home/jatinbha/sandboxes/jdk/jdk/build/linux-x86_64-server-slowdebug/images/jdk/lib/libsimdsort.so
Event: 0.329 Loaded shared library /home/jatinbha/sandboxes/jdk/jdk/build/linux-x86_64-server-slowdebug/images/jdk/lib/libjsvml.so

Deoptimization events (0 events):
No events

Classes loaded (20 events):
Event: 0.473 Loading class java/lang/foreign/ValueLayout$OfLong done
Event: 0.473 Loading class jdk/internal/foreign/layout/ValueLayouts$OfLongImpl done
Event: 0.474 Loading class jdk/internal/foreign/layout/ValueLayouts$OfFloatImpl
Event: 0.474 Loading class java/lang/foreign/ValueLayout$OfFloat
Event: 0.475 Loading class java/lang/foreign/ValueLayout$OfFloat done
Event: 0.475 Loading class jdk/internal/foreign/layout/ValueLayouts$OfFloatImpl done
Event: 0.476 Loading class jdk/internal/foreign/layout/ValueLayouts$OfDoubleImpl
Event: 0.476 Loading class java/lang/foreign/ValueLayout$OfDouble
Event: 0.477 Loading class java/lang/foreign/ValueLayout$OfDouble done
Event: 0.477 Loading class jdk/internal/foreign/layout/ValueLayouts$OfDoubleImpl done
Event: 0.479 Loading class jdk/internal/foreign/GlobalSession$HeapSession
Event: 0.479 Loading class jdk/internal/foreign/GlobalSession$HeapSession done
Event: 0.480 Loading class jdk/internal/foreign/Utils$1VarHandleCache
Event: 0.480 Loading class jdk/internal/foreign/Utils$1VarHandleCache done
Event: 0.481 Loading class java/lang/invoke/VarHandleSegmentAsInts
Event: 0.482 Loading class java/lang/invoke/VarHandleSegmentViewBase
Event: 0.482 Loading class java/lang/invoke/VarHandleSegmentViewBase done
Event: 0.482 Loading class java/lang/invoke/VarHandleSegmentAsInts done
Event: 0.585 Loading class jdk/internal/foreign/MemorySessionImpl$ResourceList
Event: 0.586 Loading class jdk/internal/foreign/MemorySessionImpl$ResourceList done

Classes unloaded (0 events):
No events

Classes redefined (0 events):
No events

Internal exceptions (4 events):
Event: 0.453 Thread 0x00007fd9c802ba50 Exception <a 'java/lang/NoSuchMethodError'{0x000000011f02b478}: 'int java.lang.invoke.DirectMethodHandle$Holder.invokeStaticInit(java.lang.Object, int)'> (0x000000011f02b478) 
thrown [/home/jatinbha/sandboxes/jdk/jdk/src/hotspot/share/interpreter/linkResolver.cpp, line 795]
Event: 0.457 Thread 0x00007fd9c802ba50 Exception <a 'java/lang/NoSuchMethodError'{0x000000011f02f088}: 'long java.lang.invoke.DirectMethodHandle$Holder.invokeStatic(java.lang.Object, java.lang.Object)'> (0x000000011f02f088) 
thrown [/home/jatinbha/sandboxes/jdk/jdk/src/hotspot/share/interpreter/linkResolver.cpp, line 795]
Event: 0.459 Thread 0x00007fd9c802ba50 Exception <a 'java/lang/NoSuchMethodError'{0x000000011f032490}: 'long java.lang.invoke.DirectMethodHandle$Holder.invokeStaticInit(java.lang.Object, java.lang.Object)'> (0x000000011f032490) 
thrown [/home/jatinbha/sandboxes/jdk/jdk/src/hotspot/share/interpreter/linkResolver.cpp, line 795]
Event: 0.461 Thread 0x00007fd9c802ba50 Exception <a 'java/lang/NoSuchMethodError'{0x000000011f038dc8}: 'java.lang.Object java.lang.invoke.DirectMethodHandle$Holder.invokeStaticInit(java.lang.Object, long, long, long)'> (0x000000011f038dc8) 
thrown [/home/jatinbha/sandboxes/jdk/jdk/src/hotspot/share/interpreter/linkResolver.cpp, line 795]

VM Operations (0 events):
No events

Memory protections (19 events):
Event: 0.004 Protecting memory [0x00007fd9cdbe0000,0x00007fd9cdbe4000] with protection modes 0
Event: 0.300 Protecting memory [0x00007fd974b66000,0x00007fd974b6a000] with protection modes 0
Event: 0.300 Protecting memory [0x00007fd974a65000,0x00007fd974a69000] with protection modes 0
Event: 0.302 Protecting memory [0x00007fd974964000,0x00007fd974968000] with protection modes 0
Event: 0.302 Protecting memory [0x00007fd974863000,0x00007fd974867000] with protection modes 0
Event: 0.302 Protecting memory [0x00007fd974762000,0x00007fd974766000] with protection modes 0
Event: 0.302 Protecting memory [0x00007fd974661000,0x00007fd974665000] with protection modes 0
Event: 0.303 Protecting memory [0x00007fd974560000,0x00007fd974564000] with protection modes 0
Event: 0.326 Protecting memory [0x00007fd97445f000,0x00007fd974463000] with protection modes 0
Event: 0.334 Protecting memory [0x00007fd9741f3000,0x00007fd9741f7000] with protection modes 0
Event: 0.461 Protecting memory [0x00007fd9740f2000,0x00007fd9740f6000] with protection modes 0
Event: 0.490 Protecting memory [0x00007fd967eff000,0x00007fd967f03000] with protection modes 0
Event: 0.490 Protecting memory [0x00007fd967dfe000,0x00007fd967e02000] with protection modes 0
Event: 0.490 Protecting memory [0x00007fd967cfd000,0x00007fd967d01000] with protection modes 0
Event: 0.490 Protecting memory [0x00007fd967bfc000,0x00007fd967c00000] with protection modes 0
Event: 0.514 Protecting memory [0x00007fd967afb000,0x00007fd967aff000] with protection modes 0
Event: 0.559 Protecting memory [0x00007fd9679fa000,0x00007fd9679fe000] with protection modes 0
Event: 0.559 Protecting memory [0x00007fd9678f9000,0x00007fd9678fd000] with protection modes 0
Event: 0.559 Protecting memory [0x00007fd9677f8000,0x00007fd9677fc000] with protection modes 0

Nmethod flushes (0 events):
No events

Events (19 events):
Event: 0.141 Thread 0x00007fd9c802ba50 Thread added: 0x00007fd9c802ba50
Event: 0.300 Thread 0x00007fd9c802ba50 Thread added: 0x00007fd9c8380ef0
Event: 0.300 Thread 0x00007fd9c802ba50 Thread added: 0x00007fd9c8382800
Event: 0.302 Thread 0x00007fd9c802ba50 Thread added: 0x00007fd9c8384b40
Event: 0.302 Thread 0x00007fd9c802ba50 Thread added: 0x00007fd9c8386490
Event: 0.302 Thread 0x00007fd9c802ba50 Thread added: 0x00007fd9c8387ca0
Event: 0.302 Thread 0x00007fd9c802ba50 Thread added: 0x00007fd9c8389820
Event: 0.303 Thread 0x00007fd9c802ba50 Thread added: 0x00007fd9c838b1b0
Event: 0.326 Thread 0x00007fd9c802ba50 Thread added: 0x00007fd9c83b3290
Event: 0.334 Thread 0x00007fd9c802ba50 Thread added: 0x00007fd9c83c21d0
Event: 0.461 Thread 0x00007fd9c838b1b0 Thread added: 0x00007fd8fc037ab0
Event: 0.490 Thread 0x00007fd8fc037ab0 Thread added: 0x00007fd8f800d9e0
Event: 0.490 Thread 0x00007fd8fc037ab0 Thread added: 0x00007fd8f800ef30
Event: 0.490 Thread 0x00007fd8fc037ab0 Thread added: 0x00007fd8f80104b0
Event: 0.490 Thread 0x00007fd8fc037ab0 Thread added: 0x00007fd8f8011a40
Event: 0.514 Thread 0x00007fd8fc037ab0 Thread added: 0x00007fd8f8051290
Event: 0.559 Thread 0x00007fd8f8051290 Thread added: 0x00007fd8dc03da60
Event: 0.559 Thread 0x00007fd8f8051290 Thread added: 0x00007fd8dc03f190
Event: 0.559 Thread 0x00007fd8f8051290 Thread added: 0x00007fd8dc040690


Dynamic libraries:
a0000000-120000000 rw-p 00000000 00:00 0 
120000000-7ff000000 ---p 00000000 00:00 0 
7ff000000-7ff10b000 rw-p 00d9e000 08:02 25352146                         /home/jatinbha/sandboxes/jdk/jdk/build/linux-x86_64-server-slowdebug/images/jdk/lib/server/classes.jsa
7ff10b000-800000000 rw-p 00000000 00:00 0 
560c170b5000-560c170b6000 r--p 00000000 08:02 25351559                   /home/jatinbha/sandboxes/jdk/jdk/build/linux-x86_64-server-slowdebug/images/jdk/bin/java
560c170b6000-560c170b7000 r-xp 00001000 08:02 25351559                   /home/jatinbha/sandboxes/jdk/jdk/build/linux-x86_64-server-slowdebug/images/jdk/bin/java
560c170b7000-560c170b8000 r--p 00002000 08:02 25351559                   /home/jatinbha/sandboxes/jdk/jdk/build/linux-x86_64-server-slowdebug/images/jdk/bin/java
560c170b8000-560c170b9000 r--p 00002000 08:02 25351559                   /home/jatinbha/sandboxes/jdk/jdk/build/linux-x86_64-server-slowdebug/images/jdk/bin/java
560c170b9000-560c170ba000 rw-p 00003000 08:02 25351559                   /home/jatinbha/sandboxes/jdk/jdk/build/linux-x86_64-server-slowdebug/images/jdk/bin/java
560c17381000-560c173c7000 rw-p 00000000 00:00 0                          [heap]
7fd8d3899000-7fd8d4000000 rw-p 00000000 00:00 0 
7fd8d4000000-7fd8d4038000 rw-p 00000000 00:00 0 
7fd8d4038000-7fd8d8000000 ---p 00000000 00:00 0 
7fd8d8000000-7fd8d806e000 rw-p 00000000 00:00 0 
7fd8d806e000-7fd8dc000000 ---p 00000000 00:00 0 
7fd8dc000000-7fd8dc0d7000 rw-p 00000000 00:00 0 
7fd8dc0d7000-7fd8e0000000 ---p 00000000 00:00 0 
7fd8e0000000-7fd8e002c000 rw-p 00000000 00:00 0 
7fd8e002c000-7fd8e4000000 ---p 00000000 00:00 0 
7fd8e4000000-7fd8e403f000 rw-p 00000000 00:00 0 
7fd8e403f000-7fd8e8000000 ---p 00000000 00:00 0 
7fd8e8000000-7fd8e805a000 rw-p 00000000 00:00 0 
7fd8e805a000-7fd8ec000000 ---p 00000000 00:00 0 
7fd8ec000000-7fd8ec057000 rw-p 00000000 00:00 0 
7fd8ec057000-7fd8f0000000 ---p 00000000 00:00 0 
7fd8f0000000-7fd8f0059000 rw-p 00000000 00:00 0 
7fd8f0059000-7fd8f4000000 ---p 00000000 00:00 0 
7fd8f4000000-7fd8f4021000 rw-p 00000000 00:00 0 
7fd8f4021000-7fd8f8000000 ---p 00000000 00:00 0 
7fd8f8000000-7fd8f80a3000 rw-p 00000000 00:00 0 
7fd8f80a3000-7fd8fc000000 ---p 00000000 00:00 0 
7fd8fc000000-7fd8fc12f000 rw-p 00000000 00:00 0 
7fd8fc12f000-7fd900000000 ---p 00000000 00:00 0 
7fd900000000-7fd900021000 rw-p 00000000 00:00 0 
7fd900021000-7fd904000000 ---p 00000000 00:00 0 
7fd904000000-7fd904021000 rw-p 00000000 00:00 0 
7fd904021000-7fd908000000 ---p 00000000 00:00 0 
7fd908000000-7fd908190000 rw-p 00000000 00:00 0 
7fd908190000-7fd90c000000 ---p 00000000 00:00 0 
7fd90c000000-7fd90c021000 rw-p 00000000 00:00 0 
7fd90c021000-7fd910000000 ---p 00000000 00:00 0 
7fd910000000-7fd910021000 rw-p 00000000 00:00 0 
7fd910021000-7fd914000000 ---p 00000000 00:00 0 
7fd914000000-7fd914021000 rw-p 00000000 00:00 0 
7fd914021000-7fd918000000 ---p 00000000 00:00 0 
7fd918000000-7fd918021000 rw-p 00000000 00:00 0 
7fd918021000-7fd91c000000 ---p 00000000 00:00 0 
7fd91c000000-7fd91c021000 rw-p 00000000 00:00 0 
7fd91c021000-7fd920000000 ---p 00000000 00:00 0 
7fd9202af000-7fd9220a0000 rw-p 00000000 00:00 0 
7fd9220a0000-7fd922400000 ---p 00000000 00:00 0 
7fd922400000-7fd922410000 rw-p 00000000 00:00 0 
7fd922410000-7fd926000000 ---p 00000000 00:00 0 
7fd926000000-7fd926d6b000 rw-p 00001000 08:02 25352146                   /home/jatinbha/sandboxes/jdk/jdk/build/linux-x86_64-server-slowdebug/images/jdk/lib/server/classes.jsa
7fd926d6b000-7fd927000000 ---p 00000000 00:00 0 
7fd927000000-7fd927010000 rw-p 00000000 00:00 0 
7fd927010000-7fd927040000 ---p 00000000 00:00 0 
7fd927040000-7fd927050000 rw-p 00000000 00:00 0 
7fd927050000-7fd967000000 ---p 00000000 00:00 0 
7fd967091000-7fd9677f8000 rw-p 00000000 00:00 0 
7fd9677f8000-7fd9677fc000 ---p 00000000 00:00 0 
7fd9677fc000-7fd9678f9000 rw-p 00000000 00:00 0 
7fd9678f9000-7fd9678fd000 ---p 00000000 00:00 0 
7fd9678fd000-7fd9679fa000 rw-p 00000000 00:00 0 
7fd9679fa000-7fd9679fe000 ---p 00000000 00:00 0 
7fd9679fe000-7fd967afb000 rw-p 00000000 00:00 0 
7fd967afb000-7fd967aff000 ---p 00000000 00:00 0 
7fd967aff000-7fd967bfc000 rw-p 00000000 00:00 0 
7fd967bfc000-7fd967c00000 ---p 00000000 00:00 0 
7fd967c00000-7fd967cfd000 rw-p 00000000 00:00 0 
7fd967cfd000-7fd967d01000 ---p 00000000 00:00 0 
7fd967d01000-7fd967dfe000 rw-p 00000000 00:00 0 
7fd967dfe000-7fd967e02000 ---p 00000000 00:00 0 
7fd967e02000-7fd967eff000 rw-p 00000000 00:00 0 
7fd967eff000-7fd967f03000 ---p 00000000 00:00 0 
7fd967f03000-7fd968000000 rw-p 00000000 00:00 0 
7fd968000000-7fd968021000 rw-p 00000000 00:00 0 
7fd968021000-7fd96c000000 ---p 00000000 00:00 0 
7fd96c000000-7fd96c021000 rw-p 00000000 00:00 0 
7fd96c021000-7fd970000000 ---p 00000000 00:00 0 
7fd970000000-7fd970021000 rw-p 00000000 00:00 0 
7fd970021000-7fd974000000 ---p 00000000 00:00 0 
7fd9740f2000-7fd9740f6000 ---p 00000000 00:00 0 
7fd9740f6000-7fd9741f3000 rw-p 00000000 00:00 0 
7fd9741f3000-7fd9741f7000 ---p 00000000 00:00 0 
7fd9741f7000-7fd9742f4000 rw-p 00000000 00:00 0 
7fd9742f4000-7fd9742f8000 r--p 00000000 08:02 25351622                   /home/jatinbha/sandboxes/jdk/jdk/build/linux-x86_64-server-slowdebug/images/jdk/lib/libjsvml.so
7fd9742f8000-7fd974339000 r-xp 00004000 08:02 25351622                   /home/jatinbha/sandboxes/jdk/jdk/build/linux-x86_64-server-slowdebug/images/jdk/lib/libjsvml.so
7fd974339000-7fd9743c2000 r--p 00045000 08:02 25351622                   /home/jatinbha/sandboxes/jdk/jdk/build/linux-x86_64-server-slowdebug/images/jdk/lib/libjsvml.so
7fd9743c2000-7fd9743c3000 r--p 000cd000 08:02 25351622                   /home/jatinbha/sandboxes/jdk/jdk/build/linux-x86_64-server-slowdebug/images/jdk/lib/libjsvml.so
7fd9743c3000-7fd9743c4000 rw-p 000ce000 08:02 25351622                   /home/jatinbha/sandboxes/jdk/jdk/build/linux-x86_64-server-slowdebug/images/jdk/lib/libjsvml.so
7fd9743c4000-7fd9743c7000 r--p 00000000 08:02 25351572                   /home/jatinbha/sandboxes/jdk/jdk/build/linux-x86_64-server-slowdebug/images/jdk/lib/libsimdsort.so
7fd9743c7000-7fd97444c000 r-xp 00003000 08:02 25351572                   /home/jatinbha/sandboxes/jdk/jdk/build/linux-x86_64-server-slowdebug/images/jdk/lib/libsimdsort.so
7fd97444c000-7fd97445d000 r--p 00088000 08:02 25351572                   /home/jatinbha/sandboxes/jdk/jdk/build/linux-x86_64-server-slowdebug/images/jdk/lib/libsimdsort.so
7fd97445d000-7fd97445e000 r--p 00098000 08:02 25351572                   /home/jatinbha/sandboxes/jdk/jdk/build/linux-x86_64-server-slowdebug/images/jdk/lib/libsimdsort.so
7fd97445e000-7fd97445f000 rw-p 00099000 08:02 25351572                   /home/jatinbha/sandboxes/jdk/jdk/build/linux-x86_64-server-slowdebug/images/jdk/lib/libsimdsort.so
7fd97445f000-7fd974463000 ---p 00000000 00:00 0 
7fd974463000-7fd974560000 rw-p 00000000 00:00 0 
7fd974560000-7fd974564000 ---p 00000000 00:00 0 
7fd974564000-7fd974661000 rw-p 00000000 00:00 0 
7fd974661000-7fd974665000 ---p 00000000 00:00 0 
7fd974665000-7fd974762000 rw-p 00000000 00:00 0 
7fd974762000-7fd974766000 ---p 00000000 00:00 0 
7fd974766000-7fd974863000 rw-p 00000000 00:00 0 
7fd974863000-7fd974867000 ---p 00000000 00:00 0 
7fd974867000-7fd974964000 rw-p 00000000 00:00 0 
7fd974964000-7fd974968000 ---p 00000000 00:00 0 
7fd974968000-7fd974a65000 rw-p 00000000 00:00 0 
7fd974a65000-7fd974a69000 ---p 00000000 00:00 0 
7fd974a69000-7fd974b66000 rw-p 00000000 00:00 0 
7fd974b66000-7fd974b6a000 ---p 00000000 00:00 0 
7fd974b6a000-7fd974c67000 rw-p 00000000 00:00 0 
7fd974c67000-7fd9751d7000 r--p 00000000 08:02 7078745                    /usr/lib/locale/locale-archive
7fd9751d7000-7fd9751d8000 ---p 00000000 00:00 0 
7fd9751d8000-7fd9752d8000 rw-p 00000000 00:00 0 
7fd9752d8000-7fd9752d9000 ---p 00000000 00:00 0 
7fd9752d9000-7fd9754b5000 rw-p 00000000 00:00 0 
7fd9754b5000-7fd9754b6000 ---p 00000000 00:00 0 
7fd9754b6000-7fd9755b6000 rw-p 00000000 00:00 0 
7fd9755b6000-7fd9755b7000 ---p 00000000 00:00 0 
7fd9755b7000-7fd97c000000 rw-p 00000000 00:00 0 
7fd97c000000-7fd97c021000 rw-p 00000000 00:00 0 
7fd97c021000-7fd980000000 ---p 00000000 00:00 0 
7fd980000000-7fd980021000 rw-p 00000000 00:00 0 
7fd980021000-7fd984000000 ---p 00000000 00:00 0 
7fd984000000-7fd984021000 rw-p 00000000 00:00 0 
7fd984021000-7fd988000000 ---p 00000000 00:00 0 
7fd988044000-7fd988085000 rw-p 00000000 00:00 0 
7fd988085000-7fd988086000 ---p 00000000 00:00 0 
7fd988086000-7fd988186000 rw-p 00000000 00:00 0 
7fd988186000-7fd988187000 ---p 00000000 00:00 0 
7fd988187000-7fd988287000 rw-p 00000000 00:00 0 
7fd988287000-7fd988288000 ---p 00000000 00:00 0 
7fd988288000-7fd98a777000 rw-p 00000000 00:00 0 
7fd98a777000-7fd9a5f37000 ---p 00000000 00:00 0 
7fd9a5f37000-7fd9a6377000 rw-p 00000000 00:00 0 
7fd9a6377000-7fd9a9a6f000 ---p 00000000 00:00 0 
7fd9a9a6f000-7fd9a9e77000 rw-p 00000000 00:00 0 
7fd9a9e77000-7fd9ad56f000 ---p 00000000 00:00 0 
7fd9ad56f000-7fd9b0694000 rw-p 00000000 00:00 0 
7fd9b0694000-7fd9b0904000 rwxp 00000000 00:00 0 
7fd9b0904000-7fd9b7a63000 ---p 00000000 00:00 0 
7fd9b7a63000-7fd9b7f43000 rwxp 00000000 00:00 0 
7fd9b7f43000-7fd9b82c3000 ---p 00000000 00:00 0 
7fd9b82c3000-7fd9b8533000 rwxp 00000000 00:00 0 
7fd9b8533000-7fd9bf694000 ---p 00000000 00:00 0 
7fd9bf694000-7fd9c8000000 r--s 00000000 08:02 25351402                   /home/jatinbha/sandboxes/jdk/jdk/build/linux-x86_64-server-slowdebug/images/jdk/lib/modules
7fd9c8000000-7fd9c8473000 rw-p 00000000 00:00 0 
7fd9c8473000-7fd9cc000000 ---p 00000000 00:00 0 
7fd9cc00d000-7fd9cc014000 r--s 00000000 08:02 7736501                    /usr/lib/x86_64-linux-gnu/gconv/gconv-modules.cache
7fd9cc014000-7fd9cd9a9000 rw-p 00000000 00:00 0 
7fd9cd9a9000-7fd9cda8c000 ---p 00000000 00:00 0 
7fd9cda8c000-7fd9cda96000 rw-p 00000000 00:00 0 
7fd9cda96000-7fd9cda9d000 ---p 00000000 00:00 0 
7fd9cda9d000-7fd9cdaa2000 rw-p 00000000 00:00 0 
7fd9cdaa2000-7fd9cdb85000 ---p 00000000 00:00 0 
7fd9cdb85000-7fd9cdb91000 r--p 00000000 08:02 25351566                   /home/jatinbha/sandboxes/jdk/jdk/build/linux-x86_64-server-slowdebug/images/jdk/lib/libjava.so
7fd9cdb91000-7fd9cdba8000 r-xp 0000c000 08:02 25351566                   /home/jatinbha/sandboxes/jdk/jdk/build/linux-x86_64-server-slowdebug/images/jdk/lib/libjava.so
7fd9cdba8000-7fd9cdbae000 r--p 00023000 08:02 25351566                   /home/jatinbha/sandboxes/jdk/jdk/build/linux-x86_64-server-slowdebug/images/jdk/lib/libjava.so
7fd9cdbae000-7fd9cdbaf000 ---p 00029000 08:02 25351566                   /home/jatinbha/sandboxes/jdk/jdk/build/linux-x86_64-server-slowdebug/images/jdk/lib/libjava.so
7fd9cdbaf000-7fd9cdbb0000 r--p 00029000 08:02 25351566                   /home/jatinbha/sandboxes/jdk/jdk/build/linux-x86_64-server-slowdebug/images/jdk/lib/libjava.so
7fd9cdbb0000-7fd9cdbb2000 rw-p 0002a000 08:02 25351566                   /home/jatinbha/sandboxes/jdk/jdk/build/linux-x86_64-server-slowdebug/images/jdk/lib/libjava.so
7fd9cdbb2000-7fd9cdbba000 rw-s 00000000 08:02 3710481                    /tmp/hsperfdata_intel/1467179
7fd9cdbba000-7fd9cdbbe000 r--p 00000000 08:02 25351567                   /home/jatinbha/sandboxes/jdk/jdk/build/linux-x86_64-server-slowdebug/images/jdk/lib/libjimage.so
7fd9cdbbe000-7fd9cdbd5000 r-xp 00004000 08:02 25351567                   /home/jatinbha/sandboxes/jdk/jdk/build/linux-x86_64-server-slowdebug/images/jdk/lib/libjimage.so
7fd9cdbd5000-7fd9cdbdc000 r--p 0001b000 08:02 25351567                   /home/jatinbha/sandboxes/jdk/jdk/build/linux-x86_64-server-slowdebug/images/jdk/lib/libjimage.so
7fd9cdbdc000-7fd9cdbdd000 ---p 00022000 08:02 25351567                   /home/jatinbha/sandboxes/jdk/jdk/build/linux-x86_64-server-slowdebug/images/jdk/lib/libjimage.so
7fd9cdbdd000-7fd9cdbdf000 r--p 00022000 08:02 25351567                   /home/jatinbha/sandboxes/jdk/jdk/build/linux-x86_64-server-slowdebug/images/jdk/lib/libjimage.so
7fd9cdbdf000-7fd9cdbe0000 rw-p 00024000 08:02 25351567                   /home/jatinbha/sandboxes/jdk/jdk/build/linux-x86_64-server-slowdebug/images/jdk/lib/libjimage.so
7fd9cdbe0000-7fd9cdbe4000 ---p 00000000 00:00 0 
7fd9cdbe4000-7fd9cdce1000 rw-p 00000000 00:00 0 
7fd9cdce1000-7fd9cdcf0000 r--p 00000000 08:02 7080075                    /usr/lib/x86_64-linux-gnu/libm-2.31.so
7fd9cdcf0000-7fd9cdd97000 r-xp 0000f000 08:02 7080075                    /usr/lib/x86_64-linux-gnu/libm-2.31.so
7fd9cdd97000-7fd9cde2e000 r--p 000b6000 08:02 7080075                    /usr/lib/x86_64-linux-gnu/libm-2.31.so
7fd9cde2e000-7fd9cde2f000 r--p 0014c000 08:02 7080075                    /usr/lib/x86_64-linux-gnu/libm-2.31.so
7fd9cde2f000-7fd9cde30000 rw-p 0014d000 08:02 7080075                    /usr/lib/x86_64-linux-gnu/libm-2.31.so
7fd9cde30000-7fd9cde33000 r--p 00000000 08:02 7080092                    /usr/lib/x86_64-linux-gnu/librt-2.31.so
7fd9cde33000-7fd9cde37000 r-xp 00003000 08:02 7080092                    /usr/lib/x86_64-linux-gnu/librt-2.31.so
7fd9cde37000-7fd9cde38000 r--p 00007000 08:02 7080092                    /usr/lib/x86_64-linux-gnu/librt-2.31.so
7fd9cde38000-7fd9cde39000 ---p 00008000 08:02 7080092                    /usr/lib/x86_64-linux-gnu/librt-2.31.so
7fd9cde39000-7fd9cde3a000 r--p 00008000 08:02 7080092                    /usr/lib/x86_64-linux-gnu/librt-2.31.so
7fd9cde3a000-7fd9cde3b000 rw-p 00009000 08:02 7080092                    /usr/lib/x86_64-linux-gnu/librt-2.31.so
7fd9cde3b000-7fd9ce222000 r--p 00000000 08:02 25351581                   /home/jatinbha/sandboxes/jdk/jdk/build/linux-x86_64-server-slowdebug/images/jdk/lib/server/libjvm.so
7fd9ce222000-7fd9cf6bf000 r-xp 003e7000 08:02 25351581                   /home/jatinbha/sandboxes/jdk/jdk/build/linux-x86_64-server-slowdebug/images/jdk/lib/server/libjvm.so
7fd9cf6bf000-7fd9d0689000 r--p 01884000 08:02 25351581                   /home/jatinbha/sandboxes/jdk/jdk/build/linux-x86_64-server-slowdebug/images/jdk/lib/server/libjvm.so
7fd9d0689000-7fd9d078e000 r--p 0284d000 08:02 25351581                   /home/jatinbha/sandboxes/jdk/jdk/build/linux-x86_64-server-slowdebug/images/jdk/lib/server/libjvm.so
7fd9d078e000-7fd9d0804000 rw-p 02952000 08:02 25351581                   /home/jatinbha/sandboxes/jdk/jdk/build/linux-x86_64-server-slowdebug/images/jdk/lib/server/libjvm.so
7fd9d0804000-7fd9d08cb000 rw-p 00000000 00:00 0 
7fd9d08cb000-7fd9d08f0000 r--p 00000000 08:02 7080073                    /usr/lib/x86_64-linux-gnu/libc-2.31.so
7fd9d08f0000-7fd9d0a68000 r-xp 00025000 08:02 7080073                    /usr/lib/x86_64-linux-gnu/libc-2.31.so
7fd9d0a68000-7fd9d0ab2000 r--p 0019d000 08:02 7080073                    /usr/lib/x86_64-linux-gnu/libc-2.31.so
7fd9d0ab2000-7fd9d0ab3000 ---p 001e7000 08:02 7080073                    /usr/lib/x86_64-linux-gnu/libc-2.31.so
7fd9d0ab3000-7fd9d0ab6000 r--p 001e7000 08:02 7080073                    /usr/lib/x86_64-linux-gnu/libc-2.31.so
7fd9d0ab6000-7fd9d0ab9000 rw-p 001ea000 08:02 7080073                    /usr/lib/x86_64-linux-gnu/libc-2.31.so
7fd9d0ab9000-7fd9d0abd000 rw-p 00000000 00:00 0 
7fd9d0abd000-7fd9d0ac4000 r--p 00000000 08:02 7080090                    /usr/lib/x86_64-linux-gnu/libpthread-2.31.so
7fd9d0ac4000-7fd9d0ad5000 r-xp 00007000 08:02 7080090                    /usr/lib/x86_64-linux-gnu/libpthread-2.31.so
7fd9d0ad5000-7fd9d0ada000 r--p 00018000 08:02 7080090                    /usr/lib/x86_64-linux-gnu/libpthread-2.31.so
7fd9d0ada000-7fd9d0adb000 r--p 0001c000 08:02 7080090                    /usr/lib/x86_64-linux-gnu/libpthread-2.31.so
7fd9d0adb000-7fd9d0adc000 rw-p 0001d000 08:02 7080090                    /usr/lib/x86_64-linux-gnu/libpthread-2.31.so
7fd9d0adc000-7fd9d0ae0000 rw-p 00000000 00:00 0 
7fd9d0ae0000-7fd9d0ae1000 r--p 00000000 08:02 7080074                    /usr/lib/x86_64-linux-gnu/libdl-2.31.so
7fd9d0ae1000-7fd9d0ae3000 r-xp 00001000 08:02 7080074                    /usr/lib/x86_64-linux-gnu/libdl-2.31.so
7fd9d0ae3000-7fd9d0ae4000 r--p 00003000 08:02 7080074                    /usr/lib/x86_64-linux-gnu/libdl-2.31.so
7fd9d0ae4000-7fd9d0ae5000 r--p 00003000 08:02 7080074                    /usr/lib/x86_64-linux-gnu/libdl-2.31.so
7fd9d0ae5000-7fd9d0ae6000 rw-p 00004000 08:02 7080074                    /usr/lib/x86_64-linux-gnu/libdl-2.31.so
7fd9d0ae6000-7fd9d0ae8000 r--p 00000000 08:02 7078082                    /usr/lib/x86_64-linux-gnu/libz.so.1.2.11
7fd9d0ae8000-7fd9d0af9000 r-xp 00002000 08:02 7078082                    /usr/lib/x86_64-linux-gnu/libz.so.1.2.11
7fd9d0af9000-7fd9d0aff000 r--p 00013000 08:02 7078082                    /usr/lib/x86_64-linux-gnu/libz.so.1.2.11
7fd9d0aff000-7fd9d0b00000 ---p 00019000 08:02 7078082                    /usr/lib/x86_64-linux-gnu/libz.so.1.2.11
7fd9d0b00000-7fd9d0b01000 r--p 00019000 08:02 7078082                    /usr/lib/x86_64-linux-gnu/libz.so.1.2.11
7fd9d0b01000-7fd9d0b02000 rw-p 0001a000 08:02 7078082                    /usr/lib/x86_64-linux-gnu/libz.so.1.2.11
7fd9d0b02000-7fd9d0b05000 r--p 00000000 08:02 7080081                    /usr/lib/x86_64-linux-gnu/libnss_files-2.31.so
7fd9d0b05000-7fd9d0b0c000 r-xp 00003000 08:02 7080081                    /usr/lib/x86_64-linux-gnu/libnss_files-2.31.so
7fd9d0b0c000-7fd9d0b0e000 r--p 0000a000 08:02 7080081                    /usr/lib/x86_64-linux-gnu/libnss_files-2.31.so
7fd9d0b0e000-7fd9d0b0f000 r--p 0000b000 08:02 7080081                    /usr/lib/x86_64-linux-gnu/libnss_files-2.31.so
7fd9d0b0f000-7fd9d0b10000 rw-p 0000c000 08:02 7080081                    /usr/lib/x86_64-linux-gnu/libnss_files-2.31.so
7fd9d0b10000-7fd9d0b16000 rw-p 00000000 00:00 0 
7fd9d0b16000-7fd9d0b17000 ---p 00000000 00:00 0 
7fd9d0b17000-7fd9d0b18000 r--p 00000000 00:00 0 
7fd9d0b18000-7fd9d0b1b000 r--p 00000000 08:02 25351568                   /home/jatinbha/sandboxes/jdk/jdk/build/linux-x86_64-server-slowdebug/images/jdk/lib/libjli.so
7fd9d0b1b000-7fd9d0b29000 r-xp 00003000 08:02 25351568                   /home/jatinbha/sandboxes/jdk/jdk/build/linux-x86_64-server-slowdebug/images/jdk/lib/libjli.so
7fd9d0b29000-7fd9d0b2d000 r--p 00011000 08:02 25351568                   /home/jatinbha/sandboxes/jdk/jdk/build/linux-x86_64-server-slowdebug/images/jdk/lib/libjli.so
7fd9d0b2d000-7fd9d0b2e000 r--p 00014000 08:02 25351568                   /home/jatinbha/sandboxes/jdk/jdk/build/linux-x86_64-server-slowdebug/images/jdk/lib/libjli.so
7fd9d0b2e000-7fd9d0b2f000 rw-p 00015000 08:02 25351568                   /home/jatinbha/sandboxes/jdk/jdk/build/linux-x86_64-server-slowdebug/images/jdk/lib/libjli.so
7fd9d0b2f000-7fd9d0b31000 rw-p 00000000 00:00 0 
7fd9d0b31000-7fd9d0b32000 r--p 00000000 08:02 7080069                    /usr/lib/x86_64-linux-gnu/ld-2.31.so
7fd9d0b32000-7fd9d0b55000 r-xp 00001000 08:02 7080069                    /usr/lib/x86_64-linux-gnu/ld-2.31.so
7fd9d0b55000-7fd9d0b5d000 r--p 00024000 08:02 7080069                    /usr/lib/x86_64-linux-gnu/ld-2.31.so
7fd9d0b5d000-7fd9d0b5e000 rwxp 00000000 00:00 0 
7fd9d0b5e000-7fd9d0b5f000 r--p 0002c000 08:02 7080069                    /usr/lib/x86_64-linux-gnu/ld-2.31.so
7fd9d0b5f000-7fd9d0b60000 rw-p 0002d000 08:02 7080069                    /usr/lib/x86_64-linux-gnu/ld-2.31.so
7fd9d0b60000-7fd9d0b61000 rw-p 00000000 00:00 0 
7ffe7bdf9000-7ffe7be1a000 rw-p 00000000 00:00 0                          [stack]
7ffe7befc000-7ffe7bf00000 r--p 00000000 00:00 0                          [vvar]
7ffe7bf00000-7ffe7bf02000 r-xp 00000000 00:00 0                          [vdso]
ffffffffff600000-ffffffffff601000 --xp 00000000 00:00 0                  [vsyscall]
Total number of mappings: 237


VM Arguments:
jvm_args: -XX:+PrintEscapeAnalysis 
java_command: test_ea 2
java_class_path (initial): .
Launcher Type: SUN_STANDARD

[Global flags]
     intx CICompilerCount                          = 18                                        {product} {ergonomic}     Number of compiler threads to run
     uint ConcGCThreads                            = 18                                        {product} {ergonomic}     Number of threads concurrent gc will use
     uint G1ConcRefinementThreads                  = 73                                        {product} {ergonomic}     The number of parallel remembered set update threads. Will be set ergonomically by default.
   size_t G1HeapRegionSize                         = 16777216                                  {product} {ergonomic}     Size of the G1 regions.
   size_t InitialHeapSize                          = 2147483648                                {product} {ergonomic}     Initial heap size (in bytes); zero means use ergonomics
   size_t MarkStackSize                            = 4194304                                   {product} {ergonomic}     Size of marking stack in bytes.
   size_t MarkStackSizeMax                         = 536870912                                 {product} {ergonomic}     Maximum size of marking stack in bytes.
   size_t MaxHeapSize                              = 31675383808                               {product} {ergonomic}     Maximum heap size (in bytes)
   size_t MaxNewSize                               = 18991808512                               {product} {ergonomic}     Maximum new generation size (in bytes), max_uintx means set ergonomically
   size_t MinHeapDeltaBytes                        = 16777216                                  {product} {ergonomic}     The minimum change in heap space due to GC (in bytes)
   size_t MinHeapSize                              = 16777216                                  {product} {ergonomic}     Minimum heap size (in bytes); zero means use ergonomics
    uintx NonNMethodCodeHeapSize                   = 8781824                                {pd product} {ergonomic}     Size of code heap with non-nmethods (in bytes)
    uintx NonProfiledCodeHeapSize                  = 121442304                              {pd product} {ergonomic}     Size of code heap with non-profiled methods (in bytes)
     bool PrintEscapeAnalysis                      = true                                   {C2 develop} {command line}  Print the results of escape analysis
    uintx ProfiledCodeHeapSize                     = 121434112                              {pd product} {ergonomic}     Size of code heap with profiled methods (in bytes)
    uintx ReservedCodeCacheSize                    = 251658240                              {pd product} {ergonomic}     Reserved code cache size (in bytes) - maximum code cache size
     bool SegmentedCodeCache                       = true                                      {product} {ergonomic}     Use a segmented code cache
   size_t SoftMaxHeapSize                          = 31675383808                            {manageable} {ergonomic}     Soft limit for maximum heap size (in bytes)
     bool THPStackMitigation                       = false                                  {diagnostic} {ergonomic}     If THPs are unconditionally enabled on the system (mode "always"), the JVM will prevent THP from forming in thread stacks. When disabled, the absence of this mitigationallows THPs to form in thread stacks.
     bool UseCompressedOops                        = true                           {product lp64_product} {ergonomic}   Use 32-bit object references in 64-bit VM. lp64_product means flag is always constant in 32 bit VM
     bool UseG1GC                                  = true                                      {product} {ergonomic}     Use the Garbage-First garbage collector

Logging:
Log output configuration:
 #0: stdout all=warning uptime,level,tags foldmultilines=false
 #1: stderr all=off uptime,level,tags foldmultilines=false

Environment Variables:
JAVA_HOME=/home/jatinbha/sandboxes/jdk/jdk/build/linux-x86_64-server-slowdebug/images/jdk/
PATH=/home/jatinbha/sandboxes/jdk/jdk/build/linux-x86_64-server-slowdebug/images/jdk//bin:/home/jatinbha/.local/bin:/home/jatinbha/bin:/home/jatinbha/softwares/cmake-3.28.3-linux-x86_64/bin:/home/jatinbha/softwares/cmake-3.26.3-linux-x86_64/bin:/home/jatinbha/softwares/jdk-17.0.2//bin:/home/jatinbha/softwares/thrift-0.16.0/bin:/home/jatinbha/softwares/jdk8u322-b06//bin:/home/jatinbha/softwares/jdk-17//bin:/home/jatinbha/softwares/apache-maven-3.6.3/bin:/home/jatinbha/sandboxes/skara/build/bin:/home/jatinbha/softwares/sde-internal-conf-APX-lin/:/usr/local/sbin:/usr/local/bin:/usr/sbin:/usr/bin:/sbin:/bin:/usr/games:/usr/local/games:/snap/bin
LD_LIBRARY_PATH=/home/jatinbha/softwares:
SHELL=/bin/bash
LANG=en_IN
TERM=xterm-256color

Active Locale:
LC_ALL=en_IN
LC_COLLATE=en_IN
LC_CTYPE=en_IN
LC_MESSAGES=en_IN
LC_MONETARY=en_IN
LC_NUMERIC=en_IN
LC_TIME=en_IN

Signal Handlers:
   SIGSEGV: crash_handler in libjvm.so, mask=11100100010111111101111111111110, flags=SA_RESTART|SA_SIGINFO, unblocked
    SIGBUS: crash_handler in libjvm.so, mask=11100100010111111101111111111110, flags=SA_RESTART|SA_SIGINFO, unblocked
    SIGFPE: crash_handler in libjvm.so, mask=11100100010111111101111111111110, flags=SA_RESTART|SA_SIGINFO, unblocked
   SIGPIPE: javaSignalHandler in libjvm.so, mask=11100100010111111101111111111110, flags=SA_RESTART|SA_SIGINFO, unblocked
   SIGXFSZ: javaSignalHandler in libjvm.so, mask=11100100010111111101111111111110, flags=SA_RESTART|SA_SIGINFO, unblocked
    SIGILL: crash_handler in libjvm.so, mask=11100100010111111101111111111110, flags=SA_RESTART|SA_SIGINFO, unblocked
   SIGUSR2: SR_handler in libjvm.so, mask=00000000000000000000000000000000, flags=SA_RESTART|SA_SIGINFO, unblocked
    SIGHUP: UserHandler in libjvm.so, mask=11100100010111111101111111111110, flags=SA_RESTART|SA_SIGINFO, unblocked
    SIGINT: UserHandler in libjvm.so, mask=11100100010111111101111111111110, flags=SA_RESTART|SA_SIGINFO, unblocked
   SIGTERM: UserHandler in libjvm.so, mask=11100100010111111101111111111110, flags=SA_RESTART|SA_SIGINFO, unblocked
   SIGQUIT: UserHandler in libjvm.so, mask=11100100010111111101111111111110, flags=SA_RESTART|SA_SIGINFO, blocked
   SIGTRAP: crash_handler in libjvm.so, mask=11100100010111111101111111111110, flags=SA_RESTART|SA_SIGINFO, unblocked


Native Memory Tracking:

(Omitting categories weighting less than 1KB)

Total: reserved=33186028KB, committed=2424588KB
       malloc: 207156KB #37588
       mmap:   reserved=32978872KB, committed=2217432KB

-                 Java Heap (reserved=30932992KB, committed=2113536KB)
                            (mmap: reserved=30932992KB, committed=2113536KB, at peak) 
 
-                     Class (reserved=1048676KB, committed=228KB)
                            (classes #744)
                            (  instance classes #632, array classes #112)
                            (malloc=100KB #1717) (peak=100KB #1713) 
                            (mmap: reserved=1048576KB, committed=128KB, at peak) 
                            (  Metadata:   )
                            (    reserved=65536KB, committed=704KB)
                            (    used=656KB)
                            (    waste=48KB =6.84%)
                            (  Class space:)
                            (    reserved=1048576KB, committed=128KB)
                            (    used=51KB)
                            (    waste=77KB =59.92%)
 
-                    Thread (reserved=26776KB, committed=1216KB)
                            (threads #27)
                            (stack: reserved=26700KB, committed=1140KB, peak=1140KB)
                            (malloc=56KB #162) (peak=64KB #166) 
                            (arena=20KB #41) (peak=235KB #32)
 
-                      Code (reserved=248326KB, committed=10706KB)
                            (malloc=642KB #16747) (at peak) 
                            (mmap: reserved=247684KB, committed=10064KB, at peak) 
                            (arena=0KB #0) (peak=33KB #1)
 
-                        GC (reserved=793724KB, committed=230844KB)
                            (malloc=152768KB #1341) (peak=152768KB #1342) 
                            (mmap: reserved=640956KB, committed=78076KB, at peak) 
 
-                 GCCardSet (reserved=29KB, committed=29KB)
                            (malloc=29KB #390) (at peak) 
 
-                  Compiler (reserved=2970KB, committed=2970KB)
                            (malloc=12KB #76) (peak=12KB #80) 
                            (arena=2958KB #18) (peak=5784KB #48)
 
-                  Internal (reserved=45822KB, committed=45822KB)
                            (malloc=45786KB #14175) (peak=45786KB #14176) 
                            (mmap: reserved=36KB, committed=36KB, at peak) 
 
-                    Symbol (reserved=1172KB, committed=1172KB)
                            (malloc=812KB #331) (at peak) 
                            (arena=360KB #1) (at peak)
 
-    Native Memory Tracking (reserved=596KB, committed=596KB)
                            (malloc=9KB #85) (at peak) 
                            (tracking overhead=587KB)
 
-        Shared class space (reserved=16384KB, committed=13740KB, readonly=0KB)
                            (mmap: reserved=16384KB, committed=13740KB, peak=13940KB) 
 
-               Arena Chunk (reserved=2784KB, committed=2784KB)
                            (malloc=2784KB #263) (peak=6208KB #265) 
 
-                 Arguments (reserved=0KB, committed=0KB)
                            (malloc=0KB #5) (peak=10KB #6) 
 
-                    Module (reserved=65KB, committed=65KB)
                            (malloc=65KB #1231) (at peak) 
 
-                 Safepoint (reserved=8KB, committed=8KB)
                            (mmap: reserved=8KB, committed=8KB, at peak) 
 
-           Synchronization (reserved=136KB, committed=136KB)
                            (malloc=136KB #1025) (at peak) 
 
-            Serviceability (reserved=17KB, committed=17KB)
                            (malloc=17KB #10) (peak=17KB #14) 
 
-                 Metaspace (reserved=65549KB, committed=717KB)
                            (malloc=13KB #10) (at peak) 
                            (mmap: reserved=65536KB, committed=704KB, at peak) 
 
-      String Deduplication (reserved=1KB, committed=1KB)
                            (malloc=1KB #8) (at peak) 
 
-                   Unknown (reserved=0KB, committed=0KB)
                            (mmap: reserved=0KB, committed=0KB, peak=20KB) 
 
Preinit state:entries: 369 (primary: 369, empties: 7822), sum bytes: 14428, longest chain length: 1
pre-init mallocs: 401, pre-init reallocs: 0, pre-init frees: 32
MallocLimit: unset

Periodic native trim disabled

---------------  S Y S T E M  ---------------

OS:
DISTRIB_ID=Ubuntu
DISTRIB_RELEASE=20.04
DISTRIB_CODENAME=focal
DISTRIB_DESCRIPTION="Ubuntu 20.04.2 LTS"
uname: Linux intel-S2600WFT 5.8.0-41-generic #46~20.04.1-Ubuntu SMP Mon Jan 18 17:52:23 UTC 2021 x86_64
OS uptime: 14 days 7:06 hours
libc: glibc 2.31 NPTL 2.31 
rlimit (soft/hard): STACK 8192k/infinity , CORE 0k/infinity , NPROC 3090646/3090646 , NOFILE 1048576/1048576 , AS infinity/infinity , CPU infinity/infinity , DATA infinity/infinity , FSIZE infinity/infinity , MEMLOCK 65536k/65536k
load average: 0.14 0.15 0.08

/proc/meminfo:
MemTotal:       791263984 kB
MemFree:        692498972 kB
MemAvailable:   783250584 kB
Buffers:         1363384 kB
Cached:         90225332 kB
SwapCached:            0 kB
Active:         40865968 kB
Inactive:       51796196 kB
Active(anon):    1063608 kB
Inactive(anon):     9092 kB
Active(file):   39802360 kB
Inactive(file): 51787104 kB
Unevictable:           0 kB
Mlocked:               0 kB
SwapTotal:       2097148 kB
SwapFree:        2097148 kB
Dirty:               932 kB
Writeback:             0 kB
AnonPages:       1073880 kB
Mapped:           415424 kB
Shmem:             11676 kB
KReclaimable:    4216328 kB
Slab:            4917928 kB
SReclaimable:    4216328 kB
SUnreclaim:       701600 kB
KernelStack:       27104 kB
PageTables:        14864 kB
NFS_Unstable:          0 kB
Bounce:                0 kB
WritebackTmp:          0 kB
CommitLimit:    397729140 kB
Committed_AS:    7523100 kB
VmallocTotal:   34359738367 kB
VmallocUsed:      462264 kB
VmallocChunk:          0 kB
Percpu:           138880 kB
HardwareCorrupted:     0 kB
AnonHugePages:         0 kB
ShmemHugePages:        0 kB
ShmemPmdMapped:        0 kB
FileHugePages:         0 kB
FilePmdMapped:         0 kB
HugePages_Total:       0
HugePages_Free:        0
HugePages_Rsvd:        0
HugePages_Surp:        0
Hugepagesize:       2048 kB
Hugetlb:               0 kB
DirectMap4k:     1453468 kB
DirectMap2M:    24449024 kB
DirectMap1G:    780140544 kB

/sys/kernel/mm/transparent_hugepage/enabled: always [madvise] never
/sys/kernel/mm/transparent_hugepage/hpage_pmd_size: 2097152
/sys/kernel/mm/transparent_hugepage/shmem_enabled: always within_size advise [never] deny force
/sys/kernel/mm/transparent_hugepage/defrag (defrag/compaction efforts parameter): always defer defer+madvise [madvise] never

Process Memory:
Virtual Size: 35076828K (peak: 35076828K)
Resident Set Size: 296376K (peak: 296376K) (anon: 256756K, file: 39620K, shmem: 0K)
Swapped out: 0K
C-Heap outstanding allocations: 208795K, retained: 2220K (may have wrapped)
glibc malloc tunables: (default)

/proc/sys/kernel/threads-max (system-wide limit on the number of threads): 6181293
/proc/sys/vm/max_map_count (maximum number of memory map areas a process may have): 65530
/proc/sys/vm/swappiness (control to define how aggressively the kernel swaps out anonymous memory): 60
/proc/sys/kernel/pid_max (system-wide limit on number of process identifiers): 4194304

container (cgroup) information:
container_type: cgroupv1
cpu_cpuset_cpus: 0-111
cpu_memory_nodes: 0-1
active_processor_count: 112
cpu_quota: no quota
cpu_period: 100000
cpu_shares: no shares
memory_limit_in_bytes: unlimited
memory_and_swap_limit_in_bytes: unlimited
memory_soft_limit_in_bytes: unlimited
memory_usage_in_bytes: 282872 k
memory_max_usage_in_bytes: 311016 k
rss_usage_in_bytes: 264000 k
cache_usage_in_bytes: 396 k
kernel_memory_usage_in_bytes: 13700 k
kernel_memory_max_usage_in_bytes: unlimited
kernel_memory_limit_in_bytes: 13700 k
maximum number of tasks: unlimited
current number of tasks: 32

Steal ticks since vm start: 0
Steal ticks percentage since vm start:  0.000

CPU: total 112 (initial active 112) (28 cores per cpu, 2 threads per core) family 6 model 85 stepping 7 microcode 0x5003006, cx8, cmov, fxsr, ht, mmx, 3dnowpref, sse, sse2, sse3, ssse3, sse4.1, sse4.2, popcnt, lzcnt, tsc, tscinvbit, avx, avx2, aes, erms, clmul, bmi1, bmi2, adx, avx512f, avx512dq, avx512cd, avx512bw, avx512vl, fma, vzeroupper, avx512_vnni, clflush, clflushopt, clwb, rdtscp, f16c, pku, ospke
CPU Model and flags from /proc/cpuinfo:
model name	: Intel(R) Xeon(R) Platinum 8280 CPU @ 2.70GHz
flags		: fpu vme de pse tsc msr pae mce cx8 apic sep mtrr pge mca cmov pat pse36 clflush dts acpi mmx fxsr sse sse2 ss ht tm pbe syscall nx pdpe1gb rdtscp lm constant_tsc art arch_perfmon pebs bts rep_good nopl xtopology nonstop_tsc cpuid aperfmperf pni pclmulqdq dtes64 monitor ds_cpl smx est tm2 ssse3 sdbg fma cx16 xtpr pdcm pcid dca sse4_1 sse4_2 x2apic movbe popcnt tsc_deadline_timer aes xsave avx f16c rdrand lahf_lm abm 3dnowprefetch cpuid_fault epb cat_l3 cdp_l3 invpcid_single ssbd mba ibrs ibpb stibp ibrs_enhanced fsgsbase tsc_adjust bmi1 avx2 smep bmi2 erms invpcid cqm mpx rdt_a avx512f avx512dq rdseed adx smap clflushopt clwb intel_pt avx512cd avx512bw avx512vl xsaveopt xsavec xgetbv1 xsaves cqm_llc cqm_occup_llc cqm_mbm_total cqm_mbm_local dtherm ida arat pln pts hwp hwp_act_window hwp_epp hwp_pkg_req pku ospke avx512_vnni md_clear flush_l1d arch_capabilities

Online cpus: 0-111
Offline cpus: 
cache level: 1
cache type: Data
cache size: 32K
cache coherency line size: 64
cache level: 1
cache type: Instruction
cache size: 32K
cache coherency line size: 64
cache level: 2
cache type: Unified
cache size: 1024K
cache coherency line size: 64
cache level: 3
cache type: Unified
cache size: 39424K
cache coherency line size: 64
BIOS frequency limitation: <Not Available>
Frequency switch latency (ns): 0
Available cpu frequencies: <Not Available>
Maximum cpu frequency: 4000000
Minimum cpu frequency: 1000000
Current cpu frequency: 1000772
Available governors: performance powersave
Current governor: powersave
Core performance/turbo boost: <Not Available>

Memory: 4k page, physical 791263984k(783250584k free), swap 2097148k(2097148k free)
Page Sizes: 4k

vm_info: OpenJDK 64-Bit Server VM (slowdebug 23-internal-adhoc.root.jdk) for linux-amd64 JRE (23-internal-adhoc.root.jdk), built on 2024-04-26T11:55:29Z with gcc 9.3.0

END.
