#
# A fatal error has been detected by the Java Runtime Environment:
#
#  Internal Error (/home/jatinbha/sandboxes/jdk/jdk/src/hotspot/share/opto/escape.cpp:2190), pid=1467101, tid=1467115
#  fatal error: EA unexpected CallLeaf unsafe_setmemory
#
# JRE version: OpenJDK Runtime Environment (23.0) (slowdebug build 23-internal-adhoc.root.jdk)
# Java VM: OpenJDK 64-Bit Server VM (slowdebug 23-internal-adhoc.root.jdk, mixed mode, sharing, tiered, compressed oops, compressed class ptrs, g1 gc, linux-amd64)
# Problematic frame:
# V  [libjvm.so+0xb9e049]  ConnectionGraph::process_call_arguments(CallNode*)+0xb49
#
# Core dump will be written. Default location: Core dumps may be processed with "/usr/share/apport/apport %p %s %c %d %P %E" (or dumping to /home/jatinbha/code/java/ea/core.1467101)
#
# If you would like to submit a bug report, please visit:
#   https://bugreport.java.com/bugreport/crash.jsp
#

---------------  S U M M A R Y ------------

Command Line: -XX:+PrintEscapeAnalysis test_ea 2

Host: intel-S2600WFT, Intel(R) Xeon(R) Platinum 8280 CPU @ 2.70GHz, 112 cores, 754G, Ubuntu 20.04.2 LTS
Time: Tue May  7 22:36:46 2024 IST elapsed time: 0.729933 seconds (0d 0h 0m 0s)

---------------  T H R E A D  ---------------

Current thread (0x00007f3188389820):  JavaThread "C2 CompilerThread0" daemon [_thread_in_native, id=1467115, stack(0x00007f312758b000,0x00007f312768c000) (1028K)]


Current CompileTask:
C2:730  142       4       test_ea::micro3 (73 bytes)

Stack: [0x00007f312758b000,0x00007f312768c000],  sp=0x00007f3127686bf0,  free space=1006k
Native frames: (J=compiled Java code, j=interpreted, Vv=VM code, C=native code)
V  [libjvm.so+0xb9e049]  ConnectionGraph::process_call_arguments(CallNode*)+0xb49  (escape.cpp:2190)
V  [libjvm.so+0xb9b926]  ConnectionGraph::add_final_edges(Node*)+0xac  (escape.cpp:1697)
V  [libjvm.so+0xb95ec8]  ConnectionGraph::compute_escape()+0x88c  (escape.cpp:256)
V  [libjvm.so+0xb95597]  ConnectionGraph::do_analysis(Compile*, PhaseIterGVN*)+0x11b  (escape.cpp:119)
V  [libjvm.so+0x9db81c]  Compile::Optimize()+0x7f0  (compile.cpp:2346)
V  [libjvm.so+0x9d4878]  Compile::Compile(ciEnv*, ciMethod*, int, Options, DirectiveSet*)+0x166a  (compile.cpp:863)
V  [libjvm.so+0x89c6f5]  C2Compiler::compile_method(ciEnv*, ciMethod*, int, bool, DirectiveSet*)+0x203  (c2compiler.cpp:142)
V  [libjvm.so+0x9f73f5]  CompileBroker::invoke_compiler_on_method(CompileTask*)+0x9ff  (compileBroker.cpp:2305)
V  [libjvm.so+0x9f5ec5]  CompileBroker::compiler_thread_loop()+0x411  (compileBroker.cpp:1963)
V  [libjvm.so+0xa1512c]  CompilerThread::thread_entry(JavaThread*, JavaThread*)+0x84  (compilerThread.cpp:68)
V  [libjvm.so+0xde9858]  JavaThread::thread_main_inner()+0x15a  (javaThread.cpp:761)
V  [libjvm.so+0xde96fa]  JavaThread::run()+0x1c0  (javaThread.cpp:746)
V  [libjvm.so+0x162a230]  Thread::call_run()+0x1a8  (thread.cpp:221)
V  [libjvm.so+0x12f9cac]  thread_native_entry(Thread*)+0x1c5  (os_linux.cpp:846)
Registers:
RAX=0x00007f318fa9d000, RBX=0x00007f30bc0924d8, RCX=0x00007f318f7ce148, RDX=0x0000000000000000
RSP=0x00007f3127686bf0, RBP=0x00007f3127686cd0, RSI=0x0000000000000200, RDI=0x00007f318f7ce150
R8 =0x0000000000000000, R9 =0x00007f318e71a778, R10=0x00007f318e08f148, R11=0x0000000000000000
R12=0x00007f30bc0925a0, R13=0x00007f30b800bd20, R14=0x00007f318cc1f700, R15=0x00007f312768afc0
RIP=0x00007f318d919049, EFLAGS=0x0000000000010246, CSGSFS=0x002b000000000033, ERR=0x0000000000000006
  TRAPNO=0x000000000000000e


Register to memory mapping:

RAX=0x00007f318fa9d000 in mmap'd memory region [0x00007f318fa9d000 - 0x00007f318fa9e000], tag mtInternal
RBX=0x00007f30bc0924d8 points into unknown readable memory: 0x00007f318f6b0b20 | 20 0b 6b 8f 31 7f 00 00
RCX=0x00007f318f7ce148: <offset 0x0000000002a53148> in /home/jatinbha/sandboxes/jdk/jdk/build/linux-x86_64-server-slowdebug/images/jdk/lib/server/libjvm.so at 0x00007f318cd7b000
RDX=0x0 is null
RSP=0x00007f3127686bf0 is pointing into the stack for thread: 0x00007f3188389820
RBP=0x00007f3127686cd0 is pointing into the stack for thread: 0x00007f3188389820
RSI=0x0000000000000200 is an unknown value
RDI=0x00007f318f7ce150: <offset 0x0000000002a53150> in /home/jatinbha/sandboxes/jdk/jdk/build/linux-x86_64-server-slowdebug/images/jdk/lib/server/libjvm.so at 0x00007f318cd7b000
R8 =0x0 is null
R9 =0x00007f318e71a778: <offset 0x000000000199f778> in /home/jatinbha/sandboxes/jdk/jdk/build/linux-x86_64-server-slowdebug/images/jdk/lib/server/libjvm.so at 0x00007f318cd7b000
R10=0x00007f318e08f148: <offset 0x0000000001314148> in /home/jatinbha/sandboxes/jdk/jdk/build/linux-x86_64-server-slowdebug/images/jdk/lib/server/libjvm.so at 0x00007f318cd7b000
R11=0x0 is null
R12=0x00007f30bc0925a0 points into unknown readable memory: 0x00007f318f6801d0 | d0 01 68 8f 31 7f 00 00
R13=0x00007f30b800bd20 points into unknown readable memory: 0x00007f318f5e29e0 | e0 29 5e 8f 31 7f 00 00
R14=0x00007f318cc1f700 is pointing into the stack for thread: 0x00007f318802ba50
R15=0x00007f312768afc0 is pointing into the stack for thread: 0x00007f3188389820

Top of Stack: (sp=0x00007f3127686bf0)
0x00007f3127686bf0:   00007f30ac03b6f8 00007f30bc0924d8
0x00007f3127686c00:   00007f3127686c20 0000000088389820
0x00007f3127686c10:   00007f3100000005 00007f30bc096948
0x00007f3127686c20:   0000000127686c80 00007f30a80126f0
0x00007f3127686c30:   00007f3127686c60 00007f318d927d7c
0x00007f3127686c40:   00007f3127686c88 00007f30bc096948
0x00007f3127686c50:   00007f3127686c80 01007f30bc095298
0x00007f3127686c60:   00007f3127686c90 00007f318d926b91
0x00007f3127686c70:   00007f30bc095210 00007f30bc096910
0x00007f3127686c80:   00007f30b00066f8 00007f30bc013ed0
0x00007f3127686c90:   00007f30b0006538 00007f30b809cc58
0x00007f3127686ca0:   000000b827686cd0 00007f30ac03b6f8
0x00007f3127686cb0:   00007f3127686cd0 00007f318d4245e4
0x00007f3127686cc0:   000000b8bc0924d8 00007f30bc0924d8
0x00007f3127686cd0:   00007f3127686d90 00007f318d916926
0x00007f3127686ce0:   00007f30ac03b6f8 00007f30bc0924d8
0x00007f3127686cf0:   00007f300000e098 00007f3127686e70
0x00007f3127686d00:   0000001927686d40 00007f318e01d220
0x00007f3127686d10:   00007f3127686d30 0000000000000000
0x00007f3127686d20:   00007f309400e098 00007f3127686e70
0x00007f3127686d30:   000000b827686d70 00007f3127687238
0x00007f3127686d40:   0000000a27686d70 0100000000000005
0x00007f3127686d50:   00007f3127686d90 00007f318d764d1a
0x00007f3127686d60:   000000019400e001 00007f3127687200
0x00007f3127686d70:   00007f30c81671d0 00007f30ac03b6f8
0x00007f3127686d80:   00007f3127686e70 00007f30bc0924d8
0x00007f3127686d90:   00007f3127687310 00007f318d910ec8
0x00007f3127686da0:   00007f3127686de0 00007f30bc0924d8
0x00007f3127686db0:   00007f3127686dd0 00000001000002c5
0x00007f3127686dc0:   00007f309c001db0 00007f3127686e50
0x00007f3127686dd0:   0000000727686e10 00007f3094027168
0x00007f3127686de0:   00007f3127686e10 00007f318e01d350 

Instructions: (pc=0x00007f318d919049)
0x00007f318d918f49:   00 00 48 8b 85 20 ff ff ff 48 89 c7 e8 2c d1 00
0x00007f318d918f59:   00 48 8b 80 a8 00 00 00 48 8d 35 1a f9 f6 00 48
0x00007f318d918f69:   89 c7 e8 80 9f 84 ff 85 c0 0f 84 af 00 00 00 48
0x00007f318d918f79:   8b 85 20 ff ff ff 48 89 c7 e8 ff d0 00 00 48 8b
0x00007f318d918f89:   80 a8 00 00 00 48 8d 35 07 f9 f6 00 48 89 c7 e8
0x00007f318d918f99:   53 9f 84 ff 85 c0 0f 84 82 00 00 00 48 8b 85 20
0x00007f318d918fa9:   ff ff ff 48 89 c7 e8 d2 d0 00 00 48 8b 80 a8 00
0x00007f318d918fb9:   00 00 48 8d 35 ed f8 f6 00 48 89 c7 e8 26 9f 84
0x00007f318d918fc9:   ff 85 c0 74 59 48 8b 85 20 ff ff ff 48 89 c7 e8
0x00007f318d918fd9:   a9 d0 00 00 48 8b 80 a8 00 00 00 48 8d 35 d3 f8
0x00007f318d918fe9:   f6 00 48 89 c7 e8 fd 9e 84 ff 85 c0 74 30 48 8b
0x00007f318d918ff9:   85 20 ff ff ff 48 89 c7 e8 80 d0 00 00 48 8b 80
0x00007f318d919009:   a8 00 00 00 48 8d 35 bf f8 f6 00 48 89 c7 e8 d4
0x00007f318d919019:   9e 84 ff 85 c0 74 07 b8 01 00 00 00 eb 05 b8 00
0x00007f318d919029:   00 00 00 84 c0 74 57 48 8b 85 20 ff ff ff 48 89
0x00007f318d919039:   c7 e8 8b ce 70 00 48 8d 05 82 31 dd 01 48 8b 00
0x00007f318d919049:   c6 00 58 48 8b 85 20 ff ff ff 48 89 c7 e8 2b d0
0x00007f318d919059:   00 00 48 8b 80 a8 00 00 00 49 89 c0 48 8d 0d 7e
0x00007f318d919069:   f8 f6 00 ba 8e 08 00 00 48 8d 35 c8 d9 f6 00 bf
0x00007f318d919079:   00 00 00 e0 b8 00 00 00 00 e8 85 65 ed ff 8b 85
0x00007f318d919089:   54 ff ff ff 83 f8 01 7e 12 0f b6 85 3f ff ff ff
0x00007f318d919099:   83 f0 01 84 c0 0f 85 c8 01 00 00 c7 85 44 ff ff
0x00007f318d9190a9:   ff 02 00 00 00 48 8b 85 20 ff ff ff 48 89 c7 e8
0x00007f318d9190b9:   05 b4 b0 ff 84 c0 74 6d 48 8b 85 20 ff ff ff 48
0x00007f318d9190c9:   89 c7 e8 12 b4 b0 ff 48 89 45 d0 48 8b 45 d0 48
0x00007f318d9190d9:   89 c7 e8 3c cd b0 ff 84 c0 75 30 48 8b 45 d0 48
0x00007f318d9190e9:   89 c7 e8 16 cc b0 ff 84 c0 75 20 48 8b 45 d0 48
0x00007f318d9190f9:   89 c7 e8 32 ce b0 ff 84 c0 75 10 48 8b 45 d0 48
0x00007f318d919109:   89 c7 e8 38 cf b0 ff 84 c0 74 07 b8 01 00 00 00
0x00007f318d919119:   eb 05 b8 00 00 00 00 84 c0 74 0a c7 85 44 ff ff
0x00007f318d919129:   ff 01 00 00 00 48 8b 95 20 ff ff ff 48 8b 85 28
0x00007f318d919139:   ff ff ff 48 89 d6 48 89 c7 e8 61 c9 00 00 48 89 


Stack slot to memory mapping:

stack at sp + 0 slots: 0x00007f30ac03b6f8 points into unknown readable memory: 0x00007f318f6aa438 | 38 a4 6a 8f 31 7f 00 00
stack at sp + 1 slots: 0x00007f30bc0924d8 points into unknown readable memory: 0x00007f318f6b0b20 | 20 0b 6b 8f 31 7f 00 00
stack at sp + 2 slots: 0x00007f3127686c20 is pointing into the stack for thread: 0x00007f3188389820
stack at sp + 3 slots: 0x0000000088389820 is an unknown value
stack at sp + 4 slots: 0x00007f3100000005 in mmap'd memory region [0x00007f30e7000000 - 0x00007f3127000000], tag mtClass
stack at sp + 5 slots: 0x00007f30bc096948 points into unknown readable memory: 0x00007f318f6b0b20 | 20 0b 6b 8f 31 7f 00 00
stack at sp + 6 slots: 0x0000000127686c80 is an unallocated location in the heap
stack at sp + 7 slots: 0x00007f30a80126f0 into live malloced block starting at 0x00007f30a8011fb0, size 32744, tag mtChunk

Lock stack of current Java thread (top to bottom):


---------------  P R O C E S S  ---------------

uid  : 1000 euid : 1000 gid  : 1000 egid : 1000

umask: 0002 (-------w-)

Threads class SMR info:
_java_thread_list=0x00007f30b805fb20, length=18, elements={
0x00007f3188380ef0, 0x00007f3188382800, 0x00007f3188384b40, 0x00007f3188386490,
0x00007f3188387ca0, 0x00007f3188389820, 0x00007f318838b1b0, 0x00007f31883ab280,
0x00007f31883c21d0, 0x00007f30bc037ab0, 0x00007f30b8014880, 0x00007f30b8015dd0,
0x00007f30b8017350, 0x00007f30b80188e0, 0x00007f30b805fe70, 0x00007f309c036f80,
0x00007f309c0386b0, 0x00007f318802ba50
}
_java_thread_list_alloc_cnt=21, _java_thread_list_free_cnt=19, _java_thread_list_max=18, _nested_thread_list_max=0
_tlh_cnt=28, _tlh_times=0, avg_tlh_time=0.00, _tlh_time_max=0
_deleted_thread_cnt=1, _deleted_thread_times=0, avg_deleted_thread_time=0.00, _deleted_thread_time_max=0
_delete_lock_wait_cnt=0, _delete_lock_wait_max=0
_to_delete_list_cnt=0, _to_delete_list_max=1

Java Threads: ( => current thread )
  0x00007f3188380ef0 JavaThread "Reference Handler"          daemon [_thread_blocked, id=1467110, stack(0x00007f3134040000,0x00007f3134141000) (1028K)]
  0x00007f3188382800 JavaThread "Finalizer"                  daemon [_thread_blocked, id=1467111, stack(0x00007f312798f000,0x00007f3127a90000) (1028K)]
  0x00007f3188384b40 JavaThread "Signal Dispatcher"          daemon [_thread_blocked, id=1467112, stack(0x00007f312788e000,0x00007f312798f000) (1028K)]
  0x00007f3188386490 JavaThread "Service Thread"             daemon [_thread_blocked, id=1467113, stack(0x00007f312778d000,0x00007f312788e000) (1028K)]
  0x00007f3188387ca0 JavaThread "Monitor Deflation Thread"   daemon [_thread_blocked, id=1467114, stack(0x00007f312768c000,0x00007f312778d000) (1028K)]
=>0x00007f3188389820 JavaThread "C2 CompilerThread0"         daemon [_thread_in_native, id=1467115, stack(0x00007f312758b000,0x00007f312768c000) (1028K)]
  0x00007f318838b1b0 JavaThread "C1 CompilerThread0"         daemon [_thread_blocked, id=1467116, stack(0x00007f312748a000,0x00007f312758b000) (1028K)]
  0x00007f31883ab280 JavaThread "Notification Thread"        daemon [_thread_blocked, id=1467117, stack(0x00007f3127389000,0x00007f312748a000) (1028K)]
  0x00007f31883c21d0 JavaThread "Common-Cleaner"             daemon [_thread_blocked, id=1467118, stack(0x00007f312711d000,0x00007f312721e000) (1028K)]
  0x00007f30bc037ab0 JavaThread "C1 CompilerThread1"         daemon [_thread_blocked, id=1467119, stack(0x00007f312701c000,0x00007f312711d000) (1028K)]
  0x00007f30b8014880 JavaThread "C1 CompilerThread2"         daemon [_thread_blocked, id=1467120, stack(0x00007f30e1eff000,0x00007f30e2000000) (1028K)]
  0x00007f30b8015dd0 JavaThread "C1 CompilerThread3"         daemon [_thread_blocked, id=1467121, stack(0x00007f30e1dfe000,0x00007f30e1eff000) (1028K)]
  0x00007f30b8017350 JavaThread "C1 CompilerThread4"         daemon [_thread_blocked, id=1467122, stack(0x00007f30e1cfd000,0x00007f30e1dfe000) (1028K)]
  0x00007f30b80188e0 JavaThread "C1 CompilerThread5"         daemon [_thread_blocked, id=1467123, stack(0x00007f30e1bfc000,0x00007f30e1cfd000) (1028K)]
  0x00007f30b805fe70 JavaThread "C2 CompilerThread1"         daemon [_thread_blocked, id=1467124, stack(0x00007f30e1afb000,0x00007f30e1bfc000) (1028K)]
  0x00007f309c036f80 JavaThread "C2 CompilerThread2"         daemon [_thread_blocked, id=1467125, stack(0x00007f30e19fa000,0x00007f30e1afb000) (1028K)]
  0x00007f309c0386b0 JavaThread "C2 CompilerThread3"         daemon [_thread_blocked, id=1467126, stack(0x00007f30e18f9000,0x00007f30e19fa000) (1028K)]
  0x00007f318802ba50 JavaThread "DestroyJavaVM"                     [_thread_blocked, id=1467102, stack(0x00007f318cb20000,0x00007f318cc21000) (1028K)]
Total: 18

Other Threads:
  0x00007f318833f960 VMThread "VM Thread"                           [id=1467109, stack(0x00007f3134142000,0x00007f3134242000) (1024K)]
  0x00007f3188266020 WatcherThread "VM Periodic Task Thread"        [id=1467108, stack(0x00007f3134243000,0x00007f3134343000) (1024K)]
  0x00007f318806b1e0 WorkerThread "GC Thread#0"                     [id=1467103, stack(0x00007f3147177000,0x00007f3147277000) (1024K)]
  0x00007f318807f560 ConcurrentGCThread "G1 Main Marker"            [id=1467104, stack(0x00007f3147076000,0x00007f3147176000) (1024K)]
  0x00007f3188080800 WorkerThread "G1 Conc#0"                       [id=1467105, stack(0x00007f3146f75000,0x00007f3147075000) (1024K)]
  0x00007f318823c740 ConcurrentGCThread "G1 Refine#0"               [id=1467106, stack(0x00007f31344c6000,0x00007f31345c6000) (1024K)]
  0x00007f318823d980 ConcurrentGCThread "G1 Service"                [id=1467107, stack(0x00007f31343c5000,0x00007f31344c5000) (1024K)]
Total: 7

Threads with active compile tasks:
C2 CompilerThread0  2399  142       4       test_ea::micro3 (73 bytes)
Total: 1

VM state: not at safepoint (normal execution)

VM Mutex/Monitor currently owned by a thread: None

Heap address: 0x00000000a0000000, size: 30208 MB, Compressed Oops mode: Zero based, Oop shift amount: 3

CDS archive(s) mapped at: [0x00007f30e6000000-0x00007f30e6d6b000-0x00007f30e6d6b000), size 14069760, SharedBaseAddress: 0x00007f30e6000000, ArchiveRelocationMode: 1.
Compressed class space mapped at: 0x00007f30e7000000-0x00007f3127000000, reserved size: 1073741824
Narrow klass base: 0x00007f30e6000000, Narrow klass shift: 0, Narrow klass range: 0x100000000

GC Precious Log:
 CardTable entry size: 512
 Card Set container configuration: InlinePtr #cards 3 size 8 Array Of Cards #cards 128 size 272 Howl #buckets 8 coarsen threshold 29491 Howl Bitmap #cards 4096 size 528 coarsen threshold 3686 Card regions per heap region 1 cards per card region 32768
 CPUs: 112 total, 112 available
 Memory: 754G
 Large Page Support: Disabled
 NUMA Support: Disabled
 Compressed Oops: Enabled (Zero based)
 Heap Region Size: 16M
 Heap Min Capacity: 16M
 Heap Initial Capacity: 2G
 Heap Max Capacity: 30208M
 Pre-touch: Disabled
 Parallel Workers: 73
 Concurrent Workers: 18
 Concurrent Refinement Workers: 73
 Periodic GC: Disabled

Heap:
 garbage-first heap   total reserved 30932992K, committed 2113536K, used 17451K [0x00000000a0000000, 0x0000000800000000)
  region size 16384K, 2 young (32768K), 0 survivors (0K)
 Metaspace       used 707K, committed 832K, reserved 1114112K
  class space    used 51K, committed 128K, reserved 1048576K

Heap Regions: E=young(eden), S=young(survivor), O=old, HS=humongous(starts), HC=humongous(continues), CS=collection set, F=free, TAMS=top-at-mark-start, PB=parsable bottom
|   0|0x00000000a0000000, 0x00000000a0000000, 0x00000000a1000000|  0%| F|  |TAMS 0x00000000a0000000| PB 0x00000000a0000000| Untracked |  0
|   1|0x00000000a1000000, 0x00000000a1000000, 0x00000000a2000000|  0%| F|  |TAMS 0x00000000a1000000| PB 0x00000000a1000000| Untracked |  0
|   2|0x00000000a2000000, 0x00000000a2000000, 0x00000000a3000000|  0%| F|  |TAMS 0x00000000a2000000| PB 0x00000000a2000000| Untracked |  0
|   3|0x00000000a3000000, 0x00000000a3000000, 0x00000000a4000000|  0%| F|  |TAMS 0x00000000a3000000| PB 0x00000000a3000000| Untracked |  0
|   4|0x00000000a4000000, 0x00000000a4000000, 0x00000000a5000000|  0%| F|  |TAMS 0x00000000a4000000| PB 0x00000000a4000000| Untracked |  0
|   5|0x00000000a5000000, 0x00000000a5000000, 0x00000000a6000000|  0%| F|  |TAMS 0x00000000a5000000| PB 0x00000000a5000000| Untracked |  0
|   6|0x00000000a6000000, 0x00000000a6000000, 0x00000000a7000000|  0%| F|  |TAMS 0x00000000a6000000| PB 0x00000000a6000000| Untracked |  0
|   7|0x00000000a7000000, 0x00000000a7000000, 0x00000000a8000000|  0%| F|  |TAMS 0x00000000a7000000| PB 0x00000000a7000000| Untracked |  0
|   8|0x00000000a8000000, 0x00000000a8000000, 0x00000000a9000000|  0%| F|  |TAMS 0x00000000a8000000| PB 0x00000000a8000000| Untracked |  0
|   9|0x00000000a9000000, 0x00000000a9000000, 0x00000000aa000000|  0%| F|  |TAMS 0x00000000a9000000| PB 0x00000000a9000000| Untracked |  0
|  10|0x00000000aa000000, 0x00000000aa000000, 0x00000000ab000000|  0%| F|  |TAMS 0x00000000aa000000| PB 0x00000000aa000000| Untracked |  0
|  11|0x00000000ab000000, 0x00000000ab000000, 0x00000000ac000000|  0%| F|  |TAMS 0x00000000ab000000| PB 0x00000000ab000000| Untracked |  0
|  12|0x00000000ac000000, 0x00000000ac000000, 0x00000000ad000000|  0%| F|  |TAMS 0x00000000ac000000| PB 0x00000000ac000000| Untracked |  0
|  13|0x00000000ad000000, 0x00000000ad000000, 0x00000000ae000000|  0%| F|  |TAMS 0x00000000ad000000| PB 0x00000000ad000000| Untracked |  0
|  14|0x00000000ae000000, 0x00000000ae000000, 0x00000000af000000|  0%| F|  |TAMS 0x00000000ae000000| PB 0x00000000ae000000| Untracked |  0
|  15|0x00000000af000000, 0x00000000af000000, 0x00000000b0000000|  0%| F|  |TAMS 0x00000000af000000| PB 0x00000000af000000| Untracked |  0
|  16|0x00000000b0000000, 0x00000000b0000000, 0x00000000b1000000|  0%| F|  |TAMS 0x00000000b0000000| PB 0x00000000b0000000| Untracked |  0
|  17|0x00000000b1000000, 0x00000000b1000000, 0x00000000b2000000|  0%| F|  |TAMS 0x00000000b1000000| PB 0x00000000b1000000| Untracked |  0
|  18|0x00000000b2000000, 0x00000000b2000000, 0x00000000b3000000|  0%| F|  |TAMS 0x00000000b2000000| PB 0x00000000b2000000| Untracked |  0
|  19|0x00000000b3000000, 0x00000000b3000000, 0x00000000b4000000|  0%| F|  |TAMS 0x00000000b3000000| PB 0x00000000b3000000| Untracked |  0
|  20|0x00000000b4000000, 0x00000000b4000000, 0x00000000b5000000|  0%| F|  |TAMS 0x00000000b4000000| PB 0x00000000b4000000| Untracked |  0
|  21|0x00000000b5000000, 0x00000000b5000000, 0x00000000b6000000|  0%| F|  |TAMS 0x00000000b5000000| PB 0x00000000b5000000| Untracked |  0
|  22|0x00000000b6000000, 0x00000000b6000000, 0x00000000b7000000|  0%| F|  |TAMS 0x00000000b6000000| PB 0x00000000b6000000| Untracked |  0
|  23|0x00000000b7000000, 0x00000000b7000000, 0x00000000b8000000|  0%| F|  |TAMS 0x00000000b7000000| PB 0x00000000b7000000| Untracked |  0
|  24|0x00000000b8000000, 0x00000000b8000000, 0x00000000b9000000|  0%| F|  |TAMS 0x00000000b8000000| PB 0x00000000b8000000| Untracked |  0
|  25|0x00000000b9000000, 0x00000000b9000000, 0x00000000ba000000|  0%| F|  |TAMS 0x00000000b9000000| PB 0x00000000b9000000| Untracked |  0
|  26|0x00000000ba000000, 0x00000000ba000000, 0x00000000bb000000|  0%| F|  |TAMS 0x00000000ba000000| PB 0x00000000ba000000| Untracked |  0
|  27|0x00000000bb000000, 0x00000000bb000000, 0x00000000bc000000|  0%| F|  |TAMS 0x00000000bb000000| PB 0x00000000bb000000| Untracked |  0
|  28|0x00000000bc000000, 0x00000000bc000000, 0x00000000bd000000|  0%| F|  |TAMS 0x00000000bc000000| PB 0x00000000bc000000| Untracked |  0
|  29|0x00000000bd000000, 0x00000000bd000000, 0x00000000be000000|  0%| F|  |TAMS 0x00000000bd000000| PB 0x00000000bd000000| Untracked |  0
|  30|0x00000000be000000, 0x00000000be000000, 0x00000000bf000000|  0%| F|  |TAMS 0x00000000be000000| PB 0x00000000be000000| Untracked |  0
|  31|0x00000000bf000000, 0x00000000bf000000, 0x00000000c0000000|  0%| F|  |TAMS 0x00000000bf000000| PB 0x00000000bf000000| Untracked |  0
|  32|0x00000000c0000000, 0x00000000c0000000, 0x00000000c1000000|  0%| F|  |TAMS 0x00000000c0000000| PB 0x00000000c0000000| Untracked |  0
|  33|0x00000000c1000000, 0x00000000c1000000, 0x00000000c2000000|  0%| F|  |TAMS 0x00000000c1000000| PB 0x00000000c1000000| Untracked |  0
|  34|0x00000000c2000000, 0x00000000c2000000, 0x00000000c3000000|  0%| F|  |TAMS 0x00000000c2000000| PB 0x00000000c2000000| Untracked |  0
|  35|0x00000000c3000000, 0x00000000c3000000, 0x00000000c4000000|  0%| F|  |TAMS 0x00000000c3000000| PB 0x00000000c3000000| Untracked |  0
|  36|0x00000000c4000000, 0x00000000c4000000, 0x00000000c5000000|  0%| F|  |TAMS 0x00000000c4000000| PB 0x00000000c4000000| Untracked |  0
|  37|0x00000000c5000000, 0x00000000c5000000, 0x00000000c6000000|  0%| F|  |TAMS 0x00000000c5000000| PB 0x00000000c5000000| Untracked |  0
|  38|0x00000000c6000000, 0x00000000c6000000, 0x00000000c7000000|  0%| F|  |TAMS 0x00000000c6000000| PB 0x00000000c6000000| Untracked |  0
|  39|0x00000000c7000000, 0x00000000c7000000, 0x00000000c8000000|  0%| F|  |TAMS 0x00000000c7000000| PB 0x00000000c7000000| Untracked |  0
|  40|0x00000000c8000000, 0x00000000c8000000, 0x00000000c9000000|  0%| F|  |TAMS 0x00000000c8000000| PB 0x00000000c8000000| Untracked |  0
|  41|0x00000000c9000000, 0x00000000c9000000, 0x00000000ca000000|  0%| F|  |TAMS 0x00000000c9000000| PB 0x00000000c9000000| Untracked |  0
|  42|0x00000000ca000000, 0x00000000ca000000, 0x00000000cb000000|  0%| F|  |TAMS 0x00000000ca000000| PB 0x00000000ca000000| Untracked |  0
|  43|0x00000000cb000000, 0x00000000cb000000, 0x00000000cc000000|  0%| F|  |TAMS 0x00000000cb000000| PB 0x00000000cb000000| Untracked |  0
|  44|0x00000000cc000000, 0x00000000cc000000, 0x00000000cd000000|  0%| F|  |TAMS 0x00000000cc000000| PB 0x00000000cc000000| Untracked |  0
|  45|0x00000000cd000000, 0x00000000cd000000, 0x00000000ce000000|  0%| F|  |TAMS 0x00000000cd000000| PB 0x00000000cd000000| Untracked |  0
|  46|0x00000000ce000000, 0x00000000ce000000, 0x00000000cf000000|  0%| F|  |TAMS 0x00000000ce000000| PB 0x00000000ce000000| Untracked |  0
|  47|0x00000000cf000000, 0x00000000cf000000, 0x00000000d0000000|  0%| F|  |TAMS 0x00000000cf000000| PB 0x00000000cf000000| Untracked |  0
|  48|0x00000000d0000000, 0x00000000d0000000, 0x00000000d1000000|  0%| F|  |TAMS 0x00000000d0000000| PB 0x00000000d0000000| Untracked |  0
|  49|0x00000000d1000000, 0x00000000d1000000, 0x00000000d2000000|  0%| F|  |TAMS 0x00000000d1000000| PB 0x00000000d1000000| Untracked |  0
|  50|0x00000000d2000000, 0x00000000d2000000, 0x00000000d3000000|  0%| F|  |TAMS 0x00000000d2000000| PB 0x00000000d2000000| Untracked |  0
|  51|0x00000000d3000000, 0x00000000d3000000, 0x00000000d4000000|  0%| F|  |TAMS 0x00000000d3000000| PB 0x00000000d3000000| Untracked |  0
|  52|0x00000000d4000000, 0x00000000d4000000, 0x00000000d5000000|  0%| F|  |TAMS 0x00000000d4000000| PB 0x00000000d4000000| Untracked |  0
|  53|0x00000000d5000000, 0x00000000d5000000, 0x00000000d6000000|  0%| F|  |TAMS 0x00000000d5000000| PB 0x00000000d5000000| Untracked |  0
|  54|0x00000000d6000000, 0x00000000d6000000, 0x00000000d7000000|  0%| F|  |TAMS 0x00000000d6000000| PB 0x00000000d6000000| Untracked |  0
|  55|0x00000000d7000000, 0x00000000d7000000, 0x00000000d8000000|  0%| F|  |TAMS 0x00000000d7000000| PB 0x00000000d7000000| Untracked |  0
|  56|0x00000000d8000000, 0x00000000d8000000, 0x00000000d9000000|  0%| F|  |TAMS 0x00000000d8000000| PB 0x00000000d8000000| Untracked |  0
|  57|0x00000000d9000000, 0x00000000d9000000, 0x00000000da000000|  0%| F|  |TAMS 0x00000000d9000000| PB 0x00000000d9000000| Untracked |  0
|  58|0x00000000da000000, 0x00000000da000000, 0x00000000db000000|  0%| F|  |TAMS 0x00000000da000000| PB 0x00000000da000000| Untracked |  0
|  59|0x00000000db000000, 0x00000000db000000, 0x00000000dc000000|  0%| F|  |TAMS 0x00000000db000000| PB 0x00000000db000000| Untracked |  0
|  60|0x00000000dc000000, 0x00000000dc000000, 0x00000000dd000000|  0%| F|  |TAMS 0x00000000dc000000| PB 0x00000000dc000000| Untracked |  0
|  61|0x00000000dd000000, 0x00000000dd000000, 0x00000000de000000|  0%| F|  |TAMS 0x00000000dd000000| PB 0x00000000dd000000| Untracked |  0
|  62|0x00000000de000000, 0x00000000de000000, 0x00000000df000000|  0%| F|  |TAMS 0x00000000de000000| PB 0x00000000de000000| Untracked |  0
|  63|0x00000000df000000, 0x00000000df000000, 0x00000000e0000000|  0%| F|  |TAMS 0x00000000df000000| PB 0x00000000df000000| Untracked |  0
|  64|0x00000000e0000000, 0x00000000e0000000, 0x00000000e1000000|  0%| F|  |TAMS 0x00000000e0000000| PB 0x00000000e0000000| Untracked |  0
|  65|0x00000000e1000000, 0x00000000e1000000, 0x00000000e2000000|  0%| F|  |TAMS 0x00000000e1000000| PB 0x00000000e1000000| Untracked |  0
|  66|0x00000000e2000000, 0x00000000e2000000, 0x00000000e3000000|  0%| F|  |TAMS 0x00000000e2000000| PB 0x00000000e2000000| Untracked |  0
|  67|0x00000000e3000000, 0x00000000e3000000, 0x00000000e4000000|  0%| F|  |TAMS 0x00000000e3000000| PB 0x00000000e3000000| Untracked |  0
|  68|0x00000000e4000000, 0x00000000e4000000, 0x00000000e5000000|  0%| F|  |TAMS 0x00000000e4000000| PB 0x00000000e4000000| Untracked |  0
|  69|0x00000000e5000000, 0x00000000e5000000, 0x00000000e6000000|  0%| F|  |TAMS 0x00000000e5000000| PB 0x00000000e5000000| Untracked |  0
|  70|0x00000000e6000000, 0x00000000e6000000, 0x00000000e7000000|  0%| F|  |TAMS 0x00000000e6000000| PB 0x00000000e6000000| Untracked |  0
|  71|0x00000000e7000000, 0x00000000e7000000, 0x00000000e8000000|  0%| F|  |TAMS 0x00000000e7000000| PB 0x00000000e7000000| Untracked |  0
|  72|0x00000000e8000000, 0x00000000e8000000, 0x00000000e9000000|  0%| F|  |TAMS 0x00000000e8000000| PB 0x00000000e8000000| Untracked |  0
|  73|0x00000000e9000000, 0x00000000e9000000, 0x00000000ea000000|  0%| F|  |TAMS 0x00000000e9000000| PB 0x00000000e9000000| Untracked |  0
|  74|0x00000000ea000000, 0x00000000ea000000, 0x00000000eb000000|  0%| F|  |TAMS 0x00000000ea000000| PB 0x00000000ea000000| Untracked |  0
|  75|0x00000000eb000000, 0x00000000eb000000, 0x00000000ec000000|  0%| F|  |TAMS 0x00000000eb000000| PB 0x00000000eb000000| Untracked |  0
|  76|0x00000000ec000000, 0x00000000ec000000, 0x00000000ed000000|  0%| F|  |TAMS 0x00000000ec000000| PB 0x00000000ec000000| Untracked |  0
|  77|0x00000000ed000000, 0x00000000ed000000, 0x00000000ee000000|  0%| F|  |TAMS 0x00000000ed000000| PB 0x00000000ed000000| Untracked |  0
|  78|0x00000000ee000000, 0x00000000ee000000, 0x00000000ef000000|  0%| F|  |TAMS 0x00000000ee000000| PB 0x00000000ee000000| Untracked |  0
|  79|0x00000000ef000000, 0x00000000ef000000, 0x00000000f0000000|  0%| F|  |TAMS 0x00000000ef000000| PB 0x00000000ef000000| Untracked |  0
|  80|0x00000000f0000000, 0x00000000f0000000, 0x00000000f1000000|  0%| F|  |TAMS 0x00000000f0000000| PB 0x00000000f0000000| Untracked |  0
|  81|0x00000000f1000000, 0x00000000f1000000, 0x00000000f2000000|  0%| F|  |TAMS 0x00000000f1000000| PB 0x00000000f1000000| Untracked |  0
|  82|0x00000000f2000000, 0x00000000f2000000, 0x00000000f3000000|  0%| F|  |TAMS 0x00000000f2000000| PB 0x00000000f2000000| Untracked |  0
|  83|0x00000000f3000000, 0x00000000f3000000, 0x00000000f4000000|  0%| F|  |TAMS 0x00000000f3000000| PB 0x00000000f3000000| Untracked |  0
|  84|0x00000000f4000000, 0x00000000f4000000, 0x00000000f5000000|  0%| F|  |TAMS 0x00000000f4000000| PB 0x00000000f4000000| Untracked |  0
|  85|0x00000000f5000000, 0x00000000f5000000, 0x00000000f6000000|  0%| F|  |TAMS 0x00000000f5000000| PB 0x00000000f5000000| Untracked |  0
|  86|0x00000000f6000000, 0x00000000f6000000, 0x00000000f7000000|  0%| F|  |TAMS 0x00000000f6000000| PB 0x00000000f6000000| Untracked |  0
|  87|0x00000000f7000000, 0x00000000f7000000, 0x00000000f8000000|  0%| F|  |TAMS 0x00000000f7000000| PB 0x00000000f7000000| Untracked |  0
|  88|0x00000000f8000000, 0x00000000f8000000, 0x00000000f9000000|  0%| F|  |TAMS 0x00000000f8000000| PB 0x00000000f8000000| Untracked |  0
|  89|0x00000000f9000000, 0x00000000f9000000, 0x00000000fa000000|  0%| F|  |TAMS 0x00000000f9000000| PB 0x00000000f9000000| Untracked |  0
|  90|0x00000000fa000000, 0x00000000fa000000, 0x00000000fb000000|  0%| F|  |TAMS 0x00000000fa000000| PB 0x00000000fa000000| Untracked |  0
|  91|0x00000000fb000000, 0x00000000fb000000, 0x00000000fc000000|  0%| F|  |TAMS 0x00000000fb000000| PB 0x00000000fb000000| Untracked |  0
|  92|0x00000000fc000000, 0x00000000fc000000, 0x00000000fd000000|  0%| F|  |TAMS 0x00000000fc000000| PB 0x00000000fc000000| Untracked |  0
|  93|0x00000000fd000000, 0x00000000fd000000, 0x00000000fe000000|  0%| F|  |TAMS 0x00000000fd000000| PB 0x00000000fd000000| Untracked |  0
|  94|0x00000000fe000000, 0x00000000fe000000, 0x00000000ff000000|  0%| F|  |TAMS 0x00000000fe000000| PB 0x00000000fe000000| Untracked |  0
|  95|0x00000000ff000000, 0x00000000ff000000, 0x0000000100000000|  0%| F|  |TAMS 0x00000000ff000000| PB 0x00000000ff000000| Untracked |  0
|  96|0x0000000100000000, 0x0000000100000000, 0x0000000101000000|  0%| F|  |TAMS 0x0000000100000000| PB 0x0000000100000000| Untracked |  0
|  97|0x0000000101000000, 0x0000000101000000, 0x0000000102000000|  0%| F|  |TAMS 0x0000000101000000| PB 0x0000000101000000| Untracked |  0
|  98|0x0000000102000000, 0x0000000102000000, 0x0000000103000000|  0%| F|  |TAMS 0x0000000102000000| PB 0x0000000102000000| Untracked |  0
|  99|0x0000000103000000, 0x0000000103000000, 0x0000000104000000|  0%| F|  |TAMS 0x0000000103000000| PB 0x0000000103000000| Untracked |  0
| 100|0x0000000104000000, 0x0000000104000000, 0x0000000105000000|  0%| F|  |TAMS 0x0000000104000000| PB 0x0000000104000000| Untracked |  0
| 101|0x0000000105000000, 0x0000000105000000, 0x0000000106000000|  0%| F|  |TAMS 0x0000000105000000| PB 0x0000000105000000| Untracked |  0
| 102|0x0000000106000000, 0x0000000106000000, 0x0000000107000000|  0%| F|  |TAMS 0x0000000106000000| PB 0x0000000106000000| Untracked |  0
| 103|0x0000000107000000, 0x0000000107000000, 0x0000000108000000|  0%| F|  |TAMS 0x0000000107000000| PB 0x0000000107000000| Untracked |  0
| 104|0x0000000108000000, 0x0000000108000000, 0x0000000109000000|  0%| F|  |TAMS 0x0000000108000000| PB 0x0000000108000000| Untracked |  0
| 105|0x0000000109000000, 0x0000000109000000, 0x000000010a000000|  0%| F|  |TAMS 0x0000000109000000| PB 0x0000000109000000| Untracked |  0
| 106|0x000000010a000000, 0x000000010a000000, 0x000000010b000000|  0%| F|  |TAMS 0x000000010a000000| PB 0x000000010a000000| Untracked |  0
| 107|0x000000010b000000, 0x000000010b000000, 0x000000010c000000|  0%| F|  |TAMS 0x000000010b000000| PB 0x000000010b000000| Untracked |  0
| 108|0x000000010c000000, 0x000000010c000000, 0x000000010d000000|  0%| F|  |TAMS 0x000000010c000000| PB 0x000000010c000000| Untracked |  0
| 109|0x000000010d000000, 0x000000010d000000, 0x000000010e000000|  0%| F|  |TAMS 0x000000010d000000| PB 0x000000010d000000| Untracked |  0
| 110|0x000000010e000000, 0x000000010e000000, 0x000000010f000000|  0%| F|  |TAMS 0x000000010e000000| PB 0x000000010e000000| Untracked |  0
| 111|0x000000010f000000, 0x000000010f000000, 0x0000000110000000|  0%| F|  |TAMS 0x000000010f000000| PB 0x000000010f000000| Untracked |  0
| 112|0x0000000110000000, 0x0000000110000000, 0x0000000111000000|  0%| F|  |TAMS 0x0000000110000000| PB 0x0000000110000000| Untracked |  0
| 113|0x0000000111000000, 0x0000000111000000, 0x0000000112000000|  0%| F|  |TAMS 0x0000000111000000| PB 0x0000000111000000| Untracked |  0
| 114|0x0000000112000000, 0x0000000112000000, 0x0000000113000000|  0%| F|  |TAMS 0x0000000112000000| PB 0x0000000112000000| Untracked |  0
| 115|0x0000000113000000, 0x0000000113000000, 0x0000000114000000|  0%| F|  |TAMS 0x0000000113000000| PB 0x0000000113000000| Untracked |  0
| 116|0x0000000114000000, 0x0000000114000000, 0x0000000115000000|  0%| F|  |TAMS 0x0000000114000000| PB 0x0000000114000000| Untracked |  0
| 117|0x0000000115000000, 0x0000000115000000, 0x0000000116000000|  0%| F|  |TAMS 0x0000000115000000| PB 0x0000000115000000| Untracked |  0
| 118|0x0000000116000000, 0x0000000116000000, 0x0000000117000000|  0%| F|  |TAMS 0x0000000116000000| PB 0x0000000116000000| Untracked |  0
| 119|0x0000000117000000, 0x0000000117000000, 0x0000000118000000|  0%| F|  |TAMS 0x0000000117000000| PB 0x0000000117000000| Untracked |  0
| 120|0x0000000118000000, 0x0000000118000000, 0x0000000119000000|  0%| F|  |TAMS 0x0000000118000000| PB 0x0000000118000000| Untracked |  0
| 121|0x0000000119000000, 0x0000000119000000, 0x000000011a000000|  0%| F|  |TAMS 0x0000000119000000| PB 0x0000000119000000| Untracked |  0
| 122|0x000000011a000000, 0x000000011a000000, 0x000000011b000000|  0%| F|  |TAMS 0x000000011a000000| PB 0x000000011a000000| Untracked |  0
| 123|0x000000011b000000, 0x000000011b000000, 0x000000011c000000|  0%| F|  |TAMS 0x000000011b000000| PB 0x000000011b000000| Untracked |  0
| 124|0x000000011c000000, 0x000000011c000000, 0x000000011d000000|  0%| F|  |TAMS 0x000000011c000000| PB 0x000000011c000000| Untracked |  0
| 125|0x000000011d000000, 0x000000011d000000, 0x000000011e000000|  0%| F|  |TAMS 0x000000011d000000| PB 0x000000011d000000| Untracked |  0
| 126|0x000000011e000000, 0x000000011e3d7138, 0x000000011f000000| 24%| E|  |TAMS 0x000000011e000000| PB 0x000000011e000000| Complete |  0
| 127|0x000000011f000000, 0x0000000120000000, 0x0000000120000000|100%| E|CS|TAMS 0x000000011f000000| PB 0x000000011f000000| Complete |  0
|1887|0x00000007ff000000, 0x00000007ff10add8, 0x0000000800000000|  6%| O|  |TAMS 0x00000007ff000000| PB 0x00000007ff000000| Untracked |  0

Card table byte_map: [0x00007f3164e66000,0x00007f3168966000] _byte_map_base: 0x00007f3164966000

Marking Bits: (CMBitMap*) 0x00007f318806bf20
 Bits: [0x00007f3147666000, 0x00007f3164e66000)

Polling page: 0x00007f318fa56000

Metaspace:

Usage:
  Non-class:    655.84 KB used.
      Class:     51.30 KB used.
       Both:    707.14 KB used.

Virtual space:
  Non-class space:       64.00 MB reserved,     704.00 KB (  1%) committed,  1 nodes.
      Class space:        1.00 GB reserved,     128.00 KB ( <1%) committed,  1 nodes.
             Both:        1.06 GB reserved,     832.00 KB ( <1%) committed. 

Chunk freelists:
   Non-Class:  11.97 MB
       Class:  15.74 MB
        Both:  27.70 MB

MaxMetaspaceSize: unlimited
CompressedClassSpaceSize: 1.00 GB
Initial GC threshold: 21.00 MB
Current GC threshold: 21.00 MB
CDS: on
 - commit_granule_bytes: 65536.
 - commit_granule_words: 8192.
 - virtual_space_node_default_size: 8388608.
 - enlarge_chunks_in_place: 1.
 - use_allocation_guard: 0.


Internal statistics:

num_allocs: 6008.
num_deallocs: 12.
num_allocs_from_deallocated_blocks: 25.
num_chunks_retired: 1.
num_allocs_failed_limit: 0.
num_arena_births: 28.
num_arena_deaths: 0.
num_vsnodes_births: 2.
num_vsnodes_deaths: 0.
num_space_committed: 13.
num_space_uncommitted: 0.
num_chunks_returned_to_freelist: 0.
num_chunks_taken_from_freelist: 30.
num_chunk_merges: 0.
num_chunk_splits: 22.
num_chunks_enlarged: 24.
num_inconsistent_stats: 0.

CodeHeap 'non-profiled nmethods': size=118596Kb used=89Kb max_used=89Kb free=118506Kb
 bounds [0x00007f31782c3000, 0x00007f3178533000, 0x00007f317f694000]
CodeHeap 'profiled nmethods': size=118588Kb used=204Kb max_used=204Kb free=118383Kb
 bounds [0x00007f3170694000, 0x00007f3170904000, 0x00007f3177a63000]
CodeHeap 'non-nmethods': size=8576Kb used=4940Kb max_used=4965Kb free=3635Kb
 bounds [0x00007f3177a63000, 0x00007f3177f43000, 0x00007f31782c3000]
CodeCache: size=245760Kb, used=5233Kb, max_used=5258Kb, free=240524Kb
 total_blobs=972, nmethods=207, adapters=675, full_count=0
Compilation: enabled, stopped_count=0, restarted_count=0

Compilation events (20 events):
Event: 0.668 Thread 0x00007f30b8014880  192       3       java.util.Arrays::copyOfRange (82 bytes)
Event: 0.669 Thread 0x00007f30bc037ab0 nmethod 188 0x00007f31706bf788 code [0x00007f31706bf920, 0x00007f31706bfbe0]
Event: 0.669 Thread 0x00007f318838b1b0 nmethod 194 0x00007f31706bfc08 code [0x00007f31706bfd40, 0x00007f31706bfee8]
Event: 0.669 Thread 0x00007f318838b1b0  195       3       java.lang.AbstractStringBuilder::isLatin1 (19 bytes)
Event: 0.669 Thread 0x00007f30bc037ab0  197       3       jdk.internal.org.objectweb.asm.ByteVector::putByte (39 bytes)
Event: 0.671 Thread 0x00007f318838b1b0 nmethod 195 0x00007f31706bff08 code [0x00007f31706c0040, 0x00007f31706c01b8]
Event: 0.671 Thread 0x00007f318838b1b0  198       1       java.lang.AbstractStringBuilder::getValue (5 bytes)
Event: 0.671 Thread 0x00007f318838b1b0 nmethod 198 0x00007f31782d7f88 code [0x00007f31782d80c0, 0x00007f31782d81b8]
Event: 0.672 Thread 0x00007f318838b1b0  201       3       sun.invoke.util.VerifyAccess::isTypeVisible (118 bytes)
Event: 0.674 Thread 0x00007f30bc037ab0 nmethod 197 0x00007f31706c0208 code [0x00007f31706c03a0, 0x00007f31706c0628]
Event: 0.674 Thread 0x00007f30bc037ab0  205       3       java.lang.String::getBytes (44 bytes)
Event: 0.680 Thread 0x00007f30bc037ab0 nmethod 205 0x00007f31706c0688 code [0x00007f31706c0840, 0x00007f31706c0be8]
Event: 0.680 Thread 0x00007f30bc037ab0  200       3       java.lang.StringBuilder::length (5 bytes)
Event: 0.682 Thread 0x00007f30bc037ab0 nmethod 200 0x00007f31706c0c08 code [0x00007f31706c0d20, 0x00007f31706c0e48]
Event: 0.682 Thread 0x00007f30b8014880 nmethod 192 0x00007f31706c0f08 code [0x00007f31706c1160, 0x00007f31706c1d10]
Event: 0.682 Thread 0x00007f30bc037ab0  208       3       java.util.concurrent.ConcurrentHashMap$Node::<init> (20 bytes)
Event: 0.682 Thread 0x00007f30b80188e0 nmethod 190 0x00007f31706c1d88 code [0x00007f31706c2040, 0x00007f31706c2bd8]
Event: 0.682 Thread 0x00007f30b8014880  204       1       java.lang.invoke.MethodTypeForm::erasedType (5 bytes)
Event: 0.683 Thread 0x00007f30b8015dd0 nmethod 184 0x00007f31706c2c88 code [0x00007f31706c2ec0, 0x00007f31706c39e0]
Event: 0.683 Thread 0x00007f30b8014880 nmethod 204 0x00007f31782d9308 code [0x00007f31782d9440, 0x00007f31782d9538]

GC Heap History (0 events):
No events

Dll operation events (3 events):
Event: 0.005 Loaded shared library /home/jatinbha/sandboxes/jdk/jdk/build/linux-x86_64-server-slowdebug/images/jdk/lib/libjava.so
Event: 0.327 Loaded shared library /home/jatinbha/sandboxes/jdk/jdk/build/linux-x86_64-server-slowdebug/images/jdk/lib/libsimdsort.so
Event: 0.327 Loaded shared library /home/jatinbha/sandboxes/jdk/jdk/build/linux-x86_64-server-slowdebug/images/jdk/lib/libjsvml.so

Deoptimization events (0 events):
No events

Classes loaded (20 events):
Event: 0.472 Loading class java/lang/foreign/ValueLayout$OfLong done
Event: 0.472 Loading class jdk/internal/foreign/layout/ValueLayouts$OfLongImpl done
Event: 0.473 Loading class jdk/internal/foreign/layout/ValueLayouts$OfFloatImpl
Event: 0.473 Loading class java/lang/foreign/ValueLayout$OfFloat
Event: 0.473 Loading class java/lang/foreign/ValueLayout$OfFloat done
Event: 0.474 Loading class jdk/internal/foreign/layout/ValueLayouts$OfFloatImpl done
Event: 0.475 Loading class jdk/internal/foreign/layout/ValueLayouts$OfDoubleImpl
Event: 0.475 Loading class java/lang/foreign/ValueLayout$OfDouble
Event: 0.475 Loading class java/lang/foreign/ValueLayout$OfDouble done
Event: 0.476 Loading class jdk/internal/foreign/layout/ValueLayouts$OfDoubleImpl done
Event: 0.478 Loading class jdk/internal/foreign/GlobalSession$HeapSession
Event: 0.478 Loading class jdk/internal/foreign/GlobalSession$HeapSession done
Event: 0.479 Loading class jdk/internal/foreign/Utils$1VarHandleCache
Event: 0.479 Loading class jdk/internal/foreign/Utils$1VarHandleCache done
Event: 0.480 Loading class java/lang/invoke/VarHandleSegmentAsInts
Event: 0.481 Loading class java/lang/invoke/VarHandleSegmentViewBase
Event: 0.481 Loading class java/lang/invoke/VarHandleSegmentViewBase done
Event: 0.481 Loading class java/lang/invoke/VarHandleSegmentAsInts done
Event: 0.572 Loading class jdk/internal/foreign/MemorySessionImpl$ResourceList
Event: 0.572 Loading class jdk/internal/foreign/MemorySessionImpl$ResourceList done

Classes unloaded (0 events):
No events

Classes redefined (0 events):
No events

Internal exceptions (4 events):
Event: 0.452 Thread 0x00007f318802ba50 Exception <a 'java/lang/NoSuchMethodError'{0x000000011f02b478}: 'int java.lang.invoke.DirectMethodHandle$Holder.invokeStaticInit(java.lang.Object, int)'> (0x000000011f02b478) 
thrown [/home/jatinbha/sandboxes/jdk/jdk/src/hotspot/share/interpreter/linkResolver.cpp, line 795]
Event: 0.456 Thread 0x00007f318802ba50 Exception <a 'java/lang/NoSuchMethodError'{0x000000011f02f088}: 'long java.lang.invoke.DirectMethodHandle$Holder.invokeStatic(java.lang.Object, java.lang.Object)'> (0x000000011f02f088) 
thrown [/home/jatinbha/sandboxes/jdk/jdk/src/hotspot/share/interpreter/linkResolver.cpp, line 795]
Event: 0.457 Thread 0x00007f318802ba50 Exception <a 'java/lang/NoSuchMethodError'{0x000000011f032490}: 'long java.lang.invoke.DirectMethodHandle$Holder.invokeStaticInit(java.lang.Object, java.lang.Object)'> (0x000000011f032490) 
thrown [/home/jatinbha/sandboxes/jdk/jdk/src/hotspot/share/interpreter/linkResolver.cpp, line 795]
Event: 0.460 Thread 0x00007f318802ba50 Exception <a 'java/lang/NoSuchMethodError'{0x000000011f038dc8}: 'java.lang.Object java.lang.invoke.DirectMethodHandle$Holder.invokeStaticInit(java.lang.Object, long, long, long)'> (0x000000011f038dc8) 
thrown [/home/jatinbha/sandboxes/jdk/jdk/src/hotspot/share/interpreter/linkResolver.cpp, line 795]

VM Operations (0 events):
No events

Memory protections (19 events):
Event: 0.004 Protecting memory [0x00007f318cb20000,0x00007f318cb24000] with protection modes 0
Event: 0.299 Protecting memory [0x00007f3134040000,0x00007f3134044000] with protection modes 0
Event: 0.300 Protecting memory [0x00007f312798f000,0x00007f3127993000] with protection modes 0
Event: 0.301 Protecting memory [0x00007f312788e000,0x00007f3127892000] with protection modes 0
Event: 0.301 Protecting memory [0x00007f312778d000,0x00007f3127791000] with protection modes 0
Event: 0.301 Protecting memory [0x00007f312768c000,0x00007f3127690000] with protection modes 0
Event: 0.301 Protecting memory [0x00007f312758b000,0x00007f312758f000] with protection modes 0
Event: 0.302 Protecting memory [0x00007f312748a000,0x00007f312748e000] with protection modes 0
Event: 0.325 Protecting memory [0x00007f3127389000,0x00007f312738d000] with protection modes 0
Event: 0.332 Protecting memory [0x00007f312711d000,0x00007f3127121000] with protection modes 0
Event: 0.460 Protecting memory [0x00007f312701c000,0x00007f3127020000] with protection modes 0
Event: 0.487 Protecting memory [0x00007f30e1eff000,0x00007f30e1f03000] with protection modes 0
Event: 0.488 Protecting memory [0x00007f30e1dfe000,0x00007f30e1e02000] with protection modes 0
Event: 0.488 Protecting memory [0x00007f30e1cfd000,0x00007f30e1d01000] with protection modes 0
Event: 0.488 Protecting memory [0x00007f30e1bfc000,0x00007f30e1c00000] with protection modes 0
Event: 0.513 Protecting memory [0x00007f30e1afb000,0x00007f30e1aff000] with protection modes 0
Event: 0.544 Protecting memory [0x00007f30e19fa000,0x00007f30e19fe000] with protection modes 0
Event: 0.544 Protecting memory [0x00007f30e18f9000,0x00007f30e18fd000] with protection modes 0
Event: 0.684 Protecting memory [0x00007f318cb20000,0x00007f318cb24000] with protection modes 0

Nmethod flushes (0 events):
No events

Events (20 events):
Event: 0.140 Thread 0x00007f318802ba50 Thread added: 0x00007f318802ba50
Event: 0.299 Thread 0x00007f318802ba50 Thread added: 0x00007f3188380ef0
Event: 0.300 Thread 0x00007f318802ba50 Thread added: 0x00007f3188382800
Event: 0.301 Thread 0x00007f318802ba50 Thread added: 0x00007f3188384b40
Event: 0.301 Thread 0x00007f318802ba50 Thread added: 0x00007f3188386490
Event: 0.301 Thread 0x00007f318802ba50 Thread added: 0x00007f3188387ca0
Event: 0.301 Thread 0x00007f318802ba50 Thread added: 0x00007f3188389820
Event: 0.302 Thread 0x00007f318802ba50 Thread added: 0x00007f318838b1b0
Event: 0.325 Thread 0x00007f318802ba50 Thread added: 0x00007f31883ab280
Event: 0.332 Thread 0x00007f318802ba50 Thread added: 0x00007f31883c21d0
Event: 0.460 Thread 0x00007f318838b1b0 Thread added: 0x00007f30bc037ab0
Event: 0.487 Thread 0x00007f30bc037ab0 Thread added: 0x00007f30b8014880
Event: 0.487 Thread 0x00007f30bc037ab0 Thread added: 0x00007f30b8015dd0
Event: 0.488 Thread 0x00007f30bc037ab0 Thread added: 0x00007f30b8017350
Event: 0.488 Thread 0x00007f30bc037ab0 Thread added: 0x00007f30b80188e0
Event: 0.513 Thread 0x00007f30bc037ab0 Thread added: 0x00007f30b805fe70
Event: 0.544 Thread 0x00007f30b805fe70 Thread added: 0x00007f309c036f80
Event: 0.544 Thread 0x00007f30b805fe70 Thread added: 0x00007f309c0386b0
Event: 0.684 Thread 0x00007f318802ba50 Thread exited: 0x00007f318802ba50
Event: 0.684 Thread 0x00007f318802ba50 Thread added: 0x00007f318802ba50


Dynamic libraries:
a0000000-120000000 rw-p 00000000 00:00 0 
120000000-7ff000000 ---p 00000000 00:00 0 
7ff000000-7ff10b000 rw-p 00d9e000 08:02 25352146                         /home/jatinbha/sandboxes/jdk/jdk/build/linux-x86_64-server-slowdebug/images/jdk/lib/server/classes.jsa
7ff10b000-800000000 rw-p 00000000 00:00 0 
55fe93e3c000-55fe93e3d000 r--p 00000000 08:02 25351559                   /home/jatinbha/sandboxes/jdk/jdk/build/linux-x86_64-server-slowdebug/images/jdk/bin/java
55fe93e3d000-55fe93e3e000 r-xp 00001000 08:02 25351559                   /home/jatinbha/sandboxes/jdk/jdk/build/linux-x86_64-server-slowdebug/images/jdk/bin/java
55fe93e3e000-55fe93e3f000 r--p 00002000 08:02 25351559                   /home/jatinbha/sandboxes/jdk/jdk/build/linux-x86_64-server-slowdebug/images/jdk/bin/java
55fe93e3f000-55fe93e40000 r--p 00002000 08:02 25351559                   /home/jatinbha/sandboxes/jdk/jdk/build/linux-x86_64-server-slowdebug/images/jdk/bin/java
55fe93e40000-55fe93e41000 rw-p 00003000 08:02 25351559                   /home/jatinbha/sandboxes/jdk/jdk/build/linux-x86_64-server-slowdebug/images/jdk/bin/java
55fe94681000-55fe946c7000 rw-p 00000000 00:00 0                          [heap]
7f3094000000-7f3094063000 rw-p 00000000 00:00 0 
7f3094063000-7f3098000000 ---p 00000000 00:00 0 
7f309a9ed000-7f309c000000 rw-p 00000000 00:00 0 
7f309c000000-7f309c088000 rw-p 00000000 00:00 0 
7f309c088000-7f30a0000000 ---p 00000000 00:00 0 
7f30a0000000-7f30a0050000 rw-p 00000000 00:00 0 
7f30a0050000-7f30a4000000 ---p 00000000 00:00 0 
7f30a4000000-7f30a404b000 rw-p 00000000 00:00 0 
7f30a404b000-7f30a8000000 ---p 00000000 00:00 0 
7f30a8000000-7f30a8050000 rw-p 00000000 00:00 0 
7f30a8050000-7f30ac000000 ---p 00000000 00:00 0 
7f30ac000000-7f30ac060000 rw-p 00000000 00:00 0 
7f30ac060000-7f30b0000000 ---p 00000000 00:00 0 
7f30b0000000-7f30b005f000 rw-p 00000000 00:00 0 
7f30b005f000-7f30b4000000 ---p 00000000 00:00 0 
7f30b4000000-7f30b4021000 rw-p 00000000 00:00 0 
7f30b4021000-7f30b8000000 ---p 00000000 00:00 0 
7f30b8000000-7f30b80d3000 rw-p 00000000 00:00 0 
7f30b80d3000-7f30bc000000 ---p 00000000 00:00 0 
7f30bc000000-7f30bc0ee000 rw-p 00000000 00:00 0 
7f30bc0ee000-7f30c0000000 ---p 00000000 00:00 0 
7f30c0000000-7f30c0021000 rw-p 00000000 00:00 0 
7f30c0021000-7f30c4000000 ---p 00000000 00:00 0 
7f30c4000000-7f30c4021000 rw-p 00000000 00:00 0 
7f30c4021000-7f30c8000000 ---p 00000000 00:00 0 
7f30c8000000-7f30c81a3000 rw-p 00000000 00:00 0 
7f30c81a3000-7f30cc000000 ---p 00000000 00:00 0 
7f30cc000000-7f30cc021000 rw-p 00000000 00:00 0 
7f30cc021000-7f30d0000000 ---p 00000000 00:00 0 
7f30d0000000-7f30d0021000 rw-p 00000000 00:00 0 
7f30d0021000-7f30d4000000 ---p 00000000 00:00 0 
7f30d4000000-7f30d4021000 rw-p 00000000 00:00 0 
7f30d4021000-7f30d8000000 ---p 00000000 00:00 0 
7f30d8000000-7f30d8021000 rw-p 00000000 00:00 0 
7f30d8021000-7f30dc000000 ---p 00000000 00:00 0 
7f30dc000000-7f30dc021000 rw-p 00000000 00:00 0 
7f30dc021000-7f30e0000000 ---p 00000000 00:00 0 
7f30e02ed000-7f30e18f9000 rw-p 00000000 00:00 0 
7f30e18f9000-7f30e18fd000 ---p 00000000 00:00 0 
7f30e18fd000-7f30e19fa000 rw-p 00000000 00:00 0 
7f30e19fa000-7f30e19fe000 ---p 00000000 00:00 0 
7f30e19fe000-7f30e1afb000 rw-p 00000000 00:00 0 
7f30e1afb000-7f30e1aff000 ---p 00000000 00:00 0 
7f30e1aff000-7f30e1bfc000 rw-p 00000000 00:00 0 
7f30e1bfc000-7f30e1c00000 ---p 00000000 00:00 0 
7f30e1c00000-7f30e1cfd000 rw-p 00000000 00:00 0 
7f30e1cfd000-7f30e1d01000 ---p 00000000 00:00 0 
7f30e1d01000-7f30e1dfe000 rw-p 00000000 00:00 0 
7f30e1dfe000-7f30e1e02000 ---p 00000000 00:00 0 
7f30e1e02000-7f30e1eff000 rw-p 00000000 00:00 0 
7f30e1eff000-7f30e1f03000 ---p 00000000 00:00 0 
7f30e1f03000-7f30e20a0000 rw-p 00000000 00:00 0 
7f30e20a0000-7f30e2400000 ---p 00000000 00:00 0 
7f30e2400000-7f30e2410000 rw-p 00000000 00:00 0 
7f30e2410000-7f30e6000000 ---p 00000000 00:00 0 
7f30e6000000-7f30e6d6b000 rw-p 00001000 08:02 25352146                   /home/jatinbha/sandboxes/jdk/jdk/build/linux-x86_64-server-slowdebug/images/jdk/lib/server/classes.jsa
7f30e6d6b000-7f30e7000000 ---p 00000000 00:00 0 
7f30e7000000-7f30e7010000 rw-p 00000000 00:00 0 
7f30e7010000-7f30e7040000 ---p 00000000 00:00 0 
7f30e7040000-7f30e7050000 rw-p 00000000 00:00 0 
7f30e7050000-7f3127000000 ---p 00000000 00:00 0 
7f312701c000-7f3127020000 ---p 00000000 00:00 0 
7f3127020000-7f312711d000 rw-p 00000000 00:00 0 
7f312711d000-7f3127121000 ---p 00000000 00:00 0 
7f3127121000-7f312721e000 rw-p 00000000 00:00 0 
7f312721e000-7f3127222000 r--p 00000000 08:02 25351622                   /home/jatinbha/sandboxes/jdk/jdk/build/linux-x86_64-server-slowdebug/images/jdk/lib/libjsvml.so
7f3127222000-7f3127263000 r-xp 00004000 08:02 25351622                   /home/jatinbha/sandboxes/jdk/jdk/build/linux-x86_64-server-slowdebug/images/jdk/lib/libjsvml.so
7f3127263000-7f31272ec000 r--p 00045000 08:02 25351622                   /home/jatinbha/sandboxes/jdk/jdk/build/linux-x86_64-server-slowdebug/images/jdk/lib/libjsvml.so
7f31272ec000-7f31272ed000 r--p 000cd000 08:02 25351622                   /home/jatinbha/sandboxes/jdk/jdk/build/linux-x86_64-server-slowdebug/images/jdk/lib/libjsvml.so
7f31272ed000-7f31272ee000 rw-p 000ce000 08:02 25351622                   /home/jatinbha/sandboxes/jdk/jdk/build/linux-x86_64-server-slowdebug/images/jdk/lib/libjsvml.so
7f31272ee000-7f31272f1000 r--p 00000000 08:02 25351572                   /home/jatinbha/sandboxes/jdk/jdk/build/linux-x86_64-server-slowdebug/images/jdk/lib/libsimdsort.so
7f31272f1000-7f3127376000 r-xp 00003000 08:02 25351572                   /home/jatinbha/sandboxes/jdk/jdk/build/linux-x86_64-server-slowdebug/images/jdk/lib/libsimdsort.so
7f3127376000-7f3127387000 r--p 00088000 08:02 25351572                   /home/jatinbha/sandboxes/jdk/jdk/build/linux-x86_64-server-slowdebug/images/jdk/lib/libsimdsort.so
7f3127387000-7f3127388000 r--p 00098000 08:02 25351572                   /home/jatinbha/sandboxes/jdk/jdk/build/linux-x86_64-server-slowdebug/images/jdk/lib/libsimdsort.so
7f3127388000-7f3127389000 rw-p 00099000 08:02 25351572                   /home/jatinbha/sandboxes/jdk/jdk/build/linux-x86_64-server-slowdebug/images/jdk/lib/libsimdsort.so
7f3127389000-7f312738d000 ---p 00000000 00:00 0 
7f312738d000-7f312748a000 rw-p 00000000 00:00 0 
7f312748a000-7f312748e000 ---p 00000000 00:00 0 
7f312748e000-7f312758b000 rw-p 00000000 00:00 0 
7f312758b000-7f312758f000 ---p 00000000 00:00 0 
7f312758f000-7f312768c000 rw-p 00000000 00:00 0 
7f312768c000-7f3127690000 ---p 00000000 00:00 0 
7f3127690000-7f312778d000 rw-p 00000000 00:00 0 
7f312778d000-7f3127791000 ---p 00000000 00:00 0 
7f3127791000-7f312788e000 rw-p 00000000 00:00 0 
7f312788e000-7f3127892000 ---p 00000000 00:00 0 
7f3127892000-7f312798f000 rw-p 00000000 00:00 0 
7f312798f000-7f3127993000 ---p 00000000 00:00 0 
7f3127993000-7f3127a90000 rw-p 00000000 00:00 0 
7f3127a90000-7f3128000000 r--p 00000000 08:02 7078745                    /usr/lib/locale/locale-archive
7f3128000000-7f3128021000 rw-p 00000000 00:00 0 
7f3128021000-7f312c000000 ---p 00000000 00:00 0 
7f312c000000-7f312c021000 rw-p 00000000 00:00 0 
7f312c021000-7f3130000000 ---p 00000000 00:00 0 
7f3130000000-7f3130021000 rw-p 00000000 00:00 0 
7f3130021000-7f3134000000 ---p 00000000 00:00 0 
7f3134040000-7f3134044000 ---p 00000000 00:00 0 
7f3134044000-7f3134141000 rw-p 00000000 00:00 0 
7f3134141000-7f3134142000 ---p 00000000 00:00 0 
7f3134142000-7f3134242000 rw-p 00000000 00:00 0 
7f3134242000-7f3134243000 ---p 00000000 00:00 0 
7f3134243000-7f31343c4000 rw-p 00000000 00:00 0 
7f31343c4000-7f31343c5000 ---p 00000000 00:00 0 
7f31343c5000-7f31344c5000 rw-p 00000000 00:00 0 
7f31344c5000-7f31344c6000 ---p 00000000 00:00 0 
7f31344c6000-7f3138000000 rw-p 00000000 00:00 0 
7f3138000000-7f3138021000 rw-p 00000000 00:00 0 
7f3138021000-7f313c000000 ---p 00000000 00:00 0 
7f313c000000-7f313c021000 rw-p 00000000 00:00 0 
7f313c021000-7f3140000000 ---p 00000000 00:00 0 
7f3140000000-7f3140021000 rw-p 00000000 00:00 0 
7f3140021000-7f3144000000 ---p 00000000 00:00 0 
7f314400a000-7f3146f74000 rw-p 00000000 00:00 0 
7f3146f74000-7f3146f75000 ---p 00000000 00:00 0 
7f3146f75000-7f3147075000 rw-p 00000000 00:00 0 
7f3147075000-7f3147076000 ---p 00000000 00:00 0 
7f3147076000-7f3147176000 rw-p 00000000 00:00 0 
7f3147176000-7f3147177000 ---p 00000000 00:00 0 
7f3147177000-7f3149666000 rw-p 00000000 00:00 0 
7f3149666000-7f3164e26000 ---p 00000000 00:00 0 
7f3164e26000-7f3165266000 rw-p 00000000 00:00 0 
7f3165266000-7f316895e000 ---p 00000000 00:00 0 
7f316895e000-7f3168d66000 rw-p 00000000 00:00 0 
7f3168d66000-7f316c45e000 ---p 00000000 00:00 0 
7f316c45e000-7f3170694000 rw-p 00000000 00:00 0 
7f3170694000-7f3170904000 rwxp 00000000 00:00 0 
7f3170904000-7f3177a63000 ---p 00000000 00:00 0 
7f3177a63000-7f3177f43000 rwxp 00000000 00:00 0 
7f3177f43000-7f31782c3000 ---p 00000000 00:00 0 
7f31782c3000-7f3178533000 rwxp 00000000 00:00 0 
7f3178533000-7f317f694000 ---p 00000000 00:00 0 
7f317f694000-7f3188000000 r--s 00000000 08:02 25351402                   /home/jatinbha/sandboxes/jdk/jdk/build/linux-x86_64-server-slowdebug/images/jdk/lib/modules
7f3188000000-7f318847b000 rw-p 00000000 00:00 0 
7f318847b000-7f318c000000 ---p 00000000 00:00 0 
7f318c01d000-7f318c024000 r--s 00000000 08:02 7736501                    /usr/lib/x86_64-linux-gnu/gconv/gconv-modules.cache
7f318c024000-7f318c8e9000 rw-p 00000000 00:00 0 
7f318c8e9000-7f318c9cc000 ---p 00000000 00:00 0 
7f318c9cc000-7f318c9d6000 rw-p 00000000 00:00 0 
7f318c9d6000-7f318c9dd000 ---p 00000000 00:00 0 
7f318c9dd000-7f318c9e2000 rw-p 00000000 00:00 0 
7f318c9e2000-7f318cac5000 ---p 00000000 00:00 0 
7f318cac5000-7f318cad1000 r--p 00000000 08:02 25351566                   /home/jatinbha/sandboxes/jdk/jdk/build/linux-x86_64-server-slowdebug/images/jdk/lib/libjava.so
7f318cad1000-7f318cae8000 r-xp 0000c000 08:02 25351566                   /home/jatinbha/sandboxes/jdk/jdk/build/linux-x86_64-server-slowdebug/images/jdk/lib/libjava.so
7f318cae8000-7f318caee000 r--p 00023000 08:02 25351566                   /home/jatinbha/sandboxes/jdk/jdk/build/linux-x86_64-server-slowdebug/images/jdk/lib/libjava.so
7f318caee000-7f318caef000 ---p 00029000 08:02 25351566                   /home/jatinbha/sandboxes/jdk/jdk/build/linux-x86_64-server-slowdebug/images/jdk/lib/libjava.so
7f318caef000-7f318caf0000 r--p 00029000 08:02 25351566                   /home/jatinbha/sandboxes/jdk/jdk/build/linux-x86_64-server-slowdebug/images/jdk/lib/libjava.so
7f318caf0000-7f318caf2000 rw-p 0002a000 08:02 25351566                   /home/jatinbha/sandboxes/jdk/jdk/build/linux-x86_64-server-slowdebug/images/jdk/lib/libjava.so
7f318caf2000-7f318cafa000 rw-s 00000000 08:02 3710481                    /tmp/hsperfdata_intel/1467101
7f318cafa000-7f318cafe000 r--p 00000000 08:02 25351567                   /home/jatinbha/sandboxes/jdk/jdk/build/linux-x86_64-server-slowdebug/images/jdk/lib/libjimage.so
7f318cafe000-7f318cb15000 r-xp 00004000 08:02 25351567                   /home/jatinbha/sandboxes/jdk/jdk/build/linux-x86_64-server-slowdebug/images/jdk/lib/libjimage.so
7f318cb15000-7f318cb1c000 r--p 0001b000 08:02 25351567                   /home/jatinbha/sandboxes/jdk/jdk/build/linux-x86_64-server-slowdebug/images/jdk/lib/libjimage.so
7f318cb1c000-7f318cb1d000 ---p 00022000 08:02 25351567                   /home/jatinbha/sandboxes/jdk/jdk/build/linux-x86_64-server-slowdebug/images/jdk/lib/libjimage.so
7f318cb1d000-7f318cb1f000 r--p 00022000 08:02 25351567                   /home/jatinbha/sandboxes/jdk/jdk/build/linux-x86_64-server-slowdebug/images/jdk/lib/libjimage.so
7f318cb1f000-7f318cb20000 rw-p 00024000 08:02 25351567                   /home/jatinbha/sandboxes/jdk/jdk/build/linux-x86_64-server-slowdebug/images/jdk/lib/libjimage.so
7f318cb20000-7f318cb24000 ---p 00000000 00:00 0 
7f318cb24000-7f318cc21000 rw-p 00000000 00:00 0 
7f318cc21000-7f318cc30000 r--p 00000000 08:02 7080075                    /usr/lib/x86_64-linux-gnu/libm-2.31.so
7f318cc30000-7f318ccd7000 r-xp 0000f000 08:02 7080075                    /usr/lib/x86_64-linux-gnu/libm-2.31.so
7f318ccd7000-7f318cd6e000 r--p 000b6000 08:02 7080075                    /usr/lib/x86_64-linux-gnu/libm-2.31.so
7f318cd6e000-7f318cd6f000 r--p 0014c000 08:02 7080075                    /usr/lib/x86_64-linux-gnu/libm-2.31.so
7f318cd6f000-7f318cd70000 rw-p 0014d000 08:02 7080075                    /usr/lib/x86_64-linux-gnu/libm-2.31.so
7f318cd70000-7f318cd73000 r--p 00000000 08:02 7080092                    /usr/lib/x86_64-linux-gnu/librt-2.31.so
7f318cd73000-7f318cd77000 r-xp 00003000 08:02 7080092                    /usr/lib/x86_64-linux-gnu/librt-2.31.so
7f318cd77000-7f318cd78000 r--p 00007000 08:02 7080092                    /usr/lib/x86_64-linux-gnu/librt-2.31.so
7f318cd78000-7f318cd79000 ---p 00008000 08:02 7080092                    /usr/lib/x86_64-linux-gnu/librt-2.31.so
7f318cd79000-7f318cd7a000 r--p 00008000 08:02 7080092                    /usr/lib/x86_64-linux-gnu/librt-2.31.so
7f318cd7a000-7f318cd7b000 rw-p 00009000 08:02 7080092                    /usr/lib/x86_64-linux-gnu/librt-2.31.so
7f318cd7b000-7f318d162000 r--p 00000000 08:02 25351581                   /home/jatinbha/sandboxes/jdk/jdk/build/linux-x86_64-server-slowdebug/images/jdk/lib/server/libjvm.so
7f318d162000-7f318e5ff000 r-xp 003e7000 08:02 25351581                   /home/jatinbha/sandboxes/jdk/jdk/build/linux-x86_64-server-slowdebug/images/jdk/lib/server/libjvm.so
7f318e5ff000-7f318f5c9000 r--p 01884000 08:02 25351581                   /home/jatinbha/sandboxes/jdk/jdk/build/linux-x86_64-server-slowdebug/images/jdk/lib/server/libjvm.so
7f318f5c9000-7f318f6ce000 r--p 0284d000 08:02 25351581                   /home/jatinbha/sandboxes/jdk/jdk/build/linux-x86_64-server-slowdebug/images/jdk/lib/server/libjvm.so
7f318f6ce000-7f318f744000 rw-p 02952000 08:02 25351581                   /home/jatinbha/sandboxes/jdk/jdk/build/linux-x86_64-server-slowdebug/images/jdk/lib/server/libjvm.so
7f318f744000-7f318f80b000 rw-p 00000000 00:00 0 
7f318f80b000-7f318f830000 r--p 00000000 08:02 7080073                    /usr/lib/x86_64-linux-gnu/libc-2.31.so
7f318f830000-7f318f9a8000 r-xp 00025000 08:02 7080073                    /usr/lib/x86_64-linux-gnu/libc-2.31.so
7f318f9a8000-7f318f9f2000 r--p 0019d000 08:02 7080073                    /usr/lib/x86_64-linux-gnu/libc-2.31.so
7f318f9f2000-7f318f9f3000 ---p 001e7000 08:02 7080073                    /usr/lib/x86_64-linux-gnu/libc-2.31.so
7f318f9f3000-7f318f9f6000 r--p 001e7000 08:02 7080073                    /usr/lib/x86_64-linux-gnu/libc-2.31.so
7f318f9f6000-7f318f9f9000 rw-p 001ea000 08:02 7080073                    /usr/lib/x86_64-linux-gnu/libc-2.31.so
7f318f9f9000-7f318f9fd000 rw-p 00000000 00:00 0 
7f318f9fd000-7f318fa04000 r--p 00000000 08:02 7080090                    /usr/lib/x86_64-linux-gnu/libpthread-2.31.so
7f318fa04000-7f318fa15000 r-xp 00007000 08:02 7080090                    /usr/lib/x86_64-linux-gnu/libpthread-2.31.so
7f318fa15000-7f318fa1a000 r--p 00018000 08:02 7080090                    /usr/lib/x86_64-linux-gnu/libpthread-2.31.so
7f318fa1a000-7f318fa1b000 r--p 0001c000 08:02 7080090                    /usr/lib/x86_64-linux-gnu/libpthread-2.31.so
7f318fa1b000-7f318fa1c000 rw-p 0001d000 08:02 7080090                    /usr/lib/x86_64-linux-gnu/libpthread-2.31.so
7f318fa1c000-7f318fa20000 rw-p 00000000 00:00 0 
7f318fa20000-7f318fa21000 r--p 00000000 08:02 7080074                    /usr/lib/x86_64-linux-gnu/libdl-2.31.so
7f318fa21000-7f318fa23000 r-xp 00001000 08:02 7080074                    /usr/lib/x86_64-linux-gnu/libdl-2.31.so
7f318fa23000-7f318fa24000 r--p 00003000 08:02 7080074                    /usr/lib/x86_64-linux-gnu/libdl-2.31.so
7f318fa24000-7f318fa25000 r--p 00003000 08:02 7080074                    /usr/lib/x86_64-linux-gnu/libdl-2.31.so
7f318fa25000-7f318fa26000 rw-p 00004000 08:02 7080074                    /usr/lib/x86_64-linux-gnu/libdl-2.31.so
7f318fa26000-7f318fa28000 r--p 00000000 08:02 7078082                    /usr/lib/x86_64-linux-gnu/libz.so.1.2.11
7f318fa28000-7f318fa39000 r-xp 00002000 08:02 7078082                    /usr/lib/x86_64-linux-gnu/libz.so.1.2.11
7f318fa39000-7f318fa3f000 r--p 00013000 08:02 7078082                    /usr/lib/x86_64-linux-gnu/libz.so.1.2.11
7f318fa3f000-7f318fa40000 ---p 00019000 08:02 7078082                    /usr/lib/x86_64-linux-gnu/libz.so.1.2.11
7f318fa40000-7f318fa41000 r--p 00019000 08:02 7078082                    /usr/lib/x86_64-linux-gnu/libz.so.1.2.11
7f318fa41000-7f318fa42000 rw-p 0001a000 08:02 7078082                    /usr/lib/x86_64-linux-gnu/libz.so.1.2.11
7f318fa42000-7f318fa45000 r--p 00000000 08:02 7080081                    /usr/lib/x86_64-linux-gnu/libnss_files-2.31.so
7f318fa45000-7f318fa4c000 r-xp 00003000 08:02 7080081                    /usr/lib/x86_64-linux-gnu/libnss_files-2.31.so
7f318fa4c000-7f318fa4e000 r--p 0000a000 08:02 7080081                    /usr/lib/x86_64-linux-gnu/libnss_files-2.31.so
7f318fa4e000-7f318fa4f000 r--p 0000b000 08:02 7080081                    /usr/lib/x86_64-linux-gnu/libnss_files-2.31.so
7f318fa4f000-7f318fa50000 rw-p 0000c000 08:02 7080081                    /usr/lib/x86_64-linux-gnu/libnss_files-2.31.so
7f318fa50000-7f318fa56000 rw-p 00000000 00:00 0 
7f318fa56000-7f318fa57000 ---p 00000000 00:00 0 
7f318fa57000-7f318fa58000 r--p 00000000 00:00 0 
7f318fa58000-7f318fa5b000 r--p 00000000 08:02 25351568                   /home/jatinbha/sandboxes/jdk/jdk/build/linux-x86_64-server-slowdebug/images/jdk/lib/libjli.so
7f318fa5b000-7f318fa69000 r-xp 00003000 08:02 25351568                   /home/jatinbha/sandboxes/jdk/jdk/build/linux-x86_64-server-slowdebug/images/jdk/lib/libjli.so
7f318fa69000-7f318fa6d000 r--p 00011000 08:02 25351568                   /home/jatinbha/sandboxes/jdk/jdk/build/linux-x86_64-server-slowdebug/images/jdk/lib/libjli.so
7f318fa6d000-7f318fa6e000 r--p 00014000 08:02 25351568                   /home/jatinbha/sandboxes/jdk/jdk/build/linux-x86_64-server-slowdebug/images/jdk/lib/libjli.so
7f318fa6e000-7f318fa6f000 rw-p 00015000 08:02 25351568                   /home/jatinbha/sandboxes/jdk/jdk/build/linux-x86_64-server-slowdebug/images/jdk/lib/libjli.so
7f318fa6f000-7f318fa71000 rw-p 00000000 00:00 0 
7f318fa71000-7f318fa72000 r--p 00000000 08:02 7080069                    /usr/lib/x86_64-linux-gnu/ld-2.31.so
7f318fa72000-7f318fa95000 r-xp 00001000 08:02 7080069                    /usr/lib/x86_64-linux-gnu/ld-2.31.so
7f318fa95000-7f318fa9d000 r--p 00024000 08:02 7080069                    /usr/lib/x86_64-linux-gnu/ld-2.31.so
7f318fa9d000-7f318fa9e000 rwxp 00000000 00:00 0 
7f318fa9e000-7f318fa9f000 r--p 0002c000 08:02 7080069                    /usr/lib/x86_64-linux-gnu/ld-2.31.so
7f318fa9f000-7f318faa0000 rw-p 0002d000 08:02 7080069                    /usr/lib/x86_64-linux-gnu/ld-2.31.so
7f318faa0000-7f318faa1000 rw-p 00000000 00:00 0 
7fff4b2d5000-7fff4b2f6000 rw-p 00000000 00:00 0                          [stack]
7fff4b357000-7fff4b35b000 r--p 00000000 00:00 0                          [vvar]
7fff4b35b000-7fff4b35d000 r-xp 00000000 00:00 0                          [vdso]
ffffffffff600000-ffffffffff601000 --xp 00000000 00:00 0                  [vsyscall]
Total number of mappings: 232


VM Arguments:
jvm_args: -XX:+PrintEscapeAnalysis 
java_command: test_ea 2
java_class_path (initial): .
Launcher Type: SUN_STANDARD

[Global flags]
     intx CICompilerCount                          = 18                                        {product} {ergonomic}     Number of compiler threads to run
     uint ConcGCThreads                            = 18                                        {product} {ergonomic}     Number of threads concurrent gc will use
     uint G1ConcRefinementThreads                  = 73                                        {product} {ergonomic}     The number of parallel remembered set update threads. Will be set ergonomically by default.
   size_t G1HeapRegionSize                         = 16777216                                  {product} {ergonomic}     Size of the G1 regions.
   size_t InitialHeapSize                          = 2147483648                                {product} {ergonomic}     Initial heap size (in bytes); zero means use ergonomics
   size_t MarkStackSize                            = 4194304                                   {product} {ergonomic}     Size of marking stack in bytes.
   size_t MarkStackSizeMax                         = 536870912                                 {product} {ergonomic}     Maximum size of marking stack in bytes.
   size_t MaxHeapSize                              = 31675383808                               {product} {ergonomic}     Maximum heap size (in bytes)
   size_t MaxNewSize                               = 18991808512                               {product} {ergonomic}     Maximum new generation size (in bytes), max_uintx means set ergonomically
   size_t MinHeapDeltaBytes                        = 16777216                                  {product} {ergonomic}     The minimum change in heap space due to GC (in bytes)
   size_t MinHeapSize                              = 16777216                                  {product} {ergonomic}     Minimum heap size (in bytes); zero means use ergonomics
    uintx NonNMethodCodeHeapSize                   = 8781824                                {pd product} {ergonomic}     Size of code heap with non-nmethods (in bytes)
    uintx NonProfiledCodeHeapSize                  = 121442304                              {pd product} {ergonomic}     Size of code heap with non-profiled methods (in bytes)
     bool PrintEscapeAnalysis                      = true                                   {C2 develop} {command line}  Print the results of escape analysis
    uintx ProfiledCodeHeapSize                     = 121434112                              {pd product} {ergonomic}     Size of code heap with profiled methods (in bytes)
    uintx ReservedCodeCacheSize                    = 251658240                              {pd product} {ergonomic}     Reserved code cache size (in bytes) - maximum code cache size
     bool SegmentedCodeCache                       = true                                      {product} {ergonomic}     Use a segmented code cache
   size_t SoftMaxHeapSize                          = 31675383808                            {manageable} {ergonomic}     Soft limit for maximum heap size (in bytes)
     bool THPStackMitigation                       = false                                  {diagnostic} {ergonomic}     If THPs are unconditionally enabled on the system (mode "always"), the JVM will prevent THP from forming in thread stacks. When disabled, the absence of this mitigationallows THPs to form in thread stacks.
     bool UseCompressedOops                        = true                           {product lp64_product} {ergonomic}   Use 32-bit object references in 64-bit VM. lp64_product means flag is always constant in 32 bit VM
     bool UseG1GC                                  = true                                      {product} {ergonomic}     Use the Garbage-First garbage collector

Logging:
Log output configuration:
 #0: stdout all=warning uptime,level,tags foldmultilines=false
 #1: stderr all=off uptime,level,tags foldmultilines=false

Environment Variables:
JAVA_HOME=/home/jatinbha/sandboxes/jdk/jdk/build/linux-x86_64-server-slowdebug/images/jdk/
PATH=/home/jatinbha/sandboxes/jdk/jdk/build/linux-x86_64-server-slowdebug/images/jdk//bin:/home/jatinbha/.local/bin:/home/jatinbha/bin:/home/jatinbha/softwares/cmake-3.28.3-linux-x86_64/bin:/home/jatinbha/softwares/cmake-3.26.3-linux-x86_64/bin:/home/jatinbha/softwares/jdk-17.0.2//bin:/home/jatinbha/softwares/thrift-0.16.0/bin:/home/jatinbha/softwares/jdk8u322-b06//bin:/home/jatinbha/softwares/jdk-17//bin:/home/jatinbha/softwares/apache-maven-3.6.3/bin:/home/jatinbha/sandboxes/skara/build/bin:/home/jatinbha/softwares/sde-internal-conf-APX-lin/:/usr/local/sbin:/usr/local/bin:/usr/sbin:/usr/bin:/sbin:/bin:/usr/games:/usr/local/games:/snap/bin
LD_LIBRARY_PATH=/home/jatinbha/softwares:
SHELL=/bin/bash
LANG=en_IN
TERM=xterm-256color

Active Locale:
LC_ALL=en_IN
LC_COLLATE=en_IN
LC_CTYPE=en_IN
LC_MESSAGES=en_IN
LC_MONETARY=en_IN
LC_NUMERIC=en_IN
LC_TIME=en_IN

Signal Handlers:
   SIGSEGV: crash_handler in libjvm.so, mask=11100100010111111101111111111110, flags=SA_RESTART|SA_SIGINFO, unblocked
    SIGBUS: crash_handler in libjvm.so, mask=11100100010111111101111111111110, flags=SA_RESTART|SA_SIGINFO, unblocked
    SIGFPE: crash_handler in libjvm.so, mask=11100100010111111101111111111110, flags=SA_RESTART|SA_SIGINFO, unblocked
   SIGPIPE: javaSignalHandler in libjvm.so, mask=11100100010111111101111111111110, flags=SA_RESTART|SA_SIGINFO, unblocked
   SIGXFSZ: javaSignalHandler in libjvm.so, mask=11100100010111111101111111111110, flags=SA_RESTART|SA_SIGINFO, unblocked
    SIGILL: crash_handler in libjvm.so, mask=11100100010111111101111111111110, flags=SA_RESTART|SA_SIGINFO, unblocked
   SIGUSR2: SR_handler in libjvm.so, mask=00000000000000000000000000000000, flags=SA_RESTART|SA_SIGINFO, unblocked
    SIGHUP: UserHandler in libjvm.so, mask=11100100010111111101111111111110, flags=SA_RESTART|SA_SIGINFO, unblocked
    SIGINT: UserHandler in libjvm.so, mask=11100100010111111101111111111110, flags=SA_RESTART|SA_SIGINFO, unblocked
   SIGTERM: UserHandler in libjvm.so, mask=11100100010111111101111111111110, flags=SA_RESTART|SA_SIGINFO, unblocked
   SIGQUIT: UserHandler in libjvm.so, mask=11100100010111111101111111111110, flags=SA_RESTART|SA_SIGINFO, blocked
   SIGTRAP: crash_handler in libjvm.so, mask=11100100010111111101111111111110, flags=SA_RESTART|SA_SIGINFO, unblocked


Native Memory Tracking:

(Omitting categories weighting less than 1KB)

Total: reserved=33184770KB, committed=2424310KB
       malloc: 206926KB #37612
       mmap:   reserved=32977844KB, committed=2217384KB

-                 Java Heap (reserved=30932992KB, committed=2113536KB)
                            (mmap: reserved=30932992KB, committed=2113536KB, at peak) 
 
-                     Class (reserved=1048676KB, committed=228KB)
                            (classes #744)
                            (  instance classes #632, array classes #112)
                            (malloc=100KB #1717) (peak=100KB #1713) 
                            (mmap: reserved=1048576KB, committed=128KB, at peak) 
                            (  Metadata:   )
                            (    reserved=65536KB, committed=704KB)
                            (    used=656KB)
                            (    waste=48KB =6.84%)
                            (  Class space:)
                            (    reserved=1048576KB, committed=128KB)
                            (    used=51KB)
                            (    waste=77KB =59.92%)
 
-                    Thread (reserved=25745KB, committed=1165KB)
                            (threads #26)
                            (stack: reserved=25672KB, committed=1092KB, peak=1092KB)
                            (malloc=54KB #156) (peak=62KB #160) 
                            (arena=20KB #40) (peak=235KB #32)
 
-                      Code (reserved=248329KB, committed=10709KB)
                            (malloc=645KB #16773) (at peak) 
                            (mmap: reserved=247684KB, committed=10064KB, at peak) 
                            (arena=0KB #0) (peak=33KB #1)
 
-                        GC (reserved=793724KB, committed=230844KB)
                            (malloc=152768KB #1341) (at peak) 
                            (mmap: reserved=640956KB, committed=78076KB, at peak) 
 
-                 GCCardSet (reserved=29KB, committed=29KB)
                            (malloc=29KB #390) (at peak) 
 
-                  Compiler (reserved=2969KB, committed=2969KB)
                            (malloc=12KB #76) (peak=12KB #79) 
                            (arena=2957KB #17) (peak=5424KB #23)
 
-                  Internal (reserved=45822KB, committed=45822KB)
                            (malloc=45786KB #14195) (peak=45786KB #14196) 
                            (mmap: reserved=36KB, committed=36KB, at peak) 
 
-                    Symbol (reserved=1172KB, committed=1172KB)
                            (malloc=812KB #331) (at peak) 
                            (arena=360KB #1) (at peak)
 
-    Native Memory Tracking (reserved=596KB, committed=596KB)
                            (malloc=8KB #83) (at peak) 
                            (tracking overhead=588KB)
 
-        Shared class space (reserved=16384KB, committed=13740KB, readonly=0KB)
                            (mmap: reserved=16384KB, committed=13740KB, peak=13940KB) 
 
-               Arena Chunk (reserved=2555KB, committed=2555KB)
                            (malloc=2555KB #249) (peak=5978KB #251) 
 
-                 Arguments (reserved=0KB, committed=0KB)
                            (malloc=0KB #5) (peak=10KB #6) 
 
-                    Module (reserved=65KB, committed=65KB)
                            (malloc=65KB #1231) (at peak) 
 
-                 Safepoint (reserved=8KB, committed=8KB)
                            (mmap: reserved=8KB, committed=8KB, at peak) 
 
-           Synchronization (reserved=136KB, committed=136KB)
                            (malloc=136KB #1025) (at peak) 
 
-            Serviceability (reserved=17KB, committed=17KB)
                            (malloc=17KB #10) (peak=17KB #14) 
 
-                 Metaspace (reserved=65549KB, committed=717KB)
                            (malloc=13KB #10) (at peak) 
                            (mmap: reserved=65536KB, committed=704KB, at peak) 
 
-      String Deduplication (reserved=1KB, committed=1KB)
                            (malloc=1KB #8) (at peak) 
 
-                   Unknown (reserved=0KB, committed=0KB)
                            (mmap: reserved=0KB, committed=0KB, peak=20KB) 
 
Preinit state:entries: 369 (primary: 368, empties: 7823), sum bytes: 14428, longest chain length: 2
pre-init mallocs: 401, pre-init reallocs: 0, pre-init frees: 32
MallocLimit: unset

Periodic native trim disabled

---------------  S Y S T E M  ---------------

OS:
DISTRIB_ID=Ubuntu
DISTRIB_RELEASE=20.04
DISTRIB_CODENAME=focal
DISTRIB_DESCRIPTION="Ubuntu 20.04.2 LTS"
uname: Linux intel-S2600WFT 5.8.0-41-generic #46~20.04.1-Ubuntu SMP Mon Jan 18 17:52:23 UTC 2021 x86_64
OS uptime: 14 days 7:05 hours
libc: glibc 2.31 NPTL 2.31 
rlimit (soft/hard): STACK 8192k/infinity , CORE 0k/infinity , NPROC 3090646/3090646 , NOFILE 1048576/1048576 , AS infinity/infinity , CPU infinity/infinity , DATA infinity/infinity , FSIZE infinity/infinity , MEMLOCK 65536k/65536k
load average: 0.52 0.20 0.09

/proc/meminfo:
MemTotal:       791263984 kB
MemFree:        692500368 kB
MemAvailable:   783251500 kB
Buffers:         1363340 kB
Cached:         90225044 kB
SwapCached:            0 kB
Active:         40496404 kB
Inactive:       52165000 kB
Active(anon):    1063180 kB
Inactive(anon):     9092 kB
Active(file):   39433224 kB
Inactive(file): 52155908 kB
Unevictable:           0 kB
Mlocked:               0 kB
SwapTotal:       2097148 kB
SwapFree:        2097148 kB
Dirty:               304 kB
Writeback:             0 kB
AnonPages:       1073520 kB
Mapped:           415420 kB
Shmem:             11676 kB
KReclaimable:    4216180 kB
Slab:            4917620 kB
SReclaimable:    4216180 kB
SUnreclaim:       701440 kB
KernelStack:       27088 kB
PageTables:        14860 kB
NFS_Unstable:          0 kB
Bounce:                0 kB
WritebackTmp:          0 kB
CommitLimit:    397729140 kB
Committed_AS:    7517828 kB
VmallocTotal:   34359738367 kB
VmallocUsed:      462232 kB
VmallocChunk:          0 kB
Percpu:           138880 kB
HardwareCorrupted:     0 kB
AnonHugePages:         0 kB
ShmemHugePages:        0 kB
ShmemPmdMapped:        0 kB
FileHugePages:         0 kB
FilePmdMapped:         0 kB
HugePages_Total:       0
HugePages_Free:        0
HugePages_Rsvd:        0
HugePages_Surp:        0
Hugepagesize:       2048 kB
Hugetlb:               0 kB
DirectMap4k:     1453468 kB
DirectMap2M:    24449024 kB
DirectMap1G:    780140544 kB

/sys/kernel/mm/transparent_hugepage/enabled: always [madvise] never
/sys/kernel/mm/transparent_hugepage/hpage_pmd_size: 2097152
/sys/kernel/mm/transparent_hugepage/shmem_enabled: always within_size advise [never] deny force
/sys/kernel/mm/transparent_hugepage/defrag (defrag/compaction efforts parameter): always defer defer+madvise [madvise] never

Process Memory:
Virtual Size: 35010264K (peak: 35030592K)
Resident Set Size: 296020K (peak: 296020K) (anon: 256332K, file: 39688K, shmem: 0K)
Swapped out: 0K
C-Heap outstanding allocations: 208560K, retained: 2119K (may have wrapped)
glibc malloc tunables: (default)

/proc/sys/kernel/threads-max (system-wide limit on the number of threads): 6181293
/proc/sys/vm/max_map_count (maximum number of memory map areas a process may have): 65530
/proc/sys/vm/swappiness (control to define how aggressively the kernel swaps out anonymous memory): 60
/proc/sys/kernel/pid_max (system-wide limit on number of process identifiers): 4194304

container (cgroup) information:
container_type: cgroupv1
cpu_cpuset_cpus: 0-111
cpu_memory_nodes: 0-1
active_processor_count: 112
cpu_quota: no quota
cpu_period: 100000
cpu_shares: no shares
memory_limit_in_bytes: unlimited
memory_and_swap_limit_in_bytes: unlimited
memory_soft_limit_in_bytes: unlimited
memory_usage_in_bytes: 281884 k
memory_max_usage_in_bytes: 311016 k
rss_usage_in_bytes: 263604 k
cache_usage_in_bytes: 132 k
kernel_memory_usage_in_bytes: 13400 k
kernel_memory_max_usage_in_bytes: unlimited
kernel_memory_limit_in_bytes: 13472 k
maximum number of tasks: unlimited
current number of tasks: 31

Steal ticks since vm start: 0
Steal ticks percentage since vm start:  0.000

CPU: total 112 (initial active 112) (28 cores per cpu, 2 threads per core) family 6 model 85 stepping 7 microcode 0x5003006, cx8, cmov, fxsr, ht, mmx, 3dnowpref, sse, sse2, sse3, ssse3, sse4.1, sse4.2, popcnt, lzcnt, tsc, tscinvbit, avx, avx2, aes, erms, clmul, bmi1, bmi2, adx, avx512f, avx512dq, avx512cd, avx512bw, avx512vl, fma, vzeroupper, avx512_vnni, clflush, clflushopt, clwb, rdtscp, f16c, pku, ospke
CPU Model and flags from /proc/cpuinfo:
model name	: Intel(R) Xeon(R) Platinum 8280 CPU @ 2.70GHz
flags		: fpu vme de pse tsc msr pae mce cx8 apic sep mtrr pge mca cmov pat pse36 clflush dts acpi mmx fxsr sse sse2 ss ht tm pbe syscall nx pdpe1gb rdtscp lm constant_tsc art arch_perfmon pebs bts rep_good nopl xtopology nonstop_tsc cpuid aperfmperf pni pclmulqdq dtes64 monitor ds_cpl smx est tm2 ssse3 sdbg fma cx16 xtpr pdcm pcid dca sse4_1 sse4_2 x2apic movbe popcnt tsc_deadline_timer aes xsave avx f16c rdrand lahf_lm abm 3dnowprefetch cpuid_fault epb cat_l3 cdp_l3 invpcid_single ssbd mba ibrs ibpb stibp ibrs_enhanced fsgsbase tsc_adjust bmi1 avx2 smep bmi2 erms invpcid cqm mpx rdt_a avx512f avx512dq rdseed adx smap clflushopt clwb intel_pt avx512cd avx512bw avx512vl xsaveopt xsavec xgetbv1 xsaves cqm_llc cqm_occup_llc cqm_mbm_total cqm_mbm_local dtherm ida arat pln pts hwp hwp_act_window hwp_epp hwp_pkg_req pku ospke avx512_vnni md_clear flush_l1d arch_capabilities

Online cpus: 0-111
Offline cpus: 
cache level: 1
cache type: Data
cache size: 32K
cache coherency line size: 64
cache level: 1
cache type: Instruction
cache size: 32K
cache coherency line size: 64
cache level: 2
cache type: Unified
cache size: 1024K
cache coherency line size: 64
cache level: 3
cache type: Unified
cache size: 39424K
cache coherency line size: 64
BIOS frequency limitation: <Not Available>
Frequency switch latency (ns): 0
Available cpu frequencies: <Not Available>
Maximum cpu frequency: 4000000
Minimum cpu frequency: 1000000
Current cpu frequency: 1000008
Available governors: performance powersave
Current governor: powersave
Core performance/turbo boost: <Not Available>

Memory: 4k page, physical 791263984k(783251560k free), swap 2097148k(2097148k free)
Page Sizes: 4k

vm_info: OpenJDK 64-Bit Server VM (slowdebug 23-internal-adhoc.root.jdk) for linux-amd64 JRE (23-internal-adhoc.root.jdk), built on 2024-04-26T11:55:29Z with gcc 9.3.0

END.
