<?xml version='1.0' encoding='UTF-8'?>
<hotspot_log version='160 1' process='2399608' time_ms='1738140859738'>
<vm_version>
<name>
OpenJDK 64-Bit Server VM
</name>
<release>
25-internal-adhoc.root.apx
</release>
<info>
OpenJDK 64-Bit Server VM (slowdebug 25-internal-adhoc.root.apx) for linux-amd64 JRE (25-internal-adhoc.root.apx), built on 2025-01-08T07:53:19Z with gcc 9.3.0
</info>
</vm_version>
<vm_arguments>
<args>
-Xbatch -XX:-TieredCompilation -XX:+TraceDeoptimization -XX:-PrintDeoptimizationDetails </args>
<command>
test
</command>
<launcher>
SUN_STANDARD
</launcher>
<properties>
java.vm.specification.name=Java Virtual Machine Specification
java.vm.version=25-internal-adhoc.root.apx
java.vm.name=OpenJDK 64-Bit Server VM
jdk.debug=slowdebug
sun.boot.library.path=/home/jatinbha/sandboxes/apx/build/linux-x86_64-server-slowdebug/images/jdk/lib
java.library.path=/home/jatinbha/softwares::/usr/java/packages/lib:/usr/lib64:/lib64:/lib:/usr/lib
java.home=/home/jatinbha/sandboxes/apx/build/linux-x86_64-server-slowdebug/images/jdk
java.class.path=.
java.vm.info=mixed mode, sharing
java.vm.specification.vendor=Oracle Corporation
java.vm.specification.version=25
java.vm.vendor=Oracle Corporation
sun.java.command=test
sun.java.launcher=SUN_STANDARD
</properties>
</vm_arguments>
<tty>
<writer thread='2399609'/>
<blob name='MethodHandlesAdapterBlob' total_size='10224'>
<sect index='1' capacity='10224' size='2282' remaining='7942'/>
</blob>
<uncommon_trap thread='2399609' reason='unstable_if' action='reinterpret' debug_id='0' compile_id='8' compile_kind='osr' compiler='c2' stamp='0.447'>
UNCOMMON TRAP method=test.micro(I)I  bci=12 pc=0x00007f8c545d7454, relative_pc=0x00000000000001b4, debug_id=0 compiler=c2 compile_id=8 (@0x00007f8c545d7454) thread=2399609 reason=unstable_if action=reinterpret unloaded_class_index=-1 debug_id=0
<jvms bci='12' method='test micro (I)I' bytes='32' count='6784' iicount='6784'/>
<jvms bci='12' method='test main ([Ljava/lang/String;)V' bytes='36' count='1' backedge_count='20480' iicount='1'/>
</uncommon_trap>
DEOPT PACKING thread=0x00007f8c6002d300 vframeArray=0x00007f8c603a8eb0
   Compiled frame (sp=0x00007f8c65d72870 unextended sp=0x00007f8c65d72870, fp=0x00007f8c65d72910, real_fp=0x00007f8c65d728a0, pc=0x00007f8c545d7454)
     nmethod446    8 %           test::main @ 4 (36 bytes)
   Virtual frames (innermost/newest first):
      VFrame 0 (0x00007f8ba4103810) - test.micro(I)I - if_icmple @ bci=12 
      VFrame 1 (0x00007f8ba4104cb0) - test.main([Ljava/lang/String;)V - invokestatic @ bci=12 

DEOPT UNPACKING thread=0x00007f8c6002d300 vframeArray=0x00007f8c603a8eb0 mode=2
   Virtual frames (outermost/oldest first):
      VFrame 1 (0x00007f8c603aa300) - test.main([Ljava/lang/String;)V - invokestatic @ bci=12 sp=0x00007f8c65d72818
      VFrame 0 (0x00007f8c603aa290) - test.micro(I)I - if_icmple @ bci=12 sp=0x00007f8c65d727b0

C1 Runtime statistics:
 _resolve_invoke_virtual_cnt:     0
 _resolve_invoke_opt_virtual_cnt: 0
 _resolve_invoke_static_cnt:      0
 _handle_wrong_method_cnt:        0
 _ic_miss_cnt:                    0
 _generic_arraycopystub_cnt:      0
 _byte_arraycopy_cnt:             0
 _short_arraycopy_cnt:            0
 _int_arraycopy_cnt:              0
 _long_arraycopy_cnt:             0
 _oop_arraycopy_cnt:              0
 _arraycopy_slowcase_cnt:         0
 _arraycopy_checkcast_cnt:        0
 _arraycopy_checkcast_attempt_cnt:0
 _new_type_array_slowcase_cnt:    0
 _new_object_array_slowcase_cnt:  0
 _new_instance_slowcase_cnt:      0
 _new_multi_array_slowcase_cnt:   0
 _monitorenter_slowcase_cnt:      0
 _monitorexit_slowcase_cnt:       0
 _patch_code_slowcase_cnt:        0
 _throw_range_check_exception_count:            0:
 _throw_index_exception_count:                  0:
 _throw_div0_exception_count:                   0:
 _throw_null_pointer_exception_count:           0:
 _throw_class_cast_exception_count:             0:
 _throw_incompatible_class_change_error_count:  0:
 _throw_count:                                  0:

<statistics type='SharedRuntime'>
    0 inline cache miss in compiled
    0 wrong method
    0 unresolved static call site
    0 unresolved virtual call site
    0 unresolved opt virtual call site
AdapterHandlerTable statistics:
Number of buckets       :       293 =      2344 bytes, each 8
Number of entries       :       179 =     10024 bytes, each 56
Number of literals      :       179 =     14320 bytes, avg  80.000
Total footprint         :           =     26688 bytes
Average bucket size     :     0.611
Variance of bucket size :     0.565
Std. dev. of bucket size:     0.752
Maximum bucket size     :         4
AdapterHandlerTable (table_size=293, entries=179)
AdapterHandlerTable: lookups 2905 equals 2336 hits 2336 compact 2336
</statistics>
<statistics type='opto'>
--- Compiler Statistics ---
Methods seen: 18  Methods parsed: 18  Nodes created: 4134
Blocks parsed: 25  Blocks seen: 30
21 original null checks - 22 elided (104%); optimizer leaves 18,
0 made implicit ( 0%)
StringConcat:    0/   0/   0(replaced/merged/total)
CCP: 6  constants found: 0
Total frameslots = 16, Max frameslots = 4
Inserted 0 spill loads, 0 spill stores, 0 mem-mem moves and 0 copies.
Total load cost=      0, store cost =      0, mem-mem cost =  0.00, copy cost =     0.
Adjusted spill cost =       0.
Conservatively coalesced 46 copies, 0 pairs, 2 post alloc.
Used cisc instruction  0,  remained in register 48
Average allocation trips 1.041667
High Pressure Blocks = 0, Low Pressure Blocks = 0
Nops added 0 bytes to total of 2807 bytes, for 0.00%
Peephole: peephole rules applied: 7
PhaseIdealLoop=28, sum _unique=9346, long loops=0/0/0
No escape = 0, Arg escape = 0, Global escape = 0
Objects scalar replaced = 0, Monitor objects removed = 0, GC barriers removed = 0, Memory barriers removed = 0
</statistics>
<statistics type='deoptimization'>
Deoptimization traps recorded:
     1 (100.0%) total
         unstable_if/reinterpret/if_icmple: 1 (100.0%)
</statistics>
<writer thread='2399622'/>
<destroy_vm stamp='0.461'/>
<tty_done stamp='0.667'/>
</tty>
<hotspot_log_done stamp='0.667'/>
</hotspot_log>
