#
# A fatal error has been detected by the Java Runtime Environment:
#
#  Internal Error (/home/jatinbha/sandboxes/jdk/src/hotspot/share/memory/resourceArea.cpp:66), pid=3642514, tid=3642515
#  fatal error: memory leak: allocating without ResourceMark
#
# JRE version: OpenJDK Runtime Environment (23.0) (slowdebug build 23-internal-adhoc.root.jdk)
# Java VM: OpenJDK 64-Bit Server VM (slowdebug 23-internal-adhoc.root.jdk, mixed mode, sharing, tiered, compressed oops, compressed class ptrs, g1 gc, linux-amd64)
# Problematic frame:
# V  [libjvm.so+0x13d793e]  ResourceArea::verify_has_resource_mark()+0x76
#
# Core dump will be written. Default location: Core dumps may be processed with "/usr/share/apport/apport %p %s %c %d %P %E" (or dumping to /home/jatinbha/code/java/jvm_startup/core.3642514)
#
# If you would like to submit a bug report, please visit:
#   https://bugreport.java.com/bugreport/crash.jsp
#

---------------  S U M M A R Y ------------

Command Line: -XX:+PauseAtStartup caller_callee

Host: intel-S2600WFT, Intel(R) Xeon(R) Platinum 8280 CPU @ 2.70GHz, 112 cores, 754G, Ubuntu 20.04.2 LTS
Time: Wed Jan 17 12:17:19 2024 IST elapsed time: 1171.573287 seconds (0d 0h 19m 31s)

---------------  T H R E A D  ---------------

Current thread (0x00007f24bc02a2a0):  JavaThread "main"             [_thread_in_vm, id=3642515, stack(0x00007f24c0e9f000,0x00007f24c0fa0000) (1028K)]

Stack: [0x00007f24c0e9f000,0x00007f24c0fa0000],  sp=0x00007f24c0f9e460,  free space=1021k
Native frames: (J=compiled Java code, j=interpreted, Vv=VM code, C=native code)
V  [libjvm.so+0x13d793e]  ResourceArea::verify_has_resource_mark()+0x76  (resourceArea.cpp:66)
V  [libjvm.so+0x13bbb39]  ResourceArea::allocate_bytes(unsigned long, AllocFailStrategy::AllocFailEnum)+0x23  (resourceArea.inline.hpp:33)
V  [libjvm.so+0x13d799b]  resource_allocate_bytes(unsigned long, AllocFailStrategy::AllocFailEnum)+0x35  (resourceArea.cpp:79)
V  [libjvm.so+0x15c60fc]  Symbol::as_C_string() const+0x34  (symbol.cpp:142)
V  [libjvm.so+0x15c63de]  Symbol::as_klass_external_name() const+0x1c  (symbol.cpp:203)
V  [libjvm.so+0x10c1f1a]  Klass::external_name() const+0xea  (klass.cpp:695)
V  [libjvm.so+0x1236b05]  Method::name_and_sig_as_C_string(Klass*, Symbol*, Symbol*)+0x25  (method.cpp:177)
V  [libjvm.so+0x1236a67]  Method::name_and_sig_as_C_string() const+0x53  (method.cpp:169)
C  0x00007f24c0f9e60f
Registers:
RAX=0x00007f24c3dec000, RBX=0x00007f241a6887e8, RCX=0x00007f24c3b265f8, RDX=0x0000000000000001
RSP=0x00007f24c0f9e460, RBP=0x00007f24c0f9e470, RSI=0x00007f24c3b265f8, RDI=0x00007f24c0f9e40f
R8 =0x0000000000000008, R9 =0x0000561c3381ced0, R10=0x00007f24bc0008d0, R11=0x00007f24bc000080
R12=0x00007f241a688808, R13=0x00007f24bc03b6c0, R14=0x00007f24bc02b544, R15=0x00007f24bc02b558
RIP=0x00007f24c24d193e, EFLAGS=0x0000000000010202, CSGSFS=0x002b000000000033, ERR=0x0000000000000015
  TRAPNO=0x000000000000000e


Register to memory mapping:

RAX=0x00007f24c3dec000 in mmap'd memory region [0x00007f24c3dec000 - 0x00007f24c3ded000], tag mtInternal
RBX=0x00007f241a6887e8 is pointing into metadata
RCX=0x00007f24c3b265f8: <offset 0x0000000002a2c5f8> in /home/jatinbha/sandboxes/jdk/build/linux-x86_64-server-slowdebug/images/jdk/lib/server/libjvm.so at 0x00007f24c10fa000
RDX=0x0000000000000001 is an unknown value
RSP=0x00007f24c0f9e460 is pointing into the stack for thread: 0x00007f24bc02a2a0
RBP=0x00007f24c0f9e470 is pointing into the stack for thread: 0x00007f24bc02a2a0
RSI=0x00007f24c3b265f8: <offset 0x0000000002a2c5f8> in /home/jatinbha/sandboxes/jdk/build/linux-x86_64-server-slowdebug/images/jdk/lib/server/libjvm.so at 0x00007f24c10fa000
RDI=0x00007f24c0f9e40f is pointing into the stack for thread: 0x00007f24bc02a2a0
R8 =0x0000000000000008 is an unknown value
R9 =0x0000561c3381ced0 points into unknown readable memory: 0x0000000000000002 | 02 00 00 00 00 00 00 00
R10=0x00007f24bc0008d0 points into unknown readable memory: 0x0001000100010002 | 02 00 01 00 01 00 01 00
R11=0x00007f24bc000080 points into unknown readable memory: 0x00007f24bc3ae240 | 40 e2 3a bc 24 7f 00 00
R12=0x00007f241a688808 is pointing into metadata
R13=0x00007f24bc03b6c0 into live malloced block starting at 0x00007f24bc03b6c0, size 56, tag mtInternal
R14=0x00007f24bc02b544 into live malloced block starting at 0x00007f24bc02b4e0, size 240, tag mtInternal
R15=0x00007f24bc02b558 into live malloced block starting at 0x00007f24bc02b4e0, size 240, tag mtInternal

Top of Stack: (sp=0x00007f24c0f9e460)
0x00007f24c0f9e460:   00007f24c0f9e470 00007f24bc018aa0
0x00007f24c0f9e470:   00007f24c0f9e4a0 00007f24c24b5b39
0x00007f24c0f9e480:   00007f24c0f9e4a0 00000000c14e165f
0x00007f24c0f9e490:   000000000000001c 00007f24bc018aa0
0x00007f24c0f9e4a0:   00007f24c0f9e4c0 00007f24c24d199b
0x00007f24c0f9e4b0:   00000000c0f9e4e0 000000000000001c
0x00007f24c0f9e4c0:   00007f24c0f9e4f0 00007f24c26c00fc
0x00007f24c0f9e4d0:   00007f24c0f9e4f0 00007f241a686a80
0x00007f24c0f9e4e0:   0000001bc0f9e510 00007f24c0f9e51c
0x00007f24c0f9e4f0:   00007f24c0f9e520 00007f24c26c03de
0x00007f24c0f9e500:   00007f24c0f9e520 00007f241a686a80
0x00007f24c0f9e510:   00007f24c0f9e530 00007f241a352d58
0x00007f24c0f9e520:   00007f24c0f9e560 00007f24c21bbf1a
0x00007f24c0f9e530:   00000595c0f9e560 00007f241a352d58
0x00007f24c0f9e540:   00007f24c0f9e560 00007f24c17666d6
0x00007f24c0f9e550:   00007f241a352d58 00007f241ab966f0
0x00007f24c0f9e560:   00007f24c0f9e5c0 00007f24c2330b05
0x00007f24c0f9e570:   00000595c0f9e590 00007f241a688808
0x00007f24c0f9e580:   00007f241a6887e8 00007f241a352d58
0x00007f24c0f9e590:   00007f24c0f9e5c0 00007f241ab9d0e0
0x00007f24c0f9e5a0:   00007f24c0f9e5c0 00007f24c14e1d04
0x00007f24c0f9e5b0:   00007f24c0f9e5d0 00007f241a6887e8
0x00007f24c0f9e5c0:   00007f24c0f9e5f0 00007f24c2330a67
0x00007f24c0f9e5d0:   00007f24c0f9e5f0 00007f241a357100
0x00007f24c0f9e5e0:   0000000000000001 00007f24bc03b580
0x00007f24c0f9e5f0:   00007f24c0f9e5f8 00007f24c0f9e60f
0x00007f24c0f9e600:   00000596c0f9e620 cc007f241ab966f0
0x00007f24c0f9e610:   00007f24c0f9e650 01007f241a357100
0x00007f24c0f9e620:   00007f24c0f9e650 00007f241a688808
0x00007f24c0f9e630:   00007f24c0f9e650 00007f24c1766455
0x00007f24c0f9e640:   00000001c0f9e680 00007f241a688808
0x00007f24c0f9e650:   00007f24c0f9e680 00007f24c250665a 

Instructions: (pc=0x00007f24c24d193e)
0x00007f24c24d183e:   48 39 c3 74 13 e8 29 c0 00 ff 83 f0 01 84 c0 74
0x00007f24c24d184e:   07 b8 01 00 00 00 eb 05 b8 00 00 00 00 84 c0 74
0x00007f24c24d185e:   31 48 8d 05 12 be 56 01 48 8b 00 c6 00 58 48 8d
0x00007f24c24d186e:   0d 9e b3 c3 00 48 8d 15 ae b3 c3 00 be 34 00 00
0x00007f24c24d187e:   00 48 8d 3d d2 b3 c3 00 b8 00 00 00 00 e8 19 7d
0x00007f24c24d188e:   69 ff 48 8b 45 e8 48 8b 40 30 48 89 c7 e8 88 02
0x00007f24c24d189e:   00 00 48 8b 55 e8 48 89 42 38 48 8b 45 e8 48 8b
0x00007f24c24d18ae:   40 30 48 8b 55 e8 48 89 d6 48 89 c7 e8 6d fd 00
0x00007f24c24d18be:   ff 90 48 83 c4 28 5b 5d c3 90 f3 0f 1e fa 55 48
0x00007f24c24d18ce:   89 e5 48 83 ec 10 48 89 7d f8 48 8b 45 f8 8b 40
0x00007f24c24d18de:   30 85 c0 7f 13 e8 24 30 2f 00 83 f0 01 84 c0 74
0x00007f24c24d18ee:   07 b8 01 00 00 00 eb 05 b8 00 00 00 00 84 c0 74
0x00007f24c24d18fe:   64 48 8d 3d f2 4c 65 01 e8 bf 36 2a ff 83 f0 01
0x00007f24c24d190e:   84 c0 74 51 b9 08 00 00 00 ba 01 00 00 00 be 00
0x00007f24c24d191e:   00 00 00 48 8d 3d d0 4c 65 01 e8 c7 e1 5c ff 83
0x00007f24c24d192e:   f0 01 84 c0 74 2f 48 8d 05 3d bd 56 01 48 8b 00
0x00007f24c24d193e:   c6 00 58 48 8d 0d 58 b3 c3 00 ba 42 00 00 00 48
0x00007f24c24d194e:   8d 35 04 b3 c3 00 bf 00 00 00 e0 b8 00 00 00 00
0x00007f24c24d195e:   e8 cd 7d 69 ff 90 c9 c3 f3 0f 1e fa 55 48 89 e5
0x00007f24c24d196e:   48 83 ec 10 48 89 7d f8 89 75 f4 e8 d0 fc 00 ff
0x00007f24c24d197e:   48 89 c7 e8 1c fa 00 ff 48 89 c1 8b 55 f4 48 8b
0x00007f24c24d198e:   45 f8 48 89 c6 48 89 cf e8 7b 41 fe ff c9 c3 f3
0x00007f24c24d199e:   0f 1e fa 55 48 89 e5 48 83 ec 20 48 89 7d f8 48
0x00007f24c24d19ae:   89 75 f0 89 55 ec 48 8b 45 f8 48 89 c7 e8 e2 f9
0x00007f24c24d19be:   00 ff 48 89 c1 8b 55 ec 48 8b 45 f0 48 89 c6 48
0x00007f24c24d19ce:   89 cf e8 41 41 fe ff c9 c3 f3 0f 1e fa 55 48 89
0x00007f24c24d19de:   e5 48 83 ec 20 48 89 7d f8 48 89 75 f0 48 89 55
0x00007f24c24d19ee:   e8 89 4d e4 e8 57 fc 00 ff 48 89 c7 e8 a3 f9 00
0x00007f24c24d19fe:   ff 48 89 c7 8b 75 e4 48 8b 4d e8 48 8b 55 f0 48
0x00007f24c24d1a0e:   8b 45 f8 41 89 f0 48 89 c6 e8 40 6a 2b ff c9 c3
0x00007f24c24d1a1e:   f3 0f 1e fa 55 48 89 e5 48 83 ec 20 48 89 7d f8
0x00007f24c24d1a2e:   48 89 75 f0 48 89 55 e8 48 8b 45 f8 48 89 c7 e8 


Stack slot to memory mapping:

stack at sp + 0 slots: 0x00007f24c0f9e470 is pointing into the stack for thread: 0x00007f24bc02a2a0
stack at sp + 1 slots: 0x00007f24bc018aa0 into live malloced block starting at 0x00007f24bc018aa0, size 56, tag mtThread
stack at sp + 2 slots: 0x00007f24c0f9e4a0 is pointing into the stack for thread: 0x00007f24bc02a2a0
stack at sp + 3 slots: 0x00007f24c24b5b39: <offset 0x00000000013bbb39> in /home/jatinbha/sandboxes/jdk/build/linux-x86_64-server-slowdebug/images/jdk/lib/server/libjvm.so at 0x00007f24c10fa000
stack at sp + 4 slots: 0x00007f24c0f9e4a0 is pointing into the stack for thread: 0x00007f24bc02a2a0
stack at sp + 5 slots: 0x00000000c14e165f in mmap'd memory region [0x00000000a0000000 - 0x0000000800000000], tag mtJavaHeap
stack at sp + 6 slots: 0x000000000000001c is an unknown value
stack at sp + 7 slots: 0x00007f24bc018aa0 into live malloced block starting at 0x00007f24bc018aa0, size 56, tag mtThread


---------------  P R O C E S S  ---------------

uid  : 1000 euid : 1000 gid  : 1000 egid : 1000

umask: 0002 (-------w-)

Threads class SMR info:
_java_thread_list=0x00007f24bc3ab6c0, length=9, elements={
0x00007f24bc02a2a0, 0x00007f24bc3822c0, 0x00007f24bc383bd0, 0x00007f24bc385c70,
0x00007f24bc3875c0, 0x00007f24bc388dd0, 0x00007f24bc38ac90, 0x00007f24bc38c610,
0x00007f24bc3ab8d0
}
_java_thread_list_alloc_cnt=10, _java_thread_list_free_cnt=8, _java_thread_list_max=9, _nested_thread_list_max=0
_tlh_cnt=27, _tlh_times=0, avg_tlh_time=0.00, _tlh_time_max=0
_delete_lock_wait_cnt=0, _delete_lock_wait_max=0
_to_delete_list_cnt=0, _to_delete_list_max=1

Java Threads: ( => current thread )
=>0x00007f24bc02a2a0 JavaThread "main"                              [_thread_in_vm, id=3642515, stack(0x00007f24c0e9f000,0x00007f24c0fa0000) (1028K)]
  0x00007f24bc3822c0 JavaThread "Reference Handler"          daemon [_thread_blocked, id=3642530, stack(0x00007f2468056000,0x00007f2468157000) (1028K)]
  0x00007f24bc383bd0 JavaThread "Finalizer"                  daemon [_thread_blocked, id=3642531, stack(0x00007f245beff000,0x00007f245c000000) (1028K)]
  0x00007f24bc385c70 JavaThread "Signal Dispatcher"          daemon [_thread_blocked, id=3642532, stack(0x00007f245bdfe000,0x00007f245beff000) (1028K)]
  0x00007f24bc3875c0 JavaThread "Service Thread"             daemon [_thread_blocked, id=3642533, stack(0x00007f245bcfd000,0x00007f245bdfe000) (1028K)]
  0x00007f24bc388dd0 JavaThread "Monitor Deflation Thread"   daemon [_thread_blocked, id=3642534, stack(0x00007f245bbfc000,0x00007f245bcfd000) (1028K)]
  0x00007f24bc38ac90 JavaThread "C2 CompilerThread0"         daemon [_thread_blocked, id=3642535, stack(0x00007f245bafb000,0x00007f245bbfc000) (1028K)]
  0x00007f24bc38c610 JavaThread "C1 CompilerThread0"         daemon [_thread_blocked, id=3642536, stack(0x00007f245b9fa000,0x00007f245bafb000) (1028K)]
  0x00007f24bc3ab8d0 JavaThread "Notification Thread"        daemon [_thread_blocked, id=3642537, stack(0x00007f245b78e000,0x00007f245b88f000) (1028K)]
Total: 9

Other Threads:
  0x00007f24bc340f60 VMThread "VM Thread"                           [id=3642529, stack(0x00007f24686c8000,0x00007f24687c8000) (1024K)]
  0x00007f24bc261790 WatcherThread "VM Periodic Task Thread"        [id=3642528, stack(0x00007f24687c9000,0x00007f24688c9000) (1024K)]
  0x00007f24bc0698c0 WorkerThread "GC Thread#0"                     [id=3642523, stack(0x00007f247b714000,0x00007f247b814000) (1024K)]
  0x00007f24bc07a170 ConcurrentGCThread "G1 Main Marker"            [id=3642524, stack(0x00007f247b613000,0x00007f247b713000) (1024K)]
  0x00007f24bc07b410 WorkerThread "G1 Conc#0"                       [id=3642525, stack(0x00007f247b512000,0x00007f247b612000) (1024K)]
  0x00007f24bc237b50 ConcurrentGCThread "G1 Refine#0"               [id=3642526, stack(0x00007f24689cb000,0x00007f2468acb000) (1024K)]
  0x00007f24bc238d90 ConcurrentGCThread "G1 Service"                [id=3642527, stack(0x00007f24688ca000,0x00007f24689ca000) (1024K)]
Total: 7

Threads with active compile tasks:
Total: 0

VM state: not at safepoint (normal execution)

VM Mutex/Monitor currently owned by a thread: None

Heap address: 0x00000000a0000000, size: 30208 MB, Compressed Oops mode: Zero based, Oop shift amount: 3

CDS archive(s) mapped at: [0x00007f241a000000-0x00007f241ad42000-0x00007f241ad42000), size 13901824, SharedBaseAddress: 0x00007f241a000000, ArchiveRelocationMode: 1.
Compressed class space mapped at: 0x00007f241b000000-0x00007f245b000000, reserved size: 1073741824
Narrow klass base: 0x00007f241a000000, Narrow klass shift: 0, Narrow klass range: 0x100000000

GC Precious Log:
 CardTable entry size: 512
 Card Set container configuration: InlinePtr #cards 3 size 8 Array Of Cards #cards 128 size 272 Howl #buckets 8 coarsen threshold 29491 Howl Bitmap #cards 4096 size 528 coarsen threshold 3686 Card regions per heap region 1 cards per card region 32768
 CPUs: 112 total, 112 available
 Memory: 754G
 Large Page Support: Disabled
 NUMA Support: Disabled
 Compressed Oops: Enabled (Zero based)
 Heap Region Size: 16M
 Heap Min Capacity: 16M
 Heap Initial Capacity: 2G
 Heap Max Capacity: 30208M
 Pre-touch: Disabled
 Parallel Workers: 73
 Concurrent Workers: 18
 Concurrent Refinement Workers: 73
 Periodic GC: Disabled

Heap:
 garbage-first heap   total reserved 30932992K, committed 2113536K, used 1067K [0x00000000a0000000, 0x0000000800000000)
  region size 16384K, 1 young (16384K), 0 survivors (0K)
 Metaspace       used 56K, committed 128K, reserved 1114112K
  class space    used 1K, committed 64K, reserved 1048576K

Heap Regions: E=young(eden), S=young(survivor), O=old, HS=humongous(starts), HC=humongous(continues), CS=collection set, F=free, TAMS=top-at-mark-start, PB=parsable bottom
|   0|0x00000000a0000000, 0x00000000a0000000, 0x00000000a1000000|  0%| F|  |TAMS 0x00000000a0000000| PB 0x00000000a0000000| Untracked |  0
|   1|0x00000000a1000000, 0x00000000a1000000, 0x00000000a2000000|  0%| F|  |TAMS 0x00000000a1000000| PB 0x00000000a1000000| Untracked |  0
|   2|0x00000000a2000000, 0x00000000a2000000, 0x00000000a3000000|  0%| F|  |TAMS 0x00000000a2000000| PB 0x00000000a2000000| Untracked |  0
|   3|0x00000000a3000000, 0x00000000a3000000, 0x00000000a4000000|  0%| F|  |TAMS 0x00000000a3000000| PB 0x00000000a3000000| Untracked |  0
|   4|0x00000000a4000000, 0x00000000a4000000, 0x00000000a5000000|  0%| F|  |TAMS 0x00000000a4000000| PB 0x00000000a4000000| Untracked |  0
|   5|0x00000000a5000000, 0x00000000a5000000, 0x00000000a6000000|  0%| F|  |TAMS 0x00000000a5000000| PB 0x00000000a5000000| Untracked |  0
|   6|0x00000000a6000000, 0x00000000a6000000, 0x00000000a7000000|  0%| F|  |TAMS 0x00000000a6000000| PB 0x00000000a6000000| Untracked |  0
|   7|0x00000000a7000000, 0x00000000a7000000, 0x00000000a8000000|  0%| F|  |TAMS 0x00000000a7000000| PB 0x00000000a7000000| Untracked |  0
|   8|0x00000000a8000000, 0x00000000a8000000, 0x00000000a9000000|  0%| F|  |TAMS 0x00000000a8000000| PB 0x00000000a8000000| Untracked |  0
|   9|0x00000000a9000000, 0x00000000a9000000, 0x00000000aa000000|  0%| F|  |TAMS 0x00000000a9000000| PB 0x00000000a9000000| Untracked |  0
|  10|0x00000000aa000000, 0x00000000aa000000, 0x00000000ab000000|  0%| F|  |TAMS 0x00000000aa000000| PB 0x00000000aa000000| Untracked |  0
|  11|0x00000000ab000000, 0x00000000ab000000, 0x00000000ac000000|  0%| F|  |TAMS 0x00000000ab000000| PB 0x00000000ab000000| Untracked |  0
|  12|0x00000000ac000000, 0x00000000ac000000, 0x00000000ad000000|  0%| F|  |TAMS 0x00000000ac000000| PB 0x00000000ac000000| Untracked |  0
|  13|0x00000000ad000000, 0x00000000ad000000, 0x00000000ae000000|  0%| F|  |TAMS 0x00000000ad000000| PB 0x00000000ad000000| Untracked |  0
|  14|0x00000000ae000000, 0x00000000ae000000, 0x00000000af000000|  0%| F|  |TAMS 0x00000000ae000000| PB 0x00000000ae000000| Untracked |  0
|  15|0x00000000af000000, 0x00000000af000000, 0x00000000b0000000|  0%| F|  |TAMS 0x00000000af000000| PB 0x00000000af000000| Untracked |  0
|  16|0x00000000b0000000, 0x00000000b0000000, 0x00000000b1000000|  0%| F|  |TAMS 0x00000000b0000000| PB 0x00000000b0000000| Untracked |  0
|  17|0x00000000b1000000, 0x00000000b1000000, 0x00000000b2000000|  0%| F|  |TAMS 0x00000000b1000000| PB 0x00000000b1000000| Untracked |  0
|  18|0x00000000b2000000, 0x00000000b2000000, 0x00000000b3000000|  0%| F|  |TAMS 0x00000000b2000000| PB 0x00000000b2000000| Untracked |  0
|  19|0x00000000b3000000, 0x00000000b3000000, 0x00000000b4000000|  0%| F|  |TAMS 0x00000000b3000000| PB 0x00000000b3000000| Untracked |  0
|  20|0x00000000b4000000, 0x00000000b4000000, 0x00000000b5000000|  0%| F|  |TAMS 0x00000000b4000000| PB 0x00000000b4000000| Untracked |  0
|  21|0x00000000b5000000, 0x00000000b5000000, 0x00000000b6000000|  0%| F|  |TAMS 0x00000000b5000000| PB 0x00000000b5000000| Untracked |  0
|  22|0x00000000b6000000, 0x00000000b6000000, 0x00000000b7000000|  0%| F|  |TAMS 0x00000000b6000000| PB 0x00000000b6000000| Untracked |  0
|  23|0x00000000b7000000, 0x00000000b7000000, 0x00000000b8000000|  0%| F|  |TAMS 0x00000000b7000000| PB 0x00000000b7000000| Untracked |  0
|  24|0x00000000b8000000, 0x00000000b8000000, 0x00000000b9000000|  0%| F|  |TAMS 0x00000000b8000000| PB 0x00000000b8000000| Untracked |  0
|  25|0x00000000b9000000, 0x00000000b9000000, 0x00000000ba000000|  0%| F|  |TAMS 0x00000000b9000000| PB 0x00000000b9000000| Untracked |  0
|  26|0x00000000ba000000, 0x00000000ba000000, 0x00000000bb000000|  0%| F|  |TAMS 0x00000000ba000000| PB 0x00000000ba000000| Untracked |  0
|  27|0x00000000bb000000, 0x00000000bb000000, 0x00000000bc000000|  0%| F|  |TAMS 0x00000000bb000000| PB 0x00000000bb000000| Untracked |  0
|  28|0x00000000bc000000, 0x00000000bc000000, 0x00000000bd000000|  0%| F|  |TAMS 0x00000000bc000000| PB 0x00000000bc000000| Untracked |  0
|  29|0x00000000bd000000, 0x00000000bd000000, 0x00000000be000000|  0%| F|  |TAMS 0x00000000bd000000| PB 0x00000000bd000000| Untracked |  0
|  30|0x00000000be000000, 0x00000000be000000, 0x00000000bf000000|  0%| F|  |TAMS 0x00000000be000000| PB 0x00000000be000000| Untracked |  0
|  31|0x00000000bf000000, 0x00000000bf000000, 0x00000000c0000000|  0%| F|  |TAMS 0x00000000bf000000| PB 0x00000000bf000000| Untracked |  0
|  32|0x00000000c0000000, 0x00000000c0000000, 0x00000000c1000000|  0%| F|  |TAMS 0x00000000c0000000| PB 0x00000000c0000000| Untracked |  0
|  33|0x00000000c1000000, 0x00000000c1000000, 0x00000000c2000000|  0%| F|  |TAMS 0x00000000c1000000| PB 0x00000000c1000000| Untracked |  0
|  34|0x00000000c2000000, 0x00000000c2000000, 0x00000000c3000000|  0%| F|  |TAMS 0x00000000c2000000| PB 0x00000000c2000000| Untracked |  0
|  35|0x00000000c3000000, 0x00000000c3000000, 0x00000000c4000000|  0%| F|  |TAMS 0x00000000c3000000| PB 0x00000000c3000000| Untracked |  0
|  36|0x00000000c4000000, 0x00000000c4000000, 0x00000000c5000000|  0%| F|  |TAMS 0x00000000c4000000| PB 0x00000000c4000000| Untracked |  0
|  37|0x00000000c5000000, 0x00000000c5000000, 0x00000000c6000000|  0%| F|  |TAMS 0x00000000c5000000| PB 0x00000000c5000000| Untracked |  0
|  38|0x00000000c6000000, 0x00000000c6000000, 0x00000000c7000000|  0%| F|  |TAMS 0x00000000c6000000| PB 0x00000000c6000000| Untracked |  0
|  39|0x00000000c7000000, 0x00000000c7000000, 0x00000000c8000000|  0%| F|  |TAMS 0x00000000c7000000| PB 0x00000000c7000000| Untracked |  0
|  40|0x00000000c8000000, 0x00000000c8000000, 0x00000000c9000000|  0%| F|  |TAMS 0x00000000c8000000| PB 0x00000000c8000000| Untracked |  0
|  41|0x00000000c9000000, 0x00000000c9000000, 0x00000000ca000000|  0%| F|  |TAMS 0x00000000c9000000| PB 0x00000000c9000000| Untracked |  0
|  42|0x00000000ca000000, 0x00000000ca000000, 0x00000000cb000000|  0%| F|  |TAMS 0x00000000ca000000| PB 0x00000000ca000000| Untracked |  0
|  43|0x00000000cb000000, 0x00000000cb000000, 0x00000000cc000000|  0%| F|  |TAMS 0x00000000cb000000| PB 0x00000000cb000000| Untracked |  0
|  44|0x00000000cc000000, 0x00000000cc000000, 0x00000000cd000000|  0%| F|  |TAMS 0x00000000cc000000| PB 0x00000000cc000000| Untracked |  0
|  45|0x00000000cd000000, 0x00000000cd000000, 0x00000000ce000000|  0%| F|  |TAMS 0x00000000cd000000| PB 0x00000000cd000000| Untracked |  0
|  46|0x00000000ce000000, 0x00000000ce000000, 0x00000000cf000000|  0%| F|  |TAMS 0x00000000ce000000| PB 0x00000000ce000000| Untracked |  0
|  47|0x00000000cf000000, 0x00000000cf000000, 0x00000000d0000000|  0%| F|  |TAMS 0x00000000cf000000| PB 0x00000000cf000000| Untracked |  0
|  48|0x00000000d0000000, 0x00000000d0000000, 0x00000000d1000000|  0%| F|  |TAMS 0x00000000d0000000| PB 0x00000000d0000000| Untracked |  0
|  49|0x00000000d1000000, 0x00000000d1000000, 0x00000000d2000000|  0%| F|  |TAMS 0x00000000d1000000| PB 0x00000000d1000000| Untracked |  0
|  50|0x00000000d2000000, 0x00000000d2000000, 0x00000000d3000000|  0%| F|  |TAMS 0x00000000d2000000| PB 0x00000000d2000000| Untracked |  0
|  51|0x00000000d3000000, 0x00000000d3000000, 0x00000000d4000000|  0%| F|  |TAMS 0x00000000d3000000| PB 0x00000000d3000000| Untracked |  0
|  52|0x00000000d4000000, 0x00000000d4000000, 0x00000000d5000000|  0%| F|  |TAMS 0x00000000d4000000| PB 0x00000000d4000000| Untracked |  0
|  53|0x00000000d5000000, 0x00000000d5000000, 0x00000000d6000000|  0%| F|  |TAMS 0x00000000d5000000| PB 0x00000000d5000000| Untracked |  0
|  54|0x00000000d6000000, 0x00000000d6000000, 0x00000000d7000000|  0%| F|  |TAMS 0x00000000d6000000| PB 0x00000000d6000000| Untracked |  0
|  55|0x00000000d7000000, 0x00000000d7000000, 0x00000000d8000000|  0%| F|  |TAMS 0x00000000d7000000| PB 0x00000000d7000000| Untracked |  0
|  56|0x00000000d8000000, 0x00000000d8000000, 0x00000000d9000000|  0%| F|  |TAMS 0x00000000d8000000| PB 0x00000000d8000000| Untracked |  0
|  57|0x00000000d9000000, 0x00000000d9000000, 0x00000000da000000|  0%| F|  |TAMS 0x00000000d9000000| PB 0x00000000d9000000| Untracked |  0
|  58|0x00000000da000000, 0x00000000da000000, 0x00000000db000000|  0%| F|  |TAMS 0x00000000da000000| PB 0x00000000da000000| Untracked |  0
|  59|0x00000000db000000, 0x00000000db000000, 0x00000000dc000000|  0%| F|  |TAMS 0x00000000db000000| PB 0x00000000db000000| Untracked |  0
|  60|0x00000000dc000000, 0x00000000dc000000, 0x00000000dd000000|  0%| F|  |TAMS 0x00000000dc000000| PB 0x00000000dc000000| Untracked |  0
|  61|0x00000000dd000000, 0x00000000dd000000, 0x00000000de000000|  0%| F|  |TAMS 0x00000000dd000000| PB 0x00000000dd000000| Untracked |  0
|  62|0x00000000de000000, 0x00000000de000000, 0x00000000df000000|  0%| F|  |TAMS 0x00000000de000000| PB 0x00000000de000000| Untracked |  0
|  63|0x00000000df000000, 0x00000000df000000, 0x00000000e0000000|  0%| F|  |TAMS 0x00000000df000000| PB 0x00000000df000000| Untracked |  0
|  64|0x00000000e0000000, 0x00000000e0000000, 0x00000000e1000000|  0%| F|  |TAMS 0x00000000e0000000| PB 0x00000000e0000000| Untracked |  0
|  65|0x00000000e1000000, 0x00000000e1000000, 0x00000000e2000000|  0%| F|  |TAMS 0x00000000e1000000| PB 0x00000000e1000000| Untracked |  0
|  66|0x00000000e2000000, 0x00000000e2000000, 0x00000000e3000000|  0%| F|  |TAMS 0x00000000e2000000| PB 0x00000000e2000000| Untracked |  0
|  67|0x00000000e3000000, 0x00000000e3000000, 0x00000000e4000000|  0%| F|  |TAMS 0x00000000e3000000| PB 0x00000000e3000000| Untracked |  0
|  68|0x00000000e4000000, 0x00000000e4000000, 0x00000000e5000000|  0%| F|  |TAMS 0x00000000e4000000| PB 0x00000000e4000000| Untracked |  0
|  69|0x00000000e5000000, 0x00000000e5000000, 0x00000000e6000000|  0%| F|  |TAMS 0x00000000e5000000| PB 0x00000000e5000000| Untracked |  0
|  70|0x00000000e6000000, 0x00000000e6000000, 0x00000000e7000000|  0%| F|  |TAMS 0x00000000e6000000| PB 0x00000000e6000000| Untracked |  0
|  71|0x00000000e7000000, 0x00000000e7000000, 0x00000000e8000000|  0%| F|  |TAMS 0x00000000e7000000| PB 0x00000000e7000000| Untracked |  0
|  72|0x00000000e8000000, 0x00000000e8000000, 0x00000000e9000000|  0%| F|  |TAMS 0x00000000e8000000| PB 0x00000000e8000000| Untracked |  0
|  73|0x00000000e9000000, 0x00000000e9000000, 0x00000000ea000000|  0%| F|  |TAMS 0x00000000e9000000| PB 0x00000000e9000000| Untracked |  0
|  74|0x00000000ea000000, 0x00000000ea000000, 0x00000000eb000000|  0%| F|  |TAMS 0x00000000ea000000| PB 0x00000000ea000000| Untracked |  0
|  75|0x00000000eb000000, 0x00000000eb000000, 0x00000000ec000000|  0%| F|  |TAMS 0x00000000eb000000| PB 0x00000000eb000000| Untracked |  0
|  76|0x00000000ec000000, 0x00000000ec000000, 0x00000000ed000000|  0%| F|  |TAMS 0x00000000ec000000| PB 0x00000000ec000000| Untracked |  0
|  77|0x00000000ed000000, 0x00000000ed000000, 0x00000000ee000000|  0%| F|  |TAMS 0x00000000ed000000| PB 0x00000000ed000000| Untracked |  0
|  78|0x00000000ee000000, 0x00000000ee000000, 0x00000000ef000000|  0%| F|  |TAMS 0x00000000ee000000| PB 0x00000000ee000000| Untracked |  0
|  79|0x00000000ef000000, 0x00000000ef000000, 0x00000000f0000000|  0%| F|  |TAMS 0x00000000ef000000| PB 0x00000000ef000000| Untracked |  0
|  80|0x00000000f0000000, 0x00000000f0000000, 0x00000000f1000000|  0%| F|  |TAMS 0x00000000f0000000| PB 0x00000000f0000000| Untracked |  0
|  81|0x00000000f1000000, 0x00000000f1000000, 0x00000000f2000000|  0%| F|  |TAMS 0x00000000f1000000| PB 0x00000000f1000000| Untracked |  0
|  82|0x00000000f2000000, 0x00000000f2000000, 0x00000000f3000000|  0%| F|  |TAMS 0x00000000f2000000| PB 0x00000000f2000000| Untracked |  0
|  83|0x00000000f3000000, 0x00000000f3000000, 0x00000000f4000000|  0%| F|  |TAMS 0x00000000f3000000| PB 0x00000000f3000000| Untracked |  0
|  84|0x00000000f4000000, 0x00000000f4000000, 0x00000000f5000000|  0%| F|  |TAMS 0x00000000f4000000| PB 0x00000000f4000000| Untracked |  0
|  85|0x00000000f5000000, 0x00000000f5000000, 0x00000000f6000000|  0%| F|  |TAMS 0x00000000f5000000| PB 0x00000000f5000000| Untracked |  0
|  86|0x00000000f6000000, 0x00000000f6000000, 0x00000000f7000000|  0%| F|  |TAMS 0x00000000f6000000| PB 0x00000000f6000000| Untracked |  0
|  87|0x00000000f7000000, 0x00000000f7000000, 0x00000000f8000000|  0%| F|  |TAMS 0x00000000f7000000| PB 0x00000000f7000000| Untracked |  0
|  88|0x00000000f8000000, 0x00000000f8000000, 0x00000000f9000000|  0%| F|  |TAMS 0x00000000f8000000| PB 0x00000000f8000000| Untracked |  0
|  89|0x00000000f9000000, 0x00000000f9000000, 0x00000000fa000000|  0%| F|  |TAMS 0x00000000f9000000| PB 0x00000000f9000000| Untracked |  0
|  90|0x00000000fa000000, 0x00000000fa000000, 0x00000000fb000000|  0%| F|  |TAMS 0x00000000fa000000| PB 0x00000000fa000000| Untracked |  0
|  91|0x00000000fb000000, 0x00000000fb000000, 0x00000000fc000000|  0%| F|  |TAMS 0x00000000fb000000| PB 0x00000000fb000000| Untracked |  0
|  92|0x00000000fc000000, 0x00000000fc000000, 0x00000000fd000000|  0%| F|  |TAMS 0x00000000fc000000| PB 0x00000000fc000000| Untracked |  0
|  93|0x00000000fd000000, 0x00000000fd000000, 0x00000000fe000000|  0%| F|  |TAMS 0x00000000fd000000| PB 0x00000000fd000000| Untracked |  0
|  94|0x00000000fe000000, 0x00000000fe000000, 0x00000000ff000000|  0%| F|  |TAMS 0x00000000fe000000| PB 0x00000000fe000000| Untracked |  0
|  95|0x00000000ff000000, 0x00000000ff000000, 0x0000000100000000|  0%| F|  |TAMS 0x00000000ff000000| PB 0x00000000ff000000| Untracked |  0
|  96|0x0000000100000000, 0x0000000100000000, 0x0000000101000000|  0%| F|  |TAMS 0x0000000100000000| PB 0x0000000100000000| Untracked |  0
|  97|0x0000000101000000, 0x0000000101000000, 0x0000000102000000|  0%| F|  |TAMS 0x0000000101000000| PB 0x0000000101000000| Untracked |  0
|  98|0x0000000102000000, 0x0000000102000000, 0x0000000103000000|  0%| F|  |TAMS 0x0000000102000000| PB 0x0000000102000000| Untracked |  0
|  99|0x0000000103000000, 0x0000000103000000, 0x0000000104000000|  0%| F|  |TAMS 0x0000000103000000| PB 0x0000000103000000| Untracked |  0
| 100|0x0000000104000000, 0x0000000104000000, 0x0000000105000000|  0%| F|  |TAMS 0x0000000104000000| PB 0x0000000104000000| Untracked |  0
| 101|0x0000000105000000, 0x0000000105000000, 0x0000000106000000|  0%| F|  |TAMS 0x0000000105000000| PB 0x0000000105000000| Untracked |  0
| 102|0x0000000106000000, 0x0000000106000000, 0x0000000107000000|  0%| F|  |TAMS 0x0000000106000000| PB 0x0000000106000000| Untracked |  0
| 103|0x0000000107000000, 0x0000000107000000, 0x0000000108000000|  0%| F|  |TAMS 0x0000000107000000| PB 0x0000000107000000| Untracked |  0
| 104|0x0000000108000000, 0x0000000108000000, 0x0000000109000000|  0%| F|  |TAMS 0x0000000108000000| PB 0x0000000108000000| Untracked |  0
| 105|0x0000000109000000, 0x0000000109000000, 0x000000010a000000|  0%| F|  |TAMS 0x0000000109000000| PB 0x0000000109000000| Untracked |  0
| 106|0x000000010a000000, 0x000000010a000000, 0x000000010b000000|  0%| F|  |TAMS 0x000000010a000000| PB 0x000000010a000000| Untracked |  0
| 107|0x000000010b000000, 0x000000010b000000, 0x000000010c000000|  0%| F|  |TAMS 0x000000010b000000| PB 0x000000010b000000| Untracked |  0
| 108|0x000000010c000000, 0x000000010c000000, 0x000000010d000000|  0%| F|  |TAMS 0x000000010c000000| PB 0x000000010c000000| Untracked |  0
| 109|0x000000010d000000, 0x000000010d000000, 0x000000010e000000|  0%| F|  |TAMS 0x000000010d000000| PB 0x000000010d000000| Untracked |  0
| 110|0x000000010e000000, 0x000000010e000000, 0x000000010f000000|  0%| F|  |TAMS 0x000000010e000000| PB 0x000000010e000000| Untracked |  0
| 111|0x000000010f000000, 0x000000010f000000, 0x0000000110000000|  0%| F|  |TAMS 0x000000010f000000| PB 0x000000010f000000| Untracked |  0
| 112|0x0000000110000000, 0x0000000110000000, 0x0000000111000000|  0%| F|  |TAMS 0x0000000110000000| PB 0x0000000110000000| Untracked |  0
| 113|0x0000000111000000, 0x0000000111000000, 0x0000000112000000|  0%| F|  |TAMS 0x0000000111000000| PB 0x0000000111000000| Untracked |  0
| 114|0x0000000112000000, 0x0000000112000000, 0x0000000113000000|  0%| F|  |TAMS 0x0000000112000000| PB 0x0000000112000000| Untracked |  0
| 115|0x0000000113000000, 0x0000000113000000, 0x0000000114000000|  0%| F|  |TAMS 0x0000000113000000| PB 0x0000000113000000| Untracked |  0
| 116|0x0000000114000000, 0x0000000114000000, 0x0000000115000000|  0%| F|  |TAMS 0x0000000114000000| PB 0x0000000114000000| Untracked |  0
| 117|0x0000000115000000, 0x0000000115000000, 0x0000000116000000|  0%| F|  |TAMS 0x0000000115000000| PB 0x0000000115000000| Untracked |  0
| 118|0x0000000116000000, 0x0000000116000000, 0x0000000117000000|  0%| F|  |TAMS 0x0000000116000000| PB 0x0000000116000000| Untracked |  0
| 119|0x0000000117000000, 0x0000000117000000, 0x0000000118000000|  0%| F|  |TAMS 0x0000000117000000| PB 0x0000000117000000| Untracked |  0
| 120|0x0000000118000000, 0x0000000118000000, 0x0000000119000000|  0%| F|  |TAMS 0x0000000118000000| PB 0x0000000118000000| Untracked |  0
| 121|0x0000000119000000, 0x0000000119000000, 0x000000011a000000|  0%| F|  |TAMS 0x0000000119000000| PB 0x0000000119000000| Untracked |  0
| 122|0x000000011a000000, 0x000000011a000000, 0x000000011b000000|  0%| F|  |TAMS 0x000000011a000000| PB 0x000000011a000000| Untracked |  0
| 123|0x000000011b000000, 0x000000011b000000, 0x000000011c000000|  0%| F|  |TAMS 0x000000011b000000| PB 0x000000011b000000| Untracked |  0
| 124|0x000000011c000000, 0x000000011c000000, 0x000000011d000000|  0%| F|  |TAMS 0x000000011c000000| PB 0x000000011c000000| Untracked |  0
| 125|0x000000011d000000, 0x000000011d000000, 0x000000011e000000|  0%| F|  |TAMS 0x000000011d000000| PB 0x000000011d000000| Untracked |  0
| 126|0x000000011e000000, 0x000000011e000000, 0x000000011f000000|  0%| F|  |TAMS 0x000000011e000000| PB 0x000000011e000000| Untracked |  0
| 127|0x000000011f000000, 0x000000011f3d70d8, 0x0000000120000000| 24%| E|  |TAMS 0x000000011f000000| PB 0x000000011f000000| Complete |  0
|1887|0x00000007ff000000, 0x00000007ff10ade8, 0x0000000800000000|  6%| O|  |TAMS 0x00000007ff000000| PB 0x00000007ff000000| Untracked |  0

Card table byte_map: [0x00007f249947a000,0x00007f249cf7a000] _byte_map_base: 0x00007f2498f7a000

Marking Bits: (CMBitMap*) 0x00007f24bc06a600
 Bits: [0x00007f247bc7a000, 0x00007f249947a000)

Polling page: 0x00007f24c3dbc000

Metaspace:

Usage:
  Non-class:     54.70 KB used.
      Class:      1.61 KB used.
       Both:     56.30 KB used.

Virtual space:
  Non-class space:       64.00 MB reserved,      64.00 KB ( <1%) committed,  1 nodes.
      Class space:        1.00 GB reserved,      64.00 KB ( <1%) committed,  1 nodes.
             Both:        1.06 GB reserved,     128.00 KB ( <1%) committed. 

Chunk freelists:
   Non-Class:  12.00 MB
       Class:  15.75 MB
        Both:  27.75 MB

MaxMetaspaceSize: unlimited
CompressedClassSpaceSize: 1.00 GB
Initial GC threshold: 21.00 MB
Current GC threshold: 21.00 MB
CDS: on
 - commit_granule_bytes: 65536.
 - commit_granule_words: 8192.
 - virtual_space_node_default_size: 8388608.
 - enlarge_chunks_in_place: 1.
 - use_allocation_guard: 0.


Internal statistics:

num_allocs: 890.
num_deallocs: 0.
num_allocs_from_deallocated_blocks: 0.
num_chunks_retired: 0.
num_allocs_failed_limit: 0.
num_arena_births: 2.
num_arena_deaths: 0.
num_vsnodes_births: 2.
num_vsnodes_deaths: 0.
num_space_committed: 2.
num_space_uncommitted: 0.
num_chunks_returned_to_freelist: 0.
num_chunks_taken_from_freelist: 3.
num_chunk_merges: 0.
num_chunk_splits: 2.
num_chunks_enlarged: 0.
num_inconsistent_stats: 0.

CodeHeap 'non-profiled nmethods': size=118592Kb used=0Kb max_used=0Kb free=118592Kb
 bounds [0x00007f24ac4d4000, 0x00007f24ac744000, 0x00007f24b38a4000]
CodeHeap 'profiled nmethods': size=118588Kb used=3Kb max_used=3Kb free=118585Kb
 bounds [0x00007f24a48a4000, 0x00007f24a4b14000, 0x00007f24abc73000]
CodeHeap 'non-nmethods': size=8580Kb used=1965Kb max_used=1979Kb free=6614Kb
 bounds [0x00007f24abc73000, 0x00007f24abee3000, 0x00007f24ac4d4000]
 total_blobs=676 nmethods=2 adapters=589
 compilation: enabled
              stopped_count=0, restarted_count=0
 full_count=0

Compilation events (3 events):
Event: 35.527 Thread 0x00007f24bc38c610    1       3       java.lang.Object::<init> (1 bytes)
Event: 35.529 Thread 0x00007f24bc38c610 nmethod 1 0x00007f24a48a4010 code [0x00007f24a48a41c0, 0x00007f24a48a42d8]
Event: 35.813 Thread 0x00007f24bc38c610    2       3       java.lang.String::hashCode (60 bytes)

GC Heap History (0 events):
No events

Dll operation events (3 events):
Event: 34.019 Loaded shared library /home/jatinbha/sandboxes/jdk/build/linux-x86_64-server-slowdebug/images/jdk/lib/libjava.so
Event: 35.666 Loaded shared library /home/jatinbha/sandboxes/jdk/build/linux-x86_64-server-slowdebug/images/jdk/lib/libsimdsort.so
Event: 35.785 Loaded shared library /home/jatinbha/sandboxes/jdk/build/linux-x86_64-server-slowdebug/images/jdk/lib/libjsvml.so

Deoptimization events (0 events):
No events

Classes loaded (4 events):
Event: 35.473 Loading class sun/nio/cs/UTF_8$Encoder
Event: 35.473 Loading class sun/nio/cs/UTF_8$Encoder done
Event: 35.813 Loading class jdk/internal/vm/PostVMInitHook
Event: 35.813 Loading class jdk/internal/vm/PostVMInitHook done

Classes unloaded (0 events):
No events

Classes redefined (0 events):
No events

Internal exceptions (0 events):
No events

ZGC Phase Switch (0 events):
No events

VM Operations (0 events):
No events

Events (18 events):
Event: 29.258 Protecting memory [0x00007f24c0e9f000,0x00007f24c0ea3000] with protection modes 0
Event: 35.312 Thread 0x00007f24bc02a2a0 Thread added: 0x00007f24bc02a2a0
Event: 35.484 Thread 0x00007f24bc3822c0 Thread added: 0x00007f24bc3822c0
Event: 35.484 Protecting memory [0x00007f2468056000,0x00007f246805a000] with protection modes 0
Event: 35.484 Thread 0x00007f24bc383bd0 Thread added: 0x00007f24bc383bd0
Event: 35.484 Protecting memory [0x00007f245beff000,0x00007f245bf03000] with protection modes 0
Event: 35.488 Thread 0x00007f24bc385c70 Thread added: 0x00007f24bc385c70
Event: 35.489 Protecting memory [0x00007f245bdfe000,0x00007f245be02000] with protection modes 0
Event: 35.489 Thread 0x00007f24bc3875c0 Thread added: 0x00007f24bc3875c0
Event: 35.489 Protecting memory [0x00007f245bcfd000,0x00007f245bd01000] with protection modes 0
Event: 35.489 Thread 0x00007f24bc388dd0 Thread added: 0x00007f24bc388dd0
Event: 35.489 Protecting memory [0x00007f245bbfc000,0x00007f245bc00000] with protection modes 0
Event: 35.490 Thread 0x00007f24bc38ac90 Thread added: 0x00007f24bc38ac90
Event: 35.490 Protecting memory [0x00007f245bafb000,0x00007f245baff000] with protection modes 0
Event: 35.492 Thread 0x00007f24bc38c610 Thread added: 0x00007f24bc38c610
Event: 35.492 Protecting memory [0x00007f245b9fa000,0x00007f245b9fe000] with protection modes 0
Event: 35.812 Thread 0x00007f24bc3ab8d0 Thread added: 0x00007f24bc3ab8d0
Event: 35.812 Protecting memory [0x00007f245b78e000,0x00007f245b792000] with protection modes 0


Dynamic libraries:
a0000000-120000000 rw-p 00000000 00:00 0 
120000000-7ff000000 ---p 00000000 00:00 0 
7ff000000-7ff10b000 rw-p 00d84000 08:02 25467472                         /home/jatinbha/sandboxes/jdk/build/linux-x86_64-server-slowdebug/images/jdk/lib/server/classes.jsa
7ff10b000-800000000 rw-p 00000000 00:00 0 
561c31d2d000-561c31d2e000 r--p 00000000 08:02 25466452                   /home/jatinbha/sandboxes/jdk/build/linux-x86_64-server-slowdebug/images/jdk/bin/java
561c31d2e000-561c31d2f000 r-xp 00001000 08:02 25466452                   /home/jatinbha/sandboxes/jdk/build/linux-x86_64-server-slowdebug/images/jdk/bin/java
561c31d2f000-561c31d30000 r--p 00002000 08:02 25466452                   /home/jatinbha/sandboxes/jdk/build/linux-x86_64-server-slowdebug/images/jdk/bin/java
561c31d30000-561c31d31000 r--p 00002000 08:02 25466452                   /home/jatinbha/sandboxes/jdk/build/linux-x86_64-server-slowdebug/images/jdk/bin/java
561c31d31000-561c31d32000 rw-p 00003000 08:02 25466452                   /home/jatinbha/sandboxes/jdk/build/linux-x86_64-server-slowdebug/images/jdk/bin/java
561c337f7000-561c3383d000 rw-p 00000000 00:00 0                          [heap]
7f23ef8a6000-7f23f0000000 rw-p 00000000 00:00 0 
7f23f0000000-7f23f004a000 rw-p 00000000 00:00 0 
7f23f004a000-7f23f4000000 ---p 00000000 00:00 0 
7f23f4000000-7f23f4021000 rw-p 00000000 00:00 0 
7f23f4021000-7f23f8000000 ---p 00000000 00:00 0 
7f23f8000000-7f23f8021000 rw-p 00000000 00:00 0 
7f23f8021000-7f23fc000000 ---p 00000000 00:00 0 
7f23fc000000-7f23fc076000 rw-p 00000000 00:00 0 
7f23fc076000-7f2400000000 ---p 00000000 00:00 0 
7f2400000000-7f2400021000 rw-p 00000000 00:00 0 
7f2400021000-7f2404000000 ---p 00000000 00:00 0 
7f2404000000-7f2404021000 rw-p 00000000 00:00 0 
7f2404021000-7f2408000000 ---p 00000000 00:00 0 
7f2408000000-7f2408021000 rw-p 00000000 00:00 0 
7f2408021000-7f240c000000 ---p 00000000 00:00 0 
7f240c000000-7f240c021000 rw-p 00000000 00:00 0 
7f240c021000-7f2410000000 ---p 00000000 00:00 0 
7f2410000000-7f2410021000 rw-p 00000000 00:00 0 
7f2410021000-7f2414000000 ---p 00000000 00:00 0 
7f2414290000-7f2416010000 rw-p 00000000 00:00 0 
7f2416010000-7f241a000000 ---p 00000000 00:00 0 
7f241a000000-7f241ad42000 rw-p 00001000 08:02 25467472                   /home/jatinbha/sandboxes/jdk/build/linux-x86_64-server-slowdebug/images/jdk/lib/server/classes.jsa
7f241ad42000-7f241b040000 ---p 00000000 00:00 0 
7f241b040000-7f241b050000 rw-p 00000000 00:00 0 
7f241b050000-7f245b000000 ---p 00000000 00:00 0 
7f245b034000-7f245b78e000 rw-p 00000000 00:00 0 
7f245b78e000-7f245b792000 ---p 00000000 00:00 0 
7f245b792000-7f245b88f000 rw-p 00000000 00:00 0 
7f245b88f000-7f245b893000 r--p 00000000 08:02 25466690                   /home/jatinbha/sandboxes/jdk/build/linux-x86_64-server-slowdebug/images/jdk/lib/libjsvml.so
7f245b893000-7f245b8d4000 r-xp 00004000 08:02 25466690                   /home/jatinbha/sandboxes/jdk/build/linux-x86_64-server-slowdebug/images/jdk/lib/libjsvml.so
7f245b8d4000-7f245b95d000 r--p 00045000 08:02 25466690                   /home/jatinbha/sandboxes/jdk/build/linux-x86_64-server-slowdebug/images/jdk/lib/libjsvml.so
7f245b95d000-7f245b95e000 r--p 000cd000 08:02 25466690                   /home/jatinbha/sandboxes/jdk/build/linux-x86_64-server-slowdebug/images/jdk/lib/libjsvml.so
7f245b95e000-7f245b95f000 rw-p 000ce000 08:02 25466690                   /home/jatinbha/sandboxes/jdk/build/linux-x86_64-server-slowdebug/images/jdk/lib/libjsvml.so
7f245b95f000-7f245b962000 r--p 00000000 08:02 25466465                   /home/jatinbha/sandboxes/jdk/build/linux-x86_64-server-slowdebug/images/jdk/lib/libsimdsort.so
7f245b962000-7f245b9e7000 r-xp 00003000 08:02 25466465                   /home/jatinbha/sandboxes/jdk/build/linux-x86_64-server-slowdebug/images/jdk/lib/libsimdsort.so
7f245b9e7000-7f245b9f8000 r--p 00088000 08:02 25466465                   /home/jatinbha/sandboxes/jdk/build/linux-x86_64-server-slowdebug/images/jdk/lib/libsimdsort.so
7f245b9f8000-7f245b9f9000 r--p 00098000 08:02 25466465                   /home/jatinbha/sandboxes/jdk/build/linux-x86_64-server-slowdebug/images/jdk/lib/libsimdsort.so
7f245b9f9000-7f245b9fa000 rw-p 00099000 08:02 25466465                   /home/jatinbha/sandboxes/jdk/build/linux-x86_64-server-slowdebug/images/jdk/lib/libsimdsort.so
7f245b9fa000-7f245b9fe000 ---p 00000000 00:00 0 
7f245b9fe000-7f245bafb000 rw-p 00000000 00:00 0 
7f245bafb000-7f245baff000 ---p 00000000 00:00 0 
7f245baff000-7f245bbfc000 rw-p 00000000 00:00 0 
7f245bbfc000-7f245bc00000 ---p 00000000 00:00 0 
7f245bc00000-7f245bcfd000 rw-p 00000000 00:00 0 
7f245bcfd000-7f245bd01000 ---p 00000000 00:00 0 
7f245bd01000-7f245bdfe000 rw-p 00000000 00:00 0 
7f245bdfe000-7f245be02000 ---p 00000000 00:00 0 
7f245be02000-7f245beff000 rw-p 00000000 00:00 0 
7f245beff000-7f245bf03000 ---p 00000000 00:00 0 
7f245bf03000-7f245c000000 rw-p 00000000 00:00 0 
7f245c000000-7f245c021000 rw-p 00000000 00:00 0 
7f245c021000-7f2460000000 ---p 00000000 00:00 0 
7f2460000000-7f2460021000 rw-p 00000000 00:00 0 
7f2460021000-7f2464000000 ---p 00000000 00:00 0 
7f2464000000-7f2464021000 rw-p 00000000 00:00 0 
7f2464021000-7f2468000000 ---p 00000000 00:00 0 
7f2468056000-7f246805a000 ---p 00000000 00:00 0 
7f246805a000-7f2468157000 rw-p 00000000 00:00 0 
7f2468157000-7f24686c7000 r--p 00000000 08:02 7078745                    /usr/lib/locale/locale-archive
7f24686c7000-7f24686c8000 ---p 00000000 00:00 0 
7f24686c8000-7f24687c8000 rw-p 00000000 00:00 0 
7f24687c8000-7f24687c9000 ---p 00000000 00:00 0 
7f24687c9000-7f24688c9000 rw-p 00000000 00:00 0 
7f24688c9000-7f24688ca000 ---p 00000000 00:00 0 
7f24688ca000-7f24689ca000 rw-p 00000000 00:00 0 
7f24689ca000-7f24689cb000 ---p 00000000 00:00 0 
7f24689cb000-7f246c000000 rw-p 00000000 00:00 0 
7f246c000000-7f246c021000 rw-p 00000000 00:00 0 
7f246c021000-7f2470000000 ---p 00000000 00:00 0 
7f2470000000-7f2470021000 rw-p 00000000 00:00 0 
7f2470021000-7f2474000000 ---p 00000000 00:00 0 
7f2474000000-7f2474021000 rw-p 00000000 00:00 0 
7f2474021000-7f2478000000 ---p 00000000 00:00 0 
7f2478021000-7f247b511000 rw-p 00000000 00:00 0 
7f247b511000-7f247b512000 ---p 00000000 00:00 0 
7f247b512000-7f247b612000 rw-p 00000000 00:00 0 
7f247b612000-7f247b613000 ---p 00000000 00:00 0 
7f247b613000-7f247b713000 rw-p 00000000 00:00 0 
7f247b713000-7f247b714000 ---p 00000000 00:00 0 
7f247b714000-7f247dc7a000 rw-p 00000000 00:00 0 
7f247dc7a000-7f249943a000 ---p 00000000 00:00 0 
7f249943a000-7f249987a000 rw-p 00000000 00:00 0 
7f249987a000-7f249cf72000 ---p 00000000 00:00 0 
7f249cf72000-7f249d37a000 rw-p 00000000 00:00 0 
7f249d37a000-7f24a0a72000 ---p 00000000 00:00 0 
7f24a0a72000-7f24a48a4000 rw-p 00000000 00:00 0 
7f24a48a4000-7f24a4b14000 rwxp 00000000 00:00 0 
7f24a4b14000-7f24abc73000 ---p 00000000 00:00 0 
7f24abc73000-7f24abee3000 rwxp 00000000 00:00 0 
7f24abee3000-7f24ac4d4000 ---p 00000000 00:00 0 
7f24ac4d4000-7f24ac744000 rwxp 00000000 00:00 0 
7f24ac744000-7f24b38a4000 ---p 00000000 00:00 0 
7f24b38a4000-7f24bc000000 r--s 00000000 08:02 25466434                   /home/jatinbha/sandboxes/jdk/build/linux-x86_64-server-slowdebug/images/jdk/lib/modules
7f24bc000000-7f24bc3cc000 rw-p 00000000 00:00 0 
7f24bc3cc000-7f24c0000000 ---p 00000000 00:00 0 
7f24c000e000-7f24c0015000 r--s 00000000 08:02 7736501                    /usr/lib/x86_64-linux-gnu/gconv/gconv-modules.cache
7f24c0015000-7f24c0c67000 rw-p 00000000 00:00 0 
7f24c0c67000-7f24c0d4a000 ---p 00000000 00:00 0 
7f24c0d4a000-7f24c0d4f000 rw-p 00000000 00:00 0 
7f24c0d4f000-7f24c0e32000 ---p 00000000 00:00 0 
7f24c0e32000-7f24c0e37000 rw-p 00000000 00:00 0 
7f24c0e37000-7f24c0e43000 ---p 00000000 00:00 0 
7f24c0e43000-7f24c0e50000 r--p 00000000 08:02 25466459                   /home/jatinbha/sandboxes/jdk/build/linux-x86_64-server-slowdebug/images/jdk/lib/libjava.so
7f24c0e50000-7f24c0e67000 r-xp 0000d000 08:02 25466459                   /home/jatinbha/sandboxes/jdk/build/linux-x86_64-server-slowdebug/images/jdk/lib/libjava.so
7f24c0e67000-7f24c0e6d000 r--p 00024000 08:02 25466459                   /home/jatinbha/sandboxes/jdk/build/linux-x86_64-server-slowdebug/images/jdk/lib/libjava.so
7f24c0e6d000-7f24c0e6e000 ---p 0002a000 08:02 25466459                   /home/jatinbha/sandboxes/jdk/build/linux-x86_64-server-slowdebug/images/jdk/lib/libjava.so
7f24c0e6e000-7f24c0e6f000 r--p 0002a000 08:02 25466459                   /home/jatinbha/sandboxes/jdk/build/linux-x86_64-server-slowdebug/images/jdk/lib/libjava.so
7f24c0e6f000-7f24c0e71000 rw-p 0002b000 08:02 25466459                   /home/jatinbha/sandboxes/jdk/build/linux-x86_64-server-slowdebug/images/jdk/lib/libjava.so
7f24c0e71000-7f24c0e79000 rw-s 00000000 08:02 3711654                    /tmp/hsperfdata_intel/3642514
7f24c0e79000-7f24c0e7d000 r--p 00000000 08:02 25466460                   /home/jatinbha/sandboxes/jdk/build/linux-x86_64-server-slowdebug/images/jdk/lib/libjimage.so
7f24c0e7d000-7f24c0e94000 r-xp 00004000 08:02 25466460                   /home/jatinbha/sandboxes/jdk/build/linux-x86_64-server-slowdebug/images/jdk/lib/libjimage.so
7f24c0e94000-7f24c0e9b000 r--p 0001b000 08:02 25466460                   /home/jatinbha/sandboxes/jdk/build/linux-x86_64-server-slowdebug/images/jdk/lib/libjimage.so
7f24c0e9b000-7f24c0e9c000 ---p 00022000 08:02 25466460                   /home/jatinbha/sandboxes/jdk/build/linux-x86_64-server-slowdebug/images/jdk/lib/libjimage.so
7f24c0e9c000-7f24c0e9e000 r--p 00022000 08:02 25466460                   /home/jatinbha/sandboxes/jdk/build/linux-x86_64-server-slowdebug/images/jdk/lib/libjimage.so
7f24c0e9e000-7f24c0e9f000 rw-p 00024000 08:02 25466460                   /home/jatinbha/sandboxes/jdk/build/linux-x86_64-server-slowdebug/images/jdk/lib/libjimage.so
7f24c0e9f000-7f24c0ea3000 ---p 00000000 00:00 0 
7f24c0ea3000-7f24c0fa0000 rw-p 00000000 00:00 0 
7f24c0fa0000-7f24c0faf000 r--p 00000000 08:02 7080075                    /usr/lib/x86_64-linux-gnu/libm-2.31.so
7f24c0faf000-7f24c1056000 r-xp 0000f000 08:02 7080075                    /usr/lib/x86_64-linux-gnu/libm-2.31.so
7f24c1056000-7f24c10ed000 r--p 000b6000 08:02 7080075                    /usr/lib/x86_64-linux-gnu/libm-2.31.so
7f24c10ed000-7f24c10ee000 r--p 0014c000 08:02 7080075                    /usr/lib/x86_64-linux-gnu/libm-2.31.so
7f24c10ee000-7f24c10ef000 rw-p 0014d000 08:02 7080075                    /usr/lib/x86_64-linux-gnu/libm-2.31.so
7f24c10ef000-7f24c10f2000 r--p 00000000 08:02 7080092                    /usr/lib/x86_64-linux-gnu/librt-2.31.so
7f24c10f2000-7f24c10f6000 r-xp 00003000 08:02 7080092                    /usr/lib/x86_64-linux-gnu/librt-2.31.so
7f24c10f6000-7f24c10f7000 r--p 00007000 08:02 7080092                    /usr/lib/x86_64-linux-gnu/librt-2.31.so
7f24c10f7000-7f24c10f8000 ---p 00008000 08:02 7080092                    /usr/lib/x86_64-linux-gnu/librt-2.31.so
7f24c10f8000-7f24c10f9000 r--p 00008000 08:02 7080092                    /usr/lib/x86_64-linux-gnu/librt-2.31.so
7f24c10f9000-7f24c10fa000 rw-p 00009000 08:02 7080092                    /usr/lib/x86_64-linux-gnu/librt-2.31.so
7f24c10fa000-7f24c14dc000 r--p 00000000 08:02 25466474                   /home/jatinbha/sandboxes/jdk/build/linux-x86_64-server-slowdebug/images/jdk/lib/server/libjvm.so
7f24c14dc000-7f24c2976000 r-xp 003e2000 08:02 25466474                   /home/jatinbha/sandboxes/jdk/build/linux-x86_64-server-slowdebug/images/jdk/lib/server/libjvm.so
7f24c2976000-7f24c391a000 r--p 0187c000 08:02 25466474                   /home/jatinbha/sandboxes/jdk/build/linux-x86_64-server-slowdebug/images/jdk/lib/server/libjvm.so
7f24c391a000-7f24c391b000 ---p 02820000 08:02 25466474                   /home/jatinbha/sandboxes/jdk/build/linux-x86_64-server-slowdebug/images/jdk/lib/server/libjvm.so
7f24c391b000-7f24c3a21000 r--p 02820000 08:02 25466474                   /home/jatinbha/sandboxes/jdk/build/linux-x86_64-server-slowdebug/images/jdk/lib/server/libjvm.so
7f24c3a21000-7f24c3a93000 rw-p 02926000 08:02 25466474                   /home/jatinbha/sandboxes/jdk/build/linux-x86_64-server-slowdebug/images/jdk/lib/server/libjvm.so
7f24c3a93000-7f24c3b5a000 rw-p 00000000 00:00 0 
7f24c3b5a000-7f24c3b7f000 r--p 00000000 08:02 7080073                    /usr/lib/x86_64-linux-gnu/libc-2.31.so
7f24c3b7f000-7f24c3cf7000 r-xp 00025000 08:02 7080073                    /usr/lib/x86_64-linux-gnu/libc-2.31.so
7f24c3cf7000-7f24c3d41000 r--p 0019d000 08:02 7080073                    /usr/lib/x86_64-linux-gnu/libc-2.31.so
7f24c3d41000-7f24c3d42000 ---p 001e7000 08:02 7080073                    /usr/lib/x86_64-linux-gnu/libc-2.31.so
7f24c3d42000-7f24c3d45000 r--p 001e7000 08:02 7080073                    /usr/lib/x86_64-linux-gnu/libc-2.31.so
7f24c3d45000-7f24c3d48000 rw-p 001ea000 08:02 7080073                    /usr/lib/x86_64-linux-gnu/libc-2.31.so
7f24c3d48000-7f24c3d4c000 rw-p 00000000 00:00 0 
7f24c3d4c000-7f24c3d4d000 r--p 00000000 08:02 7080074                    /usr/lib/x86_64-linux-gnu/libdl-2.31.so
7f24c3d4d000-7f24c3d4f000 r-xp 00001000 08:02 7080074                    /usr/lib/x86_64-linux-gnu/libdl-2.31.so
7f24c3d4f000-7f24c3d50000 r--p 00003000 08:02 7080074                    /usr/lib/x86_64-linux-gnu/libdl-2.31.so
7f24c3d50000-7f24c3d51000 r--p 00003000 08:02 7080074                    /usr/lib/x86_64-linux-gnu/libdl-2.31.so
7f24c3d51000-7f24c3d52000 rw-p 00004000 08:02 7080074                    /usr/lib/x86_64-linux-gnu/libdl-2.31.so
7f24c3d52000-7f24c3d59000 r--p 00000000 08:02 7080090                    /usr/lib/x86_64-linux-gnu/libpthread-2.31.so
7f24c3d59000-7f24c3d6a000 r-xp 00007000 08:02 7080090                    /usr/lib/x86_64-linux-gnu/libpthread-2.31.so
7f24c3d6a000-7f24c3d6f000 r--p 00018000 08:02 7080090                    /usr/lib/x86_64-linux-gnu/libpthread-2.31.so
7f24c3d6f000-7f24c3d70000 r--p 0001c000 08:02 7080090                    /usr/lib/x86_64-linux-gnu/libpthread-2.31.so
7f24c3d70000-7f24c3d71000 rw-p 0001d000 08:02 7080090                    /usr/lib/x86_64-linux-gnu/libpthread-2.31.so
7f24c3d71000-7f24c3d75000 rw-p 00000000 00:00 0 
7f24c3d75000-7f24c3d78000 r--p 00000000 08:02 25466461                   /home/jatinbha/sandboxes/jdk/build/linux-x86_64-server-slowdebug/images/jdk/lib/libjli.so
7f24c3d78000-7f24c3d86000 r-xp 00003000 08:02 25466461                   /home/jatinbha/sandboxes/jdk/build/linux-x86_64-server-slowdebug/images/jdk/lib/libjli.so
7f24c3d86000-7f24c3d8a000 r--p 00011000 08:02 25466461                   /home/jatinbha/sandboxes/jdk/build/linux-x86_64-server-slowdebug/images/jdk/lib/libjli.so
7f24c3d8a000-7f24c3d8b000 r--p 00014000 08:02 25466461                   /home/jatinbha/sandboxes/jdk/build/linux-x86_64-server-slowdebug/images/jdk/lib/libjli.so
7f24c3d8b000-7f24c3d8c000 rw-p 00015000 08:02 25466461                   /home/jatinbha/sandboxes/jdk/build/linux-x86_64-server-slowdebug/images/jdk/lib/libjli.so
7f24c3d8c000-7f24c3d8e000 r--p 00000000 08:02 7078082                    /usr/lib/x86_64-linux-gnu/libz.so.1.2.11
7f24c3d8e000-7f24c3d9f000 r-xp 00002000 08:02 7078082                    /usr/lib/x86_64-linux-gnu/libz.so.1.2.11
7f24c3d9f000-7f24c3da5000 r--p 00013000 08:02 7078082                    /usr/lib/x86_64-linux-gnu/libz.so.1.2.11
7f24c3da5000-7f24c3da6000 ---p 00019000 08:02 7078082                    /usr/lib/x86_64-linux-gnu/libz.so.1.2.11
7f24c3da6000-7f24c3da7000 r--p 00019000 08:02 7078082                    /usr/lib/x86_64-linux-gnu/libz.so.1.2.11
7f24c3da7000-7f24c3da8000 rw-p 0001a000 08:02 7078082                    /usr/lib/x86_64-linux-gnu/libz.so.1.2.11
7f24c3da8000-7f24c3dab000 r--p 00000000 08:02 7080081                    /usr/lib/x86_64-linux-gnu/libnss_files-2.31.so
7f24c3dab000-7f24c3db2000 r-xp 00003000 08:02 7080081                    /usr/lib/x86_64-linux-gnu/libnss_files-2.31.so
7f24c3db2000-7f24c3db4000 r--p 0000a000 08:02 7080081                    /usr/lib/x86_64-linux-gnu/libnss_files-2.31.so
7f24c3db4000-7f24c3db5000 r--p 0000b000 08:02 7080081                    /usr/lib/x86_64-linux-gnu/libnss_files-2.31.so
7f24c3db5000-7f24c3db6000 rw-p 0000c000 08:02 7080081                    /usr/lib/x86_64-linux-gnu/libnss_files-2.31.so
7f24c3db6000-7f24c3dbc000 rw-p 00000000 00:00 0 
7f24c3dbc000-7f24c3dbd000 ---p 00000000 00:00 0 
7f24c3dbd000-7f24c3dbe000 r--p 00000000 00:00 0 
7f24c3dbe000-7f24c3dc0000 rw-p 00000000 00:00 0 
7f24c3dc0000-7f24c3dc1000 r--p 00000000 08:02 7080069                    /usr/lib/x86_64-linux-gnu/ld-2.31.so
7f24c3dc1000-7f24c3de4000 r-xp 00001000 08:02 7080069                    /usr/lib/x86_64-linux-gnu/ld-2.31.so
7f24c3de4000-7f24c3dec000 r--p 00024000 08:02 7080069                    /usr/lib/x86_64-linux-gnu/ld-2.31.so
7f24c3dec000-7f24c3ded000 rwxp 00000000 00:00 0 
7f24c3ded000-7f24c3dee000 r--p 0002c000 08:02 7080069                    /usr/lib/x86_64-linux-gnu/ld-2.31.so
7f24c3dee000-7f24c3def000 rw-p 0002d000 08:02 7080069                    /usr/lib/x86_64-linux-gnu/ld-2.31.so
7f24c3def000-7f24c3df0000 rw-p 00000000 00:00 0 
7ffe37f79000-7ffe37f9a000 rw-p 00000000 00:00 0                          [stack]
7ffe37fb6000-7ffe37fba000 r--p 00000000 00:00 0                          [vvar]
7ffe37fba000-7ffe37fbc000 r-xp 00000000 00:00 0                          [vdso]
ffffffffff600000-ffffffffff601000 --xp 00000000 00:00 0                  [vsyscall]
Total number of mappings: 194


VM Arguments:
jvm_args: -XX:+PauseAtStartup 
java_command: caller_callee
java_class_path (initial): .
Launcher Type: SUN_STANDARD

[Global flags]
     intx CICompilerCount                          = 18                                        {product} {ergonomic}     Number of compiler threads to run
     uint ConcGCThreads                            = 18                                        {product} {ergonomic}     Number of threads concurrent gc will use
     uint G1ConcRefinementThreads                  = 73                                        {product} {ergonomic}     The number of parallel remembered set update threads. Will be set ergonomically by default.
   size_t G1HeapRegionSize                         = 16777216                                  {product} {ergonomic}     Size of the G1 regions.
   size_t InitialHeapSize                          = 2147483648                                {product} {ergonomic}     Initial heap size (in bytes); zero means use ergonomics
   size_t MarkStackSize                            = 4194304                                   {product} {ergonomic}     Size of marking stack
   size_t MarkStackSizeMax                         = 536870912                                 {product} {ergonomic}     Maximum size of marking stack
   size_t MaxHeapSize                              = 31675383808                               {product} {ergonomic}     Maximum heap size (in bytes)
   size_t MaxNewSize                               = 18991808512                               {product} {ergonomic}     Maximum new generation size (in bytes), max_uintx means set ergonomically
   size_t MinHeapDeltaBytes                        = 16777216                                  {product} {ergonomic}     The minimum change in heap space due to GC (in bytes)
   size_t MinHeapSize                              = 16777216                                  {product} {ergonomic}     Minimum heap size (in bytes); zero means use ergonomics
    uintx NonNMethodCodeHeapSize                   = 8782280                                {pd product} {ergonomic}     Size of code heap with non-nmethods (in bytes)
    uintx NonProfiledCodeHeapSize                  = 121437980                              {pd product} {ergonomic}     Size of code heap with non-profiled methods (in bytes)
     bool PauseAtStartup                           = true                                   {diagnostic} {command line}  Causes the VM to pause at startup time and wait for the pause file to be removed (default: ./vm.paused.<pid>)
    uintx ProfiledCodeHeapSize                     = 121437980                              {pd product} {ergonomic}     Size of code heap with profiled methods (in bytes)
    uintx ReservedCodeCacheSize                    = 251658240                              {pd product} {ergonomic}     Reserved code cache size (in bytes) - maximum code cache size
     bool SegmentedCodeCache                       = true                                      {product} {ergonomic}     Use a segmented code cache
   size_t SoftMaxHeapSize                          = 31675383808                            {manageable} {ergonomic}     Soft limit for maximum heap size (in bytes)
     bool THPStackMitigation                       = false                                  {diagnostic} {ergonomic}     If THPs are unconditionally enabled on the system (mode "always"), the JVM will prevent THP from forming in thread stacks. When disabled, the absence of this mitigationallows THPs to form in thread stacks.
     bool UseCompressedOops                        = true                           {product lp64_product} {ergonomic}   Use 32-bit object references in 64-bit VM. lp64_product means flag is always constant in 32 bit VM
     bool UseG1GC                                  = true                                      {product} {ergonomic}     Use the Garbage-First garbage collector

Logging:
Log output configuration:
 #0: stdout all=warning uptime,level,tags foldmultilines=false
 #1: stderr all=off uptime,level,tags foldmultilines=false

Environment Variables:
JAVA_HOME=/home/jatinbha/sandboxes/jdk/build/linux-x86_64-server-slowdebug/images/jdk/
PATH=/home/jatinbha/sandboxes/jdk/build/linux-x86_64-server-slowdebug/images/jdk//bin:/home/jatinbha/.local/bin:/home/jatinbha/bin:/home/jatinbha/sandboxes/llvm-project/llvm-project/llvm/build-dir/bin/:/home/jatinbha/softwares/cmake-3.26.3-linux-x86_64/bin:/home/jatinbha/softwares/jdk-17.0.2//bin:/home/jatinbha/softwares/thrift-0.16.0/bin:/home/jatinbha/softwares/jdk8u322-b06//bin:/home/jatinbha/softwares/jdk-17//bin:/home/jatinbha/softwares/apache-maven-3.6.3/bin:/home/jatinbha/sandboxes/skara/build/bin:/home/jatinbha/softwares/sde-external-9.27.0-2023-09-13-lin:/usr/local/sbin:/usr/local/bin:/usr/sbin:/usr/bin:/sbin:/bin:/usr/games:/usr/local/games:/snap/bin
LD_LIBRARY_PATH=/home/jatinbha/softwares:
SHELL=/bin/bash
LANG=en_IN
TERM=xterm-256color

Active Locale:
LC_ALL=en_IN
LC_COLLATE=en_IN
LC_CTYPE=en_IN
LC_MESSAGES=en_IN
LC_MONETARY=en_IN
LC_NUMERIC=en_IN
LC_TIME=en_IN

Signal Handlers:
   SIGSEGV: crash_handler in libjvm.so, mask=11100100010111111101111111111110, flags=SA_RESTART|SA_SIGINFO, unblocked
    SIGBUS: crash_handler in libjvm.so, mask=11100100010111111101111111111110, flags=SA_RESTART|SA_SIGINFO, unblocked
    SIGFPE: crash_handler in libjvm.so, mask=11100100010111111101111111111110, flags=SA_RESTART|SA_SIGINFO, unblocked
   SIGPIPE: javaSignalHandler in libjvm.so, mask=11100100010111111101111111111110, flags=SA_RESTART|SA_SIGINFO, unblocked
   SIGXFSZ: javaSignalHandler in libjvm.so, mask=11100100010111111101111111111110, flags=SA_RESTART|SA_SIGINFO, unblocked
    SIGILL: crash_handler in libjvm.so, mask=11100100010111111101111111111110, flags=SA_RESTART|SA_SIGINFO, unblocked
   SIGUSR2: SR_handler in libjvm.so, mask=00000000000000000000000000000000, flags=SA_RESTART|SA_SIGINFO, unblocked
    SIGHUP: UserHandler in libjvm.so, mask=11100100010111111101111111111110, flags=SA_RESTART|SA_SIGINFO, unblocked
    SIGINT: UserHandler in libjvm.so, mask=11100100010111111101111111111110, flags=SA_RESTART|SA_SIGINFO, unblocked
   SIGTERM: UserHandler in libjvm.so, mask=11100100010111111101111111111110, flags=SA_RESTART|SA_SIGINFO, unblocked
   SIGQUIT: UserHandler in libjvm.so, mask=11100100010111111101111111111110, flags=SA_RESTART|SA_SIGINFO, blocked
   SIGTRAP: crash_handler in libjvm.so, mask=11100100010111111101111111111110, flags=SA_RESTART|SA_SIGINFO, unblocked


Native Memory Tracking:

(Omitting categories weighting less than 1KB)

Total: reserved=33169828KB, committed=2414748KB
       malloc: 201236KB #23194
       mmap:   reserved=32968592KB, committed=2213512KB

-                 Java Heap (reserved=30932992KB, committed=2113536KB)
                            (mmap: reserved=30932992KB, committed=2113536KB, at peak) 
 
-                     Class (reserved=1048645KB, committed=133KB)
                            (classes #475)
                            (  instance classes #387, array classes #88)
                            (malloc=69KB #881) (peak=69KB #882) 
                            (mmap: reserved=1048576KB, committed=64KB, at peak) 
                            (  Metadata:   )
                            (    reserved=65536KB, committed=64KB)
                            (    used=55KB)
                            (    waste=9KB =14.54%)
                            (  Class space:)
                            (    reserved=1048576KB, committed=64KB)
                            (    used=2KB)
                            (    waste=62KB =97.49%)
 
-                    Thread (reserved=16468KB, committed=652KB)
                            (threads #16)
                            (stack: reserved=16420KB, committed=604KB, peak=604KB)
                            (malloc=32KB #100) (peak=40KB #104) 
                            (arena=17KB #30) (peak=166KB #28)
 
-                      Code (reserved=248009KB, committed=7873KB)
                            (malloc=325KB #10086) (peak=325KB #10094) 
                            (mmap: reserved=247684KB, committed=7548KB, at peak) 
                            (arena=0KB #0) (peak=33KB #1)
 
-                        GC (reserved=793706KB, committed=230826KB)
                            (malloc=152750KB #1283) (at peak) 
                            (mmap: reserved=640956KB, committed=78076KB, at peak) 
 
-                 GCCardSet (reserved=29KB, committed=29KB)
                            (malloc=29KB #390) (at peak) 
 
-                  Compiler (reserved=198KB, committed=198KB)
                            (malloc=3KB #20) (peak=3KB #21) 
                            (arena=196KB #4) (peak=724KB #13)
 
-                  Internal (reserved=45634KB, committed=45634KB)
                            (malloc=45598KB #8293) (peak=45598KB #8294) 
                            (mmap: reserved=36KB, committed=36KB, at peak) 
 
-                    Symbol (reserved=1130KB, committed=1130KB)
                            (malloc=770KB #20) (at peak) 
                            (arena=360KB #1) (at peak)
 
-    Native Memory Tracking (reserved=369KB, committed=369KB)
                            (malloc=6KB #63) (at peak) 
                            (tracking overhead=362KB)
 
-        Shared class space (reserved=16384KB, committed=13576KB, readonly=0KB)
                            (mmap: reserved=16384KB, committed=13576KB, peak=13836KB) 
 
-               Arena Chunk (reserved=529KB, committed=529KB)
                            (malloc=529KB #64) (peak=1102KB #65) 
 
-                 Arguments (reserved=0KB, committed=0KB)
                            (malloc=0KB #5) (peak=10KB #6) 
 
-                    Module (reserved=65KB, committed=65KB)
                            (malloc=65KB #1237) (at peak) 
 
-                 Safepoint (reserved=8KB, committed=8KB)
                            (mmap: reserved=8KB, committed=8KB, at peak) 
 
-           Synchronization (reserved=95KB, committed=95KB)
                            (malloc=95KB #714) (at peak) 
 
-            Serviceability (reserved=17KB, committed=17KB)
                            (malloc=17KB #10) (peak=17KB #14) 
 
-                 Metaspace (reserved=65548KB, committed=76KB)
                            (malloc=12KB #8) (at peak) 
                            (mmap: reserved=65536KB, committed=64KB, at peak) 
 
-      String Deduplication (reserved=1KB, committed=1KB)
                            (malloc=1KB #8) (at peak) 
 
-                   Unknown (reserved=0KB, committed=0KB)
                            (mmap: reserved=0KB, committed=0KB, peak=20KB) 
 
Preinit state:entries: 370 (primary: 368, empties: 7823), sum bytes: 14471, longest chain length: 2
pre-init mallocs: 402, pre-init reallocs: 0, pre-init frees: 32
MallocLimit: unset

Periodic native trim disabled

---------------  S Y S T E M  ---------------

OS:
DISTRIB_ID=Ubuntu
DISTRIB_RELEASE=20.04
DISTRIB_CODENAME=focal
DISTRIB_DESCRIPTION="Ubuntu 20.04.2 LTS"
uname: Linux intel-S2600WFT 5.8.0-41-generic #46~20.04.1-Ubuntu SMP Mon Jan 18 17:52:23 UTC 2021 x86_64
OS uptime: 19 days 22:22 hours
libc: glibc 2.31 NPTL 2.31 
rlimit (soft/hard): STACK 8192k/infinity , CORE 0k/infinity , NPROC 3090646/3090646 , NOFILE 1048576/1048576 , AS infinity/infinity , CPU infinity/infinity , DATA infinity/infinity , FSIZE infinity/infinity , MEMLOCK 65536k/65536k
load average: 3.02 3.04 3.04

/proc/meminfo:
MemTotal:       791263980 kB
MemFree:        639698200 kB
MemAvailable:   781858108 kB
Buffers:         2422740 kB
Cached:         137819508 kB
SwapCached:            0 kB
Active:         61647408 kB
Inactive:       80715568 kB
Active(anon):    2109680 kB
Inactive(anon):    12728 kB
Active(file):   59537728 kB
Inactive(file): 80702840 kB
Unevictable:           0 kB
Mlocked:               0 kB
SwapTotal:       2097148 kB
SwapFree:        2097148 kB
Dirty:               192 kB
Writeback:             0 kB
AnonPages:       2121104 kB
Mapped:           496748 kB
Shmem:             15296 kB
KReclaimable:    6973520 kB
Slab:            7992060 kB
SReclaimable:    6973520 kB
SUnreclaim:      1018540 kB
KernelStack:       27680 kB
PageTables:        17716 kB
NFS_Unstable:          0 kB
Bounce:                0 kB
WritebackTmp:          0 kB
CommitLimit:    397729136 kB
Committed_AS:   14885472 kB
VmallocTotal:   34359738367 kB
VmallocUsed:      466808 kB
VmallocChunk:          0 kB
Percpu:           160832 kB
HardwareCorrupted:     0 kB
AnonHugePages:         0 kB
ShmemHugePages:        0 kB
ShmemPmdMapped:        0 kB
FileHugePages:         0 kB
FilePmdMapped:         0 kB
HugePages_Total:       0
HugePages_Free:        0
HugePages_Rsvd:        0
HugePages_Surp:        0
Hugepagesize:       2048 kB
Hugetlb:               0 kB
DirectMap4k:     1867164 kB
DirectMap2M:    104775680 kB
DirectMap1G:    699400192 kB

/sys/kernel/mm/transparent_hugepage/enabled: always [madvise] never
/sys/kernel/mm/transparent_hugepage/hpage_pmd_size: 2097152
/sys/kernel/mm/transparent_hugepage/shmem_enabled: always within_size advise [never] deny force
/sys/kernel/mm/transparent_hugepage/defrag (defrag/compaction efforts parameter): always defer defer+madvise [madvise] never

Process Memory:
Virtual Size: 34408908K (peak: 34408908K)
Resident Set Size: 269008K (peak: 269008K) (anon: 232804K, file: 36204K, shmem: 0K)
Swapped out: 0K
C-Heap outstanding allocations: 202585K, retained: 1918K (may have wrapped)
glibc malloc tunables: (default)

/proc/sys/kernel/threads-max (system-wide limit on the number of threads): 6181293
/proc/sys/vm/max_map_count (maximum number of memory map areas a process may have): 65530
/proc/sys/kernel/pid_max (system-wide limit on number of process identifiers): 4194304

container (cgroup) information:
container_type: cgroupv1
cpu_cpuset_cpus: 0-111
cpu_memory_nodes: 0-1
active_processor_count: 112
cpu_quota: no quota
cpu_period: 100000
cpu_shares: no shares
memory_limit_in_bytes: unlimited
memory_and_swap_limit_in_bytes: unlimited
memory_soft_limit_in_bytes: unlimited
memory_usage_in_bytes: 248528 k
memory_max_usage_in_bytes: 770208 k
rss_usage_in_bytes: 234960 k
cache_usage_in_bytes: unlimited
kernel_memory_usage_in_bytes: 10720 k
kernel_memory_max_usage_in_bytes: unlimited
kernel_memory_limit_in_bytes: 12580 k
maximum number of tasks: unlimited
current number of tasks: 20

Steal ticks since vm start: 0
Steal ticks percentage since vm start:  0.000

CPU: total 112 (initial active 112) (28 cores per cpu, 2 threads per core) family 6 model 85 stepping 7 microcode 0x5003006, cx8, cmov, fxsr, ht, mmx, 3dnowpref, sse, sse2, sse3, ssse3, sse4.1, sse4.2, popcnt, lzcnt, tsc, tscinvbit, avx, avx2, aes, erms, clmul, bmi1, bmi2, adx, avx512f, avx512dq, avx512cd, avx512bw, avx512vl, fma, vzeroupper, avx512_vnni, clflush, clflushopt, clwb, rdtscp, f16c, pku, ospke
CPU Model and flags from /proc/cpuinfo:
model name	: Intel(R) Xeon(R) Platinum 8280 CPU @ 2.70GHz
flags		: fpu vme de pse tsc msr pae mce cx8 apic sep mtrr pge mca cmov pat pse36 clflush dts acpi mmx fxsr sse sse2 ss ht tm pbe syscall nx pdpe1gb rdtscp lm constant_tsc art arch_perfmon pebs bts rep_good nopl xtopology nonstop_tsc cpuid aperfmperf pni pclmulqdq dtes64 monitor ds_cpl smx est tm2 ssse3 sdbg fma cx16 xtpr pdcm pcid dca sse4_1 sse4_2 x2apic movbe popcnt tsc_deadline_timer aes xsave avx f16c rdrand lahf_lm abm 3dnowprefetch cpuid_fault epb cat_l3 cdp_l3 invpcid_single ssbd mba ibrs ibpb stibp ibrs_enhanced fsgsbase tsc_adjust bmi1 avx2 smep bmi2 erms invpcid cqm mpx rdt_a avx512f avx512dq rdseed adx smap clflushopt clwb intel_pt avx512cd avx512bw avx512vl xsaveopt xsavec xgetbv1 xsaves cqm_llc cqm_occup_llc cqm_mbm_total cqm_mbm_local dtherm ida arat pln pts hwp hwp_act_window hwp_epp hwp_pkg_req pku ospke avx512_vnni md_clear flush_l1d arch_capabilities

Online cpus: 0-111
Offline cpus: 
cache level: 1
cache type: Data
cache size: 32K
cache coherency line size: 64
cache level: 1
cache type: Instruction
cache size: 32K
cache coherency line size: 64
cache level: 2
cache type: Unified
cache size: 1024K
cache coherency line size: 64
cache level: 3
cache type: Unified
cache size: 39424K
cache coherency line size: 64
BIOS frequency limitation: <Not Available>
Frequency switch latency (ns): 0
Available cpu frequencies: <Not Available>
Maximum cpu frequency: 4000000
Minimum cpu frequency: 1000000
Current cpu frequency: 1000077
Available governors: performance powersave
Current governor: powersave
Core performance/turbo boost: <Not Available>

Memory: 4k page, physical 791263980k(781858108k free), swap 2097148k(2097148k free)
Page Sizes: 4k

vm_info: OpenJDK 64-Bit Server VM (slowdebug 23-internal-adhoc.root.jdk) for linux-amd64 JRE (23-internal-adhoc.root.jdk), built on 2023-11-29T06:22:32Z by "root" with gcc 9.3.0

END.
