<?xml version='1.0' encoding='UTF-8'?>
<hotspot_log version='160 1' process='1498080' time_ms='1716546224255'>
<vm_version>
<name>
OpenJDK 64-Bit Server VM
</name>
<release>
23-internal-adhoc.root.jdk
</release>
<info>
OpenJDK 64-Bit Server VM (slowdebug 23-internal-adhoc.root.jdk) for linux-amd64 JRE (23-internal-adhoc.root.jdk), built on 2024-05-24T02:12:07Z with gcc 9.3.0
</info>
</vm_version>
<vm_arguments>
<args>
-XX:+StressIncrementalInlining -XX:-UseOnStackReplacement --add-modules=jdk.incubator.vector -Xbatch -XX:-TieredCompilation -XX:-PauseAtStartup -XX:+PrintDeoptimizationDetails -XX:+TraceDeoptimization </args>
<command>
null_converged
</command>
<launcher>
SUN_STANDARD
</launcher>
<properties>
java.vm.specification.name=Java Virtual Machine Specification
java.vm.version=23-internal-adhoc.root.jdk
java.vm.name=OpenJDK 64-Bit Server VM
jdk.debug=slowdebug
sun.boot.library.path=/home/jatinbha/sandboxes/jdk/jdk/build/linux-x86_64-server-slowdebug/images/jdk/lib
java.library.path=/home/jatinbha/softwares::/usr/java/packages/lib:/usr/lib64:/lib64:/lib:/usr/lib
java.home=/home/jatinbha/sandboxes/jdk/jdk/build/linux-x86_64-server-slowdebug/images/jdk
java.class.path=.
java.vm.info=mixed mode, sharing
java.vm.specification.vendor=Oracle Corporation
java.vm.specification.version=23
java.vm.vendor=Oracle Corporation
sun.java.command=null_converged
sun.java.launcher=SUN_STANDARD
</properties>
</vm_arguments>
<tty>
<writer thread='1498081'/>
<blob name='MethodHandlesAdapterBlob' total_size='10224'>
<sect index='1' capacity='10224' size='1898' remaining='8326'/>
</blob>
<uncommon_trap thread='1498081' reason='bimorphic_or_optimized_type_check' action='maybe_recompile' debug_id='0' compile_id='56' compiler='c2' stamp='0.712'>
UNCOMMON TRAP method=java.util.HashMap.hash(Ljava/lang/Object;)I  bci=9 pc=0x00007fb44072d608, relative_pc=0x00000000000001c8, debug_id=0 compiler=c2 compile_id=56 (@0x00007fb44072d608) thread=1498081 reason=bimorphic_or_optimized_type_check action=maybe_recompile unloaded_class_index=-1 debug_id=0
<jvms bci='9' method='java.util.HashMap hash (Ljava/lang/Object;)I' bytes='20' count='6784' iicount='6784'/>
</uncommon_trap>
DEOPT PACKING thread=0x00007fb44c02d090 vframeArray=0x00007fb44c3e7460
   Compiled frame (sp=0x00007fb4518f8200 unextended sp=0x00007fb4518f8200, fp=0x000000011f011388, real_fp=0x00007fb4518f8230, pc=0x00007fb44072d608)
     nmethod713   56             java.util.HashMap::hash (20 bytes)
   Virtual frames (innermost/newest first):
      VFrame 0 (0x00007fb39806c0c0) - java.util.HashMap.hash(Ljava/lang/Object;)I - invokevirtual @ bci=9 

DEOPT UNPACKING thread=0x00007fb44c02d090 vframeArray=0x00007fb44c3e7460 mode=2
   Virtual frames (outermost/oldest first):
      VFrame 0 (0x00007fb44c3e8740) - java.util.HashMap.hash(Ljava/lang/Object;)I - invokevirtual @ bci=9 sp=0x00007fb4518f81c8
Expressions size: 1
 - Reconstructed expression 0 (OBJECT): jdk/internal/loader/ClassLoaders$AppClassLoader
Locals size: 2
[1. Interpreted Frame]
Interpreted frame (sp=0x00007fb4518f81c8 unextended sp=0x00007fb4518f81c8, fp=0x00007fb4518f8218, real_fp=0x00007fb4518f8218, pc=0x00007fb4405e2180)
~deoptimization entry points  [0x00007fb4405e2180, 0x00007fb4405e5798]  13848 bytes
     BufferBlob (0x00007fb4405c3908) used for Interpreter
 - local  [0x0000000000000000]; #0
 - local  [0x0000000000000000]; #1
 - stack  [0x000000011f011388]; #0
 - monitor[0x00007fb4518f81d0]
 - bcp    [0x00007fb3b6d85d09]; @9
 - locals [0x00007fb4518f8230]
 - method [0x00007fb3b6537878]; static jint java.util.HashMap.hash(jobject)
	{method} {0x00007fb3b6537878} &apos;hash&apos; &apos;(Ljava/lang/Object;)I&apos; in &apos;java/util/HashMap&apos;
	bci:    9
	locals:
	   0 null &lt;0x0000000000000000&gt;
	   1 0 (int) 0.000000 (float) 0 (hex)


<uncommon_trap thread='1498081' reason='bimorphic_or_optimized_type_check' action='maybe_recompile' debug_id='0' compile_id='56' compiler='c2' count='1' state='bimorphic_or_optimized_type_check' stamp='0.714'>
UNCOMMON TRAP method=java.util.HashMap.hash(Ljava/lang/Object;)I  bci=9 pc=0x00007fb44072d608, relative_pc=0x00000000000001c8, debug_id=0 compiler=c2 compile_id=56 (@0x00007fb44072d608) thread=1498081 reason=bimorphic_or_optimized_type_check action=maybe_recompile unloaded_class_index=-1 debug_id=0
<jvms bci='9' method='java.util.HashMap hash (Ljava/lang/Object;)I' bytes='20' count='6784' iicount='6784' bimorphic_or_optimized_type_check_traps='1'/>
</uncommon_trap>
DEOPT PACKING thread=0x00007fb44c02d090 vframeArray=0x00007fb44c3eb3c0
   Compiled frame (sp=0x00007fb4518f8200 unextended sp=0x00007fb4518f8200, fp=0x000000011f011388, real_fp=0x00007fb4518f8230, pc=0x00007fb44072d608)
     nmethod714   56             java.util.HashMap::hash (20 bytes)
   Virtual frames (innermost/newest first):
      VFrame 0 (0x00007fb39806c0c0) - java.util.HashMap.hash(Ljava/lang/Object;)I - invokevirtual @ bci=9 

DEOPT UNPACKING thread=0x00007fb44c02d090 vframeArray=0x00007fb44c3eb3c0 mode=2
   Virtual frames (outermost/oldest first):
      VFrame 0 (0x00007fb44c3ec6a0) - java.util.HashMap.hash(Ljava/lang/Object;)I - invokevirtual @ bci=9 sp=0x00007fb4518f81c8
Expressions size: 1
 - Reconstructed expression 0 (OBJECT): jdk/internal/loader/ClassLoaders$AppClassLoader
Locals size: 2
[2. Interpreted Frame]
Interpreted frame (sp=0x00007fb4518f81c8 unextended sp=0x00007fb4518f81c8, fp=0x00007fb4518f8218, real_fp=0x00007fb4518f8218, pc=0x00007fb4405e2180)
~deoptimization entry points  [0x00007fb4405e2180, 0x00007fb4405e5798]  13848 bytes
     BufferBlob (0x00007fb4405c3908) used for Interpreter
 - local  [0x0000000000000000]; #0
 - local  [0x0000000000000000]; #1
 - stack  [0x000000011f011388]; #0
 - monitor[0x00007fb4518f81d0]
 - bcp    [0x00007fb3b6d85d09]; @9
 - locals [0x00007fb4518f8230]
 - method [0x00007fb3b6537878]; static jint java.util.HashMap.hash(jobject)
	{method} {0x00007fb3b6537878} &apos;hash&apos; &apos;(Ljava/lang/Object;)I&apos; in &apos;java/util/HashMap&apos;
	bci:    9
	locals:
	   0 null &lt;0x0000000000000000&gt;
	   1 0 (int) 0.000000 (float) 0 (hex)


<uncommon_trap thread='1498081' reason='bimorphic_or_optimized_type_check' action='maybe_recompile' debug_id='0' compile_id='56' compiler='c2' count='2' state='bimorphic_or_optimized_type_check' stamp='0.716'>
UNCOMMON TRAP method=java.util.HashMap.hash(Ljava/lang/Object;)I  bci=9 pc=0x00007fb44072d608, relative_pc=0x00000000000001c8, debug_id=0 compiler=c2 compile_id=56 (@0x00007fb44072d608) thread=1498081 reason=bimorphic_or_optimized_type_check action=maybe_recompile unloaded_class_index=-1 debug_id=0
<jvms bci='9' method='java.util.HashMap hash (Ljava/lang/Object;)I' bytes='20' count='6784' iicount='6784' bimorphic_or_optimized_type_check_traps='2'/>
</uncommon_trap>
DEOPT PACKING thread=0x00007fb44c02d090 vframeArray=0x00007fb44c3e8b60
   Compiled frame (sp=0x00007fb4518f8200 unextended sp=0x00007fb4518f8200, fp=0x000000011f011388, real_fp=0x00007fb4518f8230, pc=0x00007fb44072d608)
     nmethod716   56             java.util.HashMap::hash (20 bytes)
   Virtual frames (innermost/newest first):
      VFrame 0 (0x00007fb39806c0c0) - java.util.HashMap.hash(Ljava/lang/Object;)I - invokevirtual @ bci=9 

DEOPT UNPACKING thread=0x00007fb44c02d090 vframeArray=0x00007fb44c3e8b60 mode=2
   Virtual frames (outermost/oldest first):
      VFrame 0 (0x00007fb44c3e9e40) - java.util.HashMap.hash(Ljava/lang/Object;)I - invokevirtual @ bci=9 sp=0x00007fb4518f81c8
Expressions size: 1
 - Reconstructed expression 0 (OBJECT): jdk/internal/loader/ClassLoaders$AppClassLoader
Locals size: 2
[3. Interpreted Frame]
Interpreted frame (sp=0x00007fb4518f81c8 unextended sp=0x00007fb4518f81c8, fp=0x00007fb4518f8218, real_fp=0x00007fb4518f8218, pc=0x00007fb4405e2180)
~deoptimization entry points  [0x00007fb4405e2180, 0x00007fb4405e5798]  13848 bytes
     BufferBlob (0x00007fb4405c3908) used for Interpreter
 - local  [0x0000000000000000]; #0
 - local  [0x0000000000000000]; #1
 - stack  [0x000000011f011388]; #0
 - monitor[0x00007fb4518f81d0]
 - bcp    [0x00007fb3b6d85d09]; @9
 - locals [0x00007fb4518f8230]
 - method [0x00007fb3b6537878]; static jint java.util.HashMap.hash(jobject)
	{method} {0x00007fb3b6537878} &apos;hash&apos; &apos;(Ljava/lang/Object;)I&apos; in &apos;java/util/HashMap&apos;
	bci:    9
	locals:
	   0 null &lt;0x0000000000000000&gt;
	   1 0 (int) 0.000000 (float) 0 (hex)


<uncommon_trap thread='1498081' reason='bimorphic_or_optimized_type_check' action='maybe_recompile' debug_id='0' compile_id='56' compiler='c2' count='3' state='bimorphic_or_optimized_type_check' stamp='0.717'>
UNCOMMON TRAP method=java.util.HashMap.hash(Ljava/lang/Object;)I  bci=9 pc=0x00007fb44072d608, relative_pc=0x00000000000001c8, debug_id=0 compiler=c2 compile_id=56 (@0x00007fb44072d608) thread=1498081 reason=bimorphic_or_optimized_type_check action=maybe_recompile unloaded_class_index=-1 debug_id=0
<jvms bci='9' method='java.util.HashMap hash (Ljava/lang/Object;)I' bytes='20' count='6784' iicount='6784' bimorphic_or_optimized_type_check_traps='3'/>
</uncommon_trap>
DEOPT PACKING thread=0x00007fb44c02d090 vframeArray=0x00007fb44c3eb3c0
   Compiled frame (sp=0x00007fb4518f8200 unextended sp=0x00007fb4518f8200, fp=0x000000011f011388, real_fp=0x00007fb4518f8230, pc=0x00007fb44072d608)
     nmethod717   56             java.util.HashMap::hash (20 bytes)
   Virtual frames (innermost/newest first):
      VFrame 0 (0x00007fb39806c0c0) - java.util.HashMap.hash(Ljava/lang/Object;)I - invokevirtual @ bci=9 

DEOPT UNPACKING thread=0x00007fb44c02d090 vframeArray=0x00007fb44c3eb3c0 mode=2
   Virtual frames (outermost/oldest first):
      VFrame 0 (0x00007fb44c3ec6a0) - java.util.HashMap.hash(Ljava/lang/Object;)I - invokevirtual @ bci=9 sp=0x00007fb4518f81c8
Expressions size: 1
 - Reconstructed expression 0 (OBJECT): jdk/internal/loader/ClassLoaders$AppClassLoader
Locals size: 2
[4. Interpreted Frame]
Interpreted frame (sp=0x00007fb4518f81c8 unextended sp=0x00007fb4518f81c8, fp=0x00007fb4518f8218, real_fp=0x00007fb4518f8218, pc=0x00007fb4405e2180)
~deoptimization entry points  [0x00007fb4405e2180, 0x00007fb4405e5798]  13848 bytes
     BufferBlob (0x00007fb4405c3908) used for Interpreter
 - local  [0x0000000000000000]; #0
 - local  [0x0000000000000000]; #1
 - stack  [0x000000011f011388]; #0
 - monitor[0x00007fb4518f81d0]
 - bcp    [0x00007fb3b6d85d09]; @9
 - locals [0x00007fb4518f8230]
 - method [0x00007fb3b6537878]; static jint java.util.HashMap.hash(jobject)
	{method} {0x00007fb3b6537878} &apos;hash&apos; &apos;(Ljava/lang/Object;)I&apos; in &apos;java/util/HashMap&apos;
	bci:    9
	locals:
	   0 null &lt;0x0000000000000000&gt;
	   1 0 (int) 0.000000 (float) 0 (hex)


<uncommon_trap thread='1498081' reason='null_check' action='make_not_entrant' debug_id='0' compile_id='74' compiler='c2' stamp='0.910'>
UNCOMMON TRAP method=java.lang.String.equals(Ljava/lang/Object;)Z  bci=8 pc=0x00007fb440730870, relative_pc=0x0000000000000210, debug_id=0 compiler=c2 compile_id=74 (@0x00007fb440730870) thread=1498081 reason=null_check action=make_not_entrant unloaded_class_index=-1 debug_id=0
<jvms bci='8' method='java.lang.String equals (Ljava/lang/Object;)Z' bytes='56' count='6784' iicount='6784'/>
</uncommon_trap>
DEOPT PACKING thread=0x00007fb44c02d090 vframeArray=0x00007fb44c433060
   Compiled frame (sp=0x00007fb4518f7950 unextended sp=0x00007fb4518f7950, fp=0x00000007ff0bc530, real_fp=0x00007fb4518f7980, pc=0x00007fb440730870)
     nmethod909   74             java.lang.String::equals (56 bytes)
   Virtual frames (innermost/newest first):
      VFrame 0 (0x00007fb44c31edd0) - java.lang.String.equals(Ljava/lang/Object;)Z - instanceof @ bci=8 

DEOPT UNPACKING thread=0x00007fb44c02d090 vframeArray=0x00007fb44c433060 mode=2
   Virtual frames (outermost/oldest first):
      VFrame 0 (0x00007fb44c434340) - java.lang.String.equals(Ljava/lang/Object;)Z - instanceof @ bci=8 sp=0x00007fb4518f7918
Expressions size: 1
 - Reconstructed expression 0 (OBJECT): null
Locals size: 3
 - Reconstructed local 0 (OBJECT): java/lang/String
 - Reconstructed local 1 (OBJECT): null
[5. Interpreted Frame]
Interpreted frame (sp=0x00007fb4518f7918 unextended sp=0x00007fb4518f7918, fp=0x00007fb4518f7968, real_fp=0x00007fb4518f7968, pc=0x00007fb4405e2180)
~deoptimization entry points  [0x00007fb4405e2180, 0x00007fb4405e5798]  13848 bytes
     BufferBlob (0x00007fb4405c3908) used for Interpreter
 - local  [0x00000007ff0bc530]; #0
 - local  [0x0000000000000000]; #1
 - local  [0x0000000000000000]; #2
 - stack  [0x0000000000000000]; #0
 - monitor[0x00007fb4518f7920]
 - bcp    [0x00007fb3b6deb3e8]; @8
 - locals [0x00007fb4518f7988]
 - method [0x00007fb3b61bc6a0]; virtual jboolean java.lang.String.equals(jobject)
	{method} {0x00007fb3b61bc6a0} &apos;equals&apos; &apos;(Ljava/lang/Object;)Z&apos; in &apos;java/lang/String&apos;
	bci:    8
	locals:
	   0 &quot;true&quot;{0x00000007ff0bc530} &lt;0x00000007ff0bc530&gt;
	   1 null &lt;0x0000000000000000&gt;
	   2 0 (int) 0.000000 (float) 0 (hex)
	expressions:
	   0 null &lt;0x0000000000000000&gt;


C1 Runtime statistics:
 _resolve_invoke_virtual_cnt:     1
 _resolve_invoke_opt_virtual_cnt: 2
 _resolve_invoke_static_cnt:      2
 _handle_wrong_method_cnt:        0
 _ic_miss_cnt:                    1
 _generic_arraycopystub_cnt:      0
 _byte_arraycopy_cnt:             0
 _short_arraycopy_cnt:            0
 _int_arraycopy_cnt:              0
 _long_arraycopy_cnt:             0
 _oop_arraycopy_cnt:              0
 _arraycopy_slowcase_cnt:         0
 _arraycopy_checkcast_cnt:        0
 _arraycopy_checkcast_attempt_cnt:0
 _new_type_array_slowcase_cnt:    0
 _new_object_array_slowcase_cnt:  0
 _new_instance_slowcase_cnt:      0
 _new_multi_array_slowcase_cnt:   0
 _monitorenter_slowcase_cnt:      0
 _monitorexit_slowcase_cnt:       0
 _patch_code_slowcase_cnt:        0
 _throw_range_check_exception_count:            0:
 _throw_index_exception_count:                  0:
 _throw_div0_exception_count:                   0:
 _throw_null_pointer_exception_count:           0:
 _throw_class_cast_exception_count:             0:
 _throw_incompatible_class_change_error_count:  0:
 _throw_count:                                  0:

<statistics type='SharedRuntime'>
    1 inline cache miss in compiled
    0 wrong method
    2 unresolved static call site
    1 unresolved virtual call site
    2 unresolved opt virtual call site
  163 slow partial subtype
AdapterHandlerTable statistics:
Number of buckets       :       293 =      2344 bytes, each 8
Number of entries       :       277 =     15512 bytes, each 56
Number of literals      :       277 =     22160 bytes, avg  80.000
Total footprint         :           =     40016 bytes
Average bucket size     :     0.945
Variance of bucket size :     0.864
Std. dev. of bucket size:     0.929
Maximum bucket size     :         4
AdapterHandlerTable (table_size=293, entries=277)
AdapterHandlerTable: lookups 5130 equals 4460 hits 4460 compact 4460
</statistics>
<statistics type='opto'>
--- Compiler Statistics ---
Methods seen: 70  Methods parsed: 70  Nodes created: 10840
Blocks parsed: 158  Blocks seen: 177
170 original null checks - 147 elided (86%); optimizer leaves 45,
9 made implicit (20%)
1 implicit null exceptions at runtime
StringConcat:    0/   0/   0(replaced/merged/total)
CCP: 52  constants found: 0
Total frameslots = 84, Max frameslots = 28
Inserted 0 spill loads, 0 spill stores, 0 mem-mem moves and 0 copies.
Total load cost=      0, store cost =      0, mem-mem cost =  0.00, copy cost =     0.
Adjusted spill cost =       0.
Conservatively coalesced 66 copies, 0 pairs, 130 post alloc.
Used cisc instruction  3,  remained in register 19
Average allocation trips 1.142857
High Pressure Blocks = 0, Low Pressure Blocks = 0
Nops added 0 bytes to total of 13882 bytes, for 0.00%
Peephole: peephole rules applied: 3
PhaseIdealLoop=119, sum _unique=20438, long loops=0/0/0
No escape = 0, Arg escape = 0, Global escape = 0
Objects scalar replaced = 0, Monitor objects removed = 0, GC barriers removed = 0, Memory barriers removed = 0
</statistics>
<statistics type='intrinsic'>
Compiler intrinsic usage:
     2 (28.6%) _hashCode (worked,virtual,nonvirtual)
     2 (28.6%) _equalsL (worked)
     3 (42.9%) _Preconditions_checkIndex (worked)
     7 (100.0%) total (worked,virtual,nonvirtual)
</statistics>
<statistics type='deoptimization'>
Deoptimization traps recorded:
     5 (100.0%) total
    null_check/make_not_entrant/instanceof: 1 (20.0%)
  bimorphic_or_optimized_type_check/maybe_recompile/invokevirtual: 4 (80.0%)
</statistics>
<tty_done stamp='1.444'/>
</tty>
<hotspot_log_done stamp='1.444'/>
</hotspot_log>
