#
# A fatal error has been detected by the Java Runtime Environment:
#
#  SIGFPE (0x8) at pc=0x00007f9899eec41d, pid=1272660, tid=1272680
#
# JRE version: OpenJDK Runtime Environment (25.0+19) (build 25-ea+19-2255)
# Java VM: OpenJDK 64-Bit Server VM (25-ea+19-2255, mixed mode, sharing, tiered, compressed oops, compressed class ptrs, g1 gc, linux-amd64)
# Problematic frame:
# V  [libjvm.so+0x49741d]  Assembler::emit_compressed_disp_byte(int&)+0x6d
#
# Core dump will be written. Default location: Core dumps may be processed with "/usr/share/apport/apport -p%p -s%s -c%c -d%d -P%P -u%u -g%g -- %E" (or dumping to /home/jatinbha/code/java/bugz/8351950/core.1272660)
#
# If you would like to submit a bug report, please visit:
#   https://bugreport.java.com/bugreport/crash.jsp
#

---------------  S U M M A R Y ------------

Command Line: -Xbatch -XX:UseAVX=3 --add-modules=jdk.incubator.vector Test

Host: Intel(R) Xeon(R) Platinum 8280 CPU @ 2.70GHz, 112 cores, 754G, Ubuntu 20.04.2 LTS
Time: Sat May  3 19:41:24 2025 IST elapsed time: 0.282113 seconds (0d 0h 0m 0s)

---------------  T H R E A D  ---------------

Current thread (0x00007f989428f780):  JavaThread "C2 CompilerThread0" daemon [_thread_in_native, id=1272680, stack(0x00007f98443d9000,0x00007f98444da000) (1028K)]


Current CompileTask:
C2:282  427    b  4       Test::test (31 bytes)

Stack: [0x00007f98443d9000,0x00007f98444da000],  sp=0x00007f98444d5d08,  free space=1011k
Native frames: (J=compiled Java code, j=interpreted, Vv=VM code, C=native code)
V  [libjvm.so+0x49741d]  Assembler::emit_compressed_disp_byte(int&)+0x6d
V  [libjvm.so+0x4cdcdc]  Assembler::evpminsw(XMMRegister, KRegister, XMMRegister, Address, bool, int)+0x1cc
V  [libjvm.so+0xd22636]  MacroAssembler::evpmins(BasicType, XMMRegister, KRegister, XMMRegister, Address, bool, int)+0xb6
V  [libjvm.so+0x5ff373]  C2_MacroAssembler::evmasked_op(int, BasicType, KRegister, XMMRegister, XMMRegister, Address, bool, int)+0x283
V  [libjvm.so+0x3953c9]  vminv_mem_maskedNode::emit(C2_MacroAssembler*, PhaseRegAlloc*) const+0x1e9
V  [libjvm.so+0xe31c06]  PhaseOutput::scratch_emit_size(Node const*)+0x2e6
V  [libjvm.so+0xe2d916]  PhaseOutput::shorten_branches(unsigned int*)+0x2a6
V  [libjvm.so+0xe364aa]  PhaseOutput::Output()+0x67a
V  [libjvm.so+0x6f0c2c]  Compile::Code_Gen()+0x6fc
V  [libjvm.so+0x6f3741]  Compile::Compile(ciEnv*, ciMethod*, int, Options, DirectiveSet*)+0x15b1
V  [libjvm.so+0x60eb11]  C2Compiler::compile_method(ciEnv*, ciMethod*, int, bool, DirectiveSet*)+0x1c1
V  [libjvm.so+0x6f9e61]  CompileBroker::invoke_compiler_on_method(CompileTask*)+0x951
V  [libjvm.so+0x6fd418]  CompileBroker::compiler_thread_loop()+0x518
V  [libjvm.so+0x9f22b8]  JavaThread::thread_main_inner() [clone .part.0]+0xb8
V  [libjvm.so+0x1022cbf]  Thread::call_run()+0x9f
V  [libjvm.so+0xe1b926]  thread_native_entry(Thread*)+0xd6

siginfo: si_signo: 8 (SIGFPE), si_code: 1 (FPE_INTDIV), si_addr: 0x00007f9899eec41d

Registers:
RAX=0x0000000000000010, RBX=0x00007f98444d60c0, RCX=0x00007f98444d5d1c, RDX=0x0000000000000000
RSP=0x00007f98444d5d08, RBP=0x00007f98444d5d40, RSI=0x0000000000000010, RDI=0x0000000000000000
R8 =0x00000000000000c0, R9 =0x0000000000000010, R10=0x0000000000000010, R11=0x00007f98444d5db8
R12=0x0000000000000000, R13=0x00000000000000dc, R14=0x00007f98444d5db8, R15=0x00007f98444d5e68
RIP=0x00007f9899eec41d, EFLAGS=0x0000000000010206, CSGSFS=0x002b000000000033, ERR=0x0000000000000000
  TRAPNO=0x0000000000000000

XMM[0]=0x00007f98444d6228 0x00007f98444d6150
XMM[1]=0x0000000000000000 0x0000000000000000
XMM[2]=0x00007f97d05c5c58 0x00007f97d05bf380
XMM[3]=0x00007f97d05c5c58 0x00007f97d05c5c58
XMM[4]=0x00007f97d05c5c58 0x00007f97d05bf380
XMM[5]=0x00007f97d05c6440 0x00007f97d05c6378
XMM[6]=0x00007f97d05c61b8 0x00007f97d05c63f0
XMM[7]=0x00007f97d05c6088 0x00007f97d05c5ff0
XMM[8]=0x00007f97d0582d08 0x00007f97d0582d08
XMM[9]=0x00007f97d05f36d8 0x00007f97d05f37a8
XMM[10]=0x00007f97d05f3740 0x00007f97d05f3810
XMM[11]=0x00007f97d05f3670 0x00007f97d05f3608
XMM[12]=0xc19bf1749bdc06a7 0x80deb1fe72be5d74
XMM[13]=0x550c7dc3243185be 0x12835b01d807aa98
XMM[14]=0xab1c5ed5923f82a4 0x59f111f13956c25b
XMM[15]=0xe9b5dba5b5c0fbcf 0x71374491428a2f98
  MXCSR=0x00001fa2


Register to memory mapping:

RAX=0x0000000000000010 is an unknown value
RBX=0x00007f98444d60c0 is pointing into the stack for thread: 0x00007f989428f780
RCX=0x00007f98444d5d1c is pointing into the stack for thread: 0x00007f989428f780
RDX=0x0 is null
RSP=0x00007f98444d5d08 is pointing into the stack for thread: 0x00007f989428f780
RBP=0x00007f98444d5d40 is pointing into the stack for thread: 0x00007f989428f780
RSI=0x0000000000000010 is an unknown value
RDI=0x0 is null
R8 =0x00000000000000c0 is an unknown value
R9 =0x0000000000000010 is an unknown value
R10=0x0000000000000010 is an unknown value
R11=0x00007f98444d5db8 is pointing into the stack for thread: 0x00007f989428f780
R12=0x0 is null
R13=0x00000000000000dc is an unknown value
R14=0x00007f98444d5db8 is pointing into the stack for thread: 0x00007f989428f780
R15=0x00007f98444d5e68 is pointing into the stack for thread: 0x00007f989428f780

Top of Stack: (sp=0x00007f98444d5d08)
0x00007f98444d5d08:   00007f9899eec6dc 0000000000000002   ................
0x00007f98444d5d18:   0000001000000001 0000000000000001   ................
0x00007f98444d5d28:   00007f98444d5e50 00007f98444d60c0   P^MD.....`MD....
0x00007f98444d5d38:   0000000000000002 00007f98444d5e20   ........ ^MD....
0x00007f98444d5d48:   00007f9899f22cdc 00007f98444d5db8   .,.......]MD....
0x00007f98444d5d58:   00007f9899f22c5e 00000002444d60c0   ^,.......`MD....
0x00007f98444d5d68:   00007f98444d5da0 0000010001000000   .]MD............
0x00007f98444d5d78:   0000001800000001 0000000000000004   ................
0x00007f98444d5d88:   00007f9800000007 00007f98444d60c0   .........`MD....
0x00007f98444d5d98:   00007f9700000000 0000000b0000000c   ................
0x00007f98444d5da8:   00000003ffffffff 0000000000000010   ................
0x00007f98444d5db8:   00007f989aef6d98 0000000000000000   .m..............
0x00007f98444d5dc8:   00007f9800000000 00007f9883d59da0   ................
0x00007f98444d5dd8:   00007f98ffffffff 00007f989aef6b88   .........k......
0x00007f98444d5de8:   541eff99fa1f2300 00007f9700000008   .#.....T........
0x00007f98444d5df8:   00007f98444d60c0 0000000000000002   .`MD............
0x00007f98444d5e08:   0000000000000007 0000000000000002   ................
0x00007f98444d5e18:   0000000000000001 00007f98444d5ed0   .........^MD....
0x00007f98444d5e28:   00007f989a777636 0000000000000001   6vw.............
0x00007f98444d5e38:   00007f989a777612 00007f989aef6b88   .vw......k......
0x00007f98444d5e48:   00007f98444d5e50 0000000b0000000c   P^MD............
0x00007f98444d5e58:   00000003ffffffff 0000000000000010   ................
0x00007f98444d5e68:   00007f989aef6d98 0000000000000000   .m..............
0x00007f98444d5e78:   0000000000000000 ffffffffffffffff   ................
0x00007f98444d5e88:   ffffffffffffffff c0000000000008c0   ................
0x00007f98444d5e98:   541eff99fa1f2300 0000000000000000   .#.....T........
0x00007f98444d5ea8:   00007f98444d60c0 0000000000000002   .`MD............
0x00007f98444d5eb8:   0000000000000007 0000000000000002   ................
0x00007f98444d5ec8:   0000000000000001 00007f98444d5f80   ........._MD....
0x00007f98444d5ed8:   00007f989a054373 0000000000000001   sC..............
0x00007f98444d5ee8:   0000000000000001 000000099aef6d98   .........m......
0x00007f98444d5ef8:   00007f98444d5f00 0000000b0000000c   ._MD............

Instructions: (pc=0x00007f9899eec41d)
  0x00007f9899eec31d:   05 1e 4e da 00 48 63 d2 4d 63 c0 4b 8d 0c 40 48
  0x00007f9899eec32d:   01 c8 0f b6 0c 10 89 f8 99 f7 f9 89 c1 31 c0 85
  0x00007f9899eec33d:   d2 75 b0 8d 81 80 00 00 00 3d ff 00 00 00 76 9b
  0x00007f9899eec34d:   eb 93 90 41 83 f8 03 41 0f 94 c0 45 0f b6 c0 eb
  0x00007f9899eec35d:   b5 66 90 41 f6 c1 80 75 32 41 c1 f9 04 41 83 e1
  0x00007f9899eec36d:   01 45 89 c8 eb a0 0f 1f 44 00 00 41 83 f8 02 74
  0x00007f9899eec37d:   95 41 83 f8 03 74 8f 41 83 f8 01 41 0f 94 c0 45
  0x00007f9899eec38d:   0f b6 c0 eb 81 66 0f 1f 44 00 00 45 31 c0 41 83
  0x00007f9899eec39d:   e1 10 41 0f 95 c0 41 83 c0 02 e9 67 ff ff ff 0f
  0x00007f9899eec3ad:   1f 40 00 48 8d 05 c1 38 10 01 48 89 f1 8b 36 48
  0x00007f9899eec3bd:   8b 00 a9 00 00 00 08 74 7a 48 8b 47 20 48 85 c0
  0x00007f9899eec3cd:   74 71 80 78 05 00 74 6b 8b 78 0c 8b 50 14 83 ff
  0x00007f9899eec3dd:   0f 77 18 4c 8d 0d 41 49 da 00 41 89 f8 4f 63 04
  0x00007f9899eec3ed:   81 4d 01 c8 41 ff e0 0f 1f 40 00 31 d2 48 63 40
  0x00007f9899eec3fd:   08 83 f8 02 77 3d 01 fa 48 63 d2 48 8d 3c 52 48
  0x00007f9899eec40d:   8d 15 2d 4d da 00 48 01 fa 0f b6 3c 02 89 f0 99
=>0x00007f9899eec41d:   f7 ff 89 c7 31 c0 85 d2 75 28 8d 97 80 00 00 00
  0x00007f9899eec42d:   81 fa ff 00 00 00 76 3b 66 66 2e 0f 1f 84 00 00
  0x00007f9899eec43d:   00 00 00 8d 96 80 00 00 00 81 fa ff 00 00 00 0f
  0x00007f9899eec44d:   96 c0 c3 c1 fa 04 83 e2 01 eb a2 0f 1f 84 00 00
  0x00007f9899eec45d:   00 00 00 31 d2 83 78 10 03 0f 94 c2 eb 8f 0f 1f
  0x00007f9899eec46d:   44 00 00 89 39 eb d2 0f 1f 40 00 8b 50 10 83 fa
  0x00007f9899eec47d:   02 0f 84 76 ff ff ff 83 fa 03 0f 84 6d ff ff ff
  0x00007f9899eec48d:   83 fa 01 0f 94 c2 0f b6 d2 e9 5f ff ff ff 0f 1f
  0x00007f9899eec49d:   44 00 00 f6 c2 80 74 ab 83 e2 10 0f 95 c2 0f b6
  0x00007f9899eec4ad:   d2 83 c2 02 e9 44 ff ff ff 66 2e 0f 1f 84 00 00
  0x00007f9899eec4bd:   00 00 00 55 c1 e6 03 89 d0 89 ca 83 e6 38 41 89
  0x00007f9899eec4cd:   f2 48 89 e5 41 55 41 54 53 48 89 fb 44 89 cf 48
  0x00007f9899eec4dd:   83 ec 18 4c 8b 5d 10 44 89 4d dc 45 8b 63 10 85
  0x00007f9899eec4ed:   c0 0f 88 bc 00 00 00 83 e0 07 85 c9 78 75 c1 e2
  0x00007f9899eec4fd:   03 41 c1 e0 06 83 e2 38 45 0f b6 c0 09 c2 44 09
  0x00007f9899eec50d:   c2 41 89 d5 45 85 c9 0f 85 b6 01 00 00 45 85 e4


Stack slot to memory mapping:

stack at sp + 0 slots: 0x00007f9899eec6dc: <offset 0x00000000004976dc> in /home/jatinbha/softwares/jdk-25/lib/server/libjvm.so at 0x00007f9899a55000
stack at sp + 1 slots: 0x0000000000000002 is an unknown value
stack at sp + 2 slots: 0x0000001000000001 is an unknown value
stack at sp + 3 slots: 0x0000000000000001 is an unknown value
stack at sp + 4 slots: 0x00007f98444d5e50 is pointing into the stack for thread: 0x00007f989428f780
stack at sp + 5 slots: 0x00007f98444d60c0 is pointing into the stack for thread: 0x00007f989428f780
stack at sp + 6 slots: 0x0000000000000002 is an unknown value
stack at sp + 7 slots: 0x00007f98444d5e20 is pointing into the stack for thread: 0x00007f989428f780

Lock stack of current Java thread (top to bottom):


---------------  P R O C E S S  ---------------

Threads class SMR info:
_java_thread_list=0x00007f98942d8c90, length=10, elements={
0x00007f989402aab0, 0x00007f9894289bc0, 0x00007f989428a840, 0x00007f989428b9b0,
0x00007f989428ca80, 0x00007f989428dab0, 0x00007f989428f780, 0x00007f9894290f60,
0x00007f98942d54e0, 0x00007f98942d7a90
}

Java Threads: ( => current thread )
  0x00007f989402aab0 JavaThread "main"                              [_thread_blocked, id=1272661, stack(0x00007f98997fb000,0x00007f98998fc000) (1028K)]
  0x00007f9894289bc0 JavaThread "Reference Handler"          daemon [_thread_blocked, id=1272675, stack(0x00007f98450d2000,0x00007f98451d2000) (1024K)]
  0x00007f989428a840 JavaThread "Finalizer"                  daemon [_thread_blocked, id=1272676, stack(0x00007f9844fd1000,0x00007f98450d1000) (1024K)]
  0x00007f989428b9b0 JavaThread "Signal Dispatcher"          daemon [_thread_blocked, id=1272677, stack(0x00007f9844ed0000,0x00007f9844fd0000) (1024K)]
  0x00007f989428ca80 JavaThread "Service Thread"             daemon [_thread_blocked, id=1272678, stack(0x00007f9844bcd000,0x00007f9844ccd000) (1024K)]
  0x00007f989428dab0 JavaThread "Monitor Deflation Thread"   daemon [_thread_blocked, id=1272679, stack(0x00007f98444da000,0x00007f98445db000) (1028K)]
=>0x00007f989428f780 JavaThread "C2 CompilerThread0"         daemon [_thread_in_native, id=1272680, stack(0x00007f98443d9000,0x00007f98444da000) (1028K)]
  0x00007f9894290f60 JavaThread "C1 CompilerThread0"         daemon [_thread_blocked, id=1272681, stack(0x00007f98442d8000,0x00007f98443d9000) (1028K)]
  0x00007f98942d54e0 JavaThread "Notification Thread"        daemon [_thread_blocked, id=1272682, stack(0x00007f9844107000,0x00007f9844208000) (1028K)]
  0x00007f98942d7a90 JavaThread "Common-Cleaner"             daemon [_thread_blocked, id=1272683, stack(0x00007f9844006000,0x00007f9844107000) (1028K)]
Total: 10

Other Threads:
  0x00007f9894280760 VMThread "VM Thread"                           [id=1272674, stack(0x00007f9844dcf000,0x00007f9844ecf000) (1024K)]
  0x00007f989426d200 WatcherThread "VM Periodic Task Thread"        [id=1272673, stack(0x00007f9844cce000,0x00007f9844dce000) (1024K)]
  0x00007f9894064ed0 WorkerThread "GC Thread#0"                     [id=1272662, stack(0x00007f985401c000,0x00007f985411c000) (1024K)]
  0x00007f989407c960 ConcurrentGCThread "G1 Main Marker"            [id=1272663, stack(0x00007f984ff00000,0x00007f9850000000) (1024K)]
  0x00007f989407d9c0 WorkerThread "G1 Conc#0"                       [id=1272664, stack(0x00007f984fdff000,0x00007f984feff000) (1024K)]
  0x00007f989425d940 ConcurrentGCThread "G1 Refine#0"               [id=1272665, stack(0x00007f98452d4000,0x00007f98453d4000) (1024K)]
  0x00007f989425e920 ConcurrentGCThread "G1 Service"                [id=1272666, stack(0x00007f98451d3000,0x00007f98452d3000) (1024K)]
Total: 7

Threads with active compile tasks:
C2 CompilerThread0  287  427    b  4       Test::test (31 bytes)
Total: 1

VM state: not at safepoint (normal execution)

VM Mutex/Monitor currently owned by a thread: None

Heap address: 0x00000000a0000000, size: 30208 MB, Compressed Oops mode: Zero based, Oop shift amount: 3

CDS archive(s) mapped at: [0x00007f97f2000000-0x00007f97f2d05000-0x00007f97f2d05000), size 13651968, SharedBaseAddress: 0x00007f97f2000000, ArchiveRelocationMode: 1.
Compressed class space mapped at: 0x00007f97f3000000-0x00007f9833000000, reserved size: 1073741824
UseCompressedClassPointers 1, UseCompactObjectHeaders 0
Narrow klass pointer bits 32, Max shift 3
Narrow klass base: 0x00007f97f2000000, Narrow klass shift: 0
Encoding Range: [0x00007f97f2000000 - 0x00007f98f2000000), (4294967296 bytes)
Klass Range:    [0x00007f97f2001000 - 0x00007f9833000000), (1090514944 bytes)
Klass ID Range:  [4096 - 1090519033) (1090514937)
Protection zone: [0x00007f97f2000000 - 0x00007f97f2001000), (4096 bytes)

GC Precious Log:
 CardTable entry size: 512
 Card Set container configuration: InlinePtr #cards 3 size 8 Array Of Cards #cards 128 size 272 Howl #buckets 8 coarsen threshold 29491 Howl Bitmap #cards 4096 size 528 coarsen threshold 3686 Card regions per heap region 1 cards per card region 32768
 CPUs: 112 total, 112 available
 Memory: 754G
 Large Page Support: Disabled
 NUMA Support: Disabled
 Compressed Oops: Enabled (Zero based)
 Heap Region Size: 16M
 Heap Min Capacity: 16M
 Heap Initial Capacity: 2G
 Heap Max Capacity: 30208M
 Pre-touch: Disabled
 Parallel Workers: 73
 Concurrent Workers: 18
 Concurrent Refinement Workers: 73
 Periodic GC: Disabled

Heap:
 garbage-first heap   total reserved 30932992K, committed 2113536K, used 1131K [0x00000000a0000000, 0x0000000800000000)
  region size 16384K, 1 young (16384K), 0 survivors (0K)
 Metaspace       used 2052K, committed 2240K, reserved 1114112K
  class space    used 96K, committed 192K, reserved 1048576K

Heap Regions: E=young(eden), S=young(survivor), O=old, HS=humongous(starts), HC=humongous(continues), CS=collection set, F=free, TAMS=top-at-mark-start, PB=parsable bottom
|   0|0x00000000a0000000, 0x00000000a0000000, 0x00000000a1000000|  0%| F|  |TAMS 0x00000000a0000000| PB 0x00000000a0000000| Untracked |  0
|   1|0x00000000a1000000, 0x00000000a1000000, 0x00000000a2000000|  0%| F|  |TAMS 0x00000000a1000000| PB 0x00000000a1000000| Untracked |  0
|   2|0x00000000a2000000, 0x00000000a2000000, 0x00000000a3000000|  0%| F|  |TAMS 0x00000000a2000000| PB 0x00000000a2000000| Untracked |  0
|   3|0x00000000a3000000, 0x00000000a3000000, 0x00000000a4000000|  0%| F|  |TAMS 0x00000000a3000000| PB 0x00000000a3000000| Untracked |  0
|   4|0x00000000a4000000, 0x00000000a4000000, 0x00000000a5000000|  0%| F|  |TAMS 0x00000000a4000000| PB 0x00000000a4000000| Untracked |  0
|   5|0x00000000a5000000, 0x00000000a5000000, 0x00000000a6000000|  0%| F|  |TAMS 0x00000000a5000000| PB 0x00000000a5000000| Untracked |  0
|   6|0x00000000a6000000, 0x00000000a6000000, 0x00000000a7000000|  0%| F|  |TAMS 0x00000000a6000000| PB 0x00000000a6000000| Untracked |  0
|   7|0x00000000a7000000, 0x00000000a7000000, 0x00000000a8000000|  0%| F|  |TAMS 0x00000000a7000000| PB 0x00000000a7000000| Untracked |  0
|   8|0x00000000a8000000, 0x00000000a8000000, 0x00000000a9000000|  0%| F|  |TAMS 0x00000000a8000000| PB 0x00000000a8000000| Untracked |  0
|   9|0x00000000a9000000, 0x00000000a9000000, 0x00000000aa000000|  0%| F|  |TAMS 0x00000000a9000000| PB 0x00000000a9000000| Untracked |  0
|  10|0x00000000aa000000, 0x00000000aa000000, 0x00000000ab000000|  0%| F|  |TAMS 0x00000000aa000000| PB 0x00000000aa000000| Untracked |  0
|  11|0x00000000ab000000, 0x00000000ab000000, 0x00000000ac000000|  0%| F|  |TAMS 0x00000000ab000000| PB 0x00000000ab000000| Untracked |  0
|  12|0x00000000ac000000, 0x00000000ac000000, 0x00000000ad000000|  0%| F|  |TAMS 0x00000000ac000000| PB 0x00000000ac000000| Untracked |  0
|  13|0x00000000ad000000, 0x00000000ad000000, 0x00000000ae000000|  0%| F|  |TAMS 0x00000000ad000000| PB 0x00000000ad000000| Untracked |  0
|  14|0x00000000ae000000, 0x00000000ae000000, 0x00000000af000000|  0%| F|  |TAMS 0x00000000ae000000| PB 0x00000000ae000000| Untracked |  0
|  15|0x00000000af000000, 0x00000000af000000, 0x00000000b0000000|  0%| F|  |TAMS 0x00000000af000000| PB 0x00000000af000000| Untracked |  0
|  16|0x00000000b0000000, 0x00000000b0000000, 0x00000000b1000000|  0%| F|  |TAMS 0x00000000b0000000| PB 0x00000000b0000000| Untracked |  0
|  17|0x00000000b1000000, 0x00000000b1000000, 0x00000000b2000000|  0%| F|  |TAMS 0x00000000b1000000| PB 0x00000000b1000000| Untracked |  0
|  18|0x00000000b2000000, 0x00000000b2000000, 0x00000000b3000000|  0%| F|  |TAMS 0x00000000b2000000| PB 0x00000000b2000000| Untracked |  0
|  19|0x00000000b3000000, 0x00000000b3000000, 0x00000000b4000000|  0%| F|  |TAMS 0x00000000b3000000| PB 0x00000000b3000000| Untracked |  0
|  20|0x00000000b4000000, 0x00000000b4000000, 0x00000000b5000000|  0%| F|  |TAMS 0x00000000b4000000| PB 0x00000000b4000000| Untracked |  0
|  21|0x00000000b5000000, 0x00000000b5000000, 0x00000000b6000000|  0%| F|  |TAMS 0x00000000b5000000| PB 0x00000000b5000000| Untracked |  0
|  22|0x00000000b6000000, 0x00000000b6000000, 0x00000000b7000000|  0%| F|  |TAMS 0x00000000b6000000| PB 0x00000000b6000000| Untracked |  0
|  23|0x00000000b7000000, 0x00000000b7000000, 0x00000000b8000000|  0%| F|  |TAMS 0x00000000b7000000| PB 0x00000000b7000000| Untracked |  0
|  24|0x00000000b8000000, 0x00000000b8000000, 0x00000000b9000000|  0%| F|  |TAMS 0x00000000b8000000| PB 0x00000000b8000000| Untracked |  0
|  25|0x00000000b9000000, 0x00000000b9000000, 0x00000000ba000000|  0%| F|  |TAMS 0x00000000b9000000| PB 0x00000000b9000000| Untracked |  0
|  26|0x00000000ba000000, 0x00000000ba000000, 0x00000000bb000000|  0%| F|  |TAMS 0x00000000ba000000| PB 0x00000000ba000000| Untracked |  0
|  27|0x00000000bb000000, 0x00000000bb000000, 0x00000000bc000000|  0%| F|  |TAMS 0x00000000bb000000| PB 0x00000000bb000000| Untracked |  0
|  28|0x00000000bc000000, 0x00000000bc000000, 0x00000000bd000000|  0%| F|  |TAMS 0x00000000bc000000| PB 0x00000000bc000000| Untracked |  0
|  29|0x00000000bd000000, 0x00000000bd000000, 0x00000000be000000|  0%| F|  |TAMS 0x00000000bd000000| PB 0x00000000bd000000| Untracked |  0
|  30|0x00000000be000000, 0x00000000be000000, 0x00000000bf000000|  0%| F|  |TAMS 0x00000000be000000| PB 0x00000000be000000| Untracked |  0
|  31|0x00000000bf000000, 0x00000000bf000000, 0x00000000c0000000|  0%| F|  |TAMS 0x00000000bf000000| PB 0x00000000bf000000| Untracked |  0
|  32|0x00000000c0000000, 0x00000000c0000000, 0x00000000c1000000|  0%| F|  |TAMS 0x00000000c0000000| PB 0x00000000c0000000| Untracked |  0
|  33|0x00000000c1000000, 0x00000000c1000000, 0x00000000c2000000|  0%| F|  |TAMS 0x00000000c1000000| PB 0x00000000c1000000| Untracked |  0
|  34|0x00000000c2000000, 0x00000000c2000000, 0x00000000c3000000|  0%| F|  |TAMS 0x00000000c2000000| PB 0x00000000c2000000| Untracked |  0
|  35|0x00000000c3000000, 0x00000000c3000000, 0x00000000c4000000|  0%| F|  |TAMS 0x00000000c3000000| PB 0x00000000c3000000| Untracked |  0
|  36|0x00000000c4000000, 0x00000000c4000000, 0x00000000c5000000|  0%| F|  |TAMS 0x00000000c4000000| PB 0x00000000c4000000| Untracked |  0
|  37|0x00000000c5000000, 0x00000000c5000000, 0x00000000c6000000|  0%| F|  |TAMS 0x00000000c5000000| PB 0x00000000c5000000| Untracked |  0
|  38|0x00000000c6000000, 0x00000000c6000000, 0x00000000c7000000|  0%| F|  |TAMS 0x00000000c6000000| PB 0x00000000c6000000| Untracked |  0
|  39|0x00000000c7000000, 0x00000000c7000000, 0x00000000c8000000|  0%| F|  |TAMS 0x00000000c7000000| PB 0x00000000c7000000| Untracked |  0
|  40|0x00000000c8000000, 0x00000000c8000000, 0x00000000c9000000|  0%| F|  |TAMS 0x00000000c8000000| PB 0x00000000c8000000| Untracked |  0
|  41|0x00000000c9000000, 0x00000000c9000000, 0x00000000ca000000|  0%| F|  |TAMS 0x00000000c9000000| PB 0x00000000c9000000| Untracked |  0
|  42|0x00000000ca000000, 0x00000000ca000000, 0x00000000cb000000|  0%| F|  |TAMS 0x00000000ca000000| PB 0x00000000ca000000| Untracked |  0
|  43|0x00000000cb000000, 0x00000000cb000000, 0x00000000cc000000|  0%| F|  |TAMS 0x00000000cb000000| PB 0x00000000cb000000| Untracked |  0
|  44|0x00000000cc000000, 0x00000000cc000000, 0x00000000cd000000|  0%| F|  |TAMS 0x00000000cc000000| PB 0x00000000cc000000| Untracked |  0
|  45|0x00000000cd000000, 0x00000000cd000000, 0x00000000ce000000|  0%| F|  |TAMS 0x00000000cd000000| PB 0x00000000cd000000| Untracked |  0
|  46|0x00000000ce000000, 0x00000000ce000000, 0x00000000cf000000|  0%| F|  |TAMS 0x00000000ce000000| PB 0x00000000ce000000| Untracked |  0
|  47|0x00000000cf000000, 0x00000000cf000000, 0x00000000d0000000|  0%| F|  |TAMS 0x00000000cf000000| PB 0x00000000cf000000| Untracked |  0
|  48|0x00000000d0000000, 0x00000000d0000000, 0x00000000d1000000|  0%| F|  |TAMS 0x00000000d0000000| PB 0x00000000d0000000| Untracked |  0
|  49|0x00000000d1000000, 0x00000000d1000000, 0x00000000d2000000|  0%| F|  |TAMS 0x00000000d1000000| PB 0x00000000d1000000| Untracked |  0
|  50|0x00000000d2000000, 0x00000000d2000000, 0x00000000d3000000|  0%| F|  |TAMS 0x00000000d2000000| PB 0x00000000d2000000| Untracked |  0
|  51|0x00000000d3000000, 0x00000000d3000000, 0x00000000d4000000|  0%| F|  |TAMS 0x00000000d3000000| PB 0x00000000d3000000| Untracked |  0
|  52|0x00000000d4000000, 0x00000000d4000000, 0x00000000d5000000|  0%| F|  |TAMS 0x00000000d4000000| PB 0x00000000d4000000| Untracked |  0
|  53|0x00000000d5000000, 0x00000000d5000000, 0x00000000d6000000|  0%| F|  |TAMS 0x00000000d5000000| PB 0x00000000d5000000| Untracked |  0
|  54|0x00000000d6000000, 0x00000000d6000000, 0x00000000d7000000|  0%| F|  |TAMS 0x00000000d6000000| PB 0x00000000d6000000| Untracked |  0
|  55|0x00000000d7000000, 0x00000000d7000000, 0x00000000d8000000|  0%| F|  |TAMS 0x00000000d7000000| PB 0x00000000d7000000| Untracked |  0
|  56|0x00000000d8000000, 0x00000000d8000000, 0x00000000d9000000|  0%| F|  |TAMS 0x00000000d8000000| PB 0x00000000d8000000| Untracked |  0
|  57|0x00000000d9000000, 0x00000000d9000000, 0x00000000da000000|  0%| F|  |TAMS 0x00000000d9000000| PB 0x00000000d9000000| Untracked |  0
|  58|0x00000000da000000, 0x00000000da000000, 0x00000000db000000|  0%| F|  |TAMS 0x00000000da000000| PB 0x00000000da000000| Untracked |  0
|  59|0x00000000db000000, 0x00000000db000000, 0x00000000dc000000|  0%| F|  |TAMS 0x00000000db000000| PB 0x00000000db000000| Untracked |  0
|  60|0x00000000dc000000, 0x00000000dc000000, 0x00000000dd000000|  0%| F|  |TAMS 0x00000000dc000000| PB 0x00000000dc000000| Untracked |  0
|  61|0x00000000dd000000, 0x00000000dd000000, 0x00000000de000000|  0%| F|  |TAMS 0x00000000dd000000| PB 0x00000000dd000000| Untracked |  0
|  62|0x00000000de000000, 0x00000000de000000, 0x00000000df000000|  0%| F|  |TAMS 0x00000000de000000| PB 0x00000000de000000| Untracked |  0
|  63|0x00000000df000000, 0x00000000df000000, 0x00000000e0000000|  0%| F|  |TAMS 0x00000000df000000| PB 0x00000000df000000| Untracked |  0
|  64|0x00000000e0000000, 0x00000000e0000000, 0x00000000e1000000|  0%| F|  |TAMS 0x00000000e0000000| PB 0x00000000e0000000| Untracked |  0
|  65|0x00000000e1000000, 0x00000000e1000000, 0x00000000e2000000|  0%| F|  |TAMS 0x00000000e1000000| PB 0x00000000e1000000| Untracked |  0
|  66|0x00000000e2000000, 0x00000000e2000000, 0x00000000e3000000|  0%| F|  |TAMS 0x00000000e2000000| PB 0x00000000e2000000| Untracked |  0
|  67|0x00000000e3000000, 0x00000000e3000000, 0x00000000e4000000|  0%| F|  |TAMS 0x00000000e3000000| PB 0x00000000e3000000| Untracked |  0
|  68|0x00000000e4000000, 0x00000000e4000000, 0x00000000e5000000|  0%| F|  |TAMS 0x00000000e4000000| PB 0x00000000e4000000| Untracked |  0
|  69|0x00000000e5000000, 0x00000000e5000000, 0x00000000e6000000|  0%| F|  |TAMS 0x00000000e5000000| PB 0x00000000e5000000| Untracked |  0
|  70|0x00000000e6000000, 0x00000000e6000000, 0x00000000e7000000|  0%| F|  |TAMS 0x00000000e6000000| PB 0x00000000e6000000| Untracked |  0
|  71|0x00000000e7000000, 0x00000000e7000000, 0x00000000e8000000|  0%| F|  |TAMS 0x00000000e7000000| PB 0x00000000e7000000| Untracked |  0
|  72|0x00000000e8000000, 0x00000000e8000000, 0x00000000e9000000|  0%| F|  |TAMS 0x00000000e8000000| PB 0x00000000e8000000| Untracked |  0
|  73|0x00000000e9000000, 0x00000000e9000000, 0x00000000ea000000|  0%| F|  |TAMS 0x00000000e9000000| PB 0x00000000e9000000| Untracked |  0
|  74|0x00000000ea000000, 0x00000000ea000000, 0x00000000eb000000|  0%| F|  |TAMS 0x00000000ea000000| PB 0x00000000ea000000| Untracked |  0
|  75|0x00000000eb000000, 0x00000000eb000000, 0x00000000ec000000|  0%| F|  |TAMS 0x00000000eb000000| PB 0x00000000eb000000| Untracked |  0
|  76|0x00000000ec000000, 0x00000000ec000000, 0x00000000ed000000|  0%| F|  |TAMS 0x00000000ec000000| PB 0x00000000ec000000| Untracked |  0
|  77|0x00000000ed000000, 0x00000000ed000000, 0x00000000ee000000|  0%| F|  |TAMS 0x00000000ed000000| PB 0x00000000ed000000| Untracked |  0
|  78|0x00000000ee000000, 0x00000000ee000000, 0x00000000ef000000|  0%| F|  |TAMS 0x00000000ee000000| PB 0x00000000ee000000| Untracked |  0
|  79|0x00000000ef000000, 0x00000000ef000000, 0x00000000f0000000|  0%| F|  |TAMS 0x00000000ef000000| PB 0x00000000ef000000| Untracked |  0
|  80|0x00000000f0000000, 0x00000000f0000000, 0x00000000f1000000|  0%| F|  |TAMS 0x00000000f0000000| PB 0x00000000f0000000| Untracked |  0
|  81|0x00000000f1000000, 0x00000000f1000000, 0x00000000f2000000|  0%| F|  |TAMS 0x00000000f1000000| PB 0x00000000f1000000| Untracked |  0
|  82|0x00000000f2000000, 0x00000000f2000000, 0x00000000f3000000|  0%| F|  |TAMS 0x00000000f2000000| PB 0x00000000f2000000| Untracked |  0
|  83|0x00000000f3000000, 0x00000000f3000000, 0x00000000f4000000|  0%| F|  |TAMS 0x00000000f3000000| PB 0x00000000f3000000| Untracked |  0
|  84|0x00000000f4000000, 0x00000000f4000000, 0x00000000f5000000|  0%| F|  |TAMS 0x00000000f4000000| PB 0x00000000f4000000| Untracked |  0
|  85|0x00000000f5000000, 0x00000000f5000000, 0x00000000f6000000|  0%| F|  |TAMS 0x00000000f5000000| PB 0x00000000f5000000| Untracked |  0
|  86|0x00000000f6000000, 0x00000000f6000000, 0x00000000f7000000|  0%| F|  |TAMS 0x00000000f6000000| PB 0x00000000f6000000| Untracked |  0
|  87|0x00000000f7000000, 0x00000000f7000000, 0x00000000f8000000|  0%| F|  |TAMS 0x00000000f7000000| PB 0x00000000f7000000| Untracked |  0
|  88|0x00000000f8000000, 0x00000000f8000000, 0x00000000f9000000|  0%| F|  |TAMS 0x00000000f8000000| PB 0x00000000f8000000| Untracked |  0
|  89|0x00000000f9000000, 0x00000000f9000000, 0x00000000fa000000|  0%| F|  |TAMS 0x00000000f9000000| PB 0x00000000f9000000| Untracked |  0
|  90|0x00000000fa000000, 0x00000000fa000000, 0x00000000fb000000|  0%| F|  |TAMS 0x00000000fa000000| PB 0x00000000fa000000| Untracked |  0
|  91|0x00000000fb000000, 0x00000000fb000000, 0x00000000fc000000|  0%| F|  |TAMS 0x00000000fb000000| PB 0x00000000fb000000| Untracked |  0
|  92|0x00000000fc000000, 0x00000000fc000000, 0x00000000fd000000|  0%| F|  |TAMS 0x00000000fc000000| PB 0x00000000fc000000| Untracked |  0
|  93|0x00000000fd000000, 0x00000000fd000000, 0x00000000fe000000|  0%| F|  |TAMS 0x00000000fd000000| PB 0x00000000fd000000| Untracked |  0
|  94|0x00000000fe000000, 0x00000000fe000000, 0x00000000ff000000|  0%| F|  |TAMS 0x00000000fe000000| PB 0x00000000fe000000| Untracked |  0
|  95|0x00000000ff000000, 0x00000000ff000000, 0x0000000100000000|  0%| F|  |TAMS 0x00000000ff000000| PB 0x00000000ff000000| Untracked |  0
|  96|0x0000000100000000, 0x0000000100000000, 0x0000000101000000|  0%| F|  |TAMS 0x0000000100000000| PB 0x0000000100000000| Untracked |  0
|  97|0x0000000101000000, 0x0000000101000000, 0x0000000102000000|  0%| F|  |TAMS 0x0000000101000000| PB 0x0000000101000000| Untracked |  0
|  98|0x0000000102000000, 0x0000000102000000, 0x0000000103000000|  0%| F|  |TAMS 0x0000000102000000| PB 0x0000000102000000| Untracked |  0
|  99|0x0000000103000000, 0x0000000103000000, 0x0000000104000000|  0%| F|  |TAMS 0x0000000103000000| PB 0x0000000103000000| Untracked |  0
| 100|0x0000000104000000, 0x0000000104000000, 0x0000000105000000|  0%| F|  |TAMS 0x0000000104000000| PB 0x0000000104000000| Untracked |  0
| 101|0x0000000105000000, 0x0000000105000000, 0x0000000106000000|  0%| F|  |TAMS 0x0000000105000000| PB 0x0000000105000000| Untracked |  0
| 102|0x0000000106000000, 0x0000000106000000, 0x0000000107000000|  0%| F|  |TAMS 0x0000000106000000| PB 0x0000000106000000| Untracked |  0
| 103|0x0000000107000000, 0x0000000107000000, 0x0000000108000000|  0%| F|  |TAMS 0x0000000107000000| PB 0x0000000107000000| Untracked |  0
| 104|0x0000000108000000, 0x0000000108000000, 0x0000000109000000|  0%| F|  |TAMS 0x0000000108000000| PB 0x0000000108000000| Untracked |  0
| 105|0x0000000109000000, 0x0000000109000000, 0x000000010a000000|  0%| F|  |TAMS 0x0000000109000000| PB 0x0000000109000000| Untracked |  0
| 106|0x000000010a000000, 0x000000010a000000, 0x000000010b000000|  0%| F|  |TAMS 0x000000010a000000| PB 0x000000010a000000| Untracked |  0
| 107|0x000000010b000000, 0x000000010b000000, 0x000000010c000000|  0%| F|  |TAMS 0x000000010b000000| PB 0x000000010b000000| Untracked |  0
| 108|0x000000010c000000, 0x000000010c000000, 0x000000010d000000|  0%| F|  |TAMS 0x000000010c000000| PB 0x000000010c000000| Untracked |  0
| 109|0x000000010d000000, 0x000000010d000000, 0x000000010e000000|  0%| F|  |TAMS 0x000000010d000000| PB 0x000000010d000000| Untracked |  0
| 110|0x000000010e000000, 0x000000010e000000, 0x000000010f000000|  0%| F|  |TAMS 0x000000010e000000| PB 0x000000010e000000| Untracked |  0
| 111|0x000000010f000000, 0x000000010f000000, 0x0000000110000000|  0%| F|  |TAMS 0x000000010f000000| PB 0x000000010f000000| Untracked |  0
| 112|0x0000000110000000, 0x0000000110000000, 0x0000000111000000|  0%| F|  |TAMS 0x0000000110000000| PB 0x0000000110000000| Untracked |  0
| 113|0x0000000111000000, 0x0000000111000000, 0x0000000112000000|  0%| F|  |TAMS 0x0000000111000000| PB 0x0000000111000000| Untracked |  0
| 114|0x0000000112000000, 0x0000000112000000, 0x0000000113000000|  0%| F|  |TAMS 0x0000000112000000| PB 0x0000000112000000| Untracked |  0
| 115|0x0000000113000000, 0x0000000113000000, 0x0000000114000000|  0%| F|  |TAMS 0x0000000113000000| PB 0x0000000113000000| Untracked |  0
| 116|0x0000000114000000, 0x0000000114000000, 0x0000000115000000|  0%| F|  |TAMS 0x0000000114000000| PB 0x0000000114000000| Untracked |  0
| 117|0x0000000115000000, 0x0000000115000000, 0x0000000116000000|  0%| F|  |TAMS 0x0000000115000000| PB 0x0000000115000000| Untracked |  0
| 118|0x0000000116000000, 0x0000000116000000, 0x0000000117000000|  0%| F|  |TAMS 0x0000000116000000| PB 0x0000000116000000| Untracked |  0
| 119|0x0000000117000000, 0x0000000117000000, 0x0000000118000000|  0%| F|  |TAMS 0x0000000117000000| PB 0x0000000117000000| Untracked |  0
| 120|0x0000000118000000, 0x0000000118000000, 0x0000000119000000|  0%| F|  |TAMS 0x0000000118000000| PB 0x0000000118000000| Untracked |  0
| 121|0x0000000119000000, 0x0000000119000000, 0x000000011a000000|  0%| F|  |TAMS 0x0000000119000000| PB 0x0000000119000000| Untracked |  0
| 122|0x000000011a000000, 0x000000011a000000, 0x000000011b000000|  0%| F|  |TAMS 0x000000011a000000| PB 0x000000011a000000| Untracked |  0
| 123|0x000000011b000000, 0x000000011b000000, 0x000000011c000000|  0%| F|  |TAMS 0x000000011b000000| PB 0x000000011b000000| Untracked |  0
| 124|0x000000011c000000, 0x000000011c000000, 0x000000011d000000|  0%| F|  |TAMS 0x000000011c000000| PB 0x000000011c000000| Untracked |  0
| 125|0x000000011d000000, 0x000000011d000000, 0x000000011e000000|  0%| F|  |TAMS 0x000000011d000000| PB 0x000000011d000000| Untracked |  0
| 126|0x000000011e000000, 0x000000011e000000, 0x000000011f000000|  0%| F|  |TAMS 0x000000011e000000| PB 0x000000011e000000| Untracked |  0
| 127|0x000000011f000000, 0x000000011f7ae218, 0x0000000120000000| 48%| E|  |TAMS 0x000000011f000000| PB 0x000000011f000000| Complete |  0
|1887|0x00000007ff000000, 0x00000007ff11ace0, 0x0000000800000000|  6%| O|  |TAMS 0x00000007ff000000| PB 0x00000007ff000000| Untracked |  0

Card table byte_map: [0x00007f9871d0b000,0x00007f987580b000] _byte_map_base: 0x00007f987180b000

Marking Bits: (CMBitMap*) 0x00007f9894065a10
 Bits: [0x00007f985450b000, 0x00007f9871d0b000)

Polling page: 0x00007f989b2b5000

Metaspace:

Usage:
  Non-class:      1.91 MB used.
      Class:     96.29 KB used.
       Both:      2.00 MB used.

Virtual space:
  Non-class space:       64.00 MB reserved,       2.00 MB (  3%) committed,  1 nodes.
      Class space:        1.00 GB reserved,     192.00 KB ( <1%) committed,  1 nodes.
             Both:        1.06 GB reserved,       2.19 MB ( <1%) committed. 

Chunk freelists:
   Non-Class:  11.95 MB
       Class:  15.73 MB
        Both:  27.68 MB

MaxMetaspaceSize: unlimited
CompressedClassSpaceSize: 1.00 GB
Initial GC threshold: 21.00 MB
Current GC threshold: 21.00 MB
CDS: on
 - commit_granule_bytes: 65536.
 - commit_granule_words: 8192.
 - virtual_space_node_default_size: 8388608.
 - enlarge_chunks_in_place: 1.
UseCompressedClassPointers 1, UseCompactObjectHeaders 0
Narrow klass pointer bits 32, Max shift 3
Narrow klass base: 0x00007f97f2000000, Narrow klass shift: 0
Encoding Range: [0x00007f97f2000000 - 0x00007f98f2000000), (4294967296 bytes)
Klass Range:    [0x00007f97f2001000 - 0x00007f9833000000), (1090514944 bytes)
Klass ID Range:  [4096 - 1090519033) (1090514937)
Protection zone: [0x00007f97f2000000 - 0x00007f97f2001000), (4096 bytes)


Internal statistics:

num_allocs_failed_limit: 0.
num_arena_births: 46.
num_arena_deaths: 0.
num_vsnodes_births: 2.
num_vsnodes_deaths: 0.
num_space_committed: 35.
num_space_uncommitted: 0.
num_chunks_returned_to_freelist: 0.
num_chunks_taken_from_freelist: 54.
num_chunk_merges: 0.
num_chunk_splits: 35.
num_chunks_enlarged: 14.
num_inconsistent_stats: 0.

CodeHeap 'non-profiled nmethods': size=118596Kb used=138Kb max_used=138Kb free=118457Kb
 bounds [0x00007f988445b000, 0x00007f98846cb000, 0x00007f988b82c000]
CodeHeap 'profiled nmethods': size=118588Kb used=531Kb max_used=531Kb free=118056Kb
 bounds [0x00007f987c82c000, 0x00007f987ca9c000, 0x00007f9883bfb000]
CodeHeap 'non-nmethods': size=8576Kb used=1388Kb max_used=1402Kb free=7187Kb
 bounds [0x00007f9883bfb000, 0x00007f9883e6b000, 0x00007f988445b000]
CodeCache: size=245760Kb, used=2057Kb, max_used=2071Kb, free=243700Kb
 total_blobs=816, nmethods=426, adapters=295, full_count=0
Compilation: enabled, stopped_count=0, restarted_count=0

Compilation events (20 events):
Event: 0.212 Thread 0x00007f989428f780 nmethod 417% 0x00007f988447af08 code [0x00007f988447b000, 0x00007f988447b418]
Event: 0.213 Thread 0x00007f9894290f60  418    b  3       jdk.incubator.vector.ShortVector$ShortSpecies$$Lambda/0x00007f97f300af28::fromBits (12 bytes)
Event: 0.213 Thread 0x00007f9894290f60 nmethod 418 0x00007f987c8aea88 code [0x00007f987c8aeb80, 0x00007f987c8af270]
Event: 0.213 Thread 0x00007f989428f780  419    b  4       jdk.incubator.vector.ShortVector$ShortSpecies::rvOp (50 bytes)
Event: 0.216 Thread 0x00007f989428f780 nmethod 419 0x00007f988447b488 code [0x00007f988447b580, 0x00007f988447b868]
Event: 0.216 Thread 0x00007f9894290f60  420    b  3       jdk.incubator.vector.Short256Vector::bOp (8 bytes)
Event: 0.216 Thread 0x00007f9894290f60 nmethod 420 0x00007f987c8af288 code [0x00007f987c8af380, 0x00007f987c8af808]
Event: 0.216 Thread 0x00007f9894290f60  421    b  3       jdk.incubator.vector.Short256Vector::uOp (7 bytes)
Event: 0.217 Thread 0x00007f9894290f60 nmethod 421 0x00007f987c8af888 code [0x00007f987c8af980, 0x00007f987c8b0cb0]
Event: 0.217 Thread 0x00007f989428f780  422    b  4       jdk.incubator.vector.ShortVector::bOpTemplate (106 bytes)
Event: 0.226 Thread 0x00007f989428f780 nmethod 422 0x00007f988447b888 code [0x00007f988447b980, 0x00007f988447c090]
Event: 0.226 Thread 0x00007f989428f780  423    b  4       jdk.incubator.vector.ShortVector::uOpTemplate (50 bytes)
Event: 0.230 Thread 0x00007f989428f780 nmethod 423 0x00007f988447c108 code [0x00007f988447c200, 0x00007f988447c570]
Event: 0.231 Thread 0x00007f989428f780  424    b  4       jdk.internal.vm.vector.VectorSupport::fromBitsCoerced (35 bytes)
Event: 0.235 Thread 0x00007f989428f780 nmethod 424 0x00007f988447c588 code [0x00007f988447c680, 0x00007f988447c9e8]
Event: 0.235 Thread 0x00007f989428f780  425    b  4       jdk.internal.vm.vector.VectorSupport::binaryOp (38 bytes)
Event: 0.244 Thread 0x00007f989428f780 nmethod 425 0x00007f988447ca88 code [0x00007f988447cb80, 0x00007f988447d208]
Event: 0.244 Thread 0x00007f989428f780  426    b  4       jdk.internal.vm.vector.VectorSupport::broadcastInt (38 bytes)
Event: 0.250 Thread 0x00007f989428f780 nmethod 426 0x00007f988447d288 code [0x00007f988447d380, 0x00007f988447d7f0]
Event: 0.250 Thread 0x00007f989428f780  427    b  4       Test::test (31 bytes)

GC Heap History (0 events):
No events

Dll operation events (3 events):
Event: 0.001 Loaded shared library /home/jatinbha/softwares/jdk-25/lib/libjava.so
Event: 0.022 Loaded shared library /home/jatinbha/softwares/jdk-25/lib/libsimdsort.so
Event: 0.022 Loaded shared library /home/jatinbha/softwares/jdk-25/lib/libjsvml.so

Deoptimization events (20 events):
Event: 0.073 Thread 0x00007f989402aab0 Uncommon trap: trap_request=0xfffffff4 fr.pc=0x00007f98844667e8 relative=0x00000000000001e8
Event: 0.073 Thread 0x00007f989402aab0 Uncommon trap: reason=null_check action=make_not_entrant pc=0x00007f98844667e8 method=java.lang.String.equals(Ljava/lang/Object;)Z @ 8 c2
Event: 0.073 Thread 0x00007f989402aab0 DEOPT PACKING pc=0x00007f98844667e8 sp=0x00007f98998f8650
Event: 0.074 Thread 0x00007f989402aab0 DEOPT UNPACKING pc=0x00007f9883d30079 sp=0x00007f98998f8608 mode 2
Event: 0.076 Thread 0x00007f989402aab0 Uncommon trap: trap_request=0xffffff45 fr.pc=0x00007f988446615c relative=0x00000000000006dc
Event: 0.076 Thread 0x00007f989402aab0 Uncommon trap: reason=unstable_if action=reinterpret pc=0x00007f988446615c method=java.util.HashMap.putVal(ILjava/lang/Object;Ljava/lang/Object;ZZ)Ljava/lang/Object; @ 69 c2
Event: 0.076 Thread 0x00007f989402aab0 DEOPT PACKING pc=0x00007f988446615c sp=0x00007f98998f8430
Event: 0.076 Thread 0x00007f989402aab0 DEOPT UNPACKING pc=0x00007f9883d30079 sp=0x00007f98998f83d0 mode 2
Event: 0.197 Thread 0x00007f989402aab0 DEOPT PACKING pc=0x00007f987c89fd86 sp=0x00007f98998fa770
Event: 0.197 Thread 0x00007f989402aab0 DEOPT UNPACKING pc=0x00007f9883c5130f sp=0x00007f98998f9bd8 mode 0
Event: 0.206 Thread 0x00007f989402aab0 DEOPT PACKING pc=0x00007f987c8a8efe sp=0x00007f98998fa370
Event: 0.206 Thread 0x00007f989402aab0 DEOPT UNPACKING pc=0x00007f9883c5130f sp=0x00007f98998f9880 mode 0
Event: 0.212 Thread 0x00007f989402aab0 DEOPT PACKING pc=0x00007f987c8ac748 sp=0x00007f98998fa4c0
Event: 0.212 Thread 0x00007f989402aab0 DEOPT UNPACKING pc=0x00007f9883c5130f sp=0x00007f98998f9940 mode 0
Event: 0.213 Thread 0x00007f989402aab0 DEOPT PACKING pc=0x00007f987c89fd86 sp=0x00007f98998fa770
Event: 0.213 Thread 0x00007f989402aab0 DEOPT UNPACKING pc=0x00007f9883c5130f sp=0x00007f98998f9bd8 mode 0
Event: 0.216 Thread 0x00007f989402aab0 DEOPT PACKING pc=0x00007f987c8a8efe sp=0x00007f98998fa370
Event: 0.216 Thread 0x00007f989402aab0 DEOPT UNPACKING pc=0x00007f9883c5130f sp=0x00007f98998f9880 mode 0
Event: 0.217 Thread 0x00007f989402aab0 DEOPT PACKING pc=0x00007f987c8ac748 sp=0x00007f98998fa4c0
Event: 0.217 Thread 0x00007f989402aab0 DEOPT UNPACKING pc=0x00007f9883c5130f sp=0x00007f98998f9940 mode 0

Classes loaded (20 events):
Event: 0.146 Loading class jdk/incubator/vector/VectorOperators$Comparison done
Event: 0.146 Loading class jdk/incubator/vector/VectorOperators$ComparisonImpl done
Event: 0.153 Loading class jdk/incubator/vector/VectorOperators$ConversionImpl
Event: 0.153 Loading class jdk/incubator/vector/VectorOperators$Conversion
Event: 0.153 Loading class jdk/incubator/vector/VectorOperators$Conversion done
Event: 0.153 Loading class jdk/incubator/vector/VectorOperators$ConversionImpl done
Event: 0.155 Loading class java/lang/invoke/DirectMethodHandle$StaticAccessor
Event: 0.156 Loading class java/lang/invoke/DirectMethodHandle$StaticAccessor done
Event: 0.159 Loading class jdk/internal/vm/vector/VectorSupport$BinaryOperation
Event: 0.159 Loading class jdk/internal/vm/vector/VectorSupport$BinaryOperation done
Event: 0.162 Loading class jdk/incubator/vector/ShortVector$FBinOp
Event: 0.162 Loading class jdk/incubator/vector/ShortVector$FBinOp done
Event: 0.163 Loading class jdk/internal/vm/vector/VectorSupport$VectorBroadcastIntOp
Event: 0.163 Loading class jdk/internal/vm/vector/VectorSupport$VectorBroadcastIntOp done
Event: 0.170 Loading class jdk/incubator/vector/ShortVector$FUnOp
Event: 0.170 Loading class jdk/incubator/vector/ShortVector$FUnOp done
Event: 0.172 Loading class jdk/internal/vm/vector/VectorSupport$StoreVectorOperation
Event: 0.172 Loading class jdk/internal/vm/vector/VectorSupport$StoreVectorOperation done
Event: 0.174 Loading class jdk/incubator/vector/ShortVector$FStOp
Event: 0.174 Loading class jdk/incubator/vector/ShortVector$FStOp done

Classes unloaded (0 events):
No events

Classes redefined (0 events):
No events

Internal exceptions (11 events):
Event: 0.073 Thread 0x00007f989402aab0 Implicit null exception at 0x00007f9884466633 to 0x00007f98844667d8
Event: 0.086 Thread 0x00007f989402aab0 Exception <a 'java/lang/NoSuchMethodError'{0x000000011f125360}: 'long java.lang.invoke.DirectMethodHandle$Holder.invokeStatic(java.lang.Object, java.lang.Object)'> (0x000000011f125360) 
thrown [open/src/hotspot/share/interpreter/linkResolver.cpp, line 803]
Event: 0.087 Thread 0x00007f989402aab0 Exception <a 'java/lang/NoSuchMethodError'{0x000000011f12d2a0}: 'long java.lang.invoke.DirectMethodHandle$Holder.invokeStaticInit(java.lang.Object, java.lang.Object)'> (0x000000011f12d2a0) 
thrown [open/src/hotspot/share/interpreter/linkResolver.cpp, line 803]
Event: 0.088 Thread 0x00007f989402aab0 Exception <a 'java/lang/NoSuchMethodError'{0x000000011f1356b8}: 'java.lang.Object java.lang.invoke.DirectMethodHandle$Holder.invokeStatic(java.lang.Object, long, java.lang.Object)'> (0x000000011f1356b8) 
thrown [open/src/hotspot/share/interpreter/linkResolver.cpp, line 803]
Event: 0.089 Thread 0x00007f989402aab0 Exception <a 'java/lang/NoSuchMethodError'{0x000000011f13d548}: 'java.lang.Object java.lang.invoke.DirectMethodHandle$Holder.invokeStaticInit(java.lang.Object, long, java.lang.Object)'> (0x000000011f13d548) 
thrown [open/src/hotspot/share/interpreter/linkResolver.cpp, line 803]
Event: 0.090 Thread 0x00007f989402aab0 Exception <a 'java/lang/NoSuchMethodError'{0x000000011f145700}: 'java.lang.Object java.lang.invoke.DirectMethodHandle$Holder.invokeStatic(java.lang.Object, long)'> (0x000000011f145700) 
thrown [open/src/hotspot/share/interpreter/linkResolver.cpp, line 803]
Event: 0.092 Thread 0x00007f989402aab0 Exception <a 'java/lang/NoSuchMethodError'{0x000000011f14d498}: 'java.lang.Object java.lang.invoke.DirectMethodHandle$Holder.invokeStaticInit(java.lang.Object, long)'> (0x000000011f14d498) 
thrown [open/src/hotspot/share/interpreter/linkResolver.cpp, line 803]
Event: 0.109 Thread 0x00007f989402aab0 Exception <a 'java/lang/NoSuchMethodError'{0x000000011f199720}: 'java.lang.Object java.lang.invoke.DirectMethodHandle$Holder.newInvokeSpecial(java.lang.Object, long)'> (0x000000011f199720) 
thrown [open/src/hotspot/share/interpreter/linkResolver.cpp, line 803]
Event: 0.143 Thread 0x00007f989402aab0 Exception <a 'java/lang/NoSuchMethodError'{0x000000011f5cbc28}: 'java.lang.Object java.lang.invoke.DirectMethodHandle$Holder.newInvokeSpecial(java.lang.Object, java.lang.Object, long)'> (0x000000011f5cbc28) 
thrown [open/src/hotspot/share/interpreter/linkResolver.cpp, line 803]
Event: 0.145 Thread 0x00007f989402aab0 Exception <a 'java/lang/NoSuchMethodError'{0x000000011f5d4498}: 'java.lang.Object java.lang.invoke.Invokers$Holder.linkToTargetMethod(java.lang.Object, long, java.lang.Object)'> (0x000000011f5d4498) 
thrown [open/src/hotspot/share/interpreter/linkResolver.cpp, line 803]
Event: 0.165 Thread 0x00007f989402aab0 Exception <a 'java/lang/NoSuchMethodError'{0x000000011f63b528}: 'java.lang.Object java.lang.invoke.DirectMethodHandle$Holder.invokeStatic(java.lang.Object, java.lang.Object, int, java.lang.Object)'> (0x000000011f63b528) 
thrown [open/src/hotspot/share/interpreter/linkResolver.cpp, line 803]

VM Operations (2 events):
Event: 0.051 Executing non-safepoint VM operation: HandshakeAllThreads (Deoptimize)
Event: 0.051 Executing non-safepoint VM operation: HandshakeAllThreads (Deoptimize) done

Memory protections (11 events):
Event: 0.001 Protecting memory [0x00007f98997fb000,0x00007f98997ff000] with protection modes 0
Event: 0.009 Protecting memory [0x00007f97f2000000,0x00007f97f2001000] with protection modes 0
Event: 0.018 Protecting memory [0x00007f98450d2000,0x00007f98450d6000] with protection modes 0
Event: 0.019 Protecting memory [0x00007f9844fd1000,0x00007f9844fd5000] with protection modes 0
Event: 0.019 Protecting memory [0x00007f9844ed0000,0x00007f9844ed4000] with protection modes 0
Event: 0.019 Protecting memory [0x00007f9844bcd000,0x00007f9844bd1000] with protection modes 0
Event: 0.019 Protecting memory [0x00007f98444da000,0x00007f98444de000] with protection modes 0
Event: 0.019 Protecting memory [0x00007f98443d9000,0x00007f98443dd000] with protection modes 0
Event: 0.019 Protecting memory [0x00007f98442d8000,0x00007f98442dc000] with protection modes 0
Event: 0.081 Protecting memory [0x00007f9844107000,0x00007f984410b000] with protection modes 0
Event: 0.082 Protecting memory [0x00007f9844006000,0x00007f984400a000] with protection modes 0

Nmethod flushes (0 events):
No events

Events (10 events):
Event: 0.011 Thread 0x00007f989402aab0 Thread added: 0x00007f989402aab0
Event: 0.018 Thread 0x00007f989402aab0 Thread added: 0x00007f9894289bc0
Event: 0.019 Thread 0x00007f989402aab0 Thread added: 0x00007f989428a840
Event: 0.019 Thread 0x00007f989402aab0 Thread added: 0x00007f989428b9b0
Event: 0.019 Thread 0x00007f989402aab0 Thread added: 0x00007f989428ca80
Event: 0.019 Thread 0x00007f989402aab0 Thread added: 0x00007f989428dab0
Event: 0.019 Thread 0x00007f989402aab0 Thread added: 0x00007f989428f780
Event: 0.019 Thread 0x00007f989402aab0 Thread added: 0x00007f9894290f60
Event: 0.081 Thread 0x00007f989402aab0 Thread added: 0x00007f98942d54e0
Event: 0.082 Thread 0x00007f989402aab0 Thread added: 0x00007f98942d7a90


Dynamic libraries:
a0000000-120000000 rw-p 00000000 00:00 0 
120000000-7ff000000 ---p 00000000 00:00 0 
7ff000000-7ff11b000 rw-p 00d36000 08:02 22283759                         /home/jatinbha/softwares/jdk-25/lib/server/classes.jsa
7ff11b000-800000000 rw-p 00000000 00:00 0 
5598845f1000-5598845f2000 r-xp 00000000 08:02 22160250                   /home/jatinbha/softwares/jdk-25/bin/java
5598845f3000-5598845f4000 r--p 00001000 08:02 22160250                   /home/jatinbha/softwares/jdk-25/bin/java
5598845f4000-5598845f5000 rw-p 00002000 08:02 22160250                   /home/jatinbha/softwares/jdk-25/bin/java
559885376000-5598853bc000 rw-p 00000000 00:00 0                          [heap]
7f97c4000000-7f97c4021000 rw-p 00000000 00:00 0 
7f97c4021000-7f97c8000000 ---p 00000000 00:00 0 
7f97c8000000-7f97c8021000 rw-p 00000000 00:00 0 
7f97c8021000-7f97cc000000 ---p 00000000 00:00 0 
7f97cc000000-7f97cc24b000 rw-p 00000000 00:00 0 
7f97cc24b000-7f97d0000000 ---p 00000000 00:00 0 
7f97d0000000-7f97d06a4000 rw-p 00000000 00:00 0 
7f97d06a4000-7f97d4000000 ---p 00000000 00:00 0 
7f97d4000000-7f97d4021000 rw-p 00000000 00:00 0 
7f97d4021000-7f97d8000000 ---p 00000000 00:00 0 
7f97d8000000-7f97d8021000 rw-p 00000000 00:00 0 
7f97d8021000-7f97dc000000 ---p 00000000 00:00 0 
7f97dc000000-7f97dc021000 rw-p 00000000 00:00 0 
7f97dc021000-7f97e0000000 ---p 00000000 00:00 0 
7f97e0000000-7f97e01f0000 rw-p 00000000 00:00 0 
7f97e01f0000-7f97e0400000 ---p 00000000 00:00 0 
7f97e0400000-7f97e0410000 rw-p 00000000 00:00 0 
7f97e0410000-7f97e4000000 ---p 00000000 00:00 0 
7f97e4000000-7f97e4021000 rw-p 00000000 00:00 0 
7f97e4021000-7f97e8000000 ---p 00000000 00:00 0 
7f97e8000000-7f97e8021000 rw-p 00000000 00:00 0 
7f97e8021000-7f97ec000000 ---p 00000000 00:00 0 
7f97ec000000-7f97ec021000 rw-p 00000000 00:00 0 
7f97ec021000-7f97f0000000 ---p 00000000 00:00 0 
7f97f2000000-7f97f2001000 ---p 00000000 00:00 0 
7f97f2001000-7f97f2d05000 rw-p 00001000 08:02 22283759                   /home/jatinbha/softwares/jdk-25/lib/server/classes.jsa
7f97f2d05000-7f97f3000000 ---p 00000000 00:00 0 
7f97f3000000-7f97f3020000 rw-p 00000000 00:00 0 
7f97f3020000-7f97f3040000 ---p 00000000 00:00 0 
7f97f3040000-7f97f3050000 rw-p 00000000 00:00 0 
7f97f3050000-7f9833000000 ---p 00000000 00:00 0 
7f9833b9e000-7f9834000000 rw-p 00000000 00:00 0 
7f9834000000-7f9834021000 rw-p 00000000 00:00 0 
7f9834021000-7f9838000000 ---p 00000000 00:00 0 
7f9838000000-7f9838021000 rw-p 00000000 00:00 0 
7f9838021000-7f983c000000 ---p 00000000 00:00 0 
7f983c000000-7f983c021000 rw-p 00000000 00:00 0 
7f983c021000-7f9840000000 ---p 00000000 00:00 0 
7f9840000000-7f9840021000 rw-p 00000000 00:00 0 
7f9840021000-7f9844000000 ---p 00000000 00:00 0 
7f9844006000-7f984400a000 ---p 00000000 00:00 0 
7f984400a000-7f9844107000 rw-p 00000000 00:00 0 
7f9844107000-7f984410b000 ---p 00000000 00:00 0 
7f984410b000-7f9844208000 rw-p 00000000 00:00 0 
7f9844208000-7f98442d6000 r-xp 00000000 08:02 22283736                   /home/jatinbha/softwares/jdk-25/lib/libjsvml.so
7f98442d6000-7f98442d7000 r--p 000cd000 08:02 22283736                   /home/jatinbha/softwares/jdk-25/lib/libjsvml.so
7f98442d7000-7f98442d8000 rw-p 000ce000 08:02 22283736                   /home/jatinbha/softwares/jdk-25/lib/libjsvml.so
7f98442d8000-7f98442dc000 ---p 00000000 00:00 0 
7f98442dc000-7f98443d9000 rw-p 00000000 00:00 0 
7f98443d9000-7f98443dd000 ---p 00000000 00:00 0 
7f98443dd000-7f98444da000 rw-p 00000000 00:00 0 
7f98444da000-7f98444de000 ---p 00000000 00:00 0 
7f98444de000-7f98445db000 rw-p 00000000 00:00 0 
7f98445db000-7f9844b4b000 r--p 00000000 08:02 7077916                    /usr/lib/locale/locale-archive
7f9844b4b000-7f9844bcc000 rw-p 00000000 00:00 0 
7f9844bcc000-7f9844bcd000 ---p 00000000 00:00 0 
7f9844bcd000-7f9844bd1000 ---p 00000000 00:00 0 
7f9844bd1000-7f9844ccd000 rw-p 00000000 00:00 0 
7f9844ccd000-7f9844cce000 ---p 00000000 00:00 0 
7f9844cce000-7f9844dce000 rw-p 00000000 00:00 0 
7f9844dce000-7f9844dcf000 ---p 00000000 00:00 0 
7f9844dcf000-7f9844ecf000 rw-p 00000000 00:00 0 
7f9844ecf000-7f9844ed0000 ---p 00000000 00:00 0 
7f9844ed0000-7f9844ed4000 ---p 00000000 00:00 0 
7f9844ed4000-7f9844fd0000 rw-p 00000000 00:00 0 
7f9844fd0000-7f9844fd1000 ---p 00000000 00:00 0 
7f9844fd1000-7f9844fd5000 ---p 00000000 00:00 0 
7f9844fd5000-7f98450d1000 rw-p 00000000 00:00 0 
7f98450d1000-7f98450d2000 ---p 00000000 00:00 0 
7f98450d2000-7f98450d6000 ---p 00000000 00:00 0 
7f98450d6000-7f98451d2000 rw-p 00000000 00:00 0 
7f98451d2000-7f98451d3000 ---p 00000000 00:00 0 
7f98451d3000-7f98452d3000 rw-p 00000000 00:00 0 
7f98452d3000-7f98452d4000 ---p 00000000 00:00 0 
7f98452d4000-7f9848000000 rw-p 00000000 00:00 0 
7f9848000000-7f9848021000 rw-p 00000000 00:00 0 
7f9848021000-7f984c000000 ---p 00000000 00:00 0 
7f984c004000-7f984c042000 r-xp 00000000 08:02 22283748                   /home/jatinbha/softwares/jdk-25/lib/libsimdsort.so
7f984c042000-7f984c043000 ---p 0003e000 08:02 22283748                   /home/jatinbha/softwares/jdk-25/lib/libsimdsort.so
7f984c043000-7f984c044000 r--p 0003e000 08:02 22283748                   /home/jatinbha/softwares/jdk-25/lib/libsimdsort.so
7f984c044000-7f984c045000 rw-p 0003f000 08:02 22283748                   /home/jatinbha/softwares/jdk-25/lib/libsimdsort.so
7f984c045000-7f984fdfe000 rw-p 00000000 00:00 0 
7f984fdfe000-7f984fdff000 ---p 00000000 00:00 0 
7f984fdff000-7f984feff000 rw-p 00000000 00:00 0 
7f984feff000-7f984ff00000 ---p 00000000 00:00 0 
7f984ff00000-7f9850000000 rw-p 00000000 00:00 0 
7f9850000000-7f9850021000 rw-p 00000000 00:00 0 
7f9850021000-7f9854000000 ---p 00000000 00:00 0 
7f985401b000-7f985401c000 ---p 00000000 00:00 0 
7f985401c000-7f985650b000 rw-p 00000000 00:00 0 
7f985650b000-7f9871ccb000 ---p 00000000 00:00 0 
7f9871ccb000-7f987210b000 rw-p 00000000 00:00 0 
7f987210b000-7f9875803000 ---p 00000000 00:00 0 
7f9875803000-7f9875c0b000 rw-p 00000000 00:00 0 
7f9875c0b000-7f9879303000 ---p 00000000 00:00 0 
7f9879303000-7f987c82c000 rw-p 00000000 00:00 0 
7f987c82c000-7f987ca9c000 rwxp 00000000 00:00 0 
7f987ca9c000-7f9883bfb000 ---p 00000000 00:00 0 
7f9883bfb000-7f9883e6b000 rwxp 00000000 00:00 0 
7f9883e6b000-7f988445b000 ---p 00000000 00:00 0 
7f988445b000-7f98846cb000 rwxp 00000000 00:00 0 
7f98846cb000-7f988b82c000 ---p 00000000 00:00 0 
7f988b82c000-7f9894000000 r--s 00000000 08:02 22283753                   /home/jatinbha/softwares/jdk-25/lib/modules
7f9894000000-7f989430e000 rw-p 00000000 00:00 0 
7f989430e000-7f9898000000 ---p 00000000 00:00 0 
7f9898038000-7f989803f000 r--s 00000000 08:02 7737390                    /usr/lib/x86_64-linux-gnu/gconv/gconv-modules.cache
7f989803f000-7f98995d0000 rw-p 00000000 00:00 0 
7f98995d0000-7f98996b3000 ---p 00000000 00:00 0 
7f98996b3000-7f98996b8000 rw-p 00000000 00:00 0 
7f98996b8000-7f98996c4000 ---p 00000000 00:00 0 
7f98996c4000-7f98996c9000 rw-p 00000000 00:00 0 
7f98996c9000-7f98997ac000 ---p 00000000 00:00 0 
7f98997ac000-7f98997cb000 r-xp 00000000 08:02 22283728                   /home/jatinbha/softwares/jdk-25/lib/libjava.so
7f98997cb000-7f98997cc000 ---p 0001f000 08:02 22283728                   /home/jatinbha/softwares/jdk-25/lib/libjava.so
7f98997cc000-7f98997cd000 r--p 0001f000 08:02 22283728                   /home/jatinbha/softwares/jdk-25/lib/libjava.so
7f98997cd000-7f98997ce000 rw-p 00020000 08:02 22283728                   /home/jatinbha/softwares/jdk-25/lib/libjava.so
7f98997ce000-7f98997cf000 rw-p 00000000 00:00 0 
7f98997cf000-7f98997d7000 rw-s 00000000 08:02 3670023                    /tmp/hsperfdata_intel/1272660
7f98997d7000-7f98997f7000 r-xp 00000000 08:02 22283732                   /home/jatinbha/softwares/jdk-25/lib/libjimage.so
7f98997f7000-7f98997f8000 ---p 00020000 08:02 22283732                   /home/jatinbha/softwares/jdk-25/lib/libjimage.so
7f98997f8000-7f98997fa000 r--p 00020000 08:02 22283732                   /home/jatinbha/softwares/jdk-25/lib/libjimage.so
7f98997fa000-7f98997fb000 rw-p 00022000 08:02 22283732                   /home/jatinbha/softwares/jdk-25/lib/libjimage.so
7f98997fb000-7f98997ff000 ---p 00000000 00:00 0 
7f98997ff000-7f98998fc000 rw-p 00000000 00:00 0 
7f98998fc000-7f9899909000 r--p 00000000 08:02 7078012                    /usr/lib/x86_64-linux-gnu/libm-2.31.so
7f9899909000-7f98999b0000 r-xp 0000d000 08:02 7078012                    /usr/lib/x86_64-linux-gnu/libm-2.31.so
7f98999b0000-7f9899a49000 r--p 000b4000 08:02 7078012                    /usr/lib/x86_64-linux-gnu/libm-2.31.so
7f9899a49000-7f9899a4a000 r--p 0014c000 08:02 7078012                    /usr/lib/x86_64-linux-gnu/libm-2.31.so
7f9899a4a000-7f9899a4b000 rw-p 0014d000 08:02 7078012                    /usr/lib/x86_64-linux-gnu/libm-2.31.so
7f9899a4b000-7f9899a4d000 r--p 00000000 08:02 7078273                    /usr/lib/x86_64-linux-gnu/librt-2.31.so
7f9899a4d000-7f9899a51000 r-xp 00002000 08:02 7078273                    /usr/lib/x86_64-linux-gnu/librt-2.31.so
7f9899a51000-7f9899a53000 r--p 00006000 08:02 7078273                    /usr/lib/x86_64-linux-gnu/librt-2.31.so
7f9899a53000-7f9899a54000 r--p 00007000 08:02 7078273                    /usr/lib/x86_64-linux-gnu/librt-2.31.so
7f9899a54000-7f9899a55000 rw-p 00008000 08:02 7078273                    /usr/lib/x86_64-linux-gnu/librt-2.31.so
7f9899a55000-7f989aee0000 r-xp 00000000 08:02 22283762                   /home/jatinbha/softwares/jdk-25/lib/server/libjvm.so
7f989aee0000-7f989afc6000 r--p 0148a000 08:02 22283762                   /home/jatinbha/softwares/jdk-25/lib/server/libjvm.so
7f989afc6000-7f989afef000 rw-p 01570000 08:02 22283762                   /home/jatinbha/softwares/jdk-25/lib/server/libjvm.so
7f989afef000-7f989b06a000 rw-p 00000000 00:00 0 
7f989b06a000-7f989b070000 r--p 00000000 08:02 7078197                    /usr/lib/x86_64-linux-gnu/libpthread-2.31.so
7f989b070000-7f989b081000 r-xp 00006000 08:02 7078197                    /usr/lib/x86_64-linux-gnu/libpthread-2.31.so
7f989b081000-7f989b087000 r--p 00017000 08:02 7078197                    /usr/lib/x86_64-linux-gnu/libpthread-2.31.so
7f989b087000-7f989b088000 r--p 0001c000 08:02 7078197                    /usr/lib/x86_64-linux-gnu/libpthread-2.31.so
7f989b088000-7f989b089000 rw-p 0001d000 08:02 7078197                    /usr/lib/x86_64-linux-gnu/libpthread-2.31.so
7f989b089000-7f989b08d000 rw-p 00000000 00:00 0 
7f989b08d000-7f989b08e000 r--p 00000000 08:02 7078011                    /usr/lib/x86_64-linux-gnu/libdl-2.31.so
7f989b08e000-7f989b090000 r-xp 00001000 08:02 7078011                    /usr/lib/x86_64-linux-gnu/libdl-2.31.so
7f989b090000-7f989b091000 r--p 00003000 08:02 7078011                    /usr/lib/x86_64-linux-gnu/libdl-2.31.so
7f989b091000-7f989b092000 r--p 00003000 08:02 7078011                    /usr/lib/x86_64-linux-gnu/libdl-2.31.so
7f989b092000-7f989b093000 rw-p 00004000 08:02 7078011                    /usr/lib/x86_64-linux-gnu/libdl-2.31.so
7f989b093000-7f989b095000 r--p 00000000 08:02 7086479                    /usr/lib/x86_64-linux-gnu/libz.so.1.2.11
7f989b095000-7f989b0a6000 r-xp 00002000 08:02 7086479                    /usr/lib/x86_64-linux-gnu/libz.so.1.2.11
7f989b0a6000-7f989b0ac000 r--p 00013000 08:02 7086479                    /usr/lib/x86_64-linux-gnu/libz.so.1.2.11
7f989b0ac000-7f989b0ad000 ---p 00019000 08:02 7086479                    /usr/lib/x86_64-linux-gnu/libz.so.1.2.11
7f989b0ad000-7f989b0ae000 r--p 00019000 08:02 7086479                    /usr/lib/x86_64-linux-gnu/libz.so.1.2.11
7f989b0ae000-7f989b0af000 rw-p 0001a000 08:02 7086479                    /usr/lib/x86_64-linux-gnu/libz.so.1.2.11
7f989b0af000-7f989b0d1000 r--p 00000000 08:02 7078010                    /usr/lib/x86_64-linux-gnu/libc-2.31.so
7f989b0d1000-7f989b249000 r-xp 00022000 08:02 7078010                    /usr/lib/x86_64-linux-gnu/libc-2.31.so
7f989b249000-7f989b297000 r--p 0019a000 08:02 7078010                    /usr/lib/x86_64-linux-gnu/libc-2.31.so
7f989b297000-7f989b29b000 r--p 001e7000 08:02 7078010                    /usr/lib/x86_64-linux-gnu/libc-2.31.so
7f989b29b000-7f989b29d000 rw-p 001eb000 08:02 7078010                    /usr/lib/x86_64-linux-gnu/libc-2.31.so
7f989b29d000-7f989b2a1000 rw-p 00000000 00:00 0 
7f989b2a1000-7f989b2a4000 r--p 00000000 08:02 7078055                    /usr/lib/x86_64-linux-gnu/libnss_files-2.31.so
7f989b2a4000-7f989b2ab000 r-xp 00003000 08:02 7078055                    /usr/lib/x86_64-linux-gnu/libnss_files-2.31.so
7f989b2ab000-7f989b2ad000 r--p 0000a000 08:02 7078055                    /usr/lib/x86_64-linux-gnu/libnss_files-2.31.so
7f989b2ad000-7f989b2ae000 r--p 0000b000 08:02 7078055                    /usr/lib/x86_64-linux-gnu/libnss_files-2.31.so
7f989b2ae000-7f989b2af000 rw-p 0000c000 08:02 7078055                    /usr/lib/x86_64-linux-gnu/libnss_files-2.31.so
7f989b2af000-7f989b2b5000 rw-p 00000000 00:00 0 
7f989b2b5000-7f989b2b6000 ---p 00000000 00:00 0 
7f989b2b6000-7f989b2b7000 r--p 00000000 00:00 0 
7f989b2b7000-7f989b2c6000 r-xp 00000000 08:02 22283733                   /home/jatinbha/softwares/jdk-25/lib/libjli.so
7f989b2c6000-7f989b2c7000 r--p 0000e000 08:02 22283733                   /home/jatinbha/softwares/jdk-25/lib/libjli.so
7f989b2c7000-7f989b2c8000 rw-p 0000f000 08:02 22283733                   /home/jatinbha/softwares/jdk-25/lib/libjli.so
7f989b2c8000-7f989b2ca000 rw-p 00000000 00:00 0 
7f989b2ca000-7f989b2cb000 r--p 00000000 08:02 7077989                    /usr/lib/x86_64-linux-gnu/ld-2.31.so
7f989b2cb000-7f989b2ee000 r-xp 00001000 08:02 7077989                    /usr/lib/x86_64-linux-gnu/ld-2.31.so
7f989b2ee000-7f989b2f6000 r--p 00024000 08:02 7077989                    /usr/lib/x86_64-linux-gnu/ld-2.31.so
7f989b2f6000-7f989b2f7000 ---p 00000000 00:00 0 
7f989b2f7000-7f989b2f8000 r--p 0002c000 08:02 7077989                    /usr/lib/x86_64-linux-gnu/ld-2.31.so
7f989b2f8000-7f989b2f9000 rw-p 0002d000 08:02 7077989                    /usr/lib/x86_64-linux-gnu/ld-2.31.so
7f989b2f9000-7f989b2fa000 rw-p 00000000 00:00 0 
7fff5d474000-7fff5d495000 rw-p 00000000 00:00 0                          [stack]
7fff5d573000-7fff5d577000 r--p 00000000 00:00 0                          [vvar]
7fff5d577000-7fff5d579000 r-xp 00000000 00:00 0                          [vdso]
ffffffffff600000-ffffffffff601000 --xp 00000000 00:00 0                  [vsyscall]
Total number of mappings: 192

JVMTI agents: none


VM Arguments:
jvm_args: -Xbatch -XX:UseAVX=3 --add-modules=jdk.incubator.vector 
java_command: Test
java_class_path (initial): .
Launcher Type: SUN_STANDARD

[Global flags]
     bool BackgroundCompilation                    = false                                  {pd product} {command line}
     intx CICompilerCount                          = 18                                        {product} {ergonomic}
     uint ConcGCThreads                            = 18                                        {product} {ergonomic}
     uint G1ConcRefinementThreads                  = 73                                        {product} {ergonomic}
   size_t G1HeapRegionSize                         = 16777216                                  {product} {ergonomic}
   size_t InitialHeapSize                          = 2147483648                                {product} {ergonomic}
   size_t MarkStackSize                            = 4194304                                   {product} {ergonomic}
   size_t MarkStackSizeMax                         = 536870912                                 {product} {ergonomic}
   size_t MaxHeapSize                              = 31675383808                               {product} {ergonomic}
   size_t MaxNewSize                               = 18991808512                               {product} {ergonomic}
   size_t MinHeapDeltaBytes                        = 16777216                                  {product} {ergonomic}
   size_t MinHeapSize                              = 16777216                                  {product} {ergonomic}
    uintx NonNMethodCodeHeapSize                   = 8781824                                {pd product} {ergonomic}
    uintx NonProfiledCodeHeapSize                  = 121442304                              {pd product} {ergonomic}
    uintx ProfiledCodeHeapSize                     = 121434112                              {pd product} {ergonomic}
    uintx ReservedCodeCacheSize                    = 251658240                              {pd product} {ergonomic}
     bool SegmentedCodeCache                       = true                                      {product} {ergonomic}
   size_t SoftMaxHeapSize                          = 31675383808                            {manageable} {ergonomic}
      int UseAVX                                   = 3                                    {ARCH product} {command line}
     bool UseCompressedOops                        = true                           {product lp64_product} {ergonomic}
     bool UseG1GC                                  = true                                      {product} {ergonomic}

Logging:
Log output configuration:
 #0: stdout all=warning uptime,level,tags foldmultilines=false
 #1: stderr all=off uptime,level,tags foldmultilines=false

Release file:
IMPLEMENTOR="Oracle Corporation"
JAVA_RUNTIME_VERSION="25-ea+19-2255"
JAVA_VERSION="25"
JAVA_VERSION_DATE="2025-09-16"
LIBC="gnu"
MODULES="java.base java.compiler java.datatransfer java.xml java.prefs java.desktop java.instrument java.logging java.management java.security.sasl java.naming java.rmi java.management.rmi java.net.http java.scripting java.security.jgss java.transaction.xa java.sql java.sql.rowset java.xml.crypto java.se java.smartcardio jdk.accessibility jdk.internal.jvmstat jdk.attach jdk.charsets jdk.internal.opt jdk.zipfs jdk.compiler jdk.crypto.cryptoki jdk.crypto.ec jdk.dynalink jdk.internal.ed jdk.editpad jdk.internal.vm.ci jdk.graal.compiler jdk.graal.compiler.management jdk.hotspot.agent jdk.httpserver jdk.incubator.vector jdk.internal.le jdk.internal.md jdk.jartool jdk.javadoc jdk.jcmd jdk.management jdk.management.agent jdk.jconsole jdk.jdeps jdk.jdwp.agent jdk.jdi jdk.jfr jdk.jlink jdk.jpackage jdk.jshell jdk.jsobject jdk.jstatd jdk.localedata jdk.management.jfr jdk.naming.dns jdk.naming.rmi jdk.net jdk.nio.mapmode jdk.sctp jdk.security.auth jdk.security.jgss jdk.unsupported jdk.unsupported.desktop jdk.xml.dom"
OS_ARCH="x86_64"
OS_NAME="Linux"
SOURCE=".:git:a71f621a3248"

Environment Variables:
JAVA_HOME=/home/jatinbha/softwares/jdk-25/
PATH=/home/jatinbha/softwares/jdk-25//bin:/home/jatinbha/.local/bin:/home/jatinbha/bin:/home/jatinbha/sandboxes/mx:/home/jatinbha/softwares/jextract-22:/home/jatinbha/softwares/cmake-3.28.3-linux-x86_64/bin:/home/jatinbha/softwares/cmake-3.26.3-linux-x86_64/bin:/home/jatinbha/softwares/jdk-17.0.2//bin:/home/jatinbha/softwares/thrift-0.16.0/bin:/home/jatinbha/softwares/jdk8u322-b06//bin:/home/jatinbha/softwares/jdk-17//bin:/home/jatinbha/softwares/apache-maven-3.6.3/bin:/home/jatinbha/sandboxes/skara/build/bin:/usr/local/sbin:/usr/local/bin:/usr/sbin:/usr/bin:/sbin:/bin:/usr/games:/usr/local/games:/snap/bin
LD_LIBRARY_PATH=/home/jatinbha/softwares:
SHELL=/bin/bash
LANG=en_IN
TERM=xterm-256color

Active Locale:
LC_ALL=en_IN
LC_COLLATE=en_IN
LC_CTYPE=en_IN
LC_MESSAGES=en_IN
LC_MONETARY=en_IN
LC_NUMERIC=en_IN
LC_TIME=en_IN

Signal Handlers:
   SIGSEGV: crash_handler in libjvm.so, mask=11100100010111111101111111111110, flags=SA_RESTART|SA_SIGINFO, unblocked
    SIGBUS: crash_handler in libjvm.so, mask=11100100010111111101111111111110, flags=SA_RESTART|SA_SIGINFO, unblocked
    SIGFPE: crash_handler in libjvm.so, mask=11100100010111111101111111111110, flags=SA_RESTART|SA_SIGINFO, unblocked
   SIGPIPE: javaSignalHandler in libjvm.so, mask=11100100010111111101111111111110, flags=SA_RESTART|SA_SIGINFO, blocked
   SIGXFSZ: javaSignalHandler in libjvm.so, mask=11100100010111111101111111111110, flags=SA_RESTART|SA_SIGINFO, blocked
    SIGILL: crash_handler in libjvm.so, mask=11100100010111111101111111111110, flags=SA_RESTART|SA_SIGINFO, unblocked
   SIGUSR2: SR_handler in libjvm.so, mask=00000000000000000000000000000000, flags=SA_RESTART|SA_SIGINFO, blocked
    SIGHUP: UserHandler in libjvm.so, mask=11100100010111111101111111111110, flags=SA_RESTART|SA_SIGINFO, blocked
    SIGINT: UserHandler in libjvm.so, mask=11100100010111111101111111111110, flags=SA_RESTART|SA_SIGINFO, blocked
   SIGTERM: UserHandler in libjvm.so, mask=11100100010111111101111111111110, flags=SA_RESTART|SA_SIGINFO, blocked
   SIGQUIT: UserHandler in libjvm.so, mask=11100100010111111101111111111110, flags=SA_RESTART|SA_SIGINFO, blocked
   SIGTRAP: crash_handler in libjvm.so, mask=11100100010111111101111111111110, flags=SA_RESTART|SA_SIGINFO, unblocked


Compilation memory statistics disabled.

Periodic native trim disabled

---------------  S Y S T E M  ---------------

OS:
DISTRIB_ID=Ubuntu
DISTRIB_RELEASE=20.04
DISTRIB_CODENAME=focal
DISTRIB_DESCRIPTION="Ubuntu 20.04.2 LTS"
uname: Linux 5.8.0-41-generic #46~20.04.1-Ubuntu SMP Mon Jan 18 17:52:23 UTC 2021 x86_64
OS uptime: 130 days 11:32 hours
libc: glibc 2.31 NPTL 2.31 
rlimit (soft/hard): STACK 8192k/infinity , CORE 0k/infinity , NPROC 3090646/3090646 , NOFILE 1048576/1048576 , AS infinity/infinity , CPU infinity/infinity , DATA infinity/infinity , FSIZE infinity/infinity , MEMLOCK 65536k/65536k
load average: 1.10 2.03 1.89

/proc/meminfo:
MemTotal:       791263980 kB
MemFree:        653633288 kB
MemAvailable:   782643600 kB
Buffers:         7443192 kB
Cached:         115396776 kB
SwapCached:        24980 kB
Active:         56805100 kB
Inactive:       66586032 kB
Active(anon):     183488 kB
Inactive(anon):   370620 kB
Active(file):   56621612 kB
Inactive(file): 66215412 kB
Unevictable:           0 kB
Mlocked:               0 kB
SwapTotal:       2097148 kB
SwapFree:        1831620 kB
Dirty:               108 kB
Writeback:             0 kB
AnonPages:        531664 kB
Mapped:           168000 kB
Shmem:              5516 kB
KReclaimable:   11227468 kB
Slab:           12820204 kB
SReclaimable:   11227468 kB
SUnreclaim:      1592736 kB
KernelStack:       28768 kB
PageTables:        13416 kB
NFS_Unstable:          0 kB
Bounce:                0 kB
WritebackTmp:          0 kB
CommitLimit:    397729136 kB
Committed_AS:   10970744 kB
VmallocTotal:   34359738367 kB
VmallocUsed:      479760 kB
VmallocChunk:          0 kB
Percpu:           354368 kB
HardwareCorrupted:     0 kB
AnonHugePages:         0 kB
ShmemHugePages:        0 kB
ShmemPmdMapped:        0 kB
FileHugePages:         0 kB
FilePmdMapped:         0 kB
HugePages_Total:       0
HugePages_Free:        0
HugePages_Rsvd:        0
HugePages_Surp:        0
Hugepagesize:       2048 kB
Hugetlb:               0 kB
DirectMap4k:     5252508 kB
DirectMap2M:    337319936 kB
DirectMap1G:    463470592 kB

/sys/kernel/mm/transparent_hugepage/enabled: always [madvise] never
/sys/kernel/mm/transparent_hugepage/hpage_pmd_size: 2097152
/sys/kernel/mm/transparent_hugepage/shmem_enabled: always within_size advise [never] deny force
/sys/kernel/mm/transparent_hugepage/defrag (defrag/compaction efforts parameter): always defer defer+madvise [madvise] never

Process Memory:
Virtual Size: 34414012K (peak: 34414012K)
Resident Set Size: 67628K (peak: 67628K) (anon: 42848K, file: 24780K, shmem: 0K)
Swapped out: 0K
C-Heap outstanding allocations: 167952K, retained: 3591K (may have wrapped)
glibc malloc tunables: (default)

/proc/sys/kernel/threads-max (system-wide limit on the number of threads): 6181293
/proc/sys/vm/max_map_count (maximum number of memory map areas a process may have): 65530
/proc/sys/vm/swappiness (control to define how aggressively the kernel swaps out anonymous memory): 60
/proc/sys/kernel/pid_max (system-wide limit on number of process identifiers): 4194304

container information not found.
Steal ticks since vm start: 0
Steal ticks percentage since vm start:  0.000

CPU: total 112 (initial active 112) (28 cores per cpu, 2 threads per core) family 6 model 85 stepping 7 microcode 0x5003006, cx8, cmov, fxsr, ht, mmx, 3dnowpref, sse, sse2, sse3, ssse3, sse4.1, sse4.2, popcnt, lzcnt, tsc, tscinvbit, avx, avx2, aes, erms, clmul, bmi1, bmi2, adx, avx512f, avx512dq, avx512cd, avx512bw, avx512vl, fma, vzeroupper, avx512_vnni, clflush, clflushopt, clwb, rdtscp, f16c, pku, ospke
CPU Model and flags from /proc/cpuinfo:
model name	: Intel(R) Xeon(R) Platinum 8280 CPU @ 2.70GHz
flags		: fpu vme de pse tsc msr pae mce cx8 apic sep mtrr pge mca cmov pat pse36 clflush dts acpi mmx fxsr sse sse2 ss ht tm pbe syscall nx pdpe1gb rdtscp lm constant_tsc art arch_perfmon pebs bts rep_good nopl xtopology nonstop_tsc cpuid aperfmperf pni pclmulqdq dtes64 monitor ds_cpl smx est tm2 ssse3 sdbg fma cx16 xtpr pdcm pcid dca sse4_1 sse4_2 x2apic movbe popcnt tsc_deadline_timer aes xsave avx f16c rdrand lahf_lm abm 3dnowprefetch cpuid_fault epb cat_l3 cdp_l3 invpcid_single ssbd mba ibrs ibpb stibp ibrs_enhanced fsgsbase tsc_adjust bmi1 avx2 smep bmi2 erms invpcid cqm mpx rdt_a avx512f avx512dq rdseed adx smap clflushopt clwb intel_pt avx512cd avx512bw avx512vl xsaveopt xsavec xgetbv1 xsaves cqm_llc cqm_occup_llc cqm_mbm_total cqm_mbm_local dtherm ida arat pln pts hwp hwp_act_window hwp_epp hwp_pkg_req pku ospke avx512_vnni md_clear flush_l1d arch_capabilities

Online cpus: 0-111
Offline cpus: 
BIOS frequency limitation: <Not Available>
Frequency switch latency (ns): 0
Available cpu frequencies: <Not Available>
Current governor: powersave
Core performance/turbo boost: <Not Available>

Memory: 4k page, physical 791263980k(782643600k free), swap 2097148k(1831620k free)
Page Sizes: 4k

vm_info: OpenJDK 64-Bit Server VM (25-ea+19-2255) for linux-amd64 JRE (25-ea+19-2255), built on 2025-04-17T03:15:34Z with gcc 14.2.0

END.
