#
# A fatal error has been detected by the Java Runtime Environment:
#
#  SIGSEGV (0xb) at pc=0x00007fa273f01b40, pid=3430738, tid=3430759
#
# JRE version: OpenJDK Runtime Environment (24.0) (slowdebug build 24-internal-adhoc.root.jdk)
# Java VM: OpenJDK 64-Bit Server VM (slowdebug 24-internal-adhoc.root.jdk, mixed mode, sharing, compressed oops, compressed class ptrs, g1 gc, linux-amd64)
# Problematic frame:
# V  [libjvm.so+0x4bdb40]  Compile::method() const+0x10
#
# Core dump will be written. Default location: Core dumps may be processed with "/usr/share/apport/apport %p %s %c %d %P %E" (or dumping to /home/jatinbha/code/java/jit/core.3430738)
#
# If you would like to submit a bug report, please visit:
#   https://bugreport.java.com/bugreport/crash.jsp
#

---------------  S U M M A R Y ------------

Command Line: -XX:+PauseAtStartup -XX:-TieredCompilation -Xbatch -XX:CompileCommand=TraceSpilling,jit::caller3 -XX:CompileOnly=jit::caller3 -XX:-Inline jit

Host: intel-S2600WFT, Intel(R) Xeon(R) Platinum 8280 CPU @ 2.70GHz, 112 cores, 754G, Ubuntu 20.04.2 LTS
Time: Sat Jun 15 13:36:11 2024 IST elapsed time: 39.667304 seconds (0d 0h 0m 39s)

---------------  T H R E A D  ---------------

Current thread (0x00007fa26c398c40):  JavaThread "C2 CompilerThread0" daemon [_thread_in_native, id=3430759, stack(0x00007fa22633d000,0x00007fa22643e000) (1028K)]


Current CompileTask:
C2:39667    3   !b        jit::caller3 (40 bytes)

Stack: [0x00007fa22633d000,0x00007fa22643e000],  sp=0x00007fa22643a530,  free space=1013k
Native frames: (J=compiled Java code, j=interpreted, Vv=VM code, C=native code)
V  [libjvm.so+0x4bdb40]  Compile::method() const+0x10  (compile.hpp:600)
C  0x00007fa22643a54f

siginfo: si_signo: 11 (SIGSEGV), si_code: 128 (SI_KERNEL), si_addr: 0x0000000000000000

Registers:
RAX=0x00b70fe8458b480b, RBX=0x00007fa1b8045528, RCX=0x00007fa22643b8a0, RDX=0x00007fa2759fbdd8
RSP=0x00007fa22643a530, RBP=0x00007fa22643a530, RSI=0x0000000000002710, RDI=0x00b70fe8458b480b
R8 =0x0000000000000000, R9 =0x00000000fffffffe, R10=0x0000000000000001, R11=0x00007fa1b8038ca0
R12=0x00007fa274dad246, R13=0x00007fa1b803aa50, R14=0x00007fa2738e86c0, R15=0x00007fa22643cfc0
RIP=0x00007fa273f01b40, EFLAGS=0x0000000000010217, CSGSFS=0x002b000000000033, ERR=0x0000000000000000
  TRAPNO=0x000000000000000d


Register to memory mapping:

RAX=0x00b70fe8458b480b is an unknown value
RBX=0x00007fa1b8045528 points into unknown readable memory: 0xabababababababab | ab ab ab ab ab ab ab ab
RCX=0x00007fa22643b8a0 is pointing into the stack for thread: 0x00007fa26c398c40
RDX=0x00007fa2759fbdd8: <offset 0x0000000001fb7dd8> in /home/jatinbha/sandboxes/apx-release/jdk/build/linux-x86_64-server-slowdebug/images/jdk/lib/server/libjvm.so at 0x00007fa273a44000
RSP=0x00007fa22643a530 is pointing into the stack for thread: 0x00007fa26c398c40
RBP=0x00007fa22643a530 is pointing into the stack for thread: 0x00007fa26c398c40
RSI=0x0000000000002710 is an unknown value
RDI=0x00b70fe8458b480b is an unknown value
R8 =0x0 is null
R9 =0x00000000fffffffe in mmap'd memory region [0x00000000a0000000 - 0x0000000800000000], tag mtJavaHeap
R10=0x0000000000000001 is an unknown value
R11=0x00007fa1b8038ca0 points into unknown readable memory: 0x00007fa26c332198 | 98 21 33 6c a2 7f 00 00
R12=0x00007fa274dad246: <offset 0x0000000001369246> in /home/jatinbha/sandboxes/apx-release/jdk/build/linux-x86_64-server-slowdebug/images/jdk/lib/server/libjvm.so at 0x00007fa273a44000
R13=0x00007fa1b803aa50 points into unknown readable memory: 0x00007fa2762aaf40 | 40 af 2a 76 a2 7f 00 00
R14=0x00007fa2738e86c0 is pointing into the stack for thread: 0x00007fa26c02c1e0
R15=0x00007fa22643cfc0 is pointing into the stack for thread: 0x00007fa26c398c40

Top of Stack: (sp=0x00007fa22643a530)
0x00007fa22643a530:   00007fa22643a538 00007fa22643a54f
0x00007fa22643a540:   000000042643a560 cc007fa273e2f892
0x00007fa22643a550:   00007fa22643a570 00007fa273e2f81b
0x00007fa22643a560:   00007fa22643a580 000000b86c398c40
0x00007fa22643a570:   00007fa22643a590 00007fa27417b150
0x00007fa22643a580:   00007fa22643a5a0 000000b82643b8a0
0x00007fa22643a590:   00007fa22643a5b0 00007fa27417b410
0x00007fa22643a5a0:   00007fa22643a5c0 00007fa22643aab0
0x00007fa22643a5b0:   00007fa22643a5d0 00007fa2745bceae
0x00007fa22643a5c0:   00007fa22643a670 00007fa22643a9a0
0x00007fa22643a5d0:   00007fa22643a7b0 00007fa274d990e3
0x00007fa22643a5e0:   00007fa22643a725 00007fa22643a9a0
0x00007fa22643a5f0:   0000000500000005 00007fa26c398c40
0x00007fa22643a600:   00007fa26c398c40 00007fa26c398c40
0x00007fa22643a610:   00007fa22643c6e0 00007fa1b8042750
0x00007fa22643a620:   00007fa22643a640 00007fa27417b150
0x00007fa22643a630:   00007fa1b8040d50 000000b82643a6a0
0x00007fa22643a640:   00007fa26c398c40 00007fa200000001
0x00007fa22643a650:   00007fa1d2400058 00007fa26c398c40
0x00007fa22643a660:   00007fa1b8040d50 00007fa274dad246
0x00007fa22643a670:   00007fa22643a6f0 00007fa27435add6
0x00007fa22643a680:   00007fa22643a750 00007fa22643a725
0x00007fa22643a690:   0000000a2643a6b0 000000b8b8040d50
0x00007fa22643a6a0:   00007fa22643a6c0 00007fa2741fd4c1
0x00007fa22643a6b0:   00007fa1b8041f22 000000b8b80427f0
0x00007fa22643a6c0:   00007fa22643a6f0 00007fa1b8003200
0x00007fa22643a6d0:   00007fa22643a6f0 00007fa27417a5de
0x00007fa22643a6e0:   000000b8000000b8 00007fa1b8003200
0x00007fa22643a6f0:   00007fa22643a7b0 00007fa27477932a
0x00007fa22643a700:   00007fa22643a740 00007fa22643a810
0x00007fa22643a710:   00007fa22643a7e0 00007fa22643a9a0
0x00007fa22643a720:   000001a1b8040d50 00000000000000b8 

Instructions: (pc=0x00007fa273f01b40)
0x00007fa273f01a40:   05 23 2d 4b 02 48 8b 00 c6 00 58 48 8d 0d 9a 3a
0x00007fa273f01a50:   3e 01 48 8d 15 1f 3a 3e 01 be 45 01 00 00 48 8d
0x00007fa273f01a60:   3d 3b 3a 3e 01 b8 00 00 00 00 e8 2e c1 5b 00 90
0x00007fa273f01a70:   c9 c3 f3 0f 1e fa 55 48 89 e5 48 8d 05 ff f5 59
0x00007fa273f01a80:   02 48 8b 00 48 85 c0 75 13 e8 e3 9f f2 ff 83 f0
0x00007fa273f01a90:   01 84 c0 74 07 b8 01 00 00 00 eb 05 b8 00 00 00
0x00007fa273f01aa0:   00 84 c0 74 31 48 8d 05 bc 2c 4b 02 48 8b 00 c6
0x00007fa273f01ab0:   00 58 48 8d 0d 6a 3b 3e 01 48 8d 15 68 3b 3e 01
0x00007fa273f01ac0:   be d9 00 00 00 48 8d 3d 8c 3b 3e 01 b8 00 00 00
0x00007fa273f01ad0:   00 e8 c7 c0 5b 00 48 8d 05 a3 f5 59 02 48 8b 00
0x00007fa273f01ae0:   48 89 c7 e8 42 d3 ff ff 5d c3 f3 0f 1e fa 55 48
0x00007fa273f01af0:   89 e5 48 8d 05 bf f5 59 02 48 8b 00 5d c3 f3 0f
0x00007fa273f01b00:   1e fa 55 48 89 e5 e8 8c f5 ff ff 48 89 c7 e8 9b
0x00007fa273f01b10:   f5 ff ff 5d c3 90 f3 0f 1e fa 55 48 89 e5 48 89
0x00007fa273f01b20:   7d f8 48 8b 45 f8 48 8b 80 d0 0b 00 00 5d c3 90
0x00007fa273f01b30:   f3 0f 1e fa 55 48 89 e5 48 89 7d f8 48 8b 45 f8
0x00007fa273f01b40:   48 8b 40 20 5d c3 f3 0f 1e fa 55 48 89 e5 48 83
0x00007fa273f01b50:   ec 20 48 89 7d e8 48 8b 45 e8 48 8b 40 20 48 85
0x00007fa273f01b60:   c0 74 2e 48 8b 45 e8 48 8b 40 20 48 89 c7 e8 fb
0x00007fa273f01b70:   f3 ff ff 48 89 45 f8 48 8d 45 f8 48 89 c7 e8 db
0x00007fa273f01b80:   f2 ff ff 83 f0 01 84 c0 74 07 b8 01 00 00 00 eb
0x00007fa273f01b90:   05 b8 00 00 00 00 c9 c3 f3 0f 1e fa 55 48 89 e5
0x00007fa273f01ba0:   48 89 7d f8 48 8b 45 f8 48 8b 40 40 5d c3 f3 0f
0x00007fa273f01bb0:   1e fa 55 48 89 e5 48 83 ec 10 48 89 7d f8 48 8b
0x00007fa273f01bc0:   45 f8 8b 40 60 85 c0 79 13 e8 a3 9e f2 ff 83 f0
0x00007fa273f01bd0:   01 84 c0 74 07 b8 01 00 00 00 eb 05 b8 00 00 00
0x00007fa273f01be0:   00 84 c0 74 31 48 8d 05 7c 2b 4b 02 48 8b 00 c6
0x00007fa273f01bf0:   00 58 48 8d 0d c7 39 3e 01 48 8d 15 b0 3a 3e 01
0x00007fa273f01c00:   be 65 02 00 00 48 8d 3d cc 3a 3e 01 b8 00 00 00
0x00007fa273f01c10:   00 e8 87 bf 5b 00 48 8b 45 f8 8b 40 60 c9 c3 90
0x00007fa273f01c20:   f3 0f 1e fa 55 48 89 e5 48 89 7d f8 48 8b 45 f8
0x00007fa273f01c30:   0f b6 80 80 00 00 00 5d c3 90 f3 0f 1e fa 55 48 


Stack slot to memory mapping:

stack at sp + 0 slots: 0x00007fa22643a538 is pointing into the stack for thread: 0x00007fa26c398c40
stack at sp + 1 slots: 0x00007fa22643a54f is pointing into the stack for thread: 0x00007fa26c398c40
stack at sp + 2 slots: 0x000000042643a560 is an unallocated location in the heap
stack at sp + 3 slots: 0xcc007fa273e2f892 is an unknown value
stack at sp + 4 slots: 0x00007fa22643a570 is pointing into the stack for thread: 0x00007fa26c398c40
stack at sp + 5 slots: 0x00007fa273e2f81b: <offset 0x00000000003eb81b> in /home/jatinbha/sandboxes/apx-release/jdk/build/linux-x86_64-server-slowdebug/images/jdk/lib/server/libjvm.so at 0x00007fa273a44000
stack at sp + 6 slots: 0x00007fa22643a580 is pointing into the stack for thread: 0x00007fa26c398c40
stack at sp + 7 slots: 0x000000b86c398c40 is an unknown value

Lock stack of current Java thread (top to bottom):


---------------  P R O C E S S  ---------------

uid  : 1000 euid : 1000 gid  : 1000 egid : 1000

umask: 0002 (-------w-)

Threads class SMR info:
_java_thread_list=0x00007fa26c3c7cc0, length=9, elements={
0x00007fa26c02c1e0, 0x00007fa26c380c60, 0x00007fa26c382570, 0x00007fa26c3848b0,
0x00007fa26c386200, 0x00007fa26c387a10, 0x00007fa26c398c40, 0x00007fa26c3c1070,
0x00007fa26c3c7d90
}
_java_thread_list_alloc_cnt=10, _java_thread_list_free_cnt=8, _java_thread_list_max=9, _nested_thread_list_max=0
_tlh_cnt=26, _tlh_times=0, avg_tlh_time=0.00, _tlh_time_max=0
_delete_lock_wait_cnt=0, _delete_lock_wait_max=0
_to_delete_list_cnt=0, _to_delete_list_max=1

Java Threads: ( => current thread )
  0x00007fa26c02c1e0 JavaThread "main"                              [_thread_blocked, id=3430739, stack(0x00007fa2737e9000,0x00007fa2738ea000) (1028K)]
  0x00007fa26c380c60 JavaThread "Reference Handler"          daemon [_thread_blocked, id=3430754, stack(0x00007fa226842000,0x00007fa226943000) (1028K)]
  0x00007fa26c382570 JavaThread "Finalizer"                  daemon [_thread_blocked, id=3430755, stack(0x00007fa226741000,0x00007fa226842000) (1028K)]
  0x00007fa26c3848b0 JavaThread "Signal Dispatcher"          daemon [_thread_blocked, id=3430756, stack(0x00007fa226640000,0x00007fa226741000) (1028K)]
  0x00007fa26c386200 JavaThread "Service Thread"             daemon [_thread_blocked, id=3430757, stack(0x00007fa22653f000,0x00007fa226640000) (1028K)]
  0x00007fa26c387a10 JavaThread "Monitor Deflation Thread"   daemon [_thread_blocked, id=3430758, stack(0x00007fa22643e000,0x00007fa22653f000) (1028K)]
=>0x00007fa26c398c40 JavaThread "C2 CompilerThread0"         daemon [_thread_in_native, id=3430759, stack(0x00007fa22633d000,0x00007fa22643e000) (1028K)]
  0x00007fa26c3c1070 JavaThread "Notification Thread"        daemon [_thread_blocked, id=3430760, stack(0x00007fa22623c000,0x00007fa22633d000) (1028K)]
  0x00007fa26c3c7d90 JavaThread "Common-Cleaner"             daemon [_thread_blocked, id=3430761, stack(0x00007fa225fd0000,0x00007fa2260d1000) (1028K)]
Total: 9

Other Threads:
  0x00007fa26c33f6d0 VMThread "VM Thread"                           [id=3430753, stack(0x00007fa226eb4000,0x00007fa226fb4000) (1024K)]
  0x00007fa26c265ef0 WatcherThread "VM Periodic Task Thread"        [id=3430752, stack(0x00007fa226fb5000,0x00007fa2270b5000) (1024K)]
  0x00007fa26c06b0d0 WorkerThread "GC Thread#0"                     [id=3430747, stack(0x00007fa239f27000,0x00007fa23a027000) (1024K)]
  0x00007fa26c07f450 ConcurrentGCThread "G1 Main Marker"            [id=3430748, stack(0x00007fa239e26000,0x00007fa239f26000) (1024K)]
  0x00007fa26c0806f0 WorkerThread "G1 Conc#0"                       [id=3430749, stack(0x00007fa239d25000,0x00007fa239e25000) (1024K)]
  0x00007fa26c23c630 ConcurrentGCThread "G1 Refine#0"               [id=3430750, stack(0x00007fa2272d4000,0x00007fa2273d4000) (1024K)]
  0x00007fa26c23d870 ConcurrentGCThread "G1 Service"                [id=3430751, stack(0x00007fa2271d3000,0x00007fa2272d3000) (1024K)]
Total: 7

Threads with active compile tasks:
C2 CompilerThread0  41272    3   !b        jit::caller3 (40 bytes)
Total: 1

VM state: not at safepoint (normal execution)

VM Mutex/Monitor currently owned by a thread: None

Heap address: 0x00000000a0000000, size: 30208 MB, Compressed Oops mode: Zero based, Oop shift amount: 3

CDS archive(s) mapped at: [0x00007fa1d6000000-0x00007fa1d6e62000-0x00007fa1d6e62000), size 15081472, SharedBaseAddress: 0x00007fa1d6000000, ArchiveRelocationMode: 1.
Compressed class space mapped at: 0x00007fa1d7000000-0x00007fa217000000, reserved size: 1073741824
Narrow klass base: 0x00007fa1d6000000, Narrow klass shift: 0, Narrow klass range: 0x100000000

GC Precious Log:
 CardTable entry size: 512
 Card Set container configuration: InlinePtr #cards 3 size 8 Array Of Cards #cards 128 size 272 Howl #buckets 8 coarsen threshold 29491 Howl Bitmap #cards 4096 size 528 coarsen threshold 3686 Card regions per heap region 1 cards per card region 32768
 CPUs: 112 total, 112 available
 Memory: 754G
 Large Page Support: Disabled
 NUMA Support: Disabled
 Compressed Oops: Enabled (Zero based)
 Heap Region Size: 16M
 Heap Min Capacity: 16M
 Heap Initial Capacity: 2G
 Heap Max Capacity: 30208M
 Pre-touch: Disabled
 Parallel Workers: 73
 Concurrent Workers: 18
 Concurrent Refinement Workers: 73
 Periodic GC: Disabled

Heap:
 garbage-first heap   total reserved 30932992K, committed 2113536K, used 1118K [0x00000000a0000000, 0x0000000800000000)
  region size 16384K, 1 young (16384K), 0 survivors (0K)
 Metaspace       used 79K, committed 320K, reserved 1114112K
  class space    used 3K, committed 128K, reserved 1048576K

Heap Regions: E=young(eden), S=young(survivor), O=old, HS=humongous(starts), HC=humongous(continues), CS=collection set, F=free, TAMS=top-at-mark-start, PB=parsable bottom
|   0|0x00000000a0000000, 0x00000000a0000000, 0x00000000a1000000|  0%| F|  |TAMS 0x00000000a0000000| PB 0x00000000a0000000| Untracked |  0
|   1|0x00000000a1000000, 0x00000000a1000000, 0x00000000a2000000|  0%| F|  |TAMS 0x00000000a1000000| PB 0x00000000a1000000| Untracked |  0
|   2|0x00000000a2000000, 0x00000000a2000000, 0x00000000a3000000|  0%| F|  |TAMS 0x00000000a2000000| PB 0x00000000a2000000| Untracked |  0
|   3|0x00000000a3000000, 0x00000000a3000000, 0x00000000a4000000|  0%| F|  |TAMS 0x00000000a3000000| PB 0x00000000a3000000| Untracked |  0
|   4|0x00000000a4000000, 0x00000000a4000000, 0x00000000a5000000|  0%| F|  |TAMS 0x00000000a4000000| PB 0x00000000a4000000| Untracked |  0
|   5|0x00000000a5000000, 0x00000000a5000000, 0x00000000a6000000|  0%| F|  |TAMS 0x00000000a5000000| PB 0x00000000a5000000| Untracked |  0
|   6|0x00000000a6000000, 0x00000000a6000000, 0x00000000a7000000|  0%| F|  |TAMS 0x00000000a6000000| PB 0x00000000a6000000| Untracked |  0
|   7|0x00000000a7000000, 0x00000000a7000000, 0x00000000a8000000|  0%| F|  |TAMS 0x00000000a7000000| PB 0x00000000a7000000| Untracked |  0
|   8|0x00000000a8000000, 0x00000000a8000000, 0x00000000a9000000|  0%| F|  |TAMS 0x00000000a8000000| PB 0x00000000a8000000| Untracked |  0
|   9|0x00000000a9000000, 0x00000000a9000000, 0x00000000aa000000|  0%| F|  |TAMS 0x00000000a9000000| PB 0x00000000a9000000| Untracked |  0
|  10|0x00000000aa000000, 0x00000000aa000000, 0x00000000ab000000|  0%| F|  |TAMS 0x00000000aa000000| PB 0x00000000aa000000| Untracked |  0
|  11|0x00000000ab000000, 0x00000000ab000000, 0x00000000ac000000|  0%| F|  |TAMS 0x00000000ab000000| PB 0x00000000ab000000| Untracked |  0
|  12|0x00000000ac000000, 0x00000000ac000000, 0x00000000ad000000|  0%| F|  |TAMS 0x00000000ac000000| PB 0x00000000ac000000| Untracked |  0
|  13|0x00000000ad000000, 0x00000000ad000000, 0x00000000ae000000|  0%| F|  |TAMS 0x00000000ad000000| PB 0x00000000ad000000| Untracked |  0
|  14|0x00000000ae000000, 0x00000000ae000000, 0x00000000af000000|  0%| F|  |TAMS 0x00000000ae000000| PB 0x00000000ae000000| Untracked |  0
|  15|0x00000000af000000, 0x00000000af000000, 0x00000000b0000000|  0%| F|  |TAMS 0x00000000af000000| PB 0x00000000af000000| Untracked |  0
|  16|0x00000000b0000000, 0x00000000b0000000, 0x00000000b1000000|  0%| F|  |TAMS 0x00000000b0000000| PB 0x00000000b0000000| Untracked |  0
|  17|0x00000000b1000000, 0x00000000b1000000, 0x00000000b2000000|  0%| F|  |TAMS 0x00000000b1000000| PB 0x00000000b1000000| Untracked |  0
|  18|0x00000000b2000000, 0x00000000b2000000, 0x00000000b3000000|  0%| F|  |TAMS 0x00000000b2000000| PB 0x00000000b2000000| Untracked |  0
|  19|0x00000000b3000000, 0x00000000b3000000, 0x00000000b4000000|  0%| F|  |TAMS 0x00000000b3000000| PB 0x00000000b3000000| Untracked |  0
|  20|0x00000000b4000000, 0x00000000b4000000, 0x00000000b5000000|  0%| F|  |TAMS 0x00000000b4000000| PB 0x00000000b4000000| Untracked |  0
|  21|0x00000000b5000000, 0x00000000b5000000, 0x00000000b6000000|  0%| F|  |TAMS 0x00000000b5000000| PB 0x00000000b5000000| Untracked |  0
|  22|0x00000000b6000000, 0x00000000b6000000, 0x00000000b7000000|  0%| F|  |TAMS 0x00000000b6000000| PB 0x00000000b6000000| Untracked |  0
|  23|0x00000000b7000000, 0x00000000b7000000, 0x00000000b8000000|  0%| F|  |TAMS 0x00000000b7000000| PB 0x00000000b7000000| Untracked |  0
|  24|0x00000000b8000000, 0x00000000b8000000, 0x00000000b9000000|  0%| F|  |TAMS 0x00000000b8000000| PB 0x00000000b8000000| Untracked |  0
|  25|0x00000000b9000000, 0x00000000b9000000, 0x00000000ba000000|  0%| F|  |TAMS 0x00000000b9000000| PB 0x00000000b9000000| Untracked |  0
|  26|0x00000000ba000000, 0x00000000ba000000, 0x00000000bb000000|  0%| F|  |TAMS 0x00000000ba000000| PB 0x00000000ba000000| Untracked |  0
|  27|0x00000000bb000000, 0x00000000bb000000, 0x00000000bc000000|  0%| F|  |TAMS 0x00000000bb000000| PB 0x00000000bb000000| Untracked |  0
|  28|0x00000000bc000000, 0x00000000bc000000, 0x00000000bd000000|  0%| F|  |TAMS 0x00000000bc000000| PB 0x00000000bc000000| Untracked |  0
|  29|0x00000000bd000000, 0x00000000bd000000, 0x00000000be000000|  0%| F|  |TAMS 0x00000000bd000000| PB 0x00000000bd000000| Untracked |  0
|  30|0x00000000be000000, 0x00000000be000000, 0x00000000bf000000|  0%| F|  |TAMS 0x00000000be000000| PB 0x00000000be000000| Untracked |  0
|  31|0x00000000bf000000, 0x00000000bf000000, 0x00000000c0000000|  0%| F|  |TAMS 0x00000000bf000000| PB 0x00000000bf000000| Untracked |  0
|  32|0x00000000c0000000, 0x00000000c0000000, 0x00000000c1000000|  0%| F|  |TAMS 0x00000000c0000000| PB 0x00000000c0000000| Untracked |  0
|  33|0x00000000c1000000, 0x00000000c1000000, 0x00000000c2000000|  0%| F|  |TAMS 0x00000000c1000000| PB 0x00000000c1000000| Untracked |  0
|  34|0x00000000c2000000, 0x00000000c2000000, 0x00000000c3000000|  0%| F|  |TAMS 0x00000000c2000000| PB 0x00000000c2000000| Untracked |  0
|  35|0x00000000c3000000, 0x00000000c3000000, 0x00000000c4000000|  0%| F|  |TAMS 0x00000000c3000000| PB 0x00000000c3000000| Untracked |  0
|  36|0x00000000c4000000, 0x00000000c4000000, 0x00000000c5000000|  0%| F|  |TAMS 0x00000000c4000000| PB 0x00000000c4000000| Untracked |  0
|  37|0x00000000c5000000, 0x00000000c5000000, 0x00000000c6000000|  0%| F|  |TAMS 0x00000000c5000000| PB 0x00000000c5000000| Untracked |  0
|  38|0x00000000c6000000, 0x00000000c6000000, 0x00000000c7000000|  0%| F|  |TAMS 0x00000000c6000000| PB 0x00000000c6000000| Untracked |  0
|  39|0x00000000c7000000, 0x00000000c7000000, 0x00000000c8000000|  0%| F|  |TAMS 0x00000000c7000000| PB 0x00000000c7000000| Untracked |  0
|  40|0x00000000c8000000, 0x00000000c8000000, 0x00000000c9000000|  0%| F|  |TAMS 0x00000000c8000000| PB 0x00000000c8000000| Untracked |  0
|  41|0x00000000c9000000, 0x00000000c9000000, 0x00000000ca000000|  0%| F|  |TAMS 0x00000000c9000000| PB 0x00000000c9000000| Untracked |  0
|  42|0x00000000ca000000, 0x00000000ca000000, 0x00000000cb000000|  0%| F|  |TAMS 0x00000000ca000000| PB 0x00000000ca000000| Untracked |  0
|  43|0x00000000cb000000, 0x00000000cb000000, 0x00000000cc000000|  0%| F|  |TAMS 0x00000000cb000000| PB 0x00000000cb000000| Untracked |  0
|  44|0x00000000cc000000, 0x00000000cc000000, 0x00000000cd000000|  0%| F|  |TAMS 0x00000000cc000000| PB 0x00000000cc000000| Untracked |  0
|  45|0x00000000cd000000, 0x00000000cd000000, 0x00000000ce000000|  0%| F|  |TAMS 0x00000000cd000000| PB 0x00000000cd000000| Untracked |  0
|  46|0x00000000ce000000, 0x00000000ce000000, 0x00000000cf000000|  0%| F|  |TAMS 0x00000000ce000000| PB 0x00000000ce000000| Untracked |  0
|  47|0x00000000cf000000, 0x00000000cf000000, 0x00000000d0000000|  0%| F|  |TAMS 0x00000000cf000000| PB 0x00000000cf000000| Untracked |  0
|  48|0x00000000d0000000, 0x00000000d0000000, 0x00000000d1000000|  0%| F|  |TAMS 0x00000000d0000000| PB 0x00000000d0000000| Untracked |  0
|  49|0x00000000d1000000, 0x00000000d1000000, 0x00000000d2000000|  0%| F|  |TAMS 0x00000000d1000000| PB 0x00000000d1000000| Untracked |  0
|  50|0x00000000d2000000, 0x00000000d2000000, 0x00000000d3000000|  0%| F|  |TAMS 0x00000000d2000000| PB 0x00000000d2000000| Untracked |  0
|  51|0x00000000d3000000, 0x00000000d3000000, 0x00000000d4000000|  0%| F|  |TAMS 0x00000000d3000000| PB 0x00000000d3000000| Untracked |  0
|  52|0x00000000d4000000, 0x00000000d4000000, 0x00000000d5000000|  0%| F|  |TAMS 0x00000000d4000000| PB 0x00000000d4000000| Untracked |  0
|  53|0x00000000d5000000, 0x00000000d5000000, 0x00000000d6000000|  0%| F|  |TAMS 0x00000000d5000000| PB 0x00000000d5000000| Untracked |  0
|  54|0x00000000d6000000, 0x00000000d6000000, 0x00000000d7000000|  0%| F|  |TAMS 0x00000000d6000000| PB 0x00000000d6000000| Untracked |  0
|  55|0x00000000d7000000, 0x00000000d7000000, 0x00000000d8000000|  0%| F|  |TAMS 0x00000000d7000000| PB 0x00000000d7000000| Untracked |  0
|  56|0x00000000d8000000, 0x00000000d8000000, 0x00000000d9000000|  0%| F|  |TAMS 0x00000000d8000000| PB 0x00000000d8000000| Untracked |  0
|  57|0x00000000d9000000, 0x00000000d9000000, 0x00000000da000000|  0%| F|  |TAMS 0x00000000d9000000| PB 0x00000000d9000000| Untracked |  0
|  58|0x00000000da000000, 0x00000000da000000, 0x00000000db000000|  0%| F|  |TAMS 0x00000000da000000| PB 0x00000000da000000| Untracked |  0
|  59|0x00000000db000000, 0x00000000db000000, 0x00000000dc000000|  0%| F|  |TAMS 0x00000000db000000| PB 0x00000000db000000| Untracked |  0
|  60|0x00000000dc000000, 0x00000000dc000000, 0x00000000dd000000|  0%| F|  |TAMS 0x00000000dc000000| PB 0x00000000dc000000| Untracked |  0
|  61|0x00000000dd000000, 0x00000000dd000000, 0x00000000de000000|  0%| F|  |TAMS 0x00000000dd000000| PB 0x00000000dd000000| Untracked |  0
|  62|0x00000000de000000, 0x00000000de000000, 0x00000000df000000|  0%| F|  |TAMS 0x00000000de000000| PB 0x00000000de000000| Untracked |  0
|  63|0x00000000df000000, 0x00000000df000000, 0x00000000e0000000|  0%| F|  |TAMS 0x00000000df000000| PB 0x00000000df000000| Untracked |  0
|  64|0x00000000e0000000, 0x00000000e0000000, 0x00000000e1000000|  0%| F|  |TAMS 0x00000000e0000000| PB 0x00000000e0000000| Untracked |  0
|  65|0x00000000e1000000, 0x00000000e1000000, 0x00000000e2000000|  0%| F|  |TAMS 0x00000000e1000000| PB 0x00000000e1000000| Untracked |  0
|  66|0x00000000e2000000, 0x00000000e2000000, 0x00000000e3000000|  0%| F|  |TAMS 0x00000000e2000000| PB 0x00000000e2000000| Untracked |  0
|  67|0x00000000e3000000, 0x00000000e3000000, 0x00000000e4000000|  0%| F|  |TAMS 0x00000000e3000000| PB 0x00000000e3000000| Untracked |  0
|  68|0x00000000e4000000, 0x00000000e4000000, 0x00000000e5000000|  0%| F|  |TAMS 0x00000000e4000000| PB 0x00000000e4000000| Untracked |  0
|  69|0x00000000e5000000, 0x00000000e5000000, 0x00000000e6000000|  0%| F|  |TAMS 0x00000000e5000000| PB 0x00000000e5000000| Untracked |  0
|  70|0x00000000e6000000, 0x00000000e6000000, 0x00000000e7000000|  0%| F|  |TAMS 0x00000000e6000000| PB 0x00000000e6000000| Untracked |  0
|  71|0x00000000e7000000, 0x00000000e7000000, 0x00000000e8000000|  0%| F|  |TAMS 0x00000000e7000000| PB 0x00000000e7000000| Untracked |  0
|  72|0x00000000e8000000, 0x00000000e8000000, 0x00000000e9000000|  0%| F|  |TAMS 0x00000000e8000000| PB 0x00000000e8000000| Untracked |  0
|  73|0x00000000e9000000, 0x00000000e9000000, 0x00000000ea000000|  0%| F|  |TAMS 0x00000000e9000000| PB 0x00000000e9000000| Untracked |  0
|  74|0x00000000ea000000, 0x00000000ea000000, 0x00000000eb000000|  0%| F|  |TAMS 0x00000000ea000000| PB 0x00000000ea000000| Untracked |  0
|  75|0x00000000eb000000, 0x00000000eb000000, 0x00000000ec000000|  0%| F|  |TAMS 0x00000000eb000000| PB 0x00000000eb000000| Untracked |  0
|  76|0x00000000ec000000, 0x00000000ec000000, 0x00000000ed000000|  0%| F|  |TAMS 0x00000000ec000000| PB 0x00000000ec000000| Untracked |  0
|  77|0x00000000ed000000, 0x00000000ed000000, 0x00000000ee000000|  0%| F|  |TAMS 0x00000000ed000000| PB 0x00000000ed000000| Untracked |  0
|  78|0x00000000ee000000, 0x00000000ee000000, 0x00000000ef000000|  0%| F|  |TAMS 0x00000000ee000000| PB 0x00000000ee000000| Untracked |  0
|  79|0x00000000ef000000, 0x00000000ef000000, 0x00000000f0000000|  0%| F|  |TAMS 0x00000000ef000000| PB 0x00000000ef000000| Untracked |  0
|  80|0x00000000f0000000, 0x00000000f0000000, 0x00000000f1000000|  0%| F|  |TAMS 0x00000000f0000000| PB 0x00000000f0000000| Untracked |  0
|  81|0x00000000f1000000, 0x00000000f1000000, 0x00000000f2000000|  0%| F|  |TAMS 0x00000000f1000000| PB 0x00000000f1000000| Untracked |  0
|  82|0x00000000f2000000, 0x00000000f2000000, 0x00000000f3000000|  0%| F|  |TAMS 0x00000000f2000000| PB 0x00000000f2000000| Untracked |  0
|  83|0x00000000f3000000, 0x00000000f3000000, 0x00000000f4000000|  0%| F|  |TAMS 0x00000000f3000000| PB 0x00000000f3000000| Untracked |  0
|  84|0x00000000f4000000, 0x00000000f4000000, 0x00000000f5000000|  0%| F|  |TAMS 0x00000000f4000000| PB 0x00000000f4000000| Untracked |  0
|  85|0x00000000f5000000, 0x00000000f5000000, 0x00000000f6000000|  0%| F|  |TAMS 0x00000000f5000000| PB 0x00000000f5000000| Untracked |  0
|  86|0x00000000f6000000, 0x00000000f6000000, 0x00000000f7000000|  0%| F|  |TAMS 0x00000000f6000000| PB 0x00000000f6000000| Untracked |  0
|  87|0x00000000f7000000, 0x00000000f7000000, 0x00000000f8000000|  0%| F|  |TAMS 0x00000000f7000000| PB 0x00000000f7000000| Untracked |  0
|  88|0x00000000f8000000, 0x00000000f8000000, 0x00000000f9000000|  0%| F|  |TAMS 0x00000000f8000000| PB 0x00000000f8000000| Untracked |  0
|  89|0x00000000f9000000, 0x00000000f9000000, 0x00000000fa000000|  0%| F|  |TAMS 0x00000000f9000000| PB 0x00000000f9000000| Untracked |  0
|  90|0x00000000fa000000, 0x00000000fa000000, 0x00000000fb000000|  0%| F|  |TAMS 0x00000000fa000000| PB 0x00000000fa000000| Untracked |  0
|  91|0x00000000fb000000, 0x00000000fb000000, 0x00000000fc000000|  0%| F|  |TAMS 0x00000000fb000000| PB 0x00000000fb000000| Untracked |  0
|  92|0x00000000fc000000, 0x00000000fc000000, 0x00000000fd000000|  0%| F|  |TAMS 0x00000000fc000000| PB 0x00000000fc000000| Untracked |  0
|  93|0x00000000fd000000, 0x00000000fd000000, 0x00000000fe000000|  0%| F|  |TAMS 0x00000000fd000000| PB 0x00000000fd000000| Untracked |  0
|  94|0x00000000fe000000, 0x00000000fe000000, 0x00000000ff000000|  0%| F|  |TAMS 0x00000000fe000000| PB 0x00000000fe000000| Untracked |  0
|  95|0x00000000ff000000, 0x00000000ff000000, 0x0000000100000000|  0%| F|  |TAMS 0x00000000ff000000| PB 0x00000000ff000000| Untracked |  0
|  96|0x0000000100000000, 0x0000000100000000, 0x0000000101000000|  0%| F|  |TAMS 0x0000000100000000| PB 0x0000000100000000| Untracked |  0
|  97|0x0000000101000000, 0x0000000101000000, 0x0000000102000000|  0%| F|  |TAMS 0x0000000101000000| PB 0x0000000101000000| Untracked |  0
|  98|0x0000000102000000, 0x0000000102000000, 0x0000000103000000|  0%| F|  |TAMS 0x0000000102000000| PB 0x0000000102000000| Untracked |  0
|  99|0x0000000103000000, 0x0000000103000000, 0x0000000104000000|  0%| F|  |TAMS 0x0000000103000000| PB 0x0000000103000000| Untracked |  0
| 100|0x0000000104000000, 0x0000000104000000, 0x0000000105000000|  0%| F|  |TAMS 0x0000000104000000| PB 0x0000000104000000| Untracked |  0
| 101|0x0000000105000000, 0x0000000105000000, 0x0000000106000000|  0%| F|  |TAMS 0x0000000105000000| PB 0x0000000105000000| Untracked |  0
| 102|0x0000000106000000, 0x0000000106000000, 0x0000000107000000|  0%| F|  |TAMS 0x0000000106000000| PB 0x0000000106000000| Untracked |  0
| 103|0x0000000107000000, 0x0000000107000000, 0x0000000108000000|  0%| F|  |TAMS 0x0000000107000000| PB 0x0000000107000000| Untracked |  0
| 104|0x0000000108000000, 0x0000000108000000, 0x0000000109000000|  0%| F|  |TAMS 0x0000000108000000| PB 0x0000000108000000| Untracked |  0
| 105|0x0000000109000000, 0x0000000109000000, 0x000000010a000000|  0%| F|  |TAMS 0x0000000109000000| PB 0x0000000109000000| Untracked |  0
| 106|0x000000010a000000, 0x000000010a000000, 0x000000010b000000|  0%| F|  |TAMS 0x000000010a000000| PB 0x000000010a000000| Untracked |  0
| 107|0x000000010b000000, 0x000000010b000000, 0x000000010c000000|  0%| F|  |TAMS 0x000000010b000000| PB 0x000000010b000000| Untracked |  0
| 108|0x000000010c000000, 0x000000010c000000, 0x000000010d000000|  0%| F|  |TAMS 0x000000010c000000| PB 0x000000010c000000| Untracked |  0
| 109|0x000000010d000000, 0x000000010d000000, 0x000000010e000000|  0%| F|  |TAMS 0x000000010d000000| PB 0x000000010d000000| Untracked |  0
| 110|0x000000010e000000, 0x000000010e000000, 0x000000010f000000|  0%| F|  |TAMS 0x000000010e000000| PB 0x000000010e000000| Untracked |  0
| 111|0x000000010f000000, 0x000000010f000000, 0x0000000110000000|  0%| F|  |TAMS 0x000000010f000000| PB 0x000000010f000000| Untracked |  0
| 112|0x0000000110000000, 0x0000000110000000, 0x0000000111000000|  0%| F|  |TAMS 0x0000000110000000| PB 0x0000000110000000| Untracked |  0
| 113|0x0000000111000000, 0x0000000111000000, 0x0000000112000000|  0%| F|  |TAMS 0x0000000111000000| PB 0x0000000111000000| Untracked |  0
| 114|0x0000000112000000, 0x0000000112000000, 0x0000000113000000|  0%| F|  |TAMS 0x0000000112000000| PB 0x0000000112000000| Untracked |  0
| 115|0x0000000113000000, 0x0000000113000000, 0x0000000114000000|  0%| F|  |TAMS 0x0000000113000000| PB 0x0000000113000000| Untracked |  0
| 116|0x0000000114000000, 0x0000000114000000, 0x0000000115000000|  0%| F|  |TAMS 0x0000000114000000| PB 0x0000000114000000| Untracked |  0
| 117|0x0000000115000000, 0x0000000115000000, 0x0000000116000000|  0%| F|  |TAMS 0x0000000115000000| PB 0x0000000115000000| Untracked |  0
| 118|0x0000000116000000, 0x0000000116000000, 0x0000000117000000|  0%| F|  |TAMS 0x0000000116000000| PB 0x0000000116000000| Untracked |  0
| 119|0x0000000117000000, 0x0000000117000000, 0x0000000118000000|  0%| F|  |TAMS 0x0000000117000000| PB 0x0000000117000000| Untracked |  0
| 120|0x0000000118000000, 0x0000000118000000, 0x0000000119000000|  0%| F|  |TAMS 0x0000000118000000| PB 0x0000000118000000| Untracked |  0
| 121|0x0000000119000000, 0x0000000119000000, 0x000000011a000000|  0%| F|  |TAMS 0x0000000119000000| PB 0x0000000119000000| Untracked |  0
| 122|0x000000011a000000, 0x000000011a000000, 0x000000011b000000|  0%| F|  |TAMS 0x000000011a000000| PB 0x000000011a000000| Untracked |  0
| 123|0x000000011b000000, 0x000000011b000000, 0x000000011c000000|  0%| F|  |TAMS 0x000000011b000000| PB 0x000000011b000000| Untracked |  0
| 124|0x000000011c000000, 0x000000011c000000, 0x000000011d000000|  0%| F|  |TAMS 0x000000011c000000| PB 0x000000011c000000| Untracked |  0
| 125|0x000000011d000000, 0x000000011d000000, 0x000000011e000000|  0%| F|  |TAMS 0x000000011d000000| PB 0x000000011d000000| Untracked |  0
| 126|0x000000011e000000, 0x000000011e000000, 0x000000011f000000|  0%| F|  |TAMS 0x000000011e000000| PB 0x000000011e000000| Untracked |  0
| 127|0x000000011f000000, 0x000000011f999c38, 0x0000000120000000| 60%| E|  |TAMS 0x000000011f000000| PB 0x000000011f000000| Complete |  0
|1887|0x00000007ff000000, 0x00000007ff117958, 0x0000000800000000|  6%| O|  |TAMS 0x00000007ff000000| PB 0x00000007ff000000| Untracked |  0

Card table byte_map: [0x00007fa257c8d000,0x00007fa25b78d000] _byte_map_base: 0x00007fa25778d000

Marking Bits: (CMBitMap*) 0x00007fa26c06be10
 Bits: [0x00007fa23a48d000, 0x00007fa257c8d000)

Polling page: 0x00007fa27671e000

Metaspace:

Usage:
  Non-class:     76.46 KB used.
      Class:      3.37 KB used.
       Both:     79.83 KB used.

Virtual space:
  Non-class space:       64.00 MB reserved,     192.00 KB ( <1%) committed,  1 nodes.
      Class space:        1.00 GB reserved,     128.00 KB ( <1%) committed,  1 nodes.
             Both:        1.06 GB reserved,     320.00 KB ( <1%) committed. 

Chunk freelists:
   Non-Class:  11.99 MB
       Class:  15.75 MB
        Both:  27.74 MB

MaxMetaspaceSize: unlimited
CompressedClassSpaceSize: 1.00 GB
Initial GC threshold: 21.00 MB
Current GC threshold: 21.00 MB
CDS: on
 - commit_granule_bytes: 65536.
 - commit_granule_words: 8192.
 - virtual_space_node_default_size: 8388608.
 - enlarge_chunks_in_place: 1.
 - use_allocation_guard: 0.


Internal statistics:

num_allocs: 1250.
num_deallocs: 0.
num_allocs_from_deallocated_blocks: 0.
num_chunks_retired: 0.
num_allocs_failed_limit: 0.
num_arena_births: 4.
num_arena_deaths: 0.
num_vsnodes_births: 2.
num_vsnodes_deaths: 0.
num_space_committed: 5.
num_space_uncommitted: 0.
num_chunks_returned_to_freelist: 0.
num_chunks_taken_from_freelist: 5.
num_chunk_merges: 0.
num_chunk_splits: 3.
num_chunks_enlarged: 2.
num_inconsistent_stats: 0.

CodeCache: size=49152Kb used=1340Kb max_used=1353Kb free=47811Kb
 bounds [0x00007fa27078e000, 0x00007fa2709fe000, 0x00007fa27378e000]
 total_blobs=630, nmethods=2, adapters=580, full_count=0
Compilation: enabled, stopped_count=0, restarted_count=0

Compilation events (1 events):
Event: 19.674 Thread 0x00007fa26c398c40    3   !b        jit::caller3 (40 bytes)

GC Heap History (0 events):
No events

Dll operation events (3 events):
Event: 18.246 Loaded shared library /home/jatinbha/sandboxes/apx-release/jdk/build/linux-x86_64-server-slowdebug/images/jdk/lib/libjava.so
Event: 19.296 Loaded shared library /home/jatinbha/sandboxes/apx-release/jdk/build/linux-x86_64-server-slowdebug/images/jdk/lib/libsimdsort.so
Event: 19.368 Loaded shared library /home/jatinbha/sandboxes/apx-release/jdk/build/linux-x86_64-server-slowdebug/images/jdk/lib/libjsvml.so

Deoptimization events (0 events):
No events

Classes loaded (6 events):
Event: 19.183 Loading class jdk/internal/vm/PostVMInitHook
Event: 19.183 Loading class jdk/internal/vm/PostVMInitHook done
Event: 19.370 Loading class jdk/internal/loader/URLClassPath$FileLoader
Event: 19.371 Loading class jdk/internal/loader/URLClassPath$FileLoader done
Event: 19.375 Loading class jdk/internal/loader/URLClassPath$FileLoader$1
Event: 19.375 Loading class jdk/internal/loader/URLClassPath$FileLoader$1 done

Classes unloaded (0 events):
No events

Classes redefined (0 events):
No events

Internal exceptions (0 events):
No events

VM Operations (0 events):
No events

Memory protections (9 events):
Event: 18.167 Protecting memory [0x00007fa2737e9000,0x00007fa2737ed000] with protection modes 0
Event: 19.155 Protecting memory [0x00007fa226842000,0x00007fa226846000] with protection modes 0
Event: 19.156 Protecting memory [0x00007fa226741000,0x00007fa226745000] with protection modes 0
Event: 19.157 Protecting memory [0x00007fa226640000,0x00007fa226644000] with protection modes 0
Event: 19.158 Protecting memory [0x00007fa22653f000,0x00007fa226543000] with protection modes 0
Event: 19.158 Protecting memory [0x00007fa22643e000,0x00007fa226442000] with protection modes 0
Event: 19.158 Protecting memory [0x00007fa22633d000,0x00007fa226341000] with protection modes 0
Event: 19.183 Protecting memory [0x00007fa22623c000,0x00007fa226240000] with protection modes 0
Event: 19.386 Protecting memory [0x00007fa225fd0000,0x00007fa225fd4000] with protection modes 0

Nmethod flushes (0 events):
No events

Events (9 events):
Event: 18.983 Thread 0x00007fa26c02c1e0 Thread added: 0x00007fa26c02c1e0
Event: 19.155 Thread 0x00007fa26c02c1e0 Thread added: 0x00007fa26c380c60
Event: 19.156 Thread 0x00007fa26c02c1e0 Thread added: 0x00007fa26c382570
Event: 19.157 Thread 0x00007fa26c02c1e0 Thread added: 0x00007fa26c3848b0
Event: 19.158 Thread 0x00007fa26c02c1e0 Thread added: 0x00007fa26c386200
Event: 19.158 Thread 0x00007fa26c02c1e0 Thread added: 0x00007fa26c387a10
Event: 19.158 Thread 0x00007fa26c02c1e0 Thread added: 0x00007fa26c398c40
Event: 19.183 Thread 0x00007fa26c02c1e0 Thread added: 0x00007fa26c3c1070
Event: 19.386 Thread 0x00007fa26c02c1e0 Thread added: 0x00007fa26c3c7d90


Dynamic libraries:
a0000000-120000000 rw-p 00000000 00:00 0 
120000000-7ff000000 ---p 00000000 00:00 0 
7ff000000-7ff118000 rw-p 00e92000 08:02 26102211                         /home/jatinbha/sandboxes/apx-release/jdk/build/linux-x86_64-server-slowdebug/images/jdk/lib/server/classes.jsa
7ff118000-800000000 rw-p 00000000 00:00 0 
56369cba2000-56369cba3000 r--p 00000000 08:02 26101624                   /home/jatinbha/sandboxes/apx-release/jdk/build/linux-x86_64-server-slowdebug/images/jdk/bin/java
56369cba3000-56369cba4000 r-xp 00001000 08:02 26101624                   /home/jatinbha/sandboxes/apx-release/jdk/build/linux-x86_64-server-slowdebug/images/jdk/bin/java
56369cba4000-56369cba5000 r--p 00002000 08:02 26101624                   /home/jatinbha/sandboxes/apx-release/jdk/build/linux-x86_64-server-slowdebug/images/jdk/bin/java
56369cba5000-56369cba6000 r--p 00002000 08:02 26101624                   /home/jatinbha/sandboxes/apx-release/jdk/build/linux-x86_64-server-slowdebug/images/jdk/bin/java
56369cba6000-56369cba7000 rw-p 00003000 08:02 26101624                   /home/jatinbha/sandboxes/apx-release/jdk/build/linux-x86_64-server-slowdebug/images/jdk/bin/java
56369da4b000-56369da91000 rw-p 00000000 00:00 0                          [heap]
7fa1ac000000-7fa1ac021000 rw-p 00000000 00:00 0 
7fa1ac021000-7fa1b0000000 ---p 00000000 00:00 0 
7fa1b0000000-7fa1b0021000 rw-p 00000000 00:00 0 
7fa1b0021000-7fa1b4000000 ---p 00000000 00:00 0 
7fa1b4000000-7fa1b4021000 rw-p 00000000 00:00 0 
7fa1b4021000-7fa1b8000000 ---p 00000000 00:00 0 
7fa1b8000000-7fa1b8077000 rw-p 00000000 00:00 0 
7fa1b8077000-7fa1bc000000 ---p 00000000 00:00 0 
7fa1bc000000-7fa1bc021000 rw-p 00000000 00:00 0 
7fa1bc021000-7fa1c0000000 ---p 00000000 00:00 0 
7fa1c0000000-7fa1c0021000 rw-p 00000000 00:00 0 
7fa1c0021000-7fa1c4000000 ---p 00000000 00:00 0 
7fa1c4000000-7fa1c4021000 rw-p 00000000 00:00 0 
7fa1c4021000-7fa1c8000000 ---p 00000000 00:00 0 
7fa1c8000000-7fa1c8021000 rw-p 00000000 00:00 0 
7fa1c8021000-7fa1cc000000 ---p 00000000 00:00 0 
7fa1cc000000-7fa1cc021000 rw-p 00000000 00:00 0 
7fa1cc021000-7fa1d0000000 ---p 00000000 00:00 0 
7fa1d2000000-7fa1d2020000 rw-p 00000000 00:00 0 
7fa1d2020000-7fa1d2400000 ---p 00000000 00:00 0 
7fa1d2400000-7fa1d2410000 rw-p 00000000 00:00 0 
7fa1d2410000-7fa1d6000000 ---p 00000000 00:00 0 
7fa1d6000000-7fa1d6e62000 rw-p 00001000 08:02 26102211                   /home/jatinbha/sandboxes/apx-release/jdk/build/linux-x86_64-server-slowdebug/images/jdk/lib/server/classes.jsa
7fa1d6e62000-7fa1d7000000 ---p 00000000 00:00 0 
7fa1d7000000-7fa1d7010000 rw-p 00000000 00:00 0 
7fa1d7010000-7fa1d7040000 ---p 00000000 00:00 0 
7fa1d7040000-7fa1d7050000 rw-p 00000000 00:00 0 
7fa1d7050000-7fa217000000 ---p 00000000 00:00 0 
7fa2170d6000-7fa218000000 rw-p 00000000 00:00 0 
7fa218000000-7fa218021000 rw-p 00000000 00:00 0 
7fa218021000-7fa21c000000 ---p 00000000 00:00 0 
7fa21c000000-7fa21c021000 rw-p 00000000 00:00 0 
7fa21c021000-7fa220000000 ---p 00000000 00:00 0 
7fa220000000-7fa220021000 rw-p 00000000 00:00 0 
7fa220021000-7fa224000000 ---p 00000000 00:00 0 
7fa2241d7000-7fa225fd0000 rw-p 00000000 00:00 0 
7fa225fd0000-7fa225fd4000 ---p 00000000 00:00 0 
7fa225fd4000-7fa2260d1000 rw-p 00000000 00:00 0 
7fa2260d1000-7fa2260d5000 r--p 00000000 08:02 26101688                   /home/jatinbha/sandboxes/apx-release/jdk/build/linux-x86_64-server-slowdebug/images/jdk/lib/libjsvml.so
7fa2260d5000-7fa226116000 r-xp 00004000 08:02 26101688                   /home/jatinbha/sandboxes/apx-release/jdk/build/linux-x86_64-server-slowdebug/images/jdk/lib/libjsvml.so
7fa226116000-7fa22619f000 r--p 00045000 08:02 26101688                   /home/jatinbha/sandboxes/apx-release/jdk/build/linux-x86_64-server-slowdebug/images/jdk/lib/libjsvml.so
7fa22619f000-7fa2261a0000 r--p 000cd000 08:02 26101688                   /home/jatinbha/sandboxes/apx-release/jdk/build/linux-x86_64-server-slowdebug/images/jdk/lib/libjsvml.so
7fa2261a0000-7fa2261a1000 rw-p 000ce000 08:02 26101688                   /home/jatinbha/sandboxes/apx-release/jdk/build/linux-x86_64-server-slowdebug/images/jdk/lib/libjsvml.so
7fa2261a1000-7fa2261a4000 r--p 00000000 08:02 26101637                   /home/jatinbha/sandboxes/apx-release/jdk/build/linux-x86_64-server-slowdebug/images/jdk/lib/libsimdsort.so
7fa2261a4000-7fa226229000 r-xp 00003000 08:02 26101637                   /home/jatinbha/sandboxes/apx-release/jdk/build/linux-x86_64-server-slowdebug/images/jdk/lib/libsimdsort.so
7fa226229000-7fa22623a000 r--p 00088000 08:02 26101637                   /home/jatinbha/sandboxes/apx-release/jdk/build/linux-x86_64-server-slowdebug/images/jdk/lib/libsimdsort.so
7fa22623a000-7fa22623b000 r--p 00098000 08:02 26101637                   /home/jatinbha/sandboxes/apx-release/jdk/build/linux-x86_64-server-slowdebug/images/jdk/lib/libsimdsort.so
7fa22623b000-7fa22623c000 rw-p 00099000 08:02 26101637                   /home/jatinbha/sandboxes/apx-release/jdk/build/linux-x86_64-server-slowdebug/images/jdk/lib/libsimdsort.so
7fa22623c000-7fa226240000 ---p 00000000 00:00 0 
7fa226240000-7fa22633d000 rw-p 00000000 00:00 0 
7fa22633d000-7fa226341000 ---p 00000000 00:00 0 
7fa226341000-7fa22643e000 rw-p 00000000 00:00 0 
7fa22643e000-7fa226442000 ---p 00000000 00:00 0 
7fa226442000-7fa22653f000 rw-p 00000000 00:00 0 
7fa22653f000-7fa226543000 ---p 00000000 00:00 0 
7fa226543000-7fa226640000 rw-p 00000000 00:00 0 
7fa226640000-7fa226644000 ---p 00000000 00:00 0 
7fa226644000-7fa226741000 rw-p 00000000 00:00 0 
7fa226741000-7fa226745000 ---p 00000000 00:00 0 
7fa226745000-7fa226842000 rw-p 00000000 00:00 0 
7fa226842000-7fa226846000 ---p 00000000 00:00 0 
7fa226846000-7fa226943000 rw-p 00000000 00:00 0 
7fa226943000-7fa226eb3000 r--p 00000000 08:02 7078745                    /usr/lib/locale/locale-archive
7fa226eb3000-7fa226eb4000 ---p 00000000 00:00 0 
7fa226eb4000-7fa226fb4000 rw-p 00000000 00:00 0 
7fa226fb4000-7fa226fb5000 ---p 00000000 00:00 0 
7fa226fb5000-7fa2271d2000 rw-p 00000000 00:00 0 
7fa2271d2000-7fa2271d3000 ---p 00000000 00:00 0 
7fa2271d3000-7fa2272d3000 rw-p 00000000 00:00 0 
7fa2272d3000-7fa2272d4000 ---p 00000000 00:00 0 
7fa2272d4000-7fa22c000000 rw-p 00000000 00:00 0 
7fa22c000000-7fa22c021000 rw-p 00000000 00:00 0 
7fa22c021000-7fa230000000 ---p 00000000 00:00 0 
7fa230000000-7fa230021000 rw-p 00000000 00:00 0 
7fa230021000-7fa234000000 ---p 00000000 00:00 0 
7fa234000000-7fa234021000 rw-p 00000000 00:00 0 
7fa234021000-7fa238000000 ---p 00000000 00:00 0 
7fa238007000-7fa239d24000 rw-p 00000000 00:00 0 
7fa239d24000-7fa239d25000 ---p 00000000 00:00 0 
7fa239d25000-7fa239e25000 rw-p 00000000 00:00 0 
7fa239e25000-7fa239e26000 ---p 00000000 00:00 0 
7fa239e26000-7fa239f26000 rw-p 00000000 00:00 0 
7fa239f26000-7fa239f27000 ---p 00000000 00:00 0 
7fa239f27000-7fa23c48d000 rw-p 00000000 00:00 0 
7fa23c48d000-7fa257c4d000 ---p 00000000 00:00 0 
7fa257c4d000-7fa25808d000 rw-p 00000000 00:00 0 
7fa25808d000-7fa25b785000 ---p 00000000 00:00 0 
7fa25b785000-7fa25bb8d000 rw-p 00000000 00:00 0 
7fa25bb8d000-7fa25f285000 ---p 00000000 00:00 0 
7fa25f285000-7fa2635bc000 rw-p 00000000 00:00 0 
7fa2635bc000-7fa26c000000 r--s 00000000 08:02 26101606                   /home/jatinbha/sandboxes/apx-release/jdk/build/linux-x86_64-server-slowdebug/images/jdk/lib/modules
7fa26c000000-7fa26c3cd000 rw-p 00000000 00:00 0 
7fa26c3cd000-7fa270000000 ---p 00000000 00:00 0 
7fa270020000-7fa270027000 r--s 00000000 08:02 7736501                    /usr/lib/x86_64-linux-gnu/gconv/gconv-modules.cache
7fa270027000-7fa270733000 rw-p 00000000 00:00 0 
7fa270733000-7fa27078e000 ---p 00000000 00:00 0 
7fa27078e000-7fa2709fe000 rwxp 00000000 00:00 0 
7fa2709fe000-7fa27378e000 ---p 00000000 00:00 0 
7fa27378e000-7fa27379a000 r--p 00000000 08:02 26101631                   /home/jatinbha/sandboxes/apx-release/jdk/build/linux-x86_64-server-slowdebug/images/jdk/lib/libjava.so
7fa27379a000-7fa2737b1000 r-xp 0000c000 08:02 26101631                   /home/jatinbha/sandboxes/apx-release/jdk/build/linux-x86_64-server-slowdebug/images/jdk/lib/libjava.so
7fa2737b1000-7fa2737b7000 r--p 00023000 08:02 26101631                   /home/jatinbha/sandboxes/apx-release/jdk/build/linux-x86_64-server-slowdebug/images/jdk/lib/libjava.so
7fa2737b7000-7fa2737b8000 ---p 00029000 08:02 26101631                   /home/jatinbha/sandboxes/apx-release/jdk/build/linux-x86_64-server-slowdebug/images/jdk/lib/libjava.so
7fa2737b8000-7fa2737b9000 r--p 00029000 08:02 26101631                   /home/jatinbha/sandboxes/apx-release/jdk/build/linux-x86_64-server-slowdebug/images/jdk/lib/libjava.so
7fa2737b9000-7fa2737bb000 rw-p 0002a000 08:02 26101631                   /home/jatinbha/sandboxes/apx-release/jdk/build/linux-x86_64-server-slowdebug/images/jdk/lib/libjava.so
7fa2737bb000-7fa2737c3000 rw-s 00000000 08:02 3670098                    /tmp/hsperfdata_intel/3430738
7fa2737c3000-7fa2737c7000 r--p 00000000 08:02 26101632                   /home/jatinbha/sandboxes/apx-release/jdk/build/linux-x86_64-server-slowdebug/images/jdk/lib/libjimage.so
7fa2737c7000-7fa2737de000 r-xp 00004000 08:02 26101632                   /home/jatinbha/sandboxes/apx-release/jdk/build/linux-x86_64-server-slowdebug/images/jdk/lib/libjimage.so
7fa2737de000-7fa2737e5000 r--p 0001b000 08:02 26101632                   /home/jatinbha/sandboxes/apx-release/jdk/build/linux-x86_64-server-slowdebug/images/jdk/lib/libjimage.so
7fa2737e5000-7fa2737e6000 ---p 00022000 08:02 26101632                   /home/jatinbha/sandboxes/apx-release/jdk/build/linux-x86_64-server-slowdebug/images/jdk/lib/libjimage.so
7fa2737e6000-7fa2737e8000 r--p 00022000 08:02 26101632                   /home/jatinbha/sandboxes/apx-release/jdk/build/linux-x86_64-server-slowdebug/images/jdk/lib/libjimage.so
7fa2737e8000-7fa2737e9000 rw-p 00024000 08:02 26101632                   /home/jatinbha/sandboxes/apx-release/jdk/build/linux-x86_64-server-slowdebug/images/jdk/lib/libjimage.so
7fa2737e9000-7fa2737ed000 ---p 00000000 00:00 0 
7fa2737ed000-7fa2738ea000 rw-p 00000000 00:00 0 
7fa2738ea000-7fa2738f9000 r--p 00000000 08:02 7080075                    /usr/lib/x86_64-linux-gnu/libm-2.31.so
7fa2738f9000-7fa2739a0000 r-xp 0000f000 08:02 7080075                    /usr/lib/x86_64-linux-gnu/libm-2.31.so
7fa2739a0000-7fa273a37000 r--p 000b6000 08:02 7080075                    /usr/lib/x86_64-linux-gnu/libm-2.31.so
7fa273a37000-7fa273a38000 r--p 0014c000 08:02 7080075                    /usr/lib/x86_64-linux-gnu/libm-2.31.so
7fa273a38000-7fa273a39000 rw-p 0014d000 08:02 7080075                    /usr/lib/x86_64-linux-gnu/libm-2.31.so
7fa273a39000-7fa273a3c000 r--p 00000000 08:02 7080092                    /usr/lib/x86_64-linux-gnu/librt-2.31.so
7fa273a3c000-7fa273a40000 r-xp 00003000 08:02 7080092                    /usr/lib/x86_64-linux-gnu/librt-2.31.so
7fa273a40000-7fa273a41000 r--p 00007000 08:02 7080092                    /usr/lib/x86_64-linux-gnu/librt-2.31.so
7fa273a41000-7fa273a42000 ---p 00008000 08:02 7080092                    /usr/lib/x86_64-linux-gnu/librt-2.31.so
7fa273a42000-7fa273a43000 r--p 00008000 08:02 7080092                    /usr/lib/x86_64-linux-gnu/librt-2.31.so
7fa273a43000-7fa273a44000 rw-p 00009000 08:02 7080092                    /usr/lib/x86_64-linux-gnu/librt-2.31.so
7fa273a44000-7fa273e2a000 r--p 00000000 08:02 26101646                   /home/jatinbha/sandboxes/apx-release/jdk/build/linux-x86_64-server-slowdebug/images/jdk/lib/server/libjvm.so
7fa273e2a000-7fa2752d9000 r-xp 003e6000 08:02 26101646                   /home/jatinbha/sandboxes/apx-release/jdk/build/linux-x86_64-server-slowdebug/images/jdk/lib/server/libjvm.so
7fa2752d9000-7fa276291000 r--p 01895000 08:02 26101646                   /home/jatinbha/sandboxes/apx-release/jdk/build/linux-x86_64-server-slowdebug/images/jdk/lib/server/libjvm.so
7fa276291000-7fa276292000 ---p 0284d000 08:02 26101646                   /home/jatinbha/sandboxes/apx-release/jdk/build/linux-x86_64-server-slowdebug/images/jdk/lib/server/libjvm.so
7fa276292000-7fa276396000 r--p 0284d000 08:02 26101646                   /home/jatinbha/sandboxes/apx-release/jdk/build/linux-x86_64-server-slowdebug/images/jdk/lib/server/libjvm.so
7fa276396000-7fa27640c000 rw-p 02951000 08:02 26101646                   /home/jatinbha/sandboxes/apx-release/jdk/build/linux-x86_64-server-slowdebug/images/jdk/lib/server/libjvm.so
7fa27640c000-7fa2764d3000 rw-p 00000000 00:00 0 
7fa2764d3000-7fa2764f8000 r--p 00000000 08:02 7080073                    /usr/lib/x86_64-linux-gnu/libc-2.31.so
7fa2764f8000-7fa276670000 r-xp 00025000 08:02 7080073                    /usr/lib/x86_64-linux-gnu/libc-2.31.so
7fa276670000-7fa2766ba000 r--p 0019d000 08:02 7080073                    /usr/lib/x86_64-linux-gnu/libc-2.31.so
7fa2766ba000-7fa2766bb000 ---p 001e7000 08:02 7080073                    /usr/lib/x86_64-linux-gnu/libc-2.31.so
7fa2766bb000-7fa2766be000 r--p 001e7000 08:02 7080073                    /usr/lib/x86_64-linux-gnu/libc-2.31.so
7fa2766be000-7fa2766c1000 rw-p 001ea000 08:02 7080073                    /usr/lib/x86_64-linux-gnu/libc-2.31.so
7fa2766c1000-7fa2766c5000 rw-p 00000000 00:00 0 
7fa2766c5000-7fa2766cc000 r--p 00000000 08:02 7080090                    /usr/lib/x86_64-linux-gnu/libpthread-2.31.so
7fa2766cc000-7fa2766dd000 r-xp 00007000 08:02 7080090                    /usr/lib/x86_64-linux-gnu/libpthread-2.31.so
7fa2766dd000-7fa2766e2000 r--p 00018000 08:02 7080090                    /usr/lib/x86_64-linux-gnu/libpthread-2.31.so
7fa2766e2000-7fa2766e3000 r--p 0001c000 08:02 7080090                    /usr/lib/x86_64-linux-gnu/libpthread-2.31.so
7fa2766e3000-7fa2766e4000 rw-p 0001d000 08:02 7080090                    /usr/lib/x86_64-linux-gnu/libpthread-2.31.so
7fa2766e4000-7fa2766e8000 rw-p 00000000 00:00 0 
7fa2766e8000-7fa2766e9000 r--p 00000000 08:02 7080074                    /usr/lib/x86_64-linux-gnu/libdl-2.31.so
7fa2766e9000-7fa2766eb000 r-xp 00001000 08:02 7080074                    /usr/lib/x86_64-linux-gnu/libdl-2.31.so
7fa2766eb000-7fa2766ec000 r--p 00003000 08:02 7080074                    /usr/lib/x86_64-linux-gnu/libdl-2.31.so
7fa2766ec000-7fa2766ed000 r--p 00003000 08:02 7080074                    /usr/lib/x86_64-linux-gnu/libdl-2.31.so
7fa2766ed000-7fa2766ee000 rw-p 00004000 08:02 7080074                    /usr/lib/x86_64-linux-gnu/libdl-2.31.so
7fa2766ee000-7fa2766f0000 r--p 00000000 08:02 7078082                    /usr/lib/x86_64-linux-gnu/libz.so.1.2.11
7fa2766f0000-7fa276701000 r-xp 00002000 08:02 7078082                    /usr/lib/x86_64-linux-gnu/libz.so.1.2.11
7fa276701000-7fa276707000 r--p 00013000 08:02 7078082                    /usr/lib/x86_64-linux-gnu/libz.so.1.2.11
7fa276707000-7fa276708000 ---p 00019000 08:02 7078082                    /usr/lib/x86_64-linux-gnu/libz.so.1.2.11
7fa276708000-7fa276709000 r--p 00019000 08:02 7078082                    /usr/lib/x86_64-linux-gnu/libz.so.1.2.11
7fa276709000-7fa27670a000 rw-p 0001a000 08:02 7078082                    /usr/lib/x86_64-linux-gnu/libz.so.1.2.11
7fa27670a000-7fa27670d000 r--p 00000000 08:02 7080081                    /usr/lib/x86_64-linux-gnu/libnss_files-2.31.so
7fa27670d000-7fa276714000 r-xp 00003000 08:02 7080081                    /usr/lib/x86_64-linux-gnu/libnss_files-2.31.so
7fa276714000-7fa276716000 r--p 0000a000 08:02 7080081                    /usr/lib/x86_64-linux-gnu/libnss_files-2.31.so
7fa276716000-7fa276717000 r--p 0000b000 08:02 7080081                    /usr/lib/x86_64-linux-gnu/libnss_files-2.31.so
7fa276717000-7fa276718000 rw-p 0000c000 08:02 7080081                    /usr/lib/x86_64-linux-gnu/libnss_files-2.31.so
7fa276718000-7fa27671e000 rw-p 00000000 00:00 0 
7fa27671e000-7fa27671f000 ---p 00000000 00:00 0 
7fa27671f000-7fa276720000 r--p 00000000 00:00 0 
7fa276720000-7fa276723000 r--p 00000000 08:02 26101633                   /home/jatinbha/sandboxes/apx-release/jdk/build/linux-x86_64-server-slowdebug/images/jdk/lib/libjli.so
7fa276723000-7fa276731000 r-xp 00003000 08:02 26101633                   /home/jatinbha/sandboxes/apx-release/jdk/build/linux-x86_64-server-slowdebug/images/jdk/lib/libjli.so
7fa276731000-7fa276735000 r--p 00011000 08:02 26101633                   /home/jatinbha/sandboxes/apx-release/jdk/build/linux-x86_64-server-slowdebug/images/jdk/lib/libjli.so
7fa276735000-7fa276736000 r--p 00014000 08:02 26101633                   /home/jatinbha/sandboxes/apx-release/jdk/build/linux-x86_64-server-slowdebug/images/jdk/lib/libjli.so
7fa276736000-7fa276737000 rw-p 00015000 08:02 26101633                   /home/jatinbha/sandboxes/apx-release/jdk/build/linux-x86_64-server-slowdebug/images/jdk/lib/libjli.so
7fa276737000-7fa276739000 rw-p 00000000 00:00 0 
7fa276739000-7fa27673a000 r--p 00000000 08:02 7080069                    /usr/lib/x86_64-linux-gnu/ld-2.31.so
7fa27673a000-7fa27675d000 r-xp 00001000 08:02 7080069                    /usr/lib/x86_64-linux-gnu/ld-2.31.so
7fa27675d000-7fa276765000 r--p 00024000 08:02 7080069                    /usr/lib/x86_64-linux-gnu/ld-2.31.so
7fa276765000-7fa276766000 ---p 00000000 00:00 0 
7fa276766000-7fa276767000 r--p 0002c000 08:02 7080069                    /usr/lib/x86_64-linux-gnu/ld-2.31.so
7fa276767000-7fa276768000 rw-p 0002d000 08:02 7080069                    /usr/lib/x86_64-linux-gnu/ld-2.31.so
7fa276768000-7fa276769000 rw-p 00000000 00:00 0 
7fffc9e1e000-7fffc9e3f000 rw-p 00000000 00:00 0                          [stack]
7fffc9e98000-7fffc9e9c000 r--p 00000000 00:00 0                          [vvar]
7fffc9e9c000-7fffc9e9e000 r-xp 00000000 00:00 0                          [vdso]
ffffffffff600000-ffffffffff601000 --xp 00000000 00:00 0                  [vsyscall]
Total number of mappings: 190


VM Arguments:
jvm_args: -XX:+PauseAtStartup -XX:-TieredCompilation -Xbatch -XX:CompileCommand=TraceSpilling,jit::caller3 -XX:CompileOnly=jit::caller3 -XX:-Inline 
java_command: jit
java_class_path (initial): .
Launcher Type: SUN_STANDARD

[Global flags]
     bool BackgroundCompilation                    = false                                  {pd product} {command line}  A thread requesting compilation is not blocked during compilation
     intx CICompilerCount                          = 18                                        {product} {ergonomic}     Number of compiler threads to run
ccstrlist CompileCommand                           = TraceSpilling,jit::caller3                {product} {command line}  Prepend to .hotspot_compiler; e.g. log,java/lang/String.<init>
ccstrlist CompileOnly                              = jit::caller3                              {product} {command line}  List of methods (pkg/class.name) to restrict compilation to
     uint ConcGCThreads                            = 18                                        {product} {ergonomic}     Number of threads concurrent gc will use
     uint G1ConcRefinementThreads                  = 73                                        {product} {ergonomic}     The number of parallel remembered set update threads. Will be set ergonomically by default.
   size_t G1HeapRegionSize                         = 16777216                                  {product} {ergonomic}     Size of the G1 regions.
   size_t InitialHeapSize                          = 2147483648                                {product} {ergonomic}     Initial heap size (in bytes); zero means use ergonomics
     bool Inline                                   = false                                     {product} {command line}  Enable inlining
   size_t MarkStackSize                            = 4194304                                   {product} {ergonomic}     Size of marking stack in bytes.
   size_t MarkStackSizeMax                         = 536870912                                 {product} {ergonomic}     Maximum size of marking stack in bytes.
   size_t MaxHeapSize                              = 31675383808                               {product} {ergonomic}     Maximum heap size (in bytes)
   size_t MaxNewSize                               = 18991808512                               {product} {ergonomic}     Maximum new generation size (in bytes), max_uintx means set ergonomically
   size_t MinHeapDeltaBytes                        = 16777216                                  {product} {ergonomic}     The minimum change in heap space due to GC (in bytes)
   size_t MinHeapSize                              = 16777216                                  {product} {ergonomic}     Minimum heap size (in bytes); zero means use ergonomics
    uintx NonNMethodCodeHeapSize                   = 4096                                   {pd product} {ergonomic}     Size of code heap with non-nmethods (in bytes)
    uintx NonProfiledCodeHeapSize                  = 0                                      {pd product} {ergonomic}     Size of code heap with non-profiled methods (in bytes)
     bool PauseAtStartup                           = true                                   {diagnostic} {command line}  Causes the VM to pause at startup time and wait for the pause file to be removed (default: ./vm.paused.<pid>)
    uintx ProfiledCodeHeapSize                     = 0                                      {pd product} {ergonomic}     Size of code heap with profiled methods (in bytes)
   size_t SoftMaxHeapSize                          = 31675383808                            {manageable} {ergonomic}     Soft limit for maximum heap size (in bytes)
     bool THPStackMitigation                       = false                                  {diagnostic} {ergonomic}     If THPs are unconditionally enabled on the system (mode "always"), the JVM will prevent THP from forming in thread stacks. When disabled, the absence of this mitigationallows THPs to form in thread stacks.
     bool TieredCompilation                        = false                                  {pd product} {command line}  Enable tiered compilation
     bool UseCompressedOops                        = true                           {product lp64_product} {ergonomic}   Use 32-bit object references in 64-bit VM. lp64_product means flag is always constant in 32 bit VM
     bool UseG1GC                                  = true                                      {product} {ergonomic}     Use the Garbage-First garbage collector

Logging:
Log output configuration:
 #0: stdout all=warning uptime,level,tags foldmultilines=false
 #1: stderr all=off uptime,level,tags foldmultilines=false

Environment Variables:
JAVA_HOME=/home/jatinbha/sandboxes/apx-release/jdk/build/linux-x86_64-server-slowdebug/images/jdk/
PATH=/home/jatinbha/sandboxes/apx-release/jdk/build/linux-x86_64-server-slowdebug/images/jdk//bin:/home/jatinbha/.local/bin:/home/jatinbha/bin:/home/jatinbha/softwares/jextract-22:/home/jatinbha/softwares/cmake-3.28.3-linux-x86_64/bin:/home/jatinbha/softwares/cmake-3.26.3-linux-x86_64/bin:/home/jatinbha/softwares/jdk-17.0.2//bin:/home/jatinbha/softwares/thrift-0.16.0/bin:/home/jatinbha/softwares/jdk8u322-b06//bin:/home/jatinbha/softwares/jdk-17//bin:/home/jatinbha/softwares/apache-maven-3.6.3/bin:/home/jatinbha/sandboxes/skara/build/bin:/home/jatinbha/softwares/sde-internal-conf-APX-lin/:/usr/local/sbin:/usr/local/bin:/usr/sbin:/usr/bin:/sbin:/bin:/usr/games:/usr/local/games:/snap/bin
LD_LIBRARY_PATH=/home/jatinbha/softwares:
SHELL=/bin/bash
LANG=en_IN
TERM=xterm

Active Locale:
LC_ALL=en_IN
LC_COLLATE=en_IN
LC_CTYPE=en_IN
LC_MESSAGES=en_IN
LC_MONETARY=en_IN
LC_NUMERIC=en_IN
LC_TIME=en_IN

Signal Handlers:
   SIGSEGV: crash_handler in libjvm.so, mask=11100100010111111101111111111110, flags=SA_RESTART|SA_SIGINFO, unblocked
    SIGBUS: crash_handler in libjvm.so, mask=11100100010111111101111111111110, flags=SA_RESTART|SA_SIGINFO, unblocked
    SIGFPE: crash_handler in libjvm.so, mask=11100100010111111101111111111110, flags=SA_RESTART|SA_SIGINFO, unblocked
   SIGPIPE: javaSignalHandler in libjvm.so, mask=11100100010111111101111111111110, flags=SA_RESTART|SA_SIGINFO, blocked
   SIGXFSZ: javaSignalHandler in libjvm.so, mask=11100100010111111101111111111110, flags=SA_RESTART|SA_SIGINFO, blocked
    SIGILL: crash_handler in libjvm.so, mask=11100100010111111101111111111110, flags=SA_RESTART|SA_SIGINFO, unblocked
   SIGUSR2: SR_handler in libjvm.so, mask=00000000000000000000000000000000, flags=SA_RESTART|SA_SIGINFO, blocked
    SIGHUP: UserHandler in libjvm.so, mask=11100100010111111101111111111110, flags=SA_RESTART|SA_SIGINFO, blocked
    SIGINT: UserHandler in libjvm.so, mask=11100100010111111101111111111110, flags=SA_RESTART|SA_SIGINFO, blocked
   SIGTERM: UserHandler in libjvm.so, mask=11100100010111111101111111111110, flags=SA_RESTART|SA_SIGINFO, blocked
   SIGQUIT: UserHandler in libjvm.so, mask=11100100010111111101111111111110, flags=SA_RESTART|SA_SIGINFO, blocked
   SIGTRAP: crash_handler in libjvm.so, mask=11100100010111111101111111111110, flags=SA_RESTART|SA_SIGINFO, unblocked


Native Memory Tracking:

(Omitting categories weighting less than 1KB)

Total: reserved=32972413KB, committed=2411913KB
       malloc: 201969KB #22979, peak=201619KB #22981
       mmap:   reserved=32770444KB, committed=2209944KB

-                 Java Heap (reserved=30932992KB, committed=2113536KB)
                            (mmap: reserved=30932992KB, committed=2113536KB, at peak)

-                     Class (reserved=1048648KB, committed=200KB)
                            (classes #532)
                            (  instance classes #442, array classes #90)
                            (malloc=72KB #1007) (at peak)
                            (mmap: reserved=1048576KB, committed=128KB, at peak)
                            (  Metadata:   )
                            (    reserved=65536KB, committed=192KB)
                            (    used=76KB)
                            (    waste=116KB =60.18%)
                            (  Class space:)
                            (    reserved=1048576KB, committed=128KB)
                            (    used=3KB)
                            (    waste=125KB =97.37%)

-                    Thread (reserved=16469KB, committed=773KB)
                            (threads #16)
                            (stack: reserved=16420KB, committed=724KB, peak=724KB)
                            (malloc=32KB #101) (peak=40KB #105)
                            (arena=18KB #31) (peak=79KB #27)

-                      Code (reserved=49843KB, committed=2823KB)
                            (malloc=307KB #9778) (peak=308KB #9786)
                            (mmap: reserved=49536KB, committed=2516KB, at peak)
                            (arena=0KB #0) (peak=33KB #1)

-                        GC (reserved=793719KB, committed=230839KB)
                            (malloc=152763KB #1284) (peak=152763KB #1285)
                            (mmap: reserved=640956KB, committed=78076KB, at peak)

-                 GCCardSet (reserved=29KB, committed=29KB)
                            (malloc=29KB #390) (at peak)

-                  Compiler (reserved=425KB, committed=425KB)
                            (malloc=65KB #29) (at peak)
                            (arena=359KB #8) (peak=530KB #11)

-                  Internal (reserved=46664KB, committed=46664KB)
                            (malloc=46628KB #8176) (peak=46628KB #8177)
                            (mmap: reserved=36KB, committed=36KB, at peak)

-                    Symbol (reserved=1130KB, committed=1130KB)
                            (malloc=770KB #36) (at peak)
                            (arena=360KB #1) (at peak)

-    Native Memory Tracking (reserved=365KB, committed=365KB)
                            (malloc=6KB #59) (at peak)
                            (tracking overhead=359KB)

-        Shared class space (reserved=16384KB, committed=14728KB, readonly=0KB)
                            (mmap: reserved=16384KB, committed=14728KB, peak=14916KB)

-               Arena Chunk (reserved=1KB, committed=1KB)
                            (malloc=1KB #50) (peak=909KB #58)

-                 Arguments (reserved=0KB, committed=0KB)
                            (malloc=0KB #5) (peak=10KB #6)

-                    Module (reserved=66KB, committed=66KB)
                            (malloc=66KB #1257) (at peak)

-                 Safepoint (reserved=8KB, committed=8KB)
                            (mmap: reserved=8KB, committed=8KB, at peak)

-           Synchronization (reserved=102KB, committed=102KB)
                            (malloc=102KB #769) (at peak)

-            Serviceability (reserved=17KB, committed=17KB)
                            (malloc=17KB #10) (peak=17KB #14)

-                 Metaspace (reserved=65548KB, committed=204KB)
                            (malloc=12KB #8) (at peak)
                            (mmap: reserved=65536KB, committed=192KB, at peak)

-      String Deduplication (reserved=1KB, committed=1KB)
                            (malloc=1KB #8) (at peak)

-                   Unknown (reserved=0KB, committed=0KB)
                            (mmap: reserved=0KB, committed=0KB, peak=20KB)

Preinit state:entries: 380 (primary: 380, empties: 7811), sum bytes: 15913, longest chain length: 1
pre-init mallocs: 412, pre-init reallocs: 5, pre-init frees: 32
MallocLimit: unset

Periodic native trim disabled

---------------  S Y S T E M  ---------------

OS:
DISTRIB_ID=Ubuntu
DISTRIB_RELEASE=20.04
DISTRIB_CODENAME=focal
DISTRIB_DESCRIPTION="Ubuntu 20.04.2 LTS"
uname: Linux intel-S2600WFT 5.8.0-41-generic #46~20.04.1-Ubuntu SMP Mon Jan 18 17:52:23 UTC 2021 x86_64
OS uptime: 14 days 21:33 hours
libc: glibc 2.31 NPTL 2.31 
rlimit (soft/hard): STACK 8192k/infinity , CORE 0k/infinity , NPROC 3090646/3090646 , NOFILE 1048576/1048576 , AS infinity/infinity , CPU infinity/infinity , DATA infinity/infinity , FSIZE infinity/infinity , MEMLOCK 65536k/65536k
load average: 2.10 2.08 2.21

/proc/meminfo:
MemTotal:       791263984 kB
MemFree:        667352780 kB
MemAvailable:   782760152 kB
Buffers:         2971500 kB
Cached:         110621628 kB
SwapCached:            0 kB
Active:         54088120 kB
Inactive:       60685892 kB
Active(anon):    1171280 kB
Inactive(anon):     7088 kB
Active(file):   52916840 kB
Inactive(file): 60678804 kB
Unevictable:           0 kB
Mlocked:               0 kB
SwapTotal:       2097148 kB
SwapFree:        2097148 kB
Dirty:               576 kB
Writeback:             0 kB
AnonPages:       1181136 kB
Mapped:           450916 kB
Shmem:              9856 kB
KReclaimable:    6865908 kB
Slab:            7915648 kB
SReclaimable:    6865908 kB
SUnreclaim:      1049740 kB
KernelStack:       27424 kB
PageTables:        14984 kB
NFS_Unstable:          0 kB
Bounce:                0 kB
WritebackTmp:          0 kB
CommitLimit:    397729140 kB
Committed_AS:   12032556 kB
VmallocTotal:   34359738367 kB
VmallocUsed:      463024 kB
VmallocChunk:          0 kB
Percpu:           171584 kB
HardwareCorrupted:     0 kB
AnonHugePages:         0 kB
ShmemHugePages:        0 kB
ShmemPmdMapped:        0 kB
FileHugePages:         0 kB
FilePmdMapped:         0 kB
HugePages_Total:       0
HugePages_Free:        0
HugePages_Rsvd:        0
HugePages_Surp:        0
Hugepagesize:       2048 kB
Hugetlb:               0 kB
DirectMap4k:     1717664 kB
DirectMap2M:    101779456 kB
DirectMap1G:    702545920 kB

/sys/kernel/mm/transparent_hugepage/enabled: always [madvise] never
/sys/kernel/mm/transparent_hugepage/hpage_pmd_size: 2097152
/sys/kernel/mm/transparent_hugepage/shmem_enabled: always within_size advise [never] deny force
/sys/kernel/mm/transparent_hugepage/defrag (defrag/compaction efforts parameter): always defer defer+madvise [madvise] never

Process Memory:
Virtual Size: 34214940K (peak: 34214940K)
Resident Set Size: 271584K (peak: 271584K) (anon: 233604K, file: 37980K, shmem: 0K)
Swapped out: 0K
C-Heap outstanding allocations: 203310K, retained: 2057K (may have wrapped)
glibc malloc tunables: (default)

/proc/sys/kernel/threads-max (system-wide limit on the number of threads): 6181293
/proc/sys/vm/max_map_count (maximum number of memory map areas a process may have): 65530
/proc/sys/vm/swappiness (control to define how aggressively the kernel swaps out anonymous memory): 60
/proc/sys/kernel/pid_max (system-wide limit on number of process identifiers): 4194304

container (cgroup) information:
container_type: cgroupv1
cpu_cpuset_cpus: 0-111
cpu_memory_nodes: 0-1
active_processor_count: 112
cpu_quota: no quota
cpu_period: 100000
cpu_shares: no shares
memory_limit_in_bytes: unlimited
memory_and_swap_limit_in_bytes: unlimited
memory_soft_limit_in_bytes: unlimited
memory_usage_in_bytes: 324364 k
memory_max_usage_in_bytes: 811276 k
rss_usage_in_bytes: 237864 k
cache_usage_in_bytes: 54516 k
kernel_memory_usage_in_bytes: 25544 k
kernel_memory_max_usage_in_bytes: unlimited
kernel_memory_limit_in_bytes: 27252 k
maximum number of tasks: unlimited
current number of tasks: 22

Steal ticks since vm start: 0
Steal ticks percentage since vm start:  0.000

CPU: total 112 (initial active 112) (28 cores per cpu, 2 threads per core) family 6 model 85 stepping 7 microcode 0x5003006, cx8, cmov, fxsr, ht, mmx, 3dnowpref, sse, sse2, sse3, ssse3, sse4.1, sse4.2, popcnt, lzcnt, tsc, tscinvbit, avx, avx2, aes, erms, clmul, bmi1, bmi2, adx, avx512f, avx512dq, avx512cd, avx512bw, avx512vl, fma, vzeroupper, avx512_vnni, clflush, clflushopt, clwb, rdtscp, f16c, pku, ospke
CPU Model and flags from /proc/cpuinfo:
model name	: Intel(R) Xeon(R) Platinum 8280 CPU @ 2.70GHz
flags		: fpu vme de pse tsc msr pae mce cx8 apic sep mtrr pge mca cmov pat pse36 clflush dts acpi mmx fxsr sse sse2 ss ht tm pbe syscall nx pdpe1gb rdtscp lm constant_tsc art arch_perfmon pebs bts rep_good nopl xtopology nonstop_tsc cpuid aperfmperf pni pclmulqdq dtes64 monitor ds_cpl smx est tm2 ssse3 sdbg fma cx16 xtpr pdcm pcid dca sse4_1 sse4_2 x2apic movbe popcnt tsc_deadline_timer aes xsave avx f16c rdrand lahf_lm abm 3dnowprefetch cpuid_fault epb cat_l3 cdp_l3 invpcid_single ssbd mba ibrs ibpb stibp ibrs_enhanced fsgsbase tsc_adjust bmi1 avx2 smep bmi2 erms invpcid cqm mpx rdt_a avx512f avx512dq rdseed adx smap clflushopt clwb intel_pt avx512cd avx512bw avx512vl xsaveopt xsavec xgetbv1 xsaves cqm_llc cqm_occup_llc cqm_mbm_total cqm_mbm_local dtherm ida arat pln pts hwp hwp_act_window hwp_epp hwp_pkg_req pku ospke avx512_vnni md_clear flush_l1d arch_capabilities

Online cpus: 0-111
Offline cpus: 
cache level: 1
cache type: Data
cache size: 32K
cache coherency line size: 64
cache level: 1
cache type: Instruction
cache size: 32K
cache coherency line size: 64
cache level: 2
cache type: Unified
cache size: 1024K
cache coherency line size: 64
cache level: 3
cache type: Unified
cache size: 39424K
cache coherency line size: 64
BIOS frequency limitation: <Not Available>
Frequency switch latency (ns): 0
Available cpu frequencies: <Not Available>
Maximum cpu frequency: 4000000
Minimum cpu frequency: 1000000
Current cpu frequency: 1000014
Available governors: performance powersave
Current governor: powersave
Core performance/turbo boost: <Not Available>

Memory: 4k page, physical 791263984k(782760152k free), swap 2097148k(2097148k free)
Page Sizes: 4k

vm_info: OpenJDK 64-Bit Server VM (slowdebug 24-internal-adhoc.root.jdk) for linux-amd64 JRE (24-internal-adhoc.root.jdk), built on 2024-06-12T05:27:39Z with gcc 9.3.0

END.
