it|in|Dissasembly                                       :012345678901234567890123456789012345678901234567890123456789012345678901234567890123456789012345678901234567890123456789012345678901234567890123456789
 0| 0|kmovq k1, rax                                     :          |         |         |         |         |         |         |         |         |         |         |         |         |         |         
 0| 0|    TYPE_OP (1 uops)                              :sdw----R-------p    |         |         |         |         |         |         |         |         |         |         |         |         |         
 0| 1|vmovdqu32 ymm0, ymmword ptr [rsi]                 :          |         |         |         |         |         |         |         |         |         |         |         |         |         |         
 0| 1|    TYPE_LOAD (1 uops)                            :s---deeeeeew----R-------p     |         |         |         |         |         |         |         |         |         |         |         |         
 0| 2|vpabsd ymm1{k1}, ymm0                             :          |         |         |         |         |         |         |         |         |         |         |         |         |         |         
 0| 2|    TYPE_OP (1 uops)                              :A----------dw----R-------p    |         |         |         |         |         |         |         |         |         |         |         |         
 0| 3|vmovdqu32 ymmword ptr [rdi], ymm1                 :          |         |         |         |         |         |         |         |         |         |         |         |         |         |         
 0| 3|    TYPE_STOREDATA (1 uops)                       :A-----------dw----R-------p   |         |         |         |         |         |         |         |         |         |         |         |         
 0| 3|    TYPE_STOREADDRESS (1 uops)                    : s---deeeew-------R-------p   |         |         |         |         |         |         |         |         |         |         |         |         
 1| 0|kmovq k1, rax                                     :          |         |         |         |         |         |         |         |         |         |         |         |         |         |         
 1| 0|    TYPE_OP (1 uops)                              : sdw--------------R-------p   |         |         |         |         |         |         |         |         |         |         |         |         
 1| 1|vmovdqu32 ymm0, ymmword ptr [rsi]                 :          |         |         |         |         |         |         |         |         |         |         |         |         |         |         
 1| 1|    TYPE_LOAD (1 uops)                            : s---deeeeeew-----R-------p   |         |         |         |         |         |         |         |         |         |         |         |         
 1| 2|vpabsd ymm1{k1}, ymm0                             :          |         |         |         |         |         |         |         |         |         |         |         |         |         |         
 1| 2|    TYPE_OP (1 uops)                              : A----------dw----R-------p   |         |         |         |         |         |         |         |         |         |         |         |         
 1| 3|vmovdqu32 ymmword ptr [rdi], ymm1                 :          |         |         |         |         |         |         |         |         |         |         |         |         |         |         
 1| 3|    TYPE_STOREDATA (1 uops)                       : A-----------dw----R-------p  |         |         |         |         |         |         |         |         |         |         |         |         
 1| 3|    TYPE_STOREADDRESS (1 uops)                    :  s---deeeew-------R-------p  |         |         |         |         |         |         |         |         |         |         |         |         
 2| 0|kmovq k1, rax                                     :          |         |         |         |         |         |         |         |         |         |         |         |         |         |         
 2| 0|    TYPE_OP (1 uops)                              :  sdw--------------R-------p  |         |         |         |         |         |         |         |         |         |         |         |         
 2| 1|vmovdqu32 ymm0, ymmword ptr [rsi]                 :          |         |         |         |         |         |         |         |         |         |         |         |         |         |         
 2| 1|    TYPE_LOAD (1 uops)                            :  s---deeeeeew-----R-------p  |         |         |         |         |         |         |         |         |         |         |         |         
 2| 2|vpabsd ymm1{k1}, ymm0                             :          |         |         |         |         |         |         |         |         |         |         |         |         |         |         
 2| 2|    TYPE_OP (1 uops)                              :  A----------dw----R-------p  |         |         |         |         |         |         |         |         |         |         |         |         
 2| 3|vmovdqu32 ymmword ptr [rdi], ymm1                 :          |         |         |         |         |         |         |         |         |         |         |         |         |         |         
 2| 3|    TYPE_STOREDATA (1 uops)                       :  A-----------dw----R-------p |         |         |         |         |         |         |         |         |         |         |         |         
 2| 3|    TYPE_STOREADDRESS (1 uops)                    :   s---deeeew-------R-------p |         |         |         |         |         |         |         |         |         |         |         |         
 3| 0|kmovq k1, rax                                     :          |         |         |         |         |         |         |         |         |         |         |         |         |         |         
 3| 0|    TYPE_OP (1 uops)                              :   sdw--------------R-------p |         |         |         |         |         |         |         |         |         |         |         |         
 3| 1|vmovdqu32 ymm0, ymmword ptr [rsi]                 :          |         |         |         |         |         |         |         |         |         |         |         |         |         |         
 3| 1|    TYPE_LOAD (1 uops)                            :   s---deeeeeew-----R-------p |         |         |         |         |         |         |         |         |         |         |         |         
 3| 2|vpabsd ymm1{k1}, ymm0                             :          |         |         |         |         |         |         |         |         |         |         |         |         |         |         
 3| 2|    TYPE_OP (1 uops)                              :   A----------dw----R-------p |         |         |         |         |         |         |         |         |         |         |         |         
 3| 3|vmovdqu32 ymmword ptr [rdi], ymm1                 :          |         |         |         |         |         |         |         |         |         |         |         |         |         |         
 3| 3|    TYPE_STOREDATA (1 uops)                       :   A-----------dw----R-------p|         |         |         |         |         |         |         |         |         |         |         |         
 3| 3|    TYPE_STOREADDRESS (1 uops)                    :    s---deeeew-------R-------p|         |         |         |         |         |         |         |         |         |         |         |         
 4| 0|kmovq k1, rax                                     :          |         |         |         |         |         |         |         |         |         |         |         |         |         |         
 4| 0|    TYPE_OP (1 uops)                              :    sdw--------------R-------p|         |         |         |         |         |         |         |         |         |         |         |         
 4| 1|vmovdqu32 ymm0, ymmword ptr [rsi]                 :          |         |         |         |         |         |         |         |         |         |         |         |         |         |         
 4| 1|    TYPE_LOAD (1 uops)                            :    s---deeeeeew-----R-------p|         |         |         |         |         |         |         |         |         |         |         |         
 4| 2|vpabsd ymm1{k1}, ymm0                             :          |         |         |         |         |         |         |         |         |         |         |         |         |         |         
 4| 2|    TYPE_OP (1 uops)                              :    A----------dw----R-------p|         |         |         |         |         |         |         |         |         |         |         |         
 4| 3|vmovdqu32 ymmword ptr [rdi], ymm1                 :          |         |         |         |         |         |         |         |         |         |         |         |         |         |         
 4| 3|    TYPE_STOREDATA (1 uops)                       :    A-----------dw----R-------p         |         |         |         |         |         |         |         |         |         |         |         
 4| 3|    TYPE_STOREADDRESS (1 uops)                    :     s---deeeew-------R-------p         |         |         |         |         |         |         |         |         |         |         |         
 5| 0|kmovq k1, rax                                     :          |         |         |         |         |         |         |         |         |         |         |         |         |         |         
 5| 0|    TYPE_OP (1 uops)                              :     sdw--------------R-------p         |         |         |         |         |         |         |         |         |         |         |         
 5| 1|vmovdqu32 ymm0, ymmword ptr [rsi]                 :          |         |         |         |         |         |         |         |         |         |         |         |         |         |         
 5| 1|    TYPE_LOAD (1 uops)                            :     s---deeeeeew-----R-------p         |         |         |         |         |         |         |         |         |         |         |         
 5| 2|vpabsd ymm1{k1}, ymm0                             :          |         |         |         |         |         |         |         |         |         |         |         |         |         |         
 5| 2|    TYPE_OP (1 uops)                              :     A----------dw----R-------p         |         |         |         |         |         |         |         |         |         |         |         
 5| 3|vmovdqu32 ymmword ptr [rdi], ymm1                 :          |         |         |         |         |         |         |         |         |         |         |         |         |         |         
 5| 3|    TYPE_STOREDATA (1 uops)                       :     A-----------dw----R-------p        |         |         |         |         |         |         |         |         |         |         |         
 5| 3|    TYPE_STOREADDRESS (1 uops)                    :      s---deeeew-------R-------p        |         |         |         |         |         |         |         |         |         |         |         
 6| 0|kmovq k1, rax                                     :          |         |         |         |         |         |         |         |         |         |         |         |         |         |         
 6| 0|    TYPE_OP (1 uops)                              :      sdw--------------R-------p        |         |         |         |         |         |         |         |         |         |         |         
 6| 1|vmovdqu32 ymm0, ymmword ptr [rsi]                 :          |         |         |         |         |         |         |         |         |         |         |         |         |         |         
 6| 1|    TYPE_LOAD (1 uops)                            :      s---deeeeeew-----R-------p        |         |         |         |         |         |         |         |         |         |         |         
 6| 2|vpabsd ymm1{k1}, ymm0                             :          |         |         |         |         |         |         |         |         |         |         |         |         |         |         
 6| 2|    TYPE_OP (1 uops)                              :      A----------dw----R-------p        |         |         |         |         |         |         |         |         |         |         |         
 6| 3|vmovdqu32 ymmword ptr [rdi], ymm1                 :          |         |         |         |         |         |         |         |         |         |         |         |         |         |         
 6| 3|    TYPE_STOREDATA (1 uops)                       :      A-----------dw----R-------p       |         |         |         |         |         |         |         |         |         |         |         
 6| 3|    TYPE_STOREADDRESS (1 uops)                    :       s---deeeew-------R-------p       |         |         |         |         |         |         |         |         |         |         |         
 7| 0|kmovq k1, rax                                     :          |         |         |         |         |         |         |         |         |         |         |         |         |         |         
 7| 0|    TYPE_OP (1 uops)                              :       sdw--------------R-------p       |         |         |         |         |         |         |         |         |         |         |         
 7| 1|vmovdqu32 ymm0, ymmword ptr [rsi]                 :          |         |         |         |         |         |         |         |         |         |         |         |         |         |         
 7| 1|    TYPE_LOAD (1 uops)                            :       s---deeeeeew-----R-------p       |         |         |         |         |         |         |         |         |         |         |         
 7| 2|vpabsd ymm1{k1}, ymm0                             :          |         |         |         |         |         |         |         |         |         |         |         |         |         |         
 7| 2|    TYPE_OP (1 uops)                              :       A----------dw----R-------p       |         |         |         |         |         |         |         |         |         |         |         
 7| 3|vmovdqu32 ymmword ptr [rdi], ymm1                 :          |         |         |         |         |         |         |         |         |         |         |         |         |         |         
 7| 3|    TYPE_STOREDATA (1 uops)                       :       A-----------dw----R-------p      |         |         |         |         |         |         |         |         |         |         |         
 7| 3|    TYPE_STOREADDRESS (1 uops)                    :        s---deeeew-------R-------p      |         |         |         |         |         |         |         |         |         |         |         
 8| 0|kmovq k1, rax                                     :          |         |         |         |         |         |         |         |         |         |         |         |         |         |         
 8| 0|    TYPE_OP (1 uops)                              :        sdw--------------R-------p      |         |         |         |         |         |         |         |         |         |         |         
 8| 1|vmovdqu32 ymm0, ymmword ptr [rsi]                 :          |         |         |         |         |         |         |         |         |         |         |         |         |         |         
 8| 1|    TYPE_LOAD (1 uops)                            :        s---deeeeeew-----R-------p      |         |         |         |         |         |         |         |         |         |         |         
 8| 2|vpabsd ymm1{k1}, ymm0                             :          |         |         |         |         |         |         |         |         |         |         |         |         |         |         
 8| 2|    TYPE_OP (1 uops)                              :        A----------dw----R-------p      |         |         |         |         |         |         |         |         |         |         |         
 8| 3|vmovdqu32 ymmword ptr [rdi], ymm1                 :          |         |         |         |         |         |         |         |         |         |         |         |         |         |         
 8| 3|    TYPE_STOREDATA (1 uops)                       :        A-----------dw----R-------p     |         |         |         |         |         |         |         |         |         |         |         
 8| 3|    TYPE_STOREADDRESS (1 uops)                    :         s---deeeew-------R-------p     |         |         |         |         |         |         |         |         |         |         |         
 9| 0|kmovq k1, rax                                     :          |         |         |         |         |         |         |         |         |         |         |         |         |         |         
 9| 0|    TYPE_OP (1 uops)                              :         sdw--------------R-------p     |         |         |         |         |         |         |         |         |         |         |         
 9| 1|vmovdqu32 ymm0, ymmword ptr [rsi]                 :          |         |         |         |         |         |         |         |         |         |         |         |         |         |         
 9| 1|    TYPE_LOAD (1 uops)                            :         s---deeeeeew-----R-------p     |         |         |         |         |         |         |         |         |         |         |         
 9| 2|vpabsd ymm1{k1}, ymm0                             :          |         |         |         |         |         |         |         |         |         |         |         |         |         |         
 9| 2|    TYPE_OP (1 uops)                              :         A----------dw----R-------p     |         |         |         |         |         |         |         |         |         |         |         
 9| 3|vmovdqu32 ymmword ptr [rdi], ymm1                 :          |         |         |         |         |         |         |         |         |         |         |         |         |         |         
 9| 3|    TYPE_STOREDATA (1 uops)                       :         A-----------dw----R-------p    |         |         |         |         |         |         |         |         |         |         |         
 9| 3|    TYPE_STOREADDRESS (1 uops)                    :          s---deeeew-------R-------p    |         |         |         |         |         |         |         |         |         |         |         
10| 0|kmovq k1, rax                                     :          |         |         |         |         |         |         |         |         |         |         |         |         |         |         
10| 0|    TYPE_OP (1 uops)                              :          sdw--------------R-------p    |         |         |         |         |         |         |         |         |         |         |         
10| 1|vmovdqu32 ymm0, ymmword ptr [rsi]                 :          |         |         |         |         |         |         |         |         |         |         |         |         |         |         
10| 1|    TYPE_LOAD (1 uops)                            :          s---deeeeeew-----R-------p    |         |         |         |         |         |         |         |         |         |         |         
10| 2|vpabsd ymm1{k1}, ymm0                             :          |         |         |         |         |         |         |         |         |         |         |         |         |         |         
10| 2|    TYPE_OP (1 uops)                              :          A----------dw----R-------p    |         |         |         |         |         |         |         |         |         |         |         
10| 3|vmovdqu32 ymmword ptr [rdi], ymm1                 :          |         |         |         |         |         |         |         |         |         |         |         |         |         |         
10| 3|    TYPE_STOREDATA (1 uops)                       :          A-----------dw----R-------p   |         |         |         |         |         |         |         |         |         |         |         
10| 3|    TYPE_STOREADDRESS (1 uops)                    :          |s---deeeew-------R-------p   |         |         |         |         |         |         |         |         |         |         |         
11| 0|kmovq k1, rax                                     :          |         |         |         |         |         |         |         |         |         |         |         |         |         |         
11| 0|    TYPE_OP (1 uops)                              :          |sdw--------------R-------p   |         |         |         |         |         |         |         |         |         |         |         
11| 1|vmovdqu32 ymm0, ymmword ptr [rsi]                 :          |         |         |         |         |         |         |         |         |         |         |         |         |         |         
11| 1|    TYPE_LOAD (1 uops)                            :          |s---deeeeeew-----R-------p   |         |         |         |         |         |         |         |         |         |         |         
11| 2|vpabsd ymm1{k1}, ymm0                             :          |         |         |         |         |         |         |         |         |         |         |         |         |         |         
11| 2|    TYPE_OP (1 uops)                              :          |A----------dw----R-------p   |         |         |         |         |         |         |         |         |         |         |         
11| 3|vmovdqu32 ymmword ptr [rdi], ymm1                 :          |         |         |         |         |         |         |         |         |         |         |         |         |         |         
11| 3|    TYPE_STOREDATA (1 uops)                       :          |A-----------dw----R-------p  |         |         |         |         |         |         |         |         |         |         |         
11| 3|    TYPE_STOREADDRESS (1 uops)                    :          | s---deeeew-------R-------p  |         |         |         |         |         |         |         |         |         |         |         
12| 0|kmovq k1, rax                                     :          |         |         |         |         |         |         |         |         |         |         |         |         |         |         
12| 0|    TYPE_OP (1 uops)                              :          | sdw--------------R-------p  |         |         |         |         |         |         |         |         |         |         |         
12| 1|vmovdqu32 ymm0, ymmword ptr [rsi]                 :          |         |         |         |         |         |         |         |         |         |         |         |         |         |         
12| 1|    TYPE_LOAD (1 uops)                            :          | s---deeeeeew-----R-------p  |         |         |         |         |         |         |         |         |         |         |         
12| 2|vpabsd ymm1{k1}, ymm0                             :          |         |         |         |         |         |         |         |         |         |         |         |         |         |         
12| 2|    TYPE_OP (1 uops)                              :          | A----------dw----R-------p  |         |         |         |         |         |         |         |         |         |         |         
12| 3|vmovdqu32 ymmword ptr [rdi], ymm1                 :          |         |         |         |         |         |         |         |         |         |         |         |         |         |         
12| 3|    TYPE_STOREDATA (1 uops)                       :          | A-----------dw----R-------p |         |         |         |         |         |         |         |         |         |         |         
12| 3|    TYPE_STOREADDRESS (1 uops)                    :          |  s---deeeew-------R-------p |         |         |         |         |         |         |         |         |         |         |         
13| 0|kmovq k1, rax                                     :          |         |         |         |         |         |         |         |         |         |         |         |         |         |         
13| 0|    TYPE_OP (1 uops)                              :          |  sdw--------------R-------p |         |         |         |         |         |         |         |         |         |         |         
13| 1|vmovdqu32 ymm0, ymmword ptr [rsi]                 :          |         |         |         |         |         |         |         |         |         |         |         |         |         |         
13| 1|    TYPE_LOAD (1 uops)                            :          |  s---deeeeeew-----R-------p |         |         |         |         |         |         |         |         |         |         |         
13| 2|vpabsd ymm1{k1}, ymm0                             :          |         |         |         |         |         |         |         |         |         |         |         |         |         |         
13| 2|    TYPE_OP (1 uops)                              :          |  A----------dw----R-------p |         |         |         |         |         |         |         |         |         |         |         
13| 3|vmovdqu32 ymmword ptr [rdi], ymm1                 :          |         |         |         |         |         |         |         |         |         |         |         |         |         |         
13| 3|    TYPE_STOREDATA (1 uops)                       :          |  A-----------dw----R-------p|         |         |         |         |         |         |         |         |         |         |         
13| 3|    TYPE_STOREADDRESS (1 uops)                    :          |   s---deeeew-------R-------p|         |         |         |         |         |         |         |         |         |         |         
14| 0|kmovq k1, rax                                     :          |         |         |         |         |         |         |         |         |         |         |         |         |         |         
14| 0|    TYPE_OP (1 uops)                              :          |   sdw--------------R-------p|         |         |         |         |         |         |         |         |         |         |         
14| 1|vmovdqu32 ymm0, ymmword ptr [rsi]                 :          |         |         |         |         |         |         |         |         |         |         |         |         |         |         
14| 1|    TYPE_LOAD (1 uops)                            :          |   s---deeeeeew-----R-------p|         |         |         |         |         |         |         |         |         |         |         
14| 2|vpabsd ymm1{k1}, ymm0                             :          |         |         |         |         |         |         |         |         |         |         |         |         |         |         
14| 2|    TYPE_OP (1 uops)                              :          |   A----------dw----R-------p|         |         |         |         |         |         |         |         |         |         |         
14| 3|vmovdqu32 ymmword ptr [rdi], ymm1                 :          |         |         |         |         |         |         |         |         |         |         |         |         |         |         
14| 3|    TYPE_STOREDATA (1 uops)                       :          |   A-----------dw----R-------p         |         |         |         |         |         |         |         |         |         |         
14| 3|    TYPE_STOREADDRESS (1 uops)                    :          |    s---deeeew-------R-------p         |         |         |         |         |         |         |         |         |         |         
15| 0|kmovq k1, rax                                     :          |         |         |         |         |         |         |         |         |         |         |         |         |         |         
15| 0|    TYPE_OP (1 uops)                              :          |    sdw--------------R-------p         |         |         |         |         |         |         |         |         |         |         
15| 1|vmovdqu32 ymm0, ymmword ptr [rsi]                 :          |         |         |         |         |         |         |         |         |         |         |         |         |         |         
15| 1|    TYPE_LOAD (1 uops)                            :          |    s---deeeeeew-----R-------p         |         |         |         |         |         |         |         |         |         |         
15| 2|vpabsd ymm1{k1}, ymm0                             :          |         |         |         |         |         |         |         |         |         |         |         |         |         |         
15| 2|    TYPE_OP (1 uops)                              :          |    A----------dw----R-------p         |         |         |         |         |         |         |         |         |         |         
15| 3|vmovdqu32 ymmword ptr [rdi], ymm1                 :          |         |         |         |         |         |         |         |         |         |         |         |         |         |         
15| 3|    TYPE_STOREDATA (1 uops)                       :          |    A-----------dw----R-------p        |         |         |         |         |         |         |         |         |         |         
15| 3|    TYPE_STOREADDRESS (1 uops)                    :          |     s---deeeew-------R-------p        |         |         |         |         |         |         |         |         |         |         
16| 0|kmovq k1, rax                                     :          |         |         |         |         |         |         |         |         |         |         |         |         |         |         
16| 0|    TYPE_OP (1 uops)                              :          |     sdw--------------R-------p        |         |         |         |         |         |         |         |         |         |         
16| 1|vmovdqu32 ymm0, ymmword ptr [rsi]                 :          |         |         |         |         |         |         |         |         |         |         |         |         |         |         
16| 1|    TYPE_LOAD (1 uops)                            :          |     s---deeeeeew-----R-------p        |         |         |         |         |         |         |         |         |         |         
16| 2|vpabsd ymm1{k1}, ymm0                             :          |         |         |         |         |         |         |         |         |         |         |         |         |         |         
16| 2|    TYPE_OP (1 uops)                              :          |     A----------dw----R-------p        |         |         |         |         |         |         |         |         |         |         
16| 3|vmovdqu32 ymmword ptr [rdi], ymm1                 :          |         |         |         |         |         |         |         |         |         |         |         |         |         |         
16| 3|    TYPE_STOREDATA (1 uops)                       :          |     A-----------dw----R-------p       |         |         |         |         |         |         |         |         |         |         
16| 3|    TYPE_STOREADDRESS (1 uops)                    :          |      s---deeeew-------R-------p       |         |         |         |         |         |         |         |         |         |         
17| 0|kmovq k1, rax                                     :          |         |         |         |         |         |         |         |         |         |         |         |         |         |         
17| 0|    TYPE_OP (1 uops)                              :          |      sdw--------------R-------p       |         |         |         |         |         |         |         |         |         |         
17| 1|vmovdqu32 ymm0, ymmword ptr [rsi]                 :          |         |         |         |         |         |         |         |         |         |         |         |         |         |         
17| 1|    TYPE_LOAD (1 uops)                            :          |      s---deeeeeew-----R-------p       |         |         |         |         |         |         |         |         |         |         
17| 2|vpabsd ymm1{k1}, ymm0                             :          |         |         |         |         |         |         |         |         |         |         |         |         |         |         
17| 2|    TYPE_OP (1 uops)                              :          |      A----------dw----R-------p       |         |         |         |         |         |         |         |         |         |         
17| 3|vmovdqu32 ymmword ptr [rdi], ymm1                 :          |         |         |         |         |         |         |         |         |         |         |         |         |         |         
17| 3|    TYPE_STOREDATA (1 uops)                       :          |      A-----------dw----R-------p      |         |         |         |         |         |         |         |         |         |         
17| 3|    TYPE_STOREADDRESS (1 uops)                    :          |       s---deeeew-------R-------p      |         |         |         |         |         |         |         |         |         |         
18| 0|kmovq k1, rax                                     :          |         |         |         |         |         |         |         |         |         |         |         |         |         |         
18| 0|    TYPE_OP (1 uops)                              :          |       sdw--------------R-------p      |         |         |         |         |         |         |         |         |         |         
18| 1|vmovdqu32 ymm0, ymmword ptr [rsi]                 :          |         |         |         |         |         |         |         |         |         |         |         |         |         |         
18| 1|    TYPE_LOAD (1 uops)                            :          |       s---deeeeeew-----R-------p      |         |         |         |         |         |         |         |         |         |         
18| 2|vpabsd ymm1{k1}, ymm0                             :          |         |         |         |         |         |         |         |         |         |         |         |         |         |         
18| 2|    TYPE_OP (1 uops)                              :          |       A----------dw----R-------p      |         |         |         |         |         |         |         |         |         |         
18| 3|vmovdqu32 ymmword ptr [rdi], ymm1                 :          |         |         |         |         |         |         |         |         |         |         |         |         |         |         
18| 3|    TYPE_STOREDATA (1 uops)                       :          |       A-----------dw----R-------p     |         |         |         |         |         |         |         |         |         |         
18| 3|    TYPE_STOREADDRESS (1 uops)                    :          |        s---deeeew-------R-------p     |         |         |         |         |         |         |         |         |         |         
19| 0|kmovq k1, rax                                     :          |         |         |         |         |         |         |         |         |         |         |         |         |         |         
19| 0|    TYPE_OP (1 uops)                              :          |        sdw--------------R-------p     |         |         |         |         |         |         |         |         |         |         
19| 1|vmovdqu32 ymm0, ymmword ptr [rsi]                 :          |         |         |         |         |         |         |         |         |         |         |         |         |         |         
19| 1|    TYPE_LOAD (1 uops)                            :          |        s---deeeeeew-----R-------p     |         |         |         |         |         |         |         |         |         |         
19| 2|vpabsd ymm1{k1}, ymm0                             :          |         |         |         |         |         |         |         |         |         |         |         |         |         |         
19| 2|    TYPE_OP (1 uops)                              :          |        A----------dw----R-------p     |         |         |         |         |         |         |         |         |         |         
19| 3|vmovdqu32 ymmword ptr [rdi], ymm1                 :          |         |         |         |         |         |         |         |         |         |         |         |         |         |         
19| 3|    TYPE_STOREDATA (1 uops)                       :          |        A-----------dw----R-------p    |         |         |         |         |         |         |         |         |         |         
19| 3|    TYPE_STOREADDRESS (1 uops)                    :          |         s---deeeew-------R-------p    |         |         |         |         |         |         |         |         |         |         
20| 0|kmovq k1, rax                                     :          |         |         |         |         |         |         |         |         |         |         |         |         |         |         
20| 0|    TYPE_OP (1 uops)                              :          |         sdw--------------R-------p    |         |         |         |         |         |         |         |         |         |         
20| 1|vmovdqu32 ymm0, ymmword ptr [rsi]                 :          |         |         |         |         |         |         |         |         |         |         |         |         |         |         
20| 1|    TYPE_LOAD (1 uops)                            :          |         s---deeeeeew-----R-------p    |         |         |         |         |         |         |         |         |         |         
20| 2|vpabsd ymm1{k1}, ymm0                             :          |         |         |         |         |         |         |         |         |         |         |         |         |         |         
20| 2|    TYPE_OP (1 uops)                              :          |         A----------dw----R-------p    |         |         |         |         |         |         |         |         |         |         
20| 3|vmovdqu32 ymmword ptr [rdi], ymm1                 :          |         |         |         |         |         |         |         |         |         |         |         |         |         |         
20| 3|    TYPE_STOREDATA (1 uops)                       :          |         A-----------dw----R-------p   |         |         |         |         |         |         |         |         |         |         
20| 3|    TYPE_STOREADDRESS (1 uops)                    :          |         |s---deeeew-------R-------p   |         |         |         |         |         |         |         |         |         |         
21| 0|kmovq k1, rax                                     :          |         |         |         |         |         |         |         |         |         |         |         |         |         |         
21| 0|    TYPE_OP (1 uops)                              :          |         |sdw--------------R-------p   |         |         |         |         |         |         |         |         |         |         
21| 1|vmovdqu32 ymm0, ymmword ptr [rsi]                 :          |         |         |         |         |         |         |         |         |         |         |         |         |         |         
21| 1|    TYPE_LOAD (1 uops)                            :          |         |s---deeeeeew-----R-------p   |         |         |         |         |         |         |         |         |         |         
21| 2|vpabsd ymm1{k1}, ymm0                             :          |         |         |         |         |         |         |         |         |         |         |         |         |         |         
21| 2|    TYPE_OP (1 uops)                              :          |         |A----------dw----R-------p   |         |         |         |         |         |         |         |         |         |         
21| 3|vmovdqu32 ymmword ptr [rdi], ymm1                 :          |         |         |         |         |         |         |         |         |         |         |         |         |         |         
21| 3|    TYPE_STOREDATA (1 uops)                       :          |         |A-----------dw----R-------p  |         |         |         |         |         |         |         |         |         |         
21| 3|    TYPE_STOREADDRESS (1 uops)                    :          |         | s---deeeew-------R-------p  |         |         |         |         |         |         |         |         |         |         
22| 0|kmovq k1, rax                                     :          |         |         |         |         |         |         |         |         |         |         |         |         |         |         
22| 0|    TYPE_OP (1 uops)                              :          |         | sdw--------------R-------p  |         |         |         |         |         |         |         |         |         |         
22| 1|vmovdqu32 ymm0, ymmword ptr [rsi]                 :          |         |         |         |         |         |         |         |         |         |         |         |         |         |         
22| 1|    TYPE_LOAD (1 uops)                            :          |         | s---deeeeeew-----R-------p  |         |         |         |         |         |         |         |         |         |         
22| 2|vpabsd ymm1{k1}, ymm0                             :          |         |         |         |         |         |         |         |         |         |         |         |         |         |         
22| 2|    TYPE_OP (1 uops)                              :          |         | A----------dw----R-------p  |         |         |         |         |         |         |         |         |         |         
22| 3|vmovdqu32 ymmword ptr [rdi], ymm1                 :          |         |         |         |         |         |         |         |         |         |         |         |         |         |         
22| 3|    TYPE_STOREDATA (1 uops)                       :          |         | A-----------dw----R-------p |         |         |         |         |         |         |         |         |         |         
22| 3|    TYPE_STOREADDRESS (1 uops)                    :          |         |  s---deeeew-------R-------p |         |         |         |         |         |         |         |         |         |         
23| 0|kmovq k1, rax                                     :          |         |         |         |         |         |         |         |         |         |         |         |         |         |         
23| 0|    TYPE_OP (1 uops)                              :          |         |  sdw--------------R-------p |         |         |         |         |         |         |         |         |         |         
23| 1|vmovdqu32 ymm0, ymmword ptr [rsi]                 :          |         |         |         |         |         |         |         |         |         |         |         |         |         |         
23| 1|    TYPE_LOAD (1 uops)                            :          |         |  s---deeeeeew-----R-------p |         |         |         |         |         |         |         |         |         |         
23| 2|vpabsd ymm1{k1}, ymm0                             :          |         |         |         |         |         |         |         |         |         |         |         |         |         |         
23| 2|    TYPE_OP (1 uops)                              :          |         |  A----------dw----R-------p |         |         |         |         |         |         |         |         |         |         
23| 3|vmovdqu32 ymmword ptr [rdi], ymm1                 :          |         |         |         |         |         |         |         |         |         |         |         |         |         |         
23| 3|    TYPE_STOREDATA (1 uops)                       :          |         |  A-----------dw----R-------p|         |         |         |         |         |         |         |         |         |         
23| 3|    TYPE_STOREADDRESS (1 uops)                    :          |         |   s---deeeew-------R-------p|         |         |         |         |         |         |         |         |         |         
Loop Count:23
Block throughput: 1.000000
