#
# A fatal error has been detected by the Java Runtime Environment:
#
#  Internal Error (/home/jatinbha/sandboxes/lworld/src/hotspot/share/opto/library_call.cpp:2451), pid=108285, tid=108305
#  assert(!is_store) failed: InlineTypeNodes are non-larval value objects
#
# JRE version: OpenJDK Runtime Environment (25.0) (slowdebug build 25-internal-adhoc.root.lworld)
# Java VM: OpenJDK 64-Bit Server VM (slowdebug 25-internal-adhoc.root.lworld, mixed mode, sharing, compressed oops, compressed class ptrs, g1 gc, linux-amd64)
# Problematic frame:
# V  [libjvm.so+0x15ad3f4]  LibraryCallKit::inline_unsafe_access(bool, BasicType, LibraryCallKit::AccessKind, bool, bool)+0x834
#
# Core dump will be written. Default location: Core dumps may be processed with "/usr/share/apport/apport -p%p -s%s -c%c -d%d -P%P -u%u -g%g -F%F -- %E" (or dumping to /home/jatinbha/sandboxes/external_staging2/external_staging/Code/java/valhalla/larval_support/Unsafe/core.108285)
#
# If you would like to submit a bug report, please visit:
#   https://bugreport.java.com/bugreport/crash.jsp
#

---------------  S U M M A R Y ------------

Command Line: -XX:-PauseAtStartup -Xbatch -XX:-TieredCompilation --enable-preview --add-exports=java.base/jdk.internal.misc=ALL-UNNAMED explicit_larval_updates 2

Host: intel-S2600WFT, Intel(R) Xeon(R) Platinum 8280 CPU @ 2.70GHz, 112 cores, 754G, Ubuntu 20.04.2 LTS
Time: Thu Jun 26 16:53:07 2025 IST elapsed time: 1.714917 seconds (0d 0h 0m 1s)

---------------  T H R E A D  ---------------

Current thread (0x00007f6d3837d940):  JavaThread "C2 CompilerThread0" daemon [_thread_in_native, id=108305, stack(0x00007f6cf0242000,0x00007f6cf0343000) (1028K)]


Current CompileTask:
C2:1715  117    b        explicit_larval_updates$2::apply (94 bytes)

Stack: [0x00007f6cf0242000,0x00007f6cf0343000],  sp=0x00007f6cf033ebf0,  free space=1010k
Native frames: (J=compiled Java code, j=interpreted, Vv=VM code, C=native code)
V  [libjvm.so+0x15ad3f4]  LibraryCallKit::inline_unsafe_access(bool, BasicType, LibraryCallKit::AccessKind, bool, bool)+0x834  (library_call.cpp:2451)
V  [libjvm.so+0x15a358e]  LibraryCallKit::try_to_inline(int)+0x836