<?xml version='1.0' encoding='UTF-8'?>
<hotspot_log version='160 1' process='3723996' time_ms='1744712699610'>
<vm_version>
<name>
OpenJDK 64-Bit Server VM
</name>
<release>
25-internal-adhoc.root.valhalla
</release>
<info>
OpenJDK 64-Bit Server VM (slowdebug 25-internal-adhoc.root.valhalla) for linux-amd64 JRE (25-internal-adhoc.root.valhalla), built on 2025-04-15T01:23:54Z with gcc 10.5.0
</info>
</vm_version>
<vm_arguments>
<args>
-XX:+PrintCompilation --enable-preview --add-exports=java.base/jdk.internal.misc=ALL-UNNAMED </args>
<command>
test_osr_flow
</command>
<launcher>
SUN_STANDARD
</launcher>
<properties>
java.vm.specification.name=Java Virtual Machine Specification
java.vm.version=25-internal-adhoc.root.valhalla
java.vm.name=OpenJDK 64-Bit Server VM
jdk.debug=slowdebug
sun.boot.library.path=/home/jatinbha/sandboxes/lworld+vector/valhalla.new_merge.alt/valhalla/build/linux-x86_64-server-slowdebug/images/jdk/lib
java.library.path=/home/jatinbha/softwares::/usr/java/packages/lib:/usr/lib64:/lib64:/lib:/usr/lib
java.home=/home/jatinbha/sandboxes/lworld+vector/valhalla.new_merge.alt/valhalla/build/linux-x86_64-server-slowdebug/images/jdk
java.class.path=.
java.vm.info=mixed mode, sharing
java.vm.specification.vendor=Oracle Corporation
java.vm.specification.version=25
java.vm.vendor=Oracle Corporation
sun.java.command=test_osr_flow
sun.java.launcher=SUN_STANDARD
</properties>
</vm_arguments>
<tty>
<writer thread='3723997'/>
<blob name='MethodHandlesAdapterBlob' total_size='10224'>
<sect index='1' capacity='10224' size='2282' remaining='7942'/>
</blob>
<writer thread='3724017'/>
399    2       3       java.lang.Object::&lt;init&gt; (1 bytes)
400    1       3       java.lang.Byte::toUnsignedInt (6 bytes)
438    3       3       java.lang.String::isLatin1 (19 bytes)
<writer thread='3723997'/>
448    4     n 0       jdk.internal.misc.Unsafe::getReferenceVolatile (native)   
465    5     n 0       java.lang.Object::hashCode (native)   
466    6     n 0       java.lang.invoke.MethodHandle::linkToStatic(LLLLLLL)L (native)   (static)
<writer thread='3724016'/>
487    7       4       java.lang.Byte::toUnsignedInt (6 bytes)
489    1       3       java.lang.Byte::toUnsignedInt (6 bytes)   made not entrant: not used
<writer thread='3724017'/>
495    8       1       java.lang.Enum::ordinal (5 bytes)
496    9       3       java.util.Objects::requireNonNull (14 bytes)
<writer thread='3723997'/>
497   10     n 0       java.lang.invoke.MethodHandle::linkToStatic(LL)L (native)   (static)
500   11     n 0       java.lang.invoke.MethodHandle::invokeBasic(LLLLLL)L (native)   
<writer thread='3724017'/>
508   12       1       java.lang.Class::isPrimitive (5 bytes)
<writer thread='3723997'/>
510   13     n 0       java.lang.invoke.MethodHandle::linkToSpecial(LL)V (native)   (static)
511   14     n 0       java.lang.invoke.MethodHandle::invokeBasic()L (native)   
<writer thread='3724017'/>
526   15       3       java.lang.String::coder (15 bytes)
<writer thread='3723997'/>
527   16     n 0       java.lang.invoke.MethodHandle::linkToStatic(LLL)L (native)   (static)
<writer thread='3724017'/>
528   17       3       java.lang.String::hashCode (60 bytes)
<writer thread='3723997'/>
528   18     n 0       java.lang.System::arraycopy (native)   (static)
529   20     n 0       java.lang.invoke.MethodHandle::linkToStatic(LLLL)L (native)   (static)
<writer thread='3724016'/>
531   21       4       java.lang.Object::&lt;init&gt; (1 bytes)
533    2       3       java.lang.Object::&lt;init&gt; (1 bytes)   made not entrant: not used
<writer thread='3724017'/>
534   22       3       java.util.concurrent.ConcurrentHashMap::tabAt (21 bytes)
536   23       3       jdk.internal.misc.Unsafe::getReferenceAcquire (7 bytes)
538   19       1       jdk.internal.util.StrongReferenceKey::get (5 bytes)
539   24       3       java.util.concurrent.ConcurrentHashMap::spread (10 bytes)
<writer thread='3723997'/>
543   25     n 0       java.lang.invoke.MethodHandle::linkToSpecial(LL)L (native)   (static)
559   26     n 0       java.lang.invoke.MethodHandle::linkToStatic(L)L (native)   (static)
<writer thread='3724017'/>
559   27       1       java.lang.invoke.MethodType::returnType (5 bytes)
<writer thread='3723997'/>
567   28     n 0       java.lang.Object::clone (native)   
<writer thread='3724017'/>
575   29       3       jdk.internal.util.ArraysSupport::unsignedHashCode (36 bytes)
604   30       3       java.lang.Enum::&lt;init&gt; (15 bytes)
<writer thread='3723997'/>
653   31     n 0       java.lang.Object::getClass (native)   
<writer thread='3724017'/>
657   32       3       java.lang.String::length (11 bytes)
676   33       1       jdk.internal.classfile.impl.AbstractPoolEntry::index (5 bytes)
677   34       1       java.lang.Class::getClassLoader (5 bytes)
<writer thread='3723997'/>
681   35     n 0       jdk.internal.misc.Unsafe::compareAndSetLong (native)   
681   36     n 0       java.lang.invoke.MethodHandle::invokeBasic(L)L (native)   
681   37     n 0       java.lang.invoke.MethodHandle::linkToSpecial(LLL)L (native)   (static)
<writer thread='3724017'/>
691   38       3       jdk.internal.util.ReferencedKeyMap::removeStaleReferences (30 bytes)
<writer thread='3723997'/>
691   40     n 0       java.lang.invoke.MethodHandle::linkToStatic(IL)L (native)   (static)
<writer thread='3724017'/>
694   39   !   3       java.lang.ref.ReferenceQueue::poll (58 bytes)
732   41       3       jdk.internal.util.Preconditions::checkIndex (18 bytes)
735   42       3       java.lang.String::charAt (25 bytes)
740   43       3       java.lang.StringLatin1::charAt (15 bytes)
742   44       3       java.lang.String::checkIndex (10 bytes)
770   45       3       java.lang.Math::floorMod (20 bytes)
772   46       3       java.util.ImmutableCollections$SetN::probe (56 bytes)
779   50       3       java.lang.StringLatin1::equals (36 bytes)
782   49       3       java.lang.String::equals (56 bytes)
787   47       3       jdk.internal.util.ArraysSupport::hashCodeOfUnsigned (55 bytes)
790   48       3       jdk.internal.util.ArraysSupport::vectorizedHashCode (158 bytes)
<writer thread='3724016'/>
795   52       4       jdk.internal.util.ArraysSupport::unsignedHashCode (36 bytes)
<writer thread='3724017'/>
804   55       3       java.lang.module.ModuleDescriptor::modsHashCode (43 bytes)
<writer thread='3724018'/>
805   54       3       java.lang.module.ModuleDescriptor$Exports::&lt;init&gt; (20 bytes)
807   53       3       java.util.Set::of (4 bytes)
<writer thread='3724017'/>
808   60       3       java.util.AbstractCollection::&lt;init&gt; (5 bytes)
<writer thread='3724018'/>
808   61       3       java.util.ImmutableCollections$AbstractImmutableSet::&lt;init&gt; (5 bytes)
<writer thread='3724017'/>
810   59       3       java.lang.module.ModuleDescriptor$Exports::hashCode (36 bytes)
<writer thread='3724018'/>
810   56       3       java.util.ImmutableCollections$SetN::iterator (9 bytes)
812   57       3       java.util.ImmutableCollections$SetN$SetNIterator::&lt;init&gt; (36 bytes)
<writer thread='3724017'/>
813   58       3       java.util.ImmutableCollections$SetN$SetNIterator::hasNext (13 bytes)
814   51       3       java.util.Objects::equals (23 bytes)
<writer thread='3724018'/>
815   62       3       java.util.Set::of (68 bytes)
<writer thread='3724016'/>
822   29       3       jdk.internal.util.ArraysSupport::unsignedHashCode (36 bytes)   made not entrant: not used
<writer thread='3724017'/>
864   63       3       sun.nio.fs.UnixPath::checkNotNul (16 bytes)
<writer thread='3723997'/>
879   64     n 0       jdk.internal.misc.Unsafe::getByte (native)   
879   65     n 0       jdk.internal.misc.Unsafe::getShort (native)   
<writer thread='3724018'/>
880   66       3       jdk.internal.misc.Unsafe::pickPos (14 bytes)
<writer thread='3724017'/>
880   67       3       jdk.internal.misc.Unsafe::toUnsignedInt (6 bytes)
881   68       3       java.util.zip.ZipUtils::get16 (40 bytes)
<writer thread='3724018'/>
881   69       3       jdk.internal.misc.Unsafe::getShortUnaligned (12 bytes)
<writer thread='3724017'/>
884   70       3       jdk.internal.misc.Unsafe::getShortUnaligned (33 bytes)
<writer thread='3724018'/>
885   71       3       jdk.internal.misc.Unsafe::convEndian (16 bytes)
887   72       3       java.lang.Short::toUnsignedInt (5 bytes)
<writer thread='3723997'/>
901   73     n 0       java.lang.invoke.MethodHandle::linkToSpecial(LIL)L (native)   (static)
<writer thread='3724017'/>
902   74       1       java.lang.invoke.MemberName::getDeclaringClass (5 bytes)
<writer thread='3723997'/>
903   75     n 0       java.lang.invoke.MethodHandle::linkToSpecial(LLL)V (native)   (static)
<writer thread='3724018'/>
904   76       3       java.util.concurrent.ConcurrentHashMap::get (162 bytes)
<writer thread='3724017'/>
905   77       3       java.lang.invoke.MethodType::hashCode (53 bytes)
<writer thread='3723997'/>
905   81     n 0       jdk.internal.misc.Unsafe::compareAndSetReference (native)   
906   84     n 0       java.lang.invoke.MethodHandle::linkToStatic(ILL)I (native)   (static)
<writer thread='3724017'/>
909   78       3       jdk.internal.util.ReferencedKeyMap::lookupKey (9 bytes)
911   87       1       jdk.internal.classfile.impl.SplitConstantPool::size (5 bytes)
912   82       3       java.lang.invoke.MemberName::isInvocable (8 bytes)
<writer thread='3723997'/>
914   89     n 0       java.lang.invoke.MethodHandle::linkToSpecial(LIL)V (native)   (static)
914   90     n 0       java.lang.invoke.MethodHandle::invokeBasic(I)L (native)   
<writer thread='3724017'/>
915   79       3       jdk.internal.util.StrongReferenceKey::&lt;init&gt; (10 bytes)
917   85       3       java.lang.Class::isArray (13 bytes)
<writer thread='3724018'/>
919   83       3       java.lang.invoke.MemberName::anyFlagSet (15 bytes)
<writer thread='3724017'/>
919   80       3       jdk.internal.util.StrongReferenceKey::hashCode (8 bytes)
<writer thread='3723997'/>
919   93     n 0       java.lang.invoke.MethodHandle::linkToStatic(LL)I (native)   (static)
<writer thread='3724018'/>
920   88       3       java.lang.invoke.MethodTypeForm::canonicalize (74 bytes)
<writer thread='3724017'/>
921   92       3       java.util.Objects::requireNonNull (15 bytes)
923   86       1       jdk.internal.classfile.impl.AbstractPoolEntry::width (2 bytes)
924   97       3       jdk.internal.classfile.impl.BufWriterImpl::reserveSpace (22 bytes)
<writer thread='3723997'/>
925   98     n 0       java.lang.Class::isIdentity (native)   
926  102     n 0       java.lang.invoke.MethodHandle::linkToInterface(LLL)I (native)   (static)
<writer thread='3724017'/>
928  100       3       jdk.internal.util.ReferencedKeyMap::get (10 bytes)
<writer thread='3724018'/>
930  101       3       jdk.internal.util.ReferencedKeyMap::getNoCheckStale (22 bytes)
936   95       3       jdk.internal.classfile.impl.SplitConstantPool::map (161 bytes)
<writer thread='3724017'/>
938   99       3       java.lang.Math::min (11 bytes)
940  103       3       java.util.zip.ZipUtils::get32 (40 bytes)
<writer thread='3723997'/>
941  110     n 0       jdk.internal.misc.Unsafe::getInt (native)   
<writer thread='3724017'/>
943  109       3       java.lang.CharacterData::of (136 bytes)
<writer thread='3724020'/>
944  111       3       java.lang.Character::codePointAt (51 bytes)
<writer thread='3724017'/>
949  112       3       java.lang.Character::isHighSurrogate (18 bytes)
<writer thread='3723997'/>
949  117     n 0       java.lang.invoke.MethodHandle::linkToSpecial(LLLL)V (native)   (static)
<writer thread='3724018'/>
950  113       3       java.lang.CharacterDataLatin1::getProperties (11 bytes)
<writer thread='3723997'/>
950  118     n 0       java.lang.invoke.MethodHandle::invokeBasic(LL)L (native)   
951  119     n 0       java.lang.invoke.MethodHandle::linkToSpecial(LLLL)L (native)   (static)
<writer thread='3724018'/>
951  114       3       java.lang.Character::charCount (12 bytes)
<writer thread='3724017'/>
951  115       3       java.lang.Character::isJavaIdentifierPart (9 bytes)
<writer thread='3724020'/>
952  116       3       java.lang.CharacterDataLatin1::isJavaIdentifierPart (20 bytes)
<writer thread='3724018'/>
953  104       3       jdk.internal.misc.Unsafe::getIntUnaligned (12 bytes)
<writer thread='3724017'/>
954  120       3       java.lang.String::getBytes (44 bytes)
<writer thread='3724020'/>
955  121       3       java.util.HashMap::hash (20 bytes)
<writer thread='3724018'/>
956  123       3       java.util.Objects::hashCode (13 bytes)
<writer thread='3724020'/>
958  108       3       java.lang.String::&lt;init&gt; (15 bytes)
<writer thread='3724017'/>
958  122       1       java.lang.module.ModuleDescriptor::name (5 bytes)
<writer thread='3724018'/>
959  124       1       java.lang.module.ModuleReference::descriptor (5 bytes)
<writer thread='3724017'/>
959  105       3       jdk.internal.misc.Unsafe::getIntUnaligned (83 bytes)
<writer thread='3724020'/>
960  106       3       jdk.internal.misc.Unsafe::convEndian (16 bytes)
<writer thread='3724018'/>
960  107       3       java.lang.Integer::toUnsignedLong (7 bytes)
961   94       1       java.lang.invoke.MethodType::form (5 bytes)
<writer thread='3724020'/>
963   91       1       java.lang.invoke.MethodType::ptypes (5 bytes)
<writer thread='3724018'/>
963   96       1       jdk.internal.classfile.impl.RawBytecodeHelper::bci (5 bytes)
<writer thread='3724017'/>
976  125       3       java.lang.String::isEmpty (14 bytes)
<writer thread='3724020'/>
984  128   !   3       java.util.concurrent.ConcurrentHashMap::putVal (432 bytes)
<writer thread='3724018'/>
984  126       3       java.util.concurrent.ConcurrentHashMap$Node::&lt;init&gt; (20 bytes)
<writer thread='3724017'/>
984  127       3       java.util.concurrent.ConcurrentHashMap::addCount (280 bytes)
<writer thread='3724018'/>
986  131       3       java.util.ImmutableCollections$SetN$SetNIterator::next (90 bytes)
991  129       3       java.util.concurrent.ConcurrentHashMap::casTabAt (20 bytes)
993  130       3       java.util.concurrent.ConcurrentHashMap::putIfAbsent (8 bytes)
995  132       3       java.lang.invoke.MethodType::parameterType (7 bytes)
<writer thread='3723997'/>
996  133     n 0       java.lang.invoke.MethodHandle::linkToStatic(LLL)I (native)   (static)
<writer thread='3724018'/>
997  134       3       java.lang.StringLatin1::canEncode (13 bytes)
998  135       3       java.lang.invoke.MethodType::parameterCount (6 bytes)
1000  136       3       java.lang.StringConcatHelper::newArray (28 bytes)
1004  137       3       jdk.internal.misc.Unsafe::allocateUninitializedArray (55 bytes)
<writer thread='3724017'/>
1006  138       3       jdk.internal.misc.Unsafe::allocateUninitializedArray0 (90 bytes)
<writer thread='3724018'/>
1010  139       3       java.lang.String::substring (58 bytes)
<writer thread='3724017'/>
1016  142       3       java.lang.invoke.MemberName::allFlagsSet (16 bytes)
1018  141       3       java.lang.StringLatin1::newString (24 bytes)
<writer thread='3724018'/>
1021  143       3       java.lang.StringLatin1::replace (197 bytes)
<writer thread='3724017'/>
1022  140       1       jdk.internal.util.WeakReferenceKey::hashCode (5 bytes)
1029  144       3       java.lang.invoke.MethodType::methodType (69 bytes)
<writer thread='3724020'/>
1033  145       3       java.lang.invoke.MethodType::&lt;init&gt; (15 bytes)
<writer thread='3723997'/>
1034  147     n 0       java.lang.invoke.MethodHandle::linkToSpecial(LL)I (native)   (static)
<writer thread='3724020'/>
1035  146       3       jdk.internal.util.ReferencedKeySet::get (27 bytes)
<writer thread='3723997'/>
1036  149     n 0       java.lang.invoke.MethodHandleNatives::resolve (native)   (static)
<writer thread='3724017'/>
1040  148       3       java.lang.invoke.MemberName::initResolved (53 bytes)
<writer thread='3724018'/>
1043  153       3       java.util.HashMap::putVal (300 bytes)
<writer thread='3724017'/>
1043  151       3       java.util.stream.ReferencePipeline$2$1::accept (24 bytes)
1047  159       3       java.util.ImmutableCollections$MapN::probe (60 bytes)
<writer thread='3724020'/>
1047  154       3       java.util.HashMap::put (13 bytes)
1052  162       3       java.util.HashMap::getNode (150 bytes)
<writer thread='3723997'/>
<dependency_failed type='leaf_type' ctxk='java/util/HashMap' witness='java/util/LinkedHashMap' stamp='1.054'/>
1054  154       3       java.util.HashMap::put (13 bytes)   made not entrant: marked for deoptimization
<writer thread='3724017'/>
1056  156       3       java.util.HashMap$Node::&lt;init&gt; (26 bytes)
1058  165       3       java.util.HashMap::put (13 bytes)
1063  170       3       java.util.HashMap$HashIterator::nextNode (100 bytes)
<writer thread='3724021'/>
1063  161       3       java.util.HashMap$HashIterator::hasNext (13 bytes)
1066  179       3       java.util.HashMap$HashIterator::&lt;init&gt; (79 bytes)
<writer thread='3724022'/>
1066  187       3       java.lang.module.ModuleDescriptor$Exports::isQualified (18 bytes)
<writer thread='3724023'/>
1067  155       3       java.util.HashMap::newNode (13 bytes)
<writer thread='3724016'/>
1067  192       4       java.lang.String::hashCode (60 bytes)
<writer thread='3724020'/>
1068  188       3       java.util.ImmutableCollections$SetN::isEmpty (13 bytes)
<writer thread='3724022'/>
1069  190       3       java.util.HashMap::putIfAbsent (13 bytes)
<writer thread='3724018'/>
<dependency_failed type='leaf_type' ctxk='java/util/HashMap' witness='java/util/LinkedHashMap' stamp='1.070'/>
<writer thread='3724017'/>
1070  193       3       java.util.HashMap::resize (356 bytes)
<writer thread='3724023'/>
1070  185       1       java.lang.module.ModuleDescriptor$Exports::source (5 bytes)
<writer thread='3724018'/>
1070  153       3       java.util.HashMap::putVal (300 bytes)   COMPILE SKIPPED: concurrent class loading
1070  186       1       java.lang.module.ModuleDescriptor$Exports::targets (5 bytes)
<writer thread='3724020'/>
1070  191       3       java.util.ImmutableCollections$Set12::contains (28 bytes)
<writer thread='3724021'/>
1071  194       3       java.util.HashMap::putVal (300 bytes)
<writer thread='3724023'/>
1071  184       1       java.util.ImmutableCollections$Set12::isEmpty (2 bytes)
<writer thread='3724018'/>
1071  189       3       java.lang.Object::equals (11 bytes)
<writer thread='3724022'/>
1072  168       3       java.util.HashMap::get (19 bytes)
<writer thread='3724023'/>
1072  158       3       java.util.ImmutableCollections$SetN::contains (26 bytes)
<writer thread='3724018'/>
1073  172       3       jdk.internal.module.ModuleReferenceImpl::hashCode (56 bytes)
<writer thread='3724020'/>
1074  175       3       java.lang.module.ResolvedModule::hashCode (16 bytes)
<writer thread='3724022'/>
1074  167       3       java.lang.module.ModuleDescriptor::hashCode (170 bytes)
<writer thread='3724020'/>
1076  166       3       java.util.HashSet::add (20 bytes)
<writer thread='3724023'/>
1076  164       1       java.lang.module.ModuleDescriptor$Requires::name (5 bytes)
1077  176       3       java.util.HashMap$KeyIterator::next (8 bytes)
<writer thread='3724020'/>
1078  169       3       java.util.ImmutableCollections$Set12$1::hasNext (13 bytes)
<writer thread='3724023'/>
1080  157       2       java.util.HashMap::afterNodeInsertion (1 bytes)
<writer thread='3724016'/>
1080   17       3       java.lang.String::hashCode (60 bytes)   made not entrant: not used
<writer thread='3724018'/>
1081  171       1       java.lang.module.ModuleDescriptor::requires (5 bytes)
<writer thread='3724016'/>
1081  199       4       java.util.ImmutableCollections$SetN$SetNIterator::next (90 bytes)
<writer thread='3724020'/>
1081  173       1       java.lang.module.ModuleDescriptor::isAutomatic (5 bytes)
<writer thread='3724023'/>
1081  163       1       java.lang.module.ModuleDescriptor$Requires::modifiers (5 bytes)
<writer thread='3724018'/>
1082  174       3       java.util.HashMap::containsKey (14 bytes)
<writer thread='3724020'/>
1082  198       3       java.util.ImmutableCollections$Set12$1::next (95 bytes)
<writer thread='3724023'/>
1082  181       3       java.util.HashMap$KeySet::iterator (12 bytes)
<writer thread='3723997'/>
1083  207     n 0       java.lang.invoke.MethodHandle::linkToStatic(LL)V (native)   (static)
<writer thread='3724018'/>
1085  200       3       java.util.Arrays::copyOfRange (82 bytes)
<writer thread='3724023'/>
1085  182       3       java.util.HashMap$KeyIterator::&lt;init&gt; (6 bytes)
1087  150   !   3       java.lang.invoke.MemberName::getMethodType (213 bytes)
<writer thread='3724020'/>
1087  183       3       java.util.HashSet::iterator (13 bytes)
<writer thread='3724022'/>
1090  196       1       java.lang.module.ModuleDescriptor::exports (5 bytes)
<writer thread='3724020'/>
1090  180       3       java.util.HashMap::keySet (25 bytes)
<writer thread='3724022'/>
1091  206       3       java.lang.StringLatin1::canEncode (17 bytes)
1093  212       1       java.lang.module.ModuleDescriptor::packages (5 bytes)
<writer thread='3724024'/>
1094  195       4       java.util.ImmutableCollections$SetN$SetNIterator::hasNext (13 bytes)
<writer thread='3724022'/>
1095  160       3       java.util.Optional::&lt;init&gt; (10 bytes)
<writer thread='3724016'/>
1095  131       3       java.util.ImmutableCollections$SetN$SetNIterator::next (90 bytes)   made not entrant: not used
<writer thread='3724017'/>
1095  209       1       jdk.internal.classfile.impl.AbstractPoolEntry::constantPool (5 bytes)
<writer thread='3724020'/>
1095  177       1       java.util.HashMap$Node::getKey (5 bytes)
<writer thread='3724016'/>
1095  202       4       java.lang.module.ModuleDescriptor$Exports::isQualified (18 bytes)
<writer thread='3724024'/>
1096   58       3       java.util.ImmutableCollections$SetN$SetNIterator::hasNext (13 bytes)   made not entrant: not used
<writer thread='3724021'/>
1096  215       1       java.lang.module.ResolvedModule::reference (5 bytes)
<writer thread='3724024'/>
1096  210       4       java.util.HashMap::newNode (13 bytes)
<writer thread='3724017'/>
1096  178       1       java.util.HashMap$Node::getValue (5 bytes)
<writer thread='3724020'/>
1096  197       1       java.lang.module.ModuleDescriptor::provides (5 bytes)
<writer thread='3724022'/>
1097  201       1       java.lang.module.ModuleDescriptor::uses (5 bytes)
<writer thread='3724021'/>
1097  213       3       java.util.ImmutableCollections$Set12::iterator (9 bytes)
<writer thread='3724017'/>
1098  214       3       java.util.ImmutableCollections$Set12$1::&lt;init&gt; (32 bytes)
<writer thread='3724020'/>
1098  203       3       java.util.AbstractSet::&lt;init&gt; (5 bytes)
<writer thread='3724022'/>
1098  204       1       java.util.KeyValueHolder::getKey (5 bytes)
<writer thread='3724018'/>
1098  205       1       java.util.KeyValueHolder::getValue (5 bytes)
<writer thread='3724022'/>
1099  216       1       java.lang.AbstractStringBuilder::length (5 bytes)
<writer thread='3724018'/>
1099  217       3       java.util.Optional::ofNullable (19 bytes)
<writer thread='3724020'/>
1100  208       1       java.lang.invoke.MethodTypeForm::erasedType (5 bytes)
<writer thread='3724016'/>
1102  187       3       java.lang.module.ModuleDescriptor$Exports::isQualified (18 bytes)   made not entrant: not used
1102  211       4       java.lang.String::equals (56 bytes)
<writer thread='3724021'/>
1103  218       3       java.lang.AbstractStringBuilder::ensureCapacityInternal (39 bytes)
<writer thread='3724024'/>
1104  155       3       java.util.HashMap::newNode (13 bytes)   made not entrant: not used
1106  219       4       java.util.HashMap::putVal (300 bytes)
<writer thread='3724020'/>
1106  220       3       java.util.AbstractMap::&lt;init&gt; (5 bytes)
<writer thread='3724022'/>
1106  221       3       java.lang.module.ResolvedModule::name (11 bytes)
<writer thread='3724017'/>
1107  222       3       java.util.HashSet::&lt;init&gt; (16 bytes)
<writer thread='3723997'/>
1109  223     n 0       java.lang.Module::addExports0 (native)   (static)
1111  224     n 0       java.lang.Double::doubleToRawLongBits (native)   (static)
1112  225     n 0       java.lang.Module::addExportsToAll0 (native)   (static)
<writer thread='3724022'/>
1113  227       3       java.util.ImmutableCollections$MapN::get (35 bytes)
<writer thread='3724023'/>
1113  228       3       java.lang.Math::max (11 bytes)
<writer thread='3724017'/>
1113  229       1       java.lang.module.ResolvedModule::configuration (5 bytes)
<writer thread='3723997'/>
1113  230     n 0       java.lang.Module::addReads0 (native)   (static)
<writer thread='3724016'/>
1114   49       3       java.lang.String::equals (56 bytes)   made not entrant: not used
1114  226       4       java.util.HashMap::afterNodeInsertion (1 bytes)
<writer thread='3724017'/>
1115  231       3       java.util.HashMap::isEmpty (13 bytes)
<writer thread='3724016'/>
1115  157       2       java.util.HashMap::afterNodeInsertion (1 bytes)   made not entrant: not used
<writer thread='3724017'/>
1119  232       1       java.lang.module.ModuleDescriptor$Provides::service (5 bytes)
<writer thread='3724018'/>
1120  233       1       java.lang.Class::getComponentType (5 bytes)
<writer thread='3724017'/>
1122  234       1       jdk.internal.module.ModuleReferenceImpl::moduleResolution (5 bytes)
1130  235       3       java.lang.invoke.MemberName::getReferenceKind (12 bytes)
<writer thread='3724016'/>
1131  236       4       java.util.Objects::requireNonNull (14 bytes)
<writer thread='3723997'/>
1131  237     n 0       java.lang.Class::isHidden (native)   
<writer thread='3724022'/>
1131  238       3       jdk.internal.classfile.impl.AbstractPoolEntry::hashString (5 bytes)
<writer thread='3724016'/>
1134    9       3       java.util.Objects::requireNonNull (14 bytes)   made not entrant: not used
<writer thread='3724018'/>
1154  239       1       java.lang.invoke.MethodHandle::type (5 bytes)
<writer thread='3724022'/>
1155  240       1       java.lang.Class::getModifiers (5 bytes)
<writer thread='3724017'/>
1155  241       1       jdk.internal.constant.ClassOrInterfaceDescImpl::descriptorString (5 bytes)
<writer thread='3724018'/>
1156  242       3       jdk.internal.classfile.impl.EntryMap::firstToken (50 bytes)
<writer thread='3724020'/>
1156  243       3       jdk.internal.classfile.impl.AbstractPoolEntry::&lt;init&gt; (20 bytes)
<writer thread='3724022'/>
1156  244       3       jdk.internal.classfile.impl.SplitConstantPool::entryByIndex (59 bytes)
<writer thread='3724023'/>
1157  245       1       java.lang.String::value (5 bytes)
<writer thread='3724021'/>
1157  246       3       java.lang.StringCoding::countNonZeroAsciiLatin1 (33 bytes)
<writer thread='3724023'/>
1158  247       1       java.lang.invoke.MethodHandles$Lookup::lookupClass (5 bytes)
<writer thread='3723997'/>
1162  248     n 0       jdk.internal.vm.Continuation::enterSpecial (native)   (static)
1162  249     n 0       jdk.internal.vm.Continuation::doYield (native)   (static)
<writer thread='3724023'/>
1176  250       3       java.lang.StringLatin1::indexOfChar (33 bytes)
<writer thread='3723997'/>
1193  192       4       java.lang.String::hashCode (60 bytes)   made not entrant: uncommon trap
<writer thread='3724016'/>
1199  251       4       java.lang.String::coder (15 bytes)
<writer thread='3724017'/>
1200  252       3       java.lang.StringLatin1::indexOf (17 bytes)
<writer thread='3724016'/>
1201   15       3       java.lang.String::coder (15 bytes)   made not entrant: not used
<writer thread='3723997'/>
1206  253     n 0       jdk.internal.misc.Unsafe::getFloat (native)   
1206  254     n 0       jdk.internal.misc.Unsafe::putFloat (native)   
<writer thread='3724024'/>
1233  194       3       java.util.HashMap::putVal (300 bytes)   made not entrant: not used
<writer thread='3724018'/>
1365  255 %     3       test_osr_flow::micro @ 15 (78 bytes)
1371  256       3       test_osr_flow::micro (78 bytes)
<writer thread='3723997'/>
1376  257     n 0       java.lang.invoke.MethodHandle::linkToStatic(LLLLLL)L (native)   (static)
1378  258     n 0       java.lang.invoke.MethodHandle::invokeBasic(LLLLL)L (native)   
<writer thread='3724018'/>
1378  259       3       java.lang.invoke.MethodType::checkSlotCount (33 bytes)
<writer thread='3723997'/>
1379  260     n 0       java.lang.invoke.MethodHandle::linkToSpecial(LLLLLLL)L (native)   (static)
<writer thread='3724017'/>
1390  261       3       java.lang.Class::getPackageName (81 bytes)
<writer thread='3723997'/>
1391  262     n 0       java.lang.invoke.MethodHandle::linkToSpecial(LFL)L (native)   (static)
<writer thread='3724022'/>
1391  263       3       java.lang.invoke.LambdaForm$Name::&lt;init&gt; (126 bytes)
<writer thread='3723997'/>
1391  264     n 0       java.lang.invoke.MethodHandle::invokeBasic(LF)L (native)   
1392  265     n 0       java.lang.invoke.MethodHandle::linkToSpecial(LLFL)L (native)   (static)
<writer thread='3724020'/>
1392  266       3       java.lang.invoke.LambdaForm$Name::withIndex (35 bytes)
<writer thread='3724021'/>
1392  267       3       java.lang.Class::isInterface (8 bytes)
<writer thread='3724018'/>
1393  268       3       java.lang.reflect.Modifier::isInterface (14 bytes)
<writer thread='3723997'/>
1397  269     n 0       java.lang.invoke.MethodHandle::linkToStatic(LLLLL)L (native)   (static)
1398  270     n 0       java.lang.invoke.MethodHandle::invokeBasic(LLLL)L (native)   
<writer thread='3724020'/>
1398  271       3       java.lang.String::indexOf (41 bytes)
<writer thread='3724022'/>
1398  272       3       java.lang.AbstractStringBuilder::putStringAt (19 bytes)
<writer thread='3724018'/>
1398  273       3       java.lang.AbstractStringBuilder::inflateIfNeededFor (22 bytes)
<writer thread='3724023'/>
1399  274       3       jdk.internal.classfile.impl.SplitConstantPool::internalAdd (12 bytes)
<writer thread='3724021'/>
1399  275       3       jdk.internal.classfile.impl.SplitConstantPool::internalAdd (78 bytes)
<writer thread='3723997'/>
1400  278     n 0       java.lang.Class::isInstance (native)   
<writer thread='3724023'/>
1401  276       3       jdk.internal.classfile.impl.EntryMap::put (186 bytes)
<writer thread='3724018'/>
1402  277       3       java.lang.AbstractStringBuilder::isLatin1 (19 bytes)
<writer thread='3723997'/>
1403  279     n 0       java.lang.invoke.MethodHandle::invokeBasic(F)L (native)   
C1 Runtime statistics:
 _resolve_invoke_virtual_cnt:     39
 _resolve_invoke_opt_virtual_cnt: 41
 _resolve_invoke_static_cnt:      21
 _handle_wrong_method_cnt:        8
 _ic_miss_cnt:                    17
 _generic_arraycopystub_cnt:      0
 _byte_arraycopy_cnt:             0
 _short_arraycopy_cnt:            0
 _int_arraycopy_cnt:              0
 _long_arraycopy_cnt:             0
 _oop_arraycopy_cnt:              0
 _arraycopy_slowcase_cnt:         0
 _arraycopy_checkcast_cnt:        0
 _arraycopy_checkcast_attempt_cnt:0
 _new_type_array_slowcase_cnt:    0
 _new_object_array_slowcase_cnt:  0
 _new_null_free_array_slowcase_cnt: 0
 _new_instance_slowcase_cnt:      0
 _new_multi_array_slowcase_cnt:   0
 _load_flat_array_slowcase_cnt:   0
 _store_flat_array_slowcase_cnt:  0
 _substitutability_check_slowcase_cnt: 0
 _buffer_inline_args_slowcase_cnt:0
 _buffer_inline_args_no_receiver_slowcase_cnt:0
 _monitorenter_slowcase_cnt:      0
 _monitorexit_slowcase_cnt:       0
 _patch_code_slowcase_cnt:        0
 _throw_range_check_exception_count:            0:
 _throw_index_exception_count:                  0:
 _throw_div0_exception_count:                   0:
 _throw_null_pointer_exception_count:           0:
 _throw_class_cast_exception_count:             0:
 _throw_incompatible_class_change_error_count:  0:
 _throw_illegal_monitor_state_exception_count:  0:
 _throw_identity_exception_count:               0:
 _throw_count:                                  0:

<statistics type='SharedRuntime'>
   17 inline cache miss in compiled
    8 wrong method
   21 unresolved static call site
   39 unresolved virtual call site
   41 unresolved opt virtual call site
  570 byte array copies
    2 unsafe array copies
AdapterHandlerTable statistics:
Number of buckets       :       293 =      2344 bytes, each 8
Number of entries       :       289 =     16184 bytes, each 56
Number of literals      :       289 =     32368 bytes, avg 112.000
Total footprint         :           =     50896 bytes
Average bucket size     :     0.986
Variance of bucket size :     0.846
Std. dev. of bucket size:     0.920
Maximum bucket size     :         4
AdapterHandlerTable (table_size=293, entries=289)
AdapterHandlerTable: lookups 5300 equals 4583 hits 4583 compact 4583
</statistics>
<statistics type='opto'>
--- Compiler Statistics ---
Methods seen: 40  Methods parsed: 40  Nodes created: 8687
Blocks parsed: 109  Blocks seen: 125
132 original null checks - 112 elided (84%); optimizer leaves 38,
7 made implicit (18%)
StringConcat:    0/   0/   0(replaced/merged/total)
CCP: 13  constants found: 0
Total frameslots = 72, Max frameslots = 28
Inserted 0 spill loads, 0 spill stores, 0 mem-mem moves and 0 copies.
Total load cost=      0, store cost =      0, mem-mem cost =  0.00, copy cost =     0.
Adjusted spill cost =       0.
Conservatively coalesced 61 copies, 0 pairs, 118 post alloc.
Used cisc instruction  3,  remained in register 39
Average allocation trips 1.121212
High Pressure Blocks = 0, Low Pressure Blocks = 0
Nops added 0 bytes to total of 9585 bytes, for 0.00%
Peephole: peephole rules applied: 5
PhaseIdealLoop=46, sum _unique=19885, long loops=0/0/0
No escape = 0, Arg escape = 0, Global escape = 0
Objects scalar replaced = 0, Monitor objects removed = 0, GC barriers removed = 0, Memory barriers removed = 0
</statistics>
<statistics type='intrinsic'>
Compiler intrinsic usage:
     1 (50.0%) _vectorizedHashCode (worked)
     1 (50.0%) _equalsL (worked)
     2 (100.0%) total (worked)
</statistics>
<statistics type='deoptimization'>
Deoptimization traps recorded:
     1 (100.0%) total
              unstable_if/reinterpret/ifne: 1 (100.0%)
</statistics>
<writer thread='3724010'/>
<destroy_vm stamp='1.428'/>
<tty_done stamp='1.771'/>
</tty>
<hotspot_log_done stamp='1.771'/>
</hotspot_log>
