<?xml version='1.0' encoding='UTF-8'?>
<hotspot_log version='160 1' process='3724049' time_ms='1744712752125'>
<vm_version>
<name>
OpenJDK 64-Bit Server VM
</name>
<release>
25-internal-adhoc.root.valhalla
</release>
<info>
OpenJDK 64-Bit Server VM (slowdebug 25-internal-adhoc.root.valhalla) for linux-amd64 JRE (25-internal-adhoc.root.valhalla), built on 2025-04-15T01:23:54Z with gcc 10.5.0
</info>
</vm_version>
<vm_arguments>
<args>
-XX:+PrintCompilation --enable-preview --add-exports=java.base/jdk.internal.misc=ALL-UNNAMED -XX:-UseUniqueSubclasses </args>
<command>
test_osr_flow
</command>
<launcher>
SUN_STANDARD
</launcher>
<properties>
java.vm.specification.name=Java Virtual Machine Specification
java.vm.version=25-internal-adhoc.root.valhalla
java.vm.name=OpenJDK 64-Bit Server VM
jdk.debug=slowdebug
sun.boot.library.path=/home/jatinbha/sandboxes/lworld+vector/valhalla.new_merge.alt/valhalla/build/linux-x86_64-server-slowdebug/images/jdk/lib
java.library.path=/home/jatinbha/softwares::/usr/java/packages/lib:/usr/lib64:/lib64:/lib:/usr/lib
java.home=/home/jatinbha/sandboxes/lworld+vector/valhalla.new_merge.alt/valhalla/build/linux-x86_64-server-slowdebug/images/jdk
java.class.path=.
java.vm.info=mixed mode, sharing
java.vm.specification.vendor=Oracle Corporation
java.vm.specification.version=25
java.vm.vendor=Oracle Corporation
sun.java.command=test_osr_flow
sun.java.launcher=SUN_STANDARD
</properties>
</vm_arguments>
<tty>
<writer thread='3724050'/>
<blob name='MethodHandlesAdapterBlob' total_size='10224'>
<sect index='1' capacity='10224' size='2282' remaining='7942'/>
</blob>
<writer thread='3724070'/>
403    2       3       java.lang.Object::&lt;init&gt; (1 bytes)
404    1       3       java.lang.Byte::toUnsignedInt (6 bytes)
451    3       3       java.lang.String::isLatin1 (19 bytes)
<writer thread='3724050'/>
460    4     n 0       jdk.internal.misc.Unsafe::getReferenceVolatile (native)   
477    5     n 0       java.lang.Object::hashCode (native)   
478    6     n 0       java.lang.invoke.MethodHandle::linkToStatic(LLLLLLL)L (native)   (static)
<writer thread='3724069'/>
500    7       4       java.lang.Byte::toUnsignedInt (6 bytes)
501    1       3       java.lang.Byte::toUnsignedInt (6 bytes)   made not entrant: not used
<writer thread='3724070'/>
507    8       1       java.lang.Enum::ordinal (5 bytes)
509    9       3       java.util.Objects::requireNonNull (14 bytes)
<writer thread='3724050'/>
509   10     n 0       java.lang.invoke.MethodHandle::linkToStatic(LL)L (native)   (static)
512   11     n 0       java.lang.invoke.MethodHandle::invokeBasic(LLLLLL)L (native)   
<writer thread='3724070'/>
520   12       1       java.lang.Class::isPrimitive (5 bytes)
<writer thread='3724050'/>
522   13     n 0       java.lang.invoke.MethodHandle::linkToSpecial(LL)V (native)   (static)
524   14     n 0       java.lang.invoke.MethodHandle::invokeBasic()L (native)   
<writer thread='3724070'/>
539   15       3       java.lang.String::coder (15 bytes)
<writer thread='3724050'/>
539   16     n 0       java.lang.invoke.MethodHandle::linkToStatic(LLL)L (native)   (static)
<writer thread='3724070'/>
540   17       3       java.lang.String::hashCode (60 bytes)
<writer thread='3724050'/>
541   18     n 0       java.lang.System::arraycopy (native)   (static)
542   20     n 0       java.lang.invoke.MethodHandle::linkToStatic(LLLL)L (native)   (static)
<writer thread='3724069'/>
544   21       4       java.lang.Object::&lt;init&gt; (1 bytes)
545    2       3       java.lang.Object::&lt;init&gt; (1 bytes)   made not entrant: not used
<writer thread='3724070'/>
547   22       3       java.util.concurrent.ConcurrentHashMap::tabAt (21 bytes)
549   23       3       jdk.internal.misc.Unsafe::getReferenceAcquire (7 bytes)
550   19       1       jdk.internal.util.StrongReferenceKey::get (5 bytes)
551   24       3       java.util.concurrent.ConcurrentHashMap::spread (10 bytes)
<writer thread='3724050'/>
556   25     n 0       java.lang.invoke.MethodHandle::linkToSpecial(LL)L (native)   (static)
572   26     n 0       java.lang.invoke.MethodHandle::linkToStatic(L)L (native)   (static)
<writer thread='3724070'/>
572   27       1       java.lang.invoke.MethodType::returnType (5 bytes)
<writer thread='3724050'/>
579   28     n 0       java.lang.Object::clone (native)   
<writer thread='3724070'/>
588   29       3       jdk.internal.util.ArraysSupport::unsignedHashCode (36 bytes)
617   30       3       java.lang.Enum::&lt;init&gt; (15 bytes)
<writer thread='3724050'/>
666   31     n 0       java.lang.Object::getClass (native)   
<writer thread='3724070'/>
670   32       3       java.lang.String::length (11 bytes)
689   33       1       jdk.internal.classfile.impl.AbstractPoolEntry::index (5 bytes)
691   34       1       java.lang.Class::getClassLoader (5 bytes)
<writer thread='3724050'/>
694   35     n 0       jdk.internal.misc.Unsafe::compareAndSetLong (native)   
694   36     n 0       java.lang.invoke.MethodHandle::invokeBasic(L)L (native)   
695   37     n 0       java.lang.invoke.MethodHandle::linkToSpecial(LLL)L (native)   (static)
<writer thread='3724070'/>
704   38       3       jdk.internal.util.ReferencedKeyMap::removeStaleReferences (30 bytes)
<writer thread='3724050'/>
704   40     n 0       java.lang.invoke.MethodHandle::linkToStatic(IL)L (native)   (static)
<writer thread='3724070'/>
708   39   !   3       java.lang.ref.ReferenceQueue::poll (58 bytes)
746   41       3       jdk.internal.util.Preconditions::checkIndex (18 bytes)
749   42       3       java.lang.String::charAt (25 bytes)
754   43       3       java.lang.StringLatin1::charAt (15 bytes)
757   44       3       java.lang.String::checkIndex (10 bytes)
783   45       3       java.lang.Math::floorMod (20 bytes)
786   46       3       java.util.ImmutableCollections$SetN::probe (56 bytes)
793   50       3       java.lang.StringLatin1::equals (36 bytes)
796   47       3       jdk.internal.util.ArraysSupport::hashCodeOfUnsigned (55 bytes)
799   48       3       jdk.internal.util.ArraysSupport::vectorizedHashCode (158 bytes)
<writer thread='3724069'/>
808   52       4       jdk.internal.util.ArraysSupport::unsignedHashCode (36 bytes)
<writer thread='3724070'/>
814   55       3       java.lang.module.ModuleDescriptor::modsHashCode (43 bytes)
<writer thread='3724071'/>
814   49       3       java.lang.String::equals (56 bytes)
<writer thread='3724070'/>
818   53       3       java.util.Set::of (4 bytes)
<writer thread='3724071'/>
819   59       3       java.lang.module.ModuleDescriptor$Exports::hashCode (36 bytes)
<writer thread='3724070'/>
819   60       3       java.util.AbstractCollection::&lt;init&gt; (5 bytes)
820   54       3       java.lang.module.ModuleDescriptor$Exports::&lt;init&gt; (20 bytes)
<writer thread='3724071'/>
822   61       3       java.util.ImmutableCollections$AbstractImmutableCollection::&lt;init&gt; (5 bytes)
<writer thread='3724070'/>
823   56       3       java.util.ImmutableCollections$SetN::iterator (9 bytes)
<writer thread='3724071'/>
823   57       3       java.util.ImmutableCollections$SetN$SetNIterator::&lt;init&gt; (36 bytes)
<writer thread='3724070'/>
825   58       3       java.util.ImmutableCollections$SetN$SetNIterator::hasNext (13 bytes)
<writer thread='3724071'/>
826   62       3       java.util.ImmutableCollections$AbstractImmutableSet::&lt;init&gt; (5 bytes)
<writer thread='3724070'/>
826   51       3       java.util.Objects::equals (23 bytes)
<writer thread='3724071'/>
828   63       3       java.util.Set::of (68 bytes)
<writer thread='3724069'/>
835   29       3       jdk.internal.util.ArraysSupport::unsignedHashCode (36 bytes)   made not entrant: not used
<writer thread='3724070'/>
878   64       3       sun.nio.fs.UnixPath::checkNotNul (16 bytes)
<writer thread='3724050'/>
893   65     n 0       jdk.internal.misc.Unsafe::getByte (native)   
894   66     n 0       jdk.internal.misc.Unsafe::getShort (native)   
<writer thread='3724071'/>
894   67       3       jdk.internal.misc.Unsafe::pickPos (14 bytes)
<writer thread='3724070'/>
894   68       3       jdk.internal.misc.Unsafe::toUnsignedInt (6 bytes)
895   69       3       java.util.zip.ZipUtils::get16 (40 bytes)
<writer thread='3724071'/>
896   70       3       jdk.internal.misc.Unsafe::getShortUnaligned (12 bytes)
<writer thread='3724070'/>
899   71       3       jdk.internal.misc.Unsafe::getShortUnaligned (33 bytes)
<writer thread='3724071'/>
899   72       3       jdk.internal.misc.Unsafe::convEndian (16 bytes)
901   73       3       java.lang.Short::toUnsignedInt (5 bytes)
<writer thread='3724050'/>
916   74     n 0       java.lang.invoke.MethodHandle::linkToSpecial(LIL)L (native)   (static)
<writer thread='3724071'/>
916   75       1       java.lang.invoke.MemberName::getDeclaringClass (5 bytes)
<writer thread='3724050'/>
918   76     n 0       java.lang.invoke.MethodHandle::linkToSpecial(LLL)V (native)   (static)
<writer thread='3724070'/>
919   77       3       java.util.concurrent.ConcurrentHashMap::get (162 bytes)
<writer thread='3724071'/>
919   78       3       java.lang.invoke.MethodType::hashCode (53 bytes)
<writer thread='3724050'/>
920   82     n 0       jdk.internal.misc.Unsafe::compareAndSetReference (native)   
920   85     n 0       java.lang.invoke.MethodHandle::linkToStatic(ILL)I (native)   (static)
<writer thread='3724071'/>
923   79       3       jdk.internal.util.ReferencedKeyMap::lookupKey (9 bytes)
926   80       3       jdk.internal.util.StrongReferenceKey::&lt;init&gt; (10 bytes)
927   88       1       jdk.internal.classfile.impl.SplitConstantPool::size (5 bytes)
<writer thread='3724050'/>
928   90     n 0       java.lang.invoke.MethodHandle::linkToSpecial(LIL)V (native)   (static)
<writer thread='3724071'/>
929   87       1       jdk.internal.classfile.impl.AbstractPoolEntry::width (2 bytes)
<writer thread='3724050'/>
929   91     n 0       java.lang.invoke.MethodHandle::invokeBasic(I)L (native)   
<writer thread='3724071'/>
929   81       3       jdk.internal.util.StrongReferenceKey::hashCode (8 bytes)
932   86       3       java.lang.Class::isArray (13 bytes)
<writer thread='3724070'/>
933   83       3       java.lang.invoke.MemberName::isInvocable (8 bytes)
<writer thread='3724071'/>
934   84       3       java.lang.invoke.MemberName::anyFlagSet (15 bytes)
<writer thread='3724050'/>
934   94     n 0       java.lang.invoke.MethodHandle::linkToStatic(LL)I (native)   (static)
<writer thread='3724071'/>
936   89       3       java.lang.invoke.MethodTypeForm::canonicalize (74 bytes)
<writer thread='3724070'/>
936   93       3       java.util.Objects::requireNonNull (15 bytes)
938   98       3       jdk.internal.classfile.impl.BufWriterImpl::reserveSpace (22 bytes)
<writer thread='3724050'/>
940   99     n 0       java.lang.Class::isIdentity (native)   
941  103     n 0       java.lang.invoke.MethodHandle::linkToInterface(LLL)I (native)   (static)
<writer thread='3724070'/>
942  100       3       java.lang.Math::min (11 bytes)
944  101       3       jdk.internal.util.ReferencedKeyMap::get (10 bytes)
<writer thread='3724071'/>
945  102       3       jdk.internal.util.ReferencedKeyMap::getNoCheckStale (22 bytes)
951   96       3       jdk.internal.classfile.impl.SplitConstantPool::map (161 bytes)
<writer thread='3724070'/>
954  104       3       java.util.zip.ZipUtils::get32 (40 bytes)
<writer thread='3724050'/>
956  111     n 0       jdk.internal.misc.Unsafe::getInt (native)   
<writer thread='3724070'/>
958  112       3       java.lang.Character::codePointAt (51 bytes)
<writer thread='3724073'/>
958  113       3       java.lang.Character::isHighSurrogate (18 bytes)
961  110       3       java.lang.CharacterData::of (136 bytes)
<writer thread='3724050'/>
964  118     n 0       java.lang.invoke.MethodHandle::linkToSpecial(LLLL)V (native)   (static)
965  119     n 0       java.lang.invoke.MethodHandle::invokeBasic(LL)L (native)   
<writer thread='3724071'/>
965  114       3       java.lang.CharacterDataLatin1::getProperties (11 bytes)
<writer thread='3724050'/>
966  120     n 0       java.lang.invoke.MethodHandle::linkToSpecial(LLLL)L (native)   (static)
<writer thread='3724070'/>
966  115       3       java.lang.Character::charCount (12 bytes)
<writer thread='3724071'/>
967  116       3       java.lang.Character::isJavaIdentifierPart (9 bytes)
<writer thread='3724073'/>
967  117       3       java.lang.CharacterDataLatin1::isJavaIdentifierPart (20 bytes)
<writer thread='3724070'/>
968  105       3       jdk.internal.misc.Unsafe::getIntUnaligned (12 bytes)
<writer thread='3724071'/>
970  121       3       java.lang.String::getBytes (44 bytes)
<writer thread='3724073'/>
971  122       3       java.util.HashMap::hash (20 bytes)
<writer thread='3724070'/>
971  109       3       java.lang.String::&lt;init&gt; (15 bytes)
<writer thread='3724073'/>
973  124       3       java.util.Objects::hashCode (13 bytes)
<writer thread='3724070'/>
974  123       1       java.lang.module.ModuleDescriptor::name (5 bytes)
<writer thread='3724071'/>
974  125       1       java.lang.module.ModuleReference::descriptor (5 bytes)
<writer thread='3724070'/>
975  106       3       jdk.internal.misc.Unsafe::getIntUnaligned (83 bytes)
<writer thread='3724073'/>
976  107       3       jdk.internal.misc.Unsafe::convEndian (16 bytes)
<writer thread='3724071'/>
976  108       3       java.lang.Integer::toUnsignedLong (7 bytes)
977   95       1       java.lang.invoke.MethodType::form (5 bytes)
<writer thread='3724073'/>
978   92       1       java.lang.invoke.MethodType::ptypes (5 bytes)
<writer thread='3724071'/>
979   97       1       jdk.internal.classfile.impl.RawBytecodeHelper::bci (5 bytes)
<writer thread='3724070'/>
991  126       3       java.lang.String::isEmpty (14 bytes)
<writer thread='3724073'/>
999  129   !   3       java.util.concurrent.ConcurrentHashMap::putVal (432 bytes)
<writer thread='3724071'/>
999  127       3       java.util.concurrent.ConcurrentHashMap$Node::&lt;init&gt; (20 bytes)
<writer thread='3724070'/>
999  128       3       java.util.concurrent.ConcurrentHashMap::addCount (280 bytes)
<writer thread='3724071'/>
1002  132       3       java.util.ImmutableCollections$SetN$SetNIterator::next (90 bytes)
1007  130       3       java.util.concurrent.ConcurrentHashMap::casTabAt (20 bytes)
1009  131       3       java.util.concurrent.ConcurrentHashMap::putIfAbsent (8 bytes)
1011  133       3       java.lang.invoke.MethodType::parameterType (7 bytes)
<writer thread='3724050'/>
1012  134     n 0       java.lang.invoke.MethodHandle::linkToStatic(LLL)I (native)   (static)
<writer thread='3724071'/>
1012  135       3       java.lang.StringLatin1::canEncode (13 bytes)
1014  136       3       java.lang.invoke.MethodType::parameterCount (6 bytes)
1015  137       3       java.lang.StringConcatHelper::newArray (28 bytes)
1020  138       3       jdk.internal.misc.Unsafe::allocateUninitializedArray (55 bytes)
<writer thread='3724070'/>
1021  139       3       jdk.internal.misc.Unsafe::allocateUninitializedArray0 (90 bytes)
<writer thread='3724071'/>
1025  140       3       java.lang.String::substring (58 bytes)
<writer thread='3724070'/>
1031  143       3       java.lang.invoke.MemberName::allFlagsSet (16 bytes)
1034  142       3       java.lang.StringLatin1::newString (24 bytes)
<writer thread='3724071'/>
1037  144       3       java.lang.StringLatin1::replace (197 bytes)
<writer thread='3724070'/>
1037  141       1       jdk.internal.util.WeakReferenceKey::hashCode (5 bytes)
1046  145       3       java.lang.invoke.MethodType::methodType (69 bytes)
<writer thread='3724073'/>
1049  146       3       java.lang.invoke.MethodType::&lt;init&gt; (15 bytes)
<writer thread='3724050'/>
1050  148     n 0       java.lang.invoke.MethodHandle::linkToSpecial(LL)I (native)   (static)
<writer thread='3724073'/>
1052  147       3       jdk.internal.util.ReferencedKeySet::get (27 bytes)
<writer thread='3724050'/>
1052  150     n 0       java.lang.invoke.MethodHandleNatives::resolve (native)   (static)
<writer thread='3724070'/>
1056  149       3       java.lang.invoke.MemberName::initResolved (53 bytes)
<writer thread='3724071'/>
1059  154       3       java.util.HashMap::putVal (300 bytes)
<writer thread='3724070'/>
1059  152       3       java.util.stream.ReferencePipeline$2$1::accept (24 bytes)
1062  155       3       java.util.HashMap::put (13 bytes)
<writer thread='3724073'/>
1064  159       3       java.util.ImmutableCollections$MapN::probe (60 bytes)
<writer thread='3724070'/>
1066  161       3       java.util.HashMap::getNode (150 bytes)
<writer thread='3724050'/>
<dependency_failed type='leaf_type' ctxk='java/util/HashMap' witness='java/util/LinkedHashMap' stamp='1.070'/>
1070  155       3       java.util.HashMap::put (13 bytes)   made not entrant: marked for deoptimization
<writer thread='3724073'/>
1073  164       3       java.util.HashMap$HashIterator::nextNode (100 bytes)
1080  171       3       java.util.HashMap::put (13 bytes)
<writer thread='3724074'/>
1080  180       3       java.util.HashMap$HashIterator::&lt;init&gt; (79 bytes)
<writer thread='3724070'/>
1083  188       3       java.lang.module.ModuleDescriptor$Exports::isQualified (18 bytes)
<writer thread='3724075'/>
1084  156       3       java.util.HashMap$Node::&lt;init&gt; (26 bytes)
<writer thread='3724073'/>
1084  157       3       java.util.HashMap::afterNodeInsertion (1 bytes)
<writer thread='3724076'/>
1084  162       3       java.util.HashMap::newNode (13 bytes)
<writer thread='3724071'/>
<dependency_failed type='leaf_type' ctxk='java/util/HashMap' witness='java/util/LinkedHashMap' stamp='1.085'/>
<writer thread='3724069'/>
1084  193       4       java.lang.String::hashCode (60 bytes)
<writer thread='3724071'/>
1084  154       3       java.util.HashMap::putVal (300 bytes)   COMPILE SKIPPED: concurrent class loading
1084  189       3       java.util.ImmutableCollections$SetN::isEmpty (13 bytes)
<writer thread='3724073'/>
1085  194       3       java.util.HashMap::putVal (300 bytes)
<writer thread='3724070'/>
1085  191       3       java.util.HashMap::putIfAbsent (13 bytes)
<writer thread='3724074'/>
1086  186       1       java.lang.module.ModuleDescriptor$Exports::source (5 bytes)
<writer thread='3724071'/>
1086  187       1       java.lang.module.ModuleDescriptor$Exports::targets (5 bytes)
<writer thread='3724075'/>
1087  192       3       java.util.ImmutableCollections$Set12::contains (28 bytes)
<writer thread='3724074'/>
1087  196       3       java.util.HashMap::resize (356 bytes)
<writer thread='3724071'/>
1087  185       1       java.util.ImmutableCollections$Set12::isEmpty (2 bytes)
<writer thread='3724076'/>
1087  190       3       java.lang.Object::equals (11 bytes)
<writer thread='3724071'/>
1088  158       3       java.util.ImmutableCollections$SetN::contains (26 bytes)
<writer thread='3724070'/>
1089  169       3       java.util.HashMap::get (19 bytes)
<writer thread='3724076'/>
1089  176       3       java.lang.module.ResolvedModule::hashCode (16 bytes)
<writer thread='3724075'/>
1090  173       3       jdk.internal.module.ModuleReferenceImpl::hashCode (56 bytes)
<writer thread='3724070'/>
1091  163       3       java.util.HashMap$HashIterator::hasNext (13 bytes)
<writer thread='3724076'/>
1092  166       1       java.lang.module.ModuleDescriptor$Requires::name (5 bytes)
<writer thread='3724071'/>
1093  167       3       java.util.HashSet::add (20 bytes)
<writer thread='3724076'/>
1093  168       3       java.lang.module.ModuleDescriptor::hashCode (170 bytes)
<writer thread='3724077'/>
1093  201       4       java.util.ImmutableCollections$SetN$SetNIterator::next (90 bytes)
<writer thread='3724070'/>
1093  177       3       java.util.HashMap$KeyIterator::next (8 bytes)
1095  170       3       java.util.ImmutableCollections$Set12$1::hasNext (13 bytes)
<writer thread='3724071'/>
1095  174       1       java.lang.module.ModuleDescriptor::isAutomatic (5 bytes)
<writer thread='3724070'/>
1097  165       1       java.lang.module.ModuleDescriptor$Requires::modifiers (5 bytes)
<writer thread='3724071'/>
1097  175       3       java.util.HashMap::containsKey (14 bytes)
<writer thread='3724075'/>
1097  199       3       java.util.ImmutableCollections$Set12$1::next (95 bytes)
<writer thread='3724069'/>
1098   17       3       java.lang.String::hashCode (60 bytes)   made not entrant: not used
1098  200       4       java.util.ImmutableCollections$SetN$SetNIterator::hasNext (13 bytes)
<writer thread='3724070'/>
1098  202       3       java.util.Arrays::copyOfRange (82 bytes)
<writer thread='3724071'/>
1100  172       1       java.lang.module.ModuleDescriptor::requires (5 bytes)
<writer thread='3724069'/>
1100   58       3       java.util.ImmutableCollections$SetN$SetNIterator::hasNext (13 bytes)   made not entrant: not used
1100  204       4       java.lang.module.ModuleDescriptor$Exports::isQualified (18 bytes)
<writer thread='3724050'/>
1101  210     n 0       java.lang.invoke.MethodHandle::linkToStatic(LL)V (native)   (static)
<writer thread='3724071'/>
1101  182       3       java.util.HashMap$KeySet::iterator (12 bytes)
<writer thread='3724075'/>
1102  183       3       java.util.HashMap$KeyIterator::&lt;init&gt; (6 bytes)
<writer thread='3724071'/>
1103  197       1       java.lang.module.ModuleDescriptor::exports (5 bytes)
<writer thread='3724075'/>
1104  184       3       java.util.HashSet::iterator (13 bytes)
<writer thread='3724071'/>
1104  178       1       java.util.HashMap$Node::getKey (5 bytes)
1105  179       1       java.util.HashMap$Node::getValue (5 bytes)
<writer thread='3724069'/>
1106  188       3       java.lang.module.ModuleDescriptor$Exports::isQualified (18 bytes)   made not entrant: not used
<writer thread='3724075'/>
1106  198       1       java.lang.module.ModuleDescriptor::provides (5 bytes)
<writer thread='3724069'/>
1107  195       4       java.util.HashMap::afterNodeInsertion (1 bytes)
<writer thread='3724071'/>
1107  203       1       java.lang.module.ModuleDescriptor::uses (5 bytes)
<writer thread='3724077'/>
1107  132       3       java.util.ImmutableCollections$SetN$SetNIterator::next (90 bytes)   made not entrant: not used
<writer thread='3724069'/>
1109  157       3       java.util.HashMap::afterNodeInsertion (1 bytes)   made not entrant: not used
<writer thread='3724077'/>
1109  206       4       java.util.HashMap::newNode (13 bytes)
<writer thread='3724075'/>
1109  151   !   3       java.lang.invoke.MemberName::getMethodType (213 bytes)
<writer thread='3724076'/>
1109  209       3       java.lang.StringLatin1::canEncode (17 bytes)
<writer thread='3724071'/>
1109  181       3       java.util.HashMap::keySet (25 bytes)
<writer thread='3724069'/>
1110  213       4       java.lang.String::equals (56 bytes)
<writer thread='3724073'/>
1110  205       3       java.util.AbstractSet::&lt;init&gt; (5 bytes)
<writer thread='3724070'/>
1111  212       1       jdk.internal.classfile.impl.AbstractPoolEntry::constantPool (5 bytes)
<writer thread='3724076'/>
1111  207       1       java.util.KeyValueHolder::getKey (5 bytes)
<writer thread='3724070'/>
1112  215       3       java.util.Optional::ofNullable (19 bytes)
<writer thread='3724074'/>
1112  214       1       java.lang.module.ModuleDescriptor::packages (5 bytes)
<writer thread='3724076'/>
1112  160       3       java.util.Optional::&lt;init&gt; (10 bytes)
<writer thread='3724073'/>
1113  216       3       java.util.ImmutableCollections$Set12::iterator (9 bytes)
<writer thread='3724071'/>
1113  217       3       java.util.ImmutableCollections$Set12$1::&lt;init&gt; (32 bytes)
<writer thread='3724074'/>
1114  218       3       java.util.Optional::orElse (16 bytes)
<writer thread='3724076'/>
1114  219       1       java.lang.module.ResolvedModule::reference (5 bytes)
<writer thread='3724070'/>
1115  208       1       java.util.KeyValueHolder::getValue (5 bytes)
<writer thread='3724076'/>
1115  211       1       java.lang.invoke.MethodTypeForm::erasedType (5 bytes)
<writer thread='3724077'/>
1116  162       3       java.util.HashMap::newNode (13 bytes)   made not entrant: not used
<writer thread='3724076'/>
1119  220       1       java.lang.AbstractStringBuilder::length (5 bytes)
1120  221       3       java.lang.AbstractStringBuilder::ensureCapacityInternal (39 bytes)
<writer thread='3724069'/>
1122   49       3       java.lang.String::equals (56 bytes)   made not entrant: not used
1123  222       4       java.util.HashMap::putVal (300 bytes)
<writer thread='3724073'/>
1123  223       3       java.lang.module.ResolvedModule::name (11 bytes)
<writer thread='3724071'/>
1123  224       3       java.util.AbstractMap::&lt;init&gt; (5 bytes)
<writer thread='3724074'/>
1124  225       3       java.util.HashSet::&lt;init&gt; (16 bytes)
<writer thread='3724073'/>
1125  226       3       java.util.ImmutableCollections$MapN::get (35 bytes)
<writer thread='3724050'/>
1127  227     n 0       java.lang.Module::addExportsToAll0 (native)   (static)
1127  228     n 0       java.lang.Double::doubleToRawLongBits (native)   (static)
<writer thread='3724074'/>
1128  229       3       java.lang.Math::max (11 bytes)
<writer thread='3724050'/>
1129  230     n 0       java.lang.Module::addExports0 (native)   (static)
<writer thread='3724074'/>
1131  231       1       java.lang.module.ResolvedModule::configuration (5 bytes)
<writer thread='3724050'/>
1131  232     n 0       java.lang.Module::addReads0 (native)   (static)
<writer thread='3724076'/>
1132  233       3       java.util.HashMap::isEmpty (13 bytes)
<writer thread='3724075'/>
1136  234       1       java.lang.module.ModuleDescriptor$Provides::service (5 bytes)
<writer thread='3724071'/>
1136  235       1       java.lang.Class::getComponentType (5 bytes)
<writer thread='3724075'/>
1138  236       1       jdk.internal.module.ModuleReferenceImpl::moduleResolution (5 bytes)
<writer thread='3724071'/>
1147  237       3       java.lang.invoke.MemberName::getReferenceKind (12 bytes)
<writer thread='3724077'/>
1147  238       4       java.util.Objects::requireNonNull (14 bytes)
<writer thread='3724050'/>
1148  239     n 0       java.lang.Class::isHidden (native)   
<writer thread='3724075'/>
1148  240       3       jdk.internal.classfile.impl.AbstractPoolEntry::hashString (5 bytes)
<writer thread='3724077'/>
1150    9       3       java.util.Objects::requireNonNull (14 bytes)   made not entrant: not used
<writer thread='3724076'/>
1171  241       1       java.lang.invoke.MethodHandle::type (5 bytes)
<writer thread='3724074'/>
1172  242       1       java.lang.Class::getModifiers (5 bytes)
<writer thread='3724076'/>
1173  243       1       jdk.internal.constant.ClassOrInterfaceDescImpl::descriptorString (5 bytes)
<writer thread='3724073'/>
1173  244       3       jdk.internal.classfile.impl.EntryMap::firstToken (50 bytes)
<writer thread='3724074'/>
1173  245       3       jdk.internal.classfile.impl.AbstractPoolEntry::&lt;init&gt; (20 bytes)
<writer thread='3724076'/>
1174  246       3       jdk.internal.classfile.impl.SplitConstantPool::entryByIndex (59 bytes)
<writer thread='3724070'/>
1174  247       1       java.lang.String::value (5 bytes)
<writer thread='3724071'/>
1174  248       3       java.lang.StringCoding::countNonZeroAsciiLatin1 (33 bytes)
<writer thread='3724070'/>
1176  249       1       java.lang.invoke.MethodHandles$Lookup::lookupClass (5 bytes)
<writer thread='3724050'/>
1179  250     n 0       jdk.internal.vm.Continuation::enterSpecial (native)   (static)
1179  251     n 0       jdk.internal.vm.Continuation::doYield (native)   (static)
<writer thread='3724075'/>
1194  252       3       java.lang.StringLatin1::indexOfChar (33 bytes)
<writer thread='3724050'/>
1210  193       4       java.lang.String::hashCode (60 bytes)   made not entrant: uncommon trap
<writer thread='3724077'/>
1216  253       4       java.lang.String::coder (15 bytes)
<writer thread='3724070'/>
1217  254       3       java.lang.StringLatin1::indexOf (17 bytes)
<writer thread='3724077'/>
1218   15       3       java.lang.String::coder (15 bytes)   made not entrant: not used
<writer thread='3724050'/>
1223  255     n 0       jdk.internal.misc.Unsafe::getFloat (native)   
1224  256     n 0       jdk.internal.misc.Unsafe::putFloat (native)   
<writer thread='3724069'/>
1252  194       3       java.util.HashMap::putVal (300 bytes)   made not entrant: not used
<writer thread='3724070'/>
1384  257 %     3       test_osr_flow::micro @ 15 (78 bytes)
1389  258       3       test_osr_flow::micro (78 bytes)
<writer thread='3724050'/>
1394  259     n 0       java.lang.invoke.MethodHandle::linkToStatic(LLLLLL)L (native)   (static)
1396  260     n 0       java.lang.invoke.MethodHandle::invokeBasic(LLLLL)L (native)   
<writer thread='3724076'/>
1397  261       3       java.lang.invoke.MethodType::checkSlotCount (33 bytes)
<writer thread='3724050'/>
1397  262     n 0       java.lang.invoke.MethodHandle::linkToSpecial(LLLLLLL)L (native)   (static)
<writer thread='3724070'/>
1408  263       3       java.lang.Class::getPackageName (81 bytes)
<writer thread='3724050'/>
1409  264     n 0       java.lang.invoke.MethodHandle::linkToSpecial(LFL)L (native)   (static)
<writer thread='3724074'/>
1409  265       3       java.lang.invoke.LambdaForm$Name::&lt;init&gt; (126 bytes)
<writer thread='3724050'/>
1410  266     n 0       java.lang.invoke.MethodHandle::invokeBasic(LF)L (native)   
1410  267     n 0       java.lang.invoke.MethodHandle::linkToSpecial(LLFL)L (native)   (static)
<writer thread='3724076'/>
1411  268       3       java.lang.invoke.LambdaForm$Name::withIndex (35 bytes)
<writer thread='3724073'/>
1411  269       3       java.lang.Class::isInterface (8 bytes)
<writer thread='3724075'/>
1411  270       3       java.lang.reflect.Modifier::isInterface (14 bytes)
<writer thread='3724050'/>
1415  271     n 0       java.lang.invoke.MethodHandle::linkToStatic(LLLLL)L (native)   (static)
1416  272     n 0       java.lang.invoke.MethodHandle::invokeBasic(LLLL)L (native)   
<writer thread='3724071'/>
1417  273       3       java.lang.String::indexOf (41 bytes)
<writer thread='3724076'/>
1417  274       3       java.lang.AbstractStringBuilder::putStringAt (19 bytes)
<writer thread='3724074'/>
1417  275       3       java.lang.AbstractStringBuilder::inflateIfNeededFor (22 bytes)
<writer thread='3724073'/>
1417  276       3       jdk.internal.classfile.impl.SplitConstantPool::internalAdd (12 bytes)
<writer thread='3724075'/>
1417  277       3       jdk.internal.classfile.impl.SplitConstantPool::internalAdd (78 bytes)
<writer thread='3724050'/>
1419  280     n 0       java.lang.Class::isInstance (native)   
<writer thread='3724073'/>
1419  278       3       jdk.internal.classfile.impl.EntryMap::put (186 bytes)
<writer thread='3724074'/>
1420  279       3       java.lang.AbstractStringBuilder::isLatin1 (19 bytes)
<writer thread='3724050'/>
1422  281     n 0       java.lang.invoke.MethodHandle::invokeBasic(F)L (native)   
C1 Runtime statistics:
 _resolve_invoke_virtual_cnt:     42
 _resolve_invoke_opt_virtual_cnt: 44
 _resolve_invoke_static_cnt:      21
 _handle_wrong_method_cnt:        8
 _ic_miss_cnt:                    18
 _generic_arraycopystub_cnt:      0
 _byte_arraycopy_cnt:             0
 _short_arraycopy_cnt:            0
 _int_arraycopy_cnt:              0
 _long_arraycopy_cnt:             0
 _oop_arraycopy_cnt:              0
 _arraycopy_slowcase_cnt:         0
 _arraycopy_checkcast_cnt:        0
 _arraycopy_checkcast_attempt_cnt:0
 _new_type_array_slowcase_cnt:    0
 _new_object_array_slowcase_cnt:  0
 _new_null_free_array_slowcase_cnt: 0
 _new_instance_slowcase_cnt:      0
 _new_multi_array_slowcase_cnt:   0
 _load_flat_array_slowcase_cnt:   0
 _store_flat_array_slowcase_cnt:  0
 _substitutability_check_slowcase_cnt: 0
 _buffer_inline_args_slowcase_cnt:0
 _buffer_inline_args_no_receiver_slowcase_cnt:0
 _monitorenter_slowcase_cnt:      0
 _monitorexit_slowcase_cnt:       0
 _patch_code_slowcase_cnt:        0
 _throw_range_check_exception_count:            0:
 _throw_index_exception_count:                  0:
 _throw_div0_exception_count:                   0:
 _throw_null_pointer_exception_count:           0:
 _throw_class_cast_exception_count:             0:
 _throw_incompatible_class_change_error_count:  0:
 _throw_illegal_monitor_state_exception_count:  0:
 _throw_identity_exception_count:               0:
 _throw_count:                                  0:

<statistics type='SharedRuntime'>
   18 inline cache miss in compiled
    8 wrong method
   21 unresolved static call site
   42 unresolved virtual call site
   44 unresolved opt virtual call site
  598 byte array copies
    2 unsafe array copies
AdapterHandlerTable statistics:
Number of buckets       :       293 =      2344 bytes, each 8
Number of entries       :       289 =     16184 bytes, each 56
Number of literals      :       289 =     32368 bytes, avg 112.000
Total footprint         :           =     50896 bytes
Average bucket size     :     0.986
Variance of bucket size :     0.846
Std. dev. of bucket size:     0.920
Maximum bucket size     :         4
AdapterHandlerTable (table_size=293, entries=289)
AdapterHandlerTable: lookups 5300 equals 4583 hits 4583 compact 4583
</statistics>
<statistics type='opto'>
--- Compiler Statistics ---
Methods seen: 40  Methods parsed: 40  Nodes created: 8694
Blocks parsed: 109  Blocks seen: 125
132 original null checks - 112 elided (84%); optimizer leaves 38,
7 made implicit (18%)
StringConcat:    0/   0/   0(replaced/merged/total)
CCP: 13  constants found: 0
Total frameslots = 72, Max frameslots = 28
Inserted 0 spill loads, 0 spill stores, 0 mem-mem moves and 0 copies.
Total load cost=      0, store cost =      0, mem-mem cost =  0.00, copy cost =     0.
Adjusted spill cost =       0.
Conservatively coalesced 61 copies, 0 pairs, 118 post alloc.
Used cisc instruction  3,  remained in register 39
Average allocation trips 1.121212
High Pressure Blocks = 0, Low Pressure Blocks = 0
Nops added 0 bytes to total of 9585 bytes, for 0.00%
Peephole: peephole rules applied: 5
PhaseIdealLoop=46, sum _unique=19917, long loops=0/0/0
No escape = 0, Arg escape = 0, Global escape = 0
Objects scalar replaced = 0, Monitor objects removed = 0, GC barriers removed = 0, Memory barriers removed = 0
</statistics>
<statistics type='intrinsic'>
Compiler intrinsic usage:
     1 (50.0%) _vectorizedHashCode (worked)
     1 (50.0%) _equalsL (worked)
     2 (100.0%) total (worked)
</statistics>
<statistics type='deoptimization'>
Deoptimization traps recorded:
     1 (100.0%) total
              unstable_if/reinterpret/ifne: 1 (100.0%)
</statistics>
<writer thread='3724063'/>
<destroy_vm stamp='1.447'/>
<tty_done stamp='1.784'/>
</tty>
<hotspot_log_done stamp='1.784'/>
</hotspot_log>
