#
# A fatal error has been detected by the Java Runtime Environment:
#
#  Internal Error (/home/jatinbha/sandboxes/lworld/src/hotspot/share/opto/graphKit.cpp:3553), pid=2606580, tid=2606609
#  assert(stopped() || !toop->is_inlinetypeptr() || obj->is_InlineType()) failed: should have been scalarized
#
# JRE version: OpenJDK Runtime Environment (25.0) (slowdebug build 25-internal-adhoc.root.lworld)
# Java VM: OpenJDK 64-Bit Server VM (slowdebug 25-internal-adhoc.root.lworld, mixed mode, sharing, compressed oops, compressed class ptrs, g1 gc, linux-amd64)
# Problematic frame:
# V  [libjvm.so+0x112834b]  GraphKit::gen_checkcast(Node*, Node*, Node**, bool)+0x483
#
# Core dump will be written. Default location: Core dumps may be processed with "/usr/share/apport/apport -p%p -s%s -c%c -d%d -P%P -u%u -g%g -- %E" (or dumping to /home/jatinbha/code/java/valhalla/larval_support/core.2606580)
#
# If you would like to submit a bug report, please visit:
#   https://bugreport.java.com/bugreport/crash.jsp
#

---------------  S U M M A R Y ------------

Command Line: --add-exports=java.base/jdk.internal.misc=ALL-UNNAMED -XX:-TieredCompilation -XX:+PauseAtStartup -Xbatch -XX:+TraceTypeProfile -XX:CompileCommand=compileonly,test_osr_flow::micro --enable-preview test_osr_flow

Host: intel-S2600WFT, Intel(R) Xeon(R) Platinum 8280 CPU @ 2.70GHz, 112 cores, 754G, Ubuntu 20.04.2 LTS
Time: Fri Apr 11 16:42:12 2025 IST elapsed time: 63.810941 seconds (0d 0h 1m 3s)

---------------  T H R E A D  ---------------

Current thread (0x00007f2d9c2e5720):  JavaThread "C2 CompilerThread0" daemon [_thread_in_native, id=2606609, stack(0x00007f2d549bf000,0x00007f2d54ac0000) (1028K)]


Current CompileTask:
C2:63811   29    b        test_osr_flow::micro (69 bytes)

Stack: [0x00007f2d549bf000,0x00007f2d54ac0000],  sp=0x00007f2d54abc2c0,  free space=1012k
Native frames: (J=compiled Java code, j=interpreted, Vv=VM code, C=native code)
V  [libjvm.so+0x112834b]  GraphKit::gen_checkcast(Node*, Node*, Node**, bool)+0x483  (graphKit.cpp:3553)
V  [libjvm.so+0x17beb6b]  Parse::do_checkcast()+0x2bf  (parseHelper.cpp:95)
V  [libjvm.so+0x17b9435]  Parse::do_one_bytecode()+0x42ab  (parse2.cpp:3555)
V  [libjvm.so+0x17a22de]  Parse::do_one_block()+0x682  (parse1.cpp:1664)
V  [libjvm.so+0x179db84]  Parse::do_all_blocks()+0x400  (parse1.cpp:754)
V  [libjvm.so+0x179d674]  Parse::Parse(JVMState*, ciMethod*, float)+0x148c  (parse1.cpp:658)
V  [libjvm.so+0xbb2e79]  ParseGenerator::generate(JVMState*)+0xf9  (callGenerator.cpp:98)
V  [libjvm.so+0xd0279f]  Compile::Compile(ciEnv*, ciMethod*, int, Options, DirectiveSet*)+0x11c5  (compile.cpp:819)
V  [libjvm.so+0xbb0654]  C2Compiler::compile_method(ciEnv*, ciMethod*, int, bool, DirectiveSet*)+0x1fa  (c2compiler.cpp:142)
V  [libjvm.so+0xd29455]  CompileBroker::invoke_compiler_on_method(CompileTask*)+0x9ff  (compileBroker.cpp:2331)
V  [libjvm.so+0xd27e6b]  CompileBroker::compiler_thread_loop()+0x411  (compileBroker.cpp:1975)
V  [libjvm.so+0xd48414]  CompilerThread::thread_entry(JavaThread*, JavaThread*)+0x84  (compilerThread.cpp:67)
V  [libjvm.so+0x11fe914]  JavaThread::thread_main_inner()+0x15a  (javaThread.cpp:777)
V  [libjvm.so+0x11fe7b6]  JavaThread::run()+0x1c0  (javaThread.cpp:762)
V  [libjvm.so+0x1b620e6]  Thread::call_run()+0x1a8  (thread.cpp:231)
V  [libjvm.so+0x175f432]  thread_native_entry(Thread*)+0x1c3  (os_linux.cpp:877)
Registers:
RAX=0x00007f2da57a5000, RBX=0x00007f2ce00c1a08, RCX=0x0000000000000004, RDX=0x00007f2da2dde976
RSP=0x00007f2d54abc2c0, RBP=0x00007f2d54abc420, RSI=0x0000000000000000, RDI=0x00007f2ce00d4fc8
R8 =0x0000000000000000, R9 =0x000000007fffffff, R10=0x00007f2d54abbfc0, R11=0x00007f2d9c22c488
R12=0x00007f2d54abc880, R13=0x00007f2ce00bdce8, R14=0x00007f2da20586e0, R15=0x00007f2d54abefc0
RIP=0x00007f2da32dd34b, EFLAGS=0x0000000000010202, CSGSFS=0x002b000000000033, ERR=0x0000000000000015
  TRAPNO=0x000000000000000e

XMM[0]=0xabababababababab 0xabababababababab
XMM[1]=0x00007f2ce00d0dc0 0x00007f2ce00d0ce8
XMM[2]=0x00007f2ce00d1520 0x00007f2ce00d12a8
XMM[3]=0x00007f2ce00d2ca0 0x00007f2ce00d2400
XMM[4]=0x00007f2ce00d2ca0 0x00007f2ce00d2400
XMM[5]=0x00007f2ce00d1520 0x00007f2ce00d12a8
XMM[6]=0x00007f2ce00d0dc0 0x00007f2ce00d0ce8
XMM[7]=0x00007f2ce00279e8 0x00007f2ce0027938
XMM[8]=0x00007f2d9c2f36b0 0x00007f2d9c2f4f98
XMM[9]=0x0000000000000000 0x0000000000000000
XMM[10]=0x0000000000000000 0x0000000000000000
XMM[11]=0x0000000000000000 0x0000000000000000
XMM[12]=0x0000000000000000 0x0000000000000000
XMM[13]=0x0000000000000000 0x0000000000000000
XMM[14]=0x0000000000000000 0x0000000000000000
XMM[15]=0x0000000000000000 0x0000000000000000
  MXCSR=0x00001fa2


Register to memory mapping:

RAX=0x00007f2da57a5000 in mmap'd memory region [0x00007f2da57a5000 - 0x00007f2da57a6000], tag mtInternal
RBX=0x00007f2ce00c1a08 points into unknown readable memory: 0x00007f2da52bb328 | 28 b3 2b a5 2d 7f 00 00
RCX=0x0000000000000004 is an unknown value
RDX=0x00007f2da2dde976: <offset 0x0000000000c29976> in /home/jatinbha/sandboxes/lworld/build/linux-x86_64-server-slowdebug/images/jdk/lib/server/libjvm.so at 0x00007f2da21b5000
RSP=0x00007f2d54abc2c0 is pointing into the stack for thread: 0x00007f2d9c2e5720
RBP=0x00007f2d54abc420 is pointing into the stack for thread: 0x00007f2d9c2e5720
RSI=0x0 is null
RDI=0x00007f2ce00d4fc8 points into unknown readable memory: 0x00007f2da52ba538 | 38 a5 2b a5 2d 7f 00 00
R8 =0x0 is null
R9 =0x000000007fffffff is an unknown value
R10=0x00007f2d54abbfc0 is pointing into the stack for thread: 0x00007f2d9c2e5720
R11=0x00007f2d9c22c488 points into unknown readable memory: 0x00007f2d9c2f4f98 | 98 4f 2f 9c 2d 7f 00 00
R12=0x00007f2d54abc880 is pointing into the stack for thread: 0x00007f2d9c2e5720
R13=0x00007f2ce00bdce8 points into unknown readable memory: 0x00007f2da5207b78 | 78 7b 20 a5 2d 7f 00 00
R14=0x00007f2da20586e0 is pointing into the stack for thread: 0x00007f2d9c02c6f0
R15=0x00007f2d54abefc0 is pointing into the stack for thread: 0x00007f2d9c2e5720

Top of Stack: (sp=0x00007f2d54abc2c0)
0x00007f2d54abc2c0:   00007f2d54abc2f0 00007f00a3d47baa   ...T-....{......
0x00007f2d54abc2d0:   0000000000000000 00007f2ce00d6258   ........Xb..,...
0x00007f2d54abc2e0:   00007f2ce00d4fc8 00007f2d54abc880   .O..,......T-...
0x00007f2d54abc2f0:   00007f2d54abc320 00007f2da20113ed    ..T-.......-...
0x00007f2d54abc300:   00007f2d54abc320 00007f2da398d575    ..T-...u...-...
0x00007f2d54abc310:   00007f2ce00beff8 00007f2d9c226f28   ....,...(o".-...
0x00007f2d54abc320:   00007f2d54abc380 00007f2da3982df5   ...T-....-..-...
0x00007f2d54abc330:   00007f2ce00d6258 00007f2d9c226f28   Xb..,...(o".-...
0x00007f2d54abc340:   00007f2ce00a7838 00007f2ce00bde48   8x..,...H...,...
0x00007f2d54abc350:   00007f2ce00beff8 00007f2ce00bdc18   ....,.......,...
0x00007f2d54abc360:   00007f2d54abc3a0 00007f2da2d6e2e2   ...T-.......-...
0x00007f2d54abc370:   00007f2d54abc3a0 00000085a2db0501   ...T-...........
0x00007f2d54abc380:   00007f2d9c226ac8 00007f2d54abd760   .j".-...`..T-...
0x00007f2d54abc390:   00007f2ce00d6258 00007f2ce00cfa40   Xb..,...@...,...
0x00007f2d54abc3a0:   00007f2d54abc3e0 00007f2da3984e67   ...T-...gN..-...
0x00007f2d54abc3b0:   00007f2ce00a7838 00007f2d54abcc90   8x..,......T-...
0x00007f2d54abc3c0:   00007f2ce00d6258 0000000000000000   Xb..,...........
0x00007f2d54abc3d0:   00007f2d9c226ac8 00007f2ce00cfa40   .j".-...@...,...
0x00007f2d54abc3e0:   00007f2d54abc400 00007f2da3984d55   ...T-...UM..-...
0x00007f2d54abc3f0:   00007f2ce00a7838 00007f2d54abc880   8x..,......T-...
0x00007f2d54abc400:   00007f2d54abc880 00007f2ce00bdce8   ...T-.......,...
0x00007f2d54abc410:   00007f2da20586e0 00007f2d54abefc0   ....-......T-...
0x00007f2d54abc420:   00007f2d54abc480 00007f2da3973b6b   ...T-...k;..-...
0x00007f2d54abc430:   00007f2d54abc450 00007f2d54abc880   P..T-......T-...
0x00007f2d54abc440:   01007f2d54abc460 00007f2ce00c0ac8   `..T-.......,...
0x00007f2d54abc450:   00007f2ce00d4fc8 00007f2ce00bde48   .O..,...H...,...
0x00007f2d54abc460:   00007f2d54abc480 00007f2da30e79de   ...T-....y..-...
0x00007f2d54abc470:   00007f2ce00c5ef8 00007f2da39852ee   .^..,....R..-...
0x00007f2d54abc480:   00007f2d54abc660 00007f2da396e435   `..T-...5...-...
0x00007f2d54abc490:   00007f2d54abc4c0 00007f2d54abc880   ...T-......T-...
0x00007f2d54abc4a0:   00007f2d54abc4c0 00007f2da283702a   ...T-...*p..-...
0x00007f2d54abc4b0:   0000000754abc4f0 000000c0e00d6100   ...T.....a......

Instructions: (pc=0x00007f2da32dd34b)
  0x00007f2da32dd24b:   89 c7 e8 ce b6 ff ff 48 89 85 c0 fe ff ff 80 bd
  0x00007f2da32dd25b:   ac fe ff ff 00 0f 84 80 00 00 00 e8 16 58 55 ff
  0x00007f2da32dd26b:   83 f0 01 84 c0 74 15 0f b6 85 da fe ff ff 83 f0
  0x00007f2da32dd27b:   01 84 c0 74 07 b8 01 00 00 00 eb 05 b8 00 00 00
  0x00007f2da32dd28b:   00 84 c0 74 31 48 8d 05 f1 56 06 02 48 8b 00 c6
  0x00007f2da32dd29b:   00 58 48 8d 0d 7c 51 18 01 48 8d 15 7d 51 18 01
  0x00007f2da32dd2ab:   be de 0d 00 00 48 8d 3d d9 30 18 01 b8 00 00 00
  0x00007f2da32dd2bb:   00 e8 f8 23 c9 ff 48 8b 8d c0 fe ff ff 48 8b 85
  0x00007f2da32dd2cb:   c8 fe ff ff ba 0c 00 00 00 48 89 ce 48 89 c7 e8
  0x00007f2da32dd2db:   6b 28 a9 ff 48 89 85 c0 fe ff ff e8 96 57 55 ff
  0x00007f2da32dd2eb:   83 f0 01 84 c0 74 46 48 8b 85 c8 fe ff ff 48 89
  0x00007f2da32dd2fb:   c7 e8 9d 1a ff ff 83 f0 01 84 c0 74 30 48 8b 85
  0x00007f2da32dd30b:   38 ff ff ff 48 89 c7 e8 b9 0b a9 ff 84 c0 74 1d
  0x00007f2da32dd31b:   48 8b 85 c0 fe ff ff 48 89 c7 e8 5c 0d a9 ff 83
  0x00007f2da32dd32b:   f0 01 84 c0 74 07 b8 01 00 00 00 eb 05 b8 00 00
  0x00007f2da32dd33b:   00 00 84 c0 74 31 48 8d 05 40 56 06 02 48 8b 00
=>0x00007f2da32dd34b:   c6 00 58 48 8d 0d f3 50 18 01 48 8d 15 0c 51 18
  0x00007f2da32dd35b:   01 be e1 0d 00 00 48 8d 3d 28 30 18 01 b8 00 00
  0x00007f2da32dd36b:   00 00 e8 47 23 c9 ff 48 8b 85 c0 fe ff ff e9 d4
  0x00007f2da32dd37b:   10 00 00 80 bd ac fe ff ff 00 0f 84 80 00 00 00
  0x00007f2da32dd38b:   e8 f1 56 55 ff 83 f0 01 84 c0 74 15 0f b6 85 da
  0x00007f2da32dd39b:   fe ff ff 83 f0 01 84 c0 74 07 b8 01 00 00 00 eb
  0x00007f2da32dd3ab:   05 b8 00 00 00 00 84 c0 74 31 48 8d 05 cc 55 06
  0x00007f2da32dd3bb:   02 48 8b 00 c6 00 58 48 8d 0d 57 50 18 01 48 8d
  0x00007f2da32dd3cb:   15 58 50 18 01 be e5 0d 00 00 48 8d 3d b4 2f 18
  0x00007f2da32dd3db:   01 b8 00 00 00 00 e8 d3 22 c9 ff 48 8b 8d c0 fe
  0x00007f2da32dd3eb:   ff ff 48 8b 85 c8 fe ff ff ba 0c 00 00 00 48 89
  0x00007f2da32dd3fb:   ce 48 89 c7 e8 46 27 a9 ff 48 89 85 c0 fe ff ff
  0x00007f2da32dd40b:   48 8b 85 28 ff ff ff 48 89 c7 e8 32 86 85 ff 48
  0x00007f2da32dd41b:   85 c0 74 2f 48 8b 85 28 ff ff ff 48 89 c7 e8 a2
  0x00007f2da32dd42b:   85 85 ff 48 8b 10 48 81 c2 b8 00 00 00 48 8b 12
  0x00007f2da32dd43b:   48 89 c7 ff d2 83 f0 01 84 c0 74 07 b8 01 00 00


Stack slot to memory mapping:

stack at sp + 0 slots: 0x00007f2d54abc2f0 is pointing into the stack for thread: 0x00007f2d9c2e5720
stack at sp + 1 slots: 0x00007f00a3d47baa is an unknown value
stack at sp + 2 slots: 0x0 is null
stack at sp + 3 slots: 0x00007f2ce00d6258 points into unknown readable memory: 0x00007f2da52d56b0 | b0 56 2d a5 2d 7f 00 00
stack at sp + 4 slots: 0x00007f2ce00d4fc8 points into unknown readable memory: 0x00007f2da52ba538 | 38 a5 2b a5 2d 7f 00 00
stack at sp + 5 slots: 0x00007f2d54abc880 is pointing into the stack for thread: 0x00007f2d9c2e5720
stack at sp + 6 slots: 0x00007f2d54abc320 is pointing into the stack for thread: 0x00007f2d9c2e5720
stack at sp + 7 slots: 0x00007f2da20113ed is pointing into the stack for thread: 0x00007f2d9c02c6f0

Lock stack of current Java thread (top to bottom):


---------------  P R O C E S S  ---------------

uid  : 1000 euid : 1000 gid  : 1000 egid : 1000

umask: 0002 (-------w-)

Threads class SMR info:
_java_thread_list=0x00007f2d9c3d0600, length=9, elements={
0x00007f2d9c02c6f0, 0x00007f2d9c2debf0, 0x00007f2d9c2dfaf0, 0x00007f2d9c2e0e60,
0x00007f2d9c2e21d0, 0x00007f2d9c2e3400, 0x00007f2d9c2e5720, 0x00007f2d9c361410,
0x00007f2d9c3cf260
}
_java_thread_list_alloc_cnt=10, _java_thread_list_free_cnt=8, _java_thread_list_max=9, _nested_thread_list_max=0
_tlh_cnt=75, _tlh_times=0, avg_tlh_time=0.00, _tlh_time_max=0
_delete_lock_wait_cnt=0, _delete_lock_wait_max=0
_to_delete_list_cnt=0, _to_delete_list_max=1

Java Threads: ( => current thread )
  0x00007f2d9c02c6f0 JavaThread "main"                              [_thread_blocked, id=2606581, stack(0x00007f2da1f5b000,0x00007f2da205c000) (1028K)]
  0x00007f2d9c2debf0 JavaThread "Reference Handler"          daemon [_thread_blocked, id=2606604, stack(0x00007f2d556b8000,0x00007f2d557b8000) (1024K)]
  0x00007f2d9c2dfaf0 JavaThread "Finalizer"                  daemon [_thread_blocked, id=2606605, stack(0x00007f2d553b5000,0x00007f2d554b5000) (1024K)]
  0x00007f2d9c2e0e60 JavaThread "Signal Dispatcher"          daemon [_thread_blocked, id=2606606, stack(0x00007f2d552b4000,0x00007f2d553b4000) (1024K)]
  0x00007f2d9c2e21d0 JavaThread "Service Thread"             daemon [_thread_blocked, id=2606607, stack(0x00007f2d554b6000,0x00007f2d555b6000) (1024K)]
  0x00007f2d9c2e3400 JavaThread "Monitor Deflation Thread"   daemon [_thread_blocked, id=2606608, stack(0x00007f2d54ac0000,0x00007f2d54bc1000) (1028K)]
=>0x00007f2d9c2e5720 JavaThread "C2 CompilerThread0"         daemon [_thread_in_native, id=2606609, stack(0x00007f2d549bf000,0x00007f2d54ac0000) (1028K)]
  0x00007f2d9c361410 JavaThread "Common-Cleaner"             daemon [_thread_blocked, id=2606610, stack(0x00007f2d54728000,0x00007f2d54829000) (1028K)]
  0x00007f2d9c3cf260 JavaThread "Notification Thread"        daemon [_thread_blocked, id=2606611, stack(0x00007f2d54627000,0x00007f2d54728000) (1028K)]
Total: 9

Other Threads:
  0x00007f2d9c2a3a50 VMThread "VM Thread"                           [id=2606603, stack(0x00007f2d551b3000,0x00007f2d552b3000) (1024K)]
  0x00007f2d9c1f10a0 WatcherThread "VM Periodic Task Thread"        [id=2606602, stack(0x00007f2d555b7000,0x00007f2d556b7000) (1024K)]
  0x00007f2d9c06d980 WorkerThread "GC Thread#0"                     [id=2606591, stack(0x00007f2d685b5000,0x00007f2d686b5000) (1024K)]
  0x00007f2d9c081d00 ConcurrentGCThread "G1 Main Marker"            [id=2606592, stack(0x00007f2d684b4000,0x00007f2d685b4000) (1024K)]
  0x00007f2d9c082fa0 WorkerThread "G1 Conc#0"                       [id=2606593, stack(0x00007f2d683b3000,0x00007f2d684b3000) (1024K)]
  0x00007f2d9c1da6e0 ConcurrentGCThread "G1 Refine#0"               [id=2606594, stack(0x00007f2d558ba000,0x00007f2d559ba000) (1024K)]
  0x00007f2d9c1db920 ConcurrentGCThread "G1 Service"                [id=2606595, stack(0x00007f2d557b9000,0x00007f2d558b9000) (1024K)]
Total: 7

Threads with active compile tasks:
C2 CompilerThread0  66615   29    b        test_osr_flow::micro (69 bytes)
Total: 1

VM state: not at safepoint (normal execution)

VM Mutex/Monitor currently owned by a thread: None

Heap address: 0x00000000a0000000, size: 30208 MB, Compressed Oops mode: Zero based, Oop shift amount: 3

CDS archive(s) mapped at: [0x00007f2d06000000-0x00007f2d06eb9000-0x00007f2d06eb9000), size 15437824, SharedBaseAddress: 0x00007f2d06000000, ArchiveRelocationMode: 1.
Compressed class space mapped at: 0x00007f2d07000000-0x00007f2d47000000, reserved size: 1073741824
UseCompressedClassPointers 1, UseCompactObjectHeaders 0
Narrow klass pointer bits 32, Max shift 3
Narrow klass base: 0x00007f2d06000000, Narrow klass shift: 0
Encoding Range: [0x00007f2d06000000 - 0x00007f2e06000000), (4294967296 bytes)
Klass Range:    [0x00007f2d06000000 - 0x00007f2d47000000), (1090519040 bytes)
Klass ID Range:  [8 - 1090519033) (1090519025)

GC Precious Log:
 CardTable entry size: 512
 Card Set container configuration: InlinePtr #cards 3 size 8 Array Of Cards #cards 128 size 272 Howl #buckets 8 coarsen threshold 29491 Howl Bitmap #cards 4096 size 528 coarsen threshold 3686 Card regions per heap region 1 cards per card region 32768
 CPUs: 112 total, 112 available
 Memory: 754G
 Large Page Support: Disabled
 NUMA Support: Disabled
 Compressed Oops: Enabled (Zero based)
 Heap Region Size: 16M
 Heap Min Capacity: 16M
 Heap Initial Capacity: 2G
 Heap Max Capacity: 30208M
 Pre-touch: Disabled
 Parallel Workers: 73
 Concurrent Workers: 18
 Concurrent Refinement Workers: 73
 Periodic GC: Disabled

Heap:
 garbage-first heap   total reserved 30932992K, committed 2097152K, used 0K [0x00000000a0000000, 0x0000000800000000)
  region size 16384K, 1 young (16384K), 0 survivors (0K)
 Metaspace       used 205K, committed 384K, reserved 1114112K
  class space    used 9K, committed 128K, reserved 1048576K

Heap Regions: E=young(eden), S=young(survivor), O=old, HS=humongous(starts), HC=humongous(continues), CS=collection set, F=free, TAMS=top-at-mark-start, PB=parsable bottom
|   0|0x00000000a0000000, 0x00000000a0000000, 0x00000000a1000000|  0%| F|  |TAMS 0x00000000a0000000| PB 0x00000000a0000000| Untracked |  0
|   1|0x00000000a1000000, 0x00000000a1000000, 0x00000000a2000000|  0%| F|  |TAMS 0x00000000a1000000| PB 0x00000000a1000000| Untracked |  0
|   2|0x00000000a2000000, 0x00000000a2000000, 0x00000000a3000000|  0%| F|  |TAMS 0x00000000a2000000| PB 0x00000000a2000000| Untracked |  0
|   3|0x00000000a3000000, 0x00000000a3000000, 0x00000000a4000000|  0%| F|  |TAMS 0x00000000a3000000| PB 0x00000000a3000000| Untracked |  0
|   4|0x00000000a4000000, 0x00000000a4000000, 0x00000000a5000000|  0%| F|  |TAMS 0x00000000a4000000| PB 0x00000000a4000000| Untracked |  0
|   5|0x00000000a5000000, 0x00000000a5000000, 0x00000000a6000000|  0%| F|  |TAMS 0x00000000a5000000| PB 0x00000000a5000000| Untracked |  0
|   6|0x00000000a6000000, 0x00000000a6000000, 0x00000000a7000000|  0%| F|  |TAMS 0x00000000a6000000| PB 0x00000000a6000000| Untracked |  0
|   7|0x00000000a7000000, 0x00000000a7000000, 0x00000000a8000000|  0%| F|  |TAMS 0x00000000a7000000| PB 0x00000000a7000000| Untracked |  0
|   8|0x00000000a8000000, 0x00000000a8000000, 0x00000000a9000000|  0%| F|  |TAMS 0x00000000a8000000| PB 0x00000000a8000000| Untracked |  0
|   9|0x00000000a9000000, 0x00000000a9000000, 0x00000000aa000000|  0%| F|  |TAMS 0x00000000a9000000| PB 0x00000000a9000000| Untracked |  0
|  10|0x00000000aa000000, 0x00000000aa000000, 0x00000000ab000000|  0%| F|  |TAMS 0x00000000aa000000| PB 0x00000000aa000000| Untracked |  0
|  11|0x00000000ab000000, 0x00000000ab000000, 0x00000000ac000000|  0%| F|  |TAMS 0x00000000ab000000| PB 0x00000000ab000000| Untracked |  0
|  12|0x00000000ac000000, 0x00000000ac000000, 0x00000000ad000000|  0%| F|  |TAMS 0x00000000ac000000| PB 0x00000000ac000000| Untracked |  0
|  13|0x00000000ad000000, 0x00000000ad000000, 0x00000000ae000000|  0%| F|  |TAMS 0x00000000ad000000| PB 0x00000000ad000000| Untracked |  0
|  14|0x00000000ae000000, 0x00000000ae000000, 0x00000000af000000|  0%| F|  |TAMS 0x00000000ae000000| PB 0x00000000ae000000| Untracked |  0
|  15|0x00000000af000000, 0x00000000af000000, 0x00000000b0000000|  0%| F|  |TAMS 0x00000000af000000| PB 0x00000000af000000| Untracked |  0
|  16|0x00000000b0000000, 0x00000000b0000000, 0x00000000b1000000|  0%| F|  |TAMS 0x00000000b0000000| PB 0x00000000b0000000| Untracked |  0
|  17|0x00000000b1000000, 0x00000000b1000000, 0x00000000b2000000|  0%| F|  |TAMS 0x00000000b1000000| PB 0x00000000b1000000| Untracked |  0
|  18|0x00000000b2000000, 0x00000000b2000000, 0x00000000b3000000|  0%| F|  |TAMS 0x00000000b2000000| PB 0x00000000b2000000| Untracked |  0
|  19|0x00000000b3000000, 0x00000000b3000000, 0x00000000b4000000|  0%| F|  |TAMS 0x00000000b3000000| PB 0x00000000b3000000| Untracked |  0
|  20|0x00000000b4000000, 0x00000000b4000000, 0x00000000b5000000|  0%| F|  |TAMS 0x00000000b4000000| PB 0x00000000b4000000| Untracked |  0
|  21|0x00000000b5000000, 0x00000000b5000000, 0x00000000b6000000|  0%| F|  |TAMS 0x00000000b5000000| PB 0x00000000b5000000| Untracked |  0
|  22|0x00000000b6000000, 0x00000000b6000000, 0x00000000b7000000|  0%| F|  |TAMS 0x00000000b6000000| PB 0x00000000b6000000| Untracked |  0
|  23|0x00000000b7000000, 0x00000000b7000000, 0x00000000b8000000|  0%| F|  |TAMS 0x00000000b7000000| PB 0x00000000b7000000| Untracked |  0
|  24|0x00000000b8000000, 0x00000000b8000000, 0x00000000b9000000|  0%| F|  |TAMS 0x00000000b8000000| PB 0x00000000b8000000| Untracked |  0
|  25|0x00000000b9000000, 0x00000000b9000000, 0x00000000ba000000|  0%| F|  |TAMS 0x00000000b9000000| PB 0x00000000b9000000| Untracked |  0
|  26|0x00000000ba000000, 0x00000000ba000000, 0x00000000bb000000|  0%| F|  |TAMS 0x00000000ba000000| PB 0x00000000ba000000| Untracked |  0
|  27|0x00000000bb000000, 0x00000000bb000000, 0x00000000bc000000|  0%| F|  |TAMS 0x00000000bb000000| PB 0x00000000bb000000| Untracked |  0
|  28|0x00000000bc000000, 0x00000000bc000000, 0x00000000bd000000|  0%| F|  |TAMS 0x00000000bc000000| PB 0x00000000bc000000| Untracked |  0
|  29|0x00000000bd000000, 0x00000000bd000000, 0x00000000be000000|  0%| F|  |TAMS 0x00000000bd000000| PB 0x00000000bd000000| Untracked |  0
|  30|0x00000000be000000, 0x00000000be000000, 0x00000000bf000000|  0%| F|  |TAMS 0x00000000be000000| PB 0x00000000be000000| Untracked |  0
|  31|0x00000000bf000000, 0x00000000bf000000, 0x00000000c0000000|  0%| F|  |TAMS 0x00000000bf000000| PB 0x00000000bf000000| Untracked |  0
|  32|0x00000000c0000000, 0x00000000c0000000, 0x00000000c1000000|  0%| F|  |TAMS 0x00000000c0000000| PB 0x00000000c0000000| Untracked |  0
|  33|0x00000000c1000000, 0x00000000c1000000, 0x00000000c2000000|  0%| F|  |TAMS 0x00000000c1000000| PB 0x00000000c1000000| Untracked |  0
|  34|0x00000000c2000000, 0x00000000c2000000, 0x00000000c3000000|  0%| F|  |TAMS 0x00000000c2000000| PB 0x00000000c2000000| Untracked |  0
|  35|0x00000000c3000000, 0x00000000c3000000, 0x00000000c4000000|  0%| F|  |TAMS 0x00000000c3000000| PB 0x00000000c3000000| Untracked |  0
|  36|0x00000000c4000000, 0x00000000c4000000, 0x00000000c5000000|  0%| F|  |TAMS 0x00000000c4000000| PB 0x00000000c4000000| Untracked |  0
|  37|0x00000000c5000000, 0x00000000c5000000, 0x00000000c6000000|  0%| F|  |TAMS 0x00000000c5000000| PB 0x00000000c5000000| Untracked |  0
|  38|0x00000000c6000000, 0x00000000c6000000, 0x00000000c7000000|  0%| F|  |TAMS 0x00000000c6000000| PB 0x00000000c6000000| Untracked |  0
|  39|0x00000000c7000000, 0x00000000c7000000, 0x00000000c8000000|  0%| F|  |TAMS 0x00000000c7000000| PB 0x00000000c7000000| Untracked |  0
|  40|0x00000000c8000000, 0x00000000c8000000, 0x00000000c9000000|  0%| F|  |TAMS 0x00000000c8000000| PB 0x00000000c8000000| Untracked |  0
|  41|0x00000000c9000000, 0x00000000c9000000, 0x00000000ca000000|  0%| F|  |TAMS 0x00000000c9000000| PB 0x00000000c9000000| Untracked |  0
|  42|0x00000000ca000000, 0x00000000ca000000, 0x00000000cb000000|  0%| F|  |TAMS 0x00000000ca000000| PB 0x00000000ca000000| Untracked |  0
|  43|0x00000000cb000000, 0x00000000cb000000, 0x00000000cc000000|  0%| F|  |TAMS 0x00000000cb000000| PB 0x00000000cb000000| Untracked |  0
|  44|0x00000000cc000000, 0x00000000cc000000, 0x00000000cd000000|  0%| F|  |TAMS 0x00000000cc000000| PB 0x00000000cc000000| Untracked |  0
|  45|0x00000000cd000000, 0x00000000cd000000, 0x00000000ce000000|  0%| F|  |TAMS 0x00000000cd000000| PB 0x00000000cd000000| Untracked |  0
|  46|0x00000000ce000000, 0x00000000ce000000, 0x00000000cf000000|  0%| F|  |TAMS 0x00000000ce000000| PB 0x00000000ce000000| Untracked |  0
|  47|0x00000000cf000000, 0x00000000cf000000, 0x00000000d0000000|  0%| F|  |TAMS 0x00000000cf000000| PB 0x00000000cf000000| Untracked |  0
|  48|0x00000000d0000000, 0x00000000d0000000, 0x00000000d1000000|  0%| F|  |TAMS 0x00000000d0000000| PB 0x00000000d0000000| Untracked |  0
|  49|0x00000000d1000000, 0x00000000d1000000, 0x00000000d2000000|  0%| F|  |TAMS 0x00000000d1000000| PB 0x00000000d1000000| Untracked |  0
|  50|0x00000000d2000000, 0x00000000d2000000, 0x00000000d3000000|  0%| F|  |TAMS 0x00000000d2000000| PB 0x00000000d2000000| Untracked |  0
|  51|0x00000000d3000000, 0x00000000d3000000, 0x00000000d4000000|  0%| F|  |TAMS 0x00000000d3000000| PB 0x00000000d3000000| Untracked |  0
|  52|0x00000000d4000000, 0x00000000d4000000, 0x00000000d5000000|  0%| F|  |TAMS 0x00000000d4000000| PB 0x00000000d4000000| Untracked |  0
|  53|0x00000000d5000000, 0x00000000d5000000, 0x00000000d6000000|  0%| F|  |TAMS 0x00000000d5000000| PB 0x00000000d5000000| Untracked |  0
|  54|0x00000000d6000000, 0x00000000d6000000, 0x00000000d7000000|  0%| F|  |TAMS 0x00000000d6000000| PB 0x00000000d6000000| Untracked |  0
|  55|0x00000000d7000000, 0x00000000d7000000, 0x00000000d8000000|  0%| F|  |TAMS 0x00000000d7000000| PB 0x00000000d7000000| Untracked |  0
|  56|0x00000000d8000000, 0x00000000d8000000, 0x00000000d9000000|  0%| F|  |TAMS 0x00000000d8000000| PB 0x00000000d8000000| Untracked |  0
|  57|0x00000000d9000000, 0x00000000d9000000, 0x00000000da000000|  0%| F|  |TAMS 0x00000000d9000000| PB 0x00000000d9000000| Untracked |  0
|  58|0x00000000da000000, 0x00000000da000000, 0x00000000db000000|  0%| F|  |TAMS 0x00000000da000000| PB 0x00000000da000000| Untracked |  0
|  59|0x00000000db000000, 0x00000000db000000, 0x00000000dc000000|  0%| F|  |TAMS 0x00000000db000000| PB 0x00000000db000000| Untracked |  0
|  60|0x00000000dc000000, 0x00000000dc000000, 0x00000000dd000000|  0%| F|  |TAMS 0x00000000dc000000| PB 0x00000000dc000000| Untracked |  0
|  61|0x00000000dd000000, 0x00000000dd000000, 0x00000000de000000|  0%| F|  |TAMS 0x00000000dd000000| PB 0x00000000dd000000| Untracked |  0
|  62|0x00000000de000000, 0x00000000de000000, 0x00000000df000000|  0%| F|  |TAMS 0x00000000de000000| PB 0x00000000de000000| Untracked |  0
|  63|0x00000000df000000, 0x00000000df000000, 0x00000000e0000000|  0%| F|  |TAMS 0x00000000df000000| PB 0x00000000df000000| Untracked |  0
|  64|0x00000000e0000000, 0x00000000e0000000, 0x00000000e1000000|  0%| F|  |TAMS 0x00000000e0000000| PB 0x00000000e0000000| Untracked |  0
|  65|0x00000000e1000000, 0x00000000e1000000, 0x00000000e2000000|  0%| F|  |TAMS 0x00000000e1000000| PB 0x00000000e1000000| Untracked |  0
|  66|0x00000000e2000000, 0x00000000e2000000, 0x00000000e3000000|  0%| F|  |TAMS 0x00000000e2000000| PB 0x00000000e2000000| Untracked |  0
|  67|0x00000000e3000000, 0x00000000e3000000, 0x00000000e4000000|  0%| F|  |TAMS 0x00000000e3000000| PB 0x00000000e3000000| Untracked |  0
|  68|0x00000000e4000000, 0x00000000e4000000, 0x00000000e5000000|  0%| F|  |TAMS 0x00000000e4000000| PB 0x00000000e4000000| Untracked |  0
|  69|0x00000000e5000000, 0x00000000e5000000, 0x00000000e6000000|  0%| F|  |TAMS 0x00000000e5000000| PB 0x00000000e5000000| Untracked |  0
|  70|0x00000000e6000000, 0x00000000e6000000, 0x00000000e7000000|  0%| F|  |TAMS 0x00000000e6000000| PB 0x00000000e6000000| Untracked |  0
|  71|0x00000000e7000000, 0x00000000e7000000, 0x00000000e8000000|  0%| F|  |TAMS 0x00000000e7000000| PB 0x00000000e7000000| Untracked |  0
|  72|0x00000000e8000000, 0x00000000e8000000, 0x00000000e9000000|  0%| F|  |TAMS 0x00000000e8000000| PB 0x00000000e8000000| Untracked |  0
|  73|0x00000000e9000000, 0x00000000e9000000, 0x00000000ea000000|  0%| F|  |TAMS 0x00000000e9000000| PB 0x00000000e9000000| Untracked |  0
|  74|0x00000000ea000000, 0x00000000ea000000, 0x00000000eb000000|  0%| F|  |TAMS 0x00000000ea000000| PB 0x00000000ea000000| Untracked |  0
|  75|0x00000000eb000000, 0x00000000eb000000, 0x00000000ec000000|  0%| F|  |TAMS 0x00000000eb000000| PB 0x00000000eb000000| Untracked |  0
|  76|0x00000000ec000000, 0x00000000ec000000, 0x00000000ed000000|  0%| F|  |TAMS 0x00000000ec000000| PB 0x00000000ec000000| Untracked |  0
|  77|0x00000000ed000000, 0x00000000ed000000, 0x00000000ee000000|  0%| F|  |TAMS 0x00000000ed000000| PB 0x00000000ed000000| Untracked |  0
|  78|0x00000000ee000000, 0x00000000ee000000, 0x00000000ef000000|  0%| F|  |TAMS 0x00000000ee000000| PB 0x00000000ee000000| Untracked |  0
|  79|0x00000000ef000000, 0x00000000ef000000, 0x00000000f0000000|  0%| F|  |TAMS 0x00000000ef000000| PB 0x00000000ef000000| Untracked |  0
|  80|0x00000000f0000000, 0x00000000f0000000, 0x00000000f1000000|  0%| F|  |TAMS 0x00000000f0000000| PB 0x00000000f0000000| Untracked |  0
|  81|0x00000000f1000000, 0x00000000f1000000, 0x00000000f2000000|  0%| F|  |TAMS 0x00000000f1000000| PB 0x00000000f1000000| Untracked |  0
|  82|0x00000000f2000000, 0x00000000f2000000, 0x00000000f3000000|  0%| F|  |TAMS 0x00000000f2000000| PB 0x00000000f2000000| Untracked |  0
|  83|0x00000000f3000000, 0x00000000f3000000, 0x00000000f4000000|  0%| F|  |TAMS 0x00000000f3000000| PB 0x00000000f3000000| Untracked |  0
|  84|0x00000000f4000000, 0x00000000f4000000, 0x00000000f5000000|  0%| F|  |TAMS 0x00000000f4000000| PB 0x00000000f4000000| Untracked |  0
|  85|0x00000000f5000000, 0x00000000f5000000, 0x00000000f6000000|  0%| F|  |TAMS 0x00000000f5000000| PB 0x00000000f5000000| Untracked |  0
|  86|0x00000000f6000000, 0x00000000f6000000, 0x00000000f7000000|  0%| F|  |TAMS 0x00000000f6000000| PB 0x00000000f6000000| Untracked |  0
|  87|0x00000000f7000000, 0x00000000f7000000, 0x00000000f8000000|  0%| F|  |TAMS 0x00000000f7000000| PB 0x00000000f7000000| Untracked |  0
|  88|0x00000000f8000000, 0x00000000f8000000, 0x00000000f9000000|  0%| F|  |TAMS 0x00000000f8000000| PB 0x00000000f8000000| Untracked |  0
|  89|0x00000000f9000000, 0x00000000f9000000, 0x00000000fa000000|  0%| F|  |TAMS 0x00000000f9000000| PB 0x00000000f9000000| Untracked |  0
|  90|0x00000000fa000000, 0x00000000fa000000, 0x00000000fb000000|  0%| F|  |TAMS 0x00000000fa000000| PB 0x00000000fa000000| Untracked |  0
|  91|0x00000000fb000000, 0x00000000fb000000, 0x00000000fc000000|  0%| F|  |TAMS 0x00000000fb000000| PB 0x00000000fb000000| Untracked |  0
|  92|0x00000000fc000000, 0x00000000fc000000, 0x00000000fd000000|  0%| F|  |TAMS 0x00000000fc000000| PB 0x00000000fc000000| Untracked |  0
|  93|0x00000000fd000000, 0x00000000fd000000, 0x00000000fe000000|  0%| F|  |TAMS 0x00000000fd000000| PB 0x00000000fd000000| Untracked |  0
|  94|0x00000000fe000000, 0x00000000fe000000, 0x00000000ff000000|  0%| F|  |TAMS 0x00000000fe000000| PB 0x00000000fe000000| Untracked |  0
|  95|0x00000000ff000000, 0x00000000ff000000, 0x0000000100000000|  0%| F|  |TAMS 0x00000000ff000000| PB 0x00000000ff000000| Untracked |  0
|  96|0x0000000100000000, 0x0000000100000000, 0x0000000101000000|  0%| F|  |TAMS 0x0000000100000000| PB 0x0000000100000000| Untracked |  0
|  97|0x0000000101000000, 0x0000000101000000, 0x0000000102000000|  0%| F|  |TAMS 0x0000000101000000| PB 0x0000000101000000| Untracked |  0
|  98|0x0000000102000000, 0x0000000102000000, 0x0000000103000000|  0%| F|  |TAMS 0x0000000102000000| PB 0x0000000102000000| Untracked |  0
|  99|0x0000000103000000, 0x0000000103000000, 0x0000000104000000|  0%| F|  |TAMS 0x0000000103000000| PB 0x0000000103000000| Untracked |  0
| 100|0x0000000104000000, 0x0000000104000000, 0x0000000105000000|  0%| F|  |TAMS 0x0000000104000000| PB 0x0000000104000000| Untracked |  0
| 101|0x0000000105000000, 0x0000000105000000, 0x0000000106000000|  0%| F|  |TAMS 0x0000000105000000| PB 0x0000000105000000| Untracked |  0
| 102|0x0000000106000000, 0x0000000106000000, 0x0000000107000000|  0%| F|  |TAMS 0x0000000106000000| PB 0x0000000106000000| Untracked |  0
| 103|0x0000000107000000, 0x0000000107000000, 0x0000000108000000|  0%| F|  |TAMS 0x0000000107000000| PB 0x0000000107000000| Untracked |  0
| 104|0x0000000108000000, 0x0000000108000000, 0x0000000109000000|  0%| F|  |TAMS 0x0000000108000000| PB 0x0000000108000000| Untracked |  0
| 105|0x0000000109000000, 0x0000000109000000, 0x000000010a000000|  0%| F|  |TAMS 0x0000000109000000| PB 0x0000000109000000| Untracked |  0
| 106|0x000000010a000000, 0x000000010a000000, 0x000000010b000000|  0%| F|  |TAMS 0x000000010a000000| PB 0x000000010a000000| Untracked |  0
| 107|0x000000010b000000, 0x000000010b000000, 0x000000010c000000|  0%| F|  |TAMS 0x000000010b000000| PB 0x000000010b000000| Untracked |  0
| 108|0x000000010c000000, 0x000000010c000000, 0x000000010d000000|  0%| F|  |TAMS 0x000000010c000000| PB 0x000000010c000000| Untracked |  0
| 109|0x000000010d000000, 0x000000010d000000, 0x000000010e000000|  0%| F|  |TAMS 0x000000010d000000| PB 0x000000010d000000| Untracked |  0
| 110|0x000000010e000000, 0x000000010e000000, 0x000000010f000000|  0%| F|  |TAMS 0x000000010e000000| PB 0x000000010e000000| Untracked |  0
| 111|0x000000010f000000, 0x000000010f000000, 0x0000000110000000|  0%| F|  |TAMS 0x000000010f000000| PB 0x000000010f000000| Untracked |  0
| 112|0x0000000110000000, 0x0000000110000000, 0x0000000111000000|  0%| F|  |TAMS 0x0000000110000000| PB 0x0000000110000000| Untracked |  0
| 113|0x0000000111000000, 0x0000000111000000, 0x0000000112000000|  0%| F|  |TAMS 0x0000000111000000| PB 0x0000000111000000| Untracked |  0
| 114|0x0000000112000000, 0x0000000112000000, 0x0000000113000000|  0%| F|  |TAMS 0x0000000112000000| PB 0x0000000112000000| Untracked |  0
| 115|0x0000000113000000, 0x0000000113000000, 0x0000000114000000|  0%| F|  |TAMS 0x0000000113000000| PB 0x0000000113000000| Untracked |  0
| 116|0x0000000114000000, 0x0000000114000000, 0x0000000115000000|  0%| F|  |TAMS 0x0000000114000000| PB 0x0000000114000000| Untracked |  0
| 117|0x0000000115000000, 0x0000000115000000, 0x0000000116000000|  0%| F|  |TAMS 0x0000000115000000| PB 0x0000000115000000| Untracked |  0
| 118|0x0000000116000000, 0x0000000116000000, 0x0000000117000000|  0%| F|  |TAMS 0x0000000116000000| PB 0x0000000116000000| Untracked |  0
| 119|0x0000000117000000, 0x0000000117000000, 0x0000000118000000|  0%| F|  |TAMS 0x0000000117000000| PB 0x0000000117000000| Untracked |  0
| 120|0x0000000118000000, 0x0000000118000000, 0x0000000119000000|  0%| F|  |TAMS 0x0000000118000000| PB 0x0000000118000000| Untracked |  0
| 121|0x0000000119000000, 0x0000000119000000, 0x000000011a000000|  0%| F|  |TAMS 0x0000000119000000| PB 0x0000000119000000| Untracked |  0
| 122|0x000000011a000000, 0x000000011a000000, 0x000000011b000000|  0%| F|  |TAMS 0x000000011a000000| PB 0x000000011a000000| Untracked |  0
| 123|0x000000011b000000, 0x000000011b000000, 0x000000011c000000|  0%| F|  |TAMS 0x000000011b000000| PB 0x000000011b000000| Untracked |  0
| 124|0x000000011c000000, 0x000000011c000000, 0x000000011d000000|  0%| F|  |TAMS 0x000000011c000000| PB 0x000000011c000000| Untracked |  0
| 125|0x000000011d000000, 0x000000011d000000, 0x000000011e000000|  0%| F|  |TAMS 0x000000011d000000| PB 0x000000011d000000| Untracked |  0
| 126|0x000000011e000000, 0x000000011e000000, 0x000000011f000000|  0%| F|  |TAMS 0x000000011e000000| PB 0x000000011e000000| Untracked |  0
| 127|0x000000011f000000, 0x000000011f3d7140, 0x0000000120000000| 24%| E|  |TAMS 0x000000011f000000| PB 0x000000011f000000| Complete |  0

Card table byte_map: [0x00007f2d862a4000,0x00007f2d89da4000] _byte_map_base: 0x00007f2d85da4000

Marking Bits: (CMBitMap*) 0x00007f2d9c06e6c0
 Bits: [0x00007f2d68aa4000, 0x00007f2d862a4000)

Polling page: 0x00007f2da575e000

Metaspace:

Usage:
  Non-class:    196.13 KB used.
      Class:      9.66 KB used.
       Both:    205.79 KB used.

Virtual space:
  Non-class space:       64.00 MB reserved,     256.00 KB ( <1%) committed,  1 nodes.
      Class space:        1.00 GB reserved,     128.00 KB ( <1%) committed,  1 nodes.
             Both:        1.06 GB reserved,     384.00 KB ( <1%) committed. 

Chunk freelists:
   Non-Class:  11.98 MB
       Class:  15.74 MB
        Both:  27.73 MB

MaxMetaspaceSize: unlimited
CompressedClassSpaceSize: 1.00 GB
Initial GC threshold: 21.00 MB
Current GC threshold: 21.00 MB
CDS: on
 - commit_granule_bytes: 65536.
 - commit_granule_words: 8192.
 - virtual_space_node_default_size: 8388608.
 - enlarge_chunks_in_place: 1.
UseCompressedClassPointers 1, UseCompactObjectHeaders 0
Narrow klass pointer bits 32, Max shift 3
Narrow klass base: 0x00007f2d06000000, Narrow klass shift: 0
Encoding Range: [0x00007f2d06000000 - 0x00007f2e06000000), (4294967296 bytes)
Klass Range:    [0x00007f2d06000000 - 0x00007f2d47000000), (1090519040 bytes)
Klass ID Range:  [8 - 1090519033) (1090519025)


Internal statistics:

num_allocs: 3862.
num_deallocs: 0.
num_allocs_from_deallocated_blocks: 0.
num_chunks_retired: 0.
num_allocs_failed_limit: 0.
num_arena_births: 12.
num_arena_deaths: 0.
num_vsnodes_births: 2.
num_vsnodes_deaths: 0.
num_space_committed: 6.
num_space_uncommitted: 0.
num_chunks_returned_to_freelist: 0.
num_chunks_taken_from_freelist: 13.
num_chunk_merges: 0.
num_chunk_splits: 9.
num_chunks_enlarged: 10.
num_inconsistent_stats: 0.

CodeCache: size=49152Kb used=1592Kb max_used=1599Kb free=47559Kb
 bounds [0x00007f2d904bc000, 0x00007f2d9072c000, 0x00007f2d934bc000]
 total_blobs=819, nmethods=28, adapters=719, full_count=0
Compilation: enabled, stopped_count=0, restarted_count=0

Compilation events (3 events):
Event: 20.812 Thread 0x00007f2d9c2e5720   28 %  b        test_osr_flow::micro @ 28 (69 bytes)
Event: 20.842 Thread 0x00007f2d9c2e5720 nmethod 28% 0x00007f2d9064b708 code [0x00007f2d9064b840, 0x00007f2d9064bc10]
Event: 20.842 Thread 0x00007f2d9c2e5720   29    b        test_osr_flow::micro (69 bytes)

GC Heap History (0 events):
No events

Dll operation events (5 events):
Event: 14.360 Loaded shared library /home/jatinbha/sandboxes/lworld/build/linux-x86_64-server-slowdebug/images/jdk/lib/libjava.so
Event: 20.015 Loaded shared library /home/jatinbha/sandboxes/lworld/build/linux-x86_64-server-slowdebug/images/jdk/lib/libzip.so
Event: 20.243 Loaded shared library /home/jatinbha/sandboxes/lworld/build/linux-x86_64-server-slowdebug/images/jdk/lib/libsimdsort.so
Event: 20.246 Loaded shared library /home/jatinbha/sandboxes/lworld/build/linux-x86_64-server-slowdebug/images/jdk/lib/libjsvml.so
Event: 20.513 Loaded shared library /home/jatinbha/sandboxes/lworld/build/linux-x86_64-server-slowdebug/images/jdk/lib/libnio.so

Deoptimization events (0 events):
No events

Classes loaded (12 events):
Event: 20.786 Loading class java/lang/WeakPairMap$Pair$Weak
Event: 20.786 Loading class java/lang/WeakPairMap$WeakRefPeer
Event: 20.787 Loading class java/lang/WeakPairMap$WeakRefPeer done
Event: 20.787 Loading class java/lang/WeakPairMap$Pair$Weak done
Event: 20.787 Loading class java/lang/WeakPairMap$Pair$Weak$1
Event: 20.787 Loading class java/lang/WeakPairMap$Pair$Weak$1 done
Event: 20.796 Loading class jdk/internal/vm/PostVMInitHook
Event: 20.796 Loading class jdk/internal/vm/PostVMInitHook done
Event: 20.799 Loading class jdk/internal/loader/URLClassPath$FileLoader
Event: 20.799 Loading class jdk/internal/loader/URLClassPath$FileLoader done
Event: 20.801 Loading class jdk/internal/loader/URLClassPath$FileLoader$1
Event: 20.802 Loading class jdk/internal/loader/URLClassPath$FileLoader$1 done

Classes unloaded (0 events):
No events

Classes redefined (0 events):
No events

Internal exceptions (3 events):
Event: 20.633 Thread 0x00007f2d9c02c6f0 Exception <a 'java/lang/NoSuchMethodError'{0x000000011f0a9360}: 'int java.lang.invoke.DirectMethodHandle$Holder.invokeStatic(java.lang.Object, int, java.lang.Object)'> (0x000000011f0a9360) 
thrown [/home/jatinbha/sandboxes/lworld/src/hotspot/share/interpreter/linkResolver.cpp, line 803]
Event: 20.641 Thread 0x00007f2d9c02c6f0 Exception <a 'java/lang/NoSuchMethodError'{0x000000011f0be550}: 'int java.lang.invoke.DirectMethodHandle$Holder.invokeStaticInit(java.lang.Object, java.lang.Object)'> (0x000000011f0be550) 
thrown [/home/jatinbha/sandboxes/lworld/src/hotspot/share/interpreter/linkResolver.cpp, line 803]
Event: 20.740 Thread 0x00007f2d9c02c6f0 Exception <a 'java/lang/NoSuchMethodError'{0x000000011f194268}: 'void java.lang.invoke.DirectMethodHandle$Holder.invokeStatic(java.lang.Object, java.lang.Object)'> (0x000000011f194268) 
thrown [/home/jatinbha/sandboxes/lworld/src/hotspot/share/interpreter/linkResolver.cpp, line 803]

VM Operations (0 events):
No events

Memory protections (9 events):
Event: 14.350 Protecting memory [0x00007f2da1f5b000,0x00007f2da1f5f000] with protection modes 0
Event: 20.208 Protecting memory [0x00007f2d556b8000,0x00007f2d556bc000] with protection modes 0
Event: 20.208 Protecting memory [0x00007f2d553b5000,0x00007f2d553b9000] with protection modes 0
Event: 20.211 Protecting memory [0x00007f2d552b4000,0x00007f2d552b8000] with protection modes 0
Event: 20.212 Protecting memory [0x00007f2d554b6000,0x00007f2d554ba000] with protection modes 0
Event: 20.212 Protecting memory [0x00007f2d54ac0000,0x00007f2d54ac4000] with protection modes 0
Event: 20.212 Protecting memory [0x00007f2d549bf000,0x00007f2d549c3000] with protection modes 0
Event: 20.596 Protecting memory [0x00007f2d54728000,0x00007f2d5472c000] with protection modes 0
Event: 20.795 Protecting memory [0x00007f2d54627000,0x00007f2d5462b000] with protection modes 0

Nmethod flushes (0 events):
No events

Events (9 events):
Event: 19.960 Thread 0x00007f2d9c02c6f0 Thread added: 0x00007f2d9c02c6f0
Event: 20.208 Thread 0x00007f2d9c02c6f0 Thread added: 0x00007f2d9c2debf0
Event: 20.208 Thread 0x00007f2d9c02c6f0 Thread added: 0x00007f2d9c2dfaf0
Event: 20.211 Thread 0x00007f2d9c02c6f0 Thread added: 0x00007f2d9c2e0e60
Event: 20.212 Thread 0x00007f2d9c02c6f0 Thread added: 0x00007f2d9c2e21d0
Event: 20.212 Thread 0x00007f2d9c02c6f0 Thread added: 0x00007f2d9c2e3400
Event: 20.212 Thread 0x00007f2d9c02c6f0 Thread added: 0x00007f2d9c2e5720
Event: 20.596 Thread 0x00007f2d9c02c6f0 Thread added: 0x00007f2d9c361410
Event: 20.795 Thread 0x00007f2d9c02c6f0 Thread added: 0x00007f2d9c3cf260


Dynamic libraries:
a0000000-120000000 rw-p 00000000 00:00 0 
120000000-800000000 ---p 00000000 00:00 0 
55c5ef187000-55c5ef188000 r--p 00000000 08:02 1358961                    /home/jatinbha/sandboxes/lworld/build/linux-x86_64-server-slowdebug/images/jdk/bin/java
55c5ef188000-55c5ef189000 r-xp 00001000 08:02 1358961                    /home/jatinbha/sandboxes/lworld/build/linux-x86_64-server-slowdebug/images/jdk/bin/java
55c5ef189000-55c5ef18a000 r--p 00002000 08:02 1358961                    /home/jatinbha/sandboxes/lworld/build/linux-x86_64-server-slowdebug/images/jdk/bin/java
55c5ef18a000-55c5ef18b000 r--p 00002000 08:02 1358961                    /home/jatinbha/sandboxes/lworld/build/linux-x86_64-server-slowdebug/images/jdk/bin/java
55c5ef18b000-55c5ef18c000 rw-p 00003000 08:02 1358961                    /home/jatinbha/sandboxes/lworld/build/linux-x86_64-server-slowdebug/images/jdk/bin/java
55c5f0c32000-55c5f0c78000 rw-p 00000000 00:00 0                          [heap]
7f2cd8000000-7f2cd8021000 rw-p 00000000 00:00 0 
7f2cd8021000-7f2cdc000000 ---p 00000000 00:00 0 
7f2ce0000000-7f2ce0116000 rw-p 00000000 00:00 0 
7f2ce0116000-7f2ce4000000 ---p 00000000 00:00 0 
7f2ce4000000-7f2ce4021000 rw-p 00000000 00:00 0 
7f2ce4021000-7f2ce8000000 ---p 00000000 00:00 0 
7f2ce8000000-7f2ce8021000 rw-p 00000000 00:00 0 
7f2ce8021000-7f2cec000000 ---p 00000000 00:00 0 
7f2cec000000-7f2cec021000 rw-p 00000000 00:00 0 
7f2cec021000-7f2cf0000000 ---p 00000000 00:00 0 
7f2cf0000000-7f2cf0021000 rw-p 00000000 00:00 0 
7f2cf0021000-7f2cf4000000 ---p 00000000 00:00 0 
7f2cf4000000-7f2cf4021000 rw-p 00000000 00:00 0 
7f2cf4021000-7f2cf8000000 ---p 00000000 00:00 0 
7f2cf8000000-7f2cf8021000 rw-p 00000000 00:00 0 
7f2cf8021000-7f2cfc000000 ---p 00000000 00:00 0 
7f2cfc000000-7f2cfc030000 rw-p 00000000 00:00 0 
7f2cfc030000-7f2cfc400000 ---p 00000000 00:00 0 
7f2cfc400000-7f2cfc410000 rw-p 00000000 00:00 0 
7f2cfc410000-7f2d00000000 ---p 00000000 00:00 0 
7f2d00000000-7f2d00021000 rw-p 00000000 00:00 0 
7f2d00021000-7f2d04000000 ---p 00000000 00:00 0 
7f2d0414a000-7f2d06000000 rw-p 00000000 00:00 0 
7f2d06000000-7f2d06eb9000 rw-p 00001000 08:02 1360718                    /home/jatinbha/sandboxes/lworld/build/linux-x86_64-server-slowdebug/images/jdk/lib/server/classes_valhalla.jsa
7f2d06eb9000-7f2d07000000 ---p 00000000 00:00 0 
7f2d07000000-7f2d07010000 rw-p 00000000 00:00 0 
7f2d07010000-7f2d07040000 ---p 00000000 00:00 0 
7f2d07040000-7f2d07050000 rw-p 00000000 00:00 0 
7f2d07050000-7f2d47000000 ---p 00000000 00:00 0 
7f2d4713f000-7f2d48000000 rw-p 00000000 00:00 0 
7f2d48000000-7f2d48021000 rw-p 00000000 00:00 0 
7f2d48021000-7f2d4c000000 ---p 00000000 00:00 0 
7f2d4c000000-7f2d4c021000 rw-p 00000000 00:00 0 
7f2d4c021000-7f2d50000000 ---p 00000000 00:00 0 
7f2d50000000-7f2d50021000 rw-p 00000000 00:00 0 
7f2d50021000-7f2d54000000 ---p 00000000 00:00 0 
7f2d54627000-7f2d5462b000 ---p 00000000 00:00 0 
7f2d5462b000-7f2d54728000 rw-p 00000000 00:00 0 
7f2d54728000-7f2d5472c000 ---p 00000000 00:00 0 
7f2d5472c000-7f2d54829000 rw-p 00000000 00:00 0 
7f2d54829000-7f2d5482c000 r--p 00000000 08:02 1358972                    /home/jatinbha/sandboxes/lworld/build/linux-x86_64-server-slowdebug/images/jdk/lib/libnet.so
7f2d5482c000-7f2d54837000 r-xp 00003000 08:02 1358972                    /home/jatinbha/sandboxes/lworld/build/linux-x86_64-server-slowdebug/images/jdk/lib/libnet.so
7f2d54837000-7f2d54839000 r--p 0000e000 08:02 1358972                    /home/jatinbha/sandboxes/lworld/build/linux-x86_64-server-slowdebug/images/jdk/lib/libnet.so
7f2d54839000-7f2d5483a000 ---p 00010000 08:02 1358972                    /home/jatinbha/sandboxes/lworld/build/linux-x86_64-server-slowdebug/images/jdk/lib/libnet.so
7f2d5483a000-7f2d5483b000 r--p 00010000 08:02 1358972                    /home/jatinbha/sandboxes/lworld/build/linux-x86_64-server-slowdebug/images/jdk/lib/libnet.so
7f2d5483b000-7f2d5483c000 rw-p 00011000 08:02 1358972                    /home/jatinbha/sandboxes/lworld/build/linux-x86_64-server-slowdebug/images/jdk/lib/libnet.so
7f2d5483c000-7f2d54842000 r--p 00000000 08:02 1358973                    /home/jatinbha/sandboxes/lworld/build/linux-x86_64-server-slowdebug/images/jdk/lib/libnio.so
7f2d54842000-7f2d5484e000 r-xp 00006000 08:02 1358973                    /home/jatinbha/sandboxes/lworld/build/linux-x86_64-server-slowdebug/images/jdk/lib/libnio.so
7f2d5484e000-7f2d54851000 r--p 00012000 08:02 1358973                    /home/jatinbha/sandboxes/lworld/build/linux-x86_64-server-slowdebug/images/jdk/lib/libnio.so
7f2d54851000-7f2d54852000 ---p 00015000 08:02 1358973                    /home/jatinbha/sandboxes/lworld/build/linux-x86_64-server-slowdebug/images/jdk/lib/libnio.so
7f2d54852000-7f2d54853000 r--p 00015000 08:02 1358973                    /home/jatinbha/sandboxes/lworld/build/linux-x86_64-server-slowdebug/images/jdk/lib/libnio.so
7f2d54853000-7f2d54854000 rw-p 00016000 08:02 1358973                    /home/jatinbha/sandboxes/lworld/build/linux-x86_64-server-slowdebug/images/jdk/lib/libnio.so
7f2d54854000-7f2d54858000 r--p 00000000 08:02 1359022                    /home/jatinbha/sandboxes/lworld/build/linux-x86_64-server-slowdebug/images/jdk/lib/libjsvml.so
7f2d54858000-7f2d54899000 r-xp 00004000 08:02 1359022                    /home/jatinbha/sandboxes/lworld/build/linux-x86_64-server-slowdebug/images/jdk/lib/libjsvml.so
7f2d54899000-7f2d54922000 r--p 00045000 08:02 1359022                    /home/jatinbha/sandboxes/lworld/build/linux-x86_64-server-slowdebug/images/jdk/lib/libjsvml.so
7f2d54922000-7f2d54923000 r--p 000cd000 08:02 1359022                    /home/jatinbha/sandboxes/lworld/build/linux-x86_64-server-slowdebug/images/jdk/lib/libjsvml.so
7f2d54923000-7f2d54924000 rw-p 000ce000 08:02 1359022                    /home/jatinbha/sandboxes/lworld/build/linux-x86_64-server-slowdebug/images/jdk/lib/libjsvml.so
7f2d54924000-7f2d54927000 r--p 00000000 08:02 1358974                    /home/jatinbha/sandboxes/lworld/build/linux-x86_64-server-slowdebug/images/jdk/lib/libsimdsort.so
7f2d54927000-7f2d549ac000 r-xp 00003000 08:02 1358974                    /home/jatinbha/sandboxes/lworld/build/linux-x86_64-server-slowdebug/images/jdk/lib/libsimdsort.so
7f2d549ac000-7f2d549bd000 r--p 00088000 08:02 1358974                    /home/jatinbha/sandboxes/lworld/build/linux-x86_64-server-slowdebug/images/jdk/lib/libsimdsort.so
7f2d549bd000-7f2d549be000 r--p 00098000 08:02 1358974                    /home/jatinbha/sandboxes/lworld/build/linux-x86_64-server-slowdebug/images/jdk/lib/libsimdsort.so
7f2d549be000-7f2d549bf000 rw-p 00099000 08:02 1358974                    /home/jatinbha/sandboxes/lworld/build/linux-x86_64-server-slowdebug/images/jdk/lib/libsimdsort.so
7f2d549bf000-7f2d549c3000 ---p 00000000 00:00 0 
7f2d549c3000-7f2d54ac0000 rw-p 00000000 00:00 0 
7f2d54ac0000-7f2d54ac4000 ---p 00000000 00:00 0 
7f2d54ac4000-7f2d54bc1000 rw-p 00000000 00:00 0 
7f2d54bc1000-7f2d55131000 r--p 00000000 08:02 7077916                    /usr/lib/locale/locale-archive
7f2d55131000-7f2d551b2000 rw-p 00000000 00:00 0 
7f2d551b2000-7f2d551b3000 ---p 00000000 00:00 0 
7f2d551b3000-7f2d552b3000 rw-p 00000000 00:00 0 
7f2d552b3000-7f2d552b4000 ---p 00000000 00:00 0 
7f2d552b4000-7f2d552b8000 ---p 00000000 00:00 0 
7f2d552b8000-7f2d553b4000 rw-p 00000000 00:00 0 
7f2d553b4000-7f2d553b5000 ---p 00000000 00:00 0 
7f2d553b5000-7f2d553b9000 ---p 00000000 00:00 0 
7f2d553b9000-7f2d554b5000 rw-p 00000000 00:00 0 
7f2d554b5000-7f2d554b6000 ---p 00000000 00:00 0 
7f2d554b6000-7f2d554ba000 ---p 00000000 00:00 0 
7f2d554ba000-7f2d555b6000 rw-p 00000000 00:00 0 
7f2d555b6000-7f2d555b7000 ---p 00000000 00:00 0 
7f2d555b7000-7f2d556b7000 rw-p 00000000 00:00 0 
7f2d556b7000-7f2d556b8000 ---p 00000000 00:00 0 
7f2d556b8000-7f2d556bc000 ---p 00000000 00:00 0 
7f2d556bc000-7f2d557b8000 rw-p 00000000 00:00 0 
7f2d557b8000-7f2d557b9000 ---p 00000000 00:00 0 
7f2d557b9000-7f2d558b9000 rw-p 00000000 00:00 0 
7f2d558b9000-7f2d558ba000 ---p 00000000 00:00 0 
7f2d558ba000-7f2d5c000000 rw-p 00000000 00:00 0 
7f2d5c000000-7f2d5c021000 rw-p 00000000 00:00 0 
7f2d5c021000-7f2d60000000 ---p 00000000 00:00 0 
7f2d60000000-7f2d60021000 rw-p 00000000 00:00 0 
7f2d60021000-7f2d64000000 ---p 00000000 00:00 0 
7f2d64000000-7f2d64021000 rw-p 00000000 00:00 0 
7f2d64021000-7f2d68000000 ---p 00000000 00:00 0 
7f2d68006000-7f2d68008000 r--p 00000000 08:02 1358977                    /home/jatinbha/sandboxes/lworld/build/linux-x86_64-server-slowdebug/images/jdk/lib/libzip.so
7f2d68008000-7f2d6800f000 r-xp 00002000 08:02 1358977                    /home/jatinbha/sandboxes/lworld/build/linux-x86_64-server-slowdebug/images/jdk/lib/libzip.so
7f2d6800f000-7f2d68011000 r--p 00009000 08:02 1358977                    /home/jatinbha/sandboxes/lworld/build/linux-x86_64-server-slowdebug/images/jdk/lib/libzip.so
7f2d68011000-7f2d68012000 r--p 0000a000 08:02 1358977                    /home/jatinbha/sandboxes/lworld/build/linux-x86_64-server-slowdebug/images/jdk/lib/libzip.so
7f2d68012000-7f2d68013000 rw-p 0000b000 08:02 1358977                    /home/jatinbha/sandboxes/lworld/build/linux-x86_64-server-slowdebug/images/jdk/lib/libzip.so
7f2d68013000-7f2d683b2000 rw-p 00000000 00:00 0 
7f2d683b2000-7f2d683b3000 ---p 00000000 00:00 0 
7f2d683b3000-7f2d684b3000 rw-p 00000000 00:00 0 
7f2d684b3000-7f2d684b4000 ---p 00000000 00:00 0 
7f2d684b4000-7f2d685b4000 rw-p 00000000 00:00 0 
7f2d685b4000-7f2d685b5000 ---p 00000000 00:00 0 
7f2d685b5000-7f2d6aaa4000 rw-p 00000000 00:00 0 
7f2d6aaa4000-7f2d862a4000 ---p 00000000 00:00 0 
7f2d862a4000-7f2d866a4000 rw-p 00000000 00:00 0 
7f2d866a4000-7f2d89da4000 ---p 00000000 00:00 0 
7f2d89da4000-7f2d8a1a4000 rw-p 00000000 00:00 0 
7f2d8a1a4000-7f2d8d8a4000 ---p 00000000 00:00 0 
7f2d8d8a4000-7f2d904bc000 rw-p 00000000 00:00 0 
7f2d904bc000-7f2d9072c000 rwxp 00000000 00:00 0 
7f2d9072c000-7f2d934bc000 ---p 00000000 00:00 0 
7f2d934bc000-7f2d9c000000 r--s 00000000 08:02 1358937                    /home/jatinbha/sandboxes/lworld/build/linux-x86_64-server-slowdebug/images/jdk/lib/modules
7f2d9c000000-7f2d9c3d6000 rw-p 00000000 00:00 0 
7f2d9c3d6000-7f2da0000000 ---p 00000000 00:00 0 
7f2da0003000-7f2da000a000 r--s 00000000 08:02 7737390                    /usr/lib/x86_64-linux-gnu/gconv/gconv-modules.cache
7f2da000a000-7f2da000c000 r--s 00037000 08:02 1358987                    /home/jatinbha/sandboxes/lworld/build/linux-x86_64-server-slowdebug/images/jdk/lib/valueclasses/java.base-valueclasses.jar
7f2da000c000-7f2da1ea6000 rw-p 00000000 00:00 0 
7f2da1ea6000-7f2da1f01000 ---p 00000000 00:00 0 
7f2da1f01000-7f2da1f0d000 r--p 00000000 08:02 1358968                    /home/jatinbha/sandboxes/lworld/build/linux-x86_64-server-slowdebug/images/jdk/lib/libjava.so
7f2da1f0d000-7f2da1f24000 r-xp 0000c000 08:02 1358968                    /home/jatinbha/sandboxes/lworld/build/linux-x86_64-server-slowdebug/images/jdk/lib/libjava.so
7f2da1f24000-7f2da1f2a000 r--p 00023000 08:02 1358968                    /home/jatinbha/sandboxes/lworld/build/linux-x86_64-server-slowdebug/images/jdk/lib/libjava.so
7f2da1f2a000-7f2da1f2b000 r--p 00028000 08:02 1358968                    /home/jatinbha/sandboxes/lworld/build/linux-x86_64-server-slowdebug/images/jdk/lib/libjava.so
7f2da1f2b000-7f2da1f2c000 rw-p 00029000 08:02 1358968                    /home/jatinbha/sandboxes/lworld/build/linux-x86_64-server-slowdebug/images/jdk/lib/libjava.so
7f2da1f2c000-7f2da1f2d000 rw-p 00000000 00:00 0 
7f2da1f2d000-7f2da1f35000 rw-s 00000000 08:02 3670048                    /tmp/hsperfdata_intel/2606580
7f2da1f35000-7f2da1f39000 r--p 00000000 08:02 1358969                    /home/jatinbha/sandboxes/lworld/build/linux-x86_64-server-slowdebug/images/jdk/lib/libjimage.so
7f2da1f39000-7f2da1f50000 r-xp 00004000 08:02 1358969                    /home/jatinbha/sandboxes/lworld/build/linux-x86_64-server-slowdebug/images/jdk/lib/libjimage.so
7f2da1f50000-7f2da1f58000 r--p 0001b000 08:02 1358969                    /home/jatinbha/sandboxes/lworld/build/linux-x86_64-server-slowdebug/images/jdk/lib/libjimage.so
7f2da1f58000-7f2da1f5a000 r--p 00022000 08:02 1358969                    /home/jatinbha/sandboxes/lworld/build/linux-x86_64-server-slowdebug/images/jdk/lib/libjimage.so
7f2da1f5a000-7f2da1f5b000 rw-p 00024000 08:02 1358969                    /home/jatinbha/sandboxes/lworld/build/linux-x86_64-server-slowdebug/images/jdk/lib/libjimage.so
7f2da1f5b000-7f2da1f5f000 ---p 00000000 00:00 0 
7f2da1f5f000-7f2da205c000 rw-p 00000000 00:00 0 
7f2da205c000-7f2da2069000 r--p 00000000 08:02 7078012                    /usr/lib/x86_64-linux-gnu/libm-2.31.so
7f2da2069000-7f2da2110000 r-xp 0000d000 08:02 7078012                    /usr/lib/x86_64-linux-gnu/libm-2.31.so
7f2da2110000-7f2da21a9000 r--p 000b4000 08:02 7078012                    /usr/lib/x86_64-linux-gnu/libm-2.31.so
7f2da21a9000-7f2da21aa000 r--p 0014c000 08:02 7078012                    /usr/lib/x86_64-linux-gnu/libm-2.31.so
7f2da21aa000-7f2da21ab000 rw-p 0014d000 08:02 7078012                    /usr/lib/x86_64-linux-gnu/libm-2.31.so
7f2da21ab000-7f2da21ad000 r--p 00000000 08:02 7078273                    /usr/lib/x86_64-linux-gnu/librt-2.31.so
7f2da21ad000-7f2da21b1000 r-xp 00002000 08:02 7078273                    /usr/lib/x86_64-linux-gnu/librt-2.31.so
7f2da21b1000-7f2da21b3000 r--p 00006000 08:02 7078273                    /usr/lib/x86_64-linux-gnu/librt-2.31.so
7f2da21b3000-7f2da21b4000 r--p 00007000 08:02 7078273                    /usr/lib/x86_64-linux-gnu/librt-2.31.so
7f2da21b4000-7f2da21b5000 rw-p 00008000 08:02 7078273                    /usr/lib/x86_64-linux-gnu/librt-2.31.so
7f2da21b5000-7f2da2831000 r--p 00000000 08:02 1358984                    /home/jatinbha/sandboxes/lworld/build/linux-x86_64-server-slowdebug/images/jdk/lib/server/libjvm.so
7f2da2831000-7f2da3f22000 r-xp 0067c000 08:02 1358984                    /home/jatinbha/sandboxes/lworld/build/linux-x86_64-server-slowdebug/images/jdk/lib/server/libjvm.so
7f2da3f22000-7f2da51ed000 r--p 01d6d000 08:02 1358984                    /home/jatinbha/sandboxes/lworld/build/linux-x86_64-server-slowdebug/images/jdk/lib/server/libjvm.so
7f2da51ed000-7f2da52ff000 r--p 03037000 08:02 1358984                    /home/jatinbha/sandboxes/lworld/build/linux-x86_64-server-slowdebug/images/jdk/lib/server/libjvm.so
7f2da52ff000-7f2da5448000 rw-p 03149000 08:02 1358984                    /home/jatinbha/sandboxes/lworld/build/linux-x86_64-server-slowdebug/images/jdk/lib/server/libjvm.so
7f2da5448000-7f2da5513000 rw-p 00000000 00:00 0 
7f2da5513000-7f2da5519000 r--p 00000000 08:02 7078197                    /usr/lib/x86_64-linux-gnu/libpthread-2.31.so
7f2da5519000-7f2da552a000 r-xp 00006000 08:02 7078197                    /usr/lib/x86_64-linux-gnu/libpthread-2.31.so
7f2da552a000-7f2da5530000 r--p 00017000 08:02 7078197                    /usr/lib/x86_64-linux-gnu/libpthread-2.31.so
7f2da5530000-7f2da5531000 r--p 0001c000 08:02 7078197                    /usr/lib/x86_64-linux-gnu/libpthread-2.31.so
7f2da5531000-7f2da5532000 rw-p 0001d000 08:02 7078197                    /usr/lib/x86_64-linux-gnu/libpthread-2.31.so
7f2da5532000-7f2da5536000 rw-p 00000000 00:00 0 
7f2da5536000-7f2da5537000 r--p 00000000 08:02 7078011                    /usr/lib/x86_64-linux-gnu/libdl-2.31.so
7f2da5537000-7f2da5539000 r-xp 00001000 08:02 7078011                    /usr/lib/x86_64-linux-gnu/libdl-2.31.so
7f2da5539000-7f2da553a000 r--p 00003000 08:02 7078011                    /usr/lib/x86_64-linux-gnu/libdl-2.31.so
7f2da553a000-7f2da553b000 r--p 00003000 08:02 7078011                    /usr/lib/x86_64-linux-gnu/libdl-2.31.so
7f2da553b000-7f2da553c000 rw-p 00004000 08:02 7078011                    /usr/lib/x86_64-linux-gnu/libdl-2.31.so
7f2da553c000-7f2da553e000 r--p 00000000 08:02 7086479                    /usr/lib/x86_64-linux-gnu/libz.so.1.2.11
7f2da553e000-7f2da554f000 r-xp 00002000 08:02 7086479                    /usr/lib/x86_64-linux-gnu/libz.so.1.2.11
7f2da554f000-7f2da5555000 r--p 00013000 08:02 7086479                    /usr/lib/x86_64-linux-gnu/libz.so.1.2.11
7f2da5555000-7f2da5556000 ---p 00019000 08:02 7086479                    /usr/lib/x86_64-linux-gnu/libz.so.1.2.11
7f2da5556000-7f2da5557000 r--p 00019000 08:02 7086479                    /usr/lib/x86_64-linux-gnu/libz.so.1.2.11
7f2da5557000-7f2da5558000 rw-p 0001a000 08:02 7086479                    /usr/lib/x86_64-linux-gnu/libz.so.1.2.11
7f2da5558000-7f2da557a000 r--p 00000000 08:02 7078010                    /usr/lib/x86_64-linux-gnu/libc-2.31.so
7f2da557a000-7f2da56f2000 r-xp 00022000 08:02 7078010                    /usr/lib/x86_64-linux-gnu/libc-2.31.so
7f2da56f2000-7f2da5740000 r--p 0019a000 08:02 7078010                    /usr/lib/x86_64-linux-gnu/libc-2.31.so
7f2da5740000-7f2da5744000 r--p 001e7000 08:02 7078010                    /usr/lib/x86_64-linux-gnu/libc-2.31.so
7f2da5744000-7f2da5746000 rw-p 001eb000 08:02 7078010                    /usr/lib/x86_64-linux-gnu/libc-2.31.so
7f2da5746000-7f2da574a000 rw-p 00000000 00:00 0 
7f2da574a000-7f2da574d000 r--p 00000000 08:02 7078055                    /usr/lib/x86_64-linux-gnu/libnss_files-2.31.so
7f2da574d000-7f2da5754000 r-xp 00003000 08:02 7078055                    /usr/lib/x86_64-linux-gnu/libnss_files-2.31.so
7f2da5754000-7f2da5756000 r--p 0000a000 08:02 7078055                    /usr/lib/x86_64-linux-gnu/libnss_files-2.31.so
7f2da5756000-7f2da5757000 r--p 0000b000 08:02 7078055                    /usr/lib/x86_64-linux-gnu/libnss_files-2.31.so
7f2da5757000-7f2da5758000 rw-p 0000c000 08:02 7078055                    /usr/lib/x86_64-linux-gnu/libnss_files-2.31.so
7f2da5758000-7f2da575e000 rw-p 00000000 00:00 0 
7f2da575e000-7f2da575f000 ---p 00000000 00:00 0 
7f2da575f000-7f2da5760000 r--p 00000000 00:00 0 
7f2da5760000-7f2da5763000 r--p 00000000 08:02 1358970                    /home/jatinbha/sandboxes/lworld/build/linux-x86_64-server-slowdebug/images/jdk/lib/libjli.so
7f2da5763000-7f2da5771000 r-xp 00003000 08:02 1358970                    /home/jatinbha/sandboxes/lworld/build/linux-x86_64-server-slowdebug/images/jdk/lib/libjli.so
7f2da5771000-7f2da5775000 r--p 00011000 08:02 1358970                    /home/jatinbha/sandboxes/lworld/build/linux-x86_64-server-slowdebug/images/jdk/lib/libjli.so
7f2da5775000-7f2da5776000 r--p 00014000 08:02 1358970                    /home/jatinbha/sandboxes/lworld/build/linux-x86_64-server-slowdebug/images/jdk/lib/libjli.so
7f2da5776000-7f2da5777000 rw-p 00015000 08:02 1358970                    /home/jatinbha/sandboxes/lworld/build/linux-x86_64-server-slowdebug/images/jdk/lib/libjli.so
7f2da5777000-7f2da5779000 rw-p 00000000 00:00 0 
7f2da5779000-7f2da577a000 r--p 00000000 08:02 7077989                    /usr/lib/x86_64-linux-gnu/ld-2.31.so
7f2da577a000-7f2da579d000 r-xp 00001000 08:02 7077989                    /usr/lib/x86_64-linux-gnu/ld-2.31.so
7f2da579d000-7f2da57a5000 r--p 00024000 08:02 7077989                    /usr/lib/x86_64-linux-gnu/ld-2.31.so
7f2da57a5000-7f2da57a6000 rwxp 00000000 00:00 0 
7f2da57a6000-7f2da57a7000 r--p 0002c000 08:02 7077989                    /usr/lib/x86_64-linux-gnu/ld-2.31.so
7f2da57a7000-7f2da57a8000 rw-p 0002d000 08:02 7077989                    /usr/lib/x86_64-linux-gnu/ld-2.31.so
7f2da57a8000-7f2da57a9000 rw-p 00000000 00:00 0 
7ffcce0c7000-7ffcce0e8000 rw-p 00000000 00:00 0                          [stack]
7ffcce119000-7ffcce11d000 r--p 00000000 00:00 0                          [vvar]
7ffcce11d000-7ffcce11f000 r-xp 00000000 00:00 0                          [vdso]
ffffffffff600000-ffffffffff601000 --xp 00000000 00:00 0                  [vsyscall]
Total number of mappings: 207

JVMTI agents: none


VM Arguments:
jvm_args: --add-exports=java.base/jdk.internal.misc=ALL-UNNAMED -XX:-TieredCompilation -XX:+PauseAtStartup -Xbatch -XX:+TraceTypeProfile -XX:CompileCommand=compileonly,test_osr_flow::micro --enable-preview 
java_command: test_osr_flow
java_class_path (initial): .
Launcher Type: SUN_STANDARD

[Global flags]
     bool AOTInvokeDynamicLinking                  = false                                  {diagnostic} {ergonomic}     AOT-link JVM_CONSTANT_InvokeDynamic entries in cached ConstantPools
     bool BackgroundCompilation                    = false                                  {pd product} {command line}  A thread requesting compilation is not blocked during compilation
     intx CICompilerCount                          = 18                                        {product} {ergonomic}     Number of compiler threads to run
ccstrlist CompileCommand                           = compileonly,test_osr_flow::micro            {product} {command line} Prepend to .hotspot_compiler; e.g. log,java/lang/String.<init>
     uint ConcGCThreads                            = 18                                        {product} {ergonomic}     Number of threads concurrent gc will use
     bool EnableValhalla                           = true                                      {product} {command line}  Enable experimental Valhalla features
     uint G1ConcRefinementThreads                  = 73                                        {product} {ergonomic}     The number of parallel remembered set update threads. Will be set ergonomically by default.
   size_t G1HeapRegionSize                         = 16777216                                  {product} {ergonomic}     Size of the G1 regions.
   size_t InitialHeapSize                          = 2147483648                                {product} {ergonomic}     Initial heap size (in bytes); zero means use ergonomics
   size_t MarkStackSize                            = 4194304                                   {product} {ergonomic}     Size of marking stack in bytes.
   size_t MarkStackSizeMax                         = 536870912                                 {product} {ergonomic}     Maximum size of marking stack in bytes.
   size_t MaxHeapSize                              = 31675383808                               {product} {ergonomic}     Maximum heap size (in bytes)
   size_t MaxNewSize                               = 18991808512                               {product} {ergonomic}     Maximum new generation size (in bytes), max_uintx means set ergonomically
   size_t MinHeapDeltaBytes                        = 16777216                                  {product} {ergonomic}     The minimum change in heap space due to GC (in bytes)
   size_t MinHeapSize                              = 16777216                                  {product} {ergonomic}     Minimum heap size (in bytes); zero means use ergonomics
    uintx NonNMethodCodeHeapSize                   = 4096                                   {pd product} {ergonomic}     Size of code heap with non-nmethods (in bytes)
    uintx NonProfiledCodeHeapSize                  = 0                                      {pd product} {ergonomic}     Size of code heap with non-profiled methods (in bytes)
     bool PauseAtStartup                           = true                                   {diagnostic} {command line}  Causes the VM to pause at startup time and wait for the pause file to be removed (default: ./vm.paused.<pid>)
    uintx ProfiledCodeHeapSize                     = 0                                      {pd product} {ergonomic}     Size of code heap with profiled methods (in bytes)
   size_t SoftMaxHeapSize                          = 31675383808                            {manageable} {ergonomic}     Soft limit for maximum heap size (in bytes)
     bool THPStackMitigation                       = false                                  {diagnostic} {ergonomic}     If THPs are unconditionally enabled on the system (mode "always"), the JVM will prevent THP from forming in thread stacks. When disabled, the absence of this mitigationallows THPs to form in thread stacks.
     bool TieredCompilation                        = false                                  {pd product} {command line}  Enable tiered compilation
     bool TraceTypeProfile                         = true                                {C2 diagnostic} {command line}  Trace type profile
     bool UseCompressedOops                        = true                           {product lp64_product} {ergonomic}   Use 32-bit object references in 64-bit VM. lp64_product means flag is always constant in 32 bit VM
     bool UseG1GC                                  = true                                      {product} {ergonomic}     Use the Garbage-First garbage collector

Logging:
Log output configuration:
 #0: stdout all=warning uptime,level,tags foldmultilines=false
 #1: stderr all=off uptime,level,tags foldmultilines=false

Environment Variables:
JAVA_HOME=/home/jatinbha/sandboxes/lworld/build/linux-x86_64-server-slowdebug/images/jdk/
CLASSPATH=/home/jatinbha/sandboxes/lworld+vector/valhalla/test/hotspot/jtreg/compiler/vectorapi/JTwork/classes/compiler/vectorapi/VectorMemoryAlias.d:/home/jatinbha/sandboxes/lworld+vector/valhalla/test/hotspot/jtreg/compiler/vectorapi:/home/jatinbha/sandboxes/jtreg/build/images/jtreg/lib/javatest.jar:/home/jatinbha/sandboxes/jtreg/build/images/jtreg/lib/jtreg.jar
PATH=/home/jatinbha/sandboxes/lworld/build/linux-x86_64-server-slowdebug/images/jdk//bin:/home/jatinbha/sandboxes/lworld+vector/valhalla/build/linux-x86_64-server-slowdebug/images/jdk//bin:/home/jatinbha/.local/bin:/home/jatinbha/bin:/home/jatinbha/sandboxes/mx:/home/jatinbha/softwares/jextract-22:/home/jatinbha/softwares/cmake-3.28.3-linux-x86_64/bin:/home/jatinbha/softwares/cmake-3.26.3-linux-x86_64/bin:/home/jatinbha/softwares/jdk-17.0.2//bin:/home/jatinbha/softwares/thrift-0.16.0/bin:/home/jatinbha/softwares/jdk8u322-b06//bin:/home/jatinbha/softwares/jdk-17//bin:/home/jatinbha/softwares/apache-maven-3.6.3/bin:/home/jatinbha/sandboxes/skara/build/bin:/usr/local/sbin:/usr/local/bin:/usr/sbin:/usr/bin:/sbin:/bin:/usr/games:/usr/local/games:/snap/bin
LD_LIBRARY_PATH=/home/jatinbha/softwares:
SHELL=/bin/bash
LANG=en_IN
TERM=xterm-256color

Active Locale:
LC_ALL=en_IN
LC_COLLATE=en_IN
LC_CTYPE=en_IN
LC_MESSAGES=en_IN
LC_MONETARY=en_IN
LC_NUMERIC=en_IN
LC_TIME=en_IN

Signal Handlers:
   SIGSEGV: crash_handler in libjvm.so, mask=11100100010111111101111111111110, flags=SA_RESTART|SA_SIGINFO, unblocked
    SIGBUS: crash_handler in libjvm.so, mask=11100100010111111101111111111110, flags=SA_RESTART|SA_SIGINFO, unblocked
    SIGFPE: crash_handler in libjvm.so, mask=11100100010111111101111111111110, flags=SA_RESTART|SA_SIGINFO, unblocked
   SIGPIPE: javaSignalHandler in libjvm.so, mask=11100100010111111101111111111110, flags=SA_RESTART|SA_SIGINFO, unblocked
   SIGXFSZ: javaSignalHandler in libjvm.so, mask=11100100010111111101111111111110, flags=SA_RESTART|SA_SIGINFO, unblocked
    SIGILL: crash_handler in libjvm.so, mask=11100100010111111101111111111110, flags=SA_RESTART|SA_SIGINFO, unblocked
   SIGUSR2: SR_handler in libjvm.so, mask=00000000000000000000000000000000, flags=SA_RESTART|SA_SIGINFO, unblocked
    SIGHUP: UserHandler in libjvm.so, mask=11100100010111111101111111111110, flags=SA_RESTART|SA_SIGINFO, unblocked
    SIGINT: UserHandler in libjvm.so, mask=11100100010111111101111111111110, flags=SA_RESTART|SA_SIGINFO, unblocked
   SIGTERM: UserHandler in libjvm.so, mask=11100100010111111101111111111110, flags=SA_RESTART|SA_SIGINFO, unblocked
   SIGQUIT: UserHandler in libjvm.so, mask=11100100010111111101111111111110, flags=SA_RESTART|SA_SIGINFO, blocked
   SIGTRAP: crash_handler in libjvm.so, mask=11100100010111111101111111111110, flags=SA_RESTART|SA_SIGINFO, unblocked


Native Memory Tracking:

(Omitting categories weighting less than 1KB)

Total: reserved=32972797KB, committed=2396025KB
       malloc: 202369KB #26005, peak=202040KB #26007
       mmap:   reserved=32770428KB, committed=2193656KB

-                 Java Heap (reserved=30932992KB, committed=2097152KB)
                            (mmap: reserved=30932992KB, committed=2097152KB, at peak)

-                     Class (reserved=1048663KB, committed=215KB)
                            (classes #1039)
                            (  instance classes #891, array classes #148)
                            (malloc=87KB #1197) (peak=87KB #1197)
                            (mmap: reserved=1048576KB, committed=128KB, at peak)
                            (  Metadata:   )
                            (    reserved=65536KB, committed=256KB)
                            (    used=196KB)
                            (    waste=60KB =23.39%)
                            (  Class space:)
                            (    reserved=1048576KB, committed=128KB)
                            (    used=10KB)
                            (    waste=118KB =92.46%)

-                    Thread (reserved=16455KB, committed=779KB)
                            (threads #16)
                            (stack: reserved=16404KB, committed=728KB, peak=728KB)
                            (malloc=33KB #99) (peak=41KB #103)
                            (arena=18KB #30) (peak=80KB #28)

-                      Code (reserved=49947KB, committed=2927KB)
                            (malloc=378KB #11027) (peak=378KB #11034)
                            (mmap: reserved=49536KB, committed=2516KB, at peak)
                            (arena=33KB #1) (peak=34KB #2)

-                        GC (reserved=793391KB, committed=230191KB)
                            (malloc=152435KB #1153) (peak=152435KB #1153)
                            (mmap: reserved=640956KB, committed=77756KB, at peak)

-                  Compiler (reserved=507KB, committed=507KB)
                            (malloc=52KB #35) (at peak)
                            (arena=455KB #9) (peak=1250KB #10)

-                  Internal (reserved=46942KB, committed=46942KB)
                            (malloc=46906KB #6695) (peak=46906KB #6696)
                            (mmap: reserved=36KB, committed=36KB, at peak)

-                     Other (reserved=2KB, committed=2KB)
                            (malloc=2KB #1) (at peak)

-                    Symbol (reserved=1249KB, committed=1249KB)
                            (malloc=889KB #3303) (at peak)
                            (arena=360KB #1) (at peak)

-    Native Memory Tracking (reserved=463KB, committed=463KB)
                            (malloc=6KB #55) (peak=6KB #56)
                            (arena=0KB #0) (peak=128KB #1)
                            (tracking overhead=457KB)

-        Shared class space (reserved=16384KB, committed=15076KB, readonly=0KB)
                            (mmap: reserved=16384KB, committed=15076KB, peak=15276KB)

-               Arena Chunk (reserved=1KB, committed=1KB)
                            (malloc=1KB #55) (peak=1762KB #79)

-                    Module (reserved=199KB, committed=199KB)
                            (malloc=199KB #2135) (at peak)

-                 Safepoint (reserved=8KB, committed=8KB)
                            (mmap: reserved=8KB, committed=8KB, at peak)

-           Synchronization (reserved=27KB, committed=27KB)
                            (malloc=27KB #203) (at peak)

-            Serviceability (reserved=17KB, committed=17KB)
                            (malloc=17KB #10) (peak=17KB #14)

-                 Metaspace (reserved=65548KB, committed=268KB)
                            (malloc=12KB #8) (at peak)
                            (mmap: reserved=65536KB, committed=256KB, at peak)

-      String Deduplication (reserved=1KB, committed=1KB)
                            (malloc=1KB #8) (at peak)

Preinit state:entries: 402 (primary: 402, empties: 7789), sum bytes: 15232, longest chain length: 1
pre-init mallocs: 469, pre-init reallocs: 6, pre-init frees: 67
MallocLimit: unset

Compiler Memory Statistic, 10 most expensive compilations:
ctyp  total     ra        node      comp      type      states    reglive   regsplit  superword cienv     ha        other     #nodes  result  limit     time    id    thread             method
c2    981376    444576    295536    164624    66440     10200     0         0         0         0         0         0         311     ok      1073741824 20.842 28    0x00007f2d9c2e5720 test_osr_flow::micro((LMyAbsValue;)F) 
Total: 1 (C1: 0, C2: 1)

Periodic native trim disabled

---------------  S Y S T E M  ---------------

OS:
DISTRIB_ID=Ubuntu
DISTRIB_RELEASE=20.04
DISTRIB_CODENAME=focal
DISTRIB_DESCRIPTION="Ubuntu 20.04.2 LTS"
uname: Linux intel-S2600WFT 5.8.0-41-generic #46~20.04.1-Ubuntu SMP Mon Jan 18 17:52:23 UTC 2021 x86_64
OS uptime: 108 days 8:32 hours
libc: glibc 2.31 NPTL 2.31 
rlimit (soft/hard): STACK 8192k/infinity , CORE 0k/infinity , NPROC 3090646/3090646 , NOFILE 1048576/1048576 , AS infinity/infinity , CPU infinity/infinity , DATA infinity/infinity , FSIZE infinity/infinity , MEMLOCK 65536k/65536k
load average: 1.29 1.50 1.56

/proc/meminfo:
MemTotal:       791263980 kB
MemFree:        720555376 kB
MemAvailable:   782552008 kB
Buffers:         1641664 kB
Cached:         61429460 kB
SwapCached:        20620 kB
Active:         37527892 kB
Inactive:       26278004 kB
Active(anon):     362592 kB
Inactive(anon):   376616 kB
Active(file):   37165300 kB
Inactive(file): 25901388 kB
Unevictable:           0 kB
Mlocked:               0 kB
SwapTotal:       2097148 kB
SwapFree:        1827088 kB
Dirty:               548 kB
Writeback:             0 kB
AnonPages:        716016 kB
Mapped:           185728 kB
Shmem:              5540 kB
KReclaimable:    3984124 kB
Slab:            5516864 kB
SReclaimable:    3984124 kB
SUnreclaim:      1532740 kB
KernelStack:       28848 kB
PageTables:        14504 kB
NFS_Unstable:          0 kB
Bounce:                0 kB
WritebackTmp:          0 kB
CommitLimit:    397729136 kB
Committed_AS:   11257284 kB
VmallocTotal:   34359738367 kB
VmallocUsed:      475964 kB
VmallocChunk:          0 kB
Percpu:           354368 kB
HardwareCorrupted:     0 kB
AnonHugePages:         0 kB
ShmemHugePages:        0 kB
ShmemPmdMapped:        0 kB
FileHugePages:         0 kB
FilePmdMapped:         0 kB
HugePages_Total:       0
HugePages_Free:        0
HugePages_Rsvd:        0
HugePages_Surp:        0
Hugepagesize:       2048 kB
Hugetlb:               0 kB
DirectMap4k:     4326812 kB
DirectMap2M:    256456704 kB
DirectMap1G:    545259520 kB

/sys/kernel/mm/transparent_hugepage/enabled: always [madvise] never
/sys/kernel/mm/transparent_hugepage/hpage_pmd_size: 2097152
/sys/kernel/mm/transparent_hugepage/shmem_enabled: always within_size advise [never] deny force
/sys/kernel/mm/transparent_hugepage/defrag (defrag/compaction efforts parameter): always defer defer+madvise [madvise] never

Process Memory:
Virtual Size: 34225544K (peak: 34244496K)
Resident Set Size: 275004K (peak: 275004K) (anon: 230300K, file: 44704K, shmem: 0K)
Swapped out: 0K
C-Heap outstanding allocations: 203780K, retained: 2595K (may have wrapped)
glibc malloc tunables: (default)

/proc/sys/kernel/threads-max (system-wide limit on the number of threads): 6181293
/proc/sys/vm/max_map_count (maximum number of memory map areas a process may have): 65530
/proc/sys/vm/swappiness (control to define how aggressively the kernel swaps out anonymous memory): 60
/proc/sys/kernel/pid_max (system-wide limit on number of process identifiers): 4194304

container information not found.
Steal ticks since vm start: 0
Steal ticks percentage since vm start:  0.000

CPU: total 112 (initial active 112) (28 cores per cpu, 2 threads per core) family 6 model 85 stepping 7 microcode 0x5003006, cx8, cmov, fxsr, ht, mmx, 3dnowpref, sse, sse2, sse3, ssse3, sse4.1, sse4.2, popcnt, lzcnt, tsc, tscinvbit, avx, avx2, aes, erms, clmul, bmi1, bmi2, adx, avx512f, avx512dq, avx512cd, avx512bw, avx512vl, fma, vzeroupper, avx512_vnni, clflush, clflushopt, clwb, rdtscp, f16c, pku, ospke
CPU Model and flags from /proc/cpuinfo:
model name	: Intel(R) Xeon(R) Platinum 8280 CPU @ 2.70GHz
flags		: fpu vme de pse tsc msr pae mce cx8 apic sep mtrr pge mca cmov pat pse36 clflush dts acpi mmx fxsr sse sse2 ss ht tm pbe syscall nx pdpe1gb rdtscp lm constant_tsc art arch_perfmon pebs bts rep_good nopl xtopology nonstop_tsc cpuid aperfmperf pni pclmulqdq dtes64 monitor ds_cpl smx est tm2 ssse3 sdbg fma cx16 xtpr pdcm pcid dca sse4_1 sse4_2 x2apic movbe popcnt tsc_deadline_timer aes xsave avx f16c rdrand lahf_lm abm 3dnowprefetch cpuid_fault epb cat_l3 cdp_l3 invpcid_single ssbd mba ibrs ibpb stibp ibrs_enhanced fsgsbase tsc_adjust bmi1 avx2 smep bmi2 erms invpcid cqm mpx rdt_a avx512f avx512dq rdseed adx smap clflushopt clwb intel_pt avx512cd avx512bw avx512vl xsaveopt xsavec xgetbv1 xsaves cqm_llc cqm_occup_llc cqm_mbm_total cqm_mbm_local dtherm ida arat pln pts hwp hwp_act_window hwp_epp hwp_pkg_req pku ospke avx512_vnni md_clear flush_l1d arch_capabilities

Online cpus: 0-111
Offline cpus: 
cache level: 1
cache type: Data
cache size: 32K
cache coherency line size: 64
cache level: 1
cache type: Instruction
cache size: 32K
cache coherency line size: 64
cache level: 2
cache type: Unified
cache size: 1024K
cache coherency line size: 64
cache level: 3
cache type: Unified
cache size: 39424K
cache coherency line size: 64
BIOS frequency limitation: <Not Available>
Frequency switch latency (ns): 0
Available cpu frequencies: <Not Available>
Maximum cpu frequency: 4000000
Minimum cpu frequency: 1000000
Current cpu frequency: 2799999
Available governors: performance powersave
Current governor: powersave
Core performance/turbo boost: <Not Available>

Memory: 4k page, physical 791263980k(782552060k free), swap 2097148k(1827088k free)
Page Sizes: 4k

vm_info: OpenJDK 64-Bit Server VM (slowdebug 25-internal-adhoc.root.lworld) for linux-amd64 JRE (25-internal-adhoc.root.lworld), built on 2025-03-28T06:15:52Z with gcc 10.5.0

END.
