#
# A fatal error has been detected by the Java Runtime Environment:
#
#  Internal Error (/home/jatinbha/sandboxes/lworld/src/hotspot/share/prims/unsafe.cpp:157), pid=2606406, tid=2606407
#  assert(byte_offset < p_size) failed: Unsafe access: offset 32 > object's size 32
#
# JRE version: OpenJDK Runtime Environment (25.0) (slowdebug build 25-internal-adhoc.root.lworld)
# Java VM: OpenJDK 64-Bit Server VM (slowdebug 25-internal-adhoc.root.lworld, mixed mode, sharing, compressed oops, compressed class ptrs, g1 gc, linux-amd64)
# Problematic frame:
# V  [libjvm.so+0x1ba9c45]  assert_field_offset_sane(oopDesc*, long)+0x16c
#
# Core dump will be written. Default location: Core dumps may be processed with "/usr/share/apport/apport -p%p -s%s -c%c -d%d -P%P -u%u -g%g -- %E" (or dumping to /home/jatinbha/code/java/valhalla/larval_support/core.2606406)
#
# If you would like to submit a bug report, please visit:
#   https://bugreport.java.com/bugreport/crash.jsp
#

---------------  S U M M A R Y ------------

Command Line: --add-exports=java.base/jdk.internal.misc=ALL-UNNAMED -XX:-TieredCompilation -Xbatch -XX:+TraceTypeProfile -XX:CompileCommand=compileonly,test_osr_flow::micro --enable-preview test_osr_flow

Host: intel-S2600WFT, Intel(R) Xeon(R) Platinum 8280 CPU @ 2.70GHz, 112 cores, 754G, Ubuntu 20.04.2 LTS
Time: Fri Apr 11 16:36:39 2025 IST elapsed time: 0.978937 seconds (0d 0h 0m 0s)

---------------  T H R E A D  ---------------

Current thread (0x00007ff07002c6b0):  JavaThread "main"             [_thread_in_vm, id=2606407, stack(0x00007ff074c58000,0x00007ff074d59000) (1028K)]

Stack: [0x00007ff074c58000,0x00007ff074d59000],  sp=0x00007ff074d57610,  free space=1021k
Native frames: (J=compiled Java code, j=interpreted, Vv=VM code, C=native code)
V  [libjvm.so+0x1ba9c45]  assert_field_offset_sane(oopDesc*, long)+0x16c  (unsafe.cpp:157)
V  [libjvm.so+0x1bb248e]  MemoryAccess<float>::MemoryAccess(JavaThread*, _jobject*, long)+0x5e  (unsafe.cpp:243)
V  [libjvm.so+0x1bacb97]  Unsafe_GetFloat+0x9c  (unsafe.cpp:572)
j  jdk.internal.misc.Unsafe.getFloat(Ljava/lang/Object;J)F+0 java.base@25-internal
j  test_osr_flow.micro(LMyAbsValue;)F+31
j  test_osr_flow.main([Ljava/lang/String;)V+20
v  ~StubRoutines::call_stub 0x00007ff0644bcd01
V  [libjvm.so+0x11e1cf0]  JavaCalls::call_helper(JavaValue*, methodHandle const&, JavaCallArguments*, JavaThread*)+0x740  (javaCalls.cpp:429)
V  [libjvm.so+0x1769428]  os::os_exception_wrapper(void (*)(JavaValue*, methodHandle const&, JavaCallArguments*, JavaThread*), JavaValue*, methodHandle const&, JavaCallArguments*, JavaThread*)+0x3a  (os_linux.cpp:4995)
V  [libjvm.so+0x11e15ac]  JavaCalls::call(JavaValue*, methodHandle const&, JavaCallArguments*, JavaThread*)+0x3e  (javaCalls.cpp:325)
V  [libjvm.so+0x12d5836]  jni_invoke_static(JNIEnv_*, JavaValue*, _jobject*, JNICallType, _jmethodID*, JNI_ArgumentPusher*, JavaThread*)+0x1a7  (jni.cpp:887)
V  [libjvm.so+0x12e339e]  jni_CallStaticVoidMethod+0x1de  (jni.cpp:1746)
C  [libjli.so+0x549e]  invokeStaticMainWithArgs+0x8c  (java.c:392)
C  [libjli.so+0x67f9]  JavaMain+0x1063  (java.c:640)
C  [libjli.so+0xc808]  ThreadJavaMain+0x2b  (java_md.c:649)
Java frames: (J=compiled Java code, j=interpreted, Vv=VM code)
j  jdk.internal.misc.Unsafe.getFloat(Ljava/lang/Object;J)F+0 java.base@25-internal
j  test_osr_flow.micro(LMyAbsValue;)F+31
j  test_osr_flow.main([Ljava/lang/String;)V+20
v  ~StubRoutines::call_stub 0x00007ff0644bcd01
Registers:
RAX=0x00007ff0784a2000, RBX=0x00007fefda2b46c0, RCX=0x0000000000000003, RDX=0x0000000000000001
RSP=0x00007ff074d57610, RBP=0x00007ff074d57640, RSI=0x0000000000000001, RDI=0x0000000000000001
R8 =0x000055e2e73c1ec0, R9 =0x000055e2e73c1ec0, R10=0x00007ff0644cba4d, R11=0x0000000000000008
R12=0x0000000000000000, R13=0x00007fefda2b4788, R14=0x00007ff074d577b0, R15=0x00007ff07002c6b0
RIP=0x00007ff076a5bc45, EFLAGS=0x0000000000010202, CSGSFS=0x002b000000000033, ERR=0x0000000000000006
  TRAPNO=0x000000000000000e

XMM[0]=0x0000000000000000 0x00000000f1c00061
XMM[1]=0x0000000000000000 0x0000000000000000
XMM[2]=0xffffffffffffffff 0xffffffffffffffff
XMM[3]=0x644bcbe0bb490000 0x0060820fc33b4900
XMM[4]=0x3b4900007ff0644c 0x4260bb4924048b48
XMM[5]=0x644bcbe0bb490000 0x0060820fc33b4900
XMM[6]=0x0000003a820fc33b 0x4900007ff0644c1b
XMM[7]=0x0000000000000000 0x0000000000000000
XMM[8]=0x10245411fac51824 0x4c11fac520244411
XMM[9]=0x0000000000000000 0x0000000000000000
XMM[10]=0x0000000000000000 0x0000000000000000
XMM[11]=0x0000000000000000 0x0000000000000000
XMM[12]=0x0000000000000000 0x0000000000000000
XMM[13]=0x0000000000000000 0x0000000000000000
XMM[14]=0x0000000000000000 0x0000000000000000
XMM[15]=0x0000000000000000 0x0000000000000000
  MXCSR=0x00001fa2


Register to memory mapping:

RAX=0x00007ff0784a2000 in mmap'd memory region [0x00007ff0784a2000 - 0x00007ff0784a3000], tag mtInternal
RBX={method} {0x00007fefda2b46c0} 'getFloat' '(Ljava/lang/Object;J)F' in 'jdk/internal/misc/Unsafe'
RCX=0x0000000000000003 is an unknown value
RDX=0x0000000000000001 is an unknown value
RSP=0x00007ff074d57610 is pointing into the stack for thread: 0x00007ff07002c6b0
RBP=0x00007ff074d57640 is pointing into the stack for thread: 0x00007ff07002c6b0
RSI=0x0000000000000001 is an unknown value
RDI=0x0000000000000001 is an unknown value
R8 =0x000055e2e73c1ec0 points into unknown readable memory: 0x0000000000000002 | 02 00 00 00 00 00 00 00
R9 =0x000055e2e73c1ec0 points into unknown readable memory: 0x0000000000000002 | 02 00 00 00 00 00 00 00
R10=0x00007ff0644cba4d is at code_begin+1901 in an Interpreter codelet
native method entry point (kind = native)  [0x00007ff0644cb2e0, 0x00007ff0644cc210]  3888 bytes
R11=0x0000000000000008 is an unknown value
R12=0x0 is null
R13=0x00007fefda2b4788 is pointing into metadata
R14=0x00007ff074d577b0 is pointing into the stack for thread: 0x00007ff07002c6b0
R15=0x00007ff07002c6b0 is a thread

Top of Stack: (sp=0x00007ff074d57610)
0x00007ff074d57610:   0000000000000020 000000011f1e6090    ........`......
0x00007ff074d57620:   0000000674d57650 0000000000000020   Pv.t.... .......
0x00007ff074d57630:   000000011f1e60b0 0000000000000020   .`...... .......
0x00007ff074d57640:   00007ff074d57670 00007ff076a6448e   pv.t.....D.v....
0x00007ff074d57650:   0000000000000020 00007ff074d577a8    ........w.t....
0x00007ff074d57660:   00007ff07002c6b0 00007ff074d576d0   ...p.....v.t....
0x00007ff074d57670:   00007ff074d57700 00007ff076a5eb97   .w.t.......v....
0x00007ff074d57680:   0000000000000020 00007ff074d577a8    ........w.t....
0x00007ff074d57690:   00007ff074d577b0 00007ff07002cab0   .w.t.......p....
0x00007ff074d576a0:   00007ff074d576b0 00007ff07002c6b0   .v.t.......p....
0x00007ff074d576b0:   00007ff07002c6b0 00007ff07002c6b0   ...p.......p....
0x00007ff074d576c0:   00007ff07002c6b0 00007ff000000000   ...p............
0x00007ff074d576d0:   00007ff07002c6b0 000000011f1e6090   ...p.....`......
0x00007ff074d576e0:   0000000000000020 00007ff0781ed0a0    ..........x....
0x00007ff074d576f0:   00007ff07002da50 00007fefda2b46c0   P..p.....F+.....
0x00007ff074d57700:   00007ff074d57778 00007ff0644cb9b4   xw.t......Ld....
0x00007ff074d57710:   00007ff07002cb44 00007ff074d5751f   D..p.....u.t....
0x00007ff074d57720:   0000000000000000 00007ff0644cc0e3   ..........Ld....
0x00007ff074d57730:   fffffffffffffff7 0000000000000000   ................
0x00007ff074d57740:   0000000000000007 00007fefda2b22b8   ........."+.....
0x00007ff074d57750:   0000000000000000 000000011f005dd0   .........]......
0x00007ff074d57760:   00007fefda2b46c0 0000000000000000   .F+.............
0x00007ff074d57770:   00007ff074d57798 00007ff074d57808   .w.t.....x.t....
0x00007ff074d57780:   00007ff0644c4bde 0000000000000000   .KLd............
0x00007ff074d57790:   00007ff0644c7618 0000000000000020   .vLd.... .......
0x00007ff074d577a0:   0000000000000000 000000011f1e6090   .........`......
0x00007ff074d577b0:   000000011f00e978 00000000f1c00061   x.......a.......
0x00007ff074d577c0:   fffffffffffffff7 00007fefd04024f7   .........$@.....
0x00007ff074d577d0:   0000000000000004 00007fefd0403230   ........02@.....
0x00007ff074d577e0:   0000000000000000 000000011f1e4978   ........xI......
0x00007ff074d577f0:   00007fefd0402518 fffffffffffffff2   .%@.............
0x00007ff074d57800:   00007ff074d57828 00007ff074d57880   (x.t.....x.t....

Instructions: (pc=0x00007ff076a5bc45)
  0x00007ff076a5bb45:   31 48 8d 05 3b 3e 5e 01 48 8b 00 c6 00 58 48 8d
  0x00007ff076a5bb55:   0d b9 e8 da 00 48 8d 15 bf e8 da 00 be 96 00 00
  0x00007ff076a5bb65:   00 48 8d 3d 63 e8 da 00 b8 00 00 00 00 e8 42 0b
  0x00007ff076a5bb75:   21 ff 48 8b 45 e8 48 98 48 39 45 e8 75 7e 48 8b
  0x00007ff076a5bb85:   45 d8 48 89 c7 e8 9e 0e d9 fe 48 8b 55 e8 48 01
  0x00007ff076a5bb95:   d0 48 89 45 f0 e8 e2 3e ad fe 83 f0 01 84 c0 74
  0x00007ff076a5bba5:   21 48 8b 45 e8 89 c2 48 8b 45 d8 89 d6 48 89 c7
  0x00007ff076a5bbb5:   e8 d0 7c 00 00 48 39 45 f0 74 07 b8 01 00 00 00
  0x00007ff076a5bbc5:   eb 05 b8 00 00 00 00 84 c0 74 31 48 8d 05 b1 3d
  0x00007ff076a5bbd5:   5e 01 48 8b 00 c6 00 58 48 8d 0d cc e8 da 00 48
  0x00007ff076a5bbe5:   8d 15 fd e8 da 00 be 99 00 00 00 48 8d 3d d9 e7
  0x00007ff076a5bbf5:   da 00 b8 00 00 00 00 e8 b8 0a 21 ff 48 8b 45 d8
  0x00007ff076a5bc05:   48 89 c7 e8 d5 ac d9 fe 48 c1 e0 03 48 89 45 f8
  0x00007ff076a5bc15:   e8 67 3e ad fe 83 f0 01 84 c0 74 11 48 8b 45 e8
  0x00007ff076a5bc25:   48 3b 45 f8 7c 07 b8 01 00 00 00 eb 05 b8 00 00
  0x00007ff076a5bc35:   00 00 84 c0 74 3f 48 8d 05 46 3d 5e 01 48 8b 00
=>0x00007ff076a5bc45:   c6 00 58 48 8b 55 f8 48 8b 45 e8 49 89 d1 49 89
  0x00007ff076a5bc55:   c0 48 8d 0d d3 e8 da 00 48 8d 15 fc e8 da 00 be
  0x00007ff076a5bc65:   9d 00 00 00 48 8d 3d 60 e7 da 00 b8 00 00 00 00
  0x00007ff076a5bc75:   e8 3f 0a 21 ff 90 c9 c3 55 48 89 e5 48 83 ec 20
  0x00007ff076a5bc85:   48 89 7d e8 48 89 75 e0 48 8b 55 e0 48 8b 45 e8
  0x00007ff076a5bc95:   48 89 d6 48 89 c7 e8 39 fe ff ff 48 8b 45 e8 48
  0x00007ff076a5bca5:   89 c7 e8 a2 7d da fe 48 89 45 f0 48 8b 45 e0 48
  0x00007ff076a5bcb5:   89 c7 e8 03 fe ff ff 48 89 45 f8 48 8b 55 f0 48
  0x00007ff076a5bcc5:   8b 45 f8 48 01 d0 c9 c3 f3 0f 1e fa 55 48 89 e5
  0x00007ff076a5bcd5:   48 89 7d f8 48 8b 45 f8 5d c3 f3 0f 1e fa 55 48
  0x00007ff076a5bce5:   89 e5 48 89 7d f8 48 8b 45 f8 5d c3 f3 0f 1e fa
  0x00007ff076a5bcf5:   55 48 89 e5 48 83 ec 40 48 89 7d d8 48 89 75 d0
  0x00007ff076a5bd05:   48 89 55 c8 c6 45 e7 00 48 8b 45 d8 48 89 c7 e8
  0x00007ff076a5bd15:   c3 3f ae fe 48 89 45 e8 48 8b 45 e8 48 89 c7 e8
  0x00007ff076a5bd25:   73 37 ae fe 84 c0 0f 84 ad 00 00 00 48 8b 45 e8
  0x00007ff076a5bd35:   48 89 c7 e8 c5 37 ae fe 48 89 45 f0 48 8b 45 d0


Stack slot to memory mapping:

stack at sp + 0 slots: 0x0000000000000020 is an unknown value
stack at sp + 1 slots: 0x000000011f1e6090 is an oop: MyValue 
{0x000000011f1e6090} - klass: 'MyValue' - flags: 

 - ---- fields (total size 4 words):
 - public final value 'field1' 'F' @12  10.000000 (0x41200000)
 - public final value 'field2' 'F' @16  20.000000 (0x41a00000)
 - public final value 'field3' 'F' @20  30.000000 (0x41f00000)
 - public final value 'field4' 'F' @24  40.000000 (0x42200000)
stack at sp + 2 slots: 0x0000000674d57650 is an unallocated location in the heap
stack at sp + 3 slots: 0x0000000000000020 is an unknown value
stack at sp + 4 slots: 
[error occurred during error reporting (inspecting top of stack), id 0xe0000000, Internal Error (/home/jatinbha/sandboxes/lworld/src/hotspot/share/oops/compressedKlass.inline.hpp:87)]
stack at sp + 5 slots: 0x0000000000000020 is an unknown value
stack at sp + 6 slots: 0x00007ff074d57670 is pointing into the stack for thread: 0x00007ff07002c6b0
stack at sp + 7 slots: 0x00007ff076a6448e: <offset 0x0000000001bb248e> in /home/jatinbha/sandboxes/lworld/build/linux-x86_64-server-slowdebug/images/jdk/lib/server/libjvm.so at 0x00007ff074eb2000

Lock stack of current Java thread (top to bottom):


---------------  P R O C E S S  ---------------

uid  : 1000 euid : 1000 gid  : 1000 egid : 1000

umask: 0002 (-------w-)

Threads class SMR info:
_java_thread_list=0x00007ff0703c8060, length=9, elements={
0x00007ff07002c6b0, 0x00007ff0702debb0, 0x00007ff0702dfab0, 0x00007ff0702e0cf0,
0x00007ff0702e2060, 0x00007ff0702e3290, 0x00007ff0702e55b0, 0x00007ff070358e80,
0x00007ff0703c6cc0
}
_java_thread_list_alloc_cnt=10, _java_thread_list_free_cnt=8, _java_thread_list_max=9, _nested_thread_list_max=0
_tlh_cnt=73, _tlh_times=0, avg_tlh_time=0.00, _tlh_time_max=0
_delete_lock_wait_cnt=0, _delete_lock_wait_max=0
_to_delete_list_cnt=0, _to_delete_list_max=1

Java Threads: ( => current thread )
=>0x00007ff07002c6b0 JavaThread "main"                              [_thread_in_vm, id=2606407, stack(0x00007ff074c58000,0x00007ff074d59000) (1028K)]
  0x00007ff0702debb0 JavaThread "Reference Handler"          daemon [_thread_blocked, id=2606421, stack(0x00007ff0282c4000,0x00007ff0283c4000) (1024K)]
  0x00007ff0702dfab0 JavaThread "Finalizer"                  daemon [_thread_blocked, id=2606422, stack(0x00007ff0283c5000,0x00007ff0284c5000) (1024K)]
  0x00007ff0702e0cf0 JavaThread "Signal Dispatcher"          daemon [_thread_blocked, id=2606423, stack(0x00007ff01bf00000,0x00007ff01c000000) (1024K)]
  0x00007ff0702e2060 JavaThread "Service Thread"             daemon [_thread_blocked, id=2606424, stack(0x00007ff0280c2000,0x00007ff0281c2000) (1024K)]
  0x00007ff0702e3290 JavaThread "Monitor Deflation Thread"   daemon [_thread_blocked, id=2606425, stack(0x00007ff01b70c000,0x00007ff01b80d000) (1028K)]
  0x00007ff0702e55b0 JavaThread "C2 CompilerThread0"         daemon [_thread_blocked, id=2606426, stack(0x00007ff01b60b000,0x00007ff01b70c000) (1028K)]
  0x00007ff070358e80 JavaThread "Common-Cleaner"             daemon [_thread_blocked, id=2606427, stack(0x00007ff01b39f000,0x00007ff01b4a0000) (1028K)]
  0x00007ff0703c6cc0 JavaThread "Notification Thread"        daemon [_thread_blocked, id=2606428, stack(0x00007ff01b29e000,0x00007ff01b39f000) (1028K)]
Total: 9

Other Threads:
  0x00007ff0702a3a10 VMThread "VM Thread"                           [id=2606420, stack(0x00007ff01bdff000,0x00007ff01beff000) (1024K)]
  0x00007ff0701f1060 WatcherThread "VM Periodic Task Thread"        [id=2606419, stack(0x00007ff0281c3000,0x00007ff0282c3000) (1024K)]
  0x00007ff07006d940 WorkerThread "GC Thread#0"                     [id=2606408, stack(0x00007ff03b2a2000,0x00007ff03b3a2000) (1024K)]
  0x00007ff070081cc0 ConcurrentGCThread "G1 Main Marker"            [id=2606409, stack(0x00007ff03b1a1000,0x00007ff03b2a1000) (1024K)]
  0x00007ff070082f60 WorkerThread "G1 Conc#0"                       [id=2606410, stack(0x00007ff03b0a0000,0x00007ff03b1a0000) (1024K)]
  0x00007ff0701da6a0 ConcurrentGCThread "G1 Refine#0"               [id=2606411, stack(0x00007ff0285c7000,0x00007ff0286c7000) (1024K)]
  0x00007ff0701db8e0 ConcurrentGCThread "G1 Service"                [id=2606412, stack(0x00007ff0284c6000,0x00007ff0285c6000) (1024K)]
Total: 7

Threads with active compile tasks:
Total: 0

VM state: not at safepoint (normal execution)

VM Mutex/Monitor currently owned by a thread: None

Heap address: 0x00000000a0000000, size: 30208 MB, Compressed Oops mode: Zero based, Oop shift amount: 3

CDS archive(s) mapped at: [0x00007fefda000000-0x00007fefdaeb9000-0x00007fefdaeb9000), size 15437824, SharedBaseAddress: 0x00007fefda000000, ArchiveRelocationMode: 1.
Compressed class space mapped at: 0x00007fefdb000000-0x00007ff01b000000, reserved size: 1073741824
UseCompressedClassPointers 1, UseCompactObjectHeaders 0
Narrow klass pointer bits 32, Max shift 3
Narrow klass base: 0x00007fefda000000, Narrow klass shift: 0
Encoding Range: [0x00007fefda000000 - 0x00007ff0da000000), (4294967296 bytes)
Klass Range:    [0x00007fefda000000 - 0x00007ff01b000000), (1090519040 bytes)
Klass ID Range:  [8 - 1090519033) (1090519025)

GC Precious Log:
 CardTable entry size: 512
 Card Set container configuration: InlinePtr #cards 3 size 8 Array Of Cards #cards 128 size 272 Howl #buckets 8 coarsen threshold 29491 Howl Bitmap #cards 4096 size 528 coarsen threshold 3686 Card regions per heap region 1 cards per card region 32768
 CPUs: 112 total, 112 available
 Memory: 754G
 Large Page Support: Disabled
 NUMA Support: Disabled
 Compressed Oops: Enabled (Zero based)
 Heap Region Size: 16M
 Heap Min Capacity: 16M
 Heap Initial Capacity: 2G
 Heap Max Capacity: 30208M
 Pre-touch: Disabled
 Parallel Workers: 73
 Concurrent Workers: 18
 Concurrent Refinement Workers: 73
 Periodic GC: Disabled

Heap:
 garbage-first heap   total reserved 30932992K, committed 2097152K, used 0K [0x00000000a0000000, 0x0000000800000000)
  region size 16384K, 1 young (16384K), 0 survivors (0K)
 Metaspace       used 204K, committed 384K, reserved 1114112K
  class space    used 9K, committed 128K, reserved 1048576K

Heap Regions: E=young(eden), S=young(survivor), O=old, HS=humongous(starts), HC=humongous(continues), CS=collection set, F=free, TAMS=top-at-mark-start, PB=parsable bottom
|   0|0x00000000a0000000, 0x00000000a0000000, 0x00000000a1000000|  0%| F|  |TAMS 0x00000000a0000000| PB 0x00000000a0000000| Untracked |  0
|   1|0x00000000a1000000, 0x00000000a1000000, 0x00000000a2000000|  0%| F|  |TAMS 0x00000000a1000000| PB 0x00000000a1000000| Untracked |  0
|   2|0x00000000a2000000, 0x00000000a2000000, 0x00000000a3000000|  0%| F|  |TAMS 0x00000000a2000000| PB 0x00000000a2000000| Untracked |  0
|   3|0x00000000a3000000, 0x00000000a3000000, 0x00000000a4000000|  0%| F|  |TAMS 0x00000000a3000000| PB 0x00000000a3000000| Untracked |  0
|   4|0x00000000a4000000, 0x00000000a4000000, 0x00000000a5000000|  0%| F|  |TAMS 0x00000000a4000000| PB 0x00000000a4000000| Untracked |  0
|   5|0x00000000a5000000, 0x00000000a5000000, 0x00000000a6000000|  0%| F|  |TAMS 0x00000000a5000000| PB 0x00000000a5000000| Untracked |  0
|   6|0x00000000a6000000, 0x00000000a6000000, 0x00000000a7000000|  0%| F|  |TAMS 0x00000000a6000000| PB 0x00000000a6000000| Untracked |  0
|   7|0x00000000a7000000, 0x00000000a7000000, 0x00000000a8000000|  0%| F|  |TAMS 0x00000000a7000000| PB 0x00000000a7000000| Untracked |  0
|   8|0x00000000a8000000, 0x00000000a8000000, 0x00000000a9000000|  0%| F|  |TAMS 0x00000000a8000000| PB 0x00000000a8000000| Untracked |  0
|   9|0x00000000a9000000, 0x00000000a9000000, 0x00000000aa000000|  0%| F|  |TAMS 0x00000000a9000000| PB 0x00000000a9000000| Untracked |  0
|  10|0x00000000aa000000, 0x00000000aa000000, 0x00000000ab000000|  0%| F|  |TAMS 0x00000000aa000000| PB 0x00000000aa000000| Untracked |  0
|  11|0x00000000ab000000, 0x00000000ab000000, 0x00000000ac000000|  0%| F|  |TAMS 0x00000000ab000000| PB 0x00000000ab000000| Untracked |  0
|  12|0x00000000ac000000, 0x00000000ac000000, 0x00000000ad000000|  0%| F|  |TAMS 0x00000000ac000000| PB 0x00000000ac000000| Untracked |  0
|  13|0x00000000ad000000, 0x00000000ad000000, 0x00000000ae000000|  0%| F|  |TAMS 0x00000000ad000000| PB 0x00000000ad000000| Untracked |  0
|  14|0x00000000ae000000, 0x00000000ae000000, 0x00000000af000000|  0%| F|  |TAMS 0x00000000ae000000| PB 0x00000000ae000000| Untracked |  0
|  15|0x00000000af000000, 0x00000000af000000, 0x00000000b0000000|  0%| F|  |TAMS 0x00000000af000000| PB 0x00000000af000000| Untracked |  0
|  16|0x00000000b0000000, 0x00000000b0000000, 0x00000000b1000000|  0%| F|  |TAMS 0x00000000b0000000| PB 0x00000000b0000000| Untracked |  0
|  17|0x00000000b1000000, 0x00000000b1000000, 0x00000000b2000000|  0%| F|  |TAMS 0x00000000b1000000| PB 0x00000000b1000000| Untracked |  0
|  18|0x00000000b2000000, 0x00000000b2000000, 0x00000000b3000000|  0%| F|  |TAMS 0x00000000b2000000| PB 0x00000000b2000000| Untracked |  0
|  19|0x00000000b3000000, 0x00000000b3000000, 0x00000000b4000000|  0%| F|  |TAMS 0x00000000b3000000| PB 0x00000000b3000000| Untracked |  0
|  20|0x00000000b4000000, 0x00000000b4000000, 0x00000000b5000000|  0%| F|  |TAMS 0x00000000b4000000| PB 0x00000000b4000000| Untracked |  0
|  21|0x00000000b5000000, 0x00000000b5000000, 0x00000000b6000000|  0%| F|  |TAMS 0x00000000b5000000| PB 0x00000000b5000000| Untracked |  0
|  22|0x00000000b6000000, 0x00000000b6000000, 0x00000000b7000000|  0%| F|  |TAMS 0x00000000b6000000| PB 0x00000000b6000000| Untracked |  0
|  23|0x00000000b7000000, 0x00000000b7000000, 0x00000000b8000000|  0%| F|  |TAMS 0x00000000b7000000| PB 0x00000000b7000000| Untracked |  0
|  24|0x00000000b8000000, 0x00000000b8000000, 0x00000000b9000000|  0%| F|  |TAMS 0x00000000b8000000| PB 0x00000000b8000000| Untracked |  0
|  25|0x00000000b9000000, 0x00000000b9000000, 0x00000000ba000000|  0%| F|  |TAMS 0x00000000b9000000| PB 0x00000000b9000000| Untracked |  0
|  26|0x00000000ba000000, 0x00000000ba000000, 0x00000000bb000000|  0%| F|  |TAMS 0x00000000ba000000| PB 0x00000000ba000000| Untracked |  0
|  27|0x00000000bb000000, 0x00000000bb000000, 0x00000000bc000000|  0%| F|  |TAMS 0x00000000bb000000| PB 0x00000000bb000000| Untracked |  0
|  28|0x00000000bc000000, 0x00000000bc000000, 0x00000000bd000000|  0%| F|  |TAMS 0x00000000bc000000| PB 0x00000000bc000000| Untracked |  0
|  29|0x00000000bd000000, 0x00000000bd000000, 0x00000000be000000|  0%| F|  |TAMS 0x00000000bd000000| PB 0x00000000bd000000| Untracked |  0
|  30|0x00000000be000000, 0x00000000be000000, 0x00000000bf000000|  0%| F|  |TAMS 0x00000000be000000| PB 0x00000000be000000| Untracked |  0
|  31|0x00000000bf000000, 0x00000000bf000000, 0x00000000c0000000|  0%| F|  |TAMS 0x00000000bf000000| PB 0x00000000bf000000| Untracked |  0
|  32|0x00000000c0000000, 0x00000000c0000000, 0x00000000c1000000|  0%| F|  |TAMS 0x00000000c0000000| PB 0x00000000c0000000| Untracked |  0
|  33|0x00000000c1000000, 0x00000000c1000000, 0x00000000c2000000|  0%| F|  |TAMS 0x00000000c1000000| PB 0x00000000c1000000| Untracked |  0
|  34|0x00000000c2000000, 0x00000000c2000000, 0x00000000c3000000|  0%| F|  |TAMS 0x00000000c2000000| PB 0x00000000c2000000| Untracked |  0
|  35|0x00000000c3000000, 0x00000000c3000000, 0x00000000c4000000|  0%| F|  |TAMS 0x00000000c3000000| PB 0x00000000c3000000| Untracked |  0
|  36|0x00000000c4000000, 0x00000000c4000000, 0x00000000c5000000|  0%| F|  |TAMS 0x00000000c4000000| PB 0x00000000c4000000| Untracked |  0
|  37|0x00000000c5000000, 0x00000000c5000000, 0x00000000c6000000|  0%| F|  |TAMS 0x00000000c5000000| PB 0x00000000c5000000| Untracked |  0
|  38|0x00000000c6000000, 0x00000000c6000000, 0x00000000c7000000|  0%| F|  |TAMS 0x00000000c6000000| PB 0x00000000c6000000| Untracked |  0
|  39|0x00000000c7000000, 0x00000000c7000000, 0x00000000c8000000|  0%| F|  |TAMS 0x00000000c7000000| PB 0x00000000c7000000| Untracked |  0
|  40|0x00000000c8000000, 0x00000000c8000000, 0x00000000c9000000|  0%| F|  |TAMS 0x00000000c8000000| PB 0x00000000c8000000| Untracked |  0
|  41|0x00000000c9000000, 0x00000000c9000000, 0x00000000ca000000|  0%| F|  |TAMS 0x00000000c9000000| PB 0x00000000c9000000| Untracked |  0
|  42|0x00000000ca000000, 0x00000000ca000000, 0x00000000cb000000|  0%| F|  |TAMS 0x00000000ca000000| PB 0x00000000ca000000| Untracked |  0
|  43|0x00000000cb000000, 0x00000000cb000000, 0x00000000cc000000|  0%| F|  |TAMS 0x00000000cb000000| PB 0x00000000cb000000| Untracked |  0
|  44|0x00000000cc000000, 0x00000000cc000000, 0x00000000cd000000|  0%| F|  |TAMS 0x00000000cc000000| PB 0x00000000cc000000| Untracked |  0
|  45|0x00000000cd000000, 0x00000000cd000000, 0x00000000ce000000|  0%| F|  |TAMS 0x00000000cd000000| PB 0x00000000cd000000| Untracked |  0
|  46|0x00000000ce000000, 0x00000000ce000000, 0x00000000cf000000|  0%| F|  |TAMS 0x00000000ce000000| PB 0x00000000ce000000| Untracked |  0
|  47|0x00000000cf000000, 0x00000000cf000000, 0x00000000d0000000|  0%| F|  |TAMS 0x00000000cf000000| PB 0x00000000cf000000| Untracked |  0
|  48|0x00000000d0000000, 0x00000000d0000000, 0x00000000d1000000|  0%| F|  |TAMS 0x00000000d0000000| PB 0x00000000d0000000| Untracked |  0
|  49|0x00000000d1000000, 0x00000000d1000000, 0x00000000d2000000|  0%| F|  |TAMS 0x00000000d1000000| PB 0x00000000d1000000| Untracked |  0
|  50|0x00000000d2000000, 0x00000000d2000000, 0x00000000d3000000|  0%| F|  |TAMS 0x00000000d2000000| PB 0x00000000d2000000| Untracked |  0
|  51|0x00000000d3000000, 0x00000000d3000000, 0x00000000d4000000|  0%| F|  |TAMS 0x00000000d3000000| PB 0x00000000d3000000| Untracked |  0
|  52|0x00000000d4000000, 0x00000000d4000000, 0x00000000d5000000|  0%| F|  |TAMS 0x00000000d4000000| PB 0x00000000d4000000| Untracked |  0
|  53|0x00000000d5000000, 0x00000000d5000000, 0x00000000d6000000|  0%| F|  |TAMS 0x00000000d5000000| PB 0x00000000d5000000| Untracked |  0
|  54|0x00000000d6000000, 0x00000000d6000000, 0x00000000d7000000|  0%| F|  |TAMS 0x00000000d6000000| PB 0x00000000d6000000| Untracked |  0
|  55|0x00000000d7000000, 0x00000000d7000000, 0x00000000d8000000|  0%| F|  |TAMS 0x00000000d7000000| PB 0x00000000d7000000| Untracked |  0
|  56|0x00000000d8000000, 0x00000000d8000000, 0x00000000d9000000|  0%| F|  |TAMS 0x00000000d8000000| PB 0x00000000d8000000| Untracked |  0
|  57|0x00000000d9000000, 0x00000000d9000000, 0x00000000da000000|  0%| F|  |TAMS 0x00000000d9000000| PB 0x00000000d9000000| Untracked |  0
|  58|0x00000000da000000, 0x00000000da000000, 0x00000000db000000|  0%| F|  |TAMS 0x00000000da000000| PB 0x00000000da000000| Untracked |  0
|  59|0x00000000db000000, 0x00000000db000000, 0x00000000dc000000|  0%| F|  |TAMS 0x00000000db000000| PB 0x00000000db000000| Untracked |  0
|  60|0x00000000dc000000, 0x00000000dc000000, 0x00000000dd000000|  0%| F|  |TAMS 0x00000000dc000000| PB 0x00000000dc000000| Untracked |  0
|  61|0x00000000dd000000, 0x00000000dd000000, 0x00000000de000000|  0%| F|  |TAMS 0x00000000dd000000| PB 0x00000000dd000000| Untracked |  0
|  62|0x00000000de000000, 0x00000000de000000, 0x00000000df000000|  0%| F|  |TAMS 0x00000000de000000| PB 0x00000000de000000| Untracked |  0
|  63|0x00000000df000000, 0x00000000df000000, 0x00000000e0000000|  0%| F|  |TAMS 0x00000000df000000| PB 0x00000000df000000| Untracked |  0
|  64|0x00000000e0000000, 0x00000000e0000000, 0x00000000e1000000|  0%| F|  |TAMS 0x00000000e0000000| PB 0x00000000e0000000| Untracked |  0
|  65|0x00000000e1000000, 0x00000000e1000000, 0x00000000e2000000|  0%| F|  |TAMS 0x00000000e1000000| PB 0x00000000e1000000| Untracked |  0
|  66|0x00000000e2000000, 0x00000000e2000000, 0x00000000e3000000|  0%| F|  |TAMS 0x00000000e2000000| PB 0x00000000e2000000| Untracked |  0
|  67|0x00000000e3000000, 0x00000000e3000000, 0x00000000e4000000|  0%| F|  |TAMS 0x00000000e3000000| PB 0x00000000e3000000| Untracked |  0
|  68|0x00000000e4000000, 0x00000000e4000000, 0x00000000e5000000|  0%| F|  |TAMS 0x00000000e4000000| PB 0x00000000e4000000| Untracked |  0
|  69|0x00000000e5000000, 0x00000000e5000000, 0x00000000e6000000|  0%| F|  |TAMS 0x00000000e5000000| PB 0x00000000e5000000| Untracked |  0
|  70|0x00000000e6000000, 0x00000000e6000000, 0x00000000e7000000|  0%| F|  |TAMS 0x00000000e6000000| PB 0x00000000e6000000| Untracked |  0
|  71|0x00000000e7000000, 0x00000000e7000000, 0x00000000e8000000|  0%| F|  |TAMS 0x00000000e7000000| PB 0x00000000e7000000| Untracked |  0
|  72|0x00000000e8000000, 0x00000000e8000000, 0x00000000e9000000|  0%| F|  |TAMS 0x00000000e8000000| PB 0x00000000e8000000| Untracked |  0
|  73|0x00000000e9000000, 0x00000000e9000000, 0x00000000ea000000|  0%| F|  |TAMS 0x00000000e9000000| PB 0x00000000e9000000| Untracked |  0
|  74|0x00000000ea000000, 0x00000000ea000000, 0x00000000eb000000|  0%| F|  |TAMS 0x00000000ea000000| PB 0x00000000ea000000| Untracked |  0
|  75|0x00000000eb000000, 0x00000000eb000000, 0x00000000ec000000|  0%| F|  |TAMS 0x00000000eb000000| PB 0x00000000eb000000| Untracked |  0
|  76|0x00000000ec000000, 0x00000000ec000000, 0x00000000ed000000|  0%| F|  |TAMS 0x00000000ec000000| PB 0x00000000ec000000| Untracked |  0
|  77|0x00000000ed000000, 0x00000000ed000000, 0x00000000ee000000|  0%| F|  |TAMS 0x00000000ed000000| PB 0x00000000ed000000| Untracked |  0
|  78|0x00000000ee000000, 0x00000000ee000000, 0x00000000ef000000|  0%| F|  |TAMS 0x00000000ee000000| PB 0x00000000ee000000| Untracked |  0
|  79|0x00000000ef000000, 0x00000000ef000000, 0x00000000f0000000|  0%| F|  |TAMS 0x00000000ef000000| PB 0x00000000ef000000| Untracked |  0
|  80|0x00000000f0000000, 0x00000000f0000000, 0x00000000f1000000|  0%| F|  |TAMS 0x00000000f0000000| PB 0x00000000f0000000| Untracked |  0
|  81|0x00000000f1000000, 0x00000000f1000000, 0x00000000f2000000|  0%| F|  |TAMS 0x00000000f1000000| PB 0x00000000f1000000| Untracked |  0
|  82|0x00000000f2000000, 0x00000000f2000000, 0x00000000f3000000|  0%| F|  |TAMS 0x00000000f2000000| PB 0x00000000f2000000| Untracked |  0
|  83|0x00000000f3000000, 0x00000000f3000000, 0x00000000f4000000|  0%| F|  |TAMS 0x00000000f3000000| PB 0x00000000f3000000| Untracked |  0
|  84|0x00000000f4000000, 0x00000000f4000000, 0x00000000f5000000|  0%| F|  |TAMS 0x00000000f4000000| PB 0x00000000f4000000| Untracked |  0
|  85|0x00000000f5000000, 0x00000000f5000000, 0x00000000f6000000|  0%| F|  |TAMS 0x00000000f5000000| PB 0x00000000f5000000| Untracked |  0
|  86|0x00000000f6000000, 0x00000000f6000000, 0x00000000f7000000|  0%| F|  |TAMS 0x00000000f6000000| PB 0x00000000f6000000| Untracked |  0
|  87|0x00000000f7000000, 0x00000000f7000000, 0x00000000f8000000|  0%| F|  |TAMS 0x00000000f7000000| PB 0x00000000f7000000| Untracked |  0
|  88|0x00000000f8000000, 0x00000000f8000000, 0x00000000f9000000|  0%| F|  |TAMS 0x00000000f8000000| PB 0x00000000f8000000| Untracked |  0
|  89|0x00000000f9000000, 0x00000000f9000000, 0x00000000fa000000|  0%| F|  |TAMS 0x00000000f9000000| PB 0x00000000f9000000| Untracked |  0
|  90|0x00000000fa000000, 0x00000000fa000000, 0x00000000fb000000|  0%| F|  |TAMS 0x00000000fa000000| PB 0x00000000fa000000| Untracked |  0
|  91|0x00000000fb000000, 0x00000000fb000000, 0x00000000fc000000|  0%| F|  |TAMS 0x00000000fb000000| PB 0x00000000fb000000| Untracked |  0
|  92|0x00000000fc000000, 0x00000000fc000000, 0x00000000fd000000|  0%| F|  |TAMS 0x00000000fc000000| PB 0x00000000fc000000| Untracked |  0
|  93|0x00000000fd000000, 0x00000000fd000000, 0x00000000fe000000|  0%| F|  |TAMS 0x00000000fd000000| PB 0x00000000fd000000| Untracked |  0
|  94|0x00000000fe000000, 0x00000000fe000000, 0x00000000ff000000|  0%| F|  |TAMS 0x00000000fe000000| PB 0x00000000fe000000| Untracked |  0
|  95|0x00000000ff000000, 0x00000000ff000000, 0x0000000100000000|  0%| F|  |TAMS 0x00000000ff000000| PB 0x00000000ff000000| Untracked |  0
|  96|0x0000000100000000, 0x0000000100000000, 0x0000000101000000|  0%| F|  |TAMS 0x0000000100000000| PB 0x0000000100000000| Untracked |  0
|  97|0x0000000101000000, 0x0000000101000000, 0x0000000102000000|  0%| F|  |TAMS 0x0000000101000000| PB 0x0000000101000000| Untracked |  0
|  98|0x0000000102000000, 0x0000000102000000, 0x0000000103000000|  0%| F|  |TAMS 0x0000000102000000| PB 0x0000000102000000| Untracked |  0
|  99|0x0000000103000000, 0x0000000103000000, 0x0000000104000000|  0%| F|  |TAMS 0x0000000103000000| PB 0x0000000103000000| Untracked |  0
| 100|0x0000000104000000, 0x0000000104000000, 0x0000000105000000|  0%| F|  |TAMS 0x0000000104000000| PB 0x0000000104000000| Untracked |  0
| 101|0x0000000105000000, 0x0000000105000000, 0x0000000106000000|  0%| F|  |TAMS 0x0000000105000000| PB 0x0000000105000000| Untracked |  0
| 102|0x0000000106000000, 0x0000000106000000, 0x0000000107000000|  0%| F|  |TAMS 0x0000000106000000| PB 0x0000000106000000| Untracked |  0
| 103|0x0000000107000000, 0x0000000107000000, 0x0000000108000000|  0%| F|  |TAMS 0x0000000107000000| PB 0x0000000107000000| Untracked |  0
| 104|0x0000000108000000, 0x0000000108000000, 0x0000000109000000|  0%| F|  |TAMS 0x0000000108000000| PB 0x0000000108000000| Untracked |  0
| 105|0x0000000109000000, 0x0000000109000000, 0x000000010a000000|  0%| F|  |TAMS 0x0000000109000000| PB 0x0000000109000000| Untracked |  0
| 106|0x000000010a000000, 0x000000010a000000, 0x000000010b000000|  0%| F|  |TAMS 0x000000010a000000| PB 0x000000010a000000| Untracked |  0
| 107|0x000000010b000000, 0x000000010b000000, 0x000000010c000000|  0%| F|  |TAMS 0x000000010b000000| PB 0x000000010b000000| Untracked |  0
| 108|0x000000010c000000, 0x000000010c000000, 0x000000010d000000|  0%| F|  |TAMS 0x000000010c000000| PB 0x000000010c000000| Untracked |  0
| 109|0x000000010d000000, 0x000000010d000000, 0x000000010e000000|  0%| F|  |TAMS 0x000000010d000000| PB 0x000000010d000000| Untracked |  0
| 110|0x000000010e000000, 0x000000010e000000, 0x000000010f000000|  0%| F|  |TAMS 0x000000010e000000| PB 0x000000010e000000| Untracked |  0
| 111|0x000000010f000000, 0x000000010f000000, 0x0000000110000000|  0%| F|  |TAMS 0x000000010f000000| PB 0x000000010f000000| Untracked |  0
| 112|0x0000000110000000, 0x0000000110000000, 0x0000000111000000|  0%| F|  |TAMS 0x0000000110000000| PB 0x0000000110000000| Untracked |  0
| 113|0x0000000111000000, 0x0000000111000000, 0x0000000112000000|  0%| F|  |TAMS 0x0000000111000000| PB 0x0000000111000000| Untracked |  0
| 114|0x0000000112000000, 0x0000000112000000, 0x0000000113000000|  0%| F|  |TAMS 0x0000000112000000| PB 0x0000000112000000| Untracked |  0
| 115|0x0000000113000000, 0x0000000113000000, 0x0000000114000000|  0%| F|  |TAMS 0x0000000113000000| PB 0x0000000113000000| Untracked |  0
| 116|0x0000000114000000, 0x0000000114000000, 0x0000000115000000|  0%| F|  |TAMS 0x0000000114000000| PB 0x0000000114000000| Untracked |  0
| 117|0x0000000115000000, 0x0000000115000000, 0x0000000116000000|  0%| F|  |TAMS 0x0000000115000000| PB 0x0000000115000000| Untracked |  0
| 118|0x0000000116000000, 0x0000000116000000, 0x0000000117000000|  0%| F|  |TAMS 0x0000000116000000| PB 0x0000000116000000| Untracked |  0
| 119|0x0000000117000000, 0x0000000117000000, 0x0000000118000000|  0%| F|  |TAMS 0x0000000117000000| PB 0x0000000117000000| Untracked |  0
| 120|0x0000000118000000, 0x0000000118000000, 0x0000000119000000|  0%| F|  |TAMS 0x0000000118000000| PB 0x0000000118000000| Untracked |  0
| 121|0x0000000119000000, 0x0000000119000000, 0x000000011a000000|  0%| F|  |TAMS 0x0000000119000000| PB 0x0000000119000000| Untracked |  0
| 122|0x000000011a000000, 0x000000011a000000, 0x000000011b000000|  0%| F|  |TAMS 0x000000011a000000| PB 0x000000011a000000| Untracked |  0
| 123|0x000000011b000000, 0x000000011b000000, 0x000000011c000000|  0%| F|  |TAMS 0x000000011b000000| PB 0x000000011b000000| Untracked |  0
| 124|0x000000011c000000, 0x000000011c000000, 0x000000011d000000|  0%| F|  |TAMS 0x000000011c000000| PB 0x000000011c000000| Untracked |  0
| 125|0x000000011d000000, 0x000000011d000000, 0x000000011e000000|  0%| F|  |TAMS 0x000000011d000000| PB 0x000000011d000000| Untracked |  0
| 126|0x000000011e000000, 0x000000011e000000, 0x000000011f000000|  0%| F|  |TAMS 0x000000011e000000| PB 0x000000011e000000| Untracked |  0
| 127|0x000000011f000000, 0x000000011f3d7140, 0x0000000120000000| 24%| E|  |TAMS 0x000000011f000000| PB 0x000000011f000000| Complete |  0

Card table byte_map: [0x00007ff058f91000,0x00007ff05ca91000] _byte_map_base: 0x00007ff058a91000

Marking Bits: (CMBitMap*) 0x00007ff07006e680
 Bits: [0x00007ff03b791000, 0x00007ff058f91000)

Polling page: 0x00007ff07845b000

Metaspace:

Usage:
  Non-class:    195.27 KB used.
      Class:      9.66 KB used.
       Both:    204.93 KB used.

Virtual space:
  Non-class space:       64.00 MB reserved,     256.00 KB ( <1%) committed,  1 nodes.
      Class space:        1.00 GB reserved,     128.00 KB ( <1%) committed,  1 nodes.
             Both:        1.06 GB reserved,     384.00 KB ( <1%) committed. 

Chunk freelists:
   Non-Class:  11.98 MB
       Class:  15.74 MB
        Both:  27.73 MB

MaxMetaspaceSize: unlimited
CompressedClassSpaceSize: 1.00 GB
Initial GC threshold: 21.00 MB
Current GC threshold: 21.00 MB
CDS: on
 - commit_granule_bytes: 65536.
 - commit_granule_words: 8192.
 - virtual_space_node_default_size: 8388608.
 - enlarge_chunks_in_place: 1.
UseCompressedClassPointers 1, UseCompactObjectHeaders 0
Narrow klass pointer bits 32, Max shift 3
Narrow klass base: 0x00007fefda000000, Narrow klass shift: 0
Encoding Range: [0x00007fefda000000 - 0x00007ff0da000000), (4294967296 bytes)
Klass Range:    [0x00007fefda000000 - 0x00007ff01b000000), (1090519040 bytes)
Klass ID Range:  [8 - 1090519033) (1090519025)


Internal statistics:

num_allocs: 3861.
num_deallocs: 0.
num_allocs_from_deallocated_blocks: 0.
num_chunks_retired: 0.
num_allocs_failed_limit: 0.
num_arena_births: 12.
num_arena_deaths: 0.
num_vsnodes_births: 2.
num_vsnodes_deaths: 0.
num_space_committed: 6.
num_space_uncommitted: 0.
num_chunks_returned_to_freelist: 0.
num_chunks_taken_from_freelist: 13.
num_chunk_merges: 0.
num_chunk_splits: 9.
num_chunks_enlarged: 10.
num_inconsistent_stats: 0.

CodeCache: size=49152Kb used=1590Kb max_used=1590Kb free=47561Kb
 bounds [0x00007ff0644bc000, 0x00007ff06472c000, 0x00007ff0674bc000]
 total_blobs=818, nmethods=27, adapters=719, full_count=0
Compilation: enabled, stopped_count=0, restarted_count=0

Compilation events (0 events):
No events

GC Heap History (0 events):
No events

Dll operation events (5 events):
Event: 0.002 Loaded shared library /home/jatinbha/sandboxes/lworld/build/linux-x86_64-server-slowdebug/images/jdk/lib/libjava.so
Event: 0.162 Loaded shared library /home/jatinbha/sandboxes/lworld/build/linux-x86_64-server-slowdebug/images/jdk/lib/libzip.so
Event: 0.375 Loaded shared library /home/jatinbha/sandboxes/lworld/build/linux-x86_64-server-slowdebug/images/jdk/lib/libsimdsort.so
Event: 0.375 Loaded shared library /home/jatinbha/sandboxes/lworld/build/linux-x86_64-server-slowdebug/images/jdk/lib/libjsvml.so
Event: 0.633 Loaded shared library /home/jatinbha/sandboxes/lworld/build/linux-x86_64-server-slowdebug/images/jdk/lib/libnio.so

Deoptimization events (0 events):
No events

Classes loaded (12 events):
Event: 0.905 Loading class java/lang/WeakPairMap$Pair$Weak
Event: 0.905 Loading class java/lang/WeakPairMap$WeakRefPeer
Event: 0.905 Loading class java/lang/WeakPairMap$WeakRefPeer done
Event: 0.905 Loading class java/lang/WeakPairMap$Pair$Weak done
Event: 0.906 Loading class java/lang/WeakPairMap$Pair$Weak$1
Event: 0.906 Loading class java/lang/WeakPairMap$Pair$Weak$1 done
Event: 0.914 Loading class jdk/internal/vm/PostVMInitHook
Event: 0.914 Loading class jdk/internal/vm/PostVMInitHook done
Event: 0.917 Loading class jdk/internal/loader/URLClassPath$FileLoader
Event: 0.918 Loading class jdk/internal/loader/URLClassPath$FileLoader done
Event: 0.920 Loading class jdk/internal/loader/URLClassPath$FileLoader$1
Event: 0.920 Loading class jdk/internal/loader/URLClassPath$FileLoader$1 done

Classes unloaded (0 events):
No events

Classes redefined (0 events):
No events

Internal exceptions (3 events):
Event: 0.752 Thread 0x00007ff07002c6b0 Exception <a 'java/lang/NoSuchMethodError'{0x000000011f0a9360}: 'int java.lang.invoke.DirectMethodHandle$Holder.invokeStatic(java.lang.Object, int, java.lang.Object)'> (0x000000011f0a9360) 
thrown [/home/jatinbha/sandboxes/lworld/src/hotspot/share/interpreter/linkResolver.cpp, line 803]
Event: 0.760 Thread 0x00007ff07002c6b0 Exception <a 'java/lang/NoSuchMethodError'{0x000000011f0be550}: 'int java.lang.invoke.DirectMethodHandle$Holder.invokeStaticInit(java.lang.Object, java.lang.Object)'> (0x000000011f0be550) 
thrown [/home/jatinbha/sandboxes/lworld/src/hotspot/share/interpreter/linkResolver.cpp, line 803]
Event: 0.859 Thread 0x00007ff07002c6b0 Exception <a 'java/lang/NoSuchMethodError'{0x000000011f194268}: 'void java.lang.invoke.DirectMethodHandle$Holder.invokeStatic(java.lang.Object, java.lang.Object)'> (0x000000011f194268) 
thrown [/home/jatinbha/sandboxes/lworld/src/hotspot/share/interpreter/linkResolver.cpp, line 803]

VM Operations (0 events):
No events

Memory protections (9 events):
Event: 0.002 Protecting memory [0x00007ff074c58000,0x00007ff074c5c000] with protection modes 0
Event: 0.355 Protecting memory [0x00007ff0282c4000,0x00007ff0282c8000] with protection modes 0
Event: 0.355 Protecting memory [0x00007ff0283c5000,0x00007ff0283c9000] with protection modes 0
Event: 0.358 Protecting memory [0x00007ff01bf00000,0x00007ff01bf04000] with protection modes 0
Event: 0.359 Protecting memory [0x00007ff0280c2000,0x00007ff0280c6000] with protection modes 0
Event: 0.359 Protecting memory [0x00007ff01b70c000,0x00007ff01b710000] with protection modes 0
Event: 0.359 Protecting memory [0x00007ff01b60b000,0x00007ff01b60f000] with protection modes 0
Event: 0.715 Protecting memory [0x00007ff01b39f000,0x00007ff01b3a3000] with protection modes 0
Event: 0.914 Protecting memory [0x00007ff01b29e000,0x00007ff01b2a2000] with protection modes 0

Nmethod flushes (0 events):
No events

Events (9 events):
Event: 0.110 Thread 0x00007ff07002c6b0 Thread added: 0x00007ff07002c6b0
Event: 0.355 Thread 0x00007ff07002c6b0 Thread added: 0x00007ff0702debb0
Event: 0.355 Thread 0x00007ff07002c6b0 Thread added: 0x00007ff0702dfab0
Event: 0.358 Thread 0x00007ff07002c6b0 Thread added: 0x00007ff0702e0cf0
Event: 0.359 Thread 0x00007ff07002c6b0 Thread added: 0x00007ff0702e2060
Event: 0.359 Thread 0x00007ff07002c6b0 Thread added: 0x00007ff0702e3290
Event: 0.359 Thread 0x00007ff07002c6b0 Thread added: 0x00007ff0702e55b0
Event: 0.715 Thread 0x00007ff07002c6b0 Thread added: 0x00007ff070358e80
Event: 0.914 Thread 0x00007ff07002c6b0 Thread added: 0x00007ff0703c6cc0


Dynamic libraries:
a0000000-120000000 rw-p 00000000 00:00 0 
120000000-800000000 ---p 00000000 00:00 0 
55e2e5e0a000-55e2e5e0b000 r--p 00000000 08:02 1358961                    /home/jatinbha/sandboxes/lworld/build/linux-x86_64-server-slowdebug/images/jdk/bin/java
55e2e5e0b000-55e2e5e0c000 r-xp 00001000 08:02 1358961                    /home/jatinbha/sandboxes/lworld/build/linux-x86_64-server-slowdebug/images/jdk/bin/java
55e2e5e0c000-55e2e5e0d000 r--p 00002000 08:02 1358961                    /home/jatinbha/sandboxes/lworld/build/linux-x86_64-server-slowdebug/images/jdk/bin/java
55e2e5e0d000-55e2e5e0e000 r--p 00002000 08:02 1358961                    /home/jatinbha/sandboxes/lworld/build/linux-x86_64-server-slowdebug/images/jdk/bin/java
55e2e5e0e000-55e2e5e0f000 rw-p 00003000 08:02 1358961                    /home/jatinbha/sandboxes/lworld/build/linux-x86_64-server-slowdebug/images/jdk/bin/java
55e2e739c000-55e2e73e2000 rw-p 00000000 00:00 0                          [heap]
7fefac000000-7fefac021000 rw-p 00000000 00:00 0 
7fefac021000-7fefb0000000 ---p 00000000 00:00 0 
7fefb3138000-7fefb4000000 rw-p 00000000 00:00 0 
7fefb4000000-7fefb408a000 rw-p 00000000 00:00 0 
7fefb408a000-7fefb8000000 ---p 00000000 00:00 0 
7fefb8000000-7fefb8021000 rw-p 00000000 00:00 0 
7fefb8021000-7fefbc000000 ---p 00000000 00:00 0 
7fefbc000000-7fefbc021000 rw-p 00000000 00:00 0 
7fefbc021000-7fefc0000000 ---p 00000000 00:00 0 
7fefc0000000-7fefc0021000 rw-p 00000000 00:00 0 
7fefc0021000-7fefc4000000 ---p 00000000 00:00 0 
7fefc4000000-7fefc4021000 rw-p 00000000 00:00 0 
7fefc4021000-7fefc8000000 ---p 00000000 00:00 0 
7fefc8000000-7fefc8021000 rw-p 00000000 00:00 0 
7fefc8021000-7fefcc000000 ---p 00000000 00:00 0 
7fefcc000000-7fefcc021000 rw-p 00000000 00:00 0 
7fefcc021000-7fefd0000000 ---p 00000000 00:00 0 
7fefd0000000-7fefd0030000 rw-p 00000000 00:00 0 
7fefd0030000-7fefd0400000 ---p 00000000 00:00 0 
7fefd0400000-7fefd0410000 rw-p 00000000 00:00 0 
7fefd0410000-7fefd4000000 ---p 00000000 00:00 0 
7fefd4000000-7fefd4021000 rw-p 00000000 00:00 0 
7fefd4021000-7fefd8000000 ---p 00000000 00:00 0 
7fefd8151000-7fefda000000 rw-p 00000000 00:00 0 
7fefda000000-7fefdaeb9000 rw-p 00001000 08:02 1360718                    /home/jatinbha/sandboxes/lworld/build/linux-x86_64-server-slowdebug/images/jdk/lib/server/classes_valhalla.jsa
7fefdaeb9000-7fefdb000000 ---p 00000000 00:00 0 
7fefdb000000-7fefdb010000 rw-p 00000000 00:00 0 
7fefdb010000-7fefdb040000 ---p 00000000 00:00 0 
7fefdb040000-7fefdb050000 rw-p 00000000 00:00 0 
7fefdb050000-7ff01b000000 ---p 00000000 00:00 0 
7ff01b29e000-7ff01b2a2000 ---p 00000000 00:00 0 
7ff01b2a2000-7ff01b39f000 rw-p 00000000 00:00 0 
7ff01b39f000-7ff01b3a3000 ---p 00000000 00:00 0 
7ff01b3a3000-7ff01b4a0000 rw-p 00000000 00:00 0 
7ff01b4a0000-7ff01b4a4000 r--p 00000000 08:02 1359022                    /home/jatinbha/sandboxes/lworld/build/linux-x86_64-server-slowdebug/images/jdk/lib/libjsvml.so
7ff01b4a4000-7ff01b4e5000 r-xp 00004000 08:02 1359022                    /home/jatinbha/sandboxes/lworld/build/linux-x86_64-server-slowdebug/images/jdk/lib/libjsvml.so
7ff01b4e5000-7ff01b56e000 r--p 00045000 08:02 1359022                    /home/jatinbha/sandboxes/lworld/build/linux-x86_64-server-slowdebug/images/jdk/lib/libjsvml.so
7ff01b56e000-7ff01b56f000 r--p 000cd000 08:02 1359022                    /home/jatinbha/sandboxes/lworld/build/linux-x86_64-server-slowdebug/images/jdk/lib/libjsvml.so
7ff01b56f000-7ff01b570000 rw-p 000ce000 08:02 1359022                    /home/jatinbha/sandboxes/lworld/build/linux-x86_64-server-slowdebug/images/jdk/lib/libjsvml.so
7ff01b570000-7ff01b573000 r--p 00000000 08:02 1358974                    /home/jatinbha/sandboxes/lworld/build/linux-x86_64-server-slowdebug/images/jdk/lib/libsimdsort.so
7ff01b573000-7ff01b5f8000 r-xp 00003000 08:02 1358974                    /home/jatinbha/sandboxes/lworld/build/linux-x86_64-server-slowdebug/images/jdk/lib/libsimdsort.so
7ff01b5f8000-7ff01b609000 r--p 00088000 08:02 1358974                    /home/jatinbha/sandboxes/lworld/build/linux-x86_64-server-slowdebug/images/jdk/lib/libsimdsort.so
7ff01b609000-7ff01b60a000 r--p 00098000 08:02 1358974                    /home/jatinbha/sandboxes/lworld/build/linux-x86_64-server-slowdebug/images/jdk/lib/libsimdsort.so
7ff01b60a000-7ff01b60b000 rw-p 00099000 08:02 1358974                    /home/jatinbha/sandboxes/lworld/build/linux-x86_64-server-slowdebug/images/jdk/lib/libsimdsort.so
7ff01b60b000-7ff01b60f000 ---p 00000000 00:00 0 
7ff01b60f000-7ff01b70c000 rw-p 00000000 00:00 0 
7ff01b70c000-7ff01b710000 ---p 00000000 00:00 0 
7ff01b710000-7ff01b80d000 rw-p 00000000 00:00 0 
7ff01b80d000-7ff01bd7d000 r--p 00000000 08:02 7077916                    /usr/lib/locale/locale-archive
7ff01bd7d000-7ff01bdfe000 rw-p 00000000 00:00 0 
7ff01bdfe000-7ff01bdff000 ---p 00000000 00:00 0 
7ff01bdff000-7ff01beff000 rw-p 00000000 00:00 0 
7ff01beff000-7ff01bf00000 ---p 00000000 00:00 0 
7ff01bf00000-7ff01bf04000 ---p 00000000 00:00 0 
7ff01bf04000-7ff01c000000 rw-p 00000000 00:00 0 
7ff01c000000-7ff01c021000 rw-p 00000000 00:00 0 
7ff01c021000-7ff020000000 ---p 00000000 00:00 0 
7ff020000000-7ff020021000 rw-p 00000000 00:00 0 
7ff020021000-7ff024000000 ---p 00000000 00:00 0 
7ff024000000-7ff024021000 rw-p 00000000 00:00 0 
7ff024021000-7ff028000000 ---p 00000000 00:00 0 
7ff028066000-7ff0280c1000 rw-p 00000000 00:00 0 
7ff0280c1000-7ff0280c2000 ---p 00000000 00:00 0 
7ff0280c2000-7ff0280c6000 ---p 00000000 00:00 0 
7ff0280c6000-7ff0281c2000 rw-p 00000000 00:00 0 
7ff0281c2000-7ff0281c3000 ---p 00000000 00:00 0 
7ff0281c3000-7ff0282c3000 rw-p 00000000 00:00 0 
7ff0282c3000-7ff0282c4000 ---p 00000000 00:00 0 
7ff0282c4000-7ff0282c8000 ---p 00000000 00:00 0 
7ff0282c8000-7ff0283c4000 rw-p 00000000 00:00 0 
7ff0283c4000-7ff0283c5000 ---p 00000000 00:00 0 
7ff0283c5000-7ff0283c9000 ---p 00000000 00:00 0 
7ff0283c9000-7ff0284c5000 rw-p 00000000 00:00 0 
7ff0284c5000-7ff0284c6000 ---p 00000000 00:00 0 
7ff0284c6000-7ff0285c6000 rw-p 00000000 00:00 0 
7ff0285c6000-7ff0285c7000 ---p 00000000 00:00 0 
7ff0285c7000-7ff02c000000 rw-p 00000000 00:00 0 
7ff02c000000-7ff02c021000 rw-p 00000000 00:00 0 
7ff02c021000-7ff030000000 ---p 00000000 00:00 0 
7ff030000000-7ff030021000 rw-p 00000000 00:00 0 
7ff030021000-7ff034000000 ---p 00000000 00:00 0 
7ff034000000-7ff034021000 rw-p 00000000 00:00 0 
7ff034021000-7ff038000000 ---p 00000000 00:00 0 
7ff038023000-7ff038026000 r--p 00000000 08:02 1358972                    /home/jatinbha/sandboxes/lworld/build/linux-x86_64-server-slowdebug/images/jdk/lib/libnet.so
7ff038026000-7ff038031000 r-xp 00003000 08:02 1358972                    /home/jatinbha/sandboxes/lworld/build/linux-x86_64-server-slowdebug/images/jdk/lib/libnet.so
7ff038031000-7ff038033000 r--p 0000e000 08:02 1358972                    /home/jatinbha/sandboxes/lworld/build/linux-x86_64-server-slowdebug/images/jdk/lib/libnet.so
7ff038033000-7ff038034000 ---p 00010000 08:02 1358972                    /home/jatinbha/sandboxes/lworld/build/linux-x86_64-server-slowdebug/images/jdk/lib/libnet.so
7ff038034000-7ff038035000 r--p 00010000 08:02 1358972                    /home/jatinbha/sandboxes/lworld/build/linux-x86_64-server-slowdebug/images/jdk/lib/libnet.so
7ff038035000-7ff038036000 rw-p 00011000 08:02 1358972                    /home/jatinbha/sandboxes/lworld/build/linux-x86_64-server-slowdebug/images/jdk/lib/libnet.so
7ff038036000-7ff03803c000 r--p 00000000 08:02 1358973                    /home/jatinbha/sandboxes/lworld/build/linux-x86_64-server-slowdebug/images/jdk/lib/libnio.so
7ff03803c000-7ff038048000 r-xp 00006000 08:02 1358973                    /home/jatinbha/sandboxes/lworld/build/linux-x86_64-server-slowdebug/images/jdk/lib/libnio.so
7ff038048000-7ff03804b000 r--p 00012000 08:02 1358973                    /home/jatinbha/sandboxes/lworld/build/linux-x86_64-server-slowdebug/images/jdk/lib/libnio.so
7ff03804b000-7ff03804c000 ---p 00015000 08:02 1358973                    /home/jatinbha/sandboxes/lworld/build/linux-x86_64-server-slowdebug/images/jdk/lib/libnio.so
7ff03804c000-7ff03804d000 r--p 00015000 08:02 1358973                    /home/jatinbha/sandboxes/lworld/build/linux-x86_64-server-slowdebug/images/jdk/lib/libnio.so
7ff03804d000-7ff03804e000 rw-p 00016000 08:02 1358973                    /home/jatinbha/sandboxes/lworld/build/linux-x86_64-server-slowdebug/images/jdk/lib/libnio.so
7ff03804e000-7ff03b09f000 rw-p 00000000 00:00 0 
7ff03b09f000-7ff03b0a0000 ---p 00000000 00:00 0 
7ff03b0a0000-7ff03b1a0000 rw-p 00000000 00:00 0 
7ff03b1a0000-7ff03b1a1000 ---p 00000000 00:00 0 
7ff03b1a1000-7ff03b2a1000 rw-p 00000000 00:00 0 
7ff03b2a1000-7ff03b2a2000 ---p 00000000 00:00 0 
7ff03b2a2000-7ff03d791000 rw-p 00000000 00:00 0 
7ff03d791000-7ff058f91000 ---p 00000000 00:00 0 
7ff058f91000-7ff059391000 rw-p 00000000 00:00 0 
7ff059391000-7ff05ca91000 ---p 00000000 00:00 0 
7ff05ca91000-7ff05ce91000 rw-p 00000000 00:00 0 
7ff05ce91000-7ff060591000 ---p 00000000 00:00 0 
7ff060591000-7ff0644bc000 rw-p 00000000 00:00 0 
7ff0644bc000-7ff06472c000 rwxp 00000000 00:00 0 
7ff06472c000-7ff0674bc000 ---p 00000000 00:00 0 
7ff0674bc000-7ff070000000 r--s 00000000 08:02 1358937                    /home/jatinbha/sandboxes/lworld/build/linux-x86_64-server-slowdebug/images/jdk/lib/modules
7ff070000000-7ff070401000 rw-p 00000000 00:00 0 
7ff070401000-7ff074000000 ---p 00000000 00:00 0 
7ff074006000-7ff07400d000 r--s 00000000 08:02 7737390                    /usr/lib/x86_64-linux-gnu/gconv/gconv-modules.cache
7ff07400d000-7ff07400f000 r--s 00037000 08:02 1358987                    /home/jatinbha/sandboxes/lworld/build/linux-x86_64-server-slowdebug/images/jdk/lib/valueclasses/java.base-valueclasses.jar
7ff07400f000-7ff074011000 r--p 00000000 08:02 1358977                    /home/jatinbha/sandboxes/lworld/build/linux-x86_64-server-slowdebug/images/jdk/lib/libzip.so
7ff074011000-7ff074018000 r-xp 00002000 08:02 1358977                    /home/jatinbha/sandboxes/lworld/build/linux-x86_64-server-slowdebug/images/jdk/lib/libzip.so
7ff074018000-7ff07401a000 r--p 00009000 08:02 1358977                    /home/jatinbha/sandboxes/lworld/build/linux-x86_64-server-slowdebug/images/jdk/lib/libzip.so
7ff07401a000-7ff07401b000 r--p 0000a000 08:02 1358977                    /home/jatinbha/sandboxes/lworld/build/linux-x86_64-server-slowdebug/images/jdk/lib/libzip.so
7ff07401b000-7ff07401c000 rw-p 0000b000 08:02 1358977                    /home/jatinbha/sandboxes/lworld/build/linux-x86_64-server-slowdebug/images/jdk/lib/libzip.so
7ff07401c000-7ff074ba3000 rw-p 00000000 00:00 0 
7ff074ba3000-7ff074bfe000 ---p 00000000 00:00 0 
7ff074bfe000-7ff074c0a000 r--p 00000000 08:02 1358968                    /home/jatinbha/sandboxes/lworld/build/linux-x86_64-server-slowdebug/images/jdk/lib/libjava.so
7ff074c0a000-7ff074c21000 r-xp 0000c000 08:02 1358968                    /home/jatinbha/sandboxes/lworld/build/linux-x86_64-server-slowdebug/images/jdk/lib/libjava.so
7ff074c21000-7ff074c27000 r--p 00023000 08:02 1358968                    /home/jatinbha/sandboxes/lworld/build/linux-x86_64-server-slowdebug/images/jdk/lib/libjava.so
7ff074c27000-7ff074c28000 r--p 00028000 08:02 1358968                    /home/jatinbha/sandboxes/lworld/build/linux-x86_64-server-slowdebug/images/jdk/lib/libjava.so
7ff074c28000-7ff074c29000 rw-p 00029000 08:02 1358968                    /home/jatinbha/sandboxes/lworld/build/linux-x86_64-server-slowdebug/images/jdk/lib/libjava.so
7ff074c29000-7ff074c2a000 rw-p 00000000 00:00 0 
7ff074c2a000-7ff074c32000 rw-s 00000000 08:02 3670048                    /tmp/hsperfdata_intel/2606406
7ff074c32000-7ff074c36000 r--p 00000000 08:02 1358969                    /home/jatinbha/sandboxes/lworld/build/linux-x86_64-server-slowdebug/images/jdk/lib/libjimage.so
7ff074c36000-7ff074c4d000 r-xp 00004000 08:02 1358969                    /home/jatinbha/sandboxes/lworld/build/linux-x86_64-server-slowdebug/images/jdk/lib/libjimage.so
7ff074c4d000-7ff074c55000 r--p 0001b000 08:02 1358969                    /home/jatinbha/sandboxes/lworld/build/linux-x86_64-server-slowdebug/images/jdk/lib/libjimage.so
7ff074c55000-7ff074c57000 r--p 00022000 08:02 1358969                    /home/jatinbha/sandboxes/lworld/build/linux-x86_64-server-slowdebug/images/jdk/lib/libjimage.so
7ff074c57000-7ff074c58000 rw-p 00024000 08:02 1358969                    /home/jatinbha/sandboxes/lworld/build/linux-x86_64-server-slowdebug/images/jdk/lib/libjimage.so
7ff074c58000-7ff074c5c000 ---p 00000000 00:00 0 
7ff074c5c000-7ff074d59000 rw-p 00000000 00:00 0 
7ff074d59000-7ff074d66000 r--p 00000000 08:02 7078012                    /usr/lib/x86_64-linux-gnu/libm-2.31.so
7ff074d66000-7ff074e0d000 r-xp 0000d000 08:02 7078012                    /usr/lib/x86_64-linux-gnu/libm-2.31.so
7ff074e0d000-7ff074ea6000 r--p 000b4000 08:02 7078012                    /usr/lib/x86_64-linux-gnu/libm-2.31.so
7ff074ea6000-7ff074ea7000 r--p 0014c000 08:02 7078012                    /usr/lib/x86_64-linux-gnu/libm-2.31.so
7ff074ea7000-7ff074ea8000 rw-p 0014d000 08:02 7078012                    /usr/lib/x86_64-linux-gnu/libm-2.31.so
7ff074ea8000-7ff074eaa000 r--p 00000000 08:02 7078273                    /usr/lib/x86_64-linux-gnu/librt-2.31.so
7ff074eaa000-7ff074eae000 r-xp 00002000 08:02 7078273                    /usr/lib/x86_64-linux-gnu/librt-2.31.so
7ff074eae000-7ff074eb0000 r--p 00006000 08:02 7078273                    /usr/lib/x86_64-linux-gnu/librt-2.31.so
7ff074eb0000-7ff074eb1000 r--p 00007000 08:02 7078273                    /usr/lib/x86_64-linux-gnu/librt-2.31.so
7ff074eb1000-7ff074eb2000 rw-p 00008000 08:02 7078273                    /usr/lib/x86_64-linux-gnu/librt-2.31.so
7ff074eb2000-7ff07552e000 r--p 00000000 08:02 1358984                    /home/jatinbha/sandboxes/lworld/build/linux-x86_64-server-slowdebug/images/jdk/lib/server/libjvm.so
7ff07552e000-7ff076c1f000 r-xp 0067c000 08:02 1358984                    /home/jatinbha/sandboxes/lworld/build/linux-x86_64-server-slowdebug/images/jdk/lib/server/libjvm.so
7ff076c1f000-7ff077eea000 r--p 01d6d000 08:02 1358984                    /home/jatinbha/sandboxes/lworld/build/linux-x86_64-server-slowdebug/images/jdk/lib/server/libjvm.so
7ff077eea000-7ff077ffc000 r--p 03037000 08:02 1358984                    /home/jatinbha/sandboxes/lworld/build/linux-x86_64-server-slowdebug/images/jdk/lib/server/libjvm.so
7ff077ffc000-7ff078145000 rw-p 03149000 08:02 1358984                    /home/jatinbha/sandboxes/lworld/build/linux-x86_64-server-slowdebug/images/jdk/lib/server/libjvm.so
7ff078145000-7ff078210000 rw-p 00000000 00:00 0 
7ff078210000-7ff078216000 r--p 00000000 08:02 7078197                    /usr/lib/x86_64-linux-gnu/libpthread-2.31.so
7ff078216000-7ff078227000 r-xp 00006000 08:02 7078197                    /usr/lib/x86_64-linux-gnu/libpthread-2.31.so
7ff078227000-7ff07822d000 r--p 00017000 08:02 7078197                    /usr/lib/x86_64-linux-gnu/libpthread-2.31.so
7ff07822d000-7ff07822e000 r--p 0001c000 08:02 7078197                    /usr/lib/x86_64-linux-gnu/libpthread-2.31.so
7ff07822e000-7ff07822f000 rw-p 0001d000 08:02 7078197                    /usr/lib/x86_64-linux-gnu/libpthread-2.31.so
7ff07822f000-7ff078233000 rw-p 00000000 00:00 0 
7ff078233000-7ff078234000 r--p 00000000 08:02 7078011                    /usr/lib/x86_64-linux-gnu/libdl-2.31.so
7ff078234000-7ff078236000 r-xp 00001000 08:02 7078011                    /usr/lib/x86_64-linux-gnu/libdl-2.31.so
7ff078236000-7ff078237000 r--p 00003000 08:02 7078011                    /usr/lib/x86_64-linux-gnu/libdl-2.31.so
7ff078237000-7ff078238000 r--p 00003000 08:02 7078011                    /usr/lib/x86_64-linux-gnu/libdl-2.31.so
7ff078238000-7ff078239000 rw-p 00004000 08:02 7078011                    /usr/lib/x86_64-linux-gnu/libdl-2.31.so
7ff078239000-7ff07823b000 r--p 00000000 08:02 7086479                    /usr/lib/x86_64-linux-gnu/libz.so.1.2.11
7ff07823b000-7ff07824c000 r-xp 00002000 08:02 7086479                    /usr/lib/x86_64-linux-gnu/libz.so.1.2.11
7ff07824c000-7ff078252000 r--p 00013000 08:02 7086479                    /usr/lib/x86_64-linux-gnu/libz.so.1.2.11
7ff078252000-7ff078253000 ---p 00019000 08:02 7086479                    /usr/lib/x86_64-linux-gnu/libz.so.1.2.11
7ff078253000-7ff078254000 r--p 00019000 08:02 7086479                    /usr/lib/x86_64-linux-gnu/libz.so.1.2.11
7ff078254000-7ff078255000 rw-p 0001a000 08:02 7086479                    /usr/lib/x86_64-linux-gnu/libz.so.1.2.11
7ff078255000-7ff078277000 r--p 00000000 08:02 7078010                    /usr/lib/x86_64-linux-gnu/libc-2.31.so
7ff078277000-7ff0783ef000 r-xp 00022000 08:02 7078010                    /usr/lib/x86_64-linux-gnu/libc-2.31.so
7ff0783ef000-7ff07843d000 r--p 0019a000 08:02 7078010                    /usr/lib/x86_64-linux-gnu/libc-2.31.so
7ff07843d000-7ff078441000 r--p 001e7000 08:02 7078010                    /usr/lib/x86_64-linux-gnu/libc-2.31.so
7ff078441000-7ff078443000 rw-p 001eb000 08:02 7078010                    /usr/lib/x86_64-linux-gnu/libc-2.31.so
7ff078443000-7ff078447000 rw-p 00000000 00:00 0 
7ff078447000-7ff07844a000 r--p 00000000 08:02 7078055                    /usr/lib/x86_64-linux-gnu/libnss_files-2.31.so
7ff07844a000-7ff078451000 r-xp 00003000 08:02 7078055                    /usr/lib/x86_64-linux-gnu/libnss_files-2.31.so
7ff078451000-7ff078453000 r--p 0000a000 08:02 7078055                    /usr/lib/x86_64-linux-gnu/libnss_files-2.31.so
7ff078453000-7ff078454000 r--p 0000b000 08:02 7078055                    /usr/lib/x86_64-linux-gnu/libnss_files-2.31.so
7ff078454000-7ff078455000 rw-p 0000c000 08:02 7078055                    /usr/lib/x86_64-linux-gnu/libnss_files-2.31.so
7ff078455000-7ff07845b000 rw-p 00000000 00:00 0 
7ff07845b000-7ff07845c000 ---p 00000000 00:00 0 
7ff07845c000-7ff07845d000 r--p 00000000 00:00 0 
7ff07845d000-7ff078460000 r--p 00000000 08:02 1358970                    /home/jatinbha/sandboxes/lworld/build/linux-x86_64-server-slowdebug/images/jdk/lib/libjli.so
7ff078460000-7ff07846e000 r-xp 00003000 08:02 1358970                    /home/jatinbha/sandboxes/lworld/build/linux-x86_64-server-slowdebug/images/jdk/lib/libjli.so
7ff07846e000-7ff078472000 r--p 00011000 08:02 1358970                    /home/jatinbha/sandboxes/lworld/build/linux-x86_64-server-slowdebug/images/jdk/lib/libjli.so
7ff078472000-7ff078473000 r--p 00014000 08:02 1358970                    /home/jatinbha/sandboxes/lworld/build/linux-x86_64-server-slowdebug/images/jdk/lib/libjli.so
7ff078473000-7ff078474000 rw-p 00015000 08:02 1358970                    /home/jatinbha/sandboxes/lworld/build/linux-x86_64-server-slowdebug/images/jdk/lib/libjli.so
7ff078474000-7ff078476000 rw-p 00000000 00:00 0 
7ff078476000-7ff078477000 r--p 00000000 08:02 7077989                    /usr/lib/x86_64-linux-gnu/ld-2.31.so
7ff078477000-7ff07849a000 r-xp 00001000 08:02 7077989                    /usr/lib/x86_64-linux-gnu/ld-2.31.so
7ff07849a000-7ff0784a2000 r--p 00024000 08:02 7077989                    /usr/lib/x86_64-linux-gnu/ld-2.31.so
7ff0784a2000-7ff0784a3000 rwxp 00000000 00:00 0 
7ff0784a3000-7ff0784a4000 r--p 0002c000 08:02 7077989                    /usr/lib/x86_64-linux-gnu/ld-2.31.so
7ff0784a4000-7ff0784a5000 rw-p 0002d000 08:02 7077989                    /usr/lib/x86_64-linux-gnu/ld-2.31.so
7ff0784a5000-7ff0784a6000 rw-p 00000000 00:00 0 
7ffc75d1a000-7ffc75d3b000 rw-p 00000000 00:00 0                          [stack]
7ffc75dca000-7ffc75dce000 r--p 00000000 00:00 0                          [vvar]
7ffc75dce000-7ffc75dd0000 r-xp 00000000 00:00 0                          [vdso]
ffffffffff600000-ffffffffff601000 --xp 00000000 00:00 0                  [vsyscall]
Total number of mappings: 208

JVMTI agents: none


VM Arguments:
jvm_args: --add-exports=java.base/jdk.internal.misc=ALL-UNNAMED -XX:-TieredCompilation -Xbatch -XX:+TraceTypeProfile -XX:CompileCommand=compileonly,test_osr_flow::micro --enable-preview 
java_command: test_osr_flow
java_class_path (initial): .
Launcher Type: SUN_STANDARD

[Global flags]
     bool AOTInvokeDynamicLinking                  = false                                  {diagnostic} {ergonomic}     AOT-link JVM_CONSTANT_InvokeDynamic entries in cached ConstantPools
     bool BackgroundCompilation                    = false                                  {pd product} {command line}  A thread requesting compilation is not blocked during compilation
     intx CICompilerCount                          = 18                                        {product} {ergonomic}     Number of compiler threads to run
ccstrlist CompileCommand                           = compileonly,test_osr_flow::micro            {product} {command line} Prepend to .hotspot_compiler; e.g. log,java/lang/String.<init>
     uint ConcGCThreads                            = 18                                        {product} {ergonomic}     Number of threads concurrent gc will use
     bool EnableValhalla                           = true                                      {product} {command line}  Enable experimental Valhalla features
     uint G1ConcRefinementThreads                  = 73                                        {product} {ergonomic}     The number of parallel remembered set update threads. Will be set ergonomically by default.
   size_t G1HeapRegionSize                         = 16777216                                  {product} {ergonomic}     Size of the G1 regions.
   size_t InitialHeapSize                          = 2147483648                                {product} {ergonomic}     Initial heap size (in bytes); zero means use ergonomics
   size_t MarkStackSize                            = 4194304                                   {product} {ergonomic}     Size of marking stack in bytes.
   size_t MarkStackSizeMax                         = 536870912                                 {product} {ergonomic}     Maximum size of marking stack in bytes.
   size_t MaxHeapSize                              = 31675383808                               {product} {ergonomic}     Maximum heap size (in bytes)
   size_t MaxNewSize                               = 18991808512                               {product} {ergonomic}     Maximum new generation size (in bytes), max_uintx means set ergonomically
   size_t MinHeapDeltaBytes                        = 16777216                                  {product} {ergonomic}     The minimum change in heap space due to GC (in bytes)
   size_t MinHeapSize                              = 16777216                                  {product} {ergonomic}     Minimum heap size (in bytes); zero means use ergonomics
    uintx NonNMethodCodeHeapSize                   = 4096                                   {pd product} {ergonomic}     Size of code heap with non-nmethods (in bytes)
    uintx NonProfiledCodeHeapSize                  = 0                                      {pd product} {ergonomic}     Size of code heap with non-profiled methods (in bytes)
    uintx ProfiledCodeHeapSize                     = 0                                      {pd product} {ergonomic}     Size of code heap with profiled methods (in bytes)
   size_t SoftMaxHeapSize                          = 31675383808                            {manageable} {ergonomic}     Soft limit for maximum heap size (in bytes)
     bool THPStackMitigation                       = false                                  {diagnostic} {ergonomic}     If THPs are unconditionally enabled on the system (mode "always"), the JVM will prevent THP from forming in thread stacks. When disabled, the absence of this mitigationallows THPs to form in thread stacks.
     bool TieredCompilation                        = false                                  {pd product} {command line}  Enable tiered compilation
     bool TraceTypeProfile                         = true                                {C2 diagnostic} {command line}  Trace type profile
     bool UseCompressedOops                        = true                           {product lp64_product} {ergonomic}   Use 32-bit object references in 64-bit VM. lp64_product means flag is always constant in 32 bit VM
     bool UseG1GC                                  = true                                      {product} {ergonomic}     Use the Garbage-First garbage collector

Logging:
Log output configuration:
 #0: stdout all=warning uptime,level,tags foldmultilines=false
 #1: stderr all=off uptime,level,tags foldmultilines=false

Environment Variables:
JAVA_HOME=/home/jatinbha/sandboxes/lworld/build/linux-x86_64-server-slowdebug/images/jdk/
CLASSPATH=/home/jatinbha/sandboxes/lworld+vector/valhalla/test/hotspot/jtreg/compiler/vectorapi/JTwork/classes/compiler/vectorapi/VectorMemoryAlias.d:/home/jatinbha/sandboxes/lworld+vector/valhalla/test/hotspot/jtreg/compiler/vectorapi:/home/jatinbha/sandboxes/jtreg/build/images/jtreg/lib/javatest.jar:/home/jatinbha/sandboxes/jtreg/build/images/jtreg/lib/jtreg.jar
PATH=/home/jatinbha/sandboxes/lworld/build/linux-x86_64-server-slowdebug/images/jdk//bin:/home/jatinbha/sandboxes/lworld+vector/valhalla/build/linux-x86_64-server-slowdebug/images/jdk//bin:/home/jatinbha/.local/bin:/home/jatinbha/bin:/home/jatinbha/sandboxes/mx:/home/jatinbha/softwares/jextract-22:/home/jatinbha/softwares/cmake-3.28.3-linux-x86_64/bin:/home/jatinbha/softwares/cmake-3.26.3-linux-x86_64/bin:/home/jatinbha/softwares/jdk-17.0.2//bin:/home/jatinbha/softwares/thrift-0.16.0/bin:/home/jatinbha/softwares/jdk8u322-b06//bin:/home/jatinbha/softwares/jdk-17//bin:/home/jatinbha/softwares/apache-maven-3.6.3/bin:/home/jatinbha/sandboxes/skara/build/bin:/usr/local/sbin:/usr/local/bin:/usr/sbin:/usr/bin:/sbin:/bin:/usr/games:/usr/local/games:/snap/bin
LD_LIBRARY_PATH=/home/jatinbha/softwares:
SHELL=/bin/bash
LANG=en_IN
TERM=xterm-256color

Active Locale:
LC_ALL=en_IN
LC_COLLATE=en_IN
LC_CTYPE=en_IN
LC_MESSAGES=en_IN
LC_MONETARY=en_IN
LC_NUMERIC=en_IN
LC_TIME=en_IN

Signal Handlers:
   SIGSEGV: crash_handler in libjvm.so, mask=11100100010111111101111111111110, flags=SA_RESTART|SA_SIGINFO, unblocked
    SIGBUS: crash_handler in libjvm.so, mask=11100100010111111101111111111110, flags=SA_RESTART|SA_SIGINFO, unblocked
    SIGFPE: crash_handler in libjvm.so, mask=11100100010111111101111111111110, flags=SA_RESTART|SA_SIGINFO, unblocked
   SIGPIPE: javaSignalHandler in libjvm.so, mask=11100100010111111101111111111110, flags=SA_RESTART|SA_SIGINFO, unblocked
   SIGXFSZ: javaSignalHandler in libjvm.so, mask=11100100010111111101111111111110, flags=SA_RESTART|SA_SIGINFO, unblocked
    SIGILL: crash_handler in libjvm.so, mask=11100100010111111101111111111110, flags=SA_RESTART|SA_SIGINFO, unblocked
   SIGUSR2: SR_handler in libjvm.so, mask=00000000000000000000000000000000, flags=SA_RESTART|SA_SIGINFO, unblocked
    SIGHUP: UserHandler in libjvm.so, mask=11100100010111111101111111111110, flags=SA_RESTART|SA_SIGINFO, unblocked
    SIGINT: UserHandler in libjvm.so, mask=11100100010111111101111111111110, flags=SA_RESTART|SA_SIGINFO, unblocked
   SIGTERM: UserHandler in libjvm.so, mask=11100100010111111101111111111110, flags=SA_RESTART|SA_SIGINFO, unblocked
   SIGQUIT: UserHandler in libjvm.so, mask=11100100010111111101111111111110, flags=SA_RESTART|SA_SIGINFO, blocked
   SIGTRAP: crash_handler in libjvm.so, mask=11100100010111111101111111111110, flags=SA_RESTART|SA_SIGINFO, unblocked


Native Memory Tracking:

(Omitting categories weighting less than 1KB)

Total: reserved=32972915KB, committed=2396127KB
       malloc: 202487KB #25962, peak=202159KB #25964
       mmap:   reserved=32770428KB, committed=2193640KB

-                 Java Heap (reserved=30932992KB, committed=2097152KB)
                            (mmap: reserved=30932992KB, committed=2097152KB, at peak)

-                     Class (reserved=1048663KB, committed=215KB)
                            (classes #1039)
                            (  instance classes #891, array classes #148)
                            (malloc=87KB #1196) (at peak)
                            (mmap: reserved=1048576KB, committed=128KB, at peak)
                            (  Metadata:   )
                            (    reserved=65536KB, committed=256KB)
                            (    used=195KB)
                            (    waste=61KB =23.72%)
                            (  Class space:)
                            (    reserved=1048576KB, committed=128KB)
                            (    used=10KB)
                            (    waste=118KB =92.46%)

-                    Thread (reserved=16455KB, committed=763KB)
                            (threads #16)
                            (stack: reserved=16404KB, committed=712KB, peak=712KB)
                            (malloc=33KB #99) (peak=41KB #103)
                            (arena=18KB #30) (peak=80KB #28)

-                      Code (reserved=49945KB, committed=2925KB)
                            (malloc=377KB #11000) (peak=377KB #11002)
                            (mmap: reserved=49536KB, committed=2516KB, at peak)
                            (arena=33KB #1) (peak=34KB #2)

-                        GC (reserved=793391KB, committed=230191KB)
                            (malloc=152435KB #1152) (peak=152435KB #1153)
                            (mmap: reserved=640956KB, committed=77756KB, at peak)

-                  Compiler (reserved=262KB, committed=262KB)
                            (malloc=4KB #23) (peak=4KB #27)
                            (arena=259KB #4) (peak=634KB #10)

-                  Internal (reserved=46974KB, committed=46974KB)
                            (malloc=46938KB #6691) (peak=46938KB #6692)
                            (mmap: reserved=36KB, committed=36KB, at peak)

-                     Other (reserved=2KB, committed=2KB)
                            (malloc=2KB #1) (at peak)

-                    Symbol (reserved=1249KB, committed=1249KB)
                            (malloc=889KB #3302) (at peak)
                            (arena=360KB #1) (at peak)

-    Native Memory Tracking (reserved=462KB, committed=462KB)
                            (malloc=6KB #55) (at peak)
                            (arena=0KB #0) (peak=128KB #1)
                            (tracking overhead=456KB)

-        Shared class space (reserved=16384KB, committed=15076KB, readonly=0KB)
                            (mmap: reserved=16384KB, committed=15076KB, peak=15276KB)

-               Arena Chunk (reserved=335KB, committed=335KB)
                            (malloc=335KB #59) (peak=1132KB #61)

-                    Module (reserved=199KB, committed=199KB)
                            (malloc=199KB #2135) (at peak)

-                 Safepoint (reserved=8KB, committed=8KB)
                            (mmap: reserved=8KB, committed=8KB, at peak)

-           Synchronization (reserved=27KB, committed=27KB)
                            (malloc=27KB #202) (at peak)

-            Serviceability (reserved=17KB, committed=17KB)
                            (malloc=17KB #10) (peak=17KB #14)

-                 Metaspace (reserved=65548KB, committed=268KB)
                            (malloc=12KB #8) (at peak)
                            (mmap: reserved=65536KB, committed=256KB, at peak)

-      String Deduplication (reserved=1KB, committed=1KB)
                            (malloc=1KB #8) (at peak)

Preinit state:entries: 401 (primary: 396, empties: 7795), sum bytes: 15204, longest chain length: 2
pre-init mallocs: 468, pre-init reallocs: 5, pre-init frees: 67
MallocLimit: unset

Compiler Memory Statistic, 10 most expensive compilations:
ctyp  total     ra        node      comp      type      states    reglive   regsplit  superword cienv     ha        other     #nodes  result  limit     time    id    thread             method
No entries.

Periodic native trim disabled

---------------  S Y S T E M  ---------------

OS:
DISTRIB_ID=Ubuntu
DISTRIB_RELEASE=20.04
DISTRIB_CODENAME=focal
DISTRIB_DESCRIPTION="Ubuntu 20.04.2 LTS"
uname: Linux intel-S2600WFT 5.8.0-41-generic #46~20.04.1-Ubuntu SMP Mon Jan 18 17:52:23 UTC 2021 x86_64
OS uptime: 108 days 8:27 hours
libc: glibc 2.31 NPTL 2.31 
rlimit (soft/hard): STACK 8192k/infinity , CORE 0k/infinity , NPROC 3090646/3090646 , NOFILE 1048576/1048576 , AS infinity/infinity , CPU infinity/infinity , DATA infinity/infinity , FSIZE infinity/infinity , MEMLOCK 65536k/65536k
load average: 2.02 1.82 1.65

/proc/meminfo:
MemTotal:       791263980 kB
MemFree:        720559536 kB
MemAvailable:   782554556 kB
Buffers:         1641416 kB
Cached:         61428496 kB
SwapCached:        20620 kB
Active:         37518892 kB
Inactive:       26284760 kB
Active(anon):     361576 kB
Inactive(anon):   376616 kB
Active(file):   37157316 kB
Inactive(file): 25908144 kB
Unevictable:           0 kB
Mlocked:               0 kB
SwapTotal:       2097148 kB
SwapFree:        1827088 kB
Dirty:               716 kB
Writeback:             0 kB
AnonPages:        714904 kB
Mapped:           184424 kB
Shmem:              5540 kB
KReclaimable:    3983740 kB
Slab:            5516104 kB
SReclaimable:    3983740 kB
SUnreclaim:      1532364 kB
KernelStack:       28880 kB
PageTables:        14460 kB
NFS_Unstable:          0 kB
Bounce:                0 kB
WritebackTmp:          0 kB
CommitLimit:    397729136 kB
Committed_AS:   11123704 kB
VmallocTotal:   34359738367 kB
VmallocUsed:      475964 kB
VmallocChunk:          0 kB
Percpu:           354368 kB
HardwareCorrupted:     0 kB
AnonHugePages:         0 kB
ShmemHugePages:        0 kB
ShmemPmdMapped:        0 kB
FileHugePages:         0 kB
FilePmdMapped:         0 kB
HugePages_Total:       0
HugePages_Free:        0
HugePages_Rsvd:        0
HugePages_Surp:        0
Hugepagesize:       2048 kB
Hugetlb:               0 kB
DirectMap4k:     4326812 kB
DirectMap2M:    256456704 kB
DirectMap1G:    545259520 kB

/sys/kernel/mm/transparent_hugepage/enabled: always [madvise] never
/sys/kernel/mm/transparent_hugepage/hpage_pmd_size: 2097152
/sys/kernel/mm/transparent_hugepage/shmem_enabled: always within_size advise [never] deny force
/sys/kernel/mm/transparent_hugepage/defrag (defrag/compaction efforts parameter): always defer defer+madvise [madvise] never

Process Memory:
Virtual Size: 34225544K (peak: 34244496K)
Resident Set Size: 273312K (peak: 273312K) (anon: 229816K, file: 43496K, shmem: 0K)
Swapped out: 0K
C-Heap outstanding allocations: 203900K, retained: 2087K (may have wrapped)
glibc malloc tunables: (default)

/proc/sys/kernel/threads-max (system-wide limit on the number of threads): 6181293
/proc/sys/vm/max_map_count (maximum number of memory map areas a process may have): 65530
/proc/sys/vm/swappiness (control to define how aggressively the kernel swaps out anonymous memory): 60
/proc/sys/kernel/pid_max (system-wide limit on number of process identifiers): 4194304

container information not found.
Steal ticks since vm start: 0
Steal ticks percentage since vm start:  0.000

CPU: total 112 (initial active 112) (28 cores per cpu, 2 threads per core) family 6 model 85 stepping 7 microcode 0x5003006, cx8, cmov, fxsr, ht, mmx, 3dnowpref, sse, sse2, sse3, ssse3, sse4.1, sse4.2, popcnt, lzcnt, tsc, tscinvbit, avx, avx2, aes, erms, clmul, bmi1, bmi2, adx, avx512f, avx512dq, avx512cd, avx512bw, avx512vl, fma, vzeroupper, avx512_vnni, clflush, clflushopt, clwb, rdtscp, f16c, pku, ospke
CPU Model and flags from /proc/cpuinfo:
model name	: Intel(R) Xeon(R) Platinum 8280 CPU @ 2.70GHz
flags		: fpu vme de pse tsc msr pae mce cx8 apic sep mtrr pge mca cmov pat pse36 clflush dts acpi mmx fxsr sse sse2 ss ht tm pbe syscall nx pdpe1gb rdtscp lm constant_tsc art arch_perfmon pebs bts rep_good nopl xtopology nonstop_tsc cpuid aperfmperf pni pclmulqdq dtes64 monitor ds_cpl smx est tm2 ssse3 sdbg fma cx16 xtpr pdcm pcid dca sse4_1 sse4_2 x2apic movbe popcnt tsc_deadline_timer aes xsave avx f16c rdrand lahf_lm abm 3dnowprefetch cpuid_fault epb cat_l3 cdp_l3 invpcid_single ssbd mba ibrs ibpb stibp ibrs_enhanced fsgsbase tsc_adjust bmi1 avx2 smep bmi2 erms invpcid cqm mpx rdt_a avx512f avx512dq rdseed adx smap clflushopt clwb intel_pt avx512cd avx512bw avx512vl xsaveopt xsavec xgetbv1 xsaves cqm_llc cqm_occup_llc cqm_mbm_total cqm_mbm_local dtherm ida arat pln pts hwp hwp_act_window hwp_epp hwp_pkg_req pku ospke avx512_vnni md_clear flush_l1d arch_capabilities

Online cpus: 0-111
Offline cpus: 
cache level: 1
cache type: Data
cache size: 32K
cache coherency line size: 64
cache level: 1
cache type: Instruction
cache size: 32K
cache coherency line size: 64
cache level: 2
cache type: Unified
cache size: 1024K
cache coherency line size: 64
cache level: 3
cache type: Unified
cache size: 39424K
cache coherency line size: 64
BIOS frequency limitation: <Not Available>
Frequency switch latency (ns): 0
Available cpu frequencies: <Not Available>
Maximum cpu frequency: 4000000
Minimum cpu frequency: 1000000
Current cpu frequency: 1440298
Available governors: performance powersave
Current governor: powersave
Core performance/turbo boost: <Not Available>

Memory: 4k page, physical 791263980k(782554556k free), swap 2097148k(1827088k free)
Page Sizes: 4k

vm_info: OpenJDK 64-Bit Server VM (slowdebug 25-internal-adhoc.root.lworld) for linux-amd64 JRE (25-internal-adhoc.root.lworld), built on 2025-03-28T06:15:52Z with gcc 10.5.0

END.
