#
# A fatal error has been detected by the Java Runtime Environment:
#
#  Internal Error (/home/jatinbha/sandboxes/jdk/src/hotspot/share/opto/matcher.cpp:1848), pid=390158, tid=390229
#  assert(m->adr_type() == mach_at) failed: matcher should not change adr type
#
# JRE version: OpenJDK Runtime Environment (22.0) (slowdebug build 22-internal-adhoc.root.jdk)
# Java VM: OpenJDK 64-Bit Server VM (slowdebug 22-internal-adhoc.root.jdk, mixed mode, sharing, tiered, compressed oops, compressed class ptrs, g1 gc, linux-amd64)
# Problematic frame:
# V  [libjvm.so+0x1168c4f]  Matcher::ReduceInst(State*, int, Node*&)+0x5ad
#
# Core dump will be written. Default location: Core dumps may be processed with "/usr/share/apport/apport %p %s %c %d %P %E" (or dumping to /home/jatinbha/code/java/gather/core.390158)
#
# If you would like to submit a bug report, please visit:
#   https://bugreport.java.com/bugreport/crash.jsp
#

---------------  S U M M A R Y ------------

Command Line: --add-modules=jdk.incubator.vector -XX:CompileOnly=gather::micro -XX:+PauseAtStartup gather

Host: intel-S2600WFT, Intel(R) Xeon(R) Platinum 8280 CPU @ 2.70GHz, 112 cores, 754G, Ubuntu 20.04.2 LTS
Time: Thu Oct 19 15:01:01 2023 IST elapsed time: 1392.146255 seconds (0d 0h 23m 12s)

---------------  T H R E A D  ---------------

Current thread (0x00007f203c376b30):  JavaThread "C2 CompilerThread0" daemon [_thread_in_native, id=390229, stack(0x00007f1fdb389000,0x00007f1fdb48a000) (1028K)]


Current CompileTask:
C2:1392146   82       4       gather::micro (19 bytes)

Stack: [0x00007f1fdb389000,0x00007f1fdb48a000],  sp=0x00007f1fdb485c90,  free space=1011k
Native frames: (J=compiled Java code, j=interpreted, Vv=VM code, C=native code)
V  [libjvm.so+0x1168c4f]  Matcher::ReduceInst(State*, int, Node*&)+0x5ad  (matcher.cpp:1848)
V  [libjvm.so+0x1167be9]  Matcher::match_tree(Node const*)+0x379  (matcher.cpp:1541)
V  [libjvm.so+0x1165cb1]  Matcher::xform(Node*, int)+0x1f7  (matcher.cpp:1133)
V  [libjvm.so+0x1160968]  Matcher::match()+0xe7c  (matcher.cpp:359)
V  [libjvm.so+0x967a3f]  Compile::Code_Gen()+0x99  (compile.cpp:2908)
V  [libjvm.so+0x95e357]  Compile::Compile(ciEnv*, ciMethod*, int, Options, DirectiveSet*)+0x17d1  (compile.cpp:887)
V  [libjvm.so+0x82afd1]  C2Compiler::compile_method(ciEnv*, ciMethod*, int, bool, DirectiveSet*)+0x20f  (c2compiler.cpp:119)
V  [libjvm.so+0x97f0b2]  CompileBroker::invoke_compiler_on_method(CompileTask*)+0x9cc  (compileBroker.cpp:2282)
V  [libjvm.so+0x97dbc3]  CompileBroker::compiler_thread_loop()+0x411  (compileBroker.cpp:1943)
V  [libjvm.so+0x9a114e]  CompilerThread::thread_entry(JavaThread*, JavaThread*)+0x84  (compilerThread.cpp:58)
V  [libjvm.so+0xd76e1c]  JavaThread::thread_main_inner()+0x15a  (javaThread.cpp:720)
V  [libjvm.so+0xd76cbe]  JavaThread::run()+0x1c0  (javaThread.cpp:705)
V  [libjvm.so+0x15858ce]  Thread::call_run()+0x1a8  (thread.cpp:220)
V  [libjvm.so+0x126b98c]  thread_native_entry(Thread*)+0x1c5  (os_linux.cpp:786)
Registers:
RAX=0x00007f204352a000, RBX=0x00007f1f700cd350, RCX=0x2bad4b0bbaadbabe, RDX=0x00007f1f70001b10
RSP=0x00007f1fdb485c90, RBP=0x00007f1fdb485d00, RSI=0x00007f1f70100ea8, RDI=0x00007f1f70001b10
R8 =0x0000000000000000, R9 =0x00007f1fdb485040, R10=0x00007f2041be9948, R11=0x0000000000000000
R12=0x00007f2041199c04, R13=0x00007f1fdb487b18, R14=0x0000000000000008, R15=0x00007f1fdb485f40
RIP=0x00007f2041acbc4f, EFLAGS=0x0000000000010202, CSGSFS=0x002b000000000033, ERR=0x0000000000000015
  TRAPNO=0x000000000000000e


Register to memory mapping:

RAX=0x00007f204352a000 in mmap'd memory region [0x00007f204352a000 - 0x00007f204352b000], tag mtInternal
RBX=0x00007f1f700cd350 points into unknown readable memory: 0x00007f20430f5778 | 78 57 0f 43 20 7f 00 00
RCX=0x2bad4b0bbaadbabe is an unknown value
RDX=0x00007f1f70001b10 into live malloced block starting at 0x00007f1f70001290, size 32744, tag mtChunk
RSP=0x00007f1fdb485c90 is pointing into the stack for thread: 0x00007f203c376b30
RBP=0x00007f1fdb485d00 is pointing into the stack for thread: 0x00007f203c376b30
RSI=0x00007f1f70100ea8 points into unknown readable memory: 0x00007f20430aa378 | 78 a3 0a 43 20 7f 00 00
RDI=0x00007f1f70001b10 into live malloced block starting at 0x00007f1f70001290, size 32744, tag mtChunk
R8 =0x0 is null
R9 =0x00007f1fdb485040 is pointing into the stack for thread: 0x00007f203c376b30
R10=0x00007f2041be9948: <offset 0x0000000001286948> in /home/jatinbha/sandboxes/jdk/build/linux-x86_64-server-slowdebug/images/jdk/lib/server/libjvm.so at 0x00007f2040963000
R11=0x0 is null
R12=0x00007f2041199c04: <offset 0x0000000000836c04> in /home/jatinbha/sandboxes/jdk/build/linux-x86_64-server-slowdebug/images/jdk/lib/server/libjvm.so at 0x00007f2040963000
R13=0x00007f1fdb487b18 is pointing into the stack for thread: 0x00007f203c376b30
R14=0x0000000000000008 is an unknown value
R15=0x00007f1fdb485f40 is pointing into the stack for thread: 0x00007f203c376b30

Top of Stack: (sp=0x00007f1fdb485c90)
0x00007f1fdb485c90:   00007f1fdb485d38 000004a8db485d40
0x00007f1fdb485ca0:   00007f1f7c047088 00007f1fdb486750
0x00007f1fdb485cb0:   00007f1f700eb698 00007f1f700eb698
0x00007f1fdb485cc0:   00007f1f701050e0 0000000000000000
0x00007f1fdb485cd0:   00007f1f700cd350 00007f1f700eb698
0x00007f1fdb485ce0:   00007f1f700cd4b8 00007f20411964e3
0x00007f1fdb485cf0:   0000007edb486778 00007f1f7c047088
0x00007f1fdb485d00:   00007f1fdb485db0 00007f2041acabe9
0x00007f1fdb485d10:   00007f1f700eb698 00007f1fdb486750
0x00007f1fdb485d20:   0000007edb485d50 0000008b000000cd
0x00007f1fdb485d30:   00000008db485d40 00007f1f7c06d898
0x00007f1fdb485d40:   0000000000000001 0000000000000000
0x00007f1fdb485d50:   00007f1f7c047088 00007f2040cd2035
0x00007f1fdb485d60:   00007f1fdb486778 00007f1f7c046f80
0x00007f1fdb485d70:   00007f1f7c047088 00007f1f7c049768
0x00007f1fdb485d80:   00000000000027d8 0000080000000000
0x00007f1fdb485d90:   00007f203c376b30 00007f1fdb488600
0x00007f1fdb485da0:   00007f1f700eb698 00007f1f7c02e7e0
0x00007f1fdb485db0:   00007f1fdb485e70 00007f2041ac8cb1
0x00007f1fdb485dc0:   0000000000000fe0 000000d6700b8500
0x00007f1fdb485dd0:   00007f1f700eb698 00007f1fdb486750
0x00007f1fdb485de0:   00000001ffffffff 0000000100000014
0x00007f1fdb485df0:   0000007600000001 00007f1f700c7488
0x00007f1fdb485e00:   00007f1f700c80e8 00007f1f700eb698
0x00007f1fdb485e10:   00007f1f700cf6c0 0000000000000000
0x00007f1fdb485e20:   0000000000000000 00007f1f7c02e6f0
0x00007f1fdb485e30:   00007f1f7c02e640 0000000000000000
0x00007f1fdb485e40:   00007f1f700daa28 00007f1f700ddd78
0x00007f1fdb485e50:   00007f1f700da7f8 00007f203c377310
0x00007f1fdb485e60:   00007f1fdb4879e0 00007f1fdb4879e0
0x00007f1fdb485e70:   00007f1fdb486060 00007f2041ac3968
0x00007f1fdb485e80:   00007f1fdb485ec0 00007f1fdb486750 

Instructions: (pc=0x00007f2041acbc4f)
0x00007f2041acbb4f:   45 b8 be 02 00 00 00 48 89 c7 e8 9e cc 2e ff be
0x00007f2041acbb5f:   02 00 00 00 48 89 c7 e8 91 cc 2e ff be 02 00 00
0x00007f2041acbb6f:   00 48 89 c7 e8 84 cc 2e ff 48 89 c7 e8 1c 1a 70
0x00007f2041acbb7f:   ff 84 c0 74 07 b8 01 00 00 00 eb 05 b8 00 00 00
0x00007f2041acbb8f:   00 84 c0 74 1b 48 8b 45 b8 48 8b 00 48 83 c0 30
0x00007f2041acbb9f:   48 8b 10 48 8b 45 b8 48 89 c7 ff d2 48 89 45 c0
0x00007f2041acbbaf:   48 8b 45 b8 48 8b 00 48 83 c0 30 48 8b 10 48 8b
0x00007f2041acbbbf:   45 b8 48 89 c7 ff d2 48 39 45 c0 0f 95 c0 84 c0
0x00007f2041acbbcf:   74 3b 48 8b 45 b8 48 89 c7 e8 c7 46 0b 00 48 8d
0x00007f2041acbbdf:   05 e4 09 6f 01 48 8b 00 48 8d 35 8d 5e c8 00 48
0x00007f2041acbbef:   89 c7 b8 00 00 00 00 e8 e3 b8 11 00 48 8b 45 d0
0x00007f2041acbbff:   be 01 00 00 00 48 89 c7 e8 a6 49 0b 00 48 8b 45
0x00007f2041acbc0f:   b8 48 8b 00 48 83 c0 30 48 8b 10 48 8b 45 b8 48
0x00007f2041acbc1f:   89 c7 ff d2 48 39 45 c0 74 13 e8 19 2c 20 ff 83
0x00007f2041acbc2f:   f0 01 84 c0 74 07 b8 01 00 00 00 eb 05 b8 00 00
0x00007f2041acbc3f:   00 00 84 c0 74 31 48 8d 05 9c 65 6d 01 48 8b 00
0x00007f2041acbc4f:   c6 00 58 48 8d 0d 2f 5e c8 00 48 8d 15 50 5e c8
0x00007f2041acbc5f:   00 be 38 07 00 00 48 8d 3d ec 50 c8 00 b8 00 00
0x00007f2041acbc6f:   00 00 e8 5b 7d 89 ff 48 8b 45 d8 48 89 c7 e8 82
0x00007f2041acbc7f:   cd 2e ff 84 c0 74 25 48 8b 5d d0 48 8b 45 d8 be
0x00007f2041acbc8f:   01 00 00 00 48 89 c7 e8 61 cb 2e ff 48 89 c2 be
0x00007f2041acbc9f:   01 00 00 00 48 89 df e8 0f ed 0a 00 48 8b 45 a8
0x00007f2041acbcaf:   48 89 c7 e8 f5 ed b2 ff 89 45 b4 48 8b 45 d0 48
0x00007f2041acbcbf:   8b 00 48 05 58 01 00 00 4c 8b 00 48 8b 45 90 48
0x00007f2041acbccf:   8b 10 48 8b 45 a8 48 8d b8 78 01 00 00 48 8b 75
0x00007f2041acbcdf:   a0 48 8b 45 d0 48 89 d1 48 89 fa 48 89 c7 41 ff
0x00007f2041acbcef:   d0 48 89 45 e8 48 8b 45 e8 48 3b 45 d0 0f 84 29
0x00007f2041acbcff:   01 00 00 48 8b 45 e8 48 8b 00 48 83 c0 68 48 8b
0x00007f2041acbd0f:   10 48 8b 45 e8 48 89 c7 ff d2 89 c3 48 8b 45 d0
0x00007f2041acbd1f:   48 8b 00 48 83 c0 68 48 8b 10 48 8b 45 d0 48 89
0x00007f2041acbd2f:   c7 ff d2 39 c3 74 13 e8 0c 2b 20 ff 83 f0 01 84
0x00007f2041acbd3f:   c0 74 07 b8 01 00 00 00 eb 05 b8 00 00 00 00 84 


Stack slot to memory mapping:

stack at sp + 0 slots: 0x00007f1fdb485d38 is pointing into the stack for thread: 0x00007f203c376b30
stack at sp + 1 slots: 0x000004a8db485d40 is an unknown value
stack at sp + 2 slots: 0x00007f1f7c047088 into live malloced block starting at 0x00007f1f7c046f80, size 10216, tag mtChunk
stack at sp + 3 slots: 0x00007f1fdb486750 is pointing into the stack for thread: 0x00007f203c376b30
stack at sp + 4 slots: 0x00007f1f700eb698 points into unknown readable memory: 0x00007f204315abf0 | f0 ab 15 43 20 7f 00 00
stack at sp + 5 slots: 0x00007f1f700eb698 points into unknown readable memory: 0x00007f204315abf0 | f0 ab 15 43 20 7f 00 00
stack at sp + 6 slots: 0x00007f1f701050e0 points into unknown readable memory: 0x00007f20430aa378 | 78 a3 0a 43 20 7f 00 00
stack at sp + 7 slots: 0x0 is null

Lock stack of current Java thread (top to bottom):


---------------  P R O C E S S  ---------------

uid  : 1000 euid : 1000 gid  : 1000 egid : 1000

umask: 0002 (-------w-)

Threads class SMR info:
_java_thread_list=0x00007f203c40a5e0, length=10, elements={
0x00007f203c02a3c0, 0x00007f203c36e290, 0x00007f203c36fba0, 0x00007f203c371b10,
0x00007f203c373460, 0x00007f203c374c70, 0x00007f203c376b30, 0x00007f203c3784a0,
0x00007f203c3c0510, 0x00007f203c40a890
}
_java_thread_list_alloc_cnt=11, _java_thread_list_free_cnt=9, _java_thread_list_max=10, _nested_thread_list_max=0
_tlh_cnt=37, _tlh_times=0, avg_tlh_time=0.00, _tlh_time_max=0
_delete_lock_wait_cnt=0, _delete_lock_wait_max=0
_to_delete_list_cnt=0, _to_delete_list_max=1

Java Threads: ( => current thread )
  0x00007f203c02a3c0 JavaThread "main"                              [_thread_in_vm, id=390159, stack(0x00007f2040708000,0x00007f2040809000) (1028K)]
  0x00007f203c36e290 JavaThread "Reference Handler"          daemon [_thread_blocked, id=390224, stack(0x00007f1fdb88e000,0x00007f1fdb98f000) (1028K)]
  0x00007f203c36fba0 JavaThread "Finalizer"                  daemon [_thread_blocked, id=390225, stack(0x00007f1fdb78d000,0x00007f1fdb88e000) (1028K)]
  0x00007f203c371b10 JavaThread "Signal Dispatcher"          daemon [_thread_blocked, id=390226, stack(0x00007f1fdb68c000,0x00007f1fdb78d000) (1028K)]
  0x00007f203c373460 JavaThread "Service Thread"             daemon [_thread_blocked, id=390227, stack(0x00007f1fdb58b000,0x00007f1fdb68c000) (1028K)]
  0x00007f203c374c70 JavaThread "Monitor Deflation Thread"   daemon [_thread_blocked, id=390228, stack(0x00007f1fdb48a000,0x00007f1fdb58b000) (1028K)]
=>0x00007f203c376b30 JavaThread "C2 CompilerThread0"         daemon [_thread_in_native, id=390229, stack(0x00007f1fdb389000,0x00007f1fdb48a000) (1028K)]
  0x00007f203c3784a0 JavaThread "C1 CompilerThread0"         daemon [_thread_blocked, id=390230, stack(0x00007f1fdb288000,0x00007f1fdb389000) (1028K)]
  0x00007f203c3c0510 JavaThread "Common-Cleaner"             daemon [_thread_blocked, id=390231, stack(0x00007f1fdb0b7000,0x00007f1fdb1b8000) (1028K)]
  0x00007f203c40a890 JavaThread "Notification Thread"        daemon [_thread_blocked, id=390232, stack(0x00007f1f95eff000,0x00007f1f96000000) (1028K)]
Total: 10

Other Threads:
  0x00007f203c32ce60 VMThread "VM Thread"                           [id=390223, stack(0x00007f1fdbf00000,0x00007f1fdc000000) (1024K)]
  0x00007f203c24f3d0 WatcherThread "VM Periodic Task Thread"        [id=390222, stack(0x00007f1fe8041000,0x00007f1fe8141000) (1024K)]
  0x00007f203c069160 WorkerThread "GC Thread#0"                     [id=390217, stack(0x00007f1ffaf95000,0x00007f1ffb095000) (1024K)]
  0x00007f203c079970 ConcurrentGCThread "G1 Main Marker"            [id=390218, stack(0x00007f1ffae94000,0x00007f1ffaf94000) (1024K)]
  0x00007f203c07ac10 WorkerThread "G1 Conc#0"                       [id=390219, stack(0x00007f1ffad93000,0x00007f1ffae93000) (1024K)]
  0x00007f203c2372d0 ConcurrentGCThread "G1 Refine#0"               [id=390220, stack(0x00007f1fe82c4000,0x00007f1fe83c4000) (1024K)]
  0x00007f203c238510 ConcurrentGCThread "G1 Service"                [id=390221, stack(0x00007f1fe81c3000,0x00007f1fe82c3000) (1024K)]
Total: 7

Threads with active compile tasks:
C2 CompilerThread0  1393976   82       4       gather::micro (19 bytes)
Total: 1

VM state: not at safepoint (normal execution)

VM Mutex/Monitor currently owned by a thread: None

Heap address: 0x00000000a0000000, size: 30208 MB, Compressed Oops mode: Zero based, Oop shift amount: 3

CDS archive(s) mapped at: [0x00007f1f9a000000-0x00007f1f9ad36000-0x00007f1f9ad36000), size 13852672, SharedBaseAddress: 0x00007f1f9a000000, ArchiveRelocationMode: 1.
Compressed class space mapped at: 0x00007f1f9b000000-0x00007f1fdb000000, reserved size: 1073741824
Narrow klass base: 0x00007f1f9a000000, Narrow klass shift: 0, Narrow klass range: 0x100000000

GC Precious Log:
 CardTable entry size: 512
 Card Set container configuration: InlinePtr #cards 3 size 8 Array Of Cards #cards 128 size 272 Howl #buckets 8 coarsen threshold 29491 Howl Bitmap #cards 4096 size 528 coarsen threshold 3686 Card regions per heap region 1 cards per card region 32768
 CPUs: 112 total, 112 available
 Memory: 754G
 Large Page Support: Disabled
 NUMA Support: Disabled
 Compressed Oops: Enabled (Zero based)
 Heap Region Size: 16M
 Heap Min Capacity: 16M
 Heap Initial Capacity: 2G
 Heap Max Capacity: 30208M
 Pre-touch: Disabled
 Parallel Workers: 73
 Concurrent Workers: 18
 Concurrent Refinement Workers: 73
 Periodic GC: Disabled

Heap:
 garbage-first heap   total reserved 30932992K, committed 2113536K, used 33823K [0x00000000a0000000, 0x0000000800000000)
  region size 16384K, 3 young (49152K), 0 survivors (0K)
 Metaspace       used 2107K, committed 2240K, reserved 1114112K
  class space    used 143K, committed 192K, reserved 1048576K

Heap Regions: E=young(eden), S=young(survivor), O=old, HS=humongous(starts), HC=humongous(continues), CS=collection set, F=free, TAMS=top-at-mark-start, PB=parsable bottom
|   0|0x00000000a0000000, 0x00000000a0000000, 0x00000000a1000000|  0%| F|  |TAMS 0x00000000a0000000| PB 0x00000000a0000000| Untracked 
|   1|0x00000000a1000000, 0x00000000a1000000, 0x00000000a2000000|  0%| F|  |TAMS 0x00000000a1000000| PB 0x00000000a1000000| Untracked 
|   2|0x00000000a2000000, 0x00000000a2000000, 0x00000000a3000000|  0%| F|  |TAMS 0x00000000a2000000| PB 0x00000000a2000000| Untracked 
|   3|0x00000000a3000000, 0x00000000a3000000, 0x00000000a4000000|  0%| F|  |TAMS 0x00000000a3000000| PB 0x00000000a3000000| Untracked 
|   4|0x00000000a4000000, 0x00000000a4000000, 0x00000000a5000000|  0%| F|  |TAMS 0x00000000a4000000| PB 0x00000000a4000000| Untracked 
|   5|0x00000000a5000000, 0x00000000a5000000, 0x00000000a6000000|  0%| F|  |TAMS 0x00000000a5000000| PB 0x00000000a5000000| Untracked 
|   6|0x00000000a6000000, 0x00000000a6000000, 0x00000000a7000000|  0%| F|  |TAMS 0x00000000a6000000| PB 0x00000000a6000000| Untracked 
|   7|0x00000000a7000000, 0x00000000a7000000, 0x00000000a8000000|  0%| F|  |TAMS 0x00000000a7000000| PB 0x00000000a7000000| Untracked 
|   8|0x00000000a8000000, 0x00000000a8000000, 0x00000000a9000000|  0%| F|  |TAMS 0x00000000a8000000| PB 0x00000000a8000000| Untracked 
|   9|0x00000000a9000000, 0x00000000a9000000, 0x00000000aa000000|  0%| F|  |TAMS 0x00000000a9000000| PB 0x00000000a9000000| Untracked 
|  10|0x00000000aa000000, 0x00000000aa000000, 0x00000000ab000000|  0%| F|  |TAMS 0x00000000aa000000| PB 0x00000000aa000000| Untracked 
|  11|0x00000000ab000000, 0x00000000ab000000, 0x00000000ac000000|  0%| F|  |TAMS 0x00000000ab000000| PB 0x00000000ab000000| Untracked 
|  12|0x00000000ac000000, 0x00000000ac000000, 0x00000000ad000000|  0%| F|  |TAMS 0x00000000ac000000| PB 0x00000000ac000000| Untracked 
|  13|0x00000000ad000000, 0x00000000ad000000, 0x00000000ae000000|  0%| F|  |TAMS 0x00000000ad000000| PB 0x00000000ad000000| Untracked 
|  14|0x00000000ae000000, 0x00000000ae000000, 0x00000000af000000|  0%| F|  |TAMS 0x00000000ae000000| PB 0x00000000ae000000| Untracked 
|  15|0x00000000af000000, 0x00000000af000000, 0x00000000b0000000|  0%| F|  |TAMS 0x00000000af000000| PB 0x00000000af000000| Untracked 
|  16|0x00000000b0000000, 0x00000000b0000000, 0x00000000b1000000|  0%| F|  |TAMS 0x00000000b0000000| PB 0x00000000b0000000| Untracked 
|  17|0x00000000b1000000, 0x00000000b1000000, 0x00000000b2000000|  0%| F|  |TAMS 0x00000000b1000000| PB 0x00000000b1000000| Untracked 
|  18|0x00000000b2000000, 0x00000000b2000000, 0x00000000b3000000|  0%| F|  |TAMS 0x00000000b2000000| PB 0x00000000b2000000| Untracked 
|  19|0x00000000b3000000, 0x00000000b3000000, 0x00000000b4000000|  0%| F|  |TAMS 0x00000000b3000000| PB 0x00000000b3000000| Untracked 
|  20|0x00000000b4000000, 0x00000000b4000000, 0x00000000b5000000|  0%| F|  |TAMS 0x00000000b4000000| PB 0x00000000b4000000| Untracked 
|  21|0x00000000b5000000, 0x00000000b5000000, 0x00000000b6000000|  0%| F|  |TAMS 0x00000000b5000000| PB 0x00000000b5000000| Untracked 
|  22|0x00000000b6000000, 0x00000000b6000000, 0x00000000b7000000|  0%| F|  |TAMS 0x00000000b6000000| PB 0x00000000b6000000| Untracked 
|  23|0x00000000b7000000, 0x00000000b7000000, 0x00000000b8000000|  0%| F|  |TAMS 0x00000000b7000000| PB 0x00000000b7000000| Untracked 
|  24|0x00000000b8000000, 0x00000000b8000000, 0x00000000b9000000|  0%| F|  |TAMS 0x00000000b8000000| PB 0x00000000b8000000| Untracked 
|  25|0x00000000b9000000, 0x00000000b9000000, 0x00000000ba000000|  0%| F|  |TAMS 0x00000000b9000000| PB 0x00000000b9000000| Untracked 
|  26|0x00000000ba000000, 0x00000000ba000000, 0x00000000bb000000|  0%| F|  |TAMS 0x00000000ba000000| PB 0x00000000ba000000| Untracked 
|  27|0x00000000bb000000, 0x00000000bb000000, 0x00000000bc000000|  0%| F|  |TAMS 0x00000000bb000000| PB 0x00000000bb000000| Untracked 
|  28|0x00000000bc000000, 0x00000000bc000000, 0x00000000bd000000|  0%| F|  |TAMS 0x00000000bc000000| PB 0x00000000bc000000| Untracked 
|  29|0x00000000bd000000, 0x00000000bd000000, 0x00000000be000000|  0%| F|  |TAMS 0x00000000bd000000| PB 0x00000000bd000000| Untracked 
|  30|0x00000000be000000, 0x00000000be000000, 0x00000000bf000000|  0%| F|  |TAMS 0x00000000be000000| PB 0x00000000be000000| Untracked 
|  31|0x00000000bf000000, 0x00000000bf000000, 0x00000000c0000000|  0%| F|  |TAMS 0x00000000bf000000| PB 0x00000000bf000000| Untracked 
|  32|0x00000000c0000000, 0x00000000c0000000, 0x00000000c1000000|  0%| F|  |TAMS 0x00000000c0000000| PB 0x00000000c0000000| Untracked 
|  33|0x00000000c1000000, 0x00000000c1000000, 0x00000000c2000000|  0%| F|  |TAMS 0x00000000c1000000| PB 0x00000000c1000000| Untracked 
|  34|0x00000000c2000000, 0x00000000c2000000, 0x00000000c3000000|  0%| F|  |TAMS 0x00000000c2000000| PB 0x00000000c2000000| Untracked 
|  35|0x00000000c3000000, 0x00000000c3000000, 0x00000000c4000000|  0%| F|  |TAMS 0x00000000c3000000| PB 0x00000000c3000000| Untracked 
|  36|0x00000000c4000000, 0x00000000c4000000, 0x00000000c5000000|  0%| F|  |TAMS 0x00000000c4000000| PB 0x00000000c4000000| Untracked 
|  37|0x00000000c5000000, 0x00000000c5000000, 0x00000000c6000000|  0%| F|  |TAMS 0x00000000c5000000| PB 0x00000000c5000000| Untracked 
|  38|0x00000000c6000000, 0x00000000c6000000, 0x00000000c7000000|  0%| F|  |TAMS 0x00000000c6000000| PB 0x00000000c6000000| Untracked 
|  39|0x00000000c7000000, 0x00000000c7000000, 0x00000000c8000000|  0%| F|  |TAMS 0x00000000c7000000| PB 0x00000000c7000000| Untracked 
|  40|0x00000000c8000000, 0x00000000c8000000, 0x00000000c9000000|  0%| F|  |TAMS 0x00000000c8000000| PB 0x00000000c8000000| Untracked 
|  41|0x00000000c9000000, 0x00000000c9000000, 0x00000000ca000000|  0%| F|  |TAMS 0x00000000c9000000| PB 0x00000000c9000000| Untracked 
|  42|0x00000000ca000000, 0x00000000ca000000, 0x00000000cb000000|  0%| F|  |TAMS 0x00000000ca000000| PB 0x00000000ca000000| Untracked 
|  43|0x00000000cb000000, 0x00000000cb000000, 0x00000000cc000000|  0%| F|  |TAMS 0x00000000cb000000| PB 0x00000000cb000000| Untracked 
|  44|0x00000000cc000000, 0x00000000cc000000, 0x00000000cd000000|  0%| F|  |TAMS 0x00000000cc000000| PB 0x00000000cc000000| Untracked 
|  45|0x00000000cd000000, 0x00000000cd000000, 0x00000000ce000000|  0%| F|  |TAMS 0x00000000cd000000| PB 0x00000000cd000000| Untracked 
|  46|0x00000000ce000000, 0x00000000ce000000, 0x00000000cf000000|  0%| F|  |TAMS 0x00000000ce000000| PB 0x00000000ce000000| Untracked 
|  47|0x00000000cf000000, 0x00000000cf000000, 0x00000000d0000000|  0%| F|  |TAMS 0x00000000cf000000| PB 0x00000000cf000000| Untracked 
|  48|0x00000000d0000000, 0x00000000d0000000, 0x00000000d1000000|  0%| F|  |TAMS 0x00000000d0000000| PB 0x00000000d0000000| Untracked 
|  49|0x00000000d1000000, 0x00000000d1000000, 0x00000000d2000000|  0%| F|  |TAMS 0x00000000d1000000| PB 0x00000000d1000000| Untracked 
|  50|0x00000000d2000000, 0x00000000d2000000, 0x00000000d3000000|  0%| F|  |TAMS 0x00000000d2000000| PB 0x00000000d2000000| Untracked 
|  51|0x00000000d3000000, 0x00000000d3000000, 0x00000000d4000000|  0%| F|  |TAMS 0x00000000d3000000| PB 0x00000000d3000000| Untracked 
|  52|0x00000000d4000000, 0x00000000d4000000, 0x00000000d5000000|  0%| F|  |TAMS 0x00000000d4000000| PB 0x00000000d4000000| Untracked 
|  53|0x00000000d5000000, 0x00000000d5000000, 0x00000000d6000000|  0%| F|  |TAMS 0x00000000d5000000| PB 0x00000000d5000000| Untracked 
|  54|0x00000000d6000000, 0x00000000d6000000, 0x00000000d7000000|  0%| F|  |TAMS 0x00000000d6000000| PB 0x00000000d6000000| Untracked 
|  55|0x00000000d7000000, 0x00000000d7000000, 0x00000000d8000000|  0%| F|  |TAMS 0x00000000d7000000| PB 0x00000000d7000000| Untracked 
|  56|0x00000000d8000000, 0x00000000d8000000, 0x00000000d9000000|  0%| F|  |TAMS 0x00000000d8000000| PB 0x00000000d8000000| Untracked 
|  57|0x00000000d9000000, 0x00000000d9000000, 0x00000000da000000|  0%| F|  |TAMS 0x00000000d9000000| PB 0x00000000d9000000| Untracked 
|  58|0x00000000da000000, 0x00000000da000000, 0x00000000db000000|  0%| F|  |TAMS 0x00000000da000000| PB 0x00000000da000000| Untracked 
|  59|0x00000000db000000, 0x00000000db000000, 0x00000000dc000000|  0%| F|  |TAMS 0x00000000db000000| PB 0x00000000db000000| Untracked 
|  60|0x00000000dc000000, 0x00000000dc000000, 0x00000000dd000000|  0%| F|  |TAMS 0x00000000dc000000| PB 0x00000000dc000000| Untracked 
|  61|0x00000000dd000000, 0x00000000dd000000, 0x00000000de000000|  0%| F|  |TAMS 0x00000000dd000000| PB 0x00000000dd000000| Untracked 
|  62|0x00000000de000000, 0x00000000de000000, 0x00000000df000000|  0%| F|  |TAMS 0x00000000de000000| PB 0x00000000de000000| Untracked 
|  63|0x00000000df000000, 0x00000000df000000, 0x00000000e0000000|  0%| F|  |TAMS 0x00000000df000000| PB 0x00000000df000000| Untracked 
|  64|0x00000000e0000000, 0x00000000e0000000, 0x00000000e1000000|  0%| F|  |TAMS 0x00000000e0000000| PB 0x00000000e0000000| Untracked 
|  65|0x00000000e1000000, 0x00000000e1000000, 0x00000000e2000000|  0%| F|  |TAMS 0x00000000e1000000| PB 0x00000000e1000000| Untracked 
|  66|0x00000000e2000000, 0x00000000e2000000, 0x00000000e3000000|  0%| F|  |TAMS 0x00000000e2000000| PB 0x00000000e2000000| Untracked 
|  67|0x00000000e3000000, 0x00000000e3000000, 0x00000000e4000000|  0%| F|  |TAMS 0x00000000e3000000| PB 0x00000000e3000000| Untracked 
|  68|0x00000000e4000000, 0x00000000e4000000, 0x00000000e5000000|  0%| F|  |TAMS 0x00000000e4000000| PB 0x00000000e4000000| Untracked 
|  69|0x00000000e5000000, 0x00000000e5000000, 0x00000000e6000000|  0%| F|  |TAMS 0x00000000e5000000| PB 0x00000000e5000000| Untracked 
|  70|0x00000000e6000000, 0x00000000e6000000, 0x00000000e7000000|  0%| F|  |TAMS 0x00000000e6000000| PB 0x00000000e6000000| Untracked 
|  71|0x00000000e7000000, 0x00000000e7000000, 0x00000000e8000000|  0%| F|  |TAMS 0x00000000e7000000| PB 0x00000000e7000000| Untracked 
|  72|0x00000000e8000000, 0x00000000e8000000, 0x00000000e9000000|  0%| F|  |TAMS 0x00000000e8000000| PB 0x00000000e8000000| Untracked 
|  73|0x00000000e9000000, 0x00000000e9000000, 0x00000000ea000000|  0%| F|  |TAMS 0x00000000e9000000| PB 0x00000000e9000000| Untracked 
|  74|0x00000000ea000000, 0x00000000ea000000, 0x00000000eb000000|  0%| F|  |TAMS 0x00000000ea000000| PB 0x00000000ea000000| Untracked 
|  75|0x00000000eb000000, 0x00000000eb000000, 0x00000000ec000000|  0%| F|  |TAMS 0x00000000eb000000| PB 0x00000000eb000000| Untracked 
|  76|0x00000000ec000000, 0x00000000ec000000, 0x00000000ed000000|  0%| F|  |TAMS 0x00000000ec000000| PB 0x00000000ec000000| Untracked 
|  77|0x00000000ed000000, 0x00000000ed000000, 0x00000000ee000000|  0%| F|  |TAMS 0x00000000ed000000| PB 0x00000000ed000000| Untracked 
|  78|0x00000000ee000000, 0x00000000ee000000, 0x00000000ef000000|  0%| F|  |TAMS 0x00000000ee000000| PB 0x00000000ee000000| Untracked 
|  79|0x00000000ef000000, 0x00000000ef000000, 0x00000000f0000000|  0%| F|  |TAMS 0x00000000ef000000| PB 0x00000000ef000000| Untracked 
|  80|0x00000000f0000000, 0x00000000f0000000, 0x00000000f1000000|  0%| F|  |TAMS 0x00000000f0000000| PB 0x00000000f0000000| Untracked 
|  81|0x00000000f1000000, 0x00000000f1000000, 0x00000000f2000000|  0%| F|  |TAMS 0x00000000f1000000| PB 0x00000000f1000000| Untracked 
|  82|0x00000000f2000000, 0x00000000f2000000, 0x00000000f3000000|  0%| F|  |TAMS 0x00000000f2000000| PB 0x00000000f2000000| Untracked 
|  83|0x00000000f3000000, 0x00000000f3000000, 0x00000000f4000000|  0%| F|  |TAMS 0x00000000f3000000| PB 0x00000000f3000000| Untracked 
|  84|0x00000000f4000000, 0x00000000f4000000, 0x00000000f5000000|  0%| F|  |TAMS 0x00000000f4000000| PB 0x00000000f4000000| Untracked 
|  85|0x00000000f5000000, 0x00000000f5000000, 0x00000000f6000000|  0%| F|  |TAMS 0x00000000f5000000| PB 0x00000000f5000000| Untracked 
|  86|0x00000000f6000000, 0x00000000f6000000, 0x00000000f7000000|  0%| F|  |TAMS 0x00000000f6000000| PB 0x00000000f6000000| Untracked 
|  87|0x00000000f7000000, 0x00000000f7000000, 0x00000000f8000000|  0%| F|  |TAMS 0x00000000f7000000| PB 0x00000000f7000000| Untracked 
|  88|0x00000000f8000000, 0x00000000f8000000, 0x00000000f9000000|  0%| F|  |TAMS 0x00000000f8000000| PB 0x00000000f8000000| Untracked 
|  89|0x00000000f9000000, 0x00000000f9000000, 0x00000000fa000000|  0%| F|  |TAMS 0x00000000f9000000| PB 0x00000000f9000000| Untracked 
|  90|0x00000000fa000000, 0x00000000fa000000, 0x00000000fb000000|  0%| F|  |TAMS 0x00000000fa000000| PB 0x00000000fa000000| Untracked 
|  91|0x00000000fb000000, 0x00000000fb000000, 0x00000000fc000000|  0%| F|  |TAMS 0x00000000fb000000| PB 0x00000000fb000000| Untracked 
|  92|0x00000000fc000000, 0x00000000fc000000, 0x00000000fd000000|  0%| F|  |TAMS 0x00000000fc000000| PB 0x00000000fc000000| Untracked 
|  93|0x00000000fd000000, 0x00000000fd000000, 0x00000000fe000000|  0%| F|  |TAMS 0x00000000fd000000| PB 0x00000000fd000000| Untracked 
|  94|0x00000000fe000000, 0x00000000fe000000, 0x00000000ff000000|  0%| F|  |TAMS 0x00000000fe000000| PB 0x00000000fe000000| Untracked 
|  95|0x00000000ff000000, 0x00000000ff000000, 0x0000000100000000|  0%| F|  |TAMS 0x00000000ff000000| PB 0x00000000ff000000| Untracked 
|  96|0x0000000100000000, 0x0000000100000000, 0x0000000101000000|  0%| F|  |TAMS 0x0000000100000000| PB 0x0000000100000000| Untracked 
|  97|0x0000000101000000, 0x0000000101000000, 0x0000000102000000|  0%| F|  |TAMS 0x0000000101000000| PB 0x0000000101000000| Untracked 
|  98|0x0000000102000000, 0x0000000102000000, 0x0000000103000000|  0%| F|  |TAMS 0x0000000102000000| PB 0x0000000102000000| Untracked 
|  99|0x0000000103000000, 0x0000000103000000, 0x0000000104000000|  0%| F|  |TAMS 0x0000000103000000| PB 0x0000000103000000| Untracked 
| 100|0x0000000104000000, 0x0000000104000000, 0x0000000105000000|  0%| F|  |TAMS 0x0000000104000000| PB 0x0000000104000000| Untracked 
| 101|0x0000000105000000, 0x0000000105000000, 0x0000000106000000|  0%| F|  |TAMS 0x0000000105000000| PB 0x0000000105000000| Untracked 
| 102|0x0000000106000000, 0x0000000106000000, 0x0000000107000000|  0%| F|  |TAMS 0x0000000106000000| PB 0x0000000106000000| Untracked 
| 103|0x0000000107000000, 0x0000000107000000, 0x0000000108000000|  0%| F|  |TAMS 0x0000000107000000| PB 0x0000000107000000| Untracked 
| 104|0x0000000108000000, 0x0000000108000000, 0x0000000109000000|  0%| F|  |TAMS 0x0000000108000000| PB 0x0000000108000000| Untracked 
| 105|0x0000000109000000, 0x0000000109000000, 0x000000010a000000|  0%| F|  |TAMS 0x0000000109000000| PB 0x0000000109000000| Untracked 
| 106|0x000000010a000000, 0x000000010a000000, 0x000000010b000000|  0%| F|  |TAMS 0x000000010a000000| PB 0x000000010a000000| Untracked 
| 107|0x000000010b000000, 0x000000010b000000, 0x000000010c000000|  0%| F|  |TAMS 0x000000010b000000| PB 0x000000010b000000| Untracked 
| 108|0x000000010c000000, 0x000000010c000000, 0x000000010d000000|  0%| F|  |TAMS 0x000000010c000000| PB 0x000000010c000000| Untracked 
| 109|0x000000010d000000, 0x000000010d000000, 0x000000010e000000|  0%| F|  |TAMS 0x000000010d000000| PB 0x000000010d000000| Untracked 
| 110|0x000000010e000000, 0x000000010e000000, 0x000000010f000000|  0%| F|  |TAMS 0x000000010e000000| PB 0x000000010e000000| Untracked 
| 111|0x000000010f000000, 0x000000010f000000, 0x0000000110000000|  0%| F|  |TAMS 0x000000010f000000| PB 0x000000010f000000| Untracked 
| 112|0x0000000110000000, 0x0000000110000000, 0x0000000111000000|  0%| F|  |TAMS 0x0000000110000000| PB 0x0000000110000000| Untracked 
| 113|0x0000000111000000, 0x0000000111000000, 0x0000000112000000|  0%| F|  |TAMS 0x0000000111000000| PB 0x0000000111000000| Untracked 
| 114|0x0000000112000000, 0x0000000112000000, 0x0000000113000000|  0%| F|  |TAMS 0x0000000112000000| PB 0x0000000112000000| Untracked 
| 115|0x0000000113000000, 0x0000000113000000, 0x0000000114000000|  0%| F|  |TAMS 0x0000000113000000| PB 0x0000000113000000| Untracked 
| 116|0x0000000114000000, 0x0000000114000000, 0x0000000115000000|  0%| F|  |TAMS 0x0000000114000000| PB 0x0000000114000000| Untracked 
| 117|0x0000000115000000, 0x0000000115000000, 0x0000000116000000|  0%| F|  |TAMS 0x0000000115000000| PB 0x0000000115000000| Untracked 
| 118|0x0000000116000000, 0x0000000116000000, 0x0000000117000000|  0%| F|  |TAMS 0x0000000116000000| PB 0x0000000116000000| Untracked 
| 119|0x0000000117000000, 0x0000000117000000, 0x0000000118000000|  0%| F|  |TAMS 0x0000000117000000| PB 0x0000000117000000| Untracked 
| 120|0x0000000118000000, 0x0000000118000000, 0x0000000119000000|  0%| F|  |TAMS 0x0000000118000000| PB 0x0000000118000000| Untracked 
| 121|0x0000000119000000, 0x0000000119000000, 0x000000011a000000|  0%| F|  |TAMS 0x0000000119000000| PB 0x0000000119000000| Untracked 
| 122|0x000000011a000000, 0x000000011a000000, 0x000000011b000000|  0%| F|  |TAMS 0x000000011a000000| PB 0x000000011a000000| Untracked 
| 123|0x000000011b000000, 0x000000011b000000, 0x000000011c000000|  0%| F|  |TAMS 0x000000011b000000| PB 0x000000011b000000| Untracked 
| 124|0x000000011c000000, 0x000000011c000000, 0x000000011d000000|  0%| F|  |TAMS 0x000000011c000000| PB 0x000000011c000000| Untracked 
| 125|0x000000011d000000, 0x000000011d7aea80, 0x000000011e000000| 48%| E|  |TAMS 0x000000011d000000| PB 0x000000011d000000| Complete 
| 126|0x000000011e000000, 0x000000011f000000, 0x000000011f000000|100%| E|CS|TAMS 0x000000011e000000| PB 0x000000011e000000| Complete 
| 127|0x000000011f000000, 0x0000000120000000, 0x0000000120000000|100%| E|CS|TAMS 0x000000011f000000| PB 0x000000011f000000| Complete 
|1887|0x00000007ff000000, 0x00000007ff107ee0, 0x0000000800000000|  6%| O|  |TAMS 0x00000007ff000000| PB 0x00000007ff000000| Untracked 

Card table byte_map: [0x00007f2018c84000,0x00007f201c784000] _byte_map_base: 0x00007f2018784000

Marking Bits: (CMBitMap*) 0x00007f203c069ea0
 Bits: [0x00007f1ffb484000, 0x00007f2018c84000)

Polling page: 0x00007f20434fa000

Metaspace:

Usage:
  Non-class:      1.92 MB used.
      Class:    143.57 KB used.
       Both:      2.06 MB used.

Virtual space:
  Non-class space:       64.00 MB reserved,       2.00 MB (  3%) committed,  1 nodes.
      Class space:        1.00 GB reserved,     192.00 KB ( <1%) committed,  1 nodes.
             Both:        1.06 GB reserved,       2.19 MB ( <1%) committed. 

Chunk freelists:
   Non-Class:  11.90 MB
       Class:  15.70 MB
        Both:  27.60 MB

MaxMetaspaceSize: unlimited
CompressedClassSpaceSize: 1.00 GB
Initial GC threshold: 21.00 MB
Current GC threshold: 21.00 MB
CDS: on
 - commit_granule_bytes: 65536.
 - commit_granule_words: 8192.
 - virtual_space_node_default_size: 8388608.
 - enlarge_chunks_in_place: 1.
 - use_allocation_guard: 0.


Internal statistics:

num_allocs: 17498.
num_deallocs: 12.
num_allocs_from_deallocated_blocks: 61.
num_chunks_retired: 33.
num_allocs_failed_limit: 0.
num_arena_births: 98.
num_arena_deaths: 0.
num_vsnodes_births: 2.
num_vsnodes_deaths: 0.
num_space_committed: 35.
num_space_uncommitted: 0.
num_chunks_returned_to_freelist: 0.
num_chunks_taken_from_freelist: 132.
num_chunk_merges: 0.
num_chunk_splits: 72.
num_chunks_enlarged: 28.
num_inconsistent_stats: 0.

CodeHeap 'non-profiled nmethods': size=118592Kb used=66Kb max_used=66Kb free=118525Kb
 bounds [0x00007f202c4e6000, 0x00007f202c756000, 0x00007f20338b6000]
CodeHeap 'profiled nmethods': size=118588Kb used=29Kb max_used=29Kb free=118558Kb
 bounds [0x00007f20248b6000, 0x00007f2024b26000, 0x00007f202bc85000]
CodeHeap 'non-nmethods': size=8580Kb used=2187Kb max_used=2187Kb free=6392Kb
 bounds [0x00007f202bc85000, 0x00007f202bef5000, 0x00007f202c4e6000]
 total_blobs=882 nmethods=81 adapters=716
 compilation: enabled
              stopped_count=0, restarted_count=0
 full_count=0

Compilation events (3 events):
Event: 57.841 Thread 0x00007f203c3784a0   81       3       gather::micro (19 bytes)
Event: 57.906 Thread 0x00007f203c3784a0 nmethod 81 0x00007f20248b6010 code [0x00007f20248b69e0, 0x00007f20248bb1c8]
Event: 60.062 Thread 0x00007f203c376b30   82       4       gather::micro (19 bytes)

GC Heap History (0 events):
No events

Dll operation events (2 events):
Event: 15.161 Loaded shared library /home/jatinbha/sandboxes/jdk/build/linux-x86_64-server-slowdebug/images/jdk/lib/libjava.so
Event: 57.190 Loaded shared library /home/jatinbha/sandboxes/jdk/build/linux-x86_64-server-slowdebug/images/jdk/lib/libjsvml.so

Deoptimization events (0 events):
No events

Classes loaded (20 events):
Event: 57.678 Loading class jdk/incubator/vector/AbstractSpecies$RVOp
Event: 57.679 Loading class jdk/incubator/vector/AbstractSpecies$RVOp done
Event: 57.682 Loading class jdk/internal/vm/vector/VectorSupport$BinaryOperation
Event: 57.682 Loading class jdk/internal/vm/vector/VectorSupport$BinaryOperation done
Event: 57.685 Loading class jdk/incubator/vector/IntVector$FBinOp
Event: 57.685 Loading class jdk/incubator/vector/IntVector$FBinOp done
Event: 57.687 Loading class jdk/internal/vm/vector/VectorSupport$VectorCompareOp
Event: 57.687 Loading class jdk/internal/vm/vector/VectorSupport$VectorCompareOp done
Event: 57.691 Loading class jdk/incubator/vector/IntVector$FBinTest
Event: 57.691 Loading class jdk/incubator/vector/IntVector$FBinTest done
Event: 57.698 Loading class jdk/incubator/vector/AbstractMask$MBinOp
Event: 57.698 Loading class jdk/incubator/vector/AbstractMask$MBinOp done
Event: 57.703 Loading class jdk/internal/vm/vector/VectorSupport$LoadVectorOperationWithMap
Event: 57.703 Loading class jdk/internal/vm/vector/VectorSupport$LoadVectorOperationWithMap done
Event: 57.707 Loading class jdk/incubator/vector/ByteVector$FVOp
Event: 57.707 Loading class jdk/incubator/vector/ByteVector$FVOp done
Event: 57.718 Loading class jdk/internal/vm/vector/VectorSupport$StoreVectorOperation
Event: 57.718 Loading class jdk/internal/vm/vector/VectorSupport$StoreVectorOperation done
Event: 57.721 Loading class jdk/incubator/vector/ByteVector$FStOp
Event: 57.721 Loading class jdk/incubator/vector/ByteVector$FStOp done

Classes unloaded (0 events):
No events

Classes redefined (0 events):
No events

Internal exceptions (10 events):
Event: 57.385 Thread 0x00007f203c02a3c0 Exception <a 'java/lang/NoSuchMethodError'{0x000000011f0dc9f0}: 'int java.lang.invoke.DirectMethodHandle$Holder.invokeStaticInit(java.lang.Object, int)'> (0x000000011f0dc9f0) 
thrown [/home/jatinbha/sandboxes/jdk/src/hotspot/share/interpreter/linkResolver.cpp, line 773]
Event: 57.389 Thread 0x00007f203c02a3c0 Exception <a 'java/lang/NoSuchMethodError'{0x000000011f0e05a0}: 'long java.lang.invoke.DirectMethodHandle$Holder.invokeStatic(java.lang.Object, java.lang.Object)'> (0x000000011f0e05a0) 
thrown [/home/jatinbha/sandboxes/jdk/src/hotspot/share/interpreter/linkResolver.cpp, line 773]
Event: 57.390 Thread 0x00007f203c02a3c0 Exception <a 'java/lang/NoSuchMethodError'{0x000000011f0e39a0}: 'long java.lang.invoke.DirectMethodHandle$Holder.invokeStaticInit(java.lang.Object, java.lang.Object)'> (0x000000011f0e39a0) 
thrown [/home/jatinbha/sandboxes/jdk/src/hotspot/share/interpreter/linkResolver.cpp, line 773]
Event: 57.393 Thread 0x00007f203c02a3c0 Exception <a 'java/lang/NoSuchMethodError'{0x000000011f0ea2c8}: 'java.lang.Object java.lang.invoke.DirectMethodHandle$Holder.invokeStaticInit(java.lang.Object, long, long, long)'> (0x000000011f0ea2c8) 
thrown [/home/jatinbha/sandboxes/jdk/src/hotspot/share/interpreter/linkResolver.cpp, line 773]
Event: 57.475 Thread 0x00007f203c02a3c0 Exception <a 'java/lang/NoSuchMethodError'{0x000000011f100088}: 'java.lang.Object java.lang.invoke.DirectMethodHandle$Holder.invokeStatic(java.lang.Object, long, java.lang.Object)'> (0x000000011f100088) 
thrown [/home/jatinbha/sandboxes/jdk/src/hotspot/share/interpreter/linkResolver.cpp, line 773]
Event: 57.488 Thread 0x00007f203c02a3c0 Exception <a 'java/lang/NoSuchMethodError'{0x000000011f116278}: 'java.lang.Object java.lang.invoke.DirectMethodHandle$Holder.newInvokeSpecial(java.lang.Object, java.lang.Object, long)'> (0x000000011f116278) 
thrown [/home/jatinbha/sandboxes/jdk/src/hotspot/share/interpreter/linkResolver.cpp, line 773]
Event: 57.490 Thread 0x00007f203c02a3c0 Exception <a 'java/lang/NoSuchMethodError'{0x000000011f11a120}: 'java.lang.Object java.lang.invoke.Invokers$Holder.linkToTargetMethod(java.lang.Object, long, java.lang.Object)'> (0x000000011f11a120) 
thrown [/home/jatinbha/sandboxes/jdk/src/hotspot/share/interpreter/linkResolver.cpp, line 773]
Event: 57.651 Thread 0x00007f203c02a3c0 Exception <a 'java/lang/NoSuchMethodError'{0x000000011f19ef70}: 'java.lang.Object java.lang.invoke.DirectMethodHandle$Holder.invokeSpecial(java.lang.Object, java.lang.Object, java.lang.Object, int, java.lang.Object)'> (0x000000011f19ef70) 
thrown [/home/jatinbha/sandboxes/jdk/src/hotspot/share/interpreter/linkResolver.cpp, line 773]
Event: 57.680 Thread 0x00007f203c02a3c0 Exception <a 'java/lang/NoSuchMethodError'{0x000000011f1bb2e8}: 'java.lang.Object java.lang.invoke.DirectMethodHandle$Holder.newInvokeSpecial(java.lang.Object, long)'> (0x000000011f1bb2e8) 
thrown [/home/jatinbha/sandboxes/jdk/src/hotspot/share/interpreter/linkResolver.cpp, line 773]
Event: 57.713 Thread 0x00007f203c02a3c0 Exception <a 'java/lang/NoSuchMethodError'{0x000000011f5c7cb0}: 'java.lang.Object java.lang.invoke.DirectMethodHandle$Holder.newInvokeSpecial(java.lang.Object, java.lang.Object, int, java.lang.Object, int)'> (0x000000011f5c7cb0) 
thrown [/home/jatinbha/sandboxes/jdk/src/hotspot/share/interpreter/linkResolver.cpp, line 773]

ZGC Phase Switch (0 events):
No events

VM Operations (3 events):
Event: 58.051 Executing VM operation: Cleanup
Event: 58.051 Executing VM operation: Cleanup done
Event: 1392.092 Executing VM operation: HandshakeAllThreads (HandshakeForDeflation)

Events (20 events):
Event: 15.081 Protecting memory [0x00007f2040708000,0x00007f204070c000] with protection modes 0
Event: 56.917 Thread 0x00007f203c02a3c0 Thread added: 0x00007f203c02a3c0
Event: 57.098 Thread 0x00007f203c36e290 Thread added: 0x00007f203c36e290
Event: 57.098 Protecting memory [0x00007f1fdb88e000,0x00007f1fdb892000] with protection modes 0
Event: 57.099 Thread 0x00007f203c36fba0 Thread added: 0x00007f203c36fba0
Event: 57.099 Protecting memory [0x00007f1fdb78d000,0x00007f1fdb791000] with protection modes 0
Event: 57.100 Thread 0x00007f203c371b10 Thread added: 0x00007f203c371b10
Event: 57.100 Protecting memory [0x00007f1fdb68c000,0x00007f1fdb690000] with protection modes 0
Event: 57.101 Thread 0x00007f203c373460 Thread added: 0x00007f203c373460
Event: 57.101 Protecting memory [0x00007f1fdb58b000,0x00007f1fdb58f000] with protection modes 0
Event: 57.101 Thread 0x00007f203c374c70 Thread added: 0x00007f203c374c70
Event: 57.102 Protecting memory [0x00007f1fdb48a000,0x00007f1fdb48e000] with protection modes 0
Event: 57.102 Thread 0x00007f203c376b30 Thread added: 0x00007f203c376b30
Event: 57.102 Protecting memory [0x00007f1fdb389000,0x00007f1fdb38d000] with protection modes 0
Event: 57.102 Thread 0x00007f203c3784a0 Thread added: 0x00007f203c3784a0
Event: 57.103 Protecting memory [0x00007f1fdb288000,0x00007f1fdb28c000] with protection modes 0
Event: 57.288 Thread 0x00007f203c3c0510 Thread added: 0x00007f203c3c0510
Event: 57.288 Protecting memory [0x00007f1fdb0b7000,0x00007f1fdb0bb000] with protection modes 0
Event: 57.351 Thread 0x00007f203c40a890 Thread added: 0x00007f203c40a890
Event: 57.351 Protecting memory [0x00007f1f95eff000,0x00007f1f95f03000] with protection modes 0


Dynamic libraries:
a0000000-120000000 rw-p 00000000 00:00 0 
120000000-7ff000000 ---p 00000000 00:00 0 
7ff000000-7ff108000 rw-p 00d78000 08:02 24671077                         /home/jatinbha/sandboxes/jdk/build/linux-x86_64-server-slowdebug/images/jdk/lib/server/classes.jsa
7ff108000-800000000 rw-p 00000000 00:00 0 
55c1bec8c000-55c1bec8d000 r--p 00000000 08:02 24642656                   /home/jatinbha/sandboxes/jdk/build/linux-x86_64-server-slowdebug/images/jdk/bin/java
55c1bec8d000-55c1bec8e000 r-xp 00001000 08:02 24642656                   /home/jatinbha/sandboxes/jdk/build/linux-x86_64-server-slowdebug/images/jdk/bin/java
55c1bec8e000-55c1bec8f000 r--p 00002000 08:02 24642656                   /home/jatinbha/sandboxes/jdk/build/linux-x86_64-server-slowdebug/images/jdk/bin/java
55c1bec8f000-55c1bec90000 r--p 00002000 08:02 24642656                   /home/jatinbha/sandboxes/jdk/build/linux-x86_64-server-slowdebug/images/jdk/bin/java
55c1bec90000-55c1bec91000 rw-p 00003000 08:02 24642656                   /home/jatinbha/sandboxes/jdk/build/linux-x86_64-server-slowdebug/images/jdk/bin/java
55c1c0ae0000-55c1c0b26000 rw-p 00000000 00:00 0                          [heap]
7f1f68000000-7f1f68021000 rw-p 00000000 00:00 0 
7f1f68021000-7f1f6c000000 ---p 00000000 00:00 0 
7f1f6f181000-7f1f70000000 rw-p 00000000 00:00 0 
7f1f70000000-7f1f702eb000 rw-p 00000000 00:00 0 
7f1f702eb000-7f1f74000000 ---p 00000000 00:00 0 
7f1f74000000-7f1f74021000 rw-p 00000000 00:00 0 
7f1f74021000-7f1f78000000 ---p 00000000 00:00 0 
7f1f78000000-7f1f78021000 rw-p 00000000 00:00 0 
7f1f78021000-7f1f7c000000 ---p 00000000 00:00 0 
7f1f7c000000-7f1f7c086000 rw-p 00000000 00:00 0 
7f1f7c086000-7f1f80000000 ---p 00000000 00:00 0 
7f1f80000000-7f1f80021000 rw-p 00000000 00:00 0 
7f1f80021000-7f1f84000000 ---p 00000000 00:00 0 
7f1f84000000-7f1f84021000 rw-p 00000000 00:00 0 
7f1f84021000-7f1f88000000 ---p 00000000 00:00 0 
7f1f88000000-7f1f88021000 rw-p 00000000 00:00 0 
7f1f88021000-7f1f8c000000 ---p 00000000 00:00 0 
7f1f8c000000-7f1f8c021000 rw-p 00000000 00:00 0 
7f1f8c021000-7f1f90000000 ---p 00000000 00:00 0 
7f1f90000000-7f1f90021000 rw-p 00000000 00:00 0 
7f1f90021000-7f1f94000000 ---p 00000000 00:00 0 
7f1f941eb000-7f1f95eff000 rw-p 00000000 00:00 0 
7f1f95eff000-7f1f95f03000 ---p 00000000 00:00 0 
7f1f95f03000-7f1f961e0000 rw-p 00000000 00:00 0 
7f1f961e0000-7f1f96400000 ---p 00000000 00:00 0 
7f1f96400000-7f1f96420000 rw-p 00000000 00:00 0 
7f1f96420000-7f1f9a000000 ---p 00000000 00:00 0 
7f1f9a000000-7f1f9ad36000 rw-p 00001000 08:02 24671077                   /home/jatinbha/sandboxes/jdk/build/linux-x86_64-server-slowdebug/images/jdk/lib/server/classes.jsa
7f1f9ad36000-7f1f9b000000 ---p 00000000 00:00 0 
7f1f9b000000-7f1f9b010000 rw-p 00000000 00:00 0 
7f1f9b010000-7f1f9b040000 ---p 00000000 00:00 0 
7f1f9b040000-7f1f9b060000 rw-p 00000000 00:00 0 
7f1f9b060000-7f1fdb000000 ---p 00000000 00:00 0 
7f1fdb0b7000-7f1fdb0bb000 ---p 00000000 00:00 0 
7f1fdb0bb000-7f1fdb1b8000 rw-p 00000000 00:00 0 
7f1fdb1b8000-7f1fdb1bc000 r--p 00000000 08:02 24642721                   /home/jatinbha/sandboxes/jdk/build/linux-x86_64-server-slowdebug/images/jdk/lib/libjsvml.so
7f1fdb1bc000-7f1fdb1fd000 r-xp 00004000 08:02 24642721                   /home/jatinbha/sandboxes/jdk/build/linux-x86_64-server-slowdebug/images/jdk/lib/libjsvml.so
7f1fdb1fd000-7f1fdb286000 r--p 00045000 08:02 24642721                   /home/jatinbha/sandboxes/jdk/build/linux-x86_64-server-slowdebug/images/jdk/lib/libjsvml.so
7f1fdb286000-7f1fdb287000 r--p 000cd000 08:02 24642721                   /home/jatinbha/sandboxes/jdk/build/linux-x86_64-server-slowdebug/images/jdk/lib/libjsvml.so
7f1fdb287000-7f1fdb288000 rw-p 000ce000 08:02 24642721                   /home/jatinbha/sandboxes/jdk/build/linux-x86_64-server-slowdebug/images/jdk/lib/libjsvml.so
7f1fdb288000-7f1fdb28c000 ---p 00000000 00:00 0 
7f1fdb28c000-7f1fdb389000 rw-p 00000000 00:00 0 
7f1fdb389000-7f1fdb38d000 ---p 00000000 00:00 0 
7f1fdb38d000-7f1fdb48a000 rw-p 00000000 00:00 0 
7f1fdb48a000-7f1fdb48e000 ---p 00000000 00:00 0 
7f1fdb48e000-7f1fdb58b000 rw-p 00000000 00:00 0 
7f1fdb58b000-7f1fdb58f000 ---p 00000000 00:00 0 
7f1fdb58f000-7f1fdb68c000 rw-p 00000000 00:00 0 
7f1fdb68c000-7f1fdb690000 ---p 00000000 00:00 0 
7f1fdb690000-7f1fdb78d000 rw-p 00000000 00:00 0 
7f1fdb78d000-7f1fdb791000 ---p 00000000 00:00 0 
7f1fdb791000-7f1fdb88e000 rw-p 00000000 00:00 0 
7f1fdb88e000-7f1fdb892000 ---p 00000000 00:00 0 
7f1fdb892000-7f1fdb98f000 rw-p 00000000 00:00 0 
7f1fdb98f000-7f1fdbeff000 r--p 00000000 08:02 7078745                    /usr/lib/locale/locale-archive
7f1fdbeff000-7f1fdbf00000 ---p 00000000 00:00 0 
7f1fdbf00000-7f1fdc000000 rw-p 00000000 00:00 0 
7f1fdc000000-7f1fdc021000 rw-p 00000000 00:00 0 
7f1fdc021000-7f1fe0000000 ---p 00000000 00:00 0 
7f1fe0000000-7f1fe0021000 rw-p 00000000 00:00 0 
7f1fe0021000-7f1fe4000000 ---p 00000000 00:00 0 
7f1fe4000000-7f1fe4021000 rw-p 00000000 00:00 0 
7f1fe4021000-7f1fe8000000 ---p 00000000 00:00 0 
7f1fe8040000-7f1fe8041000 ---p 00000000 00:00 0 
7f1fe8041000-7f1fe81c2000 rw-p 00000000 00:00 0 
7f1fe81c2000-7f1fe81c3000 ---p 00000000 00:00 0 
7f1fe81c3000-7f1fe82c3000 rw-p 00000000 00:00 0 
7f1fe82c3000-7f1fe82c4000 ---p 00000000 00:00 0 
7f1fe82c4000-7f1fec000000 rw-p 00000000 00:00 0 
7f1fec000000-7f1fec021000 rw-p 00000000 00:00 0 
7f1fec021000-7f1ff0000000 ---p 00000000 00:00 0 
7f1ff0000000-7f1ff0021000 rw-p 00000000 00:00 0 
7f1ff0021000-7f1ff4000000 ---p 00000000 00:00 0 
7f1ff4000000-7f1ff4021000 rw-p 00000000 00:00 0 
7f1ff4021000-7f1ff8000000 ---p 00000000 00:00 0 
7f1ff802a000-7f1ffad92000 rw-p 00000000 00:00 0 
7f1ffad92000-7f1ffad93000 ---p 00000000 00:00 0 
7f1ffad93000-7f1ffae93000 rw-p 00000000 00:00 0 
7f1ffae93000-7f1ffae94000 ---p 00000000 00:00 0 
7f1ffae94000-7f1ffaf94000 rw-p 00000000 00:00 0 
7f1ffaf94000-7f1ffaf95000 ---p 00000000 00:00 0 
7f1ffaf95000-7f1ffd484000 rw-p 00000000 00:00 0 
7f1ffd484000-7f2018c44000 ---p 00000000 00:00 0 
7f2018c44000-7f2019084000 rw-p 00000000 00:00 0 
7f2019084000-7f201c77c000 ---p 00000000 00:00 0 
7f201c77c000-7f201cb84000 rw-p 00000000 00:00 0 
7f201cb84000-7f202027c000 ---p 00000000 00:00 0 
7f202027c000-7f20248b6000 rw-p 00000000 00:00 0 
7f20248b6000-7f2024b26000 rwxp 00000000 00:00 0 
7f2024b26000-7f202bc85000 ---p 00000000 00:00 0 
7f202bc85000-7f202bef5000 rwxp 00000000 00:00 0 
7f202bef5000-7f202c4e6000 ---p 00000000 00:00 0 
7f202c4e6000-7f202c756000 rwxp 00000000 00:00 0 
7f202c756000-7f20338b6000 ---p 00000000 00:00 0 
7f20338b6000-7f203c000000 r--s 00000000 08:02 24642626                   /home/jatinbha/sandboxes/jdk/build/linux-x86_64-server-slowdebug/images/jdk/lib/modules
7f203c000000-7f203c47c000 rw-p 00000000 00:00 0 
7f203c47c000-7f2040000000 ---p 00000000 00:00 0 
7f2040008000-7f204000f000 r--s 00000000 08:02 7736501                    /usr/lib/x86_64-linux-gnu/gconv/gconv-modules.cache
7f204000f000-7f20404d0000 rw-p 00000000 00:00 0 
7f20404d0000-7f20405b3000 ---p 00000000 00:00 0 
7f20405b3000-7f20405b8000 rw-p 00000000 00:00 0 
7f20405b8000-7f204069b000 ---p 00000000 00:00 0 
7f204069b000-7f20406a0000 rw-p 00000000 00:00 0 
7f20406a0000-7f20406ac000 ---p 00000000 00:00 0 
7f20406ac000-7f20406b9000 r--p 00000000 08:02 24642663                   /home/jatinbha/sandboxes/jdk/build/linux-x86_64-server-slowdebug/images/jdk/lib/libjava.so
7f20406b9000-7f20406d0000 r-xp 0000d000 08:02 24642663                   /home/jatinbha/sandboxes/jdk/build/linux-x86_64-server-slowdebug/images/jdk/lib/libjava.so
7f20406d0000-7f20406d6000 r--p 00024000 08:02 24642663                   /home/jatinbha/sandboxes/jdk/build/linux-x86_64-server-slowdebug/images/jdk/lib/libjava.so
7f20406d6000-7f20406d7000 ---p 0002a000 08:02 24642663                   /home/jatinbha/sandboxes/jdk/build/linux-x86_64-server-slowdebug/images/jdk/lib/libjava.so
7f20406d7000-7f20406d8000 r--p 0002a000 08:02 24642663                   /home/jatinbha/sandboxes/jdk/build/linux-x86_64-server-slowdebug/images/jdk/lib/libjava.so
7f20406d8000-7f20406da000 rw-p 0002b000 08:02 24642663                   /home/jatinbha/sandboxes/jdk/build/linux-x86_64-server-slowdebug/images/jdk/lib/libjava.so
7f20406da000-7f20406e2000 rw-s 00000000 08:02 3711154                    /tmp/hsperfdata_intel/390158
7f20406e2000-7f20406e6000 r--p 00000000 08:02 24642664                   /home/jatinbha/sandboxes/jdk/build/linux-x86_64-server-slowdebug/images/jdk/lib/libjimage.so
7f20406e6000-7f20406fd000 r-xp 00004000 08:02 24642664                   /home/jatinbha/sandboxes/jdk/build/linux-x86_64-server-slowdebug/images/jdk/lib/libjimage.so
7f20406fd000-7f2040704000 r--p 0001b000 08:02 24642664                   /home/jatinbha/sandboxes/jdk/build/linux-x86_64-server-slowdebug/images/jdk/lib/libjimage.so
7f2040704000-7f2040705000 ---p 00022000 08:02 24642664                   /home/jatinbha/sandboxes/jdk/build/linux-x86_64-server-slowdebug/images/jdk/lib/libjimage.so
7f2040705000-7f2040707000 r--p 00022000 08:02 24642664                   /home/jatinbha/sandboxes/jdk/build/linux-x86_64-server-slowdebug/images/jdk/lib/libjimage.so
7f2040707000-7f2040708000 rw-p 00024000 08:02 24642664                   /home/jatinbha/sandboxes/jdk/build/linux-x86_64-server-slowdebug/images/jdk/lib/libjimage.so
7f2040708000-7f204070c000 ---p 00000000 00:00 0 
7f204070c000-7f2040809000 rw-p 00000000 00:00 0 
7f2040809000-7f2040818000 r--p 00000000 08:02 7080075                    /usr/lib/x86_64-linux-gnu/libm-2.31.so
7f2040818000-7f20408bf000 r-xp 0000f000 08:02 7080075                    /usr/lib/x86_64-linux-gnu/libm-2.31.so
7f20408bf000-7f2040956000 r--p 000b6000 08:02 7080075                    /usr/lib/x86_64-linux-gnu/libm-2.31.so
7f2040956000-7f2040957000 r--p 0014c000 08:02 7080075                    /usr/lib/x86_64-linux-gnu/libm-2.31.so
7f2040957000-7f2040958000 rw-p 0014d000 08:02 7080075                    /usr/lib/x86_64-linux-gnu/libm-2.31.so
7f2040958000-7f204095b000 r--p 00000000 08:02 7080092                    /usr/lib/x86_64-linux-gnu/librt-2.31.so
7f204095b000-7f204095f000 r-xp 00003000 08:02 7080092                    /usr/lib/x86_64-linux-gnu/librt-2.31.so
7f204095f000-7f2040960000 r--p 00007000 08:02 7080092                    /usr/lib/x86_64-linux-gnu/librt-2.31.so
7f2040960000-7f2040961000 ---p 00008000 08:02 7080092                    /usr/lib/x86_64-linux-gnu/librt-2.31.so
7f2040961000-7f2040962000 r--p 00008000 08:02 7080092                    /usr/lib/x86_64-linux-gnu/librt-2.31.so
7f2040962000-7f2040963000 rw-p 00009000 08:02 7080092                    /usr/lib/x86_64-linux-gnu/librt-2.31.so
7f2040963000-7f2040ccd000 r--p 00000000 08:02 24642679                   /home/jatinbha/sandboxes/jdk/build/linux-x86_64-server-slowdebug/images/jdk/lib/server/libjvm.so
7f2040ccd000-7f2042141000 r-xp 0036a000 08:02 24642679                   /home/jatinbha/sandboxes/jdk/build/linux-x86_64-server-slowdebug/images/jdk/lib/server/libjvm.so
7f2042141000-7f2043090000 r--p 017de000 08:02 24642679                   /home/jatinbha/sandboxes/jdk/build/linux-x86_64-server-slowdebug/images/jdk/lib/server/libjvm.so
7f2043090000-7f2043091000 ---p 0272d000 08:02 24642679                   /home/jatinbha/sandboxes/jdk/build/linux-x86_64-server-slowdebug/images/jdk/lib/server/libjvm.so
7f2043091000-7f2043195000 r--p 0272d000 08:02 24642679                   /home/jatinbha/sandboxes/jdk/build/linux-x86_64-server-slowdebug/images/jdk/lib/server/libjvm.so
7f2043195000-7f20431e1000 rw-p 02831000 08:02 24642679                   /home/jatinbha/sandboxes/jdk/build/linux-x86_64-server-slowdebug/images/jdk/lib/server/libjvm.so
7f20431e1000-7f2043297000 rw-p 00000000 00:00 0 
7f2043297000-7f20432bc000 r--p 00000000 08:02 7080073                    /usr/lib/x86_64-linux-gnu/libc-2.31.so
7f20432bc000-7f2043434000 r-xp 00025000 08:02 7080073                    /usr/lib/x86_64-linux-gnu/libc-2.31.so
7f2043434000-7f204347e000 r--p 0019d000 08:02 7080073                    /usr/lib/x86_64-linux-gnu/libc-2.31.so
7f204347e000-7f204347f000 ---p 001e7000 08:02 7080073                    /usr/lib/x86_64-linux-gnu/libc-2.31.so
7f204347f000-7f2043482000 r--p 001e7000 08:02 7080073                    /usr/lib/x86_64-linux-gnu/libc-2.31.so
7f2043482000-7f2043485000 rw-p 001ea000 08:02 7080073                    /usr/lib/x86_64-linux-gnu/libc-2.31.so
7f2043485000-7f2043489000 rw-p 00000000 00:00 0 
7f2043489000-7f204348a000 r--p 00000000 08:02 7080074                    /usr/lib/x86_64-linux-gnu/libdl-2.31.so
7f204348a000-7f204348c000 r-xp 00001000 08:02 7080074                    /usr/lib/x86_64-linux-gnu/libdl-2.31.so
7f204348c000-7f204348d000 r--p 00003000 08:02 7080074                    /usr/lib/x86_64-linux-gnu/libdl-2.31.so
7f204348d000-7f204348e000 r--p 00003000 08:02 7080074                    /usr/lib/x86_64-linux-gnu/libdl-2.31.so
7f204348e000-7f204348f000 rw-p 00004000 08:02 7080074                    /usr/lib/x86_64-linux-gnu/libdl-2.31.so
7f204348f000-7f2043496000 r--p 00000000 08:02 7080090                    /usr/lib/x86_64-linux-gnu/libpthread-2.31.so
7f2043496000-7f20434a7000 r-xp 00007000 08:02 7080090                    /usr/lib/x86_64-linux-gnu/libpthread-2.31.so
7f20434a7000-7f20434ac000 r--p 00018000 08:02 7080090                    /usr/lib/x86_64-linux-gnu/libpthread-2.31.so
7f20434ac000-7f20434ad000 r--p 0001c000 08:02 7080090                    /usr/lib/x86_64-linux-gnu/libpthread-2.31.so
7f20434ad000-7f20434ae000 rw-p 0001d000 08:02 7080090                    /usr/lib/x86_64-linux-gnu/libpthread-2.31.so
7f20434ae000-7f20434b2000 rw-p 00000000 00:00 0 
7f20434b2000-7f20434b5000 r--p 00000000 08:02 24642665                   /home/jatinbha/sandboxes/jdk/build/linux-x86_64-server-slowdebug/images/jdk/lib/libjli.so
7f20434b5000-7f20434c4000 r-xp 00003000 08:02 24642665                   /home/jatinbha/sandboxes/jdk/build/linux-x86_64-server-slowdebug/images/jdk/lib/libjli.so
7f20434c4000-7f20434c8000 r--p 00012000 08:02 24642665                   /home/jatinbha/sandboxes/jdk/build/linux-x86_64-server-slowdebug/images/jdk/lib/libjli.so
7f20434c8000-7f20434c9000 r--p 00015000 08:02 24642665                   /home/jatinbha/sandboxes/jdk/build/linux-x86_64-server-slowdebug/images/jdk/lib/libjli.so
7f20434c9000-7f20434ca000 rw-p 00016000 08:02 24642665                   /home/jatinbha/sandboxes/jdk/build/linux-x86_64-server-slowdebug/images/jdk/lib/libjli.so
7f20434ca000-7f20434cc000 r--p 00000000 08:02 7078082                    /usr/lib/x86_64-linux-gnu/libz.so.1.2.11
7f20434cc000-7f20434dd000 r-xp 00002000 08:02 7078082                    /usr/lib/x86_64-linux-gnu/libz.so.1.2.11
7f20434dd000-7f20434e3000 r--p 00013000 08:02 7078082                    /usr/lib/x86_64-linux-gnu/libz.so.1.2.11
7f20434e3000-7f20434e4000 ---p 00019000 08:02 7078082                    /usr/lib/x86_64-linux-gnu/libz.so.1.2.11
7f20434e4000-7f20434e5000 r--p 00019000 08:02 7078082                    /usr/lib/x86_64-linux-gnu/libz.so.1.2.11
7f20434e5000-7f20434e6000 rw-p 0001a000 08:02 7078082                    /usr/lib/x86_64-linux-gnu/libz.so.1.2.11
7f20434e6000-7f20434e9000 r--p 00000000 08:02 7080081                    /usr/lib/x86_64-linux-gnu/libnss_files-2.31.so
7f20434e9000-7f20434f0000 r-xp 00003000 08:02 7080081                    /usr/lib/x86_64-linux-gnu/libnss_files-2.31.so
7f20434f0000-7f20434f2000 r--p 0000a000 08:02 7080081                    /usr/lib/x86_64-linux-gnu/libnss_files-2.31.so
7f20434f2000-7f20434f3000 r--p 0000b000 08:02 7080081                    /usr/lib/x86_64-linux-gnu/libnss_files-2.31.so
7f20434f3000-7f20434f4000 rw-p 0000c000 08:02 7080081                    /usr/lib/x86_64-linux-gnu/libnss_files-2.31.so
7f20434f4000-7f20434fa000 rw-p 00000000 00:00 0 
7f20434fa000-7f20434fb000 ---p 00000000 00:00 0 
7f20434fb000-7f20434fc000 r--p 00000000 00:00 0 
7f20434fc000-7f20434fe000 rw-p 00000000 00:00 0 
7f20434fe000-7f20434ff000 r--p 00000000 08:02 7080069                    /usr/lib/x86_64-linux-gnu/ld-2.31.so
7f20434ff000-7f2043522000 r-xp 00001000 08:02 7080069                    /usr/lib/x86_64-linux-gnu/ld-2.31.so
7f2043522000-7f204352a000 r--p 00024000 08:02 7080069                    /usr/lib/x86_64-linux-gnu/ld-2.31.so
7f204352a000-7f204352b000 rwxp 00000000 00:00 0 
7f204352b000-7f204352c000 r--p 0002c000 08:02 7080069                    /usr/lib/x86_64-linux-gnu/ld-2.31.so
7f204352c000-7f204352d000 rw-p 0002d000 08:02 7080069                    /usr/lib/x86_64-linux-gnu/ld-2.31.so
7f204352d000-7f204352e000 rw-p 00000000 00:00 0 
7fff1edd6000-7fff1edf7000 rw-p 00000000 00:00 0                          [stack]
7fff1edf9000-7fff1edfd000 r--p 00000000 00:00 0                          [vvar]
7fff1edfd000-7fff1edff000 r-xp 00000000 00:00 0                          [vdso]
ffffffffff600000-ffffffffff601000 --xp 00000000 00:00 0                  [vsyscall]
Total number of mappings: 196


VM Arguments:
jvm_args: --add-modules=jdk.incubator.vector -XX:CompileOnly=gather::micro -XX:+PauseAtStartup 
java_command: gather
java_class_path (initial): .
Launcher Type: SUN_STANDARD

[Global flags]
     intx CICompilerCount                          = 18                                        {product} {ergonomic}     Number of compiler threads to run
ccstrlist CompileOnly                              = gather::micro                             {product} {command line}  List of methods (pkg/class.name) to restrict compilation to
     uint ConcGCThreads                            = 18                                        {product} {ergonomic}     Number of threads concurrent gc will use
     uint G1ConcRefinementThreads                  = 73                                        {product} {ergonomic}     The number of parallel remembered set update threads. Will be set ergonomically by default.
   size_t G1HeapRegionSize                         = 16777216                                  {product} {ergonomic}     Size of the G1 regions.
   size_t InitialHeapSize                          = 2147483648                                {product} {ergonomic}     Initial heap size (in bytes); zero means use ergonomics
   size_t MarkStackSize                            = 4194304                                   {product} {ergonomic}     Size of marking stack
   size_t MaxHeapSize                              = 31675383808                               {product} {ergonomic}     Maximum heap size (in bytes)
   size_t MaxNewSize                               = 18991808512                               {product} {ergonomic}     Maximum new generation size (in bytes), max_uintx means set ergonomically
   size_t MinHeapDeltaBytes                        = 16777216                                  {product} {ergonomic}     The minimum change in heap space due to GC (in bytes)
   size_t MinHeapSize                              = 16777216                                  {product} {ergonomic}     Minimum heap size (in bytes); zero means use ergonomics
    uintx NonNMethodCodeHeapSize                   = 8782280                                {pd product} {ergonomic}     Size of code heap with non-nmethods (in bytes)
    uintx NonProfiledCodeHeapSize                  = 121437980                              {pd product} {ergonomic}     Size of code heap with non-profiled methods (in bytes)
     bool PauseAtStartup                           = true                                   {diagnostic} {command line}  Causes the VM to pause at startup time and wait for the pause file to be removed (default: ./vm.paused.<pid>)
    uintx ProfiledCodeHeapSize                     = 121437980                              {pd product} {ergonomic}     Size of code heap with profiled methods (in bytes)
    uintx ReservedCodeCacheSize                    = 251658240                              {pd product} {ergonomic}     Reserved code cache size (in bytes) - maximum code cache size
     bool SegmentedCodeCache                       = true                                      {product} {ergonomic}     Use a segmented code cache
   size_t SoftMaxHeapSize                          = 31675383808                            {manageable} {ergonomic}     Soft limit for maximum heap size (in bytes)
     bool THPStackMitigation                       = false                                  {diagnostic} {ergonomic}     If THPs are unconditionally enabled on the system (mode "always"), the JVM will prevent THP from forming in thread stacks. When disabled, the absence of this mitigationallows THPs to form in thread stacks.
     bool UseCompressedOops                        = true                           {product lp64_product} {ergonomic}   Use 32-bit object references in 64-bit VM. lp64_product means flag is always constant in 32 bit VM
     bool UseG1GC                                  = true                                      {product} {ergonomic}     Use the Garbage-First garbage collector

Logging:
Log output configuration:
 #0: stdout all=warning uptime,level,tags foldmultilines=false
 #1: stderr all=off uptime,level,tags foldmultilines=false

Environment Variables:
JAVA_HOME=/home/jatinbha/sandboxes/jdk/build/linux-x86_64-server-slowdebug/images/jdk/
PATH=/home/jatinbha/sandboxes/jdk/build/linux-x86_64-server-slowdebug/images/jdk//bin:/home/jatinbha/.local/bin:/home/jatinbha/bin:/home/jatinbha/sandboxes/llvm-project/llvm-project/llvm/build-dir/bin/:/home/jatinbha/softwares/cmake-3.26.3-linux-x86_64/bin:/home/jatinbha/softwares/jdk-17.0.2//bin:/home/jatinbha/softwares/thrift-0.16.0/bin:/home/jatinbha/softwares/jdk8u322-b06//bin:/home/jatinbha/softwares/jdk-17//bin:/home/jatinbha/softwares/apache-maven-3.6.3/bin:/home/jatinbha/sandboxes/skara/build/bin:/home/jatinbha/softwares/sde-internal-conf-8.62.0-2021-01-03-lin:/usr/local/sbin:/usr/local/bin:/usr/sbin:/usr/bin:/sbin:/bin:/usr/games:/usr/local/games:/snap/bin
LD_LIBRARY_PATH=/home/jatinbha/softwares:
SHELL=/bin/bash
LANG=en_IN
TERM=xterm-256color

Active Locale:
LC_ALL=en_IN
LC_COLLATE=en_IN
LC_CTYPE=en_IN
LC_MESSAGES=en_IN
LC_MONETARY=en_IN
LC_NUMERIC=en_IN
LC_TIME=en_IN

Signal Handlers:
   SIGSEGV: crash_handler in libjvm.so, mask=11100100010111111101111111111110, flags=SA_RESTART|SA_SIGINFO, unblocked
    SIGBUS: crash_handler in libjvm.so, mask=11100100010111111101111111111110, flags=SA_RESTART|SA_SIGINFO, unblocked
    SIGFPE: crash_handler in libjvm.so, mask=11100100010111111101111111111110, flags=SA_RESTART|SA_SIGINFO, unblocked
   SIGPIPE: javaSignalHandler in libjvm.so, mask=11100100010111111101111111111110, flags=SA_RESTART|SA_SIGINFO, unblocked
   SIGXFSZ: javaSignalHandler in libjvm.so, mask=11100100010111111101111111111110, flags=SA_RESTART|SA_SIGINFO, unblocked
    SIGILL: crash_handler in libjvm.so, mask=11100100010111111101111111111110, flags=SA_RESTART|SA_SIGINFO, unblocked
   SIGUSR2: SR_handler in libjvm.so, mask=00000000000000000000000000000000, flags=SA_RESTART|SA_SIGINFO, unblocked
    SIGHUP: UserHandler in libjvm.so, mask=11100100010111111101111111111110, flags=SA_RESTART|SA_SIGINFO, unblocked
    SIGINT: UserHandler in libjvm.so, mask=11100100010111111101111111111110, flags=SA_RESTART|SA_SIGINFO, unblocked
   SIGTERM: UserHandler in libjvm.so, mask=11100100010111111101111111111110, flags=SA_RESTART|SA_SIGINFO, unblocked
   SIGQUIT: UserHandler in libjvm.so, mask=11100100010111111101111111111110, flags=SA_RESTART|SA_SIGINFO, blocked
   SIGTRAP: crash_handler in libjvm.so, mask=11100100010111111101111111111110, flags=SA_RESTART|SA_SIGINFO, unblocked


Native Memory Tracking:

(Omitting categories weighting less than 1KB)

Total: reserved=33173193KB, committed=2419309KB
       malloc: 203573KB #32862
       mmap:   reserved=32969620KB, committed=2215736KB

-                 Java Heap (reserved=30932992KB, committed=2113536KB)
                            (mmap: reserved=30932992KB, committed=2113536KB, largest_committed=2097152KB) 
 
-                     Class (reserved=1048711KB, committed=327KB)
                            (classes #1027)
                            (  instance classes #886, array classes #141)
                            (malloc=135KB #2448) (peak=135KB #2447) 
                            (mmap: reserved=1048576KB, committed=192KB, largest_committed=64KB) 
                            (  Metadata:   )
                            (    reserved=65536KB, committed=2048KB)
                            (    used=1964KB)
                            (    waste=84KB =4.10%)
                            (  Class space:)
                            (    reserved=1048576KB, committed=192KB)
                            (    used=144KB)
                            (    waste=48KB =25.22%)
 
-                    Thread (reserved=17500KB, committed=816KB)
                            (threads #17)
                            (stack: reserved=17448KB, committed=764KB, largest_committed=116KB)
                            (malloc=34KB #106) (peak=42KB #110) 
                            (arena=18KB #32) (peak=198KB #32)
 
-                      Code (reserved=248102KB, committed=7966KB)
                            (malloc=418KB #12982) (peak=418KB #12986) 
                            (mmap: reserved=247684KB, committed=7548KB, largest_committed=2496KB) 
                            (arena=0KB #0) (peak=33KB #1)
 
-                        GC (reserved=793705KB, committed=230825KB)
                            (malloc=152749KB #1286) (at peak) 
                            (mmap: reserved=640956KB, committed=78076KB, largest_committed=32768KB) 
 
-                 GCCardSet (reserved=29KB, committed=29KB)
                            (malloc=29KB #390) (at peak) 
 
-                  Compiler (reserved=2769KB, committed=2769KB)
                            (malloc=3KB #30) (peak=3KB #31) 
                            (arena=2766KB #10) (peak=3201KB #5)
 
-                  Internal (reserved=45149KB, committed=45149KB)
                            (malloc=45113KB #11334) (peak=45113KB #11335) 
                            (mmap: reserved=36KB, committed=36KB, largest_committed=32KB) 
 
-                    Symbol (reserved=1373KB, committed=1373KB)
                            (malloc=821KB #683) (at peak) 
                            (arena=552KB #1) (at peak)
 
-    Native Memory Tracking (reserved=520KB, committed=520KB)
                            (malloc=7KB #67) (at peak) 
                            (tracking overhead=513KB)
 
-        Shared class space (reserved=16384KB, committed=13528KB, readonly=0KB)
                            (mmap: reserved=16384KB, committed=13528KB, largest_committed=8372KB) 
 
-               Arena Chunk (reserved=2KB, committed=2KB)
                            (malloc=2KB #133) (peak=3852KB #152) 
 
-                    Module (reserved=198KB, committed=198KB)
                            (malloc=198KB #2075) (at peak) 
 
-                 Safepoint (reserved=8KB, committed=8KB)
                            (mmap: reserved=8KB, committed=8KB, largest_committed=8KB) 
 
-           Synchronization (reserved=168KB, committed=168KB)
                            (malloc=168KB #1261) (at peak) 
 
-            Serviceability (reserved=17KB, committed=17KB)
                            (malloc=17KB #9) (peak=17KB #13) 
 
-                 Metaspace (reserved=65564KB, committed=2076KB)
                            (malloc=28KB #33) (at peak) 
                            (mmap: reserved=65536KB, committed=2048KB, largest_committed=64KB) 
 
-      String Deduplication (reserved=1KB, committed=1KB)
                            (malloc=1KB #8) (at peak) 
 
Preinit state:entries: 374 (primary: 374, empties: 7817), sum bytes: 14580, longest chain length: 1
pre-init mallocs: 408, pre-init reallocs: 2, pre-init frees: 34
MallocLimit: unset

Periodic native trim disabled

---------------  S Y S T E M  ---------------

OS:
DISTRIB_ID=Ubuntu
DISTRIB_RELEASE=20.04
DISTRIB_CODENAME=focal
DISTRIB_DESCRIPTION="Ubuntu 20.04.2 LTS"
uname: Linux intel-S2600WFT 5.8.0-41-generic #46~20.04.1-Ubuntu SMP Mon Jan 18 17:52:23 UTC 2021 x86_64
OS uptime: 297 days 22:53 hours
libc: glibc 2.31 NPTL 2.31 
rlimit (soft/hard): STACK 8192k/infinity , CORE 0k/infinity , NPROC 3090646/3090646 , NOFILE 1048576/1048576 , AS infinity/infinity , CPU infinity/infinity , DATA infinity/infinity , FSIZE infinity/infinity , MEMLOCK 65536k/65536k
load average: 0.00 0.00 0.00

/proc/meminfo:
MemTotal:       791263984 kB
MemFree:        683848168 kB
MemAvailable:   782034144 kB
Buffers:         3165088 kB
Cached:         92310588 kB
SwapCached:        11636 kB
Active:         36333144 kB
Inactive:       59601580 kB
Active(anon):     360304 kB
Inactive(anon):    92980 kB
Active(file):   35972840 kB
Inactive(file): 59508600 kB
Unevictable:           0 kB
Mlocked:               0 kB
SwapTotal:       2097148 kB
SwapFree:        1781700 kB
Dirty:               632 kB
Writeback:             0 kB
AnonPages:        450496 kB
Mapped:           175824 kB
Shmem:              2552 kB
KReclaimable:    7758616 kB
Slab:            9825280 kB
SReclaimable:    7758616 kB
SUnreclaim:      2066664 kB
KernelStack:       28576 kB
PageTables:        14560 kB
NFS_Unstable:          0 kB
Bounce:                0 kB
WritebackTmp:          0 kB
CommitLimit:    397729140 kB
Committed_AS:    8038756 kB
VmallocTotal:   34359738367 kB
VmallocUsed:      467068 kB
VmallocChunk:          0 kB
Percpu:           597632 kB
HardwareCorrupted:     0 kB
AnonHugePages:         0 kB
ShmemHugePages:        0 kB
ShmemPmdMapped:        0 kB
FileHugePages:         0 kB
FilePmdMapped:         0 kB
HugePages_Total:       0
HugePages_Free:        0
HugePages_Rsvd:        0
HugePages_Surp:        0
Hugepagesize:       2048 kB
Hugetlb:               0 kB
DirectMap4k:     5305756 kB
DirectMap2M:    356141056 kB
DirectMap1G:    444596224 kB

/sys/kernel/mm/transparent_hugepage/enabled: always [madvise] never
/sys/kernel/mm/transparent_hugepage/defrag (defrag/compaction efforts parameter): always defer defer+madvise [madvise] never

Process Memory:
Virtual Size: 34473004K (peak: 34493892K)
Resident Set Size: 311740K (peak: 311740K) (anon: 274656K, file: 37084K, shmem: 0K)
Swapped out: 0K
C-Heap outstanding allocations: 205111K, retained: 2404K (may have wrapped)
glibc malloc tunables: (default)

/proc/sys/kernel/threads-max (system-wide limit on the number of threads): 6181293
/proc/sys/vm/max_map_count (maximum number of memory map areas a process may have): 65530
/proc/sys/kernel/pid_max (system-wide limit on number of process identifiers): 4194304

container (cgroup) information:
container_type: cgroupv1
cpu_cpuset_cpus: 0-111
cpu_memory_nodes: 0-1
active_processor_count: 112
cpu_quota: no quota
cpu_period: 100000
cpu_shares: no shares
memory_limit_in_bytes: unlimited
memory_and_swap_limit_in_bytes: unlimited
memory_soft_limit_in_bytes: unlimited
memory_usage_in_bytes: 287832 k
memory_max_usage_in_bytes: 864600 k
kernel_memory_usage_in_bytes: 8812 k
kernel_memory_max_usage_in_bytes: unlimited
kernel_memory_limit_in_bytes: 10784 k
maximum number of tasks: unlimited
current number of tasks: 21

Steal ticks since vm start: 0
Steal ticks percentage since vm start:  0.000

CPU: total 112 (initial active 112) (28 cores per cpu, 2 threads per core) family 6 model 85 stepping 7 microcode 0x5003006, cx8, cmov, fxsr, ht, mmx, 3dnowpref, sse, sse2, sse3, ssse3, sse4.1, sse4.2, popcnt, lzcnt, tsc, tscinvbit, avx, avx2, aes, erms, clmul, bmi1, bmi2, adx, avx512f, avx512dq, avx512cd, avx512bw, avx512vl, fma, vzeroupper, avx512_vnni, clflush, clflushopt, clwb, rdtscp, f16c, pku, ospke
CPU Model and flags from /proc/cpuinfo:
model name	: Intel(R) Xeon(R) Platinum 8280 CPU @ 2.70GHz
flags		: fpu vme de pse tsc msr pae mce cx8 apic sep mtrr pge mca cmov pat pse36 clflush dts acpi mmx fxsr sse sse2 ss ht tm pbe syscall nx pdpe1gb rdtscp lm constant_tsc art arch_perfmon pebs bts rep_good nopl xtopology nonstop_tsc cpuid aperfmperf pni pclmulqdq dtes64 monitor ds_cpl smx est tm2 ssse3 sdbg fma cx16 xtpr pdcm pcid dca sse4_1 sse4_2 x2apic movbe popcnt tsc_deadline_timer aes xsave avx f16c rdrand lahf_lm abm 3dnowprefetch cpuid_fault epb cat_l3 cdp_l3 invpcid_single ssbd mba ibrs ibpb stibp ibrs_enhanced fsgsbase tsc_adjust bmi1 avx2 smep bmi2 erms invpcid cqm mpx rdt_a avx512f avx512dq rdseed adx smap clflushopt clwb intel_pt avx512cd avx512bw avx512vl xsaveopt xsavec xgetbv1 xsaves cqm_llc cqm_occup_llc cqm_mbm_total cqm_mbm_local dtherm ida arat pln pts hwp hwp_act_window hwp_epp hwp_pkg_req pku ospke avx512_vnni md_clear flush_l1d arch_capabilities

Online cpus: 0-111
Offline cpus: 
cache level: 1
cache type: Data
cache size: 32K
cache coherency line size: 64
cache level: 1
cache type: Instruction
cache size: 32K
cache coherency line size: 64
cache level: 2
cache type: Unified
cache size: 1024K
cache coherency line size: 64
cache level: 3
cache type: Unified
cache size: 39424K
cache coherency line size: 64
BIOS frequency limitation: <Not Available>
Frequency switch latency (ns): 0
Available cpu frequencies: <Not Available>
Maximum cpu frequency: 4000000
Minimum cpu frequency: 1000000
Current cpu frequency: 2917183
Available governors: performance powersave
Current governor: powersave
Core performance/turbo boost: <Not Available>

Memory: 4k page, physical 791263984k(782034204k free), swap 2097148k(1781700k free)
Page Sizes: 4k

vm_info: OpenJDK 64-Bit Server VM (slowdebug 22-internal-adhoc.root.jdk) for linux-amd64 JRE (22-internal-adhoc.root.jdk), built on 2023-10-03T04:15:56Z by "root" with gcc 9.3.0

END.
