it|in|Dissasembly                                       :012345678901234567890123456789012345678901234567890123456789012345678901234567890123456789012345678901234567890123456789012345678901234567890123456789
 0| 0|mov rdx, qword ptr [rsp-0x10]                     :          |         |         |         |         |         |         |         |         |         |         |         |         |         |         
 0| 0|    TYPE_LOAD (1 uops)                            :s---deeeew----R-------p       |         |         |         |         |         |         |         |         |         |         |         |         
 0| 1|mov rsi, qword ptr [rsp-0x18]                     :          |         |         |         |         |         |         |         |         |         |         |         |         |         |         
 0| 1|    TYPE_LOAD (1 uops)                            :s---deeeew----R-------p       |         |         |         |         |         |         |         |         |         |         |         |         
 0| 2|kmovq k2, rax                                     :          |         |         |         |         |         |         |         |         |         |         |         |         |         |         
 0| 2|    TYPE_OP (1 uops)                              :sdw-----------R-------p       |         |         |         |         |         |         |         |         |         |         |         |         
 0| 3|vmovdqu32 ymm0{k2}, ymmword ptr [rdx]             :          |         |         |         |         |         |         |         |         |         |         |         |         |         |         
 0| 3|    TYPE_LOAD (1 uops)                            :A--------deeeeeew----R-------p|         |         |         |         |         |         |         |         |         |         |         |         
 0| 3|    TYPE_OP (1 uops)                              : A--------------dw----R-------p         |         |         |         |         |         |         |         |         |         |         |         
 0| 4|vmovdqu32 ymmword ptr [rsi]{k2}, ymm0             :          |         |         |         |         |         |         |         |         |         |         |         |         |         |         
 0| 4|    TYPE_STOREDATA (1 uops)                       : A---------------dw----R-------p        |         |         |         |         |         |         |         |         |         |         |         
 0| 4|    TYPE_STOREADDRESS (1 uops)                    : A-------deeeew--------R-------p        |         |         |         |         |         |         |         |         |         |         |         
 0| 5|lea rcx, ptr [rsi]                                :          |         |         |         |         |         |         |         |         |         |         |         |         |         |         
 0| 5|    TYPE_OP (1 uops)                              : A-------dw------------R-------p        |         |         |         |         |         |         |         |         |         |         |         
 0| 6|mov eax, dword ptr [rcx]                          :          |         |         |         |         |         |         |         |         |         |         |         |         |         |         
 0| 6|    TYPE_LOAD (1 uops)                            : A--------deeeew-------R-------p        |         |         |         |         |         |         |         |         |         |         |         
 1| 0|mov rdx, qword ptr [rsp-0x10]                     :          |         |         |         |         |         |         |         |         |         |         |         |         |         |         
 1| 0|    TYPE_LOAD (1 uops)                            :  s---deeeew-----------R-------p        |         |         |         |         |         |         |         |         |         |         |         
 1| 1|mov rsi, qword ptr [rsp-0x18]                     :          |         |         |         |         |         |         |         |         |         |         |         |         |         |         
 1| 1|    TYPE_LOAD (1 uops)                            :  s---deeeew------------R-------p       |         |         |         |         |         |         |         |         |         |         |         
 1| 2|kmovq k2, rax                                     :          |         |         |         |         |         |         |         |         |         |         |         |         |         |         
 1| 2|    TYPE_OP (1 uops)                              :  A------------dw-------R-------p       |         |         |         |         |         |         |         |         |         |         |         
 1| 3|vmovdqu32 ymm0{k2}, ymmword ptr [rdx]             :          |         |         |         |         |         |         |         |         |         |         |         |         |         |         
 1| 3|    TYPE_LOAD (1 uops)                            :  A--------deeeeeew-----R-------p       |         |         |         |         |         |         |         |         |         |         |         
 1| 3|    TYPE_OP (1 uops)                              :   A--------------dw----R-------p       |         |         |         |         |         |         |         |         |         |         |         
 1| 4|vmovdqu32 ymmword ptr [rsi]{k2}, ymm0             :          |         |         |         |         |         |         |         |         |         |         |         |         |         |         
 1| 4|    TYPE_STOREDATA (1 uops)                       :   A---------------dw----R-------p      |         |         |         |         |         |         |         |         |         |         |         
 1| 4|    TYPE_STOREADDRESS (1 uops)                    :   A-------deeeew--------R-------p      |         |         |         |         |         |         |         |         |         |         |         
 1| 5|lea rcx, ptr [rsi]                                :          |         |         |         |         |         |         |         |         |         |         |         |         |         |         
 1| 5|    TYPE_OP (1 uops)                              :   A-------dw------------R-------p      |         |         |         |         |         |         |         |         |         |         |         
 1| 6|mov eax, dword ptr [rcx]                          :          |         |         |         |         |         |         |         |         |         |         |         |         |         |         
 1| 6|    TYPE_LOAD (1 uops)                            :   A--------deeeew-------R-------p      |         |         |         |         |         |         |         |         |         |         |         
 2| 0|mov rdx, qword ptr [rsp-0x10]                     :          |         |         |         |         |         |         |         |         |         |         |         |         |         |         
 2| 0|    TYPE_LOAD (1 uops)                            :    s---deeeew-----------R-------p      |         |         |         |         |         |         |         |         |         |         |         
 2| 1|mov rsi, qword ptr [rsp-0x18]                     :          |         |         |         |         |         |         |         |         |         |         |         |         |         |         
 2| 1|    TYPE_LOAD (1 uops)                            :    s---deeeew------------R-------p     |         |         |         |         |         |         |         |         |         |         |         
 2| 2|kmovq k2, rax                                     :          |         |         |         |         |         |         |         |         |         |         |         |         |         |         
 2| 2|    TYPE_OP (1 uops)                              :    A------------dw-------R-------p     |         |         |         |         |         |         |         |         |         |         |         
 2| 3|vmovdqu32 ymm0{k2}, ymmword ptr [rdx]             :          |         |         |         |         |         |         |         |         |         |         |         |         |         |         
 2| 3|    TYPE_LOAD (1 uops)                            :    A--------deeeeeew-----R-------p     |         |         |         |         |         |         |         |         |         |         |         
 2| 3|    TYPE_OP (1 uops)                              :     A--------------dw----R-------p     |         |         |         |         |         |         |         |         |         |         |         
 2| 4|vmovdqu32 ymmword ptr [rsi]{k2}, ymm0             :          |         |         |         |         |         |         |         |         |         |         |         |         |         |         
 2| 4|    TYPE_STOREDATA (1 uops)                       :     A---------------dw----R-------p    |         |         |         |         |         |         |         |         |         |         |         
 2| 4|    TYPE_STOREADDRESS (1 uops)                    :     A-------deeeew--------R-------p    |         |         |         |         |         |         |         |         |         |         |         
 2| 5|lea rcx, ptr [rsi]                                :          |         |         |         |         |         |         |         |         |         |         |         |         |         |         
 2| 5|    TYPE_OP (1 uops)                              :     A-------dw------------R-------p    |         |         |         |         |         |         |         |         |         |         |         
 2| 6|mov eax, dword ptr [rcx]                          :          |         |         |         |         |         |         |         |         |         |         |         |         |         |         
 2| 6|    TYPE_LOAD (1 uops)                            :     A--------deeeew-------R-------p    |         |         |         |         |         |         |         |         |         |         |         
 3| 0|mov rdx, qword ptr [rsp-0x10]                     :          |         |         |         |         |         |         |         |         |         |         |         |         |         |         
 3| 0|    TYPE_LOAD (1 uops)                            :      s---deeeew-----------R-------p    |         |         |         |         |         |         |         |         |         |         |         
 3| 1|mov rsi, qword ptr [rsp-0x18]                     :          |         |         |         |         |         |         |         |         |         |         |         |         |         |         
 3| 1|    TYPE_LOAD (1 uops)                            :      s---cdeeeew-----------R-------p   |         |         |         |         |         |         |         |         |         |         |         
 3| 2|kmovq k2, rax                                     :          |         |         |         |         |         |         |         |         |         |         |         |         |         |         
 3| 2|    TYPE_OP (1 uops)                              :      A------------dw-------R-------p   |         |         |         |         |         |         |         |         |         |         |         
 3| 3|vmovdqu32 ymm0{k2}, ymmword ptr [rdx]             :          |         |         |         |         |         |         |         |         |         |         |         |         |         |         
 3| 3|    TYPE_LOAD (1 uops)                            :      A--------deeeeeew-----R-------p   |         |         |         |         |         |         |         |         |         |         |         
 3| 3|    TYPE_OP (1 uops)                              :       A--------------dw----R-------p   |         |         |         |         |         |         |         |         |         |         |         
 3| 4|vmovdqu32 ymmword ptr [rsi]{k2}, ymm0             :          |         |         |         |         |         |         |         |         |         |         |         |         |         |         
 3| 4|    TYPE_STOREDATA (1 uops)                       :       A---------------dw----R-------p  |         |         |         |         |         |         |         |         |         |         |         
 3| 4|    TYPE_STOREADDRESS (1 uops)                    :       A--------deeeew-------R-------p  |         |         |         |         |         |         |         |         |         |         |         
 3| 5|lea rcx, ptr [rsi]                                :          |         |         |         |         |         |         |         |         |         |         |         |         |         |         
 3| 5|    TYPE_OP (1 uops)                              :       A--------dw-----------R-------p  |         |         |         |         |         |         |         |         |         |         |         
 3| 6|mov eax, dword ptr [rcx]                          :          |         |         |         |         |         |         |         |         |         |         |         |         |         |         
 3| 6|    TYPE_LOAD (1 uops)                            :       A---------deeeew------R-------p  |         |         |         |         |         |         |         |         |         |         |         
 4| 0|mov rdx, qword ptr [rsp-0x10]                     :          |         |         |         |         |         |         |         |         |         |         |         |         |         |         
 4| 0|    TYPE_LOAD (1 uops)                            :        s---deeeew-----------R-------p  |         |         |         |         |         |         |         |         |         |         |         
 4| 1|mov rsi, qword ptr [rsp-0x18]                     :          |         |         |         |         |         |         |         |         |         |         |         |         |         |         
 4| 1|    TYPE_LOAD (1 uops)                            :        s---cdeeeew-----------R-------p |         |         |         |         |         |         |         |         |         |         |         
 4| 2|kmovq k2, rax                                     :          |         |         |         |         |         |         |         |         |         |         |         |         |         |         
 4| 2|    TYPE_OP (1 uops)                              :        A-------------dw------R-------p |         |         |         |         |         |         |         |         |         |         |         
 4| 3|vmovdqu32 ymm0{k2}, ymmword ptr [rdx]             :          |         |         |         |         |         |         |         |         |         |         |         |         |         |         
 4| 3|    TYPE_LOAD (1 uops)                            :        A--------deeeeeew-----R-------p |         |         |         |         |         |         |         |         |         |         |         
 4| 3|    TYPE_OP (1 uops)                              :         A--------------dw----R-------p |         |         |         |         |         |         |         |         |         |         |         
 4| 4|vmovdqu32 ymmword ptr [rsi]{k2}, ymm0             :          |         |         |         |         |         |         |         |         |         |         |         |         |         |         
 4| 4|    TYPE_STOREDATA (1 uops)                       :         A---------------dw----R-------p|         |         |         |         |         |         |         |         |         |         |         
 4| 4|    TYPE_STOREADDRESS (1 uops)                    :         A--------deeeew-------R-------p|         |         |         |         |         |         |         |         |         |         |         
 4| 5|lea rcx, ptr [rsi]                                :          |         |         |         |         |         |         |         |         |         |         |         |         |         |         
 4| 5|    TYPE_OP (1 uops)                              :         A--------dw-----------R-------p|         |         |         |         |         |         |         |         |         |         |         
 4| 6|mov eax, dword ptr [rcx]                          :          |         |         |         |         |         |         |         |         |         |         |         |         |         |         
 4| 6|    TYPE_LOAD (1 uops)                            :         A---------deeeew------R-------p|         |         |         |         |         |         |         |         |         |         |         
 5| 0|mov rdx, qword ptr [rsp-0x10]                     :          |         |         |         |         |         |         |         |         |         |         |         |         |         |         
 5| 0|    TYPE_LOAD (1 uops)                            :          s---deeeew-----------R-------p|         |         |         |         |         |         |         |         |         |         |         
 5| 1|mov rsi, qword ptr [rsp-0x18]                     :          |         |         |         |         |         |         |         |         |         |         |         |         |         |         
 5| 1|    TYPE_LOAD (1 uops)                            :          s---cdeeeew-----------R-------p         |         |         |         |         |         |         |         |         |         |         
 5| 2|kmovq k2, rax                                     :          |         |         |         |         |         |         |         |         |         |         |         |         |         |         
 5| 2|    TYPE_OP (1 uops)                              :          A-------------dw------R-------p         |         |         |         |         |         |         |         |         |         |         
 5| 3|vmovdqu32 ymm0{k2}, ymmword ptr [rdx]             :          |         |         |         |         |         |         |         |         |         |         |         |         |         |         
 5| 3|    TYPE_LOAD (1 uops)                            :          A--------deeeeeew-----R-------p         |         |         |         |         |         |         |         |         |         |         
 5| 3|    TYPE_OP (1 uops)                              :          |A--------------dw----R-------p         |         |         |         |         |         |         |         |         |         |         
 5| 4|vmovdqu32 ymmword ptr [rsi]{k2}, ymm0             :          |         |         |         |         |         |         |         |         |         |         |         |         |         |         
 5| 4|    TYPE_STOREDATA (1 uops)                       :          |A---------------dw----R-------p        |         |         |         |         |         |         |         |         |         |         
 5| 4|    TYPE_STOREADDRESS (1 uops)                    :          |A--------deeeew-------R-------p        |         |         |         |         |         |         |         |         |         |         
 5| 5|lea rcx, ptr [rsi]                                :          |         |         |         |         |         |         |         |         |         |         |         |         |         |         
 5| 5|    TYPE_OP (1 uops)                              :          |A--------dw-----------R-------p        |         |         |         |         |         |         |         |         |         |         
 5| 6|mov eax, dword ptr [rcx]                          :          |         |         |         |         |         |         |         |         |         |         |         |         |         |         
 5| 6|    TYPE_LOAD (1 uops)                            :          |A---------deeeew------R-------p        |         |         |         |         |         |         |         |         |         |         
 6| 0|mov rdx, qword ptr [rsp-0x10]                     :          |         |         |         |         |         |         |         |         |         |         |         |         |         |         
 6| 0|    TYPE_LOAD (1 uops)                            :          | s---deeeew-----------R-------p        |         |         |         |         |         |         |         |         |         |         
 6| 1|mov rsi, qword ptr [rsp-0x18]                     :          |         |         |         |         |         |         |         |         |         |         |         |         |         |         
 6| 1|    TYPE_LOAD (1 uops)                            :          | s---deeeew------------R-------p       |         |         |         |         |         |         |         |         |         |         
 6| 2|kmovq k2, rax                                     :          |         |         |         |         |         |         |         |         |         |         |         |         |         |         
 6| 2|    TYPE_OP (1 uops)                              :          | A-------------dw------R-------p       |         |         |         |         |         |         |         |         |         |         
 6| 3|vmovdqu32 ymm0{k2}, ymmword ptr [rdx]             :          |         |         |         |         |         |         |         |         |         |         |         |         |         |         
 6| 3|    TYPE_LOAD (1 uops)                            :          | A--------deeeeeew-----R-------p       |         |         |         |         |         |         |         |         |         |         
 6| 3|    TYPE_OP (1 uops)                              :          |  A--------------dw----R-------p       |         |         |         |         |         |         |         |         |         |         
 6| 4|vmovdqu32 ymmword ptr [rsi]{k2}, ymm0             :          |         |         |         |         |         |         |         |         |         |         |         |         |         |         
 6| 4|    TYPE_STOREDATA (1 uops)                       :          |  A---------------dw----R-------p      |         |         |         |         |         |         |         |         |         |         
 6| 4|    TYPE_STOREADDRESS (1 uops)                    :          |  A-------deeeew--------R-------p      |         |         |         |         |         |         |         |         |         |         
 6| 5|lea rcx, ptr [rsi]                                :          |         |         |         |         |         |         |         |         |         |         |         |         |         |         
 6| 5|    TYPE_OP (1 uops)                              :          |  A-------dw------------R-------p      |         |         |         |         |         |         |         |         |         |         
 6| 6|mov eax, dword ptr [rcx]                          :          |         |         |         |         |         |         |         |         |         |         |         |         |         |         
 6| 6|    TYPE_LOAD (1 uops)                            :          |  A--------deeeew-------R-------p      |         |         |         |         |         |         |         |         |         |         
 7| 0|mov rdx, qword ptr [rsp-0x10]                     :          |         |         |         |         |         |         |         |         |         |         |         |         |         |         
 7| 0|    TYPE_LOAD (1 uops)                            :          |   s---deeeew-----------R-------p      |         |         |         |         |         |         |         |         |         |         
 7| 1|mov rsi, qword ptr [rsp-0x18]                     :          |         |         |         |         |         |         |         |         |         |         |         |         |         |         
 7| 1|    TYPE_LOAD (1 uops)                            :          |   s---deeeew------------R-------p     |         |         |         |         |         |         |         |         |         |         
 7| 2|kmovq k2, rax                                     :          |         |         |         |         |         |         |         |         |         |         |         |         |         |         
 7| 2|    TYPE_OP (1 uops)                              :          |   A------------dw-------R-------p     |         |         |         |         |         |         |         |         |         |         
 7| 3|vmovdqu32 ymm0{k2}, ymmword ptr [rdx]             :          |         |         |         |         |         |         |         |         |         |         |         |         |         |         
 7| 3|    TYPE_LOAD (1 uops)                            :          |   A--------deeeeeew-----R-------p     |         |         |         |         |         |         |         |         |         |         
 7| 3|    TYPE_OP (1 uops)                              :          |    A--------------dw----R-------p     |         |         |         |         |         |         |         |         |         |         
 7| 4|vmovdqu32 ymmword ptr [rsi]{k2}, ymm0             :          |         |         |         |         |         |         |         |         |         |         |         |         |         |         
 7| 4|    TYPE_STOREDATA (1 uops)                       :          |    A---------------dw----R-------p    |         |         |         |         |         |         |         |         |         |         
 7| 4|    TYPE_STOREADDRESS (1 uops)                    :          |    A-------deeeew--------R-------p    |         |         |         |         |         |         |         |         |         |         
 7| 5|lea rcx, ptr [rsi]                                :          |         |         |         |         |         |         |         |         |         |         |         |         |         |         
 7| 5|    TYPE_OP (1 uops)                              :          |    A-------dw------------R-------p    |         |         |         |         |         |         |         |         |         |         
 7| 6|mov eax, dword ptr [rcx]                          :          |         |         |         |         |         |         |         |         |         |         |         |         |         |         
 7| 6|    TYPE_LOAD (1 uops)                            :          |    A--------deeeew-------R-------p    |         |         |         |         |         |         |         |         |         |         
 8| 0|mov rdx, qword ptr [rsp-0x10]                     :          |         |         |         |         |         |         |         |         |         |         |         |         |         |         
 8| 0|    TYPE_LOAD (1 uops)                            :          |     s---deeeew-----------R-------p    |         |         |         |         |         |         |         |         |         |         
 8| 1|mov rsi, qword ptr [rsp-0x18]                     :          |         |         |         |         |         |         |         |         |         |         |         |         |         |         
 8| 1|    TYPE_LOAD (1 uops)                            :          |     s---deeeew------------R-------p   |         |         |         |         |         |         |         |         |         |         
 8| 2|kmovq k2, rax                                     :          |         |         |         |         |         |         |         |         |         |         |         |         |         |         
 8| 2|    TYPE_OP (1 uops)                              :          |     A------------dw-------R-------p   |         |         |         |         |         |         |         |         |         |         
 8| 3|vmovdqu32 ymm0{k2}, ymmword ptr [rdx]             :          |         |         |         |         |         |         |         |         |         |         |         |         |         |         
 8| 3|    TYPE_LOAD (1 uops)                            :          |     A--------deeeeeew-----R-------p   |         |         |         |         |         |         |         |         |         |         
 8| 3|    TYPE_OP (1 uops)                              :          |      A--------------dw----R-------p   |         |         |         |         |         |         |         |         |         |         
 8| 4|vmovdqu32 ymmword ptr [rsi]{k2}, ymm0             :          |         |         |         |         |         |         |         |         |         |         |         |         |         |         
 8| 4|    TYPE_STOREDATA (1 uops)                       :          |      A---------------dw----R-------p  |         |         |         |         |         |         |         |         |         |         
 8| 4|    TYPE_STOREADDRESS (1 uops)                    :          |      A-------deeeew--------R-------p  |         |         |         |         |         |         |         |         |         |         
 8| 5|lea rcx, ptr [rsi]                                :          |         |         |         |         |         |         |         |         |         |         |         |         |         |         
 8| 5|    TYPE_OP (1 uops)                              :          |      A-------dw------------R-------p  |         |         |         |         |         |         |         |         |         |         
 8| 6|mov eax, dword ptr [rcx]                          :          |         |         |         |         |         |         |         |         |         |         |         |         |         |         
 8| 6|    TYPE_LOAD (1 uops)                            :          |      A--------deeeew-------R-------p  |         |         |         |         |         |         |         |         |         |         
 9| 0|mov rdx, qword ptr [rsp-0x10]                     :          |         |         |         |         |         |         |         |         |         |         |         |         |         |         
 9| 0|    TYPE_LOAD (1 uops)                            :          |       s---deeeew-----------R-------p  |         |         |         |         |         |         |         |         |         |         
 9| 1|mov rsi, qword ptr [rsp-0x18]                     :          |         |         |         |         |         |         |         |         |         |         |         |         |         |         
 9| 1|    TYPE_LOAD (1 uops)                            :          |       s---cdeeeew-----------R-------p |         |         |         |         |         |         |         |         |         |         
 9| 2|kmovq k2, rax                                     :          |         |         |         |         |         |         |         |         |         |         |         |         |         |         
 9| 2|    TYPE_OP (1 uops)                              :          |       A------------dw-------R-------p |         |         |         |         |         |         |         |         |         |         
 9| 3|vmovdqu32 ymm0{k2}, ymmword ptr [rdx]             :          |         |         |         |         |         |         |         |         |         |         |         |         |         |         
 9| 3|    TYPE_LOAD (1 uops)                            :          |       A--------deeeeeew-----R-------p |         |         |         |         |         |         |         |         |         |         
 9| 3|    TYPE_OP (1 uops)                              :          |        A--------------dw----R-------p |         |         |         |         |         |         |         |         |         |         
 9| 4|vmovdqu32 ymmword ptr [rsi]{k2}, ymm0             :          |         |         |         |         |         |         |         |         |         |         |         |         |         |         
 9| 4|    TYPE_STOREDATA (1 uops)                       :          |        A---------------dw----R-------p|         |         |         |         |         |         |         |         |         |         
 9| 4|    TYPE_STOREADDRESS (1 uops)                    :          |        A--------deeeew-------R-------p|         |         |         |         |         |         |         |         |         |         
 9| 5|lea rcx, ptr [rsi]                                :          |         |         |         |         |         |         |         |         |         |         |         |         |         |         
 9| 5|    TYPE_OP (1 uops)                              :          |        A--------dw-----------R-------p|         |         |         |         |         |         |         |         |         |         
 9| 6|mov eax, dword ptr [rcx]                          :          |         |         |         |         |         |         |         |         |         |         |         |         |         |         
 9| 6|    TYPE_LOAD (1 uops)                            :          |        A---------deeeew------R-------p|         |         |         |         |         |         |         |         |         |         
10| 0|mov rdx, qword ptr [rsp-0x10]                     :          |         |         |         |         |         |         |         |         |         |         |         |         |         |         
10| 0|    TYPE_LOAD (1 uops)                            :          |         s---deeeew-----------R-------p|         |         |         |         |         |         |         |         |         |         
10| 1|mov rsi, qword ptr [rsp-0x18]                     :          |         |         |         |         |         |         |         |         |         |         |         |         |         |         
10| 1|    TYPE_LOAD (1 uops)                            :          |         s---cdeeeew-----------R-------p         |         |         |         |         |         |         |         |         |         
10| 2|kmovq k2, rax                                     :          |         |         |         |         |         |         |         |         |         |         |         |         |         |         
10| 2|    TYPE_OP (1 uops)                              :          |         A-------------dw------R-------p         |         |         |         |         |         |         |         |         |         
10| 3|vmovdqu32 ymm0{k2}, ymmword ptr [rdx]             :          |         |         |         |         |         |         |         |         |         |         |         |         |         |         
10| 3|    TYPE_LOAD (1 uops)                            :          |         A--------deeeeeew-----R-------p         |         |         |         |         |         |         |         |         |         
10| 3|    TYPE_OP (1 uops)                              :          |         |A--------------dw----R-------p         |         |         |         |         |         |         |         |         |         
10| 4|vmovdqu32 ymmword ptr [rsi]{k2}, ymm0             :          |         |         |         |         |         |         |         |         |         |         |         |         |         |         
10| 4|    TYPE_STOREDATA (1 uops)                       :          |         |A---------------dw----R-------p        |         |         |         |         |         |         |         |         |         
10| 4|    TYPE_STOREADDRESS (1 uops)                    :          |         |A--------deeeew-------R-------p        |         |         |         |         |         |         |         |         |         
10| 5|lea rcx, ptr [rsi]                                :          |         |         |         |         |         |         |         |         |         |         |         |         |         |         
10| 5|    TYPE_OP (1 uops)                              :          |         |A--------dw-----------R-------p        |         |         |         |         |         |         |         |         |         
10| 6|mov eax, dword ptr [rcx]                          :          |         |         |         |         |         |         |         |         |         |         |         |         |         |         
10| 6|    TYPE_LOAD (1 uops)                            :          |         |A---------deeeew------R-------p        |         |         |         |         |         |         |         |         |         
11| 0|mov rdx, qword ptr [rsp-0x10]                     :          |         |         |         |         |         |         |         |         |         |         |         |         |         |         
11| 0|    TYPE_LOAD (1 uops)                            :          |         | s---deeeew-----------R-------p        |         |         |         |         |         |         |         |         |         
11| 1|mov rsi, qword ptr [rsp-0x18]                     :          |         |         |         |         |         |         |         |         |         |         |         |         |         |         
11| 1|    TYPE_LOAD (1 uops)                            :          |         | s---cdeeeew-----------R-------p       |         |         |         |         |         |         |         |         |         
11| 2|kmovq k2, rax                                     :          |         |         |         |         |         |         |         |         |         |         |         |         |         |         
11| 2|    TYPE_OP (1 uops)                              :          |         | A-------------dw------R-------p       |         |         |         |         |         |         |         |         |         
11| 3|vmovdqu32 ymm0{k2}, ymmword ptr [rdx]             :          |         |         |         |         |         |         |         |         |         |         |         |         |         |         
11| 3|    TYPE_LOAD (1 uops)                            :          |         | A--------deeeeeew-----R-------p       |         |         |         |         |         |         |         |         |         
11| 3|    TYPE_OP (1 uops)                              :          |         |  A--------------dw----R-------p       |         |         |         |         |         |         |         |         |         
11| 4|vmovdqu32 ymmword ptr [rsi]{k2}, ymm0             :          |         |         |         |         |         |         |         |         |         |         |         |         |         |         
11| 4|    TYPE_STOREDATA (1 uops)                       :          |         |  A---------------dw----R-------p      |         |         |         |         |         |         |         |         |         
11| 4|    TYPE_STOREADDRESS (1 uops)                    :          |         |  A--------deeeew-------R-------p      |         |         |         |         |         |         |         |         |         
11| 5|lea rcx, ptr [rsi]                                :          |         |         |         |         |         |         |         |         |         |         |         |         |         |         
11| 5|    TYPE_OP (1 uops)                              :          |         |  A--------dw-----------R-------p      |         |         |         |         |         |         |         |         |         
11| 6|mov eax, dword ptr [rcx]                          :          |         |         |         |         |         |         |         |         |         |         |         |         |         |         
11| 6|    TYPE_LOAD (1 uops)                            :          |         |  A---------deeeew------R-------p      |         |         |         |         |         |         |         |         |         
12| 0|mov rdx, qword ptr [rsp-0x10]                     :          |         |         |         |         |         |         |         |         |         |         |         |         |         |         
12| 0|    TYPE_LOAD (1 uops)                            :          |         |   s---deeeew-----------R-------p      |         |         |         |         |         |         |         |         |         
12| 1|mov rsi, qword ptr [rsp-0x18]                     :          |         |         |         |         |         |         |         |         |         |         |         |         |         |         
12| 1|    TYPE_LOAD (1 uops)                            :          |         |   s---deeeew------------R-------p     |         |         |         |         |         |         |         |         |         
12| 2|kmovq k2, rax                                     :          |         |         |         |         |         |         |         |         |         |         |         |         |         |         
12| 2|    TYPE_OP (1 uops)                              :          |         |   A-------------dw------R-------p     |         |         |         |         |         |         |         |         |         
12| 3|vmovdqu32 ymm0{k2}, ymmword ptr [rdx]             :          |         |         |         |         |         |         |         |         |         |         |         |         |         |         
12| 3|    TYPE_LOAD (1 uops)                            :          |         |   A--------deeeeeew-----R-------p     |         |         |         |         |         |         |         |         |         
12| 3|    TYPE_OP (1 uops)                              :          |         |    A--------------dw----R-------p     |         |         |         |         |         |         |         |         |         
12| 4|vmovdqu32 ymmword ptr [rsi]{k2}, ymm0             :          |         |         |         |         |         |         |         |         |         |         |         |         |         |         
12| 4|    TYPE_STOREDATA (1 uops)                       :          |         |    A---------------dw----R-------p    |         |         |         |         |         |         |         |         |         
12| 4|    TYPE_STOREADDRESS (1 uops)                    :          |         |    A-------deeeew--------R-------p    |         |         |         |         |         |         |         |         |         
12| 5|lea rcx, ptr [rsi]                                :          |         |         |         |         |         |         |         |         |         |         |         |         |         |         
12| 5|    TYPE_OP (1 uops)                              :          |         |    A-------dw------------R-------p    |         |         |         |         |         |         |         |         |         
12| 6|mov eax, dword ptr [rcx]                          :          |         |         |         |         |         |         |         |         |         |         |         |         |         |         
12| 6|    TYPE_LOAD (1 uops)                            :          |         |    A--------deeeew-------R-------p    |         |         |         |         |         |         |         |         |         
13| 0|mov rdx, qword ptr [rsp-0x10]                     :          |         |         |         |         |         |         |         |         |         |         |         |         |         |         
13| 0|    TYPE_LOAD (1 uops)                            :          |         |     s---deeeew-----------R-------p    |         |         |         |         |         |         |         |         |         
13| 1|mov rsi, qword ptr [rsp-0x18]                     :          |         |         |         |         |         |         |         |         |         |         |         |         |         |         
13| 1|    TYPE_LOAD (1 uops)                            :          |         |     s---deeeew------------R-------p   |         |         |         |         |         |         |         |         |         
13| 2|kmovq k2, rax                                     :          |         |         |         |         |         |         |         |         |         |         |         |         |         |         
13| 2|    TYPE_OP (1 uops)                              :          |         |     A------------dw-------R-------p   |         |         |         |         |         |         |         |         |         
13| 3|vmovdqu32 ymm0{k2}, ymmword ptr [rdx]             :          |         |         |         |         |         |         |         |         |         |         |         |         |         |         
13| 3|    TYPE_LOAD (1 uops)                            :          |         |     A--------deeeeeew-----R-------p   |         |         |         |         |         |         |         |         |         
13| 3|    TYPE_OP (1 uops)                              :          |         |      A--------------dw----R-------p   |         |         |         |         |         |         |         |         |         
13| 4|vmovdqu32 ymmword ptr [rsi]{k2}, ymm0             :          |         |         |         |         |         |         |         |         |         |         |         |         |         |         
13| 4|    TYPE_STOREDATA (1 uops)                       :          |         |      A---------------dw----R-------p  |         |         |         |         |         |         |         |         |         
13| 4|    TYPE_STOREADDRESS (1 uops)                    :          |         |      A-------deeeew--------R-------p  |         |         |         |         |         |         |         |         |         
13| 5|lea rcx, ptr [rsi]                                :          |         |         |         |         |         |         |         |         |         |         |         |         |         |         
13| 5|    TYPE_OP (1 uops)                              :          |         |      A-------dw------------R-------p  |         |         |         |         |         |         |         |         |         
13| 6|mov eax, dword ptr [rcx]                          :          |         |         |         |         |         |         |         |         |         |         |         |         |         |         
13| 6|    TYPE_LOAD (1 uops)                            :          |         |      A--------deeeew-------R-------p  |         |         |         |         |         |         |         |         |         
14| 0|mov rdx, qword ptr [rsp-0x10]                     :          |         |         |         |         |         |         |         |         |         |         |         |         |         |         
14| 0|    TYPE_LOAD (1 uops)                            :          |         |       s---deeeew-----------R-------p  |         |         |         |         |         |         |         |         |         
14| 1|mov rsi, qword ptr [rsp-0x18]                     :          |         |         |         |         |         |         |         |         |         |         |         |         |         |         
14| 1|    TYPE_LOAD (1 uops)                            :          |         |       s---deeeew------------R-------p |         |         |         |         |         |         |         |         |         
14| 2|kmovq k2, rax                                     :          |         |         |         |         |         |         |         |         |         |         |         |         |         |         
14| 2|    TYPE_OP (1 uops)                              :          |         |       A------------dw-------R-------p |         |         |         |         |         |         |         |         |         
14| 3|vmovdqu32 ymm0{k2}, ymmword ptr [rdx]             :          |         |         |         |         |         |         |         |         |         |         |         |         |         |         
14| 3|    TYPE_LOAD (1 uops)                            :          |         |       A--------deeeeeew-----R-------p |         |         |         |         |         |         |         |         |         
14| 3|    TYPE_OP (1 uops)                              :          |         |        A--------------dw----R-------p |         |         |         |         |         |         |         |         |         
14| 4|vmovdqu32 ymmword ptr [rsi]{k2}, ymm0             :          |         |         |         |         |         |         |         |         |         |         |         |         |         |         
14| 4|    TYPE_STOREDATA (1 uops)                       :          |         |        A---------------dw----R-------p|         |         |         |         |         |         |         |         |         
14| 4|    TYPE_STOREADDRESS (1 uops)                    :          |         |        A-------deeeew--------R-------p|         |         |         |         |         |         |         |         |         
14| 5|lea rcx, ptr [rsi]                                :          |         |         |         |         |         |         |         |         |         |         |         |         |         |         
14| 5|    TYPE_OP (1 uops)                              :          |         |        A-------dw------------R-------p|         |         |         |         |         |         |         |         |         
14| 6|mov eax, dword ptr [rcx]                          :          |         |         |         |         |         |         |         |         |         |         |         |         |         |         
14| 6|    TYPE_LOAD (1 uops)                            :          |         |        A--------deeeew-------R-------p|         |         |         |         |         |         |         |         |         
15| 0|mov rdx, qword ptr [rsp-0x10]                     :          |         |         |         |         |         |         |         |         |         |         |         |         |         |         
15| 0|    TYPE_LOAD (1 uops)                            :          |         |         s---deeeew-----------R-------p|         |         |         |         |         |         |         |         |         
15| 1|mov rsi, qword ptr [rsp-0x18]                     :          |         |         |         |         |         |         |         |         |         |         |         |         |         |         
15| 1|    TYPE_LOAD (1 uops)                            :          |         |         s---cdeeeew-----------R-------p         |         |         |         |         |         |         |         |         
15| 2|kmovq k2, rax                                     :          |         |         |         |         |         |         |         |         |         |         |         |         |         |         
15| 2|    TYPE_OP (1 uops)                              :          |         |         A------------dw-------R-------p         |         |         |         |         |         |         |         |         
15| 3|vmovdqu32 ymm0{k2}, ymmword ptr [rdx]             :          |         |         |         |         |         |         |         |         |         |         |         |         |         |         
15| 3|    TYPE_LOAD (1 uops)                            :          |         |         A--------deeeeeew-----R-------p         |         |         |         |         |         |         |         |         
15| 3|    TYPE_OP (1 uops)                              :          |         |         |A--------------dw----R-------p         |         |         |         |         |         |         |         |         
15| 4|vmovdqu32 ymmword ptr [rsi]{k2}, ymm0             :          |         |         |         |         |         |         |         |         |         |         |         |         |         |         
15| 4|    TYPE_STOREDATA (1 uops)                       :          |         |         |A---------------dw----R-------p        |         |         |         |         |         |         |         |         
15| 4|    TYPE_STOREADDRESS (1 uops)                    :          |         |         |A--------deeeew-------R-------p        |         |         |         |         |         |         |         |         
15| 5|lea rcx, ptr [rsi]                                :          |         |         |         |         |         |         |         |         |         |         |         |         |         |         
15| 5|    TYPE_OP (1 uops)                              :          |         |         |A--------dw-----------R-------p        |         |         |         |         |         |         |         |         
15| 6|mov eax, dword ptr [rcx]                          :          |         |         |         |         |         |         |         |         |         |         |         |         |         |         
15| 6|    TYPE_LOAD (1 uops)                            :          |         |         |A---------deeeew------R-------p        |         |         |         |         |         |         |         |         
16| 0|mov rdx, qword ptr [rsp-0x10]                     :          |         |         |         |         |         |         |         |         |         |         |         |         |         |         
16| 0|    TYPE_LOAD (1 uops)                            :          |         |         | s---deeeew-----------R-------p        |         |         |         |         |         |         |         |         
16| 1|mov rsi, qword ptr [rsp-0x18]                     :          |         |         |         |         |         |         |         |         |         |         |         |         |         |         
16| 1|    TYPE_LOAD (1 uops)                            :          |         |         | s---cdeeeew-----------R-------p       |         |         |         |         |         |         |         |         
16| 2|kmovq k2, rax                                     :          |         |         |         |         |         |         |         |         |         |         |         |         |         |         
16| 2|    TYPE_OP (1 uops)                              :          |         |         | A-------------dw------R-------p       |         |         |         |         |         |         |         |         
16| 3|vmovdqu32 ymm0{k2}, ymmword ptr [rdx]             :          |         |         |         |         |         |         |         |         |         |         |         |         |         |         
16| 3|    TYPE_LOAD (1 uops)                            :          |         |         | A--------deeeeeew-----R-------p       |         |         |         |         |         |         |         |         
16| 3|    TYPE_OP (1 uops)                              :          |         |         |  A--------------dw----R-------p       |         |         |         |         |         |         |         |         
16| 4|vmovdqu32 ymmword ptr [rsi]{k2}, ymm0             :          |         |         |         |         |         |         |         |         |         |         |         |         |         |         
16| 4|    TYPE_STOREDATA (1 uops)                       :          |         |         |  A---------------dw----R-------p      |         |         |         |         |         |         |         |         
16| 4|    TYPE_STOREADDRESS (1 uops)                    :          |         |         |  A--------deeeew-------R-------p      |         |         |         |         |         |         |         |         
16| 5|lea rcx, ptr [rsi]                                :          |         |         |         |         |         |         |         |         |         |         |         |         |         |         
16| 5|    TYPE_OP (1 uops)                              :          |         |         |  A--------dw-----------R-------p      |         |         |         |         |         |         |         |         
16| 6|mov eax, dword ptr [rcx]                          :          |         |         |         |         |         |         |         |         |         |         |         |         |         |         
16| 6|    TYPE_LOAD (1 uops)                            :          |         |         |  A---------deeeew------R-------p      |         |         |         |         |         |         |         |         
17| 0|mov rdx, qword ptr [rsp-0x10]                     :          |         |         |         |         |         |         |         |         |         |         |         |         |         |         
17| 0|    TYPE_LOAD (1 uops)                            :          |         |         |   s---deeeew-----------R-------p      |         |         |         |         |         |         |         |         
17| 1|mov rsi, qword ptr [rsp-0x18]                     :          |         |         |         |         |         |         |         |         |         |         |         |         |         |         
17| 1|    TYPE_LOAD (1 uops)                            :          |         |         |   s---cdeeeew-----------R-------p     |         |         |         |         |         |         |         |         
17| 2|kmovq k2, rax                                     :          |         |         |         |         |         |         |         |         |         |         |         |         |         |         
17| 2|    TYPE_OP (1 uops)                              :          |         |         |   A-------------dw------R-------p     |         |         |         |         |         |         |         |         
17| 3|vmovdqu32 ymm0{k2}, ymmword ptr [rdx]             :          |         |         |         |         |         |         |         |         |         |         |         |         |         |         
17| 3|    TYPE_LOAD (1 uops)                            :          |         |         |   A--------deeeeeew-----R-------p     |         |         |         |         |         |         |         |         
17| 3|    TYPE_OP (1 uops)                              :          |         |         |    A--------------dw----R-------p     |         |         |         |         |         |         |         |         
17| 4|vmovdqu32 ymmword ptr [rsi]{k2}, ymm0             :          |         |         |         |         |         |         |         |         |         |         |         |         |         |         
17| 4|    TYPE_STOREDATA (1 uops)                       :          |         |         |    A---------------dw----R-------p    |         |         |         |         |         |         |         |         
17| 4|    TYPE_STOREADDRESS (1 uops)                    :          |         |         |    A--------deeeew-------R-------p    |         |         |         |         |         |         |         |         
17| 5|lea rcx, ptr [rsi]                                :          |         |         |         |         |         |         |         |         |         |         |         |         |         |         
17| 5|    TYPE_OP (1 uops)                              :          |         |         |    A--------dw-----------R-------p    |         |         |         |         |         |         |         |         
17| 6|mov eax, dword ptr [rcx]                          :          |         |         |         |         |         |         |         |         |         |         |         |         |         |         
17| 6|    TYPE_LOAD (1 uops)                            :          |         |         |    A---------deeeew------R-------p    |         |         |         |         |         |         |         |         
18| 0|mov rdx, qword ptr [rsp-0x10]                     :          |         |         |         |         |         |         |         |         |         |         |         |         |         |         
18| 0|    TYPE_LOAD (1 uops)                            :          |         |         |     s---deeeew-----------R-------p    |         |         |         |         |         |         |         |         
18| 1|mov rsi, qword ptr [rsp-0x18]                     :          |         |         |         |         |         |         |         |         |         |         |         |         |         |         
18| 1|    TYPE_LOAD (1 uops)                            :          |         |         |     s---deeeew------------R-------p   |         |         |         |         |         |         |         |         
18| 2|kmovq k2, rax                                     :          |         |         |         |         |         |         |         |         |         |         |         |         |         |         
18| 2|    TYPE_OP (1 uops)                              :          |         |         |     A-------------dw------R-------p   |         |         |         |         |         |         |         |         
18| 3|vmovdqu32 ymm0{k2}, ymmword ptr [rdx]             :          |         |         |         |         |         |         |         |         |         |         |         |         |         |         
18| 3|    TYPE_LOAD (1 uops)                            :          |         |         |     A--------deeeeeew-----R-------p   |         |         |         |         |         |         |         |         
18| 3|    TYPE_OP (1 uops)                              :          |         |         |      A--------------dw----R-------p   |         |         |         |         |         |         |         |         
18| 4|vmovdqu32 ymmword ptr [rsi]{k2}, ymm0             :          |         |         |         |         |         |         |         |         |         |         |         |         |         |         
18| 4|    TYPE_STOREDATA (1 uops)                       :          |         |         |      A---------------dw----R-------p  |         |         |         |         |         |         |         |         
18| 4|    TYPE_STOREADDRESS (1 uops)                    :          |         |         |      A-------deeeew--------R-------p  |         |         |         |         |         |         |         |         
18| 5|lea rcx, ptr [rsi]                                :          |         |         |         |         |         |         |         |         |         |         |         |         |         |         
18| 5|    TYPE_OP (1 uops)                              :          |         |         |      A-------dw------------R-------p  |         |         |         |         |         |         |         |         
18| 6|mov eax, dword ptr [rcx]                          :          |         |         |         |         |         |         |         |         |         |         |         |         |         |         
18| 6|    TYPE_LOAD (1 uops)                            :          |         |         |      A--------deeeew-------R-------p  |         |         |         |         |         |         |         |         
19| 0|mov rdx, qword ptr [rsp-0x10]                     :          |         |         |         |         |         |         |         |         |         |         |         |         |         |         
19| 0|    TYPE_LOAD (1 uops)                            :          |         |         |       s---deeeew-----------R-------p  |         |         |         |         |         |         |         |         
19| 1|mov rsi, qword ptr [rsp-0x18]                     :          |         |         |         |         |         |         |         |         |         |         |         |         |         |         
19| 1|    TYPE_LOAD (1 uops)                            :          |         |         |       s---deeeew------------R-------p |         |         |         |         |         |         |         |         
19| 2|kmovq k2, rax                                     :          |         |         |         |         |         |         |         |         |         |         |         |         |         |         
19| 2|    TYPE_OP (1 uops)                              :          |         |         |       A------------dw-------R-------p |         |         |         |         |         |         |         |         
19| 3|vmovdqu32 ymm0{k2}, ymmword ptr [rdx]             :          |         |         |         |         |         |         |         |         |         |         |         |         |         |         
19| 3|    TYPE_LOAD (1 uops)                            :          |         |         |       A--------deeeeeew-----R-------p |         |         |         |         |         |         |         |         
19| 3|    TYPE_OP (1 uops)                              :          |         |         |        A--------------dw----R-------p |         |         |         |         |         |         |         |         
19| 4|vmovdqu32 ymmword ptr [rsi]{k2}, ymm0             :          |         |         |         |         |         |         |         |         |         |         |         |         |         |         
19| 4|    TYPE_STOREDATA (1 uops)                       :          |         |         |        A---------------dw----R-------p|         |         |         |         |         |         |         |         
19| 4|    TYPE_STOREADDRESS (1 uops)                    :          |         |         |        A-------deeeew--------R-------p|         |         |         |         |         |         |         |         
19| 5|lea rcx, ptr [rsi]                                :          |         |         |         |         |         |         |         |         |         |         |         |         |         |         
19| 5|    TYPE_OP (1 uops)                              :          |         |         |        A-------dw------------R-------p|         |         |         |         |         |         |         |         
19| 6|mov eax, dword ptr [rcx]                          :          |         |         |         |         |         |         |         |         |         |         |         |         |         |         
19| 6|    TYPE_LOAD (1 uops)                            :          |         |         |        A--------deeeew-------R-------p|         |         |         |         |         |         |         |         
20| 0|mov rdx, qword ptr [rsp-0x10]                     :          |         |         |         |         |         |         |         |         |         |         |         |         |         |         
20| 0|    TYPE_LOAD (1 uops)                            :          |         |         |         s---deeeew-----------R-------p|         |         |         |         |         |         |         |         
20| 1|mov rsi, qword ptr [rsp-0x18]                     :          |         |         |         |         |         |         |         |         |         |         |         |         |         |         
20| 1|    TYPE_LOAD (1 uops)                            :          |         |         |         s---deeeew------------R-------p         |         |         |         |         |         |         |         
20| 2|kmovq k2, rax                                     :          |         |         |         |         |         |         |         |         |         |         |         |         |         |         
20| 2|    TYPE_OP (1 uops)                              :          |         |         |         A------------dw-------R-------p         |         |         |         |         |         |         |         
20| 3|vmovdqu32 ymm0{k2}, ymmword ptr [rdx]             :          |         |         |         |         |         |         |         |         |         |         |         |         |         |         
20| 3|    TYPE_LOAD (1 uops)                            :          |         |         |         A--------deeeeeew-----R-------p         |         |         |         |         |         |         |         
20| 3|    TYPE_OP (1 uops)                              :          |         |         |         |A--------------dw----R-------p         |         |         |         |         |         |         |         
20| 4|vmovdqu32 ymmword ptr [rsi]{k2}, ymm0             :          |         |         |         |         |         |         |         |         |         |         |         |         |         |         
20| 4|    TYPE_STOREDATA (1 uops)                       :          |         |         |         |A---------------dw----R-------p        |         |         |         |         |         |         |         
20| 4|    TYPE_STOREADDRESS (1 uops)                    :          |         |         |         |A-------deeeew--------R-------p        |         |         |         |         |         |         |         
20| 5|lea rcx, ptr [rsi]                                :          |         |         |         |         |         |         |         |         |         |         |         |         |         |         
20| 5|    TYPE_OP (1 uops)                              :          |         |         |         |A-------dw------------R-------p        |         |         |         |         |         |         |         
20| 6|mov eax, dword ptr [rcx]                          :          |         |         |         |         |         |         |         |         |         |         |         |         |         |         
20| 6|    TYPE_LOAD (1 uops)                            :          |         |         |         |A--------deeeew-------R-------p        |         |         |         |         |         |         |         
21| 0|mov rdx, qword ptr [rsp-0x10]                     :          |         |         |         |         |         |         |         |         |         |         |         |         |         |         
21| 0|    TYPE_LOAD (1 uops)                            :          |         |         |         | s---deeeew-----------R-------p        |         |         |         |         |         |         |         
21| 1|mov rsi, qword ptr [rsp-0x18]                     :          |         |         |         |         |         |         |         |         |         |         |         |         |         |         
21| 1|    TYPE_LOAD (1 uops)                            :          |         |         |         | s---cdeeeew-----------R-------p       |         |         |         |         |         |         |         
21| 2|kmovq k2, rax                                     :          |         |         |         |         |         |         |         |         |         |         |         |         |         |         
21| 2|    TYPE_OP (1 uops)                              :          |         |         |         | A------------dw-------R-------p       |         |         |         |         |         |         |         
21| 3|vmovdqu32 ymm0{k2}, ymmword ptr [rdx]             :          |         |         |         |         |         |         |         |         |         |         |         |         |         |         
21| 3|    TYPE_LOAD (1 uops)                            :          |         |         |         | A--------deeeeeew-----R-------p       |         |         |         |         |         |         |         
21| 3|    TYPE_OP (1 uops)                              :          |         |         |         |  A--------------dw----R-------p       |         |         |         |         |         |         |         
21| 4|vmovdqu32 ymmword ptr [rsi]{k2}, ymm0             :          |         |         |         |         |         |         |         |         |         |         |         |         |         |         
21| 4|    TYPE_STOREDATA (1 uops)                       :          |         |         |         |  A---------------dw----R-------p      |         |         |         |         |         |         |         
21| 4|    TYPE_STOREADDRESS (1 uops)                    :          |         |         |         |  A--------deeeew-------R-------p      |         |         |         |         |         |         |         
21| 5|lea rcx, ptr [rsi]                                :          |         |         |         |         |         |         |         |         |         |         |         |         |         |         
21| 5|    TYPE_OP (1 uops)                              :          |         |         |         |  A--------dw-----------R-------p      |         |         |         |         |         |         |         
21| 6|mov eax, dword ptr [rcx]                          :          |         |         |         |         |         |         |         |         |         |         |         |         |         |         
21| 6|    TYPE_LOAD (1 uops)                            :          |         |         |         |  A---------deeeew------R-------p      |         |         |         |         |         |         |         
22| 0|mov rdx, qword ptr [rsp-0x10]                     :          |         |         |         |         |         |         |         |         |         |         |         |         |         |         
22| 0|    TYPE_LOAD (1 uops)                            :          |         |         |         |   s---deeeew-----------R-------p      |         |         |         |         |         |         |         
22| 1|mov rsi, qword ptr [rsp-0x18]                     :          |         |         |         |         |         |         |         |         |         |         |         |         |         |         
22| 1|    TYPE_LOAD (1 uops)                            :          |         |         |         |   s---cdeeeew-----------R-------p     |         |         |         |         |         |         |         
22| 2|kmovq k2, rax                                     :          |         |         |         |         |         |         |         |         |         |         |         |         |         |         
22| 2|    TYPE_OP (1 uops)                              :          |         |         |         |   A-------------dw------R-------p     |         |         |         |         |         |         |         
22| 3|vmovdqu32 ymm0{k2}, ymmword ptr [rdx]             :          |         |         |         |         |         |         |         |         |         |         |         |         |         |         
22| 3|    TYPE_LOAD (1 uops)                            :          |         |         |         |   A--------deeeeeew-----R-------p     |         |         |         |         |         |         |         
22| 3|    TYPE_OP (1 uops)                              :          |         |         |         |    A--------------dw----R-------p     |         |         |         |         |         |         |         
22| 4|vmovdqu32 ymmword ptr [rsi]{k2}, ymm0             :          |         |         |         |         |         |         |         |         |         |         |         |         |         |         
22| 4|    TYPE_STOREDATA (1 uops)                       :          |         |         |         |    A---------------dw----R-------p    |         |         |         |         |         |         |         
22| 4|    TYPE_STOREADDRESS (1 uops)                    :          |         |         |         |    A--------deeeew-------R-------p    |         |         |         |         |         |         |         
22| 5|lea rcx, ptr [rsi]                                :          |         |         |         |         |         |         |         |         |         |         |         |         |         |         
22| 5|    TYPE_OP (1 uops)                              :          |         |         |         |    A--------dw-----------R-------p    |         |         |         |         |         |         |         
22| 6|mov eax, dword ptr [rcx]                          :          |         |         |         |         |         |         |         |         |         |         |         |         |         |         
22| 6|    TYPE_LOAD (1 uops)                            :          |         |         |         |    A---------deeeew------R-------p    |         |         |         |         |         |         |         
Loop Count:22
Block throughput: 2.000000
