[SNIPER] Starting Sniper revision 24.05
[SNIPER] --------------------------------------------------------------------------------
[SNIPER] Intel(R) Workload Performance Simulator
[SNIPER] Running full application in DETAILED mode
[SNIPER] --------------------------------------------------------------------------------
[SNIPER] Diamond Rapids / Panther Cove
[SNIPER] 192 cores, 192 threads, 5 sockets
[SNIPER] @ 2.70 GHz core, 2.10 GHz uncore
[SNIPER] L1-I:          192 objects,    12MB total,    64KB/core
[SNIPER] L1-D:          192 objects,     9MB total,    48KB/core
[SNIPER] L2:            192 objects,    36MB total,   192KB/core
[SNIPER] L3:             96 objects,   384MB total,     2MB/core
[SNIPER] nuca-cache:     96 objects,   960MB total,     5MB/core
[SNIPER] dram-cntlr: 16 controllers
[SNIPER]       bandwidth:   1474.6 GB/s total,   7.7 GB/s/core
[SNIPER] --------------------------------------------------------------------------------
[SNIPER] Enabling performance models
[SNIPER] Setting instrumentation mode to DETAILED
------------------------------------------------------------
Application received fatal signal 11 at eip 0x7fffdb5a3a02 in thread 0

Application backtrace:
------------------------------------------------------------
[SNIPER] Disabling performance models
[SNIPER] Leaving ROI after 11.08 seconds
[SNIPER] Simulated 0.7M instructions, 0.9M cycles, 0.85 IPC
[SNIPER] Simulation speed 66.8 KIPS (0.3 KIPS / target core - 3355800.9ns/instr)
[SNIPER] Setting instrumentation mode to FAST_FORWARD
[SNIPER] End
[SNIPER] Elapsed time: 24.45 seconds (24.45s)
