#
# A fatal error has been detected by the Java Runtime Environment:
#
#  Internal Error (/home/jatinbha/sandboxes/jdk/jdk/src/hotspot/share/utilities/waitBarrier.hpp:110), pid=3761993, tid=3761994
#  assert(_owner == Thread::current()) failed: Not owner thread
#
# JRE version: OpenJDK Runtime Environment (25.0) (slowdebug build 25-internal-adhoc.root.jdk)
# Java VM: OpenJDK 64-Bit Server VM (slowdebug 25-internal-adhoc.root.jdk, mixed mode, sharing, compressed oops, compressed class ptrs, g1 gc, linux-amd64)
# Problematic frame:
# V  [libjvm.so+0x14d7497]  WaitBarrierType<LinuxWaitBarrier>::arm(int)+0xaf
#
# Core dump will be written. Default location: Core dumps may be processed with "/usr/share/apport/apport %p %s %c %d %P %E" (or dumping to /home/jatinbha/code/java/runtime/polling/core.3761993)
#
# If you would like to submit a bug report, please visit:
#   https://bugreport.java.com/bugreport/crash.jsp
#

---------------  S U M M A R Y ------------

Command Line: -XX:+PauseAtStartup -Xbatch -XX:CompileCommand=compileonly,test::micro -XX:CompileCommand=Print,test::micro -XX:-TieredCompilation test

Host: intel-S2600WFT, Intel(R) Xeon(R) Platinum 8280 CPU @ 2.70GHz, 112 cores, 754G, Ubuntu 20.04.2 LTS
Time: Mon Mar  3 13:29:51 2025 IST elapsed time: 146.367648 seconds (0d 0h 2m 26s)

---------------  T H R E A D  ---------------

Current thread (0x00007ff47c02c0c0):  JavaThread "main"             [_thread_in_Java, id=3761994, stack(0x00007ff4834da000,0x00007ff4835db000) (1028K)]

Stack: [0x00007ff4834da000,0x00007ff4835db000],  sp=0x00007ff4835d96b0,  free space=1021k
Native frames: (J=compiled Java code, j=interpreted, Vv=VM code, C=native code)
V  [libjvm.so+0x14d7497]  WaitBarrierType<LinuxWaitBarrier>::arm(int)+0xaf  (waitBarrier.hpp:110)
V  [libjvm.so+0x14d3b55]  SafepointSynchronize::arm_safepoint()+0x27  (safepoint.cpp:306)
C  0x00007ff4835d975f
Registers:
RAX=0x00007ff4865db000, RBX=0x00007ff47c2c2b70, RCX=0x0000000000000002, RDX=0x00007ff47c019070
RSP=0x00007ff4835d96b0, RBP=0x00007ff4835d96d0, RSI=0x0000000000000040, RDI=0x0000000000000002
R8 =0x0000556042b32c00, R9 =0x0000556042b32c00, R10=0x0000000000000004, R11=0x0000000000004e21
R12=0x0000000000000000, R13=0x000000011f017e20, R14=0x00007ff4835d98a8, R15=0x00007ff47c02c0c0
RIP=0x00007ff484c0c497, EFLAGS=0x0000000000010202, CSGSFS=0x002b000000000033, ERR=0x0000000000000006
  TRAPNO=0x000000000000000e

XMM[0]=0xf1f1f1f1f1f1f1f1 0xf1f1f1f1f1f1f1f1
XMM[1]=0x0000000000000000 0xffffffffffffffff
XMM[2]=0x0000000000000000 0xffffffffffffffff
XMM[3]=0x006b636f6c5f6b73 0x6154656c69706d6f
XMM[4]=0x07030002000a1700 0x45000000bebafeca
XMM[5]=0x6e693c0600017463 0x656a624f2f676e61
XMM[6]=0x6606000143424103 0x00010c000b000c0a
XMM[7]=0x0000000000000000 0x0000000000000000
XMM[8]=0x6328747265737361 0x0000000000000000
XMM[9]=0x0000000000000000 0x0000000000000000
XMM[10]=0x0000000000000000 0x0000000000000000
XMM[11]=0x0000000000000000 0x0000000000000000
XMM[12]=0x0000000000000000 0x0000000000000000
XMM[13]=0x0000000000000000 0x0000000000000000
XMM[14]=0x0000000000000000 0x0000000000000000
XMM[15]=0x0000000000000000 0x0000000000000000
  MXCSR=0x00001fa2


Register to memory mapping:

RAX=0x00007ff4865db000 in mmap'd memory region [0x00007ff4865db000 - 0x00007ff4865dc000], tag mtInternal
RBX=0x00007ff47c2c2b70 into live malloced block starting at 0x00007ff47c2c2b70, size 976, tag mtThread
RCX=0x0000000000000002 is an unknown value
RDX=0x00007ff47c019070 points into unknown readable memory: 0x00000000ffffffff | ff ff ff ff 00 00 00 00
RSP=0x00007ff4835d96b0 is pointing into the stack for thread: 0x00007ff47c02c0c0
RBP=0x00007ff4835d96d0 is pointing into the stack for thread: 0x00007ff47c02c0c0
RSI=0x0000000000000040 is an unknown value
RDI=0x0000000000000002 is an unknown value
R8 =0x0000556042b32c00 points into unknown readable memory: 0x0000000000000002 | 02 00 00 00 00 00 00 00
R9 =0x0000556042b32c00 points into unknown readable memory: 0x0000000000000002 | 02 00 00 00 00 00 00 00
R10=0x0000000000000004 is an unknown value
R11=0x0000000000004e21 is an unknown value
R12=0x0 is null
R13=0x000000011f017e20 is an oop: [I 
{0x000000011f017e20} - klass: {type array int} - flags: is_cloneable_fast 

 - length: 4
 -   0: 0x1 1
 -   1: 0x2 2
 -   2: 0x3 3
 -   3: 0x4 4
R14=0x00007ff4835d98a8 is pointing into the stack for thread: 0x00007ff47c02c0c0
R15=0x00007ff47c02c0c0 is a thread

Top of Stack: (sp=0x00007ff4835d96b0)
0x00007ff4835d96b0:   00000001835d97c8 00007ff3d8000ce0   ..].............
0x00007ff4835d96c0:   f1f1f1f1f1f1f1f1 0000000000001f41   ........A.......
0x00007ff4835d96d0:   00007ff4835d9740 00007ff484c08b55   @.].....U.......
0x00007ff4835d96e0:   ffffffffffffffff 0000000000000000   ................
0x00007ff4835d96f0:   6154656c69706d6f 006b636f6c5f6b73   ompileTask_lock.
0x00007ff4835d9700:   45000000bebafeca 07030002000a1700   .......E........
0x00007ff4835d9710:   656a624f2f676e61 6e693c0600017463   ang/Object...<in
0x00007ff4835d9720:   00010c000b000c0a 6606000143424103   .........ABC...f
0x00007ff4835d9730:   0000000000000000 0000000000000000   ................
0x00007ff4835d9740:   00007ff4835d9748 00007ff4835d975f   H.]....._.].....
0x00007ff4835d9750:   00007ff4835d9820 cc00000000000000    .].............
0x00007ff4835d9760:   00007ff4805bfca0 00007ff4863272a0   ..[......r2.....
0x00007ff4835d9770:   0000000000000002 000000011f017e20   ........ ~......
0x00007ff4835d9780:   00007ff4835d97d8 000000011f017e20   ..]..... ~......
0x00007ff4835d9790:   00007ff4835d97c8 00007ff47c02c920   ..]..... ..|....
0x00007ff4835d97a0:   00007ff3d4400458 0000000000000003   X.@.............
0x00007ff4835d97b0:   fffffffffffffff4 00007ff3d4400458   ........X.@.....
0x00007ff4835d97c0:   0000000000000004 00007ff4835d9880   ..........].....
0x00007ff4835d97d0:   ffffffffffffffff 00007ff4805bfeff   ..........[.....
0x00007ff4835d97e0:   00007ff3d4400458 0000000000000000   X.@.............
0x00007ff4835d97f0:   00007ff4835d9820 00007ff4835d9880    .].......].....
0x00007ff4835d9800:   00007ff480488350 00000000000001e0   P.H.............
0x00007ff4835d9810:   00007ff4835d9880 00007ff480488350   ..].....P.H.....
0x00007ff4835d9820:   0000000000000004 000000011f017e20   ........ ~......
0x00007ff4835d9830:   00000000000186d4 fffffffffffffff7   ................
0x00007ff4835d9840:   00007ff3d4400539 0000000000000005   9.@.............
0x00007ff4835d9850:   00007ff3d4400748 0000000000000000   H.@.............
0x00007ff4835d9860:   000000011f017950 00007ff3d4400560   Py......`.@.....
0x00007ff4835d9870:   fffffffffffffff4 00007ff4835d98a8   ..........].....
0x00007ff4835d9880:   00007ff4835d9910 00007ff480480d01   ..].......H.....
0x00007ff4835d9890:   0000000000000004 000000011f017e20   ........ ~......
0x00007ff4835d98a0:   00000000000186d4 000000011f017e10   .........~......

Instructions: (pc=0x00007ff484c0c497)
  0x00007ff484c0c397:   ec 28 48 89 7d d8 48 89 75 d0 48 8b 5d d8 e8 be
  0x00007ff484c0c3a7:   0d 00 00 48 89 c2 48 8d 45 e0 be 01 00 00 00 48
  0x00007ff484c0c3b7:   89 c7 e8 bc a3 1d ff 8b 55 e0 48 8b 45 e8 89 d6
  0x00007ff484c0c3c7:   48 89 c2 48 89 df e8 d6 a4 1d ff 48 8d 15 ff 51
  0x00007ff484c0c3d7:   5a 01 48 8b 45 d8 48 89 10 90 48 83 c4 28 5b 5d
  0x00007ff484c0c3e7:   c3 f3 0f 1e fa 55 48 89 e5 53 48 83 ec 18 48 89
  0x00007ff484c0c3f7:   7d e8 89 75 e4 48 8b 45 e8 8b 40 08 39 45 e4 75
  0x00007ff484c0c407:   13 e8 54 46 f4 fe 83 f0 01 84 c0 74 07 b8 01 00
  0x00007ff484c0c417:   00 00 eb 05 b8 00 00 00 00 84 c0 74 31 48 8d 05
  0x00007ff484c0c427:   6d 71 61 01 48 8b 00 c6 00 58 48 8d 0d 1d 3f cd
  0x00007ff484c0c437:   00 48 8d 15 31 3f cd 00 be 6c 00 00 00 48 8d 3d
  0x00007ff484c0c447:   55 3f cd 00 b8 00 00 00 00 e8 cc bc 63 ff 48 8b
  0x00007ff484c0c457:   45 e8 8b 55 e4 89 50 08 48 8b 45 e8 48 8b 58 10
  0x00007ff484c0c467:   e8 20 85 f4 fe 48 39 c3 74 13 e8 eb 45 f4 fe 83
  0x00007ff484c0c477:   f0 01 84 c0 74 07 b8 01 00 00 00 eb 05 b8 00 00
  0x00007ff484c0c487:   00 00 84 c0 74 31 48 8d 05 04 71 61 01 48 8b 00
=>0x00007ff484c0c497:   c6 00 58 48 8d 0d 4c 3f cd 00 48 8d 15 58 3f cd
  0x00007ff484c0c4a7:   00 be 6e 00 00 00 48 8d 3d ec 3e cd 00 b8 00 00
  0x00007ff484c0c4b7:   00 00 e8 63 bc 63 ff 48 8b 45 e8 48 8d 50 04 8b
  0x00007ff484c0c4c7:   45 e4 89 c6 48 89 d7 e8 6d 98 3f 00 90 48 83 c4
  0x00007ff484c0c4d7:   18 5b 5d c3 f3 0f 1e fa 55 48 89 e5 48 83 ec 10
  0x00007ff484c0c4e7:   89 7d fc e8 79 0c 00 00 48 89 c2 8b 45 fc 89 c6
  0x00007ff484c0c4f7:   48 89 d7 e8 4d f3 1c ff c9 c3 f3 0f 1e fa 55 48
  0x00007ff484c0c507:   89 e5 48 81 ec e0 00 00 00 48 89 bd 28 ff ff ff
  0x00007ff484c0c517:   48 89 b5 58 ff ff ff 48 89 95 60 ff ff ff 48 89
  0x00007ff484c0c527:   8d 68 ff ff ff 4c 89 85 70 ff ff ff 4c 89 8d 78
  0x00007ff484c0c537:   ff ff ff 84 c0 74 20 0f 29 45 80 0f 29 4d 90 0f
  0x00007ff484c0c547:   29 55 a0 0f 29 5d b0 0f 29 65 c0 0f 29 6d d0 0f
  0x00007ff484c0c557:   29 75 e0 0f 29 7d f0 c7 85 38 ff ff ff 08 00 00
  0x00007ff484c0c567:   00 c7 85 3c ff ff ff 30 00 00 00 48 8d 45 10 48
  0x00007ff484c0c577:   89 85 40 ff ff ff 48 8d 85 50 ff ff ff 48 89 85
  0x00007ff484c0c587:   48 ff ff ff 48 8d 95 38 ff ff ff 48 8b 85 28 ff


Stack slot to memory mapping:

stack at sp + 0 slots: 0x00000001835d97c8 is an unallocated location in the heap
stack at sp + 1 slots: 0x00007ff3d8000ce0 into live malloced block starting at 0x00007ff3d8000ce0, size 24, tag mtInternal
stack at sp + 2 slots: 0xf1f1f1f1f1f1f1f1 is an unknown value
stack at sp + 3 slots: 0x0000000000001f41 is an unknown value
stack at sp + 4 slots: 0x00007ff4835d9740 is pointing into the stack for thread: 0x00007ff47c02c0c0
stack at sp + 5 slots: 0x00007ff484c08b55: <offset 0x00000000014d3b55> in /home/jatinbha/sandboxes/jdk/jdk/build/linux-x86_64-server-slowdebug/images/jdk/lib/server/libjvm.so at 0x00007ff483735000
stack at sp + 6 slots: 0xffffffffffffffff is an unknown value
stack at sp + 7 slots: 0x0 is null

Lock stack of current Java thread (top to bottom):


---------------  P R O C E S S  ---------------

uid  : 1000 euid : 1000 gid  : 1000 egid : 1000

umask: 0002 (-------w-)

Threads class SMR info:
_java_thread_list=0x00007ff47c33b540, length=9, elements={
0x00007ff47c02c0c0, 0x00007ff47c2fc4f0, 0x00007ff47c2fd3e0, 0x00007ff47c2fe690,
0x00007ff47c2ff9f0, 0x00007ff47c300c10, 0x00007ff47c312240, 0x00007ff47c335a50,
0x00007ff47c33b610
}
_java_thread_list_alloc_cnt=10, _java_thread_list_free_cnt=8, _java_thread_list_max=9, _nested_thread_list_max=0
_tlh_cnt=24, _tlh_times=0, avg_tlh_time=0.00, _tlh_time_max=0
_delete_lock_wait_cnt=0, _delete_lock_wait_max=0
_to_delete_list_cnt=0, _to_delete_list_max=1

Java Threads: ( => current thread )
=>0x00007ff47c02c0c0 JavaThread "main"                              [_thread_in_Java, id=3761994, stack(0x00007ff4834da000,0x00007ff4835db000) (1028K)]
  0x00007ff47c2fc4f0 JavaThread "Reference Handler"          daemon [_thread_blocked, id=3762022, stack(0x00007ff4368ca000,0x00007ff4369ca000) (1024K)]
  0x00007ff47c2fd3e0 JavaThread "Finalizer"                  daemon [_thread_blocked, id=3762023, stack(0x00007ff436cce000,0x00007ff436dce000) (1024K)]
  0x00007ff47c2fe690 JavaThread "Signal Dispatcher"          daemon [_thread_blocked, id=3762024, stack(0x00007ff4369cb000,0x00007ff436acb000) (1024K)]
  0x00007ff47c2ff9f0 JavaThread "Service Thread"             daemon [_thread_blocked, id=3762025, stack(0x00007ff436bcd000,0x00007ff436ccd000) (1024K)]
  0x00007ff47c300c10 JavaThread "Monitor Deflation Thread"   daemon [_thread_blocked, id=3762026, stack(0x00007ff4360d6000,0x00007ff4361d7000) (1028K)]
  0x00007ff47c312240 JavaThread "C2 CompilerThread0"         daemon [_thread_blocked, id=3762027, stack(0x00007ff435fd5000,0x00007ff4360d6000) (1028K)]
  0x00007ff47c335a50 JavaThread "Notification Thread"        daemon [_thread_blocked, id=3762028, stack(0x00007ff435d69000,0x00007ff435e6a000) (1028K)]
  0x00007ff47c33b610 JavaThread "Common-Cleaner"             daemon [_thread_blocked, id=3762029, stack(0x00007ff435c68000,0x00007ff435d69000) (1028K)]
Total: 9

Other Threads:
  0x00007ff47c2c2b70 VMThread "VM Thread"                           [id=3762021, stack(0x00007ff436acc000,0x00007ff436bcc000) (1024K)]
  0x00007ff47c2027c0 WatcherThread "VM Periodic Task Thread"        [id=3762020, stack(0x00007ff4367c9000,0x00007ff4368c9000) (1024K)]
  0x00007ff47c06d0f0 WorkerThread "GC Thread#0"                     [id=3762009, stack(0x00007ff449bd5000,0x00007ff449cd5000) (1024K)]
  0x00007ff47c081470 ConcurrentGCThread "G1 Main Marker"            [id=3762010, stack(0x00007ff449ad4000,0x00007ff449bd4000) (1024K)]
  0x00007ff47c082710 WorkerThread "G1 Conc#0"                       [id=3762011, stack(0x00007ff4499d3000,0x00007ff449ad3000) (1024K)]
  0x00007ff47c1d9e50 ConcurrentGCThread "G1 Refine#0"               [id=3762012, stack(0x00007ff436ed0000,0x00007ff436fd0000) (1024K)]
  0x00007ff47c1db090 ConcurrentGCThread "G1 Service"                [id=3762013, stack(0x00007ff436dcf000,0x00007ff436ecf000) (1024K)]
Total: 7

Threads with active compile tasks:
Total: 0

VM state: not at safepoint (normal execution)

VM Mutex/Monitor currently owned by a thread: None

Heap address: 0x00000000a0000000, size: 30208 MB, Compressed Oops mode: Zero based, Oop shift amount: 3

CDS archive(s) mapped at: [0x00007ff3e6000000-0x00007ff3e6de8000-0x00007ff3e6de8000), size 14581760, SharedBaseAddress: 0x00007ff3e6000000, ArchiveRelocationMode: 1.
Compressed class space mapped at: 0x00007ff3e7000000-0x00007ff427000000, reserved size: 1073741824
UseCompressedClassPointers 1, UseCompactObjectHeaders 0
Narrow klass pointer bits 32, Max shift 3
Narrow klass base: 0x00007ff3e6000000, Narrow klass shift: 0
Encoding Range: [0x00007ff3e6000000 - 0x00007ff4e6000000), (4294967296 bytes)
Klass Range:    [0x00007ff3e6000000 - 0x00007ff427000000), (1090519040 bytes)
Klass ID Range:  [8 - 1090519033) (1090519025)

GC Precious Log:
 CardTable entry size: 512
 Card Set container configuration: InlinePtr #cards 3 size 8 Array Of Cards #cards 128 size 272 Howl #buckets 8 coarsen threshold 29491 Howl Bitmap #cards 4096 size 528 coarsen threshold 3686 Card regions per heap region 1 cards per card region 32768
 CPUs: 112 total, 112 available
 Memory: 754G
 Large Page Support: Disabled
 NUMA Support: Disabled
 Compressed Oops: Enabled (Zero based)
 Heap Region Size: 16M
 Heap Min Capacity: 16M
 Heap Initial Capacity: 2G
 Heap Max Capacity: 30208M
 Pre-touch: Disabled
 Parallel Workers: 73
 Concurrent Workers: 18
 Concurrent Refinement Workers: 73
 Periodic GC: Disabled

Heap:
 garbage-first heap   total reserved 30932992K, committed 2113536K, used 1136K [0x00000000a0000000, 0x0000000800000000)
  region size 16384K, 1 young (16384K), 0 survivors (0K)
 Metaspace       used 54K, committed 256K, reserved 1114112K
  class space    used 3K, committed 128K, reserved 1048576K

Heap Regions: E=young(eden), S=young(survivor), O=old, HS=humongous(starts), HC=humongous(continues), CS=collection set, F=free, TAMS=top-at-mark-start, PB=parsable bottom
|   0|0x00000000a0000000, 0x00000000a0000000, 0x00000000a1000000|  0%| F|  |TAMS 0x00000000a0000000| PB 0x00000000a0000000| Untracked |  0
|   1|0x00000000a1000000, 0x00000000a1000000, 0x00000000a2000000|  0%| F|  |TAMS 0x00000000a1000000| PB 0x00000000a1000000| Untracked |  0
|   2|0x00000000a2000000, 0x00000000a2000000, 0x00000000a3000000|  0%| F|  |TAMS 0x00000000a2000000| PB 0x00000000a2000000| Untracked |  0
|   3|0x00000000a3000000, 0x00000000a3000000, 0x00000000a4000000|  0%| F|  |TAMS 0x00000000a3000000| PB 0x00000000a3000000| Untracked |  0
|   4|0x00000000a4000000, 0x00000000a4000000, 0x00000000a5000000|  0%| F|  |TAMS 0x00000000a4000000| PB 0x00000000a4000000| Untracked |  0
|   5|0x00000000a5000000, 0x00000000a5000000, 0x00000000a6000000|  0%| F|  |TAMS 0x00000000a5000000| PB 0x00000000a5000000| Untracked |  0
|   6|0x00000000a6000000, 0x00000000a6000000, 0x00000000a7000000|  0%| F|  |TAMS 0x00000000a6000000| PB 0x00000000a6000000| Untracked |  0
|   7|0x00000000a7000000, 0x00000000a7000000, 0x00000000a8000000|  0%| F|  |TAMS 0x00000000a7000000| PB 0x00000000a7000000| Untracked |  0
|   8|0x00000000a8000000, 0x00000000a8000000, 0x00000000a9000000|  0%| F|  |TAMS 0x00000000a8000000| PB 0x00000000a8000000| Untracked |  0
|   9|0x00000000a9000000, 0x00000000a9000000, 0x00000000aa000000|  0%| F|  |TAMS 0x00000000a9000000| PB 0x00000000a9000000| Untracked |  0
|  10|0x00000000aa000000, 0x00000000aa000000, 0x00000000ab000000|  0%| F|  |TAMS 0x00000000aa000000| PB 0x00000000aa000000| Untracked |  0
|  11|0x00000000ab000000, 0x00000000ab000000, 0x00000000ac000000|  0%| F|  |TAMS 0x00000000ab000000| PB 0x00000000ab000000| Untracked |  0
|  12|0x00000000ac000000, 0x00000000ac000000, 0x00000000ad000000|  0%| F|  |TAMS 0x00000000ac000000| PB 0x00000000ac000000| Untracked |  0
|  13|0x00000000ad000000, 0x00000000ad000000, 0x00000000ae000000|  0%| F|  |TAMS 0x00000000ad000000| PB 0x00000000ad000000| Untracked |  0
|  14|0x00000000ae000000, 0x00000000ae000000, 0x00000000af000000|  0%| F|  |TAMS 0x00000000ae000000| PB 0x00000000ae000000| Untracked |  0
|  15|0x00000000af000000, 0x00000000af000000, 0x00000000b0000000|  0%| F|  |TAMS 0x00000000af000000| PB 0x00000000af000000| Untracked |  0
|  16|0x00000000b0000000, 0x00000000b0000000, 0x00000000b1000000|  0%| F|  |TAMS 0x00000000b0000000| PB 0x00000000b0000000| Untracked |  0
|  17|0x00000000b1000000, 0x00000000b1000000, 0x00000000b2000000|  0%| F|  |TAMS 0x00000000b1000000| PB 0x00000000b1000000| Untracked |  0
|  18|0x00000000b2000000, 0x00000000b2000000, 0x00000000b3000000|  0%| F|  |TAMS 0x00000000b2000000| PB 0x00000000b2000000| Untracked |  0
|  19|0x00000000b3000000, 0x00000000b3000000, 0x00000000b4000000|  0%| F|  |TAMS 0x00000000b3000000| PB 0x00000000b3000000| Untracked |  0
|  20|0x00000000b4000000, 0x00000000b4000000, 0x00000000b5000000|  0%| F|  |TAMS 0x00000000b4000000| PB 0x00000000b4000000| Untracked |  0
|  21|0x00000000b5000000, 0x00000000b5000000, 0x00000000b6000000|  0%| F|  |TAMS 0x00000000b5000000| PB 0x00000000b5000000| Untracked |  0
|  22|0x00000000b6000000, 0x00000000b6000000, 0x00000000b7000000|  0%| F|  |TAMS 0x00000000b6000000| PB 0x00000000b6000000| Untracked |  0
|  23|0x00000000b7000000, 0x00000000b7000000, 0x00000000b8000000|  0%| F|  |TAMS 0x00000000b7000000| PB 0x00000000b7000000| Untracked |  0
|  24|0x00000000b8000000, 0x00000000b8000000, 0x00000000b9000000|  0%| F|  |TAMS 0x00000000b8000000| PB 0x00000000b8000000| Untracked |  0
|  25|0x00000000b9000000, 0x00000000b9000000, 0x00000000ba000000|  0%| F|  |TAMS 0x00000000b9000000| PB 0x00000000b9000000| Untracked |  0
|  26|0x00000000ba000000, 0x00000000ba000000, 0x00000000bb000000|  0%| F|  |TAMS 0x00000000ba000000| PB 0x00000000ba000000| Untracked |  0
|  27|0x00000000bb000000, 0x00000000bb000000, 0x00000000bc000000|  0%| F|  |TAMS 0x00000000bb000000| PB 0x00000000bb000000| Untracked |  0
|  28|0x00000000bc000000, 0x00000000bc000000, 0x00000000bd000000|  0%| F|  |TAMS 0x00000000bc000000| PB 0x00000000bc000000| Untracked |  0
|  29|0x00000000bd000000, 0x00000000bd000000, 0x00000000be000000|  0%| F|  |TAMS 0x00000000bd000000| PB 0x00000000bd000000| Untracked |  0
|  30|0x00000000be000000, 0x00000000be000000, 0x00000000bf000000|  0%| F|  |TAMS 0x00000000be000000| PB 0x00000000be000000| Untracked |  0
|  31|0x00000000bf000000, 0x00000000bf000000, 0x00000000c0000000|  0%| F|  |TAMS 0x00000000bf000000| PB 0x00000000bf000000| Untracked |  0
|  32|0x00000000c0000000, 0x00000000c0000000, 0x00000000c1000000|  0%| F|  |TAMS 0x00000000c0000000| PB 0x00000000c0000000| Untracked |  0
|  33|0x00000000c1000000, 0x00000000c1000000, 0x00000000c2000000|  0%| F|  |TAMS 0x00000000c1000000| PB 0x00000000c1000000| Untracked |  0
|  34|0x00000000c2000000, 0x00000000c2000000, 0x00000000c3000000|  0%| F|  |TAMS 0x00000000c2000000| PB 0x00000000c2000000| Untracked |  0
|  35|0x00000000c3000000, 0x00000000c3000000, 0x00000000c4000000|  0%| F|  |TAMS 0x00000000c3000000| PB 0x00000000c3000000| Untracked |  0
|  36|0x00000000c4000000, 0x00000000c4000000, 0x00000000c5000000|  0%| F|  |TAMS 0x00000000c4000000| PB 0x00000000c4000000| Untracked |  0
|  37|0x00000000c5000000, 0x00000000c5000000, 0x00000000c6000000|  0%| F|  |TAMS 0x00000000c5000000| PB 0x00000000c5000000| Untracked |  0
|  38|0x00000000c6000000, 0x00000000c6000000, 0x00000000c7000000|  0%| F|  |TAMS 0x00000000c6000000| PB 0x00000000c6000000| Untracked |  0
|  39|0x00000000c7000000, 0x00000000c7000000, 0x00000000c8000000|  0%| F|  |TAMS 0x00000000c7000000| PB 0x00000000c7000000| Untracked |  0
|  40|0x00000000c8000000, 0x00000000c8000000, 0x00000000c9000000|  0%| F|  |TAMS 0x00000000c8000000| PB 0x00000000c8000000| Untracked |  0
|  41|0x00000000c9000000, 0x00000000c9000000, 0x00000000ca000000|  0%| F|  |TAMS 0x00000000c9000000| PB 0x00000000c9000000| Untracked |  0
|  42|0x00000000ca000000, 0x00000000ca000000, 0x00000000cb000000|  0%| F|  |TAMS 0x00000000ca000000| PB 0x00000000ca000000| Untracked |  0
|  43|0x00000000cb000000, 0x00000000cb000000, 0x00000000cc000000|  0%| F|  |TAMS 0x00000000cb000000| PB 0x00000000cb000000| Untracked |  0
|  44|0x00000000cc000000, 0x00000000cc000000, 0x00000000cd000000|  0%| F|  |TAMS 0x00000000cc000000| PB 0x00000000cc000000| Untracked |  0
|  45|0x00000000cd000000, 0x00000000cd000000, 0x00000000ce000000|  0%| F|  |TAMS 0x00000000cd000000| PB 0x00000000cd000000| Untracked |  0
|  46|0x00000000ce000000, 0x00000000ce000000, 0x00000000cf000000|  0%| F|  |TAMS 0x00000000ce000000| PB 0x00000000ce000000| Untracked |  0
|  47|0x00000000cf000000, 0x00000000cf000000, 0x00000000d0000000|  0%| F|  |TAMS 0x00000000cf000000| PB 0x00000000cf000000| Untracked |  0
|  48|0x00000000d0000000, 0x00000000d0000000, 0x00000000d1000000|  0%| F|  |TAMS 0x00000000d0000000| PB 0x00000000d0000000| Untracked |  0
|  49|0x00000000d1000000, 0x00000000d1000000, 0x00000000d2000000|  0%| F|  |TAMS 0x00000000d1000000| PB 0x00000000d1000000| Untracked |  0
|  50|0x00000000d2000000, 0x00000000d2000000, 0x00000000d3000000|  0%| F|  |TAMS 0x00000000d2000000| PB 0x00000000d2000000| Untracked |  0
|  51|0x00000000d3000000, 0x00000000d3000000, 0x00000000d4000000|  0%| F|  |TAMS 0x00000000d3000000| PB 0x00000000d3000000| Untracked |  0
|  52|0x00000000d4000000, 0x00000000d4000000, 0x00000000d5000000|  0%| F|  |TAMS 0x00000000d4000000| PB 0x00000000d4000000| Untracked |  0
|  53|0x00000000d5000000, 0x00000000d5000000, 0x00000000d6000000|  0%| F|  |TAMS 0x00000000d5000000| PB 0x00000000d5000000| Untracked |  0
|  54|0x00000000d6000000, 0x00000000d6000000, 0x00000000d7000000|  0%| F|  |TAMS 0x00000000d6000000| PB 0x00000000d6000000| Untracked |  0
|  55|0x00000000d7000000, 0x00000000d7000000, 0x00000000d8000000|  0%| F|  |TAMS 0x00000000d7000000| PB 0x00000000d7000000| Untracked |  0
|  56|0x00000000d8000000, 0x00000000d8000000, 0x00000000d9000000|  0%| F|  |TAMS 0x00000000d8000000| PB 0x00000000d8000000| Untracked |  0
|  57|0x00000000d9000000, 0x00000000d9000000, 0x00000000da000000|  0%| F|  |TAMS 0x00000000d9000000| PB 0x00000000d9000000| Untracked |  0
|  58|0x00000000da000000, 0x00000000da000000, 0x00000000db000000|  0%| F|  |TAMS 0x00000000da000000| PB 0x00000000da000000| Untracked |  0
|  59|0x00000000db000000, 0x00000000db000000, 0x00000000dc000000|  0%| F|  |TAMS 0x00000000db000000| PB 0x00000000db000000| Untracked |  0
|  60|0x00000000dc000000, 0x00000000dc000000, 0x00000000dd000000|  0%| F|  |TAMS 0x00000000dc000000| PB 0x00000000dc000000| Untracked |  0
|  61|0x00000000dd000000, 0x00000000dd000000, 0x00000000de000000|  0%| F|  |TAMS 0x00000000dd000000| PB 0x00000000dd000000| Untracked |  0
|  62|0x00000000de000000, 0x00000000de000000, 0x00000000df000000|  0%| F|  |TAMS 0x00000000de000000| PB 0x00000000de000000| Untracked |  0
|  63|0x00000000df000000, 0x00000000df000000, 0x00000000e0000000|  0%| F|  |TAMS 0x00000000df000000| PB 0x00000000df000000| Untracked |  0
|  64|0x00000000e0000000, 0x00000000e0000000, 0x00000000e1000000|  0%| F|  |TAMS 0x00000000e0000000| PB 0x00000000e0000000| Untracked |  0
|  65|0x00000000e1000000, 0x00000000e1000000, 0x00000000e2000000|  0%| F|  |TAMS 0x00000000e1000000| PB 0x00000000e1000000| Untracked |  0
|  66|0x00000000e2000000, 0x00000000e2000000, 0x00000000e3000000|  0%| F|  |TAMS 0x00000000e2000000| PB 0x00000000e2000000| Untracked |  0
|  67|0x00000000e3000000, 0x00000000e3000000, 0x00000000e4000000|  0%| F|  |TAMS 0x00000000e3000000| PB 0x00000000e3000000| Untracked |  0
|  68|0x00000000e4000000, 0x00000000e4000000, 0x00000000e5000000|  0%| F|  |TAMS 0x00000000e4000000| PB 0x00000000e4000000| Untracked |  0
|  69|0x00000000e5000000, 0x00000000e5000000, 0x00000000e6000000|  0%| F|  |TAMS 0x00000000e5000000| PB 0x00000000e5000000| Untracked |  0
|  70|0x00000000e6000000, 0x00000000e6000000, 0x00000000e7000000|  0%| F|  |TAMS 0x00000000e6000000| PB 0x00000000e6000000| Untracked |  0
|  71|0x00000000e7000000, 0x00000000e7000000, 0x00000000e8000000|  0%| F|  |TAMS 0x00000000e7000000| PB 0x00000000e7000000| Untracked |  0
|  72|0x00000000e8000000, 0x00000000e8000000, 0x00000000e9000000|  0%| F|  |TAMS 0x00000000e8000000| PB 0x00000000e8000000| Untracked |  0
|  73|0x00000000e9000000, 0x00000000e9000000, 0x00000000ea000000|  0%| F|  |TAMS 0x00000000e9000000| PB 0x00000000e9000000| Untracked |  0
|  74|0x00000000ea000000, 0x00000000ea000000, 0x00000000eb000000|  0%| F|  |TAMS 0x00000000ea000000| PB 0x00000000ea000000| Untracked |  0
|  75|0x00000000eb000000, 0x00000000eb000000, 0x00000000ec000000|  0%| F|  |TAMS 0x00000000eb000000| PB 0x00000000eb000000| Untracked |  0
|  76|0x00000000ec000000, 0x00000000ec000000, 0x00000000ed000000|  0%| F|  |TAMS 0x00000000ec000000| PB 0x00000000ec000000| Untracked |  0
|  77|0x00000000ed000000, 0x00000000ed000000, 0x00000000ee000000|  0%| F|  |TAMS 0x00000000ed000000| PB 0x00000000ed000000| Untracked |  0
|  78|0x00000000ee000000, 0x00000000ee000000, 0x00000000ef000000|  0%| F|  |TAMS 0x00000000ee000000| PB 0x00000000ee000000| Untracked |  0
|  79|0x00000000ef000000, 0x00000000ef000000, 0x00000000f0000000|  0%| F|  |TAMS 0x00000000ef000000| PB 0x00000000ef000000| Untracked |  0
|  80|0x00000000f0000000, 0x00000000f0000000, 0x00000000f1000000|  0%| F|  |TAMS 0x00000000f0000000| PB 0x00000000f0000000| Untracked |  0
|  81|0x00000000f1000000, 0x00000000f1000000, 0x00000000f2000000|  0%| F|  |TAMS 0x00000000f1000000| PB 0x00000000f1000000| Untracked |  0
|  82|0x00000000f2000000, 0x00000000f2000000, 0x00000000f3000000|  0%| F|  |TAMS 0x00000000f2000000| PB 0x00000000f2000000| Untracked |  0
|  83|0x00000000f3000000, 0x00000000f3000000, 0x00000000f4000000|  0%| F|  |TAMS 0x00000000f3000000| PB 0x00000000f3000000| Untracked |  0
|  84|0x00000000f4000000, 0x00000000f4000000, 0x00000000f5000000|  0%| F|  |TAMS 0x00000000f4000000| PB 0x00000000f4000000| Untracked |  0
|  85|0x00000000f5000000, 0x00000000f5000000, 0x00000000f6000000|  0%| F|  |TAMS 0x00000000f5000000| PB 0x00000000f5000000| Untracked |  0
|  86|0x00000000f6000000, 0x00000000f6000000, 0x00000000f7000000|  0%| F|  |TAMS 0x00000000f6000000| PB 0x00000000f6000000| Untracked |  0
|  87|0x00000000f7000000, 0x00000000f7000000, 0x00000000f8000000|  0%| F|  |TAMS 0x00000000f7000000| PB 0x00000000f7000000| Untracked |  0
|  88|0x00000000f8000000, 0x00000000f8000000, 0x00000000f9000000|  0%| F|  |TAMS 0x00000000f8000000| PB 0x00000000f8000000| Untracked |  0
|  89|0x00000000f9000000, 0x00000000f9000000, 0x00000000fa000000|  0%| F|  |TAMS 0x00000000f9000000| PB 0x00000000f9000000| Untracked |  0
|  90|0x00000000fa000000, 0x00000000fa000000, 0x00000000fb000000|  0%| F|  |TAMS 0x00000000fa000000| PB 0x00000000fa000000| Untracked |  0
|  91|0x00000000fb000000, 0x00000000fb000000, 0x00000000fc000000|  0%| F|  |TAMS 0x00000000fb000000| PB 0x00000000fb000000| Untracked |  0
|  92|0x00000000fc000000, 0x00000000fc000000, 0x00000000fd000000|  0%| F|  |TAMS 0x00000000fc000000| PB 0x00000000fc000000| Untracked |  0
|  93|0x00000000fd000000, 0x00000000fd000000, 0x00000000fe000000|  0%| F|  |TAMS 0x00000000fd000000| PB 0x00000000fd000000| Untracked |  0
|  94|0x00000000fe000000, 0x00000000fe000000, 0x00000000ff000000|  0%| F|  |TAMS 0x00000000fe000000| PB 0x00000000fe000000| Untracked |  0
|  95|0x00000000ff000000, 0x00000000ff000000, 0x0000000100000000|  0%| F|  |TAMS 0x00000000ff000000| PB 0x00000000ff000000| Untracked |  0
|  96|0x0000000100000000, 0x0000000100000000, 0x0000000101000000|  0%| F|  |TAMS 0x0000000100000000| PB 0x0000000100000000| Untracked |  0
|  97|0x0000000101000000, 0x0000000101000000, 0x0000000102000000|  0%| F|  |TAMS 0x0000000101000000| PB 0x0000000101000000| Untracked |  0
|  98|0x0000000102000000, 0x0000000102000000, 0x0000000103000000|  0%| F|  |TAMS 0x0000000102000000| PB 0x0000000102000000| Untracked |  0
|  99|0x0000000103000000, 0x0000000103000000, 0x0000000104000000|  0%| F|  |TAMS 0x0000000103000000| PB 0x0000000103000000| Untracked |  0
| 100|0x0000000104000000, 0x0000000104000000, 0x0000000105000000|  0%| F|  |TAMS 0x0000000104000000| PB 0x0000000104000000| Untracked |  0
| 101|0x0000000105000000, 0x0000000105000000, 0x0000000106000000|  0%| F|  |TAMS 0x0000000105000000| PB 0x0000000105000000| Untracked |  0
| 102|0x0000000106000000, 0x0000000106000000, 0x0000000107000000|  0%| F|  |TAMS 0x0000000106000000| PB 0x0000000106000000| Untracked |  0
| 103|0x0000000107000000, 0x0000000107000000, 0x0000000108000000|  0%| F|  |TAMS 0x0000000107000000| PB 0x0000000107000000| Untracked |  0
| 104|0x0000000108000000, 0x0000000108000000, 0x0000000109000000|  0%| F|  |TAMS 0x0000000108000000| PB 0x0000000108000000| Untracked |  0
| 105|0x0000000109000000, 0x0000000109000000, 0x000000010a000000|  0%| F|  |TAMS 0x0000000109000000| PB 0x0000000109000000| Untracked |  0
| 106|0x000000010a000000, 0x000000010a000000, 0x000000010b000000|  0%| F|  |TAMS 0x000000010a000000| PB 0x000000010a000000| Untracked |  0
| 107|0x000000010b000000, 0x000000010b000000, 0x000000010c000000|  0%| F|  |TAMS 0x000000010b000000| PB 0x000000010b000000| Untracked |  0
| 108|0x000000010c000000, 0x000000010c000000, 0x000000010d000000|  0%| F|  |TAMS 0x000000010c000000| PB 0x000000010c000000| Untracked |  0
| 109|0x000000010d000000, 0x000000010d000000, 0x000000010e000000|  0%| F|  |TAMS 0x000000010d000000| PB 0x000000010d000000| Untracked |  0
| 110|0x000000010e000000, 0x000000010e000000, 0x000000010f000000|  0%| F|  |TAMS 0x000000010e000000| PB 0x000000010e000000| Untracked |  0
| 111|0x000000010f000000, 0x000000010f000000, 0x0000000110000000|  0%| F|  |TAMS 0x000000010f000000| PB 0x000000010f000000| Untracked |  0
| 112|0x0000000110000000, 0x0000000110000000, 0x0000000111000000|  0%| F|  |TAMS 0x0000000110000000| PB 0x0000000110000000| Untracked |  0
| 113|0x0000000111000000, 0x0000000111000000, 0x0000000112000000|  0%| F|  |TAMS 0x0000000111000000| PB 0x0000000111000000| Untracked |  0
| 114|0x0000000112000000, 0x0000000112000000, 0x0000000113000000|  0%| F|  |TAMS 0x0000000112000000| PB 0x0000000112000000| Untracked |  0
| 115|0x0000000113000000, 0x0000000113000000, 0x0000000114000000|  0%| F|  |TAMS 0x0000000113000000| PB 0x0000000113000000| Untracked |  0
| 116|0x0000000114000000, 0x0000000114000000, 0x0000000115000000|  0%| F|  |TAMS 0x0000000114000000| PB 0x0000000114000000| Untracked |  0
| 117|0x0000000115000000, 0x0000000115000000, 0x0000000116000000|  0%| F|  |TAMS 0x0000000115000000| PB 0x0000000115000000| Untracked |  0
| 118|0x0000000116000000, 0x0000000116000000, 0x0000000117000000|  0%| F|  |TAMS 0x0000000116000000| PB 0x0000000116000000| Untracked |  0
| 119|0x0000000117000000, 0x0000000117000000, 0x0000000118000000|  0%| F|  |TAMS 0x0000000117000000| PB 0x0000000117000000| Untracked |  0
| 120|0x0000000118000000, 0x0000000118000000, 0x0000000119000000|  0%| F|  |TAMS 0x0000000118000000| PB 0x0000000118000000| Untracked |  0
| 121|0x0000000119000000, 0x0000000119000000, 0x000000011a000000|  0%| F|  |TAMS 0x0000000119000000| PB 0x0000000119000000| Untracked |  0
| 122|0x000000011a000000, 0x000000011a000000, 0x000000011b000000|  0%| F|  |TAMS 0x000000011a000000| PB 0x000000011a000000| Untracked |  0
| 123|0x000000011b000000, 0x000000011b000000, 0x000000011c000000|  0%| F|  |TAMS 0x000000011b000000| PB 0x000000011b000000| Untracked |  0
| 124|0x000000011c000000, 0x000000011c000000, 0x000000011d000000|  0%| F|  |TAMS 0x000000011c000000| PB 0x000000011c000000| Untracked |  0
| 125|0x000000011d000000, 0x000000011d000000, 0x000000011e000000|  0%| F|  |TAMS 0x000000011d000000| PB 0x000000011d000000| Untracked |  0
| 126|0x000000011e000000, 0x000000011e000000, 0x000000011f000000|  0%| F|  |TAMS 0x000000011e000000| PB 0x000000011e000000| Untracked |  0
| 127|0x000000011f000000, 0x000000011f3d70c0, 0x0000000120000000| 24%| E|  |TAMS 0x000000011f000000| PB 0x000000011f000000| Complete |  0
|1887|0x00000007ff000000, 0x00000007ff11c2a0, 0x0000000800000000|  6%| O|  |TAMS 0x00000007ff000000| PB 0x00000007ff000000| Untracked |  0

Card table byte_map: [0x00007ff46793b000,0x00007ff46b43b000] _byte_map_base: 0x00007ff46743b000

Marking Bits: (CMBitMap*) 0x00007ff47c06de30
 Bits: [0x00007ff44a13b000, 0x00007ff46793b000)

Polling page: 0x00007ff486594000

Metaspace:

Usage:
  Non-class:     50.32 KB used.
      Class:      3.82 KB used.
       Both:     54.14 KB used.

Virtual space:
  Non-class space:       64.00 MB reserved,     128.00 KB ( <1%) committed,  1 nodes.
      Class space:        1.00 GB reserved,     128.00 KB ( <1%) committed,  1 nodes.
             Both:        1.06 GB reserved,     256.00 KB ( <1%) committed. 

Chunk freelists:
   Non-Class:  12.00 MB
       Class:  15.75 MB
        Both:  27.74 MB

MaxMetaspaceSize: unlimited
CompressedClassSpaceSize: 1.00 GB
Initial GC threshold: 21.00 MB
Current GC threshold: 21.00 MB
CDS: on
 - commit_granule_bytes: 65536.
 - commit_granule_words: 8192.
 - virtual_space_node_default_size: 8388608.
 - enlarge_chunks_in_place: 1.
UseCompressedClassPointers 1, UseCompactObjectHeaders 0
Narrow klass pointer bits 32, Max shift 3
Narrow klass base: 0x00007ff3e6000000, Narrow klass shift: 0
Encoding Range: [0x00007ff3e6000000 - 0x00007ff4e6000000), (4294967296 bytes)
Klass Range:    [0x00007ff3e6000000 - 0x00007ff427000000), (1090519040 bytes)
Klass ID Range:  [8 - 1090519033) (1090519025)


Internal statistics:

num_allocs: 1139.
num_deallocs: 0.
num_allocs_from_deallocated_blocks: 0.
num_chunks_retired: 0.
num_allocs_failed_limit: 0.
num_arena_births: 4.
num_arena_deaths: 0.
num_vsnodes_births: 2.
num_vsnodes_deaths: 0.
num_space_committed: 4.
num_space_uncommitted: 0.
num_chunks_returned_to_freelist: 0.
num_chunks_taken_from_freelist: 5.
num_chunk_merges: 0.
num_chunk_splits: 3.
num_chunks_enlarged: 0.
num_inconsistent_stats: 0.

CodeCache: size=49152Kb used=1287Kb max_used=1301Kb free=47864Kb
 bounds [0x00007ff480480000, 0x00007ff4806f0000, 0x00007ff483480000]
 total_blobs=623, nmethods=4, adapters=571, full_count=0
Compilation: enabled, stopped_count=0, restarted_count=0

Compilation events (4 events):
Event: 20.478 Thread 0x00007ff47c312240    3 %  b        test::micro @ 14 (57 bytes)
Event: 21.537 Thread 0x00007ff47c312240 nmethod 3% 0x00007ff4805bff88 code [0x00007ff4805c00c0, 0x00007ff4805c0460]
Event: 21.678 Thread 0x00007ff47c312240    4    b        test::micro (57 bytes)
Event: 54.518 Thread 0x00007ff47c312240 nmethod 4 0x00007ff4805bfb88 code [0x00007ff4805bfca0, 0x00007ff4805bff20]

GC Heap History (0 events):
No events

Dll operation events (7 events):
Event: 19.204 Loaded shared library /home/jatinbha/sandboxes/jdk/jdk/build/linux-x86_64-server-slowdebug/images/jdk/lib/libjava.so
Event: 20.386 Loaded shared library /home/jatinbha/sandboxes/jdk/jdk/build/linux-x86_64-server-slowdebug/images/jdk/lib/libsimdsort.so
Event: 20.448 Loaded shared library /home/jatinbha/sandboxes/jdk/jdk/build/linux-x86_64-server-slowdebug/images/jdk/lib/libjsvml.so
Event: 21.537 Loading shared library /home/jatinbha/sandboxes/jdk/jdk/build/linux-x86_64-server-slowdebug/images/jdk/lib/server/libhsdis-amd64.so failed, /home/jatinbha/sandboxes/jdk/jdk/build/linux-x86_64-server-slowdebug/images/jdk/lib/server/libhsdis-amd64.so: canno
Event: 21.537 Loading shared library /home/jatinbha/sandboxes/jdk/jdk/build/linux-x86_64-server-slowdebug/images/jdk/lib/server/hsdis-amd64.so failed, /home/jatinbha/sandboxes/jdk/jdk/build/linux-x86_64-server-slowdebug/images/jdk/lib/server/hsdis-amd64.so: cannot open
Event: 21.537 Loading shared library /home/jatinbha/sandboxes/jdk/jdk/build/linux-x86_64-server-slowdebug/images/jdk/lib/hsdis-amd64.so failed, /home/jatinbha/sandboxes/jdk/jdk/build/linux-x86_64-server-slowdebug/images/jdk/lib/hsdis-amd64.so: cannot open shared object
Event: 21.608 Loaded shared library hsdis-amd64.so

Deoptimization events (0 events):
No events

Classes loaded (6 events):
Event: 20.462 Loading class jdk/internal/vm/PostVMInitHook
Event: 20.462 Loading class jdk/internal/vm/PostVMInitHook done
Event: 20.465 Loading class jdk/internal/loader/URLClassPath$FileLoader
Event: 20.465 Loading class jdk/internal/loader/URLClassPath$FileLoader done
Event: 20.466 Loading class jdk/internal/loader/URLClassPath$FileLoader$1
Event: 20.467 Loading class jdk/internal/loader/URLClassPath$FileLoader$1 done

Classes unloaded (0 events):
No events

Classes redefined (0 events):
No events

Internal exceptions (0 events):
No events

VM Operations (0 events):
No events

Memory protections (9 events):
Event: 19.138 Protecting memory [0x00007ff4834da000,0x00007ff4834de000] with protection modes 0
Event: 20.294 Protecting memory [0x00007ff4368ca000,0x00007ff4368ce000] with protection modes 0
Event: 20.295 Protecting memory [0x00007ff436cce000,0x00007ff436cd2000] with protection modes 0
Event: 20.297 Protecting memory [0x00007ff4369cb000,0x00007ff4369cf000] with protection modes 0
Event: 20.297 Protecting memory [0x00007ff436bcd000,0x00007ff436bd1000] with protection modes 0
Event: 20.297 Protecting memory [0x00007ff4360d6000,0x00007ff4360da000] with protection modes 0
Event: 20.298 Protecting memory [0x00007ff435fd5000,0x00007ff435fd9000] with protection modes 0
Event: 20.461 Protecting memory [0x00007ff435d69000,0x00007ff435d6d000] with protection modes 0
Event: 20.471 Protecting memory [0x00007ff435c68000,0x00007ff435c6c000] with protection modes 0

Nmethod flushes (0 events):
No events

Events (9 events):
Event: 20.065 Thread 0x00007ff47c02c0c0 Thread added: 0x00007ff47c02c0c0
Event: 20.294 Thread 0x00007ff47c02c0c0 Thread added: 0x00007ff47c2fc4f0
Event: 20.294 Thread 0x00007ff47c02c0c0 Thread added: 0x00007ff47c2fd3e0
Event: 20.297 Thread 0x00007ff47c02c0c0 Thread added: 0x00007ff47c2fe690
Event: 20.297 Thread 0x00007ff47c02c0c0 Thread added: 0x00007ff47c2ff9f0
Event: 20.297 Thread 0x00007ff47c02c0c0 Thread added: 0x00007ff47c300c10
Event: 20.298 Thread 0x00007ff47c02c0c0 Thread added: 0x00007ff47c312240
Event: 20.461 Thread 0x00007ff47c02c0c0 Thread added: 0x00007ff47c335a50
Event: 20.471 Thread 0x00007ff47c02c0c0 Thread added: 0x00007ff47c33b610


Dynamic libraries:
a0000000-120000000 rw-p 00000000 00:00 0 
120000000-7ff000000 ---p 00000000 00:00 0 
7ff000000-7ff11d000 rw-p 00e1e000 08:02 25338052                         /home/jatinbha/sandboxes/jdk/jdk/build/linux-x86_64-server-slowdebug/images/jdk/lib/server/classes.jsa
7ff11d000-800000000 rw-p 00000000 00:00 0 
556041c54000-556041c55000 r--p 00000000 08:02 25314552                   /home/jatinbha/sandboxes/jdk/jdk/build/linux-x86_64-server-slowdebug/images/jdk/bin/java
556041c55000-556041c56000 r-xp 00001000 08:02 25314552                   /home/jatinbha/sandboxes/jdk/jdk/build/linux-x86_64-server-slowdebug/images/jdk/bin/java
556041c56000-556041c57000 r--p 00002000 08:02 25314552                   /home/jatinbha/sandboxes/jdk/jdk/build/linux-x86_64-server-slowdebug/images/jdk/bin/java
556041c57000-556041c58000 r--p 00002000 08:02 25314552                   /home/jatinbha/sandboxes/jdk/jdk/build/linux-x86_64-server-slowdebug/images/jdk/bin/java
556041c58000-556041c59000 rw-p 00003000 08:02 25314552                   /home/jatinbha/sandboxes/jdk/jdk/build/linux-x86_64-server-slowdebug/images/jdk/bin/java
556042b0d000-556042b53000 rw-p 00000000 00:00 0                          [heap]
7ff3bc000000-7ff3bc021000 rw-p 00000000 00:00 0 
7ff3bc021000-7ff3c0000000 ---p 00000000 00:00 0 
7ff3c0000000-7ff3c0021000 rw-p 00000000 00:00 0 
7ff3c0021000-7ff3c4000000 ---p 00000000 00:00 0 
7ff3c4000000-7ff3c4021000 rw-p 00000000 00:00 0 
7ff3c4021000-7ff3c8000000 ---p 00000000 00:00 0 
7ff3c8000000-7ff3c81c0000 rw-p 00000000 00:00 0 
7ff3c81c0000-7ff3cc000000 ---p 00000000 00:00 0 
7ff3cc000000-7ff3cc021000 rw-p 00000000 00:00 0 
7ff3cc021000-7ff3d0000000 ---p 00000000 00:00 0 
7ff3d0000000-7ff3d0021000 rw-p 00000000 00:00 0 
7ff3d0021000-7ff3d4000000 ---p 00000000 00:00 0 
7ff3d4000000-7ff3d4010000 rw-p 00000000 00:00 0 
7ff3d4010000-7ff3d4400000 ---p 00000000 00:00 0 
7ff3d4400000-7ff3d4410000 rw-p 00000000 00:00 0 
7ff3d4410000-7ff3d8000000 ---p 00000000 00:00 0 
7ff3d8000000-7ff3d8021000 rw-p 00000000 00:00 0 
7ff3d8021000-7ff3dc000000 ---p 00000000 00:00 0 
7ff3dc000000-7ff3dc021000 rw-p 00000000 00:00 0 
7ff3dc021000-7ff3e0000000 ---p 00000000 00:00 0 
7ff3e0000000-7ff3e0021000 rw-p 00000000 00:00 0 
7ff3e0021000-7ff3e4000000 ---p 00000000 00:00 0 
7ff3e4232000-7ff3e6000000 rw-p 00000000 00:00 0 
7ff3e6000000-7ff3e6de8000 rw-p 00001000 08:02 25338052                   /home/jatinbha/sandboxes/jdk/jdk/build/linux-x86_64-server-slowdebug/images/jdk/lib/server/classes.jsa
7ff3e6de8000-7ff3e7000000 ---p 00000000 00:00 0 
7ff3e7000000-7ff3e7010000 rw-p 00000000 00:00 0 
7ff3e7010000-7ff3e7040000 ---p 00000000 00:00 0 
7ff3e7040000-7ff3e7050000 rw-p 00000000 00:00 0 
7ff3e7050000-7ff427000000 ---p 00000000 00:00 0 
7ff42717b000-7ff428000000 rw-p 00000000 00:00 0 
7ff428000000-7ff428021000 rw-p 00000000 00:00 0 
7ff428021000-7ff42c000000 ---p 00000000 00:00 0 
7ff42c000000-7ff42c021000 rw-p 00000000 00:00 0 
7ff42c021000-7ff430000000 ---p 00000000 00:00 0 
7ff430000000-7ff430021000 rw-p 00000000 00:00 0 
7ff430021000-7ff434000000 ---p 00000000 00:00 0 
7ff434211000-7ff435837000 rw-p 00000000 00:00 0 
7ff435837000-7ff43598d000 r-xp 00000000 08:02 21765380                   /home/jatinbha/softwares/hsdis-amd64.so
7ff43598d000-7ff435b8d000 ---p 00156000 08:02 21765380                   /home/jatinbha/softwares/hsdis-amd64.so
7ff435b8d000-7ff435c5c000 r--p 00156000 08:02 21765380                   /home/jatinbha/softwares/hsdis-amd64.so
7ff435c5c000-7ff435c63000 rw-p 00225000 08:02 21765380                   /home/jatinbha/softwares/hsdis-amd64.so
7ff435c63000-7ff435c68000 rw-p 00000000 00:00 0 
7ff435c68000-7ff435c6c000 ---p 00000000 00:00 0 
7ff435c6c000-7ff435d69000 rw-p 00000000 00:00 0 
7ff435d69000-7ff435d6d000 ---p 00000000 00:00 0 
7ff435d6d000-7ff435e6a000 rw-p 00000000 00:00 0 
7ff435e6a000-7ff435e6e000 r--p 00000000 08:02 25320582                   /home/jatinbha/sandboxes/jdk/jdk/build/linux-x86_64-server-slowdebug/images/jdk/lib/libjsvml.so
7ff435e6e000-7ff435eaf000 r-xp 00004000 08:02 25320582                   /home/jatinbha/sandboxes/jdk/jdk/build/linux-x86_64-server-slowdebug/images/jdk/lib/libjsvml.so
7ff435eaf000-7ff435f38000 r--p 00045000 08:02 25320582                   /home/jatinbha/sandboxes/jdk/jdk/build/linux-x86_64-server-slowdebug/images/jdk/lib/libjsvml.so
7ff435f38000-7ff435f39000 r--p 000cd000 08:02 25320582                   /home/jatinbha/sandboxes/jdk/jdk/build/linux-x86_64-server-slowdebug/images/jdk/lib/libjsvml.so
7ff435f39000-7ff435f3a000 rw-p 000ce000 08:02 25320582                   /home/jatinbha/sandboxes/jdk/jdk/build/linux-x86_64-server-slowdebug/images/jdk/lib/libjsvml.so
7ff435f3a000-7ff435f3d000 r--p 00000000 08:02 25320036                   /home/jatinbha/sandboxes/jdk/jdk/build/linux-x86_64-server-slowdebug/images/jdk/lib/libsimdsort.so
7ff435f3d000-7ff435fc2000 r-xp 00003000 08:02 25320036                   /home/jatinbha/sandboxes/jdk/jdk/build/linux-x86_64-server-slowdebug/images/jdk/lib/libsimdsort.so
7ff435fc2000-7ff435fd3000 r--p 00088000 08:02 25320036                   /home/jatinbha/sandboxes/jdk/jdk/build/linux-x86_64-server-slowdebug/images/jdk/lib/libsimdsort.so
7ff435fd3000-7ff435fd4000 r--p 00098000 08:02 25320036                   /home/jatinbha/sandboxes/jdk/jdk/build/linux-x86_64-server-slowdebug/images/jdk/lib/libsimdsort.so
7ff435fd4000-7ff435fd5000 rw-p 00099000 08:02 25320036                   /home/jatinbha/sandboxes/jdk/jdk/build/linux-x86_64-server-slowdebug/images/jdk/lib/libsimdsort.so
7ff435fd5000-7ff435fd9000 ---p 00000000 00:00 0 
7ff435fd9000-7ff4360d6000 rw-p 00000000 00:00 0 
7ff4360d6000-7ff4360da000 ---p 00000000 00:00 0 
7ff4360da000-7ff4361d7000 rw-p 00000000 00:00 0 
7ff4361d7000-7ff436747000 r--p 00000000 08:02 7078745                    /usr/lib/locale/locale-archive
7ff436747000-7ff4367c8000 rw-p 00000000 00:00 0 
7ff4367c8000-7ff4367c9000 ---p 00000000 00:00 0 
7ff4367c9000-7ff4368c9000 rw-p 00000000 00:00 0 
7ff4368c9000-7ff4368ca000 ---p 00000000 00:00 0 
7ff4368ca000-7ff4368ce000 ---p 00000000 00:00 0 
7ff4368ce000-7ff4369ca000 rw-p 00000000 00:00 0 
7ff4369ca000-7ff4369cb000 ---p 00000000 00:00 0 
7ff4369cb000-7ff4369cf000 ---p 00000000 00:00 0 
7ff4369cf000-7ff436acb000 rw-p 00000000 00:00 0 
7ff436acb000-7ff436acc000 ---p 00000000 00:00 0 
7ff436acc000-7ff436bcc000 rw-p 00000000 00:00 0 
7ff436bcc000-7ff436bcd000 ---p 00000000 00:00 0 
7ff436bcd000-7ff436bd1000 ---p 00000000 00:00 0 
7ff436bd1000-7ff436ccd000 rw-p 00000000 00:00 0 
7ff436ccd000-7ff436cce000 ---p 00000000 00:00 0 
7ff436cce000-7ff436cd2000 ---p 00000000 00:00 0 
7ff436cd2000-7ff436dce000 rw-p 00000000 00:00 0 
7ff436dce000-7ff436dcf000 ---p 00000000 00:00 0 
7ff436dcf000-7ff436ecf000 rw-p 00000000 00:00 0 
7ff436ecf000-7ff436ed0000 ---p 00000000 00:00 0 
7ff436ed0000-7ff43c000000 rw-p 00000000 00:00 0 
7ff43c000000-7ff43c021000 rw-p 00000000 00:00 0 
7ff43c021000-7ff440000000 ---p 00000000 00:00 0 
7ff440000000-7ff440021000 rw-p 00000000 00:00 0 
7ff440021000-7ff444000000 ---p 00000000 00:00 0 
7ff444000000-7ff444021000 rw-p 00000000 00:00 0 
7ff444021000-7ff448000000 ---p 00000000 00:00 0 
7ff44801d000-7ff4499d2000 rw-p 00000000 00:00 0 
7ff4499d2000-7ff4499d3000 ---p 00000000 00:00 0 
7ff4499d3000-7ff449ad3000 rw-p 00000000 00:00 0 
7ff449ad3000-7ff449ad4000 ---p 00000000 00:00 0 
7ff449ad4000-7ff449bd4000 rw-p 00000000 00:00 0 
7ff449bd4000-7ff449bd5000 ---p 00000000 00:00 0 
7ff449bd5000-7ff44c13b000 rw-p 00000000 00:00 0 
7ff44c13b000-7ff4678fb000 ---p 00000000 00:00 0 
7ff4678fb000-7ff467d3b000 rw-p 00000000 00:00 0 
7ff467d3b000-7ff46b433000 ---p 00000000 00:00 0 
7ff46b433000-7ff46b83b000 rw-p 00000000 00:00 0 
7ff46b83b000-7ff46ef33000 ---p 00000000 00:00 0 
7ff46ef33000-7ff47356d000 rw-p 00000000 00:00 0 
7ff47356d000-7ff47c000000 r--s 00000000 08:02 25297344                   /home/jatinbha/sandboxes/jdk/jdk/build/linux-x86_64-server-slowdebug/images/jdk/lib/modules
7ff47c000000-7ff47c360000 rw-p 00000000 00:00 0 
7ff47c360000-7ff480000000 ---p 00000000 00:00 0 
7ff480015000-7ff48001c000 r--s 00000000 08:02 7736501                    /usr/lib/x86_64-linux-gnu/gconv/gconv-modules.cache
7ff48001c000-7ff480425000 rw-p 00000000 00:00 0 
7ff480425000-7ff480480000 ---p 00000000 00:00 0 
7ff480480000-7ff4806f0000 rwxp 00000000 00:00 0 
7ff4806f0000-7ff483480000 ---p 00000000 00:00 0 
7ff483480000-7ff48348c000 r--p 00000000 08:02 25320007                   /home/jatinbha/sandboxes/jdk/jdk/build/linux-x86_64-server-slowdebug/images/jdk/lib/libjava.so
7ff48348c000-7ff4834a3000 r-xp 0000c000 08:02 25320007                   /home/jatinbha/sandboxes/jdk/jdk/build/linux-x86_64-server-slowdebug/images/jdk/lib/libjava.so
7ff4834a3000-7ff4834a9000 r--p 00023000 08:02 25320007                   /home/jatinbha/sandboxes/jdk/jdk/build/linux-x86_64-server-slowdebug/images/jdk/lib/libjava.so
7ff4834a9000-7ff4834aa000 r--p 00028000 08:02 25320007                   /home/jatinbha/sandboxes/jdk/jdk/build/linux-x86_64-server-slowdebug/images/jdk/lib/libjava.so
7ff4834aa000-7ff4834ac000 rw-p 00029000 08:02 25320007                   /home/jatinbha/sandboxes/jdk/jdk/build/linux-x86_64-server-slowdebug/images/jdk/lib/libjava.so
7ff4834ac000-7ff4834b4000 rw-s 00000000 08:02 3670918                    /tmp/hsperfdata_intel/3761993
7ff4834b4000-7ff4834b8000 r--p 00000000 08:02 25320008                   /home/jatinbha/sandboxes/jdk/jdk/build/linux-x86_64-server-slowdebug/images/jdk/lib/libjimage.so
7ff4834b8000-7ff4834cf000 r-xp 00004000 08:02 25320008                   /home/jatinbha/sandboxes/jdk/jdk/build/linux-x86_64-server-slowdebug/images/jdk/lib/libjimage.so
7ff4834cf000-7ff4834d6000 r--p 0001b000 08:02 25320008                   /home/jatinbha/sandboxes/jdk/jdk/build/linux-x86_64-server-slowdebug/images/jdk/lib/libjimage.so
7ff4834d6000-7ff4834d7000 ---p 00022000 08:02 25320008                   /home/jatinbha/sandboxes/jdk/jdk/build/linux-x86_64-server-slowdebug/images/jdk/lib/libjimage.so
7ff4834d7000-7ff4834d9000 r--p 00022000 08:02 25320008                   /home/jatinbha/sandboxes/jdk/jdk/build/linux-x86_64-server-slowdebug/images/jdk/lib/libjimage.so
7ff4834d9000-7ff4834da000 rw-p 00024000 08:02 25320008                   /home/jatinbha/sandboxes/jdk/jdk/build/linux-x86_64-server-slowdebug/images/jdk/lib/libjimage.so
7ff4834da000-7ff4834de000 ---p 00000000 00:00 0 
7ff4834de000-7ff4835db000 rw-p 00000000 00:00 0 
7ff4835db000-7ff4835ea000 r--p 00000000 08:02 7080075                    /usr/lib/x86_64-linux-gnu/libm-2.31.so
7ff4835ea000-7ff483691000 r-xp 0000f000 08:02 7080075                    /usr/lib/x86_64-linux-gnu/libm-2.31.so
7ff483691000-7ff483728000 r--p 000b6000 08:02 7080075                    /usr/lib/x86_64-linux-gnu/libm-2.31.so
7ff483728000-7ff483729000 r--p 0014c000 08:02 7080075                    /usr/lib/x86_64-linux-gnu/libm-2.31.so
7ff483729000-7ff48372a000 rw-p 0014d000 08:02 7080075                    /usr/lib/x86_64-linux-gnu/libm-2.31.so
7ff48372a000-7ff48372d000 r--p 00000000 08:02 7080092                    /usr/lib/x86_64-linux-gnu/librt-2.31.so
7ff48372d000-7ff483731000 r-xp 00003000 08:02 7080092                    /usr/lib/x86_64-linux-gnu/librt-2.31.so
7ff483731000-7ff483732000 r--p 00007000 08:02 7080092                    /usr/lib/x86_64-linux-gnu/librt-2.31.so
7ff483732000-7ff483733000 ---p 00008000 08:02 7080092                    /usr/lib/x86_64-linux-gnu/librt-2.31.so
7ff483733000-7ff483734000 r--p 00008000 08:02 7080092                    /usr/lib/x86_64-linux-gnu/librt-2.31.so
7ff483734000-7ff483735000 rw-p 00009000 08:02 7080092                    /usr/lib/x86_64-linux-gnu/librt-2.31.so
7ff483735000-7ff483b4f000 r--p 00000000 08:02 25320094                   /home/jatinbha/sandboxes/jdk/jdk/build/linux-x86_64-server-slowdebug/images/jdk/lib/server/libjvm.so
7ff483b4f000-7ff4850d4000 r-xp 0041a000 08:02 25320094                   /home/jatinbha/sandboxes/jdk/jdk/build/linux-x86_64-server-slowdebug/images/jdk/lib/server/libjvm.so
7ff4850d4000-7ff4860f5000 r--p 0199f000 08:02 25320094                   /home/jatinbha/sandboxes/jdk/jdk/build/linux-x86_64-server-slowdebug/images/jdk/lib/server/libjvm.so
7ff4860f5000-7ff4860f6000 ---p 029c0000 08:02 25320094                   /home/jatinbha/sandboxes/jdk/jdk/build/linux-x86_64-server-slowdebug/images/jdk/lib/server/libjvm.so
7ff4860f6000-7ff486202000 r--p 029c0000 08:02 25320094                   /home/jatinbha/sandboxes/jdk/jdk/build/linux-x86_64-server-slowdebug/images/jdk/lib/server/libjvm.so
7ff486202000-7ff486280000 rw-p 02acc000 08:02 25320094                   /home/jatinbha/sandboxes/jdk/jdk/build/linux-x86_64-server-slowdebug/images/jdk/lib/server/libjvm.so
7ff486280000-7ff486349000 rw-p 00000000 00:00 0 
7ff486349000-7ff486350000 r--p 00000000 08:02 7080090                    /usr/lib/x86_64-linux-gnu/libpthread-2.31.so
7ff486350000-7ff486361000 r-xp 00007000 08:02 7080090                    /usr/lib/x86_64-linux-gnu/libpthread-2.31.so
7ff486361000-7ff486366000 r--p 00018000 08:02 7080090                    /usr/lib/x86_64-linux-gnu/libpthread-2.31.so
7ff486366000-7ff486367000 r--p 0001c000 08:02 7080090                    /usr/lib/x86_64-linux-gnu/libpthread-2.31.so
7ff486367000-7ff486368000 rw-p 0001d000 08:02 7080090                    /usr/lib/x86_64-linux-gnu/libpthread-2.31.so
7ff486368000-7ff48636c000 rw-p 00000000 00:00 0 
7ff48636c000-7ff48636d000 r--p 00000000 08:02 7080074                    /usr/lib/x86_64-linux-gnu/libdl-2.31.so
7ff48636d000-7ff48636f000 r-xp 00001000 08:02 7080074                    /usr/lib/x86_64-linux-gnu/libdl-2.31.so
7ff48636f000-7ff486370000 r--p 00003000 08:02 7080074                    /usr/lib/x86_64-linux-gnu/libdl-2.31.so
7ff486370000-7ff486371000 r--p 00003000 08:02 7080074                    /usr/lib/x86_64-linux-gnu/libdl-2.31.so
7ff486371000-7ff486372000 rw-p 00004000 08:02 7080074                    /usr/lib/x86_64-linux-gnu/libdl-2.31.so
7ff486372000-7ff486374000 r--p 00000000 08:02 7078082                    /usr/lib/x86_64-linux-gnu/libz.so.1.2.11
7ff486374000-7ff486385000 r-xp 00002000 08:02 7078082                    /usr/lib/x86_64-linux-gnu/libz.so.1.2.11
7ff486385000-7ff48638b000 r--p 00013000 08:02 7078082                    /usr/lib/x86_64-linux-gnu/libz.so.1.2.11
7ff48638b000-7ff48638c000 ---p 00019000 08:02 7078082                    /usr/lib/x86_64-linux-gnu/libz.so.1.2.11
7ff48638c000-7ff48638d000 r--p 00019000 08:02 7078082                    /usr/lib/x86_64-linux-gnu/libz.so.1.2.11
7ff48638d000-7ff48638e000 rw-p 0001a000 08:02 7078082                    /usr/lib/x86_64-linux-gnu/libz.so.1.2.11
7ff48638e000-7ff4863b3000 r--p 00000000 08:02 7080073                    /usr/lib/x86_64-linux-gnu/libc-2.31.so
7ff4863b3000-7ff48652b000 r-xp 00025000 08:02 7080073                    /usr/lib/x86_64-linux-gnu/libc-2.31.so
7ff48652b000-7ff486575000 r--p 0019d000 08:02 7080073                    /usr/lib/x86_64-linux-gnu/libc-2.31.so
7ff486575000-7ff486576000 ---p 001e7000 08:02 7080073                    /usr/lib/x86_64-linux-gnu/libc-2.31.so
7ff486576000-7ff486579000 r--p 001e7000 08:02 7080073                    /usr/lib/x86_64-linux-gnu/libc-2.31.so
7ff486579000-7ff48657c000 rw-p 001ea000 08:02 7080073                    /usr/lib/x86_64-linux-gnu/libc-2.31.so
7ff48657c000-7ff486580000 rw-p 00000000 00:00 0 
7ff486580000-7ff486583000 r--p 00000000 08:02 7080081                    /usr/lib/x86_64-linux-gnu/libnss_files-2.31.so
7ff486583000-7ff48658a000 r-xp 00003000 08:02 7080081                    /usr/lib/x86_64-linux-gnu/libnss_files-2.31.so
7ff48658a000-7ff48658c000 r--p 0000a000 08:02 7080081                    /usr/lib/x86_64-linux-gnu/libnss_files-2.31.so
7ff48658c000-7ff48658d000 r--p 0000b000 08:02 7080081                    /usr/lib/x86_64-linux-gnu/libnss_files-2.31.so
7ff48658d000-7ff48658e000 rw-p 0000c000 08:02 7080081                    /usr/lib/x86_64-linux-gnu/libnss_files-2.31.so
7ff48658e000-7ff486594000 rw-p 00000000 00:00 0 
7ff486594000-7ff486595000 ---p 00000000 00:00 0 
7ff486595000-7ff486596000 r--p 00000000 00:00 0 
7ff486596000-7ff486599000 r--p 00000000 08:02 25320011                   /home/jatinbha/sandboxes/jdk/jdk/build/linux-x86_64-server-slowdebug/images/jdk/lib/libjli.so
7ff486599000-7ff4865a7000 r-xp 00003000 08:02 25320011                   /home/jatinbha/sandboxes/jdk/jdk/build/linux-x86_64-server-slowdebug/images/jdk/lib/libjli.so
7ff4865a7000-7ff4865ab000 r--p 00011000 08:02 25320011                   /home/jatinbha/sandboxes/jdk/jdk/build/linux-x86_64-server-slowdebug/images/jdk/lib/libjli.so
7ff4865ab000-7ff4865ac000 r--p 00014000 08:02 25320011                   /home/jatinbha/sandboxes/jdk/jdk/build/linux-x86_64-server-slowdebug/images/jdk/lib/libjli.so
7ff4865ac000-7ff4865ad000 rw-p 00015000 08:02 25320011                   /home/jatinbha/sandboxes/jdk/jdk/build/linux-x86_64-server-slowdebug/images/jdk/lib/libjli.so
7ff4865ad000-7ff4865af000 rw-p 00000000 00:00 0 
7ff4865af000-7ff4865b0000 r--p 00000000 08:02 7080069                    /usr/lib/x86_64-linux-gnu/ld-2.31.so
7ff4865b0000-7ff4865d3000 r-xp 00001000 08:02 7080069                    /usr/lib/x86_64-linux-gnu/ld-2.31.so
7ff4865d3000-7ff4865db000 r--p 00024000 08:02 7080069                    /usr/lib/x86_64-linux-gnu/ld-2.31.so
7ff4865db000-7ff4865dc000 rwxp 00000000 00:00 0 
7ff4865dc000-7ff4865dd000 r--p 0002c000 08:02 7080069                    /usr/lib/x86_64-linux-gnu/ld-2.31.so
7ff4865dd000-7ff4865de000 rw-p 0002d000 08:02 7080069                    /usr/lib/x86_64-linux-gnu/ld-2.31.so
7ff4865de000-7ff4865df000 rw-p 00000000 00:00 0 
7ffe70ea2000-7ffe70ec3000 rw-p 00000000 00:00 0                          [stack]
7ffe70fc3000-7ffe70fc7000 r--p 00000000 00:00 0                          [vvar]
7ffe70fc7000-7ffe70fc9000 r-xp 00000000 00:00 0                          [vdso]
ffffffffff600000-ffffffffff601000 --xp 00000000 00:00 0                  [vsyscall]
Total number of mappings: 200

JVMTI agents: none


VM Arguments:
jvm_args: -XX:+PauseAtStartup -Xbatch -XX:CompileCommand=compileonly,test::micro -XX:CompileCommand=Print,test::micro -XX:-TieredCompilation 
java_command: test
java_class_path (initial): .
Launcher Type: SUN_STANDARD

[Global flags]
     bool AOTInvokeDynamicLinking                  = false                                  {diagnostic} {ergonomic}     AOT-link JVM_CONSTANT_InvokeDynamic entries in cached ConstantPools
     bool BackgroundCompilation                    = false                                  {pd product} {command line}  A thread requesting compilation is not blocked during compilation
     intx CICompilerCount                          = 18                                        {product} {ergonomic}     Number of compiler threads to run
ccstrlist CompileCommand                           = compileonly,test::micro
          CompileCommand                          += Print,test::micro                         {product} {command line}  Prepend to .hotspot_compiler; e.g. log,java/lang/String.<init>
     uint ConcGCThreads                            = 18                                        {product} {ergonomic}     Number of threads concurrent gc will use
     uint G1ConcRefinementThreads                  = 73                                        {product} {ergonomic}     The number of parallel remembered set update threads. Will be set ergonomically by default.
   size_t G1HeapRegionSize                         = 16777216                                  {product} {ergonomic}     Size of the G1 regions.
   size_t InitialHeapSize                          = 2147483648                                {product} {ergonomic}     Initial heap size (in bytes); zero means use ergonomics
   size_t MarkStackSize                            = 4194304                                   {product} {ergonomic}     Size of marking stack in bytes.
   size_t MarkStackSizeMax                         = 536870912                                 {product} {ergonomic}     Maximum size of marking stack in bytes.
   size_t MaxHeapSize                              = 31675383808                               {product} {ergonomic}     Maximum heap size (in bytes)
   size_t MaxNewSize                               = 18991808512                               {product} {ergonomic}     Maximum new generation size (in bytes), max_uintx means set ergonomically
   size_t MinHeapDeltaBytes                        = 16777216                                  {product} {ergonomic}     The minimum change in heap space due to GC (in bytes)
   size_t MinHeapSize                              = 16777216                                  {product} {ergonomic}     Minimum heap size (in bytes); zero means use ergonomics
    uintx NonNMethodCodeHeapSize                   = 4096                                   {pd product} {ergonomic}     Size of code heap with non-nmethods (in bytes)
    uintx NonProfiledCodeHeapSize                  = 0                                      {pd product} {ergonomic}     Size of code heap with non-profiled methods (in bytes)
     bool PauseAtStartup                           = true                                   {diagnostic} {command line}  Causes the VM to pause at startup time and wait for the pause file to be removed (default: ./vm.paused.<pid>)
    uintx ProfiledCodeHeapSize                     = 0                                      {pd product} {ergonomic}     Size of code heap with profiled methods (in bytes)
   size_t SoftMaxHeapSize                          = 31675383808                            {manageable} {ergonomic}     Soft limit for maximum heap size (in bytes)
     bool THPStackMitigation                       = false                                  {diagnostic} {ergonomic}     If THPs are unconditionally enabled on the system (mode "always"), the JVM will prevent THP from forming in thread stacks. When disabled, the absence of this mitigationallows THPs to form in thread stacks.
     bool TieredCompilation                        = false                                  {pd product} {command line}  Enable tiered compilation
     bool UseCompressedOops                        = true                           {product lp64_product} {ergonomic}   Use 32-bit object references in 64-bit VM. lp64_product means flag is always constant in 32 bit VM
     bool UseG1GC                                  = true                                      {product} {ergonomic}     Use the Garbage-First garbage collector

Logging:
Log output configuration:
 #0: stdout all=warning uptime,level,tags foldmultilines=false
 #1: stderr all=off uptime,level,tags foldmultilines=false

Environment Variables:
JAVA_HOME=/home/jatinbha/sandboxes/jdk/jdk/build/linux-x86_64-server-slowdebug/images/jdk/
PATH=/home/jatinbha/sandboxes/jdk/jdk/build/linux-x86_64-server-slowdebug/images/jdk//bin:/home/jatinbha/.local/bin:/home/jatinbha/bin:/home/jatinbha/softwares/jextract-22:/home/jatinbha/softwares/cmake-3.28.3-linux-x86_64/bin:/home/jatinbha/softwares/cmake-3.26.3-linux-x86_64/bin:/home/jatinbha/softwares/jdk-17.0.2//bin:/home/jatinbha/softwares/thrift-0.16.0/bin:/home/jatinbha/softwares/jdk8u322-b06//bin:/home/jatinbha/softwares/jdk-17//bin:/home/jatinbha/softwares/apache-maven-3.6.3/bin:/home/jatinbha/sandboxes/skara/build/bin:/usr/local/sbin:/usr/local/bin:/usr/sbin:/usr/bin:/sbin:/bin:/usr/games:/usr/local/games:/snap/bin
LD_LIBRARY_PATH=/home/jatinbha/softwares:
SHELL=/bin/bash
LANG=en_IN
TERM=xterm-256color

Active Locale:
LC_ALL=en_IN
LC_COLLATE=en_IN
LC_CTYPE=en_IN
LC_MESSAGES=en_IN
LC_MONETARY=en_IN
LC_NUMERIC=en_IN
LC_TIME=en_IN

Signal Handlers:
   SIGSEGV: crash_handler in libjvm.so, mask=11100100010111111101111111111110, flags=SA_RESTART|SA_SIGINFO, unblocked
    SIGBUS: crash_handler in libjvm.so, mask=11100100010111111101111111111110, flags=SA_RESTART|SA_SIGINFO, unblocked
    SIGFPE: crash_handler in libjvm.so, mask=11100100010111111101111111111110, flags=SA_RESTART|SA_SIGINFO, unblocked
   SIGPIPE: javaSignalHandler in libjvm.so, mask=11100100010111111101111111111110, flags=SA_RESTART|SA_SIGINFO, unblocked
   SIGXFSZ: javaSignalHandler in libjvm.so, mask=11100100010111111101111111111110, flags=SA_RESTART|SA_SIGINFO, unblocked
    SIGILL: crash_handler in libjvm.so, mask=11100100010111111101111111111110, flags=SA_RESTART|SA_SIGINFO, unblocked
   SIGUSR2: SR_handler in libjvm.so, mask=00000000000000000000000000000000, flags=SA_RESTART|SA_SIGINFO, unblocked
    SIGHUP: UserHandler in libjvm.so, mask=11100100010111111101111111111110, flags=SA_RESTART|SA_SIGINFO, unblocked
    SIGINT: UserHandler in libjvm.so, mask=11100100010111111101111111111110, flags=SA_RESTART|SA_SIGINFO, unblocked
   SIGTERM: UserHandler in libjvm.so, mask=11100100010111111101111111111110, flags=SA_RESTART|SA_SIGINFO, unblocked
   SIGQUIT: UserHandler in libjvm.so, mask=11100100010111111101111111111110, flags=SA_RESTART|SA_SIGINFO, blocked
   SIGTRAP: crash_handler in libjvm.so, mask=11100100010111111101111111111110, flags=SA_RESTART|SA_SIGINFO, unblocked


Native Memory Tracking:

(Omitting categories weighting less than 1KB)

Total: reserved=32993808KB, committed=2432764KB
       malloc: 223380KB #20872, peak=223141KB #20874
       mmap:   reserved=32770428KB, committed=2209384KB

-                 Java Heap (reserved=30932992KB, committed=2113536KB)
                            (mmap: reserved=30932992KB, committed=2113536KB, at peak)

-                     Class (reserved=1048636KB, committed=188KB)
                            (classes #503)
                            (  instance classes #410, array classes #93)
                            (malloc=60KB #523) (peak=60KB #522)
                            (mmap: reserved=1048576KB, committed=128KB, at peak)
                            (  Metadata:   )
                            (    reserved=65536KB, committed=128KB)
                            (    used=50KB)
                            (    waste=78KB =60.69%)
                            (  Class space:)
                            (    reserved=1048576KB, committed=128KB)
                            (    used=4KB)
                            (    waste=124KB =97.02%)

-                    Thread (reserved=16455KB, committed=767KB)
                            (threads #16)
                            (stack: reserved=16404KB, committed=716KB, peak=716KB)
                            (malloc=33KB #99) (peak=41KB #103)
                            (arena=18KB #30) (peak=79KB #26)

-                      Code (reserved=49970KB, committed=2950KB)
                            (malloc=433KB #9782) (peak=434KB #9789)
                            (mmap: reserved=49536KB, committed=2516KB, at peak)
                            (arena=1KB #1) (peak=34KB #2)

-                        GC (reserved=793395KB, committed=230515KB)
                            (malloc=152439KB #1162) (at peak)
                            (mmap: reserved=640956KB, committed=78076KB, at peak)

-                  Compiler (reserved=292KB, committed=292KB)
                            (malloc=65KB #26) (peak=66KB #34)
                            (arena=227KB #4) (peak=1705KB #10)

-                  Internal (reserved=68512KB, committed=68512KB)
                            (malloc=68476KB #7640) (peak=68476KB #7641)
                            (mmap: reserved=36KB, committed=36KB, at peak)

-                    Symbol (reserved=1130KB, committed=1130KB)
                            (malloc=770KB #31) (at peak)
                            (arena=360KB #1) (at peak)

-    Native Memory Tracking (reserved=373KB, committed=373KB)
                            (malloc=6KB #59) (peak=6KB #60)
                            (arena=0KB #0) (peak=128KB #1)
                            (tracking overhead=367KB)

-        Shared class space (reserved=16384KB, committed=14240KB, readonly=0KB)
                            (mmap: reserved=16384KB, committed=14240KB, peak=14452KB)

-               Arena Chunk (reserved=1KB, committed=1KB)
                            (malloc=1KB #42) (peak=2278KB #81)

-                    Module (reserved=67KB, committed=67KB)
                            (malloc=67KB #1261) (at peak)

-                 Safepoint (reserved=8KB, committed=8KB)
                            (mmap: reserved=8KB, committed=8KB, at peak)

-           Synchronization (reserved=27KB, committed=27KB)
                            (malloc=27KB #198) (at peak)

-            Serviceability (reserved=17KB, committed=17KB)
                            (malloc=17KB #10) (peak=17KB #14)

-                 Metaspace (reserved=65548KB, committed=140KB)
                            (malloc=12KB #8) (at peak)
                            (mmap: reserved=65536KB, committed=128KB, at peak)

-      String Deduplication (reserved=1KB, committed=1KB)
                            (malloc=1KB #8) (at peak)

Preinit state:entries: 386 (primary: 385, empties: 7806), sum bytes: 14522, longest chain length: 2
pre-init mallocs: 445, pre-init reallocs: 4, pre-init frees: 59
MallocLimit: unset

Periodic native trim disabled

---------------  S Y S T E M  ---------------

OS:
DISTRIB_ID=Ubuntu
DISTRIB_RELEASE=20.04
DISTRIB_CODENAME=focal
DISTRIB_DESCRIPTION="Ubuntu 20.04.2 LTS"
uname: Linux intel-S2600WFT 5.8.0-41-generic #46~20.04.1-Ubuntu SMP Mon Jan 18 17:52:23 UTC 2021 x86_64
OS uptime: 69 days 5:20 hours
libc: glibc 2.31 NPTL 2.31 
rlimit (soft/hard): STACK 8192k/infinity , CORE 0k/infinity , NPROC 3090646/3090646 , NOFILE 1048576/1048576 , AS infinity/infinity , CPU infinity/infinity , DATA infinity/infinity , FSIZE infinity/infinity , MEMLOCK 65536k/65536k
load average: 4.07 3.60 3.05

/proc/meminfo:
MemTotal:       791263980 kB
MemFree:        654280716 kB
MemAvailable:   776154280 kB
Buffers:         6741520 kB
Cached:         108570844 kB
SwapCached:            0 kB
Active:         76212508 kB
Inactive:       46464288 kB
Active(anon):    7361084 kB
Inactive(anon):     7024 kB
Active(file):   68851424 kB
Inactive(file): 46457264 kB
Unevictable:           0 kB
Mlocked:               0 kB
SwapTotal:       2097148 kB
SwapFree:        2097148 kB
Dirty:               256 kB
Writeback:             0 kB
AnonPages:       7365064 kB
Mapped:           465660 kB
Shmem:              9832 kB
KReclaimable:   11619056 kB
Slab:           12942836 kB
SReclaimable:   11619056 kB
SUnreclaim:      1323780 kB
KernelStack:       30128 kB
PageTables:        30992 kB
NFS_Unstable:          0 kB
Bounce:                0 kB
WritebackTmp:          0 kB
CommitLimit:    397729136 kB
Committed_AS:   22178708 kB
VmallocTotal:   34359738367 kB
VmallocUsed:      467404 kB
VmallocChunk:          0 kB
Percpu:           292992 kB
HardwareCorrupted:     0 kB
AnonHugePages:         0 kB
ShmemHugePages:        0 kB
ShmemPmdMapped:        0 kB
FileHugePages:         0 kB
FilePmdMapped:         0 kB
HugePages_Total:       0
HugePages_Free:        0
HugePages_Rsvd:        0
HugePages_Surp:        0
Hugepagesize:       2048 kB
Hugetlb:               0 kB
DirectMap4k:     3114396 kB
DirectMap2M:    169588736 kB
DirectMap1G:    633339904 kB

/sys/kernel/mm/transparent_hugepage/enabled: always [madvise] never
/sys/kernel/mm/transparent_hugepage/hpage_pmd_size: 2097152
/sys/kernel/mm/transparent_hugepage/shmem_enabled: always within_size advise [never] deny force
/sys/kernel/mm/transparent_hugepage/defrag (defrag/compaction efforts parameter): always defer defer+madvise [madvise] never

Process Memory:
Virtual Size: 34242948K (peak: 34242948K)
Resident Set Size: 292084K (peak: 292084K) (anon: 251304K, file: 40780K, shmem: 0K)
Swapped out: 0K
C-Heap outstanding allocations: 224673K, retained: 3422K (may have wrapped)
glibc malloc tunables: (default)

/proc/sys/kernel/threads-max (system-wide limit on the number of threads): 6181293
/proc/sys/vm/max_map_count (maximum number of memory map areas a process may have): 65530
/proc/sys/vm/swappiness (control to define how aggressively the kernel swaps out anonymous memory): 60
/proc/sys/kernel/pid_max (system-wide limit on number of process identifiers): 4194304

container information not found.
Steal ticks since vm start: 0
Steal ticks percentage since vm start:  0.000

CPU: total 112 (initial active 112) (28 cores per cpu, 2 threads per core) family 6 model 85 stepping 7 microcode 0x5003006, cx8, cmov, fxsr, ht, mmx, 3dnowpref, sse, sse2, sse3, ssse3, sse4.1, sse4.2, popcnt, lzcnt, tsc, tscinvbit, avx, avx2, aes, erms, clmul, bmi1, bmi2, adx, avx512f, avx512dq, avx512cd, avx512bw, avx512vl, fma, vzeroupper, avx512_vnni, clflush, clflushopt, clwb, rdtscp, f16c, pku, ospke
CPU Model and flags from /proc/cpuinfo:
model name	: Intel(R) Xeon(R) Platinum 8280 CPU @ 2.70GHz
flags		: fpu vme de pse tsc msr pae mce cx8 apic sep mtrr pge mca cmov pat pse36 clflush dts acpi mmx fxsr sse sse2 ss ht tm pbe syscall nx pdpe1gb rdtscp lm constant_tsc art arch_perfmon pebs bts rep_good nopl xtopology nonstop_tsc cpuid aperfmperf pni pclmulqdq dtes64 monitor ds_cpl smx est tm2 ssse3 sdbg fma cx16 xtpr pdcm pcid dca sse4_1 sse4_2 x2apic movbe popcnt tsc_deadline_timer aes xsave avx f16c rdrand lahf_lm abm 3dnowprefetch cpuid_fault epb cat_l3 cdp_l3 invpcid_single ssbd mba ibrs ibpb stibp ibrs_enhanced fsgsbase tsc_adjust bmi1 avx2 smep bmi2 erms invpcid cqm mpx rdt_a avx512f avx512dq rdseed adx smap clflushopt clwb intel_pt avx512cd avx512bw avx512vl xsaveopt xsavec xgetbv1 xsaves cqm_llc cqm_occup_llc cqm_mbm_total cqm_mbm_local dtherm ida arat pln pts hwp hwp_act_window hwp_epp hwp_pkg_req pku ospke avx512_vnni md_clear flush_l1d arch_capabilities

Online cpus: 0-111
Offline cpus: 
cache level: 1
cache type: Data
cache size: 32K
cache coherency line size: 64
cache level: 1
cache type: Instruction
cache size: 32K
cache coherency line size: 64
cache level: 2
cache type: Unified
cache size: 1024K
cache coherency line size: 64
cache level: 3
cache type: Unified
cache size: 39424K
cache coherency line size: 64
BIOS frequency limitation: <Not Available>
Frequency switch latency (ns): 0
Available cpu frequencies: <Not Available>
Maximum cpu frequency: 4000000
Minimum cpu frequency: 1000000
Current cpu frequency: 2715801
Available governors: performance powersave
Current governor: powersave
Core performance/turbo boost: <Not Available>

Memory: 4k page, physical 791263980k(776154532k free), swap 2097148k(2097148k free)
Page Sizes: 4k

vm_info: OpenJDK 64-Bit Server VM (slowdebug 25-internal-adhoc.root.jdk) for linux-amd64 JRE (25-internal-adhoc.root.jdk), built on 2025-02-20T06:41:13Z with gcc 9.3.0

END.
