#
# A fatal error has been detected by the Java Runtime Environment:
#
#  Internal Error (/home/jatinbha/sandboxes/jdk/jdk/src/hotspot/cpu/x86/relocInfo_x86.cpp:110), pid=3760623, tid=3760689
#  Error: ShouldNotReachHere()
#
# JRE version: OpenJDK Runtime Environment (25.0) (slowdebug build 25-internal-adhoc.root.jdk)
# Java VM: OpenJDK 64-Bit Server VM (slowdebug 25-internal-adhoc.root.jdk, mixed mode, sharing, compressed oops, compressed class ptrs, g1 gc, linux-amd64)
# Problematic frame:
# V  [libjvm.so+0x14ad5c2]  Relocation::pd_call_destination(unsigned char*)+0x13c
#
# Core dump will be written. Default location: Core dumps may be processed with "/usr/share/apport/apport %p %s %c %d %P %E" (or dumping to /home/jatinbha/code/java/runtime/polling/core.3760623)
#
# If you would like to submit a bug report, please visit:
#   https://bugreport.java.com/bugreport/crash.jsp
#

---------------  S U M M A R Y ------------

Command Line: -XX:+PauseAtStartup -Xbatch -XX:CompileCommand=compileonly,test::micro -XX:CompileCommand=Print,test::micro -XX:-TieredCompilation test

Host: intel-S2600WFT, Intel(R) Xeon(R) Platinum 8280 CPU @ 2.70GHz, 112 cores, 754G, Ubuntu 20.04.2 LTS
Time: Mon Mar  3 13:13:34 2025 IST elapsed time: 108.438969 seconds (0d 0h 1m 48s)

---------------  T H R E A D  ---------------

Current thread (0x00007f172c312240):  JavaThread "C2 CompilerThread0" daemon [_thread_in_vm, id=3760689, stack(0x00007f16e584e000,0x00007f16e594f000) (1028K)]


Current CompileTask:
C2:108439    3 %  b        test::micro @ 14 (57 bytes)

Stack: [0x00007f16e584e000,0x00007f16e594f000],  sp=0x00007f16e5949af0,  free space=1006k
Native frames: (J=compiled Java code, j=interpreted, Vv=VM code, C=native code)
V  [libjvm.so+0x14ad5c2]  Relocation::pd_call_destination(unsigned char*)+0x13c  (relocInfo_x86.cpp:110)
V  [libjvm.so+0x136f84b]  CallRelocation::destination()+0x21  (relocInfo.hpp:948)
V  [libjvm.so+0x136ce3b]  nmethod::reloc_string_for(unsigned char*, unsigned char*)+0x2ff  (nmethod.cpp:3581)
V  [libjvm.so+0x136e02c]  nmethod::has_code_comment(unsigned char*, unsigned char*)+0x58  (nmethod.cpp:3792)
V  [libjvm.so+0xc08dc5]  decode_env::end_insn(unsigned char*)+0x69  (disassembler.cpp:149)
V  [libjvm.so+0xc06cc1]  decode_env::handle_event(char const*, unsigned char*)+0xa7  (disassembler.cpp:510)
V  [libjvm.so+0xc06ecc]  event_to_env(void*, char const*, void*)+0x37  (disassembler.cpp:571)
Registers:
RAX=0x00007f1735e3c000, RBX=0x00007f17206ad0c1, RCX=0x00007f173443c8da, RDX=0x0000000000000001
RSP=0x00007f16e5949af0, RBP=0x00007f16e5949b20, RSI=0x0000000000000001, RDI=0x00007f17206ad0c0
R8 =0x00007f1734381ea2, R9 =0x00007f16e5949230, R10=0x00007f173438381c, R11=0x0000000000000005
R12=0x00007f16e594a730, R13=0x00007f16e5949f30, R14=0x00007f16e594a5d0, R15=0x00007f17206ad460
RIP=0x00007f17344435c2, EFLAGS=0x0000000000010246, CSGSFS=0x002b000000000033, ERR=0x0000000000000006
  TRAPNO=0x000000000000000e

XMM[0]=0x0000000000000000 0x0000000000000000
XMM[1]=0x000000000000ff00 0x0000000000000000
XMM[2]=0x000000000000ff00 0x0000000000000000
XMM[3]=0x202020202020202f 0x34364d59532f0020
XMM[4]=0x4040404040404040 0x4040404040404040
XMM[5]=0x5a5a5a5a5a5a5a5a 0x5a5a5a5a5a5a5a5a
XMM[6]=0x2020202020202020 0x2020202020202020
XMM[7]=0x0000000000000000 0x0000000000000000
XMM[8]=0x6d69746e75720028 0x617461646174656d
XMM[9]=0x0000000000000000 0x0000000000000000
XMM[10]=0x0000000000000000 0x0000000000000000
XMM[11]=0x0000000000000000 0x0000000000000000
XMM[12]=0x0000000000000000 0x0000000000000000
XMM[13]=0x0000000000000000 0x0000000000000000
XMM[14]=0x0000000000000000 0x0000000000000000
XMM[15]=0x0000000000000000 0x0000000000000000
  MXCSR=0x00001fa2


Register to memory mapping:

RAX=0x00007f1735e3c000 in mmap'd memory region [0x00007f1735e3c000 - 0x00007f1735e3d000], tag mtInternal
RBX=0x00007f17206ad0c1 is at entry_point+1 in (nmethod*)0x00007f17206acf88
Compiled method (c2) 110884    3 %           test::micro @ 14 (57 bytes)
 total in heap  [0x00007f17206acf88,0x00007f17206ad488] = 1280
 relocation     [0x00007f17206ad068,0x00007f17206ad0c0] = 88
 main code      [0x00007f17206ad0c0,0x00007f17206ad448] = 904
 stub code      [0x00007f17206ad448,0x00007f17206ad460] = 24
 oops           [0x00007f17206ad460,0x00007f17206ad468] = 8
 metadata       [0x00007f17206ad468,0x00007f17206ad488] = 32
 immutable data [0x00007f167010d960,0x00007f167010dcf0] = 912
 dependencies   [0x00007f167010d960,0x00007f167010d970] = 16
 nul chk table  [0x00007f167010d970,0x00007f167010d988] = 24
 scopes pcs     [0x00007f167010d988,0x00007f167010dc48] = 704
 scopes data    [0x00007f167010dc48,0x00007f167010dcf0] = 168
RCX=0x00007f173443c8da: <offset 0x00000000014a68da> in /home/jatinbha/sandboxes/jdk/jdk/build/linux-x86_64-server-slowdebug/images/jdk/lib/server/libjvm.so at 0x00007f1732f96000
RDX=0x0000000000000001 is an unknown value
RSP=0x00007f16e5949af0 is pointing into the stack for thread: 0x00007f172c312240
RBP=0x00007f16e5949b20 is pointing into the stack for thread: 0x00007f172c312240
RSI=0x0000000000000001 is an unknown value
RDI=0x00007f17206ad0c0 is at entry_point+0 in (nmethod*)0x00007f17206acf88
Compiled method (c2) 110885    3 %           test::micro @ 14 (57 bytes)
 total in heap  [0x00007f17206acf88,0x00007f17206ad488] = 1280
 relocation     [0x00007f17206ad068,0x00007f17206ad0c0] = 88
 main code      [0x00007f17206ad0c0,0x00007f17206ad448] = 904
 stub code      [0x00007f17206ad448,0x00007f17206ad460] = 24
 oops           [0x00007f17206ad460,0x00007f17206ad468] = 8
 metadata       [0x00007f17206ad468,0x00007f17206ad488] = 32
 immutable data [0x00007f167010d960,0x00007f167010dcf0] = 912
 dependencies   [0x00007f167010d960,0x00007f167010d970] = 16
 nul chk table  [0x00007f167010d970,0x00007f167010d988] = 24
 scopes pcs     [0x00007f167010d988,0x00007f167010dc48] = 704
 scopes data    [0x00007f167010dc48,0x00007f167010dcf0] = 168
R8 =0x00007f1734381ea2: <offset 0x00000000013ebea2> in /home/jatinbha/sandboxes/jdk/jdk/build/linux-x86_64-server-slowdebug/images/jdk/lib/server/libjvm.so at 0x00007f1732f96000
R9 =0x00007f16e5949230 is pointing into the stack for thread: 0x00007f172c312240
R10=0x00007f173438381c: <offset 0x00000000013ed81c> in /home/jatinbha/sandboxes/jdk/jdk/build/linux-x86_64-server-slowdebug/images/jdk/lib/server/libjvm.so at 0x00007f1732f96000
R11=0x0000000000000005 is an unknown value
R12=0x00007f16e594a730 is pointing into the stack for thread: 0x00007f172c312240
R13=0x00007f16e5949f30 is pointing into the stack for thread: 0x00007f172c312240
R14=0x00007f16e594a5d0 is pointing into the stack for thread: 0x00007f172c312240
R15=0x00007f17206ad460 is at entry_point+928 in (nmethod*)0x00007f17206acf88
Compiled method (c2) 110885    3 %           test::micro @ 14 (57 bytes)
 total in heap  [0x00007f17206acf88,0x00007f17206ad488] = 1280
 relocation     [0x00007f17206ad068,0x00007f17206ad0c0] = 88
 main code      [0x00007f17206ad0c0,0x00007f17206ad448] = 904
 stub code      [0x00007f17206ad448,0x00007f17206ad460] = 24
 oops           [0x00007f17206ad460,0x00007f17206ad468] = 8
 metadata       [0x00007f17206ad468,0x00007f17206ad488] = 32
 immutable data [0x00007f167010d960,0x00007f167010dcf0] = 912
 dependencies   [0x00007f167010d960,0x00007f167010d970] = 16
 nul chk table  [0x00007f167010d970,0x00007f167010d988] = 24
 scopes pcs     [0x00007f167010d988,0x00007f167010dc48] = 704
 scopes data    [0x00007f167010dc48,0x00007f167010dcf0] = 168

Top of Stack: (sp=0x00007f16e5949af0)
0x00007f16e5949af0:   0000000000000000 00007f16e5949d40   ........@.......
0x00007f16e5949b00:   00007f16e5949b20 0000000000000000    ...............
0x00007f16e5949b10:   00007f17206ad0c0 00007f173443c679   ..j ....y.C4....
0x00007f16e5949b20:   00007f16e5949b40 00007f173430584b   @.......KX04....
0x00007f16e5949b30:   0000000000000000 00007f16e5949d40   ........@.......
0x00007f16e5949b40:   00007f16e5949d80 00007f1734302e3b   ........;.04....
0x00007f16e5949b50:   0000000000000000 00007f17206ad0c1   ..........j ....
0x00007f16e5949b60:   00007f17206ad0c0 00007f17206acf88   ..j ......j ....
0x00007f16e5949b70:   00007f16e5949ba0 01007f173438147d   ........}.84....
0x00007f16e5949b80:   0000000000000000 00007f16e5949bf8   ................
0x00007f16e5949b90:   00007f16e51c667c 00007f167010dc28   |f......(..p....
0x00007f16e5949ba0:   00007f16e5949d40 00007f17342f7907   @........y/4....
0x00007f16e5949bb0:   00000001e5949b01 00007f167010dc38   ........8..p....
0x00007f16e5949bc0:   00007f16e5949c00 00007f1734738f56   ........V.s4....
0x00007f16e5949bd0:   00007f16e5949be0 00007f172c312240   ........@"1,....
0x00007f16e5949be0:   00007f167010d988 00007f167010ddb0   ...p.......p....
0x00007f16e5949bf0:   000000047010d998 00007f167010d988   ...p.......p....
0x00007f16e5949c00:   00007f16e5949c70 00007f173430032d   p.......-.04....
0x00007f16e5949c10:   00007f167010dc48 00007f167010d988   H..p.......p....
0x00007f16e5949c20:   00007f17206ad0c0 0000000100000036   ..j ....6.......
0x00007f16e5949c30:   00007f17206ad0c1 00007f167010ddb0   ..j .......p....
0x00007f16e5949c40:   00007f173596a640 0000000000000000   @..5............
0x00007f16e5949c50:   00007f160000000c 0000000000000000   ................
0x00007f16e5949c60:   0000000000000000 0000000000000000   ................
0x00007f16e5949c70:   0000000000000000 00007f17342ffd00   ........../4....
0x00007f16e5949c80:   00007f16e5949c99 000000000000000c   ................
0x00007f16e5949c90:   0000000000000030 656d69746e757200   0........runtime
0x00007f16e5949ca0:   0000006c6c61635f 00007f167010ddb0   _call......p....
0x00007f16e5949cb0:   0000000000000003 00007f167010d988   ...........p....
0x00007f16e5949cc0:   00007f16e5949d10 00007f173387a782   ...........3....
0x00007f16e5949cd0:   00007f17206ad0c1 00007f17206ad068   ..j ....h.j ....
0x00007f16e5949ce0:   00007f17206ad0c0 00007f17206acf88   ..j ......j ....

Instructions: (pc=0x00007f17344435c2)
  0x00007f17344434c2:   e8 48 8b 45 d8 48 89 c7 e8 f7 0e 5e ff 48 89 c7
  0x00007f17344434d2:   e8 19 cd 04 ff 48 89 45 f0 48 8b 45 f0 48 89 c7
  0x00007f17344434e2:   e8 ab d0 b3 ff 84 c0 74 28 48 8b 45 d8 48 89 c7
  0x00007f17344434f2:   e8 cf 0e 5e ff 48 89 c7 e8 74 13 5e ff 48 89 c7
  0x00007f1734443502:   e8 c1 08 eb ff 48 8b 55 e8 48 01 d0 e9 c3 00 00
  0x00007f1734443512:   00 48 8b 45 f0 48 89 c7 e8 c3 7f 43 ff 84 c0 74
  0x00007f1734443522:   42 48 8b 45 d8 48 89 c7 e8 97 0e 5e ff 48 89 c7
  0x00007f1734443532:   e8 61 23 5e ff 48 89 c7 e8 b1 13 5e ff 48 89 45
  0x00007f1734443542:   f8 48 83 7d f8 ff 75 0e 48 8b 45 d8 48 89 c7 e8
  0x00007f1734443552:   70 0e 5e ff eb 7e 48 8b 55 e8 48 8b 45 f8 48 01
  0x00007f1734443562:   d0 eb 71 48 8b 45 f0 48 89 c7 e8 bb d0 b3 ff 84
  0x00007f1734443572:   c0 74 25 48 8b 45 d8 48 89 c7 e8 45 0e 5e ff 48
  0x00007f1734443582:   89 c7 e8 2f 7f 43 ff 48 89 c7 e8 89 18 eb ff 48
  0x00007f1734443592:   8b 55 e8 48 01 d0 eb 3c 48 8b 45 f0 48 89 c7 e8
  0x00007f17344435a2:   e0 d0 b3 ff 84 c0 74 0e 48 8b 45 f0 48 89 c7 e8
  0x00007f17344435b2:   22 7e 43 ff eb 1e 48 8d 05 d9 0f 64 01 48 8b 00
=>0x00007f17344435c2:   c6 00 58 be 6e 00 00 00 48 8d 3d 77 a5 cd 00 e8
  0x00007f17344435d2:   33 5f 66 ff c9 c3 f3 0f 1e fa 55 48 89 e5 48 83
  0x00007f17344435e2:   ec 30 48 89 7d d8 48 89 75 d0 48 8b 45 d8 48 89
  0x00007f17344435f2:   c7 e8 ce 0d 5e ff 48 89 c7 e8 f0 cb 04 ff 48 89
  0x00007f1734443602:   45 e0 48 8b 45 e0 48 89 c7 e8 82 cf b3 ff 84 c0
  0x00007f1734443612:   74 2b 48 8b 45 d8 48 89 c7 e8 a6 0d 5e ff 48 89
  0x00007f1734443622:   c7 e8 4b 12 5e ff 48 89 c2 48 8b 45 d0 48 89 c6
  0x00007f1734443632:   48 89 d7 e8 8c cd b3 ff e9 17 01 00 00 48 8b 45
  0x00007f1734443642:   e0 48 89 c7 e8 97 7e 43 ff 84 c0 74 57 48 8b 45
  0x00007f1734443652:   d8 48 89 c7 e8 6b 0d 5e ff 48 89 c7 e8 35 22 5e
  0x00007f1734443662:   ff 48 89 45 f8 48 8b 45 f8 48 89 c7 e8 7d 12 5e
  0x00007f1734443672:   ff 48 83 f8 ff 0f 94 c0 84 c0 74 10 48 8b 45 d8
  0x00007f1734443682:   48 89 c7 e8 3c 0d 5e ff 48 89 45 d0 48 8b 55 d0
  0x00007f1734443692:   48 8b 45 f8 48 89 d6 48 89 c7 e8 27 21 5e ff e9
  0x00007f17344436a2:   b0 00 00 00 48 8b 45 e0 48 89 c7 e8 7a cf b3 ff
  0x00007f17344436b2:   84 c0 74 5d 48 8b 45 d8 48 89 c7 e8 04 0d 5e ff


Stack slot to memory mapping:

stack at sp + 0 slots: 0x0 is null
stack at sp + 1 slots: 0x00007f16e5949d40 is pointing into the stack for thread: 0x00007f172c312240
stack at sp + 2 slots: 0x00007f16e5949b20 is pointing into the stack for thread: 0x00007f172c312240
stack at sp + 3 slots: 0x0 is null
stack at sp + 4 slots: 0x00007f17206ad0c0 is at entry_point+0 in (nmethod*)0x00007f17206acf88
Compiled method (c2) 110887    3 %           test::micro @ 14 (57 bytes)
 total in heap  [0x00007f17206acf88,0x00007f17206ad488] = 1280
 relocation     [0x00007f17206ad068,0x00007f17206ad0c0] = 88
 main code      [0x00007f17206ad0c0,0x00007f17206ad448] = 904
 stub code      [0x00007f17206ad448,0x00007f17206ad460] = 24
 oops           [0x00007f17206ad460,0x00007f17206ad468] = 8
 metadata       [0x00007f17206ad468,0x00007f17206ad488] = 32
 immutable data [0x00007f167010d960,0x00007f167010dcf0] = 912
 dependencies   [0x00007f167010d960,0x00007f167010d970] = 16
 nul chk table  [0x00007f167010d970,0x00007f167010d988] = 24
 scopes pcs     [0x00007f167010d988,0x00007f167010dc48] = 704
 scopes data    [0x00007f167010dc48,0x00007f167010dcf0] = 168
stack at sp + 5 slots: 0x00007f173443c679: <offset 0x00000000014a6679> in /home/jatinbha/sandboxes/jdk/jdk/build/linux-x86_64-server-slowdebug/images/jdk/lib/server/libjvm.so at 0x00007f1732f96000
stack at sp + 6 slots: 0x00007f16e5949b40 is pointing into the stack for thread: 0x00007f172c312240
stack at sp + 7 slots: 0x00007f173430584b: <offset 0x000000000136f84b> in /home/jatinbha/sandboxes/jdk/jdk/build/linux-x86_64-server-slowdebug/images/jdk/lib/server/libjvm.so at 0x00007f1732f96000

Lock stack of current Java thread (top to bottom):


---------------  P R O C E S S  ---------------

uid  : 1000 euid : 1000 gid  : 1000 egid : 1000

umask: 0002 (-------w-)

Threads class SMR info:
_java_thread_list=0x00007f172c33b540, length=9, elements={
0x00007f172c02c0c0, 0x00007f172c2fc4f0, 0x00007f172c2fd3e0, 0x00007f172c2fe690,
0x00007f172c2ff9f0, 0x00007f172c300c10, 0x00007f172c312240, 0x00007f172c335a50,
0x00007f172c33b610
}
_java_thread_list_alloc_cnt=10, _java_thread_list_free_cnt=8, _java_thread_list_max=9, _nested_thread_list_max=0
_tlh_cnt=22, _tlh_times=0, avg_tlh_time=0.00, _tlh_time_max=0
_delete_lock_wait_cnt=0, _delete_lock_wait_max=0
_to_delete_list_cnt=0, _to_delete_list_max=1

Java Threads: ( => current thread )
  0x00007f172c02c0c0 JavaThread "main"                              [_thread_blocked, id=3760624, stack(0x00007f1732d3b000,0x00007f1732e3c000) (1028K)]
  0x00007f172c2fc4f0 JavaThread "Reference Handler"          daemon [_thread_blocked, id=3760684, stack(0x00007f16e61c3000,0x00007f16e62c3000) (1024K)]
  0x00007f172c2fd3e0 JavaThread "Finalizer"                  daemon [_thread_blocked, id=3760685, stack(0x00007f16e5fc1000,0x00007f16e60c1000) (1024K)]
  0x00007f172c2fe690 JavaThread "Signal Dispatcher"          daemon [_thread_blocked, id=3760686, stack(0x00007f16e62c4000,0x00007f16e63c4000) (1024K)]
  0x00007f172c2ff9f0 JavaThread "Service Thread"             daemon [_thread_blocked, id=3760687, stack(0x00007f16e63c5000,0x00007f16e64c5000) (1024K)]
  0x00007f172c300c10 JavaThread "Monitor Deflation Thread"   daemon [_thread_blocked, id=3760688, stack(0x00007f16e594f000,0x00007f16e5a50000) (1028K)]
=>0x00007f172c312240 JavaThread "C2 CompilerThread0"         daemon [_thread_in_vm, id=3760689, stack(0x00007f16e584e000,0x00007f16e594f000) (1028K)]
  0x00007f172c335a50 JavaThread "Notification Thread"        daemon [_thread_blocked, id=3760690, stack(0x00007f16e55e2000,0x00007f16e56e3000) (1028K)]
  0x00007f172c33b610 JavaThread "Common-Cleaner"             daemon [_thread_blocked, id=3760691, stack(0x00007f16e54e1000,0x00007f16e55e2000) (1028K)]
Total: 9

Other Threads:
  0x00007f172c2c2b70 VMThread "VM Thread"                           [id=3760683, stack(0x00007f16e60c2000,0x00007f16e61c2000) (1024K)]
  0x00007f172c2027c0 WatcherThread "VM Periodic Task Thread"        [id=3760681, stack(0x00007f16e64c6000,0x00007f16e65c6000) (1024K)]
  0x00007f172c06d0f0 WorkerThread "GC Thread#0"                     [id=3760670, stack(0x00007f16f93fd000,0x00007f16f94fd000) (1024K)]
  0x00007f172c081470 ConcurrentGCThread "G1 Main Marker"            [id=3760671, stack(0x00007f16f92fc000,0x00007f16f93fc000) (1024K)]
  0x00007f172c082710 WorkerThread "G1 Conc#0"                       [id=3760672, stack(0x00007f16f91fb000,0x00007f16f92fb000) (1024K)]
  0x00007f172c1d9e50 ConcurrentGCThread "G1 Refine#0"               [id=3760673, stack(0x00007f16e66c8000,0x00007f16e67c8000) (1024K)]
  0x00007f172c1db090 ConcurrentGCThread "G1 Service"                [id=3760674, stack(0x00007f16e65c7000,0x00007f16e66c7000) (1024K)]
Total: 7

Threads with active compile tasks:
C2 CompilerThread0  110887    3 %  b        test::micro @ 14 (57 bytes)
Total: 1

VM state: not at safepoint (normal execution)

VM Mutex/Monitor currently owned by a thread:  ([mutex/lock_event])
[0x00007f1735b6fdb8] tty_lock - owner thread: 0x00007f172c312240

Heap address: 0x00000000a0000000, size: 30208 MB, Compressed Oops mode: Zero based, Oop shift amount: 3

CDS archive(s) mapped at: [0x00007f1696000000-0x00007f1696de8000-0x00007f1696de8000), size 14581760, SharedBaseAddress: 0x00007f1696000000, ArchiveRelocationMode: 1.
Compressed class space mapped at: 0x00007f1697000000-0x00007f16d7000000, reserved size: 1073741824
UseCompressedClassPointers 1, UseCompactObjectHeaders 0
Narrow klass pointer bits 32, Max shift 3
Narrow klass base: 0x00007f1696000000, Narrow klass shift: 0
Encoding Range: [0x00007f1696000000 - 0x00007f1796000000), (4294967296 bytes)
Klass Range:    [0x00007f1696000000 - 0x00007f16d7000000), (1090519040 bytes)
Klass ID Range:  [8 - 1090519033) (1090519025)

GC Precious Log:
 CardTable entry size: 512
 Card Set container configuration: InlinePtr #cards 3 size 8 Array Of Cards #cards 128 size 272 Howl #buckets 8 coarsen threshold 29491 Howl Bitmap #cards 4096 size 528 coarsen threshold 3686 Card regions per heap region 1 cards per card region 32768
 CPUs: 112 total, 112 available
 Memory: 754G
 Large Page Support: Disabled
 NUMA Support: Disabled
 Compressed Oops: Enabled (Zero based)
 Heap Region Size: 16M
 Heap Min Capacity: 16M
 Heap Initial Capacity: 2G
 Heap Max Capacity: 30208M
 Pre-touch: Disabled
 Parallel Workers: 73
 Concurrent Workers: 18
 Concurrent Refinement Workers: 73
 Periodic GC: Disabled

Heap:
 garbage-first heap   total reserved 30932992K, committed 2113536K, used 1136K [0x00000000a0000000, 0x0000000800000000)
  region size 16384K, 1 young (16384K), 0 survivors (0K)
 Metaspace       used 54K, committed 256K, reserved 1114112K
  class space    used 3K, committed 128K, reserved 1048576K

Heap Regions: E=young(eden), S=young(survivor), O=old, HS=humongous(starts), HC=humongous(continues), CS=collection set, F=free, TAMS=top-at-mark-start, PB=parsable bottom
|   0|0x00000000a0000000, 0x00000000a0000000, 0x00000000a1000000|  0%| F|  |TAMS 0x00000000a0000000| PB 0x00000000a0000000| Untracked |  0
|   1|0x00000000a1000000, 0x00000000a1000000, 0x00000000a2000000|  0%| F|  |TAMS 0x00000000a1000000| PB 0x00000000a1000000| Untracked |  0
|   2|0x00000000a2000000, 0x00000000a2000000, 0x00000000a3000000|  0%| F|  |TAMS 0x00000000a2000000| PB 0x00000000a2000000| Untracked |  0
|   3|0x00000000a3000000, 0x00000000a3000000, 0x00000000a4000000|  0%| F|  |TAMS 0x00000000a3000000| PB 0x00000000a3000000| Untracked |  0
|   4|0x00000000a4000000, 0x00000000a4000000, 0x00000000a5000000|  0%| F|  |TAMS 0x00000000a4000000| PB 0x00000000a4000000| Untracked |  0
|   5|0x00000000a5000000, 0x00000000a5000000, 0x00000000a6000000|  0%| F|  |TAMS 0x00000000a5000000| PB 0x00000000a5000000| Untracked |  0
|   6|0x00000000a6000000, 0x00000000a6000000, 0x00000000a7000000|  0%| F|  |TAMS 0x00000000a6000000| PB 0x00000000a6000000| Untracked |  0
|   7|0x00000000a7000000, 0x00000000a7000000, 0x00000000a8000000|  0%| F|  |TAMS 0x00000000a7000000| PB 0x00000000a7000000| Untracked |  0
|   8|0x00000000a8000000, 0x00000000a8000000, 0x00000000a9000000|  0%| F|  |TAMS 0x00000000a8000000| PB 0x00000000a8000000| Untracked |  0
|   9|0x00000000a9000000, 0x00000000a9000000, 0x00000000aa000000|  0%| F|  |TAMS 0x00000000a9000000| PB 0x00000000a9000000| Untracked |  0
|  10|0x00000000aa000000, 0x00000000aa000000, 0x00000000ab000000|  0%| F|  |TAMS 0x00000000aa000000| PB 0x00000000aa000000| Untracked |  0
|  11|0x00000000ab000000, 0x00000000ab000000, 0x00000000ac000000|  0%| F|  |TAMS 0x00000000ab000000| PB 0x00000000ab000000| Untracked |  0
|  12|0x00000000ac000000, 0x00000000ac000000, 0x00000000ad000000|  0%| F|  |TAMS 0x00000000ac000000| PB 0x00000000ac000000| Untracked |  0
|  13|0x00000000ad000000, 0x00000000ad000000, 0x00000000ae000000|  0%| F|  |TAMS 0x00000000ad000000| PB 0x00000000ad000000| Untracked |  0
|  14|0x00000000ae000000, 0x00000000ae000000, 0x00000000af000000|  0%| F|  |TAMS 0x00000000ae000000| PB 0x00000000ae000000| Untracked |  0
|  15|0x00000000af000000, 0x00000000af000000, 0x00000000b0000000|  0%| F|  |TAMS 0x00000000af000000| PB 0x00000000af000000| Untracked |  0
|  16|0x00000000b0000000, 0x00000000b0000000, 0x00000000b1000000|  0%| F|  |TAMS 0x00000000b0000000| PB 0x00000000b0000000| Untracked |  0
|  17|0x00000000b1000000, 0x00000000b1000000, 0x00000000b2000000|  0%| F|  |TAMS 0x00000000b1000000| PB 0x00000000b1000000| Untracked |  0
|  18|0x00000000b2000000, 0x00000000b2000000, 0x00000000b3000000|  0%| F|  |TAMS 0x00000000b2000000| PB 0x00000000b2000000| Untracked |  0
|  19|0x00000000b3000000, 0x00000000b3000000, 0x00000000b4000000|  0%| F|  |TAMS 0x00000000b3000000| PB 0x00000000b3000000| Untracked |  0
|  20|0x00000000b4000000, 0x00000000b4000000, 0x00000000b5000000|  0%| F|  |TAMS 0x00000000b4000000| PB 0x00000000b4000000| Untracked |  0
|  21|0x00000000b5000000, 0x00000000b5000000, 0x00000000b6000000|  0%| F|  |TAMS 0x00000000b5000000| PB 0x00000000b5000000| Untracked |  0
|  22|0x00000000b6000000, 0x00000000b6000000, 0x00000000b7000000|  0%| F|  |TAMS 0x00000000b6000000| PB 0x00000000b6000000| Untracked |  0
|  23|0x00000000b7000000, 0x00000000b7000000, 0x00000000b8000000|  0%| F|  |TAMS 0x00000000b7000000| PB 0x00000000b7000000| Untracked |  0
|  24|0x00000000b8000000, 0x00000000b8000000, 0x00000000b9000000|  0%| F|  |TAMS 0x00000000b8000000| PB 0x00000000b8000000| Untracked |  0
|  25|0x00000000b9000000, 0x00000000b9000000, 0x00000000ba000000|  0%| F|  |TAMS 0x00000000b9000000| PB 0x00000000b9000000| Untracked |  0
|  26|0x00000000ba000000, 0x00000000ba000000, 0x00000000bb000000|  0%| F|  |TAMS 0x00000000ba000000| PB 0x00000000ba000000| Untracked |  0
|  27|0x00000000bb000000, 0x00000000bb000000, 0x00000000bc000000|  0%| F|  |TAMS 0x00000000bb000000| PB 0x00000000bb000000| Untracked |  0
|  28|0x00000000bc000000, 0x00000000bc000000, 0x00000000bd000000|  0%| F|  |TAMS 0x00000000bc000000| PB 0x00000000bc000000| Untracked |  0
|  29|0x00000000bd000000, 0x00000000bd000000, 0x00000000be000000|  0%| F|  |TAMS 0x00000000bd000000| PB 0x00000000bd000000| Untracked |  0
|  30|0x00000000be000000, 0x00000000be000000, 0x00000000bf000000|  0%| F|  |TAMS 0x00000000be000000| PB 0x00000000be000000| Untracked |  0
|  31|0x00000000bf000000, 0x00000000bf000000, 0x00000000c0000000|  0%| F|  |TAMS 0x00000000bf000000| PB 0x00000000bf000000| Untracked |  0
|  32|0x00000000c0000000, 0x00000000c0000000, 0x00000000c1000000|  0%| F|  |TAMS 0x00000000c0000000| PB 0x00000000c0000000| Untracked |  0
|  33|0x00000000c1000000, 0x00000000c1000000, 0x00000000c2000000|  0%| F|  |TAMS 0x00000000c1000000| PB 0x00000000c1000000| Untracked |  0
|  34|0x00000000c2000000, 0x00000000c2000000, 0x00000000c3000000|  0%| F|  |TAMS 0x00000000c2000000| PB 0x00000000c2000000| Untracked |  0
|  35|0x00000000c3000000, 0x00000000c3000000, 0x00000000c4000000|  0%| F|  |TAMS 0x00000000c3000000| PB 0x00000000c3000000| Untracked |  0
|  36|0x00000000c4000000, 0x00000000c4000000, 0x00000000c5000000|  0%| F|  |TAMS 0x00000000c4000000| PB 0x00000000c4000000| Untracked |  0
|  37|0x00000000c5000000, 0x00000000c5000000, 0x00000000c6000000|  0%| F|  |TAMS 0x00000000c5000000| PB 0x00000000c5000000| Untracked |  0
|  38|0x00000000c6000000, 0x00000000c6000000, 0x00000000c7000000|  0%| F|  |TAMS 0x00000000c6000000| PB 0x00000000c6000000| Untracked |  0
|  39|0x00000000c7000000, 0x00000000c7000000, 0x00000000c8000000|  0%| F|  |TAMS 0x00000000c7000000| PB 0x00000000c7000000| Untracked |  0
|  40|0x00000000c8000000, 0x00000000c8000000, 0x00000000c9000000|  0%| F|  |TAMS 0x00000000c8000000| PB 0x00000000c8000000| Untracked |  0
|  41|0x00000000c9000000, 0x00000000c9000000, 0x00000000ca000000|  0%| F|  |TAMS 0x00000000c9000000| PB 0x00000000c9000000| Untracked |  0
|  42|0x00000000ca000000, 0x00000000ca000000, 0x00000000cb000000|  0%| F|  |TAMS 0x00000000ca000000| PB 0x00000000ca000000| Untracked |  0
|  43|0x00000000cb000000, 0x00000000cb000000, 0x00000000cc000000|  0%| F|  |TAMS 0x00000000cb000000| PB 0x00000000cb000000| Untracked |  0
|  44|0x00000000cc000000, 0x00000000cc000000, 0x00000000cd000000|  0%| F|  |TAMS 0x00000000cc000000| PB 0x00000000cc000000| Untracked |  0
|  45|0x00000000cd000000, 0x00000000cd000000, 0x00000000ce000000|  0%| F|  |TAMS 0x00000000cd000000| PB 0x00000000cd000000| Untracked |  0
|  46|0x00000000ce000000, 0x00000000ce000000, 0x00000000cf000000|  0%| F|  |TAMS 0x00000000ce000000| PB 0x00000000ce000000| Untracked |  0
|  47|0x00000000cf000000, 0x00000000cf000000, 0x00000000d0000000|  0%| F|  |TAMS 0x00000000cf000000| PB 0x00000000cf000000| Untracked |  0
|  48|0x00000000d0000000, 0x00000000d0000000, 0x00000000d1000000|  0%| F|  |TAMS 0x00000000d0000000| PB 0x00000000d0000000| Untracked |  0
|  49|0x00000000d1000000, 0x00000000d1000000, 0x00000000d2000000|  0%| F|  |TAMS 0x00000000d1000000| PB 0x00000000d1000000| Untracked |  0
|  50|0x00000000d2000000, 0x00000000d2000000, 0x00000000d3000000|  0%| F|  |TAMS 0x00000000d2000000| PB 0x00000000d2000000| Untracked |  0
|  51|0x00000000d3000000, 0x00000000d3000000, 0x00000000d4000000|  0%| F|  |TAMS 0x00000000d3000000| PB 0x00000000d3000000| Untracked |  0
|  52|0x00000000d4000000, 0x00000000d4000000, 0x00000000d5000000|  0%| F|  |TAMS 0x00000000d4000000| PB 0x00000000d4000000| Untracked |  0
|  53|0x00000000d5000000, 0x00000000d5000000, 0x00000000d6000000|  0%| F|  |TAMS 0x00000000d5000000| PB 0x00000000d5000000| Untracked |  0
|  54|0x00000000d6000000, 0x00000000d6000000, 0x00000000d7000000|  0%| F|  |TAMS 0x00000000d6000000| PB 0x00000000d6000000| Untracked |  0
|  55|0x00000000d7000000, 0x00000000d7000000, 0x00000000d8000000|  0%| F|  |TAMS 0x00000000d7000000| PB 0x00000000d7000000| Untracked |  0
|  56|0x00000000d8000000, 0x00000000d8000000, 0x00000000d9000000|  0%| F|  |TAMS 0x00000000d8000000| PB 0x00000000d8000000| Untracked |  0
|  57|0x00000000d9000000, 0x00000000d9000000, 0x00000000da000000|  0%| F|  |TAMS 0x00000000d9000000| PB 0x00000000d9000000| Untracked |  0
|  58|0x00000000da000000, 0x00000000da000000, 0x00000000db000000|  0%| F|  |TAMS 0x00000000da000000| PB 0x00000000da000000| Untracked |  0
|  59|0x00000000db000000, 0x00000000db000000, 0x00000000dc000000|  0%| F|  |TAMS 0x00000000db000000| PB 0x00000000db000000| Untracked |  0
|  60|0x00000000dc000000, 0x00000000dc000000, 0x00000000dd000000|  0%| F|  |TAMS 0x00000000dc000000| PB 0x00000000dc000000| Untracked |  0
|  61|0x00000000dd000000, 0x00000000dd000000, 0x00000000de000000|  0%| F|  |TAMS 0x00000000dd000000| PB 0x00000000dd000000| Untracked |  0
|  62|0x00000000de000000, 0x00000000de000000, 0x00000000df000000|  0%| F|  |TAMS 0x00000000de000000| PB 0x00000000de000000| Untracked |  0
|  63|0x00000000df000000, 0x00000000df000000, 0x00000000e0000000|  0%| F|  |TAMS 0x00000000df000000| PB 0x00000000df000000| Untracked |  0
|  64|0x00000000e0000000, 0x00000000e0000000, 0x00000000e1000000|  0%| F|  |TAMS 0x00000000e0000000| PB 0x00000000e0000000| Untracked |  0
|  65|0x00000000e1000000, 0x00000000e1000000, 0x00000000e2000000|  0%| F|  |TAMS 0x00000000e1000000| PB 0x00000000e1000000| Untracked |  0
|  66|0x00000000e2000000, 0x00000000e2000000, 0x00000000e3000000|  0%| F|  |TAMS 0x00000000e2000000| PB 0x00000000e2000000| Untracked |  0
|  67|0x00000000e3000000, 0x00000000e3000000, 0x00000000e4000000|  0%| F|  |TAMS 0x00000000e3000000| PB 0x00000000e3000000| Untracked |  0
|  68|0x00000000e4000000, 0x00000000e4000000, 0x00000000e5000000|  0%| F|  |TAMS 0x00000000e4000000| PB 0x00000000e4000000| Untracked |  0
|  69|0x00000000e5000000, 0x00000000e5000000, 0x00000000e6000000|  0%| F|  |TAMS 0x00000000e5000000| PB 0x00000000e5000000| Untracked |  0
|  70|0x00000000e6000000, 0x00000000e6000000, 0x00000000e7000000|  0%| F|  |TAMS 0x00000000e6000000| PB 0x00000000e6000000| Untracked |  0
|  71|0x00000000e7000000, 0x00000000e7000000, 0x00000000e8000000|  0%| F|  |TAMS 0x00000000e7000000| PB 0x00000000e7000000| Untracked |  0
|  72|0x00000000e8000000, 0x00000000e8000000, 0x00000000e9000000|  0%| F|  |TAMS 0x00000000e8000000| PB 0x00000000e8000000| Untracked |  0
|  73|0x00000000e9000000, 0x00000000e9000000, 0x00000000ea000000|  0%| F|  |TAMS 0x00000000e9000000| PB 0x00000000e9000000| Untracked |  0
|  74|0x00000000ea000000, 0x00000000ea000000, 0x00000000eb000000|  0%| F|  |TAMS 0x00000000ea000000| PB 0x00000000ea000000| Untracked |  0
|  75|0x00000000eb000000, 0x00000000eb000000, 0x00000000ec000000|  0%| F|  |TAMS 0x00000000eb000000| PB 0x00000000eb000000| Untracked |  0
|  76|0x00000000ec000000, 0x00000000ec000000, 0x00000000ed000000|  0%| F|  |TAMS 0x00000000ec000000| PB 0x00000000ec000000| Untracked |  0
|  77|0x00000000ed000000, 0x00000000ed000000, 0x00000000ee000000|  0%| F|  |TAMS 0x00000000ed000000| PB 0x00000000ed000000| Untracked |  0
|  78|0x00000000ee000000, 0x00000000ee000000, 0x00000000ef000000|  0%| F|  |TAMS 0x00000000ee000000| PB 0x00000000ee000000| Untracked |  0
|  79|0x00000000ef000000, 0x00000000ef000000, 0x00000000f0000000|  0%| F|  |TAMS 0x00000000ef000000| PB 0x00000000ef000000| Untracked |  0
|  80|0x00000000f0000000, 0x00000000f0000000, 0x00000000f1000000|  0%| F|  |TAMS 0x00000000f0000000| PB 0x00000000f0000000| Untracked |  0
|  81|0x00000000f1000000, 0x00000000f1000000, 0x00000000f2000000|  0%| F|  |TAMS 0x00000000f1000000| PB 0x00000000f1000000| Untracked |  0
|  82|0x00000000f2000000, 0x00000000f2000000, 0x00000000f3000000|  0%| F|  |TAMS 0x00000000f2000000| PB 0x00000000f2000000| Untracked |  0
|  83|0x00000000f3000000, 0x00000000f3000000, 0x00000000f4000000|  0%| F|  |TAMS 0x00000000f3000000| PB 0x00000000f3000000| Untracked |  0
|  84|0x00000000f4000000, 0x00000000f4000000, 0x00000000f5000000|  0%| F|  |TAMS 0x00000000f4000000| PB 0x00000000f4000000| Untracked |  0
|  85|0x00000000f5000000, 0x00000000f5000000, 0x00000000f6000000|  0%| F|  |TAMS 0x00000000f5000000| PB 0x00000000f5000000| Untracked |  0
|  86|0x00000000f6000000, 0x00000000f6000000, 0x00000000f7000000|  0%| F|  |TAMS 0x00000000f6000000| PB 0x00000000f6000000| Untracked |  0
|  87|0x00000000f7000000, 0x00000000f7000000, 0x00000000f8000000|  0%| F|  |TAMS 0x00000000f7000000| PB 0x00000000f7000000| Untracked |  0
|  88|0x00000000f8000000, 0x00000000f8000000, 0x00000000f9000000|  0%| F|  |TAMS 0x00000000f8000000| PB 0x00000000f8000000| Untracked |  0
|  89|0x00000000f9000000, 0x00000000f9000000, 0x00000000fa000000|  0%| F|  |TAMS 0x00000000f9000000| PB 0x00000000f9000000| Untracked |  0
|  90|0x00000000fa000000, 0x00000000fa000000, 0x00000000fb000000|  0%| F|  |TAMS 0x00000000fa000000| PB 0x00000000fa000000| Untracked |  0
|  91|0x00000000fb000000, 0x00000000fb000000, 0x00000000fc000000|  0%| F|  |TAMS 0x00000000fb000000| PB 0x00000000fb000000| Untracked |  0
|  92|0x00000000fc000000, 0x00000000fc000000, 0x00000000fd000000|  0%| F|  |TAMS 0x00000000fc000000| PB 0x00000000fc000000| Untracked |  0
|  93|0x00000000fd000000, 0x00000000fd000000, 0x00000000fe000000|  0%| F|  |TAMS 0x00000000fd000000| PB 0x00000000fd000000| Untracked |  0
|  94|0x00000000fe000000, 0x00000000fe000000, 0x00000000ff000000|  0%| F|  |TAMS 0x00000000fe000000| PB 0x00000000fe000000| Untracked |  0
|  95|0x00000000ff000000, 0x00000000ff000000, 0x0000000100000000|  0%| F|  |TAMS 0x00000000ff000000| PB 0x00000000ff000000| Untracked |  0
|  96|0x0000000100000000, 0x0000000100000000, 0x0000000101000000|  0%| F|  |TAMS 0x0000000100000000| PB 0x0000000100000000| Untracked |  0
|  97|0x0000000101000000, 0x0000000101000000, 0x0000000102000000|  0%| F|  |TAMS 0x0000000101000000| PB 0x0000000101000000| Untracked |  0
|  98|0x0000000102000000, 0x0000000102000000, 0x0000000103000000|  0%| F|  |TAMS 0x0000000102000000| PB 0x0000000102000000| Untracked |  0
|  99|0x0000000103000000, 0x0000000103000000, 0x0000000104000000|  0%| F|  |TAMS 0x0000000103000000| PB 0x0000000103000000| Untracked |  0
| 100|0x0000000104000000, 0x0000000104000000, 0x0000000105000000|  0%| F|  |TAMS 0x0000000104000000| PB 0x0000000104000000| Untracked |  0
| 101|0x0000000105000000, 0x0000000105000000, 0x0000000106000000|  0%| F|  |TAMS 0x0000000105000000| PB 0x0000000105000000| Untracked |  0
| 102|0x0000000106000000, 0x0000000106000000, 0x0000000107000000|  0%| F|  |TAMS 0x0000000106000000| PB 0x0000000106000000| Untracked |  0
| 103|0x0000000107000000, 0x0000000107000000, 0x0000000108000000|  0%| F|  |TAMS 0x0000000107000000| PB 0x0000000107000000| Untracked |  0
| 104|0x0000000108000000, 0x0000000108000000, 0x0000000109000000|  0%| F|  |TAMS 0x0000000108000000| PB 0x0000000108000000| Untracked |  0
| 105|0x0000000109000000, 0x0000000109000000, 0x000000010a000000|  0%| F|  |TAMS 0x0000000109000000| PB 0x0000000109000000| Untracked |  0
| 106|0x000000010a000000, 0x000000010a000000, 0x000000010b000000|  0%| F|  |TAMS 0x000000010a000000| PB 0x000000010a000000| Untracked |  0
| 107|0x000000010b000000, 0x000000010b000000, 0x000000010c000000|  0%| F|  |TAMS 0x000000010b000000| PB 0x000000010b000000| Untracked |  0
| 108|0x000000010c000000, 0x000000010c000000, 0x000000010d000000|  0%| F|  |TAMS 0x000000010c000000| PB 0x000000010c000000| Untracked |  0
| 109|0x000000010d000000, 0x000000010d000000, 0x000000010e000000|  0%| F|  |TAMS 0x000000010d000000| PB 0x000000010d000000| Untracked |  0
| 110|0x000000010e000000, 0x000000010e000000, 0x000000010f000000|  0%| F|  |TAMS 0x000000010e000000| PB 0x000000010e000000| Untracked |  0
| 111|0x000000010f000000, 0x000000010f000000, 0x0000000110000000|  0%| F|  |TAMS 0x000000010f000000| PB 0x000000010f000000| Untracked |  0
| 112|0x0000000110000000, 0x0000000110000000, 0x0000000111000000|  0%| F|  |TAMS 0x0000000110000000| PB 0x0000000110000000| Untracked |  0
| 113|0x0000000111000000, 0x0000000111000000, 0x0000000112000000|  0%| F|  |TAMS 0x0000000111000000| PB 0x0000000111000000| Untracked |  0
| 114|0x0000000112000000, 0x0000000112000000, 0x0000000113000000|  0%| F|  |TAMS 0x0000000112000000| PB 0x0000000112000000| Untracked |  0
| 115|0x0000000113000000, 0x0000000113000000, 0x0000000114000000|  0%| F|  |TAMS 0x0000000113000000| PB 0x0000000113000000| Untracked |  0
| 116|0x0000000114000000, 0x0000000114000000, 0x0000000115000000|  0%| F|  |TAMS 0x0000000114000000| PB 0x0000000114000000| Untracked |  0
| 117|0x0000000115000000, 0x0000000115000000, 0x0000000116000000|  0%| F|  |TAMS 0x0000000115000000| PB 0x0000000115000000| Untracked |  0
| 118|0x0000000116000000, 0x0000000116000000, 0x0000000117000000|  0%| F|  |TAMS 0x0000000116000000| PB 0x0000000116000000| Untracked |  0
| 119|0x0000000117000000, 0x0000000117000000, 0x0000000118000000|  0%| F|  |TAMS 0x0000000117000000| PB 0x0000000117000000| Untracked |  0
| 120|0x0000000118000000, 0x0000000118000000, 0x0000000119000000|  0%| F|  |TAMS 0x0000000118000000| PB 0x0000000118000000| Untracked |  0
| 121|0x0000000119000000, 0x0000000119000000, 0x000000011a000000|  0%| F|  |TAMS 0x0000000119000000| PB 0x0000000119000000| Untracked |  0
| 122|0x000000011a000000, 0x000000011a000000, 0x000000011b000000|  0%| F|  |TAMS 0x000000011a000000| PB 0x000000011a000000| Untracked |  0
| 123|0x000000011b000000, 0x000000011b000000, 0x000000011c000000|  0%| F|  |TAMS 0x000000011b000000| PB 0x000000011b000000| Untracked |  0
| 124|0x000000011c000000, 0x000000011c000000, 0x000000011d000000|  0%| F|  |TAMS 0x000000011c000000| PB 0x000000011c000000| Untracked |  0
| 125|0x000000011d000000, 0x000000011d000000, 0x000000011e000000|  0%| F|  |TAMS 0x000000011d000000| PB 0x000000011d000000| Untracked |  0
| 126|0x000000011e000000, 0x000000011e000000, 0x000000011f000000|  0%| F|  |TAMS 0x000000011e000000| PB 0x000000011e000000| Untracked |  0
| 127|0x000000011f000000, 0x000000011f3d70c0, 0x0000000120000000| 24%| E|  |TAMS 0x000000011f000000| PB 0x000000011f000000| Complete |  0
|1887|0x00000007ff000000, 0x00000007ff11c2a0, 0x0000000800000000|  6%| O|  |TAMS 0x00000007ff000000| PB 0x00000007ff000000| Untracked |  0

Card table byte_map: [0x00007f1717163000,0x00007f171ac63000] _byte_map_base: 0x00007f1716c63000

Marking Bits: (CMBitMap*) 0x00007f172c06de30
 Bits: [0x00007f16f9963000, 0x00007f1717163000)

Polling page: 0x00007f1735df5000

Metaspace:

Usage:
  Non-class:     50.32 KB used.
      Class:      3.82 KB used.
       Both:     54.14 KB used.

Virtual space:
  Non-class space:       64.00 MB reserved,     128.00 KB ( <1%) committed,  1 nodes.
      Class space:        1.00 GB reserved,     128.00 KB ( <1%) committed,  1 nodes.
             Both:        1.06 GB reserved,     256.00 KB ( <1%) committed. 

Chunk freelists:
   Non-Class:  12.00 MB
       Class:  15.75 MB
        Both:  27.74 MB

MaxMetaspaceSize: unlimited
CompressedClassSpaceSize: 1.00 GB
Initial GC threshold: 21.00 MB
Current GC threshold: 21.00 MB
CDS: on
 - commit_granule_bytes: 65536.
 - commit_granule_words: 8192.
 - virtual_space_node_default_size: 8388608.
 - enlarge_chunks_in_place: 1.
UseCompressedClassPointers 1, UseCompactObjectHeaders 0
Narrow klass pointer bits 32, Max shift 3
Narrow klass base: 0x00007f1696000000, Narrow klass shift: 0
Encoding Range: [0x00007f1696000000 - 0x00007f1796000000), (4294967296 bytes)
Klass Range:    [0x00007f1696000000 - 0x00007f16d7000000), (1090519040 bytes)
Klass ID Range:  [8 - 1090519033) (1090519025)


Internal statistics:

num_allocs: 1139.
num_deallocs: 0.
num_allocs_from_deallocated_blocks: 0.
num_chunks_retired: 0.
num_allocs_failed_limit: 0.
num_arena_births: 4.
num_arena_deaths: 0.
num_vsnodes_births: 2.
num_vsnodes_deaths: 0.
num_space_committed: 4.
num_space_uncommitted: 0.
num_chunks_returned_to_freelist: 0.
num_chunks_taken_from_freelist: 5.
num_chunk_merges: 0.
num_chunk_splits: 3.
num_chunks_enlarged: 0.
num_inconsistent_stats: 0.

CodeCache: size=49152Kb used=1292Kb max_used=1301Kb free=47859Kb
 bounds [0x00007f172056d000, 0x00007f17207dd000, 0x00007f172356d000]
 total_blobs=623, nmethods=3, adapters=571, full_count=0
Compilation: enabled, stopped_count=0, restarted_count=0

Compilation events (2 events):
Event: 23.439 Thread 0x00007f172c312240    3 %  b        test::micro @ 14 (57 bytes)
Event: 103.101 Thread 0x00007f172c312240 nmethod 3% 0x00007f17206acf88 code [0x00007f17206ad0c0, 0x00007f17206ad460]

GC Heap History (0 events):
No events

Dll operation events (7 events):
Event: 22.227 Loaded shared library /home/jatinbha/sandboxes/jdk/jdk/build/linux-x86_64-server-slowdebug/images/jdk/lib/libjava.so
Event: 23.352 Loaded shared library /home/jatinbha/sandboxes/jdk/jdk/build/linux-x86_64-server-slowdebug/images/jdk/lib/libsimdsort.so
Event: 23.409 Loaded shared library /home/jatinbha/sandboxes/jdk/jdk/build/linux-x86_64-server-slowdebug/images/jdk/lib/libjsvml.so
Event: 103.253 Loading shared library /home/jatinbha/sandboxes/jdk/jdk/build/linux-x86_64-server-slowdebug/images/jdk/lib/server/libhsdis-amd64.so failed, /home/jatinbha/sandboxes/jdk/jdk/build/linux-x86_64-server-slowdebug/images/jdk/lib/server/libhsdis-amd64.so: canno
Event: 103.259 Loading shared library /home/jatinbha/sandboxes/jdk/jdk/build/linux-x86_64-server-slowdebug/images/jdk/lib/server/hsdis-amd64.so failed, /home/jatinbha/sandboxes/jdk/jdk/build/linux-x86_64-server-slowdebug/images/jdk/lib/server/hsdis-amd64.so: cannot open
Event: 103.264 Loading shared library /home/jatinbha/sandboxes/jdk/jdk/build/linux-x86_64-server-slowdebug/images/jdk/lib/hsdis-amd64.so failed, /home/jatinbha/sandboxes/jdk/jdk/build/linux-x86_64-server-slowdebug/images/jdk/lib/hsdis-amd64.so: cannot open shared object
Event: 103.337 Loaded shared library hsdis-amd64.so

Deoptimization events (0 events):
No events

Classes loaded (6 events):
Event: 23.423 Loading class jdk/internal/vm/PostVMInitHook
Event: 23.423 Loading class jdk/internal/vm/PostVMInitHook done
Event: 23.425 Loading class jdk/internal/loader/URLClassPath$FileLoader
Event: 23.426 Loading class jdk/internal/loader/URLClassPath$FileLoader done
Event: 23.427 Loading class jdk/internal/loader/URLClassPath$FileLoader$1
Event: 23.427 Loading class jdk/internal/loader/URLClassPath$FileLoader$1 done

Classes unloaded (0 events):
No events

Classes redefined (0 events):
No events

Internal exceptions (0 events):
No events

VM Operations (0 events):
No events

Memory protections (9 events):
Event: 22.162 Protecting memory [0x00007f1732d3b000,0x00007f1732d3f000] with protection modes 0
Event: 23.262 Protecting memory [0x00007f16e61c3000,0x00007f16e61c7000] with protection modes 0
Event: 23.263 Protecting memory [0x00007f16e5fc1000,0x00007f16e5fc5000] with protection modes 0
Event: 23.265 Protecting memory [0x00007f16e62c4000,0x00007f16e62c8000] with protection modes 0
Event: 23.265 Protecting memory [0x00007f16e63c5000,0x00007f16e63c9000] with protection modes 0
Event: 23.265 Protecting memory [0x00007f16e594f000,0x00007f16e5953000] with protection modes 0
Event: 23.266 Protecting memory [0x00007f16e584e000,0x00007f16e5852000] with protection modes 0
Event: 23.422 Protecting memory [0x00007f16e55e2000,0x00007f16e55e6000] with protection modes 0
Event: 23.431 Protecting memory [0x00007f16e54e1000,0x00007f16e54e5000] with protection modes 0

Nmethod flushes (0 events):
No events

Events (9 events):
Event: 23.034 Thread 0x00007f172c02c0c0 Thread added: 0x00007f172c02c0c0
Event: 23.262 Thread 0x00007f172c02c0c0 Thread added: 0x00007f172c2fc4f0
Event: 23.263 Thread 0x00007f172c02c0c0 Thread added: 0x00007f172c2fd3e0
Event: 23.265 Thread 0x00007f172c02c0c0 Thread added: 0x00007f172c2fe690
Event: 23.265 Thread 0x00007f172c02c0c0 Thread added: 0x00007f172c2ff9f0
Event: 23.265 Thread 0x00007f172c02c0c0 Thread added: 0x00007f172c300c10
Event: 23.266 Thread 0x00007f172c02c0c0 Thread added: 0x00007f172c312240
Event: 23.422 Thread 0x00007f172c02c0c0 Thread added: 0x00007f172c335a50
Event: 23.431 Thread 0x00007f172c02c0c0 Thread added: 0x00007f172c33b610


Dynamic libraries:
a0000000-120000000 rw-p 00000000 00:00 0 
120000000-7ff000000 ---p 00000000 00:00 0 
7ff000000-7ff11d000 rw-p 00e1e000 08:02 25338052                         /home/jatinbha/sandboxes/jdk/jdk/build/linux-x86_64-server-slowdebug/images/jdk/lib/server/classes.jsa
7ff11d000-800000000 rw-p 00000000 00:00 0 
560b31586000-560b31587000 r--p 00000000 08:02 25314552                   /home/jatinbha/sandboxes/jdk/jdk/build/linux-x86_64-server-slowdebug/images/jdk/bin/java
560b31587000-560b31588000 r-xp 00001000 08:02 25314552                   /home/jatinbha/sandboxes/jdk/jdk/build/linux-x86_64-server-slowdebug/images/jdk/bin/java
560b31588000-560b31589000 r--p 00002000 08:02 25314552                   /home/jatinbha/sandboxes/jdk/jdk/build/linux-x86_64-server-slowdebug/images/jdk/bin/java
560b31589000-560b3158a000 r--p 00002000 08:02 25314552                   /home/jatinbha/sandboxes/jdk/jdk/build/linux-x86_64-server-slowdebug/images/jdk/bin/java
560b3158a000-560b3158b000 rw-p 00003000 08:02 25314552                   /home/jatinbha/sandboxes/jdk/jdk/build/linux-x86_64-server-slowdebug/images/jdk/bin/java
560b32049000-560b3208f000 rw-p 00000000 00:00 0                          [heap]
7f1668000000-7f1668021000 rw-p 00000000 00:00 0 
7f1668021000-7f166c000000 ---p 00000000 00:00 0 
7f1670000000-7f1670154000 rw-p 00000000 00:00 0 
7f1670154000-7f1674000000 ---p 00000000 00:00 0 
7f1674000000-7f1674021000 rw-p 00000000 00:00 0 
7f1674021000-7f1678000000 ---p 00000000 00:00 0 
7f1678000000-7f1678021000 rw-p 00000000 00:00 0 
7f1678021000-7f167c000000 ---p 00000000 00:00 0 
7f167c000000-7f167c021000 rw-p 00000000 00:00 0 
7f167c021000-7f1680000000 ---p 00000000 00:00 0 
7f1680000000-7f1680021000 rw-p 00000000 00:00 0 
7f1680021000-7f1684000000 ---p 00000000 00:00 0 
7f1684000000-7f1684021000 rw-p 00000000 00:00 0 
7f1684021000-7f1688000000 ---p 00000000 00:00 0 
7f1688000000-7f1688021000 rw-p 00000000 00:00 0 
7f1688021000-7f168c000000 ---p 00000000 00:00 0 
7f168c000000-7f168c010000 rw-p 00000000 00:00 0 
7f168c010000-7f168c400000 ---p 00000000 00:00 0 
7f168c400000-7f168c410000 rw-p 00000000 00:00 0 
7f168c410000-7f1690000000 ---p 00000000 00:00 0 
7f1690000000-7f1690021000 rw-p 00000000 00:00 0 
7f1690021000-7f1694000000 ---p 00000000 00:00 0 
7f1695174000-7f1696000000 rw-p 00000000 00:00 0 
7f1696000000-7f1696de8000 rw-p 00001000 08:02 25338052                   /home/jatinbha/sandboxes/jdk/jdk/build/linux-x86_64-server-slowdebug/images/jdk/lib/server/classes.jsa
7f1696de8000-7f1697000000 ---p 00000000 00:00 0 
7f1697000000-7f1697010000 rw-p 00000000 00:00 0 
7f1697010000-7f1697040000 ---p 00000000 00:00 0 
7f1697040000-7f1697050000 rw-p 00000000 00:00 0 
7f1697050000-7f16d7000000 ---p 00000000 00:00 0 
7f16d70be000-7f16d8000000 rw-p 00000000 00:00 0 
7f16d8000000-7f16d8021000 rw-p 00000000 00:00 0 
7f16d8021000-7f16dc000000 ---p 00000000 00:00 0 
7f16dc000000-7f16dc021000 rw-p 00000000 00:00 0 
7f16dc021000-7f16e0000000 ---p 00000000 00:00 0 
7f16e0000000-7f16e0021000 rw-p 00000000 00:00 0 
7f16e0021000-7f16e4000000 ---p 00000000 00:00 0 
7f16e422b000-7f16e50b0000 rw-p 00000000 00:00 0 
7f16e50b0000-7f16e5206000 r-xp 00000000 08:02 21765380                   /home/jatinbha/softwares/hsdis-amd64.so
7f16e5206000-7f16e5406000 ---p 00156000 08:02 21765380                   /home/jatinbha/softwares/hsdis-amd64.so
7f16e5406000-7f16e54d5000 r--p 00156000 08:02 21765380                   /home/jatinbha/softwares/hsdis-amd64.so
7f16e54d5000-7f16e54dc000 rw-p 00225000 08:02 21765380                   /home/jatinbha/softwares/hsdis-amd64.so
7f16e54dc000-7f16e54e1000 rw-p 00000000 00:00 0 
7f16e54e1000-7f16e54e5000 ---p 00000000 00:00 0 
7f16e54e5000-7f16e55e2000 rw-p 00000000 00:00 0 
7f16e55e2000-7f16e55e6000 ---p 00000000 00:00 0 
7f16e55e6000-7f16e56e3000 rw-p 00000000 00:00 0 
7f16e56e3000-7f16e56e7000 r--p 00000000 08:02 25320582                   /home/jatinbha/sandboxes/jdk/jdk/build/linux-x86_64-server-slowdebug/images/jdk/lib/libjsvml.so
7f16e56e7000-7f16e5728000 r-xp 00004000 08:02 25320582                   /home/jatinbha/sandboxes/jdk/jdk/build/linux-x86_64-server-slowdebug/images/jdk/lib/libjsvml.so
7f16e5728000-7f16e57b1000 r--p 00045000 08:02 25320582                   /home/jatinbha/sandboxes/jdk/jdk/build/linux-x86_64-server-slowdebug/images/jdk/lib/libjsvml.so
7f16e57b1000-7f16e57b2000 r--p 000cd000 08:02 25320582                   /home/jatinbha/sandboxes/jdk/jdk/build/linux-x86_64-server-slowdebug/images/jdk/lib/libjsvml.so
7f16e57b2000-7f16e57b3000 rw-p 000ce000 08:02 25320582                   /home/jatinbha/sandboxes/jdk/jdk/build/linux-x86_64-server-slowdebug/images/jdk/lib/libjsvml.so
7f16e57b3000-7f16e57b6000 r--p 00000000 08:02 25320036                   /home/jatinbha/sandboxes/jdk/jdk/build/linux-x86_64-server-slowdebug/images/jdk/lib/libsimdsort.so
7f16e57b6000-7f16e583b000 r-xp 00003000 08:02 25320036                   /home/jatinbha/sandboxes/jdk/jdk/build/linux-x86_64-server-slowdebug/images/jdk/lib/libsimdsort.so
7f16e583b000-7f16e584c000 r--p 00088000 08:02 25320036                   /home/jatinbha/sandboxes/jdk/jdk/build/linux-x86_64-server-slowdebug/images/jdk/lib/libsimdsort.so
7f16e584c000-7f16e584d000 r--p 00098000 08:02 25320036                   /home/jatinbha/sandboxes/jdk/jdk/build/linux-x86_64-server-slowdebug/images/jdk/lib/libsimdsort.so
7f16e584d000-7f16e584e000 rw-p 00099000 08:02 25320036                   /home/jatinbha/sandboxes/jdk/jdk/build/linux-x86_64-server-slowdebug/images/jdk/lib/libsimdsort.so
7f16e584e000-7f16e5852000 ---p 00000000 00:00 0 
7f16e5852000-7f16e594f000 rw-p 00000000 00:00 0 
7f16e594f000-7f16e5953000 ---p 00000000 00:00 0 
7f16e5953000-7f16e5a50000 rw-p 00000000 00:00 0 
7f16e5a50000-7f16e5fc0000 r--p 00000000 08:02 7078745                    /usr/lib/locale/locale-archive
7f16e5fc0000-7f16e5fc1000 ---p 00000000 00:00 0 
7f16e5fc1000-7f16e5fc5000 ---p 00000000 00:00 0 
7f16e5fc5000-7f16e60c1000 rw-p 00000000 00:00 0 
7f16e60c1000-7f16e60c2000 ---p 00000000 00:00 0 
7f16e60c2000-7f16e61c2000 rw-p 00000000 00:00 0 
7f16e61c2000-7f16e61c3000 ---p 00000000 00:00 0 
7f16e61c3000-7f16e61c7000 ---p 00000000 00:00 0 
7f16e61c7000-7f16e62c3000 rw-p 00000000 00:00 0 
7f16e62c3000-7f16e62c4000 ---p 00000000 00:00 0 
7f16e62c4000-7f16e62c8000 ---p 00000000 00:00 0 
7f16e62c8000-7f16e63c4000 rw-p 00000000 00:00 0 
7f16e63c4000-7f16e63c5000 ---p 00000000 00:00 0 
7f16e63c5000-7f16e63c9000 ---p 00000000 00:00 0 
7f16e63c9000-7f16e64c5000 rw-p 00000000 00:00 0 
7f16e64c5000-7f16e64c6000 ---p 00000000 00:00 0 
7f16e64c6000-7f16e65c6000 rw-p 00000000 00:00 0 
7f16e65c6000-7f16e65c7000 ---p 00000000 00:00 0 
7f16e65c7000-7f16e66c7000 rw-p 00000000 00:00 0 
7f16e66c7000-7f16e66c8000 ---p 00000000 00:00 0 
7f16e66c8000-7f16ec000000 rw-p 00000000 00:00 0 
7f16ec000000-7f16ec021000 rw-p 00000000 00:00 0 
7f16ec021000-7f16f0000000 ---p 00000000 00:00 0 
7f16f0000000-7f16f0021000 rw-p 00000000 00:00 0 
7f16f0021000-7f16f4000000 ---p 00000000 00:00 0 
7f16f4000000-7f16f4021000 rw-p 00000000 00:00 0 
7f16f4021000-7f16f8000000 ---p 00000000 00:00 0 
7f16f800d000-7f16f91fa000 rw-p 00000000 00:00 0 
7f16f91fa000-7f16f91fb000 ---p 00000000 00:00 0 
7f16f91fb000-7f16f92fb000 rw-p 00000000 00:00 0 
7f16f92fb000-7f16f92fc000 ---p 00000000 00:00 0 
7f16f92fc000-7f16f93fc000 rw-p 00000000 00:00 0 
7f16f93fc000-7f16f93fd000 ---p 00000000 00:00 0 
7f16f93fd000-7f16fb963000 rw-p 00000000 00:00 0 
7f16fb963000-7f1717123000 ---p 00000000 00:00 0 
7f1717123000-7f1717563000 rw-p 00000000 00:00 0 
7f1717563000-7f171ac5b000 ---p 00000000 00:00 0 
7f171ac5b000-7f171b063000 rw-p 00000000 00:00 0 
7f171b063000-7f171e75b000 ---p 00000000 00:00 0 
7f171e75b000-7f172056d000 rw-p 00000000 00:00 0 
7f172056d000-7f17207dd000 rwxp 00000000 00:00 0 
7f17207dd000-7f172356d000 ---p 00000000 00:00 0 
7f172356d000-7f172c000000 r--s 00000000 08:02 25297344                   /home/jatinbha/sandboxes/jdk/jdk/build/linux-x86_64-server-slowdebug/images/jdk/lib/modules
7f172c000000-7f172c33f000 rw-p 00000000 00:00 0 
7f172c33f000-7f1730000000 ---p 00000000 00:00 0 
7f173000d000-7f1730014000 r--s 00000000 08:02 7736501                    /usr/lib/x86_64-linux-gnu/gconv/gconv-modules.cache
7f1730014000-7f1732c86000 rw-p 00000000 00:00 0 
7f1732c86000-7f1732ce1000 ---p 00000000 00:00 0 
7f1732ce1000-7f1732ced000 r--p 00000000 08:02 25320007                   /home/jatinbha/sandboxes/jdk/jdk/build/linux-x86_64-server-slowdebug/images/jdk/lib/libjava.so
7f1732ced000-7f1732d04000 r-xp 0000c000 08:02 25320007                   /home/jatinbha/sandboxes/jdk/jdk/build/linux-x86_64-server-slowdebug/images/jdk/lib/libjava.so
7f1732d04000-7f1732d0a000 r--p 00023000 08:02 25320007                   /home/jatinbha/sandboxes/jdk/jdk/build/linux-x86_64-server-slowdebug/images/jdk/lib/libjava.so
7f1732d0a000-7f1732d0b000 r--p 00028000 08:02 25320007                   /home/jatinbha/sandboxes/jdk/jdk/build/linux-x86_64-server-slowdebug/images/jdk/lib/libjava.so
7f1732d0b000-7f1732d0d000 rw-p 00029000 08:02 25320007                   /home/jatinbha/sandboxes/jdk/jdk/build/linux-x86_64-server-slowdebug/images/jdk/lib/libjava.so
7f1732d0d000-7f1732d15000 rw-s 00000000 08:02 3670970                    /tmp/hsperfdata_intel/3760623
7f1732d15000-7f1732d19000 r--p 00000000 08:02 25320008                   /home/jatinbha/sandboxes/jdk/jdk/build/linux-x86_64-server-slowdebug/images/jdk/lib/libjimage.so
7f1732d19000-7f1732d30000 r-xp 00004000 08:02 25320008                   /home/jatinbha/sandboxes/jdk/jdk/build/linux-x86_64-server-slowdebug/images/jdk/lib/libjimage.so
7f1732d30000-7f1732d37000 r--p 0001b000 08:02 25320008                   /home/jatinbha/sandboxes/jdk/jdk/build/linux-x86_64-server-slowdebug/images/jdk/lib/libjimage.so
7f1732d37000-7f1732d38000 ---p 00022000 08:02 25320008                   /home/jatinbha/sandboxes/jdk/jdk/build/linux-x86_64-server-slowdebug/images/jdk/lib/libjimage.so
7f1732d38000-7f1732d3a000 r--p 00022000 08:02 25320008                   /home/jatinbha/sandboxes/jdk/jdk/build/linux-x86_64-server-slowdebug/images/jdk/lib/libjimage.so
7f1732d3a000-7f1732d3b000 rw-p 00024000 08:02 25320008                   /home/jatinbha/sandboxes/jdk/jdk/build/linux-x86_64-server-slowdebug/images/jdk/lib/libjimage.so
7f1732d3b000-7f1732d3f000 ---p 00000000 00:00 0 
7f1732d3f000-7f1732e3c000 rw-p 00000000 00:00 0 
7f1732e3c000-7f1732e4b000 r--p 00000000 08:02 7080075                    /usr/lib/x86_64-linux-gnu/libm-2.31.so
7f1732e4b000-7f1732ef2000 r-xp 0000f000 08:02 7080075                    /usr/lib/x86_64-linux-gnu/libm-2.31.so
7f1732ef2000-7f1732f89000 r--p 000b6000 08:02 7080075                    /usr/lib/x86_64-linux-gnu/libm-2.31.so
7f1732f89000-7f1732f8a000 r--p 0014c000 08:02 7080075                    /usr/lib/x86_64-linux-gnu/libm-2.31.so
7f1732f8a000-7f1732f8b000 rw-p 0014d000 08:02 7080075                    /usr/lib/x86_64-linux-gnu/libm-2.31.so
7f1732f8b000-7f1732f8e000 r--p 00000000 08:02 7080092                    /usr/lib/x86_64-linux-gnu/librt-2.31.so
7f1732f8e000-7f1732f92000 r-xp 00003000 08:02 7080092                    /usr/lib/x86_64-linux-gnu/librt-2.31.so
7f1732f92000-7f1732f93000 r--p 00007000 08:02 7080092                    /usr/lib/x86_64-linux-gnu/librt-2.31.so
7f1732f93000-7f1732f94000 ---p 00008000 08:02 7080092                    /usr/lib/x86_64-linux-gnu/librt-2.31.so
7f1732f94000-7f1732f95000 r--p 00008000 08:02 7080092                    /usr/lib/x86_64-linux-gnu/librt-2.31.so
7f1732f95000-7f1732f96000 rw-p 00009000 08:02 7080092                    /usr/lib/x86_64-linux-gnu/librt-2.31.so
7f1732f96000-7f17333b0000 r--p 00000000 08:02 25320094                   /home/jatinbha/sandboxes/jdk/jdk/build/linux-x86_64-server-slowdebug/images/jdk/lib/server/libjvm.so
7f17333b0000-7f1734935000 r-xp 0041a000 08:02 25320094                   /home/jatinbha/sandboxes/jdk/jdk/build/linux-x86_64-server-slowdebug/images/jdk/lib/server/libjvm.so
7f1734935000-7f1735956000 r--p 0199f000 08:02 25320094                   /home/jatinbha/sandboxes/jdk/jdk/build/linux-x86_64-server-slowdebug/images/jdk/lib/server/libjvm.so
7f1735956000-7f1735957000 ---p 029c0000 08:02 25320094                   /home/jatinbha/sandboxes/jdk/jdk/build/linux-x86_64-server-slowdebug/images/jdk/lib/server/libjvm.so
7f1735957000-7f1735a63000 r--p 029c0000 08:02 25320094                   /home/jatinbha/sandboxes/jdk/jdk/build/linux-x86_64-server-slowdebug/images/jdk/lib/server/libjvm.so
7f1735a63000-7f1735ae1000 rw-p 02acc000 08:02 25320094                   /home/jatinbha/sandboxes/jdk/jdk/build/linux-x86_64-server-slowdebug/images/jdk/lib/server/libjvm.so
7f1735ae1000-7f1735baa000 rw-p 00000000 00:00 0 
7f1735baa000-7f1735bb1000 r--p 00000000 08:02 7080090                    /usr/lib/x86_64-linux-gnu/libpthread-2.31.so
7f1735bb1000-7f1735bc2000 r-xp 00007000 08:02 7080090                    /usr/lib/x86_64-linux-gnu/libpthread-2.31.so
7f1735bc2000-7f1735bc7000 r--p 00018000 08:02 7080090                    /usr/lib/x86_64-linux-gnu/libpthread-2.31.so
7f1735bc7000-7f1735bc8000 r--p 0001c000 08:02 7080090                    /usr/lib/x86_64-linux-gnu/libpthread-2.31.so
7f1735bc8000-7f1735bc9000 rw-p 0001d000 08:02 7080090                    /usr/lib/x86_64-linux-gnu/libpthread-2.31.so
7f1735bc9000-7f1735bcd000 rw-p 00000000 00:00 0 
7f1735bcd000-7f1735bce000 r--p 00000000 08:02 7080074                    /usr/lib/x86_64-linux-gnu/libdl-2.31.so
7f1735bce000-7f1735bd0000 r-xp 00001000 08:02 7080074                    /usr/lib/x86_64-linux-gnu/libdl-2.31.so
7f1735bd0000-7f1735bd1000 r--p 00003000 08:02 7080074                    /usr/lib/x86_64-linux-gnu/libdl-2.31.so
7f1735bd1000-7f1735bd2000 r--p 00003000 08:02 7080074                    /usr/lib/x86_64-linux-gnu/libdl-2.31.so
7f1735bd2000-7f1735bd3000 rw-p 00004000 08:02 7080074                    /usr/lib/x86_64-linux-gnu/libdl-2.31.so
7f1735bd3000-7f1735bd5000 r--p 00000000 08:02 7078082                    /usr/lib/x86_64-linux-gnu/libz.so.1.2.11
7f1735bd5000-7f1735be6000 r-xp 00002000 08:02 7078082                    /usr/lib/x86_64-linux-gnu/libz.so.1.2.11
7f1735be6000-7f1735bec000 r--p 00013000 08:02 7078082                    /usr/lib/x86_64-linux-gnu/libz.so.1.2.11
7f1735bec000-7f1735bed000 ---p 00019000 08:02 7078082                    /usr/lib/x86_64-linux-gnu/libz.so.1.2.11
7f1735bed000-7f1735bee000 r--p 00019000 08:02 7078082                    /usr/lib/x86_64-linux-gnu/libz.so.1.2.11
7f1735bee000-7f1735bef000 rw-p 0001a000 08:02 7078082                    /usr/lib/x86_64-linux-gnu/libz.so.1.2.11
7f1735bef000-7f1735c14000 r--p 00000000 08:02 7080073                    /usr/lib/x86_64-linux-gnu/libc-2.31.so
7f1735c14000-7f1735d8c000 r-xp 00025000 08:02 7080073                    /usr/lib/x86_64-linux-gnu/libc-2.31.so
7f1735d8c000-7f1735dd6000 r--p 0019d000 08:02 7080073                    /usr/lib/x86_64-linux-gnu/libc-2.31.so
7f1735dd6000-7f1735dd7000 ---p 001e7000 08:02 7080073                    /usr/lib/x86_64-linux-gnu/libc-2.31.so
7f1735dd7000-7f1735dda000 r--p 001e7000 08:02 7080073                    /usr/lib/x86_64-linux-gnu/libc-2.31.so
7f1735dda000-7f1735ddd000 rw-p 001ea000 08:02 7080073                    /usr/lib/x86_64-linux-gnu/libc-2.31.so
7f1735ddd000-7f1735de1000 rw-p 00000000 00:00 0 
7f1735de1000-7f1735de4000 r--p 00000000 08:02 7080081                    /usr/lib/x86_64-linux-gnu/libnss_files-2.31.so
7f1735de4000-7f1735deb000 r-xp 00003000 08:02 7080081                    /usr/lib/x86_64-linux-gnu/libnss_files-2.31.so
7f1735deb000-7f1735ded000 r--p 0000a000 08:02 7080081                    /usr/lib/x86_64-linux-gnu/libnss_files-2.31.so
7f1735ded000-7f1735dee000 r--p 0000b000 08:02 7080081                    /usr/lib/x86_64-linux-gnu/libnss_files-2.31.so
7f1735dee000-7f1735def000 rw-p 0000c000 08:02 7080081                    /usr/lib/x86_64-linux-gnu/libnss_files-2.31.so
7f1735def000-7f1735df5000 rw-p 00000000 00:00 0 
7f1735df5000-7f1735df6000 ---p 00000000 00:00 0 
7f1735df6000-7f1735df7000 r--p 00000000 00:00 0 
7f1735df7000-7f1735dfa000 r--p 00000000 08:02 25320011                   /home/jatinbha/sandboxes/jdk/jdk/build/linux-x86_64-server-slowdebug/images/jdk/lib/libjli.so
7f1735dfa000-7f1735e08000 r-xp 00003000 08:02 25320011                   /home/jatinbha/sandboxes/jdk/jdk/build/linux-x86_64-server-slowdebug/images/jdk/lib/libjli.so
7f1735e08000-7f1735e0c000 r--p 00011000 08:02 25320011                   /home/jatinbha/sandboxes/jdk/jdk/build/linux-x86_64-server-slowdebug/images/jdk/lib/libjli.so
7f1735e0c000-7f1735e0d000 r--p 00014000 08:02 25320011                   /home/jatinbha/sandboxes/jdk/jdk/build/linux-x86_64-server-slowdebug/images/jdk/lib/libjli.so
7f1735e0d000-7f1735e0e000 rw-p 00015000 08:02 25320011                   /home/jatinbha/sandboxes/jdk/jdk/build/linux-x86_64-server-slowdebug/images/jdk/lib/libjli.so
7f1735e0e000-7f1735e10000 rw-p 00000000 00:00 0 
7f1735e10000-7f1735e11000 r--p 00000000 08:02 7080069                    /usr/lib/x86_64-linux-gnu/ld-2.31.so
7f1735e11000-7f1735e34000 r-xp 00001000 08:02 7080069                    /usr/lib/x86_64-linux-gnu/ld-2.31.so
7f1735e34000-7f1735e3c000 r--p 00024000 08:02 7080069                    /usr/lib/x86_64-linux-gnu/ld-2.31.so
7f1735e3c000-7f1735e3d000 rwxp 00000000 00:00 0 
7f1735e3d000-7f1735e3e000 r--p 0002c000 08:02 7080069                    /usr/lib/x86_64-linux-gnu/ld-2.31.so
7f1735e3e000-7f1735e3f000 rw-p 0002d000 08:02 7080069                    /usr/lib/x86_64-linux-gnu/ld-2.31.so
7f1735e3f000-7f1735e40000 rw-p 00000000 00:00 0 
7ffdaee33000-7ffdaee54000 rw-p 00000000 00:00 0                          [stack]
7ffdaeff5000-7ffdaeff9000 r--p 00000000 00:00 0                          [vvar]
7ffdaeff9000-7ffdaeffb000 r-xp 00000000 00:00 0                          [vdso]
ffffffffff600000-ffffffffff601000 --xp 00000000 00:00 0                  [vsyscall]
Total number of mappings: 199

JVMTI agents: none


VM Arguments:
jvm_args: -XX:+PauseAtStartup -Xbatch -XX:CompileCommand=compileonly,test::micro -XX:CompileCommand=Print,test::micro -XX:-TieredCompilation 
java_command: test
java_class_path (initial): .
Launcher Type: SUN_STANDARD

[Global flags]
     bool AOTInvokeDynamicLinking                  = false                                  {diagnostic} {ergonomic}     AOT-link JVM_CONSTANT_InvokeDynamic entries in cached ConstantPools
     bool BackgroundCompilation                    = false                                  {pd product} {command line}  A thread requesting compilation is not blocked during compilation
     intx CICompilerCount                          = 18                                        {product} {ergonomic}     Number of compiler threads to run
ccstrlist CompileCommand                           = compileonly,test::micro
          CompileCommand                          += Print,test::micro                         {product} {command line}  Prepend to .hotspot_compiler; e.g. log,java/lang/String.<init>
     uint ConcGCThreads                            = 18                                        {product} {ergonomic}     Number of threads concurrent gc will use
     uint G1ConcRefinementThreads                  = 73                                        {product} {ergonomic}     The number of parallel remembered set update threads. Will be set ergonomically by default.
   size_t G1HeapRegionSize                         = 16777216                                  {product} {ergonomic}     Size of the G1 regions.
   size_t InitialHeapSize                          = 2147483648                                {product} {ergonomic}     Initial heap size (in bytes); zero means use ergonomics
   size_t MarkStackSize                            = 4194304                                   {product} {ergonomic}     Size of marking stack in bytes.
   size_t MarkStackSizeMax                         = 536870912                                 {product} {ergonomic}     Maximum size of marking stack in bytes.
   size_t MaxHeapSize                              = 31675383808                               {product} {ergonomic}     Maximum heap size (in bytes)
   size_t MaxNewSize                               = 18991808512                               {product} {ergonomic}     Maximum new generation size (in bytes), max_uintx means set ergonomically
   size_t MinHeapDeltaBytes                        = 16777216                                  {product} {ergonomic}     The minimum change in heap space due to GC (in bytes)
   size_t MinHeapSize                              = 16777216                                  {product} {ergonomic}     Minimum heap size (in bytes); zero means use ergonomics
    uintx NonNMethodCodeHeapSize                   = 4096                                   {pd product} {ergonomic}     Size of code heap with non-nmethods (in bytes)
    uintx NonProfiledCodeHeapSize                  = 0                                      {pd product} {ergonomic}     Size of code heap with non-profiled methods (in bytes)
     bool PauseAtStartup                           = true                                   {diagnostic} {command line}  Causes the VM to pause at startup time and wait for the pause file to be removed (default: ./vm.paused.<pid>)
    uintx ProfiledCodeHeapSize                     = 0                                      {pd product} {ergonomic}     Size of code heap with profiled methods (in bytes)
   size_t SoftMaxHeapSize                          = 31675383808                            {manageable} {ergonomic}     Soft limit for maximum heap size (in bytes)
     bool THPStackMitigation                       = false                                  {diagnostic} {ergonomic}     If THPs are unconditionally enabled on the system (mode "always"), the JVM will prevent THP from forming in thread stacks. When disabled, the absence of this mitigationallows THPs to form in thread stacks.
     bool TieredCompilation                        = false                                  {pd product} {command line}  Enable tiered compilation
     bool UseCompressedOops                        = true                           {product lp64_product} {ergonomic}   Use 32-bit object references in 64-bit VM. lp64_product means flag is always constant in 32 bit VM
     bool UseG1GC                                  = true                                      {product} {ergonomic}     Use the Garbage-First garbage collector

Logging:
Log output configuration:
 #0: stdout all=warning uptime,level,tags foldmultilines=false
 #1: stderr all=off uptime,level,tags foldmultilines=false

Environment Variables:
JAVA_HOME=/home/jatinbha/sandboxes/jdk/jdk/build/linux-x86_64-server-slowdebug/images/jdk/
PATH=/home/jatinbha/sandboxes/jdk/jdk/build/linux-x86_64-server-slowdebug/images/jdk//bin:/home/jatinbha/.local/bin:/home/jatinbha/bin:/home/jatinbha/softwares/jextract-22:/home/jatinbha/softwares/cmake-3.28.3-linux-x86_64/bin:/home/jatinbha/softwares/cmake-3.26.3-linux-x86_64/bin:/home/jatinbha/softwares/jdk-17.0.2//bin:/home/jatinbha/softwares/thrift-0.16.0/bin:/home/jatinbha/softwares/jdk8u322-b06//bin:/home/jatinbha/softwares/jdk-17//bin:/home/jatinbha/softwares/apache-maven-3.6.3/bin:/home/jatinbha/sandboxes/skara/build/bin:/usr/local/sbin:/usr/local/bin:/usr/sbin:/usr/bin:/sbin:/bin:/usr/games:/usr/local/games:/snap/bin
LD_LIBRARY_PATH=/home/jatinbha/softwares:
SHELL=/bin/bash
LANG=en_IN
TERM=xterm-256color

Active Locale:
LC_ALL=en_IN
LC_COLLATE=en_IN
LC_CTYPE=en_IN
LC_MESSAGES=en_IN
LC_MONETARY=en_IN
LC_NUMERIC=en_IN
LC_TIME=en_IN

Signal Handlers:
   SIGSEGV: crash_handler in libjvm.so, mask=11100100010111111101111111111110, flags=SA_RESTART|SA_SIGINFO, unblocked
    SIGBUS: crash_handler in libjvm.so, mask=11100100010111111101111111111110, flags=SA_RESTART|SA_SIGINFO, unblocked
    SIGFPE: crash_handler in libjvm.so, mask=11100100010111111101111111111110, flags=SA_RESTART|SA_SIGINFO, unblocked
   SIGPIPE: javaSignalHandler in libjvm.so, mask=11100100010111111101111111111110, flags=SA_RESTART|SA_SIGINFO, unblocked
   SIGXFSZ: javaSignalHandler in libjvm.so, mask=11100100010111111101111111111110, flags=SA_RESTART|SA_SIGINFO, unblocked
    SIGILL: crash_handler in libjvm.so, mask=11100100010111111101111111111110, flags=SA_RESTART|SA_SIGINFO, unblocked
   SIGUSR2: SR_handler in libjvm.so, mask=00000000000000000000000000000000, flags=SA_RESTART|SA_SIGINFO, unblocked
    SIGHUP: UserHandler in libjvm.so, mask=11100100010111111101111111111110, flags=SA_RESTART|SA_SIGINFO, unblocked
    SIGINT: UserHandler in libjvm.so, mask=11100100010111111101111111111110, flags=SA_RESTART|SA_SIGINFO, unblocked
   SIGTERM: UserHandler in libjvm.so, mask=11100100010111111101111111111110, flags=SA_RESTART|SA_SIGINFO, unblocked
   SIGQUIT: UserHandler in libjvm.so, mask=11100100010111111101111111111110, flags=SA_RESTART|SA_SIGINFO, blocked
   SIGTRAP: crash_handler in libjvm.so, mask=11100100010111111101111111111110, flags=SA_RESTART|SA_SIGINFO, unblocked


Native Memory Tracking:

(Omitting categories weighting less than 1KB)

Total: reserved=32971954KB, committed=2410922KB
       malloc: 201526KB #20845, peak=201288KB #20847
       mmap:   reserved=32770428KB, committed=2209396KB

-                 Java Heap (reserved=30932992KB, committed=2113536KB)
                            (mmap: reserved=30932992KB, committed=2113536KB, at peak)

-                     Class (reserved=1048636KB, committed=188KB)
                            (classes #503)
                            (  instance classes #410, array classes #93)
                            (malloc=60KB #522) (peak=60KB #522)
                            (mmap: reserved=1048576KB, committed=128KB, at peak)
                            (  Metadata:   )
                            (    reserved=65536KB, committed=128KB)
                            (    used=50KB)
                            (    waste=78KB =60.69%)
                            (  Class space:)
                            (    reserved=1048576KB, committed=128KB)
                            (    used=4KB)
                            (    waste=124KB =97.02%)

-                    Thread (reserved=16455KB, committed=779KB)
                            (threads #16)
                            (stack: reserved=16404KB, committed=728KB, peak=728KB)
                            (malloc=33KB #99) (peak=41KB #103)
                            (arena=18KB #30) (peak=79KB #26)

-                      Code (reserved=49844KB, committed=2824KB)
                            (malloc=308KB #9754) (peak=308KB #9759)
                            (mmap: reserved=49536KB, committed=2516KB, at peak)
                            (arena=1KB #1) (peak=34KB #2)

-                        GC (reserved=793395KB, committed=230515KB)
                            (malloc=152439KB #1160) (at peak)
                            (mmap: reserved=640956KB, committed=78076KB, at peak)

-                  Compiler (reserved=1265KB, committed=1265KB)
                            (malloc=66KB #34) (at peak)
                            (arena=1199KB #10) (peak=1705KB #10)

-                  Internal (reserved=45811KB, committed=45811KB)
                            (malloc=45775KB #7601) (peak=45775KB #7602)
                            (mmap: reserved=36KB, committed=36KB, at peak)

-                    Symbol (reserved=1130KB, committed=1130KB)
                            (malloc=770KB #31) (at peak)
                            (arena=360KB #1) (at peak)

-    Native Memory Tracking (reserved=372KB, committed=372KB)
                            (malloc=6KB #59) (at peak)
                            (arena=0KB #0) (peak=128KB #1)
                            (tracking overhead=366KB)

-        Shared class space (reserved=16384KB, committed=14240KB, readonly=0KB)
                            (mmap: reserved=16384KB, committed=14240KB, peak=14452KB)

-               Arena Chunk (reserved=1KB, committed=1KB)
                            (malloc=1KB #77) (peak=2278KB #81)

-                    Module (reserved=67KB, committed=67KB)
                            (malloc=67KB #1261) (at peak)

-                 Safepoint (reserved=8KB, committed=8KB)
                            (mmap: reserved=8KB, committed=8KB, at peak)

-           Synchronization (reserved=27KB, committed=27KB)
                            (malloc=27KB #198) (at peak)

-            Serviceability (reserved=17KB, committed=17KB)
                            (malloc=17KB #10) (peak=17KB #14)

-                 Metaspace (reserved=65548KB, committed=140KB)
                            (malloc=12KB #8) (at peak)
                            (mmap: reserved=65536KB, committed=128KB, at peak)

-      String Deduplication (reserved=1KB, committed=1KB)
                            (malloc=1KB #8) (at peak)

Preinit state:entries: 386 (primary: 386, empties: 7805), sum bytes: 14522, longest chain length: 1
pre-init mallocs: 445, pre-init reallocs: 4, pre-init frees: 59
MallocLimit: unset

Periodic native trim disabled

---------------  S Y S T E M  ---------------

OS:
DISTRIB_ID=Ubuntu
DISTRIB_RELEASE=20.04
DISTRIB_CODENAME=focal
DISTRIB_DESCRIPTION="Ubuntu 20.04.2 LTS"
uname: Linux intel-S2600WFT 5.8.0-41-generic #46~20.04.1-Ubuntu SMP Mon Jan 18 17:52:23 UTC 2021 x86_64
OS uptime: 69 days 5:04 hours
libc: glibc 2.31 NPTL 2.31 
rlimit (soft/hard): STACK 8192k/infinity , CORE 0k/infinity , NPROC 3090646/3090646 , NOFILE 1048576/1048576 , AS infinity/infinity , CPU infinity/infinity , DATA infinity/infinity , FSIZE infinity/infinity , MEMLOCK 65536k/65536k
load average: 2.80 2.90 2.63

/proc/meminfo:
MemTotal:       791263980 kB
MemFree:        657518552 kB
MemAvailable:   779388604 kB
Buffers:         6741356 kB
Cached:         108569116 kB
SwapCached:            0 kB
Active:         72986800 kB
Inactive:       46464748 kB
Active(anon):    4137724 kB
Inactive(anon):     7024 kB
Active(file):   68849076 kB
Inactive(file): 46457724 kB
Unevictable:           0 kB
Mlocked:               0 kB
SwapTotal:       2097148 kB
SwapFree:        2097148 kB
Dirty:               300 kB
Writeback:             0 kB
AnonPages:       4141256 kB
Mapped:           451212 kB
Shmem:              9832 kB
KReclaimable:   11617432 kB
Slab:           12935292 kB
SReclaimable:   11617432 kB
SUnreclaim:      1317860 kB
KernelStack:       28304 kB
PageTables:        21892 kB
NFS_Unstable:          0 kB
Bounce:                0 kB
WritebackTmp:          0 kB
CommitLimit:    397729136 kB
Committed_AS:   18073800 kB
VmallocTotal:   34359738367 kB
VmallocUsed:      465836 kB
VmallocChunk:          0 kB
Percpu:           292992 kB
HardwareCorrupted:     0 kB
AnonHugePages:         0 kB
ShmemHugePages:        0 kB
ShmemPmdMapped:        0 kB
FileHugePages:         0 kB
FilePmdMapped:         0 kB
HugePages_Total:       0
HugePages_Free:        0
HugePages_Rsvd:        0
HugePages_Surp:        0
Hugepagesize:       2048 kB
Hugetlb:               0 kB
DirectMap4k:     3114396 kB
DirectMap2M:    169588736 kB
DirectMap1G:    633339904 kB

/sys/kernel/mm/transparent_hugepage/enabled: always [madvise] never
/sys/kernel/mm/transparent_hugepage/hpage_pmd_size: 2097152
/sys/kernel/mm/transparent_hugepage/shmem_enabled: always within_size advise [never] deny force
/sys/kernel/mm/transparent_hugepage/defrag (defrag/compaction efforts parameter): always defer defer+madvise [madvise] never

Process Memory:
Virtual Size: 34220268K (peak: 34236096K)
Resident Set Size: 268684K (peak: 268684K) (anon: 228276K, file: 40408K, shmem: 0K)
Swapped out: 0K
C-Heap outstanding allocations: 202803K, retained: 2048K (may have wrapped)
glibc malloc tunables: (default)

/proc/sys/kernel/threads-max (system-wide limit on the number of threads): 6181293
/proc/sys/vm/max_map_count (maximum number of memory map areas a process may have): 65530
/proc/sys/vm/swappiness (control to define how aggressively the kernel swaps out anonymous memory): 60
/proc/sys/kernel/pid_max (system-wide limit on number of process identifiers): 4194304

container information not found.
Steal ticks since vm start: 0
Steal ticks percentage since vm start:  0.000

CPU: total 112 (initial active 112) (28 cores per cpu, 2 threads per core) family 6 model 85 stepping 7 microcode 0x5003006, cx8, cmov, fxsr, ht, mmx, 3dnowpref, sse, sse2, sse3, ssse3, sse4.1, sse4.2, popcnt, lzcnt, tsc, tscinvbit, avx, avx2, aes, erms, clmul, bmi1, bmi2, adx, avx512f, avx512dq, avx512cd, avx512bw, avx512vl, fma, vzeroupper, avx512_vnni, clflush, clflushopt, clwb, rdtscp, f16c, pku, ospke
CPU Model and flags from /proc/cpuinfo:
model name	: Intel(R) Xeon(R) Platinum 8280 CPU @ 2.70GHz
flags		: fpu vme de pse tsc msr pae mce cx8 apic sep mtrr pge mca cmov pat pse36 clflush dts acpi mmx fxsr sse sse2 ss ht tm pbe syscall nx pdpe1gb rdtscp lm constant_tsc art arch_perfmon pebs bts rep_good nopl xtopology nonstop_tsc cpuid aperfmperf pni pclmulqdq dtes64 monitor ds_cpl smx est tm2 ssse3 sdbg fma cx16 xtpr pdcm pcid dca sse4_1 sse4_2 x2apic movbe popcnt tsc_deadline_timer aes xsave avx f16c rdrand lahf_lm abm 3dnowprefetch cpuid_fault epb cat_l3 cdp_l3 invpcid_single ssbd mba ibrs ibpb stibp ibrs_enhanced fsgsbase tsc_adjust bmi1 avx2 smep bmi2 erms invpcid cqm mpx rdt_a avx512f avx512dq rdseed adx smap clflushopt clwb intel_pt avx512cd avx512bw avx512vl xsaveopt xsavec xgetbv1 xsaves cqm_llc cqm_occup_llc cqm_mbm_total cqm_mbm_local dtherm ida arat pln pts hwp hwp_act_window hwp_epp hwp_pkg_req pku ospke avx512_vnni md_clear flush_l1d arch_capabilities

Online cpus: 0-111
Offline cpus: 
cache level: 1
cache type: Data
cache size: 32K
cache coherency line size: 64
cache level: 1
cache type: Instruction
cache size: 32K
cache coherency line size: 64
cache level: 2
cache type: Unified
cache size: 1024K
cache coherency line size: 64
cache level: 3
cache type: Unified
cache size: 39424K
cache coherency line size: 64
BIOS frequency limitation: <Not Available>
Frequency switch latency (ns): 0
Available cpu frequencies: <Not Available>
Maximum cpu frequency: 4000000
Minimum cpu frequency: 1000000
Current cpu frequency: 2800014
Available governors: performance powersave
Current governor: powersave
Core performance/turbo boost: <Not Available>

Memory: 4k page, physical 791263980k(779388100k free), swap 2097148k(2097148k free)
Page Sizes: 4k

vm_info: OpenJDK 64-Bit Server VM (slowdebug 25-internal-adhoc.root.jdk) for linux-amd64 JRE (25-internal-adhoc.root.jdk), built on 2025-02-20T06:41:13Z with gcc 9.3.0

END.
