#
# A fatal error has been detected by the Java Runtime Environment:
#
#  Internal Error (/home/jatinbha/sandboxes/jdk/jdk/src/hotspot/cpu/x86/relocInfo_x86.cpp:110), pid=3760816, tid=3760875
#  Error: ShouldNotReachHere()
#
# JRE version: OpenJDK Runtime Environment (25.0) (slowdebug build 25-internal-adhoc.root.jdk)
# Java VM: OpenJDK 64-Bit Server VM (slowdebug 25-internal-adhoc.root.jdk, mixed mode, sharing, compressed oops, compressed class ptrs, g1 gc, linux-amd64)
# Problematic frame:
# V  [libjvm.so+0x14ad5c2]  Relocation::pd_call_destination(unsigned char*)+0x13c
#
# Core dump will be written. Default location: Core dumps may be processed with "/usr/share/apport/apport %p %s %c %d %P %E" (or dumping to /home/jatinbha/code/java/runtime/polling/core.3760816)
#
# If you would like to submit a bug report, please visit:
#   https://bugreport.java.com/bugreport/crash.jsp
#

---------------  S U M M A R Y ------------

Command Line: -XX:+PauseAtStartup -Xbatch -XX:CompileCommand=compileonly,test::micro -XX:CompileCommand=Print,test::micro -XX:-TieredCompilation test

Host: intel-S2600WFT, Intel(R) Xeon(R) Platinum 8280 CPU @ 2.70GHz, 112 cores, 754G, Ubuntu 20.04.2 LTS
Time: Mon Mar  3 13:15:00 2025 IST elapsed time: 78.893065 seconds (0d 0h 1m 18s)

---------------  T H R E A D  ---------------

Current thread (0x00007f2c30312240):  JavaThread "C2 CompilerThread0" daemon [_thread_in_vm, id=3760875, stack(0x00007f2be6bc1000,0x00007f2be6cc2000) (1028K)]


Current CompileTask:
C2:78893    3 %  b        test::micro @ 14 (57 bytes)

Stack: [0x00007f2be6bc1000,0x00007f2be6cc2000],  sp=0x00007f2be6cbcaf0,  free space=1006k
Native frames: (J=compiled Java code, j=interpreted, Vv=VM code, C=native code)
V  [libjvm.so+0x14ad5c2]  Relocation::pd_call_destination(unsigned char*)+0x13c  (relocInfo_x86.cpp:110)
V  [libjvm.so+0x136f84b]  CallRelocation::destination()+0x21  (relocInfo.hpp:948)
V  [libjvm.so+0x136ce3b]  nmethod::reloc_string_for(unsigned char*, unsigned char*)+0x2ff  (nmethod.cpp:3581)
V  [libjvm.so+0x136e02c]  nmethod::has_code_comment(unsigned char*, unsigned char*)+0x58  (nmethod.cpp:3792)
V  [libjvm.so+0xc08dc5]  decode_env::end_insn(unsigned char*)+0x69  (disassembler.cpp:149)
V  [libjvm.so+0xc06cc1]  decode_env::handle_event(char const*, unsigned char*)+0xa7  (disassembler.cpp:510)
V  [libjvm.so+0xc06ecc]  event_to_env(void*, char const*, void*)+0x37  (disassembler.cpp:571)
Registers:
RAX=0x00007f2c371be000, RBX=0x00007f2c246ad741, RCX=0x00007f2c357be8da, RDX=0x0000000000000001
RSP=0x00007f2be6cbcaf0, RBP=0x00007f2be6cbcb20, RSI=0x0000000000000001, RDI=0x00007f2c246ad740
R8 =0x00007f2c35703ea2, R9 =0x00007f2be6cbc230, R10=0x00007f2c3570581c, R11=0x0000000000000005
R12=0x00007f2be6cbd730, R13=0x00007f2be6cbcf30, R14=0x00007f2be6cbd5d0, R15=0x00007f2c246adae0
RIP=0x00007f2c357c55c2, EFLAGS=0x0000000000010246, CSGSFS=0x002b000000000033, ERR=0x0000000000000006
  TRAPNO=0x000000000000000e

XMM[0]=0x0000000000000000 0x0000000000000000
XMM[1]=0x000000000000ff00 0x0000000000000000
XMM[2]=0x000000000000ff00 0x0000000000000000
XMM[3]=0x202020202020202f 0x34364d59532f0020
XMM[4]=0x4040404040404040 0x4040404040404040
XMM[5]=0x5a5a5a5a5a5a5a5a 0x5a5a5a5a5a5a5a5a
XMM[6]=0x2020202020202020 0x2020202020202020
XMM[7]=0x0000000000000000 0x0000000000000000
XMM[8]=0x6d69746e75720028 0x617461646174656d
XMM[9]=0x0000000000000000 0x0000000000000000
XMM[10]=0x0000000000000000 0x0000000000000000
XMM[11]=0x0000000000000000 0x0000000000000000
XMM[12]=0x0000000000000000 0x0000000000000000
XMM[13]=0x0000000000000000 0x0000000000000000
XMM[14]=0x0000000000000000 0x0000000000000000
XMM[15]=0x0000000000000000 0x0000000000000000
  MXCSR=0x00001fa2


Register to memory mapping:

RAX=0x00007f2c371be000 in mmap'd memory region [0x00007f2c371be000 - 0x00007f2c371bf000], tag mtInternal
RBX=0x00007f2c246ad741 is at entry_point+1 in (nmethod*)0x00007f2c246ad608
Compiled method (c2) 81337    3 %           test::micro @ 14 (57 bytes)
 total in heap  [0x00007f2c246ad608,0x00007f2c246adb08] = 1280
 relocation     [0x00007f2c246ad6e8,0x00007f2c246ad740] = 88
 main code      [0x00007f2c246ad740,0x00007f2c246adac8] = 904
 stub code      [0x00007f2c246adac8,0x00007f2c246adae0] = 24
 oops           [0x00007f2c246adae0,0x00007f2c246adae8] = 8
 metadata       [0x00007f2c246adae8,0x00007f2c246adb08] = 32
 immutable data [0x00007f2b7010d960,0x00007f2b7010dcf0] = 912
 dependencies   [0x00007f2b7010d960,0x00007f2b7010d970] = 16
 nul chk table  [0x00007f2b7010d970,0x00007f2b7010d988] = 24
 scopes pcs     [0x00007f2b7010d988,0x00007f2b7010dc48] = 704
 scopes data    [0x00007f2b7010dc48,0x00007f2b7010dcf0] = 168
RCX=0x00007f2c357be8da: <offset 0x00000000014a68da> in /home/jatinbha/sandboxes/jdk/jdk/build/linux-x86_64-server-slowdebug/images/jdk/lib/server/libjvm.so at 0x00007f2c34318000
RDX=0x0000000000000001 is an unknown value
RSP=0x00007f2be6cbcaf0 is pointing into the stack for thread: 0x00007f2c30312240
RBP=0x00007f2be6cbcb20 is pointing into the stack for thread: 0x00007f2c30312240
RSI=0x0000000000000001 is an unknown value
RDI=0x00007f2c246ad740 is at entry_point+0 in (nmethod*)0x00007f2c246ad608
Compiled method (c2) 81337    3 %           test::micro @ 14 (57 bytes)
 total in heap  [0x00007f2c246ad608,0x00007f2c246adb08] = 1280
 relocation     [0x00007f2c246ad6e8,0x00007f2c246ad740] = 88
 main code      [0x00007f2c246ad740,0x00007f2c246adac8] = 904
 stub code      [0x00007f2c246adac8,0x00007f2c246adae0] = 24
 oops           [0x00007f2c246adae0,0x00007f2c246adae8] = 8
 metadata       [0x00007f2c246adae8,0x00007f2c246adb08] = 32
 immutable data [0x00007f2b7010d960,0x00007f2b7010dcf0] = 912
 dependencies   [0x00007f2b7010d960,0x00007f2b7010d970] = 16
 nul chk table  [0x00007f2b7010d970,0x00007f2b7010d988] = 24
 scopes pcs     [0x00007f2b7010d988,0x00007f2b7010dc48] = 704
 scopes data    [0x00007f2b7010dc48,0x00007f2b7010dcf0] = 168
R8 =0x00007f2c35703ea2: <offset 0x00000000013ebea2> in /home/jatinbha/sandboxes/jdk/jdk/build/linux-x86_64-server-slowdebug/images/jdk/lib/server/libjvm.so at 0x00007f2c34318000
R9 =0x00007f2be6cbc230 is pointing into the stack for thread: 0x00007f2c30312240
R10=0x00007f2c3570581c: <offset 0x00000000013ed81c> in /home/jatinbha/sandboxes/jdk/jdk/build/linux-x86_64-server-slowdebug/images/jdk/lib/server/libjvm.so at 0x00007f2c34318000
R11=0x0000000000000005 is an unknown value
R12=0x00007f2be6cbd730 is pointing into the stack for thread: 0x00007f2c30312240
R13=0x00007f2be6cbcf30 is pointing into the stack for thread: 0x00007f2c30312240
R14=0x00007f2be6cbd5d0 is pointing into the stack for thread: 0x00007f2c30312240
R15=0x00007f2c246adae0 is at entry_point+928 in (nmethod*)0x00007f2c246ad608
Compiled method (c2) 81337    3 %           test::micro @ 14 (57 bytes)
 total in heap  [0x00007f2c246ad608,0x00007f2c246adb08] = 1280
 relocation     [0x00007f2c246ad6e8,0x00007f2c246ad740] = 88
 main code      [0x00007f2c246ad740,0x00007f2c246adac8] = 904
 stub code      [0x00007f2c246adac8,0x00007f2c246adae0] = 24
 oops           [0x00007f2c246adae0,0x00007f2c246adae8] = 8
 metadata       [0x00007f2c246adae8,0x00007f2c246adb08] = 32
 immutable data [0x00007f2b7010d960,0x00007f2b7010dcf0] = 912
 dependencies   [0x00007f2b7010d960,0x00007f2b7010d970] = 16
 nul chk table  [0x00007f2b7010d970,0x00007f2b7010d988] = 24
 scopes pcs     [0x00007f2b7010d988,0x00007f2b7010dc48] = 704
 scopes data    [0x00007f2b7010dc48,0x00007f2b7010dcf0] = 168

Top of Stack: (sp=0x00007f2be6cbcaf0)
0x00007f2be6cbcaf0:   0000000000000000 00007f2be6cbcd40   ........@...+...
0x00007f2be6cbcb00:   00007f2be6cbcb20 0000000000000000    ...+...........
0x00007f2be6cbcb10:   00007f2c246ad740 00007f2c357be679   @.j$,...y.{5,...
0x00007f2be6cbcb20:   00007f2be6cbcb40 00007f2c3568784b   @...+...Kxh5,...
0x00007f2be6cbcb30:   0000000000000000 00007f2be6cbcd40   ........@...+...
0x00007f2be6cbcb40:   00007f2be6cbcd80 00007f2c35684e3b   ....+...;Nh5,...
0x00007f2be6cbcb50:   0000000000000000 00007f2c246ad741   ........A.j$,...
0x00007f2be6cbcb60:   00007f2c246ad740 00007f2c246ad608   @.j$,.....j$,...
0x00007f2be6cbcb70:   00007f2be6cbcba0 01007f2c3570347d   ....+...}4p5,...
0x00007f2be6cbcb80:   0000000000000000 00007f2be6cbcbf8   ............+...
0x00007f2be6cbcb90:   00007f2be653967c 00007f2b7010dc28   |.S.+...(..p+...
0x00007f2be6cbcba0:   00007f2be6cbcd40 00007f2c35679907   @...+.....g5,...
0x00007f2be6cbcbb0:   00000001e6cbcb01 00007f2b7010dc38   ........8..p+...
0x00007f2be6cbcbc0:   00007f2be6cbcc00 00007f2c35abaf56   ....+...V..5,...
0x00007f2be6cbcbd0:   00007f2be6cbcbe0 00007f2c30312240   ....+...@"10,...
0x00007f2be6cbcbe0:   00007f2b7010d988 00007f2b7010ddb0   ...p+......p+...
0x00007f2be6cbcbf0:   000000047010d998 00007f2b7010d988   ...p.......p+...
0x00007f2be6cbcc00:   00007f2be6cbcc70 00007f2c3568232d   p...+...-#h5,...
0x00007f2be6cbcc10:   00007f2b7010dc48 00007f2b7010d988   H..p+......p+...
0x00007f2be6cbcc20:   00007f2c246ad740 0000000100000036   @.j$,...6.......
0x00007f2be6cbcc30:   00007f2c246ad741 00007f2b7010ddb0   A.j$,......p+...
0x00007f2be6cbcc40:   00007f2c36cec640 0000000000000000   @..6,...........
0x00007f2be6cbcc50:   00007f2b0000000c 0000000000000000   ....+...........
0x00007f2be6cbcc60:   0000000000000000 0000000000000000   ................
0x00007f2be6cbcc70:   0000000000000000 00007f2c35681d00   ..........h5,...
0x00007f2be6cbcc80:   00007f2be6cbcc99 000000000000000c   ....+...........
0x00007f2be6cbcc90:   0000000000000030 656d69746e757200   0........runtime
0x00007f2be6cbcca0:   0000006c6c61635f 00007f2b7010ddb0   _call......p+...
0x00007f2be6cbccb0:   0000000000000003 00007f2b7010d988   ...........p+...
0x00007f2be6cbccc0:   00007f2be6cbcd10 00007f2c34bfc782   ....+......4,...
0x00007f2be6cbccd0:   00007f2c246ad741 00007f2c246ad6e8   A.j$,.....j$,...
0x00007f2be6cbcce0:   00007f2c246ad740 00007f2c246ad608   @.j$,.....j$,...

Instructions: (pc=0x00007f2c357c55c2)
  0x00007f2c357c54c2:   e8 48 8b 45 d8 48 89 c7 e8 f7 0e 5e ff 48 89 c7
  0x00007f2c357c54d2:   e8 19 cd 04 ff 48 89 45 f0 48 8b 45 f0 48 89 c7
  0x00007f2c357c54e2:   e8 ab d0 b3 ff 84 c0 74 28 48 8b 45 d8 48 89 c7
  0x00007f2c357c54f2:   e8 cf 0e 5e ff 48 89 c7 e8 74 13 5e ff 48 89 c7
  0x00007f2c357c5502:   e8 c1 08 eb ff 48 8b 55 e8 48 01 d0 e9 c3 00 00
  0x00007f2c357c5512:   00 48 8b 45 f0 48 89 c7 e8 c3 7f 43 ff 84 c0 74
  0x00007f2c357c5522:   42 48 8b 45 d8 48 89 c7 e8 97 0e 5e ff 48 89 c7
  0x00007f2c357c5532:   e8 61 23 5e ff 48 89 c7 e8 b1 13 5e ff 48 89 45
  0x00007f2c357c5542:   f8 48 83 7d f8 ff 75 0e 48 8b 45 d8 48 89 c7 e8
  0x00007f2c357c5552:   70 0e 5e ff eb 7e 48 8b 55 e8 48 8b 45 f8 48 01
  0x00007f2c357c5562:   d0 eb 71 48 8b 45 f0 48 89 c7 e8 bb d0 b3 ff 84
  0x00007f2c357c5572:   c0 74 25 48 8b 45 d8 48 89 c7 e8 45 0e 5e ff 48
  0x00007f2c357c5582:   89 c7 e8 2f 7f 43 ff 48 89 c7 e8 89 18 eb ff 48
  0x00007f2c357c5592:   8b 55 e8 48 01 d0 eb 3c 48 8b 45 f0 48 89 c7 e8
  0x00007f2c357c55a2:   e0 d0 b3 ff 84 c0 74 0e 48 8b 45 f0 48 89 c7 e8
  0x00007f2c357c55b2:   22 7e 43 ff eb 1e 48 8d 05 d9 0f 64 01 48 8b 00
=>0x00007f2c357c55c2:   c6 00 58 be 6e 00 00 00 48 8d 3d 77 a5 cd 00 e8
  0x00007f2c357c55d2:   33 5f 66 ff c9 c3 f3 0f 1e fa 55 48 89 e5 48 83
  0x00007f2c357c55e2:   ec 30 48 89 7d d8 48 89 75 d0 48 8b 45 d8 48 89
  0x00007f2c357c55f2:   c7 e8 ce 0d 5e ff 48 89 c7 e8 f0 cb 04 ff 48 89
  0x00007f2c357c5602:   45 e0 48 8b 45 e0 48 89 c7 e8 82 cf b3 ff 84 c0
  0x00007f2c357c5612:   74 2b 48 8b 45 d8 48 89 c7 e8 a6 0d 5e ff 48 89
  0x00007f2c357c5622:   c7 e8 4b 12 5e ff 48 89 c2 48 8b 45 d0 48 89 c6
  0x00007f2c357c5632:   48 89 d7 e8 8c cd b3 ff e9 17 01 00 00 48 8b 45
  0x00007f2c357c5642:   e0 48 89 c7 e8 97 7e 43 ff 84 c0 74 57 48 8b 45
  0x00007f2c357c5652:   d8 48 89 c7 e8 6b 0d 5e ff 48 89 c7 e8 35 22 5e
  0x00007f2c357c5662:   ff 48 89 45 f8 48 8b 45 f8 48 89 c7 e8 7d 12 5e
  0x00007f2c357c5672:   ff 48 83 f8 ff 0f 94 c0 84 c0 74 10 48 8b 45 d8
  0x00007f2c357c5682:   48 89 c7 e8 3c 0d 5e ff 48 89 45 d0 48 8b 55 d0
  0x00007f2c357c5692:   48 8b 45 f8 48 89 d6 48 89 c7 e8 27 21 5e ff e9
  0x00007f2c357c56a2:   b0 00 00 00 48 8b 45 e0 48 89 c7 e8 7a cf b3 ff
  0x00007f2c357c56b2:   84 c0 74 5d 48 8b 45 d8 48 89 c7 e8 04 0d 5e ff


Stack slot to memory mapping:

stack at sp + 0 slots: 0x0 is null
stack at sp + 1 slots: 0x00007f2be6cbcd40 is pointing into the stack for thread: 0x00007f2c30312240
stack at sp + 2 slots: 0x00007f2be6cbcb20 is pointing into the stack for thread: 0x00007f2c30312240
stack at sp + 3 slots: 0x0 is null
stack at sp + 4 slots: 0x00007f2c246ad740 is at entry_point+0 in (nmethod*)0x00007f2c246ad608
Compiled method (c2) 81339    3 %           test::micro @ 14 (57 bytes)
 total in heap  [0x00007f2c246ad608,0x00007f2c246adb08] = 1280
 relocation     [0x00007f2c246ad6e8,0x00007f2c246ad740] = 88
 main code      [0x00007f2c246ad740,0x00007f2c246adac8] = 904
 stub code      [0x00007f2c246adac8,0x00007f2c246adae0] = 24
 oops           [0x00007f2c246adae0,0x00007f2c246adae8] = 8
 metadata       [0x00007f2c246adae8,0x00007f2c246adb08] = 32
 immutable data [0x00007f2b7010d960,0x00007f2b7010dcf0] = 912
 dependencies   [0x00007f2b7010d960,0x00007f2b7010d970] = 16
 nul chk table  [0x00007f2b7010d970,0x00007f2b7010d988] = 24
 scopes pcs     [0x00007f2b7010d988,0x00007f2b7010dc48] = 704
 scopes data    [0x00007f2b7010dc48,0x00007f2b7010dcf0] = 168
stack at sp + 5 slots: 0x00007f2c357be679: <offset 0x00000000014a6679> in /home/jatinbha/sandboxes/jdk/jdk/build/linux-x86_64-server-slowdebug/images/jdk/lib/server/libjvm.so at 0x00007f2c34318000
stack at sp + 6 slots: 0x00007f2be6cbcb40 is pointing into the stack for thread: 0x00007f2c30312240
stack at sp + 7 slots: 0x00007f2c3568784b: <offset 0x000000000136f84b> in /home/jatinbha/sandboxes/jdk/jdk/build/linux-x86_64-server-slowdebug/images/jdk/lib/server/libjvm.so at 0x00007f2c34318000

Lock stack of current Java thread (top to bottom):


---------------  P R O C E S S  ---------------

uid  : 1000 euid : 1000 gid  : 1000 egid : 1000

umask: 0002 (-------w-)

Threads class SMR info:
_java_thread_list=0x00007f2c3033b950, length=9, elements={
0x00007f2c3002c0c0, 0x00007f2c302fc4f0, 0x00007f2c302fd3e0, 0x00007f2c302fe690,
0x00007f2c302ff9f0, 0x00007f2c30300c10, 0x00007f2c30312240, 0x00007f2c30335a50,
0x00007f2c3033ba20
}
_java_thread_list_alloc_cnt=10, _java_thread_list_free_cnt=8, _java_thread_list_max=9, _nested_thread_list_max=0
_tlh_cnt=22, _tlh_times=0, avg_tlh_time=0.00, _tlh_time_max=0
_delete_lock_wait_cnt=0, _delete_lock_wait_max=0
_to_delete_list_cnt=0, _to_delete_list_max=1

Java Threads: ( => current thread )
  0x00007f2c3002c0c0 JavaThread "main"                              [_thread_blocked, id=3760817, stack(0x00007f2c340bd000,0x00007f2c341be000) (1028K)]
  0x00007f2c302fc4f0 JavaThread "Reference Handler"          daemon [_thread_blocked, id=3760870, stack(0x00007f2be75b7000,0x00007f2be76b7000) (1024K)]
  0x00007f2c302fd3e0 JavaThread "Finalizer"                  daemon [_thread_blocked, id=3760871, stack(0x00007f2be74b6000,0x00007f2be75b6000) (1024K)]
  0x00007f2c302fe690 JavaThread "Signal Dispatcher"          daemon [_thread_blocked, id=3760872, stack(0x00007f2be76b8000,0x00007f2be77b8000) (1024K)]
  0x00007f2c302ff9f0 JavaThread "Service Thread"             daemon [_thread_blocked, id=3760873, stack(0x00007f2be77b9000,0x00007f2be78b9000) (1024K)]
  0x00007f2c30300c10 JavaThread "Monitor Deflation Thread"   daemon [_thread_blocked, id=3760874, stack(0x00007f2be6cc2000,0x00007f2be6dc3000) (1028K)]
=>0x00007f2c30312240 JavaThread "C2 CompilerThread0"         daemon [_thread_in_vm, id=3760875, stack(0x00007f2be6bc1000,0x00007f2be6cc2000) (1028K)]
  0x00007f2c30335a50 JavaThread "Notification Thread"        daemon [_thread_blocked, id=3760876, stack(0x00007f2be6955000,0x00007f2be6a56000) (1028K)]
  0x00007f2c3033ba20 JavaThread "Common-Cleaner"             daemon [_thread_blocked, id=3760877, stack(0x00007f2be6854000,0x00007f2be6955000) (1028K)]
Total: 9

Other Threads:
  0x00007f2c302c2b70 VMThread "VM Thread"                           [id=3760868, stack(0x00007f2be73b5000,0x00007f2be74b5000) (1024K)]
  0x00007f2c302027c0 WatcherThread "VM Periodic Task Thread"        [id=3760867, stack(0x00007f2be78ba000,0x00007f2be79ba000) (1024K)]
  0x00007f2c3006d0f0 WorkerThread "GC Thread#0"                     [id=3760856, stack(0x00007f2bfa7d1000,0x00007f2bfa8d1000) (1024K)]
  0x00007f2c30081470 ConcurrentGCThread "G1 Main Marker"            [id=3760857, stack(0x00007f2bfa6d0000,0x00007f2bfa7d0000) (1024K)]
  0x00007f2c30082710 WorkerThread "G1 Conc#0"                       [id=3760858, stack(0x00007f2bfa5cf000,0x00007f2bfa6cf000) (1024K)]
  0x00007f2c301d9e50 ConcurrentGCThread "G1 Refine#0"               [id=3760859, stack(0x00007f2be7abc000,0x00007f2be7bbc000) (1024K)]
  0x00007f2c301db090 ConcurrentGCThread "G1 Service"                [id=3760860, stack(0x00007f2be79bb000,0x00007f2be7abb000) (1024K)]
Total: 7

Threads with active compile tasks:
C2 CompilerThread0  81340    3 %  b        test::micro @ 14 (57 bytes)
Total: 1

VM state: not at safepoint (normal execution)

VM Mutex/Monitor currently owned by a thread:  ([mutex/lock_event])
[0x00007f2c36ef1db8] tty_lock - owner thread: 0x00007f2c30312240

Heap address: 0x00000000a0000000, size: 30208 MB, Compressed Oops mode: Zero based, Oop shift amount: 3

CDS archive(s) mapped at: [0x00007f2b96000000-0x00007f2b96de8000-0x00007f2b96de8000), size 14581760, SharedBaseAddress: 0x00007f2b96000000, ArchiveRelocationMode: 1.
Compressed class space mapped at: 0x00007f2b97000000-0x00007f2bd7000000, reserved size: 1073741824
UseCompressedClassPointers 1, UseCompactObjectHeaders 0
Narrow klass pointer bits 32, Max shift 3
Narrow klass base: 0x00007f2b96000000, Narrow klass shift: 0
Encoding Range: [0x00007f2b96000000 - 0x00007f2c96000000), (4294967296 bytes)
Klass Range:    [0x00007f2b96000000 - 0x00007f2bd7000000), (1090519040 bytes)
Klass ID Range:  [8 - 1090519033) (1090519025)

GC Precious Log:
 CardTable entry size: 512
 Card Set container configuration: InlinePtr #cards 3 size 8 Array Of Cards #cards 128 size 272 Howl #buckets 8 coarsen threshold 29491 Howl Bitmap #cards 4096 size 528 coarsen threshold 3686 Card regions per heap region 1 cards per card region 32768
 CPUs: 112 total, 112 available
 Memory: 754G
 Large Page Support: Disabled
 NUMA Support: Disabled
 Compressed Oops: Enabled (Zero based)
 Heap Region Size: 16M
 Heap Min Capacity: 16M
 Heap Initial Capacity: 2G
 Heap Max Capacity: 30208M
 Pre-touch: Disabled
 Parallel Workers: 73
 Concurrent Workers: 18
 Concurrent Refinement Workers: 73
 Periodic GC: Disabled

Heap:
 garbage-first heap   total reserved 30932992K, committed 2113536K, used 1136K [0x00000000a0000000, 0x0000000800000000)
  region size 16384K, 1 young (16384K), 0 survivors (0K)
 Metaspace       used 54K, committed 256K, reserved 1114112K
  class space    used 3K, committed 128K, reserved 1048576K

Heap Regions: E=young(eden), S=young(survivor), O=old, HS=humongous(starts), HC=humongous(continues), CS=collection set, F=free, TAMS=top-at-mark-start, PB=parsable bottom
|   0|0x00000000a0000000, 0x00000000a0000000, 0x00000000a1000000|  0%| F|  |TAMS 0x00000000a0000000| PB 0x00000000a0000000| Untracked |  0
|   1|0x00000000a1000000, 0x00000000a1000000, 0x00000000a2000000|  0%| F|  |TAMS 0x00000000a1000000| PB 0x00000000a1000000| Untracked |  0
|   2|0x00000000a2000000, 0x00000000a2000000, 0x00000000a3000000|  0%| F|  |TAMS 0x00000000a2000000| PB 0x00000000a2000000| Untracked |  0
|   3|0x00000000a3000000, 0x00000000a3000000, 0x00000000a4000000|  0%| F|  |TAMS 0x00000000a3000000| PB 0x00000000a3000000| Untracked |  0
|   4|0x00000000a4000000, 0x00000000a4000000, 0x00000000a5000000|  0%| F|  |TAMS 0x00000000a4000000| PB 0x00000000a4000000| Untracked |  0
|   5|0x00000000a5000000, 0x00000000a5000000, 0x00000000a6000000|  0%| F|  |TAMS 0x00000000a5000000| PB 0x00000000a5000000| Untracked |  0
|   6|0x00000000a6000000, 0x00000000a6000000, 0x00000000a7000000|  0%| F|  |TAMS 0x00000000a6000000| PB 0x00000000a6000000| Untracked |  0
|   7|0x00000000a7000000, 0x00000000a7000000, 0x00000000a8000000|  0%| F|  |TAMS 0x00000000a7000000| PB 0x00000000a7000000| Untracked |  0
|   8|0x00000000a8000000, 0x00000000a8000000, 0x00000000a9000000|  0%| F|  |TAMS 0x00000000a8000000| PB 0x00000000a8000000| Untracked |  0
|   9|0x00000000a9000000, 0x00000000a9000000, 0x00000000aa000000|  0%| F|  |TAMS 0x00000000a9000000| PB 0x00000000a9000000| Untracked |  0
|  10|0x00000000aa000000, 0x00000000aa000000, 0x00000000ab000000|  0%| F|  |TAMS 0x00000000aa000000| PB 0x00000000aa000000| Untracked |  0
|  11|0x00000000ab000000, 0x00000000ab000000, 0x00000000ac000000|  0%| F|  |TAMS 0x00000000ab000000| PB 0x00000000ab000000| Untracked |  0
|  12|0x00000000ac000000, 0x00000000ac000000, 0x00000000ad000000|  0%| F|  |TAMS 0x00000000ac000000| PB 0x00000000ac000000| Untracked |  0
|  13|0x00000000ad000000, 0x00000000ad000000, 0x00000000ae000000|  0%| F|  |TAMS 0x00000000ad000000| PB 0x00000000ad000000| Untracked |  0
|  14|0x00000000ae000000, 0x00000000ae000000, 0x00000000af000000|  0%| F|  |TAMS 0x00000000ae000000| PB 0x00000000ae000000| Untracked |  0
|  15|0x00000000af000000, 0x00000000af000000, 0x00000000b0000000|  0%| F|  |TAMS 0x00000000af000000| PB 0x00000000af000000| Untracked |  0
|  16|0x00000000b0000000, 0x00000000b0000000, 0x00000000b1000000|  0%| F|  |TAMS 0x00000000b0000000| PB 0x00000000b0000000| Untracked |  0
|  17|0x00000000b1000000, 0x00000000b1000000, 0x00000000b2000000|  0%| F|  |TAMS 0x00000000b1000000| PB 0x00000000b1000000| Untracked |  0
|  18|0x00000000b2000000, 0x00000000b2000000, 0x00000000b3000000|  0%| F|  |TAMS 0x00000000b2000000| PB 0x00000000b2000000| Untracked |  0
|  19|0x00000000b3000000, 0x00000000b3000000, 0x00000000b4000000|  0%| F|  |TAMS 0x00000000b3000000| PB 0x00000000b3000000| Untracked |  0
|  20|0x00000000b4000000, 0x00000000b4000000, 0x00000000b5000000|  0%| F|  |TAMS 0x00000000b4000000| PB 0x00000000b4000000| Untracked |  0
|  21|0x00000000b5000000, 0x00000000b5000000, 0x00000000b6000000|  0%| F|  |TAMS 0x00000000b5000000| PB 0x00000000b5000000| Untracked |  0
|  22|0x00000000b6000000, 0x00000000b6000000, 0x00000000b7000000|  0%| F|  |TAMS 0x00000000b6000000| PB 0x00000000b6000000| Untracked |  0
|  23|0x00000000b7000000, 0x00000000b7000000, 0x00000000b8000000|  0%| F|  |TAMS 0x00000000b7000000| PB 0x00000000b7000000| Untracked |  0
|  24|0x00000000b8000000, 0x00000000b8000000, 0x00000000b9000000|  0%| F|  |TAMS 0x00000000b8000000| PB 0x00000000b8000000| Untracked |  0
|  25|0x00000000b9000000, 0x00000000b9000000, 0x00000000ba000000|  0%| F|  |TAMS 0x00000000b9000000| PB 0x00000000b9000000| Untracked |  0
|  26|0x00000000ba000000, 0x00000000ba000000, 0x00000000bb000000|  0%| F|  |TAMS 0x00000000ba000000| PB 0x00000000ba000000| Untracked |  0
|  27|0x00000000bb000000, 0x00000000bb000000, 0x00000000bc000000|  0%| F|  |TAMS 0x00000000bb000000| PB 0x00000000bb000000| Untracked |  0
|  28|0x00000000bc000000, 0x00000000bc000000, 0x00000000bd000000|  0%| F|  |TAMS 0x00000000bc000000| PB 0x00000000bc000000| Untracked |  0
|  29|0x00000000bd000000, 0x00000000bd000000, 0x00000000be000000|  0%| F|  |TAMS 0x00000000bd000000| PB 0x00000000bd000000| Untracked |  0
|  30|0x00000000be000000, 0x00000000be000000, 0x00000000bf000000|  0%| F|  |TAMS 0x00000000be000000| PB 0x00000000be000000| Untracked |  0
|  31|0x00000000bf000000, 0x00000000bf000000, 0x00000000c0000000|  0%| F|  |TAMS 0x00000000bf000000| PB 0x00000000bf000000| Untracked |  0
|  32|0x00000000c0000000, 0x00000000c0000000, 0x00000000c1000000|  0%| F|  |TAMS 0x00000000c0000000| PB 0x00000000c0000000| Untracked |  0
|  33|0x00000000c1000000, 0x00000000c1000000, 0x00000000c2000000|  0%| F|  |TAMS 0x00000000c1000000| PB 0x00000000c1000000| Untracked |  0
|  34|0x00000000c2000000, 0x00000000c2000000, 0x00000000c3000000|  0%| F|  |TAMS 0x00000000c2000000| PB 0x00000000c2000000| Untracked |  0
|  35|0x00000000c3000000, 0x00000000c3000000, 0x00000000c4000000|  0%| F|  |TAMS 0x00000000c3000000| PB 0x00000000c3000000| Untracked |  0
|  36|0x00000000c4000000, 0x00000000c4000000, 0x00000000c5000000|  0%| F|  |TAMS 0x00000000c4000000| PB 0x00000000c4000000| Untracked |  0
|  37|0x00000000c5000000, 0x00000000c5000000, 0x00000000c6000000|  0%| F|  |TAMS 0x00000000c5000000| PB 0x00000000c5000000| Untracked |  0
|  38|0x00000000c6000000, 0x00000000c6000000, 0x00000000c7000000|  0%| F|  |TAMS 0x00000000c6000000| PB 0x00000000c6000000| Untracked |  0
|  39|0x00000000c7000000, 0x00000000c7000000, 0x00000000c8000000|  0%| F|  |TAMS 0x00000000c7000000| PB 0x00000000c7000000| Untracked |  0
|  40|0x00000000c8000000, 0x00000000c8000000, 0x00000000c9000000|  0%| F|  |TAMS 0x00000000c8000000| PB 0x00000000c8000000| Untracked |  0
|  41|0x00000000c9000000, 0x00000000c9000000, 0x00000000ca000000|  0%| F|  |TAMS 0x00000000c9000000| PB 0x00000000c9000000| Untracked |  0
|  42|0x00000000ca000000, 0x00000000ca000000, 0x00000000cb000000|  0%| F|  |TAMS 0x00000000ca000000| PB 0x00000000ca000000| Untracked |  0
|  43|0x00000000cb000000, 0x00000000cb000000, 0x00000000cc000000|  0%| F|  |TAMS 0x00000000cb000000| PB 0x00000000cb000000| Untracked |  0
|  44|0x00000000cc000000, 0x00000000cc000000, 0x00000000cd000000|  0%| F|  |TAMS 0x00000000cc000000| PB 0x00000000cc000000| Untracked |  0
|  45|0x00000000cd000000, 0x00000000cd000000, 0x00000000ce000000|  0%| F|  |TAMS 0x00000000cd000000| PB 0x00000000cd000000| Untracked |  0
|  46|0x00000000ce000000, 0x00000000ce000000, 0x00000000cf000000|  0%| F|  |TAMS 0x00000000ce000000| PB 0x00000000ce000000| Untracked |  0
|  47|0x00000000cf000000, 0x00000000cf000000, 0x00000000d0000000|  0%| F|  |TAMS 0x00000000cf000000| PB 0x00000000cf000000| Untracked |  0
|  48|0x00000000d0000000, 0x00000000d0000000, 0x00000000d1000000|  0%| F|  |TAMS 0x00000000d0000000| PB 0x00000000d0000000| Untracked |  0
|  49|0x00000000d1000000, 0x00000000d1000000, 0x00000000d2000000|  0%| F|  |TAMS 0x00000000d1000000| PB 0x00000000d1000000| Untracked |  0
|  50|0x00000000d2000000, 0x00000000d2000000, 0x00000000d3000000|  0%| F|  |TAMS 0x00000000d2000000| PB 0x00000000d2000000| Untracked |  0
|  51|0x00000000d3000000, 0x00000000d3000000, 0x00000000d4000000|  0%| F|  |TAMS 0x00000000d3000000| PB 0x00000000d3000000| Untracked |  0
|  52|0x00000000d4000000, 0x00000000d4000000, 0x00000000d5000000|  0%| F|  |TAMS 0x00000000d4000000| PB 0x00000000d4000000| Untracked |  0
|  53|0x00000000d5000000, 0x00000000d5000000, 0x00000000d6000000|  0%| F|  |TAMS 0x00000000d5000000| PB 0x00000000d5000000| Untracked |  0
|  54|0x00000000d6000000, 0x00000000d6000000, 0x00000000d7000000|  0%| F|  |TAMS 0x00000000d6000000| PB 0x00000000d6000000| Untracked |  0
|  55|0x00000000d7000000, 0x00000000d7000000, 0x00000000d8000000|  0%| F|  |TAMS 0x00000000d7000000| PB 0x00000000d7000000| Untracked |  0
|  56|0x00000000d8000000, 0x00000000d8000000, 0x00000000d9000000|  0%| F|  |TAMS 0x00000000d8000000| PB 0x00000000d8000000| Untracked |  0
|  57|0x00000000d9000000, 0x00000000d9000000, 0x00000000da000000|  0%| F|  |TAMS 0x00000000d9000000| PB 0x00000000d9000000| Untracked |  0
|  58|0x00000000da000000, 0x00000000da000000, 0x00000000db000000|  0%| F|  |TAMS 0x00000000da000000| PB 0x00000000da000000| Untracked |  0
|  59|0x00000000db000000, 0x00000000db000000, 0x00000000dc000000|  0%| F|  |TAMS 0x00000000db000000| PB 0x00000000db000000| Untracked |  0
|  60|0x00000000dc000000, 0x00000000dc000000, 0x00000000dd000000|  0%| F|  |TAMS 0x00000000dc000000| PB 0x00000000dc000000| Untracked |  0
|  61|0x00000000dd000000, 0x00000000dd000000, 0x00000000de000000|  0%| F|  |TAMS 0x00000000dd000000| PB 0x00000000dd000000| Untracked |  0
|  62|0x00000000de000000, 0x00000000de000000, 0x00000000df000000|  0%| F|  |TAMS 0x00000000de000000| PB 0x00000000de000000| Untracked |  0
|  63|0x00000000df000000, 0x00000000df000000, 0x00000000e0000000|  0%| F|  |TAMS 0x00000000df000000| PB 0x00000000df000000| Untracked |  0
|  64|0x00000000e0000000, 0x00000000e0000000, 0x00000000e1000000|  0%| F|  |TAMS 0x00000000e0000000| PB 0x00000000e0000000| Untracked |  0
|  65|0x00000000e1000000, 0x00000000e1000000, 0x00000000e2000000|  0%| F|  |TAMS 0x00000000e1000000| PB 0x00000000e1000000| Untracked |  0
|  66|0x00000000e2000000, 0x00000000e2000000, 0x00000000e3000000|  0%| F|  |TAMS 0x00000000e2000000| PB 0x00000000e2000000| Untracked |  0
|  67|0x00000000e3000000, 0x00000000e3000000, 0x00000000e4000000|  0%| F|  |TAMS 0x00000000e3000000| PB 0x00000000e3000000| Untracked |  0
|  68|0x00000000e4000000, 0x00000000e4000000, 0x00000000e5000000|  0%| F|  |TAMS 0x00000000e4000000| PB 0x00000000e4000000| Untracked |  0
|  69|0x00000000e5000000, 0x00000000e5000000, 0x00000000e6000000|  0%| F|  |TAMS 0x00000000e5000000| PB 0x00000000e5000000| Untracked |  0
|  70|0x00000000e6000000, 0x00000000e6000000, 0x00000000e7000000|  0%| F|  |TAMS 0x00000000e6000000| PB 0x00000000e6000000| Untracked |  0
|  71|0x00000000e7000000, 0x00000000e7000000, 0x00000000e8000000|  0%| F|  |TAMS 0x00000000e7000000| PB 0x00000000e7000000| Untracked |  0
|  72|0x00000000e8000000, 0x00000000e8000000, 0x00000000e9000000|  0%| F|  |TAMS 0x00000000e8000000| PB 0x00000000e8000000| Untracked |  0
|  73|0x00000000e9000000, 0x00000000e9000000, 0x00000000ea000000|  0%| F|  |TAMS 0x00000000e9000000| PB 0x00000000e9000000| Untracked |  0
|  74|0x00000000ea000000, 0x00000000ea000000, 0x00000000eb000000|  0%| F|  |TAMS 0x00000000ea000000| PB 0x00000000ea000000| Untracked |  0
|  75|0x00000000eb000000, 0x00000000eb000000, 0x00000000ec000000|  0%| F|  |TAMS 0x00000000eb000000| PB 0x00000000eb000000| Untracked |  0
|  76|0x00000000ec000000, 0x00000000ec000000, 0x00000000ed000000|  0%| F|  |TAMS 0x00000000ec000000| PB 0x00000000ec000000| Untracked |  0
|  77|0x00000000ed000000, 0x00000000ed000000, 0x00000000ee000000|  0%| F|  |TAMS 0x00000000ed000000| PB 0x00000000ed000000| Untracked |  0
|  78|0x00000000ee000000, 0x00000000ee000000, 0x00000000ef000000|  0%| F|  |TAMS 0x00000000ee000000| PB 0x00000000ee000000| Untracked |  0
|  79|0x00000000ef000000, 0x00000000ef000000, 0x00000000f0000000|  0%| F|  |TAMS 0x00000000ef000000| PB 0x00000000ef000000| Untracked |  0
|  80|0x00000000f0000000, 0x00000000f0000000, 0x00000000f1000000|  0%| F|  |TAMS 0x00000000f0000000| PB 0x00000000f0000000| Untracked |  0
|  81|0x00000000f1000000, 0x00000000f1000000, 0x00000000f2000000|  0%| F|  |TAMS 0x00000000f1000000| PB 0x00000000f1000000| Untracked |  0
|  82|0x00000000f2000000, 0x00000000f2000000, 0x00000000f3000000|  0%| F|  |TAMS 0x00000000f2000000| PB 0x00000000f2000000| Untracked |  0
|  83|0x00000000f3000000, 0x00000000f3000000, 0x00000000f4000000|  0%| F|  |TAMS 0x00000000f3000000| PB 0x00000000f3000000| Untracked |  0
|  84|0x00000000f4000000, 0x00000000f4000000, 0x00000000f5000000|  0%| F|  |TAMS 0x00000000f4000000| PB 0x00000000f4000000| Untracked |  0
|  85|0x00000000f5000000, 0x00000000f5000000, 0x00000000f6000000|  0%| F|  |TAMS 0x00000000f5000000| PB 0x00000000f5000000| Untracked |  0
|  86|0x00000000f6000000, 0x00000000f6000000, 0x00000000f7000000|  0%| F|  |TAMS 0x00000000f6000000| PB 0x00000000f6000000| Untracked |  0
|  87|0x00000000f7000000, 0x00000000f7000000, 0x00000000f8000000|  0%| F|  |TAMS 0x00000000f7000000| PB 0x00000000f7000000| Untracked |  0
|  88|0x00000000f8000000, 0x00000000f8000000, 0x00000000f9000000|  0%| F|  |TAMS 0x00000000f8000000| PB 0x00000000f8000000| Untracked |  0
|  89|0x00000000f9000000, 0x00000000f9000000, 0x00000000fa000000|  0%| F|  |TAMS 0x00000000f9000000| PB 0x00000000f9000000| Untracked |  0
|  90|0x00000000fa000000, 0x00000000fa000000, 0x00000000fb000000|  0%| F|  |TAMS 0x00000000fa000000| PB 0x00000000fa000000| Untracked |  0
|  91|0x00000000fb000000, 0x00000000fb000000, 0x00000000fc000000|  0%| F|  |TAMS 0x00000000fb000000| PB 0x00000000fb000000| Untracked |  0
|  92|0x00000000fc000000, 0x00000000fc000000, 0x00000000fd000000|  0%| F|  |TAMS 0x00000000fc000000| PB 0x00000000fc000000| Untracked |  0
|  93|0x00000000fd000000, 0x00000000fd000000, 0x00000000fe000000|  0%| F|  |TAMS 0x00000000fd000000| PB 0x00000000fd000000| Untracked |  0
|  94|0x00000000fe000000, 0x00000000fe000000, 0x00000000ff000000|  0%| F|  |TAMS 0x00000000fe000000| PB 0x00000000fe000000| Untracked |  0
|  95|0x00000000ff000000, 0x00000000ff000000, 0x0000000100000000|  0%| F|  |TAMS 0x00000000ff000000| PB 0x00000000ff000000| Untracked |  0
|  96|0x0000000100000000, 0x0000000100000000, 0x0000000101000000|  0%| F|  |TAMS 0x0000000100000000| PB 0x0000000100000000| Untracked |  0
|  97|0x0000000101000000, 0x0000000101000000, 0x0000000102000000|  0%| F|  |TAMS 0x0000000101000000| PB 0x0000000101000000| Untracked |  0
|  98|0x0000000102000000, 0x0000000102000000, 0x0000000103000000|  0%| F|  |TAMS 0x0000000102000000| PB 0x0000000102000000| Untracked |  0
|  99|0x0000000103000000, 0x0000000103000000, 0x0000000104000000|  0%| F|  |TAMS 0x0000000103000000| PB 0x0000000103000000| Untracked |  0
| 100|0x0000000104000000, 0x0000000104000000, 0x0000000105000000|  0%| F|  |TAMS 0x0000000104000000| PB 0x0000000104000000| Untracked |  0
| 101|0x0000000105000000, 0x0000000105000000, 0x0000000106000000|  0%| F|  |TAMS 0x0000000105000000| PB 0x0000000105000000| Untracked |  0
| 102|0x0000000106000000, 0x0000000106000000, 0x0000000107000000|  0%| F|  |TAMS 0x0000000106000000| PB 0x0000000106000000| Untracked |  0
| 103|0x0000000107000000, 0x0000000107000000, 0x0000000108000000|  0%| F|  |TAMS 0x0000000107000000| PB 0x0000000107000000| Untracked |  0
| 104|0x0000000108000000, 0x0000000108000000, 0x0000000109000000|  0%| F|  |TAMS 0x0000000108000000| PB 0x0000000108000000| Untracked |  0
| 105|0x0000000109000000, 0x0000000109000000, 0x000000010a000000|  0%| F|  |TAMS 0x0000000109000000| PB 0x0000000109000000| Untracked |  0
| 106|0x000000010a000000, 0x000000010a000000, 0x000000010b000000|  0%| F|  |TAMS 0x000000010a000000| PB 0x000000010a000000| Untracked |  0
| 107|0x000000010b000000, 0x000000010b000000, 0x000000010c000000|  0%| F|  |TAMS 0x000000010b000000| PB 0x000000010b000000| Untracked |  0
| 108|0x000000010c000000, 0x000000010c000000, 0x000000010d000000|  0%| F|  |TAMS 0x000000010c000000| PB 0x000000010c000000| Untracked |  0
| 109|0x000000010d000000, 0x000000010d000000, 0x000000010e000000|  0%| F|  |TAMS 0x000000010d000000| PB 0x000000010d000000| Untracked |  0
| 110|0x000000010e000000, 0x000000010e000000, 0x000000010f000000|  0%| F|  |TAMS 0x000000010e000000| PB 0x000000010e000000| Untracked |  0
| 111|0x000000010f000000, 0x000000010f000000, 0x0000000110000000|  0%| F|  |TAMS 0x000000010f000000| PB 0x000000010f000000| Untracked |  0
| 112|0x0000000110000000, 0x0000000110000000, 0x0000000111000000|  0%| F|  |TAMS 0x0000000110000000| PB 0x0000000110000000| Untracked |  0
| 113|0x0000000111000000, 0x0000000111000000, 0x0000000112000000|  0%| F|  |TAMS 0x0000000111000000| PB 0x0000000111000000| Untracked |  0
| 114|0x0000000112000000, 0x0000000112000000, 0x0000000113000000|  0%| F|  |TAMS 0x0000000112000000| PB 0x0000000112000000| Untracked |  0
| 115|0x0000000113000000, 0x0000000113000000, 0x0000000114000000|  0%| F|  |TAMS 0x0000000113000000| PB 0x0000000113000000| Untracked |  0
| 116|0x0000000114000000, 0x0000000114000000, 0x0000000115000000|  0%| F|  |TAMS 0x0000000114000000| PB 0x0000000114000000| Untracked |  0
| 117|0x0000000115000000, 0x0000000115000000, 0x0000000116000000|  0%| F|  |TAMS 0x0000000115000000| PB 0x0000000115000000| Untracked |  0
| 118|0x0000000116000000, 0x0000000116000000, 0x0000000117000000|  0%| F|  |TAMS 0x0000000116000000| PB 0x0000000116000000| Untracked |  0
| 119|0x0000000117000000, 0x0000000117000000, 0x0000000118000000|  0%| F|  |TAMS 0x0000000117000000| PB 0x0000000117000000| Untracked |  0
| 120|0x0000000118000000, 0x0000000118000000, 0x0000000119000000|  0%| F|  |TAMS 0x0000000118000000| PB 0x0000000118000000| Untracked |  0
| 121|0x0000000119000000, 0x0000000119000000, 0x000000011a000000|  0%| F|  |TAMS 0x0000000119000000| PB 0x0000000119000000| Untracked |  0
| 122|0x000000011a000000, 0x000000011a000000, 0x000000011b000000|  0%| F|  |TAMS 0x000000011a000000| PB 0x000000011a000000| Untracked |  0
| 123|0x000000011b000000, 0x000000011b000000, 0x000000011c000000|  0%| F|  |TAMS 0x000000011b000000| PB 0x000000011b000000| Untracked |  0
| 124|0x000000011c000000, 0x000000011c000000, 0x000000011d000000|  0%| F|  |TAMS 0x000000011c000000| PB 0x000000011c000000| Untracked |  0
| 125|0x000000011d000000, 0x000000011d000000, 0x000000011e000000|  0%| F|  |TAMS 0x000000011d000000| PB 0x000000011d000000| Untracked |  0
| 126|0x000000011e000000, 0x000000011e000000, 0x000000011f000000|  0%| F|  |TAMS 0x000000011e000000| PB 0x000000011e000000| Untracked |  0
| 127|0x000000011f000000, 0x000000011f3d70c0, 0x0000000120000000| 24%| E|  |TAMS 0x000000011f000000| PB 0x000000011f000000| Complete |  0
|1887|0x00000007ff000000, 0x00000007ff11c2a0, 0x0000000800000000|  6%| O|  |TAMS 0x00000007ff000000| PB 0x00000007ff000000| Untracked |  0

Card table byte_map: [0x00007f2c18537000,0x00007f2c1c037000] _byte_map_base: 0x00007f2c18037000

Marking Bits: (CMBitMap*) 0x00007f2c3006de30
 Bits: [0x00007f2bfad37000, 0x00007f2c18537000)

Polling page: 0x00007f2c37177000

Metaspace:

Usage:
  Non-class:     50.32 KB used.
      Class:      3.82 KB used.
       Both:     54.14 KB used.

Virtual space:
  Non-class space:       64.00 MB reserved,     128.00 KB ( <1%) committed,  1 nodes.
      Class space:        1.00 GB reserved,     128.00 KB ( <1%) committed,  1 nodes.
             Both:        1.06 GB reserved,     256.00 KB ( <1%) committed. 

Chunk freelists:
   Non-Class:  12.00 MB
       Class:  15.75 MB
        Both:  27.74 MB

MaxMetaspaceSize: unlimited
CompressedClassSpaceSize: 1.00 GB
Initial GC threshold: 21.00 MB
Current GC threshold: 21.00 MB
CDS: on
 - commit_granule_bytes: 65536.
 - commit_granule_words: 8192.
 - virtual_space_node_default_size: 8388608.
 - enlarge_chunks_in_place: 1.
UseCompressedClassPointers 1, UseCompactObjectHeaders 0
Narrow klass pointer bits 32, Max shift 3
Narrow klass base: 0x00007f2b96000000, Narrow klass shift: 0
Encoding Range: [0x00007f2b96000000 - 0x00007f2c96000000), (4294967296 bytes)
Klass Range:    [0x00007f2b96000000 - 0x00007f2bd7000000), (1090519040 bytes)
Klass ID Range:  [8 - 1090519033) (1090519025)


Internal statistics:

num_allocs: 1139.
num_deallocs: 0.
num_allocs_from_deallocated_blocks: 0.
num_chunks_retired: 0.
num_allocs_failed_limit: 0.
num_arena_births: 4.
num_arena_deaths: 0.
num_vsnodes_births: 2.
num_vsnodes_deaths: 0.
num_space_committed: 4.
num_space_uncommitted: 0.
num_chunks_returned_to_freelist: 0.
num_chunks_taken_from_freelist: 5.
num_chunk_merges: 0.
num_chunk_splits: 3.
num_chunks_enlarged: 0.
num_inconsistent_stats: 0.

CodeCache: size=49152Kb used=1292Kb max_used=1301Kb free=47859Kb
 bounds [0x00007f2c2456d000, 0x00007f2c247dd000, 0x00007f2c2756d000]
 total_blobs=623, nmethods=3, adapters=571, full_count=0
Compilation: enabled, stopped_count=0, restarted_count=0

Compilation events (2 events):
Event: 21.537 Thread 0x00007f2c30312240    3 %  b        test::micro @ 14 (57 bytes)
Event: 43.884 Thread 0x00007f2c30312240 nmethod 3% 0x00007f2c246ad608 code [0x00007f2c246ad740, 0x00007f2c246adae0]

GC Heap History (0 events):
No events

Dll operation events (7 events):
Event: 19.984 Loaded shared library /home/jatinbha/sandboxes/jdk/jdk/build/linux-x86_64-server-slowdebug/images/jdk/lib/libjava.so
Event: 21.399 Loaded shared library /home/jatinbha/sandboxes/jdk/jdk/build/linux-x86_64-server-slowdebug/images/jdk/lib/libsimdsort.so
Event: 21.506 Loaded shared library /home/jatinbha/sandboxes/jdk/jdk/build/linux-x86_64-server-slowdebug/images/jdk/lib/libjsvml.so
Event: 43.884 Loading shared library /home/jatinbha/sandboxes/jdk/jdk/build/linux-x86_64-server-slowdebug/images/jdk/lib/server/libhsdis-amd64.so failed, /home/jatinbha/sandboxes/jdk/jdk/build/linux-x86_64-server-slowdebug/images/jdk/lib/server/libhsdis-amd64.so: canno
Event: 43.884 Loading shared library /home/jatinbha/sandboxes/jdk/jdk/build/linux-x86_64-server-slowdebug/images/jdk/lib/server/hsdis-amd64.so failed, /home/jatinbha/sandboxes/jdk/jdk/build/linux-x86_64-server-slowdebug/images/jdk/lib/server/hsdis-amd64.so: cannot open
Event: 43.884 Loading shared library /home/jatinbha/sandboxes/jdk/jdk/build/linux-x86_64-server-slowdebug/images/jdk/lib/hsdis-amd64.so failed, /home/jatinbha/sandboxes/jdk/jdk/build/linux-x86_64-server-slowdebug/images/jdk/lib/hsdis-amd64.so: cannot open shared object
Event: 44.018 Loaded shared library hsdis-amd64.so

Deoptimization events (0 events):
No events

Classes loaded (6 events):
Event: 21.521 Loading class jdk/internal/vm/PostVMInitHook
Event: 21.521 Loading class jdk/internal/vm/PostVMInitHook done
Event: 21.523 Loading class jdk/internal/loader/URLClassPath$FileLoader
Event: 21.524 Loading class jdk/internal/loader/URLClassPath$FileLoader done
Event: 21.525 Loading class jdk/internal/loader/URLClassPath$FileLoader$1
Event: 21.525 Loading class jdk/internal/loader/URLClassPath$FileLoader$1 done

Classes unloaded (0 events):
No events

Classes redefined (0 events):
No events

Internal exceptions (0 events):
No events

VM Operations (0 events):
No events

Memory protections (9 events):
Event: 19.869 Protecting memory [0x00007f2c340bd000,0x00007f2c340c1000] with protection modes 0
Event: 21.258 Protecting memory [0x00007f2be75b7000,0x00007f2be75bb000] with protection modes 0
Event: 21.259 Protecting memory [0x00007f2be74b6000,0x00007f2be74ba000] with protection modes 0
Event: 21.261 Protecting memory [0x00007f2be76b8000,0x00007f2be76bc000] with protection modes 0
Event: 21.261 Protecting memory [0x00007f2be77b9000,0x00007f2be77bd000] with protection modes 0
Event: 21.261 Protecting memory [0x00007f2be6cc2000,0x00007f2be6cc6000] with protection modes 0
Event: 21.261 Protecting memory [0x00007f2be6bc1000,0x00007f2be6bc5000] with protection modes 0
Event: 21.520 Protecting memory [0x00007f2be6955000,0x00007f2be6959000] with protection modes 0
Event: 21.530 Protecting memory [0x00007f2be6854000,0x00007f2be6858000] with protection modes 0

Nmethod flushes (0 events):
No events

Events (9 events):
Event: 21.029 Thread 0x00007f2c3002c0c0 Thread added: 0x00007f2c3002c0c0
Event: 21.258 Thread 0x00007f2c3002c0c0 Thread added: 0x00007f2c302fc4f0
Event: 21.259 Thread 0x00007f2c3002c0c0 Thread added: 0x00007f2c302fd3e0
Event: 21.261 Thread 0x00007f2c3002c0c0 Thread added: 0x00007f2c302fe690
Event: 21.261 Thread 0x00007f2c3002c0c0 Thread added: 0x00007f2c302ff9f0
Event: 21.261 Thread 0x00007f2c3002c0c0 Thread added: 0x00007f2c30300c10
Event: 21.261 Thread 0x00007f2c3002c0c0 Thread added: 0x00007f2c30312240
Event: 21.520 Thread 0x00007f2c3002c0c0 Thread added: 0x00007f2c30335a50
Event: 21.529 Thread 0x00007f2c3002c0c0 Thread added: 0x00007f2c3033ba20


Dynamic libraries:
a0000000-120000000 rw-p 00000000 00:00 0 
120000000-7ff000000 ---p 00000000 00:00 0 
7ff000000-7ff11d000 rw-p 00e1e000 08:02 25338052                         /home/jatinbha/sandboxes/jdk/jdk/build/linux-x86_64-server-slowdebug/images/jdk/lib/server/classes.jsa
7ff11d000-800000000 rw-p 00000000 00:00 0 
562407f72000-562407f73000 r--p 00000000 08:02 25314552                   /home/jatinbha/sandboxes/jdk/jdk/build/linux-x86_64-server-slowdebug/images/jdk/bin/java
562407f73000-562407f74000 r-xp 00001000 08:02 25314552                   /home/jatinbha/sandboxes/jdk/jdk/build/linux-x86_64-server-slowdebug/images/jdk/bin/java
562407f74000-562407f75000 r--p 00002000 08:02 25314552                   /home/jatinbha/sandboxes/jdk/jdk/build/linux-x86_64-server-slowdebug/images/jdk/bin/java
562407f75000-562407f76000 r--p 00002000 08:02 25314552                   /home/jatinbha/sandboxes/jdk/jdk/build/linux-x86_64-server-slowdebug/images/jdk/bin/java
562407f76000-562407f77000 rw-p 00003000 08:02 25314552                   /home/jatinbha/sandboxes/jdk/jdk/build/linux-x86_64-server-slowdebug/images/jdk/bin/java
562408be4000-562408c2a000 rw-p 00000000 00:00 0                          [heap]
7f2b68000000-7f2b68021000 rw-p 00000000 00:00 0 
7f2b68021000-7f2b6c000000 ---p 00000000 00:00 0 
7f2b70000000-7f2b70154000 rw-p 00000000 00:00 0 
7f2b70154000-7f2b74000000 ---p 00000000 00:00 0 
7f2b74000000-7f2b74021000 rw-p 00000000 00:00 0 
7f2b74021000-7f2b78000000 ---p 00000000 00:00 0 
7f2b78000000-7f2b78021000 rw-p 00000000 00:00 0 
7f2b78021000-7f2b7c000000 ---p 00000000 00:00 0 
7f2b7c000000-7f2b7c021000 rw-p 00000000 00:00 0 
7f2b7c021000-7f2b80000000 ---p 00000000 00:00 0 
7f2b80000000-7f2b80021000 rw-p 00000000 00:00 0 
7f2b80021000-7f2b84000000 ---p 00000000 00:00 0 
7f2b84000000-7f2b84021000 rw-p 00000000 00:00 0 
7f2b84021000-7f2b88000000 ---p 00000000 00:00 0 
7f2b88000000-7f2b88021000 rw-p 00000000 00:00 0 
7f2b88021000-7f2b8c000000 ---p 00000000 00:00 0 
7f2b8c000000-7f2b8c010000 rw-p 00000000 00:00 0 
7f2b8c010000-7f2b8c400000 ---p 00000000 00:00 0 
7f2b8c400000-7f2b8c410000 rw-p 00000000 00:00 0 
7f2b8c410000-7f2b90000000 ---p 00000000 00:00 0 
7f2b90000000-7f2b90021000 rw-p 00000000 00:00 0 
7f2b90021000-7f2b94000000 ---p 00000000 00:00 0 
7f2b96000000-7f2b96de8000 rw-p 00001000 08:02 25338052                   /home/jatinbha/sandboxes/jdk/jdk/build/linux-x86_64-server-slowdebug/images/jdk/lib/server/classes.jsa
7f2b96de8000-7f2b97000000 ---p 00000000 00:00 0 
7f2b97000000-7f2b97010000 rw-p 00000000 00:00 0 
7f2b97010000-7f2b97040000 ---p 00000000 00:00 0 
7f2b97040000-7f2b97050000 rw-p 00000000 00:00 0 
7f2b97050000-7f2bd7000000 ---p 00000000 00:00 0 
7f2bd7174000-7f2bd8000000 rw-p 00000000 00:00 0 
7f2bd8000000-7f2bd8021000 rw-p 00000000 00:00 0 
7f2bd8021000-7f2bdc000000 ---p 00000000 00:00 0 
7f2bdc000000-7f2bdc021000 rw-p 00000000 00:00 0 
7f2bdc021000-7f2be0000000 ---p 00000000 00:00 0 
7f2be0000000-7f2be0021000 rw-p 00000000 00:00 0 
7f2be0021000-7f2be4000000 ---p 00000000 00:00 0 
7f2be465c000-7f2be6423000 rw-p 00000000 00:00 0 
7f2be6423000-7f2be6579000 r-xp 00000000 08:02 21765380                   /home/jatinbha/softwares/hsdis-amd64.so
7f2be6579000-7f2be6779000 ---p 00156000 08:02 21765380                   /home/jatinbha/softwares/hsdis-amd64.so
7f2be6779000-7f2be6848000 r--p 00156000 08:02 21765380                   /home/jatinbha/softwares/hsdis-amd64.so
7f2be6848000-7f2be684f000 rw-p 00225000 08:02 21765380                   /home/jatinbha/softwares/hsdis-amd64.so
7f2be684f000-7f2be6854000 rw-p 00000000 00:00 0 
7f2be6854000-7f2be6858000 ---p 00000000 00:00 0 
7f2be6858000-7f2be6955000 rw-p 00000000 00:00 0 
7f2be6955000-7f2be6959000 ---p 00000000 00:00 0 
7f2be6959000-7f2be6a56000 rw-p 00000000 00:00 0 
7f2be6a56000-7f2be6a5a000 r--p 00000000 08:02 25320582                   /home/jatinbha/sandboxes/jdk/jdk/build/linux-x86_64-server-slowdebug/images/jdk/lib/libjsvml.so
7f2be6a5a000-7f2be6a9b000 r-xp 00004000 08:02 25320582                   /home/jatinbha/sandboxes/jdk/jdk/build/linux-x86_64-server-slowdebug/images/jdk/lib/libjsvml.so
7f2be6a9b000-7f2be6b24000 r--p 00045000 08:02 25320582                   /home/jatinbha/sandboxes/jdk/jdk/build/linux-x86_64-server-slowdebug/images/jdk/lib/libjsvml.so
7f2be6b24000-7f2be6b25000 r--p 000cd000 08:02 25320582                   /home/jatinbha/sandboxes/jdk/jdk/build/linux-x86_64-server-slowdebug/images/jdk/lib/libjsvml.so
7f2be6b25000-7f2be6b26000 rw-p 000ce000 08:02 25320582                   /home/jatinbha/sandboxes/jdk/jdk/build/linux-x86_64-server-slowdebug/images/jdk/lib/libjsvml.so
7f2be6b26000-7f2be6b29000 r--p 00000000 08:02 25320036                   /home/jatinbha/sandboxes/jdk/jdk/build/linux-x86_64-server-slowdebug/images/jdk/lib/libsimdsort.so
7f2be6b29000-7f2be6bae000 r-xp 00003000 08:02 25320036                   /home/jatinbha/sandboxes/jdk/jdk/build/linux-x86_64-server-slowdebug/images/jdk/lib/libsimdsort.so
7f2be6bae000-7f2be6bbf000 r--p 00088000 08:02 25320036                   /home/jatinbha/sandboxes/jdk/jdk/build/linux-x86_64-server-slowdebug/images/jdk/lib/libsimdsort.so
7f2be6bbf000-7f2be6bc0000 r--p 00098000 08:02 25320036                   /home/jatinbha/sandboxes/jdk/jdk/build/linux-x86_64-server-slowdebug/images/jdk/lib/libsimdsort.so
7f2be6bc0000-7f2be6bc1000 rw-p 00099000 08:02 25320036                   /home/jatinbha/sandboxes/jdk/jdk/build/linux-x86_64-server-slowdebug/images/jdk/lib/libsimdsort.so
7f2be6bc1000-7f2be6bc5000 ---p 00000000 00:00 0 
7f2be6bc5000-7f2be6cc2000 rw-p 00000000 00:00 0 
7f2be6cc2000-7f2be6cc6000 ---p 00000000 00:00 0 
7f2be6cc6000-7f2be6dc3000 rw-p 00000000 00:00 0 
7f2be6dc3000-7f2be7333000 r--p 00000000 08:02 7078745                    /usr/lib/locale/locale-archive
7f2be7333000-7f2be73b4000 rw-p 00000000 00:00 0 
7f2be73b4000-7f2be73b5000 ---p 00000000 00:00 0 
7f2be73b5000-7f2be74b5000 rw-p 00000000 00:00 0 
7f2be74b5000-7f2be74b6000 ---p 00000000 00:00 0 
7f2be74b6000-7f2be74ba000 ---p 00000000 00:00 0 
7f2be74ba000-7f2be75b6000 rw-p 00000000 00:00 0 
7f2be75b6000-7f2be75b7000 ---p 00000000 00:00 0 
7f2be75b7000-7f2be75bb000 ---p 00000000 00:00 0 
7f2be75bb000-7f2be76b7000 rw-p 00000000 00:00 0 
7f2be76b7000-7f2be76b8000 ---p 00000000 00:00 0 
7f2be76b8000-7f2be76bc000 ---p 00000000 00:00 0 
7f2be76bc000-7f2be77b8000 rw-p 00000000 00:00 0 
7f2be77b8000-7f2be77b9000 ---p 00000000 00:00 0 
7f2be77b9000-7f2be77bd000 ---p 00000000 00:00 0 
7f2be77bd000-7f2be78b9000 rw-p 00000000 00:00 0 
7f2be78b9000-7f2be78ba000 ---p 00000000 00:00 0 
7f2be78ba000-7f2be79ba000 rw-p 00000000 00:00 0 
7f2be79ba000-7f2be79bb000 ---p 00000000 00:00 0 
7f2be79bb000-7f2be7abb000 rw-p 00000000 00:00 0 
7f2be7abb000-7f2be7abc000 ---p 00000000 00:00 0 
7f2be7abc000-7f2bec000000 rw-p 00000000 00:00 0 
7f2bec000000-7f2bec021000 rw-p 00000000 00:00 0 
7f2bec021000-7f2bf0000000 ---p 00000000 00:00 0 
7f2bf0000000-7f2bf0021000 rw-p 00000000 00:00 0 
7f2bf0021000-7f2bf4000000 ---p 00000000 00:00 0 
7f2bf4000000-7f2bf4021000 rw-p 00000000 00:00 0 
7f2bf4021000-7f2bf8000000 ---p 00000000 00:00 0 
7f2bf8026000-7f2bf802d000 r--s 00000000 08:02 7736501                    /usr/lib/x86_64-linux-gnu/gconv/gconv-modules.cache
7f2bf802d000-7f2bfa5ce000 rw-p 00000000 00:00 0 
7f2bfa5ce000-7f2bfa5cf000 ---p 00000000 00:00 0 
7f2bfa5cf000-7f2bfa6cf000 rw-p 00000000 00:00 0 
7f2bfa6cf000-7f2bfa6d0000 ---p 00000000 00:00 0 
7f2bfa6d0000-7f2bfa7d0000 rw-p 00000000 00:00 0 
7f2bfa7d0000-7f2bfa7d1000 ---p 00000000 00:00 0 
7f2bfa7d1000-7f2bfcd37000 rw-p 00000000 00:00 0 
7f2bfcd37000-7f2c184f7000 ---p 00000000 00:00 0 
7f2c184f7000-7f2c18937000 rw-p 00000000 00:00 0 
7f2c18937000-7f2c1c02f000 ---p 00000000 00:00 0 
7f2c1c02f000-7f2c1c437000 rw-p 00000000 00:00 0 
7f2c1c437000-7f2c1fb2f000 ---p 00000000 00:00 0 
7f2c1fb2f000-7f2c2456d000 rw-p 00000000 00:00 0 
7f2c2456d000-7f2c247dd000 rwxp 00000000 00:00 0 
7f2c247dd000-7f2c2756d000 ---p 00000000 00:00 0 
7f2c2756d000-7f2c30000000 r--s 00000000 08:02 25297344                   /home/jatinbha/sandboxes/jdk/jdk/build/linux-x86_64-server-slowdebug/images/jdk/lib/modules
7f2c30000000-7f2c3033f000 rw-p 00000000 00:00 0 
7f2c3033f000-7f2c34000000 ---p 00000000 00:00 0 
7f2c34003000-7f2c34008000 rw-p 00000000 00:00 0 
7f2c34008000-7f2c34063000 ---p 00000000 00:00 0 
7f2c34063000-7f2c3406f000 r--p 00000000 08:02 25320007                   /home/jatinbha/sandboxes/jdk/jdk/build/linux-x86_64-server-slowdebug/images/jdk/lib/libjava.so
7f2c3406f000-7f2c34086000 r-xp 0000c000 08:02 25320007                   /home/jatinbha/sandboxes/jdk/jdk/build/linux-x86_64-server-slowdebug/images/jdk/lib/libjava.so
7f2c34086000-7f2c3408c000 r--p 00023000 08:02 25320007                   /home/jatinbha/sandboxes/jdk/jdk/build/linux-x86_64-server-slowdebug/images/jdk/lib/libjava.so
7f2c3408c000-7f2c3408d000 r--p 00028000 08:02 25320007                   /home/jatinbha/sandboxes/jdk/jdk/build/linux-x86_64-server-slowdebug/images/jdk/lib/libjava.so
7f2c3408d000-7f2c3408f000 rw-p 00029000 08:02 25320007                   /home/jatinbha/sandboxes/jdk/jdk/build/linux-x86_64-server-slowdebug/images/jdk/lib/libjava.so
7f2c3408f000-7f2c34097000 rw-s 00000000 08:02 3670970                    /tmp/hsperfdata_intel/3760816
7f2c34097000-7f2c3409b000 r--p 00000000 08:02 25320008                   /home/jatinbha/sandboxes/jdk/jdk/build/linux-x86_64-server-slowdebug/images/jdk/lib/libjimage.so
7f2c3409b000-7f2c340b2000 r-xp 00004000 08:02 25320008                   /home/jatinbha/sandboxes/jdk/jdk/build/linux-x86_64-server-slowdebug/images/jdk/lib/libjimage.so
7f2c340b2000-7f2c340b9000 r--p 0001b000 08:02 25320008                   /home/jatinbha/sandboxes/jdk/jdk/build/linux-x86_64-server-slowdebug/images/jdk/lib/libjimage.so
7f2c340b9000-7f2c340ba000 ---p 00022000 08:02 25320008                   /home/jatinbha/sandboxes/jdk/jdk/build/linux-x86_64-server-slowdebug/images/jdk/lib/libjimage.so
7f2c340ba000-7f2c340bc000 r--p 00022000 08:02 25320008                   /home/jatinbha/sandboxes/jdk/jdk/build/linux-x86_64-server-slowdebug/images/jdk/lib/libjimage.so
7f2c340bc000-7f2c340bd000 rw-p 00024000 08:02 25320008                   /home/jatinbha/sandboxes/jdk/jdk/build/linux-x86_64-server-slowdebug/images/jdk/lib/libjimage.so
7f2c340bd000-7f2c340c1000 ---p 00000000 00:00 0 
7f2c340c1000-7f2c341be000 rw-p 00000000 00:00 0 
7f2c341be000-7f2c341cd000 r--p 00000000 08:02 7080075                    /usr/lib/x86_64-linux-gnu/libm-2.31.so
7f2c341cd000-7f2c34274000 r-xp 0000f000 08:02 7080075                    /usr/lib/x86_64-linux-gnu/libm-2.31.so
7f2c34274000-7f2c3430b000 r--p 000b6000 08:02 7080075                    /usr/lib/x86_64-linux-gnu/libm-2.31.so
7f2c3430b000-7f2c3430c000 r--p 0014c000 08:02 7080075                    /usr/lib/x86_64-linux-gnu/libm-2.31.so
7f2c3430c000-7f2c3430d000 rw-p 0014d000 08:02 7080075                    /usr/lib/x86_64-linux-gnu/libm-2.31.so
7f2c3430d000-7f2c34310000 r--p 00000000 08:02 7080092                    /usr/lib/x86_64-linux-gnu/librt-2.31.so
7f2c34310000-7f2c34314000 r-xp 00003000 08:02 7080092                    /usr/lib/x86_64-linux-gnu/librt-2.31.so
7f2c34314000-7f2c34315000 r--p 00007000 08:02 7080092                    /usr/lib/x86_64-linux-gnu/librt-2.31.so
7f2c34315000-7f2c34316000 ---p 00008000 08:02 7080092                    /usr/lib/x86_64-linux-gnu/librt-2.31.so
7f2c34316000-7f2c34317000 r--p 00008000 08:02 7080092                    /usr/lib/x86_64-linux-gnu/librt-2.31.so
7f2c34317000-7f2c34318000 rw-p 00009000 08:02 7080092                    /usr/lib/x86_64-linux-gnu/librt-2.31.so
7f2c34318000-7f2c34732000 r--p 00000000 08:02 25320094                   /home/jatinbha/sandboxes/jdk/jdk/build/linux-x86_64-server-slowdebug/images/jdk/lib/server/libjvm.so
7f2c34732000-7f2c35cb7000 r-xp 0041a000 08:02 25320094                   /home/jatinbha/sandboxes/jdk/jdk/build/linux-x86_64-server-slowdebug/images/jdk/lib/server/libjvm.so
7f2c35cb7000-7f2c36cd8000 r--p 0199f000 08:02 25320094                   /home/jatinbha/sandboxes/jdk/jdk/build/linux-x86_64-server-slowdebug/images/jdk/lib/server/libjvm.so
7f2c36cd8000-7f2c36cd9000 ---p 029c0000 08:02 25320094                   /home/jatinbha/sandboxes/jdk/jdk/build/linux-x86_64-server-slowdebug/images/jdk/lib/server/libjvm.so
7f2c36cd9000-7f2c36de5000 r--p 029c0000 08:02 25320094                   /home/jatinbha/sandboxes/jdk/jdk/build/linux-x86_64-server-slowdebug/images/jdk/lib/server/libjvm.so
7f2c36de5000-7f2c36e63000 rw-p 02acc000 08:02 25320094                   /home/jatinbha/sandboxes/jdk/jdk/build/linux-x86_64-server-slowdebug/images/jdk/lib/server/libjvm.so
7f2c36e63000-7f2c36f2c000 rw-p 00000000 00:00 0 
7f2c36f2c000-7f2c36f33000 r--p 00000000 08:02 7080090                    /usr/lib/x86_64-linux-gnu/libpthread-2.31.so
7f2c36f33000-7f2c36f44000 r-xp 00007000 08:02 7080090                    /usr/lib/x86_64-linux-gnu/libpthread-2.31.so
7f2c36f44000-7f2c36f49000 r--p 00018000 08:02 7080090                    /usr/lib/x86_64-linux-gnu/libpthread-2.31.so
7f2c36f49000-7f2c36f4a000 r--p 0001c000 08:02 7080090                    /usr/lib/x86_64-linux-gnu/libpthread-2.31.so
7f2c36f4a000-7f2c36f4b000 rw-p 0001d000 08:02 7080090                    /usr/lib/x86_64-linux-gnu/libpthread-2.31.so
7f2c36f4b000-7f2c36f4f000 rw-p 00000000 00:00 0 
7f2c36f4f000-7f2c36f50000 r--p 00000000 08:02 7080074                    /usr/lib/x86_64-linux-gnu/libdl-2.31.so
7f2c36f50000-7f2c36f52000 r-xp 00001000 08:02 7080074                    /usr/lib/x86_64-linux-gnu/libdl-2.31.so
7f2c36f52000-7f2c36f53000 r--p 00003000 08:02 7080074                    /usr/lib/x86_64-linux-gnu/libdl-2.31.so
7f2c36f53000-7f2c36f54000 r--p 00003000 08:02 7080074                    /usr/lib/x86_64-linux-gnu/libdl-2.31.so
7f2c36f54000-7f2c36f55000 rw-p 00004000 08:02 7080074                    /usr/lib/x86_64-linux-gnu/libdl-2.31.so
7f2c36f55000-7f2c36f57000 r--p 00000000 08:02 7078082                    /usr/lib/x86_64-linux-gnu/libz.so.1.2.11
7f2c36f57000-7f2c36f68000 r-xp 00002000 08:02 7078082                    /usr/lib/x86_64-linux-gnu/libz.so.1.2.11
7f2c36f68000-7f2c36f6e000 r--p 00013000 08:02 7078082                    /usr/lib/x86_64-linux-gnu/libz.so.1.2.11
7f2c36f6e000-7f2c36f6f000 ---p 00019000 08:02 7078082                    /usr/lib/x86_64-linux-gnu/libz.so.1.2.11
7f2c36f6f000-7f2c36f70000 r--p 00019000 08:02 7078082                    /usr/lib/x86_64-linux-gnu/libz.so.1.2.11
7f2c36f70000-7f2c36f71000 rw-p 0001a000 08:02 7078082                    /usr/lib/x86_64-linux-gnu/libz.so.1.2.11
7f2c36f71000-7f2c36f96000 r--p 00000000 08:02 7080073                    /usr/lib/x86_64-linux-gnu/libc-2.31.so
7f2c36f96000-7f2c3710e000 r-xp 00025000 08:02 7080073                    /usr/lib/x86_64-linux-gnu/libc-2.31.so
7f2c3710e000-7f2c37158000 r--p 0019d000 08:02 7080073                    /usr/lib/x86_64-linux-gnu/libc-2.31.so
7f2c37158000-7f2c37159000 ---p 001e7000 08:02 7080073                    /usr/lib/x86_64-linux-gnu/libc-2.31.so
7f2c37159000-7f2c3715c000 r--p 001e7000 08:02 7080073                    /usr/lib/x86_64-linux-gnu/libc-2.31.so
7f2c3715c000-7f2c3715f000 rw-p 001ea000 08:02 7080073                    /usr/lib/x86_64-linux-gnu/libc-2.31.so
7f2c3715f000-7f2c37163000 rw-p 00000000 00:00 0 
7f2c37163000-7f2c37166000 r--p 00000000 08:02 7080081                    /usr/lib/x86_64-linux-gnu/libnss_files-2.31.so
7f2c37166000-7f2c3716d000 r-xp 00003000 08:02 7080081                    /usr/lib/x86_64-linux-gnu/libnss_files-2.31.so
7f2c3716d000-7f2c3716f000 r--p 0000a000 08:02 7080081                    /usr/lib/x86_64-linux-gnu/libnss_files-2.31.so
7f2c3716f000-7f2c37170000 r--p 0000b000 08:02 7080081                    /usr/lib/x86_64-linux-gnu/libnss_files-2.31.so
7f2c37170000-7f2c37171000 rw-p 0000c000 08:02 7080081                    /usr/lib/x86_64-linux-gnu/libnss_files-2.31.so
7f2c37171000-7f2c37177000 rw-p 00000000 00:00 0 
7f2c37177000-7f2c37178000 ---p 00000000 00:00 0 
7f2c37178000-7f2c37179000 r--p 00000000 00:00 0 
7f2c37179000-7f2c3717c000 r--p 00000000 08:02 25320011                   /home/jatinbha/sandboxes/jdk/jdk/build/linux-x86_64-server-slowdebug/images/jdk/lib/libjli.so
7f2c3717c000-7f2c3718a000 r-xp 00003000 08:02 25320011                   /home/jatinbha/sandboxes/jdk/jdk/build/linux-x86_64-server-slowdebug/images/jdk/lib/libjli.so
7f2c3718a000-7f2c3718e000 r--p 00011000 08:02 25320011                   /home/jatinbha/sandboxes/jdk/jdk/build/linux-x86_64-server-slowdebug/images/jdk/lib/libjli.so
7f2c3718e000-7f2c3718f000 r--p 00014000 08:02 25320011                   /home/jatinbha/sandboxes/jdk/jdk/build/linux-x86_64-server-slowdebug/images/jdk/lib/libjli.so
7f2c3718f000-7f2c37190000 rw-p 00015000 08:02 25320011                   /home/jatinbha/sandboxes/jdk/jdk/build/linux-x86_64-server-slowdebug/images/jdk/lib/libjli.so
7f2c37190000-7f2c37192000 rw-p 00000000 00:00 0 
7f2c37192000-7f2c37193000 r--p 00000000 08:02 7080069                    /usr/lib/x86_64-linux-gnu/ld-2.31.so
7f2c37193000-7f2c371b6000 r-xp 00001000 08:02 7080069                    /usr/lib/x86_64-linux-gnu/ld-2.31.so
7f2c371b6000-7f2c371be000 r--p 00024000 08:02 7080069                    /usr/lib/x86_64-linux-gnu/ld-2.31.so
7f2c371be000-7f2c371bf000 rwxp 00000000 00:00 0 
7f2c371bf000-7f2c371c0000 r--p 0002c000 08:02 7080069                    /usr/lib/x86_64-linux-gnu/ld-2.31.so
7f2c371c0000-7f2c371c1000 rw-p 0002d000 08:02 7080069                    /usr/lib/x86_64-linux-gnu/ld-2.31.so
7f2c371c1000-7f2c371c2000 rw-p 00000000 00:00 0 
7ffc44d45000-7ffc44d66000 rw-p 00000000 00:00 0                          [stack]
7ffc44dc7000-7ffc44dcb000 r--p 00000000 00:00 0                          [vvar]
7ffc44dcb000-7ffc44dcd000 r-xp 00000000 00:00 0                          [vdso]
ffffffffff600000-ffffffffff601000 --xp 00000000 00:00 0                  [vsyscall]
Total number of mappings: 199

JVMTI agents: none


VM Arguments:
jvm_args: -XX:+PauseAtStartup -Xbatch -XX:CompileCommand=compileonly,test::micro -XX:CompileCommand=Print,test::micro -XX:-TieredCompilation 
java_command: test
java_class_path (initial): .
Launcher Type: SUN_STANDARD

[Global flags]
     bool AOTInvokeDynamicLinking                  = false                                  {diagnostic} {ergonomic}     AOT-link JVM_CONSTANT_InvokeDynamic entries in cached ConstantPools
     bool BackgroundCompilation                    = false                                  {pd product} {command line}  A thread requesting compilation is not blocked during compilation
     intx CICompilerCount                          = 18                                        {product} {ergonomic}     Number of compiler threads to run
ccstrlist CompileCommand                           = compileonly,test::micro
          CompileCommand                          += Print,test::micro                         {product} {command line}  Prepend to .hotspot_compiler; e.g. log,java/lang/String.<init>
     uint ConcGCThreads                            = 18                                        {product} {ergonomic}     Number of threads concurrent gc will use
     uint G1ConcRefinementThreads                  = 73                                        {product} {ergonomic}     The number of parallel remembered set update threads. Will be set ergonomically by default.
   size_t G1HeapRegionSize                         = 16777216                                  {product} {ergonomic}     Size of the G1 regions.
   size_t InitialHeapSize                          = 2147483648                                {product} {ergonomic}     Initial heap size (in bytes); zero means use ergonomics
   size_t MarkStackSize                            = 4194304                                   {product} {ergonomic}     Size of marking stack in bytes.
   size_t MarkStackSizeMax                         = 536870912                                 {product} {ergonomic}     Maximum size of marking stack in bytes.
   size_t MaxHeapSize                              = 31675383808                               {product} {ergonomic}     Maximum heap size (in bytes)
   size_t MaxNewSize                               = 18991808512                               {product} {ergonomic}     Maximum new generation size (in bytes), max_uintx means set ergonomically
   size_t MinHeapDeltaBytes                        = 16777216                                  {product} {ergonomic}     The minimum change in heap space due to GC (in bytes)
   size_t MinHeapSize                              = 16777216                                  {product} {ergonomic}     Minimum heap size (in bytes); zero means use ergonomics
    uintx NonNMethodCodeHeapSize                   = 4096                                   {pd product} {ergonomic}     Size of code heap with non-nmethods (in bytes)
    uintx NonProfiledCodeHeapSize                  = 0                                      {pd product} {ergonomic}     Size of code heap with non-profiled methods (in bytes)
     bool PauseAtStartup                           = true                                   {diagnostic} {command line}  Causes the VM to pause at startup time and wait for the pause file to be removed (default: ./vm.paused.<pid>)
    uintx ProfiledCodeHeapSize                     = 0                                      {pd product} {ergonomic}     Size of code heap with profiled methods (in bytes)
   size_t SoftMaxHeapSize                          = 31675383808                            {manageable} {ergonomic}     Soft limit for maximum heap size (in bytes)
     bool THPStackMitigation                       = false                                  {diagnostic} {ergonomic}     If THPs are unconditionally enabled on the system (mode "always"), the JVM will prevent THP from forming in thread stacks. When disabled, the absence of this mitigationallows THPs to form in thread stacks.
     bool TieredCompilation                        = false                                  {pd product} {command line}  Enable tiered compilation
     bool UseCompressedOops                        = true                           {product lp64_product} {ergonomic}   Use 32-bit object references in 64-bit VM. lp64_product means flag is always constant in 32 bit VM
     bool UseG1GC                                  = true                                      {product} {ergonomic}     Use the Garbage-First garbage collector

Logging:
Log output configuration:
 #0: stdout all=warning uptime,level,tags foldmultilines=false
 #1: stderr all=off uptime,level,tags foldmultilines=false

Environment Variables:
JAVA_HOME=/home/jatinbha/sandboxes/jdk/jdk/build/linux-x86_64-server-slowdebug/images/jdk/
PATH=/home/jatinbha/sandboxes/jdk/jdk/build/linux-x86_64-server-slowdebug/images/jdk//bin:/home/jatinbha/.local/bin:/home/jatinbha/bin:/home/jatinbha/softwares/jextract-22:/home/jatinbha/softwares/cmake-3.28.3-linux-x86_64/bin:/home/jatinbha/softwares/cmake-3.26.3-linux-x86_64/bin:/home/jatinbha/softwares/jdk-17.0.2//bin:/home/jatinbha/softwares/thrift-0.16.0/bin:/home/jatinbha/softwares/jdk8u322-b06//bin:/home/jatinbha/softwares/jdk-17//bin:/home/jatinbha/softwares/apache-maven-3.6.3/bin:/home/jatinbha/sandboxes/skara/build/bin:/usr/local/sbin:/usr/local/bin:/usr/sbin:/usr/bin:/sbin:/bin:/usr/games:/usr/local/games:/snap/bin
LD_LIBRARY_PATH=/home/jatinbha/softwares:
SHELL=/bin/bash
LANG=en_IN
TERM=xterm-256color

Active Locale:
LC_ALL=en_IN
LC_COLLATE=en_IN
LC_CTYPE=en_IN
LC_MESSAGES=en_IN
LC_MONETARY=en_IN
LC_NUMERIC=en_IN
LC_TIME=en_IN

Signal Handlers:
   SIGSEGV: crash_handler in libjvm.so, mask=11100100010111111101111111111110, flags=SA_RESTART|SA_SIGINFO, unblocked
    SIGBUS: crash_handler in libjvm.so, mask=11100100010111111101111111111110, flags=SA_RESTART|SA_SIGINFO, unblocked
    SIGFPE: crash_handler in libjvm.so, mask=11100100010111111101111111111110, flags=SA_RESTART|SA_SIGINFO, unblocked
   SIGPIPE: javaSignalHandler in libjvm.so, mask=11100100010111111101111111111110, flags=SA_RESTART|SA_SIGINFO, unblocked
   SIGXFSZ: javaSignalHandler in libjvm.so, mask=11100100010111111101111111111110, flags=SA_RESTART|SA_SIGINFO, unblocked
    SIGILL: crash_handler in libjvm.so, mask=11100100010111111101111111111110, flags=SA_RESTART|SA_SIGINFO, unblocked
   SIGUSR2: SR_handler in libjvm.so, mask=00000000000000000000000000000000, flags=SA_RESTART|SA_SIGINFO, unblocked
    SIGHUP: UserHandler in libjvm.so, mask=11100100010111111101111111111110, flags=SA_RESTART|SA_SIGINFO, unblocked
    SIGINT: UserHandler in libjvm.so, mask=11100100010111111101111111111110, flags=SA_RESTART|SA_SIGINFO, unblocked
   SIGTERM: UserHandler in libjvm.so, mask=11100100010111111101111111111110, flags=SA_RESTART|SA_SIGINFO, unblocked
   SIGQUIT: UserHandler in libjvm.so, mask=11100100010111111101111111111110, flags=SA_RESTART|SA_SIGINFO, blocked
   SIGTRAP: crash_handler in libjvm.so, mask=11100100010111111101111111111110, flags=SA_RESTART|SA_SIGINFO, unblocked


Native Memory Tracking:

(Omitting categories weighting less than 1KB)

Total: reserved=32971954KB, committed=2410922KB
       malloc: 201526KB #20845, peak=201288KB #20847
       mmap:   reserved=32770428KB, committed=2209396KB

-                 Java Heap (reserved=30932992KB, committed=2113536KB)
                            (mmap: reserved=30932992KB, committed=2113536KB, at peak)

-                     Class (reserved=1048636KB, committed=188KB)
                            (classes #503)
                            (  instance classes #410, array classes #93)
                            (malloc=60KB #522) (peak=60KB #522)
                            (mmap: reserved=1048576KB, committed=128KB, at peak)
                            (  Metadata:   )
                            (    reserved=65536KB, committed=128KB)
                            (    used=50KB)
                            (    waste=78KB =60.69%)
                            (  Class space:)
                            (    reserved=1048576KB, committed=128KB)
                            (    used=4KB)
                            (    waste=124KB =97.02%)

-                    Thread (reserved=16455KB, committed=779KB)
                            (threads #16)
                            (stack: reserved=16404KB, committed=728KB, peak=728KB)
                            (malloc=33KB #99) (peak=41KB #103)
                            (arena=18KB #30) (peak=79KB #26)

-                      Code (reserved=49844KB, committed=2824KB)
                            (malloc=308KB #9754) (peak=308KB #9759)
                            (mmap: reserved=49536KB, committed=2516KB, at peak)
                            (arena=1KB #1) (peak=34KB #2)

-                        GC (reserved=793395KB, committed=230515KB)
                            (malloc=152439KB #1160) (at peak)
                            (mmap: reserved=640956KB, committed=78076KB, at peak)

-                  Compiler (reserved=1265KB, committed=1265KB)
                            (malloc=66KB #34) (at peak)
                            (arena=1199KB #10) (peak=1705KB #10)

-                  Internal (reserved=45811KB, committed=45811KB)
                            (malloc=45775KB #7601) (peak=45775KB #7602)
                            (mmap: reserved=36KB, committed=36KB, at peak)

-                    Symbol (reserved=1130KB, committed=1130KB)
                            (malloc=770KB #31) (at peak)
                            (arena=360KB #1) (at peak)

-    Native Memory Tracking (reserved=372KB, committed=372KB)
                            (malloc=6KB #59) (at peak)
                            (arena=0KB #0) (peak=128KB #1)
                            (tracking overhead=366KB)

-        Shared class space (reserved=16384KB, committed=14240KB, readonly=0KB)
                            (mmap: reserved=16384KB, committed=14240KB, peak=14452KB)

-               Arena Chunk (reserved=1KB, committed=1KB)
                            (malloc=1KB #77) (peak=2278KB #81)

-                    Module (reserved=67KB, committed=67KB)
                            (malloc=67KB #1261) (at peak)

-                 Safepoint (reserved=8KB, committed=8KB)
                            (mmap: reserved=8KB, committed=8KB, at peak)

-           Synchronization (reserved=27KB, committed=27KB)
                            (malloc=27KB #198) (at peak)

-            Serviceability (reserved=17KB, committed=17KB)
                            (malloc=17KB #10) (peak=17KB #14)

-                 Metaspace (reserved=65548KB, committed=140KB)
                            (malloc=12KB #8) (at peak)
                            (mmap: reserved=65536KB, committed=128KB, at peak)

-      String Deduplication (reserved=1KB, committed=1KB)
                            (malloc=1KB #8) (at peak)

Preinit state:entries: 386 (primary: 386, empties: 7805), sum bytes: 14522, longest chain length: 1
pre-init mallocs: 445, pre-init reallocs: 4, pre-init frees: 59
MallocLimit: unset

Periodic native trim disabled

---------------  S Y S T E M  ---------------

OS:
DISTRIB_ID=Ubuntu
DISTRIB_RELEASE=20.04
DISTRIB_CODENAME=focal
DISTRIB_DESCRIPTION="Ubuntu 20.04.2 LTS"
uname: Linux intel-S2600WFT 5.8.0-41-generic #46~20.04.1-Ubuntu SMP Mon Jan 18 17:52:23 UTC 2021 x86_64
OS uptime: 69 days 5:05 hours
libc: glibc 2.31 NPTL 2.31 
rlimit (soft/hard): STACK 8192k/infinity , CORE 0k/infinity , NPROC 3090646/3090646 , NOFILE 1048576/1048576 , AS infinity/infinity , CPU infinity/infinity , DATA infinity/infinity , FSIZE infinity/infinity , MEMLOCK 65536k/65536k
load average: 2.44 2.77 2.61

/proc/meminfo:
MemTotal:       791263980 kB
MemFree:        658303488 kB
MemAvailable:   780174316 kB
Buffers:         6741372 kB
Cached:         108569384 kB
SwapCached:            0 kB
Active:         72198184 kB
Inactive:       46464148 kB
Active(anon):    3348224 kB
Inactive(anon):     7024 kB
Active(file):   68849960 kB
Inactive(file): 46457124 kB
Unevictable:           0 kB
Mlocked:               0 kB
SwapTotal:       2097148 kB
SwapFree:        2097148 kB
Dirty:               576 kB
Writeback:             0 kB
AnonPages:       3351796 kB
Mapped:           445428 kB
Shmem:              9832 kB
KReclaimable:   11617924 kB
Slab:           12937720 kB
SReclaimable:   11617924 kB
SUnreclaim:      1319796 kB
KernelStack:       28256 kB
PageTables:        20296 kB
NFS_Unstable:          0 kB
Bounce:                0 kB
WritebackTmp:          0 kB
CommitLimit:    397729136 kB
Committed_AS:   17310092 kB
VmallocTotal:   34359738367 kB
VmallocUsed:      465740 kB
VmallocChunk:          0 kB
Percpu:           292992 kB
HardwareCorrupted:     0 kB
AnonHugePages:         0 kB
ShmemHugePages:        0 kB
ShmemPmdMapped:        0 kB
FileHugePages:         0 kB
FilePmdMapped:         0 kB
HugePages_Total:       0
HugePages_Free:        0
HugePages_Rsvd:        0
HugePages_Surp:        0
Hugepagesize:       2048 kB
Hugetlb:               0 kB
DirectMap4k:     3114396 kB
DirectMap2M:    169588736 kB
DirectMap1G:    633339904 kB

/sys/kernel/mm/transparent_hugepage/enabled: always [madvise] never
/sys/kernel/mm/transparent_hugepage/hpage_pmd_size: 2097152
/sys/kernel/mm/transparent_hugepage/shmem_enabled: always within_size advise [never] deny force
/sys/kernel/mm/transparent_hugepage/defrag (defrag/compaction efforts parameter): always defer defer+madvise [madvise] never

Process Memory:
Virtual Size: 34220268K (peak: 34236096K)
Resident Set Size: 269052K (peak: 269052K) (anon: 228268K, file: 40784K, shmem: 0K)
Swapped out: 0K
C-Heap outstanding allocations: 202803K, retained: 2048K (may have wrapped)
glibc malloc tunables: (default)

/proc/sys/kernel/threads-max (system-wide limit on the number of threads): 6181293
/proc/sys/vm/max_map_count (maximum number of memory map areas a process may have): 65530
/proc/sys/vm/swappiness (control to define how aggressively the kernel swaps out anonymous memory): 60
/proc/sys/kernel/pid_max (system-wide limit on number of process identifiers): 4194304

container information not found.
Steal ticks since vm start: 0
Steal ticks percentage since vm start:  0.000

CPU: total 112 (initial active 112) (28 cores per cpu, 2 threads per core) family 6 model 85 stepping 7 microcode 0x5003006, cx8, cmov, fxsr, ht, mmx, 3dnowpref, sse, sse2, sse3, ssse3, sse4.1, sse4.2, popcnt, lzcnt, tsc, tscinvbit, avx, avx2, aes, erms, clmul, bmi1, bmi2, adx, avx512f, avx512dq, avx512cd, avx512bw, avx512vl, fma, vzeroupper, avx512_vnni, clflush, clflushopt, clwb, rdtscp, f16c, pku, ospke
CPU Model and flags from /proc/cpuinfo:
model name	: Intel(R) Xeon(R) Platinum 8280 CPU @ 2.70GHz
flags		: fpu vme de pse tsc msr pae mce cx8 apic sep mtrr pge mca cmov pat pse36 clflush dts acpi mmx fxsr sse sse2 ss ht tm pbe syscall nx pdpe1gb rdtscp lm constant_tsc art arch_perfmon pebs bts rep_good nopl xtopology nonstop_tsc cpuid aperfmperf pni pclmulqdq dtes64 monitor ds_cpl smx est tm2 ssse3 sdbg fma cx16 xtpr pdcm pcid dca sse4_1 sse4_2 x2apic movbe popcnt tsc_deadline_timer aes xsave avx f16c rdrand lahf_lm abm 3dnowprefetch cpuid_fault epb cat_l3 cdp_l3 invpcid_single ssbd mba ibrs ibpb stibp ibrs_enhanced fsgsbase tsc_adjust bmi1 avx2 smep bmi2 erms invpcid cqm mpx rdt_a avx512f avx512dq rdseed adx smap clflushopt clwb intel_pt avx512cd avx512bw avx512vl xsaveopt xsavec xgetbv1 xsaves cqm_llc cqm_occup_llc cqm_mbm_total cqm_mbm_local dtherm ida arat pln pts hwp hwp_act_window hwp_epp hwp_pkg_req pku ospke avx512_vnni md_clear flush_l1d arch_capabilities

Online cpus: 0-111
Offline cpus: 
cache level: 1
cache type: Data
cache size: 32K
cache coherency line size: 64
cache level: 1
cache type: Instruction
cache size: 32K
cache coherency line size: 64
cache level: 2
cache type: Unified
cache size: 1024K
cache coherency line size: 64
cache level: 3
cache type: Unified
cache size: 39424K
cache coherency line size: 64
BIOS frequency limitation: <Not Available>
Frequency switch latency (ns): 0
Available cpu frequencies: <Not Available>
Maximum cpu frequency: 4000000
Minimum cpu frequency: 1000000
Current cpu frequency: 2716162
Available governors: performance powersave
Current governor: powersave
Core performance/turbo boost: <Not Available>

Memory: 4k page, physical 791263980k(780173812k free), swap 2097148k(2097148k free)
Page Sizes: 4k

vm_info: OpenJDK 64-Bit Server VM (slowdebug 25-internal-adhoc.root.jdk) for linux-amd64 JRE (25-internal-adhoc.root.jdk), built on 2025-02-20T06:41:13Z with gcc 9.3.0

END.
