#
# A fatal error has been detected by the Java Runtime Environment:
#
#  Internal Error (/home/jatinbha/sandboxes/jdk/jdk/src/hotspot/cpu/x86/relocInfo_x86.cpp:110), pid=3760123, tid=3760199
#  Error: ShouldNotReachHere()
#
# JRE version: OpenJDK Runtime Environment (25.0) (slowdebug build 25-internal-adhoc.root.jdk)
# Java VM: OpenJDK 64-Bit Server VM (slowdebug 25-internal-adhoc.root.jdk, mixed mode, sharing, compressed oops, compressed class ptrs, g1 gc, linux-amd64)
# Problematic frame:
# V  [libjvm.so+0x14ad5c2]  Relocation::pd_call_destination(unsigned char*)+0x13c
#
# Core dump will be written. Default location: Core dumps may be processed with "/usr/share/apport/apport %p %s %c %d %P %E" (or dumping to /home/jatinbha/code/java/runtime/polling/core.3760123)
#
# If you would like to submit a bug report, please visit:
#   https://bugreport.java.com/bugreport/crash.jsp
#

---------------  S U M M A R Y ------------

Command Line: -XX:+PauseAtStartup -Xbatch -XX:CompileCommand=compileonly,test::micro -XX:CompileCommand=Print,test::micro -XX:-TieredCompilation test

Host: intel-S2600WFT, Intel(R) Xeon(R) Platinum 8280 CPU @ 2.70GHz, 112 cores, 754G, Ubuntu 20.04.2 LTS
Time: Mon Mar  3 13:10:04 2025 IST elapsed time: 215.949805 seconds (0d 0h 3m 35s)

---------------  T H R E A D  ---------------

Current thread (0x00007f4f0c312240):  JavaThread "C2 CompilerThread0" daemon [_thread_in_vm, id=3760199, stack(0x00007f4ec58ce000,0x00007f4ec59cf000) (1028K)]


Current CompileTask:
C2:215949    3 %  b        test::micro @ 14 (57 bytes)

Stack: [0x00007f4ec58ce000,0x00007f4ec59cf000],  sp=0x00007f4ec59c9af0,  free space=1006k
Native frames: (J=compiled Java code, j=interpreted, Vv=VM code, C=native code)
V  [libjvm.so+0x14ad5c2]  Relocation::pd_call_destination(unsigned char*)+0x13c  (relocInfo_x86.cpp:110)
V  [libjvm.so+0x136f84b]  CallRelocation::destination()+0x21  (relocInfo.hpp:948)
V  [libjvm.so+0x136ce3b]  nmethod::reloc_string_for(unsigned char*, unsigned char*)+0x2ff  (nmethod.cpp:3581)
V  [libjvm.so+0x136e02c]  nmethod::has_code_comment(unsigned char*, unsigned char*)+0x58  (nmethod.cpp:3792)
V  [libjvm.so+0xc08dc5]  decode_env::end_insn(unsigned char*)+0x69  (disassembler.cpp:149)
V  [libjvm.so+0xc06cc1]  decode_env::handle_event(char const*, unsigned char*)+0xa7  (disassembler.cpp:510)
V  [libjvm.so+0xc06ecc]  event_to_env(void*, char const*, void*)+0x37  (disassembler.cpp:571)
Registers:
RAX=0x00007f4f15ece000, RBX=0x00007f4f006ad0c1, RCX=0x00007f4f144ce8da, RDX=0x0000000000000001
RSP=0x00007f4ec59c9af0, RBP=0x00007f4ec59c9b20, RSI=0x0000000000000001, RDI=0x00007f4f006ad0c0
R8 =0x00007f4f14413ea2, R9 =0x00007f4ec59c9230, R10=0x00007f4f1441581c, R11=0x0000000000000005
R12=0x00007f4ec59ca730, R13=0x00007f4ec59c9f30, R14=0x00007f4ec59ca5d0, R15=0x00007f4f006ad460
RIP=0x00007f4f144d55c2, EFLAGS=0x0000000000010246, CSGSFS=0x002b000000000033, ERR=0x0000000000000006
  TRAPNO=0x000000000000000e

XMM[0]=0x0000000000000000 0x0000000000000000
XMM[1]=0x000000000000ff00 0x0000000000000000
XMM[2]=0x000000000000ff00 0x0000000000000000
XMM[3]=0x202020202020202f 0x34364d59532f0020
XMM[4]=0x4040404040404040 0x4040404040404040
XMM[5]=0x5a5a5a5a5a5a5a5a 0x5a5a5a5a5a5a5a5a
XMM[6]=0x2020202020202020 0x2020202020202020
XMM[7]=0x0000000000000000 0x0000000000000000
XMM[8]=0x6d69746e75720028 0x617461646174656d
XMM[9]=0x0000000000000000 0x0000000000000000
XMM[10]=0x0000000000000000 0x0000000000000000
XMM[11]=0x0000000000000000 0x0000000000000000
XMM[12]=0x0000000000000000 0x0000000000000000
XMM[13]=0x0000000000000000 0x0000000000000000
XMM[14]=0x0000000000000000 0x0000000000000000
XMM[15]=0x0000000000000000 0x0000000000000000
  MXCSR=0x00001fa2


Register to memory mapping:

RAX=0x00007f4f15ece000 in mmap'd memory region [0x00007f4f15ece000 - 0x00007f4f15ecf000], tag mtInternal
RBX=0x00007f4f006ad0c1 is at entry_point+1 in (nmethod*)0x00007f4f006acf88
Compiled method (c2) 219663    3 %           test::micro @ 14 (57 bytes)
 total in heap  [0x00007f4f006acf88,0x00007f4f006ad488] = 1280
 relocation     [0x00007f4f006ad068,0x00007f4f006ad0c0] = 88
 main code      [0x00007f4f006ad0c0,0x00007f4f006ad448] = 904
 stub code      [0x00007f4f006ad448,0x00007f4f006ad460] = 24
 oops           [0x00007f4f006ad460,0x00007f4f006ad468] = 8
 metadata       [0x00007f4f006ad468,0x00007f4f006ad488] = 32
 immutable data [0x00007f4e5010d960,0x00007f4e5010dcf0] = 912
 dependencies   [0x00007f4e5010d960,0x00007f4e5010d970] = 16
 nul chk table  [0x00007f4e5010d970,0x00007f4e5010d988] = 24
 scopes pcs     [0x00007f4e5010d988,0x00007f4e5010dc48] = 704
 scopes data    [0x00007f4e5010dc48,0x00007f4e5010dcf0] = 168
RCX=0x00007f4f144ce8da: <offset 0x00000000014a68da> in /home/jatinbha/sandboxes/jdk/jdk/build/linux-x86_64-server-slowdebug/images/jdk/lib/server/libjvm.so at 0x00007f4f13028000
RDX=0x0000000000000001 is an unknown value
RSP=0x00007f4ec59c9af0 is pointing into the stack for thread: 0x00007f4f0c312240
RBP=0x00007f4ec59c9b20 is pointing into the stack for thread: 0x00007f4f0c312240
RSI=0x0000000000000001 is an unknown value
RDI=0x00007f4f006ad0c0 is at entry_point+0 in (nmethod*)0x00007f4f006acf88
Compiled method (c2) 219663    3 %           test::micro @ 14 (57 bytes)
 total in heap  [0x00007f4f006acf88,0x00007f4f006ad488] = 1280
 relocation     [0x00007f4f006ad068,0x00007f4f006ad0c0] = 88
 main code      [0x00007f4f006ad0c0,0x00007f4f006ad448] = 904
 stub code      [0x00007f4f006ad448,0x00007f4f006ad460] = 24
 oops           [0x00007f4f006ad460,0x00007f4f006ad468] = 8
 metadata       [0x00007f4f006ad468,0x00007f4f006ad488] = 32
 immutable data [0x00007f4e5010d960,0x00007f4e5010dcf0] = 912
 dependencies   [0x00007f4e5010d960,0x00007f4e5010d970] = 16
 nul chk table  [0x00007f4e5010d970,0x00007f4e5010d988] = 24
 scopes pcs     [0x00007f4e5010d988,0x00007f4e5010dc48] = 704
 scopes data    [0x00007f4e5010dc48,0x00007f4e5010dcf0] = 168
R8 =0x00007f4f14413ea2: <offset 0x00000000013ebea2> in /home/jatinbha/sandboxes/jdk/jdk/build/linux-x86_64-server-slowdebug/images/jdk/lib/server/libjvm.so at 0x00007f4f13028000
R9 =0x00007f4ec59c9230 is pointing into the stack for thread: 0x00007f4f0c312240
R10=0x00007f4f1441581c: <offset 0x00000000013ed81c> in /home/jatinbha/sandboxes/jdk/jdk/build/linux-x86_64-server-slowdebug/images/jdk/lib/server/libjvm.so at 0x00007f4f13028000
R11=0x0000000000000005 is an unknown value
R12=0x00007f4ec59ca730 is pointing into the stack for thread: 0x00007f4f0c312240
R13=0x00007f4ec59c9f30 is pointing into the stack for thread: 0x00007f4f0c312240
R14=0x00007f4ec59ca5d0 is pointing into the stack for thread: 0x00007f4f0c312240
R15=0x00007f4f006ad460 is at entry_point+928 in (nmethod*)0x00007f4f006acf88
Compiled method (c2) 219663    3 %           test::micro @ 14 (57 bytes)
 total in heap  [0x00007f4f006acf88,0x00007f4f006ad488] = 1280
 relocation     [0x00007f4f006ad068,0x00007f4f006ad0c0] = 88
 main code      [0x00007f4f006ad0c0,0x00007f4f006ad448] = 904
 stub code      [0x00007f4f006ad448,0x00007f4f006ad460] = 24
 oops           [0x00007f4f006ad460,0x00007f4f006ad468] = 8
 metadata       [0x00007f4f006ad468,0x00007f4f006ad488] = 32
 immutable data [0x00007f4e5010d960,0x00007f4e5010dcf0] = 912
 dependencies   [0x00007f4e5010d960,0x00007f4e5010d970] = 16
 nul chk table  [0x00007f4e5010d970,0x00007f4e5010d988] = 24
 scopes pcs     [0x00007f4e5010d988,0x00007f4e5010dc48] = 704
 scopes data    [0x00007f4e5010dc48,0x00007f4e5010dcf0] = 168

Top of Stack: (sp=0x00007f4ec59c9af0)
0x00007f4ec59c9af0:   0000000000000000 00007f4ec59c9d40   ........@...N...
0x00007f4ec59c9b00:   00007f4ec59c9b20 0000000000000000    ...N...........
0x00007f4ec59c9b10:   00007f4f006ad0c0 00007f4f144ce679   ..j.O...y.L.O...
0x00007f4ec59c9b20:   00007f4ec59c9b40 00007f4f1439784b   @...N...Kx9.O...
0x00007f4ec59c9b30:   0000000000000000 00007f4ec59c9d40   ........@...N...
0x00007f4ec59c9b40:   00007f4ec59c9d80 00007f4f14394e3b   ....N...;N9.O...
0x00007f4ec59c9b50:   0000000000000000 00007f4f006ad0c1   ..........j.O...
0x00007f4ec59c9b60:   00007f4f006ad0c0 00007f4f006acf88   ..j.O.....j.O...
0x00007f4ec59c9b70:   00007f4ec59c9ba0 01007f4f1441347d   ....N...}4A.O...
0x00007f4ec59c9b80:   0000000000000000 00007f4ec59c9bf8   ............N...
0x00007f4ec59c9b90:   00007f4ec524667c 00007f4e5010dc28   |f$.N...(..PN...
0x00007f4ec59c9ba0:   00007f4ec59c9d40 00007f4f14389907   @...N.....8.O...
0x00007f4ec59c9bb0:   00000001c59c9b01 00007f4e5010dc38   ........8..PN...
0x00007f4ec59c9bc0:   00007f4ec59c9c00 00007f4f147caf56   ....N...V.|.O...
0x00007f4ec59c9bd0:   00007f4ec59c9be0 00007f4f0c312240   ....N...@"1.O...
0x00007f4ec59c9be0:   00007f4e5010d988 00007f4e5010ddb0   ...PN......PN...
0x00007f4ec59c9bf0:   000000045010d998 00007f4e5010d988   ...P.......PN...
0x00007f4ec59c9c00:   00007f4ec59c9c70 00007f4f1439232d   p...N...-#9.O...
0x00007f4ec59c9c10:   00007f4e5010dc48 00007f4e5010d988   H..PN......PN...
0x00007f4ec59c9c20:   00007f4f006ad0c0 0000000100000036   ..j.O...6.......
0x00007f4ec59c9c30:   00007f4f006ad0c1 00007f4e5010ddb0   ..j.O......PN...
0x00007f4ec59c9c40:   00007f4f159fc640 0000000000000000   @...O...........
0x00007f4ec59c9c50:   00007f4e0000000c 0000000000000000   ....N...........
0x00007f4ec59c9c60:   0000000000000000 0000000000000000   ................
0x00007f4ec59c9c70:   0000000000000000 00007f4f14391d00   ..........9.O...
0x00007f4ec59c9c80:   00007f4ec59c9c99 000000000000000c   ....N...........
0x00007f4ec59c9c90:   0000000000000030 656d69746e757200   0........runtime
0x00007f4ec59c9ca0:   0000006c6c61635f 00007f4e5010ddb0   _call......PN...
0x00007f4ec59c9cb0:   0000000000000003 00007f4e5010d988   ...........PN...
0x00007f4ec59c9cc0:   00007f4ec59c9d10 00007f4f1390c782   ....N.......O...
0x00007f4ec59c9cd0:   00007f4f006ad0c1 00007f4f006ad068   ..j.O...h.j.O...
0x00007f4ec59c9ce0:   00007f4f006ad0c0 00007f4f006acf88   ..j.O.....j.O...

Instructions: (pc=0x00007f4f144d55c2)
  0x00007f4f144d54c2:   e8 48 8b 45 d8 48 89 c7 e8 f7 0e 5e ff 48 89 c7
  0x00007f4f144d54d2:   e8 19 cd 04 ff 48 89 45 f0 48 8b 45 f0 48 89 c7
  0x00007f4f144d54e2:   e8 ab d0 b3 ff 84 c0 74 28 48 8b 45 d8 48 89 c7
  0x00007f4f144d54f2:   e8 cf 0e 5e ff 48 89 c7 e8 74 13 5e ff 48 89 c7
  0x00007f4f144d5502:   e8 c1 08 eb ff 48 8b 55 e8 48 01 d0 e9 c3 00 00
  0x00007f4f144d5512:   00 48 8b 45 f0 48 89 c7 e8 c3 7f 43 ff 84 c0 74
  0x00007f4f144d5522:   42 48 8b 45 d8 48 89 c7 e8 97 0e 5e ff 48 89 c7
  0x00007f4f144d5532:   e8 61 23 5e ff 48 89 c7 e8 b1 13 5e ff 48 89 45
  0x00007f4f144d5542:   f8 48 83 7d f8 ff 75 0e 48 8b 45 d8 48 89 c7 e8
  0x00007f4f144d5552:   70 0e 5e ff eb 7e 48 8b 55 e8 48 8b 45 f8 48 01
  0x00007f4f144d5562:   d0 eb 71 48 8b 45 f0 48 89 c7 e8 bb d0 b3 ff 84
  0x00007f4f144d5572:   c0 74 25 48 8b 45 d8 48 89 c7 e8 45 0e 5e ff 48
  0x00007f4f144d5582:   89 c7 e8 2f 7f 43 ff 48 89 c7 e8 89 18 eb ff 48
  0x00007f4f144d5592:   8b 55 e8 48 01 d0 eb 3c 48 8b 45 f0 48 89 c7 e8
  0x00007f4f144d55a2:   e0 d0 b3 ff 84 c0 74 0e 48 8b 45 f0 48 89 c7 e8
  0x00007f4f144d55b2:   22 7e 43 ff eb 1e 48 8d 05 d9 0f 64 01 48 8b 00
=>0x00007f4f144d55c2:   c6 00 58 be 6e 00 00 00 48 8d 3d 77 a5 cd 00 e8
  0x00007f4f144d55d2:   33 5f 66 ff c9 c3 f3 0f 1e fa 55 48 89 e5 48 83
  0x00007f4f144d55e2:   ec 30 48 89 7d d8 48 89 75 d0 48 8b 45 d8 48 89
  0x00007f4f144d55f2:   c7 e8 ce 0d 5e ff 48 89 c7 e8 f0 cb 04 ff 48 89
  0x00007f4f144d5602:   45 e0 48 8b 45 e0 48 89 c7 e8 82 cf b3 ff 84 c0
  0x00007f4f144d5612:   74 2b 48 8b 45 d8 48 89 c7 e8 a6 0d 5e ff 48 89
  0x00007f4f144d5622:   c7 e8 4b 12 5e ff 48 89 c2 48 8b 45 d0 48 89 c6
  0x00007f4f144d5632:   48 89 d7 e8 8c cd b3 ff e9 17 01 00 00 48 8b 45
  0x00007f4f144d5642:   e0 48 89 c7 e8 97 7e 43 ff 84 c0 74 57 48 8b 45
  0x00007f4f144d5652:   d8 48 89 c7 e8 6b 0d 5e ff 48 89 c7 e8 35 22 5e
  0x00007f4f144d5662:   ff 48 89 45 f8 48 8b 45 f8 48 89 c7 e8 7d 12 5e
  0x00007f4f144d5672:   ff 48 83 f8 ff 0f 94 c0 84 c0 74 10 48 8b 45 d8
  0x00007f4f144d5682:   48 89 c7 e8 3c 0d 5e ff 48 89 45 d0 48 8b 55 d0
  0x00007f4f144d5692:   48 8b 45 f8 48 89 d6 48 89 c7 e8 27 21 5e ff e9
  0x00007f4f144d56a2:   b0 00 00 00 48 8b 45 e0 48 89 c7 e8 7a cf b3 ff
  0x00007f4f144d56b2:   84 c0 74 5d 48 8b 45 d8 48 89 c7 e8 04 0d 5e ff


Stack slot to memory mapping:

stack at sp + 0 slots: 0x0 is null
stack at sp + 1 slots: 0x00007f4ec59c9d40 is pointing into the stack for thread: 0x00007f4f0c312240
stack at sp + 2 slots: 0x00007f4ec59c9b20 is pointing into the stack for thread: 0x00007f4f0c312240
stack at sp + 3 slots: 0x0 is null
stack at sp + 4 slots: 0x00007f4f006ad0c0 is at entry_point+0 in (nmethod*)0x00007f4f006acf88
Compiled method (c2) 219665    3 %           test::micro @ 14 (57 bytes)
 total in heap  [0x00007f4f006acf88,0x00007f4f006ad488] = 1280
 relocation     [0x00007f4f006ad068,0x00007f4f006ad0c0] = 88
 main code      [0x00007f4f006ad0c0,0x00007f4f006ad448] = 904
 stub code      [0x00007f4f006ad448,0x00007f4f006ad460] = 24
 oops           [0x00007f4f006ad460,0x00007f4f006ad468] = 8
 metadata       [0x00007f4f006ad468,0x00007f4f006ad488] = 32
 immutable data [0x00007f4e5010d960,0x00007f4e5010dcf0] = 912
 dependencies   [0x00007f4e5010d960,0x00007f4e5010d970] = 16
 nul chk table  [0x00007f4e5010d970,0x00007f4e5010d988] = 24
 scopes pcs     [0x00007f4e5010d988,0x00007f4e5010dc48] = 704
 scopes data    [0x00007f4e5010dc48,0x00007f4e5010dcf0] = 168
stack at sp + 5 slots: 0x00007f4f144ce679: <offset 0x00000000014a6679> in /home/jatinbha/sandboxes/jdk/jdk/build/linux-x86_64-server-slowdebug/images/jdk/lib/server/libjvm.so at 0x00007f4f13028000
stack at sp + 6 slots: 0x00007f4ec59c9b40 is pointing into the stack for thread: 0x00007f4f0c312240
stack at sp + 7 slots: 0x00007f4f1439784b: <offset 0x000000000136f84b> in /home/jatinbha/sandboxes/jdk/jdk/build/linux-x86_64-server-slowdebug/images/jdk/lib/server/libjvm.so at 0x00007f4f13028000

Lock stack of current Java thread (top to bottom):


---------------  P R O C E S S  ---------------

uid  : 1000 euid : 1000 gid  : 1000 egid : 1000

umask: 0002 (-------w-)

Threads class SMR info:
_java_thread_list=0x00007f4f0c33b540, length=9, elements={
0x00007f4f0c02c0c0, 0x00007f4f0c2fc4f0, 0x00007f4f0c2fd3e0, 0x00007f4f0c2fe690,
0x00007f4f0c2ff9f0, 0x00007f4f0c300c10, 0x00007f4f0c312240, 0x00007f4f0c335a50,
0x00007f4f0c33b610
}
_java_thread_list_alloc_cnt=10, _java_thread_list_free_cnt=8, _java_thread_list_max=9, _nested_thread_list_max=0
_tlh_cnt=22, _tlh_times=0, avg_tlh_time=0.00, _tlh_time_max=0
_delete_lock_wait_cnt=0, _delete_lock_wait_max=0
_to_delete_list_cnt=0, _to_delete_list_max=1

Java Threads: ( => current thread )
  0x00007f4f0c02c0c0 JavaThread "main"                              [_thread_blocked, id=3760124, stack(0x00007f4f12dcd000,0x00007f4f12ece000) (1028K)]
  0x00007f4f0c2fc4f0 JavaThread "Reference Handler"          daemon [_thread_blocked, id=3760194, stack(0x00007f4ec61c3000,0x00007f4ec62c3000) (1024K)]
  0x00007f4f0c2fd3e0 JavaThread "Finalizer"                  daemon [_thread_blocked, id=3760195, stack(0x00007f4ec60c2000,0x00007f4ec61c2000) (1024K)]
  0x00007f4f0c2fe690 JavaThread "Signal Dispatcher"          daemon [_thread_blocked, id=3760196, stack(0x00007f4ec64c6000,0x00007f4ec65c6000) (1024K)]
  0x00007f4f0c2ff9f0 JavaThread "Service Thread"             daemon [_thread_blocked, id=3760197, stack(0x00007f4ec65c7000,0x00007f4ec66c7000) (1024K)]
  0x00007f4f0c300c10 JavaThread "Monitor Deflation Thread"   daemon [_thread_blocked, id=3760198, stack(0x00007f4ec59cf000,0x00007f4ec5ad0000) (1028K)]
=>0x00007f4f0c312240 JavaThread "C2 CompilerThread0"         daemon [_thread_in_vm, id=3760199, stack(0x00007f4ec58ce000,0x00007f4ec59cf000) (1028K)]
  0x00007f4f0c335a50 JavaThread "Notification Thread"        daemon [_thread_blocked, id=3760200, stack(0x00007f4ec5662000,0x00007f4ec5763000) (1028K)]
  0x00007f4f0c33b610 JavaThread "Common-Cleaner"             daemon [_thread_blocked, id=3760201, stack(0x00007f4ec5561000,0x00007f4ec5662000) (1028K)]
Total: 9

Other Threads:
  0x00007f4f0c2c2b70 VMThread "VM Thread"                           [id=3760190, stack(0x00007f4ec63c5000,0x00007f4ec64c5000) (1024K)]
  0x00007f4f0c2027c0 WatcherThread "VM Periodic Task Thread"        [id=3760189, stack(0x00007f4ec62c4000,0x00007f4ec63c4000) (1024K)]
  0x00007f4f0c06d0f0 WorkerThread "GC Thread#0"                     [id=3760178, stack(0x00007f4ed9474000,0x00007f4ed9574000) (1024K)]
  0x00007f4f0c081470 ConcurrentGCThread "G1 Main Marker"            [id=3760179, stack(0x00007f4ed9373000,0x00007f4ed9473000) (1024K)]
  0x00007f4f0c082710 WorkerThread "G1 Conc#0"                       [id=3760180, stack(0x00007f4ed9272000,0x00007f4ed9372000) (1024K)]
  0x00007f4f0c1d9e50 ConcurrentGCThread "G1 Refine#0"               [id=3760181, stack(0x00007f4ec67c9000,0x00007f4ec68c9000) (1024K)]
  0x00007f4f0c1db090 ConcurrentGCThread "G1 Service"                [id=3760182, stack(0x00007f4ec66c8000,0x00007f4ec67c8000) (1024K)]
Total: 7

Threads with active compile tasks:
C2 CompilerThread0  219665    3 %  b        test::micro @ 14 (57 bytes)
Total: 1

VM state: not at safepoint (normal execution)

VM Mutex/Monitor currently owned by a thread:  ([mutex/lock_event])
[0x00007f4f15c01db8] tty_lock - owner thread: 0x00007f4f0c312240

Heap address: 0x00000000a0000000, size: 30208 MB, Compressed Oops mode: Zero based, Oop shift amount: 3

CDS archive(s) mapped at: [0x00007f4e76000000-0x00007f4e76de8000-0x00007f4e76de8000), size 14581760, SharedBaseAddress: 0x00007f4e76000000, ArchiveRelocationMode: 1.
Compressed class space mapped at: 0x00007f4e77000000-0x00007f4eb7000000, reserved size: 1073741824
UseCompressedClassPointers 1, UseCompactObjectHeaders 0
Narrow klass pointer bits 32, Max shift 3
Narrow klass base: 0x00007f4e76000000, Narrow klass shift: 0
Encoding Range: [0x00007f4e76000000 - 0x00007f4f76000000), (4294967296 bytes)
Klass Range:    [0x00007f4e76000000 - 0x00007f4eb7000000), (1090519040 bytes)
Klass ID Range:  [8 - 1090519033) (1090519025)

GC Precious Log:
 CardTable entry size: 512
 Card Set container configuration: InlinePtr #cards 3 size 8 Array Of Cards #cards 128 size 272 Howl #buckets 8 coarsen threshold 29491 Howl Bitmap #cards 4096 size 528 coarsen threshold 3686 Card regions per heap region 1 cards per card region 32768
 CPUs: 112 total, 112 available
 Memory: 754G
 Large Page Support: Disabled
 NUMA Support: Disabled
 Compressed Oops: Enabled (Zero based)
 Heap Region Size: 16M
 Heap Min Capacity: 16M
 Heap Initial Capacity: 2G
 Heap Max Capacity: 30208M
 Pre-touch: Disabled
 Parallel Workers: 73
 Concurrent Workers: 18
 Concurrent Refinement Workers: 73
 Periodic GC: Disabled

Heap:
 garbage-first heap   total reserved 30932992K, committed 2113536K, used 1136K [0x00000000a0000000, 0x0000000800000000)
  region size 16384K, 1 young (16384K), 0 survivors (0K)
 Metaspace       used 54K, committed 256K, reserved 1114112K
  class space    used 3K, committed 128K, reserved 1048576K

Heap Regions: E=young(eden), S=young(survivor), O=old, HS=humongous(starts), HC=humongous(continues), CS=collection set, F=free, TAMS=top-at-mark-start, PB=parsable bottom
|   0|0x00000000a0000000, 0x00000000a0000000, 0x00000000a1000000|  0%| F|  |TAMS 0x00000000a0000000| PB 0x00000000a0000000| Untracked |  0
|   1|0x00000000a1000000, 0x00000000a1000000, 0x00000000a2000000|  0%| F|  |TAMS 0x00000000a1000000| PB 0x00000000a1000000| Untracked |  0
|   2|0x00000000a2000000, 0x00000000a2000000, 0x00000000a3000000|  0%| F|  |TAMS 0x00000000a2000000| PB 0x00000000a2000000| Untracked |  0
|   3|0x00000000a3000000, 0x00000000a3000000, 0x00000000a4000000|  0%| F|  |TAMS 0x00000000a3000000| PB 0x00000000a3000000| Untracked |  0
|   4|0x00000000a4000000, 0x00000000a4000000, 0x00000000a5000000|  0%| F|  |TAMS 0x00000000a4000000| PB 0x00000000a4000000| Untracked |  0
|   5|0x00000000a5000000, 0x00000000a5000000, 0x00000000a6000000|  0%| F|  |TAMS 0x00000000a5000000| PB 0x00000000a5000000| Untracked |  0
|   6|0x00000000a6000000, 0x00000000a6000000, 0x00000000a7000000|  0%| F|  |TAMS 0x00000000a6000000| PB 0x00000000a6000000| Untracked |  0
|   7|0x00000000a7000000, 0x00000000a7000000, 0x00000000a8000000|  0%| F|  |TAMS 0x00000000a7000000| PB 0x00000000a7000000| Untracked |  0
|   8|0x00000000a8000000, 0x00000000a8000000, 0x00000000a9000000|  0%| F|  |TAMS 0x00000000a8000000| PB 0x00000000a8000000| Untracked |  0
|   9|0x00000000a9000000, 0x00000000a9000000, 0x00000000aa000000|  0%| F|  |TAMS 0x00000000a9000000| PB 0x00000000a9000000| Untracked |  0
|  10|0x00000000aa000000, 0x00000000aa000000, 0x00000000ab000000|  0%| F|  |TAMS 0x00000000aa000000| PB 0x00000000aa000000| Untracked |  0
|  11|0x00000000ab000000, 0x00000000ab000000, 0x00000000ac000000|  0%| F|  |TAMS 0x00000000ab000000| PB 0x00000000ab000000| Untracked |  0
|  12|0x00000000ac000000, 0x00000000ac000000, 0x00000000ad000000|  0%| F|  |TAMS 0x00000000ac000000| PB 0x00000000ac000000| Untracked |  0
|  13|0x00000000ad000000, 0x00000000ad000000, 0x00000000ae000000|  0%| F|  |TAMS 0x00000000ad000000| PB 0x00000000ad000000| Untracked |  0
|  14|0x00000000ae000000, 0x00000000ae000000, 0x00000000af000000|  0%| F|  |TAMS 0x00000000ae000000| PB 0x00000000ae000000| Untracked |  0
|  15|0x00000000af000000, 0x00000000af000000, 0x00000000b0000000|  0%| F|  |TAMS 0x00000000af000000| PB 0x00000000af000000| Untracked |  0
|  16|0x00000000b0000000, 0x00000000b0000000, 0x00000000b1000000|  0%| F|  |TAMS 0x00000000b0000000| PB 0x00000000b0000000| Untracked |  0
|  17|0x00000000b1000000, 0x00000000b1000000, 0x00000000b2000000|  0%| F|  |TAMS 0x00000000b1000000| PB 0x00000000b1000000| Untracked |  0
|  18|0x00000000b2000000, 0x00000000b2000000, 0x00000000b3000000|  0%| F|  |TAMS 0x00000000b2000000| PB 0x00000000b2000000| Untracked |  0
|  19|0x00000000b3000000, 0x00000000b3000000, 0x00000000b4000000|  0%| F|  |TAMS 0x00000000b3000000| PB 0x00000000b3000000| Untracked |  0
|  20|0x00000000b4000000, 0x00000000b4000000, 0x00000000b5000000|  0%| F|  |TAMS 0x00000000b4000000| PB 0x00000000b4000000| Untracked |  0
|  21|0x00000000b5000000, 0x00000000b5000000, 0x00000000b6000000|  0%| F|  |TAMS 0x00000000b5000000| PB 0x00000000b5000000| Untracked |  0
|  22|0x00000000b6000000, 0x00000000b6000000, 0x00000000b7000000|  0%| F|  |TAMS 0x00000000b6000000| PB 0x00000000b6000000| Untracked |  0
|  23|0x00000000b7000000, 0x00000000b7000000, 0x00000000b8000000|  0%| F|  |TAMS 0x00000000b7000000| PB 0x00000000b7000000| Untracked |  0
|  24|0x00000000b8000000, 0x00000000b8000000, 0x00000000b9000000|  0%| F|  |TAMS 0x00000000b8000000| PB 0x00000000b8000000| Untracked |  0
|  25|0x00000000b9000000, 0x00000000b9000000, 0x00000000ba000000|  0%| F|  |TAMS 0x00000000b9000000| PB 0x00000000b9000000| Untracked |  0
|  26|0x00000000ba000000, 0x00000000ba000000, 0x00000000bb000000|  0%| F|  |TAMS 0x00000000ba000000| PB 0x00000000ba000000| Untracked |  0
|  27|0x00000000bb000000, 0x00000000bb000000, 0x00000000bc000000|  0%| F|  |TAMS 0x00000000bb000000| PB 0x00000000bb000000| Untracked |  0
|  28|0x00000000bc000000, 0x00000000bc000000, 0x00000000bd000000|  0%| F|  |TAMS 0x00000000bc000000| PB 0x00000000bc000000| Untracked |  0
|  29|0x00000000bd000000, 0x00000000bd000000, 0x00000000be000000|  0%| F|  |TAMS 0x00000000bd000000| PB 0x00000000bd000000| Untracked |  0
|  30|0x00000000be000000, 0x00000000be000000, 0x00000000bf000000|  0%| F|  |TAMS 0x00000000be000000| PB 0x00000000be000000| Untracked |  0
|  31|0x00000000bf000000, 0x00000000bf000000, 0x00000000c0000000|  0%| F|  |TAMS 0x00000000bf000000| PB 0x00000000bf000000| Untracked |  0
|  32|0x00000000c0000000, 0x00000000c0000000, 0x00000000c1000000|  0%| F|  |TAMS 0x00000000c0000000| PB 0x00000000c0000000| Untracked |  0
|  33|0x00000000c1000000, 0x00000000c1000000, 0x00000000c2000000|  0%| F|  |TAMS 0x00000000c1000000| PB 0x00000000c1000000| Untracked |  0
|  34|0x00000000c2000000, 0x00000000c2000000, 0x00000000c3000000|  0%| F|  |TAMS 0x00000000c2000000| PB 0x00000000c2000000| Untracked |  0
|  35|0x00000000c3000000, 0x00000000c3000000, 0x00000000c4000000|  0%| F|  |TAMS 0x00000000c3000000| PB 0x00000000c3000000| Untracked |  0
|  36|0x00000000c4000000, 0x00000000c4000000, 0x00000000c5000000|  0%| F|  |TAMS 0x00000000c4000000| PB 0x00000000c4000000| Untracked |  0
|  37|0x00000000c5000000, 0x00000000c5000000, 0x00000000c6000000|  0%| F|  |TAMS 0x00000000c5000000| PB 0x00000000c5000000| Untracked |  0
|  38|0x00000000c6000000, 0x00000000c6000000, 0x00000000c7000000|  0%| F|  |TAMS 0x00000000c6000000| PB 0x00000000c6000000| Untracked |  0
|  39|0x00000000c7000000, 0x00000000c7000000, 0x00000000c8000000|  0%| F|  |TAMS 0x00000000c7000000| PB 0x00000000c7000000| Untracked |  0
|  40|0x00000000c8000000, 0x00000000c8000000, 0x00000000c9000000|  0%| F|  |TAMS 0x00000000c8000000| PB 0x00000000c8000000| Untracked |  0
|  41|0x00000000c9000000, 0x00000000c9000000, 0x00000000ca000000|  0%| F|  |TAMS 0x00000000c9000000| PB 0x00000000c9000000| Untracked |  0
|  42|0x00000000ca000000, 0x00000000ca000000, 0x00000000cb000000|  0%| F|  |TAMS 0x00000000ca000000| PB 0x00000000ca000000| Untracked |  0
|  43|0x00000000cb000000, 0x00000000cb000000, 0x00000000cc000000|  0%| F|  |TAMS 0x00000000cb000000| PB 0x00000000cb000000| Untracked |  0
|  44|0x00000000cc000000, 0x00000000cc000000, 0x00000000cd000000|  0%| F|  |TAMS 0x00000000cc000000| PB 0x00000000cc000000| Untracked |  0
|  45|0x00000000cd000000, 0x00000000cd000000, 0x00000000ce000000|  0%| F|  |TAMS 0x00000000cd000000| PB 0x00000000cd000000| Untracked |  0
|  46|0x00000000ce000000, 0x00000000ce000000, 0x00000000cf000000|  0%| F|  |TAMS 0x00000000ce000000| PB 0x00000000ce000000| Untracked |  0
|  47|0x00000000cf000000, 0x00000000cf000000, 0x00000000d0000000|  0%| F|  |TAMS 0x00000000cf000000| PB 0x00000000cf000000| Untracked |  0
|  48|0x00000000d0000000, 0x00000000d0000000, 0x00000000d1000000|  0%| F|  |TAMS 0x00000000d0000000| PB 0x00000000d0000000| Untracked |  0
|  49|0x00000000d1000000, 0x00000000d1000000, 0x00000000d2000000|  0%| F|  |TAMS 0x00000000d1000000| PB 0x00000000d1000000| Untracked |  0
|  50|0x00000000d2000000, 0x00000000d2000000, 0x00000000d3000000|  0%| F|  |TAMS 0x00000000d2000000| PB 0x00000000d2000000| Untracked |  0
|  51|0x00000000d3000000, 0x00000000d3000000, 0x00000000d4000000|  0%| F|  |TAMS 0x00000000d3000000| PB 0x00000000d3000000| Untracked |  0
|  52|0x00000000d4000000, 0x00000000d4000000, 0x00000000d5000000|  0%| F|  |TAMS 0x00000000d4000000| PB 0x00000000d4000000| Untracked |  0
|  53|0x00000000d5000000, 0x00000000d5000000, 0x00000000d6000000|  0%| F|  |TAMS 0x00000000d5000000| PB 0x00000000d5000000| Untracked |  0
|  54|0x00000000d6000000, 0x00000000d6000000, 0x00000000d7000000|  0%| F|  |TAMS 0x00000000d6000000| PB 0x00000000d6000000| Untracked |  0
|  55|0x00000000d7000000, 0x00000000d7000000, 0x00000000d8000000|  0%| F|  |TAMS 0x00000000d7000000| PB 0x00000000d7000000| Untracked |  0
|  56|0x00000000d8000000, 0x00000000d8000000, 0x00000000d9000000|  0%| F|  |TAMS 0x00000000d8000000| PB 0x00000000d8000000| Untracked |  0
|  57|0x00000000d9000000, 0x00000000d9000000, 0x00000000da000000|  0%| F|  |TAMS 0x00000000d9000000| PB 0x00000000d9000000| Untracked |  0
|  58|0x00000000da000000, 0x00000000da000000, 0x00000000db000000|  0%| F|  |TAMS 0x00000000da000000| PB 0x00000000da000000| Untracked |  0
|  59|0x00000000db000000, 0x00000000db000000, 0x00000000dc000000|  0%| F|  |TAMS 0x00000000db000000| PB 0x00000000db000000| Untracked |  0
|  60|0x00000000dc000000, 0x00000000dc000000, 0x00000000dd000000|  0%| F|  |TAMS 0x00000000dc000000| PB 0x00000000dc000000| Untracked |  0
|  61|0x00000000dd000000, 0x00000000dd000000, 0x00000000de000000|  0%| F|  |TAMS 0x00000000dd000000| PB 0x00000000dd000000| Untracked |  0
|  62|0x00000000de000000, 0x00000000de000000, 0x00000000df000000|  0%| F|  |TAMS 0x00000000de000000| PB 0x00000000de000000| Untracked |  0
|  63|0x00000000df000000, 0x00000000df000000, 0x00000000e0000000|  0%| F|  |TAMS 0x00000000df000000| PB 0x00000000df000000| Untracked |  0
|  64|0x00000000e0000000, 0x00000000e0000000, 0x00000000e1000000|  0%| F|  |TAMS 0x00000000e0000000| PB 0x00000000e0000000| Untracked |  0
|  65|0x00000000e1000000, 0x00000000e1000000, 0x00000000e2000000|  0%| F|  |TAMS 0x00000000e1000000| PB 0x00000000e1000000| Untracked |  0
|  66|0x00000000e2000000, 0x00000000e2000000, 0x00000000e3000000|  0%| F|  |TAMS 0x00000000e2000000| PB 0x00000000e2000000| Untracked |  0
|  67|0x00000000e3000000, 0x00000000e3000000, 0x00000000e4000000|  0%| F|  |TAMS 0x00000000e3000000| PB 0x00000000e3000000| Untracked |  0
|  68|0x00000000e4000000, 0x00000000e4000000, 0x00000000e5000000|  0%| F|  |TAMS 0x00000000e4000000| PB 0x00000000e4000000| Untracked |  0
|  69|0x00000000e5000000, 0x00000000e5000000, 0x00000000e6000000|  0%| F|  |TAMS 0x00000000e5000000| PB 0x00000000e5000000| Untracked |  0
|  70|0x00000000e6000000, 0x00000000e6000000, 0x00000000e7000000|  0%| F|  |TAMS 0x00000000e6000000| PB 0x00000000e6000000| Untracked |  0
|  71|0x00000000e7000000, 0x00000000e7000000, 0x00000000e8000000|  0%| F|  |TAMS 0x00000000e7000000| PB 0x00000000e7000000| Untracked |  0
|  72|0x00000000e8000000, 0x00000000e8000000, 0x00000000e9000000|  0%| F|  |TAMS 0x00000000e8000000| PB 0x00000000e8000000| Untracked |  0
|  73|0x00000000e9000000, 0x00000000e9000000, 0x00000000ea000000|  0%| F|  |TAMS 0x00000000e9000000| PB 0x00000000e9000000| Untracked |  0
|  74|0x00000000ea000000, 0x00000000ea000000, 0x00000000eb000000|  0%| F|  |TAMS 0x00000000ea000000| PB 0x00000000ea000000| Untracked |  0
|  75|0x00000000eb000000, 0x00000000eb000000, 0x00000000ec000000|  0%| F|  |TAMS 0x00000000eb000000| PB 0x00000000eb000000| Untracked |  0
|  76|0x00000000ec000000, 0x00000000ec000000, 0x00000000ed000000|  0%| F|  |TAMS 0x00000000ec000000| PB 0x00000000ec000000| Untracked |  0
|  77|0x00000000ed000000, 0x00000000ed000000, 0x00000000ee000000|  0%| F|  |TAMS 0x00000000ed000000| PB 0x00000000ed000000| Untracked |  0
|  78|0x00000000ee000000, 0x00000000ee000000, 0x00000000ef000000|  0%| F|  |TAMS 0x00000000ee000000| PB 0x00000000ee000000| Untracked |  0
|  79|0x00000000ef000000, 0x00000000ef000000, 0x00000000f0000000|  0%| F|  |TAMS 0x00000000ef000000| PB 0x00000000ef000000| Untracked |  0
|  80|0x00000000f0000000, 0x00000000f0000000, 0x00000000f1000000|  0%| F|  |TAMS 0x00000000f0000000| PB 0x00000000f0000000| Untracked |  0
|  81|0x00000000f1000000, 0x00000000f1000000, 0x00000000f2000000|  0%| F|  |TAMS 0x00000000f1000000| PB 0x00000000f1000000| Untracked |  0
|  82|0x00000000f2000000, 0x00000000f2000000, 0x00000000f3000000|  0%| F|  |TAMS 0x00000000f2000000| PB 0x00000000f2000000| Untracked |  0
|  83|0x00000000f3000000, 0x00000000f3000000, 0x00000000f4000000|  0%| F|  |TAMS 0x00000000f3000000| PB 0x00000000f3000000| Untracked |  0
|  84|0x00000000f4000000, 0x00000000f4000000, 0x00000000f5000000|  0%| F|  |TAMS 0x00000000f4000000| PB 0x00000000f4000000| Untracked |  0
|  85|0x00000000f5000000, 0x00000000f5000000, 0x00000000f6000000|  0%| F|  |TAMS 0x00000000f5000000| PB 0x00000000f5000000| Untracked |  0
|  86|0x00000000f6000000, 0x00000000f6000000, 0x00000000f7000000|  0%| F|  |TAMS 0x00000000f6000000| PB 0x00000000f6000000| Untracked |  0
|  87|0x00000000f7000000, 0x00000000f7000000, 0x00000000f8000000|  0%| F|  |TAMS 0x00000000f7000000| PB 0x00000000f7000000| Untracked |  0
|  88|0x00000000f8000000, 0x00000000f8000000, 0x00000000f9000000|  0%| F|  |TAMS 0x00000000f8000000| PB 0x00000000f8000000| Untracked |  0
|  89|0x00000000f9000000, 0x00000000f9000000, 0x00000000fa000000|  0%| F|  |TAMS 0x00000000f9000000| PB 0x00000000f9000000| Untracked |  0
|  90|0x00000000fa000000, 0x00000000fa000000, 0x00000000fb000000|  0%| F|  |TAMS 0x00000000fa000000| PB 0x00000000fa000000| Untracked |  0
|  91|0x00000000fb000000, 0x00000000fb000000, 0x00000000fc000000|  0%| F|  |TAMS 0x00000000fb000000| PB 0x00000000fb000000| Untracked |  0
|  92|0x00000000fc000000, 0x00000000fc000000, 0x00000000fd000000|  0%| F|  |TAMS 0x00000000fc000000| PB 0x00000000fc000000| Untracked |  0
|  93|0x00000000fd000000, 0x00000000fd000000, 0x00000000fe000000|  0%| F|  |TAMS 0x00000000fd000000| PB 0x00000000fd000000| Untracked |  0
|  94|0x00000000fe000000, 0x00000000fe000000, 0x00000000ff000000|  0%| F|  |TAMS 0x00000000fe000000| PB 0x00000000fe000000| Untracked |  0
|  95|0x00000000ff000000, 0x00000000ff000000, 0x0000000100000000|  0%| F|  |TAMS 0x00000000ff000000| PB 0x00000000ff000000| Untracked |  0
|  96|0x0000000100000000, 0x0000000100000000, 0x0000000101000000|  0%| F|  |TAMS 0x0000000100000000| PB 0x0000000100000000| Untracked |  0
|  97|0x0000000101000000, 0x0000000101000000, 0x0000000102000000|  0%| F|  |TAMS 0x0000000101000000| PB 0x0000000101000000| Untracked |  0
|  98|0x0000000102000000, 0x0000000102000000, 0x0000000103000000|  0%| F|  |TAMS 0x0000000102000000| PB 0x0000000102000000| Untracked |  0
|  99|0x0000000103000000, 0x0000000103000000, 0x0000000104000000|  0%| F|  |TAMS 0x0000000103000000| PB 0x0000000103000000| Untracked |  0
| 100|0x0000000104000000, 0x0000000104000000, 0x0000000105000000|  0%| F|  |TAMS 0x0000000104000000| PB 0x0000000104000000| Untracked |  0
| 101|0x0000000105000000, 0x0000000105000000, 0x0000000106000000|  0%| F|  |TAMS 0x0000000105000000| PB 0x0000000105000000| Untracked |  0
| 102|0x0000000106000000, 0x0000000106000000, 0x0000000107000000|  0%| F|  |TAMS 0x0000000106000000| PB 0x0000000106000000| Untracked |  0
| 103|0x0000000107000000, 0x0000000107000000, 0x0000000108000000|  0%| F|  |TAMS 0x0000000107000000| PB 0x0000000107000000| Untracked |  0
| 104|0x0000000108000000, 0x0000000108000000, 0x0000000109000000|  0%| F|  |TAMS 0x0000000108000000| PB 0x0000000108000000| Untracked |  0
| 105|0x0000000109000000, 0x0000000109000000, 0x000000010a000000|  0%| F|  |TAMS 0x0000000109000000| PB 0x0000000109000000| Untracked |  0
| 106|0x000000010a000000, 0x000000010a000000, 0x000000010b000000|  0%| F|  |TAMS 0x000000010a000000| PB 0x000000010a000000| Untracked |  0
| 107|0x000000010b000000, 0x000000010b000000, 0x000000010c000000|  0%| F|  |TAMS 0x000000010b000000| PB 0x000000010b000000| Untracked |  0
| 108|0x000000010c000000, 0x000000010c000000, 0x000000010d000000|  0%| F|  |TAMS 0x000000010c000000| PB 0x000000010c000000| Untracked |  0
| 109|0x000000010d000000, 0x000000010d000000, 0x000000010e000000|  0%| F|  |TAMS 0x000000010d000000| PB 0x000000010d000000| Untracked |  0
| 110|0x000000010e000000, 0x000000010e000000, 0x000000010f000000|  0%| F|  |TAMS 0x000000010e000000| PB 0x000000010e000000| Untracked |  0
| 111|0x000000010f000000, 0x000000010f000000, 0x0000000110000000|  0%| F|  |TAMS 0x000000010f000000| PB 0x000000010f000000| Untracked |  0
| 112|0x0000000110000000, 0x0000000110000000, 0x0000000111000000|  0%| F|  |TAMS 0x0000000110000000| PB 0x0000000110000000| Untracked |  0
| 113|0x0000000111000000, 0x0000000111000000, 0x0000000112000000|  0%| F|  |TAMS 0x0000000111000000| PB 0x0000000111000000| Untracked |  0
| 114|0x0000000112000000, 0x0000000112000000, 0x0000000113000000|  0%| F|  |TAMS 0x0000000112000000| PB 0x0000000112000000| Untracked |  0
| 115|0x0000000113000000, 0x0000000113000000, 0x0000000114000000|  0%| F|  |TAMS 0x0000000113000000| PB 0x0000000113000000| Untracked |  0
| 116|0x0000000114000000, 0x0000000114000000, 0x0000000115000000|  0%| F|  |TAMS 0x0000000114000000| PB 0x0000000114000000| Untracked |  0
| 117|0x0000000115000000, 0x0000000115000000, 0x0000000116000000|  0%| F|  |TAMS 0x0000000115000000| PB 0x0000000115000000| Untracked |  0
| 118|0x0000000116000000, 0x0000000116000000, 0x0000000117000000|  0%| F|  |TAMS 0x0000000116000000| PB 0x0000000116000000| Untracked |  0
| 119|0x0000000117000000, 0x0000000117000000, 0x0000000118000000|  0%| F|  |TAMS 0x0000000117000000| PB 0x0000000117000000| Untracked |  0
| 120|0x0000000118000000, 0x0000000118000000, 0x0000000119000000|  0%| F|  |TAMS 0x0000000118000000| PB 0x0000000118000000| Untracked |  0
| 121|0x0000000119000000, 0x0000000119000000, 0x000000011a000000|  0%| F|  |TAMS 0x0000000119000000| PB 0x0000000119000000| Untracked |  0
| 122|0x000000011a000000, 0x000000011a000000, 0x000000011b000000|  0%| F|  |TAMS 0x000000011a000000| PB 0x000000011a000000| Untracked |  0
| 123|0x000000011b000000, 0x000000011b000000, 0x000000011c000000|  0%| F|  |TAMS 0x000000011b000000| PB 0x000000011b000000| Untracked |  0
| 124|0x000000011c000000, 0x000000011c000000, 0x000000011d000000|  0%| F|  |TAMS 0x000000011c000000| PB 0x000000011c000000| Untracked |  0
| 125|0x000000011d000000, 0x000000011d000000, 0x000000011e000000|  0%| F|  |TAMS 0x000000011d000000| PB 0x000000011d000000| Untracked |  0
| 126|0x000000011e000000, 0x000000011e000000, 0x000000011f000000|  0%| F|  |TAMS 0x000000011e000000| PB 0x000000011e000000| Untracked |  0
| 127|0x000000011f000000, 0x000000011f3d70c0, 0x0000000120000000| 24%| E|  |TAMS 0x000000011f000000| PB 0x000000011f000000| Complete |  0
|1887|0x00000007ff000000, 0x00000007ff11c2a0, 0x0000000800000000|  6%| O|  |TAMS 0x00000007ff000000| PB 0x00000007ff000000| Untracked |  0

Card table byte_map: [0x00007f4ef7163000,0x00007f4efac63000] _byte_map_base: 0x00007f4ef6c63000

Marking Bits: (CMBitMap*) 0x00007f4f0c06de30
 Bits: [0x00007f4ed9963000, 0x00007f4ef7163000)

Polling page: 0x00007f4f15e87000

Metaspace:

Usage:
  Non-class:     50.32 KB used.
      Class:      3.82 KB used.
       Both:     54.14 KB used.

Virtual space:
  Non-class space:       64.00 MB reserved,     128.00 KB ( <1%) committed,  1 nodes.
      Class space:        1.00 GB reserved,     128.00 KB ( <1%) committed,  1 nodes.
             Both:        1.06 GB reserved,     256.00 KB ( <1%) committed. 

Chunk freelists:
   Non-Class:  12.00 MB
       Class:  15.75 MB
        Both:  27.74 MB

MaxMetaspaceSize: unlimited
CompressedClassSpaceSize: 1.00 GB
Initial GC threshold: 21.00 MB
Current GC threshold: 21.00 MB
CDS: on
 - commit_granule_bytes: 65536.
 - commit_granule_words: 8192.
 - virtual_space_node_default_size: 8388608.
 - enlarge_chunks_in_place: 1.
UseCompressedClassPointers 1, UseCompactObjectHeaders 0
Narrow klass pointer bits 32, Max shift 3
Narrow klass base: 0x00007f4e76000000, Narrow klass shift: 0
Encoding Range: [0x00007f4e76000000 - 0x00007f4f76000000), (4294967296 bytes)
Klass Range:    [0x00007f4e76000000 - 0x00007f4eb7000000), (1090519040 bytes)
Klass ID Range:  [8 - 1090519033) (1090519025)


Internal statistics:

num_allocs: 1139.
num_deallocs: 0.
num_allocs_from_deallocated_blocks: 0.
num_chunks_retired: 0.
num_allocs_failed_limit: 0.
num_arena_births: 4.
num_arena_deaths: 0.
num_vsnodes_births: 2.
num_vsnodes_deaths: 0.
num_space_committed: 4.
num_space_uncommitted: 0.
num_chunks_returned_to_freelist: 0.
num_chunks_taken_from_freelist: 5.
num_chunk_merges: 0.
num_chunk_splits: 3.
num_chunks_enlarged: 0.
num_inconsistent_stats: 0.

CodeCache: size=49152Kb used=1292Kb max_used=1301Kb free=47859Kb
 bounds [0x00007f4f0056d000, 0x00007f4f007dd000, 0x00007f4f0356d000]
 total_blobs=623, nmethods=3, adapters=571, full_count=0
Compilation: enabled, stopped_count=0, restarted_count=0

Compilation events (2 events):
Event: 35.548 Thread 0x00007f4f0c312240    3 %  b        test::micro @ 14 (57 bytes)
Event: 213.304 Thread 0x00007f4f0c312240 nmethod 3% 0x00007f4f006acf88 code [0x00007f4f006ad0c0, 0x00007f4f006ad460]

GC Heap History (0 events):
No events

Dll operation events (7 events):
Event: 34.073 Loaded shared library /home/jatinbha/sandboxes/jdk/jdk/build/linux-x86_64-server-slowdebug/images/jdk/lib/libjava.so
Event: 35.461 Loaded shared library /home/jatinbha/sandboxes/jdk/jdk/build/linux-x86_64-server-slowdebug/images/jdk/lib/libsimdsort.so
Event: 35.518 Loaded shared library /home/jatinbha/sandboxes/jdk/jdk/build/linux-x86_64-server-slowdebug/images/jdk/lib/libjsvml.so
Event: 213.304 Loading shared library /home/jatinbha/sandboxes/jdk/jdk/build/linux-x86_64-server-slowdebug/images/jdk/lib/server/libhsdis-amd64.so failed, /home/jatinbha/sandboxes/jdk/jdk/build/linux-x86_64-server-slowdebug/images/jdk/lib/server/libhsdis-amd64.so: canno
Event: 213.304 Loading shared library /home/jatinbha/sandboxes/jdk/jdk/build/linux-x86_64-server-slowdebug/images/jdk/lib/server/hsdis-amd64.so failed, /home/jatinbha/sandboxes/jdk/jdk/build/linux-x86_64-server-slowdebug/images/jdk/lib/server/hsdis-amd64.so: cannot open
Event: 213.304 Loading shared library /home/jatinbha/sandboxes/jdk/jdk/build/linux-x86_64-server-slowdebug/images/jdk/lib/hsdis-amd64.so failed, /home/jatinbha/sandboxes/jdk/jdk/build/linux-x86_64-server-slowdebug/images/jdk/lib/hsdis-amd64.so: cannot open shared object
Event: 213.407 Loaded shared library hsdis-amd64.so

Deoptimization events (0 events):
No events

Classes loaded (6 events):
Event: 35.532 Loading class jdk/internal/vm/PostVMInitHook
Event: 35.532 Loading class jdk/internal/vm/PostVMInitHook done
Event: 35.534 Loading class jdk/internal/loader/URLClassPath$FileLoader
Event: 35.535 Loading class jdk/internal/loader/URLClassPath$FileLoader done
Event: 35.536 Loading class jdk/internal/loader/URLClassPath$FileLoader$1
Event: 35.536 Loading class jdk/internal/loader/URLClassPath$FileLoader$1 done

Classes unloaded (0 events):
No events

Classes redefined (0 events):
No events

Internal exceptions (0 events):
No events

VM Operations (0 events):
No events

Memory protections (9 events):
Event: 34.007 Protecting memory [0x00007f4f12dcd000,0x00007f4f12dd1000] with protection modes 0
Event: 35.371 Protecting memory [0x00007f4ec61c3000,0x00007f4ec61c7000] with protection modes 0
Event: 35.371 Protecting memory [0x00007f4ec60c2000,0x00007f4ec60c6000] with protection modes 0
Event: 35.374 Protecting memory [0x00007f4ec64c6000,0x00007f4ec64ca000] with protection modes 0
Event: 35.374 Protecting memory [0x00007f4ec65c7000,0x00007f4ec65cb000] with protection modes 0
Event: 35.374 Protecting memory [0x00007f4ec59cf000,0x00007f4ec59d3000] with protection modes 0
Event: 35.374 Protecting memory [0x00007f4ec58ce000,0x00007f4ec58d2000] with protection modes 0
Event: 35.531 Protecting memory [0x00007f4ec5662000,0x00007f4ec5666000] with protection modes 0
Event: 35.540 Protecting memory [0x00007f4ec5561000,0x00007f4ec5565000] with protection modes 0

Nmethod flushes (0 events):
No events

Events (9 events):
Event: 35.142 Thread 0x00007f4f0c02c0c0 Thread added: 0x00007f4f0c02c0c0
Event: 35.371 Thread 0x00007f4f0c02c0c0 Thread added: 0x00007f4f0c2fc4f0
Event: 35.371 Thread 0x00007f4f0c02c0c0 Thread added: 0x00007f4f0c2fd3e0
Event: 35.374 Thread 0x00007f4f0c02c0c0 Thread added: 0x00007f4f0c2fe690
Event: 35.374 Thread 0x00007f4f0c02c0c0 Thread added: 0x00007f4f0c2ff9f0
Event: 35.374 Thread 0x00007f4f0c02c0c0 Thread added: 0x00007f4f0c300c10
Event: 35.374 Thread 0x00007f4f0c02c0c0 Thread added: 0x00007f4f0c312240
Event: 35.531 Thread 0x00007f4f0c02c0c0 Thread added: 0x00007f4f0c335a50
Event: 35.540 Thread 0x00007f4f0c02c0c0 Thread added: 0x00007f4f0c33b610


Dynamic libraries:
a0000000-120000000 rw-p 00000000 00:00 0 
120000000-7ff000000 ---p 00000000 00:00 0 
7ff000000-7ff11d000 rw-p 00e1e000 08:02 25338052                         /home/jatinbha/sandboxes/jdk/jdk/build/linux-x86_64-server-slowdebug/images/jdk/lib/server/classes.jsa
7ff11d000-800000000 rw-p 00000000 00:00 0 
55eef8727000-55eef8728000 r--p 00000000 08:02 25314552                   /home/jatinbha/sandboxes/jdk/jdk/build/linux-x86_64-server-slowdebug/images/jdk/bin/java
55eef8728000-55eef8729000 r-xp 00001000 08:02 25314552                   /home/jatinbha/sandboxes/jdk/jdk/build/linux-x86_64-server-slowdebug/images/jdk/bin/java
55eef8729000-55eef872a000 r--p 00002000 08:02 25314552                   /home/jatinbha/sandboxes/jdk/jdk/build/linux-x86_64-server-slowdebug/images/jdk/bin/java
55eef872a000-55eef872b000 r--p 00002000 08:02 25314552                   /home/jatinbha/sandboxes/jdk/jdk/build/linux-x86_64-server-slowdebug/images/jdk/bin/java
55eef872b000-55eef872c000 rw-p 00003000 08:02 25314552                   /home/jatinbha/sandboxes/jdk/jdk/build/linux-x86_64-server-slowdebug/images/jdk/bin/java
55eef882f000-55eef8875000 rw-p 00000000 00:00 0                          [heap]
7f4e48000000-7f4e48021000 rw-p 00000000 00:00 0 
7f4e48021000-7f4e4c000000 ---p 00000000 00:00 0 
7f4e50000000-7f4e50154000 rw-p 00000000 00:00 0 
7f4e50154000-7f4e54000000 ---p 00000000 00:00 0 
7f4e54000000-7f4e54021000 rw-p 00000000 00:00 0 
7f4e54021000-7f4e58000000 ---p 00000000 00:00 0 
7f4e58000000-7f4e58021000 rw-p 00000000 00:00 0 
7f4e58021000-7f4e5c000000 ---p 00000000 00:00 0 
7f4e5c000000-7f4e5c021000 rw-p 00000000 00:00 0 
7f4e5c021000-7f4e60000000 ---p 00000000 00:00 0 
7f4e60000000-7f4e60021000 rw-p 00000000 00:00 0 
7f4e60021000-7f4e64000000 ---p 00000000 00:00 0 
7f4e64000000-7f4e64021000 rw-p 00000000 00:00 0 
7f4e64021000-7f4e68000000 ---p 00000000 00:00 0 
7f4e68000000-7f4e68021000 rw-p 00000000 00:00 0 
7f4e68021000-7f4e6c000000 ---p 00000000 00:00 0 
7f4e6c000000-7f4e6c010000 rw-p 00000000 00:00 0 
7f4e6c010000-7f4e6c400000 ---p 00000000 00:00 0 
7f4e6c400000-7f4e6c410000 rw-p 00000000 00:00 0 
7f4e6c410000-7f4e70000000 ---p 00000000 00:00 0 
7f4e70000000-7f4e70021000 rw-p 00000000 00:00 0 
7f4e70021000-7f4e74000000 ---p 00000000 00:00 0 
7f4e75174000-7f4e76000000 rw-p 00000000 00:00 0 
7f4e76000000-7f4e76de8000 rw-p 00001000 08:02 25338052                   /home/jatinbha/sandboxes/jdk/jdk/build/linux-x86_64-server-slowdebug/images/jdk/lib/server/classes.jsa
7f4e76de8000-7f4e77000000 ---p 00000000 00:00 0 
7f4e77000000-7f4e77010000 rw-p 00000000 00:00 0 
7f4e77010000-7f4e77040000 ---p 00000000 00:00 0 
7f4e77040000-7f4e77050000 rw-p 00000000 00:00 0 
7f4e77050000-7f4eb7000000 ---p 00000000 00:00 0 
7f4eb70be000-7f4eb8000000 rw-p 00000000 00:00 0 
7f4eb8000000-7f4eb8021000 rw-p 00000000 00:00 0 
7f4eb8021000-7f4ebc000000 ---p 00000000 00:00 0 
7f4ebc000000-7f4ebc021000 rw-p 00000000 00:00 0 
7f4ebc021000-7f4ec0000000 ---p 00000000 00:00 0 
7f4ec0000000-7f4ec0021000 rw-p 00000000 00:00 0 
7f4ec0021000-7f4ec4000000 ---p 00000000 00:00 0 
7f4ec42ab000-7f4ec5130000 rw-p 00000000 00:00 0 
7f4ec5130000-7f4ec5286000 r-xp 00000000 08:02 21765380                   /home/jatinbha/softwares/hsdis-amd64.so
7f4ec5286000-7f4ec5486000 ---p 00156000 08:02 21765380                   /home/jatinbha/softwares/hsdis-amd64.so
7f4ec5486000-7f4ec5555000 r--p 00156000 08:02 21765380                   /home/jatinbha/softwares/hsdis-amd64.so
7f4ec5555000-7f4ec555c000 rw-p 00225000 08:02 21765380                   /home/jatinbha/softwares/hsdis-amd64.so
7f4ec555c000-7f4ec5561000 rw-p 00000000 00:00 0 
7f4ec5561000-7f4ec5565000 ---p 00000000 00:00 0 
7f4ec5565000-7f4ec5662000 rw-p 00000000 00:00 0 
7f4ec5662000-7f4ec5666000 ---p 00000000 00:00 0 
7f4ec5666000-7f4ec5763000 rw-p 00000000 00:00 0 
7f4ec5763000-7f4ec5767000 r--p 00000000 08:02 25320582                   /home/jatinbha/sandboxes/jdk/jdk/build/linux-x86_64-server-slowdebug/images/jdk/lib/libjsvml.so
7f4ec5767000-7f4ec57a8000 r-xp 00004000 08:02 25320582                   /home/jatinbha/sandboxes/jdk/jdk/build/linux-x86_64-server-slowdebug/images/jdk/lib/libjsvml.so
7f4ec57a8000-7f4ec5831000 r--p 00045000 08:02 25320582                   /home/jatinbha/sandboxes/jdk/jdk/build/linux-x86_64-server-slowdebug/images/jdk/lib/libjsvml.so
7f4ec5831000-7f4ec5832000 r--p 000cd000 08:02 25320582                   /home/jatinbha/sandboxes/jdk/jdk/build/linux-x86_64-server-slowdebug/images/jdk/lib/libjsvml.so
7f4ec5832000-7f4ec5833000 rw-p 000ce000 08:02 25320582                   /home/jatinbha/sandboxes/jdk/jdk/build/linux-x86_64-server-slowdebug/images/jdk/lib/libjsvml.so
7f4ec5833000-7f4ec5836000 r--p 00000000 08:02 25320036                   /home/jatinbha/sandboxes/jdk/jdk/build/linux-x86_64-server-slowdebug/images/jdk/lib/libsimdsort.so
7f4ec5836000-7f4ec58bb000 r-xp 00003000 08:02 25320036                   /home/jatinbha/sandboxes/jdk/jdk/build/linux-x86_64-server-slowdebug/images/jdk/lib/libsimdsort.so
7f4ec58bb000-7f4ec58cc000 r--p 00088000 08:02 25320036                   /home/jatinbha/sandboxes/jdk/jdk/build/linux-x86_64-server-slowdebug/images/jdk/lib/libsimdsort.so
7f4ec58cc000-7f4ec58cd000 r--p 00098000 08:02 25320036                   /home/jatinbha/sandboxes/jdk/jdk/build/linux-x86_64-server-slowdebug/images/jdk/lib/libsimdsort.so
7f4ec58cd000-7f4ec58ce000 rw-p 00099000 08:02 25320036                   /home/jatinbha/sandboxes/jdk/jdk/build/linux-x86_64-server-slowdebug/images/jdk/lib/libsimdsort.so
7f4ec58ce000-7f4ec58d2000 ---p 00000000 00:00 0 
7f4ec58d2000-7f4ec59cf000 rw-p 00000000 00:00 0 
7f4ec59cf000-7f4ec59d3000 ---p 00000000 00:00 0 
7f4ec59d3000-7f4ec5ad0000 rw-p 00000000 00:00 0 
7f4ec5ad0000-7f4ec6040000 r--p 00000000 08:02 7078745                    /usr/lib/locale/locale-archive
7f4ec6040000-7f4ec60c1000 rw-p 00000000 00:00 0 
7f4ec60c1000-7f4ec60c2000 ---p 00000000 00:00 0 
7f4ec60c2000-7f4ec60c6000 ---p 00000000 00:00 0 
7f4ec60c6000-7f4ec61c2000 rw-p 00000000 00:00 0 
7f4ec61c2000-7f4ec61c3000 ---p 00000000 00:00 0 
7f4ec61c3000-7f4ec61c7000 ---p 00000000 00:00 0 
7f4ec61c7000-7f4ec62c3000 rw-p 00000000 00:00 0 
7f4ec62c3000-7f4ec62c4000 ---p 00000000 00:00 0 
7f4ec62c4000-7f4ec63c4000 rw-p 00000000 00:00 0 
7f4ec63c4000-7f4ec63c5000 ---p 00000000 00:00 0 
7f4ec63c5000-7f4ec64c5000 rw-p 00000000 00:00 0 
7f4ec64c5000-7f4ec64c6000 ---p 00000000 00:00 0 
7f4ec64c6000-7f4ec64ca000 ---p 00000000 00:00 0 
7f4ec64ca000-7f4ec65c6000 rw-p 00000000 00:00 0 
7f4ec65c6000-7f4ec65c7000 ---p 00000000 00:00 0 
7f4ec65c7000-7f4ec65cb000 ---p 00000000 00:00 0 
7f4ec65cb000-7f4ec66c7000 rw-p 00000000 00:00 0 
7f4ec66c7000-7f4ec66c8000 ---p 00000000 00:00 0 
7f4ec66c8000-7f4ec67c8000 rw-p 00000000 00:00 0 
7f4ec67c8000-7f4ec67c9000 ---p 00000000 00:00 0 
7f4ec67c9000-7f4ecc000000 rw-p 00000000 00:00 0 
7f4ecc000000-7f4ecc021000 rw-p 00000000 00:00 0 
7f4ecc021000-7f4ed0000000 ---p 00000000 00:00 0 
7f4ed0000000-7f4ed0021000 rw-p 00000000 00:00 0 
7f4ed0021000-7f4ed4000000 ---p 00000000 00:00 0 
7f4ed4000000-7f4ed4021000 rw-p 00000000 00:00 0 
7f4ed4021000-7f4ed8000000 ---p 00000000 00:00 0 
7f4ed8004000-7f4ed9271000 rw-p 00000000 00:00 0 
7f4ed9271000-7f4ed9272000 ---p 00000000 00:00 0 
7f4ed9272000-7f4ed9372000 rw-p 00000000 00:00 0 
7f4ed9372000-7f4ed9373000 ---p 00000000 00:00 0 
7f4ed9373000-7f4ed9473000 rw-p 00000000 00:00 0 
7f4ed9473000-7f4ed9474000 ---p 00000000 00:00 0 
7f4ed9474000-7f4edb963000 rw-p 00000000 00:00 0 
7f4edb963000-7f4ef7123000 ---p 00000000 00:00 0 
7f4ef7123000-7f4ef7563000 rw-p 00000000 00:00 0 
7f4ef7563000-7f4efac5b000 ---p 00000000 00:00 0 
7f4efac5b000-7f4efb063000 rw-p 00000000 00:00 0 
7f4efb063000-7f4efe75b000 ---p 00000000 00:00 0 
7f4efe75b000-7f4f0056d000 rw-p 00000000 00:00 0 
7f4f0056d000-7f4f007dd000 rwxp 00000000 00:00 0 
7f4f007dd000-7f4f0356d000 ---p 00000000 00:00 0 
7f4f0356d000-7f4f0c000000 r--s 00000000 08:02 25297344                   /home/jatinbha/sandboxes/jdk/jdk/build/linux-x86_64-server-slowdebug/images/jdk/lib/modules
7f4f0c000000-7f4f0c33f000 rw-p 00000000 00:00 0 
7f4f0c33f000-7f4f10000000 ---p 00000000 00:00 0 
7f4f10028000-7f4f1002f000 r--s 00000000 08:02 7736501                    /usr/lib/x86_64-linux-gnu/gconv/gconv-modules.cache
7f4f1002f000-7f4f12d18000 rw-p 00000000 00:00 0 
7f4f12d18000-7f4f12d73000 ---p 00000000 00:00 0 
7f4f12d73000-7f4f12d7f000 r--p 00000000 08:02 25320007                   /home/jatinbha/sandboxes/jdk/jdk/build/linux-x86_64-server-slowdebug/images/jdk/lib/libjava.so
7f4f12d7f000-7f4f12d96000 r-xp 0000c000 08:02 25320007                   /home/jatinbha/sandboxes/jdk/jdk/build/linux-x86_64-server-slowdebug/images/jdk/lib/libjava.so
7f4f12d96000-7f4f12d9c000 r--p 00023000 08:02 25320007                   /home/jatinbha/sandboxes/jdk/jdk/build/linux-x86_64-server-slowdebug/images/jdk/lib/libjava.so
7f4f12d9c000-7f4f12d9d000 r--p 00028000 08:02 25320007                   /home/jatinbha/sandboxes/jdk/jdk/build/linux-x86_64-server-slowdebug/images/jdk/lib/libjava.so
7f4f12d9d000-7f4f12d9f000 rw-p 00029000 08:02 25320007                   /home/jatinbha/sandboxes/jdk/jdk/build/linux-x86_64-server-slowdebug/images/jdk/lib/libjava.so
7f4f12d9f000-7f4f12da7000 rw-s 00000000 08:02 3670970                    /tmp/hsperfdata_intel/3760123
7f4f12da7000-7f4f12dab000 r--p 00000000 08:02 25320008                   /home/jatinbha/sandboxes/jdk/jdk/build/linux-x86_64-server-slowdebug/images/jdk/lib/libjimage.so
7f4f12dab000-7f4f12dc2000 r-xp 00004000 08:02 25320008                   /home/jatinbha/sandboxes/jdk/jdk/build/linux-x86_64-server-slowdebug/images/jdk/lib/libjimage.so
7f4f12dc2000-7f4f12dc9000 r--p 0001b000 08:02 25320008                   /home/jatinbha/sandboxes/jdk/jdk/build/linux-x86_64-server-slowdebug/images/jdk/lib/libjimage.so
7f4f12dc9000-7f4f12dca000 ---p 00022000 08:02 25320008                   /home/jatinbha/sandboxes/jdk/jdk/build/linux-x86_64-server-slowdebug/images/jdk/lib/libjimage.so
7f4f12dca000-7f4f12dcc000 r--p 00022000 08:02 25320008                   /home/jatinbha/sandboxes/jdk/jdk/build/linux-x86_64-server-slowdebug/images/jdk/lib/libjimage.so
7f4f12dcc000-7f4f12dcd000 rw-p 00024000 08:02 25320008                   /home/jatinbha/sandboxes/jdk/jdk/build/linux-x86_64-server-slowdebug/images/jdk/lib/libjimage.so
7f4f12dcd000-7f4f12dd1000 ---p 00000000 00:00 0 
7f4f12dd1000-7f4f12ece000 rw-p 00000000 00:00 0 
7f4f12ece000-7f4f12edd000 r--p 00000000 08:02 7080075                    /usr/lib/x86_64-linux-gnu/libm-2.31.so
7f4f12edd000-7f4f12f84000 r-xp 0000f000 08:02 7080075                    /usr/lib/x86_64-linux-gnu/libm-2.31.so
7f4f12f84000-7f4f1301b000 r--p 000b6000 08:02 7080075                    /usr/lib/x86_64-linux-gnu/libm-2.31.so
7f4f1301b000-7f4f1301c000 r--p 0014c000 08:02 7080075                    /usr/lib/x86_64-linux-gnu/libm-2.31.so
7f4f1301c000-7f4f1301d000 rw-p 0014d000 08:02 7080075                    /usr/lib/x86_64-linux-gnu/libm-2.31.so
7f4f1301d000-7f4f13020000 r--p 00000000 08:02 7080092                    /usr/lib/x86_64-linux-gnu/librt-2.31.so
7f4f13020000-7f4f13024000 r-xp 00003000 08:02 7080092                    /usr/lib/x86_64-linux-gnu/librt-2.31.so
7f4f13024000-7f4f13025000 r--p 00007000 08:02 7080092                    /usr/lib/x86_64-linux-gnu/librt-2.31.so
7f4f13025000-7f4f13026000 ---p 00008000 08:02 7080092                    /usr/lib/x86_64-linux-gnu/librt-2.31.so
7f4f13026000-7f4f13027000 r--p 00008000 08:02 7080092                    /usr/lib/x86_64-linux-gnu/librt-2.31.so
7f4f13027000-7f4f13028000 rw-p 00009000 08:02 7080092                    /usr/lib/x86_64-linux-gnu/librt-2.31.so
7f4f13028000-7f4f13442000 r--p 00000000 08:02 25320094                   /home/jatinbha/sandboxes/jdk/jdk/build/linux-x86_64-server-slowdebug/images/jdk/lib/server/libjvm.so
7f4f13442000-7f4f149c7000 r-xp 0041a000 08:02 25320094                   /home/jatinbha/sandboxes/jdk/jdk/build/linux-x86_64-server-slowdebug/images/jdk/lib/server/libjvm.so
7f4f149c7000-7f4f159e8000 r--p 0199f000 08:02 25320094                   /home/jatinbha/sandboxes/jdk/jdk/build/linux-x86_64-server-slowdebug/images/jdk/lib/server/libjvm.so
7f4f159e8000-7f4f159e9000 ---p 029c0000 08:02 25320094                   /home/jatinbha/sandboxes/jdk/jdk/build/linux-x86_64-server-slowdebug/images/jdk/lib/server/libjvm.so
7f4f159e9000-7f4f15af5000 r--p 029c0000 08:02 25320094                   /home/jatinbha/sandboxes/jdk/jdk/build/linux-x86_64-server-slowdebug/images/jdk/lib/server/libjvm.so
7f4f15af5000-7f4f15b73000 rw-p 02acc000 08:02 25320094                   /home/jatinbha/sandboxes/jdk/jdk/build/linux-x86_64-server-slowdebug/images/jdk/lib/server/libjvm.so
7f4f15b73000-7f4f15c3c000 rw-p 00000000 00:00 0 
7f4f15c3c000-7f4f15c43000 r--p 00000000 08:02 7080090                    /usr/lib/x86_64-linux-gnu/libpthread-2.31.so
7f4f15c43000-7f4f15c54000 r-xp 00007000 08:02 7080090                    /usr/lib/x86_64-linux-gnu/libpthread-2.31.so
7f4f15c54000-7f4f15c59000 r--p 00018000 08:02 7080090                    /usr/lib/x86_64-linux-gnu/libpthread-2.31.so
7f4f15c59000-7f4f15c5a000 r--p 0001c000 08:02 7080090                    /usr/lib/x86_64-linux-gnu/libpthread-2.31.so
7f4f15c5a000-7f4f15c5b000 rw-p 0001d000 08:02 7080090                    /usr/lib/x86_64-linux-gnu/libpthread-2.31.so
7f4f15c5b000-7f4f15c5f000 rw-p 00000000 00:00 0 
7f4f15c5f000-7f4f15c60000 r--p 00000000 08:02 7080074                    /usr/lib/x86_64-linux-gnu/libdl-2.31.so
7f4f15c60000-7f4f15c62000 r-xp 00001000 08:02 7080074                    /usr/lib/x86_64-linux-gnu/libdl-2.31.so
7f4f15c62000-7f4f15c63000 r--p 00003000 08:02 7080074                    /usr/lib/x86_64-linux-gnu/libdl-2.31.so
7f4f15c63000-7f4f15c64000 r--p 00003000 08:02 7080074                    /usr/lib/x86_64-linux-gnu/libdl-2.31.so
7f4f15c64000-7f4f15c65000 rw-p 00004000 08:02 7080074                    /usr/lib/x86_64-linux-gnu/libdl-2.31.so
7f4f15c65000-7f4f15c67000 r--p 00000000 08:02 7078082                    /usr/lib/x86_64-linux-gnu/libz.so.1.2.11
7f4f15c67000-7f4f15c78000 r-xp 00002000 08:02 7078082                    /usr/lib/x86_64-linux-gnu/libz.so.1.2.11
7f4f15c78000-7f4f15c7e000 r--p 00013000 08:02 7078082                    /usr/lib/x86_64-linux-gnu/libz.so.1.2.11
7f4f15c7e000-7f4f15c7f000 ---p 00019000 08:02 7078082                    /usr/lib/x86_64-linux-gnu/libz.so.1.2.11
7f4f15c7f000-7f4f15c80000 r--p 00019000 08:02 7078082                    /usr/lib/x86_64-linux-gnu/libz.so.1.2.11
7f4f15c80000-7f4f15c81000 rw-p 0001a000 08:02 7078082                    /usr/lib/x86_64-linux-gnu/libz.so.1.2.11
7f4f15c81000-7f4f15ca6000 r--p 00000000 08:02 7080073                    /usr/lib/x86_64-linux-gnu/libc-2.31.so
7f4f15ca6000-7f4f15e1e000 r-xp 00025000 08:02 7080073                    /usr/lib/x86_64-linux-gnu/libc-2.31.so
7f4f15e1e000-7f4f15e68000 r--p 0019d000 08:02 7080073                    /usr/lib/x86_64-linux-gnu/libc-2.31.so
7f4f15e68000-7f4f15e69000 ---p 001e7000 08:02 7080073                    /usr/lib/x86_64-linux-gnu/libc-2.31.so
7f4f15e69000-7f4f15e6c000 r--p 001e7000 08:02 7080073                    /usr/lib/x86_64-linux-gnu/libc-2.31.so
7f4f15e6c000-7f4f15e6f000 rw-p 001ea000 08:02 7080073                    /usr/lib/x86_64-linux-gnu/libc-2.31.so
7f4f15e6f000-7f4f15e73000 rw-p 00000000 00:00 0 
7f4f15e73000-7f4f15e76000 r--p 00000000 08:02 7080081                    /usr/lib/x86_64-linux-gnu/libnss_files-2.31.so
7f4f15e76000-7f4f15e7d000 r-xp 00003000 08:02 7080081                    /usr/lib/x86_64-linux-gnu/libnss_files-2.31.so
7f4f15e7d000-7f4f15e7f000 r--p 0000a000 08:02 7080081                    /usr/lib/x86_64-linux-gnu/libnss_files-2.31.so
7f4f15e7f000-7f4f15e80000 r--p 0000b000 08:02 7080081                    /usr/lib/x86_64-linux-gnu/libnss_files-2.31.so
7f4f15e80000-7f4f15e81000 rw-p 0000c000 08:02 7080081                    /usr/lib/x86_64-linux-gnu/libnss_files-2.31.so
7f4f15e81000-7f4f15e87000 rw-p 00000000 00:00 0 
7f4f15e87000-7f4f15e88000 ---p 00000000 00:00 0 
7f4f15e88000-7f4f15e89000 r--p 00000000 00:00 0 
7f4f15e89000-7f4f15e8c000 r--p 00000000 08:02 25320011                   /home/jatinbha/sandboxes/jdk/jdk/build/linux-x86_64-server-slowdebug/images/jdk/lib/libjli.so
7f4f15e8c000-7f4f15e9a000 r-xp 00003000 08:02 25320011                   /home/jatinbha/sandboxes/jdk/jdk/build/linux-x86_64-server-slowdebug/images/jdk/lib/libjli.so
7f4f15e9a000-7f4f15e9e000 r--p 00011000 08:02 25320011                   /home/jatinbha/sandboxes/jdk/jdk/build/linux-x86_64-server-slowdebug/images/jdk/lib/libjli.so
7f4f15e9e000-7f4f15e9f000 r--p 00014000 08:02 25320011                   /home/jatinbha/sandboxes/jdk/jdk/build/linux-x86_64-server-slowdebug/images/jdk/lib/libjli.so
7f4f15e9f000-7f4f15ea0000 rw-p 00015000 08:02 25320011                   /home/jatinbha/sandboxes/jdk/jdk/build/linux-x86_64-server-slowdebug/images/jdk/lib/libjli.so
7f4f15ea0000-7f4f15ea2000 rw-p 00000000 00:00 0 
7f4f15ea2000-7f4f15ea3000 r--p 00000000 08:02 7080069                    /usr/lib/x86_64-linux-gnu/ld-2.31.so
7f4f15ea3000-7f4f15ec6000 r-xp 00001000 08:02 7080069                    /usr/lib/x86_64-linux-gnu/ld-2.31.so
7f4f15ec6000-7f4f15ece000 r--p 00024000 08:02 7080069                    /usr/lib/x86_64-linux-gnu/ld-2.31.so
7f4f15ece000-7f4f15ecf000 rwxp 00000000 00:00 0 
7f4f15ecf000-7f4f15ed0000 r--p 0002c000 08:02 7080069                    /usr/lib/x86_64-linux-gnu/ld-2.31.so
7f4f15ed0000-7f4f15ed1000 rw-p 0002d000 08:02 7080069                    /usr/lib/x86_64-linux-gnu/ld-2.31.so
7f4f15ed1000-7f4f15ed2000 rw-p 00000000 00:00 0 
7ffc60bd5000-7ffc60bf6000 rw-p 00000000 00:00 0                          [stack]
7ffc60bfa000-7ffc60bfe000 r--p 00000000 00:00 0                          [vvar]
7ffc60bfe000-7ffc60c00000 r-xp 00000000 00:00 0                          [vdso]
ffffffffff600000-ffffffffff601000 --xp 00000000 00:00 0                  [vsyscall]
Total number of mappings: 200

JVMTI agents: none


VM Arguments:
jvm_args: -XX:+PauseAtStartup -Xbatch -XX:CompileCommand=compileonly,test::micro -XX:CompileCommand=Print,test::micro -XX:-TieredCompilation 
java_command: test
java_class_path (initial): .
Launcher Type: SUN_STANDARD

[Global flags]
     bool AOTInvokeDynamicLinking                  = false                                  {diagnostic} {ergonomic}     AOT-link JVM_CONSTANT_InvokeDynamic entries in cached ConstantPools
     bool BackgroundCompilation                    = false                                  {pd product} {command line}  A thread requesting compilation is not blocked during compilation
     intx CICompilerCount                          = 18                                        {product} {ergonomic}     Number of compiler threads to run
ccstrlist CompileCommand                           = compileonly,test::micro
          CompileCommand                          += Print,test::micro                         {product} {command line}  Prepend to .hotspot_compiler; e.g. log,java/lang/String.<init>
     uint ConcGCThreads                            = 18                                        {product} {ergonomic}     Number of threads concurrent gc will use
     uint G1ConcRefinementThreads                  = 73                                        {product} {ergonomic}     The number of parallel remembered set update threads. Will be set ergonomically by default.
   size_t G1HeapRegionSize                         = 16777216                                  {product} {ergonomic}     Size of the G1 regions.
   size_t InitialHeapSize                          = 2147483648                                {product} {ergonomic}     Initial heap size (in bytes); zero means use ergonomics
   size_t MarkStackSize                            = 4194304                                   {product} {ergonomic}     Size of marking stack in bytes.
   size_t MarkStackSizeMax                         = 536870912                                 {product} {ergonomic}     Maximum size of marking stack in bytes.
   size_t MaxHeapSize                              = 31675383808                               {product} {ergonomic}     Maximum heap size (in bytes)
   size_t MaxNewSize                               = 18991808512                               {product} {ergonomic}     Maximum new generation size (in bytes), max_uintx means set ergonomically
   size_t MinHeapDeltaBytes                        = 16777216                                  {product} {ergonomic}     The minimum change in heap space due to GC (in bytes)
   size_t MinHeapSize                              = 16777216                                  {product} {ergonomic}     Minimum heap size (in bytes); zero means use ergonomics
    uintx NonNMethodCodeHeapSize                   = 4096                                   {pd product} {ergonomic}     Size of code heap with non-nmethods (in bytes)
    uintx NonProfiledCodeHeapSize                  = 0                                      {pd product} {ergonomic}     Size of code heap with non-profiled methods (in bytes)
     bool PauseAtStartup                           = true                                   {diagnostic} {command line}  Causes the VM to pause at startup time and wait for the pause file to be removed (default: ./vm.paused.<pid>)
    uintx ProfiledCodeHeapSize                     = 0                                      {pd product} {ergonomic}     Size of code heap with profiled methods (in bytes)
   size_t SoftMaxHeapSize                          = 31675383808                            {manageable} {ergonomic}     Soft limit for maximum heap size (in bytes)
     bool THPStackMitigation                       = false                                  {diagnostic} {ergonomic}     If THPs are unconditionally enabled on the system (mode "always"), the JVM will prevent THP from forming in thread stacks. When disabled, the absence of this mitigationallows THPs to form in thread stacks.
     bool TieredCompilation                        = false                                  {pd product} {command line}  Enable tiered compilation
     bool UseCompressedOops                        = true                           {product lp64_product} {ergonomic}   Use 32-bit object references in 64-bit VM. lp64_product means flag is always constant in 32 bit VM
     bool UseG1GC                                  = true                                      {product} {ergonomic}     Use the Garbage-First garbage collector

Logging:
Log output configuration:
 #0: stdout all=warning uptime,level,tags foldmultilines=false
 #1: stderr all=off uptime,level,tags foldmultilines=false

Environment Variables:
JAVA_HOME=/home/jatinbha/sandboxes/jdk/jdk/build/linux-x86_64-server-slowdebug/images/jdk/
PATH=/home/jatinbha/sandboxes/jdk/jdk/build/linux-x86_64-server-slowdebug/images/jdk//bin:/home/jatinbha/.local/bin:/home/jatinbha/bin:/home/jatinbha/softwares/jextract-22:/home/jatinbha/softwares/cmake-3.28.3-linux-x86_64/bin:/home/jatinbha/softwares/cmake-3.26.3-linux-x86_64/bin:/home/jatinbha/softwares/jdk-17.0.2//bin:/home/jatinbha/softwares/thrift-0.16.0/bin:/home/jatinbha/softwares/jdk8u322-b06//bin:/home/jatinbha/softwares/jdk-17//bin:/home/jatinbha/softwares/apache-maven-3.6.3/bin:/home/jatinbha/sandboxes/skara/build/bin:/usr/local/sbin:/usr/local/bin:/usr/sbin:/usr/bin:/sbin:/bin:/usr/games:/usr/local/games:/snap/bin
LD_LIBRARY_PATH=/home/jatinbha/softwares:
SHELL=/bin/bash
LANG=en_IN
TERM=xterm-256color

Active Locale:
LC_ALL=en_IN
LC_COLLATE=en_IN
LC_CTYPE=en_IN
LC_MESSAGES=en_IN
LC_MONETARY=en_IN
LC_NUMERIC=en_IN
LC_TIME=en_IN

Signal Handlers:
   SIGSEGV: crash_handler in libjvm.so, mask=11100100010111111101111111111110, flags=SA_RESTART|SA_SIGINFO, unblocked
    SIGBUS: crash_handler in libjvm.so, mask=11100100010111111101111111111110, flags=SA_RESTART|SA_SIGINFO, unblocked
    SIGFPE: crash_handler in libjvm.so, mask=11100100010111111101111111111110, flags=SA_RESTART|SA_SIGINFO, unblocked
   SIGPIPE: javaSignalHandler in libjvm.so, mask=11100100010111111101111111111110, flags=SA_RESTART|SA_SIGINFO, unblocked
   SIGXFSZ: javaSignalHandler in libjvm.so, mask=11100100010111111101111111111110, flags=SA_RESTART|SA_SIGINFO, unblocked
    SIGILL: crash_handler in libjvm.so, mask=11100100010111111101111111111110, flags=SA_RESTART|SA_SIGINFO, unblocked
   SIGUSR2: SR_handler in libjvm.so, mask=00000000000000000000000000000000, flags=SA_RESTART|SA_SIGINFO, unblocked
    SIGHUP: UserHandler in libjvm.so, mask=11100100010111111101111111111110, flags=SA_RESTART|SA_SIGINFO, unblocked
    SIGINT: UserHandler in libjvm.so, mask=11100100010111111101111111111110, flags=SA_RESTART|SA_SIGINFO, unblocked
   SIGTERM: UserHandler in libjvm.so, mask=11100100010111111101111111111110, flags=SA_RESTART|SA_SIGINFO, unblocked
   SIGQUIT: UserHandler in libjvm.so, mask=11100100010111111101111111111110, flags=SA_RESTART|SA_SIGINFO, blocked
   SIGTRAP: crash_handler in libjvm.so, mask=11100100010111111101111111111110, flags=SA_RESTART|SA_SIGINFO, unblocked


Native Memory Tracking:

(Omitting categories weighting less than 1KB)

Total: reserved=32971954KB, committed=2410930KB
       malloc: 201526KB #20845, peak=201288KB #20847
       mmap:   reserved=32770428KB, committed=2209404KB

-                 Java Heap (reserved=30932992KB, committed=2113536KB)
                            (mmap: reserved=30932992KB, committed=2113536KB, at peak)

-                     Class (reserved=1048636KB, committed=188KB)
                            (classes #503)
                            (  instance classes #410, array classes #93)
                            (malloc=60KB #522) (peak=60KB #522)
                            (mmap: reserved=1048576KB, committed=128KB, at peak)
                            (  Metadata:   )
                            (    reserved=65536KB, committed=128KB)
                            (    used=50KB)
                            (    waste=78KB =60.69%)
                            (  Class space:)
                            (    reserved=1048576KB, committed=128KB)
                            (    used=4KB)
                            (    waste=124KB =97.02%)

-                    Thread (reserved=16455KB, committed=787KB)
                            (threads #16)
                            (stack: reserved=16404KB, committed=736KB, peak=736KB)
                            (malloc=33KB #99) (peak=41KB #103)
                            (arena=18KB #30) (peak=79KB #26)

-                      Code (reserved=49844KB, committed=2824KB)
                            (malloc=308KB #9754) (peak=308KB #9759)
                            (mmap: reserved=49536KB, committed=2516KB, at peak)
                            (arena=1KB #1) (peak=34KB #2)

-                        GC (reserved=793395KB, committed=230515KB)
                            (malloc=152439KB #1160) (at peak)
                            (mmap: reserved=640956KB, committed=78076KB, at peak)

-                  Compiler (reserved=1265KB, committed=1265KB)
                            (malloc=66KB #34) (at peak)
                            (arena=1199KB #10) (peak=1705KB #10)

-                  Internal (reserved=45811KB, committed=45811KB)
                            (malloc=45775KB #7601) (peak=45775KB #7602)
                            (mmap: reserved=36KB, committed=36KB, at peak)

-                    Symbol (reserved=1130KB, committed=1130KB)
                            (malloc=770KB #31) (at peak)
                            (arena=360KB #1) (at peak)

-    Native Memory Tracking (reserved=372KB, committed=372KB)
                            (malloc=6KB #59) (at peak)
                            (arena=0KB #0) (peak=128KB #1)
                            (tracking overhead=366KB)

-        Shared class space (reserved=16384KB, committed=14240KB, readonly=0KB)
                            (mmap: reserved=16384KB, committed=14240KB, peak=14452KB)

-               Arena Chunk (reserved=1KB, committed=1KB)
                            (malloc=1KB #77) (peak=2278KB #81)

-                    Module (reserved=67KB, committed=67KB)
                            (malloc=67KB #1261) (at peak)

-                 Safepoint (reserved=8KB, committed=8KB)
                            (mmap: reserved=8KB, committed=8KB, at peak)

-           Synchronization (reserved=27KB, committed=27KB)
                            (malloc=27KB #198) (at peak)

-            Serviceability (reserved=17KB, committed=17KB)
                            (malloc=17KB #10) (peak=17KB #14)

-                 Metaspace (reserved=65548KB, committed=140KB)
                            (malloc=12KB #8) (at peak)
                            (mmap: reserved=65536KB, committed=128KB, at peak)

-      String Deduplication (reserved=1KB, committed=1KB)
                            (malloc=1KB #8) (at peak)

Preinit state:entries: 386 (primary: 386, empties: 7805), sum bytes: 14522, longest chain length: 1
pre-init mallocs: 445, pre-init reallocs: 4, pre-init frees: 59
MallocLimit: unset

Periodic native trim disabled

---------------  S Y S T E M  ---------------

OS:
DISTRIB_ID=Ubuntu
DISTRIB_RELEASE=20.04
DISTRIB_CODENAME=focal
DISTRIB_DESCRIPTION="Ubuntu 20.04.2 LTS"
uname: Linux intel-S2600WFT 5.8.0-41-generic #46~20.04.1-Ubuntu SMP Mon Jan 18 17:52:23 UTC 2021 x86_64
OS uptime: 69 days 5:00 hours
libc: glibc 2.31 NPTL 2.31 
rlimit (soft/hard): STACK 8192k/infinity , CORE 0k/infinity , NPROC 3090646/3090646 , NOFILE 1048576/1048576 , AS infinity/infinity , CPU infinity/infinity , DATA infinity/infinity , FSIZE infinity/infinity , MEMLOCK 65536k/65536k
load average: 3.44 3.13 2.62

/proc/meminfo:
MemTotal:       791263980 kB
MemFree:        656788504 kB
MemAvailable:   778657044 kB
Buffers:         6741352 kB
Cached:         108568544 kB
SwapCached:            0 kB
Active:         73703984 kB
Inactive:       46464692 kB
Active(anon):    4855432 kB
Inactive(anon):     7024 kB
Active(file):   68848552 kB
Inactive(file): 46457668 kB
Unevictable:           0 kB
Mlocked:               0 kB
SwapTotal:       2097148 kB
SwapFree:        2097148 kB
Dirty:               548 kB
Writeback:             0 kB
AnonPages:       4859076 kB
Mapped:           463380 kB
Shmem:              9832 kB
KReclaimable:   11616500 kB
Slab:           12931200 kB
SReclaimable:   11616500 kB
SUnreclaim:      1314700 kB
KernelStack:       28368 kB
PageTables:        23864 kB
NFS_Unstable:          0 kB
Bounce:                0 kB
WritebackTmp:          0 kB
CommitLimit:    397729136 kB
Committed_AS:   15257644 kB
VmallocTotal:   34359738367 kB
VmallocUsed:      465980 kB
VmallocChunk:          0 kB
Percpu:           292992 kB
HardwareCorrupted:     0 kB
AnonHugePages:         0 kB
ShmemHugePages:        0 kB
ShmemPmdMapped:        0 kB
FileHugePages:         0 kB
FilePmdMapped:         0 kB
HugePages_Total:       0
HugePages_Free:        0
HugePages_Rsvd:        0
HugePages_Surp:        0
Hugepagesize:       2048 kB
Hugetlb:               0 kB
DirectMap4k:     3114396 kB
DirectMap2M:    169588736 kB
DirectMap1G:    633339904 kB

/sys/kernel/mm/transparent_hugepage/enabled: always [madvise] never
/sys/kernel/mm/transparent_hugepage/hpage_pmd_size: 2097152
/sys/kernel/mm/transparent_hugepage/shmem_enabled: always within_size advise [never] deny force
/sys/kernel/mm/transparent_hugepage/defrag (defrag/compaction efforts parameter): always defer defer+madvise [madvise] never

Process Memory:
Virtual Size: 34220268K (peak: 34236096K)
Resident Set Size: 269072K (peak: 269072K) (anon: 228260K, file: 40812K, shmem: 0K)
Swapped out: 0K
C-Heap outstanding allocations: 202803K, retained: 2048K (may have wrapped)
glibc malloc tunables: (default)

/proc/sys/kernel/threads-max (system-wide limit on the number of threads): 6181293
/proc/sys/vm/max_map_count (maximum number of memory map areas a process may have): 65530
/proc/sys/vm/swappiness (control to define how aggressively the kernel swaps out anonymous memory): 60
/proc/sys/kernel/pid_max (system-wide limit on number of process identifiers): 4194304

container information not found.
Steal ticks since vm start: 0
Steal ticks percentage since vm start:  0.000

CPU: total 112 (initial active 112) (28 cores per cpu, 2 threads per core) family 6 model 85 stepping 7 microcode 0x5003006, cx8, cmov, fxsr, ht, mmx, 3dnowpref, sse, sse2, sse3, ssse3, sse4.1, sse4.2, popcnt, lzcnt, tsc, tscinvbit, avx, avx2, aes, erms, clmul, bmi1, bmi2, adx, avx512f, avx512dq, avx512cd, avx512bw, avx512vl, fma, vzeroupper, avx512_vnni, clflush, clflushopt, clwb, rdtscp, f16c, pku, ospke
CPU Model and flags from /proc/cpuinfo:
model name	: Intel(R) Xeon(R) Platinum 8280 CPU @ 2.70GHz
flags		: fpu vme de pse tsc msr pae mce cx8 apic sep mtrr pge mca cmov pat pse36 clflush dts acpi mmx fxsr sse sse2 ss ht tm pbe syscall nx pdpe1gb rdtscp lm constant_tsc art arch_perfmon pebs bts rep_good nopl xtopology nonstop_tsc cpuid aperfmperf pni pclmulqdq dtes64 monitor ds_cpl smx est tm2 ssse3 sdbg fma cx16 xtpr pdcm pcid dca sse4_1 sse4_2 x2apic movbe popcnt tsc_deadline_timer aes xsave avx f16c rdrand lahf_lm abm 3dnowprefetch cpuid_fault epb cat_l3 cdp_l3 invpcid_single ssbd mba ibrs ibpb stibp ibrs_enhanced fsgsbase tsc_adjust bmi1 avx2 smep bmi2 erms invpcid cqm mpx rdt_a avx512f avx512dq rdseed adx smap clflushopt clwb intel_pt avx512cd avx512bw avx512vl xsaveopt xsavec xgetbv1 xsaves cqm_llc cqm_occup_llc cqm_mbm_total cqm_mbm_local dtherm ida arat pln pts hwp hwp_act_window hwp_epp hwp_pkg_req pku ospke avx512_vnni md_clear flush_l1d arch_capabilities

Online cpus: 0-111
Offline cpus: 
cache level: 1
cache type: Data
cache size: 32K
cache coherency line size: 64
cache level: 1
cache type: Instruction
cache size: 32K
cache coherency line size: 64
cache level: 2
cache type: Unified
cache size: 1024K
cache coherency line size: 64
cache level: 3
cache type: Unified
cache size: 39424K
cache coherency line size: 64
BIOS frequency limitation: <Not Available>
Frequency switch latency (ns): 0
Available cpu frequencies: <Not Available>
Maximum cpu frequency: 4000000
Minimum cpu frequency: 1000000
Current cpu frequency: 2718248
Available governors: performance powersave
Current governor: powersave
Core performance/turbo boost: <Not Available>

Memory: 4k page, physical 791263980k(778657044k free), swap 2097148k(2097148k free)
Page Sizes: 4k

vm_info: OpenJDK 64-Bit Server VM (slowdebug 25-internal-adhoc.root.jdk) for linux-amd64 JRE (25-internal-adhoc.root.jdk), built on 2025-02-20T06:41:13Z with gcc 9.3.0

END.
