#
# A fatal error has been detected by the Java Runtime Environment:
#
#  Internal Error (/mnt/c/Github/jdk/src/hotspot/cpu/x86/x86_64.ad:1000), pid=185615, tid=185629
#  assert(r->is_XMMRegister()) failed: must be
#
# JRE version: OpenJDK Runtime Environment (26.0) (slowdebug build 26-internal-adhoc.jatinbha.jdk)
# Java VM: OpenJDK 64-Bit Server VM (slowdebug 26-internal-adhoc.jatinbha.jdk, mixed mode, compressed oops, compressed class ptrs, g1 gc, linux-amd64)
# Problematic frame:
# V  [libjvm.so+0x4971e0]  rc_class(int)+0xb7
#
# Core dump will be written. Default location: Core dumps may be processed with "/wsl-capture-crash %t %E %p %s" (or dumping to /mnt/c/Github/external_staging/Code/java/ra/core.185615)
#
# If you would like to submit a bug report, please visit:
#   https://bugreport.java.com/bugreport/crash.jsp
#

---------------  S U M M A R Y ------------

Command Line: -Xbatch -XX:-TieredCompilation -XX:+StressRegisterAllocation -XX:CompileCommand=TraceSpilling,test::micro -XX:CompileCommand=compileonly,test::micro test

Host: jatinbha-ws, 13th Gen Intel(R) Core(TM) i3-1315U, 8 cores, 3G, Ubuntu 20.04.6 LTS
Time: Mon Aug  4 12:08:22 2025 IST elapsed time: 9.628627 seconds (0d 0h 0m 9s)

---------------  T H R E A D  ---------------

Current thread (0x0000758b2c1b8db0):  JavaThread "C2 CompilerThread0" daemon [_thread_in_native, id=185629, stack(0x0000758b287fc000,0x0000758b288fd000) (1028K)]


Current CompileTask:
C2:9633   23    b        test::micro (240 bytes)

Stack: [0x0000758b287fc000,0x0000758b288fd000],  sp=0x0000758b288f85a0,  free space=1009k
Native frames: (J=compiled Java code, j=interpreted, Vv=VM code, C=native code)
V  [libjvm.so+0x4971e0]  rc_class(int)+0xb7  (x86_64.ad:1000)
V  [libjvm.so+0x49788a]  MachSpillCopyNode::implementation(C2_MacroAssembler*, PhaseRegAlloc*, bool, outputStream*) const+0x15c