#
# A fatal error has been detected by the Java Runtime Environment:
#
#  Internal Error (/mnt/c/Github/jdk/src/hotspot/cpu/x86/x86_64.ad:1000), pid=39693, tid=39717
#  assert(r->is_XMMRegister()) failed: must be
#
# JRE version: OpenJDK Runtime Environment (26.0) (slowdebug build 26-internal-adhoc.jatinbha.jdk)
# Java VM: OpenJDK 64-Bit Server VM (slowdebug 26-internal-adhoc.jatinbha.jdk, mixed mode, compressed oops, compressed class ptrs, g1 gc, linux-amd64)
# Problematic frame:
# V  [libjvm.so+0x4971e0]  rc_class(int)+0xb7
#
# Core dump will be written. Default location: Core dumps may be processed with "/wsl-capture-crash %t %E %p %s" (or dumping to /mnt/c/Github/external_staging/Code/java/ra/core.39693)
#
# If you would like to submit a bug report, please visit:
#   https://bugreport.java.com/bugreport/crash.jsp
#

---------------  S U M M A R Y ------------

Command Line: -XX:CompileCommand=compileonly,test::micro -Xbatch -XX:-TieredCompilation -XX:+PauseAtStartup -XX:+StressRegisterAllocation test

Host: jatinbha-ws, 13th Gen Intel(R) Core(TM) i3-1315U, 8 cores, 3G, Ubuntu 20.04.6 LTS
Time: Fri Aug  1 18:20:13 2025 IST elapsed time: 1257.184461 seconds (0d 0h 20m 57s)

---------------  T H R E A D  ---------------

Current thread (0x000071a7181b8d00):  JavaThread "C2 CompilerThread0" daemon [_thread_in_native, id=39717, stack(0x000071a6f36fb000,0x000071a6f37fc000) (1028K)]


Current CompileTask:
C2:1257188   23    b        test::micro (240 bytes)

Stack: [0x000071a6f36fb000,0x000071a6f37fc000],  sp=0x000071a6f37f75a0,  free space=1009k
Native frames: (J=compiled Java code, j=interpreted, Vv=VM code, C=native code)
V  [libjvm.so+0x4971e0]  rc_class(int)+0xb7  (x86_64.ad:1000)
V  [libjvm.so+0x49788a]  MachSpillCopyNode::implementation(C2_MacroAssembler*, PhaseRegAlloc*, bool, outputStream*) const+0x15c  (x86_64.ad:1101)
V  [libjvm.so+0x499cf5]  MachSpillCopyNode::emit(C2_MacroAssembler*, PhaseRegAlloc*) const+0x37  (x86_64.ad:1533)
V  [libjvm.so+0x15a820a]  PhaseOutput::scratch_emit_size(Node const*)+0x462  (output.cpp:3387)
V  [libjvm.so+0x13e0f71]  MachNode::emit_size(PhaseRegAlloc*) const+0x99  (machnode.cpp:157)
V  [libjvm.so+0x13e0ed5]  MachNode::size(PhaseRegAlloc*) const+0x27  (machnode.cpp:149)
V  [libjvm.so+0x499d1f]  MachSpillCopyNode::size(PhaseRegAlloc*) const+0x27  (x86_64.ad:1537)
V  [libjvm.so+0x159c56f]  PhaseOutput::shorten_branches(unsigned int*)+0x691  (output.cpp:540)
V  [libjvm.so+0x159bb83]  PhaseOutput::Output()+0x665  (output.cpp:340)
V  [libjvm.so+0xb32d4e]  Compile::Code_Gen()+0x4fc  (compile.cpp:3124)
V  [libjvm.so+0xb28890]  Compile::Compile(ciEnv*, ciMethod*, int, Options, DirectiveSet*)+0x1728  (compile.cpp:892)
V  [libjvm.so+0x9e32fb]  C2Compiler::compile_method(ciEnv*, ciMethod*, int, bool, DirectiveSet*)+0x203  (c2compiler.cpp:141)
V  [libjvm.so+0xb4c870]  CompileBroker::invoke_compiler_on_method(CompileTask*)+0xaf8  (compileBroker.cpp:2325)
V  [libjvm.so+0xb4b18d]  CompileBroker::compiler_thread_loop()+0x411  (compileBroker.cpp:1969)
V  [libjvm.so+0xb6b84a]  CompilerThread::thread_entry(JavaThread*, JavaThread*)+0x84  (compilerThread.cpp:67)
V  [libjvm.so+0x100e3b2]  JavaThread::thread_main_inner()+0x15c  (javaThread.cpp:773)
V  [libjvm.so+0x100e24c]  JavaThread::run()+0x258  (javaThread.cpp:758)
V  [libjvm.so+0x19637c0]  Thread::call_run()+0x1a8  (thread.cpp:243)
V  [libjvm.so+0x157f1a6]  thread_native_entry(Thread*)+0x1c3  (os_linux.cpp:868)
Registers:
RAX=0x000071a723121000, RBX=0x000071a6f37f7e70, RCX=0x0000000000000000, RDX=0x000071a722e91f41
RSP=0x000071a6f37f75a0, RBP=0x000071a6f37f75c0, RSI=0x000071a6d40d0ce8, RDI=0x000000000000025e
R8 =0x0000000000000000, R9 =0x0000000000000002, R10=0x0000000000000000, R11=0x00007fff8af90090
R12=0x000071a720495cbe, R13=0x000071a7181a4740, R14=0x0000000000000004, R15=0x000071a718127f06
RIP=0x000071a7204931e0, EFLAGS=0x0000000000010202, CSGSFS=0x002b000000000033, ERR=0x0000000000000015
  TRAPNO=0x000000000000000e

XMM[0]=0xf1f1f1f1f1f1f1f1 0xf1f1f1f1f1f1f1f1
XMM[1]=0x24232221201f1e1d 0x1c1b1a1918171615
XMM[2]=0x0000000000000000 0x3feffff9a0006c60
XMM[3]=0x0000000000000000 0x3feffff780000000
XMM[4]=0x0000000000000000 0x0000000000000000
XMM[5]=0x000071a6d40abea0 0x000071a6d40a1da0
XMM[6]=0x000071a6d40a2c98 0x000071a6d40abf70
XMM[7]=0x000071a6d40a27a0 0x000071a6d40a26d8
XMM[8]=0x2d20007325206425 0x203a006425200064
XMM[9]=0x0000000000000000 0x0000000000000000
XMM[10]=0xcacacacacacacaca 0xcacacacacacacaca
XMM[11]=0x0000000000000000 0x0000000000000000
XMM[12]=0x0000000000000000 0x0000000000000000
XMM[13]=0x0000000000000000 0x0000000000000000
XMM[14]=0x0000000000000000 0x0000000000000000
XMM[15]=0xcafebabecafebabe 0xcafebabecafebabe
  MXCSR=0x00001fa2


Register to memory mapping:

RAX=0x000071a723121000 in mmap'd memory region [0x000071a723121000 - 0x000071a723122000], tag mtInternal

RBX=0x000071a6f37f7e70 is pointing into the stack for thread: 0x000071a7181b8d00
RCX=0x0 is null
RDX=0x000071a722e91f41: <offset 0x0000000002e95f41> in /mnt/c/Github/jdk/build/linux-x86_64-server-slowdebug/jdk/lib/server/libjvm.so at 0x000071a71fffc000
RSP=0x000071a6f37f75a0 is pointing into the stack for thread: 0x000071a7181b8d00
RBP=0x000071a6f37f75c0 is pointing into the stack for thread: 0x000071a7181b8d00
RSI=0x000071a6d40d0ce8 points into unknown readable memory: 0x000071a722c40318 | 18 03 c4 22 a7 71 00 00
RDI=0x000000000000025e is an unknown value
R8 =0x0 is null
R9 =0x0000000000000002 is an unknown value
R10=0x0 is null
R11=0x00007fff8af90090 points into unknown readable memory: 0xffffffffffffffff | ff ff ff ff ff ff ff ff
R12=0x000071a720495cbe: <offset 0x0000000000499cbe> in /mnt/c/Github/jdk/build/linux-x86_64-server-slowdebug/jdk/lib/server/libjvm.so at 0x000071a71fffc000
R13=0x000071a7181a4740 points into unknown readable memory: 0x000071a722c36150 | 50 61 c3 22 a7 71 00 00
R14=0x0000000000000004 is an unknown value
R15=0x000071a718127f06 into live malloced block starting at 0x000071a718127ef0, size 27, tag mtSymbol

Top of Stack: (sp=0x000071a6f37f75a0)
0x000071a6f37f75a0:   000071a6f37f75c0 0000024020575351   .u...q..QSW @...
0x000071a6f37f75b0:   000071a6d40d0ce8 000071a722e9219f   .....q...!.".q..
0x000071a6f37f75c0:   000071a6f37f76d0 000071a72049388a   .v...q...8I .q..
0x000071a6f37f75d0:   000071a6d40625a0 0000000000000000   .%...q..........
0x000071a6f37f75e0:   00007100f37f7620 000071a6f37f7e70    v...q..p~...q..
0x000071a6f37f75f0:   000071a6f37f7760 000071a6d40d0ce8   `w...q.......q..
0x000071a6f37f7600:   fffffffff37f7620 ffffffff00000240    v......@.......
0x000071a6f37f7610:   000000000000000e 000071a6f37f78a0   .........x...q..
0x000071a6f37f7620:   000071a6f37f7640 000071a7207c50e0   @v...q...P| .q..
0x000071a6f37f7630:   00000001f37f7670 00000001f37f78a0   pv.......x......
0x000071a6f37f7640:   000071a6f37f7670 000071a7207c5172   pv...q..rQ| .q..
0x000071a6f37f7650:   00000001f37f7670 000071a6f37f7830   pv......0x...q..
0x000071a6f37f7660:   000071a6f37f7670 000071a71cdb2460   pv...q..`$...q..
0x000071a6f37f7670:   000071a6f37f76d0 000071a7207c4a93   .v...q...J| .q..
0x000071a6f37f7680:   000071a6f37f7760 000071a6f37f7790   `w...q...w...q..
0x000071a6f37f7690:   000071a6f37f76e0 0000000000000001   .v...q..........
0x000071a6f37f76a0:   000071a6f37f76d0 000071a6f37f7830   .v...q..0x...q..
0x000071a6f37f76b0:   000071a71cdb2460 3851ad6b2ae9e000   `$...q.....*k.Q8
0x000071a6f37f76c0:   000071a6d40d0ce8 000071a720495cbe   .....q...\I .q..
0x000071a6f37f76d0:   000071a6f37f7700 000071a720495cf5   .w...q...\I .q..
0x000071a6f37f76e0:   000071a6f37f7790 000071a6f37f7e70   .w...q..p~...q..
0x000071a6f37f76f0:   000071a6f37f7760 000071a6d40d0ce8   `w...q.......q..
0x000071a6f37f7700:   000071a6f37f7a30 000071a7215a420a   0z...q...BZ!.q..
0x000071a6f37f7710:   000071a6d40d0ce8 000071a6f37f8070   .....q..p....q..
0x000071a6f37f7720:   000071a6f37f7a50 000071a7215a431c   Pz...q...CZ!.q..
0x000071a6f37f7730:   0000002a00000000 0000000000000000   ....*...........
0x000071a6f37f7740:   000071a71cdb2408 000071a71cdb3d20   .$...q.. =...q..
0x000071a6f37f7750:   000071a71cdb2460 000071a71cdb3d20   `$...q.. =...q..
0x000071a6f37f7760:   000071a722cee2d8 000071a6f37f78a0   ...".q...x...q..
0x000071a6f37f7770:   000071a6f37f7978 0101010100000000   xy...q..........
0x000071a6f37f7780:   0000000000000000 000071a6f37f78c0   .........x...q..
0x000071a6f37f7790:   000071a600000001 0101010100000000   .....q..........

Instructions: (pc=0x000071a7204931e0)
  0x000071a7204930e0:   48 89 7d f8 48 89 75 f0 48 8b 45 f8 48 8b 55 f0
  0x000071a7204930f0:   48 89 d6 48 89 c7 e8 b3 9d f4 00 c9 c3 90 f3 0f
  0x000071a720493100:   1e fa 55 48 89 e5 48 89 7d f8 b8 02 00 00 00 5d
  0x000071a720493110:   c3 90 f3 0f 1e fa 55 48 89 e5 48 83 ec 10 48 89
  0x000071a720493120:   7d f8 e8 9b d2 29 00 c9 c3 f3 0f 1e fa 55 48 89
  0x000071a720493130:   e5 48 83 ec 20 89 7d ec 8b 45 ec 89 c7 e8 3a fc
  0x000071a720493140:   0d 00 83 f0 01 84 c0 74 0a b8 00 00 00 00 e9 b9
  0x000071a720493150:   00 00 00 8b 45 ec 89 c7 e8 03 fc 0d 00 84 c0 74
  0x000071a720493160:   0a b8 04 00 00 00 e9 a1 00 00 00 8b 45 ec 89 c7
  0x000071a720493170:   e8 57 fc 0d 00 48 89 45 f8 48 8b 45 f8 48 89 c7
  0x000071a720493180:   e8 c3 c8 0d 00 84 c0 74 07 b8 01 00 00 00 eb 7c
  0x000071a720493190:   48 8b 45 f8 48 89 c7 e8 2c c9 0d 00 84 c0 74 07
  0x000071a7204931a0:   b8 02 00 00 00 eb 65 e8 65 c9 fe ff 83 f0 01 84
  0x000071a7204931b0:   c0 74 1a 48 8b 45 f8 48 89 c7 e8 bb c8 0d 00 83
  0x000071a7204931c0:   f0 01 84 c0 74 07 b8 01 00 00 00 eb 05 b8 00 00
  0x000071a7204931d0:   00 00 84 c0 74 31 48 8d 05 43 3d 8d 02 48 8b 00
=>0x000071a7204931e0:   c6 00 58 48 8d 0d c9 f3 6e 01 48 8d 15 17 22 6f
  0x000071a7204931f0:   01 be e8 03 00 00 48 8d 3d 63 1e 6f 01 b8 00 00
  0x000071a720493200:   00 00 e8 b2 5b 74 00 b8 03 00 00 00 c9 c3 f3 0f
  0x000071a720493210:   1e fa 55 48 89 e5 53 48 83 ec 78 48 89 7d 98 89
  0x000071a720493220:   75 94 89 55 90 89 4d 8c 4c 89 45 80 64 48 8b 04
  0x000071a720493230:   25 28 00 00 00 48 89 45 e8 31 c0 48 83 7d 98 00
  0x000071a720493240:   0f 84 c5 03 00 00 8b 45 8c 83 e8 09 83 f8 04 0f
  0x000071a720493250:   87 98 03 00 00 89 c0 48 8d 14 85 00 00 00 00 48
  0x000071a720493260:   8d 05 06 24 6f 01 8b 04 02 48 98 48 8d 15 fa 23
  0x000071a720493270:   6f 01 48 01 d0 3e ff e0 48 8b 5d 98 8b 0d b2 f1
  0x000071a720493280:   6e 01 48 8d 45 a0 ba f8 ff ff ff 89 ce 48 89 c7
  0x000071a720493290:   e8 0b d2 0d 00 8b 15 89 f1 6e 01 48 8d 45 a0 48
  0x000071a7204932a0:   89 c6 48 89 df e8 74 d8 3a 00 48 8b 5d 98 8b 55
  0x000071a7204932b0:   94 8b 0d 7d f1 6e 01 48 8d 45 a0 89 ce 48 89 c7
  0x000071a7204932c0:   e8 db d1 0d 00 48 8d 55 a0 8b 05 55 f1 6e 01 89
  0x000071a7204932d0:   c6 48 89 df e8 93 a1 34 00 48 8b 5d 98 8b 55 90


Stack slot to memory mapping:

stack at sp + 0 slots: 0x000071a6f37f75c0 is pointing into the stack for thread: 0x000071a7181b8d00
stack at sp + 1 slots: 0x0000024020575351 is an unknown value
stack at sp + 2 slots: 0x000071a6d40d0ce8 points into unknown readable memory: 0x000071a722c40318 | 18 03 c4 22 a7 71 00 00
stack at sp + 3 slots: 0x000071a722e9219f: <offset 0x0000000002e9619f> in /mnt/c/Github/jdk/build/linux-x86_64-server-slowdebug/jdk/lib/server/libjvm.so at 0x000071a71fffc000
stack at sp + 4 slots: 0x000071a6f37f76d0 is pointing into the stack for thread: 0x000071a7181b8d00
stack at sp + 5 slots: 0x000071a72049388a: <offset 0x000000000049788a> in /mnt/c/Github/jdk/build/linux-x86_64-server-slowdebug/jdk/lib/server/libjvm.so at 0x000071a71fffc000
stack at sp + 6 slots: 0x000071a6d40625a0 into header of live malloced block starting at 0x000071a6d40625b0, size 16, tag mtCode
stack at sp + 7 slots: 0x0 is null

Lock stack of current Java thread (top to bottom):


---------------  P R O C E S S  ---------------

uid  : 1000 euid : 1000 gid  : 1000 egid : 1000

umask: 0022 (----w--w-)

Threads class SMR info:
_java_thread_list=0x000071a718341b70, length=9, elements={
0x000071a71802cca0, 0x000071a7181af970, 0x000071a7181b14d0, 0x000071a7181b3230,
0x000071a7181b4d90, 0x000071a7181b68e0, 0x000071a7181b8d00, 0x000071a7181fe930,
0x000071a718340a10
}
_java_thread_list_alloc_cnt=10, _java_thread_list_free_cnt=8, _java_thread_list_max=9, _nested_thread_list_max=0
_tlh_cnt=24, _tlh_times=1, avg_tlh_time=0.04, _tlh_time_max=1
_delete_lock_wait_cnt=0, _delete_lock_wait_max=0
_to_delete_list_cnt=0, _to_delete_list_max=1

Java Threads: ( => current thread )
  0x000071a71802cca0 JavaThread "main"                              [_thread_blocked, id=39694, stack(0x000071a71fda2000,0x000071a71fea3000) (1028K)]
  0x000071a7181af970 JavaThread "Reference Handler"          daemon [_thread_blocked, id=39712, stack(0x000071a6f3eff000,0x000071a6f4000000) (1028K)]
  0x000071a7181b14d0 JavaThread "Finalizer"                  daemon [_thread_blocked, id=39713, stack(0x000071a6f3aff000,0x000071a6f3c00000) (1028K)]
  0x000071a7181b3230 JavaThread "Signal Dispatcher"          daemon [_thread_blocked, id=39714, stack(0x000071a6f39fe000,0x000071a6f3aff000) (1028K)]
  0x000071a7181b4d90 JavaThread "Service Thread"             daemon [_thread_blocked, id=39715, stack(0x000071a6f38fd000,0x000071a6f39fe000) (1028K)]
  0x000071a7181b68e0 JavaThread "Monitor Deflation Thread"   daemon [_thread_blocked, id=39716, stack(0x000071a6f37fc000,0x000071a6f38fd000) (1028K)]
=>0x000071a7181b8d00 JavaThread "C2 CompilerThread0"         daemon [_thread_in_native, id=39717, stack(0x000071a6f36fb000,0x000071a6f37fc000) (1028K)]
  0x000071a7181fe930 JavaThread "Common-Cleaner"             daemon [_thread_blocked, id=39719, stack(0x000071a6f355f000,0x000071a6f3660000) (1028K)]
  0x000071a718340a10 JavaThread "Notification Thread"        daemon [_thread_blocked, id=39720, stack(0x000071a6f345e000,0x000071a6f355f000) (1028K)]
Total: 9

Other Threads:
  0x000071a71814e460 VMThread "VM Thread"                           [id=39711, stack(0x000071a7141c1000,0x000071a7142c1000) (1024K)]
  0x000071a7180cb360 WatcherThread "VM Periodic Task Thread"        [id=39710, stack(0x000071a7142c2000,0x000071a7143c2000) (1024K)]
  0x000071a718068e90 WorkerThread "GC Thread#0"                     [id=39705, stack(0x000071a717050000,0x000071a717150000) (1024K)]
  0x000071a718075b40 ConcurrentGCThread "G1 Main Marker"            [id=39706, stack(0x000071a716f4f000,0x000071a71704f000) (1024K)]
  0x000071a718076fb0 WorkerThread "G1 Conc#0"                       [id=39707, stack(0x000071a716e4e000,0x000071a716f4e000) (1024K)]
  0x000071a7180b7820 ConcurrentGCThread "G1 Refine#0"               [id=39708, stack(0x000071a714545000,0x000071a714645000) (1024K)]
  0x000071a7180b8c50 ConcurrentGCThread "G1 Service"                [id=39709, stack(0x000071a714444000,0x000071a714544000) (1024K)]
Total: 7

Threads with active compile tasks:
C2 CompilerThread0  1271731   23    b        test::micro (240 bytes)
Total: 1

VM state: not at safepoint (normal execution)

VM Mutex/Monitor currently owned by a thread: None

Heap address: 0x00000000c5400000, size: 940 MB, Compressed Oops mode: 32-bit

CDS archive(s) not mapped
Compressed class space mapped at: 0x000000004d000000-0x000000008d000000, reserved size: 1073741824
UseCompressedClassPointers 1, UseCompactObjectHeaders 0
Narrow klass pointer bits 32, Max shift 3
Narrow klass base: 0x0000000000000000, Narrow klass shift: 0
Encoding Range: [0x0000000000000000 - 0x0000000100000000), (4294967296 bytes)
Klass Range:    [0x000000004d000000 - 0x000000008d000000), (1073741824 bytes)
Klass ID Range:  [1291845632 - 2365587449) (1073741817)
No protection zone.

GC Precious Log:
 CardTable entry size: 512
 Card Set container configuration: InlinePtr #cards 5 size 8 Array Of Cards #cards 10 size 36 Howl #buckets 4 coarsen threshold 1843 Howl Bitmap #cards 512 size 80 coarsen threshold 460 Card regions per heap region 1 cards per card region 2048
 CPUs: 8 total, 8 available
 Memory: 3758M
 Large Page Support: Disabled
 NUMA Support: Disabled
 Compressed Oops: Enabled (32-bit)
 Heap Region Size: 1M
 Heap Min Capacity: 8M
 Heap Initial Capacity: 60M
 Heap Max Capacity: 940M
 Pre-touch: Disabled
 Parallel Workers: 8
 Concurrent Workers: 2
 Concurrent Refinement Workers: 8
 Periodic GC: Disabled

Heap:
 garbage-first heap   total reserved 962560K, committed 61440K, used 3072K [0x00000000c5400000, 0x0000000100000000)
  region size 1024K, 4 young (4096K), 0 survivors (0K)

Heap Regions: E=young(eden), S=young(survivor), O=old, HS=humongous(starts), HC=humongous(continues), CS=collection set, F=free, TAMS=top-at-mark-start, PB=parsable bottom
|   0|0x00000000c5400000, 0x00000000c5400000, 0x00000000c5500000|  0%| F|  |TAMS 0x00000000c5400000| PB 0x00000000c5400000| Untracked |  0
|   1|0x00000000c5500000, 0x00000000c5500000, 0x00000000c5600000|  0%| F|  |TAMS 0x00000000c5500000| PB 0x00000000c5500000| Untracked |  0
|   2|0x00000000c5600000, 0x00000000c5600000, 0x00000000c5700000|  0%| F|  |TAMS 0x00000000c5600000| PB 0x00000000c5600000| Untracked |  0
|   3|0x00000000c5700000, 0x00000000c5700000, 0x00000000c5800000|  0%| F|  |TAMS 0x00000000c5700000| PB 0x00000000c5700000| Untracked |  0
|   4|0x00000000c5800000, 0x00000000c5800000, 0x00000000c5900000|  0%| F|  |TAMS 0x00000000c5800000| PB 0x00000000c5800000| Untracked |  0
|   5|0x00000000c5900000, 0x00000000c5900000, 0x00000000c5a00000|  0%| F|  |TAMS 0x00000000c5900000| PB 0x00000000c5900000| Untracked |  0
|   6|0x00000000c5a00000, 0x00000000c5a00000, 0x00000000c5b00000|  0%| F|  |TAMS 0x00000000c5a00000| PB 0x00000000c5a00000| Untracked |  0
|   7|0x00000000c5b00000, 0x00000000c5b00000, 0x00000000c5c00000|  0%| F|  |TAMS 0x00000000c5b00000| PB 0x00000000c5b00000| Untracked |  0
|   8|0x00000000c5c00000, 0x00000000c5c00000, 0x00000000c5d00000|  0%| F|  |TAMS 0x00000000c5c00000| PB 0x00000000c5c00000| Untracked |  0
|   9|0x00000000c5d00000, 0x00000000c5d00000, 0x00000000c5e00000|  0%| F|  |TAMS 0x00000000c5d00000| PB 0x00000000c5d00000| Untracked |  0
|  10|0x00000000c5e00000, 0x00000000c5e00000, 0x00000000c5f00000|  0%| F|  |TAMS 0x00000000c5e00000| PB 0x00000000c5e00000| Untracked |  0
|  11|0x00000000c5f00000, 0x00000000c5f00000, 0x00000000c6000000|  0%| F|  |TAMS 0x00000000c5f00000| PB 0x00000000c5f00000| Untracked |  0
|  12|0x00000000c6000000, 0x00000000c6000000, 0x00000000c6100000|  0%| F|  |TAMS 0x00000000c6000000| PB 0x00000000c6000000| Untracked |  0
|  13|0x00000000c6100000, 0x00000000c6100000, 0x00000000c6200000|  0%| F|  |TAMS 0x00000000c6100000| PB 0x00000000c6100000| Untracked |  0
|  14|0x00000000c6200000, 0x00000000c6200000, 0x00000000c6300000|  0%| F|  |TAMS 0x00000000c6200000| PB 0x00000000c6200000| Untracked |  0
|  15|0x00000000c6300000, 0x00000000c6300000, 0x00000000c6400000|  0%| F|  |TAMS 0x00000000c6300000| PB 0x00000000c6300000| Untracked |  0
|  16|0x00000000c6400000, 0x00000000c6400000, 0x00000000c6500000|  0%| F|  |TAMS 0x00000000c6400000| PB 0x00000000c6400000| Untracked |  0
|  17|0x00000000c6500000, 0x00000000c6500000, 0x00000000c6600000|  0%| F|  |TAMS 0x00000000c6500000| PB 0x00000000c6500000| Untracked |  0
|  18|0x00000000c6600000, 0x00000000c6600000, 0x00000000c6700000|  0%| F|  |TAMS 0x00000000c6600000| PB 0x00000000c6600000| Untracked |  0
|  19|0x00000000c6700000, 0x00000000c6700000, 0x00000000c6800000|  0%| F|  |TAMS 0x00000000c6700000| PB 0x00000000c6700000| Untracked |  0
|  20|0x00000000c6800000, 0x00000000c6800000, 0x00000000c6900000|  0%| F|  |TAMS 0x00000000c6800000| PB 0x00000000c6800000| Untracked |  0
|  21|0x00000000c6900000, 0x00000000c6900000, 0x00000000c6a00000|  0%| F|  |TAMS 0x00000000c6900000| PB 0x00000000c6900000| Untracked |  0
|  22|0x00000000c6a00000, 0x00000000c6a00000, 0x00000000c6b00000|  0%| F|  |TAMS 0x00000000c6a00000| PB 0x00000000c6a00000| Untracked |  0
|  23|0x00000000c6b00000, 0x00000000c6b00000, 0x00000000c6c00000|  0%| F|  |TAMS 0x00000000c6b00000| PB 0x00000000c6b00000| Untracked |  0
|  24|0x00000000c6c00000, 0x00000000c6c00000, 0x00000000c6d00000|  0%| F|  |TAMS 0x00000000c6c00000| PB 0x00000000c6c00000| Untracked |  0
|  25|0x00000000c6d00000, 0x00000000c6d00000, 0x00000000c6e00000|  0%| F|  |TAMS 0x00000000c6d00000| PB 0x00000000c6d00000| Untracked |  0
|  26|0x00000000c6e00000, 0x00000000c6e00000, 0x00000000c6f00000|  0%| F|  |TAMS 0x00000000c6e00000| PB 0x00000000c6e00000| Untracked |  0
|  27|0x00000000c6f00000, 0x00000000c6f00000, 0x00000000c7000000|  0%| F|  |TAMS 0x00000000c6f00000| PB 0x00000000c6f00000| Untracked |  0
|  28|0x00000000c7000000, 0x00000000c7000000, 0x00000000c7100000|  0%| F|  |TAMS 0x00000000c7000000| PB 0x00000000c7000000| Untracked |  0
|  29|0x00000000c7100000, 0x00000000c7100000, 0x00000000c7200000|  0%| F|  |TAMS 0x00000000c7100000| PB 0x00000000c7100000| Untracked |  0
|  30|0x00000000c7200000, 0x00000000c7200000, 0x00000000c7300000|  0%| F|  |TAMS 0x00000000c7200000| PB 0x00000000c7200000| Untracked |  0
|  31|0x00000000c7300000, 0x00000000c7300000, 0x00000000c7400000|  0%| F|  |TAMS 0x00000000c7300000| PB 0x00000000c7300000| Untracked |  0
|  32|0x00000000c7400000, 0x00000000c7400000, 0x00000000c7500000|  0%| F|  |TAMS 0x00000000c7400000| PB 0x00000000c7400000| Untracked |  0
|  33|0x00000000c7500000, 0x00000000c7500000, 0x00000000c7600000|  0%| F|  |TAMS 0x00000000c7500000| PB 0x00000000c7500000| Untracked |  0
|  34|0x00000000c7600000, 0x00000000c7600000, 0x00000000c7700000|  0%| F|  |TAMS 0x00000000c7600000| PB 0x00000000c7600000| Untracked |  0
|  35|0x00000000c7700000, 0x00000000c7700000, 0x00000000c7800000|  0%| F|  |TAMS 0x00000000c7700000| PB 0x00000000c7700000| Untracked |  0
|  36|0x00000000c7800000, 0x00000000c7800000, 0x00000000c7900000|  0%| F|  |TAMS 0x00000000c7800000| PB 0x00000000c7800000| Untracked |  0
|  37|0x00000000c7900000, 0x00000000c7900000, 0x00000000c7a00000|  0%| F|  |TAMS 0x00000000c7900000| PB 0x00000000c7900000| Untracked |  0
|  38|0x00000000c7a00000, 0x00000000c7a00000, 0x00000000c7b00000|  0%| F|  |TAMS 0x00000000c7a00000| PB 0x00000000c7a00000| Untracked |  0
|  39|0x00000000c7b00000, 0x00000000c7b00000, 0x00000000c7c00000|  0%| F|  |TAMS 0x00000000c7b00000| PB 0x00000000c7b00000| Untracked |  0
|  40|0x00000000c7c00000, 0x00000000c7c00000, 0x00000000c7d00000|  0%| F|  |TAMS 0x00000000c7c00000| PB 0x00000000c7c00000| Untracked |  0
|  41|0x00000000c7d00000, 0x00000000c7d00000, 0x00000000c7e00000|  0%| F|  |TAMS 0x00000000c7d00000| PB 0x00000000c7d00000| Untracked |  0
|  42|0x00000000c7e00000, 0x00000000c7e00000, 0x00000000c7f00000|  0%| F|  |TAMS 0x00000000c7e00000| PB 0x00000000c7e00000| Untracked |  0
|  43|0x00000000c7f00000, 0x00000000c7f00000, 0x00000000c8000000|  0%| F|  |TAMS 0x00000000c7f00000| PB 0x00000000c7f00000| Untracked |  0
|  44|0x00000000c8000000, 0x00000000c8000000, 0x00000000c8100000|  0%| F|  |TAMS 0x00000000c8000000| PB 0x00000000c8000000| Untracked |  0
|  45|0x00000000c8100000, 0x00000000c8100000, 0x00000000c8200000|  0%| F|  |TAMS 0x00000000c8100000| PB 0x00000000c8100000| Untracked |  0
|  46|0x00000000c8200000, 0x00000000c8200000, 0x00000000c8300000|  0%| F|  |TAMS 0x00000000c8200000| PB 0x00000000c8200000| Untracked |  0
|  47|0x00000000c8300000, 0x00000000c8300000, 0x00000000c8400000|  0%| F|  |TAMS 0x00000000c8300000| PB 0x00000000c8300000| Untracked |  0
|  48|0x00000000c8400000, 0x00000000c8400000, 0x00000000c8500000|  0%| F|  |TAMS 0x00000000c8400000| PB 0x00000000c8400000| Untracked |  0
|  49|0x00000000c8500000, 0x00000000c8500000, 0x00000000c8600000|  0%| F|  |TAMS 0x00000000c8500000| PB 0x00000000c8500000| Untracked |  0
|  50|0x00000000c8600000, 0x00000000c8600000, 0x00000000c8700000|  0%| F|  |TAMS 0x00000000c8600000| PB 0x00000000c8600000| Untracked |  0
|  51|0x00000000c8700000, 0x00000000c8700000, 0x00000000c8800000|  0%| F|  |TAMS 0x00000000c8700000| PB 0x00000000c8700000| Untracked |  0
|  52|0x00000000c8800000, 0x00000000c8800000, 0x00000000c8900000|  0%| F|  |TAMS 0x00000000c8800000| PB 0x00000000c8800000| Untracked |  0
|  53|0x00000000c8900000, 0x00000000c8900000, 0x00000000c8a00000|  0%| F|  |TAMS 0x00000000c8900000| PB 0x00000000c8900000| Untracked |  0
|  54|0x00000000c8a00000, 0x00000000c8a00000, 0x00000000c8b00000|  0%| F|  |TAMS 0x00000000c8a00000| PB 0x00000000c8a00000| Untracked |  0
|  55|0x00000000c8b00000, 0x00000000c8b00000, 0x00000000c8c00000|  0%| F|  |TAMS 0x00000000c8b00000| PB 0x00000000c8b00000| Untracked |  0
|  56|0x00000000c8c00000, 0x00000000c8d00000, 0x00000000c8d00000|100%| E|  |TAMS 0x00000000c8c00000| PB 0x00000000c8c00000| Complete |  0
|  57|0x00000000c8d00000, 0x00000000c8e00000, 0x00000000c8e00000|100%| E|CS|TAMS 0x00000000c8d00000| PB 0x00000000c8d00000| Complete |  0
|  58|0x00000000c8e00000, 0x00000000c8f00000, 0x00000000c8f00000|100%| E|CS|TAMS 0x00000000c8e00000| PB 0x00000000c8e00000| Complete |  0
|  59|0x00000000c8f00000, 0x00000000c9000000, 0x00000000c9000000|100%| E|CS|TAMS 0x00000000c8f00000| PB 0x00000000c8f00000| Complete |  0

Card table byte_map: [0x000071a71c11b000,0x000071a71c2f1000] _byte_map_base: 0x000071a71baf1000

Marking Bits: (CMBitMap*) 0x000071a718069e00
 Bits: [0x000071a717150000, 0x000071a718000000)

Polling page: 0x000071a7230da000

Metaspace:
Metaspace        used 7761K, committed 7936K, reserved 1114112K
 class space     used 482K, committed 576K, reserved 1048576K

Usage:
  Non-class:      7.11 MB used.
      Class:    482.95 KB used.
       Both:      7.58 MB used.

Virtual space:
  Non-class space:       64.00 MB reserved,       7.19 MB ( 11%) committed,  1 nodes.
      Class space:        1.00 GB reserved,     576.00 KB ( <1%) committed,  1 nodes.
             Both:        1.06 GB reserved,       7.75 MB ( <1%) committed. 

Chunk freelists:
   Non-Class:  8.45 MB
       Class:  15.47 MB
        Both:  23.92 MB

MaxMetaspaceSize: unlimited
CompressedClassSpaceSize: 1.00 GB
Initial GC threshold: 21.00 MB
Current GC threshold: 21.00 MB
CDS: off
 - commit_granule_bytes: 65536.
 - commit_granule_words: 8192.
 - virtual_space_node_default_size: 8388608.
 - enlarge_chunks_in_place: 1.
UseCompressedClassPointers 1, UseCompactObjectHeaders 0
Narrow klass pointer bits 32, Max shift 3
Narrow klass base: 0x0000000000000000, Narrow klass shift: 0
Encoding Range: [0x0000000000000000 - 0x0000000100000000), (4294967296 bytes)
Klass Range:    [0x000000004d000000 - 0x000000008d000000), (1073741824 bytes)
Klass ID Range:  [1291845632 - 2365587449) (1073741817)
No protection zone.


Internal statistics:

num_allocs: 53017.
num_deallocs: 51.
num_allocs_from_deallocated_blocks: 130.
num_chunks_retired: 3.
num_allocs_failed_limit: 0.
num_arena_births: 52.
num_arena_deaths: 0.
num_vsnodes_births: 2.
num_vsnodes_deaths: 0.
num_space_committed: 124.
num_space_uncommitted: 0.
num_chunks_returned_to_freelist: 0.
num_chunks_taken_from_freelist: 55.
num_chunk_merges: 0.
num_chunk_splits: 41.
num_chunks_enlarged: 52.
num_inconsistent_stats: 0.

CodeCache: size=49152Kb used=799Kb max_used=1149Kb free=48352Kb
 bounds [0x000071a71cd2f000, 0x000071a71cf9f000, 0x000071a71fd2f000]
 total_blobs=376, nmethods=22, adapters=303, full_count=0
Compilation: enabled, stopped_count=0, restarted_count=0

Compilation events (1 events):
Event: 91.863 Thread 0x000071a7181b8d00   23    b        test::micro (240 bytes)

GC Heap Usage History (0 events):
No events

Metaspace Usage History (0 events):
No events

Dll operation events (4 events):
Event: 66.644 Loaded shared library /mnt/c/Github/jdk/build/linux-x86_64-server-slowdebug/jdk/lib/libjava.so
Event: 69.270 Loaded shared library /mnt/c/Github/jdk/build/linux-x86_64-server-slowdebug/jdk/lib/libsimdsort.so
Event: 88.749 Loaded shared library /mnt/c/Github/jdk/build/linux-x86_64-server-slowdebug/jdk/lib/libnio.so
Event: 89.317 Loaded shared library /mnt/c/Github/jdk/build/linux-x86_64-server-slowdebug/jdk/lib/libnet.so

Deoptimization events (0 events):
No events

Classes loaded (20 events):
Event: 91.818 Loading class jdk/internal/loader/Resource done
Event: 91.818 Loading class jdk/internal/loader/URLClassPath$FileLoader$1 done
Event: 91.819 Loading class java/io/FileCleanable
Event: 91.823 Loading class java/io/FileCleanable done
Event: 91.824 Loading class sun/nio/ByteBuffered
Event: 91.828 Loading class sun/nio/ByteBuffered done
Event: 91.829 Loading class java/io/FileInputStream$1
Event: 91.832 Loading class java/io/FileInputStream$1 done
Event: 91.833 Loading class java/security/SecureClassLoader$CodeSourceKey
Event: 91.837 Loading class java/security/SecureClassLoader$CodeSourceKey done
Event: 91.837 Loading class java/security/SecureClassLoader$1
Event: 91.841 Loading class java/security/SecureClassLoader$1 done
Event: 91.842 Loading class java/security/Permissions
Event: 91.846 Loading class java/security/PermissionCollection
Event: 91.850 Loading class java/security/PermissionCollection done
Event: 91.850 Loading class java/security/Permissions done
Event: 91.851 Loading class java/lang/NamedPackage
Event: 91.855 Loading class java/lang/NamedPackage done
Event: 91.855 Loading class jdk/internal/misc/MethodFinder
Event: 91.860 Loading class jdk/internal/misc/MethodFinder done

Classes unloaded (0 events):
No events

Classes redefined (0 events):
No events

Internal exceptions (17 events):
Event: 90.092 Thread 0x000071a71802cca0 Exception <a 'java/lang/NoSuchMethodError'{0x00000000c8f56e88}: 'java.lang.Object java.lang.invoke.DirectMethodHandle$Holder.invokeSpecial(java.lang.Object, java.lang.Object, java.lang.Object)'> (0x00000000c8f56e88) 
thrown [/mnt/c/Github/jdk/src/hotspot/share/interpreter/linkResolver.cpp, line 803]
Event: 90.152 Thread 0x000071a71802cca0 Exception <a 'java/lang/NoSuchMethodError'{0x00000000c8f67d20}: 'java.lang.Object java.lang.invoke.DirectMethodHandle$Holder.newInvokeSpecial(java.lang.Object, java.lang.Object, java.lang.Object)'> (0x00000000c8f67d20) 
thrown [/mnt/c/Github/jdk/src/hotspot/share/interpreter/linkResolver.cpp, line 803]
Event: 90.182 Thread 0x000071a71802cca0 Exception <a 'java/lang/NoSuchMethodError'{0x00000000c8f79d90}: 'java.lang.Object java.lang.invoke.Invokers$Holder.linkToTargetMethod(java.lang.Object, java.lang.Object, java.lang.Object)'> (0x00000000c8f79d90) 
thrown [/mnt/c/Github/jdk/src/hotspot/share/interpreter/linkResolver.cpp, line 803]
Event: 90.499 Thread 0x000071a71802cca0 Exception <a 'java/lang/NoSuchMethodError'{0x00000000c8fbb348}: 'java.lang.Object java.lang.invoke.DirectMethodHandle$Holder.newInvokeSpecial(java.lang.Object, java.lang.Object)'> (0x00000000c8fbb348) 
thrown [/mnt/c/Github/jdk/src/hotspot/share/interpreter/linkResolver.cpp, line 803]
Event: 90.501 Thread 0x000071a71802cca0 Exception <a 'java/lang/NoSuchMethodError'{0x00000000c8fc37d0}: 'java.lang.Object java.lang.invoke.Invokers$Holder.linkToTargetMethod(java.lang.Object, java.lang.Object)'> (0x00000000c8fc37d0) 
thrown [/mnt/c/Github/jdk/src/hotspot/share/interpreter/linkResolver.cpp, line 803]
Event: 90.542 Thread 0x000071a71802cca0 Exception <a 'java/lang/NoSuchMethodError'{0x00000000c8fda460}: 'java.lang.Object java.lang.invoke.DirectMethodHandle$Holder.invokeStatic(java.lang.Object, java.lang.Object)'> (0x00000000c8fda460) 
thrown [/mnt/c/Github/jdk/src/hotspot/share/interpreter/linkResolver.cpp, line 803]
Event: 91.195 Thread 0x000071a71802cca0 Exception <a 'java/lang/NoSuchMethodError'{0x00000000c8d73010}: 'java.lang.Object java.lang.invoke.DirectMethodHandle$Holder.invokeStatic(java.lang.Object)'> (0x00000000c8d73010) 
thrown [/mnt/c/Github/jdk/src/hotspot/share/interpreter/linkResolver.cpp, line 803]
Event: 91.265 Thread 0x000071a71802cca0 Exception <a 'java/lang/NoSuchMethodError'{0x00000000c8d7d508}: 'java.lang.Object java.lang.invoke.DirectMethodHandle$Holder.invokeStatic(java.lang.Object, java.lang.Object, java.lang.Object)'> (0x00000000c8d7d508) 
thrown [/mnt/c/Github/jdk/src/hotspot/share/interpreter/linkResolver.cpp, line 803]
Event: 91.279 Thread 0x000071a71802cca0 Exception <a 'java/lang/NoSuchMethodError'{0x00000000c8d870d8}: 'java.lang.Object java.lang.invoke.DirectMethodHandle$Holder.invokeStatic(java.lang.Object, java.lang.Object, java.lang.Object, java.lang.Object)'> (0x00000000c8d870d8) 
thrown [/mnt/c/Github/jdk/src/hotspot/share/interpreter/linkResolver.cpp, line 803]
Event: 91.286 Thread 0x000071a71802cca0 Exception <a 'java/lang/NoSuchMethodError'{0x00000000c8d8fd50}: 'java.lang.Object java.lang.invoke.DirectMethodHandle$Holder.fieldAccess(java.lang.Object, java.lang.Object)'> (0x00000000c8d8fd50) 
thrown [/mnt/c/Github/jdk/src/hotspot/share/interpreter/linkResolver.cpp, line 803]
Event: 91.305 Thread 0x000071a71802cca0 Exception <a 'java/lang/NoSuchMethodError'{0x00000000c8d98d58}: 'java.lang.Object java.lang.invoke.DirectMethodHandle$Holder.invokeSpecial(java.lang.Object, java.lang.Object)'> (0x00000000c8d98d58) 
thrown [/mnt/c/Github/jdk/src/hotspot/share/interpreter/linkResolver.cpp, line 803]
Event: 91.337 Thread 0x000071a71802cca0 Exception <a 'java/lang/NoSuchMethodError'{0x00000000c8db09c8}: 'java.lang.Object java.lang.invoke.Invokers$Holder.invokeExact_MT(java.lang.Object, java.lang.Object, java.lang.Object)'> (0x00000000c8db09c8) 
thrown [/mnt/c/Github/jdk/src/hotspot/share/interpreter/linkResolver.cpp, line 803]
Event: 91.373 Thread 0x000071a71802cca0 Exception <a 'java/lang/NoSuchMethodError'{0x00000000c8dbacc0}: 'java.lang.Object java.lang.invoke.DirectMethodHandle$Holder.newInvokeSpecial(java.lang.Object)'> (0x00000000c8dbacc0) 
thrown [/mnt/c/Github/jdk/src/hotspot/share/interpreter/linkResolver.cpp, line 803]
Event: 91.377 Thread 0x000071a71802cca0 Exception <a 'java/lang/NoSuchMethodError'{0x00000000c8dd0b98}: 'java.lang.Object java.lang.invoke.Invokers$Holder.linkToTargetMethod(java.lang.Object)'> (0x00000000c8dd0b98) 
thrown [/mnt/c/Github/jdk/src/hotspot/share/interpreter/linkResolver.cpp, line 803]
Event: 91.519 Thread 0x000071a71802cca0 Exception <a 'java/lang/NoSuchMethodError'{0x00000000c8dfc700}: 'int java.lang.invoke.DirectMethodHandle$Holder.invokeStatic(java.lang.Object, java.lang.Object)'> (0x00000000c8dfc700) 
thrown [/mnt/c/Github/jdk/src/hotspot/share/interpreter/linkResolver.cpp, line 803]
Event: 91.570 Thread 0x000071a71802cca0 Exception <a 'java/lang/NoSuchMethodError'{0x00000000c8c13660}: 'int java.lang.invoke.DirectMethodHandle$Holder.invokeStatic(java.lang.Object, java.lang.Object, java.lang.Object)'> (0x00000000c8c13660) 
thrown [/mnt/c/Github/jdk/src/hotspot/share/interpreter/linkResolver.cpp, line 803]
Event: 91.620 Thread 0x000071a71802cca0 Exception <a 'java/lang/NoSuchMethodError'{0x00000000c8c32568}: 'int java.lang.invoke.DirectMethodHandle$Holder.invokeSpecial(java.lang.Object, java.lang.Object)'> (0x00000000c8c32568) 
thrown [/mnt/c/Github/jdk/src/hotspot/share/interpreter/linkResolver.cpp, line 803]

VM Operations (0 events):
No events

Memory protections (9 events):
Event: 66.508 Protecting memory [0x000071a71fda2000,0x000071a71fda6000] with protection modes 0
Event: 69.024 Protecting memory [0x000071a6f3eff000,0x000071a6f3f03000] with protection modes 0
Event: 69.030 Protecting memory [0x000071a6f3aff000,0x000071a6f3b03000] with protection modes 0
Event: 69.058 Protecting memory [0x000071a6f39fe000,0x000071a6f3a02000] with protection modes 0
Event: 69.059 Protecting memory [0x000071a6f38fd000,0x000071a6f3901000] with protection modes 0
Event: 69.060 Protecting memory [0x000071a6f37fc000,0x000071a6f3800000] with protection modes 0
Event: 69.061 Protecting memory [0x000071a6f36fb000,0x000071a6f36ff000] with protection modes 0
Event: 88.941 Protecting memory [0x000071a6f355f000,0x000071a6f3563000] with protection modes 0
Event: 91.782 Protecting memory [0x000071a6f345e000,0x000071a6f3462000] with protection modes 0

Nmethod flushes (0 events):
No events

Events (9 events):
Event: 67.130 Thread 0x000071a71802cca0 Thread added: 0x000071a71802cca0
Event: 69.023 Thread 0x000071a71802cca0 Thread added: 0x000071a7181af970
Event: 69.030 Thread 0x000071a71802cca0 Thread added: 0x000071a7181b14d0
Event: 69.058 Thread 0x000071a71802cca0 Thread added: 0x000071a7181b3230
Event: 69.059 Thread 0x000071a71802cca0 Thread added: 0x000071a7181b4d90
Event: 69.060 Thread 0x000071a71802cca0 Thread added: 0x000071a7181b68e0
Event: 69.061 Thread 0x000071a71802cca0 Thread added: 0x000071a7181b8d00
Event: 88.941 Thread 0x000071a71802cca0 Thread added: 0x000071a7181fe930
Event: 91.782 Thread 0x000071a71802cca0 Thread added: 0x000071a718340a10


Dynamic libraries:
4d000000-4d070000 rw-p 00000000 00:00 0 
4d070000-4d090000 rw-p 00000000 00:00 0 
4d090000-8d000000 ---p 00000000 00:00 0 
c5400000-c9000000 rw-p 00000000 00:00 0 
c9000000-100000000 ---p 00000000 00:00 0 
560b21a20000-560b21a21000 r--p 00000000 00:43 844424930815230            /mnt/c/Github/jdk/build/linux-x86_64-server-slowdebug/jdk/bin/java
560b21a21000-560b21a22000 r-xp 00001000 00:43 844424930815230            /mnt/c/Github/jdk/build/linux-x86_64-server-slowdebug/jdk/bin/java
560b21a22000-560b21a23000 r--p 00002000 00:43 844424930815230            /mnt/c/Github/jdk/build/linux-x86_64-server-slowdebug/jdk/bin/java
560b21a23000-560b21a24000 r--p 00002000 00:43 844424930815230            /mnt/c/Github/jdk/build/linux-x86_64-server-slowdebug/jdk/bin/java
560b21a24000-560b21a25000 rw-p 00003000 00:43 844424930815230            /mnt/c/Github/jdk/build/linux-x86_64-server-slowdebug/jdk/bin/java
560b27bdf000-560b27c27000 rw-p 00000000 00:00 0                          [heap]
71a6cc000000-71a6cc021000 rw-p 00000000 00:00 0 
71a6cc021000-71a6d0000000 ---p 00000000 00:00 0 
71a6d4000000-71a6d40e7000 rw-p 00000000 00:00 0 
71a6d40e7000-71a6d8000000 ---p 00000000 00:00 0 
71a6d8000000-71a6d8021000 rw-p 00000000 00:00 0 
71a6d8021000-71a6dc000000 ---p 00000000 00:00 0 
71a6dc000000-71a6dc021000 rw-p 00000000 00:00 0 
71a6dc021000-71a6e0000000 ---p 00000000 00:00 0 
71a6e0000000-71a6e0021000 rw-p 00000000 00:00 0 
71a6e0021000-71a6e4000000 ---p 00000000 00:00 0 
71a6e4000000-71a6e4021000 rw-p 00000000 00:00 0 
71a6e4021000-71a6e8000000 ---p 00000000 00:00 0 
71a6e8000000-71a6e8021000 rw-p 00000000 00:00 0 
71a6e8021000-71a6ec000000 ---p 00000000 00:00 0 
71a6ec000000-71a6ec021000 rw-p 00000000 00:00 0 
71a6ec021000-71a6f0000000 ---p 00000000 00:00 0 
71a6f0664000-71a6f345e000 rw-p 00000000 00:00 0 
71a6f345e000-71a6f3462000 ---p 00000000 00:00 0 
71a6f3462000-71a6f355f000 rw-p 00000000 00:00 0 
71a6f355f000-71a6f3563000 ---p 00000000 00:00 0 
71a6f3563000-71a6f3660000 rw-p 00000000 00:00 0 
71a6f3660000-71a6f3663000 r--p 00000000 00:43 1125899907525423           /mnt/c/Github/jdk/build/linux-x86_64-server-slowdebug/jdk/lib/libsimdsort.so
71a6f3663000-71a6f36e8000 r-xp 00003000 00:43 1125899907525423           /mnt/c/Github/jdk/build/linux-x86_64-server-slowdebug/jdk/lib/libsimdsort.so
71a6f36e8000-71a6f36f9000 r--p 00088000 00:43 1125899907525423           /mnt/c/Github/jdk/build/linux-x86_64-server-slowdebug/jdk/lib/libsimdsort.so
71a6f36f9000-71a6f36fa000 r--p 00098000 00:43 1125899907525423           /mnt/c/Github/jdk/build/linux-x86_64-server-slowdebug/jdk/lib/libsimdsort.so
71a6f36fa000-71a6f36fb000 rw-p 00099000 00:43 1125899907525423           /mnt/c/Github/jdk/build/linux-x86_64-server-slowdebug/jdk/lib/libsimdsort.so
71a6f36fb000-71a6f36ff000 ---p 00000000 00:00 0 
71a6f36ff000-71a6f37fc000 rw-p 00000000 00:00 0 
71a6f37fc000-71a6f3800000 ---p 00000000 00:00 0 
71a6f3800000-71a6f38fd000 rw-p 00000000 00:00 0 
71a6f38fd000-71a6f3901000 ---p 00000000 00:00 0 
71a6f3901000-71a6f39fe000 rw-p 00000000 00:00 0 
71a6f39fe000-71a6f3a02000 ---p 00000000 00:00 0 
71a6f3a02000-71a6f3aff000 rw-p 00000000 00:00 0 
71a6f3aff000-71a6f3b03000 ---p 00000000 00:00 0 
71a6f3b03000-71a6f3c00000 rw-p 00000000 00:00 0 
71a6f3c00000-71a6f3ee6000 r--p 00000000 08:30 1684                       /usr/lib/locale/locale-archive
71a6f3eff000-71a6f3f03000 ---p 00000000 00:00 0 
71a6f3f03000-71a6f4000000 rw-p 00000000 00:00 0 
71a6f4000000-71a6f4021000 rw-p 00000000 00:00 0 
71a6f4021000-71a6f8000000 ---p 00000000 00:00 0 
71a6f8000000-71a6f8021000 rw-p 00000000 00:00 0 
71a6f8021000-71a6fc000000 ---p 00000000 00:00 0 
71a6fc000000-71a6fc5f0000 rw-p 00000000 00:00 0 
71a6fc5f0000-71a6fc610000 rw-p 00000000 00:00 0 
71a6fc610000-71a6fc680000 ---p 00000000 00:00 0 
71a6fc680000-71a6fc6a0000 rw-p 00000000 00:00 0 
71a6fc6a0000-71a6fc700000 ---p 00000000 00:00 0 
71a6fc700000-71a6fc800000 rw-p 00000000 00:00 0 
71a6fc800000-71a700000000 ---p 00000000 00:00 0 
71a700000000-71a700021000 rw-p 00000000 00:00 0 
71a700021000-71a704000000 ---p 00000000 00:00 0 
71a704000000-71a704021000 rw-p 00000000 00:00 0 
71a704021000-71a708000000 ---p 00000000 00:00 0 
71a708000000-71a708021000 rw-p 00000000 00:00 0 
71a708021000-71a70c000000 ---p 00000000 00:00 0 
71a70c000000-71a70c021000 rw-p 00000000 00:00 0 
71a70c021000-71a710000000 ---p 00000000 00:00 0 
71a710000000-71a710021000 rw-p 00000000 00:00 0 
71a710021000-71a714000000 ---p 00000000 00:00 0 
71a714021000-71a714024000 r--p 00000000 00:43 844424930814761            /mnt/c/Github/jdk/build/linux-x86_64-server-slowdebug/jdk/lib/libnet.so
71a714024000-71a71402f000 r-xp 00003000 00:43 844424930814761            /mnt/c/Github/jdk/build/linux-x86_64-server-slowdebug/jdk/lib/libnet.so
71a71402f000-71a714031000 r--p 0000e000 00:43 844424930814761            /mnt/c/Github/jdk/build/linux-x86_64-server-slowdebug/jdk/lib/libnet.so
71a714031000-71a714032000 ---p 00010000 00:43 844424930814761            /mnt/c/Github/jdk/build/linux-x86_64-server-slowdebug/jdk/lib/libnet.so
71a714032000-71a714033000 r--p 00010000 00:43 844424930814761            /mnt/c/Github/jdk/build/linux-x86_64-server-slowdebug/jdk/lib/libnet.so
71a714033000-71a714034000 rw-p 00011000 00:43 844424930814761            /mnt/c/Github/jdk/build/linux-x86_64-server-slowdebug/jdk/lib/libnet.so
71a714034000-71a71403b000 r--p 00000000 00:43 1125899907525429           /mnt/c/Github/jdk/build/linux-x86_64-server-slowdebug/jdk/lib/libnio.so
71a71403b000-71a714047000 r-xp 00007000 00:43 1125899907525429           /mnt/c/Github/jdk/build/linux-x86_64-server-slowdebug/jdk/lib/libnio.so
71a714047000-71a71404a000 r--p 00013000 00:43 1125899907525429           /mnt/c/Github/jdk/build/linux-x86_64-server-slowdebug/jdk/lib/libnio.so
71a71404a000-71a71404b000 ---p 00016000 00:43 1125899907525429           /mnt/c/Github/jdk/build/linux-x86_64-server-slowdebug/jdk/lib/libnio.so
71a71404b000-71a71404c000 r--p 00016000 00:43 1125899907525429           /mnt/c/Github/jdk/build/linux-x86_64-server-slowdebug/jdk/lib/libnio.so
71a71404c000-71a71404d000 rw-p 00017000 00:43 1125899907525429           /mnt/c/Github/jdk/build/linux-x86_64-server-slowdebug/jdk/lib/libnio.so
71a71404d000-71a7141c0000 r--p 00000000 08:30 22149                      /usr/lib/locale/C.UTF-8/LC_COLLATE
71a7141c0000-71a7141c1000 ---p 00000000 00:00 0 
71a7141c1000-71a7142c1000 rw-p 00000000 00:00 0 
71a7142c1000-71a7142c2000 ---p 00000000 00:00 0 
71a7142c2000-71a714443000 rw-p 00000000 00:00 0 
71a714443000-71a714444000 ---p 00000000 00:00 0 
71a714444000-71a714544000 rw-p 00000000 00:00 0 
71a714544000-71a714545000 ---p 00000000 00:00 0 
71a714545000-71a716e4d000 rw-p 00000000 00:00 0 
71a716e4d000-71a716e4e000 ---p 00000000 00:00 0 
71a716e4e000-71a716f4e000 rw-p 00000000 00:00 0 
71a716f4e000-71a716f4f000 ---p 00000000 00:00 0 
71a716f4f000-71a71704f000 rw-p 00000000 00:00 0 
71a71704f000-71a717050000 ---p 00000000 00:00 0 
71a717050000-71a717240000 rw-p 00000000 00:00 0 
71a717240000-71a718000000 ---p 00000000 00:00 0 
71a718000000-71a71834e000 rw-p 00000000 00:00 0 
71a71834e000-71a71c000000 ---p 00000000 00:00 0 
71a71c00d000-71a71c03f000 r--p 00000000 08:30 22150                      /usr/lib/locale/C.UTF-8/LC_CTYPE
71a71c03f000-71a71c040000 r--p 00000000 08:30 22156                      /usr/lib/locale/C.UTF-8/LC_NUMERIC
71a71c040000-71a71c041000 r--p 00000000 08:30 22159                      /usr/lib/locale/C.UTF-8/LC_TIME
71a71c041000-71a71c042000 r--p 00000000 08:30 22154                      /usr/lib/locale/C.UTF-8/LC_MONETARY
71a71c042000-71a71c139000 rw-p 00000000 00:00 0 
71a71c139000-71a71c2f1000 ---p 00000000 00:00 0 
71a71c2f1000-71a71c30f000 rw-p 00000000 00:00 0 
71a71c30f000-71a71c4c7000 ---p 00000000 00:00 0 
71a71c4c7000-71a71ccd4000 rw-p 00000000 00:00 0 
71a71ccd4000-71a71cd2f000 ---p 00000000 00:00 0 
71a71cd2f000-71a71cf9f000 rwxp 00000000 00:00 0 
71a71cf9f000-71a71fd2f000 ---p 00000000 00:00 0 
71a71fd2f000-71a71fd3b000 r--p 00000000 00:43 844424930814731            /mnt/c/Github/jdk/build/linux-x86_64-server-slowdebug/jdk/lib/libjava.so
71a71fd3b000-71a71fd52000 r-xp 0000c000 00:43 844424930814731            /mnt/c/Github/jdk/build/linux-x86_64-server-slowdebug/jdk/lib/libjava.so
71a71fd52000-71a71fd58000 r--p 00023000 00:43 844424930814731            /mnt/c/Github/jdk/build/linux-x86_64-server-slowdebug/jdk/lib/libjava.so
71a71fd58000-71a71fd59000 ---p 00029000 00:43 844424930814731            /mnt/c/Github/jdk/build/linux-x86_64-server-slowdebug/jdk/lib/libjava.so
71a71fd59000-71a71fd5a000 r--p 00029000 00:43 844424930814731            /mnt/c/Github/jdk/build/linux-x86_64-server-slowdebug/jdk/lib/libjava.so
71a71fd5a000-71a71fd5b000 rw-p 0002a000 00:43 844424930814731            /mnt/c/Github/jdk/build/linux-x86_64-server-slowdebug/jdk/lib/libjava.so
71a71fd5b000-71a71fd5c000 rw-p 00000000 00:00 0 
71a71fd5c000-71a71fd5f000 r--p 00000000 08:30 41606                      /usr/lib/x86_64-linux-gnu/libnss_files-2.31.so
71a71fd5f000-71a71fd66000 r-xp 00003000 08:30 41606                      /usr/lib/x86_64-linux-gnu/libnss_files-2.31.so
71a71fd66000-71a71fd68000 r--p 0000a000 08:30 41606                      /usr/lib/x86_64-linux-gnu/libnss_files-2.31.so
71a71fd68000-71a71fd69000 r--p 0000b000 08:30 41606                      /usr/lib/x86_64-linux-gnu/libnss_files-2.31.so
71a71fd69000-71a71fd6a000 rw-p 0000c000 08:30 41606                      /usr/lib/x86_64-linux-gnu/libnss_files-2.31.so
71a71fd6a000-71a71fd70000 rw-p 00000000 00:00 0 
71a71fd70000-71a71fd71000 r--p 00000000 08:30 22153                      /usr/lib/locale/C.UTF-8/LC_MESSAGES/SYS_LC_MESSAGES
71a71fd71000-71a71fd72000 r--p 00000000 08:30 22157                      /usr/lib/locale/C.UTF-8/LC_PAPER
71a71fd72000-71a71fd73000 r--p 00000000 08:30 22155                      /usr/lib/locale/C.UTF-8/LC_NAME
71a71fd73000-71a71fd74000 r--p 00000000 08:30 22148                      /usr/lib/locale/C.UTF-8/LC_ADDRESS
71a71fd74000-71a71fd75000 r--p 00000000 08:30 22158                      /usr/lib/locale/C.UTF-8/LC_TELEPHONE
71a71fd75000-71a71fd7c000 r--s 00000000 08:30 41865                      /usr/lib/x86_64-linux-gnu/gconv/gconv-modules.cache
71a71fd7c000-71a71fd80000 r--p 00000000 00:43 844424930814700            /mnt/c/Github/jdk/build/linux-x86_64-server-slowdebug/jdk/lib/libjimage.so
71a71fd80000-71a71fd97000 r-xp 00004000 00:43 844424930814700            /mnt/c/Github/jdk/build/linux-x86_64-server-slowdebug/jdk/lib/libjimage.so
71a71fd97000-71a71fd9f000 r--p 0001b000 00:43 844424930814700            /mnt/c/Github/jdk/build/linux-x86_64-server-slowdebug/jdk/lib/libjimage.so
71a71fd9f000-71a71fda1000 r--p 00022000 00:43 844424930814700            /mnt/c/Github/jdk/build/linux-x86_64-server-slowdebug/jdk/lib/libjimage.so
71a71fda1000-71a71fda2000 rw-p 00024000 00:43 844424930814700            /mnt/c/Github/jdk/build/linux-x86_64-server-slowdebug/jdk/lib/libjimage.so
71a71fda2000-71a71fda6000 ---p 00000000 00:00 0 
71a71fda6000-71a71fea3000 rw-p 00000000 00:00 0 
71a71fea3000-71a71feb0000 r--p 00000000 08:30 41600                      /usr/lib/x86_64-linux-gnu/libm-2.31.so
71a71feb0000-71a71ff57000 r-xp 0000d000 08:30 41600                      /usr/lib/x86_64-linux-gnu/libm-2.31.so
71a71ff57000-71a71fff0000 r--p 000b4000 08:30 41600                      /usr/lib/x86_64-linux-gnu/libm-2.31.so
71a71fff0000-71a71fff1000 r--p 0014c000 08:30 41600                      /usr/lib/x86_64-linux-gnu/libm-2.31.so
71a71fff1000-71a71fff2000 rw-p 0014d000 08:30 41600                      /usr/lib/x86_64-linux-gnu/libm-2.31.so
71a71fff2000-71a71fff4000 r--p 00000000 08:30 41613                      /usr/lib/x86_64-linux-gnu/librt-2.31.so
71a71fff4000-71a71fff8000 r-xp 00002000 08:30 41613                      /usr/lib/x86_64-linux-gnu/librt-2.31.so
71a71fff8000-71a71fffa000 r--p 00006000 08:30 41613                      /usr/lib/x86_64-linux-gnu/librt-2.31.so
71a71fffa000-71a71fffb000 r--p 00007000 08:30 41613                      /usr/lib/x86_64-linux-gnu/librt-2.31.so
71a71fffb000-71a71fffc000 rw-p 00008000 08:30 41613                      /usr/lib/x86_64-linux-gnu/librt-2.31.so
71a71fffc000-71a72047e000 r--p 00000000 00:43 1688849860944915           /mnt/c/Github/jdk/build/linux-x86_64-server-slowdebug/jdk/lib/server/libjvm.so
71a72047e000-71a721b77000 r-xp 00482000 00:43 1688849860944915           /mnt/c/Github/jdk/build/linux-x86_64-server-slowdebug/jdk/lib/server/libjvm.so
71a721b77000-71a722c1c000 r--p 01b7b000 00:43 1688849860944915           /mnt/c/Github/jdk/build/linux-x86_64-server-slowdebug/jdk/lib/server/libjvm.so
71a722c1c000-71a722c1d000 ---p 02c20000 00:43 1688849860944915           /mnt/c/Github/jdk/build/linux-x86_64-server-slowdebug/jdk/lib/server/libjvm.so
71a722c1d000-71a722d40000 r--p 02c20000 00:43 1688849860944915           /mnt/c/Github/jdk/build/linux-x86_64-server-slowdebug/jdk/lib/server/libjvm.so
71a722d40000-71a722dc8000 rw-p 02d43000 00:43 1688849860944915           /mnt/c/Github/jdk/build/linux-x86_64-server-slowdebug/jdk/lib/server/libjvm.so
71a722dc8000-71a722e99000 rw-p 00000000 00:00 0 
71a722e99000-71a722e9f000 r--p 00000000 08:30 41611                      /usr/lib/x86_64-linux-gnu/libpthread-2.31.so
71a722e9f000-71a722eb0000 r-xp 00006000 08:30 41611                      /usr/lib/x86_64-linux-gnu/libpthread-2.31.so
71a722eb0000-71a722eb6000 r--p 00017000 08:30 41611                      /usr/lib/x86_64-linux-gnu/libpthread-2.31.so
71a722eb6000-71a722eb7000 r--p 0001c000 08:30 41611                      /usr/lib/x86_64-linux-gnu/libpthread-2.31.so
71a722eb7000-71a722eb8000 rw-p 0001d000 08:30 41611                      /usr/lib/x86_64-linux-gnu/libpthread-2.31.so
71a722eb8000-71a722ebc000 rw-p 00000000 00:00 0 
71a722ebc000-71a722ebd000 r--p 00000000 08:30 41599                      /usr/lib/x86_64-linux-gnu/libdl-2.31.so
71a722ebd000-71a722ebf000 r-xp 00001000 08:30 41599                      /usr/lib/x86_64-linux-gnu/libdl-2.31.so
71a722ebf000-71a722ec0000 r--p 00003000 08:30 41599                      /usr/lib/x86_64-linux-gnu/libdl-2.31.so
71a722ec0000-71a722ec1000 r--p 00003000 08:30 41599                      /usr/lib/x86_64-linux-gnu/libdl-2.31.so
71a722ec1000-71a722ec2000 rw-p 00004000 08:30 41599                      /usr/lib/x86_64-linux-gnu/libdl-2.31.so
71a722ec2000-71a722ec4000 r--p 00000000 08:30 13174                      /usr/lib/x86_64-linux-gnu/libz.so.1.2.11
71a722ec4000-71a722ed5000 r-xp 00002000 08:30 13174                      /usr/lib/x86_64-linux-gnu/libz.so.1.2.11
71a722ed5000-71a722edb000 r--p 00013000 08:30 13174                      /usr/lib/x86_64-linux-gnu/libz.so.1.2.11
71a722edb000-71a722edc000 ---p 00019000 08:30 13174                      /usr/lib/x86_64-linux-gnu/libz.so.1.2.11
71a722edc000-71a722edd000 r--p 00019000 08:30 13174                      /usr/lib/x86_64-linux-gnu/libz.so.1.2.11
71a722edd000-71a722ede000 rw-p 0001a000 08:30 13174                      /usr/lib/x86_64-linux-gnu/libz.so.1.2.11
71a722ede000-71a722f00000 r--p 00000000 08:30 41598                      /usr/lib/x86_64-linux-gnu/libc-2.31.so
71a722f00000-71a723078000 r-xp 00022000 08:30 41598                      /usr/lib/x86_64-linux-gnu/libc-2.31.so
71a723078000-71a7230c6000 r--p 0019a000 08:30 41598                      /usr/lib/x86_64-linux-gnu/libc-2.31.so
71a7230c6000-71a7230ca000 r--p 001e7000 08:30 41598                      /usr/lib/x86_64-linux-gnu/libc-2.31.so
71a7230ca000-71a7230cc000 rw-p 001eb000 08:30 41598                      /usr/lib/x86_64-linux-gnu/libc-2.31.so
71a7230cc000-71a7230d0000 rw-p 00000000 00:00 0 
71a7230d0000-71a7230d1000 r--p 00000000 08:30 22152                      /usr/lib/locale/C.UTF-8/LC_MEASUREMENT
71a7230d1000-71a7230d2000 r--p 00000000 08:30 22151                      /usr/lib/locale/C.UTF-8/LC_IDENTIFICATION
71a7230d2000-71a7230da000 rw-s 00000000 08:30 57172                      /tmp/hsperfdata_jatinbha/39693
71a7230da000-71a7230db000 ---p 00000000 00:00 0 
71a7230db000-71a7230dc000 r--p 00000000 00:00 0 
71a7230dc000-71a7230df000 r--p 00000000 00:43 1407374884235958           /mnt/c/Github/jdk/build/linux-x86_64-server-slowdebug/jdk/lib/libjli.so
71a7230df000-71a7230ed000 r-xp 00003000 00:43 1407374884235958           /mnt/c/Github/jdk/build/linux-x86_64-server-slowdebug/jdk/lib/libjli.so
71a7230ed000-71a7230f1000 r--p 00011000 00:43 1407374884235958           /mnt/c/Github/jdk/build/linux-x86_64-server-slowdebug/jdk/lib/libjli.so
71a7230f1000-71a7230f2000 r--p 00014000 00:43 1407374884235958           /mnt/c/Github/jdk/build/linux-x86_64-server-slowdebug/jdk/lib/libjli.so
71a7230f2000-71a7230f3000 rw-p 00015000 00:43 1407374884235958           /mnt/c/Github/jdk/build/linux-x86_64-server-slowdebug/jdk/lib/libjli.so
71a7230f3000-71a7230f5000 rw-p 00000000 00:00 0 
71a7230f5000-71a7230f6000 r--p 00000000 08:30 21885                      /usr/lib/x86_64-linux-gnu/ld-2.31.so
71a7230f6000-71a723119000 r-xp 00001000 08:30 21885                      /usr/lib/x86_64-linux-gnu/ld-2.31.so
71a723119000-71a723121000 r--p 00024000 08:30 21885                      /usr/lib/x86_64-linux-gnu/ld-2.31.so
71a723121000-71a723122000 rwxp 00000000 00:00 0 
71a723122000-71a723123000 r--p 0002c000 08:30 21885                      /usr/lib/x86_64-linux-gnu/ld-2.31.so
71a723123000-71a723124000 rw-p 0002d000 08:30 21885                      /usr/lib/x86_64-linux-gnu/ld-2.31.so
71a723124000-71a723125000 rw-p 00000000 00:00 0 
7fff8af6b000-7fff8af8c000 rw-p 00000000 00:00 0                          [stack]
7fff8af90000-7fff8af94000 r--p 00000000 00:00 0                          [vvar]
7fff8af94000-7fff8af96000 r-xp 00000000 00:00 0                          [vdso]
Total number of mappings: 200

JVMTI agents: none


VM Arguments:
jvm_args: -XX:CompileCommand=compileonly,test::micro -Xbatch -XX:-TieredCompilation -XX:+PauseAtStartup -XX:+StressRegisterAllocation 
java_command: test
java_class_path (initial): .
Launcher Type: SUN_STANDARD

[Global flags]
     bool AOTAdapterCaching                        = false                                  {diagnostic} {ergonomic}     Enable saving and restoring i2c2i adapters in AOT cache
     bool AOTInvokeDynamicLinking                  = false                                  {diagnostic} {ergonomic}     AOT-link JVM_CONSTANT_InvokeDynamic entries in cached ConstantPools
     bool AOTRecordTraining                        = false                                  {diagnostic} {ergonomic}     Request output of training data for improved deployment.
     bool AOTReplayTraining                        = false                                  {diagnostic} {ergonomic}     Read training data, if available, for use in this execution
     bool AOTStubCaching                           = false                                  {diagnostic} {ergonomic}     Enable saving and restoring stubs and code blobs in AOT cache
     bool BackgroundCompilation                    = false                                  {pd product} {command line}  A thread requesting compilation is not blocked during compilation
     intx CICompilerCount                          = 4                                         {product} {ergonomic}     Number of compiler threads to run
ccstrlist CompileCommand                           = compileonly,test::micro                   {product} {command line}  Prepend to .hotspot_compiler; e.g. log,java/lang/String.<init>
     uint ConcGCThreads                            = 2                                         {product} {ergonomic}     Number of threads concurrent gc will use
     uint G1ConcRefinementThreads                  = 8                                         {product} {ergonomic}     The number of parallel remembered set update threads. Will be set ergonomically by default.
   size_t G1HeapRegionSize                         = 1048576                                   {product} {ergonomic}     Size of the G1 regions.
   size_t InitialHeapSize                          = 62914560                                  {product} {ergonomic}     Initial heap size (in bytes); zero means use ergonomics
   size_t MarkStackSize                            = 4194304                                   {product} {ergonomic}     Size of marking stack in bytes.
   size_t MarkStackSizeMax                         = 536870912                                 {product} {ergonomic}     Maximum size of marking stack in bytes.
   size_t MaxHeapSize                              = 985661440                                 {product} {ergonomic}     Maximum heap size (in bytes)
   size_t MaxNewSize                               = 591396864                                 {product} {ergonomic}     Maximum new generation size (in bytes), max_uintx means set ergonomically
   size_t MinHeapDeltaBytes                        = 1048576                                   {product} {ergonomic}     The minimum change in heap space due to GC (in bytes)
   size_t MinHeapSize                              = 8388608                                   {product} {ergonomic}     Minimum heap size (in bytes); zero means use ergonomics
   size_t NonNMethodCodeHeapSize                   = 4096                                   {pd product} {ergonomic}     Size of code heap with non-nmethods (in bytes)
   size_t NonProfiledCodeHeapSize                  = 0                                      {pd product} {ergonomic}     Size of code heap with non-profiled methods (in bytes)
     bool PauseAtStartup                           = true                                   {diagnostic} {command line}  Causes the VM to pause at startup time and wait for the pause file to be removed (default: ./vm.paused.<pid>)
   size_t ProfiledCodeHeapSize                     = 0                                      {pd product} {ergonomic}     Size of code heap with profiled methods (in bytes)
   size_t SoftMaxHeapSize                          = 985661440                              {manageable} {ergonomic}     Soft limit for maximum heap size (in bytes)
     bool StressRegisterAllocation                 = true                                {C2 diagnostic} {command line}  Randomize register allocation order
     uint StressSeed                               = 1668980916                          {C2 diagnostic} {ergonomic}     Seed for randomized stress testing (if unset, a random one is generated). The seed is recorded in the compilation log, if available.
     bool THPStackMitigation                       = false                                  {diagnostic} {ergonomic}     If THPs are unconditionally enabled on the system (mode "always"), the JVM will prevent THP from forming in thread stacks. When disabled, the absence of this mitigationallows THPs to form in thread stacks.
     bool TieredCompilation                        = false                                  {pd product} {command line}  Enable tiered compilation
     bool UseCompressedOops                        = true                           {product lp64_product} {ergonomic}   Use 32-bit object references in 64-bit VM. lp64_product means flag is always constant in 32 bit VM
     bool UseG1GC                                  = true                                      {product} {ergonomic}     Use the Garbage-First garbage collector
      int X86ICacheSync                            = 3                                 {ARCH diagnostic} {ergonomic}     Select the X86 ICache sync mechanism: -1 = auto-select; 0 = none (dangerous); 1 = CLFLUSH loop; 2 = CLFLUSHOPT loop; 3 = CLWB loop; 4 = single CPUID; 5 = single SERIALIZE. Explicitly selected mechanism will fail at startup if hardware does not support it.

Logging:
Log output configuration:
 #0: stdout all=warning uptime,level,tags foldmultilines=false
 #1: stderr all=off uptime,level,tags foldmultilines=false

Release file:
<release file has not been read>
Environment Variables:
JAVA_HOME=/mnt/c/Github/jdk/build/linux-x86_64-server-slowdebug/jdk/
PATH=/mnt/c/Github/jdk/build/linux-x86_64-server-slowdebug/jdk//bin:/home/jatinbha/.local/bin:/home/jatinbha/bin:/mnt/c/Github/softwares/sde-external-9.58.0-2025-06-16-lin:/mnt/c/Github/softwares/apache-maven-3.9.11/bin:/home/jatinbha/softwares/jdk-24.0.2/bin:/usr/local/sbin:/usr/local/bin:/usr/sbin:/usr/bin:/sbin:/bin:/usr/games:/usr/local/games:/usr/lib/wsl/lib:/mnt/c/WINDOWS/system32:/mnt/c/WINDOWS:/mnt/c/WINDOWS/System32/Wbem:/mnt/c/WINDOWS/System32/WindowsPowerShell/v1.0/:/mnt/c/WINDOWS/System32/OpenSSH/:/mnt/c/Program Files/Git/cmd:/mnt/c/Program Files/dotnet/:/mnt/c/Users/jatin/AppData/Local/Microsoft/WindowsApps:/mnt/c/Users/jatin/AppData/Local/GitHubDesktop/bin:/mnt/c/Users/jatin/AppData/Local/Programs/Microsoft VS Code/bin:/mnt/c/Github/softwares/jdk-26/bin:/snap/bin
LD_LIBRARY_PATH=/home/jatinbha/softwares/
SHELL=/bin/bash
DISPLAY=:0
HOSTTYPE=x86_64
LANG=C.UTF-8
TERM=xterm-256color

Active Locale:
LC_ALL=C.UTF-8
LC_COLLATE=C.UTF-8
LC_CTYPE=C.UTF-8
LC_MESSAGES=C.UTF-8
LC_MONETARY=C.UTF-8
LC_NUMERIC=C.UTF-8
LC_TIME=C.UTF-8

Signal Handlers:
   SIGSEGV: crash_handler in libjvm.so, mask=11100100010111111101111111111110, flags=SA_RESTART|SA_SIGINFO, unblocked
    SIGBUS: crash_handler in libjvm.so, mask=11100100010111111101111111111110, flags=SA_RESTART|SA_SIGINFO, unblocked
    SIGFPE: crash_handler in libjvm.so, mask=11100100010111111101111111111110, flags=SA_RESTART|SA_SIGINFO, unblocked
   SIGPIPE: javaSignalHandler in libjvm.so, mask=11100100010111111101111111111110, flags=SA_RESTART|SA_SIGINFO, unblocked
   SIGXFSZ: javaSignalHandler in libjvm.so, mask=11100100010111111101111111111110, flags=SA_RESTART|SA_SIGINFO, unblocked
    SIGILL: crash_handler in libjvm.so, mask=11100100010111111101111111111110, flags=SA_RESTART|SA_SIGINFO, unblocked
   SIGUSR2: SR_handler in libjvm.so, mask=00000000000000000000000000000000, flags=SA_RESTART|SA_SIGINFO, unblocked
    SIGHUP: UserHandler in libjvm.so, mask=11100100010111111101111111111110, flags=SA_RESTART|SA_SIGINFO, unblocked
    SIGINT: UserHandler in libjvm.so, mask=11100100010111111101111111111110, flags=SA_RESTART|SA_SIGINFO, unblocked
   SIGTERM: UserHandler in libjvm.so, mask=11100100010111111101111111111110, flags=SA_RESTART|SA_SIGINFO, unblocked
   SIGQUIT: UserHandler in libjvm.so, mask=11100100010111111101111111111110, flags=SA_RESTART|SA_SIGINFO, blocked
   SIGTRAP: crash_handler in libjvm.so, mask=11100100010111111101111111111110, flags=SA_RESTART|SA_SIGINFO, unblocked


Native Memory Tracking:

(Omitting categories weighting less than 1KB)

Total: reserved=2262915KB, committed=175219KB
       malloc: 68431KB #17635, peak=68122KB #17638
       mmap:   reserved=2194484KB, committed=106788KB

-                 Java Heap (reserved=962560KB, committed=61440KB)
                            (mmap: reserved=962560KB, committed=61440KB, at peak)

-                     Class (reserved=1048677KB, committed=677KB)
                            (classes #1033)
                            (  instance classes #902, array classes #131)
                            (malloc=101KB tag=Class #1317) (at peak)
                            (mmap: reserved=1048576KB, committed=576KB, at peak)
                            (  Metadata:   )
                            (    reserved=65536KB, committed=7360KB)
                            (    used=7278KB)
                            (    waste=82KB =1.11%)
                            (  Class space:)
                            (    reserved=1048576KB, committed=576KB)
                            (    used=483KB)
                            (    waste=93KB =16.16%)

-                    Thread (reserved=16475KB, committed=695KB)
                            (threads #16)
                            (stack: reserved=16420KB, committed=640KB, peak=640KB)
                            (malloc=38KB tag=Thread #99) (peak=46KB #103)
                            (arena=18KB #30) (peak=359KB #28)

-                      Code (reserved=49769KB, committed=2749KB)
                            (malloc=201KB tag=Code #6196) (at peak)
                            (mmap: reserved=49536KB, committed=2516KB, at peak)
                            (arena=33KB #1) (at peak)

-                        GC (reserved=68606KB, committed=51006KB)
                            (malloc=16794KB tag=GC #486) (at peak)
                            (mmap: reserved=51812KB, committed=34212KB, at peak)

-                  Compiler (reserved=655KB, committed=655KB)
                            (malloc=30KB tag=Compiler #33) (at peak)
                            (arena=624KB #10) (peak=754KB #12)

-                  Internal (reserved=47385KB, committed=47385KB)
                            (malloc=47349KB tag=Internal #4413) (peak=47349KB #4414)
                            (mmap: reserved=36KB, committed=36KB, at peak)

-                     Other (reserved=10KB, committed=10KB)
                            (malloc=10KB tag=Other #2) (at peak)

-                    Symbol (reserved=2524KB, committed=2524KB)
                            (malloc=885KB tag=Symbol #2548) (at peak)
                            (arena=1638KB #1) (at peak)

-    Native Memory Tracking (reserved=314KB, committed=314KB)
                            (malloc=4KB tag=Native Memory Tracking #68) (peak=4KB #70)
                            (tracking overhead=310KB)

-               Arena Chunk (reserved=132KB, committed=132KB)
                            (malloc=132KB tag=Arena Chunk #106) (peak=2449KB #107)

-                   Tracing (reserved=4KB, committed=4KB)
                            (malloc=4KB tag=Tracing #25) (at peak)

-                    Module (reserved=201KB, committed=201KB)
                            (malloc=201KB tag=Module #2137) (at peak)

-                 Safepoint (reserved=8KB, committed=8KB)
                            (mmap: reserved=8KB, committed=8KB, at peak)

-           Synchronization (reserved=21KB, committed=21KB)
                            (malloc=21KB tag=Synchronization #154) (at peak)

-            Serviceability (reserved=17KB, committed=17KB)
                            (malloc=17KB tag=Serviceability #10) (at peak)

-                 Metaspace (reserved=65548KB, committed=7372KB)
                            (malloc=12KB tag=Metaspace #9) (at peak)
                            (mmap: reserved=65536KB, committed=7360KB, at peak)

-      String Deduplication (reserved=1KB, committed=1KB)
                            (malloc=1KB tag=String Deduplication #8) (at peak)

-                       JNI (reserved=8KB, committed=8KB)
                            (malloc=8KB tag=JNI #12) (at peak)

Preinit state:entries: 388 (primary: 388, empties: 7803), sum bytes: 22423, longest chain length: 1
pre-init mallocs: 421, pre-init reallocs: 4, pre-init frees: 33
MallocLimit: unset

Compiler Memory Statistic, 10 most expensive compilations:
ctyp  total     ra        node      comp      type      states    reglive   regsplit  superword cienv     ha        other     #nodes  result  limit     time    id    thread             method
No entries.

Periodic native trim disabled

---------------  S Y S T E M  ---------------

OS:
DISTRIB_ID=Ubuntu
DISTRIB_RELEASE=20.04
DISTRIB_CODENAME=focal
DISTRIB_DESCRIPTION="Ubuntu 20.04.6 LTS"
uname: Linux jatinbha-ws 6.6.87.2-microsoft-standard-WSL2 #1 SMP PREEMPT_DYNAMIC Thu Jun  5 18:30:46 UTC 2025 x86_64
OS uptime: 0 days 10:35 hours
libc: glibc 2.31 NPTL 2.31 
rlimit (soft/hard): STACK 8192k/infinity , CORE 0k/infinity , NPROC 14993/14993 , NOFILE 1048576/1048576 , AS infinity/infinity , CPU infinity/infinity , DATA infinity/infinity , FSIZE infinity/infinity , MEMLOCK 65536k/65536k
load average: 0.22 0.05 0.16

/proc/meminfo:
MemTotal:        3848412 kB
MemFree:         2335168 kB
MemAvailable:    2863268 kB
Buffers:            2276 kB
Cached:           573280 kB
SwapCached:         1212 kB
Active:            87308 kB
Inactive:        1112988 kB
Active(anon):       8304 kB
Inactive(anon):   620404 kB
Active(file):      79004 kB
Inactive(file):   492584 kB
Unevictable:           0 kB
Mlocked:               0 kB
SwapTotal:       1048576 kB
SwapFree:        1029348 kB
Dirty:               120 kB
Writeback:             0 kB
AnonPages:        624268 kB
Mapped:           563404 kB
Shmem:              3932 kB
KReclaimable:      37184 kB
Slab:              89652 kB
SReclaimable:      37184 kB
SUnreclaim:        52468 kB
KernelStack:        4528 kB
PageTables:         6364 kB
SecPageTables:         0 kB
NFS_Unstable:          0 kB
Bounce:                0 kB
WritebackTmp:          0 kB
CommitLimit:     2972780 kB
Committed_AS:    1540992 kB
VmallocTotal:   34359738367 kB
VmallocUsed:       28964 kB
VmallocChunk:          0 kB
Percpu:             3680 kB
HardwareCorrupted:     0 kB
AnonHugePages:         0 kB
ShmemHugePages:        0 kB
ShmemPmdMapped:        0 kB
FileHugePages:         0 kB
FilePmdMapped:         0 kB
Unaccepted:            0 kB
HugePages_Total:       0
HugePages_Free:        0
HugePages_Rsvd:        0
HugePages_Surp:        0
Hugepagesize:       2048 kB
Hugetlb:               0 kB
DirectMap4k:       62464 kB
DirectMap2M:     3966976 kB
DirectMap1G:     8388608 kB

/sys/kernel/mm/transparent_hugepage/enabled: always [madvise] never
/sys/kernel/mm/transparent_hugepage/hpage_pmd_size: 2097152
/sys/kernel/mm/transparent_hugepage/shmem_enabled: always within_size advise [never] deny force
/sys/kernel/mm/transparent_hugepage/defrag (defrag/compaction efforts parameter): always defer defer+madvise [madvise] never

Process Memory:
Virtual Size: 3365816K (peak: 3384272K)
Resident Set Size: 120832K (peak: 120832K) (anon: 86272K, file: 34560K, shmem: 0K)
Swapped out: 0K
C-Heap outstanding allocations: 69181K, retained: 1930K
glibc malloc tunables: (default)

/proc/sys/kernel/threads-max (system-wide limit on the number of threads): 29987
/proc/sys/vm/max_map_count (maximum number of memory map areas a process may have): 65530
/proc/sys/vm/swappiness (control to define how aggressively the kernel swaps out anonymous memory): 60
/proc/sys/kernel/pid_max (system-wide limit on number of process identifiers): 4194304

container information not found.
Hyper-V virtualization detected
Steal ticks since vm start: 0
Steal ticks percentage since vm start:  0.000

CPU: total 8 (initial active 8) (4 cores per cpu, 2 threads per core) family 6 model 186 stepping 3 microcode 0xffffffff, cx8, cmov, fxsr, ht, mmx, 3dnowpref, sse, sse2, sse3, ssse3, sse4.1, sse4.2, popcnt, lzcnt, tsc, tscinvbit, avx, avx2, aes, erms, clmul, bmi1, bmi2, adx, sha, fma, vzeroupper, clflush, clflushopt, clwb, hv, serialize, rdtscp, rdpid, fsrm, gfni, f16c, cet_ibt, cet_ss
CPU Model and flags from /proc/cpuinfo:
model name	: 13th Gen Intel(R) Core(TM) i3-1315U
flags		: fpu vme de pse tsc msr pae mce cx8 apic sep mtrr pge mca cmov pat pse36 clflush mmx fxsr sse sse2 ss ht syscall nx pdpe1gb rdtscp lm constant_tsc rep_good nopl xtopology tsc_reliable nonstop_tsc cpuid tsc_known_freq pni pclmulqdq vmx ssse3 fma cx16 pcid sse4_1 sse4_2 x2apic movbe popcnt tsc_deadline_timer aes xsave avx f16c rdrand hypervisor lahf_lm abm 3dnowprefetch ssbd ibrs ibpb stibp ibrs_enhanced tpr_shadow ept vpid ept_ad fsgsbase tsc_adjust bmi1 avx2 smep bmi2 erms invpcid rdseed adx smap clflushopt clwb sha_ni xsaveopt xsavec xgetbv1 xsaves avx_vnni vnmi umip waitpkg gfni vaes vpclmulqdq rdpid movdiri movdir64b fsrm md_clear serialize flush_l1d arch_capabilities

Online cpus: 0-7
Offline cpus: 
cache level: 1
cache type: Data
cache size: 48K
cache coherency line size: 64
cache level: 1
cache type: Instruction
cache size: 32K
cache coherency line size: 64
cache level: 2
cache type: Unified
cache size: 1280K
cache coherency line size: 64
cache level: 3
cache type: Unified
cache size: 10240K
cache coherency line size: 64
BIOS frequency limitation: <Not Available>
Frequency switch latency (ns): <Not Available>
Available cpu frequencies: <Not Available>
Maximum cpu frequency: <Not Available>
Minimum cpu frequency: <Not Available>
Current cpu frequency: <Not Available>
Available governors: <Not Available>
Current governor: <Not Available>
Core performance/turbo boost: <Not Available>

Memory: 4k page, physical 3848412k(2863268k free), swap 1048576k(1029348k free)
Page Sizes: 4k

vm_info: OpenJDK 64-Bit Server VM (slowdebug 26-internal-adhoc.jatinbha.jdk) for linux-amd64 JRE (26-internal-adhoc.jatinbha.jdk), built on 2025-07-25T18:06:11Z with gcc 10.5.0

END.
