#
# A fatal error has been detected by the Java Runtime Environment:
#
#  Internal Error (/mnt/c/Github/jdk/src/hotspot/cpu/x86/x86_64.ad:1000), pid=185683, tid=185722
#  assert(r->is_XMMRegister()) failed: must be
#
# JRE version: OpenJDK Runtime Environment (26.0) (slowdebug build 26-internal-adhoc.jatinbha.jdk)
# Java VM: OpenJDK 64-Bit Server VM (slowdebug 26-internal-adhoc.jatinbha.jdk, mixed mode, compressed oops, compressed class ptrs, g1 gc, linux-amd64)
# Problematic frame:
# V  [libjvm.so+0x4971e0]  rc_class(int)+0xb7
#
# Core dump will be written. Default location: Core dumps may be processed with "/wsl-capture-crash %t %E %p %s" (or dumping to /mnt/c/Github/external_staging/Code/java/ra/core.185683)
#
# If you would like to submit a bug report, please visit:
#   https://bugreport.java.com/bugreport/crash.jsp
#

---------------  S U M M A R Y ------------

Command Line: -Xbatch -XX:-TieredCompilation -XX:+StressRegisterAllocation -XX:CompileCommand=TraceSpilling,test::micro -XX:+PauseAtStartup -XX:CompileCommand=compileonly,test::micro test

Host: jatinbha-ws, 13th Gen Intel(R) Core(TM) i3-1315U, 8 cores, 3G, Ubuntu 20.04.6 LTS
Time: Mon Aug  4 12:19:59 2025 IST elapsed time: 559.887710 seconds (0d 0h 9m 19s)

---------------  T H R E A D  ---------------

Current thread (0x00007700841b8e00):  JavaThread "C2 CompilerThread0" daemon [_thread_in_native, id=185722, stack(0x00007700801fa000,0x00007700802fb000) (1028K)]


Current CompileTask:
C2:559890   23    b        test::micro (240 bytes)

Stack: [0x00007700801fa000,0x00007700802fb000],  sp=0x00007700802f65a0,  free space=1009k
Native frames: (J=compiled Java code, j=interpreted, Vv=VM code, C=native code)
V  [libjvm.so+0x4971e0]  rc_class(int)+0xb7  (x86_64.ad:1000)
V  [libjvm.so+0x49788a]  MachSpillCopyNode::implementation(C2_MacroAssembler*, PhaseRegAlloc*, bool, outputStream*) const+0x15c  (x86_64.ad:1101)
V  [libjvm.so+0x499cf5]  MachSpillCopyNode::emit(C2_MacroAssembler*, PhaseRegAlloc*) const+0x37  (x86_64.ad:1533)
V  [libjvm.so+0x15a821a]  PhaseOutput::scratch_emit_size(Node const*)+0x462  (output.cpp:3387)
V  [libjvm.so+0x13e0f81]  MachNode::emit_size(PhaseRegAlloc*) const+0x99  (machnode.cpp:157)
V  [libjvm.so+0x13e0ee5]  MachNode::size(PhaseRegAlloc*) const+0x27  (machnode.cpp:149)
V  [libjvm.so+0x499d1f]  MachSpillCopyNode::size(PhaseRegAlloc*) const+0x27  (x86_64.ad:1537)
V  [libjvm.so+0x159c57f]  PhaseOutput::shorten_branches(unsigned int*)+0x691  (output.cpp:540)
V  [libjvm.so+0x159bb93]  PhaseOutput::Output()+0x665  (output.cpp:340)
V  [libjvm.so+0xb32d5c]  Compile::Code_Gen()+0x4fc  (compile.cpp:3124)
V  [libjvm.so+0xb2889e]  Compile::Compile(ciEnv*, ciMethod*, int, Options, DirectiveSet*)+0x1728  (compile.cpp:892)
V  [libjvm.so+0x9e32fb]  C2Compiler::compile_method(ciEnv*, ciMethod*, int, bool, DirectiveSet*)+0x203  (c2compiler.cpp:141)
V  [libjvm.so+0xb4c87e]  CompileBroker::invoke_compiler_on_method(CompileTask*)+0xaf8  (compileBroker.cpp:2325)
V  [libjvm.so+0xb4b19b]  CompileBroker::compiler_thread_loop()+0x411  (compileBroker.cpp:1969)
V  [libjvm.so+0xb6b858]  CompilerThread::thread_entry(JavaThread*, JavaThread*)+0x84  (compilerThread.cpp:67)
V  [libjvm.so+0x100e3c0]  JavaThread::thread_main_inner()+0x15c  (javaThread.cpp:773)
V  [libjvm.so+0x100e25a]  JavaThread::run()+0x258  (javaThread.cpp:758)
V  [libjvm.so+0x19637d0]  Thread::call_run()+0x1a8  (thread.cpp:243)
V  [libjvm.so+0x157f1b6]  thread_native_entry(Thread*)+0x1c3  (os_linux.cpp:868)
Registers:
RAX=0x000077008dbfa000, RBX=0x00007700802f6e70, RCX=0x0000000000000000, RDX=0x000077008d96af41
RSP=0x00007700802f65a0, RBP=0x00007700802f65c0, RSI=0x00007700400b8cb8, RDI=0x000000000000025e
R8 =0x0000000000000000, R9 =0x0000000000000000, R10=0x00000000ffffffff, R11=0x00007ffde9db6090
R12=0x000077008af6ecbe, R13=0x0000770084191a80, R14=0x0000000000000004, R15=0x0000770084127fa6
RIP=0x000077008af6c1e0, EFLAGS=0x0000000000010202, CSGSFS=0x002b000000000033, ERR=0x0000000000000006
  TRAPNO=0x000000000000000e

XMM[0]=0xf1f1f1f1f1f1f1f1 0xf1f1f1f1f1f1f1f1
XMM[1]=0x24232221201f1e1d 0x1c1b1a1918171615
XMM[2]=0x0000000000000000 0x3feffff9a0006c60
XMM[3]=0x0000000000000000 0x3feffff780000000
XMM[4]=0x0000000000000000 0x0000000000000000
XMM[5]=0x0000000000000000 0x3fd5555563333749
XMM[6]=0x0000000000000000 0x3fc999b324f10111
XMM[7]=0x0000000000000000 0xbff0000000000000
XMM[8]=0x7473754d00206b73 0x6952002079706f43
XMM[9]=0x0000000000000000 0x0000000000000000
XMM[10]=0x2020200020200000 0x0000000000000000
XMM[11]=0x0000000000000000 0x0000000000000000
XMM[12]=0x0000000000000000 0x0000000000000000
XMM[13]=0x0000000000000000 0x0000000000000000
XMM[14]=0x0000000000000000 0x0000000000000000
XMM[15]=0xcafebabecafebabe 0xcafebabecafebabe
  MXCSR=0x00001fa2


Register to memory mapping:

RAX=0x000077008dbfa000 in mmap'd memory region [0x000077008dbfa000 - 0x000077008dbfb000], tag mtInternal

RBX=0x00007700802f6e70 is pointing into the stack for thread: 0x00007700841b8e00
RCX=0x0 is null
RDX=0x000077008d96af41: <offset 0x0000000002e95f41> in /mnt/c/Github/jdk/build/linux-x86_64-server-slowdebug/jdk/lib/server/libjvm.so at 0x000077008aad5000
RSP=0x00007700802f65a0 is pointing into the stack for thread: 0x00007700841b8e00
RBP=0x00007700802f65c0 is pointing into the stack for thread: 0x00007700841b8e00
RSI=0x00007700400b8cb8 points into unknown readable memory: 0x000077008d719318 | 18 93 71 8d 00 77 00 00
RDI=0x000000000000025e is an unknown value
R8 =0x0 is null
R9 =0x0 is null
R10=0x00000000ffffffff is an unallocated location in the heap
R11=0x00007ffde9db6090 points into unknown readable memory: 0xffffffffffffffff | ff ff ff ff ff ff ff ff
R12=0x000077008af6ecbe: <offset 0x0000000000499cbe> in /mnt/c/Github/jdk/build/linux-x86_64-server-slowdebug/jdk/lib/server/libjvm.so at 0x000077008aad5000
R13=0x0000770084191a80 points into unknown readable memory: 0x000077008d70f150 | 50 f1 70 8d 00 77 00 00
R14=0x0000000000000004 is an unknown value
R15=0x0000770084127fa6 into live malloced block starting at 0x0000770084127f90, size 27, tag mtSymbol

Top of Stack: (sp=0x00007700802f65a0)
0x00007700802f65a0:   00007700802f65c0 000002408b04e351   .e/..w..Q...@...
0x00007700802f65b0:   00007700400b8cb8 000077008d96b19f   ...@.w.......w..
0x00007700802f65c0:   00007700802f66d0 000077008af6c88a   .f/..w.......w..
0x00007700802f65d0:   000077004004a570 0000000000000000   p..@.w..........
0x00007700802f65e0:   00007700802f6620 00007700802f6e70    f/..w..pn/..w..
0x00007700802f65f0:   00007700802f6760 00007700400b8cb8   `g/..w.....@.w..
0x00007700802f6600:   ffffffff802f6620 ffffffff00000240    f/.....@.......
0x00007700802f6610:   0000000000000006 00007700802f68a0   .........h/..w..
0x00007700802f6620:   00007700802f6640 000077008b29e0e0   @f/..w....)..w..
0x00007700802f6630:   00000001802f6670 00000001802f68a0   pf/......h/.....
0x00007700802f6640:   00007700802f6670 000077008b29e172   pf/..w..r.)..w..
0x00007700802f6650:   00000001802f6670 00007700802f6830   pf/.....0h/..w..
0x00007700802f6660:   00007700802f6670 00007700810833e0   pf/..w...3...w..
0x00007700802f6670:   00007700802f66d0 000077008b29da93   .f/..w....)..w..
0x00007700802f6680:   00007700802f6760 00007700802f6790   `g/..w...g/..w..
0x00007700802f6690:   00007700802f66e0 0000000000000001   .f/..w..........
0x00007700802f66a0:   00007700802f66d0 00007700802f6830   .f/..w..0h/..w..
0x00007700802f66b0:   00007700810833e0 a35d88bf4fcd9c00   .3...w.....O..].
0x00007700802f66c0:   00007700400b8cb8 000077008af6ecbe   ...@.w.......w..
0x00007700802f66d0:   00007700802f6700 000077008af6ecf5   .g/..w.......w..
0x00007700802f66e0:   00007700802f6790 00007700802f6e70   .g/..w..pn/..w..
0x00007700802f66f0:   00007700802f6760 00007700400b8cb8   `g/..w.....@.w..
0x00007700802f6700:   00007700802f6a30 000077008c07d21a   0j/..w.......w..
0x00007700802f6710:   00007700400b8cb8 00007700802f7070   ...@.w..pp/..w..
0x00007700802f6720:   00007700802f6a50 000077008c07d32c   Pj/..w..,....w..
0x00007700802f6730:   0000002a00000000 0000000000000000   ....*...........
0x00007700802f6740:   0000770081083388 0000770081084ca0   .3...w...L...w..
0x00007700802f6750:   00007700810833e0 0000770081084ca0   .3...w...L...w..
0x00007700802f6760:   000077008d7c72d8 00007700802f68a0   .r|..w...h/..w..
0x00007700802f6770:   00007700802f6978 0101010100000000   xi/..w..........
0x00007700802f6780:   0000000000000000 00007700802f68c0   .........h/..w..
0x00007700802f6790:   0000770000000001 0101010100000000   .....w..........

Instructions: (pc=0x000077008af6c1e0)
  0x000077008af6c0e0:   48 89 7d f8 48 89 75 f0 48 8b 45 f8 48 8b 55 f0
  0x000077008af6c0f0:   48 89 d6 48 89 c7 e8 c3 9d f4 00 c9 c3 90 f3 0f
  0x000077008af6c100:   1e fa 55 48 89 e5 48 89 7d f8 b8 02 00 00 00 5d
  0x000077008af6c110:   c3 90 f3 0f 1e fa 55 48 89 e5 48 83 ec 10 48 89
  0x000077008af6c120:   7d f8 e8 9b d2 29 00 c9 c3 f3 0f 1e fa 55 48 89
  0x000077008af6c130:   e5 48 83 ec 20 89 7d ec 8b 45 ec 89 c7 e8 3a fc
  0x000077008af6c140:   0d 00 83 f0 01 84 c0 74 0a b8 00 00 00 00 e9 b9
  0x000077008af6c150:   00 00 00 8b 45 ec 89 c7 e8 03 fc 0d 00 84 c0 74
  0x000077008af6c160:   0a b8 04 00 00 00 e9 a1 00 00 00 8b 45 ec 89 c7
  0x000077008af6c170:   e8 57 fc 0d 00 48 89 45 f8 48 8b 45 f8 48 89 c7
  0x000077008af6c180:   e8 c3 c8 0d 00 84 c0 74 07 b8 01 00 00 00 eb 7c
  0x000077008af6c190:   48 8b 45 f8 48 89 c7 e8 2c c9 0d 00 84 c0 74 07
  0x000077008af6c1a0:   b8 02 00 00 00 eb 65 e8 65 c9 fe ff 83 f0 01 84
  0x000077008af6c1b0:   c0 74 1a 48 8b 45 f8 48 89 c7 e8 bb c8 0d 00 83
  0x000077008af6c1c0:   f0 01 84 c0 74 07 b8 01 00 00 00 eb 05 b8 00 00
  0x000077008af6c1d0:   00 00 84 c0 74 31 48 8d 05 43 3d 8d 02 48 8b 00
=>0x000077008af6c1e0:   c6 00 58 48 8d 0d c9 f3 6e 01 48 8d 15 17 22 6f
  0x000077008af6c1f0:   01 be e8 03 00 00 48 8d 3d 63 1e 6f 01 b8 00 00
  0x000077008af6c200:   00 00 e8 c0 5b 74 00 b8 03 00 00 00 c9 c3 f3 0f
  0x000077008af6c210:   1e fa 55 48 89 e5 53 48 83 ec 78 48 89 7d 98 89
  0x000077008af6c220:   75 94 89 55 90 89 4d 8c 4c 89 45 80 64 48 8b 04
  0x000077008af6c230:   25 28 00 00 00 48 89 45 e8 31 c0 48 83 7d 98 00
  0x000077008af6c240:   0f 84 c5 03 00 00 8b 45 8c 83 e8 09 83 f8 04 0f
  0x000077008af6c250:   87 98 03 00 00 89 c0 48 8d 14 85 00 00 00 00 48
  0x000077008af6c260:   8d 05 06 24 6f 01 8b 04 02 48 98 48 8d 15 fa 23
  0x000077008af6c270:   6f 01 48 01 d0 3e ff e0 48 8b 5d 98 8b 0d b2 f1
  0x000077008af6c280:   6e 01 48 8d 45 a0 ba f8 ff ff ff 89 ce 48 89 c7
  0x000077008af6c290:   e8 0b d2 0d 00 8b 15 89 f1 6e 01 48 8d 45 a0 48
  0x000077008af6c2a0:   89 c6 48 89 df e8 74 d8 3a 00 48 8b 5d 98 8b 55
  0x000077008af6c2b0:   94 8b 0d 7d f1 6e 01 48 8d 45 a0 89 ce 48 89 c7
  0x000077008af6c2c0:   e8 db d1 0d 00 48 8d 55 a0 8b 05 55 f1 6e 01 89
  0x000077008af6c2d0:   c6 48 89 df e8 93 a1 34 00 48 8b 5d 98 8b 55 90


Stack slot to memory mapping:

stack at sp + 0 slots: 0x00007700802f65c0 is pointing into the stack for thread: 0x00007700841b8e00
stack at sp + 1 slots: 0x000002408b04e351 is an unknown value
stack at sp + 2 slots: 0x00007700400b8cb8 points into unknown readable memory: 0x000077008d719318 | 18 93 71 8d 00 77 00 00
stack at sp + 3 slots: 0x000077008d96b19f: <offset 0x0000000002e9619f> in /mnt/c/Github/jdk/build/linux-x86_64-server-slowdebug/jdk/lib/server/libjvm.so at 0x000077008aad5000
stack at sp + 4 slots: 0x00007700802f66d0 is pointing into the stack for thread: 0x00007700841b8e00
stack at sp + 5 slots: 0x000077008af6c88a: <offset 0x000000000049788a> in /mnt/c/Github/jdk/build/linux-x86_64-server-slowdebug/jdk/lib/server/libjvm.so at 0x000077008aad5000
stack at sp + 6 slots: 0x000077004004a570 into header of live malloced block starting at 0x000077004004a580, size 16, tag mtCode
stack at sp + 7 slots: 0x0 is null

Lock stack of current Java thread (top to bottom):


---------------  P R O C E S S  ---------------

uid  : 1000 euid : 1000 gid  : 1000 egid : 1000

umask: 0022 (----w--w-)

Threads class SMR info:
_java_thread_list=0x0000770084359650, length=9, elements={
0x000077008402cd40, 0x00007700841afa70, 0x00007700841b15d0, 0x00007700841b3330,
0x00007700841b4e90, 0x00007700841b69e0, 0x00007700841b8e00, 0x000077008421ea70,
0x00007700843584f0
}
_java_thread_list_alloc_cnt=10, _java_thread_list_free_cnt=8, _java_thread_list_max=9, _nested_thread_list_max=0
_tlh_cnt=23, _tlh_times=4, avg_tlh_time=0.17, _tlh_time_max=4
_delete_lock_wait_cnt=0, _delete_lock_wait_max=0
_to_delete_list_cnt=0, _to_delete_list_max=1

Java Threads: ( => current thread )
  0x000077008402cd40 JavaThread "main"                              [_thread_blocked, id=185684, stack(0x000077008a87b000,0x000077008a97c000) (1028K)]
  0x00007700841afa70 JavaThread "Reference Handler"          daemon [_thread_blocked, id=185717, stack(0x00007700806ff000,0x0000770080800000) (1028K)]
  0x00007700841b15d0 JavaThread "Finalizer"                  daemon [_thread_blocked, id=185718, stack(0x00007700805fe000,0x00007700806ff000) (1028K)]
  0x00007700841b3330 JavaThread "Signal Dispatcher"          daemon [_thread_blocked, id=185719, stack(0x00007700804fd000,0x00007700805fe000) (1028K)]
  0x00007700841b4e90 JavaThread "Service Thread"             daemon [_thread_blocked, id=185720, stack(0x00007700803fc000,0x00007700804fd000) (1028K)]
  0x00007700841b69e0 JavaThread "Monitor Deflation Thread"   daemon [_thread_blocked, id=185721, stack(0x00007700802fb000,0x00007700803fc000) (1028K)]
=>0x00007700841b8e00 JavaThread "C2 CompilerThread0"         daemon [_thread_in_native, id=185722, stack(0x00007700801fa000,0x00007700802fb000) (1028K)]
  0x000077008421ea70 JavaThread "Common-Cleaner"             daemon [_thread_blocked, id=185723, stack(0x000077008005e000,0x000077008015f000) (1028K)]
  0x00007700843584f0 JavaThread "Notification Thread"        daemon [_thread_blocked, id=185724, stack(0x0000770071eff000,0x0000770072000000) (1028K)]
Total: 9

Other Threads:
  0x000077008414e560 VMThread "VM Thread"                           [id=185716, stack(0x0000770080c7d000,0x0000770080d7d000) (1024K)]
  0x00007700840cb400 WatcherThread "VM Periodic Task Thread"        [id=185715, stack(0x0000770080d7e000,0x0000770080e7e000) (1024K)]
  0x0000770084068ed0 WorkerThread "GC Thread#0"                     [id=185710, stack(0x0000770088c07000,0x0000770088d07000) (1024K)]
  0x0000770084075b80 ConcurrentGCThread "G1 Main Marker"            [id=185711, stack(0x0000770088b06000,0x0000770088c06000) (1024K)]
  0x0000770084076ff0 WorkerThread "G1 Conc#0"                       [id=185712, stack(0x0000770088a05000,0x0000770088b05000) (1024K)]
  0x00007700840b78c0 ConcurrentGCThread "G1 Refine#0"               [id=185713, stack(0x00007700880fc000,0x00007700881fc000) (1024K)]
  0x00007700840b8cf0 ConcurrentGCThread "G1 Service"                [id=185714, stack(0x0000770080f00000,0x0000770081000000) (1024K)]
Total: 7

Threads with active compile tasks:
C2 CompilerThread0  580741   23    b        test::micro (240 bytes)
Total: 1

VM state: not at safepoint (normal execution)

VM Mutex/Monitor currently owned by a thread: None

Heap address: 0x00000000c5400000, size: 940 MB, Compressed Oops mode: 32-bit

CDS archive(s) not mapped
Compressed class space mapped at: 0x0000000056000000-0x0000000096000000, reserved size: 1073741824
UseCompressedClassPointers 1, UseCompactObjectHeaders 0
Narrow klass pointer bits 32, Max shift 3
Narrow klass base: 0x0000000000000000, Narrow klass shift: 0
Encoding Range: [0x0000000000000000 - 0x0000000100000000), (4294967296 bytes)
Klass Range:    [0x0000000056000000 - 0x0000000096000000), (1073741824 bytes)
Klass ID Range:  [1442840576 - 2516582393) (1073741817)
No protection zone.

GC Precious Log:
 CardTable entry size: 512
 Card Set container configuration: InlinePtr #cards 5 size 8 Array Of Cards #cards 10 size 36 Howl #buckets 4 coarsen threshold 1843 Howl Bitmap #cards 512 size 80 coarsen threshold 460 Card regions per heap region 1 cards per card region 2048
 CPUs: 8 total, 8 available
 Memory: 3758M
 Large Page Support: Disabled
 NUMA Support: Disabled
 Compressed Oops: Enabled (32-bit)
 Heap Region Size: 1M
 Heap Min Capacity: 8M
 Heap Initial Capacity: 60M
 Heap Max Capacity: 940M
 Pre-touch: Disabled
 Parallel Workers: 8
 Concurrent Workers: 2
 Concurrent Refinement Workers: 8
 Periodic GC: Disabled

Heap:
 garbage-first heap   total reserved 962560K, committed 61440K, used 3072K [0x00000000c5400000, 0x0000000100000000)
  region size 1024K, 4 young (4096K), 0 survivors (0K)

Heap Regions: E=young(eden), S=young(survivor), O=old, HS=humongous(starts), HC=humongous(continues), CS=collection set, F=free, TAMS=top-at-mark-start, PB=parsable bottom
|   0|0x00000000c5400000, 0x00000000c5400000, 0x00000000c5500000|  0%| F|  |TAMS 0x00000000c5400000| PB 0x00000000c5400000| Untracked |  0
|   1|0x00000000c5500000, 0x00000000c5500000, 0x00000000c5600000|  0%| F|  |TAMS 0x00000000c5500000| PB 0x00000000c5500000| Untracked |  0
|   2|0x00000000c5600000, 0x00000000c5600000, 0x00000000c5700000|  0%| F|  |TAMS 0x00000000c5600000| PB 0x00000000c5600000| Untracked |  0
|   3|0x00000000c5700000, 0x00000000c5700000, 0x00000000c5800000|  0%| F|  |TAMS 0x00000000c5700000| PB 0x00000000c5700000| Untracked |  0
|   4|0x00000000c5800000, 0x00000000c5800000, 0x00000000c5900000|  0%| F|  |TAMS 0x00000000c5800000| PB 0x00000000c5800000| Untracked |  0
|   5|0x00000000c5900000, 0x00000000c5900000, 0x00000000c5a00000|  0%| F|  |TAMS 0x00000000c5900000| PB 0x00000000c5900000| Untracked |  0
|   6|0x00000000c5a00000, 0x00000000c5a00000, 0x00000000c5b00000|  0%| F|  |TAMS 0x00000000c5a00000| PB 0x00000000c5a00000| Untracked |  0
|   7|0x00000000c5b00000, 0x00000000c5b00000, 0x00000000c5c00000|  0%| F|  |TAMS 0x00000000c5b00000| PB 0x00000000c5b00000| Untracked |  0
|   8|0x00000000c5c00000, 0x00000000c5c00000, 0x00000000c5d00000|  0%| F|  |TAMS 0x00000000c5c00000| PB 0x00000000c5c00000| Untracked |  0
|   9|0x00000000c5d00000, 0x00000000c5d00000, 0x00000000c5e00000|  0%| F|  |TAMS 0x00000000c5d00000| PB 0x00000000c5d00000| Untracked |  0
|  10|0x00000000c5e00000, 0x00000000c5e00000, 0x00000000c5f00000|  0%| F|  |TAMS 0x00000000c5e00000| PB 0x00000000c5e00000| Untracked |  0
|  11|0x00000000c5f00000, 0x00000000c5f00000, 0x00000000c6000000|  0%| F|  |TAMS 0x00000000c5f00000| PB 0x00000000c5f00000| Untracked |  0
|  12|0x00000000c6000000, 0x00000000c6000000, 0x00000000c6100000|  0%| F|  |TAMS 0x00000000c6000000| PB 0x00000000c6000000| Untracked |  0
|  13|0x00000000c6100000, 0x00000000c6100000, 0x00000000c6200000|  0%| F|  |TAMS 0x00000000c6100000| PB 0x00000000c6100000| Untracked |  0
|  14|0x00000000c6200000, 0x00000000c6200000, 0x00000000c6300000|  0%| F|  |TAMS 0x00000000c6200000| PB 0x00000000c6200000| Untracked |  0
|  15|0x00000000c6300000, 0x00000000c6300000, 0x00000000c6400000|  0%| F|  |TAMS 0x00000000c6300000| PB 0x00000000c6300000| Untracked |  0
|  16|0x00000000c6400000, 0x00000000c6400000, 0x00000000c6500000|  0%| F|  |TAMS 0x00000000c6400000| PB 0x00000000c6400000| Untracked |  0
|  17|0x00000000c6500000, 0x00000000c6500000, 0x00000000c6600000|  0%| F|  |TAMS 0x00000000c6500000| PB 0x00000000c6500000| Untracked |  0
|  18|0x00000000c6600000, 0x00000000c6600000, 0x00000000c6700000|  0%| F|  |TAMS 0x00000000c6600000| PB 0x00000000c6600000| Untracked |  0
|  19|0x00000000c6700000, 0x00000000c6700000, 0x00000000c6800000|  0%| F|  |TAMS 0x00000000c6700000| PB 0x00000000c6700000| Untracked |  0
|  20|0x00000000c6800000, 0x00000000c6800000, 0x00000000c6900000|  0%| F|  |TAMS 0x00000000c6800000| PB 0x00000000c6800000| Untracked |  0
|  21|0x00000000c6900000, 0x00000000c6900000, 0x00000000c6a00000|  0%| F|  |TAMS 0x00000000c6900000| PB 0x00000000c6900000| Untracked |  0
|  22|0x00000000c6a00000, 0x00000000c6a00000, 0x00000000c6b00000|  0%| F|  |TAMS 0x00000000c6a00000| PB 0x00000000c6a00000| Untracked |  0
|  23|0x00000000c6b00000, 0x00000000c6b00000, 0x00000000c6c00000|  0%| F|  |TAMS 0x00000000c6b00000| PB 0x00000000c6b00000| Untracked |  0
|  24|0x00000000c6c00000, 0x00000000c6c00000, 0x00000000c6d00000|  0%| F|  |TAMS 0x00000000c6c00000| PB 0x00000000c6c00000| Untracked |  0
|  25|0x00000000c6d00000, 0x00000000c6d00000, 0x00000000c6e00000|  0%| F|  |TAMS 0x00000000c6d00000| PB 0x00000000c6d00000| Untracked |  0
|  26|0x00000000c6e00000, 0x00000000c6e00000, 0x00000000c6f00000|  0%| F|  |TAMS 0x00000000c6e00000| PB 0x00000000c6e00000| Untracked |  0
|  27|0x00000000c6f00000, 0x00000000c6f00000, 0x00000000c7000000|  0%| F|  |TAMS 0x00000000c6f00000| PB 0x00000000c6f00000| Untracked |  0
|  28|0x00000000c7000000, 0x00000000c7000000, 0x00000000c7100000|  0%| F|  |TAMS 0x00000000c7000000| PB 0x00000000c7000000| Untracked |  0
|  29|0x00000000c7100000, 0x00000000c7100000, 0x00000000c7200000|  0%| F|  |TAMS 0x00000000c7100000| PB 0x00000000c7100000| Untracked |  0
|  30|0x00000000c7200000, 0x00000000c7200000, 0x00000000c7300000|  0%| F|  |TAMS 0x00000000c7200000| PB 0x00000000c7200000| Untracked |  0
|  31|0x00000000c7300000, 0x00000000c7300000, 0x00000000c7400000|  0%| F|  |TAMS 0x00000000c7300000| PB 0x00000000c7300000| Untracked |  0
|  32|0x00000000c7400000, 0x00000000c7400000, 0x00000000c7500000|  0%| F|  |TAMS 0x00000000c7400000| PB 0x00000000c7400000| Untracked |  0
|  33|0x00000000c7500000, 0x00000000c7500000, 0x00000000c7600000|  0%| F|  |TAMS 0x00000000c7500000| PB 0x00000000c7500000| Untracked |  0
|  34|0x00000000c7600000, 0x00000000c7600000, 0x00000000c7700000|  0%| F|  |TAMS 0x00000000c7600000| PB 0x00000000c7600000| Untracked |  0
|  35|0x00000000c7700000, 0x00000000c7700000, 0x00000000c7800000|  0%| F|  |TAMS 0x00000000c7700000| PB 0x00000000c7700000| Untracked |  0
|  36|0x00000000c7800000, 0x00000000c7800000, 0x00000000c7900000|  0%| F|  |TAMS 0x00000000c7800000| PB 0x00000000c7800000| Untracked |  0
|  37|0x00000000c7900000, 0x00000000c7900000, 0x00000000c7a00000|  0%| F|  |TAMS 0x00000000c7900000| PB 0x00000000c7900000| Untracked |  0
|  38|0x00000000c7a00000, 0x00000000c7a00000, 0x00000000c7b00000|  0%| F|  |TAMS 0x00000000c7a00000| PB 0x00000000c7a00000| Untracked |  0
|  39|0x00000000c7b00000, 0x00000000c7b00000, 0x00000000c7c00000|  0%| F|  |TAMS 0x00000000c7b00000| PB 0x00000000c7b00000| Untracked |  0
|  40|0x00000000c7c00000, 0x00000000c7c00000, 0x00000000c7d00000|  0%| F|  |TAMS 0x00000000c7c00000| PB 0x00000000c7c00000| Untracked |  0
|  41|0x00000000c7d00000, 0x00000000c7d00000, 0x00000000c7e00000|  0%| F|  |TAMS 0x00000000c7d00000| PB 0x00000000c7d00000| Untracked |  0
|  42|0x00000000c7e00000, 0x00000000c7e00000, 0x00000000c7f00000|  0%| F|  |TAMS 0x00000000c7e00000| PB 0x00000000c7e00000| Untracked |  0
|  43|0x00000000c7f00000, 0x00000000c7f00000, 0x00000000c8000000|  0%| F|  |TAMS 0x00000000c7f00000| PB 0x00000000c7f00000| Untracked |  0
|  44|0x00000000c8000000, 0x00000000c8000000, 0x00000000c8100000|  0%| F|  |TAMS 0x00000000c8000000| PB 0x00000000c8000000| Untracked |  0
|  45|0x00000000c8100000, 0x00000000c8100000, 0x00000000c8200000|  0%| F|  |TAMS 0x00000000c8100000| PB 0x00000000c8100000| Untracked |  0
|  46|0x00000000c8200000, 0x00000000c8200000, 0x00000000c8300000|  0%| F|  |TAMS 0x00000000c8200000| PB 0x00000000c8200000| Untracked |  0
|  47|0x00000000c8300000, 0x00000000c8300000, 0x00000000c8400000|  0%| F|  |TAMS 0x00000000c8300000| PB 0x00000000c8300000| Untracked |  0
|  48|0x00000000c8400000, 0x00000000c8400000, 0x00000000c8500000|  0%| F|  |TAMS 0x00000000c8400000| PB 0x00000000c8400000| Untracked |  0
|  49|0x00000000c8500000, 0x00000000c8500000, 0x00000000c8600000|  0%| F|  |TAMS 0x00000000c8500000| PB 0x00000000c8500000| Untracked |  0
|  50|0x00000000c8600000, 0x00000000c8600000, 0x00000000c8700000|  0%| F|  |TAMS 0x00000000c8600000| PB 0x00000000c8600000| Untracked |  0
|  51|0x00000000c8700000, 0x00000000c8700000, 0x00000000c8800000|  0%| F|  |TAMS 0x00000000c8700000| PB 0x00000000c8700000| Untracked |  0
|  52|0x00000000c8800000, 0x00000000c8800000, 0x00000000c8900000|  0%| F|  |TAMS 0x00000000c8800000| PB 0x00000000c8800000| Untracked |  0
|  53|0x00000000c8900000, 0x00000000c8900000, 0x00000000c8a00000|  0%| F|  |TAMS 0x00000000c8900000| PB 0x00000000c8900000| Untracked |  0
|  54|0x00000000c8a00000, 0x00000000c8a00000, 0x00000000c8b00000|  0%| F|  |TAMS 0x00000000c8a00000| PB 0x00000000c8a00000| Untracked |  0
|  55|0x00000000c8b00000, 0x00000000c8b00000, 0x00000000c8c00000|  0%| F|  |TAMS 0x00000000c8b00000| PB 0x00000000c8b00000| Untracked |  0
|  56|0x00000000c8c00000, 0x00000000c8d00000, 0x00000000c8d00000|100%| E|  |TAMS 0x00000000c8c00000| PB 0x00000000c8c00000| Complete |  0
|  57|0x00000000c8d00000, 0x00000000c8e00000, 0x00000000c8e00000|100%| E|CS|TAMS 0x00000000c8d00000| PB 0x00000000c8d00000| Complete |  0
|  58|0x00000000c8e00000, 0x00000000c8f00000, 0x00000000c8f00000|100%| E|CS|TAMS 0x00000000c8e00000| PB 0x00000000c8e00000| Complete |  0
|  59|0x00000000c8f00000, 0x00000000c9000000, 0x00000000c9000000|100%| E|CS|TAMS 0x00000000c8f00000| PB 0x00000000c8f00000| Complete |  0

Card table byte_map: [0x0000770089bf4000,0x0000770089dca000] _byte_map_base: 0x00007700895ca000

Marking Bits: (CMBitMap*) 0x0000770084069e40
 Bits: [0x0000770088d44000, 0x0000770089bf4000)

Polling page: 0x000077008dbb3000

Metaspace:
Metaspace        used 7761K, committed 7936K, reserved 1114112K
 class space     used 482K, committed 576K, reserved 1048576K

Usage:
  Non-class:      7.11 MB used.
      Class:    482.95 KB used.
       Both:      7.58 MB used.

Virtual space:
  Non-class space:       64.00 MB reserved,       7.19 MB ( 11%) committed,  1 nodes.
      Class space:        1.00 GB reserved,     576.00 KB ( <1%) committed,  1 nodes.
             Both:        1.06 GB reserved,       7.75 MB ( <1%) committed. 

Chunk freelists:
   Non-Class:  8.45 MB
       Class:  15.47 MB
        Both:  23.92 MB

MaxMetaspaceSize: unlimited
CompressedClassSpaceSize: 1.00 GB
Initial GC threshold: 21.00 MB
Current GC threshold: 21.00 MB
CDS: off
 - commit_granule_bytes: 65536.
 - commit_granule_words: 8192.
 - virtual_space_node_default_size: 8388608.
 - enlarge_chunks_in_place: 1.
UseCompressedClassPointers 1, UseCompactObjectHeaders 0
Narrow klass pointer bits 32, Max shift 3
Narrow klass base: 0x0000000000000000, Narrow klass shift: 0
Encoding Range: [0x0000000000000000 - 0x0000000100000000), (4294967296 bytes)
Klass Range:    [0x0000000056000000 - 0x0000000096000000), (1073741824 bytes)
Klass ID Range:  [1442840576 - 2516582393) (1073741817)
No protection zone.


Internal statistics:

num_allocs: 53017.
num_deallocs: 51.
num_allocs_from_deallocated_blocks: 130.
num_chunks_retired: 3.
num_allocs_failed_limit: 0.
num_arena_births: 52.
num_arena_deaths: 0.
num_vsnodes_births: 2.
num_vsnodes_deaths: 0.
num_space_committed: 124.
num_space_uncommitted: 0.
num_chunks_returned_to_freelist: 0.
num_chunks_taken_from_freelist: 55.
num_chunk_merges: 0.
num_chunk_splits: 41.
num_chunks_enlarged: 52.
num_inconsistent_stats: 0.

CodeCache: size=49152Kb used=799Kb max_used=1149Kb free=48352Kb
 bounds [0x0000770081000000, 0x0000770081270000, 0x0000770084000000]
 total_blobs=376, nmethods=22, adapters=303, full_count=0
Compilation: enabled, stopped_count=0, restarted_count=0

Compilation events (1 events):
Event: 511.196 Thread 0x00007700841b8e00   23    b        test::micro (240 bytes)

GC Heap Usage History (0 events):
No events

Metaspace Usage History (0 events):
No events

Dll operation events (4 events):
Event: 401.834 Loaded shared library /mnt/c/Github/jdk/build/linux-x86_64-server-slowdebug/jdk/lib/libjava.so
Event: 476.667 Loaded shared library /mnt/c/Github/jdk/build/linux-x86_64-server-slowdebug/jdk/lib/libsimdsort.so
Event: 505.745 Loaded shared library /mnt/c/Github/jdk/build/linux-x86_64-server-slowdebug/jdk/lib/libnio.so
Event: 506.916 Loaded shared library /mnt/c/Github/jdk/build/linux-x86_64-server-slowdebug/jdk/lib/libnet.so

Deoptimization events (0 events):
No events

Classes loaded (20 events):
Event: 511.090 Loading class jdk/internal/loader/Resource done
Event: 511.090 Loading class jdk/internal/loader/URLClassPath$FileLoader$1 done
Event: 511.094 Loading class java/io/FileCleanable
Event: 511.109 Loading class java/io/FileCleanable done
Event: 511.110 Loading class sun/nio/ByteBuffered
Event: 511.117 Loading class sun/nio/ByteBuffered done
Event: 511.119 Loading class java/io/FileInputStream$1
Event: 511.125 Loading class java/io/FileInputStream$1 done
Event: 511.126 Loading class java/security/SecureClassLoader$CodeSourceKey
Event: 511.135 Loading class java/security/SecureClassLoader$CodeSourceKey done
Event: 511.136 Loading class java/security/SecureClassLoader$1
Event: 511.146 Loading class java/security/SecureClassLoader$1 done
Event: 511.147 Loading class java/security/Permissions
Event: 511.162 Loading class java/security/PermissionCollection
Event: 511.172 Loading class java/security/PermissionCollection done
Event: 511.172 Loading class java/security/Permissions done
Event: 511.173 Loading class java/lang/NamedPackage
Event: 511.182 Loading class java/lang/NamedPackage done
Event: 511.182 Loading class jdk/internal/misc/MethodFinder
Event: 511.189 Loading class jdk/internal/misc/MethodFinder done

Classes unloaded (0 events):
No events

Classes redefined (0 events):
No events

Internal exceptions (17 events):
Event: 508.400 Thread 0x000077008402cd40 Exception <a 'java/lang/NoSuchMethodError'{0x00000000c8f56e88}: 'java.lang.Object java.lang.invoke.DirectMethodHandle$Holder.invokeSpecial(java.lang.Object, java.lang.Object, java.lang.Object)'> (0x00000000c8f56e88) 
thrown [/mnt/c/Github/jdk/src/hotspot/share/interpreter/linkResolver.cpp, line 803]
Event: 508.504 Thread 0x000077008402cd40 Exception <a 'java/lang/NoSuchMethodError'{0x00000000c8f67d20}: 'java.lang.Object java.lang.invoke.DirectMethodHandle$Holder.newInvokeSpecial(java.lang.Object, java.lang.Object, java.lang.Object)'> (0x00000000c8f67d20) 
thrown [/mnt/c/Github/jdk/src/hotspot/share/interpreter/linkResolver.cpp, line 803]
Event: 508.554 Thread 0x000077008402cd40 Exception <a 'java/lang/NoSuchMethodError'{0x00000000c8f79d90}: 'java.lang.Object java.lang.invoke.Invokers$Holder.linkToTargetMethod(java.lang.Object, java.lang.Object, java.lang.Object)'> (0x00000000c8f79d90) 
thrown [/mnt/c/Github/jdk/src/hotspot/share/interpreter/linkResolver.cpp, line 803]
Event: 508.971 Thread 0x000077008402cd40 Exception <a 'java/lang/NoSuchMethodError'{0x00000000c8fbb348}: 'java.lang.Object java.lang.invoke.DirectMethodHandle$Holder.newInvokeSpecial(java.lang.Object, java.lang.Object)'> (0x00000000c8fbb348) 
thrown [/mnt/c/Github/jdk/src/hotspot/share/interpreter/linkResolver.cpp, line 803]
Event: 508.972 Thread 0x000077008402cd40 Exception <a 'java/lang/NoSuchMethodError'{0x00000000c8fc37d0}: 'java.lang.Object java.lang.invoke.Invokers$Holder.linkToTargetMethod(java.lang.Object, java.lang.Object)'> (0x00000000c8fc37d0) 
thrown [/mnt/c/Github/jdk/src/hotspot/share/interpreter/linkResolver.cpp, line 803]
Event: 509.020 Thread 0x000077008402cd40 Exception <a 'java/lang/NoSuchMethodError'{0x00000000c8fda460}: 'java.lang.Object java.lang.invoke.DirectMethodHandle$Holder.invokeStatic(java.lang.Object, java.lang.Object)'> (0x00000000c8fda460) 
thrown [/mnt/c/Github/jdk/src/hotspot/share/interpreter/linkResolver.cpp, line 803]
Event: 510.033 Thread 0x000077008402cd40 Exception <a 'java/lang/NoSuchMethodError'{0x00000000c8d6f400}: 'java.lang.Object java.lang.invoke.DirectMethodHandle$Holder.invokeStatic(java.lang.Object)'> (0x00000000c8d6f400) 
thrown [/mnt/c/Github/jdk/src/hotspot/share/interpreter/linkResolver.cpp, line 803]
Event: 510.125 Thread 0x000077008402cd40 Exception <a 'java/lang/NoSuchMethodError'{0x00000000c8d798f8}: 'java.lang.Object java.lang.invoke.DirectMethodHandle$Holder.invokeStatic(java.lang.Object, java.lang.Object, java.lang.Object)'> (0x00000000c8d798f8) 
thrown [/mnt/c/Github/jdk/src/hotspot/share/interpreter/linkResolver.cpp, line 803]
Event: 510.146 Thread 0x000077008402cd40 Exception <a 'java/lang/NoSuchMethodError'{0x00000000c8d823a0}: 'java.lang.Object java.lang.invoke.DirectMethodHandle$Holder.invokeStatic(java.lang.Object, java.lang.Object, java.lang.Object, java.lang.Object)'> (0x00000000c8d823a0) 
thrown [/mnt/c/Github/jdk/src/hotspot/share/interpreter/linkResolver.cpp, line 803]
Event: 510.172 Thread 0x000077008402cd40 Exception <a 'java/lang/NoSuchMethodError'{0x00000000c8d8b018}: 'java.lang.Object java.lang.invoke.DirectMethodHandle$Holder.fieldAccess(java.lang.Object, java.lang.Object)'> (0x00000000c8d8b018) 
thrown [/mnt/c/Github/jdk/src/hotspot/share/interpreter/linkResolver.cpp, line 803]
Event: 510.212 Thread 0x000077008402cd40 Exception <a 'java/lang/NoSuchMethodError'{0x00000000c8d94020}: 'java.lang.Object java.lang.invoke.DirectMethodHandle$Holder.invokeSpecial(java.lang.Object, java.lang.Object)'> (0x00000000c8d94020) 
thrown [/mnt/c/Github/jdk/src/hotspot/share/interpreter/linkResolver.cpp, line 803]
Event: 510.267 Thread 0x000077008402cd40 Exception <a 'java/lang/NoSuchMethodError'{0x00000000c8dabc90}: 'java.lang.Object java.lang.invoke.Invokers$Holder.invokeExact_MT(java.lang.Object, java.lang.Object, java.lang.Object)'> (0x00000000c8dabc90) 
thrown [/mnt/c/Github/jdk/src/hotspot/share/interpreter/linkResolver.cpp, line 803]
Event: 510.333 Thread 0x000077008402cd40 Exception <a 'java/lang/NoSuchMethodError'{0x00000000c8db5f88}: 'java.lang.Object java.lang.invoke.DirectMethodHandle$Holder.newInvokeSpecial(java.lang.Object)'> (0x00000000c8db5f88) 
thrown [/mnt/c/Github/jdk/src/hotspot/share/interpreter/linkResolver.cpp, line 803]
Event: 510.341 Thread 0x000077008402cd40 Exception <a 'java/lang/NoSuchMethodError'{0x00000000c8dcbe60}: 'java.lang.Object java.lang.invoke.Invokers$Holder.linkToTargetMethod(java.lang.Object)'> (0x00000000c8dcbe60) 
thrown [/mnt/c/Github/jdk/src/hotspot/share/interpreter/linkResolver.cpp, line 803]
Event: 510.547 Thread 0x000077008402cd40 Exception <a 'java/lang/NoSuchMethodError'{0x00000000c8df7960}: 'int java.lang.invoke.DirectMethodHandle$Holder.invokeStatic(java.lang.Object, java.lang.Object)'> (0x00000000c8df7960) 
thrown [/mnt/c/Github/jdk/src/hotspot/share/interpreter/linkResolver.cpp, line 803]
Event: 510.585 Thread 0x000077008402cd40 Exception <a 'java/lang/NoSuchMethodError'{0x00000000c8c0eff8}: 'int java.lang.invoke.DirectMethodHandle$Holder.invokeStatic(java.lang.Object, java.lang.Object, java.lang.Object)'> (0x00000000c8c0eff8) 
thrown [/mnt/c/Github/jdk/src/hotspot/share/interpreter/linkResolver.cpp, line 803]
Event: 510.704 Thread 0x000077008402cd40 Exception <a 'java/lang/NoSuchMethodError'{0x00000000c8c2df00}: 'int java.lang.invoke.DirectMethodHandle$Holder.invokeSpecial(java.lang.Object, java.lang.Object)'> (0x00000000c8c2df00) 
thrown [/mnt/c/Github/jdk/src/hotspot/share/interpreter/linkResolver.cpp, line 803]

VM Operations (0 events):
No events

Memory protections (9 events):
Event: 401.549 Protecting memory [0x000077008a87b000,0x000077008a87f000] with protection modes 0
Event: 476.426 Protecting memory [0x00007700806ff000,0x0000770080703000] with protection modes 0
Event: 476.433 Protecting memory [0x00007700805fe000,0x0000770080602000] with protection modes 0
Event: 476.479 Protecting memory [0x00007700804fd000,0x0000770080501000] with protection modes 0
Event: 476.482 Protecting memory [0x00007700803fc000,0x0000770080400000] with protection modes 0
Event: 476.484 Protecting memory [0x00007700802fb000,0x00007700802ff000] with protection modes 0
Event: 476.486 Protecting memory [0x00007700801fa000,0x00007700801fe000] with protection modes 0
Event: 506.176 Protecting memory [0x000077008005e000,0x0000770080062000] with protection modes 0
Event: 511.015 Protecting memory [0x0000770071eff000,0x0000770071f03000] with protection modes 0

Nmethod flushes (0 events):
No events

Events (9 events):
Event: 474.421 Thread 0x000077008402cd40 Thread added: 0x000077008402cd40
Event: 476.425 Thread 0x000077008402cd40 Thread added: 0x00007700841afa70
Event: 476.432 Thread 0x000077008402cd40 Thread added: 0x00007700841b15d0
Event: 476.479 Thread 0x000077008402cd40 Thread added: 0x00007700841b3330
Event: 476.482 Thread 0x000077008402cd40 Thread added: 0x00007700841b4e90
Event: 476.484 Thread 0x000077008402cd40 Thread added: 0x00007700841b69e0
Event: 476.486 Thread 0x000077008402cd40 Thread added: 0x00007700841b8e00
Event: 506.176 Thread 0x000077008402cd40 Thread added: 0x000077008421ea70
Event: 511.015 Thread 0x000077008402cd40 Thread added: 0x00007700843584f0


Dynamic libraries:
56000000-56070000 rw-p 00000000 00:00 0 
56070000-56090000 rw-p 00000000 00:00 0 
56090000-96000000 ---p 00000000 00:00 0 
c5400000-c9000000 rw-p 00000000 00:00 0 
c9000000-100000000 ---p 00000000 00:00 0 
5d834a5d7000-5d834a5d8000 r--p 00000000 00:43 1125899907524207           /mnt/c/Github/jdk/build/linux-x86_64-server-slowdebug/jdk/bin/java
5d834a5d8000-5d834a5d9000 r-xp 00001000 00:43 1125899907524207           /mnt/c/Github/jdk/build/linux-x86_64-server-slowdebug/jdk/bin/java
5d834a5d9000-5d834a5da000 r--p 00002000 00:43 1125899907524207           /mnt/c/Github/jdk/build/linux-x86_64-server-slowdebug/jdk/bin/java
5d834a5da000-5d834a5db000 r--p 00002000 00:43 1125899907524207           /mnt/c/Github/jdk/build/linux-x86_64-server-slowdebug/jdk/bin/java
5d834a5db000-5d834a5dc000 rw-p 00003000 00:43 1125899907524207           /mnt/c/Github/jdk/build/linux-x86_64-server-slowdebug/jdk/bin/java
5d835462e000-5d8354676000 rw-p 00000000 00:00 0                          [heap]
770038000000-770038021000 rw-p 00000000 00:00 0 
770038021000-77003c000000 ---p 00000000 00:00 0 
77003e8ff000-770040000000 rw-p 00000000 00:00 0 
770040000000-7700400d7000 rw-p 00000000 00:00 0 
7700400d7000-770044000000 ---p 00000000 00:00 0 
770044000000-770044021000 rw-p 00000000 00:00 0 
770044021000-770048000000 ---p 00000000 00:00 0 
770048000000-770048021000 rw-p 00000000 00:00 0 
770048021000-77004c000000 ---p 00000000 00:00 0 
77004c000000-77004c021000 rw-p 00000000 00:00 0 
77004c021000-770050000000 ---p 00000000 00:00 0 
770050000000-770050021000 rw-p 00000000 00:00 0 
770050021000-770054000000 ---p 00000000 00:00 0 
770054000000-770054021000 rw-p 00000000 00:00 0 
770054021000-770058000000 ---p 00000000 00:00 0 
770058000000-770058021000 rw-p 00000000 00:00 0 
770058021000-77005c000000 ---p 00000000 00:00 0 
77005c000000-77005c021000 rw-p 00000000 00:00 0 
77005c021000-770060000000 ---p 00000000 00:00 0 
770060000000-7700605f0000 rw-p 00000000 00:00 0 
7700605f0000-770060610000 rw-p 00000000 00:00 0 
770060610000-770060680000 ---p 00000000 00:00 0 
770060680000-7700606a0000 rw-p 00000000 00:00 0 
7700606a0000-770060700000 ---p 00000000 00:00 0 
770060700000-770060800000 rw-p 00000000 00:00 0 
770060800000-770064000000 ---p 00000000 00:00 0 
770064000000-770064021000 rw-p 00000000 00:00 0 
770064021000-770068000000 ---p 00000000 00:00 0 
770068000000-770068021000 rw-p 00000000 00:00 0 
770068021000-77006c000000 ---p 00000000 00:00 0 
77006c000000-77006c021000 rw-p 00000000 00:00 0 
77006c021000-770070000000 ---p 00000000 00:00 0 
770070806000-770071eff000 rw-p 00000000 00:00 0 
770071eff000-770071f03000 ---p 00000000 00:00 0 
770071f03000-770074000000 rw-p 00000000 00:00 0 
770074000000-770074021000 rw-p 00000000 00:00 0 
770074021000-770078000000 ---p 00000000 00:00 0 
770078000000-770078021000 rw-p 00000000 00:00 0 
770078021000-77007c000000 ---p 00000000 00:00 0 
77007c000000-77007c021000 rw-p 00000000 00:00 0 
77007c021000-770080000000 ---p 00000000 00:00 0 
77008005e000-770080062000 ---p 00000000 00:00 0 
770080062000-77008015f000 rw-p 00000000 00:00 0 
77008015f000-770080162000 r--p 00000000 00:43 1407374884234437           /mnt/c/Github/jdk/build/linux-x86_64-server-slowdebug/jdk/lib/libsimdsort.so
770080162000-7700801e7000 r-xp 00003000 00:43 1407374884234437           /mnt/c/Github/jdk/build/linux-x86_64-server-slowdebug/jdk/lib/libsimdsort.so
7700801e7000-7700801f8000 r--p 00088000 00:43 1407374884234437           /mnt/c/Github/jdk/build/linux-x86_64-server-slowdebug/jdk/lib/libsimdsort.so
7700801f8000-7700801f9000 r--p 00098000 00:43 1407374884234437           /mnt/c/Github/jdk/build/linux-x86_64-server-slowdebug/jdk/lib/libsimdsort.so
7700801f9000-7700801fa000 rw-p 00099000 00:43 1407374884234437           /mnt/c/Github/jdk/build/linux-x86_64-server-slowdebug/jdk/lib/libsimdsort.so
7700801fa000-7700801fe000 ---p 00000000 00:00 0 
7700801fe000-7700802fb000 rw-p 00000000 00:00 0 
7700802fb000-7700802ff000 ---p 00000000 00:00 0 
7700802ff000-7700803fc000 rw-p 00000000 00:00 0 
7700803fc000-770080400000 ---p 00000000 00:00 0 
770080400000-7700804fd000 rw-p 00000000 00:00 0 
7700804fd000-770080501000 ---p 00000000 00:00 0 
770080501000-7700805fe000 rw-p 00000000 00:00 0 
7700805fe000-770080602000 ---p 00000000 00:00 0 
770080602000-7700806ff000 rw-p 00000000 00:00 0 
7700806ff000-770080703000 ---p 00000000 00:00 0 
770080703000-770080800000 rw-p 00000000 00:00 0 
770080800000-770080ae6000 r--p 00000000 08:30 1684                       /usr/lib/locale/locale-archive
770080af6000-770080af9000 r--p 00000000 00:43 1125899907523775           /mnt/c/Github/jdk/build/linux-x86_64-server-slowdebug/jdk/lib/libnet.so
770080af9000-770080b04000 r-xp 00003000 00:43 1125899907523775           /mnt/c/Github/jdk/build/linux-x86_64-server-slowdebug/jdk/lib/libnet.so
770080b04000-770080b06000 r--p 0000e000 00:43 1125899907523775           /mnt/c/Github/jdk/build/linux-x86_64-server-slowdebug/jdk/lib/libnet.so
770080b06000-770080b07000 ---p 00010000 00:43 1125899907523775           /mnt/c/Github/jdk/build/linux-x86_64-server-slowdebug/jdk/lib/libnet.so
770080b07000-770080b08000 r--p 00010000 00:43 1125899907523775           /mnt/c/Github/jdk/build/linux-x86_64-server-slowdebug/jdk/lib/libnet.so
770080b08000-770080b09000 rw-p 00011000 00:43 1125899907523775           /mnt/c/Github/jdk/build/linux-x86_64-server-slowdebug/jdk/lib/libnet.so
770080b09000-770080c7c000 r--p 00000000 08:30 22149                      /usr/lib/locale/C.UTF-8/LC_COLLATE
770080c7c000-770080c7d000 ---p 00000000 00:00 0 
770080c7d000-770080d7d000 rw-p 00000000 00:00 0 
770080d7d000-770080d7e000 ---p 00000000 00:00 0 
770080d7e000-770080eff000 rw-p 00000000 00:00 0 
770080eff000-770080f00000 ---p 00000000 00:00 0 
770080f00000-770081000000 rw-p 00000000 00:00 0 
770081000000-770081270000 rwxp 00000000 00:00 0 
770081270000-770084000000 ---p 00000000 00:00 0 
770084000000-770084366000 rw-p 00000000 00:00 0 
770084366000-770088000000 ---p 00000000 00:00 0 
770088011000-770088018000 r--p 00000000 00:43 1125899907523789           /mnt/c/Github/jdk/build/linux-x86_64-server-slowdebug/jdk/lib/libnio.so
770088018000-770088024000 r-xp 00007000 00:43 1125899907523789           /mnt/c/Github/jdk/build/linux-x86_64-server-slowdebug/jdk/lib/libnio.so
770088024000-770088027000 r--p 00013000 00:43 1125899907523789           /mnt/c/Github/jdk/build/linux-x86_64-server-slowdebug/jdk/lib/libnio.so
770088027000-770088028000 ---p 00016000 00:43 1125899907523789           /mnt/c/Github/jdk/build/linux-x86_64-server-slowdebug/jdk/lib/libnio.so
770088028000-770088029000 r--p 00016000 00:43 1125899907523789           /mnt/c/Github/jdk/build/linux-x86_64-server-slowdebug/jdk/lib/libnio.so
770088029000-77008802a000 rw-p 00017000 00:43 1125899907523789           /mnt/c/Github/jdk/build/linux-x86_64-server-slowdebug/jdk/lib/libnio.so
77008802a000-77008805c000 r--p 00000000 08:30 22150                      /usr/lib/locale/C.UTF-8/LC_CTYPE
77008805c000-77008805d000 r--p 00000000 08:30 22156                      /usr/lib/locale/C.UTF-8/LC_NUMERIC
77008805d000-77008805e000 r--p 00000000 08:30 22159                      /usr/lib/locale/C.UTF-8/LC_TIME
77008805e000-77008805f000 r--p 00000000 08:30 22154                      /usr/lib/locale/C.UTF-8/LC_MONETARY
77008805f000-7700880fb000 rw-p 00000000 00:00 0 
7700880fb000-7700880fc000 ---p 00000000 00:00 0 
7700880fc000-770088a04000 rw-p 00000000 00:00 0 
770088a04000-770088a05000 ---p 00000000 00:00 0 
770088a05000-770088b05000 rw-p 00000000 00:00 0 
770088b05000-770088b06000 ---p 00000000 00:00 0 
770088b06000-770088c06000 rw-p 00000000 00:00 0 
770088c06000-770088c07000 ---p 00000000 00:00 0 
770088c07000-770088e34000 rw-p 00000000 00:00 0 
770088e34000-770089bf4000 ---p 00000000 00:00 0 
770089bf4000-770089c12000 rw-p 00000000 00:00 0 
770089c12000-770089dca000 ---p 00000000 00:00 0 
770089dca000-770089de8000 rw-p 00000000 00:00 0 
770089de8000-770089fa0000 ---p 00000000 00:00 0 
770089fa0000-77008a7ad000 rw-p 00000000 00:00 0 
77008a7ad000-77008a808000 ---p 00000000 00:00 0 
77008a808000-77008a814000 r--p 00000000 00:43 1125899907523744           /mnt/c/Github/jdk/build/linux-x86_64-server-slowdebug/jdk/lib/libjava.so
77008a814000-77008a82b000 r-xp 0000c000 00:43 1125899907523744           /mnt/c/Github/jdk/build/linux-x86_64-server-slowdebug/jdk/lib/libjava.so
77008a82b000-77008a831000 r--p 00023000 00:43 1125899907523744           /mnt/c/Github/jdk/build/linux-x86_64-server-slowdebug/jdk/lib/libjava.so
77008a831000-77008a832000 ---p 00029000 00:43 1125899907523744           /mnt/c/Github/jdk/build/linux-x86_64-server-slowdebug/jdk/lib/libjava.so
77008a832000-77008a833000 r--p 00029000 00:43 1125899907523744           /mnt/c/Github/jdk/build/linux-x86_64-server-slowdebug/jdk/lib/libjava.so
77008a833000-77008a834000 rw-p 0002a000 00:43 1125899907523744           /mnt/c/Github/jdk/build/linux-x86_64-server-slowdebug/jdk/lib/libjava.so
77008a834000-77008a835000 rw-p 00000000 00:00 0 
77008a835000-77008a838000 r--p 00000000 08:30 41606                      /usr/lib/x86_64-linux-gnu/libnss_files-2.31.so
77008a838000-77008a83f000 r-xp 00003000 08:30 41606                      /usr/lib/x86_64-linux-gnu/libnss_files-2.31.so
77008a83f000-77008a841000 r--p 0000a000 08:30 41606                      /usr/lib/x86_64-linux-gnu/libnss_files-2.31.so
77008a841000-77008a842000 r--p 0000b000 08:30 41606                      /usr/lib/x86_64-linux-gnu/libnss_files-2.31.so
77008a842000-77008a843000 rw-p 0000c000 08:30 41606                      /usr/lib/x86_64-linux-gnu/libnss_files-2.31.so
77008a843000-77008a849000 rw-p 00000000 00:00 0 
77008a849000-77008a84a000 r--p 00000000 08:30 22153                      /usr/lib/locale/C.UTF-8/LC_MESSAGES/SYS_LC_MESSAGES
77008a84a000-77008a84b000 r--p 00000000 08:30 22157                      /usr/lib/locale/C.UTF-8/LC_PAPER
77008a84b000-77008a84c000 r--p 00000000 08:30 22155                      /usr/lib/locale/C.UTF-8/LC_NAME
77008a84c000-77008a84d000 r--p 00000000 08:30 22148                      /usr/lib/locale/C.UTF-8/LC_ADDRESS
77008a84d000-77008a84e000 r--p 00000000 08:30 22158                      /usr/lib/locale/C.UTF-8/LC_TELEPHONE
77008a84e000-77008a855000 r--s 00000000 08:30 41865                      /usr/lib/x86_64-linux-gnu/gconv/gconv-modules.cache
77008a855000-77008a859000 r--p 00000000 00:43 1125899907523708           /mnt/c/Github/jdk/build/linux-x86_64-server-slowdebug/jdk/lib/libjimage.so
77008a859000-77008a870000 r-xp 00004000 00:43 1125899907523708           /mnt/c/Github/jdk/build/linux-x86_64-server-slowdebug/jdk/lib/libjimage.so
77008a870000-77008a878000 r--p 0001b000 00:43 1125899907523708           /mnt/c/Github/jdk/build/linux-x86_64-server-slowdebug/jdk/lib/libjimage.so
77008a878000-77008a87a000 r--p 00022000 00:43 1125899907523708           /mnt/c/Github/jdk/build/linux-x86_64-server-slowdebug/jdk/lib/libjimage.so
77008a87a000-77008a87b000 rw-p 00024000 00:43 1125899907523708           /mnt/c/Github/jdk/build/linux-x86_64-server-slowdebug/jdk/lib/libjimage.so
77008a87b000-77008a87f000 ---p 00000000 00:00 0 
77008a87f000-77008a97c000 rw-p 00000000 00:00 0 
77008a97c000-77008a989000 r--p 00000000 08:30 41600                      /usr/lib/x86_64-linux-gnu/libm-2.31.so
77008a989000-77008aa30000 r-xp 0000d000 08:30 41600                      /usr/lib/x86_64-linux-gnu/libm-2.31.so
77008aa30000-77008aac9000 r--p 000b4000 08:30 41600                      /usr/lib/x86_64-linux-gnu/libm-2.31.so
77008aac9000-77008aaca000 r--p 0014c000 08:30 41600                      /usr/lib/x86_64-linux-gnu/libm-2.31.so
77008aaca000-77008aacb000 rw-p 0014d000 08:30 41600                      /usr/lib/x86_64-linux-gnu/libm-2.31.so
77008aacb000-77008aacd000 r--p 00000000 08:30 41613                      /usr/lib/x86_64-linux-gnu/librt-2.31.so
77008aacd000-77008aad1000 r-xp 00002000 08:30 41613                      /usr/lib/x86_64-linux-gnu/librt-2.31.so
77008aad1000-77008aad3000 r--p 00006000 08:30 41613                      /usr/lib/x86_64-linux-gnu/librt-2.31.so
77008aad3000-77008aad4000 r--p 00007000 08:30 41613                      /usr/lib/x86_64-linux-gnu/librt-2.31.so
77008aad4000-77008aad5000 rw-p 00008000 08:30 41613                      /usr/lib/x86_64-linux-gnu/librt-2.31.so
77008aad5000-77008af57000 r--p 00000000 00:43 1688849860943528           /mnt/c/Github/jdk/build/linux-x86_64-server-slowdebug/jdk/lib/server/libjvm.so
77008af57000-77008c650000 r-xp 00482000 00:43 1688849860943528           /mnt/c/Github/jdk/build/linux-x86_64-server-slowdebug/jdk/lib/server/libjvm.so
77008c650000-77008d6f5000 r--p 01b7b000 00:43 1688849860943528           /mnt/c/Github/jdk/build/linux-x86_64-server-slowdebug/jdk/lib/server/libjvm.so
77008d6f5000-77008d6f6000 ---p 02c20000 00:43 1688849860943528           /mnt/c/Github/jdk/build/linux-x86_64-server-slowdebug/jdk/lib/server/libjvm.so
77008d6f6000-77008d819000 r--p 02c20000 00:43 1688849860943528           /mnt/c/Github/jdk/build/linux-x86_64-server-slowdebug/jdk/lib/server/libjvm.so
77008d819000-77008d8a1000 rw-p 02d43000 00:43 1688849860943528           /mnt/c/Github/jdk/build/linux-x86_64-server-slowdebug/jdk/lib/server/libjvm.so
77008d8a1000-77008d972000 rw-p 00000000 00:00 0 
77008d972000-77008d978000 r--p 00000000 08:30 41611                      /usr/lib/x86_64-linux-gnu/libpthread-2.31.so
77008d978000-77008d989000 r-xp 00006000 08:30 41611                      /usr/lib/x86_64-linux-gnu/libpthread-2.31.so
77008d989000-77008d98f000 r--p 00017000 08:30 41611                      /usr/lib/x86_64-linux-gnu/libpthread-2.31.so
77008d98f000-77008d990000 r--p 0001c000 08:30 41611                      /usr/lib/x86_64-linux-gnu/libpthread-2.31.so
77008d990000-77008d991000 rw-p 0001d000 08:30 41611                      /usr/lib/x86_64-linux-gnu/libpthread-2.31.so
77008d991000-77008d995000 rw-p 00000000 00:00 0 
77008d995000-77008d996000 r--p 00000000 08:30 41599                      /usr/lib/x86_64-linux-gnu/libdl-2.31.so
77008d996000-77008d998000 r-xp 00001000 08:30 41599                      /usr/lib/x86_64-linux-gnu/libdl-2.31.so
77008d998000-77008d999000 r--p 00003000 08:30 41599                      /usr/lib/x86_64-linux-gnu/libdl-2.31.so
77008d999000-77008d99a000 r--p 00003000 08:30 41599                      /usr/lib/x86_64-linux-gnu/libdl-2.31.so
77008d99a000-77008d99b000 rw-p 00004000 08:30 41599                      /usr/lib/x86_64-linux-gnu/libdl-2.31.so
77008d99b000-77008d99d000 r--p 00000000 08:30 13174                      /usr/lib/x86_64-linux-gnu/libz.so.1.2.11
77008d99d000-77008d9ae000 r-xp 00002000 08:30 13174                      /usr/lib/x86_64-linux-gnu/libz.so.1.2.11
77008d9ae000-77008d9b4000 r--p 00013000 08:30 13174                      /usr/lib/x86_64-linux-gnu/libz.so.1.2.11
77008d9b4000-77008d9b5000 ---p 00019000 08:30 13174                      /usr/lib/x86_64-linux-gnu/libz.so.1.2.11
77008d9b5000-77008d9b6000 r--p 00019000 08:30 13174                      /usr/lib/x86_64-linux-gnu/libz.so.1.2.11
77008d9b6000-77008d9b7000 rw-p 0001a000 08:30 13174                      /usr/lib/x86_64-linux-gnu/libz.so.1.2.11
77008d9b7000-77008d9d9000 r--p 00000000 08:30 41598                      /usr/lib/x86_64-linux-gnu/libc-2.31.so
77008d9d9000-77008db51000 r-xp 00022000 08:30 41598                      /usr/lib/x86_64-linux-gnu/libc-2.31.so
77008db51000-77008db9f000 r--p 0019a000 08:30 41598                      /usr/lib/x86_64-linux-gnu/libc-2.31.so
77008db9f000-77008dba3000 r--p 001e7000 08:30 41598                      /usr/lib/x86_64-linux-gnu/libc-2.31.so
77008dba3000-77008dba5000 rw-p 001eb000 08:30 41598                      /usr/lib/x86_64-linux-gnu/libc-2.31.so
77008dba5000-77008dba9000 rw-p 00000000 00:00 0 
77008dba9000-77008dbaa000 r--p 00000000 08:30 22152                      /usr/lib/locale/C.UTF-8/LC_MEASUREMENT
77008dbaa000-77008dbab000 r--p 00000000 08:30 22151                      /usr/lib/locale/C.UTF-8/LC_IDENTIFICATION
77008dbab000-77008dbb3000 rw-s 00000000 08:30 77497                      /tmp/hsperfdata_jatinbha/185683
77008dbb3000-77008dbb4000 ---p 00000000 00:00 0 
77008dbb4000-77008dbb5000 r--p 00000000 00:00 0 
77008dbb5000-77008dbb8000 r--p 00000000 00:43 2251799814366334           /mnt/c/Github/jdk/build/linux-x86_64-server-slowdebug/jdk/lib/libjli.so
77008dbb8000-77008dbc6000 r-xp 00003000 00:43 2251799814366334           /mnt/c/Github/jdk/build/linux-x86_64-server-slowdebug/jdk/lib/libjli.so
77008dbc6000-77008dbca000 r--p 00011000 00:43 2251799814366334           /mnt/c/Github/jdk/build/linux-x86_64-server-slowdebug/jdk/lib/libjli.so
77008dbca000-77008dbcb000 r--p 00014000 00:43 2251799814366334           /mnt/c/Github/jdk/build/linux-x86_64-server-slowdebug/jdk/lib/libjli.so
77008dbcb000-77008dbcc000 rw-p 00015000 00:43 2251799814366334           /mnt/c/Github/jdk/build/linux-x86_64-server-slowdebug/jdk/lib/libjli.so
77008dbcc000-77008dbce000 rw-p 00000000 00:00 0 
77008dbce000-77008dbcf000 r--p 00000000 08:30 21885                      /usr/lib/x86_64-linux-gnu/ld-2.31.so
77008dbcf000-77008dbf2000 r-xp 00001000 08:30 21885                      /usr/lib/x86_64-linux-gnu/ld-2.31.so
77008dbf2000-77008dbfa000 r--p 00024000 08:30 21885                      /usr/lib/x86_64-linux-gnu/ld-2.31.so
77008dbfa000-77008dbfb000 rwxp 00000000 00:00 0 
77008dbfb000-77008dbfc000 r--p 0002c000 08:30 21885                      /usr/lib/x86_64-linux-gnu/ld-2.31.so
77008dbfc000-77008dbfd000 rw-p 0002d000 08:30 21885                      /usr/lib/x86_64-linux-gnu/ld-2.31.so
77008dbfd000-77008dbfe000 rw-p 00000000 00:00 0 
7ffde9d71000-7ffde9d92000 rw-p 00000000 00:00 0                          [stack]
7ffde9db6000-7ffde9dba000 r--p 00000000 00:00 0                          [vvar]
7ffde9dba000-7ffde9dbc000 r-xp 00000000 00:00 0                          [vdso]
Total number of mappings: 202

JVMTI agents: none


VM Arguments:
jvm_args: -Xbatch -XX:-TieredCompilation -XX:+StressRegisterAllocation -XX:CompileCommand=TraceSpilling,test::micro -XX:+PauseAtStartup -XX:CompileCommand=compileonly,test::micro 
java_command: test
java_class_path (initial): .
Launcher Type: SUN_STANDARD

[Global flags]
     bool AOTAdapterCaching                        = false                                  {diagnostic} {ergonomic}     Enable saving and restoring i2c2i adapters in AOT cache
     bool AOTInvokeDynamicLinking                  = false                                  {diagnostic} {ergonomic}     AOT-link JVM_CONSTANT_InvokeDynamic entries in cached ConstantPools
     bool AOTRecordTraining                        = false                                  {diagnostic} {ergonomic}     Request output of training data for improved deployment.
     bool AOTReplayTraining                        = false                                  {diagnostic} {ergonomic}     Read training data, if available, for use in this execution
     bool AOTStubCaching                           = false                                  {diagnostic} {ergonomic}     Enable saving and restoring stubs and code blobs in AOT cache
     bool BackgroundCompilation                    = false                                  {pd product} {command line}  A thread requesting compilation is not blocked during compilation
     intx CICompilerCount                          = 4                                         {product} {ergonomic}     Number of compiler threads to run
ccstrlist CompileCommand                           = TraceSpilling,test::micro
          CompileCommand                          += compileonly,test::micro                   {product} {command line}  Prepend to .hotspot_compiler; e.g. log,java/lang/String.<init>
     uint ConcGCThreads                            = 2                                         {product} {ergonomic}     Number of threads concurrent gc will use
     uint G1ConcRefinementThreads                  = 8                                         {product} {ergonomic}     The number of parallel remembered set update threads. Will be set ergonomically by default.
   size_t G1HeapRegionSize                         = 1048576                                   {product} {ergonomic}     Size of the G1 regions.
   size_t InitialHeapSize                          = 62914560                                  {product} {ergonomic}     Initial heap size (in bytes); zero means use ergonomics
   size_t MarkStackSize                            = 4194304                                   {product} {ergonomic}     Size of marking stack in bytes.
   size_t MarkStackSizeMax                         = 536870912                                 {product} {ergonomic}     Maximum size of marking stack in bytes.
   size_t MaxHeapSize                              = 985661440                                 {product} {ergonomic}     Maximum heap size (in bytes)
   size_t MaxNewSize                               = 591396864                                 {product} {ergonomic}     Maximum new generation size (in bytes), max_uintx means set ergonomically
   size_t MinHeapDeltaBytes                        = 1048576                                   {product} {ergonomic}     The minimum change in heap space due to GC (in bytes)
   size_t MinHeapSize                              = 8388608                                   {product} {ergonomic}     Minimum heap size (in bytes); zero means use ergonomics
   size_t NonNMethodCodeHeapSize                   = 4096                                   {pd product} {ergonomic}     Size of code heap with non-nmethods (in bytes)
   size_t NonProfiledCodeHeapSize                  = 0                                      {pd product} {ergonomic}     Size of code heap with non-profiled methods (in bytes)
     bool PauseAtStartup                           = true                                   {diagnostic} {command line}  Causes the VM to pause at startup time and wait for the pause file to be removed (default: ./vm.paused.<pid>)
   size_t ProfiledCodeHeapSize                     = 0                                      {pd product} {ergonomic}     Size of code heap with profiled methods (in bytes)
   size_t SoftMaxHeapSize                          = 985661440                              {manageable} {ergonomic}     Soft limit for maximum heap size (in bytes)
     bool StressRegisterAllocation                 = true                                {C2 diagnostic} {command line}  Randomize register allocation order
     uint StressSeed                               = 95260089                            {C2 diagnostic} {ergonomic}     Seed for randomized stress testing (if unset, a random one is generated). The seed is recorded in the compilation log, if available.
     bool THPStackMitigation                       = false                                  {diagnostic} {ergonomic}     If THPs are unconditionally enabled on the system (mode "always"), the JVM will prevent THP from forming in thread stacks. When disabled, the absence of this mitigationallows THPs to form in thread stacks.
     bool TieredCompilation                        = false                                  {pd product} {command line}  Enable tiered compilation
     bool UseCompressedOops                        = true                           {product lp64_product} {ergonomic}   Use 32-bit object references in 64-bit VM. lp64_product means flag is always constant in 32 bit VM
     bool UseG1GC                                  = true                                      {product} {ergonomic}     Use the Garbage-First garbage collector
      int X86ICacheSync                            = 3                                 {ARCH diagnostic} {ergonomic}     Select the X86 ICache sync mechanism: -1 = auto-select; 0 = none (dangerous); 1 = CLFLUSH loop; 2 = CLFLUSHOPT loop; 3 = CLWB loop; 4 = single CPUID; 5 = single SERIALIZE. Explicitly selected mechanism will fail at startup if hardware does not support it.

Logging:
Log output configuration:
 #0: stdout all=warning uptime,level,tags foldmultilines=false
 #1: stderr all=off uptime,level,tags foldmultilines=false

Release file:
SOURCE=".:git:235739277993+"
IMPLEMENTOR="N/A"
JAVA_VERSION_DATE="2026-03-17"
JAVA_RUNTIME_VERSION="26-internal-adhoc.jatinbha.jdk"
OS_NAME="Linux"
OS_ARCH="x86_64"
LIBC="gnu"

Environment Variables:
JAVA_HOME=/mnt/c/Github/jdk/build/linux-x86_64-server-slowdebug/jdk/
PATH=/mnt/c/Github/jdk/build/linux-x86_64-server-slowdebug/jdk//bin:/home/jatinbha/.local/bin:/home/jatinbha/bin:/mnt/c/Github/softwares/sde-external-9.58.0-2025-06-16-lin:/mnt/c/Github/softwares/apache-maven-3.9.11/bin:/home/jatinbha/softwares/jdk-24.0.2/bin:/usr/local/sbin:/usr/local/bin:/usr/sbin:/usr/bin:/sbin:/bin:/usr/games:/usr/local/games:/usr/lib/wsl/lib:/mnt/c/WINDOWS/system32:/mnt/c/WINDOWS:/mnt/c/WINDOWS/System32/Wbem:/mnt/c/WINDOWS/System32/WindowsPowerShell/v1.0/:/mnt/c/WINDOWS/System32/OpenSSH/:/mnt/c/Program Files/Git/cmd:/mnt/c/Program Files/dotnet/:/mnt/c/Users/jatin/AppData/Local/Microsoft/WindowsApps:/mnt/c/Users/jatin/AppData/Local/GitHubDesktop/bin:/mnt/c/Users/jatin/AppData/Local/Programs/Microsoft VS Code/bin:/mnt/c/Github/softwares/jdk-26/bin:/snap/bin
LD_LIBRARY_PATH=/home/jatinbha/softwares/
SHELL=/bin/bash
DISPLAY=:0
HOSTTYPE=x86_64
LANG=C.UTF-8
TERM=xterm-256color

Active Locale:
LC_ALL=C.UTF-8
LC_COLLATE=C.UTF-8
LC_CTYPE=C.UTF-8
LC_MESSAGES=C.UTF-8
LC_MONETARY=C.UTF-8
LC_NUMERIC=C.UTF-8
LC_TIME=C.UTF-8

Signal Handlers:
   SIGSEGV: crash_handler in libjvm.so, mask=11100100010111111101111111111110, flags=SA_RESTART|SA_SIGINFO, unblocked
    SIGBUS: crash_handler in libjvm.so, mask=11100100010111111101111111111110, flags=SA_RESTART|SA_SIGINFO, unblocked
    SIGFPE: crash_handler in libjvm.so, mask=11100100010111111101111111111110, flags=SA_RESTART|SA_SIGINFO, unblocked
   SIGPIPE: javaSignalHandler in libjvm.so, mask=11100100010111111101111111111110, flags=SA_RESTART|SA_SIGINFO, unblocked
   SIGXFSZ: javaSignalHandler in libjvm.so, mask=11100100010111111101111111111110, flags=SA_RESTART|SA_SIGINFO, unblocked
    SIGILL: crash_handler in libjvm.so, mask=11100100010111111101111111111110, flags=SA_RESTART|SA_SIGINFO, unblocked
   SIGUSR2: SR_handler in libjvm.so, mask=00000000000000000000000000000000, flags=SA_RESTART|SA_SIGINFO, unblocked
    SIGHUP: UserHandler in libjvm.so, mask=11100100010111111101111111111110, flags=SA_RESTART|SA_SIGINFO, unblocked
    SIGINT: UserHandler in libjvm.so, mask=11100100010111111101111111111110, flags=SA_RESTART|SA_SIGINFO, unblocked
   SIGTERM: UserHandler in libjvm.so, mask=11100100010111111101111111111110, flags=SA_RESTART|SA_SIGINFO, unblocked
   SIGQUIT: UserHandler in libjvm.so, mask=11100100010111111101111111111110, flags=SA_RESTART|SA_SIGINFO, blocked
   SIGTRAP: crash_handler in libjvm.so, mask=11100100010111111101111111111110, flags=SA_RESTART|SA_SIGINFO, unblocked


Native Memory Tracking:

(Omitting categories weighting less than 1KB)

Total: reserved=2262946KB, committed=175158KB
       malloc: 68462KB #17626, peak=68152KB #17629
       mmap:   reserved=2194484KB, committed=106696KB

-                 Java Heap (reserved=962560KB, committed=61440KB)
                            (mmap: reserved=962560KB, committed=61440KB, at peak)

-                     Class (reserved=1048677KB, committed=677KB)
                            (classes #1033)
                            (  instance classes #902, array classes #131)
                            (malloc=101KB tag=Class #1317) (at peak)
                            (mmap: reserved=1048576KB, committed=576KB, at peak)
                            (  Metadata:   )
                            (    reserved=65536KB, committed=7360KB)
                            (    used=7278KB)
                            (    waste=82KB =1.11%)
                            (  Class space:)
                            (    reserved=1048576KB, committed=576KB)
                            (    used=483KB)
                            (    waste=93KB =16.16%)

-                    Thread (reserved=16475KB, committed=603KB)
                            (threads #16)
                            (stack: reserved=16420KB, committed=548KB, peak=548KB)
                            (malloc=38KB tag=Thread #99) (peak=46KB #103)
                            (arena=18KB #30) (peak=359KB #28)

-                      Code (reserved=49769KB, committed=2749KB)
                            (malloc=201KB tag=Code #6196) (at peak)
                            (mmap: reserved=49536KB, committed=2516KB, at peak)
                            (arena=33KB #1) (at peak)

-                        GC (reserved=68606KB, committed=51006KB)
                            (malloc=16794KB tag=GC #486) (at peak)
                            (mmap: reserved=51812KB, committed=34212KB, at peak)

-                  Compiler (reserved=655KB, committed=655KB)
                            (malloc=31KB tag=Compiler #34) (at peak)
                            (arena=624KB #10) (peak=786KB #12)

-                  Internal (reserved=47385KB, committed=47385KB)
                            (malloc=47349KB tag=Internal #4413) (peak=47349KB #4414)
                            (mmap: reserved=36KB, committed=36KB, at peak)

-                     Other (reserved=10KB, committed=10KB)
                            (malloc=10KB tag=Other #2) (at peak)

-                    Symbol (reserved=2524KB, committed=2524KB)
                            (malloc=885KB tag=Symbol #2545) (at peak)
                            (arena=1638KB #1) (at peak)

-    Native Memory Tracking (reserved=313KB, committed=313KB)
                            (malloc=4KB tag=Native Memory Tracking #66) (peak=4KB #68)
                            (tracking overhead=310KB)

-               Arena Chunk (reserved=164KB, committed=164KB)
                            (malloc=164KB tag=Arena Chunk #107) (peak=2477KB #108)

-                   Tracing (reserved=4KB, committed=4KB)
                            (malloc=4KB tag=Tracing #25) (at peak)

-                    Module (reserved=200KB, committed=200KB)
                            (malloc=200KB tag=Module #2131) (at peak)

-                 Safepoint (reserved=8KB, committed=8KB)
                            (mmap: reserved=8KB, committed=8KB, at peak)

-           Synchronization (reserved=21KB, committed=21KB)
                            (malloc=21KB tag=Synchronization #154) (at peak)

-            Serviceability (reserved=17KB, committed=17KB)
                            (malloc=17KB tag=Serviceability #10) (at peak)

-                 Metaspace (reserved=65548KB, committed=7372KB)
                            (malloc=12KB tag=Metaspace #9) (at peak)
                            (mmap: reserved=65536KB, committed=7360KB, at peak)

-      String Deduplication (reserved=1KB, committed=1KB)
                            (malloc=1KB tag=String Deduplication #8) (at peak)

-                       JNI (reserved=8KB, committed=8KB)
                            (malloc=8KB tag=JNI #12) (at peak)

Preinit state:entries: 389 (primary: 380, empties: 7811), sum bytes: 22502, longest chain length: 2
pre-init mallocs: 424, pre-init reallocs: 5, pre-init frees: 35
MallocLimit: unset

Compiler Memory Statistic, 10 most expensive compilations:
ctyp  total     ra        node      comp      type      states    reglive   regsplit  superword cienv     ha        other     #nodes  result  limit     time    id    thread             method
No entries.

Periodic native trim disabled

---------------  S Y S T E M  ---------------

OS:
DISTRIB_ID=Ubuntu
DISTRIB_RELEASE=20.04
DISTRIB_CODENAME=focal
DISTRIB_DESCRIPTION="Ubuntu 20.04.6 LTS"
uname: Linux jatinbha-ws 6.6.87.2-microsoft-standard-WSL2 #1 SMP PREEMPT_DYNAMIC Thu Jun  5 18:30:46 UTC 2025 x86_64
OS uptime: 1 days 8:13 hours
libc: glibc 2.31 NPTL 2.31 
rlimit (soft/hard): STACK 8192k/infinity , CORE 0k/infinity , NPROC 14993/14993 , NOFILE 1048576/1048576 , AS infinity/infinity , CPU infinity/infinity , DATA infinity/infinity , FSIZE infinity/infinity , MEMLOCK 65536k/65536k
load average: 0.45 0.36 0.60

/proc/meminfo:
MemTotal:        3848412 kB
MemFree:         1522336 kB
MemAvailable:    1591616 kB
Buffers:            1388 kB
Cached:           117252 kB
SwapCached:        20040 kB
Active:           187368 kB
Inactive:        1818392 kB
Active(anon):     145884 kB
Inactive(anon):  1742388 kB
Active(file):      41484 kB
Inactive(file):    76004 kB
Unevictable:           0 kB
Mlocked:               0 kB
SwapTotal:       1048576 kB
SwapFree:          42316 kB
Dirty:               204 kB
Writeback:             0 kB
AnonPages:       1867616 kB
Mapped:            98500 kB
Shmem:              1108 kB
KReclaimable:      27740 kB
Slab:              85604 kB
SReclaimable:      27740 kB
SUnreclaim:        57864 kB
KernelStack:        7584 kB
PageTables:        12804 kB
SecPageTables:         0 kB
NFS_Unstable:          0 kB
Bounce:                0 kB
WritebackTmp:          0 kB
CommitLimit:     2972780 kB
Committed_AS:    3589616 kB
VmallocTotal:   34359738367 kB
VmallocUsed:       31916 kB
VmallocChunk:          0 kB
Percpu:             3680 kB
HardwareCorrupted:     0 kB
AnonHugePages:         0 kB
ShmemHugePages:        0 kB
ShmemPmdMapped:        0 kB
FileHugePages:         0 kB
FilePmdMapped:         0 kB
Unaccepted:            0 kB
HugePages_Total:       0
HugePages_Free:        0
HugePages_Rsvd:        0
HugePages_Surp:        0
Hugepagesize:       2048 kB
Hugetlb:               0 kB
DirectMap4k:       62464 kB
DirectMap2M:     3966976 kB
DirectMap1G:     8388608 kB

/sys/kernel/mm/transparent_hugepage/enabled: always [madvise] never
/sys/kernel/mm/transparent_hugepage/hpage_pmd_size: 2097152
/sys/kernel/mm/transparent_hugepage/shmem_enabled: always within_size advise [never] deny force
/sys/kernel/mm/transparent_hugepage/defrag (defrag/compaction efforts parameter): always defer defer+madvise [madvise] never

Process Memory:
Virtual Size: 3365816K (peak: 3384272K)
Resident Set Size: 120064K (peak: 120064K) (anon: 86272K, file: 33792K, shmem: 0K)
Swapped out: 0K
C-Heap outstanding allocations: 69212K, retained: 1931K
glibc malloc tunables: (default)

/proc/sys/kernel/threads-max (system-wide limit on the number of threads): 29987
/proc/sys/vm/max_map_count (maximum number of memory map areas a process may have): 65530
/proc/sys/vm/swappiness (control to define how aggressively the kernel swaps out anonymous memory): 60
/proc/sys/kernel/pid_max (system-wide limit on number of process identifiers): 4194304

container information not found.
Hyper-V virtualization detected
Steal ticks since vm start: 0
Steal ticks percentage since vm start:  0.000

CPU: total 8 (initial active 8) (4 cores per cpu, 2 threads per core) family 6 model 186 stepping 3 microcode 0xffffffff, cx8, cmov, fxsr, ht, mmx, 3dnowpref, sse, sse2, sse3, ssse3, sse4.1, sse4.2, popcnt, lzcnt, tsc, tscinvbit, avx, avx2, aes, erms, clmul, bmi1, bmi2, adx, sha, fma, vzeroupper, clflush, clflushopt, clwb, hv, serialize, rdtscp, rdpid, fsrm, gfni, f16c, cet_ibt, cet_ss
CPU Model and flags from /proc/cpuinfo:
model name	: 13th Gen Intel(R) Core(TM) i3-1315U
flags		: fpu vme de pse tsc msr pae mce cx8 apic sep mtrr pge mca cmov pat pse36 clflush mmx fxsr sse sse2 ss ht syscall nx pdpe1gb rdtscp lm constant_tsc rep_good nopl xtopology tsc_reliable nonstop_tsc cpuid tsc_known_freq pni pclmulqdq vmx ssse3 fma cx16 pcid sse4_1 sse4_2 x2apic movbe popcnt tsc_deadline_timer aes xsave avx f16c rdrand hypervisor lahf_lm abm 3dnowprefetch ssbd ibrs ibpb stibp ibrs_enhanced tpr_shadow ept vpid ept_ad fsgsbase tsc_adjust bmi1 avx2 smep bmi2 erms invpcid rdseed adx smap clflushopt clwb sha_ni xsaveopt xsavec xgetbv1 xsaves avx_vnni vnmi umip waitpkg gfni vaes vpclmulqdq rdpid movdiri movdir64b fsrm md_clear serialize flush_l1d arch_capabilities

Online cpus: 0-7
Offline cpus: 
cache level: 1
cache type: Data
cache size: 48K
cache coherency line size: 64
cache level: 1
cache type: Instruction
cache size: 32K
cache coherency line size: 64
cache level: 2
cache type: Unified
cache size: 1280K
cache coherency line size: 64
cache level: 3
cache type: Unified
cache size: 10240K
cache coherency line size: 64
BIOS frequency limitation: <Not Available>
Frequency switch latency (ns): <Not Available>
Available cpu frequencies: <Not Available>
Maximum cpu frequency: <Not Available>
Minimum cpu frequency: <Not Available>
Current cpu frequency: <Not Available>
Available governors: <Not Available>
Current governor: <Not Available>
Core performance/turbo boost: <Not Available>

Memory: 4k page, physical 3848412k(1591620k free), swap 1048576k(42384k free)
Page Sizes: 4k

vm_info: OpenJDK 64-Bit Server VM (slowdebug 26-internal-adhoc.jatinbha.jdk) for linux-amd64 JRE (26-internal-adhoc.jatinbha.jdk), built on 2025-07-25T18:06:11Z with gcc 10.5.0

END.
