#
# A fatal error has been detected by the Java Runtime Environment:
#
#  SIGSEGV (0xb) at pc=0x00007f369a5d468c, pid=1542674, tid=1542713
#
# JRE version: OpenJDK Runtime Environment (25.0) (slowdebug build 25-internal-adhoc.root.jdk)
# Java VM: OpenJDK 64-Bit Server VM (slowdebug 25-internal-adhoc.root.jdk, mixed mode, sharing, tiered, compressed class ptrs, z gc, linux-amd64)
# Problematic frame:
# V  [libjvm.so+0x54268c]  CodeSection::end() const+0x10
#
# Core dump will be written. Default location: Core dumps may be processed with "/usr/share/apport/apport -p%p -s%s -c%c -d%d -P%P -u%u -g%g -- %E" (or dumping to /home/jatinbha/code/java/gc/zgc/core.1542674)
#
# If you would like to submit a bug report, please visit:
#   https://bugreport.java.com/bugreport/crash.jsp
#

---------------  S U M M A R Y ------------

Command Line: -Xmx10m -Xms10m -XX:+UseZGC -XX:CompileOnly=test_barriers::micro -XX:CompileCommand=DontInline,test_barriers::leaf -XX:+PauseAtStartup test_barriers

Host: intel-S2600WFT, Intel(R) Xeon(R) Platinum 8280 CPU @ 2.70GHz, 112 cores, 754G, Ubuntu 20.04.2 LTS
Time: Mon Apr 28 15:30:38 2025 IST elapsed time: 286.933613 seconds (0d 0h 4m 46s)

---------------  T H R E A D  ---------------

Current thread (0x00007f36942059e0):  JavaThread "C2 CompilerThread0" daemon [_thread_in_native, id=1542713, stack(0x00007f36982d4000,0x00007f36983d5000) (1028K)]


Current CompileTask:
C2:286933    4       4       test_barriers::micro (8 bytes)

Stack: [0x00007f36982d4000,0x00007f36983d5000],  sp=0x00007f36983d05a0,  free space=1009k
Native frames: (J=compiled Java code, j=interpreted, Vv=VM code, C=native code)
V  [libjvm.so+0x54268c]  CodeSection::end() const+0x10  (codeBuffer.hpp:160)
C  0x00007f36983d05bf

siginfo: si_signo: 11 (SIGSEGV), si_code: 128 (SI_KERNEL), si_addr: 0x0000000000000000

Registers:
RAX=0x10ec8348e5894855, RBX=0x0000000000000006, RCX=0x0000000000000006, RDX=0x0000000000000000
RSP=0x00007f36983d05a0, RBP=0x00007f36983d05a0, RSI=0x0000000000000006, RDI=0x10ec8348e5894855
R8 =0x0000000000000010, R9 =0x0000000000000000, R10=0x00000000ffffffff, R11=0x0000000000000212
R12=0x0000000000000004, R13=0x0000000000000000, R14=0x0000000000000010, R15=0x0000000000000000
RIP=0x00007f369a5d468c, EFLAGS=0x0000000000010246, CSGSFS=0x002b000000000033, ERR=0x0000000000000000
  TRAPNO=0x000000000000000d

XMM[0]=0xf1f1f1f1f1f1f1f1 0xf1f1f1f1f1f1f1f1
XMM[1]=0x24232221201f1e1d 0x1c1b1a1918171615
XMM[2]=0x0000000000000000 0x3feffffde0000000
XMM[3]=0x0000000000000000 0x3fefffd3e0000000
XMM[4]=0x0000000000000000 0x0000000000000000
XMM[5]=0x0000000000000000 0x00007f35ec000080
XMM[6]=0x0000000000000000 0x0000000000000000
XMM[7]=0x0000000000000000 0x0000000000000000
XMM[8]=0x2d20007325206425 0x203a006425200064
XMM[9]=0x0000000000000000 0x0000000000000000
XMM[10]=0x0000000000000000 0x0000000000000000
XMM[11]=0x0000000000000000 0x0000000000000000
XMM[12]=0x0000000000000000 0x0000000000000000
XMM[13]=0x0000000000000000 0x0000000000000000
XMM[14]=0x0000000000000000 0x0000000000000000
XMM[15]=0x0000000000000000 0x0000000000000000
  MXCSR=0x00001fa2


Register to memory mapping:

RAX=0x10ec8348e5894855 is an unknown value
RBX=0x0000000000000006 is an unknown value
RCX=0x0000000000000006 is an unknown value
RDX=0x0 is null
RSP=0x00007f36983d05a0 is pointing into the stack for thread: 0x00007f36942059e0
RBP=0x00007f36983d05a0 is pointing into the stack for thread: 0x00007f36942059e0
RSI=0x0000000000000006 is an unknown value
RDI=0x10ec8348e5894855 is an unknown value
R8 =0x0000000000000010 is an unknown value
R9 =0x0 is null
R10=0x00000000ffffffff is an unknown value
R11=0x0000000000000212 is an unknown value
R12=0x0000000000000004 is an unknown value
R13=0x0 is null
R14=0x0000000000000010 is an unknown value
R15=0x0 is null

Top of Stack: (sp=0x00007f36983d05a0)
0x00007f36983d05a0:   00007f36983d05a8 00007f36983d05bf   ..=.6.....=.6...
0x00007f36983d05b0:   00007f36983d0728 cc007f36983d07c8   (.=.6.....=.6...
0x00007f36983d05c0:   00007f36983d0600 00007f369b6767f7   ..=.6....gg.6...
0x00007f36983d05d0:   00007f36983d0728 00007f36983d07c8   (.=.6.....=.6...
0x00007f36983d05e0:   00007f36983d0620 00007f36983d07c8    .=.6.....=.6...
0x00007f36983d05f0:   00007f36983d06e0 0000000000000010   ..=.6...........
0x00007f36983d0600:   00007f36983d0620 00007f369b675343    .=.6...CSg.6...
0x00007f36983d0610:   00007f36983d0728 00007f36983d07c8   (.=.6.....=.6...
0x00007f36983d0620:   00007f36983d0640 00007f369b674f2e   @.=.6....Og.6...
0x00007f36983d0630:   00007f36983d07c8 00007f36983d0728   ..=.6...(.=.6...
0x00007f36983d0640:   00007f36983d0660 00007f369a4fd410   `.=.6.....O.6...
0x00007f36983d0650:   00007f36983d07c8 00000006983d0728   ..=.6...(.=.....
0x00007f36983d0660:   00007f35ec054d10 00007f36983d0890   .M..5.....=.6...
0x00007f36983d0670:   00007f36983d0690 00007f369a5d4a20   ..=.6... J].6...
0x00007f36983d0680:   00007f36983d06a0 00007f36983d0890   ..=.6.....=.6...
0x00007f36983d0690:   00007f36983d06b0 528794d1ff957500   ..=.6....u.....R
0x00007f36983d06a0:   00007f36983d0890 0000000000000006   ..=.6...........
0x00007f36983d06b0:   00007f36983d0770 00007f369a4fd66b   p.=.6...k.O.6...
0x00007f36983d06c0:   0000000600000004 00007f36983d07b0   ..........=.6...
0x00007f36983d06d0:   00007f35ec054d10 00007f36983d0890   .M..5.....=.6...
0x00007f36983d06e0:   00007f369cc3b278 0000000000000000   x...6...........
0x00007f36983d06f0:   00007f36983d0890 00007f3683986d64   ..=.6...dm..6...
0x00007f36983d0700:   00007f36983d0730 00007f369a5d9bf1   0.=.6.....].6...
0x00007f36983d0710:   ffffffff0000000a ffffffffffffffff   ................
0x00007f36983d0720:   0000000000000010 00007f369cc3b278   ........x...6...
0x00007f36983d0730:   0000000000000000 00007f3600000000   ............6...
0x00007f36983d0740:   00000002983d0770 00007f35ec054d10   p.=......M..5...
0x00007f36983d0750:   00007f36983d0f80 528794d1ff957500   ..=.6....u.....R
0x00007f36983d0760:   0000000000000006 0000000000000006   ................
0x00007f36983d0770:   00007f36983d0830 00007f369a5c3685   0.=.6....6\.6...
0x00007f36983d0780:   00000001983d07a0 00007f36983d0f80   ..=.......=.6...
0x00007f36983d0790:   00007f36983d0890 00007f35ec054d10   ..=.6....M..5...

Instructions: (pc=0x00007f369a5d468c)
  0x00007f369a5d458c:   70 66 02 48 8d 50 10 48 8b 45 f8 48 89 10 48 8b
  0x00007f369a5d459c:   45 f8 8b 55 f4 89 50 14 90 c9 c3 f3 0f 1e fa 55
  0x00007f369a5d45ac:   48 89 e5 48 83 ec 10 48 89 7d f8 e8 f5 e4 f0 ff
  0x00007f369a5d45bc:   83 f0 01 84 c0 74 1c 48 83 7d f8 00 74 15 e8 d0
  0x00007f369a5d45cc:   fc ff ff 48 8b 55 f8 48 39 d0 76 07 b8 01 00 00
  0x00007f369a5d45dc:   00 eb 05 b8 00 00 00 00 84 c0 74 38 48 8d 05 19
  0x00007f369a5d45ec:   23 79 02 48 8b 00 c6 00 58 48 8b 45 f8 49 89 c0
  0x00007f369a5d45fc:   48 8d 0d 2a 17 5b 01 48 8d 15 2e 17 5b 01 be 21
  0x00007f369a5d460c:   05 00 00 48 8d 3d 82 17 5b 01 b8 00 00 00 00 e8
  0x00007f369a5d461c:   69 d4 64 00 48 83 7d f8 00 0f 95 c0 c9 c3 f3 0f
  0x00007f369a5d462c:   1e fa 55 48 89 e5 48 89 7d f8 89 75 f4 89 55 f0
  0x00007f369a5d463c:   8b 55 f4 48 8b 45 f8 48 63 d2 8b 4d f0 89 0c 90
  0x00007f369a5d464c:   90 5d c3 90 f3 0f 1e fa 55 48 89 e5 48 89 7d f8
  0x00007f369a5d465c:   48 8b 45 f8 48 8b 00 5d c3 90 f3 0f 1e fa 55 48
  0x00007f369a5d466c:   89 e5 48 89 7d f8 48 8b 45 f8 48 8b 40 08 5d c3
  0x00007f369a5d467c:   f3 0f 1e fa 55 48 89 e5 48 89 7d f8 48 8b 45 f8
=>0x00007f369a5d468c:   48 8b 40 10 5d c3 f3 0f 1e fa 55 48 89 e5 48 89
  0x00007f369a5d469c:   7d f8 48 8b 45 f8 48 8b 50 10 48 8b 45 f8 48 8b
  0x00007f369a5d46ac:   08 48 89 d0 48 29 c8 5d c3 90 f3 0f 1e fa 55 48
  0x00007f369a5d46bc:   89 e5 48 89 7d f8 48 8b 45 f8 48 8b 40 50 5d c3
  0x00007f369a5d46cc:   f3 0f 1e fa 55 48 89 e5 48 89 7d f8 48 8b 45 f8
  0x00007f369a5d46dc:   48 c7 40 08 00 00 00 00 90 5d c3 90 f3 0f 1e fa
  0x00007f369a5d46ec:   55 48 89 e5 48 89 7d f8 89 75 f4 48 8b 45 f8 8b
  0x00007f369a5d46fc:   50 44 8b 45 f4 01 c2 48 8b 45 f8 89 50 44 90 5d
  0x00007f369a5d470c:   c3 90 f3 0f 1e fa 55 48 89 e5 48 89 7d f8 48 8b
  0x00007f369a5d471c:   45 f8 48 83 c0 18 5d c3 f3 0f 1e fa 55 48 89 e5
  0x00007f369a5d472c:   48 89 7d f8 48 8b 45 f8 48 8b 80 40 01 00 00 5d
  0x00007f369a5d473c:   c3 f3 0f 1e fa 55 48 89 e5 b8 01 00 00 00 5d c3
  0x00007f369a5d474c:   f3 0f 1e fa 55 48 89 e5 48 89 7d f8 48 8b 45 f8
  0x00007f369a5d475c:   8b 00 f7 d0 c1 e8 1f 5d c3 90 f3 0f 1e fa 55 48
  0x00007f369a5d476c:   89 e5 48 89 7d f8 48 8b 45 f8 8b 00 83 f8 ff 75
  0x00007f369a5d477c:   12 48 8b 45 f8 8b 40 24 85 c0 75 07 b8 01 00 00


Stack slot to memory mapping:

stack at sp + 0 slots: 0x00007f36983d05a8 is pointing into the stack for thread: 0x00007f36942059e0
stack at sp + 1 slots: 0x00007f36983d05bf is pointing into the stack for thread: 0x00007f36942059e0
stack at sp + 2 slots: 0x00007f36983d0728 is pointing into the stack for thread: 0x00007f36942059e0
stack at sp + 3 slots: 0xcc007f36983d07c8 is an unknown value
stack at sp + 4 slots: 0x00007f36983d0600 is pointing into the stack for thread: 0x00007f36942059e0
stack at sp + 5 slots: 0x00007f369b6767f7: <offset 0x00000000015e47f7> in /home/jatinbha/sandboxes/jdk-reviews/jdk/build/linux-x86_64-server-slowdebug/images/jdk/lib/server/libjvm.so at 0x00007f369a092000
stack at sp + 6 slots: 0x00007f36983d0728 is pointing into the stack for thread: 0x00007f36942059e0
stack at sp + 7 slots: 0x00007f36983d07c8 is pointing into the stack for thread: 0x00007f36942059e0

Lock stack of current Java thread (top to bottom):


---------------  P R O C E S S  ---------------

uid  : 1000 euid : 1000 gid  : 1000 egid : 1000

umask: 0002 (-------w-)

Threads class SMR info:
_java_thread_list=0x00007f36942a4900, length=10, elements={
0x00007f3694020630, 0x00007f36941fd730, 0x00007f36941feaf0, 0x00007f36942002e0,
0x00007f3694201a70, 0x00007f3694203160, 0x00007f36942059e0, 0x00007f369420f910,
0x00007f369429e7b0, 0x00007f36942a4940
}
_java_thread_list_alloc_cnt=11, _java_thread_list_free_cnt=9, _java_thread_list_max=10, _nested_thread_list_max=0
_tlh_cnt=2998, _tlh_times=3497, avg_tlh_time=1.17, _tlh_time_max=2953
_delete_lock_wait_cnt=0, _delete_lock_wait_max=0
_to_delete_list_cnt=0, _to_delete_list_max=1

Java Threads: ( => current thread )
  0x00007f3694020630 JavaThread "main"                              [_thread_blocked, id=1542675, stack(0x00007f3699e38000,0x00007f3699f39000) (1028K)]
  0x00007f36941fd730 JavaThread "Reference Handler"          daemon [_thread_blocked, id=1542708, stack(0x00007f3698fa1000,0x00007f36990a1000) (1024K)]
  0x00007f36941feaf0 JavaThread "Finalizer"                  daemon [_thread_blocked, id=1542709, stack(0x00007f36990a2000,0x00007f36991a2000) (1024K)]
  0x00007f36942002e0 JavaThread "Signal Dispatcher"          daemon [_thread_blocked, id=1542710, stack(0x00007f3698b9d000,0x00007f3698c9d000) (1024K)]
  0x00007f3694201a70 JavaThread "Service Thread"             daemon [_thread_blocked, id=1542711, stack(0x00007f3698c9e000,0x00007f3698d9e000) (1024K)]
  0x00007f3694203160 JavaThread "Monitor Deflation Thread"   daemon [_thread_blocked, id=1542712, stack(0x00007f36983d5000,0x00007f36984d6000) (1028K)]
=>0x00007f36942059e0 JavaThread "C2 CompilerThread0"         daemon [_thread_in_native, id=1542713, stack(0x00007f36982d4000,0x00007f36983d5000) (1028K)]
  0x00007f369420f910 JavaThread "C1 CompilerThread0"         daemon [_thread_blocked, id=1542714, stack(0x00007f36981d3000,0x00007f36982d4000) (1028K)]
  0x00007f369429e7b0 JavaThread "Notification Thread"        daemon [_thread_blocked, id=1542715, stack(0x00007f367c472000,0x00007f367c573000) (1028K)]
  0x00007f36942a4940 JavaThread "Common-Cleaner"             daemon [_thread_blocked, id=1542716, stack(0x00007f367c371000,0x00007f367c472000) (1028K)]
Total: 10

Other Threads:
  0x00007f36941c6a00 VMThread "VM Thread"                           [id=1542707, stack(0x00007f3698ea0000,0x00007f3698fa0000) (1024K)]
  0x00007f3694109b40 WatcherThread "VM Periodic Task Thread"        [id=1542706, stack(0x00007f3698d9f000,0x00007f3698e9f000) (1024K)]
  0x00007f36940f93a0 ConcurrentGCThread "ZDirector"                 [id=1542697, stack(0x00007f36993d9000,0x00007f36994d9000) (1024K)]
  0x00007f36940f7b70 ConcurrentGCThread "ZDriverMajor"              [id=1542696, stack(0x00007f36994da000,0x00007f36995da000) (1024K)]
  0x00007f36940f6340 ConcurrentGCThread "ZDriverMinor"              [id=1542695, stack(0x00007f36995db000,0x00007f36996db000) (1024K)]
  0x00007f36940fa860 ConcurrentGCThread "ZStat"                     [id=1542698, stack(0x00007f36992d8000,0x00007f36993d8000) (1024K)]
  0x00007f36940ec258 ConcurrentGCThread "ZUncommitter#0"            [id=1542691, stack(0x00007f3699a5b000,0x00007f3699b5b000) (1024K)]
  0x00007f36940ed258 ConcurrentGCThread "ZUncommitter#1"            [id=1542692, stack(0x00007f369995a000,0x00007f3699a5a000) (1024K)]
  0x00007f36940f4b20 WorkerThread "ZWorkerYoung#0"                  [id=1542694, stack(0x00007f36996dc000,0x00007f36997dc000) (1024K)]
  0x00007f36940f3990 WorkerThread "ZWorkerOld#0"                    [id=1542693, stack(0x00007f36997de000,0x00007f36998de000) (1024K)]
  0x00007f36940fbe10 WorkerThread "RuntimeWorker#0"                 [id=1542699, stack(0x00007f36991d7000,0x00007f36992d7000) (1024K)]
Total: 11

Threads with active compile tasks:
C2 CompilerThread0  289187    4       4       test_barriers::micro (8 bytes)
Total: 1

VM state: not at safepoint (normal execution)

VM Mutex/Monitor currently owned by a thread: None

CDS archive(s) mapped at: [0x00007f3616000000-0x00007f3616ddf000-0x00007f3616ddf000), size 14544896, SharedBaseAddress: 0x00007f3616000000, ArchiveRelocationMode: 1.
Compressed class space mapped at: 0x00007f3617000000-0x00007f3657000000, reserved size: 1073741824
UseCompressedClassPointers 1, UseCompactObjectHeaders 0
Narrow klass pointer bits 32, Max shift 3
Narrow klass base: 0x00007f3616000000, Narrow klass shift: 0
Encoding Range: [0x00007f3616000000 - 0x00007f3716000000), (4294967296 bytes)
Klass Range:    [0x00007f3616001000 - 0x00007f3657000000), (1090514944 bytes)
Klass ID Range:  [4096 - 1090519033) (1090514937)
Protection zone: [0x00007f3616000000 - 0x00007f3616001000), (4096 bytes)

GC Precious Log:
 NUMA Support: Enabled
 NUMA Nodes: 2
 CPUs: 112 total, 112 available
 Memory: 772718M
 Large Page Support: Disabled
 Address Space Size: unlimited
 Reserved Space: limit 4096G, desired 320M, requested 320M
 Reserved Space Type: Contiguous/Unrestricted/Complete
 Reserved Space Size: 320M
 Heap Backing File: /memfd:java_heap
 Heap Backing Filesystem: tmpfs (0x1021994)
 Min Capacity: 10M
 Initial Capacity: 10M
 Max Capacity: 10M
 Soft Max Capacity: 10M
 Medium Page Size: N/A
 Pre-touch: Disabled
 Available space on backing filesystem: N/A
 Uncommit: Implicitly Disabled (-Xms equals -Xmx)
 GC Workers for Old Generation: 1 (dynamic)
 GC Workers for Young Generation: 1 (dynamic)
 GC Workers Max: 1 (dynamic)
 Runtime Workers: 1

Heap:
 ZHeap           used 6M, capacity 10M, max capacity 10M
  Partition 0    used 4M, capacity 6M, max capacity 6M
   Cache         2M (1)
    size classes 2M (1)
  Partition 1    used 2M, capacity 4M, max capacity 4M
   Cache         2M (1)
    size classes 2M (1)
 Metaspace       used 93K, committed 320K, reserved 1114112K
  class space    used 3K, committed 128K, reserved 1048576K

ZGC Globals:
 Young Collection:   Mark/130
 Old Collection:     Relocate/7
 Offset Max:         320M (0x0000000014000000)
 Page Size Small:    2M
 Page Size Medium:   0M

ZGC Metadata Bits:
 LoadGood:           0x0000000000001000
 LoadBad:            0x000000000000e000
 MarkGood:           0x0000000000001600
 MarkBad:            0x000000000000e9c0
 StoreGood:          0x0000000000001620
 StoreBad:           0x000000000000e9d0
 ------------------- 
 Remapped:           0x0000000000001000
 RemappedYoung:      0x0000000000005000
 RemappedOld:        0x0000000000003000
 MarkedYoung:        0x0000000000000200
 MarkedOld:          0x0000000000000400
 Remembered:         0x0000000000000020

ZGC Page Table:
 Small   0x0000000000000000 0x00000000000a1d20 0x0000000000200000 O/6     Relocatable
 Small   0x0000000000200000 0x0000000000233340 0x0000000000400000 Y/129   Relocatable
 Small   0x0000000000400000 0x0000000000433340 0x0000000000600000 Y/130   Allocating
 Small   0x0000000005000000 0x0000000005033348 0x0000000005200000 Y/129   Relocatable

ZMappedCache:
 Partition 0
 Partition 1
  0x0000000005200000 0x0000000005400000 2M

Polling page: 0x00007f369d0d6000

Metaspace:

Usage:
  Non-class:     90.06 KB used.
      Class:      3.82 KB used.
       Both:     93.88 KB used.

Virtual space:
  Non-class space:       64.00 MB reserved,     192.00 KB ( <1%) committed,  1 nodes.
      Class space:        1.00 GB reserved,     128.00 KB ( <1%) committed,  1 nodes.
             Both:        1.06 GB reserved,     320.00 KB ( <1%) committed. 

Chunk freelists:
   Non-Class:  11.99 MB
       Class:  15.75 MB
        Both:  27.74 MB

MaxMetaspaceSize: unlimited
CompressedClassSpaceSize: 1.00 GB
Initial GC threshold: 21.00 MB
Current GC threshold: 21.00 MB
CDS: on
 - commit_granule_bytes: 65536.
 - commit_granule_words: 8192.
 - virtual_space_node_default_size: 8388608.
 - enlarge_chunks_in_place: 1.
UseCompressedClassPointers 1, UseCompactObjectHeaders 0
Narrow klass pointer bits 32, Max shift 3
Narrow klass base: 0x00007f3616000000, Narrow klass shift: 0
Encoding Range: [0x00007f3616000000 - 0x00007f3716000000), (4294967296 bytes)
Klass Range:    [0x00007f3616001000 - 0x00007f3657000000), (1090514944 bytes)
Klass ID Range:  [4096 - 1090519033) (1090514937)
Protection zone: [0x00007f3616000000 - 0x00007f3616001000), (4096 bytes)


Internal statistics:

num_allocs: 1481.
num_deallocs: 0.
num_allocs_from_deallocated_blocks: 0.
num_chunks_retired: 0.
num_allocs_failed_limit: 0.
num_arena_births: 4.
num_arena_deaths: 0.
num_vsnodes_births: 2.
num_vsnodes_deaths: 0.
num_space_committed: 5.
num_space_uncommitted: 0.
num_chunks_returned_to_freelist: 0.
num_chunks_taken_from_freelist: 4.
num_chunk_merges: 0.
num_chunk_splits: 4.
num_chunks_enlarged: 2.
num_inconsistent_stats: 0.

CodeHeap 'non-profiled nmethods': size=118596Kb used=1Kb max_used=1Kb free=118594Kb
 bounds [0x00007f36841a2000, 0x00007f3684412000, 0x00007f368b573000]
CodeHeap 'profiled nmethods': size=118588Kb used=0Kb max_used=0Kb free=118587Kb
 bounds [0x00007f367c573000, 0x00007f367c7e3000, 0x00007f3683942000]
CodeHeap 'non-nmethods': size=8576Kb used=1611Kb max_used=1611Kb free=6964Kb
 bounds [0x00007f3683942000, 0x00007f3683bb2000, 0x00007f36841a2000]
CodeCache: size=245760Kb, used=1612Kb, max_used=1612Kb, free=244145Kb
 total_blobs=665, nmethods=3, adapters=573, full_count=0
Compilation: enabled, stopped_count=0, restarted_count=0

Compilation events (3 events):
Event: 173.878 Thread 0x00007f369420f910    3       3       test_barriers::micro (8 bytes)
Event: 269.504 Thread 0x00007f369420f910 nmethod 3 0x00007f367c573008 code [0x00007f367c573100, 0x00007f367c573270]
Event: 271.304 Thread 0x00007f36942059e0    4       4       test_barriers::micro (8 bytes)

GC Heap History (28 events):
Event: 173.194 GC heap before
{Heap before GC invocations=0 (full 0):
 ZHeap           used 2M, capacity 10M, max capacity 10M
  Partition 0    used 2M, capacity 6M, max capacity 6M
   Cache         4M (1)
    size classes 4M (1)
  Partition 1    used 0M, capacity 4M, max capacity 4M
   Cache         4M (1)
    size classes 4M (1)
 Metaspace       used 20K, committed 128K, reserved 1114112K
  class space    used 1K, committed 64K, reserved 1048576K
}
Event: 173.406 GC heap after
{Heap after GC invocations=1 (full 1):
 ZHeap           used 4M, capacity 10M, max capacity 10M
  Partition 0    used 4M, capacity 6M, max capacity 6M
   Cache         2M (1)
    size classes 2M (1)
  Partition 1    used 0M, capacity 4M, max capacity 4M
   Cache         4M (1)
    size classes 4M (1)
 Metaspace       used 31K, committed 128K, reserved 1114112K
  class space    used 1K, committed 64K, reserved 1048576K
}
Event: 173.406 GC heap before
{Heap before GC invocations=1 (full 1):
 ZHeap           used 4M, capacity 10M, max capacity 10M
  Partition 0    used 4M, capacity 6M, max capacity 6M
   Cache         2M (1)
    size classes 2M (1)
  Partition 1    used 0M, capacity 4M, max capacity 4M
   Cache         4M (1)
    size classes 4M (1)
 Metaspace       used 31K, committed 128K, reserved 1114112K
  class space    used 1K, committed 64K, reserved 1048576K
}
Event: 173.460 GC heap after
{Heap after GC invocations=1 (full 1):
 ZHeap           used 4M, capacity 10M, max capacity 10M
  Partition 0    used 4M, capacity 6M, max capacity 6M
   Cache         2M (1)
    size classes 2M (1)
  Partition 1    used 0M, capacity 4M, max capacity 4M
   Cache         4M (1)
    size classes 4M (1)
 Metaspace       used 34K, committed 128K, reserved 1114112K
  class space    used 1K, committed 64K, reserved 1048576K
}
Event: 173.469 GC heap before
{Heap before GC invocations=1 (full 1):
 ZHeap           used 4M, capacity 10M, max capacity 10M
  Partition 0    used 4M, capacity 6M, max capacity 6M
   Cache         2M (1)
    size classes 2M (1)
  Partition 1    used 0M, capacity 4M, max capacity 4M
   Cache         4M (1)
    size classes 4M (1)
 Metaspace       used 36K, committed 128K, reserved 1114112K
  class space    used 1K, committed 64K, reserved 1048576K
}
Event: 173.530 GC heap after
{Heap after GC invocations=2 (full 2):
 ZHeap           used 8M, capacity 10M, max capacity 10M
  Partition 0    used 4M, capacity 6M, max capacity 6M
   Cache         2M (1)
    size classes 2M (1)
  Partition 1    used 4M, capacity 4M, max capacity 4M
   Cache         0M (0)
 Metaspace       used 47K, committed 128K, reserved 1114112K
  class space    used 1K, committed 64K, reserved 1048576K
}
Event: 173.530 GC heap before
{Heap before GC invocations=2 (full 2):
 ZHeap           used 8M, capacity 10M, max capacity 10M
  Partition 0    used 4M, capacity 6M, max capacity 6M
   Cache         2M (1)
    size classes 2M (1)
  Partition 1    used 4M, capacity 4M, max capacity 4M
   Cache         0M (0)
 Metaspace       used 47K, committed 128K, reserved 1114112K
  class space    used 1K, committed 64K, reserved 1048576K
}
Event: 173.532 GC heap before
{Heap before GC invocations=2 (full 2):
 ZHeap           used 8M, capacity 10M, max capacity 10M
  Partition 0    used 4M, capacity 6M, max capacity 6M
   Cache         2M (1)
    size classes 2M (1)
  Partition 1    used 4M, capacity 4M, max capacity 4M
   Cache         0M (0)
 Metaspace       used 48K, committed 128K, reserved 1114112K
  class space    used 1K, committed 64K, reserved 1048576K
}
Event: 173.575 GC heap after
{Heap after GC invocations=3 (full 2):
 ZHeap           used 10M, capacity 10M, max capacity 10M
  Partition 0    used 6M, capacity 6M, max capacity 6M
   Cache         0M (0)
  Partition 1    used 4M, capacity 4M, max capacity 4M
   Cache         0M (0)
 Metaspace       used 67K, committed 192K, reserved 1114112K
  class space    used 1K, committed 64K, reserved 1048576K
}
Event: 173.579 GC heap before
{Heap before GC invocations=3 (full 2):
 ZHeap           used 10M, capacity 10M, max capacity 10M
  Partition 0    used 6M, capacity 6M, max capacity 6M
   Cache         0M (0)
  Partition 1    used 4M, capacity 4M, max capacity 4M
   Cache         0M (0)
 Metaspace       used 67K, committed 192K, reserved 1114112K
  class space    used 1K, committed 64K, reserved 1048576K
}
Event: 173.645 GC heap after
{Heap after GC invocations=4 (full 2):
 ZHeap           used 10M, capacity 10M, max capacity 10M
  Partition 0    used 6M, capacity 6M, max capacity 6M
   Cache         0M (0)
  Partition 1    used 4M, capacity 4M, max capacity 4M
   Cache         0M (0)
 Metaspace       used 67K, committed 192K, reserved 1114112K
  class space    used 1K, committed 64K, reserved 1048576K
}
Event: 173.645 GC heap before
{Heap before GC invocations=4 (full 2):
 ZHeap           used 10M, capacity 10M, max capacity 10M
  Partition 0    used 6M, capacity 6M, max capacity 6M
   Cache         0M (0)
  Partition 1    used 4M, capacity 4M, max capacity 4M
   Cache         0M (0)
 Metaspace       used 67K, committed 192K, reserved 1114112K
  class space    used 1K, committed 64K, reserved 1048576K
}
Event: 173.703 GC heap after
{Heap after GC invocations=5 (full 2):
 ZHeap           used 10M, capacity 10M, max capacity 10M
  Partition 0    used 6M, capacity 6M, max capacity 6M
   Cache         0M (0)
  Partition 1    used 4M, capacity 4M, max capacity 4M
   Cache         0M (0)
 Metaspace       used 67K, committed 192K, reserved 1114112K
  class space    used 1K, committed 64K, reserved 1048576K
}
Event: 173.711 GC heap before
{Heap before GC invocations=5 (full 2):
 ZHeap           used 10M, capacity 10M, max capacity 10M
  Partition 0    used 6M, capacity 6M, max capacity 6M
   Cache         0M (0)
  Partition 1    used 4M, capacity 4M, max capacity 4M
   Cache         0M (0)
 Metaspace       used 67K, committed 192K, reserved 1114112K
  class space    used 1K, committed 64K, reserved 1048576K
}
Event: 173.742 GC heap after
{Heap after GC invocations=6 (full 2):
 ZHeap           used 10M, capacity 10M, max capacity 10M
  Partition 0    used 6M, capacity 6M, max capacity 6M
   Cache         0M (0)
  Partition 1    used 4M, capacity 4M, max capacity 4M
   Cache         0M (0)
 Metaspace       used 67K, committed 192K, reserved 1114112K
  class space    used 1K, committed 64K, reserved 1048576K
}
Event: 173.742 GC heap after
{Heap after GC invocations=6 (full 2):
 ZHeap           used 10M, capacity 10M, max capacity 10M
  Partition 0    used 6M, capacity 6M, max capacity 6M
   Cache         0M (0)
  Partition 1    used 4M, capacity 4M, max capacity 4M
   Cache         0M (0)
 Metaspace       used 67K, committed 192K, reserved 1114112K
  class space    used 1K, committed 64K, reserved 1048576K
}
Event: 173.742 GC heap before
{Heap before GC invocations=6 (full 2):
 ZHeap           used 10M, capacity 10M, max capacity 10M
  Partition 0    used 6M, capacity 6M, max capacity 6M
   Cache         0M (0)
  Partition 1    used 4M, capacity 4M, max capacity 4M
   Cache         0M (0)
 Metaspace       used 67K, committed 192K, reserved 1114112K
  class space    used 1K, committed 64K, reserved 1048576K
}
Event: 173.748 GC heap after
{Heap after GC invocations=7 (full 2):
 ZHeap           used 10M, capacity 10M, max capacity 10M
  Partition 0    used 6M, capacity 6M, max capacity 6M
   Cache         0M (0)
  Partition 1    used 4M, capacity 4M, max capacity 4M
   Cache         0M (0)
 Metaspace       used 67K, committed 192K, reserved 1114112K
  class space    used 1K, committed 64K, reserved 1048576K
}
Event: 173.748 GC heap before
{Heap before GC invocations=7 (full 2):
 ZHeap           used 10M, capacity 10M, max capacity 10M
  Partition 0    used 6M, capacity 6M, max capacity 6M
   Cache         0M (0)
  Partition 1    used 4M, capacity 4M, max capacity 4M
   Cache         0M (0)
 Metaspace       used 67K, committed 192K, reserved 1114112K
  class space    used 1K, committed 64K, reserved 1048576K
}
Event: 173.753 GC heap after
{Heap after GC invocations=8 (full 3):
 ZHeap           used 10M, capacity 10M, max capacity 10M
  Partition 0    used 6M, capacity 6M, max capacity 6M
   Cache         0M (0)
  Partition 1    used 4M, capacity 4M, max capacity 4M
   Cache         0M (0)
 Metaspace       used 67K, committed 192K, reserved 1114112K
  class space    used 1K, committed 64K, reserved 1048576K
}
Event: 173.753 GC heap before
{Heap before GC invocations=8 (full 3):
 ZHeap           used 10M, capacity 10M, max capacity 10M
  Partition 0    used 6M, capacity 6M, max capacity 6M
   Cache         0M (0)
  Partition 1    used 4M, capacity 4M, max capacity 4M
   Cache         0M (0)
 Metaspace       used 67K, committed 192K, reserved 1114112K
  class space    used 1K, committed 64K, reserved 1048576K
}
Event: 173.844 GC heap before
{Heap before GC invocations=8 (full 3):
 ZHeap           used 8M, capacity 10M, max capacity 10M
  Partition 0    used 4M, capacity 6M, max capacity 6M
   Cache         2M (1)
    size classes 2M (1)
  Partition 1    used 4M, capacity 4M, max capacity 4M
   Cache         0M (0)
 Metaspace       used 67K, committed 192K, reserved 1114112K
  class space    used 1K, committed 64K, reserved 1048576K
}
Event: 173.866 GC heap after
{Heap after GC invocations=9 (full 3):
 ZHeap           used 8M, capacity 10M, max capacity 10M
  Partition 0    used 4M, capacity 6M, max capacity 6M
   Cache         2M (1)
    size classes 2M (1)
  Partition 1    used 4M, capacity 4M, max capacity 4M
   Cache         0M (0)
 Metaspace       used 80K, committed 192K, reserved 1114112K
  class space    used 2K, committed 64K, reserved 1048576K
}
Event: 173.866 GC heap after
{Heap after GC invocations=9 (full 3):
 ZHeap           used 8M, capacity 10M, max capacity 10M
  Partition 0    used 4M, capacity 6M, max capacity 6M
   Cache         2M (1)
    size classes 2M (1)
  Partition 1    used 4M, capacity 4M, max capacity 4M
   Cache         0M (0)
 Metaspace       used 80K, committed 192K, reserved 1114112K
  class space    used 2K, committed 64K, reserved 1048576K
}
Event: 173.876 GC heap before
{Heap before GC invocations=9 (full 3):
 ZHeap           used 8M, capacity 10M, max capacity 10M
  Partition 0    used 4M, capacity 6M, max capacity 6M
   Cache         2M (1)
    size classes 2M (1)
  Partition 1    used 4M, capacity 4M, max capacity 4M
   Cache         0M (0)
 Metaspace       used 89K, committed 320K, reserved 1114112K
  class space    used 3K, committed 128K, reserved 1048576K
}
Event: 282.574 GC heap after
{Heap after GC invocations=10 (full 4):
 ZHeap           used 10M, capacity 10M, max capacity 10M
  Partition 0    used 6M, capacity 6M, max capacity 6M
   Cache         0M (0)
  Partition 1    used 4M, capacity 4M, max capacity 4M
   Cache         0M (0)
 Metaspace       used 93K, committed 320K, reserved 1114112K
  class space    used 3K, committed 128K, reserved 1048576K
}
Event: 282.574 GC heap before
{Heap before GC invocations=10 (full 4):
 ZHeap           used 10M, capacity 10M, max capacity 10M
  Partition 0    used 6M, capacity 6M, max capacity 6M
   Cache         0M (0)
  Partition 1    used 4M, capacity 4M, max capacity 4M
   Cache         0M (0)
 Metaspace       used 93K, committed 320K, reserved 1114112K
  class space    used 3K, committed 128K, reserved 1048576K
}
Event: 283.929 GC heap before
{Heap before GC invocations=10 (full 4):
 ZHeap           used 10M, capacity 10M, max capacity 10M
  Partition 0    used 6M, capacity 6M, max capacity 6M
   Cache         0M (0)
  Partition 1    used 4M, capacity 4M, max capacity 4M
   Cache         0M (0)
 Metaspace       used 93K, committed 320K, reserved 1114112K
  class space    used 3K, committed 128K, reserved 1048576K
}

Dll operation events (2 events):
Event: 172.075 Loaded shared library /home/jatinbha/sandboxes/jdk-reviews/jdk/build/linux-x86_64-server-slowdebug/images/jdk/lib/libjava.so
Event: 173.340 Loaded shared library /home/jatinbha/sandboxes/jdk-reviews/jdk/build/linux-x86_64-server-slowdebug/images/jdk/lib/libsimdsort.so

Deoptimization events (0 events):
No events

Classes loaded (6 events):
Event: 173.855 Loading class jdk/internal/vm/PostVMInitHook
Event: 173.855 Loading class jdk/internal/vm/PostVMInitHook done
Event: 173.859 Loading class jdk/internal/loader/URLClassPath$FileLoader
Event: 173.859 Loading class jdk/internal/loader/URLClassPath$FileLoader done
Event: 173.861 Loading class jdk/internal/loader/URLClassPath$FileLoader$1
Event: 173.862 Loading class jdk/internal/loader/URLClassPath$FileLoader$1 done

Classes unloaded (0 events):
No events

Classes redefined (0 events):
No events

Internal exceptions (0 events):
No events

ZGC Phase Switch (41 events):
Event: 173.195 Young Mark Start         2
Event: 173.195 Old Mark Start           2
Event: 173.390 Young Mark End           2
Event: 173.406 Young Relocate Start     2
Event: 173.423 Old Mark End             2
Event: 173.459 Old Relocate Start       2
Event: 173.469 Young Mark Start         3
Event: 173.469 Old Mark Start           3
Event: 173.505 Young Mark End           3
Event: 173.512 Young Relocate Start     3
Event: 173.533 Old Mark End             3
Event: 173.535 Young Mark Start         4
Event: 173.566 Young Mark End           4
Event: 173.567 Young Relocate Start     4
Event: 173.579 Young Mark Start         5
Event: 173.621 Young Mark End           5
Event: 173.625 Young Relocate Start     5
Event: 173.646 Young Mark Start         6
Event: 173.679 Young Mark End           6
Event: 173.684 Young Relocate Start     6
Event: 173.711 Old Relocate Start       3
Event: 173.712 Young Mark Start         7
Event: 173.730 Young Mark End           7
Event: 173.735 Young Relocate Start     7
Event: 173.743 Young Mark Start         8
Event: 173.747 Young Mark End           8
Event: 173.748 Young Relocate Start     8
Event: 173.749 Young Mark Start         9
Event: 173.749 Old Mark Start           4
Event: 173.752 Young Mark End           9
Event: 173.753 Young Relocate Start     9
Event: 173.804 Old Mark End             4
Event: 173.812 Old Relocate Start       4
Event: 173.857 Young Mark Start        10
Event: 173.865 Young Mark End          10
Event: 173.866 Young Relocate Start    10
Event: 173.877 Young Mark Start        11
Event: 173.877 Old Mark Start           5
Event: 271.308 Young Mark End          11
Event: 273.852 Young Relocate Start    11
Event: 283.930 Young Mark Start        12

VM Operations (230 events):
Event: 173.194 Executing safepoint VM operation: ZMarkStartYoungAndOld (Warmup)
Event: 173.195 Executing safepoint VM operation: ZMarkStartYoungAndOld (Warmup) done
Event: 173.206 Executing non-safepoint VM operation: HandshakeAllThreads (ZMarkFlushStacks)
Event: 173.372 Executing non-safepoint VM operation: HandshakeAllThreads (ZMarkFlushStacks) done
Event: 173.372 Executing non-safepoint VM operation: ZMarkFlushOperation
Event: 173.372 Executing non-safepoint VM operation: ZMarkFlushOperation done
Event: 173.372 Executing non-safepoint VM operation: HandshakeAllThreads (ZMarkFlushStacks)
Event: 173.372 Executing non-safepoint VM operation: HandshakeAllThreads (ZMarkFlushStacks) done
Event: 173.372 Executing non-safepoint VM operation: ZMarkFlushOperation
Event: 173.372 Executing non-safepoint VM operation: ZMarkFlushOperation done
Event: 173.372 Executing non-safepoint VM operation: HandshakeAllThreads (ZMarkFlushStacks)
Event: 173.372 Executing non-safepoint VM operation: HandshakeAllThreads (ZMarkFlushStacks) done
Event: 173.372 Executing non-safepoint VM operation: ZMarkFlushOperation
Event: 173.372 Executing non-safepoint VM operation: ZMarkFlushOperation done
Event: 173.372 Executing safepoint VM operation: ZMarkEndYoung (Warmup)
Event: 173.390 Executing safepoint VM operation: ZMarkEndYoung (Warmup) done
Event: 173.390 Executing safepoint VM operation: ZRelocateStartYoung (Warmup)
Event: 173.406 Executing safepoint VM operation: ZRelocateStartYoung (Warmup) done
Event: 173.407 Executing non-safepoint VM operation: HandshakeAllThreads (ZMarkFlushStacks)
Event: 173.407 Executing non-safepoint VM operation: HandshakeAllThreads (ZMarkFlushStacks) done
Event: 173.407 Executing non-safepoint VM operation: ZMarkFlushOperation
Event: 173.407 Executing non-safepoint VM operation: ZMarkFlushOperation done
Event: 173.407 Executing non-safepoint VM operation: HandshakeAllThreads (ZMarkFlushStacks)
Event: 173.407 Executing non-safepoint VM operation: HandshakeAllThreads (ZMarkFlushStacks) done
Event: 173.407 Executing non-safepoint VM operation: ZMarkFlushOperation
Event: 173.407 Executing non-safepoint VM operation: ZMarkFlushOperation done
Event: 173.407 Executing safepoint VM operation: ZMarkEndOld (Warmup)
Event: 173.423 Executing safepoint VM operation: ZMarkEndOld (Warmup) done
Event: 173.424 Executing non-safepoint VM operation: HandshakeAllThreads (ZRendezvous)
Event: 173.424 Executing non-safepoint VM operation: HandshakeAllThreads (ZRendezvous) done
Event: 173.424 Executing non-safepoint VM operation: ZRendezvousGCThreads
Event: 173.424 Executing non-safepoint VM operation: ZRendezvousGCThreads done
Event: 173.424 Executing safepoint VM operation: ZVerifyOld
Event: 173.440 Executing safepoint VM operation: ZVerifyOld done
Event: 173.443 Executing safepoint VM operation: ZRelocateStartOld (Warmup)
Event: 173.459 Executing safepoint VM operation: ZRelocateStartOld (Warmup) done
Event: 173.469 Executing safepoint VM operation: ZMarkStartYoungAndOld (Warmup)
Event: 173.469 Executing safepoint VM operation: ZMarkStartYoungAndOld (Warmup) done
Event: 173.500 Executing non-safepoint VM operation: HandshakeAllThreads (ZMarkFlushStacks)
Event: 173.500 Executing non-safepoint VM operation: HandshakeAllThreads (ZMarkFlushStacks) done
Event: 173.500 Executing non-safepoint VM operation: ZMarkFlushOperation
Event: 173.500 Executing non-safepoint VM operation: ZMarkFlushOperation done
Event: 173.504 Executing non-safepoint VM operation: HandshakeAllThreads (ZMarkFlushStacks)
Event: 173.504 Executing non-safepoint VM operation: HandshakeAllThreads (ZMarkFlushStacks) done
Event: 173.504 Executing non-safepoint VM operation: ZMarkFlushOperation
Event: 173.504 Executing non-safepoint VM operation: ZMarkFlushOperation done
Event: 173.504 Executing non-safepoint VM operation: HandshakeAllThreads (ZMarkFlushStacks)
Event: 173.504 Executing non-safepoint VM operation: HandshakeAllThreads (ZMarkFlushStacks) done
Event: 173.504 Executing non-safepoint VM operation: ZMarkFlushOperation
Event: 173.504 Executing non-safepoint VM operation: ZMarkFlushOperation done
Event: 173.504 Executing safepoint VM operation: ZMarkEndYoung (Warmup)
Event: 173.505 Executing safepoint VM operation: ZMarkEndYoung (Warmup) done
Event: 173.510 Executing safepoint VM operation: ZRelocateStartYoung (Warmup)
Event: 173.512 Executing safepoint VM operation: ZRelocateStartYoung (Warmup) done
Event: 173.530 Executing non-safepoint VM operation: HandshakeAllThreads (ZMarkFlushStacks)
Event: 173.530 Executing non-safepoint VM operation: HandshakeAllThreads (ZMarkFlushStacks) done
Event: 173.530 Executing non-safepoint VM operation: ZMarkFlushOperation
Event: 173.530 Executing non-safepoint VM operation: ZMarkFlushOperation done
Event: 173.530 Executing non-safepoint VM operation: HandshakeAllThreads (ZMarkFlushStacks)
Event: 173.530 Executing non-safepoint VM operation: HandshakeAllThreads (ZMarkFlushStacks) done
Event: 173.530 Executing non-safepoint VM operation: ZMarkFlushOperation
Event: 173.530 Executing non-safepoint VM operation: ZMarkFlushOperation done
Event: 173.530 Executing safepoint VM operation: ZMarkEndOld (Warmup)
Event: 173.534 Executing safepoint VM operation: ZMarkEndOld (Warmup) done
Event: 173.534 Executing safepoint VM operation: ZMarkStartYoung (Allocation Rate)
Event: 173.535 Executing safepoint VM operation: ZMarkStartYoung (Allocation Rate) done
Event: 173.538 Executing non-safepoint VM operation: HandshakeAllThreads (ZRendezvous)
Event: 173.538 Executing non-safepoint VM operation: HandshakeAllThreads (ZRendezvous) done
Event: 173.538 Executing non-safepoint VM operation: ZRendezvousGCThreads
Event: 173.538 Executing non-safepoint VM operation: ZRendezvousGCThreads done
Event: 173.554 Executing non-safepoint VM operation: HandshakeAllThreads (ZMarkFlushStacks)
Event: 173.554 Executing non-safepoint VM operation: HandshakeAllThreads (ZMarkFlushStacks) done
Event: 173.554 Executing non-safepoint VM operation: ZMarkFlushOperation
Event: 173.554 Executing non-safepoint VM operation: ZMarkFlushOperation done
Event: 173.562 Executing non-safepoint VM operation: HandshakeAllThreads (ZMarkFlushStacks)
Event: 173.562 Executing non-safepoint VM operation: HandshakeAllThreads (ZMarkFlushStacks) done
Event: 173.562 Executing non-safepoint VM operation: ZMarkFlushOperation
Event: 173.562 Executing non-safepoint VM operation: ZMarkFlushOperation done
Event: 173.562 Executing non-safepoint VM operation: HandshakeAllThreads (ZMarkFlushStacks)
Event: 173.562 Executing non-safepoint VM operation: HandshakeAllThreads (ZMarkFlushStacks) done
Event: 173.562 Executing non-safepoint VM operation: ZMarkFlushOperation
Event: 173.562 Executing non-safepoint VM operation: ZMarkFlushOperation done
Event: 173.562 Executing safepoint VM operation: ZMarkEndYoung (Allocation Rate)
Event: 173.565 Executing safepoint VM operation: ZMarkEndYoung (Allocation Rate) done
Event: 173.565 Executing non-safepoint VM operation: HandshakeAllThreads (ZMarkFlushStacks)
Event: 173.565 Executing non-safepoint VM operation: HandshakeAllThreads (ZMarkFlushStacks) done
Event: 173.565 Executing non-safepoint VM operation: ZMarkFlushOperation
Event: 173.565 Executing non-safepoint VM operation: ZMarkFlushOperation done
Event: 173.566 Executing non-safepoint VM operation: HandshakeAllThreads (ZMarkFlushStacks)
Event: 173.566 Executing non-safepoint VM operation: HandshakeAllThreads (ZMarkFlushStacks) done
Event: 173.566 Executing non-safepoint VM operation: ZMarkFlushOperation
Event: 173.566 Executing non-safepoint VM operation: ZMarkFlushOperation done
Event: 173.566 Executing safepoint VM operation: ZMarkEndYoung (Allocation Rate)
Event: 173.566 Executing safepoint VM operation: ZMarkEndYoung (Allocation Rate) done
Event: 173.567 Executing safepoint VM operation: ZRelocateStartYoung (Allocation Rate)
Event: 173.567 Executing safepoint VM operation: ZRelocateStartYoung (Allocation Rate) done
Event: 173.575 Executing safepoint VM operation: ZVerifyOld
Event: 173.578 Executing safepoint VM operation: ZVerifyOld done
Event: 173.579 Executing safepoint VM operation: ZMarkStartYoung (Allocation Rate)
Event: 173.579 Executing safepoint VM operation: ZMarkStartYoung (Allocation Rate) done
Event: 173.619 Executing non-safepoint VM operation: HandshakeAllThreads (ZMarkFlushStacks)
Event: 173.619 Executing non-safepoint VM operation: HandshakeAllThreads (ZMarkFlushStacks) done
Event: 173.619 Executing non-safepoint VM operation: ZMarkFlushOperation
Event: 173.619 Executing non-safepoint VM operation: ZMarkFlushOperation done
Event: 173.620 Executing non-safepoint VM operation: HandshakeAllThreads (ZMarkFlushStacks)
Event: 173.620 Executing non-safepoint VM operation: HandshakeAllThreads (ZMarkFlushStacks) done
Event: 173.620 Executing non-safepoint VM operation: ZMarkFlushOperation
Event: 173.620 Executing non-safepoint VM operation: ZMarkFlushOperation done
Event: 173.620 Executing non-safepoint VM operation: HandshakeAllThreads (ZMarkFlushStacks)
Event: 173.620 Executing non-safepoint VM operation: HandshakeAllThreads (ZMarkFlushStacks) done
Event: 173.620 Executing non-safepoint VM operation: ZMarkFlushOperation
Event: 173.620 Executing non-safepoint VM operation: ZMarkFlushOperation done
Event: 173.620 Executing safepoint VM operation: ZMarkEndYoung (Allocation Rate)
Event: 173.621 Executing safepoint VM operation: ZMarkEndYoung (Allocation Rate) done
Event: 173.624 Executing safepoint VM operation: ZRelocateStartYoung (Allocation Rate)
Event: 173.625 Executing safepoint VM operation: ZRelocateStartYoung (Allocation Rate) done
Event: 173.645 Executing safepoint VM operation: ZMarkStartYoung (Allocation Stall)
Event: 173.646 Executing safepoint VM operation: ZMarkStartYoung (Allocation Stall) done
Event: 173.678 Executing non-safepoint VM operation: HandshakeAllThreads (ZMarkFlushStacks)
Event: 173.678 Executing non-safepoint VM operation: HandshakeAllThreads (ZMarkFlushStacks) done
Event: 173.678 Executing non-safepoint VM operation: ZMarkFlushOperation
Event: 173.678 Executing non-safepoint VM operation: ZMarkFlushOperation done
Event: 173.678 Executing non-safepoint VM operation: HandshakeAllThreads (ZMarkFlushStacks)
Event: 173.679 Executing non-safepoint VM operation: HandshakeAllThreads (ZMarkFlushStacks) done
Event: 173.679 Executing non-safepoint VM operation: ZMarkFlushOperation
Event: 173.679 Executing non-safepoint VM operation: ZMarkFlushOperation done
Event: 173.679 Executing safepoint VM operation: ZMarkEndYoung (Allocation Stall)
Event: 173.679 Executing safepoint VM operation: ZMarkEndYoung (Allocation Stall) done
Event: 173.684 Executing safepoint VM operation: ZRelocateStartYoung (Allocation Stall)
Event: 173.684 Executing safepoint VM operation: ZRelocateStartYoung (Allocation Stall) done
Event: 173.711 Executing safepoint VM operation: ZRelocateStartOld (Warmup)
Event: 173.711 Executing safepoint VM operation: ZRelocateStartOld (Warmup) done
Event: 173.711 Executing safepoint VM operation: ZMarkStartYoung (High Usage)
Event: 173.712 Executing safepoint VM operation: ZMarkStartYoung (High Usage) done
Event: 173.729 Executing non-safepoint VM operation: HandshakeAllThreads (ZMarkFlushStacks)
Event: 173.730 Executing non-safepoint VM operation: HandshakeAllThreads (ZMarkFlushStacks) done
Event: 173.730 Executing non-safepoint VM operation: ZMarkFlushOperation
Event: 173.730 Executing non-safepoint VM operation: ZMarkFlushOperation done
Event: 173.730 Executing non-safepoint VM operation: HandshakeAllThreads (ZMarkFlushStacks)
Event: 173.730 Executing non-safepoint VM operation: HandshakeAllThreads (ZMarkFlushStacks) done
Event: 173.730 Executing non-safepoint VM operation: ZMarkFlushOperation
Event: 173.730 Executing non-safepoint VM operation: ZMarkFlushOperation done
Event: 173.730 Executing safepoint VM operation: ZMarkEndYoung (High Usage)
Event: 173.730 Executing safepoint VM operation: ZMarkEndYoung (High Usage) done
Event: 173.735 Executing safepoint VM operation: ZRelocateStartYoung (High Usage)
Event: 173.735 Executing safepoint VM operation: ZRelocateStartYoung (High Usage) done
Event: 173.742 Executing safepoint VM operation: ZMarkStartYoung (Allocation Stall)
Event: 173.743 Executing safepoint VM operation: ZMarkStartYoung (Allocation Stall) done
Event: 173.746 Executing non-safepoint VM operation: HandshakeAllThreads (ZMarkFlushStacks)
Event: 173.746 Executing non-safepoint VM operation: HandshakeAllThreads (ZMarkFlushStacks) done
Event: 173.746 Executing non-safepoint VM operation: ZMarkFlushOperation
Event: 173.746 Executing non-safepoint VM operation: ZMarkFlushOperation done
Event: 173.746 Executing non-safepoint VM operation: HandshakeAllThreads (ZMarkFlushStacks)
Event: 173.746 Executing non-safepoint VM operation: HandshakeAllThreads (ZMarkFlushStacks) done
Event: 173.746 Executing non-safepoint VM operation: ZMarkFlushOperation
Event: 173.746 Executing non-safepoint VM operation: ZMarkFlushOperation done
Event: 173.746 Executing safepoint VM operation: ZMarkEndYoung (Allocation Stall)
Event: 173.747 Executing safepoint VM operation: ZMarkEndYoung (Allocation Stall) done
Event: 173.747 Executing safepoint VM operation: ZRelocateStartYoung (Allocation Stall)
Event: 173.748 Executing safepoint VM operation: ZRelocateStartYoung (Allocation Stall) done
Event: 173.748 Executing safepoint VM operation: ZMarkStartYoungAndOld (Allocation Stall)
Event: 173.749 Executing safepoint VM operation: ZMarkStartYoungAndOld (Allocation Stall) done
Event: 173.751 Executing non-safepoint VM operation: HandshakeAllThreads (ZMarkFlushStacks)
Event: 173.751 Executing non-safepoint VM operation: HandshakeAllThreads (ZMarkFlushStacks) done
Event: 173.751 Executing non-safepoint VM operation: ZMarkFlushOperation
Event: 173.751 Executing non-safepoint VM operation: ZMarkFlushOperation done
Event: 173.751 Executing non-safepoint VM operation: HandshakeAllThreads (ZMarkFlushStacks)
Event: 173.751 Executing non-safepoint VM operation: HandshakeAllThreads (ZMarkFlushStacks) done
Event: 173.751 Executing non-safepoint VM operation: ZMarkFlushOperation
Event: 173.751 Executing non-safepoint VM operation: ZMarkFlushOperation done
Event: 173.751 Executing safepoint VM operation: ZMarkEndYoung (Allocation Stall)
Event: 173.752 Executing safepoint VM operation: ZMarkEndYoung (Allocation Stall) done
Event: 173.752 Executing safepoint VM operation: ZRelocateStartYoung (Allocation Stall)
Event: 173.753 Executing safepoint VM operation: ZRelocateStartYoung (Allocation Stall) done
Event: 173.803 Executing non-safepoint VM operation: HandshakeAllThreads (ZMarkFlushStacks)
Event: 173.803 Executing non-safepoint VM operation: HandshakeAllThreads (ZMarkFlushStacks) done
Event: 173.803 Executing non-safepoint VM operation: ZMarkFlushOperation
Event: 173.803 Executing non-safepoint VM operation: ZMarkFlushOperation done
Event: 173.803 Executing non-safepoint VM operation: HandshakeAllThreads (ZMarkFlushStacks)
Event: 173.803 Executing non-safepoint VM operation: HandshakeAllThreads (ZMarkFlushStacks) done
Event: 173.803 Executing non-safepoint VM operation: ZMarkFlushOperation
Event: 173.803 Executing non-safepoint VM operation: ZMarkFlushOperation done
Event: 173.803 Executing safepoint VM operation: ZMarkEndOld (Allocation Stall)
Event: 173.804 Executing safepoint VM operation: ZMarkEndOld (Allocation Stall) done
Event: 173.806 Executing non-safepoint VM operation: HandshakeAllThreads (ZRendezvous)
Event: 173.806 Executing non-safepoint VM operation: HandshakeAllThreads (ZRendezvous) done
Event: 173.806 Executing non-safepoint VM operation: ZRendezvousGCThreads
Event: 173.806 Executing non-safepoint VM operation: ZRendezvousGCThreads done
Event: 173.806 Executing safepoint VM operation: ZVerifyOld
Event: 173.808 Executing safepoint VM operation: ZVerifyOld done
Event: 173.811 Executing safepoint VM operation: ZRelocateStartOld (Allocation Stall)
Event: 173.812 Executing safepoint VM operation: ZRelocateStartOld (Allocation Stall) done
Event: 173.844 Executing safepoint VM operation: ZMarkStartYoung (Allocation Rate)
Event: 173.857 Executing safepoint VM operation: ZMarkStartYoung (Allocation Rate) done
Event: 173.863 Executing non-safepoint VM operation: HandshakeAllThreads (ZMarkFlushStacks)
Event: 173.863 Executing non-safepoint VM operation: HandshakeAllThreads (ZMarkFlushStacks) done
Event: 173.863 Executing non-safepoint VM operation: ZMarkFlushOperation
Event: 173.863 Executing non-safepoint VM operation: ZMarkFlushOperation done
Event: 173.863 Executing non-safepoint VM operation: HandshakeAllThreads (ZMarkFlushStacks)
Event: 173.863 Executing non-safepoint VM operation: HandshakeAllThreads (ZMarkFlushStacks) done
Event: 173.863 Executing non-safepoint VM operation: ZMarkFlushOperation
Event: 173.863 Executing non-safepoint VM operation: ZMarkFlushOperation done
Event: 173.863 Executing non-safepoint VM operation: HandshakeAllThreads (ZMarkFlushStacks)
Event: 173.863 Executing non-safepoint VM operation: HandshakeAllThreads (ZMarkFlushStacks) done
Event: 173.863 Executing non-safepoint VM operation: ZMarkFlushOperation
Event: 173.863 Executing non-safepoint VM operation: ZMarkFlushOperation done
Event: 173.863 Executing safepoint VM operation: ZMarkEndYoung (Allocation Rate)
Event: 173.865 Executing safepoint VM operation: ZMarkEndYoung (Allocation Rate) done
Event: 173.865 Executing safepoint VM operation: ZRelocateStartYoung (Allocation Rate)
Event: 173.866 Executing safepoint VM operation: ZRelocateStartYoung (Allocation Rate) done
Event: 173.876 Executing safepoint VM operation: ZMarkStartYoungAndOld (Warmup)
Event: 173.877 Executing safepoint VM operation: ZMarkStartYoungAndOld (Warmup) done
Event: 271.307 Executing non-safepoint VM operation: HandshakeAllThreads (ZMarkFlushStacks)
Event: 271.307 Executing non-safepoint VM operation: HandshakeAllThreads (ZMarkFlushStacks) done
Event: 271.307 Executing non-safepoint VM operation: ZMarkFlushOperation
Event: 271.307 Executing non-safepoint VM operation: ZMarkFlushOperation done
Event: 271.307 Executing non-safepoint VM operation: HandshakeAllThreads (ZMarkFlushStacks)
Event: 271.307 Executing non-safepoint VM operation: HandshakeAllThreads (ZMarkFlushStacks) done
Event: 271.307 Executing non-safepoint VM operation: ZMarkFlushOperation
Event: 271.307 Executing non-safepoint VM operation: ZMarkFlushOperation done
Event: 271.307 Executing non-safepoint VM operation: HandshakeAllThreads (ZMarkFlushStacks)
Event: 271.307 Executing non-safepoint VM operation: HandshakeAllThreads (ZMarkFlushStacks) done
Event: 271.307 Executing non-safepoint VM operation: ZMarkFlushOperation
Event: 271.307 Executing non-safepoint VM operation: ZMarkFlushOperation done
Event: 271.307 Executing safepoint VM operation: ZMarkEndYoung (Warmup)
Event: 271.308 Executing safepoint VM operation: ZMarkEndYoung (Warmup) done
Event: 271.308 Executing safepoint VM operation: ZRelocateStartYoung (Warmup)
Event: 273.852 Executing safepoint VM operation: ZRelocateStartYoung (Warmup) done
Event: 283.929 Executing safepoint VM operation: ZMarkStartYoung (Allocation Rate)
Event: 283.931 Executing safepoint VM operation: ZMarkStartYoung (Allocation Rate) done

Memory protections (11 events):
Event: 171.946 Protecting memory [0x00007f3699e38000,0x00007f3699e3c000] with protection modes 0
Event: 172.973 Protecting memory [0x00007f3616000000,0x00007f3616001000] with protection modes 0
Event: 173.181 Protecting memory [0x00007f3698fa1000,0x00007f3698fa5000] with protection modes 0
Event: 173.182 Protecting memory [0x00007f36990a2000,0x00007f36990a6000] with protection modes 0
Event: 173.184 Protecting memory [0x00007f3698b9d000,0x00007f3698ba1000] with protection modes 0
Event: 173.184 Protecting memory [0x00007f3698c9e000,0x00007f3698ca2000] with protection modes 0
Event: 173.184 Protecting memory [0x00007f36983d5000,0x00007f36983d9000] with protection modes 0
Event: 173.185 Protecting memory [0x00007f36982d4000,0x00007f36982d8000] with protection modes 0
Event: 173.185 Protecting memory [0x00007f36981d3000,0x00007f36981d7000] with protection modes 0
Event: 173.854 Protecting memory [0x00007f367c472000,0x00007f367c476000] with protection modes 0
Event: 173.869 Protecting memory [0x00007f367c371000,0x00007f367c375000] with protection modes 0

Nmethod flushes (0 events):
No events

Events (10 events):
Event: 172.979 Thread 0x00007f3694020630 Thread added: 0x00007f3694020630
Event: 173.181 Thread 0x00007f3694020630 Thread added: 0x00007f36941fd730
Event: 173.182 Thread 0x00007f3694020630 Thread added: 0x00007f36941feaf0
Event: 173.184 Thread 0x00007f3694020630 Thread added: 0x00007f36942002e0
Event: 173.184 Thread 0x00007f3694020630 Thread added: 0x00007f3694201a70
Event: 173.184 Thread 0x00007f3694020630 Thread added: 0x00007f3694203160
Event: 173.185 Thread 0x00007f3694020630 Thread added: 0x00007f36942059e0
Event: 173.185 Thread 0x00007f3694020630 Thread added: 0x00007f369420f910
Event: 173.854 Thread 0x00007f3694020630 Thread added: 0x00007f369429e7b0
Event: 173.869 Thread 0x00007f3694020630 Thread added: 0x00007f36942a4940


Dynamic libraries:
40000000000-40000600000 rw-s 00000000 00:01 302438756                    /memfd:java_heap (deleted)
40000600000-40005000000 ---p 00000000 00:00 0 
40005000000-40005400000 rw-s 00600000 00:01 302438756                    /memfd:java_heap (deleted)
40005400000-40014000000 ---p 00000000 00:00 0 
55bc70279000-55bc7027a000 r--p 00000000 08:02 28181576                   /home/jatinbha/sandboxes/jdk-reviews/jdk/build/linux-x86_64-server-slowdebug/images/jdk/bin/java
55bc7027a000-55bc7027b000 r-xp 00001000 08:02 28181576                   /home/jatinbha/sandboxes/jdk-reviews/jdk/build/linux-x86_64-server-slowdebug/images/jdk/bin/java
55bc7027b000-55bc7027c000 r--p 00002000 08:02 28181576                   /home/jatinbha/sandboxes/jdk-reviews/jdk/build/linux-x86_64-server-slowdebug/images/jdk/bin/java
55bc7027c000-55bc7027d000 r--p 00002000 08:02 28181576                   /home/jatinbha/sandboxes/jdk-reviews/jdk/build/linux-x86_64-server-slowdebug/images/jdk/bin/java
55bc7027d000-55bc7027e000 rw-p 00003000 08:02 28181576                   /home/jatinbha/sandboxes/jdk-reviews/jdk/build/linux-x86_64-server-slowdebug/images/jdk/bin/java
55bc7096c000-55bc709b2000 rw-p 00000000 00:00 0                          [heap]
7f35e4000000-7f35e4021000 rw-p 00000000 00:00 0 
7f35e4021000-7f35e8000000 ---p 00000000 00:00 0 
7f35e8000000-7f35e8021000 rw-p 00000000 00:00 0 
7f35e8021000-7f35ec000000 ---p 00000000 00:00 0 
7f35ec000000-7f35ec0af000 rw-p 00000000 00:00 0 
7f35ec0af000-7f35f0000000 ---p 00000000 00:00 0 
7f35f0000000-7f35f0021000 rw-p 00000000 00:00 0 
7f35f0021000-7f35f4000000 ---p 00000000 00:00 0 
7f35f4000000-7f35f4021000 rw-p 00000000 00:00 0 
7f35f4021000-7f35f8000000 ---p 00000000 00:00 0 
7f35f8000000-7f35f8021000 rw-p 00000000 00:00 0 
7f35f8021000-7f35fc000000 ---p 00000000 00:00 0 
7f35fc000000-7f35fc020000 rw-p 00000000 00:00 0 
7f35fc020000-7f35fc400000 ---p 00000000 00:00 0 
7f35fc400000-7f35fc410000 rw-p 00000000 00:00 0 
7f35fc410000-7f3600000000 ---p 00000000 00:00 0 
7f3600000000-7f3600021000 rw-p 00000000 00:00 0 
7f3600021000-7f3604000000 ---p 00000000 00:00 0 
7f3604000000-7f3604021000 rw-p 00000000 00:00 0 
7f3604021000-7f3608000000 ---p 00000000 00:00 0 
7f3608000000-7f3608021000 rw-p 00000000 00:00 0 
7f3608021000-7f360c000000 ---p 00000000 00:00 0 
7f360c000000-7f360c021000 rw-p 00000000 00:00 0 
7f360c021000-7f3610000000 ---p 00000000 00:00 0 
7f3610000000-7f3610021000 rw-p 00000000 00:00 0 
7f3610021000-7f3614000000 ---p 00000000 00:00 0 
7f36141d9000-7f3616000000 rw-p 00000000 00:00 0 
7f3616000000-7f3616001000 ---p 00000000 00:00 0 
7f3616001000-7f3616ddf000 rw-p 00001000 08:02 28188297                   /home/jatinbha/sandboxes/jdk-reviews/jdk/build/linux-x86_64-server-slowdebug/images/jdk/lib/server/classes_nocoops.jsa
7f3616ddf000-7f3617000000 ---p 00000000 00:00 0 
7f3617000000-7f3617010000 rw-p 00000000 00:00 0 
7f3617010000-7f3617040000 ---p 00000000 00:00 0 
7f3617040000-7f3617050000 rw-p 00000000 00:00 0 
7f3617050000-7f3657000000 ---p 00000000 00:00 0 
7f3657180000-7f3658000000 rw-p 00000000 00:00 0 
7f3658000000-7f3658021000 rw-p 00000000 00:00 0 
7f3658021000-7f365c000000 ---p 00000000 00:00 0 
7f365c000000-7f365c021000 rw-p 00000000 00:00 0 
7f365c021000-7f3660000000 ---p 00000000 00:00 0 
7f3660000000-7f3660021000 rw-p 00000000 00:00 0 
7f3660021000-7f3664000000 ---p 00000000 00:00 0 
7f3664000000-7f3664021000 rw-p 00000000 00:00 0 
7f3664021000-7f3668000000 ---p 00000000 00:00 0 
7f3668000000-7f366806b000 rw-p 00000000 00:00 0 
7f366806b000-7f366c000000 ---p 00000000 00:00 0 
7f366c000000-7f366c021000 rw-p 00000000 00:00 0 
7f366c021000-7f3670000000 ---p 00000000 00:00 0 
7f3670000000-7f3670021000 rw-p 00000000 00:00 0 
7f3670021000-7f3674000000 ---p 00000000 00:00 0 
7f3674000000-7f3674059000 rw-p 00000000 00:00 0 
7f3674059000-7f3678000000 ---p 00000000 00:00 0 
7f3678000000-7f3678021000 rw-p 00000000 00:00 0 
7f3678021000-7f367c000000 ---p 00000000 00:00 0 
7f367c371000-7f367c375000 ---p 00000000 00:00 0 
7f367c375000-7f367c472000 rw-p 00000000 00:00 0 
7f367c472000-7f367c476000 ---p 00000000 00:00 0 
7f367c476000-7f367c573000 rw-p 00000000 00:00 0 
7f367c573000-7f367c7e3000 rwxp 00000000 00:00 0 
7f367c7e3000-7f3683942000 ---p 00000000 00:00 0 
7f3683942000-7f3683bb2000 rwxp 00000000 00:00 0 
7f3683bb2000-7f36841a2000 ---p 00000000 00:00 0 
7f36841a2000-7f3684412000 rwxp 00000000 00:00 0 
7f3684412000-7f368b573000 ---p 00000000 00:00 0 
7f368b573000-7f3694000000 r--s 00000000 08:02 28181552                   /home/jatinbha/sandboxes/jdk-reviews/jdk/build/linux-x86_64-server-slowdebug/images/jdk/lib/modules
7f3694000000-7f36942b9000 rw-p 00000000 00:00 0 
7f36942b9000-7f3698000000 ---p 00000000 00:00 0 
7f369808c000-7f369808d000 rw-p 00000000 00:00 0 
7f3698107000-7f3698108000 rw-p 00000000 00:00 0 
7f3698138000-7f369813b000 r--p 00000000 08:02 28181589                   /home/jatinbha/sandboxes/jdk-reviews/jdk/build/linux-x86_64-server-slowdebug/images/jdk/lib/libsimdsort.so
7f369813b000-7f36981c0000 r-xp 00003000 08:02 28181589                   /home/jatinbha/sandboxes/jdk-reviews/jdk/build/linux-x86_64-server-slowdebug/images/jdk/lib/libsimdsort.so
7f36981c0000-7f36981d1000 r--p 00088000 08:02 28181589                   /home/jatinbha/sandboxes/jdk-reviews/jdk/build/linux-x86_64-server-slowdebug/images/jdk/lib/libsimdsort.so
7f36981d1000-7f36981d2000 r--p 00098000 08:02 28181589                   /home/jatinbha/sandboxes/jdk-reviews/jdk/build/linux-x86_64-server-slowdebug/images/jdk/lib/libsimdsort.so
7f36981d2000-7f36981d3000 rw-p 00099000 08:02 28181589                   /home/jatinbha/sandboxes/jdk-reviews/jdk/build/linux-x86_64-server-slowdebug/images/jdk/lib/libsimdsort.so
7f36981d3000-7f36981d7000 ---p 00000000 00:00 0 
7f36981d7000-7f36982d4000 rw-p 00000000 00:00 0 
7f36982d4000-7f36982d8000 ---p 00000000 00:00 0 
7f36982d8000-7f36983d5000 rw-p 00000000 00:00 0 
7f36983d5000-7f36983d9000 ---p 00000000 00:00 0 
7f36983d9000-7f369850f000 rw-p 00000000 00:00 0 
7f369850f000-7f3698a7f000 r--p 00000000 08:02 7077916                    /usr/lib/locale/locale-archive
7f3698a7f000-7f3698b9c000 rw-p 00000000 00:00 0 
7f3698b9c000-7f3698b9d000 ---p 00000000 00:00 0 
7f3698b9d000-7f3698ba1000 ---p 00000000 00:00 0 
7f3698ba1000-7f3698c9d000 rw-p 00000000 00:00 0 
7f3698c9d000-7f3698c9e000 ---p 00000000 00:00 0 
7f3698c9e000-7f3698ca2000 ---p 00000000 00:00 0 
7f3698ca2000-7f3698d9e000 rw-p 00000000 00:00 0 
7f3698d9e000-7f3698d9f000 ---p 00000000 00:00 0 
7f3698d9f000-7f3698e9f000 rw-p 00000000 00:00 0 
7f3698e9f000-7f3698ea0000 ---p 00000000 00:00 0 
7f3698ea0000-7f3698fa0000 rw-p 00000000 00:00 0 
7f3698fa0000-7f3698fa1000 ---p 00000000 00:00 0 
7f3698fa1000-7f3698fa5000 ---p 00000000 00:00 0 
7f3698fa5000-7f36990a1000 rw-p 00000000 00:00 0 
7f36990a1000-7f36990a2000 ---p 00000000 00:00 0 
7f36990a2000-7f36990a6000 ---p 00000000 00:00 0 
7f36990a6000-7f36991a2000 rw-p 00000000 00:00 0 
7f36991cf000-7f36991d6000 r--s 00000000 08:02 7737390                    /usr/lib/x86_64-linux-gnu/gconv/gconv-modules.cache
7f36991d6000-7f36991d7000 ---p 00000000 00:00 0 
7f36991d7000-7f36992d7000 rw-p 00000000 00:00 0 
7f36992d7000-7f36992d8000 ---p 00000000 00:00 0 
7f36992d8000-7f36993d8000 rw-p 00000000 00:00 0 
7f36993d8000-7f36993d9000 ---p 00000000 00:00 0 
7f36993d9000-7f36994d9000 rw-p 00000000 00:00 0 
7f36994d9000-7f36994da000 ---p 00000000 00:00 0 
7f36994da000-7f36995da000 rw-p 00000000 00:00 0 
7f36995da000-7f36995db000 ---p 00000000 00:00 0 
7f36995db000-7f36996db000 rw-p 00000000 00:00 0 
7f36996db000-7f36996dc000 ---p 00000000 00:00 0 
7f36996dc000-7f36997dc000 rw-p 00000000 00:00 0 
7f36997dc000-7f36997dd000 rw-p 00000000 00:00 0 
7f36997dd000-7f36997de000 ---p 00000000 00:00 0 
7f36997de000-7f36998de000 rw-p 00000000 00:00 0 
7f36998de000-7f36998df000 rw-p 00000000 00:00 0 
7f36998df000-7f3699951000 rw-p 00000000 00:00 0 
7f3699951000-7f3699959000 rw-p 00000000 00:00 0 
7f3699959000-7f369995a000 ---p 00000000 00:00 0 
7f369995a000-7f3699a5a000 rw-p 00000000 00:00 0 
7f3699a5a000-7f3699a5b000 ---p 00000000 00:00 0 
7f3699a5b000-7f3699b5b000 rw-p 00000000 00:00 0 
7f3699b5b000-7f3699b5c000 rw-p 00000000 00:00 0 
7f3699b5c000-7f3699bcf000 rw-p 00000000 00:00 0 
7f3699bcf000-7f3699bd4000 rw-p 00000000 00:00 0 
7f3699bd4000-7f3699cb7000 ---p 00000000 00:00 0 
7f3699cb7000-7f3699cbc000 rw-p 00000000 00:00 0 
7f3699cbc000-7f3699cc8000 ---p 00000000 00:00 0 
7f3699cc8000-7f3699ccd000 rw-p 00000000 00:00 0 
7f3699ccd000-7f3699db0000 ---p 00000000 00:00 0 
7f3699db0000-7f3699dbc000 r--p 00000000 08:02 28181583                   /home/jatinbha/sandboxes/jdk-reviews/jdk/build/linux-x86_64-server-slowdebug/images/jdk/lib/libjava.so
7f3699dbc000-7f3699dd3000 r-xp 0000c000 08:02 28181583                   /home/jatinbha/sandboxes/jdk-reviews/jdk/build/linux-x86_64-server-slowdebug/images/jdk/lib/libjava.so
7f3699dd3000-7f3699dd9000 r--p 00023000 08:02 28181583                   /home/jatinbha/sandboxes/jdk-reviews/jdk/build/linux-x86_64-server-slowdebug/images/jdk/lib/libjava.so
7f3699dd9000-7f3699dda000 r--p 00028000 08:02 28181583                   /home/jatinbha/sandboxes/jdk-reviews/jdk/build/linux-x86_64-server-slowdebug/images/jdk/lib/libjava.so
7f3699dda000-7f3699ddb000 rw-p 00029000 08:02 28181583                   /home/jatinbha/sandboxes/jdk-reviews/jdk/build/linux-x86_64-server-slowdebug/images/jdk/lib/libjava.so
7f3699ddb000-7f3699ddc000 rw-p 00000000 00:00 0 
7f3699ddc000-7f3699de4000 rw-s 00000000 08:02 3670023                    /tmp/hsperfdata_intel/1542674
7f3699de4000-7f3699e05000 rw-p 00000000 00:00 0 
7f3699e05000-7f3699e08000 r--p 00000000 08:02 7086058                    /usr/lib/x86_64-linux-gnu/libnuma.so.1.0.0
7f3699e08000-7f3699e0d000 r-xp 00003000 08:02 7086058                    /usr/lib/x86_64-linux-gnu/libnuma.so.1.0.0
7f3699e0d000-7f3699e0f000 r--p 00008000 08:02 7086058                    /usr/lib/x86_64-linux-gnu/libnuma.so.1.0.0
7f3699e0f000-7f3699e10000 ---p 0000a000 08:02 7086058                    /usr/lib/x86_64-linux-gnu/libnuma.so.1.0.0
7f3699e10000-7f3699e11000 r--p 0000a000 08:02 7086058                    /usr/lib/x86_64-linux-gnu/libnuma.so.1.0.0
7f3699e11000-7f3699e12000 rw-p 0000b000 08:02 7086058                    /usr/lib/x86_64-linux-gnu/libnuma.so.1.0.0
7f3699e12000-7f3699e16000 r--p 00000000 08:02 28181584                   /home/jatinbha/sandboxes/jdk-reviews/jdk/build/linux-x86_64-server-slowdebug/images/jdk/lib/libjimage.so
7f3699e16000-7f3699e2d000 r-xp 00004000 08:02 28181584                   /home/jatinbha/sandboxes/jdk-reviews/jdk/build/linux-x86_64-server-slowdebug/images/jdk/lib/libjimage.so
7f3699e2d000-7f3699e35000 r--p 0001b000 08:02 28181584                   /home/jatinbha/sandboxes/jdk-reviews/jdk/build/linux-x86_64-server-slowdebug/images/jdk/lib/libjimage.so
7f3699e35000-7f3699e37000 r--p 00022000 08:02 28181584                   /home/jatinbha/sandboxes/jdk-reviews/jdk/build/linux-x86_64-server-slowdebug/images/jdk/lib/libjimage.so
7f3699e37000-7f3699e38000 rw-p 00024000 08:02 28181584                   /home/jatinbha/sandboxes/jdk-reviews/jdk/build/linux-x86_64-server-slowdebug/images/jdk/lib/libjimage.so
7f3699e38000-7f3699e3c000 ---p 00000000 00:00 0 
7f3699e3c000-7f3699f39000 rw-p 00000000 00:00 0 
7f3699f39000-7f3699f46000 r--p 00000000 08:02 7078012                    /usr/lib/x86_64-linux-gnu/libm-2.31.so
7f3699f46000-7f3699fed000 r-xp 0000d000 08:02 7078012                    /usr/lib/x86_64-linux-gnu/libm-2.31.so
7f3699fed000-7f369a086000 r--p 000b4000 08:02 7078012                    /usr/lib/x86_64-linux-gnu/libm-2.31.so
7f369a086000-7f369a087000 r--p 0014c000 08:02 7078012                    /usr/lib/x86_64-linux-gnu/libm-2.31.so
7f369a087000-7f369a088000 rw-p 0014d000 08:02 7078012                    /usr/lib/x86_64-linux-gnu/libm-2.31.so
7f369a088000-7f369a08a000 r--p 00000000 08:02 7078273                    /usr/lib/x86_64-linux-gnu/librt-2.31.so
7f369a08a000-7f369a08e000 r-xp 00002000 08:02 7078273                    /usr/lib/x86_64-linux-gnu/librt-2.31.so
7f369a08e000-7f369a090000 r--p 00006000 08:02 7078273                    /usr/lib/x86_64-linux-gnu/librt-2.31.so
7f369a090000-7f369a091000 r--p 00007000 08:02 7078273                    /usr/lib/x86_64-linux-gnu/librt-2.31.so
7f369a091000-7f369a092000 rw-p 00008000 08:02 7078273                    /usr/lib/x86_64-linux-gnu/librt-2.31.so
7f369a092000-7f369a4e1000 r--p 00000000 08:02 28181599                   /home/jatinbha/sandboxes/jdk-reviews/jdk/build/linux-x86_64-server-slowdebug/images/jdk/lib/server/libjvm.so
7f369a4e1000-7f369bb7a000 r-xp 0044f000 08:02 28181599                   /home/jatinbha/sandboxes/jdk-reviews/jdk/build/linux-x86_64-server-slowdebug/images/jdk/lib/server/libjvm.so
7f369bb7a000-7f369cc26000 r--p 01ae8000 08:02 28181599                   /home/jatinbha/sandboxes/jdk-reviews/jdk/build/linux-x86_64-server-slowdebug/images/jdk/lib/server/libjvm.so
7f369cc26000-7f369cd43000 r--p 02b93000 08:02 28181599                   /home/jatinbha/sandboxes/jdk-reviews/jdk/build/linux-x86_64-server-slowdebug/images/jdk/lib/server/libjvm.so
7f369cd43000-7f369cdc2000 rw-p 02cb0000 08:02 28181599                   /home/jatinbha/sandboxes/jdk-reviews/jdk/build/linux-x86_64-server-slowdebug/images/jdk/lib/server/libjvm.so
7f369cdc2000-7f369ce8b000 rw-p 00000000 00:00 0 
7f369ce8b000-7f369ce91000 r--p 00000000 08:02 7078197                    /usr/lib/x86_64-linux-gnu/libpthread-2.31.so
7f369ce91000-7f369cea2000 r-xp 00006000 08:02 7078197                    /usr/lib/x86_64-linux-gnu/libpthread-2.31.so
7f369cea2000-7f369cea8000 r--p 00017000 08:02 7078197                    /usr/lib/x86_64-linux-gnu/libpthread-2.31.so
7f369cea8000-7f369cea9000 r--p 0001c000 08:02 7078197                    /usr/lib/x86_64-linux-gnu/libpthread-2.31.so
7f369cea9000-7f369ceaa000 rw-p 0001d000 08:02 7078197                    /usr/lib/x86_64-linux-gnu/libpthread-2.31.so
7f369ceaa000-7f369ceae000 rw-p 00000000 00:00 0 
7f369ceae000-7f369ceaf000 r--p 00000000 08:02 7078011                    /usr/lib/x86_64-linux-gnu/libdl-2.31.so
7f369ceaf000-7f369ceb1000 r-xp 00001000 08:02 7078011                    /usr/lib/x86_64-linux-gnu/libdl-2.31.so
7f369ceb1000-7f369ceb2000 r--p 00003000 08:02 7078011                    /usr/lib/x86_64-linux-gnu/libdl-2.31.so
7f369ceb2000-7f369ceb3000 r--p 00003000 08:02 7078011                    /usr/lib/x86_64-linux-gnu/libdl-2.31.so
7f369ceb3000-7f369ceb4000 rw-p 00004000 08:02 7078011                    /usr/lib/x86_64-linux-gnu/libdl-2.31.so
7f369ceb4000-7f369ceb6000 r--p 00000000 08:02 7086479                    /usr/lib/x86_64-linux-gnu/libz.so.1.2.11
7f369ceb6000-7f369cec7000 r-xp 00002000 08:02 7086479                    /usr/lib/x86_64-linux-gnu/libz.so.1.2.11
7f369cec7000-7f369cecd000 r--p 00013000 08:02 7086479                    /usr/lib/x86_64-linux-gnu/libz.so.1.2.11
7f369cecd000-7f369cece000 ---p 00019000 08:02 7086479                    /usr/lib/x86_64-linux-gnu/libz.so.1.2.11
7f369cece000-7f369cecf000 r--p 00019000 08:02 7086479                    /usr/lib/x86_64-linux-gnu/libz.so.1.2.11
7f369cecf000-7f369ced0000 rw-p 0001a000 08:02 7086479                    /usr/lib/x86_64-linux-gnu/libz.so.1.2.11
7f369ced0000-7f369cef2000 r--p 00000000 08:02 7078010                    /usr/lib/x86_64-linux-gnu/libc-2.31.so
7f369cef2000-7f369d06a000 r-xp 00022000 08:02 7078010                    /usr/lib/x86_64-linux-gnu/libc-2.31.so
7f369d06a000-7f369d0b8000 r--p 0019a000 08:02 7078010                    /usr/lib/x86_64-linux-gnu/libc-2.31.so
7f369d0b8000-7f369d0bc000 r--p 001e7000 08:02 7078010                    /usr/lib/x86_64-linux-gnu/libc-2.31.so
7f369d0bc000-7f369d0be000 rw-p 001eb000 08:02 7078010                    /usr/lib/x86_64-linux-gnu/libc-2.31.so
7f369d0be000-7f369d0c2000 rw-p 00000000 00:00 0 
7f369d0c2000-7f369d0c5000 r--p 00000000 08:02 7078055                    /usr/lib/x86_64-linux-gnu/libnss_files-2.31.so
7f369d0c5000-7f369d0cc000 r-xp 00003000 08:02 7078055                    /usr/lib/x86_64-linux-gnu/libnss_files-2.31.so
7f369d0cc000-7f369d0ce000 r--p 0000a000 08:02 7078055                    /usr/lib/x86_64-linux-gnu/libnss_files-2.31.so
7f369d0ce000-7f369d0cf000 r--p 0000b000 08:02 7078055                    /usr/lib/x86_64-linux-gnu/libnss_files-2.31.so
7f369d0cf000-7f369d0d0000 rw-p 0000c000 08:02 7078055                    /usr/lib/x86_64-linux-gnu/libnss_files-2.31.so
7f369d0d0000-7f369d0d6000 rw-p 00000000 00:00 0 
7f369d0d6000-7f369d0d7000 ---p 00000000 00:00 0 
7f369d0d7000-7f369d0d8000 r--p 00000000 00:00 0 
7f369d0d8000-7f369d0db000 r--p 00000000 08:02 28181585                   /home/jatinbha/sandboxes/jdk-reviews/jdk/build/linux-x86_64-server-slowdebug/images/jdk/lib/libjli.so
7f369d0db000-7f369d0e9000 r-xp 00003000 08:02 28181585                   /home/jatinbha/sandboxes/jdk-reviews/jdk/build/linux-x86_64-server-slowdebug/images/jdk/lib/libjli.so
7f369d0e9000-7f369d0ed000 r--p 00011000 08:02 28181585                   /home/jatinbha/sandboxes/jdk-reviews/jdk/build/linux-x86_64-server-slowdebug/images/jdk/lib/libjli.so
7f369d0ed000-7f369d0ee000 r--p 00014000 08:02 28181585                   /home/jatinbha/sandboxes/jdk-reviews/jdk/build/linux-x86_64-server-slowdebug/images/jdk/lib/libjli.so
7f369d0ee000-7f369d0ef000 rw-p 00015000 08:02 28181585                   /home/jatinbha/sandboxes/jdk-reviews/jdk/build/linux-x86_64-server-slowdebug/images/jdk/lib/libjli.so
7f369d0ef000-7f369d0f1000 rw-p 00000000 00:00 0 
7f369d0f1000-7f369d0f2000 r--p 00000000 08:02 7077989                    /usr/lib/x86_64-linux-gnu/ld-2.31.so
7f369d0f2000-7f369d115000 r-xp 00001000 08:02 7077989                    /usr/lib/x86_64-linux-gnu/ld-2.31.so
7f369d115000-7f369d11d000 r--p 00024000 08:02 7077989                    /usr/lib/x86_64-linux-gnu/ld-2.31.so
7f369d11d000-7f369d11e000 ---p 00000000 00:00 0 
7f369d11e000-7f369d11f000 r--p 0002c000 08:02 7077989                    /usr/lib/x86_64-linux-gnu/ld-2.31.so
7f369d11f000-7f369d120000 rw-p 0002d000 08:02 7077989                    /usr/lib/x86_64-linux-gnu/ld-2.31.so
7f369d120000-7f369d121000 rw-p 00000000 00:00 0 
7ffe983be000-7ffe983df000 rw-p 00000000 00:00 0                          [stack]
7ffe983e7000-7ffe983eb000 r--p 00000000 00:00 0                          [vvar]
7ffe983eb000-7ffe983ed000 r-xp 00000000 00:00 0                          [vdso]
ffffffffff600000-ffffffffff601000 --xp 00000000 00:00 0                  [vsyscall]
Total number of mappings: 223

JVMTI agents: none


VM Arguments:
jvm_args: -Xmx10m -Xms10m -XX:+UseZGC -XX:CompileOnly=test_barriers::micro -XX:CompileCommand=DontInline,test_barriers::leaf -XX:+PauseAtStartup 
java_command: test_barriers
java_class_path (initial): .
Launcher Type: SUN_STANDARD

[Global flags]
     bool AOTInvokeDynamicLinking                  = false                                  {diagnostic} {ergonomic}     AOT-link JVM_CONSTANT_InvokeDynamic entries in cached ConstantPools
     intx CICompilerCount                          = 18                                        {product} {ergonomic}     Number of compiler threads to run
ccstrlist CompileCommand                           = DontInline,test_barriers::leaf            {product} {command line}  Prepend to .hotspot_compiler; e.g. log,java/lang/String.<init>
ccstrlist CompileOnly                              = test_barriers::micro                      {product} {command line}  List of methods (pkg/class.name) to restrict compilation to
   size_t InitialHeapSize                          = 10485760                                  {product} {command line}  Initial heap size (in bytes); zero means use ergonomics
   size_t MaxHeapSize                              = 10485760                                  {product} {command line}  Maximum heap size (in bytes)
   size_t MinHeapDeltaBytes                        = 2097152                                   {product} {ergonomic}     The minimum change in heap space due to GC (in bytes)
   size_t MinHeapSize                              = 10485760                                  {product} {command line}  Minimum heap size (in bytes); zero means use ergonomics
    uintx NonNMethodCodeHeapSize                   = 8781824                                {pd product} {ergonomic}     Size of code heap with non-nmethods (in bytes)
    uintx NonProfiledCodeHeapSize                  = 121442304                              {pd product} {ergonomic}     Size of code heap with non-profiled methods (in bytes)
     bool PauseAtStartup                           = true                                   {diagnostic} {command line}  Causes the VM to pause at startup time and wait for the pause file to be removed (default: ./vm.paused.<pid>)
    uintx ProfiledCodeHeapSize                     = 121434112                              {pd product} {ergonomic}     Size of code heap with profiled methods (in bytes)
    uintx ReservedCodeCacheSize                    = 251658240                              {pd product} {ergonomic}     Reserved code cache size (in bytes) - maximum code cache size
     bool SegmentedCodeCache                       = true                                      {product} {ergonomic}     Use a segmented code cache
   size_t SoftMaxHeapSize                          = 10485760                               {manageable} {ergonomic}     Soft limit for maximum heap size (in bytes)
     bool THPStackMitigation                       = false                                  {diagnostic} {ergonomic}     If THPs are unconditionally enabled on the system (mode "always"), the JVM will prevent THP from forming in thread stacks. When disabled, the absence of this mitigationallows THPs to form in thread stacks.
     bool UseCompressedOops                        = false                          {product lp64_product} {ergonomic}   Use 32-bit object references in 64-bit VM. lp64_product means flag is always constant in 32 bit VM
     bool UseNUMAInterleaving                      = true                                      {product} {ergonomic}     Interleave memory across NUMA nodes if available
     bool UseZGC                                   = true                                      {product} {command line}  Use the Z garbage collector
      int X86ICacheSync                            = 3                                 {ARCH diagnostic} {ergonomic}     Select the X86 ICache sync mechanism: -1 = auto-select; 0 = none (dangerous); 1 = CLFLUSH loop; 2 = CLFLUSHOPT loop; 3 = CLWB loop; 4 = single CPUID; 5 = single SERIALIZE. Explicitly selected mechanism will fail at startup if hardware does not support it.
     uint ZOldGCThreads                            = 1                                      {diagnostic} {ergonomic}     Number of GC threads for the old generation
     bool ZUncommit                                = false                                     {product} {ergonomic}     Uncommit unused memory
     uint ZYoungGCThreads                          = 1                                      {diagnostic} {ergonomic}     Number of GC threads for the young generation

Logging:
Log output configuration:
 #0: stdout all=warning uptime,level,tags foldmultilines=false
 #1: stderr all=off uptime,level,tags foldmultilines=false

Release file:
IMPLEMENTOR="N/A"
JAVA_RUNTIME_VERSION="25-internal-adhoc.root.jdk"
JAVA_VERSION="25"
JAVA_VERSION_DATE="2025-09-16"
LIBC="gnu"
MODULES="java.base java.compiler java.datatransfer java.xml java.prefs java.desktop java.instrument java.logging java.management java.security.sasl java.naming java.rmi java.management.rmi java.net.http java.scripting java.security.jgss java.transaction.xa java.sql java.sql.rowset java.xml.crypto java.se java.smartcardio jdk.accessibility jdk.internal.jvmstat jdk.attach jdk.charsets jdk.internal.opt jdk.zipfs jdk.compiler jdk.crypto.cryptoki jdk.crypto.ec jdk.dynalink jdk.internal.ed jdk.editpad jdk.internal.vm.ci jdk.graal.compiler jdk.graal.compiler.management jdk.hotspot.agent jdk.httpserver jdk.incubator.vector jdk.internal.le jdk.internal.md jdk.jartool jdk.javadoc jdk.jcmd jdk.management jdk.management.agent jdk.jconsole jdk.jdeps jdk.jdwp.agent jdk.jdi jdk.jfr jdk.jlink jdk.jpackage jdk.jshell jdk.jsobject jdk.jstatd jdk.localedata jdk.management.jfr jdk.naming.dns jdk.naming.rmi jdk.net jdk.nio.mapmode jdk.sctp jdk.security.auth jdk.security.jgss jdk.unsupported jdk.unsupported.desktop jdk.xml.dom"
OS_ARCH="x86_64"
OS_NAME="Linux"
SOURCE=".:git:21b0f5ea153c+"

Environment Variables:
JAVA_HOME=/home/jatinbha/sandboxes/jdk-reviews/jdk/build/linux-x86_64-server-slowdebug/images/jdk/
PATH=/home/jatinbha/sandboxes/jdk-reviews/jdk/build/linux-x86_64-server-slowdebug/images/jdk//bin:/home/jatinbha/.local/bin:/home/jatinbha/bin:/home/jatinbha/sandboxes/mx:/home/jatinbha/softwares/jextract-22:/home/jatinbha/softwares/cmake-3.28.3-linux-x86_64/bin:/home/jatinbha/softwares/cmake-3.26.3-linux-x86_64/bin:/home/jatinbha/softwares/jdk-17.0.2//bin:/home/jatinbha/softwares/thrift-0.16.0/bin:/home/jatinbha/softwares/jdk8u322-b06//bin:/home/jatinbha/softwares/jdk-17//bin:/home/jatinbha/softwares/apache-maven-3.6.3/bin:/home/jatinbha/sandboxes/skara/build/bin:/usr/local/sbin:/usr/local/bin:/usr/sbin:/usr/bin:/sbin:/bin:/usr/games:/usr/local/games:/snap/bin
LD_LIBRARY_PATH=/home/jatinbha/softwares:
SHELL=/bin/bash
LANG=en_IN
TERM=xterm-256color

Active Locale:
LC_ALL=en_IN
LC_COLLATE=en_IN
LC_CTYPE=en_IN
LC_MESSAGES=en_IN
LC_MONETARY=en_IN
LC_NUMERIC=en_IN
LC_TIME=en_IN

Signal Handlers:
   SIGSEGV: crash_handler in libjvm.so, mask=11100100010111111101111111111110, flags=SA_RESTART|SA_SIGINFO, unblocked
    SIGBUS: crash_handler in libjvm.so, mask=11100100010111111101111111111110, flags=SA_RESTART|SA_SIGINFO, unblocked
    SIGFPE: crash_handler in libjvm.so, mask=11100100010111111101111111111110, flags=SA_RESTART|SA_SIGINFO, unblocked
   SIGPIPE: javaSignalHandler in libjvm.so, mask=11100100010111111101111111111110, flags=SA_RESTART|SA_SIGINFO, blocked
   SIGXFSZ: javaSignalHandler in libjvm.so, mask=11100100010111111101111111111110, flags=SA_RESTART|SA_SIGINFO, blocked
    SIGILL: crash_handler in libjvm.so, mask=11100100010111111101111111111110, flags=SA_RESTART|SA_SIGINFO, unblocked
   SIGUSR2: SR_handler in libjvm.so, mask=00000000000000000000000000000000, flags=SA_RESTART|SA_SIGINFO, blocked
    SIGHUP: UserHandler in libjvm.so, mask=11100100010111111101111111111110, flags=SA_RESTART|SA_SIGINFO, blocked
    SIGINT: UserHandler in libjvm.so, mask=11100100010111111101111111111110, flags=SA_RESTART|SA_SIGINFO, blocked
   SIGTERM: UserHandler in libjvm.so, mask=11100100010111111101111111111110, flags=SA_RESTART|SA_SIGINFO, blocked
   SIGQUIT: UserHandler in libjvm.so, mask=11100100010111111101111111111110, flags=SA_RESTART|SA_SIGINFO, blocked
   SIGTRAP: crash_handler in libjvm.so, mask=11100100010111111101111111111110, flags=SA_RESTART|SA_SIGINFO, unblocked


Native Memory Tracking:

(Omitting categories weighting less than 1KB)

Total: reserved=1778538KB, committed=84346KB
       malloc: 51062KB #20270, peak=50835KB #20273
       mmap:   reserved=1727476KB, committed=33284KB

-                 Java Heap (reserved=327680KB, committed=10240KB)
                            (mmap: reserved=327680KB, committed=10240KB, at peak)

-                     Class (reserved=1048656KB, committed=208KB)
                            (classes #536)
                            (  instance classes #441, array classes #95)
                            (malloc=80KB #714) (peak=80KB #715)
                            (mmap: reserved=1048576KB, committed=128KB, at peak)
                            (  Metadata:   )
                            (    reserved=65536KB, committed=192KB)
                            (    used=90KB)
                            (    waste=102KB =53.09%)
                            (  Class space:)
                            (    reserved=1048576KB, committed=128KB)
                            (    used=4KB)
                            (    waste=124KB =97.02%)

-                    Thread (reserved=21614KB, committed=970KB)
                            (threads #21)
                            (stack: reserved=21528KB, committed=884KB, peak=884KB)
                            (malloc=63KB #139) (peak=67KB #142)
                            (arena=22KB #38) (peak=84KB #34)

-                      Code (reserved=248022KB, committed=7886KB)
                            (malloc=306KB #9330) (at peak)
                            (mmap: reserved=247684KB, committed=7548KB, at peak)
                            (arena=33KB #1) (peak=34KB #2)

-                        GC (reserved=1210KB, committed=1210KB)
                            (malloc=1166KB #92) (peak=1852KB #99)
                            (mmap: reserved=44KB, committed=44KB, at peak)

-                  Compiler (reserved=528KB, committed=528KB)
                            (malloc=31KB #38) (peak=31KB #42)
                            (arena=497KB #12) (peak=636KB #12)

-                  Internal (reserved=47118KB, committed=47118KB)
                            (malloc=47082KB #6059) (peak=47082KB #6070)
                            (mmap: reserved=36KB, committed=36KB, at peak)

-                    Symbol (reserved=1179KB, committed=1179KB)
                            (malloc=819KB #1521) (at peak)
                            (arena=360KB #1) (at peak)

-    Native Memory Tracking (reserved=364KB, committed=364KB)
                            (malloc=7KB #68) (at peak)
                            (arena=0KB #0) (peak=128KB #1)
                            (tracking overhead=356KB)

-        Shared class space (reserved=16384KB, committed=14204KB, readonly=0KB)
                            (mmap: reserved=16384KB, committed=14204KB, peak=14412KB)

-               Arena Chunk (reserved=2KB, committed=2KB)
                            (malloc=2KB #66) (peak=1084KB #70)

-                   Logging (reserved=0KB, committed=0KB)
                            (malloc=0KB) (peak=1KB #1)

-                    Module (reserved=198KB, committed=198KB)
                            (malloc=198KB #2127) (at peak)

-                 Safepoint (reserved=8KB, committed=8KB)
                            (mmap: reserved=8KB, committed=8KB, at peak)

-           Synchronization (reserved=10KB, committed=10KB)
                            (malloc=10KB #73) (at peak)

-            Serviceability (reserved=17KB, committed=17KB)
                            (malloc=17KB #11) (peak=17KB #15)

-                 Metaspace (reserved=65548KB, committed=204KB)
                            (malloc=12KB #8) (at peak)
                            (mmap: reserved=65536KB, committed=192KB, at peak)

-      String Deduplication (reserved=1KB, committed=1KB)
                            (malloc=1KB #8) (at peak)

Preinit state:entries: 387 (primary: 387, empties: 7804), sum bytes: 14570, longest chain length: 1
pre-init mallocs: 444, pre-init reallocs: 5, pre-init frees: 57
MallocLimit: unset

Compiler Memory Statistic, 10 most expensive compilations:
ctyp  total     ra        node      comp      type      states    reglive   regsplit  superword cienv     ha        other     #nodes  result  limit     time    id    thread             method
c1    98184     98184     0         0         0         0         0         0         0         0         0         0         -       ok      1073741824 269.504 3    0x00007f369420f910 test_barriers::micro((LMyClass;)I) 
Total: 1 (C1: 1, C2: 0)

Periodic native trim disabled

---------------  S Y S T E M  ---------------

OS:
DISTRIB_ID=Ubuntu
DISTRIB_RELEASE=20.04
DISTRIB_CODENAME=focal
DISTRIB_DESCRIPTION="Ubuntu 20.04.2 LTS"
uname: Linux intel-S2600WFT 5.8.0-41-generic #46~20.04.1-Ubuntu SMP Mon Jan 18 17:52:23 UTC 2021 x86_64
OS uptime: 125 days 7:21 hours
libc: glibc 2.31 NPTL 2.31 
rlimit (soft/hard): STACK 8192k/infinity , CORE 0k/infinity , NPROC 3090646/3090646 , NOFILE 1048576/1048576 , AS infinity/infinity , CPU infinity/infinity , DATA infinity/infinity , FSIZE infinity/infinity , MEMLOCK 65536k/65536k
load average: 1.19 2.04 2.93

/proc/meminfo:
MemTotal:       791263980 kB
MemFree:        682497616 kB
MemAvailable:   781695392 kB
Buffers:         6999496 kB
Cached:         87306336 kB
SwapCached:        23464 kB
Active:         50607784 kB
Inactive:       45211928 kB
Active(anon):    1139844 kB
Inactive(anon):   397488 kB
Active(file):   49467940 kB
Inactive(file): 44814440 kB
Unevictable:           0 kB
Mlocked:               0 kB
SwapTotal:       2097148 kB
SwapFree:        1829308 kB
Dirty:               168 kB
Writeback:             0 kB
AnonPages:       1494812 kB
Mapped:           631020 kB
Shmem:             26020 kB
KReclaimable:    9969576 kB
Slab:           11515868 kB
SReclaimable:    9969576 kB
SUnreclaim:      1546292 kB
KernelStack:       29424 kB
PageTables:        17244 kB
NFS_Unstable:          0 kB
Bounce:                0 kB
WritebackTmp:          0 kB
CommitLimit:    397729136 kB
Committed_AS:   10003416 kB
VmallocTotal:   34359738367 kB
VmallocUsed:      476620 kB
VmallocChunk:          0 kB
Percpu:           354368 kB
HardwareCorrupted:     0 kB
AnonHugePages:         0 kB
ShmemHugePages:        0 kB
ShmemPmdMapped:        0 kB
FileHugePages:         0 kB
FilePmdMapped:         0 kB
HugePages_Total:       0
HugePages_Free:        0
HugePages_Rsvd:        0
HugePages_Surp:        0
Hugepagesize:       2048 kB
Hugetlb:               0 kB
DirectMap4k:     5076380 kB
DirectMap2M:    330156032 kB
DirectMap1G:    470810624 kB

/sys/kernel/mm/transparent_hugepage/enabled: always [madvise] never
/sys/kernel/mm/transparent_hugepage/hpage_pmd_size: 2097152
/sys/kernel/mm/transparent_hugepage/shmem_enabled: always within_size advise [never] deny force
/sys/kernel/mm/transparent_hugepage/defrag (defrag/compaction efforts parameter): always defer defer+madvise [madvise] never

Process Memory:
Virtual Size: 3351960K (peak: 3352092K)
Resident Set Size: 121840K (peak: 121840K) (anon: 73568K, file: 39468K, shmem: 8804K)
Swapped out: 0K
C-Heap outstanding allocations: 51823K, retained: 2776K
glibc malloc tunables: (default)

/proc/sys/kernel/threads-max (system-wide limit on the number of threads): 6181293
/proc/sys/vm/max_map_count (maximum number of memory map areas a process may have): 65530
/proc/sys/vm/swappiness (control to define how aggressively the kernel swaps out anonymous memory): 60
/proc/sys/kernel/pid_max (system-wide limit on number of process identifiers): 4194304

container information not found.
Steal ticks since vm start: 0
Steal ticks percentage since vm start:  0.000

CPU: total 112 (initial active 112) (28 cores per cpu, 2 threads per core) family 6 model 85 stepping 7 microcode 0x5003006, cx8, cmov, fxsr, ht, mmx, 3dnowpref, sse, sse2, sse3, ssse3, sse4.1, sse4.2, popcnt, lzcnt, tsc, tscinvbit, avx, avx2, aes, erms, clmul, bmi1, bmi2, adx, avx512f, avx512dq, avx512cd, avx512bw, avx512vl, fma, vzeroupper, avx512_vnni, clflush, clflushopt, clwb, rdtscp, f16c, pku, ospke
CPU Model and flags from /proc/cpuinfo:
model name	: Intel(R) Xeon(R) Platinum 8280 CPU @ 2.70GHz
flags		: fpu vme de pse tsc msr pae mce cx8 apic sep mtrr pge mca cmov pat pse36 clflush dts acpi mmx fxsr sse sse2 ss ht tm pbe syscall nx pdpe1gb rdtscp lm constant_tsc art arch_perfmon pebs bts rep_good nopl xtopology nonstop_tsc cpuid aperfmperf pni pclmulqdq dtes64 monitor ds_cpl smx est tm2 ssse3 sdbg fma cx16 xtpr pdcm pcid dca sse4_1 sse4_2 x2apic movbe popcnt tsc_deadline_timer aes xsave avx f16c rdrand lahf_lm abm 3dnowprefetch cpuid_fault epb cat_l3 cdp_l3 invpcid_single ssbd mba ibrs ibpb stibp ibrs_enhanced fsgsbase tsc_adjust bmi1 avx2 smep bmi2 erms invpcid cqm mpx rdt_a avx512f avx512dq rdseed adx smap clflushopt clwb intel_pt avx512cd avx512bw avx512vl xsaveopt xsavec xgetbv1 xsaves cqm_llc cqm_occup_llc cqm_mbm_total cqm_mbm_local dtherm ida arat pln pts hwp hwp_act_window hwp_epp hwp_pkg_req pku ospke avx512_vnni md_clear flush_l1d arch_capabilities

Online cpus: 0-111
Offline cpus: 
cache level: 1
cache type: Data
cache size: 32K
cache coherency line size: 64
cache level: 1
cache type: Instruction
cache size: 32K
cache coherency line size: 64
cache level: 2
cache type: Unified
cache size: 1024K
cache coherency line size: 64
cache level: 3
cache type: Unified
cache size: 39424K
cache coherency line size: 64
BIOS frequency limitation: <Not Available>
Frequency switch latency (ns): 0
Available cpu frequencies: <Not Available>
Maximum cpu frequency: 4000000
Minimum cpu frequency: 1000000
Current cpu frequency: 2779797
Available governors: performance powersave
Current governor: powersave
Core performance/turbo boost: <Not Available>

Memory: 4k page, physical 791263980k(781695428k free), swap 2097148k(1829308k free)
Page Sizes: 4k

vm_info: OpenJDK 64-Bit Server VM (slowdebug 25-internal-adhoc.root.jdk) for linux-amd64 JRE (25-internal-adhoc.root.jdk), built on 2025-04-27T13:48:46Z with gcc 10.5.0

END.
