#
# A fatal error has been detected by the Java Runtime Environment:
#
#  Internal Error (/mnt/c/Github/jdk/src/hotspot/cpu/x86/c2_MacroAssembler_x86.cpp:7237), pid=28422, tid=28439
#  Error: assert(vlen_enc == Assembler::AVX_256bit) failed
#
# JRE version: OpenJDK Runtime Environment (26.0) (slowdebug build 26-internal-adhoc.jatinbha.jdk)
# Java VM: OpenJDK 64-Bit Server VM (slowdebug 26-internal-adhoc.jatinbha.jdk, mixed mode, sharing, compressed oops, compressed class ptrs, g1 gc, linux-amd64)
# Problematic frame:
# V  [libjvm.so+0x9de7e9]  C2_MacroAssembler::vector_slice_op(XMMRegister, XMMRegister, XMMRegister, XMMRegister, int, int)+0x97
#
# Core dump will be written. Default location: Core dumps may be processed with "/wsl-capture-crash %t %E %p %s" (or dumping to /mnt/c/Github/external_staging/Code/java/vector-api/slice_opt/core.28422)
#
# If you would like to submit a bug report, please visit:
#   https://bugreport.java.com/bugreport/crash.jsp
#

---------------  S U M M A R Y ------------

Command Line: --add-modules=jdk.incubator.vector -Xbatch -XX:-TieredCompilation -XX:MaxVectorSize=16 test

Host: jatinbha-ws, 13th Gen Intel(R) Core(TM) i3-1315U, 8 cores, 3G, Ubuntu 20.04.6 LTS
Time: Fri Jul 25 22:50:17 2025 IST elapsed time: 3.582991 seconds (0d 0h 0m 3s)

---------------  T H R E A D  ---------------

Current thread (0x000074985014cdc0):  JavaThread "C2 CompilerThread0" daemon [_thread_in_native, id=28439, stack(0x0000749835aff000,0x0000749835c00000) (1028K)]


Current CompileTask:
C2:3587  286    b        test::micro (19 bytes)

Stack: [0x0000749835aff000,0x0000749835c00000],  sp=0x0000749835bfb670,  free space=1009k
Native frames: (J=compiled Java code, j=interpreted, Vv=VM code, C=native code)
V  [libjvm.so+0x9de7e9]  C2_MacroAssembler::vector_slice_op(XMMRegister, XMMRegister, XMMRegister, XMMRegister, int, int)+0x97  (c2_MacroAssembler_x86.cpp:7237)
V  [libjvm.so+0x560d60]  vector_slice_const_origin_GT16B_regNode::emit(C2_MacroAssembler*, PhaseRegAlloc*) const+0x1a0  (x86.ad:10784)
V  [libjvm.so+0x15af252]  PhaseOutput::scratch_emit_size(Node const*)+0x462  (output.cpp:3387)
V  [libjvm.so+0x13e7e67]  MachNode::emit_size(PhaseRegAlloc*) const+0x99  (machnode.cpp:157)
V  [libjvm.so+0x13e7dcb]  MachNode::size(PhaseRegAlloc*) const+0x27  (machnode.cpp:149)
V  [libjvm.so+0x15a35b7]  PhaseOutput::shorten_branches(unsigned int*)+0x691  (output.cpp:540)
V  [libjvm.so+0x15a2bcb]  PhaseOutput::Output()+0x665