<?xml version='1.0' encoding='UTF-8'?>
<hotspot_log version='160 1' process='2399421' time_ms='1738140793240'>
<vm_version>
<name>
OpenJDK 64-Bit Server VM
</name>
<release>
25-internal-adhoc.root.apx
</release>
<info>
OpenJDK 64-Bit Server VM (slowdebug 25-internal-adhoc.root.apx) for linux-amd64 JRE (25-internal-adhoc.root.apx), built on 2025-01-08T07:53:19Z with gcc 9.3.0
</info>
</vm_version>
<vm_arguments>
<args>
-Xbatch -XX:-TieredCompilation -XX:+TraceDeoptimization -XX:+PrintDeoptimizationDetails </args>
<command>
test
</command>
<launcher>
SUN_STANDARD
</launcher>
<properties>
java.vm.specification.name=Java Virtual Machine Specification
java.vm.version=25-internal-adhoc.root.apx
java.vm.name=OpenJDK 64-Bit Server VM
jdk.debug=slowdebug
sun.boot.library.path=/home/jatinbha/sandboxes/apx/build/linux-x86_64-server-slowdebug/images/jdk/lib
java.library.path=/home/jatinbha/softwares::/usr/java/packages/lib:/usr/lib64:/lib64:/lib:/usr/lib
java.home=/home/jatinbha/sandboxes/apx/build/linux-x86_64-server-slowdebug/images/jdk
java.class.path=.
java.vm.info=mixed mode, sharing
java.vm.specification.vendor=Oracle Corporation
java.vm.specification.version=25
java.vm.vendor=Oracle Corporation
sun.java.command=test
sun.java.launcher=SUN_STANDARD
</properties>
</vm_arguments>
<tty>
<writer thread='2399422'/>
<blob name='MethodHandlesAdapterBlob' total_size='10224'>
<sect index='1' capacity='10224' size='2282' remaining='7942'/>
</blob>
C1 Runtime statistics:
 _resolve_invoke_virtual_cnt:     0
 _resolve_invoke_opt_virtual_cnt: 0
 _resolve_invoke_static_cnt:      0
 _handle_wrong_method_cnt:        0
 _ic_miss_cnt:                    0
 _generic_arraycopystub_cnt:      0
 _byte_arraycopy_cnt:             0
 _short_arraycopy_cnt:            0
 _int_arraycopy_cnt:              0
 _long_arraycopy_cnt:             0
 _oop_arraycopy_cnt:              0
 _arraycopy_slowcase_cnt:         0
 _arraycopy_checkcast_cnt:        0
 _arraycopy_checkcast_attempt_cnt:0
 _new_type_array_slowcase_cnt:    0
 _new_object_array_slowcase_cnt:  0
 _new_instance_slowcase_cnt:      0
 _new_multi_array_slowcase_cnt:   0
 _monitorenter_slowcase_cnt:      0
 _monitorexit_slowcase_cnt:       0
 _patch_code_slowcase_cnt:        0
 _throw_range_check_exception_count:            0:
 _throw_index_exception_count:                  0:
 _throw_div0_exception_count:                   0:
 _throw_null_pointer_exception_count:           0:
 _throw_class_cast_exception_count:             0:
 _throw_incompatible_class_change_error_count:  0:
 _throw_count:                                  0:

<statistics type='SharedRuntime'>
    0 inline cache miss in compiled
    0 wrong method
    0 unresolved static call site
    0 unresolved virtual call site
    0 unresolved opt virtual call site
AdapterHandlerTable statistics:
Number of buckets       :       293 =      2344 bytes, each 8
Number of entries       :       179 =     10024 bytes, each 56
Number of literals      :       179 =     14320 bytes, avg  80.000
Total footprint         :           =     26688 bytes
Average bucket size     :     0.611
Variance of bucket size :     0.565
Std. dev. of bucket size:     0.752
Maximum bucket size     :         4
AdapterHandlerTable (table_size=293, entries=179)
AdapterHandlerTable: lookups 2905 equals 2336 hits 2336 compact 2336
</statistics>
<statistics type='opto'>
--- Compiler Statistics ---
Methods seen: 0  Methods parsed: 0  Nodes created: 1773
Blocks parsed: 0  Blocks seen: 0
0 made implicit ( 0%)
StringConcat:    0/   0/   0(replaced/merged/total)
CCP: 0  constants found: 0
Total frameslots = 8, Max frameslots = 4
Inserted 0 spill loads, 0 spill stores, 0 mem-mem moves and 0 copies.
Total load cost=      0, store cost =      0, mem-mem cost =  0.00, copy cost =     0.
Adjusted spill cost =       0.
Conservatively coalesced 44 copies, 0 pairs, 0 post alloc.
Average allocation trips 1.000000
High Pressure Blocks = 0, Low Pressure Blocks = 0
Nops added 0 bytes to total of 1600 bytes, for 0.00%
Peephole: peephole rules applied: 0
PhaseIdealLoop=0, sum _unique=0, long loops=0/0/0
No escape = 0, Arg escape = 0, Global escape = 0
Objects scalar replaced = 0, Monitor objects removed = 0, GC barriers removed = 0, Memory barriers removed = 0
</statistics>
<writer thread='2399435'/>
<destroy_vm stamp='0.411'/>
<tty_done stamp='0.615'/>
</tty>
<hotspot_log_done stamp='0.615'/>
</hotspot_log>
