#
# A fatal error has been detected by the Java Runtime Environment:
#
#  Internal Error (/home/jatinbha/sandboxes/lworld+vector/valhalla.new_merge.alt/valhalla/src/hotspot/share/opto/idealGraphPrinter.cpp:972), pid=3407899, tid=3407919
#  fatal error: Couldn't connect to visualizer at 127.0.0.1:4444
#
# JRE version: OpenJDK Runtime Environment (25.0) (slowdebug build 25-internal-adhoc.root.valhalla)
# Java VM: OpenJDK 64-Bit Server VM (slowdebug 25-internal-adhoc.root.valhalla, mixed mode, sharing, tiered, compressed oops, compressed class ptrs, g1 gc, linux-amd64)
# Problematic frame:
# V  [libjvm.so+0x1174d4b]  IdealGraphPrinter::init_network_stream()+0x10f
#
# Core dump will be written. Default location: Core dumps may be processed with "/usr/share/apport/apport -p%p -s%s -c%c -d%d -P%P -u%u -g%g -- %E" (or dumping to /home/jatinbha/code/java/valhalla/core.3407899)
#
# If you would like to submit a bug report, please visit:
#   https://bugreport.java.com/bugreport/crash.jsp
#

---------------  S U M M A R Y ------------

Command Line: --add-modules=jdk.incubator.vector --enable-preview -XX:PrintIdealGraphLevel=3 -XX:CompileCommand=PrintIdealPhase,Add::micro,BEFORE_MATCHING Add

Host: intel-S2600WFT, Intel(R) Xeon(R) Platinum 8280 CPU @ 2.70GHz, 112 cores, 754G, Ubuntu 20.04.2 LTS
Time: Tue Apr 15 11:38:03 2025 IST elapsed time: 0.543804 seconds (0d 0h 0m 0s)

---------------  T H R E A D  ---------------

Current thread (0x00007f8ca82e6670):  JavaThread "C2 CompilerThread0" daemon [_thread_in_vm, id=3407919, stack(0x00007f8c5455b000,0x00007f8c5465c000) (1028K)]

Stack: [0x00007f8c5455b000,0x00007f8c5465c000],  sp=0x00007f8c54657c20,  free space=1011k
Native frames: (J=compiled Java code, j=interpreted, Vv=VM code, C=native code)
V  [libjvm.so+0x1174d4b]  IdealGraphPrinter::init_network_stream()+0x10f  (idealGraphPrinter.cpp:972)
V  [libjvm.so+0x1170fe3]  IdealGraphPrinter::init(char const*, bool, bool)+0xa3  (idealGraphPrinter.cpp:157)
V  [libjvm.so+0x1170e5e]  IdealGraphPrinter::IdealGraphPrinter()+0x30  (idealGraphPrinter.cpp:122)
V  [libjvm.so+0x1170cf3]  IdealGraphPrinter::printer()+0x91  (idealGraphPrinter.cpp:92)
V  [libjvm.so+0xd1b325]  Compile::init_igv()+0x25  (compile.cpp:5677)
V  [libjvm.so+0xd1b3aa]  Compile::should_print_igv(int)+0x5c  (compile.cpp:5691)
V  [libjvm.so+0xd1b0db]  Compile::print_method(CompilerPhaseType, int, Node*)+0x2e1  (compile.cpp:5631)
V  [libjvm.so+0x1635f99]  Matcher::match()+0xbe5  (matcher.cpp:371)
V  [libjvm.so+0xd130b3]  Compile::Code_Gen()+0x89  (compile.cpp:3464)
V  [libjvm.so+0xd07343]  Compile::Compile(ciEnv*, TypeFunc const* (*)(), unsigned char*, char const*, int, bool, bool, DirectiveSet*)+0x91b  (compile.cpp:1023)
V  [libjvm.so+0x186ce3b]  OptoRuntime::generate_stub(ciEnv*, TypeFunc const* (*)(), unsigned char*, char const*, int, bool, bool)+0xd7  (runtime.cpp:284)
V  [libjvm.so+0x186c65a]  OptoRuntime::generate(ciEnv*)+0x56  (runtime.cpp:180)
V  [libjvm.so+0xbb0565]  C2Compiler::init_c2_runtime()+0x16d  (c2compiler.cpp:98)
V  [libjvm.so+0xbb05f7]  C2Compiler::initialize()+0x7b  (c2compiler.cpp:111)
V  [libjvm.so+0xd2b206]  CompileBroker::init_compiler_runtime()+0xfc  (compileBroker.cpp:1785)
V  [libjvm.so+0xd2b7f5]  CompileBroker::compiler_thread_loop()+0x189  (compileBroker.cpp:1927)
V  [libjvm.so+0xd4c026]  CompilerThread::thread_entry(JavaThread*, JavaThread*)+0x84  (compilerThread.cpp:67)
V  [libjvm.so+0x1205728]  JavaThread::thread_main_inner()+0x15a  (javaThread.cpp:777)
V  [libjvm.so+0x12055ca]  JavaThread::run()+0x1c0  (javaThread.cpp:762)
V  [libjvm.so+0x1b695e8]  Thread::call_run()+0x1a8  (thread.cpp:231)
V  [libjvm.so+0x1766396]  thread_native_entry(Thread*)+0x1c3  (os_linux.cpp:877)
Registers:
RAX=0x00007f8cb15d0000, RBX=0x00007f8be8053350, RCX=0x0000000000000001, RDX=0x0000000000000000
RSP=0x00007f8c54657c20, RBP=0x00007f8c54657c50, RSI=0x00007f8be8055be0, RDI=0x00007f8be80008d6
R8 =0x0000000000000000, R9 =0x0000000000000000, R10=0x0000000000000000, R11=0x0000000000000000
R12=0x00007f8c54659b18, R13=0x00007f8cadd9f58f, R14=0x00007f8cadd9f6e0, R15=0x00007f8c5465afc0
RIP=0x00007f8caf070d4b, EFLAGS=0x0000000000010246, CSGSFS=0x002b000000000033, ERR=0x0000000000000006
  TRAPNO=0x000000000000000e

XMM[0]=0x0000000600000001 0x0000000200000000
XMM[1]=0x0000000000000000 0x0000000600000001
XMM[2]=0x0000000000000000 0x00000000000000ff
XMM[3]=0x0000000000000000 0x0000000000000000
XMM[4]=0x0000000000000000 0x0000000000000000
XMM[5]=0x0000000000000000 0x0000000000000006
XMM[6]=0x0000000000000000 0x0000000000000002
XMM[7]=0x0000003000000018 0x000000000100007f
XMM[8]=0x64656c6961662066 0x746e6972706e7300
XMM[9]=0x0000000000000000 0x0000000000000000
XMM[10]=0x0000000000000000 0x0000000000000000
XMM[11]=0x0000000000000000 0x0000000000000000
XMM[12]=0x0000000000000000 0x0000000000000000
XMM[13]=0x0000000000000000 0x0000000000000000
XMM[14]=0x0000000000000000 0x0000000000000000
XMM[15]=0x0000000000000000 0x0000000000000000
  MXCSR=0x00001fa2


Register to memory mapping:

RAX=0x00007f8cb15d0000 in mmap'd memory region [0x00007f8cb15d0000 - 0x00007f8cb15d1000], tag mtInternal
RBX=0x00007f8be8053350 into live malloced block starting at 0x00007f8be8053350, size 96, tag mtCompiler
RCX=0x0000000000000001 is an unknown value
RDX=0x0 is null
RSP=0x00007f8c54657c20 is pointing into the stack for thread: 0x00007f8ca82e6670
RBP=0x00007f8c54657c50 is pointing into the stack for thread: 0x00007f8ca82e6670
RSI=0x00007f8be8055be0 points into unknown readable memory: 0x0000000000000000 | 00 00 00 00 00 00 00 00
RDI=0x00007f8be80008d6 points into unknown readable memory: 01 00
R8 =0x0 is null
R9 =0x0 is null
R10=0x0 is null
R11=0x0 is null
R12=0x00007f8c54659b18 is pointing into the stack for thread: 0x00007f8ca82e6670
R13=0x00007f8cadd9f58f is pointing into the stack for thread: 0x00007f8ca802cc90
R14=0x00007f8cadd9f6e0 is pointing into the stack for thread: 0x00007f8ca802cc90
R15=0x00007f8c5465afc0 is pointing into the stack for thread: 0x00007f8ca82e6670

Top of Stack: (sp=0x00007f8c54657c20)
0x00007f8c54657c20:   0000000000000000 00007f8be8052ae0   .........*......
0x00007f8c54657c30:   07007f8be8052ad0 0000000000000060   .*......`.......
0x00007f8c54657c40:   00007f8c54657c80 00007f8be8052ae0   .|eT.....*......
0x00007f8c54657c50:   00007f8c54657ca0 00007f8caf06cfe3   .|eT............
0x00007f8c54657c60:   0000000700000000 0000000100000800   ................
0x00007f8c54657c70:   0000000000000000 00007f8be8052ae0   .........*......
0x00007f8c54657c80:   00007f8c54657cc0 00007f8cae820d32   .|eT....2.......
0x00007f8c54657c90:   00007f0700000000 00007f8be8052ae0   .........*......
0x00007f8c54657ca0:   00007f8c54657cc0 00007f8caf06ce5e   .|eT....^.......
0x00007f8c54657cb0:   fffffffffffffffe 00007f8be8052ae0   .........*......
0x00007f8c54657cc0:   00007f8c54657d10 00007f8caf06ccf3   .}eT............
0x00007f8c54657cd0:   0700000000000010 00007f8ca82e6670   ........pf......
0x00007f8c54657ce0:   00007f8ca82e6670 00007f8caf74102d   pf......-.t.....
0x00007f8c54657cf0:   0000000000000850 0000000000000850   P.......P.......
0x00007f8c54657d00:   0000000000000010 00007f8be803bc29   ........).......
0x00007f8c54657d10:   00007f8c54657d30 00007f8caec17325   0}eT....%s......
0x00007f8c54657d20:   0000000054657d40 00007f8c54659880   @}eT......eT....
0x00007f8c54657d30:   00007f8c54657d60 00007f8caec173aa   `}eT.....s......
0x00007f8c54657d40:   0000000154657d60 00007f8c54659880   `}eT......eT....
0x00007f8c54657d50:   00007f8cafeef11a 01007f8be803cd78   ........x.......
0x00007f8c54657d60:   00007f8c54657ee0 00007f8caec170db   .~eT.....p......
0x00007f8c54657d70:   00007f8c54657db0 0000000000000000   .}eT............
0x00007f8c54657d80:   0000004100000001 00007f8c54659880   ....A.....eT....
0x00007f8c54657d90:   0000000154657db0 00007f8caf53f039   .}eT....9.S.....
0x00007f8c54657da0:   00007f8c54657dc0 00007f8be803cd78   .}eT....x.......
0x00007f8c54657db0:   00007f8ca82e6f30 00007f8be80382a0   0o..............
0x00007f8c54657dc0:   00007f8be803cd78 00007f8be8040290   x...............
0x00007f8c54657dd0:   00000000000083b0 00007f8c00000002   ................
0x00007f8c54657de0:   00007f8ca82e6670 00007f8c54659840   pf......@.eT....
0x00007f8c54657df0:   0000000000000000 0000000000000000   ................
0x00007f8c54657e00:   00007f8c54000001 0000000000000000   ...T............
0x00007f8c54657e10:   00007f8c54657e08 0000000000000040   .~eT....@.......

Instructions: (pc=0x00007f8caf070d4b)
  0x00007f8caf070c4b:   7d d8 48 c7 45 e8 60 00 00 00 c6 45 e7 07 0f b6
  0x00007f8caf070c5b:   4d e7 48 8b 45 e8 ba 00 00 00 00 89 ce 48 89 c7
  0x00007f8caf070c6b:   e8 65 00 7b ff 48 89 c3 90 48 89 df e8 c6 ca 60
  0x00007f8caf070c7b:   00 48 8b 45 d8 48 89 18 48 8b 45 d8 48 8b 00 48
  0x00007f8caf070c8b:   8d 15 07 4c 12 02 48 8b 12 0f bf d2 48 8d 0d a2
  0x00007f8caf070c9b:   58 12 02 48 8b 09 48 89 ce 48 89 c7 e8 66 cd 60
  0x00007f8caf070cab:   00 84 c0 0f 84 8d 00 00 00 c6 45 e6 00 48 8b 45
  0x00007f8caf070cbb:   d8 48 8b 00 48 8d 4d e6 ba 01 00 00 00 48 89 ce
  0x00007f8caf070ccb:   48 89 c7 e8 25 cb 60 00 0f b6 45 e6 3c 79 74 55
  0x00007f8caf070cdb:   48 8d 05 a6 4e 18 02 48 8b 00 48 8d 35 8c 2b 1c
  0x00007f8caf070ceb:   01 48 89 c7 b8 00 00 00 00 e8 47 9e 60 00 48 8b
  0x00007f8caf070cfb:   45 d8 48 8b 00 48 89 c7 e8 be cc 60 00 48 8b 45
  0x00007f8caf070d0b:   d8 48 8b 00 48 85 c0 74 0f 48 8b 10 48 83 c2 20
  0x00007f8caf070d1b:   48 8b 12 48 89 c7 ff d2 48 8b 45 d8 48 c7 00 00
  0x00007f8caf070d2b:   00 00 00 eb 5a 48 8b 45 d8 48 8b 10 48 8b 45 d8
  0x00007f8caf070d3b:   48 89 50 10 eb 49 48 8d 05 40 ac 0f 02 48 8b 00
=>0x00007f8caf070d4b:   c6 00 58 48 8d 05 43 4b 12 02 48 8b 10 48 8d 05
  0x00007f8caf070d5b:   e1 57 12 02 48 8b 00 49 89 d1 49 89 c0 48 8d 0d
  0x00007f8caf070d6b:   41 2b 1c 01 ba cc 03 00 00 48 8d 35 05 26 1c 01
  0x00007f8caf070d7b:   bf 00 00 00 e0 b8 00 00 00 00 e8 de 96 c4 ff 48
  0x00007f8caf070d8b:   8b 5d f8 c9 c3 f3 0f 1e fa 55 48 89 e5 48 83 ec
  0x00007f8caf070d9b:   10 48 89 7d f8 48 89 75 f0 e8 d8 8c 50 ff 83 f0
  0x00007f8caf070dab:   01 84 c0 74 17 48 8b 45 f8 48 8b 80 38 08 00 00
  0x00007f8caf070dbb:   48 85 c0 75 07 b8 01 00 00 00 eb 05 b8 00 00 00
  0x00007f8caf070dcb:   00 84 c0 74 31 48 8d 05 b1 ab 0f 02 48 8b 00 c6
  0x00007f8caf070ddb:   00 58 48 8d 0d f5 2a 1c 01 48 8d 15 02 2b 1c 01
  0x00007f8caf070deb:   be d2 03 00 00 48 8d 3d 89 25 1c 01 b8 00 00 00
  0x00007f8caf070dfb:   00 e8 ca 94 c4 ff 48 8b 45 f8 48 8b 40 18 48 39
  0x00007f8caf070e0b:   45 f0 74 35 48 8b 45 f8 0f b6 80 48 08 00 00 84
  0x00007f8caf070e1b:   c0 74 0e 48 8b 45 f8 48 8b 55 f0 48 89 50 18 eb
  0x00007f8caf070e2b:   18 48 8b 45 f8 48 89 c7 e8 c0 ce ff ff 48 8b 45
  0x00007f8caf070e3b:   f8 48 89 c7 e8 c6 ca ff ff 90 c9 c3 f3 0f 1e fa


Stack slot to memory mapping:

stack at sp + 0 slots: 0x0 is null
stack at sp + 1 slots: 0x00007f8be8052ae0 into live malloced block starting at 0x00007f8be8052ae0, size 2128, tag mtCompiler
stack at sp + 2 slots: 0x07007f8be8052ad0 is an unknown value
stack at sp + 3 slots: 0x0000000000000060 is an unknown value
stack at sp + 4 slots: 0x00007f8c54657c80 is pointing into the stack for thread: 0x00007f8ca82e6670
stack at sp + 5 slots: 0x00007f8be8052ae0 into live malloced block starting at 0x00007f8be8052ae0, size 2128, tag mtCompiler
stack at sp + 6 slots: 0x00007f8c54657ca0 is pointing into the stack for thread: 0x00007f8ca82e6670
stack at sp + 7 slots: 0x00007f8caf06cfe3: <offset 0x0000000001170fe3> in /home/jatinbha/sandboxes/lworld+vector/valhalla.new_merge.alt/valhalla/build/linux-x86_64-server-slowdebug/images/jdk/lib/server/libjvm.so at 0x00007f8cadefc000

Lock stack of current Java thread (top to bottom):


---------------  P R O C E S S  ---------------

uid  : 1000 euid : 1000 gid  : 1000 egid : 1000

umask: 0002 (-------w-)

Threads class SMR info:
_java_thread_list=0x00007f8be01fa320, length=26, elements={
0x00007f8ca82dfb60, 0x00007f8ca82e0a60, 0x00007f8ca82e1ca0, 0x00007f8ca82e3010,
0x00007f8ca82e4240, 0x00007f8ca82e6670, 0x00007f8ca82e80c0, 0x00007f8bdc06ee00,
0x00007f8ca8393f40, 0x00007f8be000ef50, 0x00007f8be0082ba0, 0x00007f8be0084180,
0x00007f8be0085b70, 0x00007f8bd80122d0, 0x00007f8bc4001db0, 0x00007f8bd805f830,
0x00007f8bcc0018a0, 0x00007f8ca84770f0, 0x00007f8bcc0948e0, 0x00007f8bdc1d5aa0,
0x00007f8bd811c370, 0x00007f8be011c450, 0x00007f8be01f90b0, 0x00007f8be015e9a0,
0x00007f8be015ffe0, 0x00007f8ca802cc90
}
_java_thread_list_alloc_cnt=29, _java_thread_list_free_cnt=27, _java_thread_list_max=26, _nested_thread_list_max=0
_tlh_cnt=95, _tlh_times=0, avg_tlh_time=0.00, _tlh_time_max=0
_deleted_thread_cnt=1, _deleted_thread_times=0, avg_deleted_thread_time=0.00, _deleted_thread_time_max=0
_delete_lock_wait_cnt=0, _delete_lock_wait_max=0
_to_delete_list_cnt=0, _to_delete_list_max=1

Java Threads: ( => current thread )
  0x00007f8ca82dfb60 JavaThread "Reference Handler"          daemon [_thread_blocked, id=3407914, stack(0x00007f8c54fd1000,0x00007f8c550d1000) (1024K)]
  0x00007f8ca82e0a60 JavaThread "Finalizer"                  daemon [_thread_blocked, id=3407915, stack(0x00007f8c551d3000,0x00007f8c552d3000) (1024K)]
  0x00007f8ca82e1ca0 JavaThread "Signal Dispatcher"          daemon [_thread_blocked, id=3407916, stack(0x00007f8c54ed0000,0x00007f8c54fd0000) (1024K)]
  0x00007f8ca82e3010 JavaThread "Service Thread"             daemon [_thread_blocked, id=3407917, stack(0x00007f8c550d2000,0x00007f8c551d2000) (1024K)]
  0x00007f8ca82e4240 JavaThread "Monitor Deflation Thread"   daemon [_thread_blocked, id=3407918, stack(0x00007f8c5465c000,0x00007f8c5475d000) (1028K)]
=>0x00007f8ca82e6670 JavaThread "C2 CompilerThread0"         daemon [_thread_in_vm, id=3407919, stack(0x00007f8c5455b000,0x00007f8c5465c000) (1028K)]
  0x00007f8ca82e80c0 JavaThread "C1 CompilerThread0"         daemon [_thread_blocked, id=3407920, stack(0x00007f8c5445a000,0x00007f8c5455b000) (1028K)]
  0x00007f8bdc06ee00 JavaThread "C1 CompilerThread1"         daemon [_thread_blocked, id=3407921, stack(0x00007f8c541ee000,0x00007f8c542ef000) (1028K)]
  0x00007f8ca8393f40 JavaThread "Common-Cleaner"             daemon [_thread_blocked, id=3407922, stack(0x00007f8c540ed000,0x00007f8c541ee000) (1028K)]
  0x00007f8be000ef50 JavaThread "C1 CompilerThread2"         daemon [_thread_blocked, id=3407923, stack(0x00007f8c4703d000,0x00007f8c4713e000) (1028K)]
  0x00007f8be0082ba0 JavaThread "C1 CompilerThread3"         daemon [_thread_blocked, id=3407924, stack(0x00007f8c05705000,0x00007f8c05806000) (1028K)]
  0x00007f8be0084180 JavaThread "C1 CompilerThread4"         daemon [_thread_blocked, id=3407925, stack(0x00007f8c05604000,0x00007f8c05705000) (1028K)]
  0x00007f8be0085b70 JavaThread "C1 CompilerThread5"         daemon [_thread_in_native, id=3407926, stack(0x00007f8c05503000,0x00007f8c05604000) (1028K)]
  0x00007f8bd80122d0 JavaThread "C2 CompilerThread1"         daemon [_thread_blocked, id=3407927, stack(0x00007f8c05402000,0x00007f8c05503000) (1028K)]
  0x00007f8bc4001db0 JavaThread "C2 CompilerThread2"         daemon [_thread_blocked, id=3407928, stack(0x00007f8c05301000,0x00007f8c05402000) (1028K)]
  0x00007f8bd805f830 JavaThread "C2 CompilerThread3"         daemon [_thread_blocked, id=3407929, stack(0x00007f8c05200000,0x00007f8c05301000) (1028K)]
  0x00007f8bcc0018a0 JavaThread "C2 CompilerThread4"         daemon [_thread_blocked, id=3407930, stack(0x00007f8c050ff000,0x00007f8c05200000) (1028K)]
  0x00007f8ca84770f0 JavaThread "Notification Thread"        daemon [_thread_blocked, id=3407931, stack(0x00007f8c04ffe000,0x00007f8c050ff000) (1028K)]
  0x00007f8bcc0948e0 JavaThread "C2 CompilerThread5"         daemon [_thread_blocked, id=3407932, stack(0x00007f8c04efd000,0x00007f8c04ffe000) (1028K)]
  0x00007f8bdc1d5aa0 JavaThread "C2 CompilerThread6"         daemon [_thread_blocked, id=3407933, stack(0x00007f8c04dfc000,0x00007f8c04efd000) (1028K)]
  0x00007f8bd811c370 JavaThread "C2 CompilerThread7"         daemon [_thread_blocked, id=3407934, stack(0x00007f8c04cfb000,0x00007f8c04dfc000) (1028K)]
  0x00007f8be011c450 JavaThread "C2 CompilerThread8"         daemon [_thread_blocked, id=3407935, stack(0x00007f8c04bfa000,0x00007f8c04cfb000) (1028K)]
  0x00007f8be01f90b0 JavaThread "C2 CompilerThread9"         daemon [_thread_blocked, id=3407936, stack(0x00007f8c04af9000,0x00007f8c04bfa000) (1028K)]
  0x00007f8be015e9a0 JavaThread "C2 CompilerThread10"        daemon [_thread_blocked, id=3407937, stack(0x00007f8c049f8000,0x00007f8c04af9000) (1028K)]
  0x00007f8be015ffe0 JavaThread "C2 CompilerThread11"        daemon [_thread_blocked, id=3407938, stack(0x00007f8c048f7000,0x00007f8c049f8000) (1028K)]
  0x00007f8ca802cc90 JavaThread "DestroyJavaVM"                     [_thread_blocked, id=3407900, stack(0x00007f8cadca2000,0x00007f8cadda3000) (1028K)]
Total: 26

Other Threads:
  0x00007f8ca82a49a0 VMThread "VM Thread"                           [id=3407913, stack(0x00007f8c54dcf000,0x00007f8c54ecf000) (1024K)]
  0x00007f8ca81f1d10 WatcherThread "VM Periodic Task Thread"        [id=3407912, stack(0x00007f8c54cce000,0x00007f8c54dce000) (1024K)]
  0x00007f8ca806e900 WorkerThread "GC Thread#0"                     [id=3407901, stack(0x00007f8c681a7000,0x00007f8c682a7000) (1024K)]
  0x00007f8ca8082c80 ConcurrentGCThread "G1 Main Marker"            [id=3407902, stack(0x00007f8c680a6000,0x00007f8c681a6000) (1024K)]
  0x00007f8ca8083f20 WorkerThread "G1 Conc#0"                       [id=3407903, stack(0x00007f8c63f00000,0x00007f8c64000000) (1024K)]
  0x00007f8ca81db5a0 ConcurrentGCThread "G1 Refine#0"               [id=3407904, stack(0x00007f8c553d5000,0x00007f8c554d5000) (1024K)]
  0x00007f8ca81dc7e0 ConcurrentGCThread "G1 Service"                [id=3407905, stack(0x00007f8c552d4000,0x00007f8c553d4000) (1024K)]
Total: 7

Threads with active compile tasks:
C1 CompilerThread5  3497  318       3       jdk.internal.classfile.impl.StackMapGenerator::processBlock (2767 bytes)
Total: 1

VM state: not at safepoint (normal execution)

VM Mutex/Monitor currently owned by a thread: None

Heap address: 0x00000000a0000000, size: 30208 MB, Compressed Oops mode: Zero based, Oop shift amount: 3

CDS archive(s) mapped at: [0x00007f8c06000000-0x00007f8c06ec3000-0x00007f8c06ec3000), size 15478784, SharedBaseAddress: 0x00007f8c06000000, ArchiveRelocationMode: 1.
Compressed class space mapped at: 0x00007f8c07000000-0x00007f8c47000000, reserved size: 1073741824
UseCompressedClassPointers 1, UseCompactObjectHeaders 0
Narrow klass pointer bits 32, Max shift 3
Narrow klass base: 0x00007f8c06000000, Narrow klass shift: 0
Encoding Range: [0x00007f8c06000000 - 0x00007f8d06000000), (4294967296 bytes)
Klass Range:    [0x00007f8c06000000 - 0x00007f8c47000000), (1090519040 bytes)
Klass ID Range:  [8 - 1090519033) (1090519025)

GC Precious Log:
 CardTable entry size: 512
 Card Set container configuration: InlinePtr #cards 3 size 8 Array Of Cards #cards 128 size 272 Howl #buckets 8 coarsen threshold 29491 Howl Bitmap #cards 4096 size 528 coarsen threshold 3686 Card regions per heap region 1 cards per card region 32768
 CPUs: 112 total, 112 available
 Memory: 754G
 Large Page Support: Disabled
 NUMA Support: Disabled
 Compressed Oops: Enabled (Zero based)
 Heap Region Size: 16M
 Heap Min Capacity: 16M
 Heap Initial Capacity: 2G
 Heap Max Capacity: 30208M
 Pre-touch: Disabled
 Parallel Workers: 73
 Concurrent Workers: 18
 Concurrent Refinement Workers: 73
 Periodic GC: Disabled

Heap:
 garbage-first heap   total reserved 30932992K, committed 2097152K, used 49152K [0x00000000a0000000, 0x0000000800000000)
  region size 16384K, 4 young (65536K), 0 survivors (0K)
 Metaspace       used 2417K, committed 2560K, reserved 1114112K
  class space    used 152K, committed 256K, reserved 1048576K

Heap Regions: E=young(eden), S=young(survivor), O=old, HS=humongous(starts), HC=humongous(continues), CS=collection set, F=free, TAMS=top-at-mark-start, PB=parsable bottom
|   0|0x00000000a0000000, 0x00000000a0000000, 0x00000000a1000000|  0%| F|  |TAMS 0x00000000a0000000| PB 0x00000000a0000000| Untracked |  0
|   1|0x00000000a1000000, 0x00000000a1000000, 0x00000000a2000000|  0%| F|  |TAMS 0x00000000a1000000| PB 0x00000000a1000000| Untracked |  0
|   2|0x00000000a2000000, 0x00000000a2000000, 0x00000000a3000000|  0%| F|  |TAMS 0x00000000a2000000| PB 0x00000000a2000000| Untracked |  0
|   3|0x00000000a3000000, 0x00000000a3000000, 0x00000000a4000000|  0%| F|  |TAMS 0x00000000a3000000| PB 0x00000000a3000000| Untracked |  0
|   4|0x00000000a4000000, 0x00000000a4000000, 0x00000000a5000000|  0%| F|  |TAMS 0x00000000a4000000| PB 0x00000000a4000000| Untracked |  0
|   5|0x00000000a5000000, 0x00000000a5000000, 0x00000000a6000000|  0%| F|  |TAMS 0x00000000a5000000| PB 0x00000000a5000000| Untracked |  0
|   6|0x00000000a6000000, 0x00000000a6000000, 0x00000000a7000000|  0%| F|  |TAMS 0x00000000a6000000| PB 0x00000000a6000000| Untracked |  0
|   7|0x00000000a7000000, 0x00000000a7000000, 0x00000000a8000000|  0%| F|  |TAMS 0x00000000a7000000| PB 0x00000000a7000000| Untracked |  0
|   8|0x00000000a8000000, 0x00000000a8000000, 0x00000000a9000000|  0%| F|  |TAMS 0x00000000a8000000| PB 0x00000000a8000000| Untracked |  0
|   9|0x00000000a9000000, 0x00000000a9000000, 0x00000000aa000000|  0%| F|  |TAMS 0x00000000a9000000| PB 0x00000000a9000000| Untracked |  0
|  10|0x00000000aa000000, 0x00000000aa000000, 0x00000000ab000000|  0%| F|  |TAMS 0x00000000aa000000| PB 0x00000000aa000000| Untracked |  0
|  11|0x00000000ab000000, 0x00000000ab000000, 0x00000000ac000000|  0%| F|  |TAMS 0x00000000ab000000| PB 0x00000000ab000000| Untracked |  0
|  12|0x00000000ac000000, 0x00000000ac000000, 0x00000000ad000000|  0%| F|  |TAMS 0x00000000ac000000| PB 0x00000000ac000000| Untracked |  0
|  13|0x00000000ad000000, 0x00000000ad000000, 0x00000000ae000000|  0%| F|  |TAMS 0x00000000ad000000| PB 0x00000000ad000000| Untracked |  0
|  14|0x00000000ae000000, 0x00000000ae000000, 0x00000000af000000|  0%| F|  |TAMS 0x00000000ae000000| PB 0x00000000ae000000| Untracked |  0
|  15|0x00000000af000000, 0x00000000af000000, 0x00000000b0000000|  0%| F|  |TAMS 0x00000000af000000| PB 0x00000000af000000| Untracked |  0
|  16|0x00000000b0000000, 0x00000000b0000000, 0x00000000b1000000|  0%| F|  |TAMS 0x00000000b0000000| PB 0x00000000b0000000| Untracked |  0
|  17|0x00000000b1000000, 0x00000000b1000000, 0x00000000b2000000|  0%| F|  |TAMS 0x00000000b1000000| PB 0x00000000b1000000| Untracked |  0
|  18|0x00000000b2000000, 0x00000000b2000000, 0x00000000b3000000|  0%| F|  |TAMS 0x00000000b2000000| PB 0x00000000b2000000| Untracked |  0
|  19|0x00000000b3000000, 0x00000000b3000000, 0x00000000b4000000|  0%| F|  |TAMS 0x00000000b3000000| PB 0x00000000b3000000| Untracked |  0
|  20|0x00000000b4000000, 0x00000000b4000000, 0x00000000b5000000|  0%| F|  |TAMS 0x00000000b4000000| PB 0x00000000b4000000| Untracked |  0
|  21|0x00000000b5000000, 0x00000000b5000000, 0x00000000b6000000|  0%| F|  |TAMS 0x00000000b5000000| PB 0x00000000b5000000| Untracked |  0
|  22|0x00000000b6000000, 0x00000000b6000000, 0x00000000b7000000|  0%| F|  |TAMS 0x00000000b6000000| PB 0x00000000b6000000| Untracked |  0
|  23|0x00000000b7000000, 0x00000000b7000000, 0x00000000b8000000|  0%| F|  |TAMS 0x00000000b7000000| PB 0x00000000b7000000| Untracked |  0
|  24|0x00000000b8000000, 0x00000000b8000000, 0x00000000b9000000|  0%| F|  |TAMS 0x00000000b8000000| PB 0x00000000b8000000| Untracked |  0
|  25|0x00000000b9000000, 0x00000000b9000000, 0x00000000ba000000|  0%| F|  |TAMS 0x00000000b9000000| PB 0x00000000b9000000| Untracked |  0
|  26|0x00000000ba000000, 0x00000000ba000000, 0x00000000bb000000|  0%| F|  |TAMS 0x00000000ba000000| PB 0x00000000ba000000| Untracked |  0
|  27|0x00000000bb000000, 0x00000000bb000000, 0x00000000bc000000|  0%| F|  |TAMS 0x00000000bb000000| PB 0x00000000bb000000| Untracked |  0
|  28|0x00000000bc000000, 0x00000000bc000000, 0x00000000bd000000|  0%| F|  |TAMS 0x00000000bc000000| PB 0x00000000bc000000| Untracked |  0
|  29|0x00000000bd000000, 0x00000000bd000000, 0x00000000be000000|  0%| F|  |TAMS 0x00000000bd000000| PB 0x00000000bd000000| Untracked |  0
|  30|0x00000000be000000, 0x00000000be000000, 0x00000000bf000000|  0%| F|  |TAMS 0x00000000be000000| PB 0x00000000be000000| Untracked |  0
|  31|0x00000000bf000000, 0x00000000bf000000, 0x00000000c0000000|  0%| F|  |TAMS 0x00000000bf000000| PB 0x00000000bf000000| Untracked |  0
|  32|0x00000000c0000000, 0x00000000c0000000, 0x00000000c1000000|  0%| F|  |TAMS 0x00000000c0000000| PB 0x00000000c0000000| Untracked |  0
|  33|0x00000000c1000000, 0x00000000c1000000, 0x00000000c2000000|  0%| F|  |TAMS 0x00000000c1000000| PB 0x00000000c1000000| Untracked |  0
|  34|0x00000000c2000000, 0x00000000c2000000, 0x00000000c3000000|  0%| F|  |TAMS 0x00000000c2000000| PB 0x00000000c2000000| Untracked |  0
|  35|0x00000000c3000000, 0x00000000c3000000, 0x00000000c4000000|  0%| F|  |TAMS 0x00000000c3000000| PB 0x00000000c3000000| Untracked |  0
|  36|0x00000000c4000000, 0x00000000c4000000, 0x00000000c5000000|  0%| F|  |TAMS 0x00000000c4000000| PB 0x00000000c4000000| Untracked |  0
|  37|0x00000000c5000000, 0x00000000c5000000, 0x00000000c6000000|  0%| F|  |TAMS 0x00000000c5000000| PB 0x00000000c5000000| Untracked |  0
|  38|0x00000000c6000000, 0x00000000c6000000, 0x00000000c7000000|  0%| F|  |TAMS 0x00000000c6000000| PB 0x00000000c6000000| Untracked |  0
|  39|0x00000000c7000000, 0x00000000c7000000, 0x00000000c8000000|  0%| F|  |TAMS 0x00000000c7000000| PB 0x00000000c7000000| Untracked |  0
|  40|0x00000000c8000000, 0x00000000c8000000, 0x00000000c9000000|  0%| F|  |TAMS 0x00000000c8000000| PB 0x00000000c8000000| Untracked |  0
|  41|0x00000000c9000000, 0x00000000c9000000, 0x00000000ca000000|  0%| F|  |TAMS 0x00000000c9000000| PB 0x00000000c9000000| Untracked |  0
|  42|0x00000000ca000000, 0x00000000ca000000, 0x00000000cb000000|  0%| F|  |TAMS 0x00000000ca000000| PB 0x00000000ca000000| Untracked |  0
|  43|0x00000000cb000000, 0x00000000cb000000, 0x00000000cc000000|  0%| F|  |TAMS 0x00000000cb000000| PB 0x00000000cb000000| Untracked |  0
|  44|0x00000000cc000000, 0x00000000cc000000, 0x00000000cd000000|  0%| F|  |TAMS 0x00000000cc000000| PB 0x00000000cc000000| Untracked |  0
|  45|0x00000000cd000000, 0x00000000cd000000, 0x00000000ce000000|  0%| F|  |TAMS 0x00000000cd000000| PB 0x00000000cd000000| Untracked |  0
|  46|0x00000000ce000000, 0x00000000ce000000, 0x00000000cf000000|  0%| F|  |TAMS 0x00000000ce000000| PB 0x00000000ce000000| Untracked |  0
|  47|0x00000000cf000000, 0x00000000cf000000, 0x00000000d0000000|  0%| F|  |TAMS 0x00000000cf000000| PB 0x00000000cf000000| Untracked |  0
|  48|0x00000000d0000000, 0x00000000d0000000, 0x00000000d1000000|  0%| F|  |TAMS 0x00000000d0000000| PB 0x00000000d0000000| Untracked |  0
|  49|0x00000000d1000000, 0x00000000d1000000, 0x00000000d2000000|  0%| F|  |TAMS 0x00000000d1000000| PB 0x00000000d1000000| Untracked |  0
|  50|0x00000000d2000000, 0x00000000d2000000, 0x00000000d3000000|  0%| F|  |TAMS 0x00000000d2000000| PB 0x00000000d2000000| Untracked |  0
|  51|0x00000000d3000000, 0x00000000d3000000, 0x00000000d4000000|  0%| F|  |TAMS 0x00000000d3000000| PB 0x00000000d3000000| Untracked |  0
|  52|0x00000000d4000000, 0x00000000d4000000, 0x00000000d5000000|  0%| F|  |TAMS 0x00000000d4000000| PB 0x00000000d4000000| Untracked |  0
|  53|0x00000000d5000000, 0x00000000d5000000, 0x00000000d6000000|  0%| F|  |TAMS 0x00000000d5000000| PB 0x00000000d5000000| Untracked |  0
|  54|0x00000000d6000000, 0x00000000d6000000, 0x00000000d7000000|  0%| F|  |TAMS 0x00000000d6000000| PB 0x00000000d6000000| Untracked |  0
|  55|0x00000000d7000000, 0x00000000d7000000, 0x00000000d8000000|  0%| F|  |TAMS 0x00000000d7000000| PB 0x00000000d7000000| Untracked |  0
|  56|0x00000000d8000000, 0x00000000d8000000, 0x00000000d9000000|  0%| F|  |TAMS 0x00000000d8000000| PB 0x00000000d8000000| Untracked |  0
|  57|0x00000000d9000000, 0x00000000d9000000, 0x00000000da000000|  0%| F|  |TAMS 0x00000000d9000000| PB 0x00000000d9000000| Untracked |  0
|  58|0x00000000da000000, 0x00000000da000000, 0x00000000db000000|  0%| F|  |TAMS 0x00000000da000000| PB 0x00000000da000000| Untracked |  0
|  59|0x00000000db000000, 0x00000000db000000, 0x00000000dc000000|  0%| F|  |TAMS 0x00000000db000000| PB 0x00000000db000000| Untracked |  0
|  60|0x00000000dc000000, 0x00000000dc000000, 0x00000000dd000000|  0%| F|  |TAMS 0x00000000dc000000| PB 0x00000000dc000000| Untracked |  0
|  61|0x00000000dd000000, 0x00000000dd000000, 0x00000000de000000|  0%| F|  |TAMS 0x00000000dd000000| PB 0x00000000dd000000| Untracked |  0
|  62|0x00000000de000000, 0x00000000de000000, 0x00000000df000000|  0%| F|  |TAMS 0x00000000de000000| PB 0x00000000de000000| Untracked |  0
|  63|0x00000000df000000, 0x00000000df000000, 0x00000000e0000000|  0%| F|  |TAMS 0x00000000df000000| PB 0x00000000df000000| Untracked |  0
|  64|0x00000000e0000000, 0x00000000e0000000, 0x00000000e1000000|  0%| F|  |TAMS 0x00000000e0000000| PB 0x00000000e0000000| Untracked |  0
|  65|0x00000000e1000000, 0x00000000e1000000, 0x00000000e2000000|  0%| F|  |TAMS 0x00000000e1000000| PB 0x00000000e1000000| Untracked |  0
|  66|0x00000000e2000000, 0x00000000e2000000, 0x00000000e3000000|  0%| F|  |TAMS 0x00000000e2000000| PB 0x00000000e2000000| Untracked |  0
|  67|0x00000000e3000000, 0x00000000e3000000, 0x00000000e4000000|  0%| F|  |TAMS 0x00000000e3000000| PB 0x00000000e3000000| Untracked |  0
|  68|0x00000000e4000000, 0x00000000e4000000, 0x00000000e5000000|  0%| F|  |TAMS 0x00000000e4000000| PB 0x00000000e4000000| Untracked |  0
|  69|0x00000000e5000000, 0x00000000e5000000, 0x00000000e6000000|  0%| F|  |TAMS 0x00000000e5000000| PB 0x00000000e5000000| Untracked |  0
|  70|0x00000000e6000000, 0x00000000e6000000, 0x00000000e7000000|  0%| F|  |TAMS 0x00000000e6000000| PB 0x00000000e6000000| Untracked |  0
|  71|0x00000000e7000000, 0x00000000e7000000, 0x00000000e8000000|  0%| F|  |TAMS 0x00000000e7000000| PB 0x00000000e7000000| Untracked |  0
|  72|0x00000000e8000000, 0x00000000e8000000, 0x00000000e9000000|  0%| F|  |TAMS 0x00000000e8000000| PB 0x00000000e8000000| Untracked |  0
|  73|0x00000000e9000000, 0x00000000e9000000, 0x00000000ea000000|  0%| F|  |TAMS 0x00000000e9000000| PB 0x00000000e9000000| Untracked |  0
|  74|0x00000000ea000000, 0x00000000ea000000, 0x00000000eb000000|  0%| F|  |TAMS 0x00000000ea000000| PB 0x00000000ea000000| Untracked |  0
|  75|0x00000000eb000000, 0x00000000eb000000, 0x00000000ec000000|  0%| F|  |TAMS 0x00000000eb000000| PB 0x00000000eb000000| Untracked |  0
|  76|0x00000000ec000000, 0x00000000ec000000, 0x00000000ed000000|  0%| F|  |TAMS 0x00000000ec000000| PB 0x00000000ec000000| Untracked |  0
|  77|0x00000000ed000000, 0x00000000ed000000, 0x00000000ee000000|  0%| F|  |TAMS 0x00000000ed000000| PB 0x00000000ed000000| Untracked |  0
|  78|0x00000000ee000000, 0x00000000ee000000, 0x00000000ef000000|  0%| F|  |TAMS 0x00000000ee000000| PB 0x00000000ee000000| Untracked |  0
|  79|0x00000000ef000000, 0x00000000ef000000, 0x00000000f0000000|  0%| F|  |TAMS 0x00000000ef000000| PB 0x00000000ef000000| Untracked |  0
|  80|0x00000000f0000000, 0x00000000f0000000, 0x00000000f1000000|  0%| F|  |TAMS 0x00000000f0000000| PB 0x00000000f0000000| Untracked |  0
|  81|0x00000000f1000000, 0x00000000f1000000, 0x00000000f2000000|  0%| F|  |TAMS 0x00000000f1000000| PB 0x00000000f1000000| Untracked |  0
|  82|0x00000000f2000000, 0x00000000f2000000, 0x00000000f3000000|  0%| F|  |TAMS 0x00000000f2000000| PB 0x00000000f2000000| Untracked |  0
|  83|0x00000000f3000000, 0x00000000f3000000, 0x00000000f4000000|  0%| F|  |TAMS 0x00000000f3000000| PB 0x00000000f3000000| Untracked |  0
|  84|0x00000000f4000000, 0x00000000f4000000, 0x00000000f5000000|  0%| F|  |TAMS 0x00000000f4000000| PB 0x00000000f4000000| Untracked |  0
|  85|0x00000000f5000000, 0x00000000f5000000, 0x00000000f6000000|  0%| F|  |TAMS 0x00000000f5000000| PB 0x00000000f5000000| Untracked |  0
|  86|0x00000000f6000000, 0x00000000f6000000, 0x00000000f7000000|  0%| F|  |TAMS 0x00000000f6000000| PB 0x00000000f6000000| Untracked |  0
|  87|0x00000000f7000000, 0x00000000f7000000, 0x00000000f8000000|  0%| F|  |TAMS 0x00000000f7000000| PB 0x00000000f7000000| Untracked |  0
|  88|0x00000000f8000000, 0x00000000f8000000, 0x00000000f9000000|  0%| F|  |TAMS 0x00000000f8000000| PB 0x00000000f8000000| Untracked |  0
|  89|0x00000000f9000000, 0x00000000f9000000, 0x00000000fa000000|  0%| F|  |TAMS 0x00000000f9000000| PB 0x00000000f9000000| Untracked |  0
|  90|0x00000000fa000000, 0x00000000fa000000, 0x00000000fb000000|  0%| F|  |TAMS 0x00000000fa000000| PB 0x00000000fa000000| Untracked |  0
|  91|0x00000000fb000000, 0x00000000fb000000, 0x00000000fc000000|  0%| F|  |TAMS 0x00000000fb000000| PB 0x00000000fb000000| Untracked |  0
|  92|0x00000000fc000000, 0x00000000fc000000, 0x00000000fd000000|  0%| F|  |TAMS 0x00000000fc000000| PB 0x00000000fc000000| Untracked |  0
|  93|0x00000000fd000000, 0x00000000fd000000, 0x00000000fe000000|  0%| F|  |TAMS 0x00000000fd000000| PB 0x00000000fd000000| Untracked |  0
|  94|0x00000000fe000000, 0x00000000fe000000, 0x00000000ff000000|  0%| F|  |TAMS 0x00000000fe000000| PB 0x00000000fe000000| Untracked |  0
|  95|0x00000000ff000000, 0x00000000ff000000, 0x0000000100000000|  0%| F|  |TAMS 0x00000000ff000000| PB 0x00000000ff000000| Untracked |  0
|  96|0x0000000100000000, 0x0000000100000000, 0x0000000101000000|  0%| F|  |TAMS 0x0000000100000000| PB 0x0000000100000000| Untracked |  0
|  97|0x0000000101000000, 0x0000000101000000, 0x0000000102000000|  0%| F|  |TAMS 0x0000000101000000| PB 0x0000000101000000| Untracked |  0
|  98|0x0000000102000000, 0x0000000102000000, 0x0000000103000000|  0%| F|  |TAMS 0x0000000102000000| PB 0x0000000102000000| Untracked |  0
|  99|0x0000000103000000, 0x0000000103000000, 0x0000000104000000|  0%| F|  |TAMS 0x0000000103000000| PB 0x0000000103000000| Untracked |  0
| 100|0x0000000104000000, 0x0000000104000000, 0x0000000105000000|  0%| F|  |TAMS 0x0000000104000000| PB 0x0000000104000000| Untracked |  0
| 101|0x0000000105000000, 0x0000000105000000, 0x0000000106000000|  0%| F|  |TAMS 0x0000000105000000| PB 0x0000000105000000| Untracked |  0
| 102|0x0000000106000000, 0x0000000106000000, 0x0000000107000000|  0%| F|  |TAMS 0x0000000106000000| PB 0x0000000106000000| Untracked |  0
| 103|0x0000000107000000, 0x0000000107000000, 0x0000000108000000|  0%| F|  |TAMS 0x0000000107000000| PB 0x0000000107000000| Untracked |  0
| 104|0x0000000108000000, 0x0000000108000000, 0x0000000109000000|  0%| F|  |TAMS 0x0000000108000000| PB 0x0000000108000000| Untracked |  0
| 105|0x0000000109000000, 0x0000000109000000, 0x000000010a000000|  0%| F|  |TAMS 0x0000000109000000| PB 0x0000000109000000| Untracked |  0
| 106|0x000000010a000000, 0x000000010a000000, 0x000000010b000000|  0%| F|  |TAMS 0x000000010a000000| PB 0x000000010a000000| Untracked |  0
| 107|0x000000010b000000, 0x000000010b000000, 0x000000010c000000|  0%| F|  |TAMS 0x000000010b000000| PB 0x000000010b000000| Untracked |  0
| 108|0x000000010c000000, 0x000000010c000000, 0x000000010d000000|  0%| F|  |TAMS 0x000000010c000000| PB 0x000000010c000000| Untracked |  0
| 109|0x000000010d000000, 0x000000010d000000, 0x000000010e000000|  0%| F|  |TAMS 0x000000010d000000| PB 0x000000010d000000| Untracked |  0
| 110|0x000000010e000000, 0x000000010e000000, 0x000000010f000000|  0%| F|  |TAMS 0x000000010e000000| PB 0x000000010e000000| Untracked |  0
| 111|0x000000010f000000, 0x000000010f000000, 0x0000000110000000|  0%| F|  |TAMS 0x000000010f000000| PB 0x000000010f000000| Untracked |  0
| 112|0x0000000110000000, 0x0000000110000000, 0x0000000111000000|  0%| F|  |TAMS 0x0000000110000000| PB 0x0000000110000000| Untracked |  0
| 113|0x0000000111000000, 0x0000000111000000, 0x0000000112000000|  0%| F|  |TAMS 0x0000000111000000| PB 0x0000000111000000| Untracked |  0
| 114|0x0000000112000000, 0x0000000112000000, 0x0000000113000000|  0%| F|  |TAMS 0x0000000112000000| PB 0x0000000112000000| Untracked |  0
| 115|0x0000000113000000, 0x0000000113000000, 0x0000000114000000|  0%| F|  |TAMS 0x0000000113000000| PB 0x0000000113000000| Untracked |  0
| 116|0x0000000114000000, 0x0000000114000000, 0x0000000115000000|  0%| F|  |TAMS 0x0000000114000000| PB 0x0000000114000000| Untracked |  0
| 117|0x0000000115000000, 0x0000000115000000, 0x0000000116000000|  0%| F|  |TAMS 0x0000000115000000| PB 0x0000000115000000| Untracked |  0
| 118|0x0000000116000000, 0x0000000116000000, 0x0000000117000000|  0%| F|  |TAMS 0x0000000116000000| PB 0x0000000116000000| Untracked |  0
| 119|0x0000000117000000, 0x0000000117000000, 0x0000000118000000|  0%| F|  |TAMS 0x0000000117000000| PB 0x0000000117000000| Untracked |  0
| 120|0x0000000118000000, 0x0000000118000000, 0x0000000119000000|  0%| F|  |TAMS 0x0000000118000000| PB 0x0000000118000000| Untracked |  0
| 121|0x0000000119000000, 0x0000000119000000, 0x000000011a000000|  0%| F|  |TAMS 0x0000000119000000| PB 0x0000000119000000| Untracked |  0
| 122|0x000000011a000000, 0x000000011a000000, 0x000000011b000000|  0%| F|  |TAMS 0x000000011a000000| PB 0x000000011a000000| Untracked |  0
| 123|0x000000011b000000, 0x000000011b000000, 0x000000011c000000|  0%| F|  |TAMS 0x000000011b000000| PB 0x000000011b000000| Untracked |  0
| 124|0x000000011c000000, 0x000000011c5c29c0, 0x000000011d000000| 36%| E|  |TAMS 0x000000011c000000| PB 0x000000011c000000| Complete |  0
| 125|0x000000011d000000, 0x000000011e000000, 0x000000011e000000|100%| E|CS|TAMS 0x000000011d000000| PB 0x000000011d000000| Complete |  0
| 126|0x000000011e000000, 0x000000011f000000, 0x000000011f000000|100%| E|CS|TAMS 0x000000011e000000| PB 0x000000011e000000| Complete |  0
| 127|0x000000011f000000, 0x0000000120000000, 0x0000000120000000|100%| E|CS|TAMS 0x000000011f000000| PB 0x000000011f000000| Complete |  0

Card table byte_map: [0x00007f8c85f0d000,0x00007f8c89a0d000] _byte_map_base: 0x00007f8c85a0d000

Marking Bits: (CMBitMap*) 0x00007f8ca806f640
 Bits: [0x00007f8c6870d000, 0x00007f8c85f0d000)

Polling page: 0x00007f8cb1589000

Metaspace:

Usage:
  Non-class:      2.21 MB used.
      Class:    152.86 KB used.
       Both:      2.36 MB used.

Virtual space:
  Non-class space:       64.00 MB reserved,       2.25 MB (  4%) committed,  1 nodes.
      Class space:        1.00 GB reserved,     256.00 KB ( <1%) committed,  1 nodes.
             Both:        1.06 GB reserved,       2.50 MB ( <1%) committed. 

Chunk freelists:
   Non-Class:  11.95 MB
       Class:  15.73 MB
        Both:  27.68 MB

MaxMetaspaceSize: unlimited
CompressedClassSpaceSize: 1.00 GB
Initial GC threshold: 21.00 MB
Current GC threshold: 21.00 MB
CDS: on
 - commit_granule_bytes: 65536.
 - commit_granule_words: 8192.
 - virtual_space_node_default_size: 8388608.
 - enlarge_chunks_in_place: 1.
UseCompressedClassPointers 1, UseCompactObjectHeaders 0
Narrow klass pointer bits 32, Max shift 3
Narrow klass base: 0x00007f8c06000000, Narrow klass shift: 0
Encoding Range: [0x00007f8c06000000 - 0x00007f8d06000000), (4294967296 bytes)
Klass Range:    [0x00007f8c06000000 - 0x00007f8c47000000), (1090519040 bytes)
Klass ID Range:  [8 - 1090519033) (1090519025)


Internal statistics:

num_allocs: 18951.
num_deallocs: 63.
num_allocs_from_deallocated_blocks: 285.
num_chunks_retired: 7.
num_allocs_failed_limit: 0.
num_arena_births: 46.
num_arena_deaths: 0.
num_vsnodes_births: 2.
num_vsnodes_deaths: 0.
num_space_committed: 40.
num_space_uncommitted: 0.
num_chunks_returned_to_freelist: 0.
num_chunks_taken_from_freelist: 54.
num_chunk_merges: 0.
num_chunk_splits: 35.
num_chunks_enlarged: 30.
num_inconsistent_stats: 0.

CodeHeap 'non-profiled nmethods': size=118596Kb used=123Kb max_used=123Kb free=118472Kb
 bounds [0x00007f8c98158000, 0x00007f8c983c8000, 0x00007f8c9f529000]
CodeHeap 'profiled nmethods': size=118588Kb used=719Kb max_used=719Kb free=117868Kb
 bounds [0x00007f8c90529000, 0x00007f8c90799000, 0x00007f8c978f8000]
CodeHeap 'non-nmethods': size=8576Kb used=5066Kb max_used=5066Kb free=3510Kb
 bounds [0x00007f8c978f8000, 0x00007f8c97df8000, 0x00007f8c98158000]
CodeCache: size=245760Kb, used=5908Kb, max_used=5908Kb, free=239850Kb
 total_blobs=1347, nmethods=481, adapters=765, full_count=0
Compilation: enabled, stopped_count=0, restarted_count=0

Compilation events (0 events):
No events

GC Heap History (0 events):
No events

Dll operation events (4 events):
Event: 0.004 Loaded shared library /home/jatinbha/sandboxes/lworld+vector/valhalla.new_merge.alt/valhalla/build/linux-x86_64-server-slowdebug/images/jdk/lib/libjava.so
Event: 0.213 Loaded shared library /home/jatinbha/sandboxes/lworld+vector/valhalla.new_merge.alt/valhalla/build/linux-x86_64-server-slowdebug/images/jdk/lib/libzip.so
Event: 0.489 Loaded shared library /home/jatinbha/sandboxes/lworld+vector/valhalla.new_merge.alt/valhalla/build/linux-x86_64-server-slowdebug/images/jdk/lib/libsimdsort.so
Event: 0.489 Loaded shared library /home/jatinbha/sandboxes/lworld+vector/valhalla.new_merge.alt/valhalla/build/linux-x86_64-server-slowdebug/images/jdk/lib/libjsvml.so

Deoptimization events (0 events):
No events

Classes loaded (0 events):
No events

Classes unloaded (0 events):
No events

Classes redefined (0 events):
No events

Internal exceptions (0 events):
No events

VM Operations (0 events):
No events

Memory protections (8 events):
Event: 0.003 Protecting memory [0x00007f8cadca2000,0x00007f8cadca6000] with protection modes 0
Event: 0.470 Protecting memory [0x00007f8c54fd1000,0x00007f8c54fd5000] with protection modes 0
Event: 0.470 Protecting memory [0x00007f8c551d3000,0x00007f8c551d7000] with protection modes 0
Event: 0.473 Protecting memory [0x00007f8c54ed0000,0x00007f8c54ed4000] with protection modes 0
Event: 0.473 Protecting memory [0x00007f8c550d2000,0x00007f8c550d6000] with protection modes 0
Event: 0.474 Protecting memory [0x00007f8c5465c000,0x00007f8c54660000] with protection modes 0
Event: 0.474 Protecting memory [0x00007f8c5455b000,0x00007f8c5455f000] with protection modes 0
Event: 0.474 Protecting memory [0x00007f8c5445a000,0x00007f8c5445e000] with protection modes 0

Nmethod flushes (0 events):
No events

Events (8 events):
Event: 0.130 Thread 0x00007f8ca802cc90 Thread added: 0x00007f8ca802cc90
Event: 0.470 Thread 0x00007f8ca802cc90 Thread added: 0x00007f8ca82dfb60
Event: 0.470 Thread 0x00007f8ca802cc90 Thread added: 0x00007f8ca82e0a60
Event: 0.473 Thread 0x00007f8ca802cc90 Thread added: 0x00007f8ca82e1ca0
Event: 0.473 Thread 0x00007f8ca802cc90 Thread added: 0x00007f8ca82e3010
Event: 0.474 Thread 0x00007f8ca802cc90 Thread added: 0x00007f8ca82e4240
Event: 0.474 Thread 0x00007f8ca802cc90 Thread added: 0x00007f8ca82e6670
Event: 0.474 Thread 0x00007f8ca802cc90 Thread added: 0x00007f8ca82e80c0


Dynamic libraries:
a0000000-120000000 rw-p 00000000 00:00 0 
120000000-800000000 ---p 00000000 00:00 0 
55cb32b4a000-55cb32b4b000 r--p 00000000 08:02 24447801                   /home/jatinbha/sandboxes/lworld+vector/valhalla.new_merge.alt/valhalla/build/linux-x86_64-server-slowdebug/images/jdk/bin/java
55cb32b4b000-55cb32b4c000 r-xp 00001000 08:02 24447801                   /home/jatinbha/sandboxes/lworld+vector/valhalla.new_merge.alt/valhalla/build/linux-x86_64-server-slowdebug/images/jdk/bin/java
55cb32b4c000-55cb32b4d000 r--p 00002000 08:02 24447801                   /home/jatinbha/sandboxes/lworld+vector/valhalla.new_merge.alt/valhalla/build/linux-x86_64-server-slowdebug/images/jdk/bin/java
55cb32b4d000-55cb32b4e000 r--p 00002000 08:02 24447801                   /home/jatinbha/sandboxes/lworld+vector/valhalla.new_merge.alt/valhalla/build/linux-x86_64-server-slowdebug/images/jdk/bin/java
55cb32b4e000-55cb32b4f000 rw-p 00003000 08:02 24447801                   /home/jatinbha/sandboxes/lworld+vector/valhalla.new_merge.alt/valhalla/build/linux-x86_64-server-slowdebug/images/jdk/bin/java
55cb34732000-55cb34778000 rw-p 00000000 00:00 0                          [heap]
7f8b94000000-7f8b94021000 rw-p 00000000 00:00 0 
7f8b94021000-7f8b98000000 ---p 00000000 00:00 0 
7f8b9b137000-7f8b9c000000 rw-p 00000000 00:00 0 
7f8b9c000000-7f8b9c021000 rw-p 00000000 00:00 0 
7f8b9c021000-7f8ba0000000 ---p 00000000 00:00 0 
7f8ba0000000-7f8ba0021000 rw-p 00000000 00:00 0 
7f8ba0021000-7f8ba4000000 ---p 00000000 00:00 0 
7f8ba4000000-7f8ba4021000 rw-p 00000000 00:00 0 
7f8ba4021000-7f8ba8000000 ---p 00000000 00:00 0 
7f8ba8000000-7f8ba8021000 rw-p 00000000 00:00 0 
7f8ba8021000-7f8bac000000 ---p 00000000 00:00 0 
7f8bac000000-7f8bac021000 rw-p 00000000 00:00 0 
7f8bac021000-7f8bb0000000 ---p 00000000 00:00 0 
7f8bb0000000-7f8bb0021000 rw-p 00000000 00:00 0 
7f8bb0021000-7f8bb4000000 ---p 00000000 00:00 0 
7f8bb4000000-7f8bb4021000 rw-p 00000000 00:00 0 
7f8bb4021000-7f8bb8000000 ---p 00000000 00:00 0 
7f8bb8000000-7f8bb8021000 rw-p 00000000 00:00 0 
7f8bb8021000-7f8bbc000000 ---p 00000000 00:00 0 
7f8bbc000000-7f8bbc021000 rw-p 00000000 00:00 0 
7f8bbc021000-7f8bc0000000 ---p 00000000 00:00 0 
7f8bc0000000-7f8bc0021000 rw-p 00000000 00:00 0 
7f8bc0021000-7f8bc4000000 ---p 00000000 00:00 0 
7f8bc4000000-7f8bc4126000 rw-p 00000000 00:00 0 
7f8bc4126000-7f8bc8000000 ---p 00000000 00:00 0 
7f8bc8000000-7f8bc8021000 rw-p 00000000 00:00 0 
7f8bc8021000-7f8bcc000000 ---p 00000000 00:00 0 
7f8bcc000000-7f8bcc1cd000 rw-p 00000000 00:00 0 
7f8bcc1cd000-7f8bd0000000 ---p 00000000 00:00 0 
7f8bd0000000-7f8bd01a9000 rw-p 00000000 00:00 0 
7f8bd01a9000-7f8bd4000000 ---p 00000000 00:00 0 
7f8bd4000000-7f8bd4021000 rw-p 00000000 00:00 0 
7f8bd4021000-7f8bd8000000 ---p 00000000 00:00 0 
7f8bd8000000-7f8bd8208000 rw-p 00000000 00:00 0 
7f8bd8208000-7f8bdc000000 ---p 00000000 00:00 0 
7f8bdc000000-7f8bdc29c000 rw-p 00000000 00:00 0 
7f8bdc29c000-7f8be0000000 ---p 00000000 00:00 0 
7f8be0000000-7f8be0234000 rw-p 00000000 00:00 0 
7f8be0234000-7f8be4000000 ---p 00000000 00:00 0 
7f8be4000000-7f8be4021000 rw-p 00000000 00:00 0 
7f8be4021000-7f8be8000000 ---p 00000000 00:00 0 
7f8be8000000-7f8be807f000 rw-p 00000000 00:00 0 
7f8be807f000-7f8bec000000 ---p 00000000 00:00 0 
7f8bec000000-7f8bec230000 rw-p 00000000 00:00 0 
7f8bec230000-7f8bec400000 ---p 00000000 00:00 0 
7f8bec400000-7f8bec410000 rw-p 00000000 00:00 0 
7f8bec410000-7f8bf0000000 ---p 00000000 00:00 0 
7f8bf0000000-7f8bf0021000 rw-p 00000000 00:00 0 
7f8bf0021000-7f8bf4000000 ---p 00000000 00:00 0 
7f8bf4000000-7f8bf4021000 rw-p 00000000 00:00 0 
7f8bf4021000-7f8bf8000000 ---p 00000000 00:00 0 
7f8bf8000000-7f8bf8021000 rw-p 00000000 00:00 0 
7f8bf8021000-7f8bfc000000 ---p 00000000 00:00 0 
7f8bfc000000-7f8bfc021000 rw-p 00000000 00:00 0 
7f8bfc021000-7f8c00000000 ---p 00000000 00:00 0 
7f8c00000000-7f8c00021000 rw-p 00000000 00:00 0 
7f8c00021000-7f8c04000000 ---p 00000000 00:00 0 
7f8c040fd000-7f8c048f7000 rw-p 00000000 00:00 0 
7f8c048f7000-7f8c048fb000 ---p 00000000 00:00 0 
7f8c048fb000-7f8c049f8000 rw-p 00000000 00:00 0 
7f8c049f8000-7f8c049fc000 ---p 00000000 00:00 0 
7f8c049fc000-7f8c04af9000 rw-p 00000000 00:00 0 
7f8c04af9000-7f8c04afd000 ---p 00000000 00:00 0 
7f8c04afd000-7f8c04bfa000 rw-p 00000000 00:00 0 
7f8c04bfa000-7f8c04bfe000 ---p 00000000 00:00 0 
7f8c04bfe000-7f8c04cfb000 rw-p 00000000 00:00 0 
7f8c04cfb000-7f8c04cff000 ---p 00000000 00:00 0 
7f8c04cff000-7f8c04dfc000 rw-p 00000000 00:00 0 
7f8c04dfc000-7f8c04e00000 ---p 00000000 00:00 0 
7f8c04e00000-7f8c04efd000 rw-p 00000000 00:00 0 
7f8c04efd000-7f8c04f01000 ---p 00000000 00:00 0 
7f8c04f01000-7f8c04ffe000 rw-p 00000000 00:00 0 
7f8c04ffe000-7f8c05002000 ---p 00000000 00:00 0 
7f8c05002000-7f8c050ff000 rw-p 00000000 00:00 0 
7f8c050ff000-7f8c05103000 ---p 00000000 00:00 0 
7f8c05103000-7f8c05200000 rw-p 00000000 00:00 0 
7f8c05200000-7f8c05204000 ---p 00000000 00:00 0 
7f8c05204000-7f8c05301000 rw-p 00000000 00:00 0 
7f8c05301000-7f8c05305000 ---p 00000000 00:00 0 
7f8c05305000-7f8c05402000 rw-p 00000000 00:00 0 
7f8c05402000-7f8c05406000 ---p 00000000 00:00 0 
7f8c05406000-7f8c05503000 rw-p 00000000 00:00 0 
7f8c05503000-7f8c05507000 ---p 00000000 00:00 0 
7f8c05507000-7f8c05604000 rw-p 00000000 00:00 0 
7f8c05604000-7f8c05608000 ---p 00000000 00:00 0 
7f8c05608000-7f8c05705000 rw-p 00000000 00:00 0 
7f8c05705000-7f8c05709000 ---p 00000000 00:00 0 
7f8c05709000-7f8c06000000 rw-p 00000000 00:00 0 
7f8c06000000-7f8c06ec3000 rw-p 00001000 08:02 24447991                   /home/jatinbha/sandboxes/lworld+vector/valhalla.new_merge.alt/valhalla/build/linux-x86_64-server-slowdebug/images/jdk/lib/server/classes_valhalla.jsa
7f8c06ec3000-7f8c07000000 ---p 00000000 00:00 0 
7f8c07000000-7f8c07010000 rw-p 00000000 00:00 0 
7f8c07010000-7f8c07040000 ---p 00000000 00:00 0 
7f8c07040000-7f8c07070000 rw-p 00000000 00:00 0 
7f8c07070000-7f8c47000000 ---p 00000000 00:00 0 
7f8c4703d000-7f8c47041000 ---p 00000000 00:00 0 
7f8c47041000-7f8c48000000 rw-p 00000000 00:00 0 
7f8c48000000-7f8c48021000 rw-p 00000000 00:00 0 
7f8c48021000-7f8c4c000000 ---p 00000000 00:00 0 
7f8c4c000000-7f8c4c021000 rw-p 00000000 00:00 0 
7f8c4c021000-7f8c50000000 ---p 00000000 00:00 0 
7f8c50000000-7f8c50021000 rw-p 00000000 00:00 0 
7f8c50021000-7f8c54000000 ---p 00000000 00:00 0 
7f8c540ed000-7f8c540f1000 ---p 00000000 00:00 0 
7f8c540f1000-7f8c541ee000 rw-p 00000000 00:00 0 
7f8c541ee000-7f8c541f2000 ---p 00000000 00:00 0 
7f8c541f2000-7f8c542ef000 rw-p 00000000 00:00 0 
7f8c542ef000-7f8c542f3000 r--p 00000000 08:02 24157959                   /home/jatinbha/sandboxes/lworld+vector/valhalla.new_merge.alt/valhalla/build/linux-x86_64-server-slowdebug/images/jdk/lib/libjsvml.so
7f8c542f3000-7f8c54334000 r-xp 00004000 08:02 24157959                   /home/jatinbha/sandboxes/lworld+vector/valhalla.new_merge.alt/valhalla/build/linux-x86_64-server-slowdebug/images/jdk/lib/libjsvml.so
7f8c54334000-7f8c543bd000 r--p 00045000 08:02 24157959                   /home/jatinbha/sandboxes/lworld+vector/valhalla.new_merge.alt/valhalla/build/linux-x86_64-server-slowdebug/images/jdk/lib/libjsvml.so
7f8c543bd000-7f8c543be000 r--p 000cd000 08:02 24157959                   /home/jatinbha/sandboxes/lworld+vector/valhalla.new_merge.alt/valhalla/build/linux-x86_64-server-slowdebug/images/jdk/lib/libjsvml.so
7f8c543be000-7f8c543bf000 rw-p 000ce000 08:02 24157959                   /home/jatinbha/sandboxes/lworld+vector/valhalla.new_merge.alt/valhalla/build/linux-x86_64-server-slowdebug/images/jdk/lib/libjsvml.so
7f8c543bf000-7f8c543c2000 r--p 00000000 08:02 24157926                   /home/jatinbha/sandboxes/lworld+vector/valhalla.new_merge.alt/valhalla/build/linux-x86_64-server-slowdebug/images/jdk/lib/libsimdsort.so
7f8c543c2000-7f8c54447000 r-xp 00003000 08:02 24157926                   /home/jatinbha/sandboxes/lworld+vector/valhalla.new_merge.alt/valhalla/build/linux-x86_64-server-slowdebug/images/jdk/lib/libsimdsort.so
7f8c54447000-7f8c54458000 r--p 00088000 08:02 24157926                   /home/jatinbha/sandboxes/lworld+vector/valhalla.new_merge.alt/valhalla/build/linux-x86_64-server-slowdebug/images/jdk/lib/libsimdsort.so
7f8c54458000-7f8c54459000 r--p 00098000 08:02 24157926                   /home/jatinbha/sandboxes/lworld+vector/valhalla.new_merge.alt/valhalla/build/linux-x86_64-server-slowdebug/images/jdk/lib/libsimdsort.so
7f8c54459000-7f8c5445a000 rw-p 00099000 08:02 24157926                   /home/jatinbha/sandboxes/lworld+vector/valhalla.new_merge.alt/valhalla/build/linux-x86_64-server-slowdebug/images/jdk/lib/libsimdsort.so
7f8c5445a000-7f8c5445e000 ---p 00000000 00:00 0 
7f8c5445e000-7f8c5455b000 rw-p 00000000 00:00 0 
7f8c5455b000-7f8c5455f000 ---p 00000000 00:00 0 
7f8c5455f000-7f8c5465c000 rw-p 00000000 00:00 0 
7f8c5465c000-7f8c54660000 ---p 00000000 00:00 0 
7f8c54660000-7f8c5475d000 rw-p 00000000 00:00 0 
7f8c5475d000-7f8c54ccd000 r--p 00000000 08:02 7077916                    /usr/lib/locale/locale-archive
7f8c54ccd000-7f8c54cce000 ---p 00000000 00:00 0 
7f8c54cce000-7f8c54dce000 rw-p 00000000 00:00 0 
7f8c54dce000-7f8c54dcf000 ---p 00000000 00:00 0 
7f8c54dcf000-7f8c54ecf000 rw-p 00000000 00:00 0 
7f8c54ecf000-7f8c54ed0000 ---p 00000000 00:00 0 
7f8c54ed0000-7f8c54ed4000 ---p 00000000 00:00 0 
7f8c54ed4000-7f8c54fd0000 rw-p 00000000 00:00 0 
7f8c54fd0000-7f8c54fd1000 ---p 00000000 00:00 0 
7f8c54fd1000-7f8c54fd5000 ---p 00000000 00:00 0 
7f8c54fd5000-7f8c550d1000 rw-p 00000000 00:00 0 
7f8c550d1000-7f8c550d2000 ---p 00000000 00:00 0 
7f8c550d2000-7f8c550d6000 ---p 00000000 00:00 0 
7f8c550d6000-7f8c551d2000 rw-p 00000000 00:00 0 
7f8c551d2000-7f8c551d3000 ---p 00000000 00:00 0 
7f8c551d3000-7f8c551d7000 ---p 00000000 00:00 0 
7f8c551d7000-7f8c552d3000 rw-p 00000000 00:00 0 
7f8c552d3000-7f8c552d4000 ---p 00000000 00:00 0 
7f8c552d4000-7f8c553d4000 rw-p 00000000 00:00 0 
7f8c553d4000-7f8c553d5000 ---p 00000000 00:00 0 
7f8c553d5000-7f8c58000000 rw-p 00000000 00:00 0 
7f8c58000000-7f8c58021000 rw-p 00000000 00:00 0 
7f8c58021000-7f8c5c000000 ---p 00000000 00:00 0 
7f8c5c000000-7f8c5c021000 rw-p 00000000 00:00 0 
7f8c5c021000-7f8c60000000 ---p 00000000 00:00 0 
7f8c6003a000-7f8c63eff000 rw-p 00000000 00:00 0 
7f8c63eff000-7f8c63f00000 ---p 00000000 00:00 0 
7f8c63f00000-7f8c64000000 rw-p 00000000 00:00 0 
7f8c64000000-7f8c64021000 rw-p 00000000 00:00 0 
7f8c64021000-7f8c68000000 ---p 00000000 00:00 0 
7f8c68012000-7f8c68015000 r--p 00000000 08:02 24157924                   /home/jatinbha/sandboxes/lworld+vector/valhalla.new_merge.alt/valhalla/build/linux-x86_64-server-slowdebug/images/jdk/lib/libnet.so
7f8c68015000-7f8c68020000 r-xp 00003000 08:02 24157924                   /home/jatinbha/sandboxes/lworld+vector/valhalla.new_merge.alt/valhalla/build/linux-x86_64-server-slowdebug/images/jdk/lib/libnet.so
7f8c68020000-7f8c68022000 r--p 0000e000 08:02 24157924                   /home/jatinbha/sandboxes/lworld+vector/valhalla.new_merge.alt/valhalla/build/linux-x86_64-server-slowdebug/images/jdk/lib/libnet.so
7f8c68022000-7f8c68023000 ---p 00010000 08:02 24157924                   /home/jatinbha/sandboxes/lworld+vector/valhalla.new_merge.alt/valhalla/build/linux-x86_64-server-slowdebug/images/jdk/lib/libnet.so
7f8c68023000-7f8c68024000 r--p 00010000 08:02 24157924                   /home/jatinbha/sandboxes/lworld+vector/valhalla.new_merge.alt/valhalla/build/linux-x86_64-server-slowdebug/images/jdk/lib/libnet.so
7f8c68024000-7f8c68025000 rw-p 00011000 08:02 24157924                   /home/jatinbha/sandboxes/lworld+vector/valhalla.new_merge.alt/valhalla/build/linux-x86_64-server-slowdebug/images/jdk/lib/libnet.so
7f8c68025000-7f8c6802b000 r--p 00000000 08:02 24157925                   /home/jatinbha/sandboxes/lworld+vector/valhalla.new_merge.alt/valhalla/build/linux-x86_64-server-slowdebug/images/jdk/lib/libnio.so
7f8c6802b000-7f8c68037000 r-xp 00006000 08:02 24157925                   /home/jatinbha/sandboxes/lworld+vector/valhalla.new_merge.alt/valhalla/build/linux-x86_64-server-slowdebug/images/jdk/lib/libnio.so
7f8c68037000-7f8c6803a000 r--p 00012000 08:02 24157925                   /home/jatinbha/sandboxes/lworld+vector/valhalla.new_merge.alt/valhalla/build/linux-x86_64-server-slowdebug/images/jdk/lib/libnio.so
7f8c6803a000-7f8c6803b000 ---p 00015000 08:02 24157925                   /home/jatinbha/sandboxes/lworld+vector/valhalla.new_merge.alt/valhalla/build/linux-x86_64-server-slowdebug/images/jdk/lib/libnio.so
7f8c6803b000-7f8c6803c000 r--p 00015000 08:02 24157925                   /home/jatinbha/sandboxes/lworld+vector/valhalla.new_merge.alt/valhalla/build/linux-x86_64-server-slowdebug/images/jdk/lib/libnio.so
7f8c6803c000-7f8c6803d000 rw-p 00016000 08:02 24157925                   /home/jatinbha/sandboxes/lworld+vector/valhalla.new_merge.alt/valhalla/build/linux-x86_64-server-slowdebug/images/jdk/lib/libnio.so
7f8c6803d000-7f8c6803f000 r--p 00000000 08:02 24157929                   /home/jatinbha/sandboxes/lworld+vector/valhalla.new_merge.alt/valhalla/build/linux-x86_64-server-slowdebug/images/jdk/lib/libzip.so
7f8c6803f000-7f8c68046000 r-xp 00002000 08:02 24157929                   /home/jatinbha/sandboxes/lworld+vector/valhalla.new_merge.alt/valhalla/build/linux-x86_64-server-slowdebug/images/jdk/lib/libzip.so
7f8c68046000-7f8c68048000 r--p 00009000 08:02 24157929                   /home/jatinbha/sandboxes/lworld+vector/valhalla.new_merge.alt/valhalla/build/linux-x86_64-server-slowdebug/images/jdk/lib/libzip.so
7f8c68048000-7f8c68049000 r--p 0000a000 08:02 24157929                   /home/jatinbha/sandboxes/lworld+vector/valhalla.new_merge.alt/valhalla/build/linux-x86_64-server-slowdebug/images/jdk/lib/libzip.so
7f8c68049000-7f8c6804a000 rw-p 0000b000 08:02 24157929                   /home/jatinbha/sandboxes/lworld+vector/valhalla.new_merge.alt/valhalla/build/linux-x86_64-server-slowdebug/images/jdk/lib/libzip.so
7f8c6804a000-7f8c680a5000 rw-p 00000000 00:00 0 
7f8c680a5000-7f8c680a6000 ---p 00000000 00:00 0 
7f8c680a6000-7f8c681a6000 rw-p 00000000 00:00 0 
7f8c681a6000-7f8c681a7000 ---p 00000000 00:00 0 
7f8c681a7000-7f8c6a70d000 rw-p 00000000 00:00 0 
7f8c6a70d000-7f8c85f0d000 ---p 00000000 00:00 0 
7f8c85f0d000-7f8c8630d000 rw-p 00000000 00:00 0 
7f8c8630d000-7f8c89a0d000 ---p 00000000 00:00 0 
7f8c89a0d000-7f8c89e0d000 rw-p 00000000 00:00 0 
7f8c89e0d000-7f8c8d50d000 ---p 00000000 00:00 0 
7f8c8d50d000-7f8c90529000 rw-p 00000000 00:00 0 
7f8c90529000-7f8c90799000 rwxp 00000000 00:00 0 
7f8c90799000-7f8c978f8000 ---p 00000000 00:00 0 
7f8c978f8000-7f8c97df8000 rwxp 00000000 00:00 0 
7f8c97df8000-7f8c98158000 ---p 00000000 00:00 0 
7f8c98158000-7f8c983c8000 rwxp 00000000 00:00 0 
7f8c983c8000-7f8c9f529000 ---p 00000000 00:00 0 
7f8c9f529000-7f8ca8000000 r--s 00000000 08:02 24157907                   /home/jatinbha/sandboxes/lworld+vector/valhalla.new_merge.alt/valhalla/build/linux-x86_64-server-slowdebug/images/jdk/lib/modules
7f8ca8000000-7f8ca85f2000 rw-p 00000000 00:00 0 
7f8ca85f2000-7f8cac000000 ---p 00000000 00:00 0 
7f8cac002000-7f8cac009000 r--s 00000000 08:02 7737390                    /usr/lib/x86_64-linux-gnu/gconv/gconv-modules.cache
7f8cac009000-7f8cac00b000 r--s 00037000 08:02 24447809                   /home/jatinbha/sandboxes/lworld+vector/valhalla.new_merge.alt/valhalla/build/linux-x86_64-server-slowdebug/images/jdk/lib/valueclasses/java.base-valueclasses.jar
7f8cac00b000-7f8cada6b000 rw-p 00000000 00:00 0 
7f8cada6b000-7f8cadb4e000 ---p 00000000 00:00 0 
7f8cadb4e000-7f8cadb58000 rw-p 00000000 00:00 0 
7f8cadb58000-7f8cadb5f000 ---p 00000000 00:00 0 
7f8cadb5f000-7f8cadb64000 rw-p 00000000 00:00 0 
7f8cadb64000-7f8cadc47000 ---p 00000000 00:00 0 
7f8cadc47000-7f8cadc53000 r--p 00000000 08:02 24157920                   /home/jatinbha/sandboxes/lworld+vector/valhalla.new_merge.alt/valhalla/build/linux-x86_64-server-slowdebug/images/jdk/lib/libjava.so
7f8cadc53000-7f8cadc6a000 r-xp 0000c000 08:02 24157920                   /home/jatinbha/sandboxes/lworld+vector/valhalla.new_merge.alt/valhalla/build/linux-x86_64-server-slowdebug/images/jdk/lib/libjava.so
7f8cadc6a000-7f8cadc70000 r--p 00023000 08:02 24157920                   /home/jatinbha/sandboxes/lworld+vector/valhalla.new_merge.alt/valhalla/build/linux-x86_64-server-slowdebug/images/jdk/lib/libjava.so
7f8cadc70000-7f8cadc71000 ---p 00029000 08:02 24157920                   /home/jatinbha/sandboxes/lworld+vector/valhalla.new_merge.alt/valhalla/build/linux-x86_64-server-slowdebug/images/jdk/lib/libjava.so
7f8cadc71000-7f8cadc72000 r--p 00029000 08:02 24157920                   /home/jatinbha/sandboxes/lworld+vector/valhalla.new_merge.alt/valhalla/build/linux-x86_64-server-slowdebug/images/jdk/lib/libjava.so
7f8cadc72000-7f8cadc73000 rw-p 0002a000 08:02 24157920                   /home/jatinbha/sandboxes/lworld+vector/valhalla.new_merge.alt/valhalla/build/linux-x86_64-server-slowdebug/images/jdk/lib/libjava.so
7f8cadc73000-7f8cadc74000 rw-p 00000000 00:00 0 
7f8cadc74000-7f8cadc7c000 rw-s 00000000 08:02 3671165                    /tmp/hsperfdata_intel/3407899
7f8cadc7c000-7f8cadc80000 r--p 00000000 08:02 24157921                   /home/jatinbha/sandboxes/lworld+vector/valhalla.new_merge.alt/valhalla/build/linux-x86_64-server-slowdebug/images/jdk/lib/libjimage.so
7f8cadc80000-7f8cadc97000 r-xp 00004000 08:02 24157921                   /home/jatinbha/sandboxes/lworld+vector/valhalla.new_merge.alt/valhalla/build/linux-x86_64-server-slowdebug/images/jdk/lib/libjimage.so
7f8cadc97000-7f8cadc9f000 r--p 0001b000 08:02 24157921                   /home/jatinbha/sandboxes/lworld+vector/valhalla.new_merge.alt/valhalla/build/linux-x86_64-server-slowdebug/images/jdk/lib/libjimage.so
7f8cadc9f000-7f8cadca1000 r--p 00022000 08:02 24157921                   /home/jatinbha/sandboxes/lworld+vector/valhalla.new_merge.alt/valhalla/build/linux-x86_64-server-slowdebug/images/jdk/lib/libjimage.so
7f8cadca1000-7f8cadca2000 rw-p 00024000 08:02 24157921                   /home/jatinbha/sandboxes/lworld+vector/valhalla.new_merge.alt/valhalla/build/linux-x86_64-server-slowdebug/images/jdk/lib/libjimage.so
7f8cadca2000-7f8cadca6000 ---p 00000000 00:00 0 
7f8cadca6000-7f8cadda3000 rw-p 00000000 00:00 0 
7f8cadda3000-7f8caddb0000 r--p 00000000 08:02 7078012                    /usr/lib/x86_64-linux-gnu/libm-2.31.so
7f8caddb0000-7f8cade57000 r-xp 0000d000 08:02 7078012                    /usr/lib/x86_64-linux-gnu/libm-2.31.so
7f8cade57000-7f8cadef0000 r--p 000b4000 08:02 7078012                    /usr/lib/x86_64-linux-gnu/libm-2.31.so
7f8cadef0000-7f8cadef1000 r--p 0014c000 08:02 7078012                    /usr/lib/x86_64-linux-gnu/libm-2.31.so
7f8cadef1000-7f8cadef2000 rw-p 0014d000 08:02 7078012                    /usr/lib/x86_64-linux-gnu/libm-2.31.so
7f8cadef2000-7f8cadef4000 r--p 00000000 08:02 7078273                    /usr/lib/x86_64-linux-gnu/librt-2.31.so
7f8cadef4000-7f8cadef8000 r-xp 00002000 08:02 7078273                    /usr/lib/x86_64-linux-gnu/librt-2.31.so
7f8cadef8000-7f8cadefa000 r--p 00006000 08:02 7078273                    /usr/lib/x86_64-linux-gnu/librt-2.31.so
7f8cadefa000-7f8cadefb000 r--p 00007000 08:02 7078273                    /usr/lib/x86_64-linux-gnu/librt-2.31.so
7f8cadefb000-7f8cadefc000 rw-p 00008000 08:02 7078273                    /usr/lib/x86_64-linux-gnu/librt-2.31.so
7f8cadefc000-7f8cae578000 r--p 00000000 08:02 24447807                   /home/jatinbha/sandboxes/lworld+vector/valhalla.new_merge.alt/valhalla/build/linux-x86_64-server-slowdebug/images/jdk/lib/server/libjvm.so
7f8cae578000-7f8cafc6f000 r-xp 0067c000 08:02 24447807                   /home/jatinbha/sandboxes/lworld+vector/valhalla.new_merge.alt/valhalla/build/linux-x86_64-server-slowdebug/images/jdk/lib/server/libjvm.so
7f8cafc6f000-7f8cb1015000 r--p 01d73000 08:02 24447807                   /home/jatinbha/sandboxes/lworld+vector/valhalla.new_merge.alt/valhalla/build/linux-x86_64-server-slowdebug/images/jdk/lib/server/libjvm.so
7f8cb1015000-7f8cb1016000 ---p 03119000 08:02 24447807                   /home/jatinbha/sandboxes/lworld+vector/valhalla.new_merge.alt/valhalla/build/linux-x86_64-server-slowdebug/images/jdk/lib/server/libjvm.so
7f8cb1016000-7f8cb1128000 r--p 03119000 08:02 24447807                   /home/jatinbha/sandboxes/lworld+vector/valhalla.new_merge.alt/valhalla/build/linux-x86_64-server-slowdebug/images/jdk/lib/server/libjvm.so
7f8cb1128000-7f8cb1271000 rw-p 0322b000 08:02 24447807                   /home/jatinbha/sandboxes/lworld+vector/valhalla.new_merge.alt/valhalla/build/linux-x86_64-server-slowdebug/images/jdk/lib/server/libjvm.so
7f8cb1271000-7f8cb133e000 rw-p 00000000 00:00 0 
7f8cb133e000-7f8cb1344000 r--p 00000000 08:02 7078197                    /usr/lib/x86_64-linux-gnu/libpthread-2.31.so
7f8cb1344000-7f8cb1355000 r-xp 00006000 08:02 7078197                    /usr/lib/x86_64-linux-gnu/libpthread-2.31.so
7f8cb1355000-7f8cb135b000 r--p 00017000 08:02 7078197                    /usr/lib/x86_64-linux-gnu/libpthread-2.31.so
7f8cb135b000-7f8cb135c000 r--p 0001c000 08:02 7078197                    /usr/lib/x86_64-linux-gnu/libpthread-2.31.so
7f8cb135c000-7f8cb135d000 rw-p 0001d000 08:02 7078197                    /usr/lib/x86_64-linux-gnu/libpthread-2.31.so
7f8cb135d000-7f8cb1361000 rw-p 00000000 00:00 0 
7f8cb1361000-7f8cb1362000 r--p 00000000 08:02 7078011                    /usr/lib/x86_64-linux-gnu/libdl-2.31.so
7f8cb1362000-7f8cb1364000 r-xp 00001000 08:02 7078011                    /usr/lib/x86_64-linux-gnu/libdl-2.31.so
7f8cb1364000-7f8cb1365000 r--p 00003000 08:02 7078011                    /usr/lib/x86_64-linux-gnu/libdl-2.31.so
7f8cb1365000-7f8cb1366000 r--p 00003000 08:02 7078011                    /usr/lib/x86_64-linux-gnu/libdl-2.31.so
7f8cb1366000-7f8cb1367000 rw-p 00004000 08:02 7078011                    /usr/lib/x86_64-linux-gnu/libdl-2.31.so
7f8cb1367000-7f8cb1369000 r--p 00000000 08:02 7086479                    /usr/lib/x86_64-linux-gnu/libz.so.1.2.11
7f8cb1369000-7f8cb137a000 r-xp 00002000 08:02 7086479                    /usr/lib/x86_64-linux-gnu/libz.so.1.2.11
7f8cb137a000-7f8cb1380000 r--p 00013000 08:02 7086479                    /usr/lib/x86_64-linux-gnu/libz.so.1.2.11
7f8cb1380000-7f8cb1381000 ---p 00019000 08:02 7086479                    /usr/lib/x86_64-linux-gnu/libz.so.1.2.11
7f8cb1381000-7f8cb1382000 r--p 00019000 08:02 7086479                    /usr/lib/x86_64-linux-gnu/libz.so.1.2.11
7f8cb1382000-7f8cb1383000 rw-p 0001a000 08:02 7086479                    /usr/lib/x86_64-linux-gnu/libz.so.1.2.11
7f8cb1383000-7f8cb13a5000 r--p 00000000 08:02 7078010                    /usr/lib/x86_64-linux-gnu/libc-2.31.so
7f8cb13a5000-7f8cb151d000 r-xp 00022000 08:02 7078010                    /usr/lib/x86_64-linux-gnu/libc-2.31.so
7f8cb151d000-7f8cb156b000 r--p 0019a000 08:02 7078010                    /usr/lib/x86_64-linux-gnu/libc-2.31.so
7f8cb156b000-7f8cb156f000 r--p 001e7000 08:02 7078010                    /usr/lib/x86_64-linux-gnu/libc-2.31.so
7f8cb156f000-7f8cb1571000 rw-p 001eb000 08:02 7078010                    /usr/lib/x86_64-linux-gnu/libc-2.31.so
7f8cb1571000-7f8cb1575000 rw-p 00000000 00:00 0 
7f8cb1575000-7f8cb1578000 r--p 00000000 08:02 7078055                    /usr/lib/x86_64-linux-gnu/libnss_files-2.31.so
7f8cb1578000-7f8cb157f000 r-xp 00003000 08:02 7078055                    /usr/lib/x86_64-linux-gnu/libnss_files-2.31.so
7f8cb157f000-7f8cb1581000 r--p 0000a000 08:02 7078055                    /usr/lib/x86_64-linux-gnu/libnss_files-2.31.so
7f8cb1581000-7f8cb1582000 r--p 0000b000 08:02 7078055                    /usr/lib/x86_64-linux-gnu/libnss_files-2.31.so
7f8cb1582000-7f8cb1583000 rw-p 0000c000 08:02 7078055                    /usr/lib/x86_64-linux-gnu/libnss_files-2.31.so
7f8cb1583000-7f8cb1589000 rw-p 00000000 00:00 0 
7f8cb1589000-7f8cb158a000 ---p 00000000 00:00 0 
7f8cb158a000-7f8cb158b000 r--p 00000000 00:00 0 
7f8cb158b000-7f8cb158e000 r--p 00000000 08:02 24157922                   /home/jatinbha/sandboxes/lworld+vector/valhalla.new_merge.alt/valhalla/build/linux-x86_64-server-slowdebug/images/jdk/lib/libjli.so
7f8cb158e000-7f8cb159c000 r-xp 00003000 08:02 24157922                   /home/jatinbha/sandboxes/lworld+vector/valhalla.new_merge.alt/valhalla/build/linux-x86_64-server-slowdebug/images/jdk/lib/libjli.so
7f8cb159c000-7f8cb15a0000 r--p 00011000 08:02 24157922                   /home/jatinbha/sandboxes/lworld+vector/valhalla.new_merge.alt/valhalla/build/linux-x86_64-server-slowdebug/images/jdk/lib/libjli.so
7f8cb15a0000-7f8cb15a1000 r--p 00014000 08:02 24157922                   /home/jatinbha/sandboxes/lworld+vector/valhalla.new_merge.alt/valhalla/build/linux-x86_64-server-slowdebug/images/jdk/lib/libjli.so
7f8cb15a1000-7f8cb15a2000 rw-p 00015000 08:02 24157922                   /home/jatinbha/sandboxes/lworld+vector/valhalla.new_merge.alt/valhalla/build/linux-x86_64-server-slowdebug/images/jdk/lib/libjli.so
7f8cb15a2000-7f8cb15a4000 rw-p 00000000 00:00 0 
7f8cb15a4000-7f8cb15a5000 r--p 00000000 08:02 7077989                    /usr/lib/x86_64-linux-gnu/ld-2.31.so
7f8cb15a5000-7f8cb15c8000 r-xp 00001000 08:02 7077989                    /usr/lib/x86_64-linux-gnu/ld-2.31.so
7f8cb15c8000-7f8cb15d0000 r--p 00024000 08:02 7077989                    /usr/lib/x86_64-linux-gnu/ld-2.31.so
7f8cb15d0000-7f8cb15d1000 rwxp 00000000 00:00 0 
7f8cb15d1000-7f8cb15d2000 r--p 0002c000 08:02 7077989                    /usr/lib/x86_64-linux-gnu/ld-2.31.so
7f8cb15d2000-7f8cb15d3000 rw-p 0002d000 08:02 7077989                    /usr/lib/x86_64-linux-gnu/ld-2.31.so
7f8cb15d3000-7f8cb15d4000 rw-p 00000000 00:00 0 
7ffda0d61000-7ffda0d83000 rw-p 00000000 00:00 0                          [stack]
7ffda0d95000-7ffda0d99000 r--p 00000000 00:00 0                          [vvar]
7ffda0d99000-7ffda0d9b000 r-xp 00000000 00:00 0                          [vdso]
ffffffffff600000-ffffffffff601000 --xp 00000000 00:00 0                  [vsyscall]
Total number of mappings: 285

JVMTI agents: none


VM Arguments:
jvm_args: --add-modules=jdk.incubator.vector --enable-preview -XX:PrintIdealGraphLevel=3 -XX:CompileCommand=PrintIdealPhase,Add::micro,BEFORE_MATCHING 
java_command: Add
java_class_path (initial): .
Launcher Type: SUN_STANDARD

[Global flags]
     bool AOTInvokeDynamicLinking                  = false                                  {diagnostic} {ergonomic}     AOT-link JVM_CONSTANT_InvokeDynamic entries in cached ConstantPools
     intx CICompilerCount                          = 18                                        {product} {ergonomic}     Number of compiler threads to run
ccstrlist CompileCommand                           = PrintIdealPhase,Add::micro,BEFORE_MATCHING            {product} {command line} Prepend to .hotspot_compiler; e.g. log,java/lang/String.<init>
     uint ConcGCThreads                            = 18                                        {product} {ergonomic}     Number of threads concurrent gc will use
     bool EnableValhalla                           = true                                      {product} {command line}  Enable experimental Valhalla features
     uint G1ConcRefinementThreads                  = 73                                        {product} {ergonomic}     The number of parallel remembered set update threads. Will be set ergonomically by default.
   size_t G1HeapRegionSize                         = 16777216                                  {product} {ergonomic}     Size of the G1 regions.
   size_t InitialHeapSize                          = 2147483648                                {product} {ergonomic}     Initial heap size (in bytes); zero means use ergonomics
   size_t MarkStackSize                            = 4194304                                   {product} {ergonomic}     Size of marking stack in bytes.
   size_t MarkStackSizeMax                         = 536870912                                 {product} {ergonomic}     Maximum size of marking stack in bytes.
   size_t MaxHeapSize                              = 31675383808                               {product} {ergonomic}     Maximum heap size (in bytes)
   size_t MaxNewSize                               = 18991808512                               {product} {ergonomic}     Maximum new generation size (in bytes), max_uintx means set ergonomically
   size_t MinHeapDeltaBytes                        = 16777216                                  {product} {ergonomic}     The minimum change in heap space due to GC (in bytes)
   size_t MinHeapSize                              = 16777216                                  {product} {ergonomic}     Minimum heap size (in bytes); zero means use ergonomics
    uintx NonNMethodCodeHeapSize                   = 8781824                                {pd product} {ergonomic}     Size of code heap with non-nmethods (in bytes)
    uintx NonProfiledCodeHeapSize                  = 121442304                              {pd product} {ergonomic}     Size of code heap with non-profiled methods (in bytes)
     intx PrintIdealGraphLevel                     = 3                                      {C2 develop} {command line}  Level of detail of the ideal graph printout. System-wide value, -1=printing is disabled, 0=print nothing except IGVPrintLevel directives, 6=all details printed. Level of detail of printouts can be set on a per-method level as well by using CompileCommand=option.
    uintx ProfiledCodeHeapSize                     = 121434112                              {pd product} {ergonomic}     Size of code heap with profiled methods (in bytes)
    uintx ReservedCodeCacheSize                    = 251658240                              {pd product} {ergonomic}     Reserved code cache size (in bytes) - maximum code cache size
     bool SegmentedCodeCache                       = true                                      {product} {ergonomic}     Use a segmented code cache
   size_t SoftMaxHeapSize                          = 31675383808                            {manageable} {ergonomic}     Soft limit for maximum heap size (in bytes)
     bool THPStackMitigation                       = false                                  {diagnostic} {ergonomic}     If THPs are unconditionally enabled on the system (mode "always"), the JVM will prevent THP from forming in thread stacks. When disabled, the absence of this mitigationallows THPs to form in thread stacks.
     bool UseCompressedOops                        = true                           {product lp64_product} {ergonomic}   Use 32-bit object references in 64-bit VM. lp64_product means flag is always constant in 32 bit VM
     bool UseG1GC                                  = true                                      {product} {ergonomic}     Use the Garbage-First garbage collector

Logging:
Log output configuration:
 #0: stdout all=warning uptime,level,tags foldmultilines=false
 #1: stderr all=off uptime,level,tags foldmultilines=false

Environment Variables:
JAVA_HOME=/home/jatinbha/sandboxes/lworld+vector/valhalla.new_merge.alt/valhalla/build/linux-x86_64-server-slowdebug/images/jdk/
CLASSPATH=/home/jatinbha/sandboxes/lworld+vector/valhalla.new_merge.alt/valhalla/test/hotspot/jtreg/compiler/vectorapi/JTwork/classes/compiler/vectorapi/VectorCommutativeOperSharingTest.d:/home/jatinbha/sandboxes/lworld+vector/valhalla.new_merge.alt/valhalla/test/hotspot/jtreg/compiler/vectorapi:/home/jatinbha/sandboxes/lworld+vector/valhalla.new_merge.alt/valhalla/test/hotspot/jtreg/compiler/vectorapi/JTwork/classes/test/lib:/home/jatinbha/sandboxes/lworld+vector/valhalla.new_merge.alt/valhalla/test/lib:/home/jatinbha/sandboxes/lworld+vector/valhalla.new_merge.alt/valhalla/test/hotspot/jtreg/compiler/vectorapi/JTwork/classes:/home/jatinbha/sandboxes/lworld+vector/valhalla.new_merge.alt/valhalla/test/hotspot/jtreg:/home/jatinbha/sandboxes/jtreg/build/images/jtreg/lib/javatest.jar:/home/jatinbha/sandboxes/jtreg/build/images/jtreg/lib/jtreg.jar
PATH=/home/jatinbha/sandboxes/lworld+vector/valhalla.new_merge.alt/valhalla/build/linux-x86_64-server-slowdebug/images/jdk//bin:/home/jatinbha/.local/bin:/home/jatinbha/bin:/home/jatinbha/sandboxes/mx:/home/jatinbha/softwares/jextract-22:/home/jatinbha/softwares/cmake-3.28.3-linux-x86_64/bin:/home/jatinbha/softwares/cmake-3.26.3-linux-x86_64/bin:/home/jatinbha/softwares/jdk-17.0.2//bin:/home/jatinbha/softwares/thrift-0.16.0/bin:/home/jatinbha/softwares/jdk8u322-b06//bin:/home/jatinbha/softwares/jdk-17//bin:/home/jatinbha/softwares/apache-maven-3.6.3/bin:/home/jatinbha/sandboxes/skara/build/bin:/usr/local/sbin:/usr/local/bin:/usr/sbin:/usr/bin:/sbin:/bin:/usr/games:/usr/local/games:/snap/bin
LD_LIBRARY_PATH=/home/jatinbha/softwares:
SHELL=/bin/bash
LANG=en_IN
TERM=xterm-256color

Active Locale:
LC_ALL=en_IN
LC_COLLATE=en_IN
LC_CTYPE=en_IN
LC_MESSAGES=en_IN
LC_MONETARY=en_IN
LC_NUMERIC=en_IN
LC_TIME=en_IN

Signal Handlers:
   SIGSEGV: crash_handler in libjvm.so, mask=11100100010111111101111111111110, flags=SA_RESTART|SA_SIGINFO, unblocked
    SIGBUS: crash_handler in libjvm.so, mask=11100100010111111101111111111110, flags=SA_RESTART|SA_SIGINFO, unblocked
    SIGFPE: crash_handler in libjvm.so, mask=11100100010111111101111111111110, flags=SA_RESTART|SA_SIGINFO, unblocked
   SIGPIPE: javaSignalHandler in libjvm.so, mask=11100100010111111101111111111110, flags=SA_RESTART|SA_SIGINFO, unblocked
   SIGXFSZ: javaSignalHandler in libjvm.so, mask=11100100010111111101111111111110, flags=SA_RESTART|SA_SIGINFO, unblocked
    SIGILL: crash_handler in libjvm.so, mask=11100100010111111101111111111110, flags=SA_RESTART|SA_SIGINFO, unblocked
   SIGUSR2: SR_handler in libjvm.so, mask=00000000000000000000000000000000, flags=SA_RESTART|SA_SIGINFO, unblocked
    SIGHUP: UserHandler in libjvm.so, mask=11100100010111111101111111111110, flags=SA_RESTART|SA_SIGINFO, unblocked
    SIGINT: UserHandler in libjvm.so, mask=11100100010111111101111111111110, flags=SA_RESTART|SA_SIGINFO, unblocked
   SIGTERM: UserHandler in libjvm.so, mask=11100100010111111101111111111110, flags=SA_RESTART|SA_SIGINFO, unblocked
   SIGQUIT: UserHandler in libjvm.so, mask=11100100010111111101111111111110, flags=SA_RESTART|SA_SIGINFO, blocked
   SIGTRAP: crash_handler in libjvm.so, mask=11100100010111111101111111111110, flags=SA_RESTART|SA_SIGINFO, unblocked


Native Memory Tracking:

(Omitting categories weighting less than 1KB)

Total: reserved=33201568KB, committed=2419604KB
       malloc: 215516KB #57997, peak=214624KB #57999
       mmap:   reserved=32986052KB, committed=2204088KB

-                 Java Heap (reserved=30932992KB, committed=2097152KB)
                            (mmap: reserved=30932992KB, committed=2097152KB, at peak)

-                     Class (reserved=1048691KB, committed=371KB)
                            (classes #1246)
                            (  instance classes #1069, array classes #177)
                            (malloc=115KB #1676) (peak=116KB #1675)
                            (mmap: reserved=1048576KB, committed=256KB, at peak)
                            (  Metadata:   )
                            (    reserved=65536KB, committed=2304KB)
                            (    used=2265KB)
                            (    waste=39KB =1.70%)
                            (  Class space:)
                            (    reserved=1048576KB, committed=256KB)
                            (    used=153KB)
                            (    waste=103KB =40.29%)

-                    Thread (reserved=33973KB, committed=1361KB)
                            (threads #33)
                            (stack: reserved=33880KB, committed=1268KB, peak=1268KB)
                            (malloc=76KB #168) (peak=84KB #172)
                            (arena=18KB #30) (peak=351KB #30)

-                      Code (reserved=248972KB, committed=11480KB)
                            (malloc=1255KB #27048) (at peak)
                            (mmap: reserved=247684KB, committed=10192KB, at peak)
                            (arena=33KB #1) (peak=34KB #2)

-                        GC (reserved=793395KB, committed=230195KB)
                            (malloc=152439KB #1282) (at peak)
                            (mmap: reserved=640956KB, committed=77756KB, at peak)

-                  Compiler (reserved=4971KB, committed=4971KB)
                            (malloc=69KB #318) (peak=206KB #388)
                            (arena=4902KB #56) (peak=11628KB #52)

-                  Internal (reserved=47420KB, committed=47420KB)
                            (malloc=47384KB #20325) (peak=47386KB #20335)
                            (mmap: reserved=36KB, committed=36KB, at peak)

-                     Other (reserved=0KB, committed=0KB)
                            (malloc=0KB) (peak=2KB #1)

-                    Symbol (reserved=1298KB, committed=1298KB)
                            (malloc=938KB #4156) (at peak)
                            (arena=360KB #1) (at peak)

-    Native Memory Tracking (reserved=1029KB, committed=1029KB)
                            (malloc=10KB #95) (at peak)
                            (arena=0KB #0) (peak=128KB #1)
                            (tracking overhead=1019KB)

-        Shared class space (reserved=16384KB, committed=15116KB, readonly=0KB)
                            (mmap: reserved=16384KB, committed=15116KB, peak=15316KB)

-               Arena Chunk (reserved=6627KB, committed=6627KB)
                            (malloc=6627KB #444) (peak=12068KB #446)

-                    Module (reserved=201KB, committed=201KB)
                            (malloc=201KB #2147) (at peak)

-                 Safepoint (reserved=8KB, committed=8KB)
                            (mmap: reserved=8KB, committed=8KB, at peak)

-           Synchronization (reserved=38KB, committed=38KB)
                            (malloc=38KB #285) (at peak)

-            Serviceability (reserved=17KB, committed=17KB)
                            (malloc=17KB #10) (peak=17KB #14)

-                 Metaspace (reserved=65549KB, committed=2317KB)
                            (malloc=13KB #12) (at peak)
                            (mmap: reserved=65536KB, committed=2304KB, at peak)

-      String Deduplication (reserved=1KB, committed=1KB)
                            (malloc=1KB #8) (at peak)

-           Object Monitors (reserved=1KB, committed=1KB)
                            (malloc=1KB #4) (at peak)

Preinit state:entries: 399 (primary: 383, empties: 7808), sum bytes: 15357, longest chain length: 2
pre-init mallocs: 466, pre-init reallocs: 3, pre-init frees: 67
MallocLimit: unset

Compiler Memory Statistic, 10 most expensive compilations:
ctyp  total     ra        node      comp      type      states    reglive   regsplit  superword cienv     ha        other     #nodes  result  limit     time    id    thread             method
c1    2716424   2585512   0         0         0         0         0         0         0         130912    0         0         -       ok      1073741824 2.241  467   0x00007f8ca82e80c0 jdk/incubator/vector/Int256Vector::lanewise((Ljdk/incubator/vector/VectorOperators$Binary;Ljdk/incubator/vector/Vector;)Ljdk/incubator/vector/IntVector;) 
c1    2618240   2487328   0         0         0         0         0         0         0         130912    0         0         -       ok      1073741824 2.243  468   0x00007f8be0082ba0 jdk/incubator/vector/Int256Vector::lanewise((Ljdk/incubator/vector/VectorOperators$Binary;Ljdk/incubator/vector/Vector;)Ljdk/incubator/vector/Int256Vector;) 
c1    1841904   1742736   0         0         0         0         0         0         0         98184     0         984       -       ok      1073741824 2.136  451   0x00007f8be0084180 jdk/incubator/vector/AbstractSpecies::dummyVectorMF(()Ljdk/incubator/vector/AbstractVector;) 
c1    1816344   1685432   0         0         0         0         0         0         0         130912    0         0         -       ok      1073741824 2.205  463   0x00007f8be000ef50 jdk/incubator/vector/IntVector$$Lambda+0x00007f8c0705e188::load((Ljava/lang/Object;JLjdk/internal/vm/vector/VectorSupport$VectorSpecies;)Ljdk/internal/vm/vector/VectorSupport$VectorPayload;) 
c1    1816344   1685432   0         0         0         0         0         0         0         130912    0         0         -       ok      1073741824 2.202  462   0x00007f8be0084180 jdk/internal/vm/vector/VectorSupport::load((Ljava/lang/Class;Ljava/lang/Class;ILjava/lang/Object;JZLjava/lang/Object;JLjdk/internal/vm/vector/VectorSupport$VectorSpecies;Ljdk/internal/vm/vector/VectorSupport$LoadOperation;)Ljdk/internal/vm/vector/VectorSupport$VectorPayload;) 
c1    1685432   1587248   0         0         0         0         0         0         0         98184     0         0         -       ok      1073741824 2.226  464   0x00007f8bdc06ee00 jdk/incubator/vector/IntVector::lambda$fromArray0Template$0(([IJLjdk/incubator/vector/IntVector$IntSpecies;)Ljdk/incubator/vector/IntVector;) 
c1    1652704   1554520   0         0         0         0         0         0         0         98184     0         0         -       ok      1073741824 2.174  465   0x00007f8bdc06ee00 jdk/incubator/vector/IntVector$IntSpecies::ldOpMF((Ljava/lang/Object;ILjdk/incubator/vector/IntVector$FLdOp;)Ljdk/incubator/vector/IntVector;) 
c1    1513640   1448184   0         0         0         0         0         0         0         65456     0         0         -       ok      1073741824 2.142  472   0x00007f8be000ef50 jdk/internal/vm/vector/VectorSupport$VectorPayloadMF::newVectorInstanceFactory((Ljava/lang/Class;IZ)Ljdk/internal/vm/vector/VectorSupport$VectorPayloadMF;) 
c1    1472760   1374576   0         0         0         0         0         0         0         98184     0         0         -       ok      1073741824 2.251  469   0x00007f8be0084180 jdk/incubator/vector/IntVector::lanewiseTemplate((Ljdk/incubator/vector/VectorOperators$Binary;Ljdk/incubator/vector/Vector;)Ljdk/incubator/vector/IntVector;) 
c1    1374576   1309120   0         0         0         0         0         0         0         65456     0         0         -       ok      1073741824 1.130  131   0x00007f8bdc06ee00 java/util/concurrent/ConcurrentHashMap::putVal((Ljava/lang/Object;Ljava/lang/Object;Z)Ljava/lang/Object;) 
Total: 10 (C1: 10, C2: 0)

Periodic native trim disabled

---------------  S Y S T E M  ---------------

OS:
DISTRIB_ID=Ubuntu
DISTRIB_RELEASE=20.04
DISTRIB_CODENAME=focal
DISTRIB_DESCRIPTION="Ubuntu 20.04.2 LTS"
uname: Linux intel-S2600WFT 5.8.0-41-generic #46~20.04.1-Ubuntu SMP Mon Jan 18 17:52:23 UTC 2021 x86_64
OS uptime: 112 days 3:28 hours
libc: glibc 2.31 NPTL 2.31 
rlimit (soft/hard): STACK 8192k/infinity , CORE 0k/infinity , NPROC 3090646/3090646 , NOFILE 1048576/1048576 , AS infinity/infinity , CPU infinity/infinity , DATA infinity/infinity , FSIZE infinity/infinity , MEMLOCK 65536k/65536k
load average: 18.39 13.44 11.61

/proc/meminfo:
MemTotal:       791263980 kB
MemFree:        627059808 kB
MemAvailable:   760021388 kB
Buffers:         5377720 kB
Cached:         121578252 kB
SwapCached:        23200 kB
Active:         106198584 kB
Inactive:       43901836 kB
Active(anon):   22769480 kB
Inactive(anon):   378036 kB
Active(file):   83429104 kB
Inactive(file): 43523800 kB
Unevictable:           0 kB
Mlocked:               0 kB
SwapTotal:       2097148 kB
SwapFree:        1828284 kB
Dirty:              1596 kB
Writeback:             0 kB
AnonPages:      23127196 kB
Mapped:           272872 kB
Shmem:              5524 kB
KReclaimable:   11062856 kB
Slab:           12654336 kB
SReclaimable:   11062856 kB
SUnreclaim:      1591480 kB
KernelStack:       54640 kB
PageTables:        74956 kB
NFS_Unstable:          0 kB
Bounce:                0 kB
WritebackTmp:          0 kB
CommitLimit:    397729136 kB
Committed_AS:   39274244 kB
VmallocTotal:   34359738367 kB
VmallocUsed:      501276 kB
VmallocChunk:          0 kB
Percpu:           354368 kB
HardwareCorrupted:     0 kB
AnonHugePages:         0 kB
ShmemHugePages:        0 kB
ShmemPmdMapped:        0 kB
FileHugePages:         0 kB
FilePmdMapped:         0 kB
HugePages_Total:       0
HugePages_Free:        0
HugePages_Rsvd:        0
HugePages_Surp:        0
Hugepagesize:       2048 kB
Hugetlb:               0 kB
DirectMap4k:     4568476 kB
DirectMap2M:    290818048 kB
DirectMap1G:    510656512 kB

/sys/kernel/mm/transparent_hugepage/enabled: always [madvise] never
/sys/kernel/mm/transparent_hugepage/hpage_pmd_size: 2097152
/sys/kernel/mm/transparent_hugepage/shmem_enabled: always within_size advise [never] deny force
/sys/kernel/mm/transparent_hugepage/defrag (defrag/compaction efforts parameter): always defer defer+madvise [madvise] never

Process Memory:
Virtual Size: 35555948K (peak: 35598176K)
Resident Set Size: 348716K (peak: 348716K) (anon: 304776K, file: 43940K, shmem: 0K)
Swapped out: 0K
C-Heap outstanding allocations: 217485K, retained: 3810K (may have wrapped)
glibc malloc tunables: (default)

/proc/sys/kernel/threads-max (system-wide limit on the number of threads): 6181293
/proc/sys/vm/max_map_count (maximum number of memory map areas a process may have): 65530
/proc/sys/vm/swappiness (control to define how aggressively the kernel swaps out anonymous memory): 60
/proc/sys/kernel/pid_max (system-wide limit on number of process identifiers): 4194304

container information not found.
Steal ticks since vm start: 0
Steal ticks percentage since vm start:  0.000

CPU: total 112 (initial active 112) (28 cores per cpu, 2 threads per core) family 6 model 85 stepping 7 microcode 0x5003006, cx8, cmov, fxsr, ht, mmx, 3dnowpref, sse, sse2, sse3, ssse3, sse4.1, sse4.2, popcnt, lzcnt, tsc, tscinvbit, avx, avx2, aes, erms, clmul, bmi1, bmi2, adx, avx512f, avx512dq, avx512cd, avx512bw, avx512vl, fma, vzeroupper, avx512_vnni, clflush, clflushopt, clwb, rdtscp, f16c, pku, ospke
CPU Model and flags from /proc/cpuinfo:
model name	: Intel(R) Xeon(R) Platinum 8280 CPU @ 2.70GHz
flags		: fpu vme de pse tsc msr pae mce cx8 apic sep mtrr pge mca cmov pat pse36 clflush dts acpi mmx fxsr sse sse2 ss ht tm pbe syscall nx pdpe1gb rdtscp lm constant_tsc art arch_perfmon pebs bts rep_good nopl xtopology nonstop_tsc cpuid aperfmperf pni pclmulqdq dtes64 monitor ds_cpl smx est tm2 ssse3 sdbg fma cx16 xtpr pdcm pcid dca sse4_1 sse4_2 x2apic movbe popcnt tsc_deadline_timer aes xsave avx f16c rdrand lahf_lm abm 3dnowprefetch cpuid_fault epb cat_l3 cdp_l3 invpcid_single ssbd mba ibrs ibpb stibp ibrs_enhanced fsgsbase tsc_adjust bmi1 avx2 smep bmi2 erms invpcid cqm mpx rdt_a avx512f avx512dq rdseed adx smap clflushopt clwb intel_pt avx512cd avx512bw avx512vl xsaveopt xsavec xgetbv1 xsaves cqm_llc cqm_occup_llc cqm_mbm_total cqm_mbm_local dtherm ida arat pln pts hwp hwp_act_window hwp_epp hwp_pkg_req pku ospke avx512_vnni md_clear flush_l1d arch_capabilities

Online cpus: 0-111
Offline cpus: 
cache level: 1
cache type: Data
cache size: 32K
cache coherency line size: 64
cache level: 1
cache type: Instruction
cache size: 32K
cache coherency line size: 64
cache level: 2
cache type: Unified
cache size: 1024K
cache coherency line size: 64
cache level: 3
cache type: Unified
cache size: 39424K
cache coherency line size: 64
BIOS frequency limitation: <Not Available>
Frequency switch latency (ns): 0
Available cpu frequencies: <Not Available>
Maximum cpu frequency: 4000000
Minimum cpu frequency: 1000000
Current cpu frequency: 2716481
Available governors: performance powersave
Current governor: powersave
Core performance/turbo boost: <Not Available>

Memory: 4k page, physical 791263980k(760021388k free), swap 2097148k(1828284k free)
Page Sizes: 4k

vm_info: OpenJDK 64-Bit Server VM (slowdebug 25-internal-adhoc.root.valhalla) for linux-amd64 JRE (25-internal-adhoc.root.valhalla), built on 2025-04-15T01:23:54Z with gcc 10.5.0

END.
