#
# A fatal error has been detected by the Java Runtime Environment:
#
#  Internal Error (/home/jatinbha/sandboxes/lworld+vector/valhalla.new_merge.alt/valhalla/src/hotspot/share/opto/idealGraphPrinter.cpp:972), pid=3408912, tid=3408932
#  fatal error: Couldn't connect to visualizer at 127.0.0.1:4444
#
# JRE version: OpenJDK Runtime Environment (25.0) (slowdebug build 25-internal-adhoc.root.valhalla)
# Java VM: OpenJDK 64-Bit Server VM (slowdebug 25-internal-adhoc.root.valhalla, mixed mode, sharing, tiered, compressed oops, compressed class ptrs, g1 gc, linux-amd64)
# Problematic frame:
# V  [libjvm.so+0x1174d4b]  IdealGraphPrinter::init_network_stream()+0x10f
#
# Core dump will be written. Default location: Core dumps may be processed with "/usr/share/apport/apport -p%p -s%s -c%c -d%d -P%P -u%u -g%g -- %E" (or dumping to /home/jatinbha/code/java/valhalla/core.3408912)
#
# If you would like to submit a bug report, please visit:
#   https://bugreport.java.com/bugreport/crash.jsp
#

---------------  S U M M A R Y ------------

Command Line: --add-modules=jdk.incubator.vector --enable-preview -XX:PrintIdealGraphLevel=3 -XX:CompileCommand=PrintIdealPhase,Add::micro,BEFORE_MATCHING Add

Host: intel-S2600WFT, Intel(R) Xeon(R) Platinum 8280 CPU @ 2.70GHz, 112 cores, 754G, Ubuntu 20.04.2 LTS
Time: Tue Apr 15 11:41:50 2025 IST elapsed time: 0.444063 seconds (0d 0h 0m 0s)

---------------  T H R E A D  ---------------

Current thread (0x00007f1ad02e6670):  JavaThread "C2 CompilerThread0" daemon [_thread_in_vm, id=3408932, stack(0x00007f1a7e5db000,0x00007f1a7e6dc000) (1028K)]

Stack: [0x00007f1a7e5db000,0x00007f1a7e6dc000],  sp=0x00007f1a7e6d7c20,  free space=1011k
Native frames: (J=compiled Java code, j=interpreted, Vv=VM code, C=native code)
V  [libjvm.so+0x1174d4b]  IdealGraphPrinter::init_network_stream()+0x10f  (idealGraphPrinter.cpp:972)
V  [libjvm.so+0x1170fe3]  IdealGraphPrinter::init(char const*, bool, bool)+0xa3  (idealGraphPrinter.cpp:157)
V  [libjvm.so+0x1170e5e]  IdealGraphPrinter::IdealGraphPrinter()+0x30  (idealGraphPrinter.cpp:122)
V  [libjvm.so+0x1170cf3]  IdealGraphPrinter::printer()+0x91  (idealGraphPrinter.cpp:92)
V  [libjvm.so+0xd1b325]  Compile::init_igv()+0x25  (compile.cpp:5677)
V  [libjvm.so+0xd1b3aa]  Compile::should_print_igv(int)+0x5c  (compile.cpp:5691)
V  [libjvm.so+0xd1b0db]  Compile::print_method(CompilerPhaseType, int, Node*)+0x2e1  (compile.cpp:5631)
V  [libjvm.so+0x1635f99]  Matcher::match()+0xbe5  (matcher.cpp:371)
V  [libjvm.so+0xd130b3]  Compile::Code_Gen()+0x89  (compile.cpp:3464)
V  [libjvm.so+0xd07343]  Compile::Compile(ciEnv*, TypeFunc const* (*)(), unsigned char*, char const*, int, bool, bool, DirectiveSet*)+0x91b  (compile.cpp:1023)
V  [libjvm.so+0x186ce3b]  OptoRuntime::generate_stub(ciEnv*, TypeFunc const* (*)(), unsigned char*, char const*, int, bool, bool)+0xd7  (runtime.cpp:284)
V  [libjvm.so+0x186c65a]  OptoRuntime::generate(ciEnv*)+0x56  (runtime.cpp:180)
V  [libjvm.so+0xbb0565]  C2Compiler::init_c2_runtime()+0x16d  (c2compiler.cpp:98)
V  [libjvm.so+0xbb05f7]  C2Compiler::initialize()+0x7b  (c2compiler.cpp:111)
V  [libjvm.so+0xd2b206]  CompileBroker::init_compiler_runtime()+0xfc  (compileBroker.cpp:1785)
V  [libjvm.so+0xd2b7f5]  CompileBroker::compiler_thread_loop()+0x189  (compileBroker.cpp:1927)
V  [libjvm.so+0xd4c026]  CompilerThread::thread_entry(JavaThread*, JavaThread*)+0x84  (compilerThread.cpp:67)
V  [libjvm.so+0x1205728]  JavaThread::thread_main_inner()+0x15a  (javaThread.cpp:777)
V  [libjvm.so+0x12055ca]  JavaThread::run()+0x1c0  (javaThread.cpp:762)
V  [libjvm.so+0x1b695e8]  Thread::call_run()+0x1a8  (thread.cpp:231)
V  [libjvm.so+0x1766396]  thread_native_entry(Thread*)+0x1c3  (os_linux.cpp:877)
Registers:
RAX=0x00007f1adb5ef000, RBX=0x00007f1a10053350, RCX=0x0000000000000001, RDX=0x0000000000000000
RSP=0x00007f1a7e6d7c20, RBP=0x00007f1a7e6d7c50, RSI=0x00007f1a10055be0, RDI=0x00007f1a100008d6
R8 =0x0000000000000000, R9 =0x0000000000000000, R10=0x0000000000000000, R11=0x0000000000000000
R12=0x00007f1a7e6d9b18, R13=0x00007f1ad7dbe58f, R14=0x00007f1ad7dbe6e0, R15=0x00007f1a7e6dafc0
RIP=0x00007f1ad908fd4b, EFLAGS=0x0000000000010246, CSGSFS=0x002b000000000033, ERR=0x0000000000000006
  TRAPNO=0x000000000000000e

XMM[0]=0x0000000600000001 0x0000000200000000
XMM[1]=0x0000000000000000 0x0000000600000001
XMM[2]=0x0000000000000000 0x00000000000000ff
XMM[3]=0x0000000000000000 0x0000000000000000
XMM[4]=0x0000000000000000 0x0000000000000000
XMM[5]=0x0000000000000000 0x0000000000000006
XMM[6]=0x0000000000000000 0x0000000000000002
XMM[7]=0x0000003000000018 0x000000000100007f
XMM[8]=0x64656c6961662066 0x746e6972706e7300
XMM[9]=0x0000000000000000 0x0000000000000000
XMM[10]=0x0000000000000000 0x0000000000000000
XMM[11]=0x0000000000000000 0x0000000000000000
XMM[12]=0x0000000000000000 0x0000000000000000
XMM[13]=0x0000000000000000 0x0000000000000000
XMM[14]=0x0000000000000000 0x0000000000000000
XMM[15]=0x0000000000000000 0x0000000000000000
  MXCSR=0x00001fa2


Register to memory mapping:

RAX=0x00007f1adb5ef000 in mmap'd memory region [0x00007f1adb5ef000 - 0x00007f1adb5f0000], tag mtInternal
RBX=0x00007f1a10053350 into live malloced block starting at 0x00007f1a10053350, size 96, tag mtCompiler
RCX=0x0000000000000001 is an unknown value
RDX=0x0 is null
RSP=0x00007f1a7e6d7c20 is pointing into the stack for thread: 0x00007f1ad02e6670
RBP=0x00007f1a7e6d7c50 is pointing into the stack for thread: 0x00007f1ad02e6670
RSI=0x00007f1a10055be0 points into unknown readable memory: 0x0000000000000000 | 00 00 00 00 00 00 00 00
RDI=0x00007f1a100008d6 points into unknown readable memory: 01 00
R8 =0x0 is null
R9 =0x0 is null
R10=0x0 is null
R11=0x0 is null
R12=0x00007f1a7e6d9b18 is pointing into the stack for thread: 0x00007f1ad02e6670
R13=0x00007f1ad7dbe58f is pointing into the stack for thread: 0x00007f1ad002cc90
R14=0x00007f1ad7dbe6e0 is pointing into the stack for thread: 0x00007f1ad002cc90
R15=0x00007f1a7e6dafc0 is pointing into the stack for thread: 0x00007f1ad02e6670

Top of Stack: (sp=0x00007f1a7e6d7c20)
0x00007f1a7e6d7c20:   0000000000000000 00007f1a10052ae0   .........*......
0x00007f1a7e6d7c30:   07007f1a10052ad0 0000000000000060   .*......`.......
0x00007f1a7e6d7c40:   00007f1a7e6d7c80 00007f1a10052ae0   .|m~.....*......
0x00007f1a7e6d7c50:   00007f1a7e6d7ca0 00007f1ad908bfe3   .|m~............
0x00007f1a7e6d7c60:   0000000700000000 0000000100000800   ................
0x00007f1a7e6d7c70:   0000000000000000 00007f1a10052ae0   .........*......
0x00007f1a7e6d7c80:   00007f1a7e6d7cc0 00007f1ad883fd32   .|m~....2.......
0x00007f1a7e6d7c90:   00007f0700000000 00007f1a10052ae0   .........*......
0x00007f1a7e6d7ca0:   00007f1a7e6d7cc0 00007f1ad908be5e   .|m~....^.......
0x00007f1a7e6d7cb0:   fffffffffffffffe 00007f1a10052ae0   .........*......
0x00007f1a7e6d7cc0:   00007f1a7e6d7d10 00007f1ad908bcf3   .}m~............
0x00007f1a7e6d7cd0:   0700000000000010 00007f1ad02e6670   ........pf......
0x00007f1a7e6d7ce0:   00007f1ad02e6670 00007f1ad976002d   pf......-.v.....
0x00007f1a7e6d7cf0:   0000000000000850 0000000000000850   P.......P.......
0x00007f1a7e6d7d00:   0000000000000010 00007f1a1003bc29   ........).......
0x00007f1a7e6d7d10:   00007f1a7e6d7d30 00007f1ad8c36325   0}m~....%c......
0x00007f1a7e6d7d20:   000000007e6d7d40 00007f1a7e6d9880   @}m~......m~....
0x00007f1a7e6d7d30:   00007f1a7e6d7d60 00007f1ad8c363aa   `}m~.....c......
0x00007f1a7e6d7d40:   000000017e6d7d60 00007f1a7e6d9880   `}m~......m~....
0x00007f1a7e6d7d50:   00007f1ad9f0e11a 01007f1a1003cd78   ........x.......
0x00007f1a7e6d7d60:   00007f1a7e6d7ee0 00007f1ad8c360db   .~m~.....`......
0x00007f1a7e6d7d70:   00007f1a7e6d7db0 0000000000000000   .}m~............
0x00007f1a7e6d7d80:   0000004100000001 00007f1a7e6d9880   ....A.....m~....
0x00007f1a7e6d7d90:   000000017e6d7db0 00007f1ad955e039   .}m~....9.U.....
0x00007f1a7e6d7da0:   00007f1a7e6d7dc0 00007f1a1003cd78   .}m~....x.......
0x00007f1a7e6d7db0:   00007f1ad02e6f30 00007f1a100382a0   0o..............
0x00007f1a7e6d7dc0:   00007f1a1003cd78 00007f1a10040290   x...............
0x00007f1a7e6d7dd0:   00000000000083b0 00007f1a00000002   ................
0x00007f1a7e6d7de0:   00007f1ad02e6670 00007f1a7e6d9840   pf......@.m~....
0x00007f1a7e6d7df0:   0000000000000000 0000000000000000   ................
0x00007f1a7e6d7e00:   00007f1a7e000001 0000000000000000   ...~............
0x00007f1a7e6d7e10:   00007f1a7e6d7e08 0000000000000040   .~m~....@.......

Instructions: (pc=0x00007f1ad908fd4b)
  0x00007f1ad908fc4b:   7d d8 48 c7 45 e8 60 00 00 00 c6 45 e7 07 0f b6
  0x00007f1ad908fc5b:   4d e7 48 8b 45 e8 ba 00 00 00 00 89 ce 48 89 c7
  0x00007f1ad908fc6b:   e8 65 00 7b ff 48 89 c3 90 48 89 df e8 c6 ca 60
  0x00007f1ad908fc7b:   00 48 8b 45 d8 48 89 18 48 8b 45 d8 48 8b 00 48
  0x00007f1ad908fc8b:   8d 15 07 4c 12 02 48 8b 12 0f bf d2 48 8d 0d a2
  0x00007f1ad908fc9b:   58 12 02 48 8b 09 48 89 ce 48 89 c7 e8 66 cd 60
  0x00007f1ad908fcab:   00 84 c0 0f 84 8d 00 00 00 c6 45 e6 00 48 8b 45
  0x00007f1ad908fcbb:   d8 48 8b 00 48 8d 4d e6 ba 01 00 00 00 48 89 ce
  0x00007f1ad908fccb:   48 89 c7 e8 25 cb 60 00 0f b6 45 e6 3c 79 74 55
  0x00007f1ad908fcdb:   48 8d 05 a6 4e 18 02 48 8b 00 48 8d 35 8c 2b 1c
  0x00007f1ad908fceb:   01 48 89 c7 b8 00 00 00 00 e8 47 9e 60 00 48 8b
  0x00007f1ad908fcfb:   45 d8 48 8b 00 48 89 c7 e8 be cc 60 00 48 8b 45
  0x00007f1ad908fd0b:   d8 48 8b 00 48 85 c0 74 0f 48 8b 10 48 83 c2 20
  0x00007f1ad908fd1b:   48 8b 12 48 89 c7 ff d2 48 8b 45 d8 48 c7 00 00
  0x00007f1ad908fd2b:   00 00 00 eb 5a 48 8b 45 d8 48 8b 10 48 8b 45 d8
  0x00007f1ad908fd3b:   48 89 50 10 eb 49 48 8d 05 40 ac 0f 02 48 8b 00
=>0x00007f1ad908fd4b:   c6 00 58 48 8d 05 43 4b 12 02 48 8b 10 48 8d 05
  0x00007f1ad908fd5b:   e1 57 12 02 48 8b 00 49 89 d1 49 89 c0 48 8d 0d
  0x00007f1ad908fd6b:   41 2b 1c 01 ba cc 03 00 00 48 8d 35 05 26 1c 01
  0x00007f1ad908fd7b:   bf 00 00 00 e0 b8 00 00 00 00 e8 de 96 c4 ff 48
  0x00007f1ad908fd8b:   8b 5d f8 c9 c3 f3 0f 1e fa 55 48 89 e5 48 83 ec
  0x00007f1ad908fd9b:   10 48 89 7d f8 48 89 75 f0 e8 d8 8c 50 ff 83 f0
  0x00007f1ad908fdab:   01 84 c0 74 17 48 8b 45 f8 48 8b 80 38 08 00 00
  0x00007f1ad908fdbb:   48 85 c0 75 07 b8 01 00 00 00 eb 05 b8 00 00 00
  0x00007f1ad908fdcb:   00 84 c0 74 31 48 8d 05 b1 ab 0f 02 48 8b 00 c6
  0x00007f1ad908fddb:   00 58 48 8d 0d f5 2a 1c 01 48 8d 15 02 2b 1c 01
  0x00007f1ad908fdeb:   be d2 03 00 00 48 8d 3d 89 25 1c 01 b8 00 00 00
  0x00007f1ad908fdfb:   00 e8 ca 94 c4 ff 48 8b 45 f8 48 8b 40 18 48 39
  0x00007f1ad908fe0b:   45 f0 74 35 48 8b 45 f8 0f b6 80 48 08 00 00 84
  0x00007f1ad908fe1b:   c0 74 0e 48 8b 45 f8 48 8b 55 f0 48 89 50 18 eb
  0x00007f1ad908fe2b:   18 48 8b 45 f8 48 89 c7 e8 c0 ce ff ff 48 8b 45
  0x00007f1ad908fe3b:   f8 48 89 c7 e8 c6 ca ff ff 90 c9 c3 f3 0f 1e fa


Stack slot to memory mapping:

stack at sp + 0 slots: 0x0 is null
stack at sp + 1 slots: 0x00007f1a10052ae0 into live malloced block starting at 0x00007f1a10052ae0, size 2128, tag mtCompiler
stack at sp + 2 slots: 0x07007f1a10052ad0 is an unknown value
stack at sp + 3 slots: 0x0000000000000060 is an unknown value
stack at sp + 4 slots: 0x00007f1a7e6d7c80 is pointing into the stack for thread: 0x00007f1ad02e6670
stack at sp + 5 slots: 0x00007f1a10052ae0 into live malloced block starting at 0x00007f1a10052ae0, size 2128, tag mtCompiler
stack at sp + 6 slots: 0x00007f1a7e6d7ca0 is pointing into the stack for thread: 0x00007f1ad02e6670
stack at sp + 7 slots: 0x00007f1ad908bfe3: <offset 0x0000000001170fe3> in /home/jatinbha/sandboxes/lworld+vector/valhalla.new_merge.alt/valhalla/build/linux-x86_64-server-slowdebug/images/jdk/lib/server/libjvm.so at 0x00007f1ad7f1b000

Lock stack of current Java thread (top to bottom):


---------------  P R O C E S S  ---------------

uid  : 1000 euid : 1000 gid  : 1000 egid : 1000

umask: 0002 (-------w-)

Threads class SMR info:
_java_thread_list=0x00007f1a081bb830, length=26, elements={
0x00007f1ad02dfb60, 0x00007f1ad02e0a60, 0x00007f1ad02e1ca0, 0x00007f1ad02e3010,
0x00007f1ad02e4240, 0x00007f1ad02e6670, 0x00007f1ad02e80c0, 0x00007f1a04076e10,
0x00007f1ad038bf30, 0x00007f1a0800c4e0, 0x00007f1a04108020, 0x00007f1a04109600,
0x00007f1a0410aff0, 0x00007f19ec001520, 0x00007f1a04111360, 0x00007f1a04113850,
0x00007f19f4008ff0, 0x00007f1ad0470100, 0x00007f19f802d340, 0x00007f1a041666a0,
0x00007f19f8075ab0, 0x00007f1a001bfd20, 0x00007f1a0815ee80, 0x00007f1a041e9a60,
0x00007f1a081ba3a0, 0x00007f1ad002cc90
}
_java_thread_list_alloc_cnt=29, _java_thread_list_free_cnt=27, _java_thread_list_max=26, _nested_thread_list_max=0
_tlh_cnt=109, _tlh_times=0, avg_tlh_time=0.00, _tlh_time_max=0
_deleted_thread_cnt=1, _deleted_thread_times=0, avg_deleted_thread_time=0.00, _deleted_thread_time_max=0
_delete_lock_wait_cnt=0, _delete_lock_wait_max=0
_to_delete_list_cnt=0, _to_delete_list_max=1

Java Threads: ( => current thread )
  0x00007f1ad02dfb60 JavaThread "Reference Handler"          daemon [_thread_blocked, id=3408927, stack(0x00007f1a7f0d2000,0x00007f1a7f1d2000) (1024K)]
  0x00007f1ad02e0a60 JavaThread "Finalizer"                  daemon [_thread_blocked, id=3408928, stack(0x00007f1a7f2d4000,0x00007f1a7f3d4000) (1024K)]
  0x00007f1ad02e1ca0 JavaThread "Signal Dispatcher"          daemon [_thread_blocked, id=3408929, stack(0x00007f1a7eed0000,0x00007f1a7efd0000) (1024K)]
  0x00007f1ad02e3010 JavaThread "Service Thread"             daemon [_thread_blocked, id=3408930, stack(0x00007f1a7f1d3000,0x00007f1a7f2d3000) (1024K)]
  0x00007f1ad02e4240 JavaThread "Monitor Deflation Thread"   daemon [_thread_blocked, id=3408931, stack(0x00007f1a7e6dc000,0x00007f1a7e7dd000) (1028K)]
=>0x00007f1ad02e6670 JavaThread "C2 CompilerThread0"         daemon [_thread_in_vm, id=3408932, stack(0x00007f1a7e5db000,0x00007f1a7e6dc000) (1028K)]
  0x00007f1ad02e80c0 JavaThread "C1 CompilerThread0"         daemon [_thread_blocked, id=3408933, stack(0x00007f1a7e4da000,0x00007f1a7e5db000) (1028K)]
  0x00007f1a04076e10 JavaThread "C1 CompilerThread1"         daemon [_thread_blocked, id=3408934, stack(0x00007f1a7cbb2000,0x00007f1a7ccb3000) (1028K)]
  0x00007f1ad038bf30 JavaThread "Common-Cleaner"             daemon [_thread_blocked, id=3408935, stack(0x00007f1a7cab1000,0x00007f1a7cbb2000) (1028K)]
  0x00007f1a0800c4e0 JavaThread "C1 CompilerThread2"         daemon [_thread_blocked, id=3408936, stack(0x00007f1a7c9b0000,0x00007f1a7cab1000) (1028K)]
  0x00007f1a04108020 JavaThread "C1 CompilerThread3"         daemon [_thread_in_native, id=3408937, stack(0x00007f1a7c8af000,0x00007f1a7c9b0000) (1028K)]
  0x00007f1a04109600 JavaThread "C1 CompilerThread4"         daemon [_thread_blocked, id=3408938, stack(0x00007f1a7c7ae000,0x00007f1a7c8af000) (1028K)]
  0x00007f1a0410aff0 JavaThread "C1 CompilerThread5"         daemon [_thread_blocked, id=3408939, stack(0x00007f1a7c6ad000,0x00007f1a7c7ae000) (1028K)]
  0x00007f19ec001520 JavaThread "C2 CompilerThread1"         daemon [_thread_blocked, id=3408940, stack(0x00007f1a7c5ac000,0x00007f1a7c6ad000) (1028K)]
  0x00007f1a04111360 JavaThread "C2 CompilerThread2"         daemon [_thread_blocked, id=3408941, stack(0x00007f1a7c4ab000,0x00007f1a7c5ac000) (1028K)]
  0x00007f1a04113850 JavaThread "C2 CompilerThread3"         daemon [_thread_blocked, id=3408942, stack(0x00007f1a7c3aa000,0x00007f1a7c4ab000) (1028K)]
  0x00007f19f4008ff0 JavaThread "C2 CompilerThread4"         daemon [_thread_blocked, id=3408943, stack(0x00007f1a7c2a9000,0x00007f1a7c3aa000) (1028K)]
  0x00007f1ad0470100 JavaThread "Notification Thread"        daemon [_thread_blocked, id=3408944, stack(0x00007f1a7c1a8000,0x00007f1a7c2a9000) (1028K)]
  0x00007f19f802d340 JavaThread "C2 CompilerThread5"         daemon [_thread_blocked, id=3408945, stack(0x00007f1a7c081000,0x00007f1a7c182000) (1028K)]
  0x00007f1a041666a0 JavaThread "C2 CompilerThread6"         daemon [_thread_blocked, id=3408946, stack(0x00007f1a6feff000,0x00007f1a70000000) (1028K)]
  0x00007f19f8075ab0 JavaThread "C2 CompilerThread7"         daemon [_thread_blocked, id=3408947, stack(0x00007f1a6fdfe000,0x00007f1a6feff000) (1028K)]
  0x00007f1a001bfd20 JavaThread "C2 CompilerThread8"         daemon [_thread_blocked, id=3408948, stack(0x00007f1a6fcfd000,0x00007f1a6fdfe000) (1028K)]
  0x00007f1a0815ee80 JavaThread "C2 CompilerThread9"         daemon [_thread_blocked, id=3408949, stack(0x00007f1a6fbfc000,0x00007f1a6fcfd000) (1028K)]
  0x00007f1a041e9a60 JavaThread "C2 CompilerThread10"        daemon [_thread_blocked, id=3408950, stack(0x00007f1a6fafb000,0x00007f1a6fbfc000) (1028K)]
  0x00007f1a081ba3a0 JavaThread "C2 CompilerThread11"        daemon [_thread_blocked, id=3408951, stack(0x00007f1a6f9fa000,0x00007f1a6fafb000) (1028K)]
  0x00007f1ad002cc90 JavaThread "DestroyJavaVM"                     [_thread_blocked, id=3408913, stack(0x00007f1ad7cc1000,0x00007f1ad7dc2000) (1028K)]
Total: 26

Other Threads:
  0x00007f1ad02a49a0 VMThread "VM Thread"                           [id=3408926, stack(0x00007f1a7efd1000,0x00007f1a7f0d1000) (1024K)]
  0x00007f1ad01f1d10 WatcherThread "VM Periodic Task Thread"        [id=3408925, stack(0x00007f1a7edcf000,0x00007f1a7eecf000) (1024K)]
  0x00007f1ad006e900 WorkerThread "GC Thread#0"                     [id=3408914, stack(0x00007f1a921c7000,0x00007f1a922c7000) (1024K)]
  0x00007f1ad0082c80 ConcurrentGCThread "G1 Main Marker"            [id=3408915, stack(0x00007f1a920c6000,0x00007f1a921c6000) (1024K)]
  0x00007f1ad0083f20 WorkerThread "G1 Conc#0"                       [id=3408916, stack(0x00007f1a91fc5000,0x00007f1a920c5000) (1024K)]
  0x00007f1ad01db5a0 ConcurrentGCThread "G1 Refine#0"               [id=3408917, stack(0x00007f1a7f4d6000,0x00007f1a7f5d6000) (1024K)]
  0x00007f1ad01dc7e0 ConcurrentGCThread "G1 Service"                [id=3408918, stack(0x00007f1a7f3d5000,0x00007f1a7f4d5000) (1024K)]
Total: 7

Threads with active compile tasks:
C1 CompilerThread3  3334  318       3       jdk.internal.classfile.impl.StackMapGenerator::processBlock (2767 bytes)
Total: 1

VM state: not at safepoint (normal execution)

VM Mutex/Monitor currently owned by a thread: None

Heap address: 0x00000000a0000000, size: 30208 MB, Compressed Oops mode: Zero based, Oop shift amount: 3

CDS archive(s) mapped at: [0x00007f1a2e000000-0x00007f1a2eec3000-0x00007f1a2eec3000), size 15478784, SharedBaseAddress: 0x00007f1a2e000000, ArchiveRelocationMode: 1.
Compressed class space mapped at: 0x00007f1a2f000000-0x00007f1a6f000000, reserved size: 1073741824
UseCompressedClassPointers 1, UseCompactObjectHeaders 0
Narrow klass pointer bits 32, Max shift 3
Narrow klass base: 0x00007f1a2e000000, Narrow klass shift: 0
Encoding Range: [0x00007f1a2e000000 - 0x00007f1b2e000000), (4294967296 bytes)
Klass Range:    [0x00007f1a2e000000 - 0x00007f1a6f000000), (1090519040 bytes)
Klass ID Range:  [8 - 1090519033) (1090519025)

GC Precious Log:
 CardTable entry size: 512
 Card Set container configuration: InlinePtr #cards 3 size 8 Array Of Cards #cards 128 size 272 Howl #buckets 8 coarsen threshold 29491 Howl Bitmap #cards 4096 size 528 coarsen threshold 3686 Card regions per heap region 1 cards per card region 32768
 CPUs: 112 total, 112 available
 Memory: 754G
 Large Page Support: Disabled
 NUMA Support: Disabled
 Compressed Oops: Enabled (Zero based)
 Heap Region Size: 16M
 Heap Min Capacity: 16M
 Heap Initial Capacity: 2G
 Heap Max Capacity: 30208M
 Pre-touch: Disabled
 Parallel Workers: 73
 Concurrent Workers: 18
 Concurrent Refinement Workers: 73
 Periodic GC: Disabled

Heap:
 garbage-first heap   total reserved 30932992K, committed 2097152K, used 49152K [0x00000000a0000000, 0x0000000800000000)
  region size 16384K, 4 young (65536K), 0 survivors (0K)
 Metaspace       used 2413K, committed 2560K, reserved 1114112K
  class space    used 152K, committed 256K, reserved 1048576K

Heap Regions: E=young(eden), S=young(survivor), O=old, HS=humongous(starts), HC=humongous(continues), CS=collection set, F=free, TAMS=top-at-mark-start, PB=parsable bottom
|   0|0x00000000a0000000, 0x00000000a0000000, 0x00000000a1000000|  0%| F|  |TAMS 0x00000000a0000000| PB 0x00000000a0000000| Untracked |  0
|   1|0x00000000a1000000, 0x00000000a1000000, 0x00000000a2000000|  0%| F|  |TAMS 0x00000000a1000000| PB 0x00000000a1000000| Untracked |  0
|   2|0x00000000a2000000, 0x00000000a2000000, 0x00000000a3000000|  0%| F|  |TAMS 0x00000000a2000000| PB 0x00000000a2000000| Untracked |  0
|   3|0x00000000a3000000, 0x00000000a3000000, 0x00000000a4000000|  0%| F|  |TAMS 0x00000000a3000000| PB 0x00000000a3000000| Untracked |  0
|   4|0x00000000a4000000, 0x00000000a4000000, 0x00000000a5000000|  0%| F|  |TAMS 0x00000000a4000000| PB 0x00000000a4000000| Untracked |  0
|   5|0x00000000a5000000, 0x00000000a5000000, 0x00000000a6000000|  0%| F|  |TAMS 0x00000000a5000000| PB 0x00000000a5000000| Untracked |  0
|   6|0x00000000a6000000, 0x00000000a6000000, 0x00000000a7000000|  0%| F|  |TAMS 0x00000000a6000000| PB 0x00000000a6000000| Untracked |  0
|   7|0x00000000a7000000, 0x00000000a7000000, 0x00000000a8000000|  0%| F|  |TAMS 0x00000000a7000000| PB 0x00000000a7000000| Untracked |  0
|   8|0x00000000a8000000, 0x00000000a8000000, 0x00000000a9000000|  0%| F|  |TAMS 0x00000000a8000000| PB 0x00000000a8000000| Untracked |  0
|   9|0x00000000a9000000, 0x00000000a9000000, 0x00000000aa000000|  0%| F|  |TAMS 0x00000000a9000000| PB 0x00000000a9000000| Untracked |  0
|  10|0x00000000aa000000, 0x00000000aa000000, 0x00000000ab000000|  0%| F|  |TAMS 0x00000000aa000000| PB 0x00000000aa000000| Untracked |  0
|  11|0x00000000ab000000, 0x00000000ab000000, 0x00000000ac000000|  0%| F|  |TAMS 0x00000000ab000000| PB 0x00000000ab000000| Untracked |  0
|  12|0x00000000ac000000, 0x00000000ac000000, 0x00000000ad000000|  0%| F|  |TAMS 0x00000000ac000000| PB 0x00000000ac000000| Untracked |  0
|  13|0x00000000ad000000, 0x00000000ad000000, 0x00000000ae000000|  0%| F|  |TAMS 0x00000000ad000000| PB 0x00000000ad000000| Untracked |  0
|  14|0x00000000ae000000, 0x00000000ae000000, 0x00000000af000000|  0%| F|  |TAMS 0x00000000ae000000| PB 0x00000000ae000000| Untracked |  0
|  15|0x00000000af000000, 0x00000000af000000, 0x00000000b0000000|  0%| F|  |TAMS 0x00000000af000000| PB 0x00000000af000000| Untracked |  0
|  16|0x00000000b0000000, 0x00000000b0000000, 0x00000000b1000000|  0%| F|  |TAMS 0x00000000b0000000| PB 0x00000000b0000000| Untracked |  0
|  17|0x00000000b1000000, 0x00000000b1000000, 0x00000000b2000000|  0%| F|  |TAMS 0x00000000b1000000| PB 0x00000000b1000000| Untracked |  0
|  18|0x00000000b2000000, 0x00000000b2000000, 0x00000000b3000000|  0%| F|  |TAMS 0x00000000b2000000| PB 0x00000000b2000000| Untracked |  0
|  19|0x00000000b3000000, 0x00000000b3000000, 0x00000000b4000000|  0%| F|  |TAMS 0x00000000b3000000| PB 0x00000000b3000000| Untracked |  0
|  20|0x00000000b4000000, 0x00000000b4000000, 0x00000000b5000000|  0%| F|  |TAMS 0x00000000b4000000| PB 0x00000000b4000000| Untracked |  0
|  21|0x00000000b5000000, 0x00000000b5000000, 0x00000000b6000000|  0%| F|  |TAMS 0x00000000b5000000| PB 0x00000000b5000000| Untracked |  0
|  22|0x00000000b6000000, 0x00000000b6000000, 0x00000000b7000000|  0%| F|  |TAMS 0x00000000b6000000| PB 0x00000000b6000000| Untracked |  0
|  23|0x00000000b7000000, 0x00000000b7000000, 0x00000000b8000000|  0%| F|  |TAMS 0x00000000b7000000| PB 0x00000000b7000000| Untracked |  0
|  24|0x00000000b8000000, 0x00000000b8000000, 0x00000000b9000000|  0%| F|  |TAMS 0x00000000b8000000| PB 0x00000000b8000000| Untracked |  0
|  25|0x00000000b9000000, 0x00000000b9000000, 0x00000000ba000000|  0%| F|  |TAMS 0x00000000b9000000| PB 0x00000000b9000000| Untracked |  0
|  26|0x00000000ba000000, 0x00000000ba000000, 0x00000000bb000000|  0%| F|  |TAMS 0x00000000ba000000| PB 0x00000000ba000000| Untracked |  0
|  27|0x00000000bb000000, 0x00000000bb000000, 0x00000000bc000000|  0%| F|  |TAMS 0x00000000bb000000| PB 0x00000000bb000000| Untracked |  0
|  28|0x00000000bc000000, 0x00000000bc000000, 0x00000000bd000000|  0%| F|  |TAMS 0x00000000bc000000| PB 0x00000000bc000000| Untracked |  0
|  29|0x00000000bd000000, 0x00000000bd000000, 0x00000000be000000|  0%| F|  |TAMS 0x00000000bd000000| PB 0x00000000bd000000| Untracked |  0
|  30|0x00000000be000000, 0x00000000be000000, 0x00000000bf000000|  0%| F|  |TAMS 0x00000000be000000| PB 0x00000000be000000| Untracked |  0
|  31|0x00000000bf000000, 0x00000000bf000000, 0x00000000c0000000|  0%| F|  |TAMS 0x00000000bf000000| PB 0x00000000bf000000| Untracked |  0
|  32|0x00000000c0000000, 0x00000000c0000000, 0x00000000c1000000|  0%| F|  |TAMS 0x00000000c0000000| PB 0x00000000c0000000| Untracked |  0
|  33|0x00000000c1000000, 0x00000000c1000000, 0x00000000c2000000|  0%| F|  |TAMS 0x00000000c1000000| PB 0x00000000c1000000| Untracked |  0
|  34|0x00000000c2000000, 0x00000000c2000000, 0x00000000c3000000|  0%| F|  |TAMS 0x00000000c2000000| PB 0x00000000c2000000| Untracked |  0
|  35|0x00000000c3000000, 0x00000000c3000000, 0x00000000c4000000|  0%| F|  |TAMS 0x00000000c3000000| PB 0x00000000c3000000| Untracked |  0
|  36|0x00000000c4000000, 0x00000000c4000000, 0x00000000c5000000|  0%| F|  |TAMS 0x00000000c4000000| PB 0x00000000c4000000| Untracked |  0
|  37|0x00000000c5000000, 0x00000000c5000000, 0x00000000c6000000|  0%| F|  |TAMS 0x00000000c5000000| PB 0x00000000c5000000| Untracked |  0
|  38|0x00000000c6000000, 0x00000000c6000000, 0x00000000c7000000|  0%| F|  |TAMS 0x00000000c6000000| PB 0x00000000c6000000| Untracked |  0
|  39|0x00000000c7000000, 0x00000000c7000000, 0x00000000c8000000|  0%| F|  |TAMS 0x00000000c7000000| PB 0x00000000c7000000| Untracked |  0
|  40|0x00000000c8000000, 0x00000000c8000000, 0x00000000c9000000|  0%| F|  |TAMS 0x00000000c8000000| PB 0x00000000c8000000| Untracked |  0
|  41|0x00000000c9000000, 0x00000000c9000000, 0x00000000ca000000|  0%| F|  |TAMS 0x00000000c9000000| PB 0x00000000c9000000| Untracked |  0
|  42|0x00000000ca000000, 0x00000000ca000000, 0x00000000cb000000|  0%| F|  |TAMS 0x00000000ca000000| PB 0x00000000ca000000| Untracked |  0
|  43|0x00000000cb000000, 0x00000000cb000000, 0x00000000cc000000|  0%| F|  |TAMS 0x00000000cb000000| PB 0x00000000cb000000| Untracked |  0
|  44|0x00000000cc000000, 0x00000000cc000000, 0x00000000cd000000|  0%| F|  |TAMS 0x00000000cc000000| PB 0x00000000cc000000| Untracked |  0
|  45|0x00000000cd000000, 0x00000000cd000000, 0x00000000ce000000|  0%| F|  |TAMS 0x00000000cd000000| PB 0x00000000cd000000| Untracked |  0
|  46|0x00000000ce000000, 0x00000000ce000000, 0x00000000cf000000|  0%| F|  |TAMS 0x00000000ce000000| PB 0x00000000ce000000| Untracked |  0
|  47|0x00000000cf000000, 0x00000000cf000000, 0x00000000d0000000|  0%| F|  |TAMS 0x00000000cf000000| PB 0x00000000cf000000| Untracked |  0
|  48|0x00000000d0000000, 0x00000000d0000000, 0x00000000d1000000|  0%| F|  |TAMS 0x00000000d0000000| PB 0x00000000d0000000| Untracked |  0
|  49|0x00000000d1000000, 0x00000000d1000000, 0x00000000d2000000|  0%| F|  |TAMS 0x00000000d1000000| PB 0x00000000d1000000| Untracked |  0
|  50|0x00000000d2000000, 0x00000000d2000000, 0x00000000d3000000|  0%| F|  |TAMS 0x00000000d2000000| PB 0x00000000d2000000| Untracked |  0
|  51|0x00000000d3000000, 0x00000000d3000000, 0x00000000d4000000|  0%| F|  |TAMS 0x00000000d3000000| PB 0x00000000d3000000| Untracked |  0
|  52|0x00000000d4000000, 0x00000000d4000000, 0x00000000d5000000|  0%| F|  |TAMS 0x00000000d4000000| PB 0x00000000d4000000| Untracked |  0
|  53|0x00000000d5000000, 0x00000000d5000000, 0x00000000d6000000|  0%| F|  |TAMS 0x00000000d5000000| PB 0x00000000d5000000| Untracked |  0
|  54|0x00000000d6000000, 0x00000000d6000000, 0x00000000d7000000|  0%| F|  |TAMS 0x00000000d6000000| PB 0x00000000d6000000| Untracked |  0
|  55|0x00000000d7000000, 0x00000000d7000000, 0x00000000d8000000|  0%| F|  |TAMS 0x00000000d7000000| PB 0x00000000d7000000| Untracked |  0
|  56|0x00000000d8000000, 0x00000000d8000000, 0x00000000d9000000|  0%| F|  |TAMS 0x00000000d8000000| PB 0x00000000d8000000| Untracked |  0
|  57|0x00000000d9000000, 0x00000000d9000000, 0x00000000da000000|  0%| F|  |TAMS 0x00000000d9000000| PB 0x00000000d9000000| Untracked |  0
|  58|0x00000000da000000, 0x00000000da000000, 0x00000000db000000|  0%| F|  |TAMS 0x00000000da000000| PB 0x00000000da000000| Untracked |  0
|  59|0x00000000db000000, 0x00000000db000000, 0x00000000dc000000|  0%| F|  |TAMS 0x00000000db000000| PB 0x00000000db000000| Untracked |  0
|  60|0x00000000dc000000, 0x00000000dc000000, 0x00000000dd000000|  0%| F|  |TAMS 0x00000000dc000000| PB 0x00000000dc000000| Untracked |  0
|  61|0x00000000dd000000, 0x00000000dd000000, 0x00000000de000000|  0%| F|  |TAMS 0x00000000dd000000| PB 0x00000000dd000000| Untracked |  0
|  62|0x00000000de000000, 0x00000000de000000, 0x00000000df000000|  0%| F|  |TAMS 0x00000000de000000| PB 0x00000000de000000| Untracked |  0
|  63|0x00000000df000000, 0x00000000df000000, 0x00000000e0000000|  0%| F|  |TAMS 0x00000000df000000| PB 0x00000000df000000| Untracked |  0
|  64|0x00000000e0000000, 0x00000000e0000000, 0x00000000e1000000|  0%| F|  |TAMS 0x00000000e0000000| PB 0x00000000e0000000| Untracked |  0
|  65|0x00000000e1000000, 0x00000000e1000000, 0x00000000e2000000|  0%| F|  |TAMS 0x00000000e1000000| PB 0x00000000e1000000| Untracked |  0
|  66|0x00000000e2000000, 0x00000000e2000000, 0x00000000e3000000|  0%| F|  |TAMS 0x00000000e2000000| PB 0x00000000e2000000| Untracked |  0
|  67|0x00000000e3000000, 0x00000000e3000000, 0x00000000e4000000|  0%| F|  |TAMS 0x00000000e3000000| PB 0x00000000e3000000| Untracked |  0
|  68|0x00000000e4000000, 0x00000000e4000000, 0x00000000e5000000|  0%| F|  |TAMS 0x00000000e4000000| PB 0x00000000e4000000| Untracked |  0
|  69|0x00000000e5000000, 0x00000000e5000000, 0x00000000e6000000|  0%| F|  |TAMS 0x00000000e5000000| PB 0x00000000e5000000| Untracked |  0
|  70|0x00000000e6000000, 0x00000000e6000000, 0x00000000e7000000|  0%| F|  |TAMS 0x00000000e6000000| PB 0x00000000e6000000| Untracked |  0
|  71|0x00000000e7000000, 0x00000000e7000000, 0x00000000e8000000|  0%| F|  |TAMS 0x00000000e7000000| PB 0x00000000e7000000| Untracked |  0
|  72|0x00000000e8000000, 0x00000000e8000000, 0x00000000e9000000|  0%| F|  |TAMS 0x00000000e8000000| PB 0x00000000e8000000| Untracked |  0
|  73|0x00000000e9000000, 0x00000000e9000000, 0x00000000ea000000|  0%| F|  |TAMS 0x00000000e9000000| PB 0x00000000e9000000| Untracked |  0
|  74|0x00000000ea000000, 0x00000000ea000000, 0x00000000eb000000|  0%| F|  |TAMS 0x00000000ea000000| PB 0x00000000ea000000| Untracked |  0
|  75|0x00000000eb000000, 0x00000000eb000000, 0x00000000ec000000|  0%| F|  |TAMS 0x00000000eb000000| PB 0x00000000eb000000| Untracked |  0
|  76|0x00000000ec000000, 0x00000000ec000000, 0x00000000ed000000|  0%| F|  |TAMS 0x00000000ec000000| PB 0x00000000ec000000| Untracked |  0
|  77|0x00000000ed000000, 0x00000000ed000000, 0x00000000ee000000|  0%| F|  |TAMS 0x00000000ed000000| PB 0x00000000ed000000| Untracked |  0
|  78|0x00000000ee000000, 0x00000000ee000000, 0x00000000ef000000|  0%| F|  |TAMS 0x00000000ee000000| PB 0x00000000ee000000| Untracked |  0
|  79|0x00000000ef000000, 0x00000000ef000000, 0x00000000f0000000|  0%| F|  |TAMS 0x00000000ef000000| PB 0x00000000ef000000| Untracked |  0
|  80|0x00000000f0000000, 0x00000000f0000000, 0x00000000f1000000|  0%| F|  |TAMS 0x00000000f0000000| PB 0x00000000f0000000| Untracked |  0
|  81|0x00000000f1000000, 0x00000000f1000000, 0x00000000f2000000|  0%| F|  |TAMS 0x00000000f1000000| PB 0x00000000f1000000| Untracked |  0
|  82|0x00000000f2000000, 0x00000000f2000000, 0x00000000f3000000|  0%| F|  |TAMS 0x00000000f2000000| PB 0x00000000f2000000| Untracked |  0
|  83|0x00000000f3000000, 0x00000000f3000000, 0x00000000f4000000|  0%| F|  |TAMS 0x00000000f3000000| PB 0x00000000f3000000| Untracked |  0
|  84|0x00000000f4000000, 0x00000000f4000000, 0x00000000f5000000|  0%| F|  |TAMS 0x00000000f4000000| PB 0x00000000f4000000| Untracked |  0
|  85|0x00000000f5000000, 0x00000000f5000000, 0x00000000f6000000|  0%| F|  |TAMS 0x00000000f5000000| PB 0x00000000f5000000| Untracked |  0
|  86|0x00000000f6000000, 0x00000000f6000000, 0x00000000f7000000|  0%| F|  |TAMS 0x00000000f6000000| PB 0x00000000f6000000| Untracked |  0
|  87|0x00000000f7000000, 0x00000000f7000000, 0x00000000f8000000|  0%| F|  |TAMS 0x00000000f7000000| PB 0x00000000f7000000| Untracked |  0
|  88|0x00000000f8000000, 0x00000000f8000000, 0x00000000f9000000|  0%| F|  |TAMS 0x00000000f8000000| PB 0x00000000f8000000| Untracked |  0
|  89|0x00000000f9000000, 0x00000000f9000000, 0x00000000fa000000|  0%| F|  |TAMS 0x00000000f9000000| PB 0x00000000f9000000| Untracked |  0
|  90|0x00000000fa000000, 0x00000000fa000000, 0x00000000fb000000|  0%| F|  |TAMS 0x00000000fa000000| PB 0x00000000fa000000| Untracked |  0
|  91|0x00000000fb000000, 0x00000000fb000000, 0x00000000fc000000|  0%| F|  |TAMS 0x00000000fb000000| PB 0x00000000fb000000| Untracked |  0
|  92|0x00000000fc000000, 0x00000000fc000000, 0x00000000fd000000|  0%| F|  |TAMS 0x00000000fc000000| PB 0x00000000fc000000| Untracked |  0
|  93|0x00000000fd000000, 0x00000000fd000000, 0x00000000fe000000|  0%| F|  |TAMS 0x00000000fd000000| PB 0x00000000fd000000| Untracked |  0
|  94|0x00000000fe000000, 0x00000000fe000000, 0x00000000ff000000|  0%| F|  |TAMS 0x00000000fe000000| PB 0x00000000fe000000| Untracked |  0
|  95|0x00000000ff000000, 0x00000000ff000000, 0x0000000100000000|  0%| F|  |TAMS 0x00000000ff000000| PB 0x00000000ff000000| Untracked |  0
|  96|0x0000000100000000, 0x0000000100000000, 0x0000000101000000|  0%| F|  |TAMS 0x0000000100000000| PB 0x0000000100000000| Untracked |  0
|  97|0x0000000101000000, 0x0000000101000000, 0x0000000102000000|  0%| F|  |TAMS 0x0000000101000000| PB 0x0000000101000000| Untracked |  0
|  98|0x0000000102000000, 0x0000000102000000, 0x0000000103000000|  0%| F|  |TAMS 0x0000000102000000| PB 0x0000000102000000| Untracked |  0
|  99|0x0000000103000000, 0x0000000103000000, 0x0000000104000000|  0%| F|  |TAMS 0x0000000103000000| PB 0x0000000103000000| Untracked |  0
| 100|0x0000000104000000, 0x0000000104000000, 0x0000000105000000|  0%| F|  |TAMS 0x0000000104000000| PB 0x0000000104000000| Untracked |  0
| 101|0x0000000105000000, 0x0000000105000000, 0x0000000106000000|  0%| F|  |TAMS 0x0000000105000000| PB 0x0000000105000000| Untracked |  0
| 102|0x0000000106000000, 0x0000000106000000, 0x0000000107000000|  0%| F|  |TAMS 0x0000000106000000| PB 0x0000000106000000| Untracked |  0
| 103|0x0000000107000000, 0x0000000107000000, 0x0000000108000000|  0%| F|  |TAMS 0x0000000107000000| PB 0x0000000107000000| Untracked |  0
| 104|0x0000000108000000, 0x0000000108000000, 0x0000000109000000|  0%| F|  |TAMS 0x0000000108000000| PB 0x0000000108000000| Untracked |  0
| 105|0x0000000109000000, 0x0000000109000000, 0x000000010a000000|  0%| F|  |TAMS 0x0000000109000000| PB 0x0000000109000000| Untracked |  0
| 106|0x000000010a000000, 0x000000010a000000, 0x000000010b000000|  0%| F|  |TAMS 0x000000010a000000| PB 0x000000010a000000| Untracked |  0
| 107|0x000000010b000000, 0x000000010b000000, 0x000000010c000000|  0%| F|  |TAMS 0x000000010b000000| PB 0x000000010b000000| Untracked |  0
| 108|0x000000010c000000, 0x000000010c000000, 0x000000010d000000|  0%| F|  |TAMS 0x000000010c000000| PB 0x000000010c000000| Untracked |  0
| 109|0x000000010d000000, 0x000000010d000000, 0x000000010e000000|  0%| F|  |TAMS 0x000000010d000000| PB 0x000000010d000000| Untracked |  0
| 110|0x000000010e000000, 0x000000010e000000, 0x000000010f000000|  0%| F|  |TAMS 0x000000010e000000| PB 0x000000010e000000| Untracked |  0
| 111|0x000000010f000000, 0x000000010f000000, 0x0000000110000000|  0%| F|  |TAMS 0x000000010f000000| PB 0x000000010f000000| Untracked |  0
| 112|0x0000000110000000, 0x0000000110000000, 0x0000000111000000|  0%| F|  |TAMS 0x0000000110000000| PB 0x0000000110000000| Untracked |  0
| 113|0x0000000111000000, 0x0000000111000000, 0x0000000112000000|  0%| F|  |TAMS 0x0000000111000000| PB 0x0000000111000000| Untracked |  0
| 114|0x0000000112000000, 0x0000000112000000, 0x0000000113000000|  0%| F|  |TAMS 0x0000000112000000| PB 0x0000000112000000| Untracked |  0
| 115|0x0000000113000000, 0x0000000113000000, 0x0000000114000000|  0%| F|  |TAMS 0x0000000113000000| PB 0x0000000113000000| Untracked |  0
| 116|0x0000000114000000, 0x0000000114000000, 0x0000000115000000|  0%| F|  |TAMS 0x0000000114000000| PB 0x0000000114000000| Untracked |  0
| 117|0x0000000115000000, 0x0000000115000000, 0x0000000116000000|  0%| F|  |TAMS 0x0000000115000000| PB 0x0000000115000000| Untracked |  0
| 118|0x0000000116000000, 0x0000000116000000, 0x0000000117000000|  0%| F|  |TAMS 0x0000000116000000| PB 0x0000000116000000| Untracked |  0
| 119|0x0000000117000000, 0x0000000117000000, 0x0000000118000000|  0%| F|  |TAMS 0x0000000117000000| PB 0x0000000117000000| Untracked |  0
| 120|0x0000000118000000, 0x0000000118000000, 0x0000000119000000|  0%| F|  |TAMS 0x0000000118000000| PB 0x0000000118000000| Untracked |  0
| 121|0x0000000119000000, 0x0000000119000000, 0x000000011a000000|  0%| F|  |TAMS 0x0000000119000000| PB 0x0000000119000000| Untracked |  0
| 122|0x000000011a000000, 0x000000011a000000, 0x000000011b000000|  0%| F|  |TAMS 0x000000011a000000| PB 0x000000011a000000| Untracked |  0
| 123|0x000000011b000000, 0x000000011b000000, 0x000000011c000000|  0%| F|  |TAMS 0x000000011b000000| PB 0x000000011b000000| Untracked |  0
| 124|0x000000011c000000, 0x000000011c5c29c0, 0x000000011d000000| 36%| E|  |TAMS 0x000000011c000000| PB 0x000000011c000000| Complete |  0
| 125|0x000000011d000000, 0x000000011e000000, 0x000000011e000000|100%| E|CS|TAMS 0x000000011d000000| PB 0x000000011d000000| Complete |  0
| 126|0x000000011e000000, 0x000000011f000000, 0x000000011f000000|100%| E|CS|TAMS 0x000000011e000000| PB 0x000000011e000000| Complete |  0
| 127|0x000000011f000000, 0x0000000120000000, 0x0000000120000000|100%| E|CS|TAMS 0x000000011f000000| PB 0x000000011f000000| Complete |  0

Card table byte_map: [0x00007f1aaff2d000,0x00007f1ab3a2d000] _byte_map_base: 0x00007f1aafa2d000

Marking Bits: (CMBitMap*) 0x00007f1ad006f640
 Bits: [0x00007f1a9272d000, 0x00007f1aaff2d000)

Polling page: 0x00007f1adb5a8000

Metaspace:

Usage:
  Non-class:      2.21 MB used.
      Class:    152.86 KB used.
       Both:      2.36 MB used.

Virtual space:
  Non-class space:       64.00 MB reserved,       2.25 MB (  4%) committed,  1 nodes.
      Class space:        1.00 GB reserved,     256.00 KB ( <1%) committed,  1 nodes.
             Both:        1.06 GB reserved,       2.50 MB ( <1%) committed. 

Chunk freelists:
   Non-Class:  11.95 MB
       Class:  15.73 MB
        Both:  27.68 MB

MaxMetaspaceSize: unlimited
CompressedClassSpaceSize: 1.00 GB
Initial GC threshold: 21.00 MB
Current GC threshold: 21.00 MB
CDS: on
 - commit_granule_bytes: 65536.
 - commit_granule_words: 8192.
 - virtual_space_node_default_size: 8388608.
 - enlarge_chunks_in_place: 1.
UseCompressedClassPointers 1, UseCompactObjectHeaders 0
Narrow klass pointer bits 32, Max shift 3
Narrow klass base: 0x00007f1a2e000000, Narrow klass shift: 0
Encoding Range: [0x00007f1a2e000000 - 0x00007f1b2e000000), (4294967296 bytes)
Klass Range:    [0x00007f1a2e000000 - 0x00007f1a6f000000), (1090519040 bytes)
Klass ID Range:  [8 - 1090519033) (1090519025)


Internal statistics:

num_allocs: 18956.
num_deallocs: 61.
num_allocs_from_deallocated_blocks: 273.
num_chunks_retired: 7.
num_allocs_failed_limit: 0.
num_arena_births: 46.
num_arena_deaths: 0.
num_vsnodes_births: 2.
num_vsnodes_deaths: 0.
num_space_committed: 40.
num_space_uncommitted: 0.
num_chunks_returned_to_freelist: 0.
num_chunks_taken_from_freelist: 54.
num_chunk_merges: 0.
num_chunk_splits: 35.
num_chunks_enlarged: 30.
num_inconsistent_stats: 0.

CodeHeap 'non-profiled nmethods': size=118596Kb used=123Kb max_used=123Kb free=118473Kb
 bounds [0x00007f1ac0158000, 0x00007f1ac03c8000, 0x00007f1ac7529000]
CodeHeap 'profiled nmethods': size=118588Kb used=681Kb max_used=681Kb free=117906Kb
 bounds [0x00007f1ab8529000, 0x00007f1ab8799000, 0x00007f1abf8f8000]
CodeHeap 'non-nmethods': size=8576Kb used=5066Kb max_used=5066Kb free=3509Kb
 bounds [0x00007f1abf8f8000, 0x00007f1abfdf8000, 0x00007f1ac0158000]
CodeCache: size=245760Kb, used=5870Kb, max_used=5870Kb, free=239888Kb
 total_blobs=1340, nmethods=474, adapters=765, full_count=0
Compilation: enabled, stopped_count=0, restarted_count=0

Compilation events (0 events):
No events

GC Heap History (0 events):
No events

Dll operation events (4 events):
Event: 0.002 Loaded shared library /home/jatinbha/sandboxes/lworld+vector/valhalla.new_merge.alt/valhalla/build/linux-x86_64-server-slowdebug/images/jdk/lib/libjava.so
Event: 0.172 Loaded shared library /home/jatinbha/sandboxes/lworld+vector/valhalla.new_merge.alt/valhalla/build/linux-x86_64-server-slowdebug/images/jdk/lib/libzip.so
Event: 0.392 Loaded shared library /home/jatinbha/sandboxes/lworld+vector/valhalla.new_merge.alt/valhalla/build/linux-x86_64-server-slowdebug/images/jdk/lib/libsimdsort.so
Event: 0.392 Loaded shared library /home/jatinbha/sandboxes/lworld+vector/valhalla.new_merge.alt/valhalla/build/linux-x86_64-server-slowdebug/images/jdk/lib/libjsvml.so

Deoptimization events (0 events):
No events

Classes loaded (0 events):
No events

Classes unloaded (0 events):
No events

Classes redefined (0 events):
No events

Internal exceptions (0 events):
No events

VM Operations (0 events):
No events

Memory protections (8 events):
Event: 0.002 Protecting memory [0x00007f1ad7cc1000,0x00007f1ad7cc5000] with protection modes 0
Event: 0.372 Protecting memory [0x00007f1a7f0d2000,0x00007f1a7f0d6000] with protection modes 0
Event: 0.372 Protecting memory [0x00007f1a7f2d4000,0x00007f1a7f2d8000] with protection modes 0
Event: 0.376 Protecting memory [0x00007f1a7eed0000,0x00007f1a7eed4000] with protection modes 0
Event: 0.376 Protecting memory [0x00007f1a7f1d3000,0x00007f1a7f1d7000] with protection modes 0
Event: 0.376 Protecting memory [0x00007f1a7e6dc000,0x00007f1a7e6e0000] with protection modes 0
Event: 0.376 Protecting memory [0x00007f1a7e5db000,0x00007f1a7e5df000] with protection modes 0
Event: 0.377 Protecting memory [0x00007f1a7e4da000,0x00007f1a7e4de000] with protection modes 0

Nmethod flushes (0 events):
No events

Events (8 events):
Event: 0.111 Thread 0x00007f1ad002cc90 Thread added: 0x00007f1ad002cc90
Event: 0.372 Thread 0x00007f1ad002cc90 Thread added: 0x00007f1ad02dfb60
Event: 0.372 Thread 0x00007f1ad002cc90 Thread added: 0x00007f1ad02e0a60
Event: 0.376 Thread 0x00007f1ad002cc90 Thread added: 0x00007f1ad02e1ca0
Event: 0.376 Thread 0x00007f1ad002cc90 Thread added: 0x00007f1ad02e3010
Event: 0.376 Thread 0x00007f1ad002cc90 Thread added: 0x00007f1ad02e4240
Event: 0.376 Thread 0x00007f1ad002cc90 Thread added: 0x00007f1ad02e6670
Event: 0.377 Thread 0x00007f1ad002cc90 Thread added: 0x00007f1ad02e80c0


Dynamic libraries:
a0000000-120000000 rw-p 00000000 00:00 0 
120000000-800000000 ---p 00000000 00:00 0 
5643dcc41000-5643dcc42000 r--p 00000000 08:02 24447801                   /home/jatinbha/sandboxes/lworld+vector/valhalla.new_merge.alt/valhalla/build/linux-x86_64-server-slowdebug/images/jdk/bin/java
5643dcc42000-5643dcc43000 r-xp 00001000 08:02 24447801                   /home/jatinbha/sandboxes/lworld+vector/valhalla.new_merge.alt/valhalla/build/linux-x86_64-server-slowdebug/images/jdk/bin/java
5643dcc43000-5643dcc44000 r--p 00002000 08:02 24447801                   /home/jatinbha/sandboxes/lworld+vector/valhalla.new_merge.alt/valhalla/build/linux-x86_64-server-slowdebug/images/jdk/bin/java
5643dcc44000-5643dcc45000 r--p 00002000 08:02 24447801                   /home/jatinbha/sandboxes/lworld+vector/valhalla.new_merge.alt/valhalla/build/linux-x86_64-server-slowdebug/images/jdk/bin/java
5643dcc45000-5643dcc46000 rw-p 00003000 08:02 24447801                   /home/jatinbha/sandboxes/lworld+vector/valhalla.new_merge.alt/valhalla/build/linux-x86_64-server-slowdebug/images/jdk/bin/java
5643de526000-5643de56c000 rw-p 00000000 00:00 0                          [heap]
7f19bc000000-7f19bc021000 rw-p 00000000 00:00 0 
7f19bc021000-7f19c0000000 ---p 00000000 00:00 0 
7f19c4000000-7f19c4021000 rw-p 00000000 00:00 0 
7f19c4021000-7f19c8000000 ---p 00000000 00:00 0 
7f19c8000000-7f19c8021000 rw-p 00000000 00:00 0 
7f19c8021000-7f19cc000000 ---p 00000000 00:00 0 
7f19cc000000-7f19cc021000 rw-p 00000000 00:00 0 
7f19cc021000-7f19d0000000 ---p 00000000 00:00 0 
7f19d0000000-7f19d0021000 rw-p 00000000 00:00 0 
7f19d0021000-7f19d4000000 ---p 00000000 00:00 0 
7f19d4000000-7f19d4021000 rw-p 00000000 00:00 0 
7f19d4021000-7f19d8000000 ---p 00000000 00:00 0 
7f19d8000000-7f19d8021000 rw-p 00000000 00:00 0 
7f19d8021000-7f19dc000000 ---p 00000000 00:00 0 
7f19dc000000-7f19dc021000 rw-p 00000000 00:00 0 
7f19dc021000-7f19e0000000 ---p 00000000 00:00 0 
7f19e0000000-7f19e0021000 rw-p 00000000 00:00 0 
7f19e0021000-7f19e4000000 ---p 00000000 00:00 0 
7f19e4000000-7f19e4021000 rw-p 00000000 00:00 0 
7f19e4021000-7f19e8000000 ---p 00000000 00:00 0 
7f19e8000000-7f19e8021000 rw-p 00000000 00:00 0 
7f19e8021000-7f19ec000000 ---p 00000000 00:00 0 
7f19ec000000-7f19ec1e2000 rw-p 00000000 00:00 0 
7f19ec1e2000-7f19f0000000 ---p 00000000 00:00 0 
7f19f0000000-7f19f0021000 rw-p 00000000 00:00 0 
7f19f0021000-7f19f4000000 ---p 00000000 00:00 0 
7f19f4000000-7f19f414d000 rw-p 00000000 00:00 0 
7f19f414d000-7f19f8000000 ---p 00000000 00:00 0 
7f19f8000000-7f19f8186000 rw-p 00000000 00:00 0 
7f19f8186000-7f19fc000000 ---p 00000000 00:00 0 
7f19fc000000-7f19fc021000 rw-p 00000000 00:00 0 
7f19fc021000-7f1a00000000 ---p 00000000 00:00 0 
7f1a00000000-7f1a0027b000 rw-p 00000000 00:00 0 
7f1a0027b000-7f1a04000000 ---p 00000000 00:00 0 
7f1a04000000-7f1a04232000 rw-p 00000000 00:00 0 
7f1a04232000-7f1a08000000 ---p 00000000 00:00 0 
7f1a08000000-7f1a081f7000 rw-p 00000000 00:00 0 
7f1a081f7000-7f1a0c000000 ---p 00000000 00:00 0 
7f1a0c000000-7f1a0c021000 rw-p 00000000 00:00 0 
7f1a0c021000-7f1a10000000 ---p 00000000 00:00 0 
7f1a10000000-7f1a1007f000 rw-p 00000000 00:00 0 
7f1a1007f000-7f1a14000000 ---p 00000000 00:00 0 
7f1a14000000-7f1a14230000 rw-p 00000000 00:00 0 
7f1a14230000-7f1a14400000 ---p 00000000 00:00 0 
7f1a14400000-7f1a14410000 rw-p 00000000 00:00 0 
7f1a14410000-7f1a18000000 ---p 00000000 00:00 0 
7f1a18000000-7f1a18021000 rw-p 00000000 00:00 0 
7f1a18021000-7f1a1c000000 ---p 00000000 00:00 0 
7f1a1c000000-7f1a1c021000 rw-p 00000000 00:00 0 
7f1a1c021000-7f1a20000000 ---p 00000000 00:00 0 
7f1a20000000-7f1a20021000 rw-p 00000000 00:00 0 
7f1a20021000-7f1a24000000 ---p 00000000 00:00 0 
7f1a24000000-7f1a24021000 rw-p 00000000 00:00 0 
7f1a24021000-7f1a28000000 ---p 00000000 00:00 0 
7f1a28000000-7f1a28021000 rw-p 00000000 00:00 0 
7f1a28021000-7f1a2c000000 ---p 00000000 00:00 0 
7f1a2d137000-7f1a2e000000 rw-p 00000000 00:00 0 
7f1a2e000000-7f1a2eec3000 rw-p 00001000 08:02 24447991                   /home/jatinbha/sandboxes/lworld+vector/valhalla.new_merge.alt/valhalla/build/linux-x86_64-server-slowdebug/images/jdk/lib/server/classes_valhalla.jsa
7f1a2eec3000-7f1a2f000000 ---p 00000000 00:00 0 
7f1a2f000000-7f1a2f010000 rw-p 00000000 00:00 0 
7f1a2f010000-7f1a2f040000 ---p 00000000 00:00 0 
7f1a2f040000-7f1a2f070000 rw-p 00000000 00:00 0 
7f1a2f070000-7f1a6f000000 ---p 00000000 00:00 0 
7f1a6f200000-7f1a6f9fa000 rw-p 00000000 00:00 0 
7f1a6f9fa000-7f1a6f9fe000 ---p 00000000 00:00 0 
7f1a6f9fe000-7f1a6fafb000 rw-p 00000000 00:00 0 
7f1a6fafb000-7f1a6faff000 ---p 00000000 00:00 0 
7f1a6faff000-7f1a6fbfc000 rw-p 00000000 00:00 0 
7f1a6fbfc000-7f1a6fc00000 ---p 00000000 00:00 0 
7f1a6fc00000-7f1a6fcfd000 rw-p 00000000 00:00 0 
7f1a6fcfd000-7f1a6fd01000 ---p 00000000 00:00 0 
7f1a6fd01000-7f1a6fdfe000 rw-p 00000000 00:00 0 
7f1a6fdfe000-7f1a6fe02000 ---p 00000000 00:00 0 
7f1a6fe02000-7f1a6feff000 rw-p 00000000 00:00 0 
7f1a6feff000-7f1a6ff03000 ---p 00000000 00:00 0 
7f1a6ff03000-7f1a70000000 rw-p 00000000 00:00 0 
7f1a70000000-7f1a70021000 rw-p 00000000 00:00 0 
7f1a70021000-7f1a74000000 ---p 00000000 00:00 0 
7f1a74000000-7f1a74021000 rw-p 00000000 00:00 0 
7f1a74021000-7f1a78000000 ---p 00000000 00:00 0 
7f1a78000000-7f1a78021000 rw-p 00000000 00:00 0 
7f1a78021000-7f1a7c000000 ---p 00000000 00:00 0 
7f1a7c081000-7f1a7c085000 ---p 00000000 00:00 0 
7f1a7c085000-7f1a7c1a8000 rw-p 00000000 00:00 0 
7f1a7c1a8000-7f1a7c1ac000 ---p 00000000 00:00 0 
7f1a7c1ac000-7f1a7c2a9000 rw-p 00000000 00:00 0 
7f1a7c2a9000-7f1a7c2ad000 ---p 00000000 00:00 0 
7f1a7c2ad000-7f1a7c3aa000 rw-p 00000000 00:00 0 
7f1a7c3aa000-7f1a7c3ae000 ---p 00000000 00:00 0 
7f1a7c3ae000-7f1a7c4ab000 rw-p 00000000 00:00 0 
7f1a7c4ab000-7f1a7c4af000 ---p 00000000 00:00 0 
7f1a7c4af000-7f1a7c5ac000 rw-p 00000000 00:00 0 
7f1a7c5ac000-7f1a7c5b0000 ---p 00000000 00:00 0 
7f1a7c5b0000-7f1a7c6ad000 rw-p 00000000 00:00 0 
7f1a7c6ad000-7f1a7c6b1000 ---p 00000000 00:00 0 
7f1a7c6b1000-7f1a7c7ae000 rw-p 00000000 00:00 0 
7f1a7c7ae000-7f1a7c7b2000 ---p 00000000 00:00 0 
7f1a7c7b2000-7f1a7c8af000 rw-p 00000000 00:00 0 
7f1a7c8af000-7f1a7c8b3000 ---p 00000000 00:00 0 
7f1a7c8b3000-7f1a7c9b0000 rw-p 00000000 00:00 0 
7f1a7c9b0000-7f1a7c9b4000 ---p 00000000 00:00 0 
7f1a7c9b4000-7f1a7cab1000 rw-p 00000000 00:00 0 
7f1a7cab1000-7f1a7cab5000 ---p 00000000 00:00 0 
7f1a7cab5000-7f1a7cbb2000 rw-p 00000000 00:00 0 
7f1a7cbb2000-7f1a7cbb6000 ---p 00000000 00:00 0 
7f1a7cbb6000-7f1a7e36f000 rw-p 00000000 00:00 0 
7f1a7e36f000-7f1a7e373000 r--p 00000000 08:02 24157959                   /home/jatinbha/sandboxes/lworld+vector/valhalla.new_merge.alt/valhalla/build/linux-x86_64-server-slowdebug/images/jdk/lib/libjsvml.so
7f1a7e373000-7f1a7e3b4000 r-xp 00004000 08:02 24157959                   /home/jatinbha/sandboxes/lworld+vector/valhalla.new_merge.alt/valhalla/build/linux-x86_64-server-slowdebug/images/jdk/lib/libjsvml.so
7f1a7e3b4000-7f1a7e43d000 r--p 00045000 08:02 24157959                   /home/jatinbha/sandboxes/lworld+vector/valhalla.new_merge.alt/valhalla/build/linux-x86_64-server-slowdebug/images/jdk/lib/libjsvml.so
7f1a7e43d000-7f1a7e43e000 r--p 000cd000 08:02 24157959                   /home/jatinbha/sandboxes/lworld+vector/valhalla.new_merge.alt/valhalla/build/linux-x86_64-server-slowdebug/images/jdk/lib/libjsvml.so
7f1a7e43e000-7f1a7e43f000 rw-p 000ce000 08:02 24157959                   /home/jatinbha/sandboxes/lworld+vector/valhalla.new_merge.alt/valhalla/build/linux-x86_64-server-slowdebug/images/jdk/lib/libjsvml.so
7f1a7e43f000-7f1a7e442000 r--p 00000000 08:02 24157926                   /home/jatinbha/sandboxes/lworld+vector/valhalla.new_merge.alt/valhalla/build/linux-x86_64-server-slowdebug/images/jdk/lib/libsimdsort.so
7f1a7e442000-7f1a7e4c7000 r-xp 00003000 08:02 24157926                   /home/jatinbha/sandboxes/lworld+vector/valhalla.new_merge.alt/valhalla/build/linux-x86_64-server-slowdebug/images/jdk/lib/libsimdsort.so
7f1a7e4c7000-7f1a7e4d8000 r--p 00088000 08:02 24157926                   /home/jatinbha/sandboxes/lworld+vector/valhalla.new_merge.alt/valhalla/build/linux-x86_64-server-slowdebug/images/jdk/lib/libsimdsort.so
7f1a7e4d8000-7f1a7e4d9000 r--p 00098000 08:02 24157926                   /home/jatinbha/sandboxes/lworld+vector/valhalla.new_merge.alt/valhalla/build/linux-x86_64-server-slowdebug/images/jdk/lib/libsimdsort.so
7f1a7e4d9000-7f1a7e4da000 rw-p 00099000 08:02 24157926                   /home/jatinbha/sandboxes/lworld+vector/valhalla.new_merge.alt/valhalla/build/linux-x86_64-server-slowdebug/images/jdk/lib/libsimdsort.so
7f1a7e4da000-7f1a7e4de000 ---p 00000000 00:00 0 
7f1a7e4de000-7f1a7e5db000 rw-p 00000000 00:00 0 
7f1a7e5db000-7f1a7e5df000 ---p 00000000 00:00 0 
7f1a7e5df000-7f1a7e6dc000 rw-p 00000000 00:00 0 
7f1a7e6dc000-7f1a7e6e0000 ---p 00000000 00:00 0 
7f1a7e6e0000-7f1a7e7dd000 rw-p 00000000 00:00 0 
7f1a7e7dd000-7f1a7ed4d000 r--p 00000000 08:02 7077916                    /usr/lib/locale/locale-archive
7f1a7ed4d000-7f1a7edce000 rw-p 00000000 00:00 0 
7f1a7edce000-7f1a7edcf000 ---p 00000000 00:00 0 
7f1a7edcf000-7f1a7eecf000 rw-p 00000000 00:00 0 
7f1a7eecf000-7f1a7eed0000 ---p 00000000 00:00 0 
7f1a7eed0000-7f1a7eed4000 ---p 00000000 00:00 0 
7f1a7eed4000-7f1a7efd0000 rw-p 00000000 00:00 0 
7f1a7efd0000-7f1a7efd1000 ---p 00000000 00:00 0 
7f1a7efd1000-7f1a7f0d1000 rw-p 00000000 00:00 0 
7f1a7f0d1000-7f1a7f0d2000 ---p 00000000 00:00 0 
7f1a7f0d2000-7f1a7f0d6000 ---p 00000000 00:00 0 
7f1a7f0d6000-7f1a7f1d2000 rw-p 00000000 00:00 0 
7f1a7f1d2000-7f1a7f1d3000 ---p 00000000 00:00 0 
7f1a7f1d3000-7f1a7f1d7000 ---p 00000000 00:00 0 
7f1a7f1d7000-7f1a7f2d3000 rw-p 00000000 00:00 0 
7f1a7f2d3000-7f1a7f2d4000 ---p 00000000 00:00 0 
7f1a7f2d4000-7f1a7f2d8000 ---p 00000000 00:00 0 
7f1a7f2d8000-7f1a7f3d4000 rw-p 00000000 00:00 0 
7f1a7f3d4000-7f1a7f3d5000 ---p 00000000 00:00 0 
7f1a7f3d5000-7f1a7f4d5000 rw-p 00000000 00:00 0 
7f1a7f4d5000-7f1a7f4d6000 ---p 00000000 00:00 0 
7f1a7f4d6000-7f1a84000000 rw-p 00000000 00:00 0 
7f1a84000000-7f1a84021000 rw-p 00000000 00:00 0 
7f1a84021000-7f1a88000000 ---p 00000000 00:00 0 
7f1a88000000-7f1a88021000 rw-p 00000000 00:00 0 
7f1a88021000-7f1a8c000000 ---p 00000000 00:00 0 
7f1a8c000000-7f1a8c021000 rw-p 00000000 00:00 0 
7f1a8c021000-7f1a90000000 ---p 00000000 00:00 0 
7f1a90012000-7f1a90015000 r--p 00000000 08:02 24157924                   /home/jatinbha/sandboxes/lworld+vector/valhalla.new_merge.alt/valhalla/build/linux-x86_64-server-slowdebug/images/jdk/lib/libnet.so
7f1a90015000-7f1a90020000 r-xp 00003000 08:02 24157924                   /home/jatinbha/sandboxes/lworld+vector/valhalla.new_merge.alt/valhalla/build/linux-x86_64-server-slowdebug/images/jdk/lib/libnet.so
7f1a90020000-7f1a90022000 r--p 0000e000 08:02 24157924                   /home/jatinbha/sandboxes/lworld+vector/valhalla.new_merge.alt/valhalla/build/linux-x86_64-server-slowdebug/images/jdk/lib/libnet.so
7f1a90022000-7f1a90023000 ---p 00010000 08:02 24157924                   /home/jatinbha/sandboxes/lworld+vector/valhalla.new_merge.alt/valhalla/build/linux-x86_64-server-slowdebug/images/jdk/lib/libnet.so
7f1a90023000-7f1a90024000 r--p 00010000 08:02 24157924                   /home/jatinbha/sandboxes/lworld+vector/valhalla.new_merge.alt/valhalla/build/linux-x86_64-server-slowdebug/images/jdk/lib/libnet.so
7f1a90024000-7f1a90025000 rw-p 00011000 08:02 24157924                   /home/jatinbha/sandboxes/lworld+vector/valhalla.new_merge.alt/valhalla/build/linux-x86_64-server-slowdebug/images/jdk/lib/libnet.so
7f1a90025000-7f1a9002b000 r--p 00000000 08:02 24157925                   /home/jatinbha/sandboxes/lworld+vector/valhalla.new_merge.alt/valhalla/build/linux-x86_64-server-slowdebug/images/jdk/lib/libnio.so
7f1a9002b000-7f1a90037000 r-xp 00006000 08:02 24157925                   /home/jatinbha/sandboxes/lworld+vector/valhalla.new_merge.alt/valhalla/build/linux-x86_64-server-slowdebug/images/jdk/lib/libnio.so
7f1a90037000-7f1a9003a000 r--p 00012000 08:02 24157925                   /home/jatinbha/sandboxes/lworld+vector/valhalla.new_merge.alt/valhalla/build/linux-x86_64-server-slowdebug/images/jdk/lib/libnio.so
7f1a9003a000-7f1a9003b000 ---p 00015000 08:02 24157925                   /home/jatinbha/sandboxes/lworld+vector/valhalla.new_merge.alt/valhalla/build/linux-x86_64-server-slowdebug/images/jdk/lib/libnio.so
7f1a9003b000-7f1a9003c000 r--p 00015000 08:02 24157925                   /home/jatinbha/sandboxes/lworld+vector/valhalla.new_merge.alt/valhalla/build/linux-x86_64-server-slowdebug/images/jdk/lib/libnio.so
7f1a9003c000-7f1a9003d000 rw-p 00016000 08:02 24157925                   /home/jatinbha/sandboxes/lworld+vector/valhalla.new_merge.alt/valhalla/build/linux-x86_64-server-slowdebug/images/jdk/lib/libnio.so
7f1a9003d000-7f1a9003f000 r--p 00000000 08:02 24157929                   /home/jatinbha/sandboxes/lworld+vector/valhalla.new_merge.alt/valhalla/build/linux-x86_64-server-slowdebug/images/jdk/lib/libzip.so
7f1a9003f000-7f1a90046000 r-xp 00002000 08:02 24157929                   /home/jatinbha/sandboxes/lworld+vector/valhalla.new_merge.alt/valhalla/build/linux-x86_64-server-slowdebug/images/jdk/lib/libzip.so
7f1a90046000-7f1a90048000 r--p 00009000 08:02 24157929                   /home/jatinbha/sandboxes/lworld+vector/valhalla.new_merge.alt/valhalla/build/linux-x86_64-server-slowdebug/images/jdk/lib/libzip.so
7f1a90048000-7f1a90049000 r--p 0000a000 08:02 24157929                   /home/jatinbha/sandboxes/lworld+vector/valhalla.new_merge.alt/valhalla/build/linux-x86_64-server-slowdebug/images/jdk/lib/libzip.so
7f1a90049000-7f1a9004a000 rw-p 0000b000 08:02 24157929                   /home/jatinbha/sandboxes/lworld+vector/valhalla.new_merge.alt/valhalla/build/linux-x86_64-server-slowdebug/images/jdk/lib/libzip.so
7f1a9004a000-7f1a91fc4000 rw-p 00000000 00:00 0 
7f1a91fc4000-7f1a91fc5000 ---p 00000000 00:00 0 
7f1a91fc5000-7f1a920c5000 rw-p 00000000 00:00 0 
7f1a920c5000-7f1a920c6000 ---p 00000000 00:00 0 
7f1a920c6000-7f1a921c6000 rw-p 00000000 00:00 0 
7f1a921c6000-7f1a921c7000 ---p 00000000 00:00 0 
7f1a921c7000-7f1a9472d000 rw-p 00000000 00:00 0 
7f1a9472d000-7f1aaff2d000 ---p 00000000 00:00 0 
7f1aaff2d000-7f1ab032d000 rw-p 00000000 00:00 0 
7f1ab032d000-7f1ab3a2d000 ---p 00000000 00:00 0 
7f1ab3a2d000-7f1ab3e2d000 rw-p 00000000 00:00 0 
7f1ab3e2d000-7f1ab752d000 ---p 00000000 00:00 0 
7f1ab752d000-7f1ab8529000 rw-p 00000000 00:00 0 
7f1ab8529000-7f1ab8799000 rwxp 00000000 00:00 0 
7f1ab8799000-7f1abf8f8000 ---p 00000000 00:00 0 
7f1abf8f8000-7f1abfdf8000 rwxp 00000000 00:00 0 
7f1abfdf8000-7f1ac0158000 ---p 00000000 00:00 0 
7f1ac0158000-7f1ac03c8000 rwxp 00000000 00:00 0 
7f1ac03c8000-7f1ac7529000 ---p 00000000 00:00 0 
7f1ac7529000-7f1ad0000000 r--s 00000000 08:02 24157907                   /home/jatinbha/sandboxes/lworld+vector/valhalla.new_merge.alt/valhalla/build/linux-x86_64-server-slowdebug/images/jdk/lib/modules
7f1ad0000000-7f1ad05c1000 rw-p 00000000 00:00 0 
7f1ad05c1000-7f1ad4000000 ---p 00000000 00:00 0 
7f1ad4001000-7f1ad4008000 r--s 00000000 08:02 7737390                    /usr/lib/x86_64-linux-gnu/gconv/gconv-modules.cache
7f1ad4008000-7f1ad400a000 r--s 00037000 08:02 24447809                   /home/jatinbha/sandboxes/lworld+vector/valhalla.new_merge.alt/valhalla/build/linux-x86_64-server-slowdebug/images/jdk/lib/valueclasses/java.base-valueclasses.jar
7f1ad400a000-7f1ad7a8a000 rw-p 00000000 00:00 0 
7f1ad7a8a000-7f1ad7b6d000 ---p 00000000 00:00 0 
7f1ad7b6d000-7f1ad7b77000 rw-p 00000000 00:00 0 
7f1ad7b77000-7f1ad7b7e000 ---p 00000000 00:00 0 
7f1ad7b7e000-7f1ad7b83000 rw-p 00000000 00:00 0 
7f1ad7b83000-7f1ad7c66000 ---p 00000000 00:00 0 
7f1ad7c66000-7f1ad7c72000 r--p 00000000 08:02 24157920                   /home/jatinbha/sandboxes/lworld+vector/valhalla.new_merge.alt/valhalla/build/linux-x86_64-server-slowdebug/images/jdk/lib/libjava.so
7f1ad7c72000-7f1ad7c89000 r-xp 0000c000 08:02 24157920                   /home/jatinbha/sandboxes/lworld+vector/valhalla.new_merge.alt/valhalla/build/linux-x86_64-server-slowdebug/images/jdk/lib/libjava.so
7f1ad7c89000-7f1ad7c8f000 r--p 00023000 08:02 24157920                   /home/jatinbha/sandboxes/lworld+vector/valhalla.new_merge.alt/valhalla/build/linux-x86_64-server-slowdebug/images/jdk/lib/libjava.so
7f1ad7c8f000-7f1ad7c90000 ---p 00029000 08:02 24157920                   /home/jatinbha/sandboxes/lworld+vector/valhalla.new_merge.alt/valhalla/build/linux-x86_64-server-slowdebug/images/jdk/lib/libjava.so
7f1ad7c90000-7f1ad7c91000 r--p 00029000 08:02 24157920                   /home/jatinbha/sandboxes/lworld+vector/valhalla.new_merge.alt/valhalla/build/linux-x86_64-server-slowdebug/images/jdk/lib/libjava.so
7f1ad7c91000-7f1ad7c92000 rw-p 0002a000 08:02 24157920                   /home/jatinbha/sandboxes/lworld+vector/valhalla.new_merge.alt/valhalla/build/linux-x86_64-server-slowdebug/images/jdk/lib/libjava.so
7f1ad7c92000-7f1ad7c93000 rw-p 00000000 00:00 0 
7f1ad7c93000-7f1ad7c9b000 rw-s 00000000 08:02 3671165                    /tmp/hsperfdata_intel/3408912
7f1ad7c9b000-7f1ad7c9f000 r--p 00000000 08:02 24157921                   /home/jatinbha/sandboxes/lworld+vector/valhalla.new_merge.alt/valhalla/build/linux-x86_64-server-slowdebug/images/jdk/lib/libjimage.so
7f1ad7c9f000-7f1ad7cb6000 r-xp 00004000 08:02 24157921                   /home/jatinbha/sandboxes/lworld+vector/valhalla.new_merge.alt/valhalla/build/linux-x86_64-server-slowdebug/images/jdk/lib/libjimage.so
7f1ad7cb6000-7f1ad7cbe000 r--p 0001b000 08:02 24157921                   /home/jatinbha/sandboxes/lworld+vector/valhalla.new_merge.alt/valhalla/build/linux-x86_64-server-slowdebug/images/jdk/lib/libjimage.so
7f1ad7cbe000-7f1ad7cc0000 r--p 00022000 08:02 24157921                   /home/jatinbha/sandboxes/lworld+vector/valhalla.new_merge.alt/valhalla/build/linux-x86_64-server-slowdebug/images/jdk/lib/libjimage.so
7f1ad7cc0000-7f1ad7cc1000 rw-p 00024000 08:02 24157921                   /home/jatinbha/sandboxes/lworld+vector/valhalla.new_merge.alt/valhalla/build/linux-x86_64-server-slowdebug/images/jdk/lib/libjimage.so
7f1ad7cc1000-7f1ad7cc5000 ---p 00000000 00:00 0 
7f1ad7cc5000-7f1ad7dc2000 rw-p 00000000 00:00 0 
7f1ad7dc2000-7f1ad7dcf000 r--p 00000000 08:02 7078012                    /usr/lib/x86_64-linux-gnu/libm-2.31.so
7f1ad7dcf000-7f1ad7e76000 r-xp 0000d000 08:02 7078012                    /usr/lib/x86_64-linux-gnu/libm-2.31.so
7f1ad7e76000-7f1ad7f0f000 r--p 000b4000 08:02 7078012                    /usr/lib/x86_64-linux-gnu/libm-2.31.so
7f1ad7f0f000-7f1ad7f10000 r--p 0014c000 08:02 7078012                    /usr/lib/x86_64-linux-gnu/libm-2.31.so
7f1ad7f10000-7f1ad7f11000 rw-p 0014d000 08:02 7078012                    /usr/lib/x86_64-linux-gnu/libm-2.31.so
7f1ad7f11000-7f1ad7f13000 r--p 00000000 08:02 7078273                    /usr/lib/x86_64-linux-gnu/librt-2.31.so
7f1ad7f13000-7f1ad7f17000 r-xp 00002000 08:02 7078273                    /usr/lib/x86_64-linux-gnu/librt-2.31.so
7f1ad7f17000-7f1ad7f19000 r--p 00006000 08:02 7078273                    /usr/lib/x86_64-linux-gnu/librt-2.31.so
7f1ad7f19000-7f1ad7f1a000 r--p 00007000 08:02 7078273                    /usr/lib/x86_64-linux-gnu/librt-2.31.so
7f1ad7f1a000-7f1ad7f1b000 rw-p 00008000 08:02 7078273                    /usr/lib/x86_64-linux-gnu/librt-2.31.so
7f1ad7f1b000-7f1ad8597000 r--p 00000000 08:02 24447807                   /home/jatinbha/sandboxes/lworld+vector/valhalla.new_merge.alt/valhalla/build/linux-x86_64-server-slowdebug/images/jdk/lib/server/libjvm.so
7f1ad8597000-7f1ad9c8e000 r-xp 0067c000 08:02 24447807                   /home/jatinbha/sandboxes/lworld+vector/valhalla.new_merge.alt/valhalla/build/linux-x86_64-server-slowdebug/images/jdk/lib/server/libjvm.so
7f1ad9c8e000-7f1adb034000 r--p 01d73000 08:02 24447807                   /home/jatinbha/sandboxes/lworld+vector/valhalla.new_merge.alt/valhalla/build/linux-x86_64-server-slowdebug/images/jdk/lib/server/libjvm.so
7f1adb034000-7f1adb035000 ---p 03119000 08:02 24447807                   /home/jatinbha/sandboxes/lworld+vector/valhalla.new_merge.alt/valhalla/build/linux-x86_64-server-slowdebug/images/jdk/lib/server/libjvm.so
7f1adb035000-7f1adb147000 r--p 03119000 08:02 24447807                   /home/jatinbha/sandboxes/lworld+vector/valhalla.new_merge.alt/valhalla/build/linux-x86_64-server-slowdebug/images/jdk/lib/server/libjvm.so
7f1adb147000-7f1adb290000 rw-p 0322b000 08:02 24447807                   /home/jatinbha/sandboxes/lworld+vector/valhalla.new_merge.alt/valhalla/build/linux-x86_64-server-slowdebug/images/jdk/lib/server/libjvm.so
7f1adb290000-7f1adb35d000 rw-p 00000000 00:00 0 
7f1adb35d000-7f1adb363000 r--p 00000000 08:02 7078197                    /usr/lib/x86_64-linux-gnu/libpthread-2.31.so
7f1adb363000-7f1adb374000 r-xp 00006000 08:02 7078197                    /usr/lib/x86_64-linux-gnu/libpthread-2.31.so
7f1adb374000-7f1adb37a000 r--p 00017000 08:02 7078197                    /usr/lib/x86_64-linux-gnu/libpthread-2.31.so
7f1adb37a000-7f1adb37b000 r--p 0001c000 08:02 7078197                    /usr/lib/x86_64-linux-gnu/libpthread-2.31.so
7f1adb37b000-7f1adb37c000 rw-p 0001d000 08:02 7078197                    /usr/lib/x86_64-linux-gnu/libpthread-2.31.so
7f1adb37c000-7f1adb380000 rw-p 00000000 00:00 0 
7f1adb380000-7f1adb381000 r--p 00000000 08:02 7078011                    /usr/lib/x86_64-linux-gnu/libdl-2.31.so
7f1adb381000-7f1adb383000 r-xp 00001000 08:02 7078011                    /usr/lib/x86_64-linux-gnu/libdl-2.31.so
7f1adb383000-7f1adb384000 r--p 00003000 08:02 7078011                    /usr/lib/x86_64-linux-gnu/libdl-2.31.so
7f1adb384000-7f1adb385000 r--p 00003000 08:02 7078011                    /usr/lib/x86_64-linux-gnu/libdl-2.31.so
7f1adb385000-7f1adb386000 rw-p 00004000 08:02 7078011                    /usr/lib/x86_64-linux-gnu/libdl-2.31.so
7f1adb386000-7f1adb388000 r--p 00000000 08:02 7086479                    /usr/lib/x86_64-linux-gnu/libz.so.1.2.11
7f1adb388000-7f1adb399000 r-xp 00002000 08:02 7086479                    /usr/lib/x86_64-linux-gnu/libz.so.1.2.11
7f1adb399000-7f1adb39f000 r--p 00013000 08:02 7086479                    /usr/lib/x86_64-linux-gnu/libz.so.1.2.11
7f1adb39f000-7f1adb3a0000 ---p 00019000 08:02 7086479                    /usr/lib/x86_64-linux-gnu/libz.so.1.2.11
7f1adb3a0000-7f1adb3a1000 r--p 00019000 08:02 7086479                    /usr/lib/x86_64-linux-gnu/libz.so.1.2.11
7f1adb3a1000-7f1adb3a2000 rw-p 0001a000 08:02 7086479                    /usr/lib/x86_64-linux-gnu/libz.so.1.2.11
7f1adb3a2000-7f1adb3c4000 r--p 00000000 08:02 7078010                    /usr/lib/x86_64-linux-gnu/libc-2.31.so
7f1adb3c4000-7f1adb53c000 r-xp 00022000 08:02 7078010                    /usr/lib/x86_64-linux-gnu/libc-2.31.so
7f1adb53c000-7f1adb58a000 r--p 0019a000 08:02 7078010                    /usr/lib/x86_64-linux-gnu/libc-2.31.so
7f1adb58a000-7f1adb58e000 r--p 001e7000 08:02 7078010                    /usr/lib/x86_64-linux-gnu/libc-2.31.so
7f1adb58e000-7f1adb590000 rw-p 001eb000 08:02 7078010                    /usr/lib/x86_64-linux-gnu/libc-2.31.so
7f1adb590000-7f1adb594000 rw-p 00000000 00:00 0 
7f1adb594000-7f1adb597000 r--p 00000000 08:02 7078055                    /usr/lib/x86_64-linux-gnu/libnss_files-2.31.so
7f1adb597000-7f1adb59e000 r-xp 00003000 08:02 7078055                    /usr/lib/x86_64-linux-gnu/libnss_files-2.31.so
7f1adb59e000-7f1adb5a0000 r--p 0000a000 08:02 7078055                    /usr/lib/x86_64-linux-gnu/libnss_files-2.31.so
7f1adb5a0000-7f1adb5a1000 r--p 0000b000 08:02 7078055                    /usr/lib/x86_64-linux-gnu/libnss_files-2.31.so
7f1adb5a1000-7f1adb5a2000 rw-p 0000c000 08:02 7078055                    /usr/lib/x86_64-linux-gnu/libnss_files-2.31.so
7f1adb5a2000-7f1adb5a8000 rw-p 00000000 00:00 0 
7f1adb5a8000-7f1adb5a9000 ---p 00000000 00:00 0 
7f1adb5a9000-7f1adb5aa000 r--p 00000000 00:00 0 
7f1adb5aa000-7f1adb5ad000 r--p 00000000 08:02 24157922                   /home/jatinbha/sandboxes/lworld+vector/valhalla.new_merge.alt/valhalla/build/linux-x86_64-server-slowdebug/images/jdk/lib/libjli.so
7f1adb5ad000-7f1adb5bb000 r-xp 00003000 08:02 24157922                   /home/jatinbha/sandboxes/lworld+vector/valhalla.new_merge.alt/valhalla/build/linux-x86_64-server-slowdebug/images/jdk/lib/libjli.so
7f1adb5bb000-7f1adb5bf000 r--p 00011000 08:02 24157922                   /home/jatinbha/sandboxes/lworld+vector/valhalla.new_merge.alt/valhalla/build/linux-x86_64-server-slowdebug/images/jdk/lib/libjli.so
7f1adb5bf000-7f1adb5c0000 r--p 00014000 08:02 24157922                   /home/jatinbha/sandboxes/lworld+vector/valhalla.new_merge.alt/valhalla/build/linux-x86_64-server-slowdebug/images/jdk/lib/libjli.so
7f1adb5c0000-7f1adb5c1000 rw-p 00015000 08:02 24157922                   /home/jatinbha/sandboxes/lworld+vector/valhalla.new_merge.alt/valhalla/build/linux-x86_64-server-slowdebug/images/jdk/lib/libjli.so
7f1adb5c1000-7f1adb5c3000 rw-p 00000000 00:00 0 
7f1adb5c3000-7f1adb5c4000 r--p 00000000 08:02 7077989                    /usr/lib/x86_64-linux-gnu/ld-2.31.so
7f1adb5c4000-7f1adb5e7000 r-xp 00001000 08:02 7077989                    /usr/lib/x86_64-linux-gnu/ld-2.31.so
7f1adb5e7000-7f1adb5ef000 r--p 00024000 08:02 7077989                    /usr/lib/x86_64-linux-gnu/ld-2.31.so
7f1adb5ef000-7f1adb5f0000 rwxp 00000000 00:00 0 
7f1adb5f0000-7f1adb5f1000 r--p 0002c000 08:02 7077989                    /usr/lib/x86_64-linux-gnu/ld-2.31.so
7f1adb5f1000-7f1adb5f2000 rw-p 0002d000 08:02 7077989                    /usr/lib/x86_64-linux-gnu/ld-2.31.so
7f1adb5f2000-7f1adb5f3000 rw-p 00000000 00:00 0 
7fffb48d3000-7fffb48f5000 rw-p 00000000 00:00 0                          [stack]
7fffb4937000-7fffb493b000 r--p 00000000 00:00 0                          [vvar]
7fffb493b000-7fffb493d000 r-xp 00000000 00:00 0                          [vdso]
ffffffffff600000-ffffffffff601000 --xp 00000000 00:00 0                  [vsyscall]
Total number of mappings: 285

JVMTI agents: none


VM Arguments:
jvm_args: --add-modules=jdk.incubator.vector --enable-preview -XX:PrintIdealGraphLevel=3 -XX:CompileCommand=PrintIdealPhase,Add::micro,BEFORE_MATCHING 
java_command: Add
java_class_path (initial): .
Launcher Type: SUN_STANDARD

[Global flags]
     bool AOTInvokeDynamicLinking                  = false                                  {diagnostic} {ergonomic}     AOT-link JVM_CONSTANT_InvokeDynamic entries in cached ConstantPools
     intx CICompilerCount                          = 18                                        {product} {ergonomic}     Number of compiler threads to run
ccstrlist CompileCommand                           = PrintIdealPhase,Add::micro,BEFORE_MATCHING            {product} {command line} Prepend to .hotspot_compiler; e.g. log,java/lang/String.<init>
     uint ConcGCThreads                            = 18                                        {product} {ergonomic}     Number of threads concurrent gc will use
     bool EnableValhalla                           = true                                      {product} {command line}  Enable experimental Valhalla features
     uint G1ConcRefinementThreads                  = 73                                        {product} {ergonomic}     The number of parallel remembered set update threads. Will be set ergonomically by default.
   size_t G1HeapRegionSize                         = 16777216                                  {product} {ergonomic}     Size of the G1 regions.
   size_t InitialHeapSize                          = 2147483648                                {product} {ergonomic}     Initial heap size (in bytes); zero means use ergonomics
   size_t MarkStackSize                            = 4194304                                   {product} {ergonomic}     Size of marking stack in bytes.
   size_t MarkStackSizeMax                         = 536870912                                 {product} {ergonomic}     Maximum size of marking stack in bytes.
   size_t MaxHeapSize                              = 31675383808                               {product} {ergonomic}     Maximum heap size (in bytes)
   size_t MaxNewSize                               = 18991808512                               {product} {ergonomic}     Maximum new generation size (in bytes), max_uintx means set ergonomically
   size_t MinHeapDeltaBytes                        = 16777216                                  {product} {ergonomic}     The minimum change in heap space due to GC (in bytes)
   size_t MinHeapSize                              = 16777216                                  {product} {ergonomic}     Minimum heap size (in bytes); zero means use ergonomics
    uintx NonNMethodCodeHeapSize                   = 8781824                                {pd product} {ergonomic}     Size of code heap with non-nmethods (in bytes)
    uintx NonProfiledCodeHeapSize                  = 121442304                              {pd product} {ergonomic}     Size of code heap with non-profiled methods (in bytes)
     intx PrintIdealGraphLevel                     = 3                                      {C2 develop} {command line}  Level of detail of the ideal graph printout. System-wide value, -1=printing is disabled, 0=print nothing except IGVPrintLevel directives, 6=all details printed. Level of detail of printouts can be set on a per-method level as well by using CompileCommand=option.
    uintx ProfiledCodeHeapSize                     = 121434112                              {pd product} {ergonomic}     Size of code heap with profiled methods (in bytes)
    uintx ReservedCodeCacheSize                    = 251658240                              {pd product} {ergonomic}     Reserved code cache size (in bytes) - maximum code cache size
     bool SegmentedCodeCache                       = true                                      {product} {ergonomic}     Use a segmented code cache
   size_t SoftMaxHeapSize                          = 31675383808                            {manageable} {ergonomic}     Soft limit for maximum heap size (in bytes)
     bool THPStackMitigation                       = false                                  {diagnostic} {ergonomic}     If THPs are unconditionally enabled on the system (mode "always"), the JVM will prevent THP from forming in thread stacks. When disabled, the absence of this mitigationallows THPs to form in thread stacks.
     bool UseCompressedOops                        = true                           {product lp64_product} {ergonomic}   Use 32-bit object references in 64-bit VM. lp64_product means flag is always constant in 32 bit VM
     bool UseG1GC                                  = true                                      {product} {ergonomic}     Use the Garbage-First garbage collector

Logging:
Log output configuration:
 #0: stdout all=warning uptime,level,tags foldmultilines=false
 #1: stderr all=off uptime,level,tags foldmultilines=false

Environment Variables:
JAVA_HOME=/home/jatinbha/sandboxes/lworld+vector/valhalla.new_merge.alt/valhalla/build/linux-x86_64-server-slowdebug/images/jdk/
CLASSPATH=/home/jatinbha/sandboxes/lworld+vector/valhalla.new_merge.alt/valhalla/test/hotspot/jtreg/compiler/vectorapi/JTwork/classes/compiler/vectorapi/VectorCommutativeOperSharingTest.d:/home/jatinbha/sandboxes/lworld+vector/valhalla.new_merge.alt/valhalla/test/hotspot/jtreg/compiler/vectorapi:/home/jatinbha/sandboxes/lworld+vector/valhalla.new_merge.alt/valhalla/test/hotspot/jtreg/compiler/vectorapi/JTwork/classes/test/lib:/home/jatinbha/sandboxes/lworld+vector/valhalla.new_merge.alt/valhalla/test/lib:/home/jatinbha/sandboxes/lworld+vector/valhalla.new_merge.alt/valhalla/test/hotspot/jtreg/compiler/vectorapi/JTwork/classes:/home/jatinbha/sandboxes/lworld+vector/valhalla.new_merge.alt/valhalla/test/hotspot/jtreg:/home/jatinbha/sandboxes/jtreg/build/images/jtreg/lib/javatest.jar:/home/jatinbha/sandboxes/jtreg/build/images/jtreg/lib/jtreg.jar
PATH=/home/jatinbha/sandboxes/lworld+vector/valhalla.new_merge.alt/valhalla/build/linux-x86_64-server-slowdebug/images/jdk//bin:/home/jatinbha/.local/bin:/home/jatinbha/bin:/home/jatinbha/sandboxes/mx:/home/jatinbha/softwares/jextract-22:/home/jatinbha/softwares/cmake-3.28.3-linux-x86_64/bin:/home/jatinbha/softwares/cmake-3.26.3-linux-x86_64/bin:/home/jatinbha/softwares/jdk-17.0.2//bin:/home/jatinbha/softwares/thrift-0.16.0/bin:/home/jatinbha/softwares/jdk8u322-b06//bin:/home/jatinbha/softwares/jdk-17//bin:/home/jatinbha/softwares/apache-maven-3.6.3/bin:/home/jatinbha/sandboxes/skara/build/bin:/usr/local/sbin:/usr/local/bin:/usr/sbin:/usr/bin:/sbin:/bin:/usr/games:/usr/local/games:/snap/bin
LD_LIBRARY_PATH=/home/jatinbha/softwares:
SHELL=/bin/bash
DISPLAY=172.30.207.40:0
LANG=en_IN
TERM=xterm-256color

Active Locale:
LC_ALL=en_IN
LC_COLLATE=en_IN
LC_CTYPE=en_IN
LC_MESSAGES=en_IN
LC_MONETARY=en_IN
LC_NUMERIC=en_IN
LC_TIME=en_IN

Signal Handlers:
   SIGSEGV: crash_handler in libjvm.so, mask=11100100010111111101111111111110, flags=SA_RESTART|SA_SIGINFO, unblocked
    SIGBUS: crash_handler in libjvm.so, mask=11100100010111111101111111111110, flags=SA_RESTART|SA_SIGINFO, unblocked
    SIGFPE: crash_handler in libjvm.so, mask=11100100010111111101111111111110, flags=SA_RESTART|SA_SIGINFO, unblocked
   SIGPIPE: javaSignalHandler in libjvm.so, mask=11100100010111111101111111111110, flags=SA_RESTART|SA_SIGINFO, unblocked
   SIGXFSZ: javaSignalHandler in libjvm.so, mask=11100100010111111101111111111110, flags=SA_RESTART|SA_SIGINFO, unblocked
    SIGILL: crash_handler in libjvm.so, mask=11100100010111111101111111111110, flags=SA_RESTART|SA_SIGINFO, unblocked
   SIGUSR2: SR_handler in libjvm.so, mask=00000000000000000000000000000000, flags=SA_RESTART|SA_SIGINFO, unblocked
    SIGHUP: UserHandler in libjvm.so, mask=11100100010111111101111111111110, flags=SA_RESTART|SA_SIGINFO, unblocked
    SIGINT: UserHandler in libjvm.so, mask=11100100010111111101111111111110, flags=SA_RESTART|SA_SIGINFO, unblocked
   SIGTERM: UserHandler in libjvm.so, mask=11100100010111111101111111111110, flags=SA_RESTART|SA_SIGINFO, unblocked
   SIGQUIT: UserHandler in libjvm.so, mask=11100100010111111101111111111110, flags=SA_RESTART|SA_SIGINFO, blocked
   SIGTRAP: crash_handler in libjvm.so, mask=11100100010111111101111111111110, flags=SA_RESTART|SA_SIGINFO, unblocked


Native Memory Tracking:

(Omitting categories weighting less than 1KB)

Total: reserved=33201244KB, committed=2419284KB
       malloc: 215192KB #56938, peak=214319KB #56940
       mmap:   reserved=32986052KB, committed=2204092KB

-                 Java Heap (reserved=30932992KB, committed=2097152KB)
                            (mmap: reserved=30932992KB, committed=2097152KB, at peak)

-                     Class (reserved=1048691KB, committed=371KB)
                            (classes #1246)
                            (  instance classes #1069, array classes #177)
                            (malloc=115KB #1675) (peak=116KB #1674)
                            (mmap: reserved=1048576KB, committed=256KB, at peak)
                            (  Metadata:   )
                            (    reserved=65536KB, committed=2304KB)
                            (    used=2260KB)
                            (    waste=44KB =1.90%)
                            (  Class space:)
                            (    reserved=1048576KB, committed=256KB)
                            (    used=153KB)
                            (    waste=103KB =40.29%)

-                    Thread (reserved=33973KB, committed=1365KB)
                            (threads #33)
                            (stack: reserved=33880KB, committed=1272KB, peak=1272KB)
                            (malloc=76KB #168) (peak=84KB #172)
                            (arena=18KB #30) (peak=351KB #30)

-                      Code (reserved=248939KB, committed=11447KB)
                            (malloc=1222KB #26495) (at peak)
                            (mmap: reserved=247684KB, committed=10192KB, at peak)
                            (arena=33KB #1) (peak=34KB #2)

-                        GC (reserved=793395KB, committed=230195KB)
                            (malloc=152439KB #1280) (at peak)
                            (mmap: reserved=640956KB, committed=77756KB, at peak)

-                  Compiler (reserved=4972KB, committed=4972KB)
                            (malloc=70KB #327) (peak=209KB #413)
                            (arena=4902KB #56) (peak=11546KB #49)

-                  Internal (reserved=47402KB, committed=47402KB)
                            (malloc=47366KB #19815) (peak=47368KB #19825)
                            (mmap: reserved=36KB, committed=36KB, at peak)

-                     Other (reserved=0KB, committed=0KB)
                            (malloc=0KB) (peak=2KB #1)

-                    Symbol (reserved=1298KB, committed=1298KB)
                            (malloc=938KB #4157) (at peak)
                            (arena=360KB #1) (at peak)

-    Native Memory Tracking (reserved=1011KB, committed=1011KB)
                            (malloc=10KB #95) (at peak)
                            (arena=0KB #0) (peak=128KB #1)
                            (tracking overhead=1001KB)

-        Shared class space (reserved=16384KB, committed=15116KB, readonly=0KB)
                            (mmap: reserved=16384KB, committed=15116KB, peak=15316KB)

-               Arena Chunk (reserved=6371KB, committed=6371KB)
                            (malloc=6371KB #436) (peak=11999KB #437)

-                    Module (reserved=201KB, committed=201KB)
                            (malloc=201KB #2147) (at peak)

-                 Safepoint (reserved=8KB, committed=8KB)
                            (mmap: reserved=8KB, committed=8KB, at peak)

-           Synchronization (reserved=39KB, committed=39KB)
                            (malloc=39KB #290) (at peak)

-            Serviceability (reserved=17KB, committed=17KB)
                            (malloc=17KB #10) (peak=17KB #14)

-                 Metaspace (reserved=65549KB, committed=2317KB)
                            (malloc=13KB #12) (at peak)
                            (mmap: reserved=65536KB, committed=2304KB, at peak)

-      String Deduplication (reserved=1KB, committed=1KB)
                            (malloc=1KB #8) (at peak)

-           Object Monitors (reserved=1KB, committed=1KB)
                            (malloc=1KB #4) (at peak)

Preinit state:entries: 399 (primary: 398, empties: 7793), sum bytes: 15357, longest chain length: 2
pre-init mallocs: 466, pre-init reallocs: 3, pre-init frees: 67
MallocLimit: unset

Compiler Memory Statistic, 10 most expensive compilations:
ctyp  total     ra        node      comp      type      states    reglive   regsplit  superword cienv     ha        other     #nodes  result  limit     time    id    thread             method
c1    2716424   2585512   0         0         0         0         0         0         0         130912    0         0         -       ok      1073741824 2.070  467   0x00007f1a04109600 jdk/incubator/vector/Int256Vector::lanewise((Ljdk/incubator/vector/VectorOperators$Binary;Ljdk/incubator/vector/Vector;)Ljdk/incubator/vector/IntVector;) 
c1    2618240   2487328   0         0         0         0         0         0         0         130912    0         0         -       ok      1073741824 2.120  468   0x00007f1a0800c4e0 jdk/incubator/vector/Int256Vector::lanewise((Ljdk/incubator/vector/VectorOperators$Binary;Ljdk/incubator/vector/Vector;)Ljdk/incubator/vector/Int256Vector;) 
c1    1841904   1742736   0         0         0         0         0         0         0         98184     0         984       -       ok      1073741824 1.955  447   0x00007f1a04109600 jdk/incubator/vector/AbstractSpecies::dummyVectorMF(()Ljdk/incubator/vector/AbstractVector;) 
c1    1816344   1685432   0         0         0         0         0         0         0         130912    0         0         -       ok      1073741824 2.020  463   0x00007f1a0410aff0 jdk/incubator/vector/IntVector$$Lambda+0x00007f1a2f05e188::load((Ljava/lang/Object;JLjdk/internal/vm/vector/VectorSupport$VectorSpecies;)Ljdk/internal/vm/vector/VectorSupport$VectorPayload;) 
c1    1816344   1685432   0         0         0         0         0         0         0         130912    0         0         -       ok      1073741824 2.019  458   0x00007f1a0800c4e0 jdk/internal/vm/vector/VectorSupport::load((Ljava/lang/Class;Ljava/lang/Class;ILjava/lang/Object;JZLjava/lang/Object;JLjdk/internal/vm/vector/VectorSupport$VectorSpecies;Ljdk/internal/vm/vector/VectorSupport$LoadOperation;)Ljdk/internal/vm/vector/VectorSupport$VectorPayload;) 
c1    1685432   1587248   0         0         0         0         0         0         0         98184     0         0         -       ok      1073741824 2.048  464   0x00007f1ad02e80c0 jdk/incubator/vector/IntVector::lambda$fromArray0Template$0(([IJLjdk/incubator/vector/IntVector$IntSpecies;)Ljdk/incubator/vector/IntVector;) 
c1    1652704   1554520   0         0         0         0         0         0         0         98184     0         0         -       ok      1073741824 2.047  465   0x00007f1a04076e10 jdk/incubator/vector/IntVector$IntSpecies::ldOpMF((Ljava/lang/Object;ILjdk/incubator/vector/IntVector$FLdOp;)Ljdk/incubator/vector/IntVector;) 
c1    1513640   1448184   0         0         0         0         0         0         0         65456     0         0         -       ok      1073741824 1.961  460   0x00007f1a0800c4e0 jdk/internal/vm/vector/VectorSupport$VectorPayloadMF::newVectorInstanceFactory((Ljava/lang/Class;IZ)Ljdk/internal/vm/vector/VectorSupport$VectorPayloadMF;) 
c1    1472760   1374576   0         0         0         0         0         0         0         98184     0         0         -       ok      1073741824 2.068  469   0x00007f1a0410aff0 jdk/incubator/vector/IntVector::lanewiseTemplate((Ljdk/incubator/vector/VectorOperators$Binary;Ljdk/incubator/vector/Vector;)Ljdk/incubator/vector/IntVector;) 
c1    1374576   1309120   0         0         0         0         0         0         0         65456     0         0         -       ok      1073741824 1.013  128   0x00007f1ad02e80c0 java/util/concurrent/ConcurrentHashMap::putVal((Ljava/lang/Object;Ljava/lang/Object;Z)Ljava/lang/Object;) 
Total: 10 (C1: 10, C2: 0)

Periodic native trim disabled

---------------  S Y S T E M  ---------------

OS:
DISTRIB_ID=Ubuntu
DISTRIB_RELEASE=20.04
DISTRIB_CODENAME=focal
DISTRIB_DESCRIPTION="Ubuntu 20.04.2 LTS"
uname: Linux intel-S2600WFT 5.8.0-41-generic #46~20.04.1-Ubuntu SMP Mon Jan 18 17:52:23 UTC 2021 x86_64
OS uptime: 112 days 3:32 hours
libc: glibc 2.31 NPTL 2.31 
rlimit (soft/hard): STACK 8192k/infinity , CORE 0k/infinity , NPROC 3090646/3090646 , NOFILE 1048576/1048576 , AS infinity/infinity , CPU infinity/infinity , DATA infinity/infinity , FSIZE infinity/infinity , MEMLOCK 65536k/65536k
load average: 18.20 16.21 13.16

/proc/meminfo:
MemTotal:       791263980 kB
MemFree:        626607028 kB
MemAvailable:   759758852 kB
Buffers:         5378124 kB
Cached:         121767464 kB
SwapCached:        23200 kB
Active:         106463828 kB
Inactive:       44089792 kB
Active(anon):   23033068 kB
Inactive(anon):   378036 kB
Active(file):   83430760 kB
Inactive(file): 43711756 kB
Unevictable:           0 kB
Mlocked:               0 kB
SwapTotal:       2097148 kB
SwapFree:        1828284 kB
Dirty:              1672 kB
Writeback:             0 kB
AnonPages:      23390252 kB
Mapped:           273912 kB
Shmem:              5524 kB
KReclaimable:   11063488 kB
Slab:           12656300 kB
SReclaimable:   11063488 kB
SUnreclaim:      1592812 kB
KernelStack:       54688 kB
PageTables:        75424 kB
NFS_Unstable:          0 kB
Bounce:                0 kB
WritebackTmp:          0 kB
CommitLimit:    397729136 kB
Committed_AS:   39285448 kB
VmallocTotal:   34359738367 kB
VmallocUsed:      501532 kB
VmallocChunk:          0 kB
Percpu:           354368 kB
HardwareCorrupted:     0 kB
AnonHugePages:         0 kB
ShmemHugePages:        0 kB
ShmemPmdMapped:        0 kB
FileHugePages:         0 kB
FilePmdMapped:         0 kB
HugePages_Total:       0
HugePages_Free:        0
HugePages_Rsvd:        0
HugePages_Surp:        0
Hugepagesize:       2048 kB
Hugetlb:               0 kB
DirectMap4k:     4568476 kB
DirectMap2M:    290818048 kB
DirectMap1G:    510656512 kB

/sys/kernel/mm/transparent_hugepage/enabled: always [madvise] never
/sys/kernel/mm/transparent_hugepage/hpage_pmd_size: 2097152
/sys/kernel/mm/transparent_hugepage/shmem_enabled: always within_size advise [never] deny force
/sys/kernel/mm/transparent_hugepage/defrag (defrag/compaction efforts parameter): always defer defer+madvise [madvise] never

Process Memory:
Virtual Size: 35555948K (peak: 35598176K)
Resident Set Size: 349148K (peak: 349148K) (anon: 304728K, file: 44420K, shmem: 0K)
Swapped out: 0K
C-Heap outstanding allocations: 217145K, retained: 3846K (may have wrapped)
glibc malloc tunables: (default)

/proc/sys/kernel/threads-max (system-wide limit on the number of threads): 6181293
/proc/sys/vm/max_map_count (maximum number of memory map areas a process may have): 65530
/proc/sys/vm/swappiness (control to define how aggressively the kernel swaps out anonymous memory): 60
/proc/sys/kernel/pid_max (system-wide limit on number of process identifiers): 4194304

container information not found.
Steal ticks since vm start: 0
Steal ticks percentage since vm start:  0.000

CPU: total 112 (initial active 112) (28 cores per cpu, 2 threads per core) family 6 model 85 stepping 7 microcode 0x5003006, cx8, cmov, fxsr, ht, mmx, 3dnowpref, sse, sse2, sse3, ssse3, sse4.1, sse4.2, popcnt, lzcnt, tsc, tscinvbit, avx, avx2, aes, erms, clmul, bmi1, bmi2, adx, avx512f, avx512dq, avx512cd, avx512bw, avx512vl, fma, vzeroupper, avx512_vnni, clflush, clflushopt, clwb, rdtscp, f16c, pku, ospke
CPU Model and flags from /proc/cpuinfo:
model name	: Intel(R) Xeon(R) Platinum 8280 CPU @ 2.70GHz
flags		: fpu vme de pse tsc msr pae mce cx8 apic sep mtrr pge mca cmov pat pse36 clflush dts acpi mmx fxsr sse sse2 ss ht tm pbe syscall nx pdpe1gb rdtscp lm constant_tsc art arch_perfmon pebs bts rep_good nopl xtopology nonstop_tsc cpuid aperfmperf pni pclmulqdq dtes64 monitor ds_cpl smx est tm2 ssse3 sdbg fma cx16 xtpr pdcm pcid dca sse4_1 sse4_2 x2apic movbe popcnt tsc_deadline_timer aes xsave avx f16c rdrand lahf_lm abm 3dnowprefetch cpuid_fault epb cat_l3 cdp_l3 invpcid_single ssbd mba ibrs ibpb stibp ibrs_enhanced fsgsbase tsc_adjust bmi1 avx2 smep bmi2 erms invpcid cqm mpx rdt_a avx512f avx512dq rdseed adx smap clflushopt clwb intel_pt avx512cd avx512bw avx512vl xsaveopt xsavec xgetbv1 xsaves cqm_llc cqm_occup_llc cqm_mbm_total cqm_mbm_local dtherm ida arat pln pts hwp hwp_act_window hwp_epp hwp_pkg_req pku ospke avx512_vnni md_clear flush_l1d arch_capabilities

Online cpus: 0-111
Offline cpus: 
cache level: 1
cache type: Data
cache size: 32K
cache coherency line size: 64
cache level: 1
cache type: Instruction
cache size: 32K
cache coherency line size: 64
cache level: 2
cache type: Unified
cache size: 1024K
cache coherency line size: 64
cache level: 3
cache type: Unified
cache size: 39424K
cache coherency line size: 64
BIOS frequency limitation: <Not Available>
Frequency switch latency (ns): 0
Available cpu frequencies: <Not Available>
Maximum cpu frequency: 4000000
Minimum cpu frequency: 1000000
Current cpu frequency: 2731261
Available governors: performance powersave
Current governor: powersave
Core performance/turbo boost: <Not Available>

Memory: 4k page, physical 791263980k(759758600k free), swap 2097148k(1828284k free)
Page Sizes: 4k

vm_info: OpenJDK 64-Bit Server VM (slowdebug 25-internal-adhoc.root.valhalla) for linux-amd64 JRE (25-internal-adhoc.root.valhalla), built on 2025-04-15T01:23:54Z with gcc 10.5.0

END.
