#
# A fatal error has been detected by the Java Runtime Environment:
#
#  Internal Error (/home/jatinbha/sandboxes/jdk/jdk/src/hotspot/share/opto/matcher.cpp:1740), pid=2272911, tid=2272925
#  assert(false) failed: bad AD file
#
# JRE version: OpenJDK Runtime Environment (24.0) (slowdebug build 24-internal-adhoc.root.jdk)
# Java VM: OpenJDK 64-Bit Server VM (slowdebug 24-internal-adhoc.root.jdk, mixed mode, sharing, compressed oops, compressed class ptrs, g1 gc, linux-amd64)
# Problematic frame:
# V  [libjvm.so+0x1239f1a]  Matcher::Label_Root(Node const*, State*, Node*, Node*&)+0x54a
#
# Core dump will be written. Default location: Core dumps may be processed with "/usr/share/apport/apport %p %s %c %d %P %E" (or dumping to /home/jatinbha/code/java/rotate/core.2272911)
#
# If you would like to submit a bug report, please visit:
#   https://bugreport.java.com/bugreport/crash.jsp
#

---------------  S U M M A R Y ------------

Command Line: -XX:UseAVX=2 -XX:-TieredCompilation -Xbatch --add-modules=jdk.incubator.vector test_rotate_short 0

Host: intel-S2600WFT, Intel(R) Xeon(R) Platinum 8280 CPU @ 2.70GHz, 112 cores, 754G, Ubuntu 20.04.2 LTS
Time: Tue Oct  8 13:26:35 2024 IST elapsed time: 2.968197 seconds (0d 0h 0m 2s)

---------------  T H R E A D  ---------------

Current thread (0x00007ffb1436bdd0):  JavaThread "C2 CompilerThread0" daemon [_thread_in_native, id=2272925, stack(0x00007ffacacc2000,0x00007ffacadc3000) (1028K)]


Current CompileTask:
C2:2968  236 %  b        test_rotate_short::micro1 @ 2 (61 bytes)

Stack: [0x00007ffacacc2000,0x00007ffacadc3000],  sp=0x00007ffacadbe9b0,  free space=1010k
Native frames: (J=compiled Java code, j=interpreted, Vv=VM code, C=native code)
V  [libjvm.so+0x1239f1a]  Matcher::Label_Root(Node const*, State*, Node*, Node*&)+0x54a  (matcher.cpp:1740)
V  [libjvm.so+0x1239e64]  Matcher::Label_Root(Node const*, State*, Node*, Node*&)+0x494  (matcher.cpp:1723)
V  [libjvm.so+0x1239e64]  Matcher::Label_Root(Node const*, State*, Node*, Node*&)+0x494  (matcher.cpp:1723)
V  [libjvm.so+0x1239529]  Matcher::match_tree(Node const*)+0x225  (matcher.cpp:1533)
V  [libjvm.so+0x12376fa]  Matcher::xform(Node*, int)+0x1fa  (matcher.cpp:1149)
V  [libjvm.so+0x12320af]  Matcher::match()+0xe71  (matcher.cpp:359)
V  [libjvm.so+0xa14c9b]  Compile::Code_Gen()+0x99  (compile.cpp:2928)
V  [libjvm.so+0xa0b29d]  Compile::Compile(ciEnv*, ciMethod*, int, Options, DirectiveSet*)+0x1743  (compile.cpp:885)
V  [libjvm.so+0x8ce19f]  C2Compiler::compile_method(ciEnv*, ciMethod*, int, bool, DirectiveSet*)+0x203  (c2compiler.cpp:142)
V  [libjvm.so+0xa2dd0d]  CompileBroker::invoke_compiler_on_method(CompileTask*)+0x9ff  (compileBroker.cpp:2303)
V  [libjvm.so+0xa2c7dd]  CompileBroker::compiler_thread_loop()+0x411  (compileBroker.cpp:1961)
V  [libjvm.so+0xa4be7c]  CompilerThread::thread_entry(JavaThread*, JavaThread*)+0x84  (compilerThread.cpp:65)
V  [libjvm.so+0xe23326]  JavaThread::thread_main_inner()+0x15a  (javaThread.cpp:759)
V  [libjvm.so+0xe231c8]  JavaThread::run()+0x1c0  (javaThread.cpp:744)
V  [libjvm.so+0x167eb48]  Thread::call_run()+0x1a8  (thread.cpp:234)
V  [libjvm.so+0x134a7ee]  thread_native_entry(Thread*)+0x1c5  (os_linux.cpp:858)
Registers:
RAX=0x00007ffb1b1e8000, RBX=0x00007ffa5c5cc8a0, RCX=0x00007ffb1af198a8, RDX=0x00000000000000ef
RSP=0x00007ffacadbe9b0, RBP=0x00007ffacadbea20, RSI=0x0000000000000200, RDI=0x00007ffb1af198b0
R8 =0x0000000000000000, R9 =0x00007ffb19d4ff5b, R10=0x0000000000000000, R11=0x0000000000000000
R12=0x00007ffb19722506, R13=0x00007ffacadc0ae8, R14=0x0000000000000008, R15=0x00007ffacadbed70
RIP=0x00007ffb19694f1a, EFLAGS=0x0000000000010202, CSGSFS=0x002b000000000033, ERR=0x0000000000000006
  TRAPNO=0x000000000000000e


Register to memory mapping:

RAX=0x00007ffb1b1e8000 in mmap'd memory region [0x00007ffb1b1e8000 - 0x00007ffb1b1e9000], tag mtInternal
RBX=0x00007ffa5c5cc8a0 into live malloced block starting at 0x00007ffa5c5cc890, size 32744, tag mtChunk
RCX=0x00007ffb1af198a8: <offset 0x0000000002abe8a8> in /home/jatinbha/sandboxes/jdk/jdk/build/linux-x86_64-server-slowdebug/images/jdk/lib/server/libjvm.so at 0x00007ffb1845b000
RDX=0x00000000000000ef is an unknown value
RSP=0x00007ffacadbe9b0 is pointing into the stack for thread: 0x00007ffb1436bdd0
RBP=0x00007ffacadbea20 is pointing into the stack for thread: 0x00007ffb1436bdd0
RSI=0x0000000000000200 is an unknown value
RDI=0x00007ffb1af198b0: <offset 0x0000000002abe8b0> in /home/jatinbha/sandboxes/jdk/jdk/build/linux-x86_64-server-slowdebug/images/jdk/lib/server/libjvm.so at 0x00007ffb1845b000
R8 =0x0 is null
R9 =0x00007ffb19d4ff5b: <offset 0x00000000018f4f5b> in /home/jatinbha/sandboxes/jdk/jdk/build/linux-x86_64-server-slowdebug/images/jdk/lib/server/libjvm.so at 0x00007ffb1845b000
R10=0x0 is null
R11=0x0 is null
R12=0x00007ffb19722506: <offset 0x00000000012c7506> in /home/jatinbha/sandboxes/jdk/jdk/build/linux-x86_64-server-slowdebug/images/jdk/lib/server/libjvm.so at 0x00007ffb1845b000
R13=0x00007ffacadc0ae8 is pointing into the stack for thread: 0x00007ffb1436bdd0
R14=0x0000000000000008 is an unknown value
R15=0x00007ffacadbed70 is pointing into the stack for thread: 0x00007ffb1436bdd0

Top of Stack: (sp=0x00007ffacadbe9b0)
0x00007ffacadbe9b0:   0000000000000780 00007ffacadbeb60   ........`.......
0x00007ffacadbe9c0:   00007ffa5c5fd3e0 00007ffa5c059518   .._\.......\....
0x00007ffacadbe9d0:   00007ffa5c3c7bc8 00007ffacadbf590   .{<\............
0x00007ffacadbe9e0:   0000000300000002 000000030000013b   ........;.......
0x00007ffacadbe9f0:   00007ffa5c1152a0 00007ffa5c3c6398   .R.\.....c<\....
0x00007ffacadbea00:   00007ffa5c3c6398 00007ffa5c5cc8a0   .c<\......\\....
0x00007ffacadbea10:   0000000000000000 00007ffa5c059518   ...........\....
0x00007ffacadbea20:   00007ffacadbeaa0 00007ffb19694e64   ........dNi.....
0x00007ffacadbea30:   0000000000000780 00007ffacadbeb60   ........`.......
0x00007ffacadbea40:   0000000000000000 00007ffa5c058618   ...........\....
0x00007ffacadbea50:   00007ffa5c602a68 00007ffacadbf590   h*`\............
0x00007ffacadbea60:   0000000200000002 000000035c3c7c58   ........X|<\....
0x00007ffacadbea70:   00007ffa5c1152a0 00007ffa5c3c7bc8   .R.\.....{<\....
0x00007ffacadbea80:   00007ffa5c3c7bc8 00007ffa5c059518   .{<\.......\....
0x00007ffacadbea90:   0000000000000000 00007ffa5c058618   ...........\....
0x00007ffacadbeaa0:   00007ffacadbeb20 00007ffb19694e64    .......dNi.....
0x00007ffacadbeab0:   0000000000000780 00007ffacadbeb60   ........`.......
0x00007ffacadbeac0:   0000000000000000 00007ffa5c057e98   .........~.\....
0x00007ffacadbead0:   00007ffa5c3c7c58 00007ffacadbf590   X|<\............
0x00007ffacadbeae0:   0000000100000001 00000003cadbeb80   ................
0x00007ffacadbeaf0:   0000000000000000 00007ffa5c112f78   ........x/.\....
0x00007ffacadbeb00:   00007ffa5c602a68 00007ffa5c058618   h*`\.......\....
0x00007ffacadbeb10:   00000000cadbf5b8 00007ffa5c057e98   .........~.\....
0x00007ffacadbeb20:   00007ffacadbebd0 00007ffb19694529   ........)Ei.....
0x00007ffacadbeb30:   00007ffa5c3c7c58 00007ffacadbf590   X|<\............
0x00007ffacadbeb40:   00007ffacadbeb70 00007ffb188584ce   p...............
0x00007ffacadbeb50:   00000008cadbeb60 0000000000000001   `...............
0x00007ffacadbeb60:   00007ffa5c1152a0 0000000000000000   .R.\............
0x00007ffacadbeb70:   00007ffa5c057e98 00007ffb188570df   .~.\.....p......
0x00007ffacadbeb80:   00007ffacadbf5b8 00007ffa5c057d80   .........}.\....
0x00007ffacadbeb90:   00007ffa5c057e98 00007ffa5c05a568   .~.\....h..\....
0x00007ffacadbeba0:   00000000000027d8 0000080000000000   .'..............

Instructions: (pc=0x00007ffb19694f1a)
  0x00007ffb19694e1a:   ff 83 f8 01 76 07 b8 01 00 00 00 eb 05 b8 00 00
  0x00007ffb19694e2a:   00 00 84 c0 74 15 48 8b 45 e0 be 00 00 00 00 48
  0x00007ffb19694e3a:   89 c7 e8 41 72 29 ff 48 89 45 a0 48 8b 7d 98 48
  0x00007ffb19694e4a:   8b 4d a0 48 8b 55 e8 48 8b 75 e0 48 8b 45 b8 49
  0x00007ffb19694e5a:   89 f8 48 89 c7 e8 6c fb ff ff 48 89 45 a0 48 8b
  0x00007ffb19694e6a:   45 b8 48 8b 40 10 48 89 c7 e8 20 ba 69 ff 84 c0
  0x00007ffb19694e7a:   74 0b b8 00 00 00 00 e9 bf 00 00 00 90 83 45 c4
  0x00007ffb19694e8a:   01 e9 fc fc ff ff 48 8b 45 b0 48 8b 00 48 8b 10
  0x00007ffb19694e9a:   48 8b 45 b0 48 89 c7 ff d2 89 c1 48 8b 55 b0 48
  0x00007ffb19694eaa:   8b 45 a8 89 ce 48 89 c7 e8 8d d6 93 ff c7 45 c8
  0x00007ffb19694eba:   00 00 00 00 81 7d c8 3a 01 00 00 77 1c 8b 55 c8
  0x00007ffb19694eca:   48 8b 45 a8 89 d6 48 89 c7 e8 4e 67 00 00 84 c0
  0x00007ffb19694eda:   75 06 83 45 c8 01 eb dc 90 81 7d c8 3a 01 00 00
  0x00007ffb19694eea:   76 55 48 8b 45 b0 48 89 c7 e8 1a 00 0c 00 48 8b
  0x00007ffb19694efa:   45 a8 48 89 c7 e8 12 53 00 00 e8 88 eb 1b ff 83
  0x00007ffb19694f0a:   f0 01 84 c0 74 31 48 8d 05 b9 fd 79 01 48 8b 00
=>0x00007ffb19694f1a:   c6 00 58 48 8d 0d 44 54 cf 00 48 8d 15 8e 36 cf
  0x00007ffb19694f2a:   00 be cc 06 00 00 48 8d 3d a1 48 cf 00 b8 00 00
  0x00007ffb19694f3a:   00 00 e8 f6 2a 87 ff 48 8b 45 a0 48 83 c4 68 5b
  0x00007ffb19694f4a:   5d c3 f3 0f 1e fa 55 48 89 e5 48 83 ec 40 48 89
  0x00007ffb19694f5a:   7d d8 48 89 75 d0 89 55 cc 48 8b 45 d0 48 89 c7
  0x00007ffb19694f6a:   e8 c5 73 29 ff 83 f0 01 84 c0 74 1a 48 8b 45 d0
  0x00007ffb19694f7a:   48 89 c7 e8 c8 67 6d ff 83 f0 01 84 c0 74 07 b8
  0x00007ffb19694f8a:   01 00 00 00 eb 05 b8 00 00 00 00 84 c0 74 0a b8
  0x00007ffb19694f9a:   00 00 00 00 e9 8b 01 00 00 48 8b 45 d8 48 05 b0
  0x00007ffb19694faa:   01 00 00 48 89 c7 e8 7f 07 f7 ff 48 8b 55 d0 8b
  0x00007ffb19694fba:   52 28 39 d0 0f 96 c0 84 c0 74 0a b8 00 00 00 00
  0x00007ffb19694fca:   e9 5f 01 00 00 48 8b 45 d8 48 8d 90 b0 01 00 00
  0x00007ffb19694fda:   48 8b 45 d0 8b 40 28 89 c6 48 89 d7 e8 d3 b7 53
  0x00007ffb19694fea:   ff 48 89 45 e8 48 83 7d e8 00 74 25 48 8b 45 e8
  0x00007ffb19694ffa:   48 8b 00 48 05 f0 00 00 00 48 8b 10 48 8b 45 e8
  0x00007ffb1969500a:   48 89 c7 ff d2 39 45 cc 75 07 b8 01 00 00 00 eb


Stack slot to memory mapping:

stack at sp + 0 slots: 0x0000000000000780 is an unknown value
stack at sp + 1 slots: 0x00007ffacadbeb60 is pointing into the stack for thread: 0x00007ffb1436bdd0
stack at sp + 2 slots: 0x00007ffa5c5fd3e0 into live malloced block starting at 0x00007ffa5c5fc8f0, size 32744, tag mtChunk
stack at sp + 3 slots: 0x00007ffa5c059518 points into unknown readable memory: 0xabababababababab | ab ab ab ab ab ab ab ab
stack at sp + 4 slots: 0x00007ffa5c3c7bc8 points into unknown readable memory: 0x00007ffb1ade3ad0 | d0 3a de 1a fb 7f 00 00
stack at sp + 5 slots: 0x00007ffacadbf590 is pointing into the stack for thread: 0x00007ffb1436bdd0
stack at sp + 6 slots: 0x0000000300000002 is an unallocated location in the heap
stack at sp + 7 slots: 0x000000030000013b is an unallocated location in the heap

Lock stack of current Java thread (top to bottom):


---------------  P R O C E S S  ---------------

uid  : 1000 euid : 1000 gid  : 1000 egid : 1000

umask: 0002 (-------w-)

Threads class SMR info:
_java_thread_list=0x00007ffb143fbae0, length=9, elements={
0x00007ffb1402bfb0, 0x00007ffb14353f80, 0x00007ffb14355860, 0x00007ffb14357580,
0x00007ffb14358f50, 0x00007ffb1435a7e0, 0x00007ffb1436bdd0, 0x00007ffb143af300,
0x00007ffb143fbd90
}
_java_thread_list_alloc_cnt=10, _java_thread_list_free_cnt=8, _java_thread_list_max=9, _nested_thread_list_max=0
_tlh_cnt=42, _tlh_times=0, avg_tlh_time=0.00, _tlh_time_max=0
_delete_lock_wait_cnt=0, _delete_lock_wait_max=0
_to_delete_list_cnt=0, _to_delete_list_max=1

Java Threads: ( => current thread )
  0x00007ffb1402bfb0 JavaThread "main"                              [_thread_blocked, id=2272912, stack(0x00007ffb18200000,0x00007ffb18301000) (1028K)]
  0x00007ffb14353f80 JavaThread "Reference Handler"          daemon [_thread_blocked, id=2272920, stack(0x00007ffacb1c7000,0x00007ffacb2c8000) (1028K)]
  0x00007ffb14355860 JavaThread "Finalizer"                  daemon [_thread_blocked, id=2272921, stack(0x00007ffacb0c6000,0x00007ffacb1c7000) (1028K)]
  0x00007ffb14357580 JavaThread "Signal Dispatcher"          daemon [_thread_blocked, id=2272922, stack(0x00007ffacafc5000,0x00007ffacb0c6000) (1028K)]
  0x00007ffb14358f50 JavaThread "Service Thread"             daemon [_thread_blocked, id=2272923, stack(0x00007ffacaec4000,0x00007ffacafc5000) (1028K)]
  0x00007ffb1435a7e0 JavaThread "Monitor Deflation Thread"   daemon [_thread_blocked, id=2272924, stack(0x00007ffacadc3000,0x00007ffacaec4000) (1028K)]
=>0x00007ffb1436bdd0 JavaThread "C2 CompilerThread0"         daemon [_thread_in_native, id=2272925, stack(0x00007ffacacc2000,0x00007ffacadc3000) (1028K)]
  0x00007ffb143af300 JavaThread "Common-Cleaner"             daemon [_thread_blocked, id=2272926, stack(0x00007ffacaa56000,0x00007ffacab57000) (1028K)]
  0x00007ffb143fbd90 JavaThread "Notification Thread"        daemon [_thread_blocked, id=2272927, stack(0x00007ffaca955000,0x00007ffacaa56000) (1028K)]
Total: 9

Other Threads:
  0x00007ffb14319010 VMThread "VM Thread"                           [id=2272919, stack(0x00007ffacb839000,0x00007ffacb939000) (1024K)]
  0x00007ffb14257310 WatcherThread "VM Periodic Task Thread"        [id=2272918, stack(0x00007ffacb93a000,0x00007ffacba3a000) (1024K)]
  0x00007ffb1406bf40 WorkerThread "GC Thread#0"                     [id=2272913, stack(0x00007ffade8d2000,0x00007ffade9d2000) (1024K)]
  0x00007ffb140802b0 ConcurrentGCThread "G1 Main Marker"            [id=2272914, stack(0x00007ffade7d1000,0x00007ffade8d1000) (1024K)]
  0x00007ffb14081550 WorkerThread "G1 Conc#0"                       [id=2272915, stack(0x00007ffade6d0000,0x00007ffade7d0000) (1024K)]
  0x00007ffb1423f480 ConcurrentGCThread "G1 Refine#0"               [id=2272916, stack(0x00007ffacbbbd000,0x00007ffacbcbd000) (1024K)]
  0x00007ffb142406b0 ConcurrentGCThread "G1 Service"                [id=2272917, stack(0x00007ffacbabc000,0x00007ffacbbbc000) (1024K)]
Total: 7

Threads with active compile tasks:
C2 CompilerThread0  5142  236 %  b        test_rotate_short::micro1 @ 2 (61 bytes)
Total: 1

VM state: not at safepoint (normal execution)

VM Mutex/Monitor currently owned by a thread: None

Heap address: 0x00000000a0000000, size: 30208 MB, Compressed Oops mode: Zero based, Oop shift amount: 3

CDS archive(s) mapped at: [0x00007ffa7a000000-0x00007ffa7ae8e000-0x00007ffa7ae8e000), size 15261696, SharedBaseAddress: 0x00007ffa7a000000, ArchiveRelocationMode: 1.
Compressed class space mapped at: 0x00007ffa7b000000-0x00007ffabb000000, reserved size: 1073741824
Narrow klass base: 0x00007ffa7a000000, Narrow klass shift: 0
Encoding Range: [0x00007ffa7a000000 - 0x00007ffb7a000000), (4294967296 bytes)
Klass Range:    [0x00007ffa7a000000 - 0x00007ffabb000000), (1090519040 bytes)

GC Precious Log:
 CardTable entry size: 512
 Card Set container configuration: InlinePtr #cards 3 size 8 Array Of Cards #cards 128 size 272 Howl #buckets 8 coarsen threshold 29491 Howl Bitmap #cards 4096 size 528 coarsen threshold 3686 Card regions per heap region 1 cards per card region 32768
 CPUs: 112 total, 112 available
 Memory: 754G
 Large Page Support: Disabled
 NUMA Support: Disabled
 Compressed Oops: Enabled (Zero based)
 Heap Region Size: 16M
 Heap Min Capacity: 16M
 Heap Initial Capacity: 2G
 Heap Max Capacity: 30208M
 Pre-touch: Disabled
 Parallel Workers: 73
 Concurrent Workers: 18
 Concurrent Refinement Workers: 73
 Periodic GC: Disabled

Heap:
 garbage-first heap   total reserved 30932992K, committed 2113536K, used 1155K [0x00000000a0000000, 0x0000000800000000)
  region size 16384K, 1 young (16384K), 0 survivors (0K)
 Metaspace       used 1978K, committed 2112K, reserved 1114112K
  class space    used 84K, committed 192K, reserved 1048576K

Heap Regions: E=young(eden), S=young(survivor), O=old, HS=humongous(starts), HC=humongous(continues), CS=collection set, F=free, TAMS=top-at-mark-start, PB=parsable bottom
|   0|0x00000000a0000000, 0x00000000a0000000, 0x00000000a1000000|  0%| F|  |TAMS 0x00000000a0000000| PB 0x00000000a0000000| Untracked |  0
|   1|0x00000000a1000000, 0x00000000a1000000, 0x00000000a2000000|  0%| F|  |TAMS 0x00000000a1000000| PB 0x00000000a1000000| Untracked |  0
|   2|0x00000000a2000000, 0x00000000a2000000, 0x00000000a3000000|  0%| F|  |TAMS 0x00000000a2000000| PB 0x00000000a2000000| Untracked |  0
|   3|0x00000000a3000000, 0x00000000a3000000, 0x00000000a4000000|  0%| F|  |TAMS 0x00000000a3000000| PB 0x00000000a3000000| Untracked |  0
|   4|0x00000000a4000000, 0x00000000a4000000, 0x00000000a5000000|  0%| F|  |TAMS 0x00000000a4000000| PB 0x00000000a4000000| Untracked |  0
|   5|0x00000000a5000000, 0x00000000a5000000, 0x00000000a6000000|  0%| F|  |TAMS 0x00000000a5000000| PB 0x00000000a5000000| Untracked |  0
|   6|0x00000000a6000000, 0x00000000a6000000, 0x00000000a7000000|  0%| F|  |TAMS 0x00000000a6000000| PB 0x00000000a6000000| Untracked |  0
|   7|0x00000000a7000000, 0x00000000a7000000, 0x00000000a8000000|  0%| F|  |TAMS 0x00000000a7000000| PB 0x00000000a7000000| Untracked |  0
|   8|0x00000000a8000000, 0x00000000a8000000, 0x00000000a9000000|  0%| F|  |TAMS 0x00000000a8000000| PB 0x00000000a8000000| Untracked |  0
|   9|0x00000000a9000000, 0x00000000a9000000, 0x00000000aa000000|  0%| F|  |TAMS 0x00000000a9000000| PB 0x00000000a9000000| Untracked |  0
|  10|0x00000000aa000000, 0x00000000aa000000, 0x00000000ab000000|  0%| F|  |TAMS 0x00000000aa000000| PB 0x00000000aa000000| Untracked |  0
|  11|0x00000000ab000000, 0x00000000ab000000, 0x00000000ac000000|  0%| F|  |TAMS 0x00000000ab000000| PB 0x00000000ab000000| Untracked |  0
|  12|0x00000000ac000000, 0x00000000ac000000, 0x00000000ad000000|  0%| F|  |TAMS 0x00000000ac000000| PB 0x00000000ac000000| Untracked |  0
|  13|0x00000000ad000000, 0x00000000ad000000, 0x00000000ae000000|  0%| F|  |TAMS 0x00000000ad000000| PB 0x00000000ad000000| Untracked |  0
|  14|0x00000000ae000000, 0x00000000ae000000, 0x00000000af000000|  0%| F|  |TAMS 0x00000000ae000000| PB 0x00000000ae000000| Untracked |  0
|  15|0x00000000af000000, 0x00000000af000000, 0x00000000b0000000|  0%| F|  |TAMS 0x00000000af000000| PB 0x00000000af000000| Untracked |  0
|  16|0x00000000b0000000, 0x00000000b0000000, 0x00000000b1000000|  0%| F|  |TAMS 0x00000000b0000000| PB 0x00000000b0000000| Untracked |  0
|  17|0x00000000b1000000, 0x00000000b1000000, 0x00000000b2000000|  0%| F|  |TAMS 0x00000000b1000000| PB 0x00000000b1000000| Untracked |  0
|  18|0x00000000b2000000, 0x00000000b2000000, 0x00000000b3000000|  0%| F|  |TAMS 0x00000000b2000000| PB 0x00000000b2000000| Untracked |  0
|  19|0x00000000b3000000, 0x00000000b3000000, 0x00000000b4000000|  0%| F|  |TAMS 0x00000000b3000000| PB 0x00000000b3000000| Untracked |  0
|  20|0x00000000b4000000, 0x00000000b4000000, 0x00000000b5000000|  0%| F|  |TAMS 0x00000000b4000000| PB 0x00000000b4000000| Untracked |  0
|  21|0x00000000b5000000, 0x00000000b5000000, 0x00000000b6000000|  0%| F|  |TAMS 0x00000000b5000000| PB 0x00000000b5000000| Untracked |  0
|  22|0x00000000b6000000, 0x00000000b6000000, 0x00000000b7000000|  0%| F|  |TAMS 0x00000000b6000000| PB 0x00000000b6000000| Untracked |  0
|  23|0x00000000b7000000, 0x00000000b7000000, 0x00000000b8000000|  0%| F|  |TAMS 0x00000000b7000000| PB 0x00000000b7000000| Untracked |  0
|  24|0x00000000b8000000, 0x00000000b8000000, 0x00000000b9000000|  0%| F|  |TAMS 0x00000000b8000000| PB 0x00000000b8000000| Untracked |  0
|  25|0x00000000b9000000, 0x00000000b9000000, 0x00000000ba000000|  0%| F|  |TAMS 0x00000000b9000000| PB 0x00000000b9000000| Untracked |  0
|  26|0x00000000ba000000, 0x00000000ba000000, 0x00000000bb000000|  0%| F|  |TAMS 0x00000000ba000000| PB 0x00000000ba000000| Untracked |  0
|  27|0x00000000bb000000, 0x00000000bb000000, 0x00000000bc000000|  0%| F|  |TAMS 0x00000000bb000000| PB 0x00000000bb000000| Untracked |  0
|  28|0x00000000bc000000, 0x00000000bc000000, 0x00000000bd000000|  0%| F|  |TAMS 0x00000000bc000000| PB 0x00000000bc000000| Untracked |  0
|  29|0x00000000bd000000, 0x00000000bd000000, 0x00000000be000000|  0%| F|  |TAMS 0x00000000bd000000| PB 0x00000000bd000000| Untracked |  0
|  30|0x00000000be000000, 0x00000000be000000, 0x00000000bf000000|  0%| F|  |TAMS 0x00000000be000000| PB 0x00000000be000000| Untracked |  0
|  31|0x00000000bf000000, 0x00000000bf000000, 0x00000000c0000000|  0%| F|  |TAMS 0x00000000bf000000| PB 0x00000000bf000000| Untracked |  0
|  32|0x00000000c0000000, 0x00000000c0000000, 0x00000000c1000000|  0%| F|  |TAMS 0x00000000c0000000| PB 0x00000000c0000000| Untracked |  0
|  33|0x00000000c1000000, 0x00000000c1000000, 0x00000000c2000000|  0%| F|  |TAMS 0x00000000c1000000| PB 0x00000000c1000000| Untracked |  0
|  34|0x00000000c2000000, 0x00000000c2000000, 0x00000000c3000000|  0%| F|  |TAMS 0x00000000c2000000| PB 0x00000000c2000000| Untracked |  0
|  35|0x00000000c3000000, 0x00000000c3000000, 0x00000000c4000000|  0%| F|  |TAMS 0x00000000c3000000| PB 0x00000000c3000000| Untracked |  0
|  36|0x00000000c4000000, 0x00000000c4000000, 0x00000000c5000000|  0%| F|  |TAMS 0x00000000c4000000| PB 0x00000000c4000000| Untracked |  0
|  37|0x00000000c5000000, 0x00000000c5000000, 0x00000000c6000000|  0%| F|  |TAMS 0x00000000c5000000| PB 0x00000000c5000000| Untracked |  0
|  38|0x00000000c6000000, 0x00000000c6000000, 0x00000000c7000000|  0%| F|  |TAMS 0x00000000c6000000| PB 0x00000000c6000000| Untracked |  0
|  39|0x00000000c7000000, 0x00000000c7000000, 0x00000000c8000000|  0%| F|  |TAMS 0x00000000c7000000| PB 0x00000000c7000000| Untracked |  0
|  40|0x00000000c8000000, 0x00000000c8000000, 0x00000000c9000000|  0%| F|  |TAMS 0x00000000c8000000| PB 0x00000000c8000000| Untracked |  0
|  41|0x00000000c9000000, 0x00000000c9000000, 0x00000000ca000000|  0%| F|  |TAMS 0x00000000c9000000| PB 0x00000000c9000000| Untracked |  0
|  42|0x00000000ca000000, 0x00000000ca000000, 0x00000000cb000000|  0%| F|  |TAMS 0x00000000ca000000| PB 0x00000000ca000000| Untracked |  0
|  43|0x00000000cb000000, 0x00000000cb000000, 0x00000000cc000000|  0%| F|  |TAMS 0x00000000cb000000| PB 0x00000000cb000000| Untracked |  0
|  44|0x00000000cc000000, 0x00000000cc000000, 0x00000000cd000000|  0%| F|  |TAMS 0x00000000cc000000| PB 0x00000000cc000000| Untracked |  0
|  45|0x00000000cd000000, 0x00000000cd000000, 0x00000000ce000000|  0%| F|  |TAMS 0x00000000cd000000| PB 0x00000000cd000000| Untracked |  0
|  46|0x00000000ce000000, 0x00000000ce000000, 0x00000000cf000000|  0%| F|  |TAMS 0x00000000ce000000| PB 0x00000000ce000000| Untracked |  0
|  47|0x00000000cf000000, 0x00000000cf000000, 0x00000000d0000000|  0%| F|  |TAMS 0x00000000cf000000| PB 0x00000000cf000000| Untracked |  0
|  48|0x00000000d0000000, 0x00000000d0000000, 0x00000000d1000000|  0%| F|  |TAMS 0x00000000d0000000| PB 0x00000000d0000000| Untracked |  0
|  49|0x00000000d1000000, 0x00000000d1000000, 0x00000000d2000000|  0%| F|  |TAMS 0x00000000d1000000| PB 0x00000000d1000000| Untracked |  0
|  50|0x00000000d2000000, 0x00000000d2000000, 0x00000000d3000000|  0%| F|  |TAMS 0x00000000d2000000| PB 0x00000000d2000000| Untracked |  0
|  51|0x00000000d3000000, 0x00000000d3000000, 0x00000000d4000000|  0%| F|  |TAMS 0x00000000d3000000| PB 0x00000000d3000000| Untracked |  0
|  52|0x00000000d4000000, 0x00000000d4000000, 0x00000000d5000000|  0%| F|  |TAMS 0x00000000d4000000| PB 0x00000000d4000000| Untracked |  0
|  53|0x00000000d5000000, 0x00000000d5000000, 0x00000000d6000000|  0%| F|  |TAMS 0x00000000d5000000| PB 0x00000000d5000000| Untracked |  0
|  54|0x00000000d6000000, 0x00000000d6000000, 0x00000000d7000000|  0%| F|  |TAMS 0x00000000d6000000| PB 0x00000000d6000000| Untracked |  0
|  55|0x00000000d7000000, 0x00000000d7000000, 0x00000000d8000000|  0%| F|  |TAMS 0x00000000d7000000| PB 0x00000000d7000000| Untracked |  0
|  56|0x00000000d8000000, 0x00000000d8000000, 0x00000000d9000000|  0%| F|  |TAMS 0x00000000d8000000| PB 0x00000000d8000000| Untracked |  0
|  57|0x00000000d9000000, 0x00000000d9000000, 0x00000000da000000|  0%| F|  |TAMS 0x00000000d9000000| PB 0x00000000d9000000| Untracked |  0
|  58|0x00000000da000000, 0x00000000da000000, 0x00000000db000000|  0%| F|  |TAMS 0x00000000da000000| PB 0x00000000da000000| Untracked |  0
|  59|0x00000000db000000, 0x00000000db000000, 0x00000000dc000000|  0%| F|  |TAMS 0x00000000db000000| PB 0x00000000db000000| Untracked |  0
|  60|0x00000000dc000000, 0x00000000dc000000, 0x00000000dd000000|  0%| F|  |TAMS 0x00000000dc000000| PB 0x00000000dc000000| Untracked |  0
|  61|0x00000000dd000000, 0x00000000dd000000, 0x00000000de000000|  0%| F|  |TAMS 0x00000000dd000000| PB 0x00000000dd000000| Untracked |  0
|  62|0x00000000de000000, 0x00000000de000000, 0x00000000df000000|  0%| F|  |TAMS 0x00000000de000000| PB 0x00000000de000000| Untracked |  0
|  63|0x00000000df000000, 0x00000000df000000, 0x00000000e0000000|  0%| F|  |TAMS 0x00000000df000000| PB 0x00000000df000000| Untracked |  0
|  64|0x00000000e0000000, 0x00000000e0000000, 0x00000000e1000000|  0%| F|  |TAMS 0x00000000e0000000| PB 0x00000000e0000000| Untracked |  0
|  65|0x00000000e1000000, 0x00000000e1000000, 0x00000000e2000000|  0%| F|  |TAMS 0x00000000e1000000| PB 0x00000000e1000000| Untracked |  0
|  66|0x00000000e2000000, 0x00000000e2000000, 0x00000000e3000000|  0%| F|  |TAMS 0x00000000e2000000| PB 0x00000000e2000000| Untracked |  0
|  67|0x00000000e3000000, 0x00000000e3000000, 0x00000000e4000000|  0%| F|  |TAMS 0x00000000e3000000| PB 0x00000000e3000000| Untracked |  0
|  68|0x00000000e4000000, 0x00000000e4000000, 0x00000000e5000000|  0%| F|  |TAMS 0x00000000e4000000| PB 0x00000000e4000000| Untracked |  0
|  69|0x00000000e5000000, 0x00000000e5000000, 0x00000000e6000000|  0%| F|  |TAMS 0x00000000e5000000| PB 0x00000000e5000000| Untracked |  0
|  70|0x00000000e6000000, 0x00000000e6000000, 0x00000000e7000000|  0%| F|  |TAMS 0x00000000e6000000| PB 0x00000000e6000000| Untracked |  0
|  71|0x00000000e7000000, 0x00000000e7000000, 0x00000000e8000000|  0%| F|  |TAMS 0x00000000e7000000| PB 0x00000000e7000000| Untracked |  0
|  72|0x00000000e8000000, 0x00000000e8000000, 0x00000000e9000000|  0%| F|  |TAMS 0x00000000e8000000| PB 0x00000000e8000000| Untracked |  0
|  73|0x00000000e9000000, 0x00000000e9000000, 0x00000000ea000000|  0%| F|  |TAMS 0x00000000e9000000| PB 0x00000000e9000000| Untracked |  0
|  74|0x00000000ea000000, 0x00000000ea000000, 0x00000000eb000000|  0%| F|  |TAMS 0x00000000ea000000| PB 0x00000000ea000000| Untracked |  0
|  75|0x00000000eb000000, 0x00000000eb000000, 0x00000000ec000000|  0%| F|  |TAMS 0x00000000eb000000| PB 0x00000000eb000000| Untracked |  0
|  76|0x00000000ec000000, 0x00000000ec000000, 0x00000000ed000000|  0%| F|  |TAMS 0x00000000ec000000| PB 0x00000000ec000000| Untracked |  0
|  77|0x00000000ed000000, 0x00000000ed000000, 0x00000000ee000000|  0%| F|  |TAMS 0x00000000ed000000| PB 0x00000000ed000000| Untracked |  0
|  78|0x00000000ee000000, 0x00000000ee000000, 0x00000000ef000000|  0%| F|  |TAMS 0x00000000ee000000| PB 0x00000000ee000000| Untracked |  0
|  79|0x00000000ef000000, 0x00000000ef000000, 0x00000000f0000000|  0%| F|  |TAMS 0x00000000ef000000| PB 0x00000000ef000000| Untracked |  0
|  80|0x00000000f0000000, 0x00000000f0000000, 0x00000000f1000000|  0%| F|  |TAMS 0x00000000f0000000| PB 0x00000000f0000000| Untracked |  0
|  81|0x00000000f1000000, 0x00000000f1000000, 0x00000000f2000000|  0%| F|  |TAMS 0x00000000f1000000| PB 0x00000000f1000000| Untracked |  0
|  82|0x00000000f2000000, 0x00000000f2000000, 0x00000000f3000000|  0%| F|  |TAMS 0x00000000f2000000| PB 0x00000000f2000000| Untracked |  0
|  83|0x00000000f3000000, 0x00000000f3000000, 0x00000000f4000000|  0%| F|  |TAMS 0x00000000f3000000| PB 0x00000000f3000000| Untracked |  0
|  84|0x00000000f4000000, 0x00000000f4000000, 0x00000000f5000000|  0%| F|  |TAMS 0x00000000f4000000| PB 0x00000000f4000000| Untracked |  0
|  85|0x00000000f5000000, 0x00000000f5000000, 0x00000000f6000000|  0%| F|  |TAMS 0x00000000f5000000| PB 0x00000000f5000000| Untracked |  0
|  86|0x00000000f6000000, 0x00000000f6000000, 0x00000000f7000000|  0%| F|  |TAMS 0x00000000f6000000| PB 0x00000000f6000000| Untracked |  0
|  87|0x00000000f7000000, 0x00000000f7000000, 0x00000000f8000000|  0%| F|  |TAMS 0x00000000f7000000| PB 0x00000000f7000000| Untracked |  0
|  88|0x00000000f8000000, 0x00000000f8000000, 0x00000000f9000000|  0%| F|  |TAMS 0x00000000f8000000| PB 0x00000000f8000000| Untracked |  0
|  89|0x00000000f9000000, 0x00000000f9000000, 0x00000000fa000000|  0%| F|  |TAMS 0x00000000f9000000| PB 0x00000000f9000000| Untracked |  0
|  90|0x00000000fa000000, 0x00000000fa000000, 0x00000000fb000000|  0%| F|  |TAMS 0x00000000fa000000| PB 0x00000000fa000000| Untracked |  0
|  91|0x00000000fb000000, 0x00000000fb000000, 0x00000000fc000000|  0%| F|  |TAMS 0x00000000fb000000| PB 0x00000000fb000000| Untracked |  0
|  92|0x00000000fc000000, 0x00000000fc000000, 0x00000000fd000000|  0%| F|  |TAMS 0x00000000fc000000| PB 0x00000000fc000000| Untracked |  0
|  93|0x00000000fd000000, 0x00000000fd000000, 0x00000000fe000000|  0%| F|  |TAMS 0x00000000fd000000| PB 0x00000000fd000000| Untracked |  0
|  94|0x00000000fe000000, 0x00000000fe000000, 0x00000000ff000000|  0%| F|  |TAMS 0x00000000fe000000| PB 0x00000000fe000000| Untracked |  0
|  95|0x00000000ff000000, 0x00000000ff000000, 0x0000000100000000|  0%| F|  |TAMS 0x00000000ff000000| PB 0x00000000ff000000| Untracked |  0
|  96|0x0000000100000000, 0x0000000100000000, 0x0000000101000000|  0%| F|  |TAMS 0x0000000100000000| PB 0x0000000100000000| Untracked |  0
|  97|0x0000000101000000, 0x0000000101000000, 0x0000000102000000|  0%| F|  |TAMS 0x0000000101000000| PB 0x0000000101000000| Untracked |  0
|  98|0x0000000102000000, 0x0000000102000000, 0x0000000103000000|  0%| F|  |TAMS 0x0000000102000000| PB 0x0000000102000000| Untracked |  0
|  99|0x0000000103000000, 0x0000000103000000, 0x0000000104000000|  0%| F|  |TAMS 0x0000000103000000| PB 0x0000000103000000| Untracked |  0
| 100|0x0000000104000000, 0x0000000104000000, 0x0000000105000000|  0%| F|  |TAMS 0x0000000104000000| PB 0x0000000104000000| Untracked |  0
| 101|0x0000000105000000, 0x0000000105000000, 0x0000000106000000|  0%| F|  |TAMS 0x0000000105000000| PB 0x0000000105000000| Untracked |  0
| 102|0x0000000106000000, 0x0000000106000000, 0x0000000107000000|  0%| F|  |TAMS 0x0000000106000000| PB 0x0000000106000000| Untracked |  0
| 103|0x0000000107000000, 0x0000000107000000, 0x0000000108000000|  0%| F|  |TAMS 0x0000000107000000| PB 0x0000000107000000| Untracked |  0
| 104|0x0000000108000000, 0x0000000108000000, 0x0000000109000000|  0%| F|  |TAMS 0x0000000108000000| PB 0x0000000108000000| Untracked |  0
| 105|0x0000000109000000, 0x0000000109000000, 0x000000010a000000|  0%| F|  |TAMS 0x0000000109000000| PB 0x0000000109000000| Untracked |  0
| 106|0x000000010a000000, 0x000000010a000000, 0x000000010b000000|  0%| F|  |TAMS 0x000000010a000000| PB 0x000000010a000000| Untracked |  0
| 107|0x000000010b000000, 0x000000010b000000, 0x000000010c000000|  0%| F|  |TAMS 0x000000010b000000| PB 0x000000010b000000| Untracked |  0
| 108|0x000000010c000000, 0x000000010c000000, 0x000000010d000000|  0%| F|  |TAMS 0x000000010c000000| PB 0x000000010c000000| Untracked |  0
| 109|0x000000010d000000, 0x000000010d000000, 0x000000010e000000|  0%| F|  |TAMS 0x000000010d000000| PB 0x000000010d000000| Untracked |  0
| 110|0x000000010e000000, 0x000000010e000000, 0x000000010f000000|  0%| F|  |TAMS 0x000000010e000000| PB 0x000000010e000000| Untracked |  0
| 111|0x000000010f000000, 0x000000010f000000, 0x0000000110000000|  0%| F|  |TAMS 0x000000010f000000| PB 0x000000010f000000| Untracked |  0
| 112|0x0000000110000000, 0x0000000110000000, 0x0000000111000000|  0%| F|  |TAMS 0x0000000110000000| PB 0x0000000110000000| Untracked |  0
| 113|0x0000000111000000, 0x0000000111000000, 0x0000000112000000|  0%| F|  |TAMS 0x0000000111000000| PB 0x0000000111000000| Untracked |  0
| 114|0x0000000112000000, 0x0000000112000000, 0x0000000113000000|  0%| F|  |TAMS 0x0000000112000000| PB 0x0000000112000000| Untracked |  0
| 115|0x0000000113000000, 0x0000000113000000, 0x0000000114000000|  0%| F|  |TAMS 0x0000000113000000| PB 0x0000000113000000| Untracked |  0
| 116|0x0000000114000000, 0x0000000114000000, 0x0000000115000000|  0%| F|  |TAMS 0x0000000114000000| PB 0x0000000114000000| Untracked |  0
| 117|0x0000000115000000, 0x0000000115000000, 0x0000000116000000|  0%| F|  |TAMS 0x0000000115000000| PB 0x0000000115000000| Untracked |  0
| 118|0x0000000116000000, 0x0000000116000000, 0x0000000117000000|  0%| F|  |TAMS 0x0000000116000000| PB 0x0000000116000000| Untracked |  0
| 119|0x0000000117000000, 0x0000000117000000, 0x0000000118000000|  0%| F|  |TAMS 0x0000000117000000| PB 0x0000000117000000| Untracked |  0
| 120|0x0000000118000000, 0x0000000118000000, 0x0000000119000000|  0%| F|  |TAMS 0x0000000118000000| PB 0x0000000118000000| Untracked |  0
| 121|0x0000000119000000, 0x0000000119000000, 0x000000011a000000|  0%| F|  |TAMS 0x0000000119000000| PB 0x0000000119000000| Untracked |  0
| 122|0x000000011a000000, 0x000000011a000000, 0x000000011b000000|  0%| F|  |TAMS 0x000000011a000000| PB 0x000000011a000000| Untracked |  0
| 123|0x000000011b000000, 0x000000011b000000, 0x000000011c000000|  0%| F|  |TAMS 0x000000011b000000| PB 0x000000011b000000| Untracked |  0
| 124|0x000000011c000000, 0x000000011c000000, 0x000000011d000000|  0%| F|  |TAMS 0x000000011c000000| PB 0x000000011c000000| Untracked |  0
| 125|0x000000011d000000, 0x000000011d000000, 0x000000011e000000|  0%| F|  |TAMS 0x000000011d000000| PB 0x000000011d000000| Untracked |  0
| 126|0x000000011e000000, 0x000000011e000000, 0x000000011f000000|  0%| F|  |TAMS 0x000000011e000000| PB 0x000000011e000000| Untracked |  0
| 127|0x000000011f000000, 0x000000011fd70ae8, 0x0000000120000000| 84%| E|  |TAMS 0x000000011f000000| PB 0x000000011f000000| Complete |  0
|1887|0x00000007ff000000, 0x00000007ff120cc0, 0x0000000800000000|  7%| O|  |TAMS 0x00000007ff000000| PB 0x00000007ff000000| Untracked |  0

Card table byte_map: [0x00007ffafc638000,0x00007ffb00138000] _byte_map_base: 0x00007ffafc138000

Marking Bits: (CMBitMap*) 0x00007ffb1406cc70
 Bits: [0x00007ffadee38000, 0x00007ffafc638000)

Polling page: 0x00007ffb1b1a1000

Metaspace:

Usage:
  Non-class:      1.85 MB used.
      Class:     84.45 KB used.
       Both:      1.93 MB used.

Virtual space:
  Non-class space:       64.00 MB reserved,       1.88 MB (  3%) committed,  1 nodes.
      Class space:        1.00 GB reserved,     192.00 KB ( <1%) committed,  1 nodes.
             Both:        1.06 GB reserved,       2.06 MB ( <1%) committed. 

Chunk freelists:
   Non-Class:  11.94 MB
       Class:  15.75 MB
        Both:  27.69 MB

MaxMetaspaceSize: unlimited
CompressedClassSpaceSize: 1.00 GB
Initial GC threshold: 21.00 MB
Current GC threshold: 21.00 MB
CDS: on
 - commit_granule_bytes: 65536.
 - commit_granule_words: 8192.
 - virtual_space_node_default_size: 8388608.
 - enlarge_chunks_in_place: 1.


Internal statistics:

num_allocs: 17358.
num_deallocs: 13.
num_allocs_from_deallocated_blocks: 31.
num_chunks_retired: 8.
num_allocs_failed_limit: 0.
num_arena_births: 52.
num_arena_deaths: 0.
num_vsnodes_births: 2.
num_vsnodes_deaths: 0.
num_space_committed: 33.
num_space_uncommitted: 0.
num_chunks_returned_to_freelist: 0.
num_chunks_taken_from_freelist: 38.
num_chunk_merges: 0.
num_chunk_splits: 29.
num_chunks_enlarged: 42.
num_inconsistent_stats: 0.

CodeCache: size=49152Kb used=1518Kb max_used=1533Kb free=47633Kb
 bounds [0x00007ffb0856d000, 0x00007ffb087dd000, 0x00007ffb0b56d000]
 total_blobs=957, nmethods=235, adapters=673, full_count=0
Compilation: enabled, stopped_count=0, restarted_count=0

Compilation events (20 events):
Event: 2.671 Thread 0x00007ffb1436bdd0 nmethod 226 0x00007ffb086e8a08 code [0x00007ffb086e8b40, 0x00007ffb086e8d78]
Event: 2.672 Thread 0x00007ffb1436bdd0  227    b        jdk.incubator.vector.ShortVector$ShortSpecies::broadcast (9 bytes)
Event: 2.677 Thread 0x00007ffb1436bdd0 nmethod 227 0x00007ffb086e8708 code [0x00007ffb086e8840, 0x00007ffb086e8990]
Event: 2.677 Thread 0x00007ffb1436bdd0  228    b        jdk.incubator.vector.ShortVector$ShortSpecies::broadcastBits (26 bytes)
Event: 2.681 Thread 0x00007ffb1436bdd0 nmethod 228 0x00007ffb086e8408 code [0x00007ffb086e8540, 0x00007ffb086e8698]
Event: 2.682 Thread 0x00007ffb1436bdd0  229    b        jdk.incubator.vector.Short256Vector::lanewise (7 bytes)
Event: 2.701 Thread 0x00007ffb1436bdd0 nmethod 229 0x00007ffb086e7d08 code [0x00007ffb086e7ea0, 0x00007ffb086e82c0]
Event: 2.702 Thread 0x00007ffb1436bdd0  230    b        jdk.incubator.vector.Short256Vector::lanewise (10 bytes)
Event: 2.722 Thread 0x00007ffb1436bdd0 nmethod 230 0x00007ffb086e7608 code [0x00007ffb086e77a0, 0x00007ffb086e7bc0]
Event: 2.722 Thread 0x00007ffb1436bdd0  231    b        jdk.incubator.vector.ShortVector::lanewiseTemplate (162 bytes)
Event: 2.744 Thread 0x00007ffb1436bdd0 nmethod 231 0x00007ffb086e6c08 code [0x00007ffb086e6dc0, 0x00007ffb086e7250]
Event: 2.744 Thread 0x00007ffb1436bdd0  232    b        jdk.incubator.vector.ShortVector::intoArray (48 bytes)
Event: 2.752 Thread 0x00007ffb1436bdd0 nmethod 232 0x00007ffb086eab88 code [0x00007ffb086eacc0, 0x00007ffb086eae40]
Event: 2.752 Thread 0x00007ffb1436bdd0  233    b        jdk.internal.vm.vector.VectorSupport::store (38 bytes)
Event: 2.793 Thread 0x00007ffb1436bdd0 nmethod 233 0x00007ffb086ec488 code [0x00007ffb086ec620, 0x00007ffb086eca88]
Event: 2.794 Thread 0x00007ffb1436bdd0  234    b        jdk.incubator.vector.ShortVector$$Lambda/0x00007ffa7b0546e8::store (14 bytes)
Event: 2.832 Thread 0x00007ffb1436bdd0 nmethod 234 0x00007ffb086ebe08 code [0x00007ffb086ebfa0, 0x00007ffb086ec3b0]
Event: 2.832 Thread 0x00007ffb1436bdd0  235    b        jdk.incubator.vector.ShortVector::lambda$intoArray$0 (13 bytes)
Event: 2.869 Thread 0x00007ffb1436bdd0 nmethod 235 0x00007ffb086eb888 code [0x00007ffb086eba00, 0x00007ffb086ebd88]
Event: 2.875 Thread 0x00007ffb1436bdd0  236 %  b        test_rotate_short::micro1 @ 2 (61 bytes)

GC Heap History (0 events):
No events

Dll operation events (3 events):
Event: 0.002 Loaded shared library /home/jatinbha/sandboxes/jdk/jdk/build/linux-x86_64-server-slowdebug/images/jdk/lib/libjava.so
Event: 0.328 Loaded shared library /home/jatinbha/sandboxes/jdk/jdk/build/linux-x86_64-server-slowdebug/images/jdk/lib/libsimdsort.so
Event: 0.328 Loaded shared library /home/jatinbha/sandboxes/jdk/jdk/build/linux-x86_64-server-slowdebug/images/jdk/lib/libjsvml.so

Deoptimization events (20 events):
Event: 0.716 Thread 0x00007ffb1402bfb0 Uncommon trap: trap_request=0xffffffc6 fr.pc=0x00007ffb0869f234 relative=0x00000000000001b4
Event: 0.716 Thread 0x00007ffb1402bfb0 Uncommon trap: reason=bimorphic_or_optimized_type_check action=maybe_recompile pc=0x00007ffb0869f234 method=java.util.HashMap.hash(Ljava/lang/Object;)I @ 9 c2
Event: 0.716 Thread 0x00007ffb1402bfb0 DEOPT PACKING pc=0x00007ffb0869f234 sp=0x00007ffb182ff130
Event: 0.717 Thread 0x00007ffb1402bfb0 DEOPT UNPACKING pc=0x00007ffb0868acd4 sp=0x00007ffb182ff0e8 mode 2
Event: 0.717 Thread 0x00007ffb1402bfb0 Uncommon trap: trap_request=0xffffffc6 fr.pc=0x00007ffb0869f234 relative=0x00000000000001b4
Event: 0.717 Thread 0x00007ffb1402bfb0 Uncommon trap: reason=bimorphic_or_optimized_type_check action=maybe_recompile pc=0x00007ffb0869f234 method=java.util.HashMap.hash(Ljava/lang/Object;)I @ 9 c2
Event: 0.717 Thread 0x00007ffb1402bfb0 DEOPT PACKING pc=0x00007ffb0869f234 sp=0x00007ffb182ff130
Event: 0.717 Thread 0x00007ffb1402bfb0 DEOPT UNPACKING pc=0x00007ffb0868acd4 sp=0x00007ffb182ff0e8 mode 2
Event: 0.717 Thread 0x00007ffb1402bfb0 Uncommon trap: trap_request=0xffffff4d fr.pc=0x00007ffb0869e5d0 relative=0x0000000000000850
Event: 0.717 Thread 0x00007ffb1402bfb0 Uncommon trap: reason=unstable_if action=reinterpret pc=0x00007ffb0869e5d0 method=java.util.HashMap.putVal(ILjava/lang/Object;Ljava/lang/Object;ZZ)Ljava/lang/Object; @ 69 c2
Event: 0.717 Thread 0x00007ffb1402bfb0 DEOPT PACKING pc=0x00007ffb0869e5d0 sp=0x00007ffb182ff0c0
Event: 0.717 Thread 0x00007ffb1402bfb0 DEOPT UNPACKING pc=0x00007ffb0868acd4 sp=0x00007ffb182ff090 mode 2
Event: 0.717 Thread 0x00007ffb1402bfb0 Uncommon trap: trap_request=0xffffffc6 fr.pc=0x00007ffb0869f234 relative=0x00000000000001b4
Event: 0.717 Thread 0x00007ffb1402bfb0 Uncommon trap: reason=bimorphic_or_optimized_type_check action=maybe_recompile pc=0x00007ffb0869f234 method=java.util.HashMap.hash(Ljava/lang/Object;)I @ 9 c2
Event: 0.717 Thread 0x00007ffb1402bfb0 DEOPT PACKING pc=0x00007ffb0869f234 sp=0x00007ffb182ff130
Event: 0.717 Thread 0x00007ffb1402bfb0 DEOPT UNPACKING pc=0x00007ffb0868acd4 sp=0x00007ffb182ff0e8 mode 2
Event: 0.717 Thread 0x00007ffb1402bfb0 Uncommon trap: trap_request=0xffffffc6 fr.pc=0x00007ffb0869f234 relative=0x00000000000001b4
Event: 0.717 Thread 0x00007ffb1402bfb0 Uncommon trap: reason=bimorphic_or_optimized_type_check action=maybe_recompile pc=0x00007ffb0869f234 method=java.util.HashMap.hash(Ljava/lang/Object;)I @ 9 c2
Event: 0.717 Thread 0x00007ffb1402bfb0 DEOPT PACKING pc=0x00007ffb0869f234 sp=0x00007ffb182ff130
Event: 0.717 Thread 0x00007ffb1402bfb0 DEOPT UNPACKING pc=0x00007ffb0868acd4 sp=0x00007ffb182ff0e8 mode 2

Classes loaded (20 events):
Event: 1.200 Loading class jdk/incubator/vector/VectorOperators$ComparisonImpl
Event: 1.200 Loading class jdk/incubator/vector/VectorOperators$Comparison
Event: 1.200 Loading class jdk/incubator/vector/VectorOperators$Comparison done
Event: 1.200 Loading class jdk/incubator/vector/VectorOperators$ComparisonImpl done
Event: 1.244 Loading class jdk/incubator/vector/VectorOperators$ConversionImpl
Event: 1.244 Loading class jdk/incubator/vector/VectorOperators$Conversion
Event: 1.245 Loading class jdk/incubator/vector/VectorOperators$Conversion done
Event: 1.245 Loading class jdk/incubator/vector/VectorOperators$ConversionImpl done
Event: 1.267 Loading class java/lang/invoke/DirectMethodHandle$StaticAccessor
Event: 1.267 Loading class java/lang/invoke/DirectMethodHandle$StaticAccessor done
Event: 1.292 Loading class jdk/incubator/vector/AbstractSpecies$RVOp
Event: 1.292 Loading class jdk/incubator/vector/AbstractSpecies$RVOp done
Event: 1.308 Loading class jdk/internal/vm/vector/VectorSupport$BinaryOperation
Event: 1.308 Loading class jdk/internal/vm/vector/VectorSupport$BinaryOperation done
Event: 1.315 Loading class jdk/incubator/vector/ShortVector$FBinOp
Event: 1.315 Loading class jdk/incubator/vector/ShortVector$FBinOp done
Event: 1.347 Loading class jdk/internal/vm/vector/VectorSupport$StoreVectorOperation
Event: 1.347 Loading class jdk/internal/vm/vector/VectorSupport$StoreVectorOperation done
Event: 1.355 Loading class jdk/incubator/vector/ShortVector$FStOp
Event: 1.355 Loading class jdk/incubator/vector/ShortVector$FStOp done

Classes unloaded (0 events):
No events

Classes redefined (0 events):
No events

Internal exceptions (11 events):
Event: 0.840 Thread 0x00007ffb1402bfb0 Exception <a 'java/lang/NoSuchMethodError'{0x000000011f12e238}: 'int java.lang.invoke.DirectMethodHandle$Holder.invokeStaticInit(java.lang.Object, int)'> (0x000000011f12e238) 
thrown [/home/jatinbha/sandboxes/jdk/jdk/src/hotspot/share/interpreter/linkResolver.cpp, line 801]
Event: 0.846 Thread 0x00007ffb1402bfb0 Exception <a 'java/lang/NoSuchMethodError'{0x000000011f136ca8}: 'long java.lang.invoke.DirectMethodHandle$Holder.invokeStatic(java.lang.Object, java.lang.Object)'> (0x000000011f136ca8) 
thrown [/home/jatinbha/sandboxes/jdk/jdk/src/hotspot/share/interpreter/linkResolver.cpp, line 801]
Event: 0.851 Thread 0x00007ffb1402bfb0 Exception <a 'java/lang/NoSuchMethodError'{0x000000011f13ef20}: 'long java.lang.invoke.DirectMethodHandle$Holder.invokeStaticInit(java.lang.Object, java.lang.Object)'> (0x000000011f13ef20) 
thrown [/home/jatinbha/sandboxes/jdk/jdk/src/hotspot/share/interpreter/linkResolver.cpp, line 801]
Event: 0.857 Thread 0x00007ffb1402bfb0 Exception <a 'java/lang/NoSuchMethodError'{0x000000011f147800}: 'java.lang.Object java.lang.invoke.DirectMethodHandle$Holder.invokeStatic(java.lang.Object, long, java.lang.Object)'> (0x000000011f147800) 
thrown [/home/jatinbha/sandboxes/jdk/jdk/src/hotspot/share/interpreter/linkResolver.cpp, line 801]
Event: 0.862 Thread 0x00007ffb1402bfb0 Exception <a 'java/lang/NoSuchMethodError'{0x000000011f14fb70}: 'java.lang.Object java.lang.invoke.DirectMethodHandle$Holder.invokeStaticInit(java.lang.Object, long, java.lang.Object)'> (0x000000011f14fb70) 
thrown [/home/jatinbha/sandboxes/jdk/jdk/src/hotspot/share/interpreter/linkResolver.cpp, line 801]
Event: 0.866 Thread 0x00007ffb1402bfb0 Exception <a 'java/lang/NoSuchMethodError'{0x000000011f158200}: 'java.lang.Object java.lang.invoke.DirectMethodHandle$Holder.invokeStatic(java.lang.Object, long)'> (0x000000011f158200) 
thrown [/home/jatinbha/sandboxes/jdk/jdk/src/hotspot/share/interpreter/linkResolver.cpp, line 801]
Event: 0.871 Thread 0x00007ffb1402bfb0 Exception <a 'java/lang/NoSuchMethodError'{0x000000011f160478}: 'java.lang.Object java.lang.invoke.DirectMethodHandle$Holder.invokeStaticInit(java.lang.Object, long)'> (0x000000011f160478) 
thrown [/home/jatinbha/sandboxes/jdk/jdk/src/hotspot/share/interpreter/linkResolver.cpp, line 801]
Event: 1.035 Thread 0x00007ffb1402bfb0 Exception <a 'java/lang/NoSuchMethodError'{0x000000011f1c7a58}: 'java.lang.Object java.lang.invoke.DirectMethodHandle$Holder.newInvokeSpecial(java.lang.Object, java.lang.Object, long)'> (0x000000011f1c7a58) 
thrown [/home/jatinbha/sandboxes/jdk/jdk/src/hotspot/share/interpreter/linkResolver.cpp, line 801]
Event: 1.042 Thread 0x00007ffb1402bfb0 Exception <a 'java/lang/NoSuchMethodError'{0x000000011f1d07e0}: 'java.lang.Object java.lang.invoke.Invokers$Holder.linkToTargetMethod(java.lang.Object, long, java.lang.Object)'> (0x000000011f1d07e0) 
thrown [/home/jatinbha/sandboxes/jdk/jdk/src/hotspot/share/interpreter/linkResolver.cpp, line 801]
Event: 1.142 Thread 0x00007ffb1402bfb0 Exception <a 'java/lang/NoSuchMethodError'{0x000000011f5de910}: 'void java.lang.invoke.DirectMethodHandle$Holder.invokeStatic(java.lang.Object, java.lang.Object, int)'> (0x000000011f5de910) 
thrown [/home/jatinbha/sandboxes/jdk/jdk/src/hotspot/share/interpreter/linkResolver.cpp, line 801]
Event: 1.299 Thread 0x00007ffb1402bfb0 Exception <a 'java/lang/NoSuchMethodError'{0x000000011f65e620}: 'java.lang.Object java.lang.invoke.DirectMethodHandle$Holder.newInvokeSpecial(java.lang.Object, long)'> (0x000000011f65e620) 
thrown [/home/jatinbha/sandboxes/jdk/jdk/src/hotspot/share/interpreter/linkResolver.cpp, line 801]

VM Operations (0 events):
No events

Memory protections (9 events):
Event: 0.002 Protecting memory [0x00007ffb18200000,0x00007ffb18204000] with protection modes 0
Event: 0.312 Protecting memory [0x00007ffacb1c7000,0x00007ffacb1cb000] with protection modes 0
Event: 0.313 Protecting memory [0x00007ffacb0c6000,0x00007ffacb0ca000] with protection modes 0
Event: 0.314 Protecting memory [0x00007ffacafc5000,0x00007ffacafc9000] with protection modes 0
Event: 0.314 Protecting memory [0x00007ffacaec4000,0x00007ffacaec8000] with protection modes 0
Event: 0.315 Protecting memory [0x00007ffacadc3000,0x00007ffacadc7000] with protection modes 0
Event: 0.315 Protecting memory [0x00007ffacacc2000,0x00007ffacacc6000] with protection modes 0
Event: 0.536 Protecting memory [0x00007ffacaa56000,0x00007ffacaa5a000] with protection modes 0
Event: 0.779 Protecting memory [0x00007ffaca955000,0x00007ffaca959000] with protection modes 0

Nmethod flushes (0 events):
No events

Events (9 events):
Event: 0.138 Thread 0x00007ffb1402bfb0 Thread added: 0x00007ffb1402bfb0
Event: 0.312 Thread 0x00007ffb1402bfb0 Thread added: 0x00007ffb14353f80
Event: 0.313 Thread 0x00007ffb1402bfb0 Thread added: 0x00007ffb14355860
Event: 0.314 Thread 0x00007ffb1402bfb0 Thread added: 0x00007ffb14357580
Event: 0.314 Thread 0x00007ffb1402bfb0 Thread added: 0x00007ffb14358f50
Event: 0.315 Thread 0x00007ffb1402bfb0 Thread added: 0x00007ffb1435a7e0
Event: 0.315 Thread 0x00007ffb1402bfb0 Thread added: 0x00007ffb1436bdd0
Event: 0.536 Thread 0x00007ffb1402bfb0 Thread added: 0x00007ffb143af300
Event: 0.779 Thread 0x00007ffb1402bfb0 Thread added: 0x00007ffb143fbd90


Dynamic libraries:
a0000000-120000000 rw-p 00000000 00:00 0 
120000000-7ff000000 ---p 00000000 00:00 0 
7ff000000-7ff121000 rw-p 00ec6000 08:02 25171015                         /home/jatinbha/sandboxes/jdk/jdk/build/linux-x86_64-server-slowdebug/images/jdk/lib/server/classes.jsa
7ff121000-800000000 rw-p 00000000 00:00 0 
559ee1309000-559ee130a000 r--p 00000000 08:02 25037107                   /home/jatinbha/sandboxes/jdk/jdk/build/linux-x86_64-server-slowdebug/images/jdk/bin/java
559ee130a000-559ee130b000 r-xp 00001000 08:02 25037107                   /home/jatinbha/sandboxes/jdk/jdk/build/linux-x86_64-server-slowdebug/images/jdk/bin/java
559ee130b000-559ee130c000 r--p 00002000 08:02 25037107                   /home/jatinbha/sandboxes/jdk/jdk/build/linux-x86_64-server-slowdebug/images/jdk/bin/java
559ee130c000-559ee130d000 r--p 00002000 08:02 25037107                   /home/jatinbha/sandboxes/jdk/jdk/build/linux-x86_64-server-slowdebug/images/jdk/bin/java
559ee130d000-559ee130e000 rw-p 00003000 08:02 25037107                   /home/jatinbha/sandboxes/jdk/jdk/build/linux-x86_64-server-slowdebug/images/jdk/bin/java
559ee2953000-559ee2999000 rw-p 00000000 00:00 0                          [heap]
7ffa50000000-7ffa50021000 rw-p 00000000 00:00 0 
7ffa50021000-7ffa54000000 ---p 00000000 00:00 0 
7ffa54000000-7ffa54021000 rw-p 00000000 00:00 0 
7ffa54021000-7ffa58000000 ---p 00000000 00:00 0 
7ffa58000000-7ffa58021000 rw-p 00000000 00:00 0 
7ffa58021000-7ffa5c000000 ---p 00000000 00:00 0 
7ffa5c000000-7ffa5c665000 rw-p 00000000 00:00 0 
7ffa5c665000-7ffa60000000 ---p 00000000 00:00 0 
7ffa60000000-7ffa60021000 rw-p 00000000 00:00 0 
7ffa60021000-7ffa64000000 ---p 00000000 00:00 0 
7ffa64000000-7ffa64021000 rw-p 00000000 00:00 0 
7ffa64021000-7ffa68000000 ---p 00000000 00:00 0 
7ffa68000000-7ffa68021000 rw-p 00000000 00:00 0 
7ffa68021000-7ffa6c000000 ---p 00000000 00:00 0 
7ffa6c000000-7ffa6c021000 rw-p 00000000 00:00 0 
7ffa6c021000-7ffa70000000 ---p 00000000 00:00 0 
7ffa70000000-7ffa70021000 rw-p 00000000 00:00 0 
7ffa70021000-7ffa74000000 ---p 00000000 00:00 0 
7ffa76000000-7ffa761d0000 rw-p 00000000 00:00 0 
7ffa761d0000-7ffa76400000 ---p 00000000 00:00 0 
7ffa76400000-7ffa76410000 rw-p 00000000 00:00 0 
7ffa76410000-7ffa7a000000 ---p 00000000 00:00 0 
7ffa7a000000-7ffa7ae8e000 rw-p 00001000 08:02 25171015                   /home/jatinbha/sandboxes/jdk/jdk/build/linux-x86_64-server-slowdebug/images/jdk/lib/server/classes.jsa
7ffa7ae8e000-7ffa7b000000 ---p 00000000 00:00 0 
7ffa7b000000-7ffa7b010000 rw-p 00000000 00:00 0 
7ffa7b010000-7ffa7b040000 ---p 00000000 00:00 0 
7ffa7b040000-7ffa7b060000 rw-p 00000000 00:00 0 
7ffa7b060000-7ffabb000000 ---p 00000000 00:00 0 
7ffabb887000-7ffabc000000 rw-p 00000000 00:00 0 
7ffabc000000-7ffabc021000 rw-p 00000000 00:00 0 
7ffabc021000-7ffac0000000 ---p 00000000 00:00 0 
7ffac0000000-7ffac0021000 rw-p 00000000 00:00 0 
7ffac0021000-7ffac4000000 ---p 00000000 00:00 0 
7ffac4000000-7ffac4021000 rw-p 00000000 00:00 0 
7ffac4021000-7ffac8000000 ---p 00000000 00:00 0 
7ffac8305000-7ffaca955000 rw-p 00000000 00:00 0 
7ffaca955000-7ffaca959000 ---p 00000000 00:00 0 
7ffaca959000-7ffacaa56000 rw-p 00000000 00:00 0 
7ffacaa56000-7ffacaa5a000 ---p 00000000 00:00 0 
7ffacaa5a000-7ffacab57000 rw-p 00000000 00:00 0 
7ffacab57000-7ffacab5b000 r--p 00000000 08:02 24760701                   /home/jatinbha/sandboxes/jdk/jdk/build/linux-x86_64-server-slowdebug/images/jdk/lib/libjsvml.so
7ffacab5b000-7ffacab9c000 r-xp 00004000 08:02 24760701                   /home/jatinbha/sandboxes/jdk/jdk/build/linux-x86_64-server-slowdebug/images/jdk/lib/libjsvml.so
7ffacab9c000-7ffacac25000 r--p 00045000 08:02 24760701                   /home/jatinbha/sandboxes/jdk/jdk/build/linux-x86_64-server-slowdebug/images/jdk/lib/libjsvml.so
7ffacac25000-7ffacac26000 r--p 000cd000 08:02 24760701                   /home/jatinbha/sandboxes/jdk/jdk/build/linux-x86_64-server-slowdebug/images/jdk/lib/libjsvml.so
7ffacac26000-7ffacac27000 rw-p 000ce000 08:02 24760701                   /home/jatinbha/sandboxes/jdk/jdk/build/linux-x86_64-server-slowdebug/images/jdk/lib/libjsvml.so
7ffacac27000-7ffacac2a000 r--p 00000000 08:02 24760672                   /home/jatinbha/sandboxes/jdk/jdk/build/linux-x86_64-server-slowdebug/images/jdk/lib/libsimdsort.so
7ffacac2a000-7ffacacaf000 r-xp 00003000 08:02 24760672                   /home/jatinbha/sandboxes/jdk/jdk/build/linux-x86_64-server-slowdebug/images/jdk/lib/libsimdsort.so
7ffacacaf000-7ffacacc0000 r--p 00088000 08:02 24760672                   /home/jatinbha/sandboxes/jdk/jdk/build/linux-x86_64-server-slowdebug/images/jdk/lib/libsimdsort.so
7ffacacc0000-7ffacacc1000 r--p 00098000 08:02 24760672                   /home/jatinbha/sandboxes/jdk/jdk/build/linux-x86_64-server-slowdebug/images/jdk/lib/libsimdsort.so
7ffacacc1000-7ffacacc2000 rw-p 00099000 08:02 24760672                   /home/jatinbha/sandboxes/jdk/jdk/build/linux-x86_64-server-slowdebug/images/jdk/lib/libsimdsort.so
7ffacacc2000-7ffacacc6000 ---p 00000000 00:00 0 
7ffacacc6000-7ffacadc3000 rw-p 00000000 00:00 0 
7ffacadc3000-7ffacadc7000 ---p 00000000 00:00 0 
7ffacadc7000-7ffacaec4000 rw-p 00000000 00:00 0 
7ffacaec4000-7ffacaec8000 ---p 00000000 00:00 0 
7ffacaec8000-7ffacafc5000 rw-p 00000000 00:00 0 
7ffacafc5000-7ffacafc9000 ---p 00000000 00:00 0 
7ffacafc9000-7ffacb0c6000 rw-p 00000000 00:00 0 
7ffacb0c6000-7ffacb0ca000 ---p 00000000 00:00 0 
7ffacb0ca000-7ffacb1c7000 rw-p 00000000 00:00 0 
7ffacb1c7000-7ffacb1cb000 ---p 00000000 00:00 0 
7ffacb1cb000-7ffacb2c8000 rw-p 00000000 00:00 0 
7ffacb2c8000-7ffacb838000 r--p 00000000 08:02 7078745                    /usr/lib/locale/locale-archive
7ffacb838000-7ffacb839000 ---p 00000000 00:00 0 
7ffacb839000-7ffacb939000 rw-p 00000000 00:00 0 
7ffacb939000-7ffacb93a000 ---p 00000000 00:00 0 
7ffacb93a000-7ffacbabb000 rw-p 00000000 00:00 0 
7ffacbabb000-7ffacbabc000 ---p 00000000 00:00 0 
7ffacbabc000-7ffacbbbc000 rw-p 00000000 00:00 0 
7ffacbbbc000-7ffacbbbd000 ---p 00000000 00:00 0 
7ffacbbbd000-7ffad0000000 rw-p 00000000 00:00 0 
7ffad0000000-7ffad0021000 rw-p 00000000 00:00 0 
7ffad0021000-7ffad4000000 ---p 00000000 00:00 0 
7ffad4000000-7ffad4021000 rw-p 00000000 00:00 0 
7ffad4021000-7ffad8000000 ---p 00000000 00:00 0 
7ffad8000000-7ffad8021000 rw-p 00000000 00:00 0 
7ffad8021000-7ffadc000000 ---p 00000000 00:00 0 
7ffadc067000-7ffadc06e000 r--s 00000000 08:02 7736501                    /usr/lib/x86_64-linux-gnu/gconv/gconv-modules.cache
7ffadc06e000-7ffade6cf000 rw-p 00000000 00:00 0 
7ffade6cf000-7ffade6d0000 ---p 00000000 00:00 0 
7ffade6d0000-7ffade7d0000 rw-p 00000000 00:00 0 
7ffade7d0000-7ffade7d1000 ---p 00000000 00:00 0 
7ffade7d1000-7ffade8d1000 rw-p 00000000 00:00 0 
7ffade8d1000-7ffade8d2000 ---p 00000000 00:00 0 
7ffade8d2000-7ffae0e38000 rw-p 00000000 00:00 0 
7ffae0e38000-7ffafc5f8000 ---p 00000000 00:00 0 
7ffafc5f8000-7ffafca38000 rw-p 00000000 00:00 0 
7ffafca38000-7ffb00130000 ---p 00000000 00:00 0 
7ffb00130000-7ffb00538000 rw-p 00000000 00:00 0 
7ffb00538000-7ffb03c30000 ---p 00000000 00:00 0 
7ffb03c30000-7ffb0856d000 rw-p 00000000 00:00 0 
7ffb0856d000-7ffb087dd000 rwxp 00000000 00:00 0 
7ffb087dd000-7ffb0b56d000 ---p 00000000 00:00 0 
7ffb0b56d000-7ffb14000000 r--s 00000000 08:02 24697605                   /home/jatinbha/sandboxes/jdk/jdk/build/linux-x86_64-server-slowdebug/images/jdk/lib/modules
7ffb14000000-7ffb14456000 rw-p 00000000 00:00 0 
7ffb14456000-7ffb18000000 ---p 00000000 00:00 0 
7ffb18003000-7ffb1814a000 rw-p 00000000 00:00 0 
7ffb1814a000-7ffb181a5000 ---p 00000000 00:00 0 
7ffb181a5000-7ffb181b1000 r--p 00000000 08:02 24745469                   /home/jatinbha/sandboxes/jdk/jdk/build/linux-x86_64-server-slowdebug/images/jdk/lib/libjava.so
7ffb181b1000-7ffb181c8000 r-xp 0000c000 08:02 24745469                   /home/jatinbha/sandboxes/jdk/jdk/build/linux-x86_64-server-slowdebug/images/jdk/lib/libjava.so
7ffb181c8000-7ffb181ce000 r--p 00023000 08:02 24745469                   /home/jatinbha/sandboxes/jdk/jdk/build/linux-x86_64-server-slowdebug/images/jdk/lib/libjava.so
7ffb181ce000-7ffb181cf000 ---p 00029000 08:02 24745469                   /home/jatinbha/sandboxes/jdk/jdk/build/linux-x86_64-server-slowdebug/images/jdk/lib/libjava.so
7ffb181cf000-7ffb181d0000 r--p 00029000 08:02 24745469                   /home/jatinbha/sandboxes/jdk/jdk/build/linux-x86_64-server-slowdebug/images/jdk/lib/libjava.so
7ffb181d0000-7ffb181d2000 rw-p 0002a000 08:02 24745469                   /home/jatinbha/sandboxes/jdk/jdk/build/linux-x86_64-server-slowdebug/images/jdk/lib/libjava.so
7ffb181d2000-7ffb181da000 rw-s 00000000 08:02 3670094                    /tmp/hsperfdata_intel/2272911
7ffb181da000-7ffb181de000 r--p 00000000 08:02 24745904                   /home/jatinbha/sandboxes/jdk/jdk/build/linux-x86_64-server-slowdebug/images/jdk/lib/libjimage.so
7ffb181de000-7ffb181f5000 r-xp 00004000 08:02 24745904                   /home/jatinbha/sandboxes/jdk/jdk/build/linux-x86_64-server-slowdebug/images/jdk/lib/libjimage.so
7ffb181f5000-7ffb181fc000 r--p 0001b000 08:02 24745904                   /home/jatinbha/sandboxes/jdk/jdk/build/linux-x86_64-server-slowdebug/images/jdk/lib/libjimage.so
7ffb181fc000-7ffb181fd000 ---p 00022000 08:02 24745904                   /home/jatinbha/sandboxes/jdk/jdk/build/linux-x86_64-server-slowdebug/images/jdk/lib/libjimage.so
7ffb181fd000-7ffb181ff000 r--p 00022000 08:02 24745904                   /home/jatinbha/sandboxes/jdk/jdk/build/linux-x86_64-server-slowdebug/images/jdk/lib/libjimage.so
7ffb181ff000-7ffb18200000 rw-p 00024000 08:02 24745904                   /home/jatinbha/sandboxes/jdk/jdk/build/linux-x86_64-server-slowdebug/images/jdk/lib/libjimage.so
7ffb18200000-7ffb18204000 ---p 00000000 00:00 0 
7ffb18204000-7ffb18301000 rw-p 00000000 00:00 0 
7ffb18301000-7ffb18310000 r--p 00000000 08:02 7080075                    /usr/lib/x86_64-linux-gnu/libm-2.31.so
7ffb18310000-7ffb183b7000 r-xp 0000f000 08:02 7080075                    /usr/lib/x86_64-linux-gnu/libm-2.31.so
7ffb183b7000-7ffb1844e000 r--p 000b6000 08:02 7080075                    /usr/lib/x86_64-linux-gnu/libm-2.31.so
7ffb1844e000-7ffb1844f000 r--p 0014c000 08:02 7080075                    /usr/lib/x86_64-linux-gnu/libm-2.31.so
7ffb1844f000-7ffb18450000 rw-p 0014d000 08:02 7080075                    /usr/lib/x86_64-linux-gnu/libm-2.31.so
7ffb18450000-7ffb18453000 r--p 00000000 08:02 7080092                    /usr/lib/x86_64-linux-gnu/librt-2.31.so
7ffb18453000-7ffb18457000 r-xp 00003000 08:02 7080092                    /usr/lib/x86_64-linux-gnu/librt-2.31.so
7ffb18457000-7ffb18458000 r--p 00007000 08:02 7080092                    /usr/lib/x86_64-linux-gnu/librt-2.31.so
7ffb18458000-7ffb18459000 ---p 00008000 08:02 7080092                    /usr/lib/x86_64-linux-gnu/librt-2.31.so
7ffb18459000-7ffb1845a000 r--p 00008000 08:02 7080092                    /usr/lib/x86_64-linux-gnu/librt-2.31.so
7ffb1845a000-7ffb1845b000 rw-p 00009000 08:02 7080092                    /usr/lib/x86_64-linux-gnu/librt-2.31.so
7ffb1845b000-7ffb18852000 r--p 00000000 08:02 25170612                   /home/jatinbha/sandboxes/jdk/jdk/build/linux-x86_64-server-slowdebug/images/jdk/lib/server/libjvm.so
7ffb18852000-7ffb19d39000 r-xp 003f7000 08:02 25170612                   /home/jatinbha/sandboxes/jdk/jdk/build/linux-x86_64-server-slowdebug/images/jdk/lib/server/libjvm.so
7ffb19d39000-7ffb1ad0f000 r--p 018de000 08:02 25170612                   /home/jatinbha/sandboxes/jdk/jdk/build/linux-x86_64-server-slowdebug/images/jdk/lib/server/libjvm.so
7ffb1ad0f000-7ffb1ae16000 r--p 028b3000 08:02 25170612                   /home/jatinbha/sandboxes/jdk/jdk/build/linux-x86_64-server-slowdebug/images/jdk/lib/server/libjvm.so
7ffb1ae16000-7ffb1ae8f000 rw-p 029ba000 08:02 25170612                   /home/jatinbha/sandboxes/jdk/jdk/build/linux-x86_64-server-slowdebug/images/jdk/lib/server/libjvm.so
7ffb1ae8f000-7ffb1af56000 rw-p 00000000 00:00 0 
7ffb1af56000-7ffb1af7b000 r--p 00000000 08:02 7080073                    /usr/lib/x86_64-linux-gnu/libc-2.31.so
7ffb1af7b000-7ffb1b0f3000 r-xp 00025000 08:02 7080073                    /usr/lib/x86_64-linux-gnu/libc-2.31.so
7ffb1b0f3000-7ffb1b13d000 r--p 0019d000 08:02 7080073                    /usr/lib/x86_64-linux-gnu/libc-2.31.so
7ffb1b13d000-7ffb1b13e000 ---p 001e7000 08:02 7080073                    /usr/lib/x86_64-linux-gnu/libc-2.31.so
7ffb1b13e000-7ffb1b141000 r--p 001e7000 08:02 7080073                    /usr/lib/x86_64-linux-gnu/libc-2.31.so
7ffb1b141000-7ffb1b144000 rw-p 001ea000 08:02 7080073                    /usr/lib/x86_64-linux-gnu/libc-2.31.so
7ffb1b144000-7ffb1b148000 rw-p 00000000 00:00 0 
7ffb1b148000-7ffb1b14f000 r--p 00000000 08:02 7080090                    /usr/lib/x86_64-linux-gnu/libpthread-2.31.so
7ffb1b14f000-7ffb1b160000 r-xp 00007000 08:02 7080090                    /usr/lib/x86_64-linux-gnu/libpthread-2.31.so
7ffb1b160000-7ffb1b165000 r--p 00018000 08:02 7080090                    /usr/lib/x86_64-linux-gnu/libpthread-2.31.so
7ffb1b165000-7ffb1b166000 r--p 0001c000 08:02 7080090                    /usr/lib/x86_64-linux-gnu/libpthread-2.31.so
7ffb1b166000-7ffb1b167000 rw-p 0001d000 08:02 7080090                    /usr/lib/x86_64-linux-gnu/libpthread-2.31.so
7ffb1b167000-7ffb1b16b000 rw-p 00000000 00:00 0 
7ffb1b16b000-7ffb1b16c000 r--p 00000000 08:02 7080074                    /usr/lib/x86_64-linux-gnu/libdl-2.31.so
7ffb1b16c000-7ffb1b16e000 r-xp 00001000 08:02 7080074                    /usr/lib/x86_64-linux-gnu/libdl-2.31.so
7ffb1b16e000-7ffb1b16f000 r--p 00003000 08:02 7080074                    /usr/lib/x86_64-linux-gnu/libdl-2.31.so
7ffb1b16f000-7ffb1b170000 r--p 00003000 08:02 7080074                    /usr/lib/x86_64-linux-gnu/libdl-2.31.so
7ffb1b170000-7ffb1b171000 rw-p 00004000 08:02 7080074                    /usr/lib/x86_64-linux-gnu/libdl-2.31.so
7ffb1b171000-7ffb1b173000 r--p 00000000 08:02 7078082                    /usr/lib/x86_64-linux-gnu/libz.so.1.2.11
7ffb1b173000-7ffb1b184000 r-xp 00002000 08:02 7078082                    /usr/lib/x86_64-linux-gnu/libz.so.1.2.11
7ffb1b184000-7ffb1b18a000 r--p 00013000 08:02 7078082                    /usr/lib/x86_64-linux-gnu/libz.so.1.2.11
7ffb1b18a000-7ffb1b18b000 ---p 00019000 08:02 7078082                    /usr/lib/x86_64-linux-gnu/libz.so.1.2.11
7ffb1b18b000-7ffb1b18c000 r--p 00019000 08:02 7078082                    /usr/lib/x86_64-linux-gnu/libz.so.1.2.11
7ffb1b18c000-7ffb1b18d000 rw-p 0001a000 08:02 7078082                    /usr/lib/x86_64-linux-gnu/libz.so.1.2.11
7ffb1b18d000-7ffb1b190000 r--p 00000000 08:02 7080081                    /usr/lib/x86_64-linux-gnu/libnss_files-2.31.so
7ffb1b190000-7ffb1b197000 r-xp 00003000 08:02 7080081                    /usr/lib/x86_64-linux-gnu/libnss_files-2.31.so
7ffb1b197000-7ffb1b199000 r--p 0000a000 08:02 7080081                    /usr/lib/x86_64-linux-gnu/libnss_files-2.31.so
7ffb1b199000-7ffb1b19a000 r--p 0000b000 08:02 7080081                    /usr/lib/x86_64-linux-gnu/libnss_files-2.31.so
7ffb1b19a000-7ffb1b19b000 rw-p 0000c000 08:02 7080081                    /usr/lib/x86_64-linux-gnu/libnss_files-2.31.so
7ffb1b19b000-7ffb1b1a1000 rw-p 00000000 00:00 0 
7ffb1b1a1000-7ffb1b1a2000 ---p 00000000 00:00 0 
7ffb1b1a2000-7ffb1b1a3000 r--p 00000000 00:00 0 
7ffb1b1a3000-7ffb1b1a6000 r--p 00000000 08:02 24760668                   /home/jatinbha/sandboxes/jdk/jdk/build/linux-x86_64-server-slowdebug/images/jdk/lib/libjli.so
7ffb1b1a6000-7ffb1b1b4000 r-xp 00003000 08:02 24760668                   /home/jatinbha/sandboxes/jdk/jdk/build/linux-x86_64-server-slowdebug/images/jdk/lib/libjli.so
7ffb1b1b4000-7ffb1b1b8000 r--p 00011000 08:02 24760668                   /home/jatinbha/sandboxes/jdk/jdk/build/linux-x86_64-server-slowdebug/images/jdk/lib/libjli.so
7ffb1b1b8000-7ffb1b1b9000 r--p 00014000 08:02 24760668                   /home/jatinbha/sandboxes/jdk/jdk/build/linux-x86_64-server-slowdebug/images/jdk/lib/libjli.so
7ffb1b1b9000-7ffb1b1ba000 rw-p 00015000 08:02 24760668                   /home/jatinbha/sandboxes/jdk/jdk/build/linux-x86_64-server-slowdebug/images/jdk/lib/libjli.so
7ffb1b1ba000-7ffb1b1bc000 rw-p 00000000 00:00 0 
7ffb1b1bc000-7ffb1b1bd000 r--p 00000000 08:02 7080069                    /usr/lib/x86_64-linux-gnu/ld-2.31.so
7ffb1b1bd000-7ffb1b1e0000 r-xp 00001000 08:02 7080069                    /usr/lib/x86_64-linux-gnu/ld-2.31.so
7ffb1b1e0000-7ffb1b1e8000 r--p 00024000 08:02 7080069                    /usr/lib/x86_64-linux-gnu/ld-2.31.so
7ffb1b1e8000-7ffb1b1e9000 rwxp 00000000 00:00 0 
7ffb1b1e9000-7ffb1b1ea000 r--p 0002c000 08:02 7080069                    /usr/lib/x86_64-linux-gnu/ld-2.31.so
7ffb1b1ea000-7ffb1b1eb000 rw-p 0002d000 08:02 7080069                    /usr/lib/x86_64-linux-gnu/ld-2.31.so
7ffb1b1eb000-7ffb1b1ec000 rw-p 00000000 00:00 0 
7ffc973a1000-7ffc973c2000 rw-p 00000000 00:00 0                          [stack]
7ffc973ec000-7ffc973f0000 r--p 00000000 00:00 0                          [vvar]
7ffc973f0000-7ffc973f2000 r-xp 00000000 00:00 0                          [vdso]
ffffffffff600000-ffffffffff601000 --xp 00000000 00:00 0                  [vsyscall]
Total number of mappings: 189


VM Arguments:
jvm_args: -XX:UseAVX=2 -XX:-TieredCompilation -Xbatch --add-modules=jdk.incubator.vector 
java_command: test_rotate_short 0
java_class_path (initial): .
Launcher Type: SUN_STANDARD

[Global flags]
     bool BackgroundCompilation                    = false                                  {pd product} {command line}  A thread requesting compilation is not blocked during compilation
     intx CICompilerCount                          = 18                                        {product} {ergonomic}     Number of compiler threads to run
     uint ConcGCThreads                            = 18                                        {product} {ergonomic}     Number of threads concurrent gc will use
     uint G1ConcRefinementThreads                  = 73                                        {product} {ergonomic}     The number of parallel remembered set update threads. Will be set ergonomically by default.
   size_t G1HeapRegionSize                         = 16777216                                  {product} {ergonomic}     Size of the G1 regions.
   size_t InitialHeapSize                          = 2147483648                                {product} {ergonomic}     Initial heap size (in bytes); zero means use ergonomics
   size_t MarkStackSize                            = 4194304                                   {product} {ergonomic}     Size of marking stack in bytes.
   size_t MarkStackSizeMax                         = 536870912                                 {product} {ergonomic}     Maximum size of marking stack in bytes.
   size_t MaxHeapSize                              = 31675383808                               {product} {ergonomic}     Maximum heap size (in bytes)
   size_t MaxNewSize                               = 18991808512                               {product} {ergonomic}     Maximum new generation size (in bytes), max_uintx means set ergonomically
   size_t MinHeapDeltaBytes                        = 16777216                                  {product} {ergonomic}     The minimum change in heap space due to GC (in bytes)
   size_t MinHeapSize                              = 16777216                                  {product} {ergonomic}     Minimum heap size (in bytes); zero means use ergonomics
    uintx NonNMethodCodeHeapSize                   = 4096                                   {pd product} {ergonomic}     Size of code heap with non-nmethods (in bytes)
    uintx NonProfiledCodeHeapSize                  = 0                                      {pd product} {ergonomic}     Size of code heap with non-profiled methods (in bytes)
    uintx ProfiledCodeHeapSize                     = 0                                      {pd product} {ergonomic}     Size of code heap with profiled methods (in bytes)
   size_t SoftMaxHeapSize                          = 31675383808                            {manageable} {ergonomic}     Soft limit for maximum heap size (in bytes)
     bool THPStackMitigation                       = false                                  {diagnostic} {ergonomic}     If THPs are unconditionally enabled on the system (mode "always"), the JVM will prevent THP from forming in thread stacks. When disabled, the absence of this mitigationallows THPs to form in thread stacks.
     bool TieredCompilation                        = false                                  {pd product} {command line}  Enable tiered compilation
      int UseAVX                                   = 2                                    {ARCH product} {command line}  Highest supported AVX instructions set on x86/x64
     bool UseCompressedOops                        = true                           {product lp64_product} {ergonomic}   Use 32-bit object references in 64-bit VM. lp64_product means flag is always constant in 32 bit VM
     bool UseG1GC                                  = true                                      {product} {ergonomic}     Use the Garbage-First garbage collector

Logging:
Log output configuration:
 #0: stdout all=warning uptime,level,tags foldmultilines=false
 #1: stderr all=off uptime,level,tags foldmultilines=false

Environment Variables:
JAVA_HOME=/home/jatinbha/sandboxes/jdk/jdk/build/linux-x86_64-server-slowdebug/images/jdk/
PATH=/home/jatinbha/sandboxes/jdk/jdk/build/linux-x86_64-server-slowdebug/images/jdk//bin:/home/jatinbha/sandboxes/jdk/jdk/build/linux-x86_64-server-release/images/jdk//bin:/home/jatinbha/sandboxes/jdk/jdk/build/linux-x86_64-server-slowdebug/images/jdk//bin:/home/jatinbha/sandboxes/jdk/jdk/build/linux-x86_64-server-release/images/jdk//bin:/home/jatinbha/sandboxes/jdk/jdk/build/linux-x86_64-server-slowdebug/images/jdk//bin:/home/jatinbha/sandboxes/jdk/jdk/build/linux-x86_64-server-fastdebug/images/jdk//bin:/home/jatinbha/.local/bin:/home/jatinbha/bin:/home/jatinbha/softwares/jextract-22:/home/jatinbha/softwares/cmake-3.28.3-linux-x86_64/bin:/home/jatinbha/softwares/cmake-3.26.3-linux-x86_64/bin:/home/jatinbha/softwares/jdk-17.0.2//bin:/home/jatinbha/softwares/thrift-0.16.0/bin:/home/jatinbha/softwares/jdk8u322-b06//bin:/home/jatinbha/softwares/jdk-17//bin:/home/jatinbha/softwares/apache-maven-3.6.3/bin:/home/jatinbha/sandboxes/skara/build/bin:/home/jatinbha/softwares/sde-internal-conf-APX-lin/:/usr/local/sbin:/usr/local/bin:/usr/sbin:/usr/bin:/sbin:/bin:/usr/games:/usr/local/games:/snap/bin
LD_LIBRARY_PATH=/home/jatinbha/softwares:
SHELL=/bin/bash
LANG=en_IN
TERM=xterm-256color

Active Locale:
LC_ALL=en_IN
LC_COLLATE=en_IN
LC_CTYPE=en_IN
LC_MESSAGES=en_IN
LC_MONETARY=en_IN
LC_NUMERIC=en_IN
LC_TIME=en_IN

Signal Handlers:
   SIGSEGV: crash_handler in libjvm.so, mask=11100100010111111101111111111110, flags=SA_RESTART|SA_SIGINFO, unblocked
    SIGBUS: crash_handler in libjvm.so, mask=11100100010111111101111111111110, flags=SA_RESTART|SA_SIGINFO, unblocked
    SIGFPE: crash_handler in libjvm.so, mask=11100100010111111101111111111110, flags=SA_RESTART|SA_SIGINFO, unblocked
   SIGPIPE: javaSignalHandler in libjvm.so, mask=11100100010111111101111111111110, flags=SA_RESTART|SA_SIGINFO, unblocked
   SIGXFSZ: javaSignalHandler in libjvm.so, mask=11100100010111111101111111111110, flags=SA_RESTART|SA_SIGINFO, unblocked
    SIGILL: crash_handler in libjvm.so, mask=11100100010111111101111111111110, flags=SA_RESTART|SA_SIGINFO, unblocked
   SIGUSR2: SR_handler in libjvm.so, mask=00000000000000000000000000000000, flags=SA_RESTART|SA_SIGINFO, unblocked
    SIGHUP: UserHandler in libjvm.so, mask=11100100010111111101111111111110, flags=SA_RESTART|SA_SIGINFO, unblocked
    SIGINT: UserHandler in libjvm.so, mask=11100100010111111101111111111110, flags=SA_RESTART|SA_SIGINFO, unblocked
   SIGTERM: UserHandler in libjvm.so, mask=11100100010111111101111111111110, flags=SA_RESTART|SA_SIGINFO, unblocked
   SIGQUIT: UserHandler in libjvm.so, mask=11100100010111111101111111111110, flags=SA_RESTART|SA_SIGINFO, blocked
   SIGTRAP: crash_handler in libjvm.so, mask=11100100010111111101111111111110, flags=SA_RESTART|SA_SIGINFO, unblocked


Native Memory Tracking:

(Omitting categories weighting less than 1KB)

Total: reserved=32978466KB, committed=2419934KB
       malloc: 208022KB #34268, peak=207547KB #34270
       mmap:   reserved=32770444KB, committed=2211912KB

-                 Java Heap (reserved=30932992KB, committed=2113536KB)
                            (mmap: reserved=30932992KB, committed=2113536KB, at peak)

-                     Class (reserved=1048704KB, committed=320KB)
                            (classes #1090)
                            (  instance classes #939, array classes #151)
                            (malloc=128KB #2388) (peak=128KB #2389)
                            (mmap: reserved=1048576KB, committed=192KB, at peak)
                            (  Metadata:   )
                            (    reserved=65536KB, committed=1920KB)
                            (    used=1894KB)
                            (    waste=26KB =1.36%)
                            (  Class space:)
                            (    reserved=1048576KB, committed=192KB)
                            (    used=84KB)
                            (    waste=108KB =56.02%)

-                    Thread (reserved=16470KB, committed=774KB)
                            (threads #16)
                            (stack: reserved=16420KB, committed=724KB, peak=724KB)
                            (malloc=33KB #99) (peak=41KB #103)
                            (arena=18KB #30) (peak=316KB #30)

-                      Code (reserved=50092KB, committed=3072KB)
                            (malloc=523KB #14674) (peak=524KB #14681)
                            (mmap: reserved=49536KB, committed=2516KB, at peak)
                            (arena=33KB #1) (at peak)

-                        GC (reserved=793722KB, committed=230842KB)
                            (malloc=152766KB #1334) (peak=152766KB #1336)
                            (mmap: reserved=640956KB, committed=78076KB, at peak)

-                 GCCardSet (reserved=35KB, committed=35KB)
                            (malloc=35KB #523) (at peak)

-                  Compiler (reserved=2238KB, committed=2238KB)
                            (malloc=80KB #34) (peak=94KB #32)
                            (arena=2158KB #10) (peak=6141KB #12)

-                  Internal (reserved=47497KB, committed=47497KB)
                            (malloc=47461KB #11705) (peak=47461KB #11706)
                            (mmap: reserved=36KB, committed=36KB, at peak)

-                    Symbol (reserved=1173KB, committed=1173KB)
                            (malloc=813KB #721) (at peak)
                            (arena=360KB #1) (at peak)

-    Native Memory Tracking (reserved=608KB, committed=608KB)
                            (malloc=6KB #59) (at peak)
                            (arena=0KB #0) (peak=128KB #1)
                            (tracking overhead=602KB)

-        Shared class space (reserved=16384KB, committed=14904KB, readonly=0KB)
                            (mmap: reserved=16384KB, committed=14904KB, peak=15124KB)

-               Arena Chunk (reserved=2725KB, committed=2725KB)
                            (malloc=2725KB #198) (peak=6558KB #219)

-                    Module (reserved=201KB, committed=201KB)
                            (malloc=201KB #2127) (at peak)

-                 Safepoint (reserved=8KB, committed=8KB)
                            (mmap: reserved=8KB, committed=8KB, at peak)

-           Synchronization (reserved=47KB, committed=47KB)
                            (malloc=47KB #352) (at peak)

-            Serviceability (reserved=17KB, committed=17KB)
                            (malloc=17KB #10) (peak=17KB #14)

-                 Metaspace (reserved=65551KB, committed=1935KB)
                            (malloc=15KB #17) (at peak)
                            (mmap: reserved=65536KB, committed=1920KB, at peak)

-      String Deduplication (reserved=1KB, committed=1KB)
                            (malloc=1KB #8) (at peak)

-                   Unknown (reserved=0KB, committed=0KB)
                            (mmap: reserved=0KB, committed=0KB, peak=20KB)

Preinit state:entries: 387 (primary: 373, empties: 7818), sum bytes: 15216, longest chain length: 2
pre-init mallocs: 446, pre-init reallocs: 3, pre-init frees: 59
MallocLimit: unset

Periodic native trim disabled

---------------  S Y S T E M  ---------------

OS:
DISTRIB_ID=Ubuntu
DISTRIB_RELEASE=20.04
DISTRIB_CODENAME=focal
DISTRIB_DESCRIPTION="Ubuntu 20.04.2 LTS"
uname: Linux intel-S2600WFT 5.8.0-41-generic #46~20.04.1-Ubuntu SMP Mon Jan 18 17:52:23 UTC 2021 x86_64
OS uptime: 46 days 15:32 hours
libc: glibc 2.31 NPTL 2.31 
rlimit (soft/hard): STACK 8192k/infinity , CORE 0k/infinity , NPROC 3090646/3090646 , NOFILE 1048576/1048576 , AS infinity/infinity , CPU infinity/infinity , DATA infinity/infinity , FSIZE infinity/infinity , MEMLOCK 65536k/65536k
load average: 0.53 3.01 3.24

/proc/meminfo:
MemTotal:       791263988 kB
MemFree:        590947268 kB
MemAvailable:   782280712 kB
Buffers:         5628656 kB
Cached:         177345288 kB
SwapCached:            0 kB
Active:         86401232 kB
Inactive:       97769916 kB
Active(anon):    1193236 kB
Inactive(anon):     8988 kB
Active(file):   85207996 kB
Inactive(file): 97760928 kB
Unevictable:           0 kB
Mlocked:               0 kB
SwapTotal:       2097148 kB
SwapFree:        2097148 kB
Dirty:               124 kB
Writeback:             0 kB
AnonPages:       1197316 kB
Mapped:           453832 kB
Shmem:             11652 kB
KReclaimable:   13418700 kB
Slab:           14821784 kB
SReclaimable:   13418700 kB
SUnreclaim:      1403084 kB
KernelStack:       27232 kB
PageTables:        15988 kB
NFS_Unstable:          0 kB
Bounce:                0 kB
WritebackTmp:          0 kB
CommitLimit:    397729140 kB
Committed_AS:    7605916 kB
VmallocTotal:   34359738367 kB
VmallocUsed:      464820 kB
VmallocChunk:          0 kB
Percpu:           266560 kB
HardwareCorrupted:     0 kB
AnonHugePages:         0 kB
ShmemHugePages:        0 kB
ShmemPmdMapped:        0 kB
FileHugePages:         0 kB
FilePmdMapped:         0 kB
HugePages_Total:       0
HugePages_Free:        0
HugePages_Rsvd:        0
HugePages_Surp:        0
Hugepagesize:       2048 kB
Hugetlb:               0 kB
DirectMap4k:     2360736 kB
DirectMap2M:    146225152 kB
DirectMap1G:    657457152 kB

/sys/kernel/mm/transparent_hugepage/enabled: always [madvise] never
/sys/kernel/mm/transparent_hugepage/hpage_pmd_size: 2097152
/sys/kernel/mm/transparent_hugepage/shmem_enabled: always within_size advise [never] deny force
/sys/kernel/mm/transparent_hugepage/defrag (defrag/compaction efforts parameter): always defer defer+madvise [madvise] never

Process Memory:
Virtual Size: 34216352K (peak: 34216352K)
Resident Set Size: 288464K (peak: 288464K) (anon: 247696K, file: 40768K, shmem: 0K)
Swapped out: 0K
C-Heap outstanding allocations: 209516K, retained: 3135K (may have wrapped)
glibc malloc tunables: (default)

/proc/sys/kernel/threads-max (system-wide limit on the number of threads): 6181293
/proc/sys/vm/max_map_count (maximum number of memory map areas a process may have): 65530
/proc/sys/vm/swappiness (control to define how aggressively the kernel swaps out anonymous memory): 60
/proc/sys/kernel/pid_max (system-wide limit on number of process identifiers): 4194304

container information not found.
Steal ticks since vm start: 0
Steal ticks percentage since vm start:  0.000

CPU: total 112 (initial active 112) (28 cores per cpu, 2 threads per core) family 6 model 85 stepping 7 microcode 0x5003006, cx8, cmov, fxsr, ht, mmx, 3dnowpref, sse, sse2, sse3, ssse3, sse4.1, sse4.2, popcnt, lzcnt, tsc, tscinvbit, avx, avx2, aes, erms, clmul, bmi1, bmi2, adx, fma, vzeroupper, clflush, clflushopt, clwb, rdtscp, f16c, pku, ospke
CPU Model and flags from /proc/cpuinfo:
model name	: Intel(R) Xeon(R) Platinum 8280 CPU @ 2.70GHz
flags		: fpu vme de pse tsc msr pae mce cx8 apic sep mtrr pge mca cmov pat pse36 clflush dts acpi mmx fxsr sse sse2 ss ht tm pbe syscall nx pdpe1gb rdtscp lm constant_tsc art arch_perfmon pebs bts rep_good nopl xtopology nonstop_tsc cpuid aperfmperf pni pclmulqdq dtes64 monitor ds_cpl smx est tm2 ssse3 sdbg fma cx16 xtpr pdcm pcid dca sse4_1 sse4_2 x2apic movbe popcnt tsc_deadline_timer aes xsave avx f16c rdrand lahf_lm abm 3dnowprefetch cpuid_fault epb cat_l3 cdp_l3 invpcid_single ssbd mba ibrs ibpb stibp ibrs_enhanced fsgsbase tsc_adjust bmi1 avx2 smep bmi2 erms invpcid cqm mpx rdt_a avx512f avx512dq rdseed adx smap clflushopt clwb intel_pt avx512cd avx512bw avx512vl xsaveopt xsavec xgetbv1 xsaves cqm_llc cqm_occup_llc cqm_mbm_total cqm_mbm_local dtherm ida arat pln pts hwp hwp_act_window hwp_epp hwp_pkg_req pku ospke avx512_vnni md_clear flush_l1d arch_capabilities

Online cpus: 0-111
Offline cpus: 
cache level: 1
cache type: Data
cache size: 32K
cache coherency line size: 64
cache level: 1
cache type: Instruction
cache size: 32K
cache coherency line size: 64
cache level: 2
cache type: Unified
cache size: 1024K
cache coherency line size: 64
cache level: 3
cache type: Unified
cache size: 39424K
cache coherency line size: 64
BIOS frequency limitation: <Not Available>
Frequency switch latency (ns): 0
Available cpu frequencies: <Not Available>
Maximum cpu frequency: 4000000
Minimum cpu frequency: 1000000
Current cpu frequency: 1974748
Available governors: performance powersave
Current governor: powersave
Core performance/turbo boost: <Not Available>

Memory: 4k page, physical 791263988k(782280704k free), swap 2097148k(2097148k free)
Page Sizes: 4k

vm_info: OpenJDK 64-Bit Server VM (slowdebug 24-internal-adhoc.root.jdk) for linux-amd64 JRE (24-internal-adhoc.root.jdk), built on 2024-09-27T10:01:27Z with gcc 9.3.0

END.
