#
# A fatal error has been detected by the Java Runtime Environment:
#
#  Internal Error (/home/jatinbha/sandboxes/jdk/jdk/src/hotspot/share/opto/matcher.cpp:1740), pid=2273022, tid=2273059
#  assert(false) failed: bad AD file
#
# JRE version: OpenJDK Runtime Environment (24.0) (slowdebug build 24-internal-adhoc.root.jdk)
# Java VM: OpenJDK 64-Bit Server VM (slowdebug 24-internal-adhoc.root.jdk, mixed mode, sharing, compressed oops, compressed class ptrs, g1 gc, linux-amd64)
# Problematic frame:
# V  [libjvm.so+0x1239f1a]  Matcher::Label_Root(Node const*, State*, Node*, Node*&)+0x54a
#
# Core dump will be written. Default location: Core dumps may be processed with "/usr/share/apport/apport %p %s %c %d %P %E" (or dumping to /home/jatinbha/code/java/rotate/core.2273022)
#
# If you would like to submit a bug report, please visit:
#   https://bugreport.java.com/bugreport/crash.jsp
#

---------------  S U M M A R Y ------------

Command Line: -XX:+PauseAtStartup -XX:UseAVX=2 -XX:-TieredCompilation -Xbatch --add-modules=jdk.incubator.vector test_rotate_short 0

Host: intel-S2600WFT, Intel(R) Xeon(R) Platinum 8280 CPU @ 2.70GHz, 112 cores, 754G, Ubuntu 20.04.2 LTS
Time: Tue Oct  8 13:29:36 2024 IST elapsed time: 100.281169 seconds (0d 0h 1m 40s)

---------------  T H R E A D  ---------------

Current thread (0x00007fc6dc36be10):  JavaThread "C2 CompilerThread0" daemon [_thread_in_native, id=2273059, stack(0x00007fc68758b000,0x00007fc68768c000) (1028K)]


Current CompileTask:
C2:100281  236 %  b        test_rotate_short::micro1 @ 2 (61 bytes)

Stack: [0x00007fc68758b000,0x00007fc68768c000],  sp=0x00007fc6876879b0,  free space=1010k
Native frames: (J=compiled Java code, j=interpreted, Vv=VM code, C=native code)
V  [libjvm.so+0x1239f1a]  Matcher::Label_Root(Node const*, State*, Node*, Node*&)+0x54a  (matcher.cpp:1740)
V  [libjvm.so+0x1239e64]  Matcher::Label_Root(Node const*, State*, Node*, Node*&)+0x494  (matcher.cpp:1723)
V  [libjvm.so+0x1239e64]  Matcher::Label_Root(Node const*, State*, Node*, Node*&)+0x494  (matcher.cpp:1723)
V  [libjvm.so+0x1239529]  Matcher::match_tree(Node const*)+0x225  (matcher.cpp:1533)
V  [libjvm.so+0x12376fa]  Matcher::xform(Node*, int)+0x1fa  (matcher.cpp:1149)
V  [libjvm.so+0x12320af]  Matcher::match()+0xe71  (matcher.cpp:359)
V  [libjvm.so+0xa14c9b]  Compile::Code_Gen()+0x99  (compile.cpp:2928)
V  [libjvm.so+0xa0b29d]  Compile::Compile(ciEnv*, ciMethod*, int, Options, DirectiveSet*)+0x1743  (compile.cpp:885)
V  [libjvm.so+0x8ce19f]  C2Compiler::compile_method(ciEnv*, ciMethod*, int, bool, DirectiveSet*)+0x203  (c2compiler.cpp:142)
V  [libjvm.so+0xa2dd0d]  CompileBroker::invoke_compiler_on_method(CompileTask*)+0x9ff  (compileBroker.cpp:2303)
V  [libjvm.so+0xa2c7dd]  CompileBroker::compiler_thread_loop()+0x411  (compileBroker.cpp:1961)
V  [libjvm.so+0xa4be7c]  CompilerThread::thread_entry(JavaThread*, JavaThread*)+0x84  (compilerThread.cpp:65)
V  [libjvm.so+0xe23326]  JavaThread::thread_main_inner()+0x15a  (javaThread.cpp:759)
V  [libjvm.so+0xe231c8]  JavaThread::run()+0x1c0  (javaThread.cpp:744)
V  [libjvm.so+0x167eb48]  Thread::call_run()+0x1a8  (thread.cpp:234)
V  [libjvm.so+0x134a7ee]  thread_native_entry(Thread*)+0x1c5  (os_linux.cpp:858)
Registers:
RAX=0x00007fc6e3b82000, RBX=0x00007fc628237ba0, RCX=0x00007fc6e38b38a8, RDX=0x00000000000000ef
RSP=0x00007fc6876879b0, RBP=0x00007fc687687a20, RSI=0x0000000000000200, RDI=0x00007fc6e38b38b0
R8 =0x0000000000000000, R9 =0x00007fc6e26e9f5b, R10=0x0000000000000000, R11=0x0000000000000000
R12=0x00007fc6e20bc506, R13=0x00007fc687689ae8, R14=0x0000000000000008, R15=0x00007fc687687d70
RIP=0x00007fc6e202ef1a, EFLAGS=0x0000000000010202, CSGSFS=0x002b000000000033, ERR=0x0000000000000006
  TRAPNO=0x000000000000000e


Register to memory mapping:

RAX=0x00007fc6e3b82000 in mmap'd memory region [0x00007fc6e3b82000 - 0x00007fc6e3b83000], tag mtInternal
RBX=0x00007fc628237ba0 into live malloced block starting at 0x00007fc628237b90, size 32744, tag mtChunk
RCX=0x00007fc6e38b38a8: <offset 0x0000000002abe8a8> in /home/jatinbha/sandboxes/jdk/jdk/build/linux-x86_64-server-slowdebug/images/jdk/lib/server/libjvm.so at 0x00007fc6e0df5000
RDX=0x00000000000000ef is an unknown value
RSP=0x00007fc6876879b0 is pointing into the stack for thread: 0x00007fc6dc36be10
RBP=0x00007fc687687a20 is pointing into the stack for thread: 0x00007fc6dc36be10
RSI=0x0000000000000200 is an unknown value
RDI=0x00007fc6e38b38b0: <offset 0x0000000002abe8b0> in /home/jatinbha/sandboxes/jdk/jdk/build/linux-x86_64-server-slowdebug/images/jdk/lib/server/libjvm.so at 0x00007fc6e0df5000
R8 =0x0 is null
R9 =0x00007fc6e26e9f5b: <offset 0x00000000018f4f5b> in /home/jatinbha/sandboxes/jdk/jdk/build/linux-x86_64-server-slowdebug/images/jdk/lib/server/libjvm.so at 0x00007fc6e0df5000
R10=0x0 is null
R11=0x0 is null
R12=0x00007fc6e20bc506: <offset 0x00000000012c7506> in /home/jatinbha/sandboxes/jdk/jdk/build/linux-x86_64-server-slowdebug/images/jdk/lib/server/libjvm.so at 0x00007fc6e0df5000
R13=0x00007fc687689ae8 is pointing into the stack for thread: 0x00007fc6dc36be10
R14=0x0000000000000008 is an unknown value
R15=0x00007fc687687d70 is pointing into the stack for thread: 0x00007fc6dc36be10

Top of Stack: (sp=0x00007fc6876879b0)
0x00007fc6876879b0:   0000000000000780 00007fc687687b60   ........`{h.....
0x00007fc6876879c0:   00007fc6280acaf0 00007fc628559e68   ...(....h.U(....
0x00007fc6876879d0:   00007fc6283c7bc8 00007fc687688590   .{<(......h.....
0x00007fc6876879e0:   0000000300000002 000000030000013b   ........;.......
0x00007fc6876879f0:   00007fc6281152a0 00007fc6283c6398   .R.(.....c<(....
0x00007fc687687a00:   00007fc6283c6398 00007fc628237ba0   .c<(.....{#(....
0x00007fc687687a10:   0000000000000000 00007fc628559e68   ........h.U(....
0x00007fc687687a20:   00007fc687687aa0 00007fc6e202ee64   .zh.....d.......
0x00007fc687687a30:   0000000000000780 00007fc687687b60   ........`{h.....
0x00007fc687687a40:   0000000000000000 00007fc628558f68   ........h.U(....
0x00007fc687687a50:   00007fc6280b2178 00007fc687688590   x!.(......h.....
0x00007fc687687a60:   0000000200000002 00000003283c7c58   ........X|<(....
0x00007fc687687a70:   00007fc6281152a0 00007fc6283c7bc8   .R.(.....{<(....
0x00007fc687687a80:   00007fc6283c7bc8 00007fc628559e68   .{<(....h.U(....
0x00007fc687687a90:   0000000000000000 00007fc628558f68   ........h.U(....
0x00007fc687687aa0:   00007fc687687b20 00007fc6e202ee64    {h.....d.......
0x00007fc687687ab0:   0000000000000780 00007fc687687b60   ........`{h.....
0x00007fc687687ac0:   0000000000000000 00007fc6285587e8   ..........U(....
0x00007fc687687ad0:   00007fc6283c7c58 00007fc687688590   X|<(......h.....
0x00007fc687687ae0:   0000000100000001 0000000387687b80   .........{h.....
0x00007fc687687af0:   0000000000000000 00007fc628112f78   ........x/.(....
0x00007fc687687b00:   00007fc6280b2178 00007fc628558f68   x!.(....h.U(....
0x00007fc687687b10:   00000000876885b8 00007fc6285587e8   ..h.......U(....
0x00007fc687687b20:   00007fc687687bd0 00007fc6e202e529   .{h.....).......
0x00007fc687687b30:   00007fc6283c7c58 00007fc687688590   X|<(......h.....
0x00007fc687687b40:   00007fc687687b70 0000000000000017   p{h.............
0x00007fc687687b50:   00007fc687687b60 0000000000000001   `{h.............
0x00007fc687687b60:   00007fc6281152a0 0000000000000000   .R.(............
0x00007fc687687b70:   00007fc6285587e8 00007fc62835bcd0   ..U(......5(....
0x00007fc687687b80:   00007fc6876885b8 00007fc6285586d0   ..h.......U(....
0x00007fc687687b90:   00007fc6285587e8 00007fc62855aeb8   ..U(......U(....
0x00007fc687687ba0:   00000000000027d8 0000080000000000   .'..............

Instructions: (pc=0x00007fc6e202ef1a)
  0x00007fc6e202ee1a:   ff 83 f8 01 76 07 b8 01 00 00 00 eb 05 b8 00 00
  0x00007fc6e202ee2a:   00 00 84 c0 74 15 48 8b 45 e0 be 00 00 00 00 48
  0x00007fc6e202ee3a:   89 c7 e8 41 72 29 ff 48 89 45 a0 48 8b 7d 98 48
  0x00007fc6e202ee4a:   8b 4d a0 48 8b 55 e8 48 8b 75 e0 48 8b 45 b8 49
  0x00007fc6e202ee5a:   89 f8 48 89 c7 e8 6c fb ff ff 48 89 45 a0 48 8b
  0x00007fc6e202ee6a:   45 b8 48 8b 40 10 48 89 c7 e8 20 ba 69 ff 84 c0
  0x00007fc6e202ee7a:   74 0b b8 00 00 00 00 e9 bf 00 00 00 90 83 45 c4
  0x00007fc6e202ee8a:   01 e9 fc fc ff ff 48 8b 45 b0 48 8b 00 48 8b 10
  0x00007fc6e202ee9a:   48 8b 45 b0 48 89 c7 ff d2 89 c1 48 8b 55 b0 48
  0x00007fc6e202eeaa:   8b 45 a8 89 ce 48 89 c7 e8 8d d6 93 ff c7 45 c8
  0x00007fc6e202eeba:   00 00 00 00 81 7d c8 3a 01 00 00 77 1c 8b 55 c8
  0x00007fc6e202eeca:   48 8b 45 a8 89 d6 48 89 c7 e8 4e 67 00 00 84 c0
  0x00007fc6e202eeda:   75 06 83 45 c8 01 eb dc 90 81 7d c8 3a 01 00 00
  0x00007fc6e202eeea:   76 55 48 8b 45 b0 48 89 c7 e8 1a 00 0c 00 48 8b
  0x00007fc6e202eefa:   45 a8 48 89 c7 e8 12 53 00 00 e8 88 eb 1b ff 83
  0x00007fc6e202ef0a:   f0 01 84 c0 74 31 48 8d 05 b9 fd 79 01 48 8b 00
=>0x00007fc6e202ef1a:   c6 00 58 48 8d 0d 44 54 cf 00 48 8d 15 8e 36 cf
  0x00007fc6e202ef2a:   00 be cc 06 00 00 48 8d 3d a1 48 cf 00 b8 00 00
  0x00007fc6e202ef3a:   00 00 e8 f6 2a 87 ff 48 8b 45 a0 48 83 c4 68 5b
  0x00007fc6e202ef4a:   5d c3 f3 0f 1e fa 55 48 89 e5 48 83 ec 40 48 89
  0x00007fc6e202ef5a:   7d d8 48 89 75 d0 89 55 cc 48 8b 45 d0 48 89 c7
  0x00007fc6e202ef6a:   e8 c5 73 29 ff 83 f0 01 84 c0 74 1a 48 8b 45 d0
  0x00007fc6e202ef7a:   48 89 c7 e8 c8 67 6d ff 83 f0 01 84 c0 74 07 b8
  0x00007fc6e202ef8a:   01 00 00 00 eb 05 b8 00 00 00 00 84 c0 74 0a b8
  0x00007fc6e202ef9a:   00 00 00 00 e9 8b 01 00 00 48 8b 45 d8 48 05 b0
  0x00007fc6e202efaa:   01 00 00 48 89 c7 e8 7f 07 f7 ff 48 8b 55 d0 8b
  0x00007fc6e202efba:   52 28 39 d0 0f 96 c0 84 c0 74 0a b8 00 00 00 00
  0x00007fc6e202efca:   e9 5f 01 00 00 48 8b 45 d8 48 8d 90 b0 01 00 00
  0x00007fc6e202efda:   48 8b 45 d0 8b 40 28 89 c6 48 89 d7 e8 d3 b7 53
  0x00007fc6e202efea:   ff 48 89 45 e8 48 83 7d e8 00 74 25 48 8b 45 e8
  0x00007fc6e202effa:   48 8b 00 48 05 f0 00 00 00 48 8b 10 48 8b 45 e8
  0x00007fc6e202f00a:   48 89 c7 ff d2 39 45 cc 75 07 b8 01 00 00 00 eb


Stack slot to memory mapping:

stack at sp + 0 slots: 0x0000000000000780 is an unknown value
stack at sp + 1 slots: 0x00007fc687687b60 is pointing into the stack for thread: 0x00007fc6dc36be10
stack at sp + 2 slots: 0x00007fc6280acaf0 into live malloced block starting at 0x00007fc6280ac000, size 32744, tag mtChunk
stack at sp + 3 slots: 0x00007fc628559e68 points into unknown readable memory: 0xabababababababab | ab ab ab ab ab ab ab ab
stack at sp + 4 slots: 0x00007fc6283c7bc8 points into unknown readable memory: 0x00007fc6e377dad0 | d0 da 77 e3 c6 7f 00 00
stack at sp + 5 slots: 0x00007fc687688590 is pointing into the stack for thread: 0x00007fc6dc36be10
stack at sp + 6 slots: 0x0000000300000002 is an unallocated location in the heap
stack at sp + 7 slots: 0x000000030000013b is an unallocated location in the heap

Lock stack of current Java thread (top to bottom):


---------------  P R O C E S S  ---------------

uid  : 1000 euid : 1000 gid  : 1000 egid : 1000

umask: 0002 (-------w-)

Threads class SMR info:
_java_thread_list=0x00007fc6dc3fbb10, length=9, elements={
0x00007fc6dc02bff0, 0x00007fc6dc353fc0, 0x00007fc6dc3558a0, 0x00007fc6dc3575c0,
0x00007fc6dc358f90, 0x00007fc6dc35a820, 0x00007fc6dc36be10, 0x00007fc6dc3af340,
0x00007fc6dc3fbdc0
}
_java_thread_list_alloc_cnt=10, _java_thread_list_free_cnt=8, _java_thread_list_max=9, _nested_thread_list_max=0
_tlh_cnt=36, _tlh_times=0, avg_tlh_time=0.00, _tlh_time_max=0
_delete_lock_wait_cnt=0, _delete_lock_wait_max=0
_to_delete_list_cnt=0, _to_delete_list_max=1

Java Threads: ( => current thread )
  0x00007fc6dc02bff0 JavaThread "main"                              [_thread_blocked, id=2273023, stack(0x00007fc6e0b9a000,0x00007fc6e0c9b000) (1028K)]
  0x00007fc6dc353fc0 JavaThread "Reference Handler"          daemon [_thread_blocked, id=2273054, stack(0x00007fc6940e6000,0x00007fc6941e7000) (1028K)]
  0x00007fc6dc3558a0 JavaThread "Finalizer"                  daemon [_thread_blocked, id=2273055, stack(0x00007fc68798f000,0x00007fc687a90000) (1028K)]
  0x00007fc6dc3575c0 JavaThread "Signal Dispatcher"          daemon [_thread_blocked, id=2273056, stack(0x00007fc68788e000,0x00007fc68798f000) (1028K)]
  0x00007fc6dc358f90 JavaThread "Service Thread"             daemon [_thread_blocked, id=2273057, stack(0x00007fc68778d000,0x00007fc68788e000) (1028K)]
  0x00007fc6dc35a820 JavaThread "Monitor Deflation Thread"   daemon [_thread_blocked, id=2273058, stack(0x00007fc68768c000,0x00007fc68778d000) (1028K)]
=>0x00007fc6dc36be10 JavaThread "C2 CompilerThread0"         daemon [_thread_in_native, id=2273059, stack(0x00007fc68758b000,0x00007fc68768c000) (1028K)]
  0x00007fc6dc3af340 JavaThread "Common-Cleaner"             daemon [_thread_blocked, id=2273060, stack(0x00007fc6873ba000,0x00007fc6874bb000) (1028K)]
  0x00007fc6dc3fbdc0 JavaThread "Notification Thread"        daemon [_thread_blocked, id=2273061, stack(0x00007fc6872b9000,0x00007fc6873ba000) (1028K)]
Total: 9

Other Threads:
  0x00007fc6dc319050 VMThread "VM Thread"                           [id=2273053, stack(0x00007fc6941e8000,0x00007fc6942e8000) (1024K)]
  0x00007fc6dc257350 WatcherThread "VM Periodic Task Thread"        [id=2273052, stack(0x00007fc6942e9000,0x00007fc6943e9000) (1024K)]
  0x00007fc6dc06bf80 WorkerThread "GC Thread#0"                     [id=2273047, stack(0x00007fc6a7252000,0x00007fc6a7352000) (1024K)]
  0x00007fc6dc0802f0 ConcurrentGCThread "G1 Main Marker"            [id=2273048, stack(0x00007fc6a7151000,0x00007fc6a7251000) (1024K)]
  0x00007fc6dc081590 WorkerThread "G1 Conc#0"                       [id=2273049, stack(0x00007fc6a7050000,0x00007fc6a7150000) (1024K)]
  0x00007fc6dc23f4c0 ConcurrentGCThread "G1 Refine#0"               [id=2273050, stack(0x00007fc6945c7000,0x00007fc6946c7000) (1024K)]
  0x00007fc6dc2406f0 ConcurrentGCThread "G1 Service"                [id=2273051, stack(0x00007fc6944c6000,0x00007fc6945c6000) (1024K)]
Total: 7

Threads with active compile tasks:
C2 CompilerThread0  102446  236 %  b        test_rotate_short::micro1 @ 2 (61 bytes)
Total: 1

VM state: not at safepoint (normal execution)

VM Mutex/Monitor currently owned by a thread: None

Heap address: 0x00000000a0000000, size: 30208 MB, Compressed Oops mode: Zero based, Oop shift amount: 3

CDS archive(s) mapped at: [0x00007fc646000000-0x00007fc646e8e000-0x00007fc646e8e000), size 15261696, SharedBaseAddress: 0x00007fc646000000, ArchiveRelocationMode: 1.
Compressed class space mapped at: 0x00007fc647000000-0x00007fc687000000, reserved size: 1073741824
Narrow klass base: 0x00007fc646000000, Narrow klass shift: 0
Encoding Range: [0x00007fc646000000 - 0x00007fc746000000), (4294967296 bytes)
Klass Range:    [0x00007fc646000000 - 0x00007fc687000000), (1090519040 bytes)

GC Precious Log:
 CardTable entry size: 512
 Card Set container configuration: InlinePtr #cards 3 size 8 Array Of Cards #cards 128 size 272 Howl #buckets 8 coarsen threshold 29491 Howl Bitmap #cards 4096 size 528 coarsen threshold 3686 Card regions per heap region 1 cards per card region 32768
 CPUs: 112 total, 112 available
 Memory: 754G
 Large Page Support: Disabled
 NUMA Support: Disabled
 Compressed Oops: Enabled (Zero based)
 Heap Region Size: 16M
 Heap Min Capacity: 16M
 Heap Initial Capacity: 2G
 Heap Max Capacity: 30208M
 Pre-touch: Disabled
 Parallel Workers: 73
 Concurrent Workers: 18
 Concurrent Refinement Workers: 73
 Periodic GC: Disabled

Heap:
 garbage-first heap   total reserved 30932992K, committed 2113536K, used 1155K [0x00000000a0000000, 0x0000000800000000)
  region size 16384K, 1 young (16384K), 0 survivors (0K)
 Metaspace       used 1978K, committed 2112K, reserved 1114112K
  class space    used 84K, committed 192K, reserved 1048576K

Heap Regions: E=young(eden), S=young(survivor), O=old, HS=humongous(starts), HC=humongous(continues), CS=collection set, F=free, TAMS=top-at-mark-start, PB=parsable bottom
|   0|0x00000000a0000000, 0x00000000a0000000, 0x00000000a1000000|  0%| F|  |TAMS 0x00000000a0000000| PB 0x00000000a0000000| Untracked |  0
|   1|0x00000000a1000000, 0x00000000a1000000, 0x00000000a2000000|  0%| F|  |TAMS 0x00000000a1000000| PB 0x00000000a1000000| Untracked |  0
|   2|0x00000000a2000000, 0x00000000a2000000, 0x00000000a3000000|  0%| F|  |TAMS 0x00000000a2000000| PB 0x00000000a2000000| Untracked |  0
|   3|0x00000000a3000000, 0x00000000a3000000, 0x00000000a4000000|  0%| F|  |TAMS 0x00000000a3000000| PB 0x00000000a3000000| Untracked |  0
|   4|0x00000000a4000000, 0x00000000a4000000, 0x00000000a5000000|  0%| F|  |TAMS 0x00000000a4000000| PB 0x00000000a4000000| Untracked |  0
|   5|0x00000000a5000000, 0x00000000a5000000, 0x00000000a6000000|  0%| F|  |TAMS 0x00000000a5000000| PB 0x00000000a5000000| Untracked |  0
|   6|0x00000000a6000000, 0x00000000a6000000, 0x00000000a7000000|  0%| F|  |TAMS 0x00000000a6000000| PB 0x00000000a6000000| Untracked |  0
|   7|0x00000000a7000000, 0x00000000a7000000, 0x00000000a8000000|  0%| F|  |TAMS 0x00000000a7000000| PB 0x00000000a7000000| Untracked |  0
|   8|0x00000000a8000000, 0x00000000a8000000, 0x00000000a9000000|  0%| F|  |TAMS 0x00000000a8000000| PB 0x00000000a8000000| Untracked |  0
|   9|0x00000000a9000000, 0x00000000a9000000, 0x00000000aa000000|  0%| F|  |TAMS 0x00000000a9000000| PB 0x00000000a9000000| Untracked |  0
|  10|0x00000000aa000000, 0x00000000aa000000, 0x00000000ab000000|  0%| F|  |TAMS 0x00000000aa000000| PB 0x00000000aa000000| Untracked |  0
|  11|0x00000000ab000000, 0x00000000ab000000, 0x00000000ac000000|  0%| F|  |TAMS 0x00000000ab000000| PB 0x00000000ab000000| Untracked |  0
|  12|0x00000000ac000000, 0x00000000ac000000, 0x00000000ad000000|  0%| F|  |TAMS 0x00000000ac000000| PB 0x00000000ac000000| Untracked |  0
|  13|0x00000000ad000000, 0x00000000ad000000, 0x00000000ae000000|  0%| F|  |TAMS 0x00000000ad000000| PB 0x00000000ad000000| Untracked |  0
|  14|0x00000000ae000000, 0x00000000ae000000, 0x00000000af000000|  0%| F|  |TAMS 0x00000000ae000000| PB 0x00000000ae000000| Untracked |  0
|  15|0x00000000af000000, 0x00000000af000000, 0x00000000b0000000|  0%| F|  |TAMS 0x00000000af000000| PB 0x00000000af000000| Untracked |  0
|  16|0x00000000b0000000, 0x00000000b0000000, 0x00000000b1000000|  0%| F|  |TAMS 0x00000000b0000000| PB 0x00000000b0000000| Untracked |  0
|  17|0x00000000b1000000, 0x00000000b1000000, 0x00000000b2000000|  0%| F|  |TAMS 0x00000000b1000000| PB 0x00000000b1000000| Untracked |  0
|  18|0x00000000b2000000, 0x00000000b2000000, 0x00000000b3000000|  0%| F|  |TAMS 0x00000000b2000000| PB 0x00000000b2000000| Untracked |  0
|  19|0x00000000b3000000, 0x00000000b3000000, 0x00000000b4000000|  0%| F|  |TAMS 0x00000000b3000000| PB 0x00000000b3000000| Untracked |  0
|  20|0x00000000b4000000, 0x00000000b4000000, 0x00000000b5000000|  0%| F|  |TAMS 0x00000000b4000000| PB 0x00000000b4000000| Untracked |  0
|  21|0x00000000b5000000, 0x00000000b5000000, 0x00000000b6000000|  0%| F|  |TAMS 0x00000000b5000000| PB 0x00000000b5000000| Untracked |  0
|  22|0x00000000b6000000, 0x00000000b6000000, 0x00000000b7000000|  0%| F|  |TAMS 0x00000000b6000000| PB 0x00000000b6000000| Untracked |  0
|  23|0x00000000b7000000, 0x00000000b7000000, 0x00000000b8000000|  0%| F|  |TAMS 0x00000000b7000000| PB 0x00000000b7000000| Untracked |  0
|  24|0x00000000b8000000, 0x00000000b8000000, 0x00000000b9000000|  0%| F|  |TAMS 0x00000000b8000000| PB 0x00000000b8000000| Untracked |  0
|  25|0x00000000b9000000, 0x00000000b9000000, 0x00000000ba000000|  0%| F|  |TAMS 0x00000000b9000000| PB 0x00000000b9000000| Untracked |  0
|  26|0x00000000ba000000, 0x00000000ba000000, 0x00000000bb000000|  0%| F|  |TAMS 0x00000000ba000000| PB 0x00000000ba000000| Untracked |  0
|  27|0x00000000bb000000, 0x00000000bb000000, 0x00000000bc000000|  0%| F|  |TAMS 0x00000000bb000000| PB 0x00000000bb000000| Untracked |  0
|  28|0x00000000bc000000, 0x00000000bc000000, 0x00000000bd000000|  0%| F|  |TAMS 0x00000000bc000000| PB 0x00000000bc000000| Untracked |  0
|  29|0x00000000bd000000, 0x00000000bd000000, 0x00000000be000000|  0%| F|  |TAMS 0x00000000bd000000| PB 0x00000000bd000000| Untracked |  0
|  30|0x00000000be000000, 0x00000000be000000, 0x00000000bf000000|  0%| F|  |TAMS 0x00000000be000000| PB 0x00000000be000000| Untracked |  0
|  31|0x00000000bf000000, 0x00000000bf000000, 0x00000000c0000000|  0%| F|  |TAMS 0x00000000bf000000| PB 0x00000000bf000000| Untracked |  0
|  32|0x00000000c0000000, 0x00000000c0000000, 0x00000000c1000000|  0%| F|  |TAMS 0x00000000c0000000| PB 0x00000000c0000000| Untracked |  0
|  33|0x00000000c1000000, 0x00000000c1000000, 0x00000000c2000000|  0%| F|  |TAMS 0x00000000c1000000| PB 0x00000000c1000000| Untracked |  0
|  34|0x00000000c2000000, 0x00000000c2000000, 0x00000000c3000000|  0%| F|  |TAMS 0x00000000c2000000| PB 0x00000000c2000000| Untracked |  0
|  35|0x00000000c3000000, 0x00000000c3000000, 0x00000000c4000000|  0%| F|  |TAMS 0x00000000c3000000| PB 0x00000000c3000000| Untracked |  0
|  36|0x00000000c4000000, 0x00000000c4000000, 0x00000000c5000000|  0%| F|  |TAMS 0x00000000c4000000| PB 0x00000000c4000000| Untracked |  0
|  37|0x00000000c5000000, 0x00000000c5000000, 0x00000000c6000000|  0%| F|  |TAMS 0x00000000c5000000| PB 0x00000000c5000000| Untracked |  0
|  38|0x00000000c6000000, 0x00000000c6000000, 0x00000000c7000000|  0%| F|  |TAMS 0x00000000c6000000| PB 0x00000000c6000000| Untracked |  0
|  39|0x00000000c7000000, 0x00000000c7000000, 0x00000000c8000000|  0%| F|  |TAMS 0x00000000c7000000| PB 0x00000000c7000000| Untracked |  0
|  40|0x00000000c8000000, 0x00000000c8000000, 0x00000000c9000000|  0%| F|  |TAMS 0x00000000c8000000| PB 0x00000000c8000000| Untracked |  0
|  41|0x00000000c9000000, 0x00000000c9000000, 0x00000000ca000000|  0%| F|  |TAMS 0x00000000c9000000| PB 0x00000000c9000000| Untracked |  0
|  42|0x00000000ca000000, 0x00000000ca000000, 0x00000000cb000000|  0%| F|  |TAMS 0x00000000ca000000| PB 0x00000000ca000000| Untracked |  0
|  43|0x00000000cb000000, 0x00000000cb000000, 0x00000000cc000000|  0%| F|  |TAMS 0x00000000cb000000| PB 0x00000000cb000000| Untracked |  0
|  44|0x00000000cc000000, 0x00000000cc000000, 0x00000000cd000000|  0%| F|  |TAMS 0x00000000cc000000| PB 0x00000000cc000000| Untracked |  0
|  45|0x00000000cd000000, 0x00000000cd000000, 0x00000000ce000000|  0%| F|  |TAMS 0x00000000cd000000| PB 0x00000000cd000000| Untracked |  0
|  46|0x00000000ce000000, 0x00000000ce000000, 0x00000000cf000000|  0%| F|  |TAMS 0x00000000ce000000| PB 0x00000000ce000000| Untracked |  0
|  47|0x00000000cf000000, 0x00000000cf000000, 0x00000000d0000000|  0%| F|  |TAMS 0x00000000cf000000| PB 0x00000000cf000000| Untracked |  0
|  48|0x00000000d0000000, 0x00000000d0000000, 0x00000000d1000000|  0%| F|  |TAMS 0x00000000d0000000| PB 0x00000000d0000000| Untracked |  0
|  49|0x00000000d1000000, 0x00000000d1000000, 0x00000000d2000000|  0%| F|  |TAMS 0x00000000d1000000| PB 0x00000000d1000000| Untracked |  0
|  50|0x00000000d2000000, 0x00000000d2000000, 0x00000000d3000000|  0%| F|  |TAMS 0x00000000d2000000| PB 0x00000000d2000000| Untracked |  0
|  51|0x00000000d3000000, 0x00000000d3000000, 0x00000000d4000000|  0%| F|  |TAMS 0x00000000d3000000| PB 0x00000000d3000000| Untracked |  0
|  52|0x00000000d4000000, 0x00000000d4000000, 0x00000000d5000000|  0%| F|  |TAMS 0x00000000d4000000| PB 0x00000000d4000000| Untracked |  0
|  53|0x00000000d5000000, 0x00000000d5000000, 0x00000000d6000000|  0%| F|  |TAMS 0x00000000d5000000| PB 0x00000000d5000000| Untracked |  0
|  54|0x00000000d6000000, 0x00000000d6000000, 0x00000000d7000000|  0%| F|  |TAMS 0x00000000d6000000| PB 0x00000000d6000000| Untracked |  0
|  55|0x00000000d7000000, 0x00000000d7000000, 0x00000000d8000000|  0%| F|  |TAMS 0x00000000d7000000| PB 0x00000000d7000000| Untracked |  0
|  56|0x00000000d8000000, 0x00000000d8000000, 0x00000000d9000000|  0%| F|  |TAMS 0x00000000d8000000| PB 0x00000000d8000000| Untracked |  0
|  57|0x00000000d9000000, 0x00000000d9000000, 0x00000000da000000|  0%| F|  |TAMS 0x00000000d9000000| PB 0x00000000d9000000| Untracked |  0
|  58|0x00000000da000000, 0x00000000da000000, 0x00000000db000000|  0%| F|  |TAMS 0x00000000da000000| PB 0x00000000da000000| Untracked |  0
|  59|0x00000000db000000, 0x00000000db000000, 0x00000000dc000000|  0%| F|  |TAMS 0x00000000db000000| PB 0x00000000db000000| Untracked |  0
|  60|0x00000000dc000000, 0x00000000dc000000, 0x00000000dd000000|  0%| F|  |TAMS 0x00000000dc000000| PB 0x00000000dc000000| Untracked |  0
|  61|0x00000000dd000000, 0x00000000dd000000, 0x00000000de000000|  0%| F|  |TAMS 0x00000000dd000000| PB 0x00000000dd000000| Untracked |  0
|  62|0x00000000de000000, 0x00000000de000000, 0x00000000df000000|  0%| F|  |TAMS 0x00000000de000000| PB 0x00000000de000000| Untracked |  0
|  63|0x00000000df000000, 0x00000000df000000, 0x00000000e0000000|  0%| F|  |TAMS 0x00000000df000000| PB 0x00000000df000000| Untracked |  0
|  64|0x00000000e0000000, 0x00000000e0000000, 0x00000000e1000000|  0%| F|  |TAMS 0x00000000e0000000| PB 0x00000000e0000000| Untracked |  0
|  65|0x00000000e1000000, 0x00000000e1000000, 0x00000000e2000000|  0%| F|  |TAMS 0x00000000e1000000| PB 0x00000000e1000000| Untracked |  0
|  66|0x00000000e2000000, 0x00000000e2000000, 0x00000000e3000000|  0%| F|  |TAMS 0x00000000e2000000| PB 0x00000000e2000000| Untracked |  0
|  67|0x00000000e3000000, 0x00000000e3000000, 0x00000000e4000000|  0%| F|  |TAMS 0x00000000e3000000| PB 0x00000000e3000000| Untracked |  0
|  68|0x00000000e4000000, 0x00000000e4000000, 0x00000000e5000000|  0%| F|  |TAMS 0x00000000e4000000| PB 0x00000000e4000000| Untracked |  0
|  69|0x00000000e5000000, 0x00000000e5000000, 0x00000000e6000000|  0%| F|  |TAMS 0x00000000e5000000| PB 0x00000000e5000000| Untracked |  0
|  70|0x00000000e6000000, 0x00000000e6000000, 0x00000000e7000000|  0%| F|  |TAMS 0x00000000e6000000| PB 0x00000000e6000000| Untracked |  0
|  71|0x00000000e7000000, 0x00000000e7000000, 0x00000000e8000000|  0%| F|  |TAMS 0x00000000e7000000| PB 0x00000000e7000000| Untracked |  0
|  72|0x00000000e8000000, 0x00000000e8000000, 0x00000000e9000000|  0%| F|  |TAMS 0x00000000e8000000| PB 0x00000000e8000000| Untracked |  0
|  73|0x00000000e9000000, 0x00000000e9000000, 0x00000000ea000000|  0%| F|  |TAMS 0x00000000e9000000| PB 0x00000000e9000000| Untracked |  0
|  74|0x00000000ea000000, 0x00000000ea000000, 0x00000000eb000000|  0%| F|  |TAMS 0x00000000ea000000| PB 0x00000000ea000000| Untracked |  0
|  75|0x00000000eb000000, 0x00000000eb000000, 0x00000000ec000000|  0%| F|  |TAMS 0x00000000eb000000| PB 0x00000000eb000000| Untracked |  0
|  76|0x00000000ec000000, 0x00000000ec000000, 0x00000000ed000000|  0%| F|  |TAMS 0x00000000ec000000| PB 0x00000000ec000000| Untracked |  0
|  77|0x00000000ed000000, 0x00000000ed000000, 0x00000000ee000000|  0%| F|  |TAMS 0x00000000ed000000| PB 0x00000000ed000000| Untracked |  0
|  78|0x00000000ee000000, 0x00000000ee000000, 0x00000000ef000000|  0%| F|  |TAMS 0x00000000ee000000| PB 0x00000000ee000000| Untracked |  0
|  79|0x00000000ef000000, 0x00000000ef000000, 0x00000000f0000000|  0%| F|  |TAMS 0x00000000ef000000| PB 0x00000000ef000000| Untracked |  0
|  80|0x00000000f0000000, 0x00000000f0000000, 0x00000000f1000000|  0%| F|  |TAMS 0x00000000f0000000| PB 0x00000000f0000000| Untracked |  0
|  81|0x00000000f1000000, 0x00000000f1000000, 0x00000000f2000000|  0%| F|  |TAMS 0x00000000f1000000| PB 0x00000000f1000000| Untracked |  0
|  82|0x00000000f2000000, 0x00000000f2000000, 0x00000000f3000000|  0%| F|  |TAMS 0x00000000f2000000| PB 0x00000000f2000000| Untracked |  0
|  83|0x00000000f3000000, 0x00000000f3000000, 0x00000000f4000000|  0%| F|  |TAMS 0x00000000f3000000| PB 0x00000000f3000000| Untracked |  0
|  84|0x00000000f4000000, 0x00000000f4000000, 0x00000000f5000000|  0%| F|  |TAMS 0x00000000f4000000| PB 0x00000000f4000000| Untracked |  0
|  85|0x00000000f5000000, 0x00000000f5000000, 0x00000000f6000000|  0%| F|  |TAMS 0x00000000f5000000| PB 0x00000000f5000000| Untracked |  0
|  86|0x00000000f6000000, 0x00000000f6000000, 0x00000000f7000000|  0%| F|  |TAMS 0x00000000f6000000| PB 0x00000000f6000000| Untracked |  0
|  87|0x00000000f7000000, 0x00000000f7000000, 0x00000000f8000000|  0%| F|  |TAMS 0x00000000f7000000| PB 0x00000000f7000000| Untracked |  0
|  88|0x00000000f8000000, 0x00000000f8000000, 0x00000000f9000000|  0%| F|  |TAMS 0x00000000f8000000| PB 0x00000000f8000000| Untracked |  0
|  89|0x00000000f9000000, 0x00000000f9000000, 0x00000000fa000000|  0%| F|  |TAMS 0x00000000f9000000| PB 0x00000000f9000000| Untracked |  0
|  90|0x00000000fa000000, 0x00000000fa000000, 0x00000000fb000000|  0%| F|  |TAMS 0x00000000fa000000| PB 0x00000000fa000000| Untracked |  0
|  91|0x00000000fb000000, 0x00000000fb000000, 0x00000000fc000000|  0%| F|  |TAMS 0x00000000fb000000| PB 0x00000000fb000000| Untracked |  0
|  92|0x00000000fc000000, 0x00000000fc000000, 0x00000000fd000000|  0%| F|  |TAMS 0x00000000fc000000| PB 0x00000000fc000000| Untracked |  0
|  93|0x00000000fd000000, 0x00000000fd000000, 0x00000000fe000000|  0%| F|  |TAMS 0x00000000fd000000| PB 0x00000000fd000000| Untracked |  0
|  94|0x00000000fe000000, 0x00000000fe000000, 0x00000000ff000000|  0%| F|  |TAMS 0x00000000fe000000| PB 0x00000000fe000000| Untracked |  0
|  95|0x00000000ff000000, 0x00000000ff000000, 0x0000000100000000|  0%| F|  |TAMS 0x00000000ff000000| PB 0x00000000ff000000| Untracked |  0
|  96|0x0000000100000000, 0x0000000100000000, 0x0000000101000000|  0%| F|  |TAMS 0x0000000100000000| PB 0x0000000100000000| Untracked |  0
|  97|0x0000000101000000, 0x0000000101000000, 0x0000000102000000|  0%| F|  |TAMS 0x0000000101000000| PB 0x0000000101000000| Untracked |  0
|  98|0x0000000102000000, 0x0000000102000000, 0x0000000103000000|  0%| F|  |TAMS 0x0000000102000000| PB 0x0000000102000000| Untracked |  0
|  99|0x0000000103000000, 0x0000000103000000, 0x0000000104000000|  0%| F|  |TAMS 0x0000000103000000| PB 0x0000000103000000| Untracked |  0
| 100|0x0000000104000000, 0x0000000104000000, 0x0000000105000000|  0%| F|  |TAMS 0x0000000104000000| PB 0x0000000104000000| Untracked |  0
| 101|0x0000000105000000, 0x0000000105000000, 0x0000000106000000|  0%| F|  |TAMS 0x0000000105000000| PB 0x0000000105000000| Untracked |  0
| 102|0x0000000106000000, 0x0000000106000000, 0x0000000107000000|  0%| F|  |TAMS 0x0000000106000000| PB 0x0000000106000000| Untracked |  0
| 103|0x0000000107000000, 0x0000000107000000, 0x0000000108000000|  0%| F|  |TAMS 0x0000000107000000| PB 0x0000000107000000| Untracked |  0
| 104|0x0000000108000000, 0x0000000108000000, 0x0000000109000000|  0%| F|  |TAMS 0x0000000108000000| PB 0x0000000108000000| Untracked |  0
| 105|0x0000000109000000, 0x0000000109000000, 0x000000010a000000|  0%| F|  |TAMS 0x0000000109000000| PB 0x0000000109000000| Untracked |  0
| 106|0x000000010a000000, 0x000000010a000000, 0x000000010b000000|  0%| F|  |TAMS 0x000000010a000000| PB 0x000000010a000000| Untracked |  0
| 107|0x000000010b000000, 0x000000010b000000, 0x000000010c000000|  0%| F|  |TAMS 0x000000010b000000| PB 0x000000010b000000| Untracked |  0
| 108|0x000000010c000000, 0x000000010c000000, 0x000000010d000000|  0%| F|  |TAMS 0x000000010c000000| PB 0x000000010c000000| Untracked |  0
| 109|0x000000010d000000, 0x000000010d000000, 0x000000010e000000|  0%| F|  |TAMS 0x000000010d000000| PB 0x000000010d000000| Untracked |  0
| 110|0x000000010e000000, 0x000000010e000000, 0x000000010f000000|  0%| F|  |TAMS 0x000000010e000000| PB 0x000000010e000000| Untracked |  0
| 111|0x000000010f000000, 0x000000010f000000, 0x0000000110000000|  0%| F|  |TAMS 0x000000010f000000| PB 0x000000010f000000| Untracked |  0
| 112|0x0000000110000000, 0x0000000110000000, 0x0000000111000000|  0%| F|  |TAMS 0x0000000110000000| PB 0x0000000110000000| Untracked |  0
| 113|0x0000000111000000, 0x0000000111000000, 0x0000000112000000|  0%| F|  |TAMS 0x0000000111000000| PB 0x0000000111000000| Untracked |  0
| 114|0x0000000112000000, 0x0000000112000000, 0x0000000113000000|  0%| F|  |TAMS 0x0000000112000000| PB 0x0000000112000000| Untracked |  0
| 115|0x0000000113000000, 0x0000000113000000, 0x0000000114000000|  0%| F|  |TAMS 0x0000000113000000| PB 0x0000000113000000| Untracked |  0
| 116|0x0000000114000000, 0x0000000114000000, 0x0000000115000000|  0%| F|  |TAMS 0x0000000114000000| PB 0x0000000114000000| Untracked |  0
| 117|0x0000000115000000, 0x0000000115000000, 0x0000000116000000|  0%| F|  |TAMS 0x0000000115000000| PB 0x0000000115000000| Untracked |  0
| 118|0x0000000116000000, 0x0000000116000000, 0x0000000117000000|  0%| F|  |TAMS 0x0000000116000000| PB 0x0000000116000000| Untracked |  0
| 119|0x0000000117000000, 0x0000000117000000, 0x0000000118000000|  0%| F|  |TAMS 0x0000000117000000| PB 0x0000000117000000| Untracked |  0
| 120|0x0000000118000000, 0x0000000118000000, 0x0000000119000000|  0%| F|  |TAMS 0x0000000118000000| PB 0x0000000118000000| Untracked |  0
| 121|0x0000000119000000, 0x0000000119000000, 0x000000011a000000|  0%| F|  |TAMS 0x0000000119000000| PB 0x0000000119000000| Untracked |  0
| 122|0x000000011a000000, 0x000000011a000000, 0x000000011b000000|  0%| F|  |TAMS 0x000000011a000000| PB 0x000000011a000000| Untracked |  0
| 123|0x000000011b000000, 0x000000011b000000, 0x000000011c000000|  0%| F|  |TAMS 0x000000011b000000| PB 0x000000011b000000| Untracked |  0
| 124|0x000000011c000000, 0x000000011c000000, 0x000000011d000000|  0%| F|  |TAMS 0x000000011c000000| PB 0x000000011c000000| Untracked |  0
| 125|0x000000011d000000, 0x000000011d000000, 0x000000011e000000|  0%| F|  |TAMS 0x000000011d000000| PB 0x000000011d000000| Untracked |  0
| 126|0x000000011e000000, 0x000000011e000000, 0x000000011f000000|  0%| F|  |TAMS 0x000000011e000000| PB 0x000000011e000000| Untracked |  0
| 127|0x000000011f000000, 0x000000011fd70ae8, 0x0000000120000000| 84%| E|  |TAMS 0x000000011f000000| PB 0x000000011f000000| Complete |  0
|1887|0x00000007ff000000, 0x00000007ff120cc0, 0x0000000800000000|  7%| O|  |TAMS 0x00000007ff000000| PB 0x00000007ff000000| Untracked |  0

Card table byte_map: [0x00007fc6c4f41000,0x00007fc6c8a41000] _byte_map_base: 0x00007fc6c4a41000

Marking Bits: (CMBitMap*) 0x00007fc6dc06ccb0
 Bits: [0x00007fc6a7741000, 0x00007fc6c4f41000)

Polling page: 0x00007fc6e3b3b000

Metaspace:

Usage:
  Non-class:      1.85 MB used.
      Class:     84.45 KB used.
       Both:      1.93 MB used.

Virtual space:
  Non-class space:       64.00 MB reserved,       1.88 MB (  3%) committed,  1 nodes.
      Class space:        1.00 GB reserved,     192.00 KB ( <1%) committed,  1 nodes.
             Both:        1.06 GB reserved,       2.06 MB ( <1%) committed. 

Chunk freelists:
   Non-Class:  11.94 MB
       Class:  15.75 MB
        Both:  27.69 MB

MaxMetaspaceSize: unlimited
CompressedClassSpaceSize: 1.00 GB
Initial GC threshold: 21.00 MB
Current GC threshold: 21.00 MB
CDS: on
 - commit_granule_bytes: 65536.
 - commit_granule_words: 8192.
 - virtual_space_node_default_size: 8388608.
 - enlarge_chunks_in_place: 1.


Internal statistics:

num_allocs: 17367.
num_deallocs: 13.
num_allocs_from_deallocated_blocks: 31.
num_chunks_retired: 8.
num_allocs_failed_limit: 0.
num_arena_births: 52.
num_arena_deaths: 0.
num_vsnodes_births: 2.
num_vsnodes_deaths: 0.
num_space_committed: 33.
num_space_uncommitted: 0.
num_chunks_returned_to_freelist: 0.
num_chunks_taken_from_freelist: 38.
num_chunk_merges: 0.
num_chunk_splits: 29.
num_chunks_enlarged: 42.
num_inconsistent_stats: 0.

CodeCache: size=49152Kb used=1518Kb max_used=1533Kb free=47633Kb
 bounds [0x00007fc6d056d000, 0x00007fc6d07dd000, 0x00007fc6d356d000]
 total_blobs=957, nmethods=235, adapters=673, full_count=0
Compilation: enabled, stopped_count=0, restarted_count=0

Compilation events (20 events):
Event: 20.228 Thread 0x00007fc6dc36be10 nmethod 226 0x00007fc6d06e8a08 code [0x00007fc6d06e8b40, 0x00007fc6d06e8d78]
Event: 20.228 Thread 0x00007fc6dc36be10  227    b        jdk.incubator.vector.ShortVector$ShortSpecies::broadcast (9 bytes)
Event: 20.233 Thread 0x00007fc6dc36be10 nmethod 227 0x00007fc6d06e8708 code [0x00007fc6d06e8840, 0x00007fc6d06e8990]
Event: 20.233 Thread 0x00007fc6dc36be10  228    b        jdk.incubator.vector.ShortVector$ShortSpecies::broadcastBits (26 bytes)
Event: 20.239 Thread 0x00007fc6dc36be10 nmethod 228 0x00007fc6d06e8408 code [0x00007fc6d06e8540, 0x00007fc6d06e8698]
Event: 20.239 Thread 0x00007fc6dc36be10  229    b        jdk.incubator.vector.Short256Vector::lanewise (7 bytes)
Event: 20.259 Thread 0x00007fc6dc36be10 nmethod 229 0x00007fc6d06e7d08 code [0x00007fc6d06e7ea0, 0x00007fc6d06e82c0]
Event: 20.259 Thread 0x00007fc6dc36be10  230    b        jdk.incubator.vector.Short256Vector::lanewise (10 bytes)
Event: 20.278 Thread 0x00007fc6dc36be10 nmethod 230 0x00007fc6d06e7608 code [0x00007fc6d06e77a0, 0x00007fc6d06e7bc0]
Event: 20.279 Thread 0x00007fc6dc36be10  231    b        jdk.incubator.vector.ShortVector::lanewiseTemplate (162 bytes)
Event: 20.300 Thread 0x00007fc6dc36be10 nmethod 231 0x00007fc6d06e6c08 code [0x00007fc6d06e6dc0, 0x00007fc6d06e7250]
Event: 20.301 Thread 0x00007fc6dc36be10  232    b        jdk.incubator.vector.ShortVector::intoArray (48 bytes)
Event: 20.309 Thread 0x00007fc6dc36be10 nmethod 232 0x00007fc6d06eab88 code [0x00007fc6d06eacc0, 0x00007fc6d06eae40]
Event: 20.309 Thread 0x00007fc6dc36be10  233    b        jdk.internal.vm.vector.VectorSupport::store (38 bytes)
Event: 20.350 Thread 0x00007fc6dc36be10 nmethod 233 0x00007fc6d06ec488 code [0x00007fc6d06ec620, 0x00007fc6d06eca88]
Event: 20.350 Thread 0x00007fc6dc36be10  234    b        jdk.incubator.vector.ShortVector$$Lambda/0x00007fc6470546e8::store (14 bytes)
Event: 20.388 Thread 0x00007fc6dc36be10 nmethod 234 0x00007fc6d06ebe08 code [0x00007fc6d06ebfa0, 0x00007fc6d06ec3b0]
Event: 20.389 Thread 0x00007fc6dc36be10  235    b        jdk.incubator.vector.ShortVector::lambda$intoArray$0 (13 bytes)
Event: 20.426 Thread 0x00007fc6dc36be10 nmethod 235 0x00007fc6d06eb888 code [0x00007fc6d06eba00, 0x00007fc6d06ebd88]
Event: 20.432 Thread 0x00007fc6dc36be10  236 %  b        test_rotate_short::micro1 @ 2 (61 bytes)

GC Heap History (0 events):
No events

Dll operation events (3 events):
Event: 16.763 Loaded shared library /home/jatinbha/sandboxes/jdk/jdk/build/linux-x86_64-server-slowdebug/images/jdk/lib/libjava.so
Event: 17.831 Loaded shared library /home/jatinbha/sandboxes/jdk/jdk/build/linux-x86_64-server-slowdebug/images/jdk/lib/libsimdsort.so
Event: 17.886 Loaded shared library /home/jatinbha/sandboxes/jdk/jdk/build/linux-x86_64-server-slowdebug/images/jdk/lib/libjsvml.so

Deoptimization events (20 events):
Event: 18.273 Thread 0x00007fc6dc02bff0 Uncommon trap: trap_request=0xffffffc6 fr.pc=0x00007fc6d069f234 relative=0x00000000000001b4
Event: 18.273 Thread 0x00007fc6dc02bff0 Uncommon trap: reason=bimorphic_or_optimized_type_check action=maybe_recompile pc=0x00007fc6d069f234 method=java.util.HashMap.hash(Ljava/lang/Object;)I @ 9 c2
Event: 18.273 Thread 0x00007fc6dc02bff0 DEOPT PACKING pc=0x00007fc6d069f234 sp=0x00007fc6e0c99130
Event: 18.273 Thread 0x00007fc6dc02bff0 DEOPT UNPACKING pc=0x00007fc6d068acd4 sp=0x00007fc6e0c990e8 mode 2
Event: 18.273 Thread 0x00007fc6dc02bff0 Uncommon trap: trap_request=0xffffffc6 fr.pc=0x00007fc6d069f234 relative=0x00000000000001b4
Event: 18.273 Thread 0x00007fc6dc02bff0 Uncommon trap: reason=bimorphic_or_optimized_type_check action=maybe_recompile pc=0x00007fc6d069f234 method=java.util.HashMap.hash(Ljava/lang/Object;)I @ 9 c2
Event: 18.273 Thread 0x00007fc6dc02bff0 DEOPT PACKING pc=0x00007fc6d069f234 sp=0x00007fc6e0c99130
Event: 18.273 Thread 0x00007fc6dc02bff0 DEOPT UNPACKING pc=0x00007fc6d068acd4 sp=0x00007fc6e0c990e8 mode 2
Event: 18.273 Thread 0x00007fc6dc02bff0 Uncommon trap: trap_request=0xffffff4d fr.pc=0x00007fc6d069e5d0 relative=0x0000000000000850
Event: 18.273 Thread 0x00007fc6dc02bff0 Uncommon trap: reason=unstable_if action=reinterpret pc=0x00007fc6d069e5d0 method=java.util.HashMap.putVal(ILjava/lang/Object;Ljava/lang/Object;ZZ)Ljava/lang/Object; @ 69 c2
Event: 18.273 Thread 0x00007fc6dc02bff0 DEOPT PACKING pc=0x00007fc6d069e5d0 sp=0x00007fc6e0c990c0
Event: 18.273 Thread 0x00007fc6dc02bff0 DEOPT UNPACKING pc=0x00007fc6d068acd4 sp=0x00007fc6e0c99090 mode 2
Event: 18.273 Thread 0x00007fc6dc02bff0 Uncommon trap: trap_request=0xffffffc6 fr.pc=0x00007fc6d069f234 relative=0x00000000000001b4
Event: 18.273 Thread 0x00007fc6dc02bff0 Uncommon trap: reason=bimorphic_or_optimized_type_check action=maybe_recompile pc=0x00007fc6d069f234 method=java.util.HashMap.hash(Ljava/lang/Object;)I @ 9 c2
Event: 18.273 Thread 0x00007fc6dc02bff0 DEOPT PACKING pc=0x00007fc6d069f234 sp=0x00007fc6e0c99130
Event: 18.273 Thread 0x00007fc6dc02bff0 DEOPT UNPACKING pc=0x00007fc6d068acd4 sp=0x00007fc6e0c990e8 mode 2
Event: 18.273 Thread 0x00007fc6dc02bff0 Uncommon trap: trap_request=0xffffffc6 fr.pc=0x00007fc6d069f234 relative=0x00000000000001b4
Event: 18.273 Thread 0x00007fc6dc02bff0 Uncommon trap: reason=bimorphic_or_optimized_type_check action=maybe_recompile pc=0x00007fc6d069f234 method=java.util.HashMap.hash(Ljava/lang/Object;)I @ 9 c2
Event: 18.274 Thread 0x00007fc6dc02bff0 DEOPT PACKING pc=0x00007fc6d069f234 sp=0x00007fc6e0c99130
Event: 18.274 Thread 0x00007fc6dc02bff0 DEOPT UNPACKING pc=0x00007fc6d068acd4 sp=0x00007fc6e0c990e8 mode 2

Classes loaded (20 events):
Event: 18.756 Loading class jdk/incubator/vector/VectorOperators$ComparisonImpl
Event: 18.756 Loading class jdk/incubator/vector/VectorOperators$Comparison
Event: 18.756 Loading class jdk/incubator/vector/VectorOperators$Comparison done
Event: 18.756 Loading class jdk/incubator/vector/VectorOperators$ComparisonImpl done
Event: 18.799 Loading class jdk/incubator/vector/VectorOperators$ConversionImpl
Event: 18.799 Loading class jdk/incubator/vector/VectorOperators$Conversion
Event: 18.799 Loading class jdk/incubator/vector/VectorOperators$Conversion done
Event: 18.800 Loading class jdk/incubator/vector/VectorOperators$ConversionImpl done
Event: 18.822 Loading class java/lang/invoke/DirectMethodHandle$StaticAccessor
Event: 18.822 Loading class java/lang/invoke/DirectMethodHandle$StaticAccessor done
Event: 18.847 Loading class jdk/incubator/vector/AbstractSpecies$RVOp
Event: 18.847 Loading class jdk/incubator/vector/AbstractSpecies$RVOp done
Event: 18.863 Loading class jdk/internal/vm/vector/VectorSupport$BinaryOperation
Event: 18.863 Loading class jdk/internal/vm/vector/VectorSupport$BinaryOperation done
Event: 18.870 Loading class jdk/incubator/vector/ShortVector$FBinOp
Event: 18.870 Loading class jdk/incubator/vector/ShortVector$FBinOp done
Event: 18.902 Loading class jdk/internal/vm/vector/VectorSupport$StoreVectorOperation
Event: 18.902 Loading class jdk/internal/vm/vector/VectorSupport$StoreVectorOperation done
Event: 18.910 Loading class jdk/incubator/vector/ShortVector$FStOp
Event: 18.910 Loading class jdk/incubator/vector/ShortVector$FStOp done

Classes unloaded (0 events):
No events

Classes redefined (0 events):
No events

Internal exceptions (11 events):
Event: 18.396 Thread 0x00007fc6dc02bff0 Exception <a 'java/lang/NoSuchMethodError'{0x000000011f12e238}: 'int java.lang.invoke.DirectMethodHandle$Holder.invokeStaticInit(java.lang.Object, int)'> (0x000000011f12e238) 
thrown [/home/jatinbha/sandboxes/jdk/jdk/src/hotspot/share/interpreter/linkResolver.cpp, line 801]
Event: 18.403 Thread 0x00007fc6dc02bff0 Exception <a 'java/lang/NoSuchMethodError'{0x000000011f136ca8}: 'long java.lang.invoke.DirectMethodHandle$Holder.invokeStatic(java.lang.Object, java.lang.Object)'> (0x000000011f136ca8) 
thrown [/home/jatinbha/sandboxes/jdk/jdk/src/hotspot/share/interpreter/linkResolver.cpp, line 801]
Event: 18.408 Thread 0x00007fc6dc02bff0 Exception <a 'java/lang/NoSuchMethodError'{0x000000011f13ef20}: 'long java.lang.invoke.DirectMethodHandle$Holder.invokeStaticInit(java.lang.Object, java.lang.Object)'> (0x000000011f13ef20) 
thrown [/home/jatinbha/sandboxes/jdk/jdk/src/hotspot/share/interpreter/linkResolver.cpp, line 801]
Event: 18.414 Thread 0x00007fc6dc02bff0 Exception <a 'java/lang/NoSuchMethodError'{0x000000011f147800}: 'java.lang.Object java.lang.invoke.DirectMethodHandle$Holder.invokeStatic(java.lang.Object, long, java.lang.Object)'> (0x000000011f147800) 
thrown [/home/jatinbha/sandboxes/jdk/jdk/src/hotspot/share/interpreter/linkResolver.cpp, line 801]
Event: 18.418 Thread 0x00007fc6dc02bff0 Exception <a 'java/lang/NoSuchMethodError'{0x000000011f14fb70}: 'java.lang.Object java.lang.invoke.DirectMethodHandle$Holder.invokeStaticInit(java.lang.Object, long, java.lang.Object)'> (0x000000011f14fb70) 
thrown [/home/jatinbha/sandboxes/jdk/jdk/src/hotspot/share/interpreter/linkResolver.cpp, line 801]
Event: 18.422 Thread 0x00007fc6dc02bff0 Exception <a 'java/lang/NoSuchMethodError'{0x000000011f158200}: 'java.lang.Object java.lang.invoke.DirectMethodHandle$Holder.invokeStatic(java.lang.Object, long)'> (0x000000011f158200) 
thrown [/home/jatinbha/sandboxes/jdk/jdk/src/hotspot/share/interpreter/linkResolver.cpp, line 801]
Event: 18.427 Thread 0x00007fc6dc02bff0 Exception <a 'java/lang/NoSuchMethodError'{0x000000011f160478}: 'java.lang.Object java.lang.invoke.DirectMethodHandle$Holder.invokeStaticInit(java.lang.Object, long)'> (0x000000011f160478) 
thrown [/home/jatinbha/sandboxes/jdk/jdk/src/hotspot/share/interpreter/linkResolver.cpp, line 801]
Event: 18.591 Thread 0x00007fc6dc02bff0 Exception <a 'java/lang/NoSuchMethodError'{0x000000011f1c7a58}: 'java.lang.Object java.lang.invoke.DirectMethodHandle$Holder.newInvokeSpecial(java.lang.Object, java.lang.Object, long)'> (0x000000011f1c7a58) 
thrown [/home/jatinbha/sandboxes/jdk/jdk/src/hotspot/share/interpreter/linkResolver.cpp, line 801]
Event: 18.598 Thread 0x00007fc6dc02bff0 Exception <a 'java/lang/NoSuchMethodError'{0x000000011f1d07e0}: 'java.lang.Object java.lang.invoke.Invokers$Holder.linkToTargetMethod(java.lang.Object, long, java.lang.Object)'> (0x000000011f1d07e0) 
thrown [/home/jatinbha/sandboxes/jdk/jdk/src/hotspot/share/interpreter/linkResolver.cpp, line 801]
Event: 18.698 Thread 0x00007fc6dc02bff0 Exception <a 'java/lang/NoSuchMethodError'{0x000000011f5de910}: 'void java.lang.invoke.DirectMethodHandle$Holder.invokeStatic(java.lang.Object, java.lang.Object, int)'> (0x000000011f5de910) 
thrown [/home/jatinbha/sandboxes/jdk/jdk/src/hotspot/share/interpreter/linkResolver.cpp, line 801]
Event: 18.854 Thread 0x00007fc6dc02bff0 Exception <a 'java/lang/NoSuchMethodError'{0x000000011f65e620}: 'java.lang.Object java.lang.invoke.DirectMethodHandle$Holder.newInvokeSpecial(java.lang.Object, long)'> (0x000000011f65e620) 
thrown [/home/jatinbha/sandboxes/jdk/jdk/src/hotspot/share/interpreter/linkResolver.cpp, line 801]

VM Operations (0 events):
No events

Memory protections (9 events):
Event: 16.701 Protecting memory [0x00007fc6e0b9a000,0x00007fc6e0b9e000] with protection modes 0
Event: 17.745 Protecting memory [0x00007fc6940e6000,0x00007fc6940ea000] with protection modes 0
Event: 17.745 Protecting memory [0x00007fc68798f000,0x00007fc687993000] with protection modes 0
Event: 17.747 Protecting memory [0x00007fc68788e000,0x00007fc687892000] with protection modes 0
Event: 17.747 Protecting memory [0x00007fc68778d000,0x00007fc687791000] with protection modes 0
Event: 17.747 Protecting memory [0x00007fc68768c000,0x00007fc687690000] with protection modes 0
Event: 17.747 Protecting memory [0x00007fc68758b000,0x00007fc68758f000] with protection modes 0
Event: 18.093 Protecting memory [0x00007fc6873ba000,0x00007fc6873be000] with protection modes 0
Event: 18.335 Protecting memory [0x00007fc6872b9000,0x00007fc6872bd000] with protection modes 0

Nmethod flushes (0 events):
No events

Events (9 events):
Event: 17.570 Thread 0x00007fc6dc02bff0 Thread added: 0x00007fc6dc02bff0
Event: 17.745 Thread 0x00007fc6dc02bff0 Thread added: 0x00007fc6dc353fc0
Event: 17.745 Thread 0x00007fc6dc02bff0 Thread added: 0x00007fc6dc3558a0
Event: 17.747 Thread 0x00007fc6dc02bff0 Thread added: 0x00007fc6dc3575c0
Event: 17.747 Thread 0x00007fc6dc02bff0 Thread added: 0x00007fc6dc358f90
Event: 17.747 Thread 0x00007fc6dc02bff0 Thread added: 0x00007fc6dc35a820
Event: 17.747 Thread 0x00007fc6dc02bff0 Thread added: 0x00007fc6dc36be10
Event: 18.093 Thread 0x00007fc6dc02bff0 Thread added: 0x00007fc6dc3af340
Event: 18.335 Thread 0x00007fc6dc02bff0 Thread added: 0x00007fc6dc3fbdc0


Dynamic libraries:
a0000000-120000000 rw-p 00000000 00:00 0 
120000000-7ff000000 ---p 00000000 00:00 0 
7ff000000-7ff121000 rw-p 00ec6000 08:02 25171015                         /home/jatinbha/sandboxes/jdk/jdk/build/linux-x86_64-server-slowdebug/images/jdk/lib/server/classes.jsa
7ff121000-800000000 rw-p 00000000 00:00 0 
560150c35000-560150c36000 r--p 00000000 08:02 25037107                   /home/jatinbha/sandboxes/jdk/jdk/build/linux-x86_64-server-slowdebug/images/jdk/bin/java
560150c36000-560150c37000 r-xp 00001000 08:02 25037107                   /home/jatinbha/sandboxes/jdk/jdk/build/linux-x86_64-server-slowdebug/images/jdk/bin/java
560150c37000-560150c38000 r--p 00002000 08:02 25037107                   /home/jatinbha/sandboxes/jdk/jdk/build/linux-x86_64-server-slowdebug/images/jdk/bin/java
560150c38000-560150c39000 r--p 00002000 08:02 25037107                   /home/jatinbha/sandboxes/jdk/jdk/build/linux-x86_64-server-slowdebug/images/jdk/bin/java
560150c39000-560150c3a000 rw-p 00003000 08:02 25037107                   /home/jatinbha/sandboxes/jdk/jdk/build/linux-x86_64-server-slowdebug/images/jdk/bin/java
5601517db000-560151821000 rw-p 00000000 00:00 0                          [heap]
7fc61b091000-7fc61c000000 rw-p 00000000 00:00 0 
7fc61c000000-7fc61c021000 rw-p 00000000 00:00 0 
7fc61c021000-7fc620000000 ---p 00000000 00:00 0 
7fc620000000-7fc620021000 rw-p 00000000 00:00 0 
7fc620021000-7fc624000000 ---p 00000000 00:00 0 
7fc624000000-7fc624021000 rw-p 00000000 00:00 0 
7fc624021000-7fc628000000 ---p 00000000 00:00 0 
7fc628000000-7fc628665000 rw-p 00000000 00:00 0 
7fc628665000-7fc62c000000 ---p 00000000 00:00 0 
7fc62c000000-7fc62c021000 rw-p 00000000 00:00 0 
7fc62c021000-7fc630000000 ---p 00000000 00:00 0 
7fc630000000-7fc630021000 rw-p 00000000 00:00 0 
7fc630021000-7fc634000000 ---p 00000000 00:00 0 
7fc634000000-7fc634021000 rw-p 00000000 00:00 0 
7fc634021000-7fc638000000 ---p 00000000 00:00 0 
7fc638000000-7fc638021000 rw-p 00000000 00:00 0 
7fc638021000-7fc63c000000 ---p 00000000 00:00 0 
7fc63c000000-7fc63c021000 rw-p 00000000 00:00 0 
7fc63c021000-7fc640000000 ---p 00000000 00:00 0 
7fc6401a6000-7fc6421d0000 rw-p 00000000 00:00 0 
7fc6421d0000-7fc642400000 ---p 00000000 00:00 0 
7fc642400000-7fc642410000 rw-p 00000000 00:00 0 
7fc642410000-7fc646000000 ---p 00000000 00:00 0 
7fc646000000-7fc646e8e000 rw-p 00001000 08:02 25171015                   /home/jatinbha/sandboxes/jdk/jdk/build/linux-x86_64-server-slowdebug/images/jdk/lib/server/classes.jsa
7fc646e8e000-7fc647000000 ---p 00000000 00:00 0 
7fc647000000-7fc647010000 rw-p 00000000 00:00 0 
7fc647010000-7fc647040000 ---p 00000000 00:00 0 
7fc647040000-7fc647060000 rw-p 00000000 00:00 0 
7fc647060000-7fc687000000 ---p 00000000 00:00 0 
7fc6872b9000-7fc6872bd000 ---p 00000000 00:00 0 
7fc6872bd000-7fc6873ba000 rw-p 00000000 00:00 0 
7fc6873ba000-7fc6873be000 ---p 00000000 00:00 0 
7fc6873be000-7fc6874bb000 rw-p 00000000 00:00 0 
7fc6874bb000-7fc6874bf000 r--p 00000000 08:02 24760701                   /home/jatinbha/sandboxes/jdk/jdk/build/linux-x86_64-server-slowdebug/images/jdk/lib/libjsvml.so
7fc6874bf000-7fc687500000 r-xp 00004000 08:02 24760701                   /home/jatinbha/sandboxes/jdk/jdk/build/linux-x86_64-server-slowdebug/images/jdk/lib/libjsvml.so
7fc687500000-7fc687589000 r--p 00045000 08:02 24760701                   /home/jatinbha/sandboxes/jdk/jdk/build/linux-x86_64-server-slowdebug/images/jdk/lib/libjsvml.so
7fc687589000-7fc68758a000 r--p 000cd000 08:02 24760701                   /home/jatinbha/sandboxes/jdk/jdk/build/linux-x86_64-server-slowdebug/images/jdk/lib/libjsvml.so
7fc68758a000-7fc68758b000 rw-p 000ce000 08:02 24760701                   /home/jatinbha/sandboxes/jdk/jdk/build/linux-x86_64-server-slowdebug/images/jdk/lib/libjsvml.so
7fc68758b000-7fc68758f000 ---p 00000000 00:00 0 
7fc68758f000-7fc68768c000 rw-p 00000000 00:00 0 
7fc68768c000-7fc687690000 ---p 00000000 00:00 0 
7fc687690000-7fc68778d000 rw-p 00000000 00:00 0 
7fc68778d000-7fc687791000 ---p 00000000 00:00 0 
7fc687791000-7fc68788e000 rw-p 00000000 00:00 0 
7fc68788e000-7fc687892000 ---p 00000000 00:00 0 
7fc687892000-7fc68798f000 rw-p 00000000 00:00 0 
7fc68798f000-7fc687993000 ---p 00000000 00:00 0 
7fc687993000-7fc687a90000 rw-p 00000000 00:00 0 
7fc687a90000-7fc688000000 r--p 00000000 08:02 7078745                    /usr/lib/locale/locale-archive
7fc688000000-7fc688021000 rw-p 00000000 00:00 0 
7fc688021000-7fc68c000000 ---p 00000000 00:00 0 
7fc68c000000-7fc68c021000 rw-p 00000000 00:00 0 
7fc68c021000-7fc690000000 ---p 00000000 00:00 0 
7fc690000000-7fc690021000 rw-p 00000000 00:00 0 
7fc690021000-7fc694000000 ---p 00000000 00:00 0 
7fc69404b000-7fc69404e000 r--p 00000000 08:02 24760672                   /home/jatinbha/sandboxes/jdk/jdk/build/linux-x86_64-server-slowdebug/images/jdk/lib/libsimdsort.so
7fc69404e000-7fc6940d3000 r-xp 00003000 08:02 24760672                   /home/jatinbha/sandboxes/jdk/jdk/build/linux-x86_64-server-slowdebug/images/jdk/lib/libsimdsort.so
7fc6940d3000-7fc6940e4000 r--p 00088000 08:02 24760672                   /home/jatinbha/sandboxes/jdk/jdk/build/linux-x86_64-server-slowdebug/images/jdk/lib/libsimdsort.so
7fc6940e4000-7fc6940e5000 r--p 00098000 08:02 24760672                   /home/jatinbha/sandboxes/jdk/jdk/build/linux-x86_64-server-slowdebug/images/jdk/lib/libsimdsort.so
7fc6940e5000-7fc6940e6000 rw-p 00099000 08:02 24760672                   /home/jatinbha/sandboxes/jdk/jdk/build/linux-x86_64-server-slowdebug/images/jdk/lib/libsimdsort.so
7fc6940e6000-7fc6940ea000 ---p 00000000 00:00 0 
7fc6940ea000-7fc6941e7000 rw-p 00000000 00:00 0 
7fc6941e7000-7fc6941e8000 ---p 00000000 00:00 0 
7fc6941e8000-7fc6942e8000 rw-p 00000000 00:00 0 
7fc6942e8000-7fc6942e9000 ---p 00000000 00:00 0 
7fc6942e9000-7fc6944c5000 rw-p 00000000 00:00 0 
7fc6944c5000-7fc6944c6000 ---p 00000000 00:00 0 
7fc6944c6000-7fc6945c6000 rw-p 00000000 00:00 0 
7fc6945c6000-7fc6945c7000 ---p 00000000 00:00 0 
7fc6945c7000-7fc698000000 rw-p 00000000 00:00 0 
7fc698000000-7fc698021000 rw-p 00000000 00:00 0 
7fc698021000-7fc69c000000 ---p 00000000 00:00 0 
7fc69c000000-7fc69c021000 rw-p 00000000 00:00 0 
7fc69c021000-7fc6a0000000 ---p 00000000 00:00 0 
7fc6a0000000-7fc6a0021000 rw-p 00000000 00:00 0 
7fc6a0021000-7fc6a4000000 ---p 00000000 00:00 0 
7fc6a403f000-7fc6a704f000 rw-p 00000000 00:00 0 
7fc6a704f000-7fc6a7050000 ---p 00000000 00:00 0 
7fc6a7050000-7fc6a7150000 rw-p 00000000 00:00 0 
7fc6a7150000-7fc6a7151000 ---p 00000000 00:00 0 
7fc6a7151000-7fc6a7251000 rw-p 00000000 00:00 0 
7fc6a7251000-7fc6a7252000 ---p 00000000 00:00 0 
7fc6a7252000-7fc6a9741000 rw-p 00000000 00:00 0 
7fc6a9741000-7fc6c4f01000 ---p 00000000 00:00 0 
7fc6c4f01000-7fc6c5341000 rw-p 00000000 00:00 0 
7fc6c5341000-7fc6c8a39000 ---p 00000000 00:00 0 
7fc6c8a39000-7fc6c8e41000 rw-p 00000000 00:00 0 
7fc6c8e41000-7fc6cc539000 ---p 00000000 00:00 0 
7fc6cc539000-7fc6d056d000 rw-p 00000000 00:00 0 
7fc6d056d000-7fc6d07dd000 rwxp 00000000 00:00 0 
7fc6d07dd000-7fc6d356d000 ---p 00000000 00:00 0 
7fc6d356d000-7fc6dc000000 r--s 00000000 08:02 24697605                   /home/jatinbha/sandboxes/jdk/jdk/build/linux-x86_64-server-slowdebug/images/jdk/lib/modules
7fc6dc000000-7fc6dc456000 rw-p 00000000 00:00 0 
7fc6dc456000-7fc6e0000000 ---p 00000000 00:00 0 
7fc6e0016000-7fc6e001d000 r--s 00000000 08:02 7736501                    /usr/lib/x86_64-linux-gnu/gconv/gconv-modules.cache
7fc6e001d000-7fc6e0ae4000 rw-p 00000000 00:00 0 
7fc6e0ae4000-7fc6e0b3f000 ---p 00000000 00:00 0 
7fc6e0b3f000-7fc6e0b4b000 r--p 00000000 08:02 24745469                   /home/jatinbha/sandboxes/jdk/jdk/build/linux-x86_64-server-slowdebug/images/jdk/lib/libjava.so
7fc6e0b4b000-7fc6e0b62000 r-xp 0000c000 08:02 24745469                   /home/jatinbha/sandboxes/jdk/jdk/build/linux-x86_64-server-slowdebug/images/jdk/lib/libjava.so
7fc6e0b62000-7fc6e0b68000 r--p 00023000 08:02 24745469                   /home/jatinbha/sandboxes/jdk/jdk/build/linux-x86_64-server-slowdebug/images/jdk/lib/libjava.so
7fc6e0b68000-7fc6e0b69000 ---p 00029000 08:02 24745469                   /home/jatinbha/sandboxes/jdk/jdk/build/linux-x86_64-server-slowdebug/images/jdk/lib/libjava.so
7fc6e0b69000-7fc6e0b6a000 r--p 00029000 08:02 24745469                   /home/jatinbha/sandboxes/jdk/jdk/build/linux-x86_64-server-slowdebug/images/jdk/lib/libjava.so
7fc6e0b6a000-7fc6e0b6c000 rw-p 0002a000 08:02 24745469                   /home/jatinbha/sandboxes/jdk/jdk/build/linux-x86_64-server-slowdebug/images/jdk/lib/libjava.so
7fc6e0b6c000-7fc6e0b74000 rw-s 00000000 08:02 3670094                    /tmp/hsperfdata_intel/2273022
7fc6e0b74000-7fc6e0b78000 r--p 00000000 08:02 24745904                   /home/jatinbha/sandboxes/jdk/jdk/build/linux-x86_64-server-slowdebug/images/jdk/lib/libjimage.so
7fc6e0b78000-7fc6e0b8f000 r-xp 00004000 08:02 24745904                   /home/jatinbha/sandboxes/jdk/jdk/build/linux-x86_64-server-slowdebug/images/jdk/lib/libjimage.so
7fc6e0b8f000-7fc6e0b96000 r--p 0001b000 08:02 24745904                   /home/jatinbha/sandboxes/jdk/jdk/build/linux-x86_64-server-slowdebug/images/jdk/lib/libjimage.so
7fc6e0b96000-7fc6e0b97000 ---p 00022000 08:02 24745904                   /home/jatinbha/sandboxes/jdk/jdk/build/linux-x86_64-server-slowdebug/images/jdk/lib/libjimage.so
7fc6e0b97000-7fc6e0b99000 r--p 00022000 08:02 24745904                   /home/jatinbha/sandboxes/jdk/jdk/build/linux-x86_64-server-slowdebug/images/jdk/lib/libjimage.so
7fc6e0b99000-7fc6e0b9a000 rw-p 00024000 08:02 24745904                   /home/jatinbha/sandboxes/jdk/jdk/build/linux-x86_64-server-slowdebug/images/jdk/lib/libjimage.so
7fc6e0b9a000-7fc6e0b9e000 ---p 00000000 00:00 0 
7fc6e0b9e000-7fc6e0c9b000 rw-p 00000000 00:00 0 
7fc6e0c9b000-7fc6e0caa000 r--p 00000000 08:02 7080075                    /usr/lib/x86_64-linux-gnu/libm-2.31.so
7fc6e0caa000-7fc6e0d51000 r-xp 0000f000 08:02 7080075                    /usr/lib/x86_64-linux-gnu/libm-2.31.so
7fc6e0d51000-7fc6e0de8000 r--p 000b6000 08:02 7080075                    /usr/lib/x86_64-linux-gnu/libm-2.31.so
7fc6e0de8000-7fc6e0de9000 r--p 0014c000 08:02 7080075                    /usr/lib/x86_64-linux-gnu/libm-2.31.so
7fc6e0de9000-7fc6e0dea000 rw-p 0014d000 08:02 7080075                    /usr/lib/x86_64-linux-gnu/libm-2.31.so
7fc6e0dea000-7fc6e0ded000 r--p 00000000 08:02 7080092                    /usr/lib/x86_64-linux-gnu/librt-2.31.so
7fc6e0ded000-7fc6e0df1000 r-xp 00003000 08:02 7080092                    /usr/lib/x86_64-linux-gnu/librt-2.31.so
7fc6e0df1000-7fc6e0df2000 r--p 00007000 08:02 7080092                    /usr/lib/x86_64-linux-gnu/librt-2.31.so
7fc6e0df2000-7fc6e0df3000 ---p 00008000 08:02 7080092                    /usr/lib/x86_64-linux-gnu/librt-2.31.so
7fc6e0df3000-7fc6e0df4000 r--p 00008000 08:02 7080092                    /usr/lib/x86_64-linux-gnu/librt-2.31.so
7fc6e0df4000-7fc6e0df5000 rw-p 00009000 08:02 7080092                    /usr/lib/x86_64-linux-gnu/librt-2.31.so
7fc6e0df5000-7fc6e11ec000 r--p 00000000 08:02 25170612                   /home/jatinbha/sandboxes/jdk/jdk/build/linux-x86_64-server-slowdebug/images/jdk/lib/server/libjvm.so
7fc6e11ec000-7fc6e26d3000 r-xp 003f7000 08:02 25170612                   /home/jatinbha/sandboxes/jdk/jdk/build/linux-x86_64-server-slowdebug/images/jdk/lib/server/libjvm.so
7fc6e26d3000-7fc6e36a9000 r--p 018de000 08:02 25170612                   /home/jatinbha/sandboxes/jdk/jdk/build/linux-x86_64-server-slowdebug/images/jdk/lib/server/libjvm.so
7fc6e36a9000-7fc6e37b0000 r--p 028b3000 08:02 25170612                   /home/jatinbha/sandboxes/jdk/jdk/build/linux-x86_64-server-slowdebug/images/jdk/lib/server/libjvm.so
7fc6e37b0000-7fc6e3829000 rw-p 029ba000 08:02 25170612                   /home/jatinbha/sandboxes/jdk/jdk/build/linux-x86_64-server-slowdebug/images/jdk/lib/server/libjvm.so
7fc6e3829000-7fc6e38f0000 rw-p 00000000 00:00 0 
7fc6e38f0000-7fc6e3915000 r--p 00000000 08:02 7080073                    /usr/lib/x86_64-linux-gnu/libc-2.31.so
7fc6e3915000-7fc6e3a8d000 r-xp 00025000 08:02 7080073                    /usr/lib/x86_64-linux-gnu/libc-2.31.so
7fc6e3a8d000-7fc6e3ad7000 r--p 0019d000 08:02 7080073                    /usr/lib/x86_64-linux-gnu/libc-2.31.so
7fc6e3ad7000-7fc6e3ad8000 ---p 001e7000 08:02 7080073                    /usr/lib/x86_64-linux-gnu/libc-2.31.so
7fc6e3ad8000-7fc6e3adb000 r--p 001e7000 08:02 7080073                    /usr/lib/x86_64-linux-gnu/libc-2.31.so
7fc6e3adb000-7fc6e3ade000 rw-p 001ea000 08:02 7080073                    /usr/lib/x86_64-linux-gnu/libc-2.31.so
7fc6e3ade000-7fc6e3ae2000 rw-p 00000000 00:00 0 
7fc6e3ae2000-7fc6e3ae9000 r--p 00000000 08:02 7080090                    /usr/lib/x86_64-linux-gnu/libpthread-2.31.so
7fc6e3ae9000-7fc6e3afa000 r-xp 00007000 08:02 7080090                    /usr/lib/x86_64-linux-gnu/libpthread-2.31.so
7fc6e3afa000-7fc6e3aff000 r--p 00018000 08:02 7080090                    /usr/lib/x86_64-linux-gnu/libpthread-2.31.so
7fc6e3aff000-7fc6e3b00000 r--p 0001c000 08:02 7080090                    /usr/lib/x86_64-linux-gnu/libpthread-2.31.so
7fc6e3b00000-7fc6e3b01000 rw-p 0001d000 08:02 7080090                    /usr/lib/x86_64-linux-gnu/libpthread-2.31.so
7fc6e3b01000-7fc6e3b05000 rw-p 00000000 00:00 0 
7fc6e3b05000-7fc6e3b06000 r--p 00000000 08:02 7080074                    /usr/lib/x86_64-linux-gnu/libdl-2.31.so
7fc6e3b06000-7fc6e3b08000 r-xp 00001000 08:02 7080074                    /usr/lib/x86_64-linux-gnu/libdl-2.31.so
7fc6e3b08000-7fc6e3b09000 r--p 00003000 08:02 7080074                    /usr/lib/x86_64-linux-gnu/libdl-2.31.so
7fc6e3b09000-7fc6e3b0a000 r--p 00003000 08:02 7080074                    /usr/lib/x86_64-linux-gnu/libdl-2.31.so
7fc6e3b0a000-7fc6e3b0b000 rw-p 00004000 08:02 7080074                    /usr/lib/x86_64-linux-gnu/libdl-2.31.so
7fc6e3b0b000-7fc6e3b0d000 r--p 00000000 08:02 7078082                    /usr/lib/x86_64-linux-gnu/libz.so.1.2.11
7fc6e3b0d000-7fc6e3b1e000 r-xp 00002000 08:02 7078082                    /usr/lib/x86_64-linux-gnu/libz.so.1.2.11
7fc6e3b1e000-7fc6e3b24000 r--p 00013000 08:02 7078082                    /usr/lib/x86_64-linux-gnu/libz.so.1.2.11
7fc6e3b24000-7fc6e3b25000 ---p 00019000 08:02 7078082                    /usr/lib/x86_64-linux-gnu/libz.so.1.2.11
7fc6e3b25000-7fc6e3b26000 r--p 00019000 08:02 7078082                    /usr/lib/x86_64-linux-gnu/libz.so.1.2.11
7fc6e3b26000-7fc6e3b27000 rw-p 0001a000 08:02 7078082                    /usr/lib/x86_64-linux-gnu/libz.so.1.2.11
7fc6e3b27000-7fc6e3b2a000 r--p 00000000 08:02 7080081                    /usr/lib/x86_64-linux-gnu/libnss_files-2.31.so
7fc6e3b2a000-7fc6e3b31000 r-xp 00003000 08:02 7080081                    /usr/lib/x86_64-linux-gnu/libnss_files-2.31.so
7fc6e3b31000-7fc6e3b33000 r--p 0000a000 08:02 7080081                    /usr/lib/x86_64-linux-gnu/libnss_files-2.31.so
7fc6e3b33000-7fc6e3b34000 r--p 0000b000 08:02 7080081                    /usr/lib/x86_64-linux-gnu/libnss_files-2.31.so
7fc6e3b34000-7fc6e3b35000 rw-p 0000c000 08:02 7080081                    /usr/lib/x86_64-linux-gnu/libnss_files-2.31.so
7fc6e3b35000-7fc6e3b3b000 rw-p 00000000 00:00 0 
7fc6e3b3b000-7fc6e3b3c000 ---p 00000000 00:00 0 
7fc6e3b3c000-7fc6e3b3d000 r--p 00000000 00:00 0 
7fc6e3b3d000-7fc6e3b40000 r--p 00000000 08:02 24760668                   /home/jatinbha/sandboxes/jdk/jdk/build/linux-x86_64-server-slowdebug/images/jdk/lib/libjli.so
7fc6e3b40000-7fc6e3b4e000 r-xp 00003000 08:02 24760668                   /home/jatinbha/sandboxes/jdk/jdk/build/linux-x86_64-server-slowdebug/images/jdk/lib/libjli.so
7fc6e3b4e000-7fc6e3b52000 r--p 00011000 08:02 24760668                   /home/jatinbha/sandboxes/jdk/jdk/build/linux-x86_64-server-slowdebug/images/jdk/lib/libjli.so
7fc6e3b52000-7fc6e3b53000 r--p 00014000 08:02 24760668                   /home/jatinbha/sandboxes/jdk/jdk/build/linux-x86_64-server-slowdebug/images/jdk/lib/libjli.so
7fc6e3b53000-7fc6e3b54000 rw-p 00015000 08:02 24760668                   /home/jatinbha/sandboxes/jdk/jdk/build/linux-x86_64-server-slowdebug/images/jdk/lib/libjli.so
7fc6e3b54000-7fc6e3b56000 rw-p 00000000 00:00 0 
7fc6e3b56000-7fc6e3b57000 r--p 00000000 08:02 7080069                    /usr/lib/x86_64-linux-gnu/ld-2.31.so
7fc6e3b57000-7fc6e3b7a000 r-xp 00001000 08:02 7080069                    /usr/lib/x86_64-linux-gnu/ld-2.31.so
7fc6e3b7a000-7fc6e3b82000 r--p 00024000 08:02 7080069                    /usr/lib/x86_64-linux-gnu/ld-2.31.so
7fc6e3b82000-7fc6e3b83000 rwxp 00000000 00:00 0 
7fc6e3b83000-7fc6e3b84000 r--p 0002c000 08:02 7080069                    /usr/lib/x86_64-linux-gnu/ld-2.31.so
7fc6e3b84000-7fc6e3b85000 rw-p 0002d000 08:02 7080069                    /usr/lib/x86_64-linux-gnu/ld-2.31.so
7fc6e3b85000-7fc6e3b86000 rw-p 00000000 00:00 0 
7fff0e3c6000-7fff0e3e7000 rw-p 00000000 00:00 0                          [stack]
7fff0e3f0000-7fff0e3f4000 r--p 00000000 00:00 0                          [vvar]
7fff0e3f4000-7fff0e3f6000 r-xp 00000000 00:00 0                          [vdso]
ffffffffff600000-ffffffffff601000 --xp 00000000 00:00 0                  [vsyscall]
Total number of mappings: 188


VM Arguments:
jvm_args: -XX:+PauseAtStartup -XX:UseAVX=2 -XX:-TieredCompilation -Xbatch --add-modules=jdk.incubator.vector 
java_command: test_rotate_short 0
java_class_path (initial): .
Launcher Type: SUN_STANDARD

[Global flags]
     bool BackgroundCompilation                    = false                                  {pd product} {command line}  A thread requesting compilation is not blocked during compilation
     intx CICompilerCount                          = 18                                        {product} {ergonomic}     Number of compiler threads to run
     uint ConcGCThreads                            = 18                                        {product} {ergonomic}     Number of threads concurrent gc will use
     uint G1ConcRefinementThreads                  = 73                                        {product} {ergonomic}     The number of parallel remembered set update threads. Will be set ergonomically by default.
   size_t G1HeapRegionSize                         = 16777216                                  {product} {ergonomic}     Size of the G1 regions.
   size_t InitialHeapSize                          = 2147483648                                {product} {ergonomic}     Initial heap size (in bytes); zero means use ergonomics
   size_t MarkStackSize                            = 4194304                                   {product} {ergonomic}     Size of marking stack in bytes.
   size_t MarkStackSizeMax                         = 536870912                                 {product} {ergonomic}     Maximum size of marking stack in bytes.
   size_t MaxHeapSize                              = 31675383808                               {product} {ergonomic}     Maximum heap size (in bytes)
   size_t MaxNewSize                               = 18991808512                               {product} {ergonomic}     Maximum new generation size (in bytes), max_uintx means set ergonomically
   size_t MinHeapDeltaBytes                        = 16777216                                  {product} {ergonomic}     The minimum change in heap space due to GC (in bytes)
   size_t MinHeapSize                              = 16777216                                  {product} {ergonomic}     Minimum heap size (in bytes); zero means use ergonomics
    uintx NonNMethodCodeHeapSize                   = 4096                                   {pd product} {ergonomic}     Size of code heap with non-nmethods (in bytes)
    uintx NonProfiledCodeHeapSize                  = 0                                      {pd product} {ergonomic}     Size of code heap with non-profiled methods (in bytes)
     bool PauseAtStartup                           = true                                   {diagnostic} {command line}  Causes the VM to pause at startup time and wait for the pause file to be removed (default: ./vm.paused.<pid>)
    uintx ProfiledCodeHeapSize                     = 0                                      {pd product} {ergonomic}     Size of code heap with profiled methods (in bytes)
   size_t SoftMaxHeapSize                          = 31675383808                            {manageable} {ergonomic}     Soft limit for maximum heap size (in bytes)
     bool THPStackMitigation                       = false                                  {diagnostic} {ergonomic}     If THPs are unconditionally enabled on the system (mode "always"), the JVM will prevent THP from forming in thread stacks. When disabled, the absence of this mitigationallows THPs to form in thread stacks.
     bool TieredCompilation                        = false                                  {pd product} {command line}  Enable tiered compilation
      int UseAVX                                   = 2                                    {ARCH product} {command line}  Highest supported AVX instructions set on x86/x64
     bool UseCompressedOops                        = true                           {product lp64_product} {ergonomic}   Use 32-bit object references in 64-bit VM. lp64_product means flag is always constant in 32 bit VM
     bool UseG1GC                                  = true                                      {product} {ergonomic}     Use the Garbage-First garbage collector

Logging:
Log output configuration:
 #0: stdout all=warning uptime,level,tags foldmultilines=false
 #1: stderr all=off uptime,level,tags foldmultilines=false

Environment Variables:
JAVA_HOME=/home/jatinbha/sandboxes/jdk/jdk/build/linux-x86_64-server-slowdebug/images/jdk/
PATH=/home/jatinbha/sandboxes/jdk/jdk/build/linux-x86_64-server-slowdebug/images/jdk//bin:/home/jatinbha/sandboxes/jdk/jdk/build/linux-x86_64-server-slowdebug/images/jdk//bin:/home/jatinbha/sandboxes/jdk/jdk/build/linux-x86_64-server-release/images/jdk//bin:/home/jatinbha/sandboxes/jdk/jdk/build/linux-x86_64-server-slowdebug/images/jdk//bin:/home/jatinbha/sandboxes/jdk/jdk/build/linux-x86_64-server-release/images/jdk//bin:/home/jatinbha/sandboxes/jdk/jdk/build/linux-x86_64-server-slowdebug/images/jdk//bin:/home/jatinbha/sandboxes/jdk/jdk/build/linux-x86_64-server-fastdebug/images/jdk//bin:/home/jatinbha/.local/bin:/home/jatinbha/bin:/home/jatinbha/softwares/jextract-22:/home/jatinbha/softwares/cmake-3.28.3-linux-x86_64/bin:/home/jatinbha/softwares/cmake-3.26.3-linux-x86_64/bin:/home/jatinbha/softwares/jdk-17.0.2//bin:/home/jatinbha/softwares/thrift-0.16.0/bin:/home/jatinbha/softwares/jdk8u322-b06//bin:/home/jatinbha/softwares/jdk-17//bin:/home/jatinbha/softwares/apache-maven-3.6.3/bin:/home/jatinbha/sandboxes/skara/build/bin:/home/jatinbha/softwares/sde-internal-conf-APX-lin/:/usr/local/sbin:/usr/local/bin:/usr/sbin:/usr/bin:/sbin:/bin:/usr/games:/usr/local/games:/snap/bin
LD_LIBRARY_PATH=/home/jatinbha/softwares:
SHELL=/bin/bash
LANG=en_IN
TERM=xterm-256color

Active Locale:
LC_ALL=en_IN
LC_COLLATE=en_IN
LC_CTYPE=en_IN
LC_MESSAGES=en_IN
LC_MONETARY=en_IN
LC_NUMERIC=en_IN
LC_TIME=en_IN

Signal Handlers:
   SIGSEGV: crash_handler in libjvm.so, mask=11100100010111111101111111111110, flags=SA_RESTART|SA_SIGINFO, unblocked
    SIGBUS: crash_handler in libjvm.so, mask=11100100010111111101111111111110, flags=SA_RESTART|SA_SIGINFO, unblocked
    SIGFPE: crash_handler in libjvm.so, mask=11100100010111111101111111111110, flags=SA_RESTART|SA_SIGINFO, unblocked
   SIGPIPE: javaSignalHandler in libjvm.so, mask=11100100010111111101111111111110, flags=SA_RESTART|SA_SIGINFO, unblocked
   SIGXFSZ: javaSignalHandler in libjvm.so, mask=11100100010111111101111111111110, flags=SA_RESTART|SA_SIGINFO, unblocked
    SIGILL: crash_handler in libjvm.so, mask=11100100010111111101111111111110, flags=SA_RESTART|SA_SIGINFO, unblocked
   SIGUSR2: SR_handler in libjvm.so, mask=00000000000000000000000000000000, flags=SA_RESTART|SA_SIGINFO, unblocked
    SIGHUP: UserHandler in libjvm.so, mask=11100100010111111101111111111110, flags=SA_RESTART|SA_SIGINFO, unblocked
    SIGINT: UserHandler in libjvm.so, mask=11100100010111111101111111111110, flags=SA_RESTART|SA_SIGINFO, unblocked
   SIGTERM: UserHandler in libjvm.so, mask=11100100010111111101111111111110, flags=SA_RESTART|SA_SIGINFO, unblocked
   SIGQUIT: UserHandler in libjvm.so, mask=11100100010111111101111111111110, flags=SA_RESTART|SA_SIGINFO, blocked
   SIGTRAP: crash_handler in libjvm.so, mask=11100100010111111101111111111110, flags=SA_RESTART|SA_SIGINFO, unblocked


Native Memory Tracking:

(Omitting categories weighting less than 1KB)

Total: reserved=32975743KB, committed=2417211KB
       malloc: 205299KB #34180, peak=204826KB #34182
       mmap:   reserved=32770444KB, committed=2211912KB

-                 Java Heap (reserved=30932992KB, committed=2113536KB)
                            (mmap: reserved=30932992KB, committed=2113536KB, at peak)

-                     Class (reserved=1048704KB, committed=320KB)
                            (classes #1090)
                            (  instance classes #939, array classes #151)
                            (malloc=128KB #2388) (peak=128KB #2389)
                            (mmap: reserved=1048576KB, committed=192KB, at peak)
                            (  Metadata:   )
                            (    reserved=65536KB, committed=1920KB)
                            (    used=1894KB)
                            (    waste=26KB =1.34%)
                            (  Class space:)
                            (    reserved=1048576KB, committed=192KB)
                            (    used=84KB)
                            (    waste=108KB =56.02%)

-                    Thread (reserved=16470KB, committed=774KB)
                            (threads #16)
                            (stack: reserved=16420KB, committed=724KB, peak=724KB)
                            (malloc=33KB #99) (peak=41KB #103)
                            (arena=18KB #30) (peak=316KB #30)

-                      Code (reserved=50092KB, committed=3072KB)
                            (malloc=523KB #14674) (peak=524KB #14681)
                            (mmap: reserved=49536KB, committed=2516KB, at peak)
                            (arena=33KB #1) (at peak)

-                        GC (reserved=793722KB, committed=230842KB)
                            (malloc=152766KB #1334) (peak=152766KB #1336)
                            (mmap: reserved=640956KB, committed=78076KB, at peak)

-                 GCCardSet (reserved=35KB, committed=35KB)
                            (malloc=35KB #523) (at peak)

-                  Compiler (reserved=2238KB, committed=2238KB)
                            (malloc=80KB #34) (peak=94KB #32)
                            (arena=2158KB #10) (peak=6141KB #12)

-                  Internal (reserved=47497KB, committed=47497KB)
                            (malloc=47461KB #11705) (peak=47461KB #11706)
                            (mmap: reserved=36KB, committed=36KB, at peak)

-                    Symbol (reserved=1173KB, committed=1173KB)
                            (malloc=813KB #721) (at peak)
                            (arena=360KB #1) (at peak)

-    Native Memory Tracking (reserved=607KB, committed=607KB)
                            (malloc=6KB #59) (at peak)
                            (arena=0KB #0) (peak=128KB #1)
                            (tracking overhead=601KB)

-        Shared class space (reserved=16384KB, committed=14904KB, readonly=0KB)
                            (mmap: reserved=16384KB, committed=14904KB, peak=15124KB)

-               Arena Chunk (reserved=4KB, committed=4KB)
                            (malloc=4KB #110) (peak=6558KB #219)

-                    Module (reserved=201KB, committed=201KB)
                            (malloc=201KB #2127) (at peak)

-                 Safepoint (reserved=8KB, committed=8KB)
                            (mmap: reserved=8KB, committed=8KB, at peak)

-           Synchronization (reserved=47KB, committed=47KB)
                            (malloc=47KB #352) (at peak)

-            Serviceability (reserved=17KB, committed=17KB)
                            (malloc=17KB #10) (peak=17KB #14)

-                 Metaspace (reserved=65551KB, committed=1935KB)
                            (malloc=15KB #17) (at peak)
                            (mmap: reserved=65536KB, committed=1920KB, at peak)

-      String Deduplication (reserved=1KB, committed=1KB)
                            (malloc=1KB #8) (at peak)

-                   Unknown (reserved=0KB, committed=0KB)
                            (mmap: reserved=0KB, committed=0KB, peak=20KB)

Preinit state:entries: 388 (primary: 387, empties: 7804), sum bytes: 15244, longest chain length: 2
pre-init mallocs: 447, pre-init reallocs: 4, pre-init frees: 59
MallocLimit: unset

Periodic native trim disabled

---------------  S Y S T E M  ---------------

OS:
DISTRIB_ID=Ubuntu
DISTRIB_RELEASE=20.04
DISTRIB_CODENAME=focal
DISTRIB_DESCRIPTION="Ubuntu 20.04.2 LTS"
uname: Linux intel-S2600WFT 5.8.0-41-generic #46~20.04.1-Ubuntu SMP Mon Jan 18 17:52:23 UTC 2021 x86_64
OS uptime: 46 days 15:35 hours
libc: glibc 2.31 NPTL 2.31 
rlimit (soft/hard): STACK 8192k/infinity , CORE 0k/infinity , NPROC 3090646/3090646 , NOFILE 1048576/1048576 , AS infinity/infinity , CPU infinity/infinity , DATA infinity/infinity , FSIZE infinity/infinity , MEMLOCK 65536k/65536k
load average: 0.12 1.69 2.68

/proc/meminfo:
MemTotal:       791263988 kB
MemFree:        590942524 kB
MemAvailable:   782276604 kB
Buffers:         5628664 kB
Cached:         177345644 kB
SwapCached:            0 kB
Active:         86825628 kB
Inactive:       97350500 kB
Active(anon):    1197852 kB
Inactive(anon):     8988 kB
Active(file):   85627776 kB
Inactive(file): 97341512 kB
Unevictable:           0 kB
Mlocked:               0 kB
SwapTotal:       2097148 kB
SwapFree:        2097148 kB
Dirty:               212 kB
Writeback:             0 kB
AnonPages:       1202036 kB
Mapped:           456936 kB
Shmem:             11652 kB
KReclaimable:   13418972 kB
Slab:           14822484 kB
SReclaimable:   13418972 kB
SUnreclaim:      1403512 kB
KernelStack:       27264 kB
PageTables:        16096 kB
NFS_Unstable:          0 kB
Bounce:                0 kB
WritebackTmp:          0 kB
CommitLimit:    397729140 kB
Committed_AS:    7626572 kB
VmallocTotal:   34359738367 kB
VmallocUsed:      464788 kB
VmallocChunk:          0 kB
Percpu:           266560 kB
HardwareCorrupted:     0 kB
AnonHugePages:         0 kB
ShmemHugePages:        0 kB
ShmemPmdMapped:        0 kB
FileHugePages:         0 kB
FilePmdMapped:         0 kB
HugePages_Total:       0
HugePages_Free:        0
HugePages_Rsvd:        0
HugePages_Surp:        0
Hugepagesize:       2048 kB
Hugetlb:               0 kB
DirectMap4k:     2360736 kB
DirectMap2M:    146225152 kB
DirectMap1G:    657457152 kB

/sys/kernel/mm/transparent_hugepage/enabled: always [madvise] never
/sys/kernel/mm/transparent_hugepage/hpage_pmd_size: 2097152
/sys/kernel/mm/transparent_hugepage/shmem_enabled: always within_size advise [never] deny force
/sys/kernel/mm/transparent_hugepage/defrag (defrag/compaction efforts parameter): always defer defer+madvise [madvise] never

Process Memory:
Virtual Size: 34216352K (peak: 34216352K)
Resident Set Size: 288232K (peak: 288232K) (anon: 247792K, file: 40440K, shmem: 0K)
Swapped out: 0K
C-Heap outstanding allocations: 206796K, retained: 5855K (may have wrapped)
glibc malloc tunables: (default)

/proc/sys/kernel/threads-max (system-wide limit on the number of threads): 6181293
/proc/sys/vm/max_map_count (maximum number of memory map areas a process may have): 65530
/proc/sys/vm/swappiness (control to define how aggressively the kernel swaps out anonymous memory): 60
/proc/sys/kernel/pid_max (system-wide limit on number of process identifiers): 4194304

container information not found.
Steal ticks since vm start: 0
Steal ticks percentage since vm start:  0.000

CPU: total 112 (initial active 112) (28 cores per cpu, 2 threads per core) family 6 model 85 stepping 7 microcode 0x5003006, cx8, cmov, fxsr, ht, mmx, 3dnowpref, sse, sse2, sse3, ssse3, sse4.1, sse4.2, popcnt, lzcnt, tsc, tscinvbit, avx, avx2, aes, erms, clmul, bmi1, bmi2, adx, fma, vzeroupper, clflush, clflushopt, clwb, rdtscp, f16c, pku, ospke
CPU Model and flags from /proc/cpuinfo:
model name	: Intel(R) Xeon(R) Platinum 8280 CPU @ 2.70GHz
flags		: fpu vme de pse tsc msr pae mce cx8 apic sep mtrr pge mca cmov pat pse36 clflush dts acpi mmx fxsr sse sse2 ss ht tm pbe syscall nx pdpe1gb rdtscp lm constant_tsc art arch_perfmon pebs bts rep_good nopl xtopology nonstop_tsc cpuid aperfmperf pni pclmulqdq dtes64 monitor ds_cpl smx est tm2 ssse3 sdbg fma cx16 xtpr pdcm pcid dca sse4_1 sse4_2 x2apic movbe popcnt tsc_deadline_timer aes xsave avx f16c rdrand lahf_lm abm 3dnowprefetch cpuid_fault epb cat_l3 cdp_l3 invpcid_single ssbd mba ibrs ibpb stibp ibrs_enhanced fsgsbase tsc_adjust bmi1 avx2 smep bmi2 erms invpcid cqm mpx rdt_a avx512f avx512dq rdseed adx smap clflushopt clwb intel_pt avx512cd avx512bw avx512vl xsaveopt xsavec xgetbv1 xsaves cqm_llc cqm_occup_llc cqm_mbm_total cqm_mbm_local dtherm ida arat pln pts hwp hwp_act_window hwp_epp hwp_pkg_req pku ospke avx512_vnni md_clear flush_l1d arch_capabilities

Online cpus: 0-111
Offline cpus: 
cache level: 1
cache type: Data
cache size: 32K
cache coherency line size: 64
cache level: 1
cache type: Instruction
cache size: 32K
cache coherency line size: 64
cache level: 2
cache type: Unified
cache size: 1024K
cache coherency line size: 64
cache level: 3
cache type: Unified
cache size: 39424K
cache coherency line size: 64
BIOS frequency limitation: <Not Available>
Frequency switch latency (ns): 0
Available cpu frequencies: <Not Available>
Maximum cpu frequency: 4000000
Minimum cpu frequency: 1000000
Current cpu frequency: 1918706
Available governors: performance powersave
Current governor: powersave
Core performance/turbo boost: <Not Available>

Memory: 4k page, physical 791263988k(782276604k free), swap 2097148k(2097148k free)
Page Sizes: 4k

vm_info: OpenJDK 64-Bit Server VM (slowdebug 24-internal-adhoc.root.jdk) for linux-amd64 JRE (24-internal-adhoc.root.jdk), built on 2024-09-27T10:01:27Z with gcc 9.3.0

END.
