#
# A fatal error has been detected by the Java Runtime Environment:
#
#  Internal Error (jvmciRuntime.cpp:1636), pid=3802798, tid=3802799
#  fatal error: Fatal JVMCI exception (see JVMCI Events for stack trace): Uncaught exception exiting HotSpot JVMCIEnv scope entered at open/src/hotspot/share/jvmci/jvmciRuntime.cpp:747
#
# JRE version: OpenJDK Runtime Environment (25.0+16) (build 25-ea+16-1816)
# Java VM: OpenJDK 64-Bit Server VM (25-ea+16-1816, mixed mode, sharing, jvmci, jvmci compiler, compressed oops, compressed class ptrs, g1 gc, linux-amd64)
# Problematic frame:
# V  [libjvm.so+0xb36dca]  JVMCIRuntime::fatal_exception(JVMCIEnv*, char const*)+0x7a
#
# Core dump will be written. Default location: Core dumps may be processed with "/usr/share/apport/apport -p%p -s%s -c%c -d%d -P%P -u%u -g%g -- %E" (or dumping to /home/jatinbha/code/java/avx10/graal/core.3802798)
#
# If you would like to submit a bug report, please visit:
#   https://bugreport.java.com/bugreport/crash.jsp
#

---------------  S U M M A R Y ------------

Command Line: --add-modules=jdk.incubator.vector -XX:-TieredCompilation -Xbatch -XX:CompileCommand=Print,test::dot_product -XX:+UnlockExperimentalVMOptions -XX:+EnableJVMCI -XX:+UseJVMCICompiler test 1024

Host: Intel(R) Xeon(R) Platinum 8280 CPU @ 2.70GHz, 112 cores, 754G, Ubuntu 20.04.2 LTS
Time: Mon Mar 31 14:08:01 2025 IST elapsed time: 0.173888 seconds (0d 0h 0m 0s)

---------------  T H R E A D  ---------------

Current thread (0x00007f386c02ae00):  JavaThread "main"             [_thread_in_vm, id=3802799, stack(0x00007f3873a9e000,0x00007f3873b9f000) (1028K)]

Stack: [0x00007f3873a9e000,0x00007f3873b9f000],  sp=0x00007f3873b9ba30,  free space=1014k
Native frames: (J=compiled Java code, j=interpreted, Vv=VM code, C=native code)
V  [libjvm.so+0xb36dca]  JVMCIRuntime::fatal_exception(JVMCIEnv*, char const*)+0x7a  (jvmciRuntime.cpp:1636)
V  [libjvm.so+0xafe62a]  JVMCIEnv::~JVMCIEnv() [clone .part.0]+0x1ca
V  [libjvm.so+0xb38057]  JVMCIRuntime::call_getCompiler(JavaThread*)+0x47
V  [libjvm.so+0xfb70e3]  Threads::create_vm(JavaVMInitArgs*, bool*)+0x8e3
V  [libjvm.so+0xa4492e]  JNI_CreateJavaVM+0x4e
C  [libjli.so+0x3b9f]  JavaMain+0x8f
C  [libjli.so+0x7bd9]  ThreadJavaMain+0x9
Registers:
RAX=0x00007f387550c000, RBX=0x00007f3873b9bad0, RCX=0x00007f3874e71018, RDX=0x0000000000000664
RSP=0x00007f3873b9ba30, RBP=0x00007f3873b9ba60, RSI=0x00007f3874e70728, RDI=0x00000000e0000000
R8 =0x00007f3873b9bad0, R9 =0x00007f3873b9b7c0, R10=0x00007f3874e6fcbd, R11=0x00007f3873b9b676
R12=0x00007f3873b9bc10, R13=0x00007f386c02ae00, R14=0x00007f386c000b60, R15=0x00007f38751ef840
RIP=0x00007f387482edca, EFLAGS=0x0000000000010202, CSGSFS=0x002b000000000033, ERR=0x0000000000000006
  TRAPNO=0x000000000000000e

XMM[0]=0x63617274206b6361 0x74732065726f6d20
XMM[1]=0x00007f386c02b5f8 0x00007f386c02b5e0
XMM[2]=0x0000000000000000 0x0000000000000000
XMM[3]=0x2e6176616a2f6573 0x61622e6176616a20
XMM[4]=0x616e7265746e692e 0x6b646a20656c7564
XMM[5]=0x697672655349434d 0x564a2e7365636976
XMM[6]=0x616c632073736563 0x636120746f6e6e61
XMM[7]=0x75646f6d2064656d 0x616e6e75206e6928
XMM[8]=0x6c20656361727420 0x6b63617473206572
XMM[9]=0x0000000000000000 0x0000000000000000
XMM[10]=0xffffffffffffffff 0xffffffffffffffff
XMM[11]=0x0000000000000001 0x0000000000000001
XMM[12]=0x0000000000000001 0x0000000000000001
XMM[13]=0x0000000000000000 0x0000000000000000
XMM[14]=0x0000000000000000 0x0000000000000000
XMM[15]=0x0000000000000000 0x0000000000000000
  MXCSR=0x00001fa2


Register to memory mapping:

RAX=0x00007f387550c000 points into unknown readable memory: 0x0000000000000058 | 58 00 00 00 00 00 00 00
RBX=0x00007f3873b9bad0 is pointing into the stack for thread: 0x00007f386c02ae00
RCX=0x00007f3874e71018: <offset 0x0000000001179018> in /home/jatinbha/softwares/jdk-25/lib/server/libjvm.so at 0x00007f3873cf8000
RDX=0x0000000000000664 is an unknown value
RSP=0x00007f3873b9ba30 is pointing into the stack for thread: 0x00007f386c02ae00
RBP=0x00007f3873b9ba60 is pointing into the stack for thread: 0x00007f386c02ae00
RSI=0x00007f3874e70728: <offset 0x0000000001178728> in /home/jatinbha/softwares/jdk-25/lib/server/libjvm.so at 0x00007f3873cf8000
RDI=0x00000000e0000000 is an unknown heap location
R8 =0x00007f3873b9bad0 is pointing into the stack for thread: 0x00007f386c02ae00
R9 =0x00007f3873b9b7c0 is pointing into the stack for thread: 0x00007f386c02ae00
R10=0x00007f3874e6fcbd: <offset 0x0000000001177cbd> in /home/jatinbha/softwares/jdk-25/lib/server/libjvm.so at 0x00007f3873cf8000
R11=0x00007f3873b9b676 is pointing into the stack for thread: 0x00007f386c02ae00
R12=0x00007f3873b9bc10 is pointing into the stack for thread: 0x00007f386c02ae00
R13=0x00007f386c02ae00 is a thread
R14=0x00007f386c000b60 points into unknown readable memory: 0x00007f387510d5f8 | f8 d5 10 75 38 7f 00 00
R15=0x00007f38751ef840: <offset 0x00000000014f7840> in /home/jatinbha/softwares/jdk-25/lib/server/libjvm.so at 0x00007f3873cf8000

Top of Stack: (sp=0x00007f3873b9ba30)
0x00007f3873b9ba30:   00007f386c279ca0 00007f3873b9bc10   ..'l8......s8...
0x00007f3873b9ba40:   00007f3873b9bad0 00007f386c279ca0   ...s8.....'l8...
0x00007f3873b9ba50:   0000000000000000 0000000000000000   ................
0x00007f3873b9ba60:   00007f3873b9bc00 00007f38747f662a   ...s8...*f.t8...
0x00007f3873b9ba70:   00007f386c02ae00 fffffffe00000000   ...l8...........
0x00007f3873b9ba80:   0000000000000000 0000000000000000   ................
0x00007f3873b9ba90:   00007f386c279ca0 0000000000000000   ..'l8...........
0x00007f3873b9baa0:   00007f3873b9bc10 00007f386c02ae00   ...s8......l8...
0x00007f3873b9bab0:   00007f386c02ae00 0000000000000000   ...l8...........
0x00007f3873b9bac0:   00007f3873b9bbd0 00007f38747f955b   ...s8...[..t8...
0x00007f3873b9bad0:   7468677561636e55 6974706563786520   Uncaught excepti
0x00007f3873b9bae0:   6974697865206e6f 7053746f4820676e   on exiting HotSp
0x00007f3873b9baf0:   49434d564a20746f 706f637320766e45   ot JVMCIEnv scop
0x00007f3873b9bb00:   657265746e652065 65706f2074612064   e entered at ope
0x00007f3873b9bb10:   6f682f6372732f6e 68732f746f707374   n/src/hotspot/sh
0x00007f3873b9bb20:   636d766a2f657261 5269636d766a2f69   are/jvmci/jvmciR
0x00007f3873b9bb30:   632e656d69746e75 00003734373a7070   untime.cpp:747..
0x00007f3873b9bb40:   00007f3873b9bb90 00007f3873b9bca0   ...s8......s8...
0x00007f3873b9bb50:   00007f38751db508 0000000000000002   ...u8...........
0x00007f3873b9bb60:   0000000000000000 0000000000000000   ................
0x00007f3873b9bb70:   0000000000000000 000000006c02ae00   ...........l....
0x00007f3873b9bb80:   00007f38751db508 0000000000000002   ...u8...........
0x00007f3873b9bb90:   0000000000000000 00007f386c02ae00   ...........l8...
0x00007f3873b9bba0:   0000000000000000 0000000000000000   ................
0x00007f3873b9bbb0:   00007f38751db508 00007f3873b9bc10   ...u8......s8...
0x00007f3873b9bbc0:   00007f386c279ca0 0000000000000000   ..'l8...........
0x00007f3873b9bbd0:   0000000000000000 e9f80dc1871bf600   ................
0x00007f3873b9bbe0:   00007f3873b9bbf0 0000000000000000   ...s8...........
0x00007f3873b9bbf0:   00007f3873b9bc10 00007f386c279ca0   ...s8.....'l8...
0x00007f3873b9bc00:   00007f3873b9bc70 00007f3874830057   p..s8...W..t8...
0x00007f3873b9bc10:   0000000000000000 000000011f010000   ................
0x00007f3873b9bc20:   00007f386c279ca0 00007f386c020001   ..'l8......l8...

Instructions: (pc=0x00007f387482edca)
  0x00007f387482ecca:   8b bf 38 03 00 00 4c 8b 67 20 48 8b 47 28 4c 29
  0x00007f387482ecda:   e0 48 83 f8 07 76 3f 49 8d 44 24 08 48 89 47 20
  0x00007f387482ecea:   4d 89 2c 24 48 89 df e8 8a 4c cc ff 48 8d 05 43
  0x00007f387482ecfa:   0b 9c 00 4c 89 e7 48 8b 30 e8 48 ed e6 ff 48 83
  0x00007f387482ed0a:   c4 08 48 89 df 5b 41 5c 41 5d 5d e9 66 4c cc ff
  0x00007f387482ed1a:   66 0f 1f 44 00 00 31 d2 be 08 00 00 00 e8 d4 d5
  0x00007f387482ed2a:   93 ff 49 89 c4 eb b9 0f 1f 80 00 00 00 00 48 83
  0x00007f387482ed3a:   c4 08 5b 41 5c 41 5d 5d c3 90 66 66 2e 0f 1f 84
  0x00007f387482ed4a:   00 00 00 00 00 90 55 48 89 e5 41 57 41 56 41 55
  0x00007f387482ed5a:   41 54 49 89 fc 53 48 89 f3 48 83 ec 08 66 48 8d
  0x00007f387482ed6a:   3d 99 c7 9a 00 66 66 48 e8 89 e1 78 ff 4c 8b 28
  0x00007f387482ed7a:   8b 05 a8 59 a0 00 85 c0 75 14 ba 01 00 00 00 48
  0x00007f387482ed8a:   8d 0d 98 59 a0 00 f0 0f b1 11 85 c0 74 3c be c8
  0x00007f387482ed9a:   00 00 00 4c 89 ef e8 bb 27 e8 ff 48 8d 05 cc 29
  0x00007f387482edaa:   9b 00 49 89 d8 48 8d 0d 62 22 64 00 ba 64 06 00
  0x00007f387482edba:   00 48 8d 35 66 19 64 00 bf 00 00 00 e0 48 8b 00
=>0x00007f387482edca:   c6 00 58 31 c0 e8 7c 7f be ff 4c 8d 3d 65 0a 9c
  0x00007f387482edda:   00 48 89 df e8 4d e1 78 ff 48 89 de 4d 8b 37 48
  0x00007f387482edea:   89 c2 4c 89 f7 e8 2c f2 28 00 4c 89 f7 e8 24 f4
  0x00007f387482edfa:   28 00 4d 85 e4 74 0d 49 8b 37 4c 89 e7 e8 e4 72
  0x00007f387482ee0a:   fc ff eb 97 4c 89 ef e8 9a fe ff ff eb 8d 0f 1f
  0x00007f387482ee1a:   84 00 00 00 00 00 55 48 89 e5 41 57 41 56 41 55
  0x00007f387482ee2a:   41 54 53 48 81 ec 18 02 00 00 44 8b 3f 64 48 8b
  0x00007f387482ee3a:   04 25 28 00 00 00 48 89 45 c8 31 c0 41 83 ff 02
  0x00007f387482ee4a:   0f 84 47 02 00 00 48 89 fb 49 89 f4 66 48 8d 3d
  0x00007f387482ee5a:   aa c6 9a 00 66 66 48 e8 9a e0 78 ff 48 8b 00 48
  0x00007f387482ee6a:   89 85 20 fe ff ff 48 8b 43 18 48 89 85 28 fe ff
  0x00007f387482ee7a:   ff 48 85 c0 74 15 48 89 c7 e8 78 24 23 00 44 8b
  0x00007f387482ee8a:   3b 41 83 ff 02 0f 84 2b 02 00 00 4c 8d 2d ec d3
  0x00007f387482ee9a:   9e 00 4c 8d 35 b5 21 64 00 eb 3a 0f 1f 00 48 85
  0x00007f387482eeaa:   c0 7f 0d 48 8d 05 a4 3d 9b 00 48 83 38 00 7e 0d
  0x00007f387482eeba:   8b 73 30 4c 89 f7 31 c0 e8 f9 8d f6 ff 48 8b 7b


Stack slot to memory mapping:

stack at sp + 0 slots: 0x00007f386c279ca0 points into unknown readable memory: 0x0000000000000002 | 02 00 00 00 00 00 00 00
stack at sp + 1 slots: 0x00007f3873b9bc10 is pointing into the stack for thread: 0x00007f386c02ae00
stack at sp + 2 slots: 0x00007f3873b9bad0 is pointing into the stack for thread: 0x00007f386c02ae00
stack at sp + 3 slots: 0x00007f386c279ca0 points into unknown readable memory: 0x0000000000000002 | 02 00 00 00 00 00 00 00
stack at sp + 4 slots: 0x0 is null
stack at sp + 5 slots: 0x0 is null
stack at sp + 6 slots: 0x00007f3873b9bc00 is pointing into the stack for thread: 0x00007f386c02ae00
stack at sp + 7 slots: 0x00007f38747f662a: <offset 0x0000000000afe62a> in /home/jatinbha/softwares/jdk-25/lib/server/libjvm.so at 0x00007f3873cf8000

Lock stack of current Java thread (top to bottom):


---------------  P R O C E S S  ---------------

Threads class SMR info:
_java_thread_list=0x00007f37b8053eb0, length=25, elements={
0x00007f386c02ae00, 0x00007f386c28b020, 0x00007f386c28bca0, 0x00007f386c28ce10,
0x00007f386c28dee0, 0x00007f386c28ef10, 0x00007f386c290b70, 0x00007f386c2f1210,
0x00007f37b803b080, 0x00007f37b803c3c0, 0x00007f37b803db60, 0x00007f37b803f310,
0x00007f37b8040ac0, 0x00007f37b8042210, 0x00007f37b8043960, 0x00007f37b8045130,
0x00007f37b8046b80, 0x00007f37b80482c0, 0x00007f37b8049aa0, 0x00007f37b804b290,
0x00007f37b804c9d0, 0x00007f37b804e120, 0x00007f37b804f920, 0x00007f37b8051130,
0x00007f37b8052940
}

Java Threads: ( => current thread )
=>0x00007f386c02ae00 JavaThread "main"                              [_thread_in_vm, id=3802799, stack(0x00007f3873a9e000,0x00007f3873b9f000) (1028K)]
  0x00007f386c28b020 JavaThread "Reference Handler"          daemon [_thread_blocked, id=3802813, stack(0x00007f3825fc1000,0x00007f38260c1000) (1024K)]
  0x00007f386c28bca0 JavaThread "Finalizer"                  daemon [_thread_blocked, id=3802814, stack(0x00007f38264c6000,0x00007f38265c6000) (1024K)]
  0x00007f386c28ce10 JavaThread "Signal Dispatcher"          daemon [_thread_blocked, id=3802815, stack(0x00007f38263c5000,0x00007f38264c5000) (1024K)]
  0x00007f386c28dee0 JavaThread "Service Thread"             daemon [_thread_blocked, id=3802816, stack(0x00007f38261c3000,0x00007f38262c3000) (1024K)]
  0x00007f386c28ef10 JavaThread "Monitor Deflation Thread"   daemon [_thread_blocked, id=3802817, stack(0x00007f38258ce000,0x00007f38259cf000) (1028K)]
  0x00007f386c290b70 JavaThread "JVMCI CompilerThread0"      daemon [_thread_blocked, id=3802818, stack(0x00007f38257cd000,0x00007f38258ce000) (1028K)]
  0x00007f386c2f1210 JavaThread "Common-Cleaner"             daemon [_thread_blocked, id=3802819, stack(0x00007f38255bb000,0x00007f38256bc000) (1028K)]
  0x00007f37b803b080 JavaThread "JVMCI CompilerThread1"      daemon [_thread_blocked, id=3802820, stack(0x00007f382505c000,0x00007f382515d000) (1028K)]
  0x00007f37b803c3c0 JavaThread "JVMCI CompilerThread2"      daemon [_thread_in_vm, id=3802821, stack(0x00007f3824f5b000,0x00007f382505c000) (1028K)]
  0x00007f37b803db60 JavaThread "JVMCI CompilerThread3"      daemon [_thread_blocked, id=3802822, stack(0x00007f3824e5a000,0x00007f3824f5b000) (1028K)]
  0x00007f37b803f310 JavaThread "JVMCI CompilerThread4"      daemon [_thread_blocked, id=3802823, stack(0x00007f3824d59000,0x00007f3824e5a000) (1028K)]
  0x00007f37b8040ac0 JavaThread "JVMCI CompilerThread5"      daemon [_thread_blocked, id=3802824, stack(0x00007f3824c58000,0x00007f3824d59000) (1028K)]
  0x00007f37b8042210 JavaThread "JVMCI CompilerThread6"      daemon [_thread_blocked, id=3802825, stack(0x00007f3824b57000,0x00007f3824c58000) (1028K)]
  0x00007f37b8043960 JavaThread "JVMCI CompilerThread7"      daemon [_thread_blocked, id=3802826, stack(0x00007f3824a56000,0x00007f3824b57000) (1028K)]
  0x00007f37b8045130 JavaThread "JVMCI CompilerThread8"      daemon [_thread_blocked, id=3802827, stack(0x00007f3824955000,0x00007f3824a56000) (1028K)]
  0x00007f37b8046b80 JavaThread "JVMCI CompilerThread9"      daemon [_thread_blocked, id=3802828, stack(0x00007f3824854000,0x00007f3824955000) (1028K)]
  0x00007f37b80482c0 JavaThread "JVMCI CompilerThread10"     daemon [_thread_blocked, id=3802829, stack(0x00007f3824753000,0x00007f3824854000) (1028K)]
  0x00007f37b8049aa0 JavaThread "JVMCI CompilerThread11"     daemon [_thread_blocked, id=3802830, stack(0x00007f3824652000,0x00007f3824753000) (1028K)]
  0x00007f37b804b290 JavaThread "JVMCI CompilerThread12"     daemon [_thread_blocked, id=3802831, stack(0x00007f3824551000,0x00007f3824652000) (1028K)]
  0x00007f37b804c9d0 JavaThread "JVMCI CompilerThread13"     daemon [_thread_blocked, id=3802832, stack(0x00007f3824450000,0x00007f3824551000) (1028K)]
  0x00007f37b804e120 JavaThread "JVMCI CompilerThread14"     daemon [_thread_blocked, id=3802833, stack(0x00007f382434f000,0x00007f3824450000) (1028K)]
  0x00007f37b804f920 JavaThread "JVMCI CompilerThread15"     daemon [_thread_blocked, id=3802834, stack(0x00007f382424e000,0x00007f382434f000) (1028K)]
  0x00007f37b8051130 JavaThread "JVMCI CompilerThread16"     daemon [_thread_blocked, id=3802835, stack(0x00007f382414d000,0x00007f382424e000) (1028K)]
  0x00007f37b8052940 JavaThread "JVMCI CompilerThread17"     daemon [_thread_blocked, id=3802836, stack(0x00007f382404c000,0x00007f382414d000) (1028K)]
Total: 25

Other Threads:
  0x00007f386c281c80 VMThread "VM Thread"                           [id=3802812, stack(0x00007f38262c4000,0x00007f38263c4000) (1024K)]
  0x00007f386c26f520 WatcherThread "VM Periodic Task Thread"        [id=3802811, stack(0x00007f38260c2000,0x00007f38261c2000) (1024K)]
  0x00007f386c064da0 WorkerThread "GC Thread#0"                     [id=3802800, stack(0x00007f38393ee000,0x00007f38394ee000) (1024K)]
  0x00007f386c07c830 ConcurrentGCThread "G1 Main Marker"            [id=3802801, stack(0x00007f38392ed000,0x00007f38393ed000) (1024K)]
  0x00007f386c07d890 WorkerThread "G1 Conc#0"                       [id=3802802, stack(0x00007f38391ec000,0x00007f38392ec000) (1024K)]
  0x00007f386c25d810 ConcurrentGCThread "G1 Refine#0"               [id=3802803, stack(0x00007f38266c8000,0x00007f38267c8000) (1024K)]
  0x00007f386c25e7f0 ConcurrentGCThread "G1 Service"                [id=3802804, stack(0x00007f38265c7000,0x00007f38266c7000) (1024K)]
Total: 7

Threads with active compile tasks:
JVMCI CompilerThread0  177  102             java.util.HashMap::putVal (300 bytes)
JVMCI CompilerThread1  177  107 %           jdk.internal.util.ArraysSupport::unsignedHashCode @ 8 (36 bytes)
JVMCI CompilerThread2  177   32             java.util.ImmutableCollections$SetN$SetNIterator::next (90 bytes)
JVMCI CompilerThread3  177  113 %           java.lang.StringCoding::countPositives @ 7 (33 bytes)
JVMCI CompilerThread4  177   52             jdk.internal.misc.Unsafe::getShortUnaligned (12 bytes)
JVMCI CompilerThread5  177   53             jdk.internal.misc.Unsafe::getShortUnaligned (33 bytes)
JVMCI CompilerThread6  177   55             java.lang.Short::toUnsignedInt (5 bytes)
JVMCI CompilerThread7  177   54             jdk.internal.misc.Unsafe::convEndian (16 bytes)
JVMCI CompilerThread8  177   58             java.util.zip.ZipUtils::get32 (40 bytes)
JVMCI CompilerThread9  177   57             jdk.internal.misc.Unsafe::getIntUnaligned (83 bytes)
JVMCI CompilerThread10  177   59             jdk.internal.misc.Unsafe::getIntUnaligned (12 bytes)
JVMCI CompilerThread11  177   92             java.lang.StringLatin1::charAt (15 bytes)
JVMCI CompilerThread12  177   61             java.lang.Integer::toUnsignedLong (7 bytes)
JVMCI CompilerThread13  177   56             jdk.internal.misc.Unsafe::makeShort (26 bytes)
JVMCI CompilerThread14  177   60             jdk.internal.misc.Unsafe::convEndian (16 bytes)
JVMCI CompilerThread15  177   90             java.lang.String::checkIndex (10 bytes)
JVMCI CompilerThread16  177   91             java.lang.String::charAt (25 bytes)
JVMCI CompilerThread17  177  106             java.lang.StringLatin1::equals (36 bytes)
Total: 18

VM state: not at safepoint (normal execution)

VM Mutex/Monitor currently owned by a thread: None

Heap address: 0x00000000a0000000, size: 30208 MB, Compressed Oops mode: Zero based, Oop shift amount: 3

CDS archive(s) mapped at: [0x00007f37d6000000-0x00007f37d6d2c000-0x00007f37d6d2c000), size 13811712, SharedBaseAddress: 0x00007f37d6000000, ArchiveRelocationMode: 1.
Compressed class space mapped at: 0x00007f37d7000000-0x00007f3817000000, reserved size: 1073741824
UseCompressedClassPointers 1, UseCompactObjectHeaders 0
Narrow klass pointer bits 32, Max shift 3
Narrow klass base: 0x00007f37d6000000, Narrow klass shift: 0
Encoding Range: [0x00007f37d6000000 - 0x00007f38d6000000), (4294967296 bytes)
Klass Range:    [0x00007f37d6000000 - 0x00007f3817000000), (1090519040 bytes)
Klass ID Range:  [8 - 1090519033) (1090519025)

GC Precious Log:
 CardTable entry size: 512
 Card Set container configuration: InlinePtr #cards 3 size 8 Array Of Cards #cards 128 size 272 Howl #buckets 8 coarsen threshold 29491 Howl Bitmap #cards 4096 size 528 coarsen threshold 3686 Card regions per heap region 1 cards per card region 32768
 CPUs: 112 total, 112 available
 Memory: 754G
 Large Page Support: Disabled
 NUMA Support: Disabled
 Compressed Oops: Enabled (Zero based)
 Heap Region Size: 16M
 Heap Min Capacity: 16M
 Heap Initial Capacity: 2G
 Heap Max Capacity: 30208M
 Pre-touch: Disabled
 Parallel Workers: 73
 Concurrent Workers: 18
 Concurrent Refinement Workers: 73
 Periodic GC: Disabled

Heap:
 garbage-first heap   total reserved 30932992K, committed 2113536K, used 1137K [0x00000000a0000000, 0x0000000800000000)
  region size 16384K, 1 young (16384K), 0 survivors (0K)
 Metaspace       used 1357K, committed 1536K, reserved 1114112K
  class space    used 91K, committed 192K, reserved 1048576K

Heap Regions: E=young(eden), S=young(survivor), O=old, HS=humongous(starts), HC=humongous(continues), CS=collection set, F=free, TAMS=top-at-mark-start, PB=parsable bottom
|   0|0x00000000a0000000, 0x00000000a0000000, 0x00000000a1000000|  0%| F|  |TAMS 0x00000000a0000000| PB 0x00000000a0000000| Untracked |  0
|   1|0x00000000a1000000, 0x00000000a1000000, 0x00000000a2000000|  0%| F|  |TAMS 0x00000000a1000000| PB 0x00000000a1000000| Untracked |  0
|   2|0x00000000a2000000, 0x00000000a2000000, 0x00000000a3000000|  0%| F|  |TAMS 0x00000000a2000000| PB 0x00000000a2000000| Untracked |  0
|   3|0x00000000a3000000, 0x00000000a3000000, 0x00000000a4000000|  0%| F|  |TAMS 0x00000000a3000000| PB 0x00000000a3000000| Untracked |  0
|   4|0x00000000a4000000, 0x00000000a4000000, 0x00000000a5000000|  0%| F|  |TAMS 0x00000000a4000000| PB 0x00000000a4000000| Untracked |  0
|   5|0x00000000a5000000, 0x00000000a5000000, 0x00000000a6000000|  0%| F|  |TAMS 0x00000000a5000000| PB 0x00000000a5000000| Untracked |  0
|   6|0x00000000a6000000, 0x00000000a6000000, 0x00000000a7000000|  0%| F|  |TAMS 0x00000000a6000000| PB 0x00000000a6000000| Untracked |  0
|   7|0x00000000a7000000, 0x00000000a7000000, 0x00000000a8000000|  0%| F|  |TAMS 0x00000000a7000000| PB 0x00000000a7000000| Untracked |  0
|   8|0x00000000a8000000, 0x00000000a8000000, 0x00000000a9000000|  0%| F|  |TAMS 0x00000000a8000000| PB 0x00000000a8000000| Untracked |  0
|   9|0x00000000a9000000, 0x00000000a9000000, 0x00000000aa000000|  0%| F|  |TAMS 0x00000000a9000000| PB 0x00000000a9000000| Untracked |  0
|  10|0x00000000aa000000, 0x00000000aa000000, 0x00000000ab000000|  0%| F|  |TAMS 0x00000000aa000000| PB 0x00000000aa000000| Untracked |  0
|  11|0x00000000ab000000, 0x00000000ab000000, 0x00000000ac000000|  0%| F|  |TAMS 0x00000000ab000000| PB 0x00000000ab000000| Untracked |  0
|  12|0x00000000ac000000, 0x00000000ac000000, 0x00000000ad000000|  0%| F|  |TAMS 0x00000000ac000000| PB 0x00000000ac000000| Untracked |  0
|  13|0x00000000ad000000, 0x00000000ad000000, 0x00000000ae000000|  0%| F|  |TAMS 0x00000000ad000000| PB 0x00000000ad000000| Untracked |  0
|  14|0x00000000ae000000, 0x00000000ae000000, 0x00000000af000000|  0%| F|  |TAMS 0x00000000ae000000| PB 0x00000000ae000000| Untracked |  0
|  15|0x00000000af000000, 0x00000000af000000, 0x00000000b0000000|  0%| F|  |TAMS 0x00000000af000000| PB 0x00000000af000000| Untracked |  0
|  16|0x00000000b0000000, 0x00000000b0000000, 0x00000000b1000000|  0%| F|  |TAMS 0x00000000b0000000| PB 0x00000000b0000000| Untracked |  0
|  17|0x00000000b1000000, 0x00000000b1000000, 0x00000000b2000000|  0%| F|  |TAMS 0x00000000b1000000| PB 0x00000000b1000000| Untracked |  0
|  18|0x00000000b2000000, 0x00000000b2000000, 0x00000000b3000000|  0%| F|  |TAMS 0x00000000b2000000| PB 0x00000000b2000000| Untracked |  0
|  19|0x00000000b3000000, 0x00000000b3000000, 0x00000000b4000000|  0%| F|  |TAMS 0x00000000b3000000| PB 0x00000000b3000000| Untracked |  0
|  20|0x00000000b4000000, 0x00000000b4000000, 0x00000000b5000000|  0%| F|  |TAMS 0x00000000b4000000| PB 0x00000000b4000000| Untracked |  0
|  21|0x00000000b5000000, 0x00000000b5000000, 0x00000000b6000000|  0%| F|  |TAMS 0x00000000b5000000| PB 0x00000000b5000000| Untracked |  0
|  22|0x00000000b6000000, 0x00000000b6000000, 0x00000000b7000000|  0%| F|  |TAMS 0x00000000b6000000| PB 0x00000000b6000000| Untracked |  0
|  23|0x00000000b7000000, 0x00000000b7000000, 0x00000000b8000000|  0%| F|  |TAMS 0x00000000b7000000| PB 0x00000000b7000000| Untracked |  0
|  24|0x00000000b8000000, 0x00000000b8000000, 0x00000000b9000000|  0%| F|  |TAMS 0x00000000b8000000| PB 0x00000000b8000000| Untracked |  0
|  25|0x00000000b9000000, 0x00000000b9000000, 0x00000000ba000000|  0%| F|  |TAMS 0x00000000b9000000| PB 0x00000000b9000000| Untracked |  0
|  26|0x00000000ba000000, 0x00000000ba000000, 0x00000000bb000000|  0%| F|  |TAMS 0x00000000ba000000| PB 0x00000000ba000000| Untracked |  0
|  27|0x00000000bb000000, 0x00000000bb000000, 0x00000000bc000000|  0%| F|  |TAMS 0x00000000bb000000| PB 0x00000000bb000000| Untracked |  0
|  28|0x00000000bc000000, 0x00000000bc000000, 0x00000000bd000000|  0%| F|  |TAMS 0x00000000bc000000| PB 0x00000000bc000000| Untracked |  0
|  29|0x00000000bd000000, 0x00000000bd000000, 0x00000000be000000|  0%| F|  |TAMS 0x00000000bd000000| PB 0x00000000bd000000| Untracked |  0
|  30|0x00000000be000000, 0x00000000be000000, 0x00000000bf000000|  0%| F|  |TAMS 0x00000000be000000| PB 0x00000000be000000| Untracked |  0
|  31|0x00000000bf000000, 0x00000000bf000000, 0x00000000c0000000|  0%| F|  |TAMS 0x00000000bf000000| PB 0x00000000bf000000| Untracked |  0
|  32|0x00000000c0000000, 0x00000000c0000000, 0x00000000c1000000|  0%| F|  |TAMS 0x00000000c0000000| PB 0x00000000c0000000| Untracked |  0
|  33|0x00000000c1000000, 0x00000000c1000000, 0x00000000c2000000|  0%| F|  |TAMS 0x00000000c1000000| PB 0x00000000c1000000| Untracked |  0
|  34|0x00000000c2000000, 0x00000000c2000000, 0x00000000c3000000|  0%| F|  |TAMS 0x00000000c2000000| PB 0x00000000c2000000| Untracked |  0
|  35|0x00000000c3000000, 0x00000000c3000000, 0x00000000c4000000|  0%| F|  |TAMS 0x00000000c3000000| PB 0x00000000c3000000| Untracked |  0
|  36|0x00000000c4000000, 0x00000000c4000000, 0x00000000c5000000|  0%| F|  |TAMS 0x00000000c4000000| PB 0x00000000c4000000| Untracked |  0
|  37|0x00000000c5000000, 0x00000000c5000000, 0x00000000c6000000|  0%| F|  |TAMS 0x00000000c5000000| PB 0x00000000c5000000| Untracked |  0
|  38|0x00000000c6000000, 0x00000000c6000000, 0x00000000c7000000|  0%| F|  |TAMS 0x00000000c6000000| PB 0x00000000c6000000| Untracked |  0
|  39|0x00000000c7000000, 0x00000000c7000000, 0x00000000c8000000|  0%| F|  |TAMS 0x00000000c7000000| PB 0x00000000c7000000| Untracked |  0
|  40|0x00000000c8000000, 0x00000000c8000000, 0x00000000c9000000|  0%| F|  |TAMS 0x00000000c8000000| PB 0x00000000c8000000| Untracked |  0
|  41|0x00000000c9000000, 0x00000000c9000000, 0x00000000ca000000|  0%| F|  |TAMS 0x00000000c9000000| PB 0x00000000c9000000| Untracked |  0
|  42|0x00000000ca000000, 0x00000000ca000000, 0x00000000cb000000|  0%| F|  |TAMS 0x00000000ca000000| PB 0x00000000ca000000| Untracked |  0
|  43|0x00000000cb000000, 0x00000000cb000000, 0x00000000cc000000|  0%| F|  |TAMS 0x00000000cb000000| PB 0x00000000cb000000| Untracked |  0
|  44|0x00000000cc000000, 0x00000000cc000000, 0x00000000cd000000|  0%| F|  |TAMS 0x00000000cc000000| PB 0x00000000cc000000| Untracked |  0
|  45|0x00000000cd000000, 0x00000000cd000000, 0x00000000ce000000|  0%| F|  |TAMS 0x00000000cd000000| PB 0x00000000cd000000| Untracked |  0
|  46|0x00000000ce000000, 0x00000000ce000000, 0x00000000cf000000|  0%| F|  |TAMS 0x00000000ce000000| PB 0x00000000ce000000| Untracked |  0
|  47|0x00000000cf000000, 0x00000000cf000000, 0x00000000d0000000|  0%| F|  |TAMS 0x00000000cf000000| PB 0x00000000cf000000| Untracked |  0
|  48|0x00000000d0000000, 0x00000000d0000000, 0x00000000d1000000|  0%| F|  |TAMS 0x00000000d0000000| PB 0x00000000d0000000| Untracked |  0
|  49|0x00000000d1000000, 0x00000000d1000000, 0x00000000d2000000|  0%| F|  |TAMS 0x00000000d1000000| PB 0x00000000d1000000| Untracked |  0
|  50|0x00000000d2000000, 0x00000000d2000000, 0x00000000d3000000|  0%| F|  |TAMS 0x00000000d2000000| PB 0x00000000d2000000| Untracked |  0
|  51|0x00000000d3000000, 0x00000000d3000000, 0x00000000d4000000|  0%| F|  |TAMS 0x00000000d3000000| PB 0x00000000d3000000| Untracked |  0
|  52|0x00000000d4000000, 0x00000000d4000000, 0x00000000d5000000|  0%| F|  |TAMS 0x00000000d4000000| PB 0x00000000d4000000| Untracked |  0
|  53|0x00000000d5000000, 0x00000000d5000000, 0x00000000d6000000|  0%| F|  |TAMS 0x00000000d5000000| PB 0x00000000d5000000| Untracked |  0
|  54|0x00000000d6000000, 0x00000000d6000000, 0x00000000d7000000|  0%| F|  |TAMS 0x00000000d6000000| PB 0x00000000d6000000| Untracked |  0
|  55|0x00000000d7000000, 0x00000000d7000000, 0x00000000d8000000|  0%| F|  |TAMS 0x00000000d7000000| PB 0x00000000d7000000| Untracked |  0
|  56|0x00000000d8000000, 0x00000000d8000000, 0x00000000d9000000|  0%| F|  |TAMS 0x00000000d8000000| PB 0x00000000d8000000| Untracked |  0
|  57|0x00000000d9000000, 0x00000000d9000000, 0x00000000da000000|  0%| F|  |TAMS 0x00000000d9000000| PB 0x00000000d9000000| Untracked |  0
|  58|0x00000000da000000, 0x00000000da000000, 0x00000000db000000|  0%| F|  |TAMS 0x00000000da000000| PB 0x00000000da000000| Untracked |  0
|  59|0x00000000db000000, 0x00000000db000000, 0x00000000dc000000|  0%| F|  |TAMS 0x00000000db000000| PB 0x00000000db000000| Untracked |  0
|  60|0x00000000dc000000, 0x00000000dc000000, 0x00000000dd000000|  0%| F|  |TAMS 0x00000000dc000000| PB 0x00000000dc000000| Untracked |  0
|  61|0x00000000dd000000, 0x00000000dd000000, 0x00000000de000000|  0%| F|  |TAMS 0x00000000dd000000| PB 0x00000000dd000000| Untracked |  0
|  62|0x00000000de000000, 0x00000000de000000, 0x00000000df000000|  0%| F|  |TAMS 0x00000000de000000| PB 0x00000000de000000| Untracked |  0
|  63|0x00000000df000000, 0x00000000df000000, 0x00000000e0000000|  0%| F|  |TAMS 0x00000000df000000| PB 0x00000000df000000| Untracked |  0
|  64|0x00000000e0000000, 0x00000000e0000000, 0x00000000e1000000|  0%| F|  |TAMS 0x00000000e0000000| PB 0x00000000e0000000| Untracked |  0
|  65|0x00000000e1000000, 0x00000000e1000000, 0x00000000e2000000|  0%| F|  |TAMS 0x00000000e1000000| PB 0x00000000e1000000| Untracked |  0
|  66|0x00000000e2000000, 0x00000000e2000000, 0x00000000e3000000|  0%| F|  |TAMS 0x00000000e2000000| PB 0x00000000e2000000| Untracked |  0
|  67|0x00000000e3000000, 0x00000000e3000000, 0x00000000e4000000|  0%| F|  |TAMS 0x00000000e3000000| PB 0x00000000e3000000| Untracked |  0
|  68|0x00000000e4000000, 0x00000000e4000000, 0x00000000e5000000|  0%| F|  |TAMS 0x00000000e4000000| PB 0x00000000e4000000| Untracked |  0
|  69|0x00000000e5000000, 0x00000000e5000000, 0x00000000e6000000|  0%| F|  |TAMS 0x00000000e5000000| PB 0x00000000e5000000| Untracked |  0
|  70|0x00000000e6000000, 0x00000000e6000000, 0x00000000e7000000|  0%| F|  |TAMS 0x00000000e6000000| PB 0x00000000e6000000| Untracked |  0
|  71|0x00000000e7000000, 0x00000000e7000000, 0x00000000e8000000|  0%| F|  |TAMS 0x00000000e7000000| PB 0x00000000e7000000| Untracked |  0
|  72|0x00000000e8000000, 0x00000000e8000000, 0x00000000e9000000|  0%| F|  |TAMS 0x00000000e8000000| PB 0x00000000e8000000| Untracked |  0
|  73|0x00000000e9000000, 0x00000000e9000000, 0x00000000ea000000|  0%| F|  |TAMS 0x00000000e9000000| PB 0x00000000e9000000| Untracked |  0
|  74|0x00000000ea000000, 0x00000000ea000000, 0x00000000eb000000|  0%| F|  |TAMS 0x00000000ea000000| PB 0x00000000ea000000| Untracked |  0
|  75|0x00000000eb000000, 0x00000000eb000000, 0x00000000ec000000|  0%| F|  |TAMS 0x00000000eb000000| PB 0x00000000eb000000| Untracked |  0
|  76|0x00000000ec000000, 0x00000000ec000000, 0x00000000ed000000|  0%| F|  |TAMS 0x00000000ec000000| PB 0x00000000ec000000| Untracked |  0
|  77|0x00000000ed000000, 0x00000000ed000000, 0x00000000ee000000|  0%| F|  |TAMS 0x00000000ed000000| PB 0x00000000ed000000| Untracked |  0
|  78|0x00000000ee000000, 0x00000000ee000000, 0x00000000ef000000|  0%| F|  |TAMS 0x00000000ee000000| PB 0x00000000ee000000| Untracked |  0
|  79|0x00000000ef000000, 0x00000000ef000000, 0x00000000f0000000|  0%| F|  |TAMS 0x00000000ef000000| PB 0x00000000ef000000| Untracked |  0
|  80|0x00000000f0000000, 0x00000000f0000000, 0x00000000f1000000|  0%| F|  |TAMS 0x00000000f0000000| PB 0x00000000f0000000| Untracked |  0
|  81|0x00000000f1000000, 0x00000000f1000000, 0x00000000f2000000|  0%| F|  |TAMS 0x00000000f1000000| PB 0x00000000f1000000| Untracked |  0
|  82|0x00000000f2000000, 0x00000000f2000000, 0x00000000f3000000|  0%| F|  |TAMS 0x00000000f2000000| PB 0x00000000f2000000| Untracked |  0
|  83|0x00000000f3000000, 0x00000000f3000000, 0x00000000f4000000|  0%| F|  |TAMS 0x00000000f3000000| PB 0x00000000f3000000| Untracked |  0
|  84|0x00000000f4000000, 0x00000000f4000000, 0x00000000f5000000|  0%| F|  |TAMS 0x00000000f4000000| PB 0x00000000f4000000| Untracked |  0
|  85|0x00000000f5000000, 0x00000000f5000000, 0x00000000f6000000|  0%| F|  |TAMS 0x00000000f5000000| PB 0x00000000f5000000| Untracked |  0
|  86|0x00000000f6000000, 0x00000000f6000000, 0x00000000f7000000|  0%| F|  |TAMS 0x00000000f6000000| PB 0x00000000f6000000| Untracked |  0
|  87|0x00000000f7000000, 0x00000000f7000000, 0x00000000f8000000|  0%| F|  |TAMS 0x00000000f7000000| PB 0x00000000f7000000| Untracked |  0
|  88|0x00000000f8000000, 0x00000000f8000000, 0x00000000f9000000|  0%| F|  |TAMS 0x00000000f8000000| PB 0x00000000f8000000| Untracked |  0
|  89|0x00000000f9000000, 0x00000000f9000000, 0x00000000fa000000|  0%| F|  |TAMS 0x00000000f9000000| PB 0x00000000f9000000| Untracked |  0
|  90|0x00000000fa000000, 0x00000000fa000000, 0x00000000fb000000|  0%| F|  |TAMS 0x00000000fa000000| PB 0x00000000fa000000| Untracked |  0
|  91|0x00000000fb000000, 0x00000000fb000000, 0x00000000fc000000|  0%| F|  |TAMS 0x00000000fb000000| PB 0x00000000fb000000| Untracked |  0
|  92|0x00000000fc000000, 0x00000000fc000000, 0x00000000fd000000|  0%| F|  |TAMS 0x00000000fc000000| PB 0x00000000fc000000| Untracked |  0
|  93|0x00000000fd000000, 0x00000000fd000000, 0x00000000fe000000|  0%| F|  |TAMS 0x00000000fd000000| PB 0x00000000fd000000| Untracked |  0
|  94|0x00000000fe000000, 0x00000000fe000000, 0x00000000ff000000|  0%| F|  |TAMS 0x00000000fe000000| PB 0x00000000fe000000| Untracked |  0
|  95|0x00000000ff000000, 0x00000000ff000000, 0x0000000100000000|  0%| F|  |TAMS 0x00000000ff000000| PB 0x00000000ff000000| Untracked |  0
|  96|0x0000000100000000, 0x0000000100000000, 0x0000000101000000|  0%| F|  |TAMS 0x0000000100000000| PB 0x0000000100000000| Untracked |  0
|  97|0x0000000101000000, 0x0000000101000000, 0x0000000102000000|  0%| F|  |TAMS 0x0000000101000000| PB 0x0000000101000000| Untracked |  0
|  98|0x0000000102000000, 0x0000000102000000, 0x0000000103000000|  0%| F|  |TAMS 0x0000000102000000| PB 0x0000000102000000| Untracked |  0
|  99|0x0000000103000000, 0x0000000103000000, 0x0000000104000000|  0%| F|  |TAMS 0x0000000103000000| PB 0x0000000103000000| Untracked |  0
| 100|0x0000000104000000, 0x0000000104000000, 0x0000000105000000|  0%| F|  |TAMS 0x0000000104000000| PB 0x0000000104000000| Untracked |  0
| 101|0x0000000105000000, 0x0000000105000000, 0x0000000106000000|  0%| F|  |TAMS 0x0000000105000000| PB 0x0000000105000000| Untracked |  0
| 102|0x0000000106000000, 0x0000000106000000, 0x0000000107000000|  0%| F|  |TAMS 0x0000000106000000| PB 0x0000000106000000| Untracked |  0
| 103|0x0000000107000000, 0x0000000107000000, 0x0000000108000000|  0%| F|  |TAMS 0x0000000107000000| PB 0x0000000107000000| Untracked |  0
| 104|0x0000000108000000, 0x0000000108000000, 0x0000000109000000|  0%| F|  |TAMS 0x0000000108000000| PB 0x0000000108000000| Untracked |  0
| 105|0x0000000109000000, 0x0000000109000000, 0x000000010a000000|  0%| F|  |TAMS 0x0000000109000000| PB 0x0000000109000000| Untracked |  0
| 106|0x000000010a000000, 0x000000010a000000, 0x000000010b000000|  0%| F|  |TAMS 0x000000010a000000| PB 0x000000010a000000| Untracked |  0
| 107|0x000000010b000000, 0x000000010b000000, 0x000000010c000000|  0%| F|  |TAMS 0x000000010b000000| PB 0x000000010b000000| Untracked |  0
| 108|0x000000010c000000, 0x000000010c000000, 0x000000010d000000|  0%| F|  |TAMS 0x000000010c000000| PB 0x000000010c000000| Untracked |  0
| 109|0x000000010d000000, 0x000000010d000000, 0x000000010e000000|  0%| F|  |TAMS 0x000000010d000000| PB 0x000000010d000000| Untracked |  0
| 110|0x000000010e000000, 0x000000010e000000, 0x000000010f000000|  0%| F|  |TAMS 0x000000010e000000| PB 0x000000010e000000| Untracked |  0
| 111|0x000000010f000000, 0x000000010f000000, 0x0000000110000000|  0%| F|  |TAMS 0x000000010f000000| PB 0x000000010f000000| Untracked |  0
| 112|0x0000000110000000, 0x0000000110000000, 0x0000000111000000|  0%| F|  |TAMS 0x0000000110000000| PB 0x0000000110000000| Untracked |  0
| 113|0x0000000111000000, 0x0000000111000000, 0x0000000112000000|  0%| F|  |TAMS 0x0000000111000000| PB 0x0000000111000000| Untracked |  0
| 114|0x0000000112000000, 0x0000000112000000, 0x0000000113000000|  0%| F|  |TAMS 0x0000000112000000| PB 0x0000000112000000| Untracked |  0
| 115|0x0000000113000000, 0x0000000113000000, 0x0000000114000000|  0%| F|  |TAMS 0x0000000113000000| PB 0x0000000113000000| Untracked |  0
| 116|0x0000000114000000, 0x0000000114000000, 0x0000000115000000|  0%| F|  |TAMS 0x0000000114000000| PB 0x0000000114000000| Untracked |  0
| 117|0x0000000115000000, 0x0000000115000000, 0x0000000116000000|  0%| F|  |TAMS 0x0000000115000000| PB 0x0000000115000000| Untracked |  0
| 118|0x0000000116000000, 0x0000000116000000, 0x0000000117000000|  0%| F|  |TAMS 0x0000000116000000| PB 0x0000000116000000| Untracked |  0
| 119|0x0000000117000000, 0x0000000117000000, 0x0000000118000000|  0%| F|  |TAMS 0x0000000117000000| PB 0x0000000117000000| Untracked |  0
| 120|0x0000000118000000, 0x0000000118000000, 0x0000000119000000|  0%| F|  |TAMS 0x0000000118000000| PB 0x0000000118000000| Untracked |  0
| 121|0x0000000119000000, 0x0000000119000000, 0x000000011a000000|  0%| F|  |TAMS 0x0000000119000000| PB 0x0000000119000000| Untracked |  0
| 122|0x000000011a000000, 0x000000011a000000, 0x000000011b000000|  0%| F|  |TAMS 0x000000011a000000| PB 0x000000011a000000| Untracked |  0
| 123|0x000000011b000000, 0x000000011b000000, 0x000000011c000000|  0%| F|  |TAMS 0x000000011b000000| PB 0x000000011b000000| Untracked |  0
| 124|0x000000011c000000, 0x000000011c000000, 0x000000011d000000|  0%| F|  |TAMS 0x000000011c000000| PB 0x000000011c000000| Untracked |  0
| 125|0x000000011d000000, 0x000000011d000000, 0x000000011e000000|  0%| F|  |TAMS 0x000000011d000000| PB 0x000000011d000000| Untracked |  0
| 126|0x000000011e000000, 0x000000011e000000, 0x000000011f000000|  0%| F|  |TAMS 0x000000011e000000| PB 0x000000011e000000| Untracked |  0
| 127|0x000000011f000000, 0x0000000120000000, 0x0000000120000000|100%| E|  |TAMS 0x000000011f000000| PB 0x000000011f000000| Complete |  0
|1887|0x00000007ff000000, 0x00000007ff11c4b8, 0x0000000800000000|  6%| O|  |TAMS 0x00000007ff000000| PB 0x00000007ff000000| Untracked |  0

Card table byte_map: [0x00007f38570dd000,0x00007f385abdd000] _byte_map_base: 0x00007f3856bdd000

Marking Bits: (CMBitMap*) 0x00007f386c0658e0
 Bits: [0x00007f38398dd000, 0x00007f38570dd000)

Polling page: 0x00007f38754cb000

Metaspace:

Usage:
  Non-class:      1.24 MB used.
      Class:     91.13 KB used.
       Both:      1.33 MB used.

Virtual space:
  Non-class space:       64.00 MB reserved,       1.31 MB (  2%) committed,  1 nodes.
      Class space:        1.00 GB reserved,     192.00 KB ( <1%) committed,  1 nodes.
             Both:        1.06 GB reserved,       1.50 MB ( <1%) committed. 

Chunk freelists:
   Non-Class:  11.99 MB
       Class:  15.75 MB
        Both:  27.74 MB

MaxMetaspaceSize: unlimited
CompressedClassSpaceSize: 1.00 GB
Initial GC threshold: 21.00 MB
Current GC threshold: 21.00 MB
CDS: on
 - commit_granule_bytes: 65536.
 - commit_granule_words: 8192.
 - virtual_space_node_default_size: 8388608.
 - enlarge_chunks_in_place: 1.
UseCompressedClassPointers 1, UseCompactObjectHeaders 0
Narrow klass pointer bits 32, Max shift 3
Narrow klass base: 0x00007f37d6000000, Narrow klass shift: 0
Encoding Range: [0x00007f37d6000000 - 0x00007f38d6000000), (4294967296 bytes)
Klass Range:    [0x00007f37d6000000 - 0x00007f3817000000), (1090519040 bytes)
Klass ID Range:  [8 - 1090519033) (1090519025)


Internal statistics:

num_allocs_failed_limit: 0.
num_arena_births: 8.
num_arena_deaths: 0.
num_vsnodes_births: 2.
num_vsnodes_deaths: 0.
num_space_committed: 24.
num_space_uncommitted: 0.
num_chunks_returned_to_freelist: 0.
num_chunks_taken_from_freelist: 9.
num_chunk_merges: 0.
num_chunk_splits: 5.
num_chunks_enlarged: 2.
num_inconsistent_stats: 0.

CodeCache: size=65536Kb used=831Kb max_used=831Kb free=64704Kb
 bounds [0x00007f385f7da000, 0x00007f38607da000, 0x00007f38637da000]
 total_blobs=402, nmethods=39, adapters=327, full_count=0
Compilation: enabled, stopped_count=0, restarted_count=0

JVMCI Events (17 events):
Event: 0.012 Thread 0x00007f386c02ae00 created new Java JVMCI runtime -1 (0x00007f386c279ca0)
Event: 0.054 Thread 0x00007f386c02ae00 initializing JVMCI runtime -1
Event: 0.055 Thread 0x00007f386c02ae00 initializing JavaVM references in JVMCI runtime -1
Event: 0.061 Thread 0x00007f386c290b70 waiting for initialization of JVMCI runtime -1
Event: 0.124 Thread 0x00007f386c02ae00 initialized JavaVM references in JVMCI runtime -1
Event: 0.124 Thread 0x00007f386c02ae00 initialized JVMCI runtime -1
Event: 0.124 Thread 0x00007f386c290b70 done waiting for initialization of JVMCI runtime -1
Event: 0.146 Thread 0x00007f386c02ae00 java.lang.IllegalAccessError: superclass access check failed: class jdk.graal.compiler.hotspot.HotSpotGraalJVMCIServiceLocator (in unnamed module @0x533ddba) cannot access class jdk.vm.ci.services.JVMCIServiceLocator (in module jdk.internal.vm.ci) because
Event: 0.146 Thread 0x00007f386c02ae00 	at java.base/java.lang.ClassLoader.defineClass1(Native Method)
Event: 0.146 Thread 0x00007f386c02ae00 	at java.base/java.lang.ClassLoader.defineClass(ClassLoader.java:962)
Event: 0.146 Thread 0x00007f386c02ae00 	at java.base/java.security.SecureClassLoader.defineClass(SecureClassLoader.java:132)
Event: 0.146 Thread 0x00007f386c02ae00 	at java.base/jdk.internal.loader.BuiltinClassLoader.defineClass(BuiltinClassLoader.java:776)
Event: 0.146 Thread 0x00007f386c02ae00 	at java.base/jdk.internal.loader.BuiltinClassLoader.findClassOnClassPathOrNull(BuiltinClassLoader.java:691)
Event: 0.146 Thread 0x00007f386c02ae00 	at java.base/jdk.internal.loader.BuiltinClassLoader.loadClassOrNull(BuiltinClassLoader.java:620)
Event: 0.146 Thread 0x00007f386c02ae00 	at java.base/jdk.internal.loader.BuiltinClassLoader.loadClass(BuiltinClassLoader.java:578)
Event: 0.146 Thread 0x00007f386c02ae00 	at java.base/java.lang.ClassLoader.loadClass(ClassLoader.java:490)
Event: 0.146 Thread 0x00007f386c02ae00 	at java.base/java.lang.Class.forName0(Native Method) [elided 14 more stack trace lines]

Compilation events (1 events):
Event: 0.061 Thread 0x00007f386c290b70   19             java.lang.Object::<init> (1 bytes)

GC Heap History (0 events):
No events

Dll operation events (6 events):
Event: 0.001 Loaded shared library /home/jatinbha/softwares/jdk-25/lib/libjava.so
Event: 0.021 Loaded shared library /home/jatinbha/softwares/jdk-25/lib/libsimdsort.so
Event: 0.021 Loaded shared library /home/jatinbha/softwares/jdk-25/lib/libjsvml.so
Event: 0.064 Loaded shared library /home/jatinbha/softwares/jdk-25/lib/libnio.so
Event: 0.065 Loaded shared library /home/jatinbha/softwares/jdk-25/lib/libjimage.so
Event: 0.144 Loaded shared library /home/jatinbha/softwares/jdk-25/lib/libzip.so

Deoptimization events (0 events):
No events

Classes loaded (20 events):
Event: 0.143 Loading class sun/nio/cs/UTF_8$Decoder
Event: 0.143 Loading class java/nio/charset/CharsetDecoder
Event: 0.143 Loading class java/nio/charset/CharsetDecoder done
Event: 0.143 Loading class sun/nio/cs/UTF_8$Decoder done
Event: 0.143 Loading class java/util/LinkedHashMap$LinkedKeySet
Event: 0.143 Loading class java/util/LinkedHashMap$LinkedKeySet done
Event: 0.143 Loading class java/util/LinkedHashMap$LinkedKeyIterator
Event: 0.143 Loading class java/util/LinkedHashMap$LinkedKeyIterator done
Event: 0.144 Loading class java/lang/IllegalAccessError
Event: 0.144 Loading class java/lang/IllegalAccessError done
Event: 0.144 Loading class java/util/ServiceConfigurationError
Event: 0.144 Loading class java/util/ServiceConfigurationError done
Event: 0.144 Loading class java/lang/ExceptionInInitializerError
Event: 0.144 Loading class java/lang/ExceptionInInitializerError done
Event: 0.145 Loading class java/lang/StackTraceElement$HashedModules
Event: 0.145 Loading class java/lang/StackTraceElement$HashedModules done
Event: 0.145 Loading class java/lang/Throwable$WrappedPrintStream
Event: 0.145 Loading class java/lang/Throwable$PrintStreamOrWriter
Event: 0.145 Loading class java/lang/Throwable$PrintStreamOrWriter done
Event: 0.145 Loading class java/lang/Throwable$WrappedPrintStream done

Classes unloaded (0 events):
No events

Classes redefined (0 events):
No events

Internal exceptions (3 events):
Event: 0.061 Thread 0x00007f386c02ae00 Exception <a 'java/lang/NoSuchMethodError'{0x000000011f1259c8}: 'java.lang.Object java.lang.invoke.DirectMethodHandle$Holder.invokeStaticInit(java.lang.Object)'> (0x000000011f1259c8) 
thrown [open/src/hotspot/share/interpreter/linkResolver.cpp, line 803]
Event: 0.144 Thread 0x00007f386c02ae00 Exception <a 'java/lang/IllegalAccessError'{0x000000011f44f808}: superclass access check failed: class jdk.graal.compiler.hotspot.HotSpotGraalJVMCIServiceLocator (in unnamed module @0x533ddba) cannot access class jdk.vm.ci.services.JVMCIServiceLocator (in module jdk.internal.vm.ci) because module jdk.internal.vm.ci does not export jdk.vm.ci.services to unnamed module @0x533ddba> (0x000000011f44f808) 
thrown [open/src/hotspot/share/classfile/classFileParser.cpp, line 4100]
Event: 0.145 Thread 0x00007f386c02ae00 Exception <a 'java/lang/IllegalAccessError'{0x000000011f44f808}> (0x000000011f44f808) 
thrown [open/src/hotspot/share/oops/instanceKlass.cpp, line 1345]

VM Operations (0 events):
No events

Memory protections (8 events):
Event: 0.001 Protecting memory [0x00007f3873a9e000,0x00007f3873aa2000] with protection modes 0
Event: 0.018 Protecting memory [0x00007f3825fc1000,0x00007f3825fc5000] with protection modes 0
Event: 0.018 Protecting memory [0x00007f38264c6000,0x00007f38264ca000] with protection modes 0
Event: 0.018 Protecting memory [0x00007f38263c5000,0x00007f38263c9000] with protection modes 0
Event: 0.018 Protecting memory [0x00007f38261c3000,0x00007f38261c7000] with protection modes 0
Event: 0.019 Protecting memory [0x00007f38258ce000,0x00007f38258d2000] with protection modes 0
Event: 0.019 Protecting memory [0x00007f38257cd000,0x00007f38257d1000] with protection modes 0
Event: 0.068 Protecting memory [0x00007f38255bb000,0x00007f38255bf000] with protection modes 0

Nmethod flushes (0 events):
No events

Events (8 events):
Event: 0.010 Thread 0x00007f386c02ae00 Thread added: 0x00007f386c02ae00
Event: 0.018 Thread 0x00007f386c02ae00 Thread added: 0x00007f386c28b020
Event: 0.018 Thread 0x00007f386c02ae00 Thread added: 0x00007f386c28bca0
Event: 0.018 Thread 0x00007f386c02ae00 Thread added: 0x00007f386c28ce10
Event: 0.018 Thread 0x00007f386c02ae00 Thread added: 0x00007f386c28dee0
Event: 0.019 Thread 0x00007f386c02ae00 Thread added: 0x00007f386c28ef10
Event: 0.019 Thread 0x00007f386c02ae00 Thread added: 0x00007f386c290b70
Event: 0.068 Thread 0x00007f386c02ae00 Thread added: 0x00007f386c2f1210


Dynamic libraries:
a0000000-120000000 rw-p 00000000 00:00 0 
120000000-7ff000000 ---p 00000000 00:00 0 
7ff000000-7ff11d000 rw-p 00d5f000 08:02 22283759                         /home/jatinbha/softwares/jdk-25/lib/server/classes.jsa
7ff11d000-800000000 rw-p 00000000 00:00 0 
55cd150c4000-55cd150c5000 r-xp 00000000 08:02 22160250                   /home/jatinbha/softwares/jdk-25/bin/java
55cd150c6000-55cd150c7000 r--p 00001000 08:02 22160250                   /home/jatinbha/softwares/jdk-25/bin/java
55cd150c7000-55cd150c8000 rw-p 00002000 08:02 22160250                   /home/jatinbha/softwares/jdk-25/bin/java
55cd15d7e000-55cd15dc4000 rw-p 00000000 00:00 0                          [heap]
7f376c000000-7f376c021000 rw-p 00000000 00:00 0 
7f376c021000-7f3770000000 ---p 00000000 00:00 0 
7f3770000000-7f3770021000 rw-p 00000000 00:00 0 
7f3770021000-7f3774000000 ---p 00000000 00:00 0 
7f3774000000-7f3774021000 rw-p 00000000 00:00 0 
7f3774021000-7f3778000000 ---p 00000000 00:00 0 
7f3778000000-7f3778021000 rw-p 00000000 00:00 0 
7f3778021000-7f377c000000 ---p 00000000 00:00 0 
7f377c000000-7f377c021000 rw-p 00000000 00:00 0 
7f377c021000-7f3780000000 ---p 00000000 00:00 0 
7f3780000000-7f3780021000 rw-p 00000000 00:00 0 
7f3780021000-7f3784000000 ---p 00000000 00:00 0 
7f3784000000-7f3784021000 rw-p 00000000 00:00 0 
7f3784021000-7f3788000000 ---p 00000000 00:00 0 
7f3788000000-7f3788021000 rw-p 00000000 00:00 0 
7f3788021000-7f378c000000 ---p 00000000 00:00 0 
7f378c000000-7f378c021000 rw-p 00000000 00:00 0 
7f378c021000-7f3790000000 ---p 00000000 00:00 0 
7f3790000000-7f3790021000 rw-p 00000000 00:00 0 
7f3790021000-7f3794000000 ---p 00000000 00:00 0 
7f3794000000-7f3794021000 rw-p 00000000 00:00 0 
7f3794021000-7f3798000000 ---p 00000000 00:00 0 
7f3798000000-7f3798021000 rw-p 00000000 00:00 0 
7f3798021000-7f379c000000 ---p 00000000 00:00 0 
7f379c000000-7f379c021000 rw-p 00000000 00:00 0 
7f379c021000-7f37a0000000 ---p 00000000 00:00 0 
7f37a0000000-7f37a0021000 rw-p 00000000 00:00 0 
7f37a0021000-7f37a4000000 ---p 00000000 00:00 0 
7f37a4000000-7f37a4021000 rw-p 00000000 00:00 0 
7f37a4021000-7f37a8000000 ---p 00000000 00:00 0 
7f37a8000000-7f37a8021000 rw-p 00000000 00:00 0 
7f37a8021000-7f37ac000000 ---p 00000000 00:00 0 
7f37ac000000-7f37ac021000 rw-p 00000000 00:00 0 
7f37ac021000-7f37b0000000 ---p 00000000 00:00 0 
7f37b0000000-7f37b0021000 rw-p 00000000 00:00 0 
7f37b0021000-7f37b4000000 ---p 00000000 00:00 0 
7f37b4000000-7f37b4021000 rw-p 00000000 00:00 0 
7f37b4021000-7f37b8000000 ---p 00000000 00:00 0 
7f37b8000000-7f37b8057000 rw-p 00000000 00:00 0 
7f37b8057000-7f37bc000000 ---p 00000000 00:00 0 
7f37bc000000-7f37bc140000 rw-p 00000000 00:00 0 
7f37bc140000-7f37bc400000 ---p 00000000 00:00 0 
7f37bc400000-7f37bc410000 rw-p 00000000 00:00 0 
7f37bc410000-7f37c0000000 ---p 00000000 00:00 0 
7f37c0000000-7f37c0021000 rw-p 00000000 00:00 0 
7f37c0021000-7f37c4000000 ---p 00000000 00:00 0 
7f37c4000000-7f37c4021000 rw-p 00000000 00:00 0 
7f37c4021000-7f37c8000000 ---p 00000000 00:00 0 
7f37c8000000-7f37c8021000 rw-p 00000000 00:00 0 
7f37c8021000-7f37cc000000 ---p 00000000 00:00 0 
7f37cc000000-7f37cc021000 rw-p 00000000 00:00 0 
7f37cc021000-7f37d0000000 ---p 00000000 00:00 0 
7f37d0000000-7f37d0021000 rw-p 00000000 00:00 0 
7f37d0021000-7f37d4000000 ---p 00000000 00:00 0 
7f37d6000000-7f37d6d2c000 rw-p 00001000 08:02 22283759                   /home/jatinbha/softwares/jdk-25/lib/server/classes.jsa
7f37d6d2c000-7f37d7000000 ---p 00000000 00:00 0 
7f37d7000000-7f37d7010000 rw-p 00000000 00:00 0 
7f37d7010000-7f37d7040000 ---p 00000000 00:00 0 
7f37d7040000-7f37d7060000 rw-p 00000000 00:00 0 
7f37d7060000-7f3817000000 ---p 00000000 00:00 0 
7f3818000000-7f3818021000 rw-p 00000000 00:00 0 
7f3818021000-7f381c000000 ---p 00000000 00:00 0 
7f381c000000-7f381c021000 rw-p 00000000 00:00 0 
7f381c021000-7f3820000000 ---p 00000000 00:00 0 
7f3820000000-7f3820021000 rw-p 00000000 00:00 0 
7f3820021000-7f3824000000 ---p 00000000 00:00 0 
7f382404c000-7f3824050000 ---p 00000000 00:00 0 
7f3824050000-7f382414d000 rw-p 00000000 00:00 0 
7f382414d000-7f3824151000 ---p 00000000 00:00 0 
7f3824151000-7f382424e000 rw-p 00000000 00:00 0 
7f382424e000-7f3824252000 ---p 00000000 00:00 0 
7f3824252000-7f382434f000 rw-p 00000000 00:00 0 
7f382434f000-7f3824353000 ---p 00000000 00:00 0 
7f3824353000-7f3824450000 rw-p 00000000 00:00 0 
7f3824450000-7f3824454000 ---p 00000000 00:00 0 
7f3824454000-7f3824551000 rw-p 00000000 00:00 0 
7f3824551000-7f3824555000 ---p 00000000 00:00 0 
7f3824555000-7f3824652000 rw-p 00000000 00:00 0 
7f3824652000-7f3824656000 ---p 00000000 00:00 0 
7f3824656000-7f3824753000 rw-p 00000000 00:00 0 
7f3824753000-7f3824757000 ---p 00000000 00:00 0 
7f3824757000-7f3824854000 rw-p 00000000 00:00 0 
7f3824854000-7f3824858000 ---p 00000000 00:00 0 
7f3824858000-7f3824955000 rw-p 00000000 00:00 0 
7f3824955000-7f3824959000 ---p 00000000 00:00 0 
7f3824959000-7f3824a56000 rw-p 00000000 00:00 0 
7f3824a56000-7f3824a5a000 ---p 00000000 00:00 0 
7f3824a5a000-7f3824b57000 rw-p 00000000 00:00 0 
7f3824b57000-7f3824b5b000 ---p 00000000 00:00 0 
7f3824b5b000-7f3824c58000 rw-p 00000000 00:00 0 
7f3824c58000-7f3824c5c000 ---p 00000000 00:00 0 
7f3824c5c000-7f3824d59000 rw-p 00000000 00:00 0 
7f3824d59000-7f3824d5d000 ---p 00000000 00:00 0 
7f3824d5d000-7f3824e5a000 rw-p 00000000 00:00 0 
7f3824e5a000-7f3824e5e000 ---p 00000000 00:00 0 
7f3824e5e000-7f3824f5b000 rw-p 00000000 00:00 0 
7f3824f5b000-7f3824f5f000 ---p 00000000 00:00 0 
7f3824f5f000-7f382505c000 rw-p 00000000 00:00 0 
7f382505c000-7f3825060000 ---p 00000000 00:00 0 
7f3825060000-7f38255bb000 rw-p 00000000 00:00 0 
7f38255bb000-7f38255bf000 ---p 00000000 00:00 0 
7f38255bf000-7f38256bc000 rw-p 00000000 00:00 0 
7f38256bc000-7f382578a000 r-xp 00000000 08:02 22283736                   /home/jatinbha/softwares/jdk-25/lib/libjsvml.so
7f382578a000-7f382578b000 r--p 000cd000 08:02 22283736                   /home/jatinbha/softwares/jdk-25/lib/libjsvml.so
7f382578b000-7f382578c000 rw-p 000ce000 08:02 22283736                   /home/jatinbha/softwares/jdk-25/lib/libjsvml.so
7f382578c000-7f38257ca000 r-xp 00000000 08:02 22283748                   /home/jatinbha/softwares/jdk-25/lib/libsimdsort.so
7f38257ca000-7f38257cb000 ---p 0003e000 08:02 22283748                   /home/jatinbha/softwares/jdk-25/lib/libsimdsort.so
7f38257cb000-7f38257cc000 r--p 0003e000 08:02 22283748                   /home/jatinbha/softwares/jdk-25/lib/libsimdsort.so
7f38257cc000-7f38257cd000 rw-p 0003f000 08:02 22283748                   /home/jatinbha/softwares/jdk-25/lib/libsimdsort.so
7f38257cd000-7f38257d1000 ---p 00000000 00:00 0 
7f38257d1000-7f38258ce000 rw-p 00000000 00:00 0 
7f38258ce000-7f38258d2000 ---p 00000000 00:00 0 
7f38258d2000-7f38259cf000 rw-p 00000000 00:00 0 
7f38259cf000-7f3825f3f000 r--p 00000000 08:02 7077916                    /usr/lib/locale/locale-archive
7f3825f3f000-7f3825fc0000 rw-p 00000000 00:00 0 
7f3825fc0000-7f3825fc1000 ---p 00000000 00:00 0 
7f3825fc1000-7f3825fc5000 ---p 00000000 00:00 0 
7f3825fc5000-7f38260c1000 rw-p 00000000 00:00 0 
7f38260c1000-7f38260c2000 ---p 00000000 00:00 0 
7f38260c2000-7f38261c2000 rw-p 00000000 00:00 0 
7f38261c2000-7f38261c3000 ---p 00000000 00:00 0 
7f38261c3000-7f38261c7000 ---p 00000000 00:00 0 
7f38261c7000-7f38262c3000 rw-p 00000000 00:00 0 
7f38262c3000-7f38262c4000 ---p 00000000 00:00 0 
7f38262c4000-7f38263c4000 rw-p 00000000 00:00 0 
7f38263c4000-7f38263c5000 ---p 00000000 00:00 0 
7f38263c5000-7f38263c9000 ---p 00000000 00:00 0 
7f38263c9000-7f38264c5000 rw-p 00000000 00:00 0 
7f38264c5000-7f38264c6000 ---p 00000000 00:00 0 
7f38264c6000-7f38264ca000 ---p 00000000 00:00 0 
7f38264ca000-7f38265c6000 rw-p 00000000 00:00 0 
7f38265c6000-7f38265c7000 ---p 00000000 00:00 0 
7f38265c7000-7f38266c7000 rw-p 00000000 00:00 0 
7f38266c7000-7f38266c8000 ---p 00000000 00:00 0 
7f38266c8000-7f382c000000 rw-p 00000000 00:00 0 
7f382c000000-7f382c021000 rw-p 00000000 00:00 0 
7f382c021000-7f3830000000 ---p 00000000 00:00 0 
7f3830000000-7f3830021000 rw-p 00000000 00:00 0 
7f3830021000-7f3834000000 ---p 00000000 00:00 0 
7f3834000000-7f3834021000 rw-p 00000000 00:00 0 
7f3834021000-7f3838000000 ---p 00000000 00:00 0 
7f3838029000-7f3838030000 r--s 00000000 08:02 7737390                    /usr/lib/x86_64-linux-gnu/gconv/gconv-modules.cache
7f3838030000-7f383803b000 r-xp 00000000 08:02 22283742                   /home/jatinbha/softwares/jdk-25/lib/libnet.so
7f383803b000-7f383803c000 ---p 0000b000 08:02 22283742                   /home/jatinbha/softwares/jdk-25/lib/libnet.so
7f383803c000-7f383803d000 r--p 0000b000 08:02 22283742                   /home/jatinbha/softwares/jdk-25/lib/libnet.so
7f383803d000-7f383803e000 rw-p 0000c000 08:02 22283742                   /home/jatinbha/softwares/jdk-25/lib/libnet.so
7f383803e000-7f38391eb000 rw-p 00000000 00:00 0 
7f38391eb000-7f38391ec000 ---p 00000000 00:00 0 
7f38391ec000-7f38392ec000 rw-p 00000000 00:00 0 
7f38392ec000-7f38392ed000 ---p 00000000 00:00 0 
7f38392ed000-7f38393ed000 rw-p 00000000 00:00 0 
7f38393ed000-7f38393ee000 ---p 00000000 00:00 0 
7f38393ee000-7f383b8dd000 rw-p 00000000 00:00 0 
7f383b8dd000-7f385709d000 ---p 00000000 00:00 0 
7f385709d000-7f38574dd000 rw-p 00000000 00:00 0 
7f38574dd000-7f385abd5000 ---p 00000000 00:00 0 
7f385abd5000-7f385afdd000 rw-p 00000000 00:00 0 
7f385afdd000-7f385e6d5000 ---p 00000000 00:00 0 
7f385e6d5000-7f385f7da000 rw-p 00000000 00:00 0 
7f385f7da000-7f38607da000 rwxp 00000000 00:00 0 
7f38607da000-7f38637da000 ---p 00000000 00:00 0 
7f38637da000-7f386c000000 r--s 00000000 08:02 22283753                   /home/jatinbha/softwares/jdk-25/lib/modules
7f386c000000-7f386c31b000 rw-p 00000000 00:00 0 
7f386c31b000-7f3870000000 ---p 00000000 00:00 0 
7f3870002000-7f3870009000 r-xp 00000000 08:02 22283752                   /home/jatinbha/softwares/jdk-25/lib/libzip.so
7f3870009000-7f387000a000 ---p 00007000 08:02 22283752                   /home/jatinbha/softwares/jdk-25/lib/libzip.so
7f387000a000-7f387000b000 r--p 00007000 08:02 22283752                   /home/jatinbha/softwares/jdk-25/lib/libzip.so
7f387000b000-7f387000c000 rw-p 00008000 08:02 22283752                   /home/jatinbha/softwares/jdk-25/lib/libzip.so
7f387000c000-7f387001f000 r-xp 00000000 08:02 22283743                   /home/jatinbha/softwares/jdk-25/lib/libnio.so
7f387001f000-7f3870020000 ---p 00013000 08:02 22283743                   /home/jatinbha/softwares/jdk-25/lib/libnio.so
7f3870020000-7f3870021000 r--p 00013000 08:02 22283743                   /home/jatinbha/softwares/jdk-25/lib/libnio.so
7f3870021000-7f3870022000 rw-p 00014000 08:02 22283743                   /home/jatinbha/softwares/jdk-25/lib/libnio.so
7f3870022000-7f38739f2000 rw-p 00000000 00:00 0 
7f38739f2000-7f3873a52000 ---p 00000000 00:00 0 
7f3873a52000-7f3873a71000 r-xp 00000000 08:02 22283728                   /home/jatinbha/softwares/jdk-25/lib/libjava.so
7f3873a71000-7f3873a72000 ---p 0001f000 08:02 22283728                   /home/jatinbha/softwares/jdk-25/lib/libjava.so
7f3873a72000-7f3873a73000 r--p 0001f000 08:02 22283728                   /home/jatinbha/softwares/jdk-25/lib/libjava.so
7f3873a73000-7f3873a74000 rw-p 00020000 08:02 22283728                   /home/jatinbha/softwares/jdk-25/lib/libjava.so
7f3873a74000-7f3873a75000 rw-p 00000000 00:00 0 
7f3873a75000-7f3873a7d000 rw-s 00000000 08:02 3670255                    /tmp/hsperfdata_intel/3802798
7f3873a7d000-7f3873a9b000 r-xp 00000000 08:02 22283732                   /home/jatinbha/softwares/jdk-25/lib/libjimage.so
7f3873a9b000-7f3873a9d000 r--p 0001d000 08:02 22283732                   /home/jatinbha/softwares/jdk-25/lib/libjimage.so
7f3873a9d000-7f3873a9e000 rw-p 0001f000 08:02 22283732                   /home/jatinbha/softwares/jdk-25/lib/libjimage.so
7f3873a9e000-7f3873aa2000 ---p 00000000 00:00 0 
7f3873aa2000-7f3873b9f000 rw-p 00000000 00:00 0 
7f3873b9f000-7f3873bac000 r--p 00000000 08:02 7078012                    /usr/lib/x86_64-linux-gnu/libm-2.31.so
7f3873bac000-7f3873c53000 r-xp 0000d000 08:02 7078012                    /usr/lib/x86_64-linux-gnu/libm-2.31.so
7f3873c53000-7f3873cec000 r--p 000b4000 08:02 7078012                    /usr/lib/x86_64-linux-gnu/libm-2.31.so
7f3873cec000-7f3873ced000 r--p 0014c000 08:02 7078012                    /usr/lib/x86_64-linux-gnu/libm-2.31.so
7f3873ced000-7f3873cee000 rw-p 0014d000 08:02 7078012                    /usr/lib/x86_64-linux-gnu/libm-2.31.so
7f3873cee000-7f3873cf0000 r--p 00000000 08:02 7078273                    /usr/lib/x86_64-linux-gnu/librt-2.31.so
7f3873cf0000-7f3873cf4000 r-xp 00002000 08:02 7078273                    /usr/lib/x86_64-linux-gnu/librt-2.31.so
7f3873cf4000-7f3873cf6000 r--p 00006000 08:02 7078273                    /usr/lib/x86_64-linux-gnu/librt-2.31.so
7f3873cf6000-7f3873cf7000 r--p 00007000 08:02 7078273                    /usr/lib/x86_64-linux-gnu/librt-2.31.so
7f3873cf7000-7f3873cf8000 rw-p 00008000 08:02 7078273                    /usr/lib/x86_64-linux-gnu/librt-2.31.so
7f3873cf8000-7f38750f9000 r-xp 00000000 08:02 22283762                   /home/jatinbha/softwares/jdk-25/lib/server/libjvm.so
7f38750f9000-7f38750fa000 ---p 01401000 08:02 22283762                   /home/jatinbha/softwares/jdk-25/lib/server/libjvm.so
7f38750fa000-7f38751dc000 r--p 01401000 08:02 22283762                   /home/jatinbha/softwares/jdk-25/lib/server/libjvm.so
7f38751dc000-7f3875205000 rw-p 014e3000 08:02 22283762                   /home/jatinbha/softwares/jdk-25/lib/server/libjvm.so
7f3875205000-7f3875280000 rw-p 00000000 00:00 0 
7f3875280000-7f3875286000 r--p 00000000 08:02 7078197                    /usr/lib/x86_64-linux-gnu/libpthread-2.31.so
7f3875286000-7f3875297000 r-xp 00006000 08:02 7078197                    /usr/lib/x86_64-linux-gnu/libpthread-2.31.so
7f3875297000-7f387529d000 r--p 00017000 08:02 7078197                    /usr/lib/x86_64-linux-gnu/libpthread-2.31.so
7f387529d000-7f387529e000 r--p 0001c000 08:02 7078197                    /usr/lib/x86_64-linux-gnu/libpthread-2.31.so
7f387529e000-7f387529f000 rw-p 0001d000 08:02 7078197                    /usr/lib/x86_64-linux-gnu/libpthread-2.31.so
7f387529f000-7f38752a3000 rw-p 00000000 00:00 0 
7f38752a3000-7f38752a4000 r--p 00000000 08:02 7078011                    /usr/lib/x86_64-linux-gnu/libdl-2.31.so
7f38752a4000-7f38752a6000 r-xp 00001000 08:02 7078011                    /usr/lib/x86_64-linux-gnu/libdl-2.31.so
7f38752a6000-7f38752a7000 r--p 00003000 08:02 7078011                    /usr/lib/x86_64-linux-gnu/libdl-2.31.so
7f38752a7000-7f38752a8000 r--p 00003000 08:02 7078011                    /usr/lib/x86_64-linux-gnu/libdl-2.31.so
7f38752a8000-7f38752a9000 rw-p 00004000 08:02 7078011                    /usr/lib/x86_64-linux-gnu/libdl-2.31.so
7f38752a9000-7f38752ab000 r--p 00000000 08:02 7086479                    /usr/lib/x86_64-linux-gnu/libz.so.1.2.11
7f38752ab000-7f38752bc000 r-xp 00002000 08:02 7086479                    /usr/lib/x86_64-linux-gnu/libz.so.1.2.11
7f38752bc000-7f38752c2000 r--p 00013000 08:02 7086479                    /usr/lib/x86_64-linux-gnu/libz.so.1.2.11
7f38752c2000-7f38752c3000 ---p 00019000 08:02 7086479                    /usr/lib/x86_64-linux-gnu/libz.so.1.2.11
7f38752c3000-7f38752c4000 r--p 00019000 08:02 7086479                    /usr/lib/x86_64-linux-gnu/libz.so.1.2.11
7f38752c4000-7f38752c5000 rw-p 0001a000 08:02 7086479                    /usr/lib/x86_64-linux-gnu/libz.so.1.2.11
7f38752c5000-7f38752e7000 r--p 00000000 08:02 7078010                    /usr/lib/x86_64-linux-gnu/libc-2.31.so
7f38752e7000-7f387545f000 r-xp 00022000 08:02 7078010                    /usr/lib/x86_64-linux-gnu/libc-2.31.so
7f387545f000-7f38754ad000 r--p 0019a000 08:02 7078010                    /usr/lib/x86_64-linux-gnu/libc-2.31.so
7f38754ad000-7f38754b1000 r--p 001e7000 08:02 7078010                    /usr/lib/x86_64-linux-gnu/libc-2.31.so
7f38754b1000-7f38754b3000 rw-p 001eb000 08:02 7078010                    /usr/lib/x86_64-linux-gnu/libc-2.31.so
7f38754b3000-7f38754b7000 rw-p 00000000 00:00 0 
7f38754b7000-7f38754ba000 r--p 00000000 08:02 7078055                    /usr/lib/x86_64-linux-gnu/libnss_files-2.31.so
7f38754ba000-7f38754c1000 r-xp 00003000 08:02 7078055                    /usr/lib/x86_64-linux-gnu/libnss_files-2.31.so
7f38754c1000-7f38754c3000 r--p 0000a000 08:02 7078055                    /usr/lib/x86_64-linux-gnu/libnss_files-2.31.so
7f38754c3000-7f38754c4000 r--p 0000b000 08:02 7078055                    /usr/lib/x86_64-linux-gnu/libnss_files-2.31.so
7f38754c4000-7f38754c5000 rw-p 0000c000 08:02 7078055                    /usr/lib/x86_64-linux-gnu/libnss_files-2.31.so
7f38754c5000-7f38754cb000 rw-p 00000000 00:00 0 
7f38754cb000-7f38754cc000 ---p 00000000 00:00 0 
7f38754cc000-7f38754cd000 r--p 00000000 00:00 0 
7f38754cd000-7f38754db000 r-xp 00000000 08:02 22283733                   /home/jatinbha/softwares/jdk-25/lib/libjli.so
7f38754db000-7f38754dc000 ---p 0000e000 08:02 22283733                   /home/jatinbha/softwares/jdk-25/lib/libjli.so
7f38754dc000-7f38754dd000 r--p 0000e000 08:02 22283733                   /home/jatinbha/softwares/jdk-25/lib/libjli.so
7f38754dd000-7f38754de000 rw-p 0000f000 08:02 22283733                   /home/jatinbha/softwares/jdk-25/lib/libjli.so
7f38754de000-7f38754e0000 rw-p 00000000 00:00 0 
7f38754e0000-7f38754e1000 r--p 00000000 08:02 7077989                    /usr/lib/x86_64-linux-gnu/ld-2.31.so
7f38754e1000-7f3875504000 r-xp 00001000 08:02 7077989                    /usr/lib/x86_64-linux-gnu/ld-2.31.so
7f3875504000-7f387550c000 r--p 00024000 08:02 7077989                    /usr/lib/x86_64-linux-gnu/ld-2.31.so
7f387550c000-7f387550d000 rwxp 00000000 00:00 0 
7f387550d000-7f387550e000 r--p 0002c000 08:02 7077989                    /usr/lib/x86_64-linux-gnu/ld-2.31.so
7f387550e000-7f387550f000 rw-p 0002d000 08:02 7077989                    /usr/lib/x86_64-linux-gnu/ld-2.31.so
7f387550f000-7f3875510000 rw-p 00000000 00:00 0 
7fff9b2a5000-7fff9b2c6000 rw-p 00000000 00:00 0                          [stack]
7fff9b320000-7fff9b324000 r--p 00000000 00:00 0                          [vvar]
7fff9b324000-7fff9b326000 r-xp 00000000 00:00 0                          [vdso]
ffffffffff600000-ffffffffff601000 --xp 00000000 00:00 0                  [vsyscall]
Total number of mappings: 255

JVMTI agents: none


VM Arguments:
jvm_args: --add-modules=jdk.incubator.vector -XX:-TieredCompilation -Xbatch -XX:CompileCommand=Print,test::dot_product -XX:+UnlockExperimentalVMOptions -XX:+EnableJVMCI -XX:+UseJVMCICompiler 
java_command: test 1024
java_class_path (initial): /home/jatinbha/sandboxes/graal/compiler/mxbuild/dists/graal.jar:.
Launcher Type: SUN_STANDARD

[Global flags]
     bool BackgroundCompilation                    = false                                  {pd product} {command line}
     intx CICompilerCount                          = 18                                        {product} {ergonomic}
ccstrlist CompileCommand                           = Print,test::dot_product                   {product} {command line}
     uint ConcGCThreads                            = 18                                        {product} {ergonomic}
     bool EnableJVMCI                              = true                           {JVMCI experimental} {command line}
     uint G1ConcRefinementThreads                  = 73                                        {product} {ergonomic}
     uint G1EagerReclaimRemSetThreshold            = 128                                  {experimental} {ergonomic}
   size_t G1HeapRegionSize                         = 16777216                                  {product} {ergonomic}
     uint G1RemSetArrayOfCardsEntries              = 128                                  {experimental} {ergonomic}
     uint G1RemSetHowlMaxNumBuckets                = 8                                    {experimental} {ergonomic}
     uint G1RemSetHowlNumBuckets                   = 8                                    {experimental} {ergonomic}
   size_t InitialHeapSize                          = 2147483648                                {product} {ergonomic}
   size_t MarkStackSize                            = 4194304                                   {product} {ergonomic}
   size_t MarkStackSizeMax                         = 536870912                                 {product} {ergonomic}
   size_t MaxHeapSize                              = 31675383808                               {product} {ergonomic}
   size_t MaxNewSize                               = 18991808512                               {product} {ergonomic}
   size_t MinHeapDeltaBytes                        = 16777216                                  {product} {ergonomic}
   size_t MinHeapSize                              = 16777216                                  {product} {ergonomic}
    uintx NonNMethodCodeHeapSize                   = 4096                                   {pd product} {ergonomic}
    uintx NonProfiledCodeHeapSize                  = 0                                      {pd product} {ergonomic}
    uintx ProfiledCodeHeapSize                     = 0                                      {pd product} {ergonomic}
   size_t SoftMaxHeapSize                          = 31675383808                            {manageable} {ergonomic}
     bool TieredCompilation                        = false                                  {pd product} {command line}
     bool UnlockExperimentalVMOptions              = true                                 {experimental} {command line}
     bool UseCompressedOops                        = true                           {product lp64_product} {ergonomic}
     bool UseFastUnorderedTimeStamps               = true                                 {experimental} {ergonomic}
     bool UseG1GC                                  = true                                      {product} {ergonomic}
     bool UseJVMCICompiler                         = true                           {JVMCI experimental} {command line}

Logging:
Log output configuration:
 #0: stdout all=warning uptime,level,tags foldmultilines=false
 #1: stderr all=off uptime,level,tags foldmultilines=false

Environment Variables:
JAVA_HOME=/home/jatinbha/softwares/jdk-25/
PATH=/home/jatinbha/softwares/jdk-25//bin:/home/jatinbha/.local/bin:/home/jatinbha/bin:/home/jatinbha/sandboxes/mx:/home/jatinbha/softwares/jextract-22:/home/jatinbha/softwares/cmake-3.28.3-linux-x86_64/bin:/home/jatinbha/softwares/cmake-3.26.3-linux-x86_64/bin:/home/jatinbha/softwares/jdk-17.0.2//bin:/home/jatinbha/softwares/thrift-0.16.0/bin:/home/jatinbha/softwares/jdk8u322-b06//bin:/home/jatinbha/softwares/jdk-17//bin:/home/jatinbha/softwares/apache-maven-3.6.3/bin:/home/jatinbha/sandboxes/skara/build/bin:/usr/local/sbin:/usr/local/bin:/usr/sbin:/usr/bin:/sbin:/bin:/usr/games:/usr/local/games:/snap/bin
LD_LIBRARY_PATH=/home/jatinbha/softwares:
SHELL=/bin/bash
LANG=en_IN
TERM=xterm-256color

Active Locale:
LC_ALL=en_IN
LC_COLLATE=en_IN
LC_CTYPE=en_IN
LC_MESSAGES=en_IN
LC_MONETARY=en_IN
LC_NUMERIC=en_IN
LC_TIME=en_IN

Signal Handlers:
   SIGSEGV: crash_handler in libjvm.so, mask=11100100010111111101111111111110, flags=SA_RESTART|SA_SIGINFO, unblocked
    SIGBUS: crash_handler in libjvm.so, mask=11100100010111111101111111111110, flags=SA_RESTART|SA_SIGINFO, unblocked
    SIGFPE: crash_handler in libjvm.so, mask=11100100010111111101111111111110, flags=SA_RESTART|SA_SIGINFO, unblocked
   SIGPIPE: javaSignalHandler in libjvm.so, mask=11100100010111111101111111111110, flags=SA_RESTART|SA_SIGINFO, unblocked
   SIGXFSZ: javaSignalHandler in libjvm.so, mask=11100100010111111101111111111110, flags=SA_RESTART|SA_SIGINFO, unblocked
    SIGILL: crash_handler in libjvm.so, mask=11100100010111111101111111111110, flags=SA_RESTART|SA_SIGINFO, unblocked
   SIGUSR2: SR_handler in libjvm.so, mask=00000000000000000000000000000000, flags=SA_RESTART|SA_SIGINFO, unblocked
    SIGHUP: UserHandler in libjvm.so, mask=11100100010111111101111111111110, flags=SA_RESTART|SA_SIGINFO, unblocked
    SIGINT: UserHandler in libjvm.so, mask=11100100010111111101111111111110, flags=SA_RESTART|SA_SIGINFO, unblocked
   SIGTERM: UserHandler in libjvm.so, mask=11100100010111111101111111111110, flags=SA_RESTART|SA_SIGINFO, unblocked
   SIGQUIT: UserHandler in libjvm.so, mask=11100100010111111101111111111110, flags=SA_RESTART|SA_SIGINFO, blocked
   SIGTRAP: crash_handler in libjvm.so, mask=11100100010111111101111111111110, flags=SA_RESTART|SA_SIGINFO, unblocked


Compilation memory statistics disabled.

Periodic native trim disabled

---------------  S Y S T E M  ---------------

OS:
DISTRIB_ID=Ubuntu
DISTRIB_RELEASE=20.04
DISTRIB_CODENAME=focal
DISTRIB_DESCRIPTION="Ubuntu 20.04.2 LTS"
uname: Linux 5.8.0-41-generic #46~20.04.1-Ubuntu SMP Mon Jan 18 17:52:23 UTC 2021 x86_64
OS uptime: 97 days 5:58 hours
libc: glibc 2.31 NPTL 2.31 
rlimit (soft/hard): STACK 8192k/infinity , CORE 0k/infinity , NPROC 3090646/3090646 , NOFILE 1048576/1048576 , AS infinity/infinity , CPU infinity/infinity , DATA infinity/infinity , FSIZE infinity/infinity , MEMLOCK 65536k/65536k
load average: 1.01 1.06 1.28

/proc/meminfo:
MemTotal:       791263980 kB
MemFree:        637203840 kB
MemAvailable:   782567248 kB
Buffers:         4027796 kB
Cached:         134492556 kB
SwapCached:            0 kB
Active:         77664736 kB
Inactive:       61646712 kB
Active(anon):     788096 kB
Inactive(anon):     6728 kB
Active(file):   76876640 kB
Inactive(file): 61639984 kB
Unevictable:           0 kB
Mlocked:               0 kB
SwapTotal:       2097148 kB
SwapFree:        2097148 kB
Dirty:               576 kB
Writeback:             0 kB
AnonPages:        791700 kB
Mapped:           394036 kB
Shmem:              9888 kB
KReclaimable:   11900964 kB
Slab:           13358584 kB
SReclaimable:   11900964 kB
SUnreclaim:      1457620 kB
KernelStack:       28544 kB
PageTables:        13524 kB
NFS_Unstable:          0 kB
Bounce:                0 kB
WritebackTmp:          0 kB
CommitLimit:    397729136 kB
Committed_AS:   11012924 kB
VmallocTotal:   34359738367 kB
VmallocUsed:      475784 kB
VmallocChunk:          0 kB
Percpu:           334208 kB
HardwareCorrupted:     0 kB
AnonHugePages:         0 kB
ShmemHugePages:        0 kB
ShmemPmdMapped:        0 kB
FileHugePages:         0 kB
FilePmdMapped:         0 kB
HugePages_Total:       0
HugePages_Free:        0
HugePages_Rsvd:        0
HugePages_Surp:        0
Hugepagesize:       2048 kB
Hugetlb:               0 kB
DirectMap4k:     3730844 kB
DirectMap2M:    178409472 kB
DirectMap1G:    623902720 kB

/sys/kernel/mm/transparent_hugepage/enabled: always [madvise] never
/sys/kernel/mm/transparent_hugepage/hpage_pmd_size: 2097152
/sys/kernel/mm/transparent_hugepage/shmem_enabled: always within_size advise [never] deny force
/sys/kernel/mm/transparent_hugepage/defrag (defrag/compaction efforts parameter): always defer defer+madvise [madvise] never

Process Memory:
Virtual Size: 35230756K (peak: 35230756K)
Resident Set Size: 57044K (peak: 57044K) (anon: 34540K, file: 22504K, shmem: 0K)
Swapped out: 0K
C-Heap outstanding allocations: 161041K, retained: 3850K (may have wrapped)
glibc malloc tunables: (default)

/proc/sys/kernel/threads-max (system-wide limit on the number of threads): 6181293
/proc/sys/vm/max_map_count (maximum number of memory map areas a process may have): 65530
/proc/sys/vm/swappiness (control to define how aggressively the kernel swaps out anonymous memory): 60
/proc/sys/kernel/pid_max (system-wide limit on number of process identifiers): 4194304

container information not found.
Steal ticks since vm start: 0
Steal ticks percentage since vm start:  0.000

CPU: total 112 (initial active 112) (28 cores per cpu, 2 threads per core) family 6 model 85 stepping 7 microcode 0x5003006, cx8, cmov, fxsr, ht, mmx, 3dnowpref, sse, sse2, sse3, ssse3, sse4.1, sse4.2, popcnt, lzcnt, tsc, tscinvbit, avx, avx2, aes, erms, clmul, bmi1, bmi2, adx, avx512f, avx512dq, avx512cd, avx512bw, avx512vl, fma, vzeroupper, avx512_vnni, clflush, clflushopt, clwb, rdtscp, f16c, pku, ospke
CPU Model and flags from /proc/cpuinfo:
model name	: Intel(R) Xeon(R) Platinum 8280 CPU @ 2.70GHz
flags		: fpu vme de pse tsc msr pae mce cx8 apic sep mtrr pge mca cmov pat pse36 clflush dts acpi mmx fxsr sse sse2 ss ht tm pbe syscall nx pdpe1gb rdtscp lm constant_tsc art arch_perfmon pebs bts rep_good nopl xtopology nonstop_tsc cpuid aperfmperf pni pclmulqdq dtes64 monitor ds_cpl smx est tm2 ssse3 sdbg fma cx16 xtpr pdcm pcid dca sse4_1 sse4_2 x2apic movbe popcnt tsc_deadline_timer aes xsave avx f16c rdrand lahf_lm abm 3dnowprefetch cpuid_fault epb cat_l3 cdp_l3 invpcid_single ssbd mba ibrs ibpb stibp ibrs_enhanced fsgsbase tsc_adjust bmi1 avx2 smep bmi2 erms invpcid cqm mpx rdt_a avx512f avx512dq rdseed adx smap clflushopt clwb intel_pt avx512cd avx512bw avx512vl xsaveopt xsavec xgetbv1 xsaves cqm_llc cqm_occup_llc cqm_mbm_total cqm_mbm_local dtherm ida arat pln pts hwp hwp_act_window hwp_epp hwp_pkg_req pku ospke avx512_vnni md_clear flush_l1d arch_capabilities

Online cpus: 0-111
Offline cpus: 
BIOS frequency limitation: <Not Available>
Frequency switch latency (ns): 0
Available cpu frequencies: <Not Available>
Current governor: powersave
Core performance/turbo boost: <Not Available>

Memory: 4k page, physical 791263980k(782566744k free), swap 2097148k(2097148k free)
Page Sizes: 4k

vm_info: OpenJDK 64-Bit Server VM (25-ea+16-1816) for linux-amd64 JRE (25-ea+16-1816), built on 2025-03-27T00:27:23Z with gcc 13.2.0

END.
