# NOTE: Do not modify this file.
#
# This file is generated via the -XX:DumpLoadedClassList=<class_list_file> option
# and is used at CDS archive dump time (see -Xshare:dump).
#
java/lang/Object
java/io/Serializable
java/lang/Comparable
java/lang/CharSequence
java/lang/constant/Constable
java/lang/constant/ConstantDesc
java/lang/String
java/lang/reflect/AnnotatedElement
java/lang/reflect/GenericDeclaration
java/lang/reflect/Type
java/lang/invoke/TypeDescriptor
java/lang/invoke/TypeDescriptor$OfField
java/lang/Class
java/lang/Cloneable
java/lang/ClassLoader
java/lang/System
java/lang/Throwable
java/lang/Error
java/lang/ThreadDeath
java/lang/Exception
java/lang/RuntimeException
java/lang/SecurityManager
java/security/ProtectionDomain
java/security/AccessControlContext
java/security/AccessController
java/security/SecureClassLoader
java/lang/ReflectiveOperationException
java/lang/ClassNotFoundException
java/lang/Record
java/lang/LinkageError
java/lang/NoClassDefFoundError
java/lang/ClassCastException
java/lang/ArrayStoreException
java/lang/VirtualMachineError
java/lang/InternalError
java/lang/OutOfMemoryError
java/lang/StackOverflowError
java/lang/IllegalMonitorStateException
java/lang/ref/Reference
java/lang/ref/SoftReference
java/lang/ref/WeakReference
java/lang/ref/FinalReference
java/lang/ref/PhantomReference
java/lang/ref/Finalizer
java/lang/Runnable
java/lang/Thread
java/lang/Thread$UncaughtExceptionHandler
java/lang/ThreadGroup
java/util/Dictionary
java/util/Map
java/util/Hashtable
java/util/Properties
java/lang/Module
java/lang/reflect/AccessibleObject
java/lang/reflect/Member
java/lang/reflect/Field
java/lang/reflect/Parameter
java/lang/reflect/Executable
java/lang/reflect/Method
java/lang/reflect/Constructor
jdk/internal/reflect/MagicAccessorImpl
jdk/internal/reflect/MethodAccessor
jdk/internal/reflect/MethodAccessorImpl
jdk/internal/reflect/ConstructorAccessor
jdk/internal/reflect/ConstructorAccessorImpl
jdk/internal/reflect/DelegatingClassLoader
jdk/internal/reflect/ConstantPool
jdk/internal/reflect/FieldAccessor
jdk/internal/reflect/FieldAccessorImpl
jdk/internal/reflect/UnsafeFieldAccessorImpl
jdk/internal/reflect/UnsafeStaticFieldAccessorImpl
java/lang/annotation/Annotation
jdk/internal/reflect/CallerSensitive
jdk/internal/reflect/NativeConstructorAccessorImpl
java/lang/invoke/MethodHandle
java/lang/invoke/DirectMethodHandle
java/lang/invoke/VarHandle
java/lang/invoke/MemberName
java/lang/invoke/ResolvedMethodName
java/lang/invoke/MethodHandleNatives
java/lang/invoke/LambdaForm
java/lang/invoke/TypeDescriptor$OfMethod
java/lang/invoke/MethodType
java/lang/BootstrapMethodError
java/lang/invoke/CallSite
jdk/internal/invoke/NativeEntryPoint
java/lang/invoke/MethodHandleNatives$CallSiteContext
java/lang/invoke/ConstantCallSite
java/lang/invoke/MutableCallSite
java/lang/invoke/VolatileCallSite
java/lang/AssertionStatusDirectives
java/lang/Appendable
java/lang/AbstractStringBuilder
java/lang/StringBuffer
java/lang/StringBuilder
jdk/internal/misc/UnsafeConstants
jdk/internal/misc/Unsafe
jdk/internal/module/Modules
java/lang/AutoCloseable
java/io/Closeable
java/io/InputStream
java/io/ByteArrayInputStream
java/net/URL
java/util/jar/Manifest
jdk/internal/loader/BuiltinClassLoader
jdk/internal/loader/ClassLoaders
jdk/internal/loader/ClassLoaders$AppClassLoader
jdk/internal/loader/ClassLoaders$PlatformClassLoader
java/security/CodeSource
java/util/AbstractMap
java/util/concurrent/ConcurrentMap
java/util/concurrent/ConcurrentHashMap
java/lang/Iterable
java/util/Collection
java/util/AbstractCollection
java/util/List
java/util/AbstractList
java/util/RandomAccess
java/util/ArrayList
java/lang/StackTraceElement
java/nio/Buffer
java/lang/StackWalker
java/lang/StackStreamFactory$AbstractStackWalker
java/lang/StackWalker$StackFrame
java/lang/StackFrameInfo
java/lang/LiveStackFrame
java/lang/LiveStackFrameInfo
java/util/concurrent/locks/AbstractOwnableSynchronizer
java/lang/Boolean
java/lang/Character
java/lang/Number
java/lang/Float
java/lang/Double
java/lang/Byte
java/lang/Short
java/lang/Integer
java/lang/Long
java/util/Iterator
java/lang/reflect/RecordComponent
jdk/internal/vm/vector/VectorSupport
jdk/internal/vm/vector/VectorSupport$VectorPayload
jdk/internal/vm/vector/VectorSupport$Vector
jdk/internal/vm/vector/VectorSupport$VectorMask
jdk/internal/vm/vector/VectorSupport$VectorShuffle
java/lang/Integer$IntegerCache
java/lang/Long$LongCache
java/lang/Byte$ByteCache
java/lang/Short$ShortCache
java/lang/Character$CharacterCache
java/util/jar/Attributes$Name
java/util/ImmutableCollections$AbstractImmutableMap
java/util/ImmutableCollections$MapN
sun/util/locale/BaseLocale
jdk/internal/module/ArchivedModuleGraph
java/lang/module/ModuleFinder
jdk/internal/module/SystemModuleFinders$SystemModuleFinder
java/util/ImmutableCollections$AbstractImmutableCollection
java/util/Set
java/util/ImmutableCollections$AbstractImmutableSet
java/util/ImmutableCollections$SetN
java/lang/module/ModuleReference
jdk/internal/module/ModuleReferenceImpl
java/lang/module/ModuleDescriptor
java/lang/module/ModuleDescriptor$Version
java/util/ImmutableCollections$Set12
java/lang/module/ModuleDescriptor$Requires
java/lang/Enum
java/lang/module/ModuleDescriptor$Requires$Modifier
java/lang/module/ModuleDescriptor$Exports
java/net/URI
java/util/function/Supplier
jdk/internal/module/SystemModuleFinders$2
jdk/internal/module/ModuleHashes$HashSupplier
jdk/internal/module/SystemModuleFinders$3
java/lang/module/ModuleDescriptor$Provides
java/util/ImmutableCollections$AbstractImmutableList
java/util/ImmutableCollections$List12
java/util/ImmutableCollections$ListN
java/lang/module/ModuleDescriptor$Opens
jdk/internal/module/ModuleTarget
jdk/internal/module/ModuleHashes
java/util/Collections$UnmodifiableMap
java/util/HashMap
java/util/Map$Entry
java/util/HashMap$Node
java/lang/module/Configuration
java/lang/module/ResolvedModule
java/util/function/Function
jdk/internal/module/ModuleLoaderMap$Mapper
java/util/ImmutableCollections
java/lang/ModuleLayer
jdk/internal/math/FDBigInteger
java/lang/NullPointerException
java/lang/ArithmeticException
java/io/ObjectStreamField
java/util/Comparator
java/lang/String$CaseInsensitiveComparator
java/lang/Module$ArchivedData
jdk/internal/misc/CDS
java/util/Objects
jdk/internal/access/JavaLangReflectAccess
java/lang/reflect/ReflectAccess
jdk/internal/access/SharedSecrets
java/lang/invoke/MethodHandles
java/lang/invoke/MemberName$Factory
java/security/Guard
java/security/Permission
java/security/BasicPermission
java/lang/reflect/ReflectPermission
java/lang/StringLatin1
java/lang/invoke/MethodHandles$Lookup
jdk/internal/reflect/Reflection
java/lang/Math
java/util/AbstractSet
java/util/ImmutableCollections$MapN$1
java/util/ImmutableCollections$MapN$MapNIterator
java/util/KeyValueHolder
java/util/LinkedHashMap$Entry
java/util/HashMap$TreeNode
java/lang/Runtime
java/util/concurrent/locks/Lock
java/util/concurrent/locks/ReentrantLock
java/util/concurrent/ConcurrentHashMap$Segment
java/util/concurrent/ConcurrentHashMap$CounterCell
java/util/concurrent/ConcurrentHashMap$Node
java/util/concurrent/locks/LockSupport
java/util/concurrent/ConcurrentHashMap$ReservationNode
java/security/PrivilegedAction
jdk/internal/reflect/ReflectionFactory$GetReflectionFactoryAction
jdk/internal/reflect/ReflectionFactory
java/lang/ref/Reference$ReferenceHandler
jdk/internal/ref/Cleaner
java/lang/ref/ReferenceQueue
java/lang/ref/ReferenceQueue$Null
java/lang/ref/ReferenceQueue$Lock
jdk/internal/access/JavaLangRefAccess
java/lang/ref/Reference$1
java/lang/ref/Finalizer$FinalizerThread
jdk/internal/access/JavaLangAccess
java/lang/System$2
jdk/internal/util/SystemProps
jdk/internal/util/SystemProps$Raw
jdk/internal/misc/VM
java/lang/StringConcatHelper
java/lang/VersionProps
java/util/Arrays
java/lang/CharacterData
java/lang/CharacterDataLatin1
java/util/HashMap$EntrySet
java/util/HashMap$HashIterator
java/util/HashMap$EntryIterator
jdk/internal/util/StaticProperty
java/io/FileInputStream
java/io/FileDescriptor
jdk/internal/access/JavaIOFileDescriptorAccess
java/io/FileDescriptor$1
java/io/Flushable
java/io/OutputStream
java/io/FileOutputStream
java/io/FilterInputStream
java/io/BufferedInputStream
java/io/FilterOutputStream
java/io/PrintStream
java/io/BufferedOutputStream
java/nio/charset/Charset
java/nio/charset/spi/CharsetProvider
sun/nio/cs/StandardCharsets
java/lang/ThreadLocal
java/util/concurrent/atomic/AtomicInteger
sun/nio/cs/HistoricallyNamedCharset
sun/nio/cs/Unicode
sun/nio/cs/UTF_8
java/io/Writer
java/io/OutputStreamWriter
sun/nio/cs/StreamEncoder
java/nio/charset/CharsetEncoder
sun/nio/cs/UTF_8$Encoder
java/nio/charset/CodingErrorAction
java/nio/ByteBuffer
jdk/internal/misc/ScopedMemoryAccess
jdk/internal/access/JavaNioAccess
java/nio/Buffer$1
java/nio/HeapByteBuffer
java/nio/ByteOrder
java/io/BufferedWriter
java/lang/Terminator
jdk/internal/misc/Signal$Handler
java/lang/Terminator$1
jdk/internal/misc/Signal
java/util/Hashtable$Entry
jdk/internal/misc/Signal$NativeHandler
jdk/internal/misc/OSEnvironment
java/util/Collections
java/util/Collections$EmptySet
java/util/Collections$EmptyList
java/util/Collections$EmptyMap
java/lang/IllegalArgumentException
java/lang/invoke/MethodHandleStatics
sun/security/action/GetPropertyAction
jdk/internal/module/ModuleBootstrap
sun/invoke/util/VerifyAccess
java/lang/reflect/Modifier
jdk/internal/access/JavaLangModuleAccess
java/lang/module/ModuleDescriptor$1
java/io/File
java/io/DefaultFileSystem
java/io/FileSystem
java/io/UnixFileSystem
jdk/internal/util/ArraysSupport
jdk/internal/module/ModulePatcher
jdk/internal/module/ModuleBootstrap$Counters
jdk/internal/module/ArchivedBootLayer
java/util/HashSet
jdk/internal/access/JavaNetUriAccess
java/net/URI$1
jdk/internal/loader/ArchivedClassLoaders
jdk/internal/loader/ClassLoaders$BootClassLoader
java/security/cert/Certificate
java/lang/ClassLoader$ParallelLoaders
java/util/WeakHashMap
java/util/WeakHashMap$Entry
java/util/Collections$SetFromMap
java/util/WeakHashMap$KeySet
jdk/internal/access/JavaSecurityAccess
java/security/ProtectionDomain$JavaSecurityAccessImpl
java/security/ProtectionDomain$Key
java/security/Principal
jdk/internal/loader/NativeLibraries
jdk/internal/loader/NativeLibrary
jdk/internal/loader/NativeLibraries$NativeLibraryImpl
jdk/internal/loader/NativeLibraries$2
java/util/Queue
java/util/Deque
java/util/ArrayDeque
jdk/internal/loader/URLClassPath
java/net/URLStreamHandlerFactory
java/net/URL$DefaultFactory
jdk/internal/access/JavaNetURLAccess
java/net/URL$3
java/io/File$PathStatus
sun/net/www/ParseUtil
java/util/HexFormat
java/net/URLStreamHandler
sun/net/www/protocol/file/Handler
sun/net/util/IPAddressUtil
jdk/internal/util/Preconditions
jdk/internal/module/ServicesCatalog
jdk/internal/loader/BootLoader
jdk/internal/loader/AbstractClassLoaderValue
jdk/internal/loader/ClassLoaderValue
jdk/internal/module/SystemModuleFinders
jdk/internal/module/SystemModulesMap
jdk/internal/module/SystemModules
jdk/internal/module/SystemModules$all
jdk/internal/module/Builder
java/lang/module/ModuleDescriptor$Modifier
jdk/internal/module/ModuleHashes$Builder
jdk/internal/module/ModuleResolution
java/util/Optional
jdk/internal/loader/BuiltinClassLoader$LoadedModule
java/util/ImmutableCollections$SetN$SetNIterator
java/util/HashMap$KeySet
java/util/HashMap$KeyIterator
jdk/internal/module/DefaultRoots
java/util/Spliterators
java/util/Spliterators$EmptySpliterator
java/util/Spliterator
java/util/Spliterators$EmptySpliterator$OfRef
java/util/Spliterator$OfPrimitive
java/util/Spliterator$OfInt
java/util/Spliterators$EmptySpliterator$OfInt
java/util/Spliterator$OfLong
java/util/Spliterators$EmptySpliterator$OfLong
java/util/Spliterator$OfDouble
java/util/Spliterators$EmptySpliterator$OfDouble
java/util/Spliterators$IteratorSpliterator
java/util/stream/StreamSupport
java/util/stream/PipelineHelper
java/util/stream/BaseStream
java/util/stream/AbstractPipeline
java/util/stream/Stream
java/util/stream/ReferencePipeline
java/util/stream/ReferencePipeline$Head
java/util/stream/StreamOpFlag
java/util/stream/StreamOpFlag$Type
java/util/stream/StreamOpFlag$MaskBuilder
java/util/EnumMap
java/util/EnumMap$1
java/lang/Class$ReflectionData
java/lang/Class$Atomic
java/lang/PublicMethods$MethodList
java/lang/PublicMethods$Key
java/lang/Class$3
sun/reflect/annotation/AnnotationParser
jdk/internal/reflect/NativeMethodAccessorImpl
jdk/internal/reflect/DelegatingMethodAccessorImpl
java/lang/invoke/LambdaMetafactory
java/lang/invoke/MethodType$ConcurrentWeakInternSet
java/lang/Void
java/lang/invoke/MethodTypeForm
java/lang/invoke/MethodType$ConcurrentWeakInternSet$WeakEntry
sun/invoke/util/Wrapper
sun/invoke/util/Wrapper$Format
java/lang/invoke/LambdaForm$NamedFunction
java/lang/invoke/DirectMethodHandle$Holder
sun/invoke/util/ValueConversions
java/lang/invoke/MethodHandleImpl
java/lang/invoke/Invokers
java/lang/invoke/LambdaForm$Kind
java/lang/NoSuchMethodException
java/lang/invoke/LambdaForm$BasicType
java/lang/reflect/Array
java/lang/invoke/LambdaForm$Name
java/lang/invoke/LambdaForm$Holder
java/lang/invoke/MethodHandleImpl$Intrinsic
java/lang/invoke/InvokerBytecodeGenerator
java/lang/invoke/InvokerBytecodeGenerator$2
java/lang/StringUTF16
@lambda-form-invoker [LF_RESOLVE] java.lang.invoke.DirectMethodHandle$Holder invokeStatic L7_L
java/lang/Module$ReflectionData
java/lang/WeakPairMap
java/lang/WeakPairMap$Pair
java/lang/WeakPairMap$Pair$Lookup
java/util/function/Predicate
@lambda-form-invoker [LF_RESOLVE] java.lang.invoke.DirectMethodHandle$Holder invokeStatic LL_I
java/lang/invoke/BootstrapMethodInvoker
java/lang/invoke/VarHandle$AccessMode
java/lang/invoke/VarHandle$AccessType
java/lang/invoke/Invokers$Holder
@lambda-form-invoker [LF_RESOLVE] java.lang.invoke.DirectMethodHandle$Holder invokeSpecial L8_L
@lambda-form-invoker [LF_RESOLVE] java.lang.invoke.Invokers$Holder invokeExact_MT L8_L
jdk/internal/access/JavaLangInvokeAccess
java/lang/invoke/MethodHandleImpl$1
java/lang/invoke/AbstractValidatingLambdaMetafactory
java/lang/invoke/InnerClassLambdaMetafactory
jdk/internal/org/objectweb/asm/Type
sun/security/action/GetBooleanAction
jdk/internal/org/objectweb/asm/Handle
sun/invoke/util/BytecodeDescriptor
jdk/internal/org/objectweb/asm/ConstantDynamic
java/lang/invoke/MethodHandleInfo
java/lang/invoke/InfoFromMemberName
jdk/internal/org/objectweb/asm/ClassVisitor
jdk/internal/org/objectweb/asm/ClassWriter
jdk/internal/org/objectweb/asm/SymbolTable
jdk/internal/org/objectweb/asm/Symbol
jdk/internal/org/objectweb/asm/SymbolTable$Entry
jdk/internal/org/objectweb/asm/ByteVector
java/lang/invoke/LambdaProxyClassArchive
java/lang/invoke/InnerClassLambdaMetafactory$1
jdk/internal/reflect/DelegatingConstructorAccessorImpl
java/lang/invoke/BoundMethodHandle
java/lang/invoke/ClassSpecializer
java/lang/invoke/BoundMethodHandle$Specializer
java/lang/invoke/ClassSpecializer$1
java/lang/invoke/ClassSpecializer$SpeciesData
java/lang/invoke/BoundMethodHandle$SpeciesData
java/lang/invoke/ClassSpecializer$Factory
java/lang/invoke/BoundMethodHandle$Specializer$Factory
java/lang/invoke/SimpleMethodHandle
@lambda-form-invoker [SPECIES_RESOLVE] java.lang.invoke.SimpleMethodHandle
@lambda-form-invoker [LF_RESOLVE] java.lang.invoke.DirectMethodHandle$Holder invokeStatic L3_L
java/lang/NoSuchFieldException
java/lang/invoke/BoundMethodHandle$Species_L
@lambda-form-invoker [SPECIES_RESOLVE] java.lang.invoke.BoundMethodHandle$Species_L
@lambda-form-invoker [LF_RESOLVE] java.lang.invoke.DirectMethodHandle$Holder invokeStatic L4_L
sun/invoke/util/VerifyType
sun/invoke/empty/Empty
java/lang/invoke/DirectMethodHandle$2
@lambda-form-invoker [LF_RESOLVE] java.lang.invoke.DirectMethodHandle$Holder getReference LL_L
java/lang/invoke/DirectMethodHandle$Accessor
@lambda-form-invoker [LF_RESOLVE] java.lang.invoke.LambdaForm$Holder identity_L LL_L
sun/invoke/util/Wrapper$1
@lambda-form-invoker [LF_RESOLVE] java.lang.invoke.LambdaForm$Holder zero_L L_L
java/lang/invoke/DelegatingMethodHandle
java/lang/invoke/MethodHandleImpl$IntrinsicMethodHandle
java/lang/invoke/DelegatingMethodHandle$Holder
java/lang/invoke/LambdaFormEditor
java/lang/invoke/LambdaFormEditor$TransformKey
java/lang/invoke/LambdaFormBuffer
java/lang/invoke/LambdaFormEditor$Transform
jdk/internal/org/objectweb/asm/MethodVisitor
jdk/internal/org/objectweb/asm/MethodWriter
jdk/internal/org/objectweb/asm/Label
jdk/internal/org/objectweb/asm/Frame
jdk/internal/org/objectweb/asm/AnnotationVisitor
jdk/internal/org/objectweb/asm/AnnotationWriter
java/lang/invoke/InvokerBytecodeGenerator$ClassData
java/util/ArrayList$Itr
jdk/internal/org/objectweb/asm/FieldVisitor
jdk/internal/org/objectweb/asm/FieldWriter
jdk/internal/org/objectweb/asm/Attribute
jdk/internal/org/objectweb/asm/Handler
java/lang/invoke/MethodHandles$Lookup$ClassFile
java/lang/invoke/MethodHandles$Lookup$ClassOption
java/lang/invoke/MethodHandles$Lookup$ClassDefiner
jdk/internal/ref/CleanerFactory
java/util/concurrent/ThreadFactory
jdk/internal/ref/CleanerFactory$1
java/lang/ref/Cleaner
java/lang/ref/Cleaner$1
jdk/internal/ref/CleanerImpl
java/lang/ref/Cleaner$Cleanable
jdk/internal/ref/PhantomCleanable
jdk/internal/ref/CleanerImpl$PhantomCleanableRef
jdk/internal/ref/CleanerImpl$CleanerCleanable
jdk/internal/misc/InnocuousThread
@lambda-form-invoker [LF_RESOLVE] java.lang.invoke.DirectMethodHandle$Holder invokeSpecial LL_L
@lambda-form-invoker [LF_RESOLVE] java.lang.invoke.Invokers$Holder linkToTargetMethod L_L
@lambda-proxy jdk/internal/module/DefaultRoots test ()Ljava/util/function/Predicate; (Ljava/lang/Object;)Z REF_invokeStatic jdk/internal/module/DefaultRoots lambda$compute$0 (Ljava/lang/module/ModuleReference;)Z (Ljava/lang/module/ModuleReference;)Z
java/util/stream/ReferencePipeline$StatelessOp
java/util/stream/ReferencePipeline$2
java/util/stream/StreamShape
@lambda-proxy jdk/internal/module/DefaultRoots apply ()Ljava/util/function/Function; (Ljava/lang/Object;)Ljava/lang/Object; REF_invokeVirtual java/lang/module/ModuleReference descriptor ()Ljava/lang/module/ModuleDescriptor; (Ljava/lang/module/ModuleReference;)Ljava/lang/module/ModuleDescriptor;
java/util/stream/ReferencePipeline$3
@lambda-form-invoker [LF_RESOLVE] java.lang.invoke.DirectMethodHandle$Holder invokeStatic L3_I
@lambda-form-invoker [LF_RESOLVE] java.lang.invoke.DirectMethodHandle$Holder newInvokeSpecial LL_L
java/lang/invoke/DirectMethodHandle$Constructor
@lambda-form-invoker [LF_RESOLVE] java.lang.invoke.DirectMethodHandle$Holder invokeSpecial L3_L
@lambda-form-invoker [LF_RESOLVE] java.lang.invoke.Invokers$Holder linkToTargetMethod LL_L
@lambda-proxy jdk/internal/module/DefaultRoots test (Ljava/lang/module/ModuleFinder;)Ljava/util/function/Predicate; (Ljava/lang/Object;)Z REF_invokeStatic jdk/internal/module/DefaultRoots lambda$compute$1 (Ljava/lang/module/ModuleFinder;Ljava/lang/module/ModuleDescriptor;)Z (Ljava/lang/module/ModuleDescriptor;)Z
@lambda-form-invoker [LF_RESOLVE] java.lang.invoke.DirectMethodHandle$Holder invokeVirtual LL_L
@lambda-proxy jdk/internal/module/DefaultRoots apply ()Ljava/util/function/Function; (Ljava/lang/Object;)Ljava/lang/Object; REF_invokeVirtual java/lang/module/ModuleDescriptor name ()Ljava/lang/String; (Ljava/lang/module/ModuleDescriptor;)Ljava/lang/String;
java/util/stream/Collectors
java/util/stream/Collector$Characteristics
java/util/EnumSet
java/util/RegularEnumSet
java/util/Collections$UnmodifiableCollection
java/util/Collections$UnmodifiableSet
java/util/stream/Collector
java/util/stream/Collectors$CollectorImpl
@lambda-form-invoker [LF_RESOLVE] java.lang.invoke.DirectMethodHandle$Holder newInvokeSpecial L_L
@lambda-proxy java/util/stream/Collectors get ()Ljava/util/function/Supplier; ()Ljava/lang/Object; REF_newInvokeSpecial java/util/HashSet <init> ()V ()Ljava/util/HashSet;
java/util/function/BiConsumer
@lambda-form-invoker [LF_RESOLVE] java.lang.invoke.DirectMethodHandle$Holder invokeInterface L3_I
java/lang/invoke/DirectMethodHandle$Interface
@lambda-proxy java/util/stream/Collectors accept ()Ljava/util/function/BiConsumer; (Ljava/lang/Object;Ljava/lang/Object;)V REF_invokeInterface java/util/Set add (Ljava/lang/Object;)Z (Ljava/util/HashSet;Ljava/lang/Object;)V
java/util/function/BiFunction
java/util/function/BinaryOperator
@lambda-proxy java/util/stream/Collectors apply ()Ljava/util/function/BinaryOperator; (Ljava/lang/Object;Ljava/lang/Object;)Ljava/lang/Object; REF_invokeStatic java/util/stream/Collectors lambda$toSet$7 (Ljava/util/HashSet;Ljava/util/HashSet;)Ljava/util/HashSet; (Ljava/util/HashSet;Ljava/util/HashSet;)Ljava/util/HashSet;
@lambda-form-invoker [LF_RESOLVE] java.lang.invoke.DirectMethodHandle$Holder invokeStatic LL_L
@lambda-proxy java/util/stream/Collectors apply ()Ljava/util/function/Function; (Ljava/lang/Object;)Ljava/lang/Object; REF_invokeStatic java/util/stream/Collectors lambda$castingIdentity$2 (Ljava/lang/Object;)Ljava/lang/Object; (Ljava/lang/Object;)Ljava/lang/Object;
java/util/stream/ReduceOps
java/util/stream/TerminalOp
java/util/stream/ReduceOps$ReduceOp
java/util/stream/ReduceOps$3
java/util/stream/ReduceOps$Box
java/util/function/Consumer
java/util/stream/Sink
java/util/stream/TerminalSink
java/util/stream/ReduceOps$AccumulatingSink
java/util/stream/ReduceOps$3ReducingSink
java/util/stream/Sink$ChainedReference
java/util/stream/ReferencePipeline$3$1
java/util/stream/ReferencePipeline$2$1
@lambda-proxy jdk/internal/module/DefaultRoots test ()Ljava/util/function/Predicate; (Ljava/lang/Object;)Z REF_invokeStatic jdk/internal/module/DefaultRoots lambda$exportsAPI$2 (Ljava/lang/module/ModuleDescriptor$Exports;)Z (Ljava/lang/module/ModuleDescriptor$Exports;)Z
java/util/stream/FindOps
java/util/stream/FindOps$FindSink
java/util/stream/FindOps$FindSink$OfRef
java/util/stream/FindOps$FindOp
@lambda-form-invoker [LF_RESOLVE] java.lang.invoke.DirectMethodHandle$Holder invokeSpecial LL_I
@lambda-proxy java/util/stream/FindOps$FindSink$OfRef test ()Ljava/util/function/Predicate; (Ljava/lang/Object;)Z REF_invokeVirtual java/util/Optional isPresent ()Z (Ljava/util/Optional;)Z
@lambda-proxy java/util/stream/FindOps$FindSink$OfRef get ()Ljava/util/function/Supplier; ()Ljava/lang/Object; REF_newInvokeSpecial java/util/stream/FindOps$FindSink$OfRef <init> ()V ()Ljava/util/stream/TerminalSink;
@lambda-proxy java/util/stream/FindOps$FindSink$OfRef test ()Ljava/util/function/Predicate; (Ljava/lang/Object;)Z REF_invokeVirtual java/util/Optional isPresent ()Z (Ljava/util/Optional;)Z
@lambda-proxy java/util/stream/FindOps$FindSink$OfRef get ()Ljava/util/function/Supplier; ()Ljava/lang/Object; REF_newInvokeSpecial java/util/stream/FindOps$FindSink$OfRef <init> ()V ()Ljava/util/stream/TerminalSink;
java/util/ImmutableCollections$Set12$1
java/lang/module/Resolver
java/nio/file/Watchable
java/nio/file/Path
java/lang/module/ModuleFinder$1
java/util/ListIterator
java/util/ImmutableCollections$ListItr
java/util/HashMap$Values
java/util/HashMap$ValueIterator
java/util/LinkedHashSet
java/util/LinkedHashMap
java/util/Collections$UnmodifiableCollection$1
jdk/internal/module/ModuleLoaderMap
jdk/internal/module/ModuleLoaderMap$Modules
jdk/internal/loader/AbstractClassLoaderValue$Memoizer
jdk/internal/module/ServicesCatalog$ServiceProvider
java/util/concurrent/CopyOnWriteArrayList
java/lang/ModuleLayer$Controller
java/lang/Readable
java/nio/CharBuffer
java/nio/HeapCharBuffer
java/nio/charset/CoderResult
jdk/internal/module/ModuleBootstrap$SafeModuleFinder
java/lang/invoke/StringConcatFactory
java/lang/invoke/StringConcatFactory$1
java/lang/invoke/StringConcatFactory$2
java/lang/invoke/StringConcatFactory$3
sun/launcher/LauncherHelper
java/lang/StringCoding
sun/net/util/URLUtil
java/util/Locale
sun/util/locale/LocaleUtils
sun/util/locale/BaseLocale$Key
sun/util/locale/LocaleObjectCache
sun/util/locale/BaseLocale$Cache
sun/util/locale/LocaleObjectCache$CacheEntry
java/util/Locale$Cache
java/security/PrivilegedExceptionAction
jdk/internal/loader/URLClassPath$3
jdk/internal/loader/URLClassPath$Loader
jdk/internal/loader/URLClassPath$FileLoader
jdk/internal/loader/Resource
jdk/internal/loader/URLClassPath$FileLoader$1
java/io/FileCleanable
sun/nio/ByteBuffered
java/io/FileInputStream$1
java/security/SecureClassLoader$CodeSourceKey
java/security/SecureClassLoader$1
java/security/PermissionCollection
sun/security/util/LazyCodeSourcePermissionCollection
java/security/Permissions
java/lang/RuntimePermission
java/security/BasicPermissionCollection
java/security/AllPermission
java/security/UnresolvedPermission
java/security/SecureClassLoader$DebugHolder
sun/security/util/Debug
rotate
java/lang/NamedPackage
jdk/incubator/vector/Vector
jdk/incubator/vector/AbstractVector
jdk/incubator/vector/LongVector
jdk/incubator/vector/VectorOperators$ImplCache
jdk/incubator/vector/VectorOperators
jdk/incubator/vector/VectorOperators$Operator
jdk/incubator/vector/VectorOperators$Unary
jdk/incubator/vector/VectorOperators$Binary
jdk/incubator/vector/VectorOperators$Ternary
jdk/incubator/vector/VectorOperators$Associative
jdk/incubator/vector/VectorSpecies
jdk/internal/vm/vector/VectorSupport$VectorSpecies
jdk/incubator/vector/AbstractSpecies
jdk/incubator/vector/LongVector$LongSpecies
jdk/incubator/vector/VectorShape
jdk/incubator/vector/LaneType
jdk/incubator/vector/Long64Vector
jdk/incubator/vector/VectorMask
jdk/incubator/vector/AbstractMask
jdk/incubator/vector/Long64Vector$Long64Mask
java/lang/invoke/TypeConvertingMethodAdapter
java/lang/invoke/InnerClassLambdaMetafactory$ForwardingMethodGenerator
jdk/internal/org/objectweb/asm/ClassReader
@lambda-proxy jdk/incubator/vector/LongVector apply ()Ljava/util/function/Function; (Ljava/lang/Object;)Ljava/lang/Object; REF_newInvokeSpecial jdk/incubator/vector/Long64Vector <init> (Ljava/lang/Object;)V (Ljava/lang/Object;)Ljdk/incubator/vector/LongVector;
jdk/incubator/vector/Long128Vector
jdk/incubator/vector/Long128Vector$Long128Mask
@lambda-proxy jdk/incubator/vector/LongVector apply ()Ljava/util/function/Function; (Ljava/lang/Object;)Ljava/lang/Object; REF_newInvokeSpecial jdk/incubator/vector/Long128Vector <init> (Ljava/lang/Object;)V (Ljava/lang/Object;)Ljdk/incubator/vector/LongVector;
jdk/incubator/vector/Long256Vector
jdk/incubator/vector/Long256Vector$Long256Mask
@lambda-proxy jdk/incubator/vector/LongVector apply ()Ljava/util/function/Function; (Ljava/lang/Object;)Ljava/lang/Object; REF_newInvokeSpecial jdk/incubator/vector/Long256Vector <init> (Ljava/lang/Object;)V (Ljava/lang/Object;)Ljdk/incubator/vector/LongVector;
jdk/incubator/vector/Long512Vector
jdk/incubator/vector/Long512Vector$Long512Mask
@lambda-proxy jdk/incubator/vector/LongVector apply ()Ljava/util/function/Function; (Ljava/lang/Object;)Ljava/lang/Object; REF_newInvokeSpecial jdk/incubator/vector/Long512Vector <init> (Ljava/lang/Object;)V (Ljava/lang/Object;)Ljdk/incubator/vector/LongVector;
jdk/incubator/vector/LongMaxVector
jdk/incubator/vector/LongMaxVector$LongMaxMask
@lambda-proxy jdk/incubator/vector/LongVector apply ()Ljava/util/function/Function; (Ljava/lang/Object;)Ljava/lang/Object; REF_newInvokeSpecial jdk/incubator/vector/LongMaxVector <init> (Ljava/lang/Object;)V (Ljava/lang/Object;)Ljdk/incubator/vector/LongVector;
jdk/incubator/vector/LongVector$1
jdk/incubator/vector/VectorIntrinsics
jdk/incubator/vector/ByteVector
jdk/incubator/vector/ByteVector$ByteSpecies
jdk/incubator/vector/Byte64Vector
jdk/incubator/vector/Byte64Vector$Byte64Mask
@lambda-proxy jdk/incubator/vector/ByteVector apply ()Ljava/util/function/Function; (Ljava/lang/Object;)Ljava/lang/Object; REF_newInvokeSpecial jdk/incubator/vector/Byte64Vector <init> (Ljava/lang/Object;)V (Ljava/lang/Object;)Ljdk/incubator/vector/ByteVector;
jdk/incubator/vector/Byte128Vector
jdk/incubator/vector/Byte128Vector$Byte128Mask
@lambda-proxy jdk/incubator/vector/ByteVector apply ()Ljava/util/function/Function; (Ljava/lang/Object;)Ljava/lang/Object; REF_newInvokeSpecial jdk/incubator/vector/Byte128Vector <init> (Ljava/lang/Object;)V (Ljava/lang/Object;)Ljdk/incubator/vector/ByteVector;
jdk/incubator/vector/Byte256Vector
jdk/incubator/vector/Byte256Vector$Byte256Mask
@lambda-proxy jdk/incubator/vector/ByteVector apply ()Ljava/util/function/Function; (Ljava/lang/Object;)Ljava/lang/Object; REF_newInvokeSpecial jdk/incubator/vector/Byte256Vector <init> (Ljava/lang/Object;)V (Ljava/lang/Object;)Ljdk/incubator/vector/ByteVector;
jdk/incubator/vector/Byte512Vector
jdk/incubator/vector/Byte512Vector$Byte512Mask
@lambda-proxy jdk/incubator/vector/ByteVector apply ()Ljava/util/function/Function; (Ljava/lang/Object;)Ljava/lang/Object; REF_newInvokeSpecial jdk/incubator/vector/Byte512Vector <init> (Ljava/lang/Object;)V (Ljava/lang/Object;)Ljdk/incubator/vector/ByteVector;
jdk/incubator/vector/ByteMaxVector
jdk/incubator/vector/ByteMaxVector$ByteMaxMask
@lambda-proxy jdk/incubator/vector/ByteVector apply ()Ljava/util/function/Function; (Ljava/lang/Object;)Ljava/lang/Object; REF_newInvokeSpecial jdk/incubator/vector/ByteMaxVector <init> (Ljava/lang/Object;)V (Ljava/lang/Object;)Ljdk/incubator/vector/ByteVector;
jdk/incubator/vector/ByteVector$1
jdk/internal/vm/vector/VectorSupport$LoadOperation
java/lang/IncompatibleClassChangeError
java/lang/NoSuchMethodError
@lambda-form-invoker [LF_RESOLVE] java.lang.invoke.DirectMethodHandle$Holder invokeStatic LLIL_L
sun/reflect/misc/ReflectUtil
@lambda-proxy jdk/incubator/vector/LongVector load ()Ljdk/internal/vm/vector/VectorSupport$LoadOperation; (Ljava/lang/Object;ILjdk/internal/vm/vector/VectorSupport$VectorSpecies;)Ljava/lang/Object; REF_invokeStatic jdk/incubator/vector/LongVector lambda$fromArray0Template$89 ([JILjdk/incubator/vector/LongVector$LongSpecies;)Ljdk/incubator/vector/LongVector; ([JILjdk/incubator/vector/LongVector$LongSpecies;)Ljdk/incubator/vector/LongVector;
jdk/incubator/vector/LongVector$FLdOp
@lambda-form-invoker [LF_RESOLVE] java.lang.invoke.DirectMethodHandle$Holder invokeStatic LLII_J
@lambda-proxy jdk/incubator/vector/LongVector apply ()Ljdk/incubator/vector/LongVector$FLdOp; (Ljava/lang/Object;II)J REF_invokeStatic jdk/incubator/vector/LongVector lambda$fromArray0Template$88 ([JII)J ([JII)J
jdk/incubator/vector/VectorOperators$OperatorImpl
jdk/incubator/vector/VectorOperators$UnaryImpl
jdk/incubator/vector/VectorOperators$BinaryImpl
jdk/incubator/vector/VectorOperators$AssociativeImpl
jdk/incubator/vector/VectorOperators$TernaryImpl
jdk/incubator/vector/VectorOperators$Test
jdk/incubator/vector/VectorOperators$TestImpl
jdk/incubator/vector/VectorOperators$Comparison
jdk/incubator/vector/VectorOperators$ComparisonImpl
@lambda-form-invoker [LF_RESOLVE] java.lang.invoke.DirectMethodHandle$Holder invokeStatic L6_L
java/lang/invoke/MethodHandleImpl$AsVarargsCollector
@lambda-form-invoker [LF_RESOLVE] java.lang.invoke.DirectMethodHandle$Holder invokeSpecial L7_L
@lambda-form-invoker [LF_RESOLVE] java.lang.invoke.DelegatingMethodHandle$Holder delegate L6_L
@lambda-form-invoker [LF_RESOLVE] java.lang.invoke.Invokers$Holder invokeExact_MT L7_L
@lambda-form-invoker [LF_RESOLVE] java.lang.invoke.DirectMethodHandle$Holder invokeStatic LLJ_L
@lambda-form-invoker [LF_RESOLVE] java.lang.invoke.DirectMethodHandle$Holder invokeSpecial L3J_L
@lambda-form-invoker [LF_RESOLVE] java.lang.invoke.DelegatingMethodHandle$Holder reinvoke_L LLJ_L
java/util/Arrays$ArrayList
java/util/Arrays$ArrayItr
@lambda-form-invoker [LF_RESOLVE] java.lang.invoke.DirectMethodHandle$Holder invokeStatic LJL3_J
@lambda-form-invoker [LF_RESOLVE] java.lang.invoke.DirectMethodHandle$Holder invokeSpecial LLJL3_J
@lambda-form-invoker [LF_RESOLVE] java.lang.invoke.DelegatingMethodHandle$Holder reinvoke_L LJL3_J
java/lang/invoke/BoundMethodHandle$Species_LL
@lambda-form-invoker [SPECIES_RESOLVE] java.lang.invoke.BoundMethodHandle$Species_LL
@lambda-form-invoker [LF_RESOLVE] java.lang.invoke.DirectMethodHandle$Holder invokeStatic L5_L
@lambda-form-invoker [LF_RESOLVE] java.lang.invoke.DirectMethodHandle$Holder invokeSpecial LLJLL_J
@lambda-form-invoker [LF_RESOLVE] java.lang.invoke.DirectMethodHandle$Holder invokeStatic LJLIL_J
@lambda-form-invoker [LF_RESOLVE] java.lang.invoke.DirectMethodHandle$Holder invokeSpecial LLJLIL_J
@lambda-form-invoker [LF_RESOLVE] java.lang.invoke.DelegatingMethodHandle$Holder reinvoke_L LJLIL_J
java/lang/invoke/BoundMethodHandle$Species_LLL
@lambda-form-invoker [SPECIES_RESOLVE] java.lang.invoke.BoundMethodHandle$Species_LLL
@lambda-form-invoker [LF_RESOLVE] java.lang.invoke.DirectMethodHandle$Holder invokeSpecial LLJLI_J
java/lang/invoke/BoundMethodHandle$Species_LLLL
@lambda-form-invoker [SPECIES_RESOLVE] java.lang.invoke.BoundMethodHandle$Species_LLLL
@lambda-form-invoker [LF_RESOLVE] java.lang.invoke.DirectMethodHandle$Holder invokeStatic LJ_L
java/lang/invoke/BoundMethodHandle$Species_LLLLL
@lambda-form-invoker [SPECIES_RESOLVE] java.lang.invoke.BoundMethodHandle$Species_LLLLL
@lambda-form-invoker [LF_RESOLVE] java.lang.invoke.DirectMethodHandle$Holder invokeStatic L8_L
@lambda-form-invoker [LF_RESOLVE] java.lang.invoke.DirectMethodHandle$Holder invokeSpecial LLJ_L
@lambda-form-invoker [LF_RESOLVE] java.lang.invoke.DirectMethodHandle$Holder invokeStatic LJL_J
@lambda-form-invoker [LF_RESOLVE] java.lang.invoke.DirectMethodHandle$Holder invokeSpecial LLJL_J
@lambda-form-invoker [LF_RESOLVE] java.lang.invoke.DelegatingMethodHandle$Holder reinvoke_L LJL_J
java/lang/invoke/BoundMethodHandle$Species_LLLLLL
@lambda-form-invoker [SPECIES_RESOLVE] java.lang.invoke.BoundMethodHandle$Species_LLLLLL
@lambda-form-invoker [LF_RESOLVE] java.lang.invoke.DirectMethodHandle$Holder invokeStatic L9_L
@lambda-form-invoker [LF_RESOLVE] java.lang.invoke.DirectMethodHandle$Holder invokeStatic LJI_J
@lambda-form-invoker [LF_RESOLVE] java.lang.invoke.DirectMethodHandle$Holder invokeSpecial LLJI_J
@lambda-form-invoker [LF_RESOLVE] java.lang.invoke.DelegatingMethodHandle$Holder reinvoke_L LJI_J
java/lang/invoke/BoundMethodHandle$Species_LLLLLLL
@lambda-form-invoker [SPECIES_RESOLVE] java.lang.invoke.BoundMethodHandle$Species_LLLLLLL
@lambda-form-invoker [LF_RESOLVE] java.lang.invoke.DirectMethodHandle$Holder invokeStatic L10_L
java/lang/invoke/MethodHandles$1
java/lang/invoke/BoundMethodHandle$Species_LJ
@lambda-form-invoker [SPECIES_RESOLVE] java.lang.invoke.BoundMethodHandle$Species_LJ
@lambda-form-invoker [LF_RESOLVE] java.lang.invoke.DirectMethodHandle$Holder invokeStatic L4J_L
@lambda-form-invoker [LF_RESOLVE] java.lang.invoke.DirectMethodHandle$Holder getLong LL_J
java/lang/invoke/BoundMethodHandle$Species_LLLLLLLL
@lambda-form-invoker [SPECIES_RESOLVE] java.lang.invoke.BoundMethodHandle$Species_LLLLLLLL
@lambda-form-invoker [LF_RESOLVE] java.lang.invoke.DirectMethodHandle$Holder invokeStatic L11_L
@lambda-form-invoker [LF_RESOLVE] java.lang.invoke.DirectMethodHandle$Holder invokeSpecial L3_J
java/lang/invoke/BoundMethodHandle$Species_LLLLLLLLL
@lambda-form-invoker [SPECIES_RESOLVE] java.lang.invoke.BoundMethodHandle$Species_LLLLLLLLL
@lambda-form-invoker [LF_RESOLVE] java.lang.invoke.DirectMethodHandle$Holder invokeStatic L12_L
java/util/SortedMap
java/util/NavigableMap
java/util/TreeMap
java/lang/invoke/LambdaFormEditor$1
java/util/TreeMap$Entry
java/util/TreeMap$EntrySet
java/util/TreeMap$PrivateEntryIterator
java/util/TreeMap$EntryIterator
@lambda-form-invoker [LF_RESOLVE] java.lang.invoke.DirectMethodHandle$Holder invokeSpecial L3IL_L
@lambda-form-invoker [LF_RESOLVE] java.lang.invoke.Invokers$Holder linkToTargetMethod LILL_L
jdk/incubator/vector/VectorOperators$Conversion
jdk/incubator/vector/VectorOperators$ConversionImpl
jdk/internal/reflect/UnsafeFieldAccessorFactory
jdk/internal/reflect/UnsafeQualifiedStaticFieldAccessorImpl
jdk/internal/reflect/UnsafeQualifiedStaticObjectFieldAccessorImpl
java/util/function/IntFunction
jdk/internal/vm/vector/VectorSupport$VectorBroadcastIntOp
@lambda-form-invoker [LF_RESOLVE] java.lang.invoke.DirectMethodHandle$Holder invokeStatic LI_L
@lambda-proxy jdk/incubator/vector/LongVector apply ()Ljava/util/function/IntFunction; (I)Ljava/lang/Object; REF_invokeStatic jdk/incubator/vector/LongVector lambda$lanewiseShiftTemplate$38 (I)Ljdk/internal/vm/vector/VectorSupport$VectorBroadcastIntOp; (I)Ljdk/internal/vm/vector/VectorSupport$VectorBroadcastIntOp;
@lambda-form-invoker [LF_RESOLVE] java.lang.invoke.DirectMethodHandle$Holder invokeStatic LLI_L
@lambda-proxy jdk/incubator/vector/LongVector apply ()Ljdk/internal/vm/vector/VectorSupport$VectorBroadcastIntOp; (Ljdk/internal/vm/vector/VectorSupport$Vector;I)Ljdk/internal/vm/vector/VectorSupport$Vector; REF_invokeStatic jdk/incubator/vector/LongVector lambda$lanewiseShiftTemplate$33 (Ljdk/incubator/vector/LongVector;I)Ljdk/incubator/vector/LongVector; (Ljdk/incubator/vector/LongVector;I)Ljdk/incubator/vector/LongVector;
jdk/incubator/vector/LongVector$FUnOp
@lambda-form-invoker [LF_RESOLVE] java.lang.invoke.DirectMethodHandle$Holder invokeStatic LIIJ_J
@lambda-form-invoker [LF_RESOLVE] java.lang.invoke.DirectMethodHandle$Holder newInvokeSpecial LI_L
@lambda-form-invoker [LF_RESOLVE] java.lang.invoke.DirectMethodHandle$Holder invokeSpecial LLI_L
@lambda-form-invoker [LF_RESOLVE] java.lang.invoke.Invokers$Holder linkToTargetMethod IL_L
@lambda-proxy jdk/incubator/vector/LongVector apply (I)Ljdk/incubator/vector/LongVector$FUnOp; (IJ)J REF_invokeStatic jdk/incubator/vector/LongVector lambda$lanewiseShiftTemplate$32 (IIJ)J (IJ)J
@lambda-proxy jdk/incubator/vector/LongVector apply ()Ljdk/internal/vm/vector/VectorSupport$VectorBroadcastIntOp; (Ljdk/internal/vm/vector/VectorSupport$Vector;I)Ljdk/internal/vm/vector/VectorSupport$Vector; REF_invokeStatic jdk/incubator/vector/LongVector lambda$lanewiseShiftTemplate$37 (Ljdk/incubator/vector/LongVector;I)Ljdk/incubator/vector/LongVector; (Ljdk/incubator/vector/LongVector;I)Ljdk/incubator/vector/LongVector;
@lambda-proxy jdk/incubator/vector/LongVector apply (I)Ljdk/incubator/vector/LongVector$FUnOp; (IJ)J REF_invokeStatic jdk/incubator/vector/LongVector lambda$lanewiseShiftTemplate$36 (IIJ)J (IJ)J
@lambda-proxy jdk/incubator/vector/LongVector apply ()Ljava/util/function/IntFunction; (I)Ljava/lang/Object; REF_invokeStatic jdk/incubator/vector/LongVector lambda$lanewiseTemplate$31 (I)Ljava/util/function/BinaryOperator; (I)Ljava/util/function/BinaryOperator;
@lambda-proxy jdk/incubator/vector/LongVector apply ()Ljava/util/function/BinaryOperator; (Ljava/lang/Object;Ljava/lang/Object;)Ljava/lang/Object; REF_invokeStatic jdk/incubator/vector/LongVector lambda$lanewiseTemplate$22 (Ljdk/incubator/vector/LongVector;Ljdk/incubator/vector/LongVector;)Ljdk/incubator/vector/LongVector; (Ljdk/incubator/vector/LongVector;Ljdk/incubator/vector/LongVector;)Ljdk/incubator/vector/LongVector;
jdk/incubator/vector/LongVector$FBinOp
@lambda-form-invoker [LF_RESOLVE] java.lang.invoke.DirectMethodHandle$Holder invokeStatic LIJJ_J
@lambda-proxy jdk/incubator/vector/LongVector apply ()Ljdk/incubator/vector/LongVector$FBinOp; (IJJ)J REF_invokeStatic jdk/incubator/vector/LongVector lambda$lanewiseTemplate$21 (IJJ)J (IJJ)J
jdk/internal/vm/vector/VectorSupport$StoreVectorOperation
@lambda-form-invoker [LF_RESOLVE] java.lang.invoke.DirectMethodHandle$Holder invokeStatic LLIL_V
@lambda-proxy jdk/incubator/vector/LongVector store ()Ljdk/internal/vm/vector/VectorSupport$StoreVectorOperation; (Ljava/lang/Object;ILjdk/internal/vm/vector/VectorSupport$Vector;)V REF_invokeStatic jdk/incubator/vector/LongVector lambda$intoArray$81 ([JILjdk/incubator/vector/LongVector;)V ([JILjdk/incubator/vector/LongVector;)V
jdk/incubator/vector/LongVector$FStOp
@lambda-form-invoker [LF_RESOLVE] java.lang.invoke.DirectMethodHandle$Holder invokeStatic LLIIJ_V
@lambda-proxy jdk/incubator/vector/LongVector apply ()Ljdk/incubator/vector/LongVector$FStOp; (Ljava/lang/Object;IIJ)V REF_invokeStatic jdk/incubator/vector/LongVector lambda$intoArray$80 ([JIIJ)V ([JIIJ)V
@lambda-form-invoker [LF_RESOLVE] java.lang.invoke.DirectMethodHandle$Holder invokeStatic LJLJL_J
@lambda-form-invoker [LF_RESOLVE] java.lang.invoke.DirectMethodHandle$Holder invokeSpecial LLJLJL_J
@lambda-form-invoker [LF_RESOLVE] java.lang.invoke.DelegatingMethodHandle$Holder reinvoke_L LJLJL_J
@lambda-form-invoker [LF_RESOLVE] java.lang.invoke.DirectMethodHandle$Holder invokeSpecial LLJLJ_J
@lambda-form-invoker [LF_RESOLVE] java.lang.invoke.DirectMethodHandle$Holder invokeStatic LJJ_J
@lambda-form-invoker [LF_RESOLVE] java.lang.invoke.DirectMethodHandle$Holder invokeSpecial LLJJ_J
@lambda-form-invoker [LF_RESOLVE] java.lang.invoke.DelegatingMethodHandle$Holder reinvoke_L LJJ_J
@lambda-form-invoker [LF_RESOLVE] java.lang.invoke.DirectMethodHandle$Holder invokeSpecial LLJ_J
@lambda-form-invoker [LF_RESOLVE] java.lang.invoke.Invokers$Holder linkToTargetMethod JL_L
java/lang/Shutdown
java/lang/Shutdown$Lock
