#
# A fatal error has been detected by the Java Runtime Environment:
#
#  Internal Error (/home/jatinbha/sandboxes/jdk/jdk/src/hotspot/share/opto/type.hpp:2020), pid=3954912, tid=3954954
#  assert(_base == Long) failed: Not a Long
#
# JRE version: OpenJDK Runtime Environment (25.0) (slowdebug build 25-internal-adhoc.root.jdk)
# Java VM: OpenJDK 64-Bit Server VM (slowdebug 25-internal-adhoc.root.jdk, mixed mode, sharing, compressed oops, compressed class ptrs, g1 gc, linux-amd64)
# Problematic frame:
# V  [libjvm.so+0x549640]  stackSlotDOper::type() const+0x4
#
# Core dump will be written. Default location: Core dumps may be processed with "/usr/share/apport/apport -p%p -s%s -c%c -d%d -P%P -u%u -g%g -F%F -- %E" (or dumping to /home/jatinbha/code/java/bugz/8351645/core.3954912)
#
# If you would like to submit a bug report, please visit:
#   https://bugreport.java.com/bugreport/crash.jsp
#

---------------  S U M M A R Y ------------

Command Line: -XX:+PauseAtStartup -Xbatch -XX:-TieredCompilation Test

Host: intel-S2600WFT, Intel(R) Xeon(R) Platinum 8280 CPU @ 2.70GHz, 112 cores, 754G, Ubuntu 20.04.2 LTS
Time: Mon Jun  2 15:34:31 2025 IST elapsed time: 8372.174622 seconds (0d 2h 19m 32s)

---------------  T H R E A D  ---------------

Current thread (0x00007f1528313f80):  JavaThread "C2 CompilerThread0" daemon [_thread_in_native, id=3954954, stack(0x00007f14e033d000,0x00007f14e043e000) (1028K)]


Current CompileTask:
C2:8372174    6 %  b        Test::test @ 8 (55 bytes)

Stack: [0x00007f14e033d000,0x00007f14e043e000],  sp=0x00007f14e0438e50,  free space=1007k
Native frames: (J=compiled Java code, j=interpreted, Vv=VM code, C=native code)
V  [libjvm.so+0x549640]  stackSlotDOper::type() const+0x4  (type.hpp:2020)
C  0x00007f14e0438e7f
Registers:
RAX=0x00007f15315fb000, RBX=0x00007f14e0439430, RCX=0x00007f14e0439430, RDX=0x00007f146c0c94b8
RSP=0x00007f14e0438e50, RBP=0x00007f14e0438e60, RSI=0x0000000000000001, RDI=0x00007f146c02f4d0
R8 =0x00007f152f50595a, R9 =0x000000007fffffff, R10=0x00007f153027b425, R11=0x00007f15307f9b63
R12=0x00007f14e043ba30, R13=0x00007f152e40256f, R14=0x00007f152e4026c0, R15=0x00007f14e043cfc0
RIP=0x00007f152eaa8640, EFLAGS=0x0000000000010202, CSGSFS=0x002b000000000033, ERR=0x0000000000000006
  TRAPNO=0x000000000000000e

XMM[0]=0xabababababababab 0xabababababababab
XMM[1]=0x6968502030373320 0x3a36312070657453
XMM[2]=0x00ff0000ff000000 0x0000ff0000000000
XMM[3]=0x00007f146c09cf50 0x00007f146c09ced8
XMM[4]=0x00007f146c06b5b8 0x00007f146c09c7d8
XMM[5]=0x00007f146c09ca68 0x00007f146c09c9d0
XMM[6]=0x00007f146c09cc68 0x00007f146c09cbf0
XMM[7]=0x0000000000000000 0x0000000000000000
XMM[8]=0x63002d2000732520 0x2d20007325206425
XMM[9]=0x0000000000000000 0x0000000000000000
XMM[10]=0x0000000000000000 0x0000000000000000
XMM[11]=0x0000000000000000 0x0000000000000000
XMM[12]=0x0000000000000000 0x0000000000000000
XMM[13]=0x0000000000000000 0x0000000000000000
XMM[14]=0x0000000000000000 0x0000000000000000
XMM[15]=0x0000000000000000 0x0000000000000000
  MXCSR=0x00001fa2


Register to memory mapping:

RAX=0x00007f15315fb000 in mmap'd memory region [0x00007f15315fb000 - 0x00007f15315fc000], tag mtInternal
RBX=0x00007f14e0439430 is pointing into the stack for thread: 0x00007f1528313f80
RCX=0x00007f14e0439430 is pointing into the stack for thread: 0x00007f1528313f80
RDX=0x00007f146c0c94b8 points into unknown readable memory: 0x00007f146c02f508 | 08 f5 02 6c 14 7f 00 00
RSP=0x00007f14e0438e50 is pointing into the stack for thread: 0x00007f1528313f80
RBP=0x00007f14e0438e60 is pointing into the stack for thread: 0x00007f1528313f80
RSI=0x0000000000000001 is an unknown value
RDI=0x00007f146c02f4d0 into live malloced block starting at 0x00007f146c02ec80, size 32752, tag mtChunk
R8 =0x00007f152f50595a: <offset 0x0000000000fa695a> in /home/jatinbha/sandboxes/jdk/jdk/build/linux-x86_64-server-slowdebug/images/jdk/lib/server/libjvm.so at 0x00007f152e55f000
R9 =0x000000007fffffff is an unknown value
R10=0x00007f153027b425: <offset 0x0000000001d1c425> in /home/jatinbha/sandboxes/jdk/jdk/build/linux-x86_64-server-slowdebug/images/jdk/lib/server/libjvm.so at 0x00007f152e55f000
R11=0x00007f15307f9b63: <offset 0x000000000229ab63> in /home/jatinbha/sandboxes/jdk/jdk/build/linux-x86_64-server-slowdebug/images/jdk/lib/server/libjvm.so at 0x00007f152e55f000
R12=0x00007f14e043ba30 is pointing into the stack for thread: 0x00007f1528313f80
R13=0x00007f152e40256f is pointing into the stack for thread: 0x00007f152802d150
R14=0x00007f152e4026c0 is pointing into the stack for thread: 0x00007f152802d150
R15=0x00007f14e043cfc0 is pointing into the stack for thread: 0x00007f1528313f80

Top of Stack: (sp=0x00007f14e0438e50)
0x00007f14e0438e50:   0000000100000010 00007f146c02f4d0   ...........l....
0x00007f14e0438e60:   00007f14e0438e68 00007f14e0438e7f   h.C.......C.....
0x00007f14e0438e70:   00007f14e043ba30 cc007f152e40256f   0.C.....o%@.....
0x00007f14e0438e80:   00007f14e0438ec0 00007f152ec7a634   ..C.....4.......
0x00007f14e0438e90:   00007f14e0438fd0 00007f146c04fd00   ..C........l....
0x00007f14e0438ea0:   00007f14e0438ec0 00007f152f8e16e7   ..C......../....
0x00007f14e0438eb0:   00007f146c04f9e8 00007f146c04fd00   ...l.......l....
0x00007f14e0438ec0:   00007f14e0438ee0 00007f152ec7ff58   ..C.....X.......
0x00007f14e0438ed0:   00000001e0438fd0 00007f146c0c2c08   ..C......,.l....
0x00007f14e0438ee0:   00007f14e0438f10 00007f152ec80074   ..C.....t.......
0x00007f14e0438ef0:   00007f14e0438f10 00007f152eaa8613   ..C.............
0x00007f14e0438f00:   00000001e0438f20 00007f146c02f4d0    .C........l....
0x00007f14e0438f10:   00007f14e0438f90 00007f152f505ce5   ..C......\P/....
0x00007f14e0438f20:   00007f14e0438f60 00007f012fa266f2   `.C......f./....
0x00007f14e0438f30:   00007f14e0439430 00007f146c06f7c0   0.C........l....
0x00007f14e0438f40:   00007f146c0373d0 00007f146c06f688   .s.l.......l....
0x00007f14e0438f50:   000000fae0438fb0 00007f146c050910   ..C........l....
0x00007f14e0438f60:   00000004e0438f90 0000000000000051   ..C.....Q.......
0x00007f14e0438f70:   00007f14e043ba30 00007f152e40256f   0.C.....o%@.....
0x00007f14e0438f80:   00007f152e4026c0 00007f14e043cfc0   .&@.......C.....
0x00007f14e0438f90:   00007f14e0438fd0 00007f152fae91c6   ..C......../....
0x00007f14e0438fa0:   00007f146c06f7c0 0000000100000051   ...l....Q.......
0x00007f14e0438fb0:   00007f146c06f7c0 00007f14e0439430   ...l....0.C.....
0x00007f14e0438fc0:   00007f146c06f7c0 0000000000000000   ...l............
0x00007f14e0438fd0:   00007f14e0439030 00007f152faeb1fd   0.C......../....
0x00007f14e0438fe0:   00007f146c06f7c0 00007f14e0439430   ...l....0.C.....
0x00007f14e0438ff0:   00007f14e0439010 00007f1500c7ff58   ..C.....X.......
0x00007f14e0439000:   00007f146c06f7c0 00007f152edb7918   ...l.....y......
0x00007f14e0439010:   00007f14e0439030 00007f14e043b790   0.C.......C.....
0x00007f14e0439020:   00007f146c06f7c0 0000000000000051   ...l....Q.......
0x00007f14e0439030:   00007f14e0439090 00007f152faea945   ..C.....E../....
0x00007f14e0439040:   00007f14e0439060 00007f14e0439430   `.C.....0.C.....

Instructions: (pc=0x00007f152eaa8640)
  0x00007f152eaa8540:   8d 3d ea 9c 5c 01 b8 00 00 00 00 e8 7b 9c 65 00
  0x00007f152eaa8550:   48 8b 45 f8 48 8b 40 18 c9 c3 f3 0f 1e fa 55 48
  0x00007f152eaa8560:   89 e5 48 83 ec 10 48 89 7d f8 48 8b 45 f8 48 89
  0x00007f152eaa8570:   c7 e8 88 00 00 00 c9 c3 f3 0f 1e fa 55 48 89 e5
  0x00007f152eaa8580:   48 89 7d f8 48 8b 45 f8 0f b6 40 14 5d c3 f3 0f
  0x00007f152eaa8590:   1e fa 55 48 89 e5 48 83 ec 10 48 89 7d f8 e8 1e
  0x00007f152eaa85a0:   a5 f0 ff 83 f0 01 84 c0 74 13 48 8b 45 f8 8b 40
  0x00007f152eaa85b0:   10 83 f8 03 74 07 b8 01 00 00 00 eb 05 b8 00 00
  0x00007f152eaa85c0:   00 00 84 c0 74 31 48 8d 05 3b 79 79 02 48 8b 00
  0x00007f152eaa85d0:   c6 00 58 48 8d 0d 97 9c 5c 01 48 8d 15 9b 9c 5c
  0x00007f152eaa85e0:   01 be db 07 00 00 48 8d 3d 43 9c 5c 01 b8 00 00
  0x00007f152eaa85f0:   00 00 e8 d4 9b 65 00 48 8b 45 f8 c9 c3 90 f3 0f
  0x00007f152eaa8600:   1e fa 55 48 89 e5 48 83 ec 10 48 89 7d f8 e8 ae
  0x00007f152eaa8610:   a4 f0 ff 83 f0 01 84 c0 74 13 48 8b 45 f8 8b 40
  0x00007f152eaa8620:   10 83 f8 04 74 07 b8 01 00 00 00 eb 05 b8 00 00
  0x00007f152eaa8630:   00 00 84 c0 74 31 48 8d 05 cb 78 79 02 48 8b 00
=>0x00007f152eaa8640:   c6 00 58 48 8d 0d 4e 9c 5c 01 48 8d 15 52 9c 5c
  0x00007f152eaa8650:   01 be e4 07 00 00 48 8d 3d d3 9b 5c 01 b8 00 00
  0x00007f152eaa8660:   00 00 e8 64 9b 65 00 48 8b 45 f8 c9 c3 90 f3 0f
  0x00007f152eaa8670:   1e fa 55 48 89 e5 48 89 7d f8 48 8b 45 f8 8b 40
  0x00007f152eaa8680:   10 83 f8 0b 75 06 48 8b 45 f8 eb 05 b8 00 00 00
  0x00007f152eaa8690:   00 5d c3 90 f3 0f 1e fa 55 48 89 e5 48 83 ec 10
  0x00007f152eaa86a0:   48 89 7d f8 e8 18 a4 f0 ff 83 f0 01 84 c0 74 1f
  0x00007f152eaa86b0:   48 8b 45 f8 8b 40 10 83 f8 0a 7e 0c 48 8b 45 f8
  0x00007f152eaa86c0:   8b 40 10 83 f8 11 7e 07 b8 01 00 00 00 eb 05 b8
  0x00007f152eaa86d0:   00 00 00 00 84 c0 74 31 48 8d 05 29 78 79 02 48
  0x00007f152eaa86e0:   8b 00 c6 00 58 48 8d 0d d4 9b 5c 01 48 8d 15 dd
  0x00007f152eaa86f0:   9b 5c 01 be 31 08 00 00 48 8d 3d 31 9b 5c 01 b8
  0x00007f152eaa8700:   00 00 00 00 e8 c2 9a 65 00 48 8b 45 f8 c9 c3 90
  0x00007f152eaa8710:   f3 0f 1e fa 55 48 89 e5 48 89 7d f8 48 8b 45 f8
  0x00007f152eaa8720:   8b 40 10 83 f8 0a 7e 12 48 8b 45 f8 8b 40 10 83
  0x00007f152eaa8730:   f8 11 7f 06 48 8b 45 f8 eb 05 b8 00 00 00 00 5d


Stack slot to memory mapping:

stack at sp + 0 slots: 0x0000000100000010 is an unknown heap location
stack at sp + 1 slots: 0x00007f146c02f4d0 into live malloced block starting at 0x00007f146c02ec80, size 32752, tag mtChunk
stack at sp + 2 slots: 0x00007f14e0438e68 is pointing into the stack for thread: 0x00007f1528313f80
stack at sp + 3 slots: 0x00007f14e0438e7f is pointing into the stack for thread: 0x00007f1528313f80
stack at sp + 4 slots: 0x00007f14e043ba30 is pointing into the stack for thread: 0x00007f1528313f80
stack at sp + 5 slots: 0xcc007f152e40256f is an unknown value
stack at sp + 6 slots: 0x00007f14e0438ec0 is pointing into the stack for thread: 0x00007f1528313f80
stack at sp + 7 slots: 0x00007f152ec7a634: <offset 0x000000000071b634> in /home/jatinbha/sandboxes/jdk/jdk/build/linux-x86_64-server-slowdebug/images/jdk/lib/server/libjvm.so at 0x00007f152e55f000

Lock stack of current Java thread (top to bottom):


---------------  P R O C E S S  ---------------

uid  : 1000 euid : 1000 gid  : 1000 egid : 1000

umask: 0002 (-------w-)

Threads class SMR info:
_java_thread_list=0x00007f1480001110, length=10, elements={
0x00007f152802d150, 0x00007f152830cb40, 0x00007f152830dc70, 0x00007f152830f180,
0x00007f15283106d0, 0x00007f1528311ad0, 0x00007f1528313f80, 0x00007f152833de00,
0x00007f1528342eb0, 0x00007f1480001190
}
_java_thread_list_alloc_cnt=11, _java_thread_list_free_cnt=9, _java_thread_list_max=10, _nested_thread_list_max=0
_tlh_cnt=27, _tlh_times=0, avg_tlh_time=0.00, _tlh_time_max=0
_delete_lock_wait_cnt=0, _delete_lock_wait_max=0
_to_delete_list_cnt=0, _to_delete_list_max=1

Java Threads: ( => current thread )
  0x00007f152802d150 JavaThread "main"                              [_thread_blocked, id=3954913, stack(0x00007f152e305000,0x00007f152e406000) (1028K)]
  0x00007f152830cb40 JavaThread "Reference Handler"          daemon [_thread_blocked, id=3954949, stack(0x00007f14e10d2000,0x00007f14e11d2000) (1024K)]
  0x00007f152830dc70 JavaThread "Finalizer"                  daemon [_thread_blocked, id=3954950, stack(0x00007f14e0cce000,0x00007f14e0dce000) (1024K)]
  0x00007f152830f180 JavaThread "Signal Dispatcher"          daemon [_thread_blocked, id=3954951, stack(0x00007f14e0bcd000,0x00007f14e0ccd000) (1024K)]
  0x00007f15283106d0 JavaThread "Service Thread"             daemon [_thread_blocked, id=3954952, stack(0x00007f14e0fd1000,0x00007f14e10d1000) (1024K)]
  0x00007f1528311ad0 JavaThread "Monitor Deflation Thread"   daemon [_thread_blocked, id=3954953, stack(0x00007f14e043e000,0x00007f14e053f000) (1028K)]
=>0x00007f1528313f80 JavaThread "C2 CompilerThread0"         daemon [_thread_in_native, id=3954954, stack(0x00007f14e033d000,0x00007f14e043e000) (1028K)]
  0x00007f152833de00 JavaThread "Notification Thread"        daemon [_thread_blocked, id=3954955, stack(0x00007f14e01a1000,0x00007f14e02a2000) (1028K)]
  0x00007f1528342eb0 JavaThread "Common-Cleaner"             daemon [_thread_blocked, id=3954956, stack(0x00007f14e00a0000,0x00007f14e01a1000) (1028K)]
  0x00007f1480001190 JavaThread "SIGHUP handler"             daemon [_thread_in_Java, id=25938, stack(0x00007f14d3080000,0x00007f14d3181000) (1028K)]
Total: 10

Other Threads:
  0x00007f15282e2420 VMThread "VM Thread"                           [id=3954948, stack(0x00007f14e0dcf000,0x00007f14e0ecf000) (1024K)]
  0x00007f1528297ea0 WatcherThread "VM Periodic Task Thread"        [id=3954947, stack(0x00007f14e0ed0000,0x00007f14e0fd0000) (1024K)]
  0x00007f152806d780 WorkerThread "GC Thread#0"                     [id=3954936, stack(0x00007f14f3f5c000,0x00007f14f405c000) (1024K)]
  0x00007f1528085dd0 ConcurrentGCThread "G1 Main Marker"            [id=3954937, stack(0x00007f14f3e5b000,0x00007f14f3f5b000) (1024K)]
  0x00007f15280872a0 WorkerThread "G1 Conc#0"                       [id=3954938, stack(0x00007f14f3d5a000,0x00007f14f3e5a000) (1024K)]
  0x00007f1528271410 ConcurrentGCThread "G1 Refine#0"               [id=3954939, stack(0x00007f14e12d4000,0x00007f14e13d4000) (1024K)]
  0x00007f1528272880 ConcurrentGCThread "G1 Service"                [id=3954940, stack(0x00007f14e11d3000,0x00007f14e12d3000) (1024K)]
Total: 7

Threads with active compile tasks:
C2 CompilerThread0  8372181    6 %  b        Test::test @ 8 (55 bytes)
Total: 1

VM state: not at safepoint (normal execution)

VM Mutex/Monitor currently owned by a thread: None

Heap address: 0x0000000082000000, size: 30688 MB, Compressed Oops mode: Zero based, Oop shift amount: 3

CDS archive(s) mapped at: [0x00007f1492000000-0x00007f1492e05000-0x00007f1492e05000), size 14700544, SharedBaseAddress: 0x00007f1492000000, ArchiveRelocationMode: 1.
Compressed class space mapped at: 0x00007f1493000000-0x00007f14d3000000, reserved size: 1073741824
UseCompressedClassPointers 1, UseCompactObjectHeaders 0
Narrow klass pointer bits 32, Max shift 3
Narrow klass base: 0x00007f1492000000, Narrow klass shift: 0
Encoding Range: [0x00007f1492000000 - 0x00007f1592000000), (4294967296 bytes)
Klass Range:    [0x00007f1492001000 - 0x00007f14d3000000), (1090514944 bytes)
Klass ID Range:  [4096 - 1090519033) (1090514937)
Protection zone: [0x00007f1492000000 - 0x00007f1492001000), (4096 bytes)

GC Precious Log:
 CardTable entry size: 512
 Card Set container configuration: InlinePtr #cards 3 size 8 Array Of Cards #cards 128 size 272 Howl #buckets 8 coarsen threshold 29491 Howl Bitmap #cards 4096 size 528 coarsen threshold 3686 Card regions per heap region 1 cards per card region 32768
 CPUs: 112 total, 112 available
 Memory: 754G
 Large Page Support: Disabled
 NUMA Support: Disabled
 Compressed Oops: Enabled (Zero based)
 Heap Region Size: 16M
 Heap Min Capacity: 16M
 Heap Initial Capacity: 2G
 Heap Max Capacity: 30688M
 Pre-touch: Disabled
 Parallel Workers: 73
 Concurrent Workers: 18
 Concurrent Refinement Workers: 73
 Periodic GC: Disabled

Heap:
 garbage-first heap   total reserved 31424512K, committed 2113536K, used 1153K [0x0000000082000000, 0x0000000800000000)
  region size 16384K, 1 young (16384K), 0 survivors (0K)

Heap Regions: E=young(eden), S=young(survivor), O=old, HS=humongous(starts), HC=humongous(continues), CS=collection set, F=free, TAMS=top-at-mark-start, PB=parsable bottom
|   0|0x0000000082000000, 0x0000000082000000, 0x0000000083000000|  0%| F|  |TAMS 0x0000000082000000| PB 0x0000000082000000| Untracked |  0
|   1|0x0000000083000000, 0x0000000083000000, 0x0000000084000000|  0%| F|  |TAMS 0x0000000083000000| PB 0x0000000083000000| Untracked |  0
|   2|0x0000000084000000, 0x0000000084000000, 0x0000000085000000|  0%| F|  |TAMS 0x0000000084000000| PB 0x0000000084000000| Untracked |  0
|   3|0x0000000085000000, 0x0000000085000000, 0x0000000086000000|  0%| F|  |TAMS 0x0000000085000000| PB 0x0000000085000000| Untracked |  0
|   4|0x0000000086000000, 0x0000000086000000, 0x0000000087000000|  0%| F|  |TAMS 0x0000000086000000| PB 0x0000000086000000| Untracked |  0
|   5|0x0000000087000000, 0x0000000087000000, 0x0000000088000000|  0%| F|  |TAMS 0x0000000087000000| PB 0x0000000087000000| Untracked |  0
|   6|0x0000000088000000, 0x0000000088000000, 0x0000000089000000|  0%| F|  |TAMS 0x0000000088000000| PB 0x0000000088000000| Untracked |  0
|   7|0x0000000089000000, 0x0000000089000000, 0x000000008a000000|  0%| F|  |TAMS 0x0000000089000000| PB 0x0000000089000000| Untracked |  0
|   8|0x000000008a000000, 0x000000008a000000, 0x000000008b000000|  0%| F|  |TAMS 0x000000008a000000| PB 0x000000008a000000| Untracked |  0
|   9|0x000000008b000000, 0x000000008b000000, 0x000000008c000000|  0%| F|  |TAMS 0x000000008b000000| PB 0x000000008b000000| Untracked |  0
|  10|0x000000008c000000, 0x000000008c000000, 0x000000008d000000|  0%| F|  |TAMS 0x000000008c000000| PB 0x000000008c000000| Untracked |  0
|  11|0x000000008d000000, 0x000000008d000000, 0x000000008e000000|  0%| F|  |TAMS 0x000000008d000000| PB 0x000000008d000000| Untracked |  0
|  12|0x000000008e000000, 0x000000008e000000, 0x000000008f000000|  0%| F|  |TAMS 0x000000008e000000| PB 0x000000008e000000| Untracked |  0
|  13|0x000000008f000000, 0x000000008f000000, 0x0000000090000000|  0%| F|  |TAMS 0x000000008f000000| PB 0x000000008f000000| Untracked |  0
|  14|0x0000000090000000, 0x0000000090000000, 0x0000000091000000|  0%| F|  |TAMS 0x0000000090000000| PB 0x0000000090000000| Untracked |  0
|  15|0x0000000091000000, 0x0000000091000000, 0x0000000092000000|  0%| F|  |TAMS 0x0000000091000000| PB 0x0000000091000000| Untracked |  0
|  16|0x0000000092000000, 0x0000000092000000, 0x0000000093000000|  0%| F|  |TAMS 0x0000000092000000| PB 0x0000000092000000| Untracked |  0
|  17|0x0000000093000000, 0x0000000093000000, 0x0000000094000000|  0%| F|  |TAMS 0x0000000093000000| PB 0x0000000093000000| Untracked |  0
|  18|0x0000000094000000, 0x0000000094000000, 0x0000000095000000|  0%| F|  |TAMS 0x0000000094000000| PB 0x0000000094000000| Untracked |  0
|  19|0x0000000095000000, 0x0000000095000000, 0x0000000096000000|  0%| F|  |TAMS 0x0000000095000000| PB 0x0000000095000000| Untracked |  0
|  20|0x0000000096000000, 0x0000000096000000, 0x0000000097000000|  0%| F|  |TAMS 0x0000000096000000| PB 0x0000000096000000| Untracked |  0
|  21|0x0000000097000000, 0x0000000097000000, 0x0000000098000000|  0%| F|  |TAMS 0x0000000097000000| PB 0x0000000097000000| Untracked |  0
|  22|0x0000000098000000, 0x0000000098000000, 0x0000000099000000|  0%| F|  |TAMS 0x0000000098000000| PB 0x0000000098000000| Untracked |  0
|  23|0x0000000099000000, 0x0000000099000000, 0x000000009a000000|  0%| F|  |TAMS 0x0000000099000000| PB 0x0000000099000000| Untracked |  0
|  24|0x000000009a000000, 0x000000009a000000, 0x000000009b000000|  0%| F|  |TAMS 0x000000009a000000| PB 0x000000009a000000| Untracked |  0
|  25|0x000000009b000000, 0x000000009b000000, 0x000000009c000000|  0%| F|  |TAMS 0x000000009b000000| PB 0x000000009b000000| Untracked |  0
|  26|0x000000009c000000, 0x000000009c000000, 0x000000009d000000|  0%| F|  |TAMS 0x000000009c000000| PB 0x000000009c000000| Untracked |  0
|  27|0x000000009d000000, 0x000000009d000000, 0x000000009e000000|  0%| F|  |TAMS 0x000000009d000000| PB 0x000000009d000000| Untracked |  0
|  28|0x000000009e000000, 0x000000009e000000, 0x000000009f000000|  0%| F|  |TAMS 0x000000009e000000| PB 0x000000009e000000| Untracked |  0
|  29|0x000000009f000000, 0x000000009f000000, 0x00000000a0000000|  0%| F|  |TAMS 0x000000009f000000| PB 0x000000009f000000| Untracked |  0
|  30|0x00000000a0000000, 0x00000000a0000000, 0x00000000a1000000|  0%| F|  |TAMS 0x00000000a0000000| PB 0x00000000a0000000| Untracked |  0
|  31|0x00000000a1000000, 0x00000000a1000000, 0x00000000a2000000|  0%| F|  |TAMS 0x00000000a1000000| PB 0x00000000a1000000| Untracked |  0
|  32|0x00000000a2000000, 0x00000000a2000000, 0x00000000a3000000|  0%| F|  |TAMS 0x00000000a2000000| PB 0x00000000a2000000| Untracked |  0
|  33|0x00000000a3000000, 0x00000000a3000000, 0x00000000a4000000|  0%| F|  |TAMS 0x00000000a3000000| PB 0x00000000a3000000| Untracked |  0
|  34|0x00000000a4000000, 0x00000000a4000000, 0x00000000a5000000|  0%| F|  |TAMS 0x00000000a4000000| PB 0x00000000a4000000| Untracked |  0
|  35|0x00000000a5000000, 0x00000000a5000000, 0x00000000a6000000|  0%| F|  |TAMS 0x00000000a5000000| PB 0x00000000a5000000| Untracked |  0
|  36|0x00000000a6000000, 0x00000000a6000000, 0x00000000a7000000|  0%| F|  |TAMS 0x00000000a6000000| PB 0x00000000a6000000| Untracked |  0
|  37|0x00000000a7000000, 0x00000000a7000000, 0x00000000a8000000|  0%| F|  |TAMS 0x00000000a7000000| PB 0x00000000a7000000| Untracked |  0
|  38|0x00000000a8000000, 0x00000000a8000000, 0x00000000a9000000|  0%| F|  |TAMS 0x00000000a8000000| PB 0x00000000a8000000| Untracked |  0
|  39|0x00000000a9000000, 0x00000000a9000000, 0x00000000aa000000|  0%| F|  |TAMS 0x00000000a9000000| PB 0x00000000a9000000| Untracked |  0
|  40|0x00000000aa000000, 0x00000000aa000000, 0x00000000ab000000|  0%| F|  |TAMS 0x00000000aa000000| PB 0x00000000aa000000| Untracked |  0
|  41|0x00000000ab000000, 0x00000000ab000000, 0x00000000ac000000|  0%| F|  |TAMS 0x00000000ab000000| PB 0x00000000ab000000| Untracked |  0
|  42|0x00000000ac000000, 0x00000000ac000000, 0x00000000ad000000|  0%| F|  |TAMS 0x00000000ac000000| PB 0x00000000ac000000| Untracked |  0
|  43|0x00000000ad000000, 0x00000000ad000000, 0x00000000ae000000|  0%| F|  |TAMS 0x00000000ad000000| PB 0x00000000ad000000| Untracked |  0
|  44|0x00000000ae000000, 0x00000000ae000000, 0x00000000af000000|  0%| F|  |TAMS 0x00000000ae000000| PB 0x00000000ae000000| Untracked |  0
|  45|0x00000000af000000, 0x00000000af000000, 0x00000000b0000000|  0%| F|  |TAMS 0x00000000af000000| PB 0x00000000af000000| Untracked |  0
|  46|0x00000000b0000000, 0x00000000b0000000, 0x00000000b1000000|  0%| F|  |TAMS 0x00000000b0000000| PB 0x00000000b0000000| Untracked |  0
|  47|0x00000000b1000000, 0x00000000b1000000, 0x00000000b2000000|  0%| F|  |TAMS 0x00000000b1000000| PB 0x00000000b1000000| Untracked |  0
|  48|0x00000000b2000000, 0x00000000b2000000, 0x00000000b3000000|  0%| F|  |TAMS 0x00000000b2000000| PB 0x00000000b2000000| Untracked |  0
|  49|0x00000000b3000000, 0x00000000b3000000, 0x00000000b4000000|  0%| F|  |TAMS 0x00000000b3000000| PB 0x00000000b3000000| Untracked |  0
|  50|0x00000000b4000000, 0x00000000b4000000, 0x00000000b5000000|  0%| F|  |TAMS 0x00000000b4000000| PB 0x00000000b4000000| Untracked |  0
|  51|0x00000000b5000000, 0x00000000b5000000, 0x00000000b6000000|  0%| F|  |TAMS 0x00000000b5000000| PB 0x00000000b5000000| Untracked |  0
|  52|0x00000000b6000000, 0x00000000b6000000, 0x00000000b7000000|  0%| F|  |TAMS 0x00000000b6000000| PB 0x00000000b6000000| Untracked |  0
|  53|0x00000000b7000000, 0x00000000b7000000, 0x00000000b8000000|  0%| F|  |TAMS 0x00000000b7000000| PB 0x00000000b7000000| Untracked |  0
|  54|0x00000000b8000000, 0x00000000b8000000, 0x00000000b9000000|  0%| F|  |TAMS 0x00000000b8000000| PB 0x00000000b8000000| Untracked |  0
|  55|0x00000000b9000000, 0x00000000b9000000, 0x00000000ba000000|  0%| F|  |TAMS 0x00000000b9000000| PB 0x00000000b9000000| Untracked |  0
|  56|0x00000000ba000000, 0x00000000ba000000, 0x00000000bb000000|  0%| F|  |TAMS 0x00000000ba000000| PB 0x00000000ba000000| Untracked |  0
|  57|0x00000000bb000000, 0x00000000bb000000, 0x00000000bc000000|  0%| F|  |TAMS 0x00000000bb000000| PB 0x00000000bb000000| Untracked |  0
|  58|0x00000000bc000000, 0x00000000bc000000, 0x00000000bd000000|  0%| F|  |TAMS 0x00000000bc000000| PB 0x00000000bc000000| Untracked |  0
|  59|0x00000000bd000000, 0x00000000bd000000, 0x00000000be000000|  0%| F|  |TAMS 0x00000000bd000000| PB 0x00000000bd000000| Untracked |  0
|  60|0x00000000be000000, 0x00000000be000000, 0x00000000bf000000|  0%| F|  |TAMS 0x00000000be000000| PB 0x00000000be000000| Untracked |  0
|  61|0x00000000bf000000, 0x00000000bf000000, 0x00000000c0000000|  0%| F|  |TAMS 0x00000000bf000000| PB 0x00000000bf000000| Untracked |  0
|  62|0x00000000c0000000, 0x00000000c0000000, 0x00000000c1000000|  0%| F|  |TAMS 0x00000000c0000000| PB 0x00000000c0000000| Untracked |  0
|  63|0x00000000c1000000, 0x00000000c1000000, 0x00000000c2000000|  0%| F|  |TAMS 0x00000000c1000000| PB 0x00000000c1000000| Untracked |  0
|  64|0x00000000c2000000, 0x00000000c2000000, 0x00000000c3000000|  0%| F|  |TAMS 0x00000000c2000000| PB 0x00000000c2000000| Untracked |  0
|  65|0x00000000c3000000, 0x00000000c3000000, 0x00000000c4000000|  0%| F|  |TAMS 0x00000000c3000000| PB 0x00000000c3000000| Untracked |  0
|  66|0x00000000c4000000, 0x00000000c4000000, 0x00000000c5000000|  0%| F|  |TAMS 0x00000000c4000000| PB 0x00000000c4000000| Untracked |  0
|  67|0x00000000c5000000, 0x00000000c5000000, 0x00000000c6000000|  0%| F|  |TAMS 0x00000000c5000000| PB 0x00000000c5000000| Untracked |  0
|  68|0x00000000c6000000, 0x00000000c6000000, 0x00000000c7000000|  0%| F|  |TAMS 0x00000000c6000000| PB 0x00000000c6000000| Untracked |  0
|  69|0x00000000c7000000, 0x00000000c7000000, 0x00000000c8000000|  0%| F|  |TAMS 0x00000000c7000000| PB 0x00000000c7000000| Untracked |  0
|  70|0x00000000c8000000, 0x00000000c8000000, 0x00000000c9000000|  0%| F|  |TAMS 0x00000000c8000000| PB 0x00000000c8000000| Untracked |  0
|  71|0x00000000c9000000, 0x00000000c9000000, 0x00000000ca000000|  0%| F|  |TAMS 0x00000000c9000000| PB 0x00000000c9000000| Untracked |  0
|  72|0x00000000ca000000, 0x00000000ca000000, 0x00000000cb000000|  0%| F|  |TAMS 0x00000000ca000000| PB 0x00000000ca000000| Untracked |  0
|  73|0x00000000cb000000, 0x00000000cb000000, 0x00000000cc000000|  0%| F|  |TAMS 0x00000000cb000000| PB 0x00000000cb000000| Untracked |  0
|  74|0x00000000cc000000, 0x00000000cc000000, 0x00000000cd000000|  0%| F|  |TAMS 0x00000000cc000000| PB 0x00000000cc000000| Untracked |  0
|  75|0x00000000cd000000, 0x00000000cd000000, 0x00000000ce000000|  0%| F|  |TAMS 0x00000000cd000000| PB 0x00000000cd000000| Untracked |  0
|  76|0x00000000ce000000, 0x00000000ce000000, 0x00000000cf000000|  0%| F|  |TAMS 0x00000000ce000000| PB 0x00000000ce000000| Untracked |  0
|  77|0x00000000cf000000, 0x00000000cf000000, 0x00000000d0000000|  0%| F|  |TAMS 0x00000000cf000000| PB 0x00000000cf000000| Untracked |  0
|  78|0x00000000d0000000, 0x00000000d0000000, 0x00000000d1000000|  0%| F|  |TAMS 0x00000000d0000000| PB 0x00000000d0000000| Untracked |  0
|  79|0x00000000d1000000, 0x00000000d1000000, 0x00000000d2000000|  0%| F|  |TAMS 0x00000000d1000000| PB 0x00000000d1000000| Untracked |  0
|  80|0x00000000d2000000, 0x00000000d2000000, 0x00000000d3000000|  0%| F|  |TAMS 0x00000000d2000000| PB 0x00000000d2000000| Untracked |  0
|  81|0x00000000d3000000, 0x00000000d3000000, 0x00000000d4000000|  0%| F|  |TAMS 0x00000000d3000000| PB 0x00000000d3000000| Untracked |  0
|  82|0x00000000d4000000, 0x00000000d4000000, 0x00000000d5000000|  0%| F|  |TAMS 0x00000000d4000000| PB 0x00000000d4000000| Untracked |  0
|  83|0x00000000d5000000, 0x00000000d5000000, 0x00000000d6000000|  0%| F|  |TAMS 0x00000000d5000000| PB 0x00000000d5000000| Untracked |  0
|  84|0x00000000d6000000, 0x00000000d6000000, 0x00000000d7000000|  0%| F|  |TAMS 0x00000000d6000000| PB 0x00000000d6000000| Untracked |  0
|  85|0x00000000d7000000, 0x00000000d7000000, 0x00000000d8000000|  0%| F|  |TAMS 0x00000000d7000000| PB 0x00000000d7000000| Untracked |  0
|  86|0x00000000d8000000, 0x00000000d8000000, 0x00000000d9000000|  0%| F|  |TAMS 0x00000000d8000000| PB 0x00000000d8000000| Untracked |  0
|  87|0x00000000d9000000, 0x00000000d9000000, 0x00000000da000000|  0%| F|  |TAMS 0x00000000d9000000| PB 0x00000000d9000000| Untracked |  0
|  88|0x00000000da000000, 0x00000000da000000, 0x00000000db000000|  0%| F|  |TAMS 0x00000000da000000| PB 0x00000000da000000| Untracked |  0
|  89|0x00000000db000000, 0x00000000db000000, 0x00000000dc000000|  0%| F|  |TAMS 0x00000000db000000| PB 0x00000000db000000| Untracked |  0
|  90|0x00000000dc000000, 0x00000000dc000000, 0x00000000dd000000|  0%| F|  |TAMS 0x00000000dc000000| PB 0x00000000dc000000| Untracked |  0
|  91|0x00000000dd000000, 0x00000000dd000000, 0x00000000de000000|  0%| F|  |TAMS 0x00000000dd000000| PB 0x00000000dd000000| Untracked |  0
|  92|0x00000000de000000, 0x00000000de000000, 0x00000000df000000|  0%| F|  |TAMS 0x00000000de000000| PB 0x00000000de000000| Untracked |  0
|  93|0x00000000df000000, 0x00000000df000000, 0x00000000e0000000|  0%| F|  |TAMS 0x00000000df000000| PB 0x00000000df000000| Untracked |  0
|  94|0x00000000e0000000, 0x00000000e0000000, 0x00000000e1000000|  0%| F|  |TAMS 0x00000000e0000000| PB 0x00000000e0000000| Untracked |  0
|  95|0x00000000e1000000, 0x00000000e1000000, 0x00000000e2000000|  0%| F|  |TAMS 0x00000000e1000000| PB 0x00000000e1000000| Untracked |  0
|  96|0x00000000e2000000, 0x00000000e2000000, 0x00000000e3000000|  0%| F|  |TAMS 0x00000000e2000000| PB 0x00000000e2000000| Untracked |  0
|  97|0x00000000e3000000, 0x00000000e3000000, 0x00000000e4000000|  0%| F|  |TAMS 0x00000000e3000000| PB 0x00000000e3000000| Untracked |  0
|  98|0x00000000e4000000, 0x00000000e4000000, 0x00000000e5000000|  0%| F|  |TAMS 0x00000000e4000000| PB 0x00000000e4000000| Untracked |  0
|  99|0x00000000e5000000, 0x00000000e5000000, 0x00000000e6000000|  0%| F|  |TAMS 0x00000000e5000000| PB 0x00000000e5000000| Untracked |  0
| 100|0x00000000e6000000, 0x00000000e6000000, 0x00000000e7000000|  0%| F|  |TAMS 0x00000000e6000000| PB 0x00000000e6000000| Untracked |  0
| 101|0x00000000e7000000, 0x00000000e7000000, 0x00000000e8000000|  0%| F|  |TAMS 0x00000000e7000000| PB 0x00000000e7000000| Untracked |  0
| 102|0x00000000e8000000, 0x00000000e8000000, 0x00000000e9000000|  0%| F|  |TAMS 0x00000000e8000000| PB 0x00000000e8000000| Untracked |  0
| 103|0x00000000e9000000, 0x00000000e9000000, 0x00000000ea000000|  0%| F|  |TAMS 0x00000000e9000000| PB 0x00000000e9000000| Untracked |  0
| 104|0x00000000ea000000, 0x00000000ea000000, 0x00000000eb000000|  0%| F|  |TAMS 0x00000000ea000000| PB 0x00000000ea000000| Untracked |  0
| 105|0x00000000eb000000, 0x00000000eb000000, 0x00000000ec000000|  0%| F|  |TAMS 0x00000000eb000000| PB 0x00000000eb000000| Untracked |  0
| 106|0x00000000ec000000, 0x00000000ec000000, 0x00000000ed000000|  0%| F|  |TAMS 0x00000000ec000000| PB 0x00000000ec000000| Untracked |  0
| 107|0x00000000ed000000, 0x00000000ed000000, 0x00000000ee000000|  0%| F|  |TAMS 0x00000000ed000000| PB 0x00000000ed000000| Untracked |  0
| 108|0x00000000ee000000, 0x00000000ee000000, 0x00000000ef000000|  0%| F|  |TAMS 0x00000000ee000000| PB 0x00000000ee000000| Untracked |  0
| 109|0x00000000ef000000, 0x00000000ef000000, 0x00000000f0000000|  0%| F|  |TAMS 0x00000000ef000000| PB 0x00000000ef000000| Untracked |  0
| 110|0x00000000f0000000, 0x00000000f0000000, 0x00000000f1000000|  0%| F|  |TAMS 0x00000000f0000000| PB 0x00000000f0000000| Untracked |  0
| 111|0x00000000f1000000, 0x00000000f1000000, 0x00000000f2000000|  0%| F|  |TAMS 0x00000000f1000000| PB 0x00000000f1000000| Untracked |  0
| 112|0x00000000f2000000, 0x00000000f2000000, 0x00000000f3000000|  0%| F|  |TAMS 0x00000000f2000000| PB 0x00000000f2000000| Untracked |  0
| 113|0x00000000f3000000, 0x00000000f3000000, 0x00000000f4000000|  0%| F|  |TAMS 0x00000000f3000000| PB 0x00000000f3000000| Untracked |  0
| 114|0x00000000f4000000, 0x00000000f4000000, 0x00000000f5000000|  0%| F|  |TAMS 0x00000000f4000000| PB 0x00000000f4000000| Untracked |  0
| 115|0x00000000f5000000, 0x00000000f5000000, 0x00000000f6000000|  0%| F|  |TAMS 0x00000000f5000000| PB 0x00000000f5000000| Untracked |  0
| 116|0x00000000f6000000, 0x00000000f6000000, 0x00000000f7000000|  0%| F|  |TAMS 0x00000000f6000000| PB 0x00000000f6000000| Untracked |  0
| 117|0x00000000f7000000, 0x00000000f7000000, 0x00000000f8000000|  0%| F|  |TAMS 0x00000000f7000000| PB 0x00000000f7000000| Untracked |  0
| 118|0x00000000f8000000, 0x00000000f8000000, 0x00000000f9000000|  0%| F|  |TAMS 0x00000000f8000000| PB 0x00000000f8000000| Untracked |  0
| 119|0x00000000f9000000, 0x00000000f9000000, 0x00000000fa000000|  0%| F|  |TAMS 0x00000000f9000000| PB 0x00000000f9000000| Untracked |  0
| 120|0x00000000fa000000, 0x00000000fa000000, 0x00000000fb000000|  0%| F|  |TAMS 0x00000000fa000000| PB 0x00000000fa000000| Untracked |  0
| 121|0x00000000fb000000, 0x00000000fb000000, 0x00000000fc000000|  0%| F|  |TAMS 0x00000000fb000000| PB 0x00000000fb000000| Untracked |  0
| 122|0x00000000fc000000, 0x00000000fc000000, 0x00000000fd000000|  0%| F|  |TAMS 0x00000000fc000000| PB 0x00000000fc000000| Untracked |  0
| 123|0x00000000fd000000, 0x00000000fd000000, 0x00000000fe000000|  0%| F|  |TAMS 0x00000000fd000000| PB 0x00000000fd000000| Untracked |  0
| 124|0x00000000fe000000, 0x00000000fe000000, 0x00000000ff000000|  0%| F|  |TAMS 0x00000000fe000000| PB 0x00000000fe000000| Untracked |  0
| 125|0x00000000ff000000, 0x00000000ff000000, 0x0000000100000000|  0%| F|  |TAMS 0x00000000ff000000| PB 0x00000000ff000000| Untracked |  0
| 126|0x0000000100000000, 0x0000000100000000, 0x0000000101000000|  0%| F|  |TAMS 0x0000000100000000| PB 0x0000000100000000| Untracked |  0
| 127|0x0000000101000000, 0x00000001017ae1e8, 0x0000000102000000| 48%| E|  |TAMS 0x0000000101000000| PB 0x0000000101000000| Complete |  0
|1917|0x00000007ff000000, 0x00000007ff120548, 0x0000000800000000|  7%| O|  |TAMS 0x00000007ff000000| PB 0x00000007ff000000| Untracked |  0

Card table byte_map: [0x00007f1512453000,0x00007f1516043000] _byte_map_base: 0x00007f1512043000

Marking Bits: (CMBitMap*) 0x00007f152806e6f0
 Bits: [0x00007f14f44d3000, 0x00007f1512453000)

Polling page: 0x00007f15315b4000

Metaspace:
Metaspace        used 79K, committed 320K, reserved 1114112K
 class space     used 5K, committed 128K, reserved 1048576K

Usage:
  Non-class:     73.96 KB used.
      Class:      5.99 KB used.
       Both:     79.95 KB used.

Virtual space:
  Non-class space:       64.00 MB reserved,     192.00 KB ( <1%) committed,  1 nodes.
      Class space:        1.00 GB reserved,     128.00 KB ( <1%) committed,  1 nodes.
             Both:        1.06 GB reserved,     320.00 KB ( <1%) committed. 

Chunk freelists:
   Non-Class:  12.00 MB
       Class:  15.75 MB
        Both:  27.74 MB

MaxMetaspaceSize: unlimited
CompressedClassSpaceSize: 1.00 GB
Initial GC threshold: 21.00 MB
Current GC threshold: 21.00 MB
CDS: on
 - commit_granule_bytes: 65536.
 - commit_granule_words: 8192.
 - virtual_space_node_default_size: 8388608.
 - enlarge_chunks_in_place: 1.
UseCompressedClassPointers 1, UseCompactObjectHeaders 0
Narrow klass pointer bits 32, Max shift 3
Narrow klass base: 0x00007f1492000000, Narrow klass shift: 0
Encoding Range: [0x00007f1492000000 - 0x00007f1592000000), (4294967296 bytes)
Klass Range:    [0x00007f1492001000 - 0x00007f14d3000000), (1090514944 bytes)
Klass ID Range:  [4096 - 1090519033) (1090514937)
Protection zone: [0x00007f1492000000 - 0x00007f1492001000), (4096 bytes)


Internal statistics:

num_allocs: 1594.
num_deallocs: 0.
num_allocs_from_deallocated_blocks: 0.
num_chunks_retired: 0.
num_allocs_failed_limit: 0.
num_arena_births: 4.
num_arena_deaths: 0.
num_vsnodes_births: 2.
num_vsnodes_deaths: 0.
num_space_committed: 5.
num_space_uncommitted: 0.
num_chunks_returned_to_freelist: 0.
num_chunks_taken_from_freelist: 4.
num_chunk_merges: 0.
num_chunk_splits: 4.
num_chunks_enlarged: 0.
num_inconsistent_stats: 0.

CodeCache: size=49152Kb used=768Kb max_used=1154Kb free=48383Kb
 bounds [0x00007f151c44a000, 0x00007f151c6ba000, 0x00007f151f44a000]
 total_blobs=291, nmethods=6, adapters=236, full_count=0
Compilation: enabled, stopped_count=0, restarted_count=0

Compilation events (5 events):
Event: 217.894 Thread 0x00007f1528313f80    4    b        java.lang.Long::parallelSuffix (41 bytes)
Event: 217.896 Thread 0x00007f1528313f80 nmethod 4 0x00007f151c4df388 code [0x00007f151c4df480, 0x00007f151c4df520]
Event: 218.144 Thread 0x00007f1528313f80    5    b        java.lang.Long::expand (325 bytes)
Event: 218.160 Thread 0x00007f1528313f80 nmethod 5 0x00007f151c4e6588 code [0x00007f151c4e6680, 0x00007f151c4e6928]
Event: 218.301 Thread 0x00007f1528313f80    6 %  b        Test::test @ 8 (55 bytes)

GC Heap Usage History (0 events):
No events

Metaspace Usage History (0 events):
No events

Dll operation events (2 events):
Event: 216.699 Loaded shared library /home/jatinbha/sandboxes/jdk/jdk/build/linux-x86_64-server-slowdebug/images/jdk/lib/libjava.so
Event: 217.812 Loaded shared library /home/jatinbha/sandboxes/jdk/jdk/build/linux-x86_64-server-slowdebug/images/jdk/lib/libsimdsort.so

Deoptimization events (0 events):
No events

Classes loaded (6 events):
Event: 217.827 Loading class jdk/internal/vm/PostVMInitHook
Event: 217.827 Loading class jdk/internal/vm/PostVMInitHook done
Event: 217.830 Loading class jdk/internal/loader/URLClassPath$FileLoader
Event: 217.831 Loading class jdk/internal/loader/URLClassPath$FileLoader done
Event: 217.832 Loading class jdk/internal/loader/URLClassPath$FileLoader$1
Event: 217.833 Loading class jdk/internal/loader/URLClassPath$FileLoader$1 done

Classes unloaded (0 events):
No events

Classes redefined (0 events):
No events

Internal exceptions (0 events):
No events

VM Operations (0 events):
No events

Memory protections (10 events):
Event: 216.688 Protecting memory [0x00007f152e305000,0x00007f152e309000] with protection modes 0
Event: 217.581 Protecting memory [0x00007f1492000000,0x00007f1492001000] with protection modes 0
Event: 217.778 Protecting memory [0x00007f14e10d2000,0x00007f14e10d6000] with protection modes 0
Event: 217.779 Protecting memory [0x00007f14e0cce000,0x00007f14e0cd2000] with protection modes 0
Event: 217.781 Protecting memory [0x00007f14e0bcd000,0x00007f14e0bd1000] with protection modes 0
Event: 217.781 Protecting memory [0x00007f14e0fd1000,0x00007f14e0fd5000] with protection modes 0
Event: 217.781 Protecting memory [0x00007f14e043e000,0x00007f14e0442000] with protection modes 0
Event: 217.782 Protecting memory [0x00007f14e033d000,0x00007f14e0341000] with protection modes 0
Event: 217.827 Protecting memory [0x00007f14e01a1000,0x00007f14e01a5000] with protection modes 0
Event: 217.837 Protecting memory [0x00007f14e00a0000,0x00007f14e00a4000] with protection modes 0

Nmethod flushes (0 events):
No events

Events (9 events):
Event: 217.599 Thread 0x00007f152802d150 Thread added: 0x00007f152802d150
Event: 217.778 Thread 0x00007f152802d150 Thread added: 0x00007f152830cb40
Event: 217.778 Thread 0x00007f152802d150 Thread added: 0x00007f152830dc70
Event: 217.781 Thread 0x00007f152802d150 Thread added: 0x00007f152830f180
Event: 217.781 Thread 0x00007f152802d150 Thread added: 0x00007f15283106d0
Event: 217.781 Thread 0x00007f152802d150 Thread added: 0x00007f1528311ad0
Event: 217.782 Thread 0x00007f152802d150 Thread added: 0x00007f1528313f80
Event: 217.827 Thread 0x00007f152802d150 Thread added: 0x00007f152833de00
Event: 217.837 Thread 0x00007f152802d150 Thread added: 0x00007f1528342eb0


Dynamic libraries:
82000000-102000000 rw-p 00000000 00:00 0 
102000000-7ff000000 ---p 00000000 00:00 0 
7ff000000-7ff121000 rw-p 00e3a000 08:02 25995550                         /home/jatinbha/sandboxes/jdk/jdk/build/linux-x86_64-server-slowdebug/images/jdk/lib/server/classes.jsa (deleted)
7ff121000-800000000 rw-p 00000000 00:00 0 
55fd17c02000-55fd17c03000 r--p 00000000 08:02 25991324                   /home/jatinbha/sandboxes/jdk/jdk/build/linux-x86_64-server-slowdebug/images/jdk/bin/java (deleted)
55fd17c03000-55fd17c04000 r-xp 00001000 08:02 25991324                   /home/jatinbha/sandboxes/jdk/jdk/build/linux-x86_64-server-slowdebug/images/jdk/bin/java (deleted)
55fd17c04000-55fd17c05000 r--p 00002000 08:02 25991324                   /home/jatinbha/sandboxes/jdk/jdk/build/linux-x86_64-server-slowdebug/images/jdk/bin/java (deleted)
55fd17c05000-55fd17c06000 r--p 00002000 08:02 25991324                   /home/jatinbha/sandboxes/jdk/jdk/build/linux-x86_64-server-slowdebug/images/jdk/bin/java (deleted)
55fd17c06000-55fd17c07000 rw-p 00003000 08:02 25991324                   /home/jatinbha/sandboxes/jdk/jdk/build/linux-x86_64-server-slowdebug/images/jdk/bin/java (deleted)
55fd18f68000-55fd18fae000 rw-p 00000000 00:00 0                          [heap]
7f1464000000-7f1464021000 rw-p 00000000 00:00 0 
7f1464021000-7f1468000000 ---p 00000000 00:00 0 
7f1468000000-7f1468024000 rw-p 00000000 00:00 0 
7f1468024000-7f146c000000 ---p 00000000 00:00 0 
7f146c000000-7f146c0eb000 rw-p 00000000 00:00 0 
7f146c0eb000-7f1470000000 ---p 00000000 00:00 0 
7f1470000000-7f1470021000 rw-p 00000000 00:00 0 
7f1470021000-7f1474000000 ---p 00000000 00:00 0 
7f1474000000-7f1474021000 rw-p 00000000 00:00 0 
7f1474021000-7f1478000000 ---p 00000000 00:00 0 
7f1478000000-7f1478021000 rw-p 00000000 00:00 0 
7f1478021000-7f147c000000 ---p 00000000 00:00 0 
7f147c000000-7f147c021000 rw-p 00000000 00:00 0 
7f147c021000-7f1480000000 ---p 00000000 00:00 0 
7f1480000000-7f1480021000 rw-p 00000000 00:00 0 
7f1480021000-7f1484000000 ---p 00000000 00:00 0 
7f1484000000-7f1484021000 rw-p 00000000 00:00 0 
7f1484021000-7f1488000000 ---p 00000000 00:00 0 
7f1488000000-7f1488020000 rw-p 00000000 00:00 0 
7f1488020000-7f1488400000 ---p 00000000 00:00 0 
7f1488400000-7f1488410000 rw-p 00000000 00:00 0 
7f1488410000-7f148c000000 ---p 00000000 00:00 0 
7f148c000000-7f148c021000 rw-p 00000000 00:00 0 
7f148c021000-7f1490000000 ---p 00000000 00:00 0 
7f1491831000-7f1492000000 rw-p 00000000 00:00 0 
7f1492000000-7f1492001000 ---p 00000000 00:00 0 
7f1492001000-7f1492e05000 rw-p 00001000 08:02 25995550                   /home/jatinbha/sandboxes/jdk/jdk/build/linux-x86_64-server-slowdebug/images/jdk/lib/server/classes.jsa (deleted)
7f1492e05000-7f1493000000 ---p 00000000 00:00 0 
7f1493000000-7f1493010000 rw-p 00000000 00:00 0 
7f1493010000-7f1493040000 ---p 00000000 00:00 0 
7f1493040000-7f1493050000 rw-p 00000000 00:00 0 
7f1493050000-7f14d3000000 ---p 00000000 00:00 0 
7f14d3080000-7f14d3084000 ---p 00000000 00:00 0 
7f14d3084000-7f14d4000000 rw-p 00000000 00:00 0 
7f14d4000000-7f14d4021000 rw-p 00000000 00:00 0 
7f14d4021000-7f14d8000000 ---p 00000000 00:00 0 
7f14d8000000-7f14d8021000 rw-p 00000000 00:00 0 
7f14d8021000-7f14dc000000 ---p 00000000 00:00 0 
7f14dc000000-7f14dc021000 rw-p 00000000 00:00 0 
7f14dc021000-7f14e0000000 ---p 00000000 00:00 0 
7f14e00a0000-7f14e00a4000 ---p 00000000 00:00 0 
7f14e00a4000-7f14e01a1000 rw-p 00000000 00:00 0 
7f14e01a1000-7f14e01a5000 ---p 00000000 00:00 0 
7f14e01a5000-7f14e02a2000 rw-p 00000000 00:00 0 
7f14e02a2000-7f14e02a5000 r--p 00000000 08:02 25991667                   /home/jatinbha/sandboxes/jdk/jdk/build/linux-x86_64-server-slowdebug/images/jdk/lib/libsimdsort.so (deleted)
7f14e02a5000-7f14e032a000 r-xp 00003000 08:02 25991667                   /home/jatinbha/sandboxes/jdk/jdk/build/linux-x86_64-server-slowdebug/images/jdk/lib/libsimdsort.so (deleted)
7f14e032a000-7f14e033b000 r--p 00088000 08:02 25991667                   /home/jatinbha/sandboxes/jdk/jdk/build/linux-x86_64-server-slowdebug/images/jdk/lib/libsimdsort.so (deleted)
7f14e033b000-7f14e033c000 r--p 00098000 08:02 25991667                   /home/jatinbha/sandboxes/jdk/jdk/build/linux-x86_64-server-slowdebug/images/jdk/lib/libsimdsort.so (deleted)
7f14e033c000-7f14e033d000 rw-p 00099000 08:02 25991667                   /home/jatinbha/sandboxes/jdk/jdk/build/linux-x86_64-server-slowdebug/images/jdk/lib/libsimdsort.so (deleted)
7f14e033d000-7f14e0341000 ---p 00000000 00:00 0 
7f14e0341000-7f14e043e000 rw-p 00000000 00:00 0 
7f14e043e000-7f14e0442000 ---p 00000000 00:00 0 
7f14e0442000-7f14e053f000 rw-p 00000000 00:00 0 
7f14e053f000-7f14e0aaf000 r--p 00000000 08:02 7083103                    /usr/lib/locale/locale-archive
7f14e0aaf000-7f14e0bcc000 rw-p 00000000 00:00 0 
7f14e0bcc000-7f14e0bcd000 ---p 00000000 00:00 0 
7f14e0bcd000-7f14e0bd1000 ---p 00000000 00:00 0 
7f14e0bd1000-7f14e0ccd000 rw-p 00000000 00:00 0 
7f14e0ccd000-7f14e0cce000 ---p 00000000 00:00 0 
7f14e0cce000-7f14e0cd2000 ---p 00000000 00:00 0 
7f14e0cd2000-7f14e0dce000 rw-p 00000000 00:00 0 
7f14e0dce000-7f14e0dcf000 ---p 00000000 00:00 0 
7f14e0dcf000-7f14e0ecf000 rw-p 00000000 00:00 0 
7f14e0ecf000-7f14e0ed0000 ---p 00000000 00:00 0 
7f14e0ed0000-7f14e0fd0000 rw-p 00000000 00:00 0 
7f14e0fd0000-7f14e0fd1000 ---p 00000000 00:00 0 
7f14e0fd1000-7f14e0fd5000 ---p 00000000 00:00 0 
7f14e0fd5000-7f14e10d1000 rw-p 00000000 00:00 0 
7f14e10d1000-7f14e10d2000 ---p 00000000 00:00 0 
7f14e10d2000-7f14e10d6000 ---p 00000000 00:00 0 
7f14e10d6000-7f14e11d2000 rw-p 00000000 00:00 0 
7f14e11d2000-7f14e11d3000 ---p 00000000 00:00 0 
7f14e11d3000-7f14e12d3000 rw-p 00000000 00:00 0 
7f14e12d3000-7f14e12d4000 ---p 00000000 00:00 0 
7f14e12d4000-7f14e4000000 rw-p 00000000 00:00 0 
7f14e4000000-7f14e4021000 rw-p 00000000 00:00 0 
7f14e4021000-7f14e8000000 ---p 00000000 00:00 0 
7f14e8000000-7f14e8021000 rw-p 00000000 00:00 0 
7f14e8021000-7f14ec000000 ---p 00000000 00:00 0 
7f14ec000000-7f14ec021000 rw-p 00000000 00:00 0 
7f14ec021000-7f14f0000000 ---p 00000000 00:00 0 
7f14f003c000-7f14f3d59000 rw-p 00000000 00:00 0 
7f14f3d59000-7f14f3d5a000 ---p 00000000 00:00 0 
7f14f3d5a000-7f14f3e5a000 rw-p 00000000 00:00 0 
7f14f3e5a000-7f14f3e5b000 ---p 00000000 00:00 0 
7f14f3e5b000-7f14f3f5b000 rw-p 00000000 00:00 0 
7f14f3f5b000-7f14f3f5c000 ---p 00000000 00:00 0 
7f14f3f5c000-7f14f64d3000 rw-p 00000000 00:00 0 
7f14f64d3000-7f1512413000 ---p 00000000 00:00 0 
7f1512413000-7f1512853000 rw-p 00000000 00:00 0 
7f1512853000-7f151603b000 ---p 00000000 00:00 0 
7f151603b000-7f1516443000 rw-p 00000000 00:00 0 
7f1516443000-7f1519c2b000 ---p 00000000 00:00 0 
7f1519c2b000-7f151c44a000 rw-p 00000000 00:00 0 
7f151c44a000-7f151c6ba000 rwxp 00000000 00:00 0 
7f151c6ba000-7f151f44a000 ---p 00000000 00:00 0 
7f151f44a000-7f1528000000 r--s 00000000 08:02 25989902                   /home/jatinbha/sandboxes/jdk/jdk/build/linux-x86_64-server-slowdebug/images/jdk/lib/modules (deleted)
7f1528000000-7f1528347000 rw-p 00000000 00:00 0 
7f1528347000-7f152c000000 ---p 00000000 00:00 0 
7f152c021000-7f152c028000 r--s 00000000 08:02 7736849                    /usr/lib/x86_64-linux-gnu/gconv/gconv-modules.cache
7f152c028000-7f152e24f000 rw-p 00000000 00:00 0 
7f152e24f000-7f152e2aa000 ---p 00000000 00:00 0 
7f152e2aa000-7f152e2b6000 r--p 00000000 08:02 25991385                   /home/jatinbha/sandboxes/jdk/jdk/build/linux-x86_64-server-slowdebug/images/jdk/lib/libjava.so (deleted)
7f152e2b6000-7f152e2cd000 r-xp 0000c000 08:02 25991385                   /home/jatinbha/sandboxes/jdk/jdk/build/linux-x86_64-server-slowdebug/images/jdk/lib/libjava.so (deleted)
7f152e2cd000-7f152e2d3000 r--p 00023000 08:02 25991385                   /home/jatinbha/sandboxes/jdk/jdk/build/linux-x86_64-server-slowdebug/images/jdk/lib/libjava.so (deleted)
7f152e2d3000-7f152e2d4000 ---p 00029000 08:02 25991385                   /home/jatinbha/sandboxes/jdk/jdk/build/linux-x86_64-server-slowdebug/images/jdk/lib/libjava.so (deleted)
7f152e2d4000-7f152e2d5000 r--p 00029000 08:02 25991385                   /home/jatinbha/sandboxes/jdk/jdk/build/linux-x86_64-server-slowdebug/images/jdk/lib/libjava.so (deleted)
7f152e2d5000-7f152e2d6000 rw-p 0002a000 08:02 25991385                   /home/jatinbha/sandboxes/jdk/jdk/build/linux-x86_64-server-slowdebug/images/jdk/lib/libjava.so (deleted)
7f152e2d6000-7f152e2d7000 rw-p 00000000 00:00 0 
7f152e2d7000-7f152e2df000 rw-s 00000000 08:02 3670023                    /tmp/hsperfdata_intel/3954912
7f152e2df000-7f152e2e3000 r--p 00000000 08:02 25991387                   /home/jatinbha/sandboxes/jdk/jdk/build/linux-x86_64-server-slowdebug/images/jdk/lib/libjimage.so (deleted)
7f152e2e3000-7f152e2fa000 r-xp 00004000 08:02 25991387                   /home/jatinbha/sandboxes/jdk/jdk/build/linux-x86_64-server-slowdebug/images/jdk/lib/libjimage.so (deleted)
7f152e2fa000-7f152e302000 r--p 0001b000 08:02 25991387                   /home/jatinbha/sandboxes/jdk/jdk/build/linux-x86_64-server-slowdebug/images/jdk/lib/libjimage.so (deleted)
7f152e302000-7f152e304000 r--p 00022000 08:02 25991387                   /home/jatinbha/sandboxes/jdk/jdk/build/linux-x86_64-server-slowdebug/images/jdk/lib/libjimage.so (deleted)
7f152e304000-7f152e305000 rw-p 00024000 08:02 25991387                   /home/jatinbha/sandboxes/jdk/jdk/build/linux-x86_64-server-slowdebug/images/jdk/lib/libjimage.so (deleted)
7f152e305000-7f152e309000 ---p 00000000 00:00 0 
7f152e309000-7f152e406000 rw-p 00000000 00:00 0 
7f152e406000-7f152e413000 r--p 00000000 08:02 7090648                    /usr/lib/x86_64-linux-gnu/libm-2.31.so
7f152e413000-7f152e4ba000 r-xp 0000d000 08:02 7090648                    /usr/lib/x86_64-linux-gnu/libm-2.31.so
7f152e4ba000-7f152e553000 r--p 000b4000 08:02 7090648                    /usr/lib/x86_64-linux-gnu/libm-2.31.so
7f152e553000-7f152e554000 r--p 0014c000 08:02 7090648                    /usr/lib/x86_64-linux-gnu/libm-2.31.so
7f152e554000-7f152e555000 rw-p 0014d000 08:02 7090648                    /usr/lib/x86_64-linux-gnu/libm-2.31.so
7f152e555000-7f152e557000 r--p 00000000 08:02 7090661                    /usr/lib/x86_64-linux-gnu/librt-2.31.so
7f152e557000-7f152e55b000 r-xp 00002000 08:02 7090661                    /usr/lib/x86_64-linux-gnu/librt-2.31.so
7f152e55b000-7f152e55d000 r--p 00006000 08:02 7090661                    /usr/lib/x86_64-linux-gnu/librt-2.31.so
7f152e55d000-7f152e55e000 r--p 00007000 08:02 7090661                    /usr/lib/x86_64-linux-gnu/librt-2.31.so
7f152e55e000-7f152e55f000 rw-p 00008000 08:02 7090661                    /usr/lib/x86_64-linux-gnu/librt-2.31.so
7f152e55f000-7f152e9b1000 r--p 00000000 08:02 25995005                   /home/jatinbha/sandboxes/jdk/jdk/build/linux-x86_64-server-slowdebug/images/jdk/lib/server/libjvm.so (deleted)
7f152e9b1000-7f1530065000 r-xp 00452000 08:02 25995005                   /home/jatinbha/sandboxes/jdk/jdk/build/linux-x86_64-server-slowdebug/images/jdk/lib/server/libjvm.so (deleted)
7f1530065000-7f15310ff000 r--p 01b06000 08:02 25995005                   /home/jatinbha/sandboxes/jdk/jdk/build/linux-x86_64-server-slowdebug/images/jdk/lib/server/libjvm.so (deleted)
7f15310ff000-7f153121c000 r--p 02b9f000 08:02 25995005                   /home/jatinbha/sandboxes/jdk/jdk/build/linux-x86_64-server-slowdebug/images/jdk/lib/server/libjvm.so (deleted)
7f153121c000-7f153129c000 rw-p 02cbc000 08:02 25995005                   /home/jatinbha/sandboxes/jdk/jdk/build/linux-x86_64-server-slowdebug/images/jdk/lib/server/libjvm.so (deleted)
7f153129c000-7f1531369000 rw-p 00000000 00:00 0 
7f1531369000-7f153136f000 r--p 00000000 08:02 7090659                    /usr/lib/x86_64-linux-gnu/libpthread-2.31.so
7f153136f000-7f1531380000 r-xp 00006000 08:02 7090659                    /usr/lib/x86_64-linux-gnu/libpthread-2.31.so
7f1531380000-7f1531386000 r--p 00017000 08:02 7090659                    /usr/lib/x86_64-linux-gnu/libpthread-2.31.so
7f1531386000-7f1531387000 r--p 0001c000 08:02 7090659                    /usr/lib/x86_64-linux-gnu/libpthread-2.31.so
7f1531387000-7f1531388000 rw-p 0001d000 08:02 7090659                    /usr/lib/x86_64-linux-gnu/libpthread-2.31.so
7f1531388000-7f153138c000 rw-p 00000000 00:00 0 
7f153138c000-7f153138d000 r--p 00000000 08:02 7090647                    /usr/lib/x86_64-linux-gnu/libdl-2.31.so
7f153138d000-7f153138f000 r-xp 00001000 08:02 7090647                    /usr/lib/x86_64-linux-gnu/libdl-2.31.so
7f153138f000-7f1531390000 r--p 00003000 08:02 7090647                    /usr/lib/x86_64-linux-gnu/libdl-2.31.so
7f1531390000-7f1531391000 r--p 00003000 08:02 7090647                    /usr/lib/x86_64-linux-gnu/libdl-2.31.so
7f1531391000-7f1531392000 rw-p 00004000 08:02 7090647                    /usr/lib/x86_64-linux-gnu/libdl-2.31.so
7f1531392000-7f1531394000 r--p 00000000 08:02 7086479                    /usr/lib/x86_64-linux-gnu/libz.so.1.2.11
7f1531394000-7f15313a5000 r-xp 00002000 08:02 7086479                    /usr/lib/x86_64-linux-gnu/libz.so.1.2.11
7f15313a5000-7f15313ab000 r--p 00013000 08:02 7086479                    /usr/lib/x86_64-linux-gnu/libz.so.1.2.11
7f15313ab000-7f15313ac000 ---p 00019000 08:02 7086479                    /usr/lib/x86_64-linux-gnu/libz.so.1.2.11
7f15313ac000-7f15313ad000 r--p 00019000 08:02 7086479                    /usr/lib/x86_64-linux-gnu/libz.so.1.2.11
7f15313ad000-7f15313ae000 rw-p 0001a000 08:02 7086479                    /usr/lib/x86_64-linux-gnu/libz.so.1.2.11
7f15313ae000-7f15313d0000 r--p 00000000 08:02 7089535                    /usr/lib/x86_64-linux-gnu/libc-2.31.so
7f15313d0000-7f1531548000 r-xp 00022000 08:02 7089535                    /usr/lib/x86_64-linux-gnu/libc-2.31.so
7f1531548000-7f1531596000 r--p 0019a000 08:02 7089535                    /usr/lib/x86_64-linux-gnu/libc-2.31.so
7f1531596000-7f153159a000 r--p 001e7000 08:02 7089535                    /usr/lib/x86_64-linux-gnu/libc-2.31.so
7f153159a000-7f153159c000 rw-p 001eb000 08:02 7089535                    /usr/lib/x86_64-linux-gnu/libc-2.31.so
7f153159c000-7f15315a0000 rw-p 00000000 00:00 0 
7f15315a0000-7f15315a3000 r--p 00000000 08:02 7090654                    /usr/lib/x86_64-linux-gnu/libnss_files-2.31.so
7f15315a3000-7f15315aa000 r-xp 00003000 08:02 7090654                    /usr/lib/x86_64-linux-gnu/libnss_files-2.31.so
7f15315aa000-7f15315ac000 r--p 0000a000 08:02 7090654                    /usr/lib/x86_64-linux-gnu/libnss_files-2.31.so
7f15315ac000-7f15315ad000 r--p 0000b000 08:02 7090654                    /usr/lib/x86_64-linux-gnu/libnss_files-2.31.so
7f15315ad000-7f15315ae000 rw-p 0000c000 08:02 7090654                    /usr/lib/x86_64-linux-gnu/libnss_files-2.31.so
7f15315ae000-7f15315b4000 rw-p 00000000 00:00 0 
7f15315b4000-7f15315b5000 ---p 00000000 00:00 0 
7f15315b5000-7f15315b6000 r--p 00000000 00:00 0 
7f15315b6000-7f15315b9000 r--p 00000000 08:02 25991398                   /home/jatinbha/sandboxes/jdk/jdk/build/linux-x86_64-server-slowdebug/images/jdk/lib/libjli.so (deleted)
7f15315b9000-7f15315c7000 r-xp 00003000 08:02 25991398                   /home/jatinbha/sandboxes/jdk/jdk/build/linux-x86_64-server-slowdebug/images/jdk/lib/libjli.so (deleted)
7f15315c7000-7f15315cb000 r--p 00011000 08:02 25991398                   /home/jatinbha/sandboxes/jdk/jdk/build/linux-x86_64-server-slowdebug/images/jdk/lib/libjli.so (deleted)
7f15315cb000-7f15315cc000 r--p 00014000 08:02 25991398                   /home/jatinbha/sandboxes/jdk/jdk/build/linux-x86_64-server-slowdebug/images/jdk/lib/libjli.so (deleted)
7f15315cc000-7f15315cd000 rw-p 00015000 08:02 25991398                   /home/jatinbha/sandboxes/jdk/jdk/build/linux-x86_64-server-slowdebug/images/jdk/lib/libjli.so (deleted)
7f15315cd000-7f15315cf000 rw-p 00000000 00:00 0 
7f15315cf000-7f15315d0000 r--p 00000000 08:02 7089531                    /usr/lib/x86_64-linux-gnu/ld-2.31.so
7f15315d0000-7f15315f3000 r-xp 00001000 08:02 7089531                    /usr/lib/x86_64-linux-gnu/ld-2.31.so
7f15315f3000-7f15315fb000 r--p 00024000 08:02 7089531                    /usr/lib/x86_64-linux-gnu/ld-2.31.so
7f15315fb000-7f15315fc000 rwxp 00000000 00:00 0 
7f15315fc000-7f15315fd000 r--p 0002c000 08:02 7089531                    /usr/lib/x86_64-linux-gnu/ld-2.31.so
7f15315fd000-7f15315fe000 rw-p 0002d000 08:02 7089531                    /usr/lib/x86_64-linux-gnu/ld-2.31.so
7f15315fe000-7f15315ff000 rw-p 00000000 00:00 0 
7ffd8d363000-7ffd8d384000 rw-p 00000000 00:00 0                          [stack]
7ffd8d3cf000-7ffd8d3d3000 r--p 00000000 00:00 0                          [vvar]
7ffd8d3d3000-7ffd8d3d5000 r-xp 00000000 00:00 0                          [vdso]
ffffffffff600000-ffffffffff601000 --xp 00000000 00:00 0                  [vsyscall]
Total number of mappings: 191

JVMTI agents: none


VM Arguments:
jvm_args: -XX:+PauseAtStartup -Xbatch -XX:-TieredCompilation 
java_command: Test
java_class_path (initial): .
Launcher Type: SUN_STANDARD

[Global flags]
     bool AOTInvokeDynamicLinking                  = false                                  {diagnostic} {ergonomic}     AOT-link JVM_CONSTANT_InvokeDynamic entries in cached ConstantPools
     bool BackgroundCompilation                    = false                                  {pd product} {command line}  A thread requesting compilation is not blocked during compilation
     intx CICompilerCount                          = 18                                        {product} {ergonomic}     Number of compiler threads to run
     uint ConcGCThreads                            = 18                                        {product} {ergonomic}     Number of threads concurrent gc will use
     uint G1ConcRefinementThreads                  = 73                                        {product} {ergonomic}     The number of parallel remembered set update threads. Will be set ergonomically by default.
   size_t G1HeapRegionSize                         = 16777216                                  {product} {ergonomic}     Size of the G1 regions.
   size_t InitialHeapSize                          = 2147483648                                {product} {ergonomic}     Initial heap size (in bytes); zero means use ergonomics
   size_t MarkStackSize                            = 4194304                                   {product} {ergonomic}     Size of marking stack in bytes.
   size_t MarkStackSizeMax                         = 536870912                                 {product} {ergonomic}     Maximum size of marking stack in bytes.
   size_t MaxHeapSize                              = 32178700288                               {product} {ergonomic}     Maximum heap size (in bytes)
   size_t MaxNewSize                               = 19293798400                               {product} {ergonomic}     Maximum new generation size (in bytes), max_uintx means set ergonomically
   size_t MinHeapDeltaBytes                        = 16777216                                  {product} {ergonomic}     The minimum change in heap space due to GC (in bytes)
   size_t MinHeapSize                              = 16777216                                  {product} {ergonomic}     Minimum heap size (in bytes); zero means use ergonomics
    uintx NonNMethodCodeHeapSize                   = 4096                                   {pd product} {ergonomic}     Size of code heap with non-nmethods (in bytes)
    uintx NonProfiledCodeHeapSize                  = 0                                      {pd product} {ergonomic}     Size of code heap with non-profiled methods (in bytes)
     bool PauseAtStartup                           = true                                   {diagnostic} {command line}  Causes the VM to pause at startup time and wait for the pause file to be removed (default: ./vm.paused.<pid>)
    uintx ProfiledCodeHeapSize                     = 0                                      {pd product} {ergonomic}     Size of code heap with profiled methods (in bytes)
   size_t SoftMaxHeapSize                          = 32178700288                            {manageable} {ergonomic}     Soft limit for maximum heap size (in bytes)
     bool THPStackMitigation                       = false                                  {diagnostic} {ergonomic}     If THPs are unconditionally enabled on the system (mode "always"), the JVM will prevent THP from forming in thread stacks. When disabled, the absence of this mitigationallows THPs to form in thread stacks.
     bool TieredCompilation                        = false                                  {pd product} {command line}  Enable tiered compilation
     bool UseCompressedOops                        = true                           {product lp64_product} {ergonomic}   Use 32-bit object references in 64-bit VM. lp64_product means flag is always constant in 32 bit VM
     bool UseG1GC                                  = true                                      {product} {ergonomic}     Use the Garbage-First garbage collector
      int X86ICacheSync                            = 3                                 {ARCH diagnostic} {ergonomic}     Select the X86 ICache sync mechanism: -1 = auto-select; 0 = none (dangerous); 1 = CLFLUSH loop; 2 = CLFLUSHOPT loop; 3 = CLWB loop; 4 = single CPUID; 5 = single SERIALIZE. Explicitly selected mechanism will fail at startup if hardware does not support it.

Logging:
Log output configuration:
 #0: stdout all=warning uptime,level,tags foldmultilines=false
 #1: stderr all=off uptime,level,tags foldmultilines=false

Release file:
IMPLEMENTOR="N/A"
JAVA_RUNTIME_VERSION="25-internal-adhoc.root.jdk"
JAVA_VERSION="25"
JAVA_VERSION_DATE="2025-09-16"
LIBC="gnu"
MODULES="java.base java.compiler java.datatransfer java.xml java.prefs java.desktop java.instrument java.logging java.management java.security.sasl java.naming java.rmi java.management.rmi java.net.http java.scripting java.security.jgss java.transaction.xa java.sql java.sql.rowset java.xml.crypto java.se java.smartcardio jdk.accessibility jdk.internal.jvmstat jdk.attach jdk.charsets jdk.internal.opt jdk.zipfs jdk.compiler jdk.crypto.cryptoki jdk.crypto.ec jdk.dynalink jdk.internal.ed jdk.editpad jdk.internal.vm.ci jdk.graal.compiler jdk.graal.compiler.management jdk.hotspot.agent jdk.httpserver jdk.incubator.vector jdk.internal.le jdk.internal.md jdk.jartool jdk.javadoc jdk.jcmd jdk.management jdk.management.agent jdk.jconsole jdk.jdeps jdk.jdwp.agent jdk.jdi jdk.jfr jdk.jlink jdk.jpackage jdk.jshell jdk.jsobject jdk.jstatd jdk.localedata jdk.management.jfr jdk.naming.dns jdk.naming.rmi jdk.net jdk.nio.mapmode jdk.sctp jdk.security.auth jdk.security.jgss jdk.unsupported jdk.unsupported.desktop jdk.xml.dom"
OS_ARCH="x86_64"
OS_NAME="Linux"
SOURCE=".:git:4b34790348fd+"

Environment Variables:
JAVA_HOME=/home/jatinbha/sandboxes/jdk/jdk/build/linux-x86_64-server-slowdebug/images/jdk/
PATH=/home/jatinbha/sandboxes/jdk/jdk/build/linux-x86_64-server-slowdebug/images/jdk//bin:/home/jatinbha/.local/bin:/home/jatinbha/bin:/home/jatinbha/sandboxes/mx:/home/jatinbha/softwares/jextract-22:/home/jatinbha/softwares/cmake-3.28.3-linux-x86_64/bin:/home/jatinbha/softwares/cmake-3.26.3-linux-x86_64/bin:/home/jatinbha/softwares/jdk-17.0.2//bin:/home/jatinbha/softwares/thrift-0.16.0/bin:/home/jatinbha/softwares/jdk8u322-b06//bin:/home/jatinbha/softwares/jdk-17//bin:/home/jatinbha/softwares/apache-maven-3.6.3/bin:/home/jatinbha/sandboxes/skara/build/bin:/usr/local/sbin:/usr/local/bin:/usr/sbin:/usr/bin:/sbin:/bin:/usr/games:/usr/local/games:/snap/bin
LD_LIBRARY_PATH=/home/jatinbha/softwares:
SHELL=/bin/bash
LANG=en_IN
TERM=xterm-256color

Active Locale:
LC_ALL=en_IN
LC_COLLATE=en_IN
LC_CTYPE=en_IN
LC_MESSAGES=en_IN
LC_MONETARY=en_IN
LC_NUMERIC=en_IN
LC_TIME=en_IN

Signal Handlers:
   SIGSEGV: VMStructs::init+19093 in libjvm.so, mask=11100100010111111101111111111110, flags=SA_RESTART|SA_SIGINFO, unblocked
    SIGBUS: VMStructs::init+19093 in libjvm.so, mask=11100100010111111101111111111110, flags=SA_RESTART|SA_SIGINFO, unblocked
    SIGFPE: VMStructs::init+19093 in libjvm.so, mask=11100100010111111101111111111110, flags=SA_RESTART|SA_SIGINFO, unblocked
   SIGPIPE: StackMapFrame::print_on+487 in libjvm.so, mask=11100100010111111101111111111110, flags=SA_RESTART|SA_SIGINFO, unblocked
   SIGXFSZ: StackMapFrame::print_on+487 in libjvm.so, mask=11100100010111111101111111111110, flags=SA_RESTART|SA_SIGINFO, unblocked
    SIGILL: VMStructs::init+19093 in libjvm.so, mask=11100100010111111101111111111110, flags=SA_RESTART|SA_SIGINFO, unblocked
   SIGUSR2: StackMapReader::next_helper+785 in libjvm.so, mask=00000000000000000000000000000000, flags=SA_RESTART|SA_SIGINFO, unblocked
    SIGHUP: void swap<oopDesc**>+37 in libjvm.so, mask=11100100010111111101111111111110, flags=SA_RESTART|SA_SIGINFO, unblocked
    SIGINT: void swap<oopDesc**>+37 in libjvm.so, mask=11100100010111111101111111111110, flags=SA_RESTART|SA_SIGINFO, unblocked
   SIGTERM: void swap<oopDesc**>+37 in libjvm.so, mask=11100100010111111101111111111110, flags=SA_RESTART|SA_SIGINFO, unblocked
   SIGQUIT: void swap<oopDesc**>+37 in libjvm.so, mask=11100100010111111101111111111110, flags=SA_RESTART|SA_SIGINFO, blocked
   SIGTRAP: VMStructs::init+19093 in libjvm.so, mask=11100100010111111101111111111110, flags=SA_RESTART|SA_SIGINFO, unblocked


Native Memory Tracking:

(Omitting categories weighting less than 1KB)

Total: reserved=33451410KB, committed=2388642KB
       malloc: 178770KB #12616, peak=178761KB #12592
       mmap:   reserved=33272640KB, committed=2209872KB

-                 Java Heap (reserved=31424512KB, committed=2113536KB)
                            (mmap: reserved=31424512KB, committed=2113536KB, at peak)

-                     Class (reserved=1048641KB, committed=193KB)
                            (classes #624)
                            (  instance classes #509, array classes #115)
                            (malloc=65KB tag=Class #635) (peak=65KB #633)
                            (mmap: reserved=1048576KB, committed=128KB, at peak)
                            (  Metadata:   )
                            (    reserved=65536KB, committed=192KB)
                            (    used=75KB)
                            (    waste=117KB =61.05%)
                            (  Class space:)
                            (    reserved=1048576KB, committed=128KB)
                            (    used=6KB)
                            (    waste=122KB =95.32%)

-                    Thread (reserved=17490KB, committed=1018KB)
                            (threads #17)
                            (stack: reserved=17432KB, committed=960KB, peak=960KB)
                            (malloc=39KB tag=Thread #105) (peak=48KB #109)
                            (arena=19KB #32) (peak=137KB #32)

-                      Code (reserved=49704KB, committed=2684KB)
                            (malloc=167KB tag=Code #5069) (peak=167KB #5072)
                            (mmap: reserved=49536KB, committed=2516KB, at peak)
                            (arena=1KB #1) (peak=34KB #2)

-                        GC (reserved=803688KB, committed=231208KB)
                            (malloc=153068KB tag=GC #1162) (at peak)
                            (mmap: reserved=650620KB, committed=78140KB, at peak)

-                  Compiler (reserved=689KB, committed=689KB)
                            (malloc=74KB tag=Compiler #45) (at peak)
                            (arena=615KB #9) (peak=813KB #12)

-                  Internal (reserved=23164KB, committed=23164KB)
                            (malloc=23128KB tag=Internal #3913) (peak=23128KB #3920)
                            (mmap: reserved=36KB, committed=36KB, at peak)

-                    Symbol (reserved=1130KB, committed=1130KB)
                            (malloc=770KB tag=Symbol #32) (at peak)
                            (arena=360KB #1) (at peak)

-    Native Memory Tracking (reserved=228KB, committed=228KB)
                            (malloc=6KB tag=Native Memory Tracking #61) (at peak)
                            (arena=0KB #0) (peak=128KB #1)
                            (tracking overhead=222KB)

-        Shared class space (reserved=16384KB, committed=14356KB, readonly=0KB)
                            (mmap: reserved=16384KB, committed=14356KB, peak=14568KB)

-               Arena Chunk (reserved=107KB, committed=107KB)
                            (malloc=107KB tag=Arena Chunk #65) (peak=1316KB #68)

-                   Tracing (reserved=5KB, committed=5KB)
                            (malloc=5KB tag=Tracing #26) (at peak)

-                    Module (reserved=67KB, committed=67KB)
                            (malloc=67KB tag=Module #1263) (at peak)

-                 Safepoint (reserved=8KB, committed=8KB)
                            (mmap: reserved=8KB, committed=8KB, at peak)

-           Synchronization (reserved=27KB, committed=27KB)
                            (malloc=27KB tag=Synchronization #200) (at peak)

-            Serviceability (reserved=17KB, committed=17KB)
                            (malloc=17KB tag=Serviceability #10) (peak=17KB #14)

-                 Metaspace (reserved=65548KB, committed=204KB)
                            (malloc=12KB tag=Metaspace #8) (at peak)
                            (mmap: reserved=65536KB, committed=192KB, at peak)

-      String Deduplication (reserved=1KB, committed=1KB)
                            (malloc=1KB tag=String Deduplication #8) (at peak)

Preinit state:entries: 393 (primary: 393, empties: 7798), sum bytes: 14480, longest chain length: 1
pre-init mallocs: 450, pre-init reallocs: 2, pre-init frees: 57
MallocLimit: unset

Compiler Memory Statistic, 10 most expensive compilations:
ctyp  total     ra        node      comp      type      states    reglive   regsplit  superword cienv     ha        other     #nodes  result  limit     time    id    thread             method
c2    534056    98184     164624    99168     33712     10200     127184    984       0         0         0         0         313     ok      1073741824 218.160 5    0x00007f1528313f80 java/lang/Long::expand((JJ)J) 
c2    244216    65456     66440     33712     33712     10200     33712     984       0         0         0         0         44      ok      1073741824 217.896 4    0x00007f1528313f80 java/lang/Long::parallelSuffix((J)J) 
Total: 2 (C1: 0, C2: 2)

Periodic native trim disabled

---------------  S Y S T E M  ---------------

OS:
DISTRIB_ID=Ubuntu
DISTRIB_RELEASE=20.04
DISTRIB_CODENAME=focal
DISTRIB_DESCRIPTION="Ubuntu 20.04.2 LTS"
uname: Linux intel-S2600WFT 5.8.0-41-generic #46~20.04.1-Ubuntu SMP Mon Jan 18 17:52:23 UTC 2021 x86_64
OS uptime: 160 days 7:25 hours
libc: glibc 2.31 NPTL 2.31 
rlimit (soft/hard): STACK 8192k/infinity , CORE 0k/infinity , NPROC 3090646/3090646 , NOFILE 1048576/1048576 , AS infinity/infinity , CPU infinity/infinity , DATA infinity/infinity , FSIZE infinity/infinity , MEMLOCK 65536k/65536k
load average: 0.00 0.06 1.00

/proc/meminfo:
MemTotal:       791263980 kB
MemFree:        639009592 kB
MemAvailable:   781909128 kB
Buffers:         2593392 kB
Cached:         133453536 kB
SwapCached:        23712 kB
Active:         63215500 kB
Inactive:       73773128 kB
Active(anon):     701384 kB
Inactive(anon):   243172 kB
Active(file):   62514116 kB
Inactive(file): 73529956 kB
Unevictable:           0 kB
Mlocked:               0 kB
SwapTotal:       2097148 kB
SwapFree:        1935928 kB
Dirty:               256 kB
Writeback:             0 kB
AnonPages:        923376 kB
Mapped:           254816 kB
Shmem:              5596 kB
KReclaimable:   11909644 kB
Slab:           13828756 kB
SReclaimable:   11909644 kB
SUnreclaim:      1919112 kB
KernelStack:       30256 kB
PageTables:        17272 kB
NFS_Unstable:          0 kB
Bounce:                0 kB
WritebackTmp:          0 kB
CommitLimit:    397729136 kB
Committed_AS:   10709940 kB
VmallocTotal:   34359738367 kB
VmallocUsed:      481308 kB
VmallocChunk:          0 kB
Percpu:           354368 kB
HardwareCorrupted:     0 kB
AnonHugePages:         0 kB
ShmemHugePages:        0 kB
ShmemPmdMapped:        0 kB
FileHugePages:         0 kB
FilePmdMapped:         0 kB
HugePages_Total:       0
HugePages_Free:        0
HugePages_Rsvd:        0
HugePages_Surp:        0
Hugepagesize:       2048 kB
Hugetlb:               0 kB
DirectMap4k:     5789084 kB
DirectMap2M:    360900608 kB
DirectMap1G:    439353344 kB

/sys/kernel/mm/transparent_hugepage/enabled: always [madvise] never
/sys/kernel/mm/transparent_hugepage/hpage_pmd_size: 2097152
/sys/kernel/mm/transparent_hugepage/shmem_enabled: always within_size advise [never] deny force
/sys/kernel/mm/transparent_hugepage/defrag (defrag/compaction efforts parameter): always defer defer+madvise [madvise] never

Process Memory:
Virtual Size: 34763532K (peak: 34763664K)
Resident Set Size: 249488K (peak: 249612K) (anon: 209012K, file: 40476K, shmem: 0K)
Swapped out: 0K
C-Heap outstanding allocations: 179909K, retained: 2166K (may have wrapped)
glibc malloc tunables: (default)

/proc/sys/kernel/threads-max (system-wide limit on the number of threads): 6181293
/proc/sys/vm/max_map_count (maximum number of memory map areas a process may have): 65530
/proc/sys/vm/swappiness (control to define how aggressively the kernel swaps out anonymous memory): 60
/proc/sys/kernel/pid_max (system-wide limit on number of process identifiers): 4194304

container information not found.
Steal ticks since vm start: 0
Steal ticks percentage since vm start:  0.000

CPU: total 112 (initial active 112) (28 cores per cpu, 2 threads per core) family 6 model 85 stepping 7 microcode 0x5003006, cx8, cmov, fxsr, ht, mmx, 3dnowpref, sse, sse2, sse3, ssse3, sse4.1, sse4.2, popcnt, lzcnt, tsc, tscinvbit, avx, avx2, aes, erms, clmul, bmi1, bmi2, adx, avx512f, avx512dq, avx512cd, avx512bw, avx512vl, fma, vzeroupper, avx512_vnni, clflush, clflushopt, clwb, rdtscp, f16c, pku, ospke
CPU Model and flags from /proc/cpuinfo:
model name	: Intel(R) Xeon(R) Platinum 8280 CPU @ 2.70GHz
flags		: fpu vme de pse tsc msr pae mce cx8 apic sep mtrr pge mca cmov pat pse36 clflush dts acpi mmx fxsr sse sse2 ss ht tm pbe syscall nx pdpe1gb rdtscp lm constant_tsc art arch_perfmon pebs bts rep_good nopl xtopology nonstop_tsc cpuid aperfmperf pni pclmulqdq dtes64 monitor ds_cpl smx est tm2 ssse3 sdbg fma cx16 xtpr pdcm pcid dca sse4_1 sse4_2 x2apic movbe popcnt tsc_deadline_timer aes xsave avx f16c rdrand lahf_lm abm 3dnowprefetch cpuid_fault epb cat_l3 cdp_l3 invpcid_single ssbd mba ibrs ibpb stibp ibrs_enhanced fsgsbase tsc_adjust bmi1 avx2 smep bmi2 erms invpcid cqm mpx rdt_a avx512f avx512dq rdseed adx smap clflushopt clwb intel_pt avx512cd avx512bw avx512vl xsaveopt xsavec xgetbv1 xsaves cqm_llc cqm_occup_llc cqm_mbm_total cqm_mbm_local dtherm ida arat pln pts hwp hwp_act_window hwp_epp hwp_pkg_req pku ospke avx512_vnni md_clear flush_l1d arch_capabilities

Online cpus: 0-111
Offline cpus: 
cache level: 1
cache type: Data
cache size: 32K
cache coherency line size: 64
cache level: 1
cache type: Instruction
cache size: 32K
cache coherency line size: 64
cache level: 2
cache type: Unified
cache size: 1024K
cache coherency line size: 64
cache level: 3
cache type: Unified
cache size: 39424K
cache coherency line size: 64
BIOS frequency limitation: <Not Available>
Frequency switch latency (ns): 0
Available cpu frequencies: <Not Available>
Maximum cpu frequency: 4000000
Minimum cpu frequency: 1000000
Current cpu frequency: 2722497
Available governors: performance powersave
Current governor: powersave
Core performance/turbo boost: <Not Available>

Memory: 4k page, physical 791263980k(781909128k free), swap 2097148k(1935928k free)
Page Sizes: 4k

vm_info: OpenJDK 64-Bit Server VM (slowdebug 25-internal-adhoc.root.jdk) for linux-amd64 JRE (25-internal-adhoc.root.jdk), built on 2025-05-26T09:00:07Z with gcc 10.5.0

END.
