#
# A fatal error has been detected by the Java Runtime Environment:
#
#  Internal Error (/home/jatinbha/sandboxes/jdk/jdk/src/hotspot/share/opto/type.hpp:2020), pid=39710, tid=39740
#  assert(_base == Long) failed: Not a Long
#
# JRE version: OpenJDK Runtime Environment (25.0) (slowdebug build 25-internal-adhoc.root.jdk)
# Java VM: OpenJDK 64-Bit Server VM (slowdebug 25-internal-adhoc.root.jdk, mixed mode, sharing, compressed oops, compressed class ptrs, g1 gc, linux-amd64)
# Problematic frame:
# V  [libjvm.so+0x544f5c]  Type::is_long() const+0x42
#
# Core dump will be written. Default location: Core dumps may be processed with "/usr/share/apport/apport -p%p -s%s -c%c -d%d -P%P -u%u -g%g -F%F -- %E" (or dumping to /home/jatinbha/code/java/bugz/8351645/core.39710)
#
# If you would like to submit a bug report, please visit:
#   https://bugreport.java.com/bugreport/crash.jsp
#

---------------  S U M M A R Y ------------

Command Line: -XX:+PauseAtStartup -Xbatch -XX:-TieredCompilation Test

Host: intel-S2600WFT, Intel(R) Xeon(R) Platinum 8280 CPU @ 2.70GHz, 112 cores, 754G, Ubuntu 20.04.2 LTS
Time: Mon Jun  2 15:58:57 2025 IST elapsed time: 114.961860 seconds (0d 0h 1m 54s)

---------------  T H R E A D  ---------------

Current thread (0x00007f6a5c3a4b20):  JavaThread "C2 CompilerThread0" daemon [_thread_in_native, id=39740, stack(0x00007f6a12f6a000,0x00007f6a1306b000) (1028K)]


Current CompileTask:
C2:114961    6 %  b        Test::test @ 8 (55 bytes)

Stack: [0x00007f6a12f6a000,0x00007f6a1306b000],  sp=0x00007f6a13065f10,  free space=1007k
Native frames: (J=compiled Java code, j=interpreted, Vv=VM code, C=native code)
V  [libjvm.so+0x544f5c]  Type::is_long() const+0x42  (type.hpp:2020)
V  [libjvm.so+0xf8ee6f]  ExpandBitsNode::Ideal(PhaseGVN*, bool)+0x38b  (intrinsicnode.cpp:213)
V  [libjvm.so+0x156bcc0]  PhaseGVN::apply_ideal(Node*, bool)+0x70  (phaseX.cpp:668)
V  [libjvm.so+0x156dcf1]  PhaseIterGVN::transform_old(Node*)+0x12d  (phaseX.cpp:1214)
V  [libjvm.so+0x156d439]  PhaseIterGVN::optimize()+0x1ff  (phaseX.cpp:1054)
V  [libjvm.so+0xaf0678]  PhaseIdealLoop::optimize(PhaseIterGVN&, LoopOptsMode)+0x7c  (loopnode.hpp:1257)
V  [libjvm.so+0xae1bef]  Compile::Optimize()+0xb69  (compile.cpp:2447)
V  [libjvm.so+0xada423]  Compile::Compile(ciEnv*, ciMethod*, int, Options, DirectiveSet*)+0x15a3  (compile.cpp:860)
V  [libjvm.so+0x99a481]  C2Compiler::compile_method(ciEnv*, ciMethod*, int, bool, DirectiveSet*)+0x203  (c2compiler.cpp:141)
V  [libjvm.so+0xafe089]  CompileBroker::invoke_compiler_on_method(CompileTask*)+0x9ff  (compileBroker.cpp:2307)
V  [libjvm.so+0xafca9f]  CompileBroker::compiler_thread_loop()+0x411  (compileBroker.cpp:1951)
V  [libjvm.so+0xb1d038]  CompilerThread::thread_entry(JavaThread*, JavaThread*)+0x84  (compilerThread.cpp:67)
V  [libjvm.so+0xfb7d1e]  JavaThread::thread_main_inner()+0x15a  (javaThread.cpp:773)
V  [libjvm.so+0xfb7bc0]  JavaThread::run()+0x1c0  (javaThread.cpp:758)
V  [libjvm.so+0x18d6e8c]  Thread::call_run()+0x1a8  (thread.cpp:231)
V  [libjvm.so+0x1503fb6]  thread_native_entry(Thread*)+0x1c3  (os_linux.cpp:875)
Registers:
RAX=0x00007f6a63848000, RBX=0x00007f6a13066440, RCX=0x00007f6a13066440, RDX=0x00007f699c0c9c48
RSP=0x00007f6a13065f10, RBP=0x00007f6a13065f20, RSI=0x0000000000000001, RDI=0x00007f699c02f860
R8 =0x00007f6a6177dae4, R9 =0x000000007fffffff, R10=0x00007f6a624e141d, R11=0x00007f6a62a57a43
R12=0x00007f6a13068a38, R13=0x00007f6a6069256f, R14=0x00007f6a606926c0, R15=0x00007f6a13069fc0
RIP=0x00007f6a60d33f5c, EFLAGS=0x0000000000010202, CSGSFS=0x002b000000000033, ERR=0x0000000000000006
  TRAPNO=0x000000000000000e

XMM[0]=0xabababababababab 0xabababababababab
XMM[1]=0x6968502030373320 0x3a36312070657453
XMM[2]=0x000000000000ff00 0x00ff0000000000ff
XMM[3]=0x00007f699c09d6d0 0x00007f699c09d658
XMM[4]=0x00007f699c059108 0x00007f699c09cf60
XMM[5]=0x00007f699c09d1e8 0x00007f699c09d150
XMM[6]=0x00007f699c09d3e8 0x00007f699c09d370
XMM[7]=0x0000000000000000 0x0000000000000000
XMM[8]=0x6d6f74737563002d 0x20007325202d2000
XMM[9]=0x0000000000000000 0x0000000000000000
XMM[10]=0x0000000000000000 0x0000000000000000
XMM[11]=0x0000000000000000 0x0000000000000000
XMM[12]=0x0000000000000000 0x0000000000000000
XMM[13]=0x0000000000000000 0x0000000000000000
XMM[14]=0x0000000000000000 0x0000000000000000
XMM[15]=0x0000000000000000 0x0000000000000000
  MXCSR=0x00001fa2


Register to memory mapping:

RAX=0x00007f6a63848000 in mmap'd memory region [0x00007f6a63848000 - 0x00007f6a63849000], tag mtInternal
RBX=0x00007f6a13066440 is pointing into the stack for thread: 0x00007f6a5c3a4b20
RCX=0x00007f6a13066440 is pointing into the stack for thread: 0x00007f6a5c3a4b20
RDX=0x00007f699c0c9c48 points into unknown readable memory: 0x00007f699c02f898 | 98 f8 02 9c 69 7f 00 00
RSP=0x00007f6a13065f10 is pointing into the stack for thread: 0x00007f6a5c3a4b20
RBP=0x00007f6a13065f20 is pointing into the stack for thread: 0x00007f6a5c3a4b20
RSI=0x0000000000000001 is an unknown value
RDI=0x00007f699c02f860 into live malloced block starting at 0x00007f699c02f010, size 32752, tag mtChunk
R8 =0x00007f6a6177dae4: <offset 0x0000000000f8eae4> in /home/jatinbha/sandboxes/jdk/jdk/build/linux-x86_64-server-slowdebug/images/jdk/lib/server/libjvm.so at 0x00007f6a607ef000
R9 =0x000000007fffffff is an unknown value
R10=0x00007f6a624e141d: <offset 0x0000000001cf241d> in /home/jatinbha/sandboxes/jdk/jdk/build/linux-x86_64-server-slowdebug/images/jdk/lib/server/libjvm.so at 0x00007f6a607ef000
R11=0x00007f6a62a57a43: <offset 0x0000000002268a43> in /home/jatinbha/sandboxes/jdk/jdk/build/linux-x86_64-server-slowdebug/images/jdk/lib/server/libjvm.so at 0x00007f6a607ef000
R12=0x00007f6a13068a38 is pointing into the stack for thread: 0x00007f6a5c3a4b20
R13=0x00007f6a6069256f is pointing into the stack for thread: 0x00007f6a5c02bfa0
R14=0x00007f6a606926c0 is pointing into the stack for thread: 0x00007f6a5c02bfa0
R15=0x00007f6a13069fc0 is pointing into the stack for thread: 0x00007f6a5c3a4b20

Top of Stack: (sp=0x00007f6a13065f10)
0x00007f6a13065f10:   0000000113065f30 00007f699c02f860   0_......`...i...
0x00007f6a13065f20:   00007f6a13065fa0 00007f6a6177de6f   ._..j...o.waj...
0x00007f6a13065f30:   00007f6a13065f70 00007f0161c9868a   p_..j......a....
0x00007f6a13065f40:   00007f6a13066440 00007f699c05d310   @d..j.......i...
0x00007f6a13065f50:   00007f699c037748 00007f699c05d1d8   Hw..i.......i...
0x00007f6a13065f60:   000000fa13065fc0 00007f699c040c70   ._......p...i...
0x00007f6a13065f70:   0000000413065fa0 0000000000000051   ._......Q.......
0x00007f6a13065f80:   00007f6a13068a38 00007f6a6069256f   8...j...o%i`j...
0x00007f6a13065f90:   00007f6a606926c0 00007f6a13069fc0   .&i`j.......j...
0x00007f6a13065fa0:   00007f6a13065fe0 00007f6a61d5acc0   ._..j......aj...
0x00007f6a13065fb0:   00007f699c05d310 0000000100000051   ....i...Q.......
0x00007f6a13065fc0:   00007f699c05d310 00007f6a13066440   ....i...@d..j...
0x00007f6a13065fd0:   00007f699c05d310 0000000000000000   ....i...........
0x00007f6a13065fe0:   00007f6a13066040 00007f6a61d5ccf1   @`..j......aj...
0x00007f6a13065ff0:   00007f699c05d310 00007f6a13066440   ....i...@d..j...
0x00007f6a13066000:   00007f6a13066020 00007f6a00f09f8c    `..j.......j...
0x00007f6a13066010:   00007f699c05d310 00007f6a6103076e   ....i...n..aj...
0x00007f6a13066020:   00007f6a13066040 00007f6a130687a0   @`..j.......j...
0x00007f6a13066030:   00007f699c05d310 0000000000000051   ....i...Q.......
0x00007f6a13066040:   00007f6a130660a0 00007f6a61d5c439   .`..j...9..aj...
0x00007f6a13066050:   00007f6a13066070 00007f6a13066440   p`..j...@d..j...
0x00007f6a13066060:   0000005100000052 000000ce00000fa0   R...Q...........
0x00007f6a13066070:   00000000000000ce 00007f699c05d310   ............i...
0x00007f6a13066080:   00007f699c030878 00007f699c05c820   x...i... ...i...
0x00007f6a13066090:   00007f6a130660a0 0000000000000001   .`..j...........
0x00007f6a130660a0:   00007f6a130662c0 00007f6a612df678   .b..j...x.-aj...
0x00007f6a130660b0:   0000000413066198 00007f6a13066440   .a......@d..j...
0x00007f6a130660c0:   00007f6a130660e0 00007f6a130687a0   .`..j.......j...
0x00007f6a130660d0:   00007f6a5c3a53e0 00007f699c050740   .S:\j...@...i...
0x00007f6a130660e0:   00007f699c056478 00007f699c058730   xd..i...0...i...
0x00007f6a130660f0:   00000000000083b0 0000000900000004   ................
0x00007f6a13066100:   00007f6a5c3a4b20 00007f6a130662f0    K:\j....b..j...

Instructions: (pc=0x00007f6a60d33f5c)
  0x00007f6a60d33e5c:   8d 3d 9e b2 5a 01 b8 00 00 00 00 e8 91 8d 64 00
  0x00007f6a60d33e6c:   48 8b 45 f8 48 8b 40 18 c9 c3 f3 0f 1e fa 55 48
  0x00007f6a60d33e7c:   89 e5 48 83 ec 10 48 89 7d f8 48 8b 45 f8 48 89
  0x00007f6a60d33e8c:   c7 e8 88 00 00 00 c9 c3 f3 0f 1e fa 55 48 89 e5
  0x00007f6a60d33e9c:   48 89 7d f8 48 8b 45 f8 0f b6 40 14 5d c3 f3 0f
  0x00007f6a60d33eac:   1e fa 55 48 89 e5 48 83 ec 10 48 89 7d f8 e8 e2
  0x00007f6a60d33ebc:   ab f0 ff 83 f0 01 84 c0 74 13 48 8b 45 f8 8b 40
  0x00007f6a60d33ecc:   10 83 f8 03 74 07 b8 01 00 00 00 eb 05 b8 00 00
  0x00007f6a60d33edc:   00 00 84 c0 74 31 48 8d 05 ff d9 75 02 48 8b 00
  0x00007f6a60d33eec:   c6 00 58 48 8d 0d 4b b2 5a 01 48 8d 15 4f b2 5a
  0x00007f6a60d33efc:   01 be db 07 00 00 48 8d 3d f7 b1 5a 01 b8 00 00
  0x00007f6a60d33f0c:   00 00 e8 ea 8c 64 00 48 8b 45 f8 c9 c3 90 f3 0f
  0x00007f6a60d33f1c:   1e fa 55 48 89 e5 48 83 ec 10 48 89 7d f8 e8 72
  0x00007f6a60d33f2c:   ab f0 ff 83 f0 01 84 c0 74 13 48 8b 45 f8 8b 40
  0x00007f6a60d33f3c:   10 83 f8 04 74 07 b8 01 00 00 00 eb 05 b8 00 00
  0x00007f6a60d33f4c:   00 00 84 c0 74 31 48 8d 05 8f d9 75 02 48 8b 00
=>0x00007f6a60d33f5c:   c6 00 58 48 8d 0d 02 b2 5a 01 48 8d 15 06 b2 5a
  0x00007f6a60d33f6c:   01 be e4 07 00 00 48 8d 3d 87 b1 5a 01 b8 00 00
  0x00007f6a60d33f7c:   00 00 e8 7a 8c 64 00 48 8b 45 f8 c9 c3 90 f3 0f
  0x00007f6a60d33f8c:   1e fa 55 48 89 e5 48 89 7d f8 48 8b 45 f8 8b 40
  0x00007f6a60d33f9c:   10 83 f8 0b 75 06 48 8b 45 f8 eb 05 b8 00 00 00
  0x00007f6a60d33fac:   00 5d c3 90 f3 0f 1e fa 55 48 89 e5 48 83 ec 10
  0x00007f6a60d33fbc:   48 89 7d f8 e8 dc aa f0 ff 83 f0 01 84 c0 74 1f
  0x00007f6a60d33fcc:   48 8b 45 f8 8b 40 10 83 f8 0a 7e 0c 48 8b 45 f8
  0x00007f6a60d33fdc:   8b 40 10 83 f8 11 7e 07 b8 01 00 00 00 eb 05 b8
  0x00007f6a60d33fec:   00 00 00 00 84 c0 74 31 48 8d 05 ed d8 75 02 48
  0x00007f6a60d33ffc:   8b 00 c6 00 58 48 8d 0d 88 b1 5a 01 48 8d 15 91
  0x00007f6a60d3400c:   b1 5a 01 be 31 08 00 00 48 8d 3d e5 b0 5a 01 b8
  0x00007f6a60d3401c:   00 00 00 00 e8 d8 8b 64 00 48 8b 45 f8 c9 c3 90
  0x00007f6a60d3402c:   f3 0f 1e fa 55 48 89 e5 48 89 7d f8 48 8b 45 f8
  0x00007f6a60d3403c:   8b 40 10 83 f8 0a 7e 12 48 8b 45 f8 8b 40 10 83
  0x00007f6a60d3404c:   f8 11 7f 06 48 8b 45 f8 eb 05 b8 00 00 00 00 5d


Stack slot to memory mapping:

stack at sp + 0 slots: 0x0000000113065f30 is an unknown heap location
stack at sp + 1 slots: 0x00007f699c02f860 into live malloced block starting at 0x00007f699c02f010, size 32752, tag mtChunk
stack at sp + 2 slots: 0x00007f6a13065fa0 is pointing into the stack for thread: 0x00007f6a5c3a4b20
stack at sp + 3 slots: 0x00007f6a6177de6f: <offset 0x0000000000f8ee6f> in /home/jatinbha/sandboxes/jdk/jdk/build/linux-x86_64-server-slowdebug/images/jdk/lib/server/libjvm.so at 0x00007f6a607ef000
stack at sp + 4 slots: 0x00007f6a13065f70 is pointing into the stack for thread: 0x00007f6a5c3a4b20
stack at sp + 5 slots: 0x00007f0161c9868a is an unknown value
stack at sp + 6 slots: 0x00007f6a13066440 is pointing into the stack for thread: 0x00007f6a5c3a4b20
stack at sp + 7 slots: 0x00007f699c05d310 points into unknown readable memory: 0x00007f6a63449540 | 40 95 44 63 6a 7f 00 00

Lock stack of current Java thread (top to bottom):


---------------  P R O C E S S  ---------------

uid  : 1000 euid : 1000 gid  : 1000 egid : 1000

umask: 0002 (-------w-)

Threads class SMR info:
_java_thread_list=0x00007f6a5c3ce770, length=9, elements={
0x00007f6a5c02bfa0, 0x00007f6a5c39e120, 0x00007f6a5c39f020, 0x00007f6a5c3a02e0,
0x00007f6a5c3a1650, 0x00007f6a5c3a2880, 0x00007f6a5c3a4b20, 0x00007f6a5c3c8be0,
0x00007f6a5c3ce840
}
_java_thread_list_alloc_cnt=10, _java_thread_list_free_cnt=8, _java_thread_list_max=9, _nested_thread_list_max=0
_tlh_cnt=27, _tlh_times=0, avg_tlh_time=0.00, _tlh_time_max=0
_delete_lock_wait_cnt=0, _delete_lock_wait_max=0
_to_delete_list_cnt=0, _to_delete_list_max=1

Java Threads: ( => current thread )
  0x00007f6a5c02bfa0 JavaThread "main"                              [_thread_blocked, id=39711, stack(0x00007f6a60595000,0x00007f6a60696000) (1028K)]
  0x00007f6a5c39e120 JavaThread "Reference Handler"          daemon [_thread_blocked, id=39735, stack(0x00007f6a138ba000,0x00007f6a139ba000) (1024K)]
  0x00007f6a5c39f020 JavaThread "Finalizer"                  daemon [_thread_blocked, id=39736, stack(0x00007f6a13cbe000,0x00007f6a13dbe000) (1024K)]
  0x00007f6a5c3a02e0 JavaThread "Signal Dispatcher"          daemon [_thread_blocked, id=39737, stack(0x00007f6a13abc000,0x00007f6a13bbc000) (1024K)]
  0x00007f6a5c3a1650 JavaThread "Service Thread"             daemon [_thread_blocked, id=39738, stack(0x00007f6a13bbd000,0x00007f6a13cbd000) (1024K)]
  0x00007f6a5c3a2880 JavaThread "Monitor Deflation Thread"   daemon [_thread_blocked, id=39739, stack(0x00007f6a1306b000,0x00007f6a1316c000) (1028K)]
=>0x00007f6a5c3a4b20 JavaThread "C2 CompilerThread0"         daemon [_thread_in_native, id=39740, stack(0x00007f6a12f6a000,0x00007f6a1306b000) (1028K)]
  0x00007f6a5c3c8be0 JavaThread "Notification Thread"        daemon [_thread_blocked, id=39741, stack(0x00007f6a12cfe000,0x00007f6a12dff000) (1028K)]
  0x00007f6a5c3ce840 JavaThread "Common-Cleaner"             daemon [_thread_blocked, id=39742, stack(0x00007f6a12bfd000,0x00007f6a12cfe000) (1028K)]
Total: 9

Other Threads:
  0x00007f6a5c361480 VMThread "VM Thread"                           [id=39734, stack(0x00007f6a139bb000,0x00007f6a13abb000) (1024K)]
  0x00007f6a5c2966f0 WatcherThread "VM Periodic Task Thread"        [id=39733, stack(0x00007f6a137b9000,0x00007f6a138b9000) (1024K)]
  0x00007f6a5c06cbc0 WorkerThread "GC Thread#0"                     [id=39722, stack(0x00007f6a26b2e000,0x00007f6a26c2e000) (1024K)]
  0x00007f6a5c084a40 ConcurrentGCThread "G1 Main Marker"            [id=39723, stack(0x00007f6a26a2d000,0x00007f6a26b2d000) (1024K)]
  0x00007f6a5c085cf0 WorkerThread "G1 Conc#0"                       [id=39724, stack(0x00007f6a2692c000,0x00007f6a26a2c000) (1024K)]
  0x00007f6a5c26fc30 ConcurrentGCThread "G1 Refine#0"               [id=39725, stack(0x00007f6a13ec0000,0x00007f6a13fc0000) (1024K)]
  0x00007f6a5c270e70 ConcurrentGCThread "G1 Service"                [id=39726, stack(0x00007f6a13dbf000,0x00007f6a13ebf000) (1024K)]
Total: 7

Threads with active compile tasks:
C2 CompilerThread0  117533    6 %  b        Test::test @ 8 (55 bytes)
Total: 1

VM state: not at safepoint (normal execution)

VM Mutex/Monitor currently owned by a thread: None

Heap address: 0x00000000a0000000, size: 30208 MB, Compressed Oops mode: Zero based, Oop shift amount: 3

CDS archive(s) mapped at: [0x00007f69c2000000-0x00007f69c2dd5000-0x00007f69c2dd5000), size 14503936, SharedBaseAddress: 0x00007f69c2000000, ArchiveRelocationMode: 1.
Compressed class space mapped at: 0x00007f69c3000000-0x00007f6a03000000, reserved size: 1073741824
UseCompressedClassPointers 1, UseCompactObjectHeaders 0
Narrow klass pointer bits 32, Max shift 3
Narrow klass base: 0x00007f69c2000000, Narrow klass shift: 0
Encoding Range: [0x00007f69c2000000 - 0x00007f6ac2000000), (4294967296 bytes)
Klass Range:    [0x00007f69c2001000 - 0x00007f6a03000000), (1090514944 bytes)
Klass ID Range:  [4096 - 1090519033) (1090514937)
Protection zone: [0x00007f69c2000000 - 0x00007f69c2001000), (4096 bytes)

GC Precious Log:
 CardTable entry size: 512
 Card Set container configuration: InlinePtr #cards 3 size 8 Array Of Cards #cards 128 size 272 Howl #buckets 8 coarsen threshold 29491 Howl Bitmap #cards 4096 size 528 coarsen threshold 3686 Card regions per heap region 1 cards per card region 32768
 CPUs: 112 total, 112 available
 Memory: 754G
 Large Page Support: Disabled
 NUMA Support: Disabled
 Compressed Oops: Enabled (Zero based)
 Heap Region Size: 16M
 Heap Min Capacity: 16M
 Heap Initial Capacity: 2G
 Heap Max Capacity: 30208M
 Pre-touch: Disabled
 Parallel Workers: 73
 Concurrent Workers: 18
 Concurrent Refinement Workers: 73
 Periodic GC: Disabled

Heap:
 garbage-first heap   total reserved 30932992K, committed 2113536K, used 1131K [0x00000000a0000000, 0x0000000800000000)
  region size 16384K, 1 young (16384K), 0 survivors (0K)
 Metaspace       used 54K, committed 256K, reserved 1114112K
  class space    used 3K, committed 128K, reserved 1048576K

Heap Regions: E=young(eden), S=young(survivor), O=old, HS=humongous(starts), HC=humongous(continues), CS=collection set, F=free, TAMS=top-at-mark-start, PB=parsable bottom
|   0|0x00000000a0000000, 0x00000000a0000000, 0x00000000a1000000|  0%| F|  |TAMS 0x00000000a0000000| PB 0x00000000a0000000| Untracked |  0
|   1|0x00000000a1000000, 0x00000000a1000000, 0x00000000a2000000|  0%| F|  |TAMS 0x00000000a1000000| PB 0x00000000a1000000| Untracked |  0
|   2|0x00000000a2000000, 0x00000000a2000000, 0x00000000a3000000|  0%| F|  |TAMS 0x00000000a2000000| PB 0x00000000a2000000| Untracked |  0
|   3|0x00000000a3000000, 0x00000000a3000000, 0x00000000a4000000|  0%| F|  |TAMS 0x00000000a3000000| PB 0x00000000a3000000| Untracked |  0
|   4|0x00000000a4000000, 0x00000000a4000000, 0x00000000a5000000|  0%| F|  |TAMS 0x00000000a4000000| PB 0x00000000a4000000| Untracked |  0
|   5|0x00000000a5000000, 0x00000000a5000000, 0x00000000a6000000|  0%| F|  |TAMS 0x00000000a5000000| PB 0x00000000a5000000| Untracked |  0
|   6|0x00000000a6000000, 0x00000000a6000000, 0x00000000a7000000|  0%| F|  |TAMS 0x00000000a6000000| PB 0x00000000a6000000| Untracked |  0
|   7|0x00000000a7000000, 0x00000000a7000000, 0x00000000a8000000|  0%| F|  |TAMS 0x00000000a7000000| PB 0x00000000a7000000| Untracked |  0
|   8|0x00000000a8000000, 0x00000000a8000000, 0x00000000a9000000|  0%| F|  |TAMS 0x00000000a8000000| PB 0x00000000a8000000| Untracked |  0
|   9|0x00000000a9000000, 0x00000000a9000000, 0x00000000aa000000|  0%| F|  |TAMS 0x00000000a9000000| PB 0x00000000a9000000| Untracked |  0
|  10|0x00000000aa000000, 0x00000000aa000000, 0x00000000ab000000|  0%| F|  |TAMS 0x00000000aa000000| PB 0x00000000aa000000| Untracked |  0
|  11|0x00000000ab000000, 0x00000000ab000000, 0x00000000ac000000|  0%| F|  |TAMS 0x00000000ab000000| PB 0x00000000ab000000| Untracked |  0
|  12|0x00000000ac000000, 0x00000000ac000000, 0x00000000ad000000|  0%| F|  |TAMS 0x00000000ac000000| PB 0x00000000ac000000| Untracked |  0
|  13|0x00000000ad000000, 0x00000000ad000000, 0x00000000ae000000|  0%| F|  |TAMS 0x00000000ad000000| PB 0x00000000ad000000| Untracked |  0
|  14|0x00000000ae000000, 0x00000000ae000000, 0x00000000af000000|  0%| F|  |TAMS 0x00000000ae000000| PB 0x00000000ae000000| Untracked |  0
|  15|0x00000000af000000, 0x00000000af000000, 0x00000000b0000000|  0%| F|  |TAMS 0x00000000af000000| PB 0x00000000af000000| Untracked |  0
|  16|0x00000000b0000000, 0x00000000b0000000, 0x00000000b1000000|  0%| F|  |TAMS 0x00000000b0000000| PB 0x00000000b0000000| Untracked |  0
|  17|0x00000000b1000000, 0x00000000b1000000, 0x00000000b2000000|  0%| F|  |TAMS 0x00000000b1000000| PB 0x00000000b1000000| Untracked |  0
|  18|0x00000000b2000000, 0x00000000b2000000, 0x00000000b3000000|  0%| F|  |TAMS 0x00000000b2000000| PB 0x00000000b2000000| Untracked |  0
|  19|0x00000000b3000000, 0x00000000b3000000, 0x00000000b4000000|  0%| F|  |TAMS 0x00000000b3000000| PB 0x00000000b3000000| Untracked |  0
|  20|0x00000000b4000000, 0x00000000b4000000, 0x00000000b5000000|  0%| F|  |TAMS 0x00000000b4000000| PB 0x00000000b4000000| Untracked |  0
|  21|0x00000000b5000000, 0x00000000b5000000, 0x00000000b6000000|  0%| F|  |TAMS 0x00000000b5000000| PB 0x00000000b5000000| Untracked |  0
|  22|0x00000000b6000000, 0x00000000b6000000, 0x00000000b7000000|  0%| F|  |TAMS 0x00000000b6000000| PB 0x00000000b6000000| Untracked |  0
|  23|0x00000000b7000000, 0x00000000b7000000, 0x00000000b8000000|  0%| F|  |TAMS 0x00000000b7000000| PB 0x00000000b7000000| Untracked |  0
|  24|0x00000000b8000000, 0x00000000b8000000, 0x00000000b9000000|  0%| F|  |TAMS 0x00000000b8000000| PB 0x00000000b8000000| Untracked |  0
|  25|0x00000000b9000000, 0x00000000b9000000, 0x00000000ba000000|  0%| F|  |TAMS 0x00000000b9000000| PB 0x00000000b9000000| Untracked |  0
|  26|0x00000000ba000000, 0x00000000ba000000, 0x00000000bb000000|  0%| F|  |TAMS 0x00000000ba000000| PB 0x00000000ba000000| Untracked |  0
|  27|0x00000000bb000000, 0x00000000bb000000, 0x00000000bc000000|  0%| F|  |TAMS 0x00000000bb000000| PB 0x00000000bb000000| Untracked |  0
|  28|0x00000000bc000000, 0x00000000bc000000, 0x00000000bd000000|  0%| F|  |TAMS 0x00000000bc000000| PB 0x00000000bc000000| Untracked |  0
|  29|0x00000000bd000000, 0x00000000bd000000, 0x00000000be000000|  0%| F|  |TAMS 0x00000000bd000000| PB 0x00000000bd000000| Untracked |  0
|  30|0x00000000be000000, 0x00000000be000000, 0x00000000bf000000|  0%| F|  |TAMS 0x00000000be000000| PB 0x00000000be000000| Untracked |  0
|  31|0x00000000bf000000, 0x00000000bf000000, 0x00000000c0000000|  0%| F|  |TAMS 0x00000000bf000000| PB 0x00000000bf000000| Untracked |  0
|  32|0x00000000c0000000, 0x00000000c0000000, 0x00000000c1000000|  0%| F|  |TAMS 0x00000000c0000000| PB 0x00000000c0000000| Untracked |  0
|  33|0x00000000c1000000, 0x00000000c1000000, 0x00000000c2000000|  0%| F|  |TAMS 0x00000000c1000000| PB 0x00000000c1000000| Untracked |  0
|  34|0x00000000c2000000, 0x00000000c2000000, 0x00000000c3000000|  0%| F|  |TAMS 0x00000000c2000000| PB 0x00000000c2000000| Untracked |  0
|  35|0x00000000c3000000, 0x00000000c3000000, 0x00000000c4000000|  0%| F|  |TAMS 0x00000000c3000000| PB 0x00000000c3000000| Untracked |  0
|  36|0x00000000c4000000, 0x00000000c4000000, 0x00000000c5000000|  0%| F|  |TAMS 0x00000000c4000000| PB 0x00000000c4000000| Untracked |  0
|  37|0x00000000c5000000, 0x00000000c5000000, 0x00000000c6000000|  0%| F|  |TAMS 0x00000000c5000000| PB 0x00000000c5000000| Untracked |  0
|  38|0x00000000c6000000, 0x00000000c6000000, 0x00000000c7000000|  0%| F|  |TAMS 0x00000000c6000000| PB 0x00000000c6000000| Untracked |  0
|  39|0x00000000c7000000, 0x00000000c7000000, 0x00000000c8000000|  0%| F|  |TAMS 0x00000000c7000000| PB 0x00000000c7000000| Untracked |  0
|  40|0x00000000c8000000, 0x00000000c8000000, 0x00000000c9000000|  0%| F|  |TAMS 0x00000000c8000000| PB 0x00000000c8000000| Untracked |  0
|  41|0x00000000c9000000, 0x00000000c9000000, 0x00000000ca000000|  0%| F|  |TAMS 0x00000000c9000000| PB 0x00000000c9000000| Untracked |  0
|  42|0x00000000ca000000, 0x00000000ca000000, 0x00000000cb000000|  0%| F|  |TAMS 0x00000000ca000000| PB 0x00000000ca000000| Untracked |  0
|  43|0x00000000cb000000, 0x00000000cb000000, 0x00000000cc000000|  0%| F|  |TAMS 0x00000000cb000000| PB 0x00000000cb000000| Untracked |  0
|  44|0x00000000cc000000, 0x00000000cc000000, 0x00000000cd000000|  0%| F|  |TAMS 0x00000000cc000000| PB 0x00000000cc000000| Untracked |  0
|  45|0x00000000cd000000, 0x00000000cd000000, 0x00000000ce000000|  0%| F|  |TAMS 0x00000000cd000000| PB 0x00000000cd000000| Untracked |  0
|  46|0x00000000ce000000, 0x00000000ce000000, 0x00000000cf000000|  0%| F|  |TAMS 0x00000000ce000000| PB 0x00000000ce000000| Untracked |  0
|  47|0x00000000cf000000, 0x00000000cf000000, 0x00000000d0000000|  0%| F|  |TAMS 0x00000000cf000000| PB 0x00000000cf000000| Untracked |  0
|  48|0x00000000d0000000, 0x00000000d0000000, 0x00000000d1000000|  0%| F|  |TAMS 0x00000000d0000000| PB 0x00000000d0000000| Untracked |  0
|  49|0x00000000d1000000, 0x00000000d1000000, 0x00000000d2000000|  0%| F|  |TAMS 0x00000000d1000000| PB 0x00000000d1000000| Untracked |  0
|  50|0x00000000d2000000, 0x00000000d2000000, 0x00000000d3000000|  0%| F|  |TAMS 0x00000000d2000000| PB 0x00000000d2000000| Untracked |  0
|  51|0x00000000d3000000, 0x00000000d3000000, 0x00000000d4000000|  0%| F|  |TAMS 0x00000000d3000000| PB 0x00000000d3000000| Untracked |  0
|  52|0x00000000d4000000, 0x00000000d4000000, 0x00000000d5000000|  0%| F|  |TAMS 0x00000000d4000000| PB 0x00000000d4000000| Untracked |  0
|  53|0x00000000d5000000, 0x00000000d5000000, 0x00000000d6000000|  0%| F|  |TAMS 0x00000000d5000000| PB 0x00000000d5000000| Untracked |  0
|  54|0x00000000d6000000, 0x00000000d6000000, 0x00000000d7000000|  0%| F|  |TAMS 0x00000000d6000000| PB 0x00000000d6000000| Untracked |  0
|  55|0x00000000d7000000, 0x00000000d7000000, 0x00000000d8000000|  0%| F|  |TAMS 0x00000000d7000000| PB 0x00000000d7000000| Untracked |  0
|  56|0x00000000d8000000, 0x00000000d8000000, 0x00000000d9000000|  0%| F|  |TAMS 0x00000000d8000000| PB 0x00000000d8000000| Untracked |  0
|  57|0x00000000d9000000, 0x00000000d9000000, 0x00000000da000000|  0%| F|  |TAMS 0x00000000d9000000| PB 0x00000000d9000000| Untracked |  0
|  58|0x00000000da000000, 0x00000000da000000, 0x00000000db000000|  0%| F|  |TAMS 0x00000000da000000| PB 0x00000000da000000| Untracked |  0
|  59|0x00000000db000000, 0x00000000db000000, 0x00000000dc000000|  0%| F|  |TAMS 0x00000000db000000| PB 0x00000000db000000| Untracked |  0
|  60|0x00000000dc000000, 0x00000000dc000000, 0x00000000dd000000|  0%| F|  |TAMS 0x00000000dc000000| PB 0x00000000dc000000| Untracked |  0
|  61|0x00000000dd000000, 0x00000000dd000000, 0x00000000de000000|  0%| F|  |TAMS 0x00000000dd000000| PB 0x00000000dd000000| Untracked |  0
|  62|0x00000000de000000, 0x00000000de000000, 0x00000000df000000|  0%| F|  |TAMS 0x00000000de000000| PB 0x00000000de000000| Untracked |  0
|  63|0x00000000df000000, 0x00000000df000000, 0x00000000e0000000|  0%| F|  |TAMS 0x00000000df000000| PB 0x00000000df000000| Untracked |  0
|  64|0x00000000e0000000, 0x00000000e0000000, 0x00000000e1000000|  0%| F|  |TAMS 0x00000000e0000000| PB 0x00000000e0000000| Untracked |  0
|  65|0x00000000e1000000, 0x00000000e1000000, 0x00000000e2000000|  0%| F|  |TAMS 0x00000000e1000000| PB 0x00000000e1000000| Untracked |  0
|  66|0x00000000e2000000, 0x00000000e2000000, 0x00000000e3000000|  0%| F|  |TAMS 0x00000000e2000000| PB 0x00000000e2000000| Untracked |  0
|  67|0x00000000e3000000, 0x00000000e3000000, 0x00000000e4000000|  0%| F|  |TAMS 0x00000000e3000000| PB 0x00000000e3000000| Untracked |  0
|  68|0x00000000e4000000, 0x00000000e4000000, 0x00000000e5000000|  0%| F|  |TAMS 0x00000000e4000000| PB 0x00000000e4000000| Untracked |  0
|  69|0x00000000e5000000, 0x00000000e5000000, 0x00000000e6000000|  0%| F|  |TAMS 0x00000000e5000000| PB 0x00000000e5000000| Untracked |  0
|  70|0x00000000e6000000, 0x00000000e6000000, 0x00000000e7000000|  0%| F|  |TAMS 0x00000000e6000000| PB 0x00000000e6000000| Untracked |  0
|  71|0x00000000e7000000, 0x00000000e7000000, 0x00000000e8000000|  0%| F|  |TAMS 0x00000000e7000000| PB 0x00000000e7000000| Untracked |  0
|  72|0x00000000e8000000, 0x00000000e8000000, 0x00000000e9000000|  0%| F|  |TAMS 0x00000000e8000000| PB 0x00000000e8000000| Untracked |  0
|  73|0x00000000e9000000, 0x00000000e9000000, 0x00000000ea000000|  0%| F|  |TAMS 0x00000000e9000000| PB 0x00000000e9000000| Untracked |  0
|  74|0x00000000ea000000, 0x00000000ea000000, 0x00000000eb000000|  0%| F|  |TAMS 0x00000000ea000000| PB 0x00000000ea000000| Untracked |  0
|  75|0x00000000eb000000, 0x00000000eb000000, 0x00000000ec000000|  0%| F|  |TAMS 0x00000000eb000000| PB 0x00000000eb000000| Untracked |  0
|  76|0x00000000ec000000, 0x00000000ec000000, 0x00000000ed000000|  0%| F|  |TAMS 0x00000000ec000000| PB 0x00000000ec000000| Untracked |  0
|  77|0x00000000ed000000, 0x00000000ed000000, 0x00000000ee000000|  0%| F|  |TAMS 0x00000000ed000000| PB 0x00000000ed000000| Untracked |  0
|  78|0x00000000ee000000, 0x00000000ee000000, 0x00000000ef000000|  0%| F|  |TAMS 0x00000000ee000000| PB 0x00000000ee000000| Untracked |  0
|  79|0x00000000ef000000, 0x00000000ef000000, 0x00000000f0000000|  0%| F|  |TAMS 0x00000000ef000000| PB 0x00000000ef000000| Untracked |  0
|  80|0x00000000f0000000, 0x00000000f0000000, 0x00000000f1000000|  0%| F|  |TAMS 0x00000000f0000000| PB 0x00000000f0000000| Untracked |  0
|  81|0x00000000f1000000, 0x00000000f1000000, 0x00000000f2000000|  0%| F|  |TAMS 0x00000000f1000000| PB 0x00000000f1000000| Untracked |  0
|  82|0x00000000f2000000, 0x00000000f2000000, 0x00000000f3000000|  0%| F|  |TAMS 0x00000000f2000000| PB 0x00000000f2000000| Untracked |  0
|  83|0x00000000f3000000, 0x00000000f3000000, 0x00000000f4000000|  0%| F|  |TAMS 0x00000000f3000000| PB 0x00000000f3000000| Untracked |  0
|  84|0x00000000f4000000, 0x00000000f4000000, 0x00000000f5000000|  0%| F|  |TAMS 0x00000000f4000000| PB 0x00000000f4000000| Untracked |  0
|  85|0x00000000f5000000, 0x00000000f5000000, 0x00000000f6000000|  0%| F|  |TAMS 0x00000000f5000000| PB 0x00000000f5000000| Untracked |  0
|  86|0x00000000f6000000, 0x00000000f6000000, 0x00000000f7000000|  0%| F|  |TAMS 0x00000000f6000000| PB 0x00000000f6000000| Untracked |  0
|  87|0x00000000f7000000, 0x00000000f7000000, 0x00000000f8000000|  0%| F|  |TAMS 0x00000000f7000000| PB 0x00000000f7000000| Untracked |  0
|  88|0x00000000f8000000, 0x00000000f8000000, 0x00000000f9000000|  0%| F|  |TAMS 0x00000000f8000000| PB 0x00000000f8000000| Untracked |  0
|  89|0x00000000f9000000, 0x00000000f9000000, 0x00000000fa000000|  0%| F|  |TAMS 0x00000000f9000000| PB 0x00000000f9000000| Untracked |  0
|  90|0x00000000fa000000, 0x00000000fa000000, 0x00000000fb000000|  0%| F|  |TAMS 0x00000000fa000000| PB 0x00000000fa000000| Untracked |  0
|  91|0x00000000fb000000, 0x00000000fb000000, 0x00000000fc000000|  0%| F|  |TAMS 0x00000000fb000000| PB 0x00000000fb000000| Untracked |  0
|  92|0x00000000fc000000, 0x00000000fc000000, 0x00000000fd000000|  0%| F|  |TAMS 0x00000000fc000000| PB 0x00000000fc000000| Untracked |  0
|  93|0x00000000fd000000, 0x00000000fd000000, 0x00000000fe000000|  0%| F|  |TAMS 0x00000000fd000000| PB 0x00000000fd000000| Untracked |  0
|  94|0x00000000fe000000, 0x00000000fe000000, 0x00000000ff000000|  0%| F|  |TAMS 0x00000000fe000000| PB 0x00000000fe000000| Untracked |  0
|  95|0x00000000ff000000, 0x00000000ff000000, 0x0000000100000000|  0%| F|  |TAMS 0x00000000ff000000| PB 0x00000000ff000000| Untracked |  0
|  96|0x0000000100000000, 0x0000000100000000, 0x0000000101000000|  0%| F|  |TAMS 0x0000000100000000| PB 0x0000000100000000| Untracked |  0
|  97|0x0000000101000000, 0x0000000101000000, 0x0000000102000000|  0%| F|  |TAMS 0x0000000101000000| PB 0x0000000101000000| Untracked |  0
|  98|0x0000000102000000, 0x0000000102000000, 0x0000000103000000|  0%| F|  |TAMS 0x0000000102000000| PB 0x0000000102000000| Untracked |  0
|  99|0x0000000103000000, 0x0000000103000000, 0x0000000104000000|  0%| F|  |TAMS 0x0000000103000000| PB 0x0000000103000000| Untracked |  0
| 100|0x0000000104000000, 0x0000000104000000, 0x0000000105000000|  0%| F|  |TAMS 0x0000000104000000| PB 0x0000000104000000| Untracked |  0
| 101|0x0000000105000000, 0x0000000105000000, 0x0000000106000000|  0%| F|  |TAMS 0x0000000105000000| PB 0x0000000105000000| Untracked |  0
| 102|0x0000000106000000, 0x0000000106000000, 0x0000000107000000|  0%| F|  |TAMS 0x0000000106000000| PB 0x0000000106000000| Untracked |  0
| 103|0x0000000107000000, 0x0000000107000000, 0x0000000108000000|  0%| F|  |TAMS 0x0000000107000000| PB 0x0000000107000000| Untracked |  0
| 104|0x0000000108000000, 0x0000000108000000, 0x0000000109000000|  0%| F|  |TAMS 0x0000000108000000| PB 0x0000000108000000| Untracked |  0
| 105|0x0000000109000000, 0x0000000109000000, 0x000000010a000000|  0%| F|  |TAMS 0x0000000109000000| PB 0x0000000109000000| Untracked |  0
| 106|0x000000010a000000, 0x000000010a000000, 0x000000010b000000|  0%| F|  |TAMS 0x000000010a000000| PB 0x000000010a000000| Untracked |  0
| 107|0x000000010b000000, 0x000000010b000000, 0x000000010c000000|  0%| F|  |TAMS 0x000000010b000000| PB 0x000000010b000000| Untracked |  0
| 108|0x000000010c000000, 0x000000010c000000, 0x000000010d000000|  0%| F|  |TAMS 0x000000010c000000| PB 0x000000010c000000| Untracked |  0
| 109|0x000000010d000000, 0x000000010d000000, 0x000000010e000000|  0%| F|  |TAMS 0x000000010d000000| PB 0x000000010d000000| Untracked |  0
| 110|0x000000010e000000, 0x000000010e000000, 0x000000010f000000|  0%| F|  |TAMS 0x000000010e000000| PB 0x000000010e000000| Untracked |  0
| 111|0x000000010f000000, 0x000000010f000000, 0x0000000110000000|  0%| F|  |TAMS 0x000000010f000000| PB 0x000000010f000000| Untracked |  0
| 112|0x0000000110000000, 0x0000000110000000, 0x0000000111000000|  0%| F|  |TAMS 0x0000000110000000| PB 0x0000000110000000| Untracked |  0
| 113|0x0000000111000000, 0x0000000111000000, 0x0000000112000000|  0%| F|  |TAMS 0x0000000111000000| PB 0x0000000111000000| Untracked |  0
| 114|0x0000000112000000, 0x0000000112000000, 0x0000000113000000|  0%| F|  |TAMS 0x0000000112000000| PB 0x0000000112000000| Untracked |  0
| 115|0x0000000113000000, 0x0000000113000000, 0x0000000114000000|  0%| F|  |TAMS 0x0000000113000000| PB 0x0000000113000000| Untracked |  0
| 116|0x0000000114000000, 0x0000000114000000, 0x0000000115000000|  0%| F|  |TAMS 0x0000000114000000| PB 0x0000000114000000| Untracked |  0
| 117|0x0000000115000000, 0x0000000115000000, 0x0000000116000000|  0%| F|  |TAMS 0x0000000115000000| PB 0x0000000115000000| Untracked |  0
| 118|0x0000000116000000, 0x0000000116000000, 0x0000000117000000|  0%| F|  |TAMS 0x0000000116000000| PB 0x0000000116000000| Untracked |  0
| 119|0x0000000117000000, 0x0000000117000000, 0x0000000118000000|  0%| F|  |TAMS 0x0000000117000000| PB 0x0000000117000000| Untracked |  0
| 120|0x0000000118000000, 0x0000000118000000, 0x0000000119000000|  0%| F|  |TAMS 0x0000000118000000| PB 0x0000000118000000| Untracked |  0
| 121|0x0000000119000000, 0x0000000119000000, 0x000000011a000000|  0%| F|  |TAMS 0x0000000119000000| PB 0x0000000119000000| Untracked |  0
| 122|0x000000011a000000, 0x000000011a000000, 0x000000011b000000|  0%| F|  |TAMS 0x000000011a000000| PB 0x000000011a000000| Untracked |  0
| 123|0x000000011b000000, 0x000000011b000000, 0x000000011c000000|  0%| F|  |TAMS 0x000000011b000000| PB 0x000000011b000000| Untracked |  0
| 124|0x000000011c000000, 0x000000011c000000, 0x000000011d000000|  0%| F|  |TAMS 0x000000011c000000| PB 0x000000011c000000| Untracked |  0
| 125|0x000000011d000000, 0x000000011d000000, 0x000000011e000000|  0%| F|  |TAMS 0x000000011d000000| PB 0x000000011d000000| Untracked |  0
| 126|0x000000011e000000, 0x000000011e000000, 0x000000011f000000|  0%| F|  |TAMS 0x000000011e000000| PB 0x000000011e000000| Untracked |  0
| 127|0x000000011f000000, 0x000000011f3d70c0, 0x0000000120000000| 24%| E|  |TAMS 0x000000011f000000| PB 0x000000011f000000| Complete |  0
|1887|0x00000007ff000000, 0x00000007ff11ae00, 0x0000000800000000|  6%| O|  |TAMS 0x00000007ff000000| PB 0x00000007ff000000| Untracked |  0

Card table byte_map: [0x00007f6a4481d000,0x00007f6a4831d000] _byte_map_base: 0x00007f6a4431d000

Marking Bits: (CMBitMap*) 0x00007f6a5c06d900
 Bits: [0x00007f6a2701d000, 0x00007f6a4481d000)

Polling page: 0x00007f6a63801000

Metaspace:

Usage:
  Non-class:     51.23 KB used.
      Class:      3.29 KB used.
       Both:     54.52 KB used.

Virtual space:
  Non-class space:       64.00 MB reserved,     128.00 KB ( <1%) committed,  1 nodes.
      Class space:        1.00 GB reserved,     128.00 KB ( <1%) committed,  1 nodes.
             Both:        1.06 GB reserved,     256.00 KB ( <1%) committed. 

Chunk freelists:
   Non-Class:  12.00 MB
       Class:  15.75 MB
        Both:  27.74 MB

MaxMetaspaceSize: unlimited
CompressedClassSpaceSize: 1.00 GB
Initial GC threshold: 21.00 MB
Current GC threshold: 21.00 MB
CDS: on
 - commit_granule_bytes: 65536.
 - commit_granule_words: 8192.
 - virtual_space_node_default_size: 8388608.
 - enlarge_chunks_in_place: 1.
UseCompressedClassPointers 1, UseCompactObjectHeaders 0
Narrow klass pointer bits 32, Max shift 3
Narrow klass base: 0x00007f69c2000000, Narrow klass shift: 0
Encoding Range: [0x00007f69c2000000 - 0x00007f6ac2000000), (4294967296 bytes)
Klass Range:    [0x00007f69c2001000 - 0x00007f6a03000000), (1090514944 bytes)
Klass ID Range:  [4096 - 1090519033) (1090514937)
Protection zone: [0x00007f69c2000000 - 0x00007f69c2001000), (4096 bytes)


Internal statistics:

num_allocs: 1132.
num_deallocs: 0.
num_allocs_from_deallocated_blocks: 0.
num_chunks_retired: 0.
num_allocs_failed_limit: 0.
num_arena_births: 4.
num_arena_deaths: 0.
num_vsnodes_births: 2.
num_vsnodes_deaths: 0.
num_space_committed: 4.
num_space_uncommitted: 0.
num_chunks_returned_to_freelist: 0.
num_chunks_taken_from_freelist: 4.
num_chunk_merges: 0.
num_chunk_splits: 4.
num_chunks_enlarged: 0.
num_inconsistent_stats: 0.

CodeCache: size=49152Kb used=1296Kb max_used=1310Kb free=47855Kb
 bounds [0x00007f6a5044f000, 0x00007f6a506bf000, 0x00007f6a5344f000]
 total_blobs=624, nmethods=5, adapters=571, full_count=0
Compilation: enabled, stopped_count=0, restarted_count=0

Compilation events (5 events):
Event: 47.119 Thread 0x00007f6a5c3a4b20    4    b        java.lang.Long::parallelSuffix (41 bytes)
Event: 47.122 Thread 0x00007f6a5c3a4b20 nmethod 4 0x00007f6a50591888 code [0x00007f6a50591980, 0x00007f6a50591a20]
Event: 47.372 Thread 0x00007f6a5c3a4b20    5    b        java.lang.Long::expand (325 bytes)
Event: 47.388 Thread 0x00007f6a5c3a4b20 nmethod 5 0x00007f6a50591488 code [0x00007f6a50591580, 0x00007f6a50591828]
Event: 47.530 Thread 0x00007f6a5c3a4b20    6 %  b        Test::test @ 8 (55 bytes)

GC Heap History (0 events):
No events

Dll operation events (3 events):
Event: 45.418 Loaded shared library /home/jatinbha/sandboxes/jdk/jdk/build/linux-x86_64-server-slowdebug/images/jdk/lib/libjava.so
Event: 46.866 Loaded shared library /home/jatinbha/sandboxes/jdk/jdk/build/linux-x86_64-server-slowdebug/images/jdk/lib/libsimdsort.so
Event: 47.036 Loaded shared library /home/jatinbha/sandboxes/jdk/jdk/build/linux-x86_64-server-slowdebug/images/jdk/lib/libjsvml.so

Deoptimization events (0 events):
No events

Classes loaded (6 events):
Event: 47.052 Loading class jdk/internal/vm/PostVMInitHook
Event: 47.052 Loading class jdk/internal/vm/PostVMInitHook done
Event: 47.055 Loading class jdk/internal/loader/URLClassPath$FileLoader
Event: 47.055 Loading class jdk/internal/loader/URLClassPath$FileLoader done
Event: 47.057 Loading class jdk/internal/loader/URLClassPath$FileLoader$1
Event: 47.057 Loading class jdk/internal/loader/URLClassPath$FileLoader$1 done

Classes unloaded (0 events):
No events

Classes redefined (0 events):
No events

Internal exceptions (0 events):
No events

VM Operations (0 events):
No events

Memory protections (10 events):
Event: 45.257 Protecting memory [0x00007f6a60595000,0x00007f6a60599000] with protection modes 0
Event: 46.375 Protecting memory [0x00007f69c2000000,0x00007f69c2001000] with protection modes 0
Event: 46.656 Protecting memory [0x00007f6a138ba000,0x00007f6a138be000] with protection modes 0
Event: 46.656 Protecting memory [0x00007f6a13cbe000,0x00007f6a13cc2000] with protection modes 0
Event: 46.659 Protecting memory [0x00007f6a13abc000,0x00007f6a13ac0000] with protection modes 0
Event: 46.659 Protecting memory [0x00007f6a13bbd000,0x00007f6a13bc1000] with protection modes 0
Event: 46.659 Protecting memory [0x00007f6a1306b000,0x00007f6a1306f000] with protection modes 0
Event: 46.659 Protecting memory [0x00007f6a12f6a000,0x00007f6a12f6e000] with protection modes 0
Event: 47.052 Protecting memory [0x00007f6a12cfe000,0x00007f6a12d02000] with protection modes 0
Event: 47.062 Protecting memory [0x00007f6a12bfd000,0x00007f6a12c01000] with protection modes 0

Nmethod flushes (0 events):
No events

Events (9 events):
Event: 46.394 Thread 0x00007f6a5c02bfa0 Thread added: 0x00007f6a5c02bfa0
Event: 46.656 Thread 0x00007f6a5c02bfa0 Thread added: 0x00007f6a5c39e120
Event: 46.656 Thread 0x00007f6a5c02bfa0 Thread added: 0x00007f6a5c39f020
Event: 46.659 Thread 0x00007f6a5c02bfa0 Thread added: 0x00007f6a5c3a02e0
Event: 46.659 Thread 0x00007f6a5c02bfa0 Thread added: 0x00007f6a5c3a1650
Event: 46.659 Thread 0x00007f6a5c02bfa0 Thread added: 0x00007f6a5c3a2880
Event: 46.659 Thread 0x00007f6a5c02bfa0 Thread added: 0x00007f6a5c3a4b20
Event: 47.051 Thread 0x00007f6a5c02bfa0 Thread added: 0x00007f6a5c3c8be0
Event: 47.062 Thread 0x00007f6a5c02bfa0 Thread added: 0x00007f6a5c3ce840


Dynamic libraries:
a0000000-120000000 rw-p 00000000 00:00 0 
120000000-7ff000000 ---p 00000000 00:00 0 
7ff000000-7ff11b000 rw-p 00e0a000 08:02 25995575                         /home/jatinbha/sandboxes/jdk/jdk/build/linux-x86_64-server-slowdebug/images/jdk/lib/server/classes.jsa
7ff11b000-800000000 rw-p 00000000 00:00 0 
560ed1900000-560ed1901000 r--p 00000000 08:02 25991313                   /home/jatinbha/sandboxes/jdk/jdk/build/linux-x86_64-server-slowdebug/images/jdk/bin/java
560ed1901000-560ed1902000 r-xp 00001000 08:02 25991313                   /home/jatinbha/sandboxes/jdk/jdk/build/linux-x86_64-server-slowdebug/images/jdk/bin/java
560ed1902000-560ed1903000 r--p 00002000 08:02 25991313                   /home/jatinbha/sandboxes/jdk/jdk/build/linux-x86_64-server-slowdebug/images/jdk/bin/java
560ed1903000-560ed1904000 r--p 00002000 08:02 25991313                   /home/jatinbha/sandboxes/jdk/jdk/build/linux-x86_64-server-slowdebug/images/jdk/bin/java
560ed1904000-560ed1905000 rw-p 00003000 08:02 25991313                   /home/jatinbha/sandboxes/jdk/jdk/build/linux-x86_64-server-slowdebug/images/jdk/bin/java
560ed32a9000-560ed32ef000 rw-p 00000000 00:00 0                          [heap]
7f6994000000-7f6994021000 rw-p 00000000 00:00 0 
7f6994021000-7f6998000000 ---p 00000000 00:00 0 
7f699c000000-7f699c0eb000 rw-p 00000000 00:00 0 
7f699c0eb000-7f69a0000000 ---p 00000000 00:00 0 
7f69a0000000-7f69a0021000 rw-p 00000000 00:00 0 
7f69a0021000-7f69a4000000 ---p 00000000 00:00 0 
7f69a4000000-7f69a4021000 rw-p 00000000 00:00 0 
7f69a4021000-7f69a8000000 ---p 00000000 00:00 0 
7f69a8000000-7f69a8021000 rw-p 00000000 00:00 0 
7f69a8021000-7f69ac000000 ---p 00000000 00:00 0 
7f69ac000000-7f69ac021000 rw-p 00000000 00:00 0 
7f69ac021000-7f69b0000000 ---p 00000000 00:00 0 
7f69b0000000-7f69b0010000 rw-p 00000000 00:00 0 
7f69b0010000-7f69b0400000 ---p 00000000 00:00 0 
7f69b0400000-7f69b0410000 rw-p 00000000 00:00 0 
7f69b0410000-7f69b4000000 ---p 00000000 00:00 0 
7f69b4000000-7f69b4021000 rw-p 00000000 00:00 0 
7f69b4021000-7f69b8000000 ---p 00000000 00:00 0 
7f69b8000000-7f69b8021000 rw-p 00000000 00:00 0 
7f69b8021000-7f69bc000000 ---p 00000000 00:00 0 
7f69bc000000-7f69bc021000 rw-p 00000000 00:00 0 
7f69bc021000-7f69c0000000 ---p 00000000 00:00 0 
7f69c2000000-7f69c2001000 ---p 00000000 00:00 0 
7f69c2001000-7f69c2dd5000 rw-p 00001000 08:02 25995575                   /home/jatinbha/sandboxes/jdk/jdk/build/linux-x86_64-server-slowdebug/images/jdk/lib/server/classes.jsa
7f69c2dd5000-7f69c3000000 ---p 00000000 00:00 0 
7f69c3000000-7f69c3010000 rw-p 00000000 00:00 0 
7f69c3010000-7f69c3040000 ---p 00000000 00:00 0 
7f69c3040000-7f69c3050000 rw-p 00000000 00:00 0 
7f69c3050000-7f6a03000000 ---p 00000000 00:00 0 
7f6a03831000-7f6a04000000 rw-p 00000000 00:00 0 
7f6a04000000-7f6a04021000 rw-p 00000000 00:00 0 
7f6a04021000-7f6a08000000 ---p 00000000 00:00 0 
7f6a08000000-7f6a08021000 rw-p 00000000 00:00 0 
7f6a08021000-7f6a0c000000 ---p 00000000 00:00 0 
7f6a0c000000-7f6a0c021000 rw-p 00000000 00:00 0 
7f6a0c021000-7f6a10000000 ---p 00000000 00:00 0 
7f6a10729000-7f6a12bfd000 rw-p 00000000 00:00 0 
7f6a12bfd000-7f6a12c01000 ---p 00000000 00:00 0 
7f6a12c01000-7f6a12cfe000 rw-p 00000000 00:00 0 
7f6a12cfe000-7f6a12d02000 ---p 00000000 00:00 0 
7f6a12d02000-7f6a12dff000 rw-p 00000000 00:00 0 
7f6a12dff000-7f6a12e03000 r--p 00000000 08:02 25995043                   /home/jatinbha/sandboxes/jdk/jdk/build/linux-x86_64-server-slowdebug/images/jdk/lib/libjsvml.so
7f6a12e03000-7f6a12e44000 r-xp 00004000 08:02 25995043                   /home/jatinbha/sandboxes/jdk/jdk/build/linux-x86_64-server-slowdebug/images/jdk/lib/libjsvml.so
7f6a12e44000-7f6a12ecd000 r--p 00045000 08:02 25995043                   /home/jatinbha/sandboxes/jdk/jdk/build/linux-x86_64-server-slowdebug/images/jdk/lib/libjsvml.so
7f6a12ecd000-7f6a12ece000 r--p 000cd000 08:02 25995043                   /home/jatinbha/sandboxes/jdk/jdk/build/linux-x86_64-server-slowdebug/images/jdk/lib/libjsvml.so
7f6a12ece000-7f6a12ecf000 rw-p 000ce000 08:02 25995043                   /home/jatinbha/sandboxes/jdk/jdk/build/linux-x86_64-server-slowdebug/images/jdk/lib/libjsvml.so
7f6a12ecf000-7f6a12ed2000 r--p 00000000 08:02 25991668                   /home/jatinbha/sandboxes/jdk/jdk/build/linux-x86_64-server-slowdebug/images/jdk/lib/libsimdsort.so
7f6a12ed2000-7f6a12f57000 r-xp 00003000 08:02 25991668                   /home/jatinbha/sandboxes/jdk/jdk/build/linux-x86_64-server-slowdebug/images/jdk/lib/libsimdsort.so
7f6a12f57000-7f6a12f68000 r--p 00088000 08:02 25991668                   /home/jatinbha/sandboxes/jdk/jdk/build/linux-x86_64-server-slowdebug/images/jdk/lib/libsimdsort.so
7f6a12f68000-7f6a12f69000 r--p 00098000 08:02 25991668                   /home/jatinbha/sandboxes/jdk/jdk/build/linux-x86_64-server-slowdebug/images/jdk/lib/libsimdsort.so
7f6a12f69000-7f6a12f6a000 rw-p 00099000 08:02 25991668                   /home/jatinbha/sandboxes/jdk/jdk/build/linux-x86_64-server-slowdebug/images/jdk/lib/libsimdsort.so
7f6a12f6a000-7f6a12f6e000 ---p 00000000 00:00 0 
7f6a12f6e000-7f6a1306b000 rw-p 00000000 00:00 0 
7f6a1306b000-7f6a1306f000 ---p 00000000 00:00 0 
7f6a1306f000-7f6a1316c000 rw-p 00000000 00:00 0 
7f6a1316c000-7f6a136dc000 r--p 00000000 08:02 7083103                    /usr/lib/locale/locale-archive
7f6a136dc000-7f6a137b8000 rw-p 00000000 00:00 0 
7f6a137b8000-7f6a137b9000 ---p 00000000 00:00 0 
7f6a137b9000-7f6a138b9000 rw-p 00000000 00:00 0 
7f6a138b9000-7f6a138ba000 ---p 00000000 00:00 0 
7f6a138ba000-7f6a138be000 ---p 00000000 00:00 0 
7f6a138be000-7f6a139ba000 rw-p 00000000 00:00 0 
7f6a139ba000-7f6a139bb000 ---p 00000000 00:00 0 
7f6a139bb000-7f6a13abb000 rw-p 00000000 00:00 0 
7f6a13abb000-7f6a13abc000 ---p 00000000 00:00 0 
7f6a13abc000-7f6a13ac0000 ---p 00000000 00:00 0 
7f6a13ac0000-7f6a13bbc000 rw-p 00000000 00:00 0 
7f6a13bbc000-7f6a13bbd000 ---p 00000000 00:00 0 
7f6a13bbd000-7f6a13bc1000 ---p 00000000 00:00 0 
7f6a13bc1000-7f6a13cbd000 rw-p 00000000 00:00 0 
7f6a13cbd000-7f6a13cbe000 ---p 00000000 00:00 0 
7f6a13cbe000-7f6a13cc2000 ---p 00000000 00:00 0 
7f6a13cc2000-7f6a13dbe000 rw-p 00000000 00:00 0 
7f6a13dbe000-7f6a13dbf000 ---p 00000000 00:00 0 
7f6a13dbf000-7f6a13ebf000 rw-p 00000000 00:00 0 
7f6a13ebf000-7f6a13ec0000 ---p 00000000 00:00 0 
7f6a13ec0000-7f6a18000000 rw-p 00000000 00:00 0 
7f6a18000000-7f6a18021000 rw-p 00000000 00:00 0 
7f6a18021000-7f6a1c000000 ---p 00000000 00:00 0 
7f6a1c000000-7f6a1c021000 rw-p 00000000 00:00 0 
7f6a1c021000-7f6a20000000 ---p 00000000 00:00 0 
7f6a20000000-7f6a20021000 rw-p 00000000 00:00 0 
7f6a20021000-7f6a24000000 ---p 00000000 00:00 0 
7f6a24022000-7f6a2692b000 rw-p 00000000 00:00 0 
7f6a2692b000-7f6a2692c000 ---p 00000000 00:00 0 
7f6a2692c000-7f6a26a2c000 rw-p 00000000 00:00 0 
7f6a26a2c000-7f6a26a2d000 ---p 00000000 00:00 0 
7f6a26a2d000-7f6a26b2d000 rw-p 00000000 00:00 0 
7f6a26b2d000-7f6a26b2e000 ---p 00000000 00:00 0 
7f6a26b2e000-7f6a2901d000 rw-p 00000000 00:00 0 
7f6a2901d000-7f6a447dd000 ---p 00000000 00:00 0 
7f6a447dd000-7f6a44c1d000 rw-p 00000000 00:00 0 
7f6a44c1d000-7f6a48315000 ---p 00000000 00:00 0 
7f6a48315000-7f6a4871d000 rw-p 00000000 00:00 0 
7f6a4871d000-7f6a4be15000 ---p 00000000 00:00 0 
7f6a4be15000-7f6a5044f000 rw-p 00000000 00:00 0 
7f6a5044f000-7f6a506bf000 rwxp 00000000 00:00 0 
7f6a506bf000-7f6a5344f000 ---p 00000000 00:00 0 
7f6a5344f000-7f6a5c000000 r--s 00000000 08:02 25991108                   /home/jatinbha/sandboxes/jdk/jdk/build/linux-x86_64-server-slowdebug/images/jdk/lib/modules
7f6a5c000000-7f6a5c3d2000 rw-p 00000000 00:00 0 
7f6a5c3d2000-7f6a60000000 ---p 00000000 00:00 0 
7f6a60018000-7f6a6001f000 r--s 00000000 08:02 7736849                    /usr/lib/x86_64-linux-gnu/gconv/gconv-modules.cache
7f6a6001f000-7f6a604e0000 rw-p 00000000 00:00 0 
7f6a604e0000-7f6a6053b000 ---p 00000000 00:00 0 
7f6a6053b000-7f6a60547000 r--p 00000000 08:02 25991329                   /home/jatinbha/sandboxes/jdk/jdk/build/linux-x86_64-server-slowdebug/images/jdk/lib/libjava.so
7f6a60547000-7f6a6055e000 r-xp 0000c000 08:02 25991329                   /home/jatinbha/sandboxes/jdk/jdk/build/linux-x86_64-server-slowdebug/images/jdk/lib/libjava.so
7f6a6055e000-7f6a60564000 r--p 00023000 08:02 25991329                   /home/jatinbha/sandboxes/jdk/jdk/build/linux-x86_64-server-slowdebug/images/jdk/lib/libjava.so
7f6a60564000-7f6a60565000 r--p 00028000 08:02 25991329                   /home/jatinbha/sandboxes/jdk/jdk/build/linux-x86_64-server-slowdebug/images/jdk/lib/libjava.so
7f6a60565000-7f6a60566000 rw-p 00029000 08:02 25991329                   /home/jatinbha/sandboxes/jdk/jdk/build/linux-x86_64-server-slowdebug/images/jdk/lib/libjava.so
7f6a60566000-7f6a60567000 rw-p 00000000 00:00 0 
7f6a60567000-7f6a6056f000 rw-s 00000000 08:02 3670023                    /tmp/hsperfdata_intel/39710
7f6a6056f000-7f6a60573000 r--p 00000000 08:02 25991331                   /home/jatinbha/sandboxes/jdk/jdk/build/linux-x86_64-server-slowdebug/images/jdk/lib/libjimage.so
7f6a60573000-7f6a6058a000 r-xp 00004000 08:02 25991331                   /home/jatinbha/sandboxes/jdk/jdk/build/linux-x86_64-server-slowdebug/images/jdk/lib/libjimage.so
7f6a6058a000-7f6a60592000 r--p 0001b000 08:02 25991331                   /home/jatinbha/sandboxes/jdk/jdk/build/linux-x86_64-server-slowdebug/images/jdk/lib/libjimage.so
7f6a60592000-7f6a60594000 r--p 00022000 08:02 25991331                   /home/jatinbha/sandboxes/jdk/jdk/build/linux-x86_64-server-slowdebug/images/jdk/lib/libjimage.so
7f6a60594000-7f6a60595000 rw-p 00024000 08:02 25991331                   /home/jatinbha/sandboxes/jdk/jdk/build/linux-x86_64-server-slowdebug/images/jdk/lib/libjimage.so
7f6a60595000-7f6a60599000 ---p 00000000 00:00 0 
7f6a60599000-7f6a60696000 rw-p 00000000 00:00 0 
7f6a60696000-7f6a606a3000 r--p 00000000 08:02 7090648                    /usr/lib/x86_64-linux-gnu/libm-2.31.so
7f6a606a3000-7f6a6074a000 r-xp 0000d000 08:02 7090648                    /usr/lib/x86_64-linux-gnu/libm-2.31.so
7f6a6074a000-7f6a607e3000 r--p 000b4000 08:02 7090648                    /usr/lib/x86_64-linux-gnu/libm-2.31.so
7f6a607e3000-7f6a607e4000 r--p 0014c000 08:02 7090648                    /usr/lib/x86_64-linux-gnu/libm-2.31.so
7f6a607e4000-7f6a607e5000 rw-p 0014d000 08:02 7090648                    /usr/lib/x86_64-linux-gnu/libm-2.31.so
7f6a607e5000-7f6a607e7000 r--p 00000000 08:02 7090661                    /usr/lib/x86_64-linux-gnu/librt-2.31.so
7f6a607e7000-7f6a607eb000 r-xp 00002000 08:02 7090661                    /usr/lib/x86_64-linux-gnu/librt-2.31.so
7f6a607eb000-7f6a607ed000 r--p 00006000 08:02 7090661                    /usr/lib/x86_64-linux-gnu/librt-2.31.so
7f6a607ed000-7f6a607ee000 r--p 00007000 08:02 7090661                    /usr/lib/x86_64-linux-gnu/librt-2.31.so
7f6a607ee000-7f6a607ef000 rw-p 00008000 08:02 7090661                    /usr/lib/x86_64-linux-gnu/librt-2.31.so
7f6a607ef000-7f6a60c3d000 r--p 00000000 08:02 25995007                   /home/jatinbha/sandboxes/jdk/jdk/build/linux-x86_64-server-slowdebug/images/jdk/lib/server/libjvm.so
7f6a60c3d000-7f6a622d2000 r-xp 0044e000 08:02 25995007                   /home/jatinbha/sandboxes/jdk/jdk/build/linux-x86_64-server-slowdebug/images/jdk/lib/server/libjvm.so
7f6a622d2000-7f6a63351000 r--p 01ae3000 08:02 25995007                   /home/jatinbha/sandboxes/jdk/jdk/build/linux-x86_64-server-slowdebug/images/jdk/lib/server/libjvm.so
7f6a63351000-7f6a63352000 ---p 02b62000 08:02 25995007                   /home/jatinbha/sandboxes/jdk/jdk/build/linux-x86_64-server-slowdebug/images/jdk/lib/server/libjvm.so
7f6a63352000-7f6a6346e000 r--p 02b62000 08:02 25995007                   /home/jatinbha/sandboxes/jdk/jdk/build/linux-x86_64-server-slowdebug/images/jdk/lib/server/libjvm.so
7f6a6346e000-7f6a634ed000 rw-p 02c7e000 08:02 25995007                   /home/jatinbha/sandboxes/jdk/jdk/build/linux-x86_64-server-slowdebug/images/jdk/lib/server/libjvm.so
7f6a634ed000-7f6a635b6000 rw-p 00000000 00:00 0 
7f6a635b6000-7f6a635bc000 r--p 00000000 08:02 7090659                    /usr/lib/x86_64-linux-gnu/libpthread-2.31.so
7f6a635bc000-7f6a635cd000 r-xp 00006000 08:02 7090659                    /usr/lib/x86_64-linux-gnu/libpthread-2.31.so
7f6a635cd000-7f6a635d3000 r--p 00017000 08:02 7090659                    /usr/lib/x86_64-linux-gnu/libpthread-2.31.so
7f6a635d3000-7f6a635d4000 r--p 0001c000 08:02 7090659                    /usr/lib/x86_64-linux-gnu/libpthread-2.31.so
7f6a635d4000-7f6a635d5000 rw-p 0001d000 08:02 7090659                    /usr/lib/x86_64-linux-gnu/libpthread-2.31.so
7f6a635d5000-7f6a635d9000 rw-p 00000000 00:00 0 
7f6a635d9000-7f6a635da000 r--p 00000000 08:02 7090647                    /usr/lib/x86_64-linux-gnu/libdl-2.31.so
7f6a635da000-7f6a635dc000 r-xp 00001000 08:02 7090647                    /usr/lib/x86_64-linux-gnu/libdl-2.31.so
7f6a635dc000-7f6a635dd000 r--p 00003000 08:02 7090647                    /usr/lib/x86_64-linux-gnu/libdl-2.31.so
7f6a635dd000-7f6a635de000 r--p 00003000 08:02 7090647                    /usr/lib/x86_64-linux-gnu/libdl-2.31.so
7f6a635de000-7f6a635df000 rw-p 00004000 08:02 7090647                    /usr/lib/x86_64-linux-gnu/libdl-2.31.so
7f6a635df000-7f6a635e1000 r--p 00000000 08:02 7086479                    /usr/lib/x86_64-linux-gnu/libz.so.1.2.11
7f6a635e1000-7f6a635f2000 r-xp 00002000 08:02 7086479                    /usr/lib/x86_64-linux-gnu/libz.so.1.2.11
7f6a635f2000-7f6a635f8000 r--p 00013000 08:02 7086479                    /usr/lib/x86_64-linux-gnu/libz.so.1.2.11
7f6a635f8000-7f6a635f9000 ---p 00019000 08:02 7086479                    /usr/lib/x86_64-linux-gnu/libz.so.1.2.11
7f6a635f9000-7f6a635fa000 r--p 00019000 08:02 7086479                    /usr/lib/x86_64-linux-gnu/libz.so.1.2.11
7f6a635fa000-7f6a635fb000 rw-p 0001a000 08:02 7086479                    /usr/lib/x86_64-linux-gnu/libz.so.1.2.11
7f6a635fb000-7f6a6361d000 r--p 00000000 08:02 7089535                    /usr/lib/x86_64-linux-gnu/libc-2.31.so
7f6a6361d000-7f6a63795000 r-xp 00022000 08:02 7089535                    /usr/lib/x86_64-linux-gnu/libc-2.31.so
7f6a63795000-7f6a637e3000 r--p 0019a000 08:02 7089535                    /usr/lib/x86_64-linux-gnu/libc-2.31.so
7f6a637e3000-7f6a637e7000 r--p 001e7000 08:02 7089535                    /usr/lib/x86_64-linux-gnu/libc-2.31.so
7f6a637e7000-7f6a637e9000 rw-p 001eb000 08:02 7089535                    /usr/lib/x86_64-linux-gnu/libc-2.31.so
7f6a637e9000-7f6a637ed000 rw-p 00000000 00:00 0 
7f6a637ed000-7f6a637f0000 r--p 00000000 08:02 7090654                    /usr/lib/x86_64-linux-gnu/libnss_files-2.31.so
7f6a637f0000-7f6a637f7000 r-xp 00003000 08:02 7090654                    /usr/lib/x86_64-linux-gnu/libnss_files-2.31.so
7f6a637f7000-7f6a637f9000 r--p 0000a000 08:02 7090654                    /usr/lib/x86_64-linux-gnu/libnss_files-2.31.so
7f6a637f9000-7f6a637fa000 r--p 0000b000 08:02 7090654                    /usr/lib/x86_64-linux-gnu/libnss_files-2.31.so
7f6a637fa000-7f6a637fb000 rw-p 0000c000 08:02 7090654                    /usr/lib/x86_64-linux-gnu/libnss_files-2.31.so
7f6a637fb000-7f6a63801000 rw-p 00000000 00:00 0 
7f6a63801000-7f6a63802000 ---p 00000000 00:00 0 
7f6a63802000-7f6a63803000 r--p 00000000 00:00 0 
7f6a63803000-7f6a63806000 r--p 00000000 08:02 25991368                   /home/jatinbha/sandboxes/jdk/jdk/build/linux-x86_64-server-slowdebug/images/jdk/lib/libjli.so
7f6a63806000-7f6a63814000 r-xp 00003000 08:02 25991368                   /home/jatinbha/sandboxes/jdk/jdk/build/linux-x86_64-server-slowdebug/images/jdk/lib/libjli.so
7f6a63814000-7f6a63818000 r--p 00011000 08:02 25991368                   /home/jatinbha/sandboxes/jdk/jdk/build/linux-x86_64-server-slowdebug/images/jdk/lib/libjli.so
7f6a63818000-7f6a63819000 r--p 00014000 08:02 25991368                   /home/jatinbha/sandboxes/jdk/jdk/build/linux-x86_64-server-slowdebug/images/jdk/lib/libjli.so
7f6a63819000-7f6a6381a000 rw-p 00015000 08:02 25991368                   /home/jatinbha/sandboxes/jdk/jdk/build/linux-x86_64-server-slowdebug/images/jdk/lib/libjli.so
7f6a6381a000-7f6a6381c000 rw-p 00000000 00:00 0 
7f6a6381c000-7f6a6381d000 r--p 00000000 08:02 7089531                    /usr/lib/x86_64-linux-gnu/ld-2.31.so
7f6a6381d000-7f6a63840000 r-xp 00001000 08:02 7089531                    /usr/lib/x86_64-linux-gnu/ld-2.31.so
7f6a63840000-7f6a63848000 r--p 00024000 08:02 7089531                    /usr/lib/x86_64-linux-gnu/ld-2.31.so
7f6a63848000-7f6a63849000 rwxp 00000000 00:00 0 
7f6a63849000-7f6a6384a000 r--p 0002c000 08:02 7089531                    /usr/lib/x86_64-linux-gnu/ld-2.31.so
7f6a6384a000-7f6a6384b000 rw-p 0002d000 08:02 7089531                    /usr/lib/x86_64-linux-gnu/ld-2.31.so
7f6a6384b000-7f6a6384c000 rw-p 00000000 00:00 0 
7fffbd0f0000-7fffbd111000 rw-p 00000000 00:00 0                          [stack]
7fffbd1ee000-7fffbd1f2000 r--p 00000000 00:00 0                          [vvar]
7fffbd1f2000-7fffbd1f4000 r-xp 00000000 00:00 0                          [vdso]
ffffffffff600000-ffffffffff601000 --xp 00000000 00:00 0                  [vsyscall]
Total number of mappings: 193

JVMTI agents: none


VM Arguments:
jvm_args: -XX:+PauseAtStartup -Xbatch -XX:-TieredCompilation 
java_command: Test
java_class_path (initial): .
Launcher Type: SUN_STANDARD

[Global flags]
     bool AOTInvokeDynamicLinking                  = false                                  {diagnostic} {ergonomic}     AOT-link JVM_CONSTANT_InvokeDynamic entries in cached ConstantPools
     bool BackgroundCompilation                    = false                                  {pd product} {command line}  A thread requesting compilation is not blocked during compilation
     intx CICompilerCount                          = 18                                        {product} {ergonomic}     Number of compiler threads to run
     uint ConcGCThreads                            = 18                                        {product} {ergonomic}     Number of threads concurrent gc will use
     uint G1ConcRefinementThreads                  = 73                                        {product} {ergonomic}     The number of parallel remembered set update threads. Will be set ergonomically by default.
   size_t G1HeapRegionSize                         = 16777216                                  {product} {ergonomic}     Size of the G1 regions.
   size_t InitialHeapSize                          = 2147483648                                {product} {ergonomic}     Initial heap size (in bytes); zero means use ergonomics
   size_t MarkStackSize                            = 4194304                                   {product} {ergonomic}     Size of marking stack in bytes.
   size_t MarkStackSizeMax                         = 536870912                                 {product} {ergonomic}     Maximum size of marking stack in bytes.
   size_t MaxHeapSize                              = 31675383808                               {product} {ergonomic}     Maximum heap size (in bytes)
   size_t MaxNewSize                               = 18991808512                               {product} {ergonomic}     Maximum new generation size (in bytes), max_uintx means set ergonomically
   size_t MinHeapDeltaBytes                        = 16777216                                  {product} {ergonomic}     The minimum change in heap space due to GC (in bytes)
   size_t MinHeapSize                              = 16777216                                  {product} {ergonomic}     Minimum heap size (in bytes); zero means use ergonomics
    uintx NonNMethodCodeHeapSize                   = 4096                                   {pd product} {ergonomic}     Size of code heap with non-nmethods (in bytes)
    uintx NonProfiledCodeHeapSize                  = 0                                      {pd product} {ergonomic}     Size of code heap with non-profiled methods (in bytes)
     bool PauseAtStartup                           = true                                   {diagnostic} {command line}  Causes the VM to pause at startup time and wait for the pause file to be removed (default: ./vm.paused.<pid>)
    uintx ProfiledCodeHeapSize                     = 0                                      {pd product} {ergonomic}     Size of code heap with profiled methods (in bytes)
   size_t SoftMaxHeapSize                          = 31675383808                            {manageable} {ergonomic}     Soft limit for maximum heap size (in bytes)
     bool THPStackMitigation                       = false                                  {diagnostic} {ergonomic}     If THPs are unconditionally enabled on the system (mode "always"), the JVM will prevent THP from forming in thread stacks. When disabled, the absence of this mitigationallows THPs to form in thread stacks.
     bool TieredCompilation                        = false                                  {pd product} {command line}  Enable tiered compilation
     bool UseCompressedOops                        = true                           {product lp64_product} {ergonomic}   Use 32-bit object references in 64-bit VM. lp64_product means flag is always constant in 32 bit VM
     bool UseG1GC                                  = true                                      {product} {ergonomic}     Use the Garbage-First garbage collector

Logging:
Log output configuration:
 #0: stdout all=warning uptime,level,tags foldmultilines=false
 #1: stderr all=off uptime,level,tags foldmultilines=false

Release file:
IMPLEMENTOR="N/A"
JAVA_RUNTIME_VERSION="25-internal-adhoc.root.jdk"
JAVA_VERSION="25"
JAVA_VERSION_DATE="2025-09-16"
LIBC="gnu"
MODULES="java.base java.compiler java.datatransfer java.xml java.prefs java.desktop java.instrument java.logging java.management java.security.sasl java.naming java.rmi java.management.rmi java.net.http java.scripting java.security.jgss java.transaction.xa java.sql java.sql.rowset java.xml.crypto java.se java.smartcardio jdk.accessibility jdk.internal.jvmstat jdk.attach jdk.charsets jdk.internal.opt jdk.zipfs jdk.compiler jdk.crypto.cryptoki jdk.crypto.ec jdk.dynalink jdk.internal.ed jdk.editpad jdk.internal.vm.ci jdk.graal.compiler jdk.graal.compiler.management jdk.hotspot.agent jdk.httpserver jdk.incubator.vector jdk.internal.le jdk.internal.md jdk.jartool jdk.javadoc jdk.jcmd jdk.management jdk.management.agent jdk.jconsole jdk.jdeps jdk.jdwp.agent jdk.jdi jdk.jfr jdk.jlink jdk.jpackage jdk.jshell jdk.jsobject jdk.jstatd jdk.localedata jdk.management.jfr jdk.naming.dns jdk.naming.rmi jdk.net jdk.nio.mapmode jdk.sctp jdk.security.auth jdk.security.jgss jdk.unsupported jdk.unsupported.desktop jdk.xml.dom"
OS_ARCH="x86_64"
OS_NAME="Linux"
SOURCE=".:git:4065fb9c89ae"

Environment Variables:
JAVA_HOME=/home/jatinbha/sandboxes/jdk/jdk/build/linux-x86_64-server-slowdebug/images/jdk/
PATH=/home/jatinbha/sandboxes/jdk/jdk/build/linux-x86_64-server-slowdebug/images/jdk//bin:/home/jatinbha/.local/bin:/home/jatinbha/bin:/home/jatinbha/sandboxes/mx:/home/jatinbha/softwares/jextract-22:/home/jatinbha/softwares/cmake-3.28.3-linux-x86_64/bin:/home/jatinbha/softwares/cmake-3.26.3-linux-x86_64/bin:/home/jatinbha/softwares/jdk-17.0.2//bin:/home/jatinbha/softwares/thrift-0.16.0/bin:/home/jatinbha/softwares/jdk8u322-b06//bin:/home/jatinbha/softwares/jdk-17//bin:/home/jatinbha/softwares/apache-maven-3.6.3/bin:/home/jatinbha/sandboxes/skara/build/bin:/usr/local/sbin:/usr/local/bin:/usr/sbin:/usr/bin:/sbin:/bin:/usr/games:/usr/local/games:/snap/bin
LD_LIBRARY_PATH=/home/jatinbha/softwares:
SHELL=/bin/bash
LANG=en_IN
TERM=xterm-256color

Active Locale:
LC_ALL=en_IN
LC_COLLATE=en_IN
LC_CTYPE=en_IN
LC_MESSAGES=en_IN
LC_MONETARY=en_IN
LC_NUMERIC=en_IN
LC_TIME=en_IN

Signal Handlers:
   SIGSEGV: crash_handler in libjvm.so, mask=11100100010111111101111111111110, flags=SA_RESTART|SA_SIGINFO, unblocked
    SIGBUS: crash_handler in libjvm.so, mask=11100100010111111101111111111110, flags=SA_RESTART|SA_SIGINFO, unblocked
    SIGFPE: crash_handler in libjvm.so, mask=11100100010111111101111111111110, flags=SA_RESTART|SA_SIGINFO, unblocked
   SIGPIPE: javaSignalHandler in libjvm.so, mask=11100100010111111101111111111110, flags=SA_RESTART|SA_SIGINFO, unblocked
   SIGXFSZ: javaSignalHandler in libjvm.so, mask=11100100010111111101111111111110, flags=SA_RESTART|SA_SIGINFO, unblocked
    SIGILL: crash_handler in libjvm.so, mask=11100100010111111101111111111110, flags=SA_RESTART|SA_SIGINFO, unblocked
   SIGUSR2: SR_handler in libjvm.so, mask=00000000000000000000000000000000, flags=SA_RESTART|SA_SIGINFO, unblocked
    SIGHUP: UserHandler in libjvm.so, mask=11100100010111111101111111111110, flags=SA_RESTART|SA_SIGINFO, unblocked
    SIGINT: UserHandler in libjvm.so, mask=11100100010111111101111111111110, flags=SA_RESTART|SA_SIGINFO, unblocked
   SIGTERM: UserHandler in libjvm.so, mask=11100100010111111101111111111110, flags=SA_RESTART|SA_SIGINFO, unblocked
   SIGQUIT: UserHandler in libjvm.so, mask=11100100010111111101111111111110, flags=SA_RESTART|SA_SIGINFO, blocked
   SIGTRAP: crash_handler in libjvm.so, mask=11100100010111111101111111111110, flags=SA_RESTART|SA_SIGINFO, unblocked


Native Memory Tracking:

(Omitting categories weighting less than 1KB)

Total: reserved=32972298KB, committed=2411202KB
       malloc: 201870KB #21410, peak=201622KB #21412
       mmap:   reserved=32770428KB, committed=2209332KB

-                 Java Heap (reserved=30932992KB, committed=2113536KB)
                            (mmap: reserved=30932992KB, committed=2113536KB, at peak)

-                     Class (reserved=1048636KB, committed=188KB)
                            (classes #500)
                            (  instance classes #407, array classes #93)
                            (malloc=60KB #521) (peak=60KB #522)
                            (mmap: reserved=1048576KB, committed=128KB, at peak)
                            (  Metadata:   )
                            (    reserved=65536KB, committed=128KB)
                            (    used=51KB)
                            (    waste=77KB =59.98%)
                            (  Class space:)
                            (    reserved=1048576KB, committed=128KB)
                            (    used=3KB)
                            (    waste=125KB =97.43%)

-                    Thread (reserved=16455KB, committed=791KB)
                            (threads #16)
                            (stack: reserved=16404KB, committed=740KB, peak=740KB)
                            (malloc=33KB #99) (peak=42KB #103)
                            (arena=18KB #30) (peak=79KB #26)

-                      Code (reserved=49868KB, committed=2848KB)
                            (malloc=331KB #10360) (peak=331KB #10367)
                            (mmap: reserved=49536KB, committed=2516KB, at peak)
                            (arena=1KB #1) (peak=34KB #2)

-                        GC (reserved=793997KB, committed=231117KB)
                            (malloc=153041KB #1160) (at peak)
                            (mmap: reserved=640956KB, committed=78076KB, at peak)

-                  Compiler (reserved=656KB, committed=656KB)
                            (malloc=73KB #36) (at peak)
                            (arena=583KB #9) (peak=781KB #12)

-                  Internal (reserved=46129KB, committed=46129KB)
                            (malloc=46093KB #7573) (peak=46093KB #7574)
                            (mmap: reserved=36KB, committed=36KB, at peak)

-                    Symbol (reserved=1130KB, committed=1130KB)
                            (malloc=770KB #34) (at peak)
                            (arena=360KB #1) (at peak)

-    Native Memory Tracking (reserved=382KB, committed=382KB)
                            (malloc=6KB #59) (peak=6KB #60)
                            (arena=0KB #0) (peak=128KB #1)
                            (tracking overhead=376KB)

-        Shared class space (reserved=16384KB, committed=14164KB, readonly=0KB)
                            (mmap: reserved=16384KB, committed=14164KB, peak=14376KB)

-               Arena Chunk (reserved=1KB, committed=1KB)
                            (malloc=1KB #58) (peak=1161KB #66)

-                    Module (reserved=67KB, committed=67KB)
                            (malloc=67KB #1263) (at peak)

-                 Safepoint (reserved=8KB, committed=8KB)
                            (mmap: reserved=8KB, committed=8KB, at peak)

-           Synchronization (reserved=27KB, committed=27KB)
                            (malloc=27KB #198) (at peak)

-            Serviceability (reserved=17KB, committed=17KB)
                            (malloc=17KB #10) (peak=17KB #14)

-                 Metaspace (reserved=65548KB, committed=140KB)
                            (malloc=12KB #8) (at peak)
                            (mmap: reserved=65536KB, committed=128KB, at peak)

-      String Deduplication (reserved=1KB, committed=1KB)
                            (malloc=1KB #8) (at peak)

Preinit state:entries: 382 (primary: 382, empties: 7809), sum bytes: 14360, longest chain length: 1
pre-init mallocs: 439, pre-init reallocs: 2, pre-init frees: 57
MallocLimit: unset

Compiler Memory Statistic, 10 most expensive compilations:
ctyp  total     ra        node      comp      type      states    reglive   regsplit  superword cienv     ha        other     #nodes  result  limit     time    id    thread             method
c2    534056    98184     164624    99168     33712     10200     127184    984       0         0         0         0         313     ok      1073741824 47.388 5     0x00007f6a5c3a4b20 java/lang/Long::expand((JJ)J) 
c2    244216    65456     66440     33712     33712     10200     33712     984       0         0         0         0         44      ok      1073741824 47.122 4     0x00007f6a5c3a4b20 java/lang/Long::parallelSuffix((J)J) 
Total: 2 (C1: 0, C2: 2)

Periodic native trim disabled

---------------  S Y S T E M  ---------------

OS:
DISTRIB_ID=Ubuntu
DISTRIB_RELEASE=20.04
DISTRIB_CODENAME=focal
DISTRIB_DESCRIPTION="Ubuntu 20.04.2 LTS"
uname: Linux intel-S2600WFT 5.8.0-41-generic #46~20.04.1-Ubuntu SMP Mon Jan 18 17:52:23 UTC 2021 x86_64
OS uptime: 160 days 7:49 hours
libc: glibc 2.31 NPTL 2.31 
rlimit (soft/hard): STACK 8192k/infinity , CORE 0k/infinity , NPROC 3090646/3090646 , NOFILE 1048576/1048576 , AS infinity/infinity , CPU infinity/infinity , DATA infinity/infinity , FSIZE infinity/infinity , MEMLOCK 65536k/65536k
load average: 0.61 0.33 0.73

/proc/meminfo:
MemTotal:       791263980 kB
MemFree:        639408196 kB
MemAvailable:   782023528 kB
Buffers:         2596300 kB
Cached:         133225412 kB
SwapCached:        23712 kB
Active:         64498000 kB
Inactive:       72273172 kB
Active(anon):     709152 kB
Inactive(anon):   243164 kB
Active(file):   63788848 kB
Inactive(file): 72030008 kB
Unevictable:           0 kB
Mlocked:               0 kB
SwapTotal:       2097148 kB
SwapFree:        1935928 kB
Dirty:              1312 kB
Writeback:             0 kB
AnonPages:        931692 kB
Mapped:           250092 kB
Shmem:              5580 kB
KReclaimable:   11850656 kB
Slab:           13651320 kB
SReclaimable:   11850656 kB
SUnreclaim:      1800664 kB
KernelStack:       30080 kB
PageTables:        16556 kB
NFS_Unstable:          0 kB
Bounce:                0 kB
WritebackTmp:          0 kB
CommitLimit:    397729136 kB
Committed_AS:   10467976 kB
VmallocTotal:   34359738367 kB
VmallocUsed:      481000 kB
VmallocChunk:          0 kB
Percpu:           354368 kB
HardwareCorrupted:     0 kB
AnonHugePages:         0 kB
ShmemHugePages:        0 kB
ShmemPmdMapped:        0 kB
FileHugePages:         0 kB
FilePmdMapped:         0 kB
HugePages_Total:       0
HugePages_Free:        0
HugePages_Rsvd:        0
HugePages_Surp:        0
Hugepagesize:       2048 kB
Hugetlb:               0 kB
DirectMap4k:     5789084 kB
DirectMap2M:    360900608 kB
DirectMap1G:    439353344 kB

/sys/kernel/mm/transparent_hugepage/enabled: always [madvise] never
/sys/kernel/mm/transparent_hugepage/hpage_pmd_size: 2097152
/sys/kernel/mm/transparent_hugepage/shmem_enabled: always within_size advise [never] deny force
/sys/kernel/mm/transparent_hugepage/defrag (defrag/compaction efforts parameter): always defer defer+madvise [madvise] never

Process Memory:
Virtual Size: 34219176K (peak: 34238976K)
Resident Set Size: 268332K (peak: 268332K) (anon: 228080K, file: 40252K, shmem: 0K)
Swapped out: 0K
C-Heap outstanding allocations: 203157K, retained: 2182K (may have wrapped)
glibc malloc tunables: (default)

/proc/sys/kernel/threads-max (system-wide limit on the number of threads): 6181293
/proc/sys/vm/max_map_count (maximum number of memory map areas a process may have): 65530
/proc/sys/vm/swappiness (control to define how aggressively the kernel swaps out anonymous memory): 60
/proc/sys/kernel/pid_max (system-wide limit on number of process identifiers): 4194304

container information not found.
Steal ticks since vm start: 0
Steal ticks percentage since vm start:  0.000

CPU: total 112 (initial active 112) (28 cores per cpu, 2 threads per core) family 6 model 85 stepping 7 microcode 0x5003006, cx8, cmov, fxsr, ht, mmx, 3dnowpref, sse, sse2, sse3, ssse3, sse4.1, sse4.2, popcnt, lzcnt, tsc, tscinvbit, avx, avx2, aes, erms, clmul, bmi1, bmi2, adx, avx512f, avx512dq, avx512cd, avx512bw, avx512vl, fma, vzeroupper, avx512_vnni, clflush, clflushopt, clwb, rdtscp, f16c, pku, ospke
CPU Model and flags from /proc/cpuinfo:
model name	: Intel(R) Xeon(R) Platinum 8280 CPU @ 2.70GHz
flags		: fpu vme de pse tsc msr pae mce cx8 apic sep mtrr pge mca cmov pat pse36 clflush dts acpi mmx fxsr sse sse2 ss ht tm pbe syscall nx pdpe1gb rdtscp lm constant_tsc art arch_perfmon pebs bts rep_good nopl xtopology nonstop_tsc cpuid aperfmperf pni pclmulqdq dtes64 monitor ds_cpl smx est tm2 ssse3 sdbg fma cx16 xtpr pdcm pcid dca sse4_1 sse4_2 x2apic movbe popcnt tsc_deadline_timer aes xsave avx f16c rdrand lahf_lm abm 3dnowprefetch cpuid_fault epb cat_l3 cdp_l3 invpcid_single ssbd mba ibrs ibpb stibp ibrs_enhanced fsgsbase tsc_adjust bmi1 avx2 smep bmi2 erms invpcid cqm mpx rdt_a avx512f avx512dq rdseed adx smap clflushopt clwb intel_pt avx512cd avx512bw avx512vl xsaveopt xsavec xgetbv1 xsaves cqm_llc cqm_occup_llc cqm_mbm_total cqm_mbm_local dtherm ida arat pln pts hwp hwp_act_window hwp_epp hwp_pkg_req pku ospke avx512_vnni md_clear flush_l1d arch_capabilities

Online cpus: 0-111
Offline cpus: 
cache level: 1
cache type: Data
cache size: 32K
cache coherency line size: 64
cache level: 1
cache type: Instruction
cache size: 32K
cache coherency line size: 64
cache level: 2
cache type: Unified
cache size: 1024K
cache coherency line size: 64
cache level: 3
cache type: Unified
cache size: 39424K
cache coherency line size: 64
BIOS frequency limitation: <Not Available>
Frequency switch latency (ns): 0
Available cpu frequencies: <Not Available>
Maximum cpu frequency: 4000000
Minimum cpu frequency: 1000000
Current cpu frequency: 999886
Available governors: performance powersave
Current governor: powersave
Core performance/turbo boost: <Not Available>

Memory: 4k page, physical 791263980k(782023528k free), swap 2097148k(1935928k free)
Page Sizes: 4k

vm_info: OpenJDK 64-Bit Server VM (slowdebug 25-internal-adhoc.root.jdk) for linux-amd64 JRE (25-internal-adhoc.root.jdk), built on 2025-05-26T09:00:07Z with gcc 10.5.0

END.
