#
# A fatal error has been detected by the Java Runtime Environment:
#
#  Internal Error (/home/jatinbha/sandboxes/lworld/src/hotspot/share/oops/accessBackend.cpp:183), pid=2789013, tid=2789042
#  assert(state == _thread_in_vm || state == _thread_in_Java || state == _thread_new) failed: Wrong thread state for accesses: 4
#
# JRE version: OpenJDK Runtime Environment (25.0) (slowdebug build 25-internal-adhoc.root.lworld)
# Java VM: OpenJDK 64-Bit Server VM (slowdebug 25-internal-adhoc.root.lworld, mixed mode, sharing, tiered, compressed oops, compressed class ptrs, g1 gc, linux-amd64)
# Problematic frame:
# V  [libjvm.so+0x6cbbc0]  AccessInternal::check_access_thread_state()+0xb4
#
# Core dump will be written. Default location: Core dumps may be processed with "/usr/share/apport/apport -p%p -s%s -c%c -d%d -P%P -u%u -g%g -F%F -- %E" (or dumping to /home/jatinbha/code/java/valhalla/401_prep/core.2789013)
#
# If you would like to submit a bug report, please visit:
#   https://bugreport.java.com/bugreport/crash.jsp
#

---------------  S U M M A R Y ------------

Command Line: -XX:+PauseAtStartup --enable-preview -XX:CompileOnly=large_atomics::micro --add-exports=java.base/jdk.internal.vm.annotation=ALL-UNNAMED large_atomics

Host: intel-S2600WFT, Intel(R) Xeon(R) Platinum 8280 CPU @ 2.70GHz, 112 cores, 754G, Ubuntu 20.04.2 LTS
Time: Mon Jun 16 14:47:48 2025 IST elapsed time: 572.985902 seconds (0d 0h 9m 32s)

---------------  T H R E A D  ---------------

Current thread (0x00007fb44437e490):  JavaThread "C2 CompilerThread0" daemon [_thread_in_native, id=2789042, stack(0x00007fb3f1801000,0x00007fb3f1902000) (1028K)]


Current CompileTask:
C2:572985   29       4       large_atomics::micro (6 bytes)

Stack: [0x00007fb3f1801000,0x00007fb3f1902000],  sp=0x00007fb3f18fd060,  free space=1008k
Native frames: (J=compiled Java code, j=interpreted, Vv=VM code, C=native code)
V  [libjvm.so+0x6cbbc0]  AccessInternal::check_access_thread_state()+0xb4  (accessBackend.cpp:183)
V  [libjvm.so+0xa9bc10]  AccessInternal::RuntimeDispatch<593988ul, oopDesc*, (AccessInternal::BarrierType)2>::load(void*)+0x15  (accessBackend.hpp:450)
V  [libjvm.so+0xa9bb20]  EnableIf<!HasDecorator<593988ul, 2048ul>::value, oopDesc*>::type AccessInternal::PreRuntimeDispatch::load<593988ul, oopDesc*>(void*)+0x3b  (accessBackend.hpp:719)
V  [libjvm.so+0xa9ba27]  oopDesc* AccessInternal::load_reduce_types<593988ul, oopDesc*>(oopDesc**)+0x1c  (accessBackend.hpp:1036)
V  [libjvm.so+0xa9b8cd]  oopDesc* AccessInternal::load<593924ul, oopDesc*, oopDesc*>(oopDesc**)+0x29  (accessBackend.hpp:1137)
V  [libjvm.so+0xa9b46b]  AccessInternal::OopLoadProxy<oopDesc*, 593920ul>::operator oopDesc*()+0x1f  (accessBackend.hpp:1246)
V  [libjvm.so+0xd1fe60]  WeakHandle::peek() const+0x8c  (weakHandle.inline.hpp:39)
V  [libjvm.so+0xd1da25]  ClassLoaderData::holder_no_keepalive() const+0x2f  (classLoaderData.cpp:685)
V  [libjvm.so+0x9a4ab8]  ClassLoaderData::class_loader() const+0x94  (classLoaderData.inline.hpp:61)
V  [libjvm.so+0xd1e834]  ClassLoaderData::print_value_on(outputStream*) const+0x36  (classLoaderData.cpp:980)
V  [libjvm.so+0x1247650]  void print_on_maybe_null<ClassLoaderData>(outputStream*, char const*, ClassLoaderData const*)+0x45  (metadata.hpp:82)
V  [libjvm.so+0x1243bba]  InstanceKlass::print_on(outputStream*) const+0x986  (instanceKlass.cpp:4036)
V  [libjvm.so+0x17247f2]  Metadata::print() const+0x34  (metadata.cpp:42)
C  0x00007fb3f18fd32f
Registers:
RAX=0x00007fb44e958000, RBX=0x00007fb444000b60, RCX=0x00007fb44e68af20, RDX=0x00007fb44437e92c
RSP=0x00007fb3f18fd060, RBP=0x00007fb3f18fd080, RSI=0x00007fb44437e92c, RDI=0x0000000000000004
R8 =0x0000000000000000, R9 =0x01007fb3f18fd160, R10=0x00007fb44ca7ffd4, R11=0x0000000000000000
R12=0x00000000000000b5, R13=0x00007fb37c020178, R14=0x00007fb44b0fb6c0, R15=0x00007fb3f1900fc0
RIP=0x00007fb44b923bc0, EFLAGS=0x0000000000010202, CSGSFS=0x002b000000000033, ERR=0x0000000000000006
  TRAPNO=0x000000000000000e

XMM[0]=0x0000000000000000 0x0000000000000000
XMM[1]=0x0000000000000000 0x00ff000000000000
XMM[2]=0x00ff000000000000 0x0000000000000000
XMM[3]=0x00007fb37c04e940 0x00007fb37c04df90
XMM[4]=0x00007fb37c04e940 0x00007fb37c04df90
XMM[5]=0x00007fb37c04c700 0x00007fb37c04c508
XMM[6]=0x00007fb37c04b900 0x00007fb37c04ae08
XMM[7]=0x00007fb37c049f60 0x00007fb37c027cc8
XMM[8]=0x6f00786c36313025 0x78303d6568636163
XMM[9]=0x0000000000000000 0x0000000000000000
XMM[10]=0x0000000000000000 0x0000000000000000
XMM[11]=0x0000000000000000 0x0000000000000000
XMM[12]=0x0000000000000000 0x0000000000000000
XMM[13]=0x0000000000000000 0x0000000000000000
XMM[14]=0x0000000000000000 0x0000000000000000
XMM[15]=0x0000000000000000 0x0000000000000000
  MXCSR=0x00001fa2


Register to memory mapping:

RAX=0x00007fb44e958000 in mmap'd memory region [0x00007fb44e958000 - 0x00007fb44e959000], tag mtInternal
RBX=0x00007fb444000b60 points into unknown readable memory: 0x00007fb44e3a56f8 | f8 56 3a 4e b4 7f 00 00
RCX=0x00007fb44e68af20: <offset 0x0000000003432f20> in /home/jatinbha/sandboxes/lworld/build/linux-x86_64-server-slowdebug/images/jdk/lib/server/libjvm.so at 0x00007fb44b258000
RDX=0x00007fb44437e92c into live malloced block starting at 0x00007fb44437e490, size 2216, tag mtThread
RSP=0x00007fb3f18fd060 is pointing into the stack for thread: 0x00007fb44437e490
RBP=0x00007fb3f18fd080 is pointing into the stack for thread: 0x00007fb44437e490
RSI=0x00007fb44437e92c into live malloced block starting at 0x00007fb44437e490, size 2216, tag mtThread
RDI=0x0000000000000004 is an unknown value
R8 =0x0 is null
R9 =0x01007fb3f18fd160 is an unknown value
R10=0x00007fb44ca7ffd4: <offset 0x0000000001827fd4> in /home/jatinbha/sandboxes/lworld/build/linux-x86_64-server-slowdebug/images/jdk/lib/server/libjvm.so at 0x00007fb44b258000
R11=0x0 is null
R12=0x00000000000000b5 is an unknown value
R13=0x00007fb37c020178 points into unknown readable memory: 0x00007fb44e3aafb8 | b8 af 3a 4e b4 7f 00 00
R14=0x00007fb44b0fb6c0 is pointing into the stack for thread: 0x00007fb44402c4e0
R15=0x00007fb3f1900fc0 is pointing into the stack for thread: 0x00007fb44437e490

Top of Stack: (sp=0x00007fb3f18fd060)
0x00007fb3f18fd060:   0000000000000000 000000044e68af20   ........ .hN....
0x00007fb3f18fd070:   00007fb44437e490 00007fb44437e490   ..7D......7D....
0x00007fb3f18fd080:   00007fb3f18fd0a0 00007fb44bcf3c10   .........<.K....
0x00007fb3f18fd090:   0000000000000000 00007fb4443c0b28   ........(.<D....
0x00007fb3f18fd0a0:   00007fb3f18fd0d0 00007fb44bcf3b20   ........ ;.K....
0x00007fb3f18fd0b0:   0000000000000000 00007fb4443c0b28   ........(.<D....
0x00007fb3f18fd0c0:   01007fb3f18fd100 00007fb44e68af28   ........(.hN....
0x00007fb3f18fd0d0:   00007fb3f18fd0f0 00007fb44bcf3a27   ........':.K....
0x00007fb3f18fd0e0:   0000000000000000 00007fb4443c0b28   ........(.<D....
0x00007fb3f18fd0f0:   00007fb3f18fd120 00007fb44bcf38cd    ........8.K....
0x00007fb3f18fd100:   00007fb4443c0b28 00007fb4443c0b28   (.<D....(.<D....
0x00007fb3f18fd110:   00007fb3f18fd140 0000000000091044   @.......D.......
0x00007fb3f18fd120:   00007fb3f18fd140 00007fb44bcf346b   @.......k4.K....
0x00007fb3f18fd130:   00000000002a8eb2 00007fb3f18fd168   ..*.....h.......
0x00007fb3f18fd140:   00007fb3f18fd170 00007fb44bf77e60   p.......`~.K....
0x00007fb3f18fd150:   0000000000000000 00007fb444408a80   ..........@D....
0x00007fb3f18fd160:   00007fb44d61cd27 00007fb4443c0b28   '.aM....(.<D....
0x00007fb3f18fd170:   00007fb3f18fd190 00007fb44bf75a25   ........%Z.K....
0x00007fb3f18fd180:   00000000002a8eb2 00007fb444408a80   ..*.......@D....
0x00007fb3f18fd190:   00007fb3f18fd1b0 00007fb44bbfcab8   ...........K....
0x00007fb3f18fd1a0:   00007fb3f18fd1f0 00007fb444408a80   ..........@D....
0x00007fb3f18fd1b0:   00007fb3f18fd1e0 00007fb44bf76834   ........4h.K....
0x00007fb3f18fd1c0:   00007fb444000b60 00007fb444408a80   `..D......@D....
0x00007fb3f18fd1d0:   00007fb444000b60 00000000000000b5   `..D............
0x00007fb3f18fd1e0:   00007fb3f18fd210 00007fb44c49f650   ........P.IL....
0x00007fb3f18fd1f0:   00007fb3f18fd210 00007fb444408a80   ..........@D....
0x00007fb3f18fd200:   00007fb44d61cd27 00007fb444000b60   '.aM....`..D....
0x00007fb3f18fd210:   00007fb3f18fd2f0 00007fb44c49bbba   ..........IL....
0x00007fb3f18fd220:   00007fb444000b60 00007fb3a3041000   `..D............
0x00007fb3f18fd230:   0000000100000010 00007fb44c21131a   ..........!L....
0x00007fb3f18fd240:   00007fb400000000 00007fb44e393778   ........x79N....
0x00007fb3f18fd250:   0000000000000000 0000000000000000   ................

Instructions: (pc=0x00007fb44b923bc0)
  0x00007fb44b923ac0:   48 8b 55 e8 48 8b 4d f0 48 8b 45 f8 48 89 ce 48
  0x00007fb44b923ad0:   89 c7 e8 c9 78 75 00 90 c9 c3 f3 0f 1e fa 55 48
  0x00007fb44b923ae0:   89 e5 48 83 ec 20 48 89 7d f8 48 89 75 f0 48 89
  0x00007fb44b923af0:   55 e8 48 8b 55 e8 48 8b 4d f0 48 8b 45 f8 48 89
  0x00007fb44b923b00:   ce 48 89 c7 e8 5f 79 75 00 90 c9 c3 f3 0f 1e fa
  0x00007fb44b923b10:   55 48 89 e5 48 83 ec 20 e8 6f af 5f 01 84 c0 75
  0x00007fb44b923b20:   09 e8 7b 1f ff ff 84 c0 74 07 b8 01 00 00 00 eb
  0x00007fb44b923b30:   05 b8 00 00 00 00 84 c0 0f 85 af 00 00 00 e8 af
  0x00007fb44b923b40:   5f ff ff 48 89 45 f0 48 8b 45 f0 48 8b 00 48 83
  0x00007fb44b923b50:   c0 38 48 8b 10 48 8b 45 f0 48 89 c7 ff d2 83 f0
  0x00007fb44b923b60:   01 84 c0 0f 85 87 00 00 00 48 8b 45 f0 48 89 c7
  0x00007fb44b923b70:   e8 56 04 00 00 48 89 45 f8 48 8b 45 f8 48 89 c7
  0x00007fb44b923b80:   e8 61 10 00 00 89 45 ec e8 14 1f ff ff 83 f0 01
  0x00007fb44b923b90:   84 c0 74 19 83 7d ec 06 74 13 83 7d ec 08 74 0d
  0x00007fb44b923ba0:   83 7d ec 02 74 07 b8 01 00 00 00 eb 05 b8 00 00
  0x00007fb44b923bb0:   00 00 84 c0 74 3b 48 8d 05 3b 18 bd 02 48 8b 00
=>0x00007fb44b923bc0:   c6 00 58 8b 45 ec 41 89 c0 48 8d 0d 08 5e 77 01
  0x00007fb44b923bd0:   48 8d 15 29 5e 77 01 be b7 00 00 00 48 8d 3d 7d
  0x00007fb44b923be0:   5e 77 01 b8 00 00 00 00 e8 54 6e 76 00 90 eb 01
  0x00007fb44b923bf0:   90 c9 c3 f3 0f 1e fa 55 48 89 e5 48 89 7d e8 48
  0x00007fb44b923c00:   89 75 e0 48 8b 45 e8 48 8b 00 48 89 45 f8 48 8b
  0x00007fb44b923c10:   45 e0 48 8b 10 48 8b 45 e8 48 89 10 48 8b 45 e0
  0x00007fb44b923c20:   48 8b 55 f8 48 89 10 90 5d c3 f3 0f 1e fa 55 48
  0x00007fb44b923c30:   89 e5 48 89 7d e8 48 89 75 e0 48 8b 45 e8 48 8b
  0x00007fb44b923c40:   00 48 89 45 f8 48 8b 45 e0 48 8b 10 48 8b 45 e8
  0x00007fb44b923c50:   48 89 10 48 8b 45 e0 48 8b 55 f8 48 89 10 90 5d
  0x00007fb44b923c60:   c3 f3 0f 1e fa 55 48 89 e5 48 89 7d e8 48 89 75
  0x00007fb44b923c70:   e0 48 8b 45 e8 48 8b 50 08 48 8b 00 48 89 45 f0
  0x00007fb44b923c80:   48 89 55 f8 48 8b 4d e8 48 8b 45 e0 48 8b 50 08
  0x00007fb44b923c90:   48 8b 00 48 89 01 48 89 51 08 48 8b 4d e0 48 8b
  0x00007fb44b923ca0:   45 f0 48 8b 55 f8 48 89 01 48 89 51 08 90 5d c3
  0x00007fb44b923cb0:   f3 0f 1e fa 55 48 89 e5 90 5d c3 f3 0f 1e fa 55


Stack slot to memory mapping:

stack at sp + 0 slots: 0x0 is null
stack at sp + 1 slots: 0x000000044e68af20 is an unallocated location in the heap
stack at sp + 2 slots: 0x00007fb44437e490 is a thread
stack at sp + 3 slots: 0x00007fb44437e490 is a thread
stack at sp + 4 slots: 0x00007fb3f18fd0a0 is pointing into the stack for thread: 0x00007fb44437e490
stack at sp + 5 slots: 0x00007fb44bcf3c10: <offset 0x0000000000a9bc10> in /home/jatinbha/sandboxes/lworld/build/linux-x86_64-server-slowdebug/images/jdk/lib/server/libjvm.so at 0x00007fb44b258000
stack at sp + 6 slots: 0x0 is null
stack at sp + 7 slots: 0x00007fb4443c0b28 is a pointer 5/64 into block 0 in oop storage "VM Weak"

Lock stack of current Java thread (top to bottom):


---------------  P R O C E S S  ---------------

uid  : 1000 euid : 1000 gid  : 1000 egid : 1000

umask: 0002 (-------w-)

Threads class SMR info:
_java_thread_list=0x00007fb444455d10, length=10, elements={
0x00007fb444377850, 0x00007fb444378750, 0x00007fb444379ac0, 0x00007fb44437ae30,
0x00007fb44437c060, 0x00007fb44437e490, 0x00007fb44437fef0, 0x00007fb4443e4a00,
0x00007fb444454970, 0x00007fb44402c4e0
}
_java_thread_list_alloc_cnt=13, _java_thread_list_free_cnt=11, _java_thread_list_max=10, _nested_thread_list_max=0
_tlh_cnt=73, _tlh_times=0, avg_tlh_time=0.00, _tlh_time_max=0
_deleted_thread_cnt=1, _deleted_thread_times=0, avg_deleted_thread_time=0.00, _deleted_thread_time_max=0
_delete_lock_wait_cnt=0, _delete_lock_wait_max=0
_to_delete_list_cnt=0, _to_delete_list_max=1

Java Threads: ( => current thread )
  0x00007fb444377850 JavaThread "Reference Handler"          daemon [_thread_blocked, id=2789037, stack(0x00007fb3f2495000,0x00007fb3f2595000) (1024K)]
  0x00007fb444378750 JavaThread "Finalizer"                  daemon [_thread_blocked, id=2789038, stack(0x00007fb3f2394000,0x00007fb3f2494000) (1024K)]
  0x00007fb444379ac0 JavaThread "Signal Dispatcher"          daemon [_thread_blocked, id=2789039, stack(0x00007fb3f2091000,0x00007fb3f2191000) (1024K)]
  0x00007fb44437ae30 JavaThread "Service Thread"             daemon [_thread_blocked, id=2789040, stack(0x00007fb3f2192000,0x00007fb3f2292000) (1024K)]
  0x00007fb44437c060 JavaThread "Monitor Deflation Thread"   daemon [_thread_blocked, id=2789041, stack(0x00007fb3f1902000,0x00007fb3f1a03000) (1028K)]
=>0x00007fb44437e490 JavaThread "C2 CompilerThread0"         daemon [_thread_in_native, id=2789042, stack(0x00007fb3f1801000,0x00007fb3f1902000) (1028K)]
  0x00007fb44437fef0 JavaThread "C1 CompilerThread0"         daemon [_thread_blocked, id=2789043, stack(0x00007fb3f1700000,0x00007fb3f1801000) (1028K)]
  0x00007fb4443e4a00 JavaThread "Common-Cleaner"             daemon [_thread_blocked, id=2789044, stack(0x00007fb3f1494000,0x00007fb3f1595000) (1028K)]
  0x00007fb444454970 JavaThread "Notification Thread"        daemon [_thread_blocked, id=2789045, stack(0x00007fb3f1393000,0x00007fb3f1494000) (1028K)]
  0x00007fb44402c4e0 JavaThread "DestroyJavaVM"                     [_thread_blocked, id=2789014, stack(0x00007fb44affe000,0x00007fb44b0ff000) (1028K)]
Total: 10

Other Threads:
  0x00007fb44433c1f0 VMThread "VM Thread"                           [id=2789036, stack(0x00007fb3f2293000,0x00007fb3f2393000) (1024K)]
  0x00007fb444285200 WatcherThread "VM Periodic Task Thread"        [id=2789035, stack(0x00007fb3f2596000,0x00007fb3f2696000) (1024K)]
  0x00007fb44406de30 WorkerThread "GC Thread#0"                     [id=2789024, stack(0x00007fb405416000,0x00007fb405516000) (1024K)]
  0x00007fb444085cb0 ConcurrentGCThread "G1 Main Marker"            [id=2789025, stack(0x00007fb405315000,0x00007fb405415000) (1024K)]
  0x00007fb444086f60 WorkerThread "G1 Conc#0"                       [id=2789026, stack(0x00007fb405214000,0x00007fb405314000) (1024K)]
  0x00007fb444270ea0 ConcurrentGCThread "G1 Refine#0"               [id=2789027, stack(0x00007fb3f27c9000,0x00007fb3f28c9000) (1024K)]
  0x00007fb4442720e0 ConcurrentGCThread "G1 Service"                [id=2789028, stack(0x00007fb3f26c8000,0x00007fb3f27c8000) (1024K)]
Total: 7

Threads with active compile tasks:
C2 CompilerThread0  575675   29       4       large_atomics::micro (6 bytes)
Total: 1

VM state: not at safepoint (normal execution)

VM Mutex/Monitor currently owned by a thread: None

Heap address: 0x00000000a0000000, size: 30208 MB, Compressed Oops mode: Zero based, Oop shift amount: 3

CDS archive(s) mapped at: [0x00007fb3a2000000-0x00007fb3a2e93000-0x00007fb3a2e93000), size 15282176, SharedBaseAddress: 0x00007fb3a2000000, ArchiveRelocationMode: 1.
Compressed class space mapped at: 0x00007fb3a3000000-0x00007fb3e3000000, reserved size: 1073741824
UseCompressedClassPointers 1, UseCompactObjectHeaders 0
Narrow klass pointer bits 32, Max shift 3
Narrow klass base: 0x00007fb3a2000000, Narrow klass shift: 0
Encoding Range: [0x00007fb3a2000000 - 0x00007fb4a2000000), (4294967296 bytes)
Klass Range:    [0x00007fb3a2001000 - 0x00007fb3e3000000), (1090514944 bytes)
Klass ID Range:  [4096 - 1090519033) (1090514937)
Protection zone: [0x00007fb3a2000000 - 0x00007fb3a2001000), (4096 bytes)

GC Precious Log:
 CardTable entry size: 512
 Card Set container configuration: InlinePtr #cards 3 size 8 Array Of Cards #cards 128 size 272 Howl #buckets 8 coarsen threshold 29491 Howl Bitmap #cards 4096 size 528 coarsen threshold 3686 Card regions per heap region 1 cards per card region 32768
 CPUs: 112 total, 112 available
 Memory: 754G
 Large Page Support: Disabled
 NUMA Support: Disabled
 Compressed Oops: Enabled (Zero based)
 Heap Region Size: 16M
 Heap Min Capacity: 16M
 Heap Initial Capacity: 2G
 Heap Max Capacity: 30208M
 Pre-touch: Disabled
 Parallel Workers: 73
 Concurrent Workers: 18
 Concurrent Refinement Workers: 73
 Periodic GC: Disabled

Heap:
 garbage-first heap   total reserved 30932992K, committed 2097152K, used 0K [0x00000000a0000000, 0x0000000800000000)
  region size 16384K, 1 young (16384K), 0 survivors (0K)
 Metaspace       used 273K, committed 448K, reserved 1114112K
  class space    used 15K, committed 128K, reserved 1048576K

Heap Regions: E=young(eden), S=young(survivor), O=old, HS=humongous(starts), HC=humongous(continues), CS=collection set, F=free, TAMS=top-at-mark-start, PB=parsable bottom
|   0|0x00000000a0000000, 0x00000000a0000000, 0x00000000a1000000|  0%| F|  |TAMS 0x00000000a0000000| PB 0x00000000a0000000| Untracked |  0
|   1|0x00000000a1000000, 0x00000000a1000000, 0x00000000a2000000|  0%| F|  |TAMS 0x00000000a1000000| PB 0x00000000a1000000| Untracked |  0
|   2|0x00000000a2000000, 0x00000000a2000000, 0x00000000a3000000|  0%| F|  |TAMS 0x00000000a2000000| PB 0x00000000a2000000| Untracked |  0
|   3|0x00000000a3000000, 0x00000000a3000000, 0x00000000a4000000|  0%| F|  |TAMS 0x00000000a3000000| PB 0x00000000a3000000| Untracked |  0
|   4|0x00000000a4000000, 0x00000000a4000000, 0x00000000a5000000|  0%| F|  |TAMS 0x00000000a4000000| PB 0x00000000a4000000| Untracked |  0
|   5|0x00000000a5000000, 0x00000000a5000000, 0x00000000a6000000|  0%| F|  |TAMS 0x00000000a5000000| PB 0x00000000a5000000| Untracked |  0
|   6|0x00000000a6000000, 0x00000000a6000000, 0x00000000a7000000|  0%| F|  |TAMS 0x00000000a6000000| PB 0x00000000a6000000| Untracked |  0
|   7|0x00000000a7000000, 0x00000000a7000000, 0x00000000a8000000|  0%| F|  |TAMS 0x00000000a7000000| PB 0x00000000a7000000| Untracked |  0
|   8|0x00000000a8000000, 0x00000000a8000000, 0x00000000a9000000|  0%| F|  |TAMS 0x00000000a8000000| PB 0x00000000a8000000| Untracked |  0
|   9|0x00000000a9000000, 0x00000000a9000000, 0x00000000aa000000|  0%| F|  |TAMS 0x00000000a9000000| PB 0x00000000a9000000| Untracked |  0
|  10|0x00000000aa000000, 0x00000000aa000000, 0x00000000ab000000|  0%| F|  |TAMS 0x00000000aa000000| PB 0x00000000aa000000| Untracked |  0
|  11|0x00000000ab000000, 0x00000000ab000000, 0x00000000ac000000|  0%| F|  |TAMS 0x00000000ab000000| PB 0x00000000ab000000| Untracked |  0
|  12|0x00000000ac000000, 0x00000000ac000000, 0x00000000ad000000|  0%| F|  |TAMS 0x00000000ac000000| PB 0x00000000ac000000| Untracked |  0
|  13|0x00000000ad000000, 0x00000000ad000000, 0x00000000ae000000|  0%| F|  |TAMS 0x00000000ad000000| PB 0x00000000ad000000| Untracked |  0
|  14|0x00000000ae000000, 0x00000000ae000000, 0x00000000af000000|  0%| F|  |TAMS 0x00000000ae000000| PB 0x00000000ae000000| Untracked |  0
|  15|0x00000000af000000, 0x00000000af000000, 0x00000000b0000000|  0%| F|  |TAMS 0x00000000af000000| PB 0x00000000af000000| Untracked |  0
|  16|0x00000000b0000000, 0x00000000b0000000, 0x00000000b1000000|  0%| F|  |TAMS 0x00000000b0000000| PB 0x00000000b0000000| Untracked |  0
|  17|0x00000000b1000000, 0x00000000b1000000, 0x00000000b2000000|  0%| F|  |TAMS 0x00000000b1000000| PB 0x00000000b1000000| Untracked |  0
|  18|0x00000000b2000000, 0x00000000b2000000, 0x00000000b3000000|  0%| F|  |TAMS 0x00000000b2000000| PB 0x00000000b2000000| Untracked |  0
|  19|0x00000000b3000000, 0x00000000b3000000, 0x00000000b4000000|  0%| F|  |TAMS 0x00000000b3000000| PB 0x00000000b3000000| Untracked |  0
|  20|0x00000000b4000000, 0x00000000b4000000, 0x00000000b5000000|  0%| F|  |TAMS 0x00000000b4000000| PB 0x00000000b4000000| Untracked |  0
|  21|0x00000000b5000000, 0x00000000b5000000, 0x00000000b6000000|  0%| F|  |TAMS 0x00000000b5000000| PB 0x00000000b5000000| Untracked |  0
|  22|0x00000000b6000000, 0x00000000b6000000, 0x00000000b7000000|  0%| F|  |TAMS 0x00000000b6000000| PB 0x00000000b6000000| Untracked |  0
|  23|0x00000000b7000000, 0x00000000b7000000, 0x00000000b8000000|  0%| F|  |TAMS 0x00000000b7000000| PB 0x00000000b7000000| Untracked |  0
|  24|0x00000000b8000000, 0x00000000b8000000, 0x00000000b9000000|  0%| F|  |TAMS 0x00000000b8000000| PB 0x00000000b8000000| Untracked |  0
|  25|0x00000000b9000000, 0x00000000b9000000, 0x00000000ba000000|  0%| F|  |TAMS 0x00000000b9000000| PB 0x00000000b9000000| Untracked |  0
|  26|0x00000000ba000000, 0x00000000ba000000, 0x00000000bb000000|  0%| F|  |TAMS 0x00000000ba000000| PB 0x00000000ba000000| Untracked |  0
|  27|0x00000000bb000000, 0x00000000bb000000, 0x00000000bc000000|  0%| F|  |TAMS 0x00000000bb000000| PB 0x00000000bb000000| Untracked |  0
|  28|0x00000000bc000000, 0x00000000bc000000, 0x00000000bd000000|  0%| F|  |TAMS 0x00000000bc000000| PB 0x00000000bc000000| Untracked |  0
|  29|0x00000000bd000000, 0x00000000bd000000, 0x00000000be000000|  0%| F|  |TAMS 0x00000000bd000000| PB 0x00000000bd000000| Untracked |  0
|  30|0x00000000be000000, 0x00000000be000000, 0x00000000bf000000|  0%| F|  |TAMS 0x00000000be000000| PB 0x00000000be000000| Untracked |  0
|  31|0x00000000bf000000, 0x00000000bf000000, 0x00000000c0000000|  0%| F|  |TAMS 0x00000000bf000000| PB 0x00000000bf000000| Untracked |  0
|  32|0x00000000c0000000, 0x00000000c0000000, 0x00000000c1000000|  0%| F|  |TAMS 0x00000000c0000000| PB 0x00000000c0000000| Untracked |  0
|  33|0x00000000c1000000, 0x00000000c1000000, 0x00000000c2000000|  0%| F|  |TAMS 0x00000000c1000000| PB 0x00000000c1000000| Untracked |  0
|  34|0x00000000c2000000, 0x00000000c2000000, 0x00000000c3000000|  0%| F|  |TAMS 0x00000000c2000000| PB 0x00000000c2000000| Untracked |  0
|  35|0x00000000c3000000, 0x00000000c3000000, 0x00000000c4000000|  0%| F|  |TAMS 0x00000000c3000000| PB 0x00000000c3000000| Untracked |  0
|  36|0x00000000c4000000, 0x00000000c4000000, 0x00000000c5000000|  0%| F|  |TAMS 0x00000000c4000000| PB 0x00000000c4000000| Untracked |  0
|  37|0x00000000c5000000, 0x00000000c5000000, 0x00000000c6000000|  0%| F|  |TAMS 0x00000000c5000000| PB 0x00000000c5000000| Untracked |  0
|  38|0x00000000c6000000, 0x00000000c6000000, 0x00000000c7000000|  0%| F|  |TAMS 0x00000000c6000000| PB 0x00000000c6000000| Untracked |  0
|  39|0x00000000c7000000, 0x00000000c7000000, 0x00000000c8000000|  0%| F|  |TAMS 0x00000000c7000000| PB 0x00000000c7000000| Untracked |  0
|  40|0x00000000c8000000, 0x00000000c8000000, 0x00000000c9000000|  0%| F|  |TAMS 0x00000000c8000000| PB 0x00000000c8000000| Untracked |  0
|  41|0x00000000c9000000, 0x00000000c9000000, 0x00000000ca000000|  0%| F|  |TAMS 0x00000000c9000000| PB 0x00000000c9000000| Untracked |  0
|  42|0x00000000ca000000, 0x00000000ca000000, 0x00000000cb000000|  0%| F|  |TAMS 0x00000000ca000000| PB 0x00000000ca000000| Untracked |  0
|  43|0x00000000cb000000, 0x00000000cb000000, 0x00000000cc000000|  0%| F|  |TAMS 0x00000000cb000000| PB 0x00000000cb000000| Untracked |  0
|  44|0x00000000cc000000, 0x00000000cc000000, 0x00000000cd000000|  0%| F|  |TAMS 0x00000000cc000000| PB 0x00000000cc000000| Untracked |  0
|  45|0x00000000cd000000, 0x00000000cd000000, 0x00000000ce000000|  0%| F|  |TAMS 0x00000000cd000000| PB 0x00000000cd000000| Untracked |  0
|  46|0x00000000ce000000, 0x00000000ce000000, 0x00000000cf000000|  0%| F|  |TAMS 0x00000000ce000000| PB 0x00000000ce000000| Untracked |  0
|  47|0x00000000cf000000, 0x00000000cf000000, 0x00000000d0000000|  0%| F|  |TAMS 0x00000000cf000000| PB 0x00000000cf000000| Untracked |  0
|  48|0x00000000d0000000, 0x00000000d0000000, 0x00000000d1000000|  0%| F|  |TAMS 0x00000000d0000000| PB 0x00000000d0000000| Untracked |  0
|  49|0x00000000d1000000, 0x00000000d1000000, 0x00000000d2000000|  0%| F|  |TAMS 0x00000000d1000000| PB 0x00000000d1000000| Untracked |  0
|  50|0x00000000d2000000, 0x00000000d2000000, 0x00000000d3000000|  0%| F|  |TAMS 0x00000000d2000000| PB 0x00000000d2000000| Untracked |  0
|  51|0x00000000d3000000, 0x00000000d3000000, 0x00000000d4000000|  0%| F|  |TAMS 0x00000000d3000000| PB 0x00000000d3000000| Untracked |  0
|  52|0x00000000d4000000, 0x00000000d4000000, 0x00000000d5000000|  0%| F|  |TAMS 0x00000000d4000000| PB 0x00000000d4000000| Untracked |  0
|  53|0x00000000d5000000, 0x00000000d5000000, 0x00000000d6000000|  0%| F|  |TAMS 0x00000000d5000000| PB 0x00000000d5000000| Untracked |  0
|  54|0x00000000d6000000, 0x00000000d6000000, 0x00000000d7000000|  0%| F|  |TAMS 0x00000000d6000000| PB 0x00000000d6000000| Untracked |  0
|  55|0x00000000d7000000, 0x00000000d7000000, 0x00000000d8000000|  0%| F|  |TAMS 0x00000000d7000000| PB 0x00000000d7000000| Untracked |  0
|  56|0x00000000d8000000, 0x00000000d8000000, 0x00000000d9000000|  0%| F|  |TAMS 0x00000000d8000000| PB 0x00000000d8000000| Untracked |  0
|  57|0x00000000d9000000, 0x00000000d9000000, 0x00000000da000000|  0%| F|  |TAMS 0x00000000d9000000| PB 0x00000000d9000000| Untracked |  0
|  58|0x00000000da000000, 0x00000000da000000, 0x00000000db000000|  0%| F|  |TAMS 0x00000000da000000| PB 0x00000000da000000| Untracked |  0
|  59|0x00000000db000000, 0x00000000db000000, 0x00000000dc000000|  0%| F|  |TAMS 0x00000000db000000| PB 0x00000000db000000| Untracked |  0
|  60|0x00000000dc000000, 0x00000000dc000000, 0x00000000dd000000|  0%| F|  |TAMS 0x00000000dc000000| PB 0x00000000dc000000| Untracked |  0
|  61|0x00000000dd000000, 0x00000000dd000000, 0x00000000de000000|  0%| F|  |TAMS 0x00000000dd000000| PB 0x00000000dd000000| Untracked |  0
|  62|0x00000000de000000, 0x00000000de000000, 0x00000000df000000|  0%| F|  |TAMS 0x00000000de000000| PB 0x00000000de000000| Untracked |  0
|  63|0x00000000df000000, 0x00000000df000000, 0x00000000e0000000|  0%| F|  |TAMS 0x00000000df000000| PB 0x00000000df000000| Untracked |  0
|  64|0x00000000e0000000, 0x00000000e0000000, 0x00000000e1000000|  0%| F|  |TAMS 0x00000000e0000000| PB 0x00000000e0000000| Untracked |  0
|  65|0x00000000e1000000, 0x00000000e1000000, 0x00000000e2000000|  0%| F|  |TAMS 0x00000000e1000000| PB 0x00000000e1000000| Untracked |  0
|  66|0x00000000e2000000, 0x00000000e2000000, 0x00000000e3000000|  0%| F|  |TAMS 0x00000000e2000000| PB 0x00000000e2000000| Untracked |  0
|  67|0x00000000e3000000, 0x00000000e3000000, 0x00000000e4000000|  0%| F|  |TAMS 0x00000000e3000000| PB 0x00000000e3000000| Untracked |  0
|  68|0x00000000e4000000, 0x00000000e4000000, 0x00000000e5000000|  0%| F|  |TAMS 0x00000000e4000000| PB 0x00000000e4000000| Untracked |  0
|  69|0x00000000e5000000, 0x00000000e5000000, 0x00000000e6000000|  0%| F|  |TAMS 0x00000000e5000000| PB 0x00000000e5000000| Untracked |  0
|  70|0x00000000e6000000, 0x00000000e6000000, 0x00000000e7000000|  0%| F|  |TAMS 0x00000000e6000000| PB 0x00000000e6000000| Untracked |  0
|  71|0x00000000e7000000, 0x00000000e7000000, 0x00000000e8000000|  0%| F|  |TAMS 0x00000000e7000000| PB 0x00000000e7000000| Untracked |  0
|  72|0x00000000e8000000, 0x00000000e8000000, 0x00000000e9000000|  0%| F|  |TAMS 0x00000000e8000000| PB 0x00000000e8000000| Untracked |  0
|  73|0x00000000e9000000, 0x00000000e9000000, 0x00000000ea000000|  0%| F|  |TAMS 0x00000000e9000000| PB 0x00000000e9000000| Untracked |  0
|  74|0x00000000ea000000, 0x00000000ea000000, 0x00000000eb000000|  0%| F|  |TAMS 0x00000000ea000000| PB 0x00000000ea000000| Untracked |  0
|  75|0x00000000eb000000, 0x00000000eb000000, 0x00000000ec000000|  0%| F|  |TAMS 0x00000000eb000000| PB 0x00000000eb000000| Untracked |  0
|  76|0x00000000ec000000, 0x00000000ec000000, 0x00000000ed000000|  0%| F|  |TAMS 0x00000000ec000000| PB 0x00000000ec000000| Untracked |  0
|  77|0x00000000ed000000, 0x00000000ed000000, 0x00000000ee000000|  0%| F|  |TAMS 0x00000000ed000000| PB 0x00000000ed000000| Untracked |  0
|  78|0x00000000ee000000, 0x00000000ee000000, 0x00000000ef000000|  0%| F|  |TAMS 0x00000000ee000000| PB 0x00000000ee000000| Untracked |  0
|  79|0x00000000ef000000, 0x00000000ef000000, 0x00000000f0000000|  0%| F|  |TAMS 0x00000000ef000000| PB 0x00000000ef000000| Untracked |  0
|  80|0x00000000f0000000, 0x00000000f0000000, 0x00000000f1000000|  0%| F|  |TAMS 0x00000000f0000000| PB 0x00000000f0000000| Untracked |  0
|  81|0x00000000f1000000, 0x00000000f1000000, 0x00000000f2000000|  0%| F|  |TAMS 0x00000000f1000000| PB 0x00000000f1000000| Untracked |  0
|  82|0x00000000f2000000, 0x00000000f2000000, 0x00000000f3000000|  0%| F|  |TAMS 0x00000000f2000000| PB 0x00000000f2000000| Untracked |  0
|  83|0x00000000f3000000, 0x00000000f3000000, 0x00000000f4000000|  0%| F|  |TAMS 0x00000000f3000000| PB 0x00000000f3000000| Untracked |  0
|  84|0x00000000f4000000, 0x00000000f4000000, 0x00000000f5000000|  0%| F|  |TAMS 0x00000000f4000000| PB 0x00000000f4000000| Untracked |  0
|  85|0x00000000f5000000, 0x00000000f5000000, 0x00000000f6000000|  0%| F|  |TAMS 0x00000000f5000000| PB 0x00000000f5000000| Untracked |  0
|  86|0x00000000f6000000, 0x00000000f6000000, 0x00000000f7000000|  0%| F|  |TAMS 0x00000000f6000000| PB 0x00000000f6000000| Untracked |  0
|  87|0x00000000f7000000, 0x00000000f7000000, 0x00000000f8000000|  0%| F|  |TAMS 0x00000000f7000000| PB 0x00000000f7000000| Untracked |  0
|  88|0x00000000f8000000, 0x00000000f8000000, 0x00000000f9000000|  0%| F|  |TAMS 0x00000000f8000000| PB 0x00000000f8000000| Untracked |  0
|  89|0x00000000f9000000, 0x00000000f9000000, 0x00000000fa000000|  0%| F|  |TAMS 0x00000000f9000000| PB 0x00000000f9000000| Untracked |  0
|  90|0x00000000fa000000, 0x00000000fa000000, 0x00000000fb000000|  0%| F|  |TAMS 0x00000000fa000000| PB 0x00000000fa000000| Untracked |  0
|  91|0x00000000fb000000, 0x00000000fb000000, 0x00000000fc000000|  0%| F|  |TAMS 0x00000000fb000000| PB 0x00000000fb000000| Untracked |  0
|  92|0x00000000fc000000, 0x00000000fc000000, 0x00000000fd000000|  0%| F|  |TAMS 0x00000000fc000000| PB 0x00000000fc000000| Untracked |  0
|  93|0x00000000fd000000, 0x00000000fd000000, 0x00000000fe000000|  0%| F|  |TAMS 0x00000000fd000000| PB 0x00000000fd000000| Untracked |  0
|  94|0x00000000fe000000, 0x00000000fe000000, 0x00000000ff000000|  0%| F|  |TAMS 0x00000000fe000000| PB 0x00000000fe000000| Untracked |  0
|  95|0x00000000ff000000, 0x00000000ff000000, 0x0000000100000000|  0%| F|  |TAMS 0x00000000ff000000| PB 0x00000000ff000000| Untracked |  0
|  96|0x0000000100000000, 0x0000000100000000, 0x0000000101000000|  0%| F|  |TAMS 0x0000000100000000| PB 0x0000000100000000| Untracked |  0
|  97|0x0000000101000000, 0x0000000101000000, 0x0000000102000000|  0%| F|  |TAMS 0x0000000101000000| PB 0x0000000101000000| Untracked |  0
|  98|0x0000000102000000, 0x0000000102000000, 0x0000000103000000|  0%| F|  |TAMS 0x0000000102000000| PB 0x0000000102000000| Untracked |  0
|  99|0x0000000103000000, 0x0000000103000000, 0x0000000104000000|  0%| F|  |TAMS 0x0000000103000000| PB 0x0000000103000000| Untracked |  0
| 100|0x0000000104000000, 0x0000000104000000, 0x0000000105000000|  0%| F|  |TAMS 0x0000000104000000| PB 0x0000000104000000| Untracked |  0
| 101|0x0000000105000000, 0x0000000105000000, 0x0000000106000000|  0%| F|  |TAMS 0x0000000105000000| PB 0x0000000105000000| Untracked |  0
| 102|0x0000000106000000, 0x0000000106000000, 0x0000000107000000|  0%| F|  |TAMS 0x0000000106000000| PB 0x0000000106000000| Untracked |  0
| 103|0x0000000107000000, 0x0000000107000000, 0x0000000108000000|  0%| F|  |TAMS 0x0000000107000000| PB 0x0000000107000000| Untracked |  0
| 104|0x0000000108000000, 0x0000000108000000, 0x0000000109000000|  0%| F|  |TAMS 0x0000000108000000| PB 0x0000000108000000| Untracked |  0
| 105|0x0000000109000000, 0x0000000109000000, 0x000000010a000000|  0%| F|  |TAMS 0x0000000109000000| PB 0x0000000109000000| Untracked |  0
| 106|0x000000010a000000, 0x000000010a000000, 0x000000010b000000|  0%| F|  |TAMS 0x000000010a000000| PB 0x000000010a000000| Untracked |  0
| 107|0x000000010b000000, 0x000000010b000000, 0x000000010c000000|  0%| F|  |TAMS 0x000000010b000000| PB 0x000000010b000000| Untracked |  0
| 108|0x000000010c000000, 0x000000010c000000, 0x000000010d000000|  0%| F|  |TAMS 0x000000010c000000| PB 0x000000010c000000| Untracked |  0
| 109|0x000000010d000000, 0x000000010d000000, 0x000000010e000000|  0%| F|  |TAMS 0x000000010d000000| PB 0x000000010d000000| Untracked |  0
| 110|0x000000010e000000, 0x000000010e000000, 0x000000010f000000|  0%| F|  |TAMS 0x000000010e000000| PB 0x000000010e000000| Untracked |  0
| 111|0x000000010f000000, 0x000000010f000000, 0x0000000110000000|  0%| F|  |TAMS 0x000000010f000000| PB 0x000000010f000000| Untracked |  0
| 112|0x0000000110000000, 0x0000000110000000, 0x0000000111000000|  0%| F|  |TAMS 0x0000000110000000| PB 0x0000000110000000| Untracked |  0
| 113|0x0000000111000000, 0x0000000111000000, 0x0000000112000000|  0%| F|  |TAMS 0x0000000111000000| PB 0x0000000111000000| Untracked |  0
| 114|0x0000000112000000, 0x0000000112000000, 0x0000000113000000|  0%| F|  |TAMS 0x0000000112000000| PB 0x0000000112000000| Untracked |  0
| 115|0x0000000113000000, 0x0000000113000000, 0x0000000114000000|  0%| F|  |TAMS 0x0000000113000000| PB 0x0000000113000000| Untracked |  0
| 116|0x0000000114000000, 0x0000000114000000, 0x0000000115000000|  0%| F|  |TAMS 0x0000000114000000| PB 0x0000000114000000| Untracked |  0
| 117|0x0000000115000000, 0x0000000115000000, 0x0000000116000000|  0%| F|  |TAMS 0x0000000115000000| PB 0x0000000115000000| Untracked |  0
| 118|0x0000000116000000, 0x0000000116000000, 0x0000000117000000|  0%| F|  |TAMS 0x0000000116000000| PB 0x0000000116000000| Untracked |  0
| 119|0x0000000117000000, 0x0000000117000000, 0x0000000118000000|  0%| F|  |TAMS 0x0000000117000000| PB 0x0000000117000000| Untracked |  0
| 120|0x0000000118000000, 0x0000000118000000, 0x0000000119000000|  0%| F|  |TAMS 0x0000000118000000| PB 0x0000000118000000| Untracked |  0
| 121|0x0000000119000000, 0x0000000119000000, 0x000000011a000000|  0%| F|  |TAMS 0x0000000119000000| PB 0x0000000119000000| Untracked |  0
| 122|0x000000011a000000, 0x000000011a000000, 0x000000011b000000|  0%| F|  |TAMS 0x000000011a000000| PB 0x000000011a000000| Untracked |  0
| 123|0x000000011b000000, 0x000000011b000000, 0x000000011c000000|  0%| F|  |TAMS 0x000000011b000000| PB 0x000000011b000000| Untracked |  0
| 124|0x000000011c000000, 0x000000011c000000, 0x000000011d000000|  0%| F|  |TAMS 0x000000011c000000| PB 0x000000011c000000| Untracked |  0
| 125|0x000000011d000000, 0x000000011d000000, 0x000000011e000000|  0%| F|  |TAMS 0x000000011d000000| PB 0x000000011d000000| Untracked |  0
| 126|0x000000011e000000, 0x000000011e000000, 0x000000011f000000|  0%| F|  |TAMS 0x000000011e000000| PB 0x000000011e000000| Untracked |  0
| 127|0x000000011f000000, 0x000000011ff5c408, 0x0000000120000000| 96%| E|  |TAMS 0x000000011f000000| PB 0x000000011f000000| Complete |  0

Card table byte_map: [0x00007fb423105000,0x00007fb426c05000] _byte_map_base: 0x00007fb422c05000

Marking Bits: (CMBitMap*) 0x00007fb44406eb70
 Bits: [0x00007fb405905000, 0x00007fb423105000)

Polling page: 0x00007fb44e911000

Metaspace:

Usage:
  Non-class:    258.35 KB used.
      Class:     15.16 KB used.
       Both:    273.51 KB used.

Virtual space:
  Non-class space:       64.00 MB reserved,     320.00 KB ( <1%) committed,  1 nodes.
      Class space:        1.00 GB reserved,     128.00 KB ( <1%) committed,  1 nodes.
             Both:        1.06 GB reserved,     448.00 KB ( <1%) committed. 

Chunk freelists:
   Non-Class:  11.97 MB
       Class:  15.74 MB
        Both:  27.71 MB

MaxMetaspaceSize: unlimited
CompressedClassSpaceSize: 1.00 GB
Initial GC threshold: 21.00 MB
Current GC threshold: 21.00 MB
CDS: on
 - commit_granule_bytes: 65536.
 - commit_granule_words: 8192.
 - virtual_space_node_default_size: 8388608.
 - enlarge_chunks_in_place: 1.
UseCompressedClassPointers 1, UseCompactObjectHeaders 0
Narrow klass pointer bits 32, Max shift 3
Narrow klass base: 0x00007fb3a2000000, Narrow klass shift: 0
Encoding Range: [0x00007fb3a2000000 - 0x00007fb4a2000000), (4294967296 bytes)
Klass Range:    [0x00007fb3a2001000 - 0x00007fb3e3000000), (1090514944 bytes)
Klass ID Range:  [4096 - 1090519033) (1090514937)
Protection zone: [0x00007fb3a2000000 - 0x00007fb3a2001000), (4096 bytes)


Internal statistics:

num_allocs: 4400.
num_deallocs: 0.
num_allocs_from_deallocated_blocks: 1.
num_chunks_retired: 6.
num_allocs_failed_limit: 0.
num_arena_births: 24.
num_arena_deaths: 0.
num_vsnodes_births: 2.
num_vsnodes_deaths: 0.
num_space_committed: 7.
num_space_uncommitted: 0.
num_chunks_returned_to_freelist: 0.
num_chunks_taken_from_freelist: 30.
num_chunk_merges: 0.
num_chunk_splits: 20.
num_chunks_enlarged: 12.
num_inconsistent_stats: 0.

CodeHeap 'non-profiled nmethods': size=118596Kb used=30Kb max_used=30Kb free=118565Kb
 bounds [0x00007fb43403d000, 0x00007fb4342ad000, 0x00007fb43b40e000]
CodeHeap 'profiled nmethods': size=118588Kb used=1Kb max_used=1Kb free=118586Kb
 bounds [0x00007fb42c40e000, 0x00007fb42c67e000, 0x00007fb4337dd000]
CodeHeap 'non-nmethods': size=8576Kb used=2225Kb max_used=2225Kb free=6351Kb
 bounds [0x00007fb4337dd000, 0x00007fb433a4d000, 0x00007fb43403d000]
CodeCache: size=245760Kb, used=2256Kb, max_used=2256Kb, free=243502Kb
 total_blobs=890, nmethods=37, adapters=735, full_count=0
Compilation: enabled, stopped_count=0, restarted_count=0

Compilation events (3 events):
Event: 26.875 Thread 0x00007fb44437fef0   28       3       large_atomics::micro (6 bytes)
Event: 26.877 Thread 0x00007fb44437fef0 nmethod 28 0x00007fb42c40e008 code [0x00007fb42c40e120, 0x00007fb42c40e4b0]
Event: 26.881 Thread 0x00007fb44437e490   29       4       large_atomics::micro (6 bytes)

GC Heap History (0 events):
No events

Dll operation events (5 events):
Event: 25.113 Loaded shared library /home/jatinbha/sandboxes/lworld/build/linux-x86_64-server-slowdebug/images/jdk/lib/libjava.so
Event: 25.951 Loaded shared library /home/jatinbha/sandboxes/lworld/build/linux-x86_64-server-slowdebug/images/jdk/lib/libzip.so
Event: 26.232 Loaded shared library /home/jatinbha/sandboxes/lworld/build/linux-x86_64-server-slowdebug/images/jdk/lib/libsimdsort.so
Event: 26.289 Loaded shared library /home/jatinbha/sandboxes/lworld/build/linux-x86_64-server-slowdebug/images/jdk/lib/libjsvml.so
Event: 26.582 Loaded shared library /home/jatinbha/sandboxes/lworld/build/linux-x86_64-server-slowdebug/images/jdk/lib/libnio.so

Deoptimization events (0 events):
No events

Classes loaded (12 events):
Event: 26.851 Loading class java/lang/WeakPairMap$Pair$Weak
Event: 26.851 Loading class java/lang/WeakPairMap$WeakRefPeer
Event: 26.851 Loading class java/lang/WeakPairMap$WeakRefPeer done
Event: 26.851 Loading class java/lang/WeakPairMap$Pair$Weak done
Event: 26.852 Loading class java/lang/WeakPairMap$Pair$Weak$1
Event: 26.852 Loading class java/lang/WeakPairMap$Pair$Weak$1 done
Event: 26.860 Loading class jdk/internal/vm/PostVMInitHook
Event: 26.860 Loading class jdk/internal/vm/PostVMInitHook done
Event: 26.863 Loading class jdk/internal/loader/URLClassPath$FileLoader
Event: 26.864 Loading class jdk/internal/loader/URLClassPath$FileLoader done
Event: 26.866 Loading class jdk/internal/loader/URLClassPath$FileLoader$1
Event: 26.866 Loading class jdk/internal/loader/URLClassPath$FileLoader$1 done

Classes unloaded (0 events):
No events

Classes redefined (0 events):
No events

Internal exceptions (3 events):
Event: 26.699 Thread 0x00007fb44402c4e0 Exception <a 'java/lang/NoSuchMethodError'{0x000000011f0a97a8}: 'int java.lang.invoke.DirectMethodHandle$Holder.invokeStatic(java.lang.Object, int, java.lang.Object)'> (0x000000011f0a97a8) 
thrown [/home/jatinbha/sandboxes/lworld/src/hotspot/share/interpreter/linkResolver.cpp, line 803]
Event: 26.707 Thread 0x00007fb44402c4e0 Exception <a 'java/lang/NoSuchMethodError'{0x000000011f0be9c8}: 'int java.lang.invoke.DirectMethodHandle$Holder.invokeStaticInit(java.lang.Object, java.lang.Object)'> (0x000000011f0be9c8) 
thrown [/home/jatinbha/sandboxes/lworld/src/hotspot/share/interpreter/linkResolver.cpp, line 803]
Event: 26.806 Thread 0x00007fb44402c4e0 Exception <a 'java/lang/NoSuchMethodError'{0x000000011f194d90}: 'void java.lang.invoke.DirectMethodHandle$Holder.invokeStatic(java.lang.Object, java.lang.Object)'> (0x000000011f194d90) 
thrown [/home/jatinbha/sandboxes/lworld/src/hotspot/share/interpreter/linkResolver.cpp, line 803]

VM Operations (0 events):
No events

Memory protections (11 events):
Event: 25.047 Protecting memory [0x00007fb44affe000,0x00007fb44b002000] with protection modes 0
Event: 25.829 Protecting memory [0x00007fb3a2000000,0x00007fb3a2001000] with protection modes 0
Event: 26.143 Protecting memory [0x00007fb3f2495000,0x00007fb3f2499000] with protection modes 0
Event: 26.143 Protecting memory [0x00007fb3f2394000,0x00007fb3f2398000] with protection modes 0
Event: 26.146 Protecting memory [0x00007fb3f2091000,0x00007fb3f2095000] with protection modes 0
Event: 26.147 Protecting memory [0x00007fb3f2192000,0x00007fb3f2196000] with protection modes 0
Event: 26.147 Protecting memory [0x00007fb3f1902000,0x00007fb3f1906000] with protection modes 0
Event: 26.147 Protecting memory [0x00007fb3f1801000,0x00007fb3f1805000] with protection modes 0
Event: 26.148 Protecting memory [0x00007fb3f1700000,0x00007fb3f1704000] with protection modes 0
Event: 26.662 Protecting memory [0x00007fb3f1494000,0x00007fb3f1498000] with protection modes 0
Event: 26.860 Protecting memory [0x00007fb3f1393000,0x00007fb3f1397000] with protection modes 0

Nmethod flushes (0 events):
No events

Events (10 events):
Event: 25.836 Thread 0x00007fb44402c4e0 Thread added: 0x00007fb44402c4e0
Event: 26.143 Thread 0x00007fb44402c4e0 Thread added: 0x00007fb444377850
Event: 26.143 Thread 0x00007fb44402c4e0 Thread added: 0x00007fb444378750
Event: 26.146 Thread 0x00007fb44402c4e0 Thread added: 0x00007fb444379ac0
Event: 26.147 Thread 0x00007fb44402c4e0 Thread added: 0x00007fb44437ae30
Event: 26.147 Thread 0x00007fb44402c4e0 Thread added: 0x00007fb44437c060
Event: 26.147 Thread 0x00007fb44402c4e0 Thread added: 0x00007fb44437e490
Event: 26.148 Thread 0x00007fb44402c4e0 Thread added: 0x00007fb44437fef0
Event: 26.662 Thread 0x00007fb44402c4e0 Thread added: 0x00007fb4443e4a00
Event: 26.860 Thread 0x00007fb44402c4e0 Thread added: 0x00007fb444454970


Dynamic libraries:
a0000000-120000000 rw-p 00000000 00:00 0 
120000000-800000000 ---p 00000000 00:00 0 
560704caf000-560704cb0000 r--p 00000000 08:02 1358945                    /home/jatinbha/sandboxes/lworld/build/linux-x86_64-server-slowdebug/images/jdk/bin/java
560704cb0000-560704cb1000 r-xp 00001000 08:02 1358945                    /home/jatinbha/sandboxes/lworld/build/linux-x86_64-server-slowdebug/images/jdk/bin/java
560704cb1000-560704cb2000 r--p 00002000 08:02 1358945                    /home/jatinbha/sandboxes/lworld/build/linux-x86_64-server-slowdebug/images/jdk/bin/java
560704cb2000-560704cb3000 r--p 00002000 08:02 1358945                    /home/jatinbha/sandboxes/lworld/build/linux-x86_64-server-slowdebug/images/jdk/bin/java
560704cb3000-560704cb4000 rw-p 00003000 08:02 1358945                    /home/jatinbha/sandboxes/lworld/build/linux-x86_64-server-slowdebug/images/jdk/bin/java
560704f5e000-560704fa4000 rw-p 00000000 00:00 0                          [heap]
7fb374000000-7fb374021000 rw-p 00000000 00:00 0 
7fb374021000-7fb378000000 ---p 00000000 00:00 0 
7fb378000000-7fb378021000 rw-p 00000000 00:00 0 
7fb378021000-7fb37c000000 ---p 00000000 00:00 0 
7fb37c000000-7fb37c0a6000 rw-p 00000000 00:00 0 
7fb37c0a6000-7fb380000000 ---p 00000000 00:00 0 
7fb380000000-7fb380029000 rw-p 00000000 00:00 0 
7fb380029000-7fb384000000 ---p 00000000 00:00 0 
7fb384000000-7fb384021000 rw-p 00000000 00:00 0 
7fb384021000-7fb388000000 ---p 00000000 00:00 0 
7fb388000000-7fb388021000 rw-p 00000000 00:00 0 
7fb388021000-7fb38c000000 ---p 00000000 00:00 0 
7fb38c000000-7fb38c021000 rw-p 00000000 00:00 0 
7fb38c021000-7fb390000000 ---p 00000000 00:00 0 
7fb390000000-7fb390021000 rw-p 00000000 00:00 0 
7fb390021000-7fb394000000 ---p 00000000 00:00 0 
7fb394000000-7fb394021000 rw-p 00000000 00:00 0 
7fb394021000-7fb398000000 ---p 00000000 00:00 0 
7fb398000000-7fb398040000 rw-p 00000000 00:00 0 
7fb398040000-7fb398400000 ---p 00000000 00:00 0 
7fb398400000-7fb398410000 rw-p 00000000 00:00 0 
7fb398410000-7fb39c000000 ---p 00000000 00:00 0 
7fb39c000000-7fb39c021000 rw-p 00000000 00:00 0 
7fb39c021000-7fb3a0000000 ---p 00000000 00:00 0 
7fb3a090d000-7fb3a2000000 rw-p 00000000 00:00 0 
7fb3a2000000-7fb3a2001000 ---p 00000000 00:00 0 
7fb3a2001000-7fb3a2e93000 rw-p 00001000 08:02 1359547                    /home/jatinbha/sandboxes/lworld/build/linux-x86_64-server-slowdebug/images/jdk/lib/server/classes_valhalla.jsa
7fb3a2e93000-7fb3a3000000 ---p 00000000 00:00 0 
7fb3a3000000-7fb3a3010000 rw-p 00000000 00:00 0 
7fb3a3010000-7fb3a3040000 ---p 00000000 00:00 0 
7fb3a3040000-7fb3a3050000 rw-p 00000000 00:00 0 
7fb3a3050000-7fb3e3000000 ---p 00000000 00:00 0 
7fb3e37de000-7fb3e4000000 rw-p 00000000 00:00 0 
7fb3e4000000-7fb3e4021000 rw-p 00000000 00:00 0 
7fb3e4021000-7fb3e8000000 ---p 00000000 00:00 0 
7fb3e8000000-7fb3e8021000 rw-p 00000000 00:00 0 
7fb3e8021000-7fb3ec000000 ---p 00000000 00:00 0 
7fb3ec000000-7fb3ec021000 rw-p 00000000 00:00 0 
7fb3ec021000-7fb3f0000000 ---p 00000000 00:00 0 
7fb3f04ca000-7fb3f1393000 rw-p 00000000 00:00 0 
7fb3f1393000-7fb3f1397000 ---p 00000000 00:00 0 
7fb3f1397000-7fb3f1494000 rw-p 00000000 00:00 0 
7fb3f1494000-7fb3f1498000 ---p 00000000 00:00 0 
7fb3f1498000-7fb3f1595000 rw-p 00000000 00:00 0 
7fb3f1595000-7fb3f1599000 r--p 00000000 08:02 1359003                    /home/jatinbha/sandboxes/lworld/build/linux-x86_64-server-slowdebug/images/jdk/lib/libjsvml.so
7fb3f1599000-7fb3f15da000 r-xp 00004000 08:02 1359003                    /home/jatinbha/sandboxes/lworld/build/linux-x86_64-server-slowdebug/images/jdk/lib/libjsvml.so
7fb3f15da000-7fb3f1663000 r--p 00045000 08:02 1359003                    /home/jatinbha/sandboxes/lworld/build/linux-x86_64-server-slowdebug/images/jdk/lib/libjsvml.so
7fb3f1663000-7fb3f1664000 r--p 000cd000 08:02 1359003                    /home/jatinbha/sandboxes/lworld/build/linux-x86_64-server-slowdebug/images/jdk/lib/libjsvml.so
7fb3f1664000-7fb3f1665000 rw-p 000ce000 08:02 1359003                    /home/jatinbha/sandboxes/lworld/build/linux-x86_64-server-slowdebug/images/jdk/lib/libjsvml.so
7fb3f1665000-7fb3f1668000 r--p 00000000 08:02 1358958                    /home/jatinbha/sandboxes/lworld/build/linux-x86_64-server-slowdebug/images/jdk/lib/libsimdsort.so
7fb3f1668000-7fb3f16ed000 r-xp 00003000 08:02 1358958                    /home/jatinbha/sandboxes/lworld/build/linux-x86_64-server-slowdebug/images/jdk/lib/libsimdsort.so
7fb3f16ed000-7fb3f16fe000 r--p 00088000 08:02 1358958                    /home/jatinbha/sandboxes/lworld/build/linux-x86_64-server-slowdebug/images/jdk/lib/libsimdsort.so
7fb3f16fe000-7fb3f16ff000 r--p 00098000 08:02 1358958                    /home/jatinbha/sandboxes/lworld/build/linux-x86_64-server-slowdebug/images/jdk/lib/libsimdsort.so
7fb3f16ff000-7fb3f1700000 rw-p 00099000 08:02 1358958                    /home/jatinbha/sandboxes/lworld/build/linux-x86_64-server-slowdebug/images/jdk/lib/libsimdsort.so
7fb3f1700000-7fb3f1704000 ---p 00000000 00:00 0 
7fb3f1704000-7fb3f1801000 rw-p 00000000 00:00 0 
7fb3f1801000-7fb3f1805000 ---p 00000000 00:00 0 
7fb3f1805000-7fb3f1902000 rw-p 00000000 00:00 0 
7fb3f1902000-7fb3f1906000 ---p 00000000 00:00 0 
7fb3f1906000-7fb3f1a03000 rw-p 00000000 00:00 0 
7fb3f1a03000-7fb3f1f73000 r--p 00000000 08:02 7083103                    /usr/lib/locale/locale-archive
7fb3f1f73000-7fb3f2090000 rw-p 00000000 00:00 0 
7fb3f2090000-7fb3f2091000 ---p 00000000 00:00 0 
7fb3f2091000-7fb3f2095000 ---p 00000000 00:00 0 
7fb3f2095000-7fb3f2191000 rw-p 00000000 00:00 0 
7fb3f2191000-7fb3f2192000 ---p 00000000 00:00 0 
7fb3f2192000-7fb3f2196000 ---p 00000000 00:00 0 
7fb3f2196000-7fb3f2292000 rw-p 00000000 00:00 0 
7fb3f2292000-7fb3f2293000 ---p 00000000 00:00 0 
7fb3f2293000-7fb3f2393000 rw-p 00000000 00:00 0 
7fb3f2393000-7fb3f2394000 ---p 00000000 00:00 0 
7fb3f2394000-7fb3f2398000 ---p 00000000 00:00 0 
7fb3f2398000-7fb3f2494000 rw-p 00000000 00:00 0 
7fb3f2494000-7fb3f2495000 ---p 00000000 00:00 0 
7fb3f2495000-7fb3f2499000 ---p 00000000 00:00 0 
7fb3f2499000-7fb3f2595000 rw-p 00000000 00:00 0 
7fb3f2595000-7fb3f2596000 ---p 00000000 00:00 0 
7fb3f2596000-7fb3f2696000 rw-p 00000000 00:00 0 
7fb3f269c000-7fb3f269f000 r--p 00000000 08:02 1358956                    /home/jatinbha/sandboxes/lworld/build/linux-x86_64-server-slowdebug/images/jdk/lib/libnet.so
7fb3f269f000-7fb3f26aa000 r-xp 00003000 08:02 1358956                    /home/jatinbha/sandboxes/lworld/build/linux-x86_64-server-slowdebug/images/jdk/lib/libnet.so
7fb3f26aa000-7fb3f26ac000 r--p 0000e000 08:02 1358956                    /home/jatinbha/sandboxes/lworld/build/linux-x86_64-server-slowdebug/images/jdk/lib/libnet.so
7fb3f26ac000-7fb3f26ad000 ---p 00010000 08:02 1358956                    /home/jatinbha/sandboxes/lworld/build/linux-x86_64-server-slowdebug/images/jdk/lib/libnet.so
7fb3f26ad000-7fb3f26ae000 r--p 00010000 08:02 1358956                    /home/jatinbha/sandboxes/lworld/build/linux-x86_64-server-slowdebug/images/jdk/lib/libnet.so
7fb3f26ae000-7fb3f26af000 rw-p 00011000 08:02 1358956                    /home/jatinbha/sandboxes/lworld/build/linux-x86_64-server-slowdebug/images/jdk/lib/libnet.so
7fb3f26af000-7fb3f26b5000 r--p 00000000 08:02 1358957                    /home/jatinbha/sandboxes/lworld/build/linux-x86_64-server-slowdebug/images/jdk/lib/libnio.so
7fb3f26b5000-7fb3f26c1000 r-xp 00006000 08:02 1358957                    /home/jatinbha/sandboxes/lworld/build/linux-x86_64-server-slowdebug/images/jdk/lib/libnio.so
7fb3f26c1000-7fb3f26c4000 r--p 00012000 08:02 1358957                    /home/jatinbha/sandboxes/lworld/build/linux-x86_64-server-slowdebug/images/jdk/lib/libnio.so
7fb3f26c4000-7fb3f26c5000 ---p 00015000 08:02 1358957                    /home/jatinbha/sandboxes/lworld/build/linux-x86_64-server-slowdebug/images/jdk/lib/libnio.so
7fb3f26c5000-7fb3f26c6000 r--p 00015000 08:02 1358957                    /home/jatinbha/sandboxes/lworld/build/linux-x86_64-server-slowdebug/images/jdk/lib/libnio.so
7fb3f26c6000-7fb3f26c7000 rw-p 00016000 08:02 1358957                    /home/jatinbha/sandboxes/lworld/build/linux-x86_64-server-slowdebug/images/jdk/lib/libnio.so
7fb3f26c7000-7fb3f26c8000 ---p 00000000 00:00 0 
7fb3f26c8000-7fb3f27c8000 rw-p 00000000 00:00 0 
7fb3f27c8000-7fb3f27c9000 ---p 00000000 00:00 0 
7fb3f27c9000-7fb3f8000000 rw-p 00000000 00:00 0 
7fb3f8000000-7fb3f8021000 rw-p 00000000 00:00 0 
7fb3f8021000-7fb3fc000000 ---p 00000000 00:00 0 
7fb3fc000000-7fb3fc021000 rw-p 00000000 00:00 0 
7fb3fc021000-7fb400000000 ---p 00000000 00:00 0 
7fb400000000-7fb400021000 rw-p 00000000 00:00 0 
7fb400021000-7fb404000000 ---p 00000000 00:00 0 
7fb404001000-7fb405213000 rw-p 00000000 00:00 0 
7fb405213000-7fb405214000 ---p 00000000 00:00 0 
7fb405214000-7fb405314000 rw-p 00000000 00:00 0 
7fb405314000-7fb405315000 ---p 00000000 00:00 0 
7fb405315000-7fb405415000 rw-p 00000000 00:00 0 
7fb405415000-7fb405416000 ---p 00000000 00:00 0 
7fb405416000-7fb407905000 rw-p 00000000 00:00 0 
7fb407905000-7fb423105000 ---p 00000000 00:00 0 
7fb423105000-7fb423505000 rw-p 00000000 00:00 0 
7fb423505000-7fb426c05000 ---p 00000000 00:00 0 
7fb426c05000-7fb427005000 rw-p 00000000 00:00 0 
7fb427005000-7fb42a705000 ---p 00000000 00:00 0 
7fb42a705000-7fb42c40e000 rw-p 00000000 00:00 0 
7fb42c40e000-7fb42c67e000 rwxp 00000000 00:00 0 
7fb42c67e000-7fb4337dd000 ---p 00000000 00:00 0 
7fb4337dd000-7fb433a4d000 rwxp 00000000 00:00 0 
7fb433a4d000-7fb43403d000 ---p 00000000 00:00 0 
7fb43403d000-7fb4342ad000 rwxp 00000000 00:00 0 
7fb4342ad000-7fb43b40e000 ---p 00000000 00:00 0 
7fb43b40e000-7fb444000000 r--s 00000000 08:02 1358695                    /home/jatinbha/sandboxes/lworld/build/linux-x86_64-server-slowdebug/images/jdk/lib/modules
7fb444000000-7fb444490000 rw-p 00000000 00:00 0 
7fb444490000-7fb448000000 ---p 00000000 00:00 0 
7fb448008000-7fb44800f000 r--s 00000000 08:02 7736849                    /usr/lib/x86_64-linux-gnu/gconv/gconv-modules.cache
7fb44800f000-7fb448011000 r--s 00037000 08:02 1358968                    /home/jatinbha/sandboxes/lworld/build/linux-x86_64-server-slowdebug/images/jdk/lib/valueclasses/java.base-valueclasses.jar
7fb448011000-7fb448013000 r--p 00000000 08:02 1358961                    /home/jatinbha/sandboxes/lworld/build/linux-x86_64-server-slowdebug/images/jdk/lib/libzip.so
7fb448013000-7fb44801a000 r-xp 00002000 08:02 1358961                    /home/jatinbha/sandboxes/lworld/build/linux-x86_64-server-slowdebug/images/jdk/lib/libzip.so
7fb44801a000-7fb44801c000 r--p 00009000 08:02 1358961                    /home/jatinbha/sandboxes/lworld/build/linux-x86_64-server-slowdebug/images/jdk/lib/libzip.so
7fb44801c000-7fb44801d000 r--p 0000a000 08:02 1358961                    /home/jatinbha/sandboxes/lworld/build/linux-x86_64-server-slowdebug/images/jdk/lib/libzip.so
7fb44801d000-7fb44801e000 rw-p 0000b000 08:02 1358961                    /home/jatinbha/sandboxes/lworld/build/linux-x86_64-server-slowdebug/images/jdk/lib/libzip.so
7fb44801e000-7fb44adc7000 rw-p 00000000 00:00 0 
7fb44adc7000-7fb44aeaa000 ---p 00000000 00:00 0 
7fb44aeaa000-7fb44aeaf000 rw-p 00000000 00:00 0 
7fb44aeaf000-7fb44aebb000 ---p 00000000 00:00 0 
7fb44aebb000-7fb44aec0000 rw-p 00000000 00:00 0 
7fb44aec0000-7fb44afa3000 ---p 00000000 00:00 0 
7fb44afa3000-7fb44afaf000 r--p 00000000 08:02 1358952                    /home/jatinbha/sandboxes/lworld/build/linux-x86_64-server-slowdebug/images/jdk/lib/libjava.so
7fb44afaf000-7fb44afc6000 r-xp 0000c000 08:02 1358952                    /home/jatinbha/sandboxes/lworld/build/linux-x86_64-server-slowdebug/images/jdk/lib/libjava.so
7fb44afc6000-7fb44afcc000 r--p 00023000 08:02 1358952                    /home/jatinbha/sandboxes/lworld/build/linux-x86_64-server-slowdebug/images/jdk/lib/libjava.so
7fb44afcc000-7fb44afcd000 ---p 00029000 08:02 1358952                    /home/jatinbha/sandboxes/lworld/build/linux-x86_64-server-slowdebug/images/jdk/lib/libjava.so
7fb44afcd000-7fb44afce000 r--p 00029000 08:02 1358952                    /home/jatinbha/sandboxes/lworld/build/linux-x86_64-server-slowdebug/images/jdk/lib/libjava.so
7fb44afce000-7fb44afcf000 rw-p 0002a000 08:02 1358952                    /home/jatinbha/sandboxes/lworld/build/linux-x86_64-server-slowdebug/images/jdk/lib/libjava.so
7fb44afcf000-7fb44afd0000 rw-p 00000000 00:00 0 
7fb44afd0000-7fb44afd8000 rw-s 00000000 08:02 3670042                    /tmp/hsperfdata_intel/2789013
7fb44afd8000-7fb44afdc000 r--p 00000000 08:02 1358953                    /home/jatinbha/sandboxes/lworld/build/linux-x86_64-server-slowdebug/images/jdk/lib/libjimage.so
7fb44afdc000-7fb44aff3000 r-xp 00004000 08:02 1358953                    /home/jatinbha/sandboxes/lworld/build/linux-x86_64-server-slowdebug/images/jdk/lib/libjimage.so
7fb44aff3000-7fb44affb000 r--p 0001b000 08:02 1358953                    /home/jatinbha/sandboxes/lworld/build/linux-x86_64-server-slowdebug/images/jdk/lib/libjimage.so
7fb44affb000-7fb44affd000 r--p 00022000 08:02 1358953                    /home/jatinbha/sandboxes/lworld/build/linux-x86_64-server-slowdebug/images/jdk/lib/libjimage.so
7fb44affd000-7fb44affe000 rw-p 00024000 08:02 1358953                    /home/jatinbha/sandboxes/lworld/build/linux-x86_64-server-slowdebug/images/jdk/lib/libjimage.so
7fb44affe000-7fb44b002000 ---p 00000000 00:00 0 
7fb44b002000-7fb44b0ff000 rw-p 00000000 00:00 0 
7fb44b0ff000-7fb44b10c000 r--p 00000000 08:02 7090648                    /usr/lib/x86_64-linux-gnu/libm-2.31.so
7fb44b10c000-7fb44b1b3000 r-xp 0000d000 08:02 7090648                    /usr/lib/x86_64-linux-gnu/libm-2.31.so
7fb44b1b3000-7fb44b24c000 r--p 000b4000 08:02 7090648                    /usr/lib/x86_64-linux-gnu/libm-2.31.so
7fb44b24c000-7fb44b24d000 r--p 0014c000 08:02 7090648                    /usr/lib/x86_64-linux-gnu/libm-2.31.so
7fb44b24d000-7fb44b24e000 rw-p 0014d000 08:02 7090648                    /usr/lib/x86_64-linux-gnu/libm-2.31.so
7fb44b24e000-7fb44b250000 r--p 00000000 08:02 7090661                    /usr/lib/x86_64-linux-gnu/librt-2.31.so
7fb44b250000-7fb44b254000 r-xp 00002000 08:02 7090661                    /usr/lib/x86_64-linux-gnu/librt-2.31.so
7fb44b254000-7fb44b256000 r--p 00006000 08:02 7090661                    /usr/lib/x86_64-linux-gnu/librt-2.31.so
7fb44b256000-7fb44b257000 r--p 00007000 08:02 7090661                    /usr/lib/x86_64-linux-gnu/librt-2.31.so
7fb44b257000-7fb44b258000 rw-p 00008000 08:02 7090661                    /usr/lib/x86_64-linux-gnu/librt-2.31.so
7fb44b258000-7fb44b914000 r--p 00000000 08:02 1358966                    /home/jatinbha/sandboxes/lworld/build/linux-x86_64-server-slowdebug/images/jdk/lib/server/libjvm.so
7fb44b914000-7fb44d08d000 r-xp 006bc000 08:02 1358966                    /home/jatinbha/sandboxes/lworld/build/linux-x86_64-server-slowdebug/images/jdk/lib/server/libjvm.so
7fb44d08d000-7fb44e390000 r--p 01e35000 08:02 1358966                    /home/jatinbha/sandboxes/lworld/build/linux-x86_64-server-slowdebug/images/jdk/lib/server/libjvm.so
7fb44e390000-7fb44e4b2000 r--p 03137000 08:02 1358966                    /home/jatinbha/sandboxes/lworld/build/linux-x86_64-server-slowdebug/images/jdk/lib/server/libjvm.so
7fb44e4b2000-7fb44e5fc000 rw-p 03259000 08:02 1358966                    /home/jatinbha/sandboxes/lworld/build/linux-x86_64-server-slowdebug/images/jdk/lib/server/libjvm.so
7fb44e5fc000-7fb44e6c6000 rw-p 00000000 00:00 0 
7fb44e6c6000-7fb44e6cc000 r--p 00000000 08:02 7090659                    /usr/lib/x86_64-linux-gnu/libpthread-2.31.so
7fb44e6cc000-7fb44e6dd000 r-xp 00006000 08:02 7090659                    /usr/lib/x86_64-linux-gnu/libpthread-2.31.so
7fb44e6dd000-7fb44e6e3000 r--p 00017000 08:02 7090659                    /usr/lib/x86_64-linux-gnu/libpthread-2.31.so
7fb44e6e3000-7fb44e6e4000 r--p 0001c000 08:02 7090659                    /usr/lib/x86_64-linux-gnu/libpthread-2.31.so
7fb44e6e4000-7fb44e6e5000 rw-p 0001d000 08:02 7090659                    /usr/lib/x86_64-linux-gnu/libpthread-2.31.so
7fb44e6e5000-7fb44e6e9000 rw-p 00000000 00:00 0 
7fb44e6e9000-7fb44e6ea000 r--p 00000000 08:02 7090647                    /usr/lib/x86_64-linux-gnu/libdl-2.31.so
7fb44e6ea000-7fb44e6ec000 r-xp 00001000 08:02 7090647                    /usr/lib/x86_64-linux-gnu/libdl-2.31.so
7fb44e6ec000-7fb44e6ed000 r--p 00003000 08:02 7090647                    /usr/lib/x86_64-linux-gnu/libdl-2.31.so
7fb44e6ed000-7fb44e6ee000 r--p 00003000 08:02 7090647                    /usr/lib/x86_64-linux-gnu/libdl-2.31.so
7fb44e6ee000-7fb44e6ef000 rw-p 00004000 08:02 7090647                    /usr/lib/x86_64-linux-gnu/libdl-2.31.so
7fb44e6ef000-7fb44e6f1000 r--p 00000000 08:02 7086479                    /usr/lib/x86_64-linux-gnu/libz.so.1.2.11
7fb44e6f1000-7fb44e702000 r-xp 00002000 08:02 7086479                    /usr/lib/x86_64-linux-gnu/libz.so.1.2.11
7fb44e702000-7fb44e708000 r--p 00013000 08:02 7086479                    /usr/lib/x86_64-linux-gnu/libz.so.1.2.11
7fb44e708000-7fb44e709000 ---p 00019000 08:02 7086479                    /usr/lib/x86_64-linux-gnu/libz.so.1.2.11
7fb44e709000-7fb44e70a000 r--p 00019000 08:02 7086479                    /usr/lib/x86_64-linux-gnu/libz.so.1.2.11
7fb44e70a000-7fb44e70b000 rw-p 0001a000 08:02 7086479                    /usr/lib/x86_64-linux-gnu/libz.so.1.2.11
7fb44e70b000-7fb44e72d000 r--p 00000000 08:02 7089535                    /usr/lib/x86_64-linux-gnu/libc-2.31.so
7fb44e72d000-7fb44e8a5000 r-xp 00022000 08:02 7089535                    /usr/lib/x86_64-linux-gnu/libc-2.31.so
7fb44e8a5000-7fb44e8f3000 r--p 0019a000 08:02 7089535                    /usr/lib/x86_64-linux-gnu/libc-2.31.so
7fb44e8f3000-7fb44e8f7000 r--p 001e7000 08:02 7089535                    /usr/lib/x86_64-linux-gnu/libc-2.31.so
7fb44e8f7000-7fb44e8f9000 rw-p 001eb000 08:02 7089535                    /usr/lib/x86_64-linux-gnu/libc-2.31.so
7fb44e8f9000-7fb44e8fd000 rw-p 00000000 00:00 0 
7fb44e8fd000-7fb44e900000 r--p 00000000 08:02 7090654                    /usr/lib/x86_64-linux-gnu/libnss_files-2.31.so
7fb44e900000-7fb44e907000 r-xp 00003000 08:02 7090654                    /usr/lib/x86_64-linux-gnu/libnss_files-2.31.so
7fb44e907000-7fb44e909000 r--p 0000a000 08:02 7090654                    /usr/lib/x86_64-linux-gnu/libnss_files-2.31.so
7fb44e909000-7fb44e90a000 r--p 0000b000 08:02 7090654                    /usr/lib/x86_64-linux-gnu/libnss_files-2.31.so
7fb44e90a000-7fb44e90b000 rw-p 0000c000 08:02 7090654                    /usr/lib/x86_64-linux-gnu/libnss_files-2.31.so
7fb44e90b000-7fb44e911000 rw-p 00000000 00:00 0 
7fb44e911000-7fb44e912000 ---p 00000000 00:00 0 
7fb44e912000-7fb44e913000 r--p 00000000 00:00 0 
7fb44e913000-7fb44e916000 r--p 00000000 08:02 1358954                    /home/jatinbha/sandboxes/lworld/build/linux-x86_64-server-slowdebug/images/jdk/lib/libjli.so
7fb44e916000-7fb44e924000 r-xp 00003000 08:02 1358954                    /home/jatinbha/sandboxes/lworld/build/linux-x86_64-server-slowdebug/images/jdk/lib/libjli.so
7fb44e924000-7fb44e928000 r--p 00011000 08:02 1358954                    /home/jatinbha/sandboxes/lworld/build/linux-x86_64-server-slowdebug/images/jdk/lib/libjli.so
7fb44e928000-7fb44e929000 r--p 00014000 08:02 1358954                    /home/jatinbha/sandboxes/lworld/build/linux-x86_64-server-slowdebug/images/jdk/lib/libjli.so
7fb44e929000-7fb44e92a000 rw-p 00015000 08:02 1358954                    /home/jatinbha/sandboxes/lworld/build/linux-x86_64-server-slowdebug/images/jdk/lib/libjli.so
7fb44e92a000-7fb44e92c000 rw-p 00000000 00:00 0 
7fb44e92c000-7fb44e92d000 r--p 00000000 08:02 7089531                    /usr/lib/x86_64-linux-gnu/ld-2.31.so
7fb44e92d000-7fb44e950000 r-xp 00001000 08:02 7089531                    /usr/lib/x86_64-linux-gnu/ld-2.31.so
7fb44e950000-7fb44e958000 r--p 00024000 08:02 7089531                    /usr/lib/x86_64-linux-gnu/ld-2.31.so
7fb44e958000-7fb44e959000 rwxp 00000000 00:00 0 
7fb44e959000-7fb44e95a000 r--p 0002c000 08:02 7089531                    /usr/lib/x86_64-linux-gnu/ld-2.31.so
7fb44e95a000-7fb44e95b000 rw-p 0002d000 08:02 7089531                    /usr/lib/x86_64-linux-gnu/ld-2.31.so
7fb44e95b000-7fb44e95c000 rw-p 00000000 00:00 0 
7ffcdf073000-7ffcdf094000 rw-p 00000000 00:00 0                          [stack]
7ffcdf0a6000-7ffcdf0aa000 r--p 00000000 00:00 0                          [vvar]
7ffcdf0aa000-7ffcdf0ac000 r-xp 00000000 00:00 0                          [vdso]
ffffffffff600000-ffffffffff601000 --xp 00000000 00:00 0                  [vsyscall]
Total number of mappings: 222

JVMTI agents: none


VM Arguments:
jvm_args: -XX:+PauseAtStartup --enable-preview -XX:CompileOnly=large_atomics::micro --add-exports=java.base/jdk.internal.vm.annotation=ALL-UNNAMED 
java_command: large_atomics
java_class_path (initial): .
Launcher Type: SUN_STANDARD

[Global flags]
     bool AOTInvokeDynamicLinking                  = false                                  {diagnostic} {ergonomic}     AOT-link JVM_CONSTANT_InvokeDynamic entries in cached ConstantPools
     intx CICompilerCount                          = 18                                        {product} {ergonomic}     Number of compiler threads to run
ccstrlist CompileOnly                              = large_atomics::micro                      {product} {command line}  List of methods (pkg/class.name) to restrict compilation to
     uint ConcGCThreads                            = 18                                        {product} {ergonomic}     Number of threads concurrent gc will use
     bool EnableValhalla                           = true                                      {product} {command line}  Enable experimental Valhalla features
     uint G1ConcRefinementThreads                  = 73                                        {product} {ergonomic}     The number of parallel remembered set update threads. Will be set ergonomically by default.
   size_t G1HeapRegionSize                         = 16777216                                  {product} {ergonomic}     Size of the G1 regions.
   size_t InitialHeapSize                          = 2147483648                                {product} {ergonomic}     Initial heap size (in bytes); zero means use ergonomics
   size_t MarkStackSize                            = 4194304                                   {product} {ergonomic}     Size of marking stack in bytes.
   size_t MarkStackSizeMax                         = 536870912                                 {product} {ergonomic}     Maximum size of marking stack in bytes.
   size_t MaxHeapSize                              = 31675383808                               {product} {ergonomic}     Maximum heap size (in bytes)
   size_t MaxNewSize                               = 18991808512                               {product} {ergonomic}     Maximum new generation size (in bytes), max_uintx means set ergonomically
   size_t MinHeapDeltaBytes                        = 16777216                                  {product} {ergonomic}     The minimum change in heap space due to GC (in bytes)
   size_t MinHeapSize                              = 16777216                                  {product} {ergonomic}     Minimum heap size (in bytes); zero means use ergonomics
    uintx NonNMethodCodeHeapSize                   = 8781824                                {pd product} {ergonomic}     Size of code heap with non-nmethods (in bytes)
    uintx NonProfiledCodeHeapSize                  = 121442304                              {pd product} {ergonomic}     Size of code heap with non-profiled methods (in bytes)
     bool PauseAtStartup                           = true                                   {diagnostic} {command line}  Causes the VM to pause at startup time and wait for the pause file to be removed (default: ./vm.paused.<pid>)
    uintx ProfiledCodeHeapSize                     = 121434112                              {pd product} {ergonomic}     Size of code heap with profiled methods (in bytes)
    uintx ReservedCodeCacheSize                    = 251658240                              {pd product} {ergonomic}     Reserved code cache size (in bytes) - maximum code cache size
     bool SegmentedCodeCache                       = true                                      {product} {ergonomic}     Use a segmented code cache
   size_t SoftMaxHeapSize                          = 31675383808                            {manageable} {ergonomic}     Soft limit for maximum heap size (in bytes)
     bool THPStackMitigation                       = false                                  {diagnostic} {ergonomic}     If THPs are unconditionally enabled on the system (mode "always"), the JVM will prevent THP from forming in thread stacks. When disabled, the absence of this mitigationallows THPs to form in thread stacks.
     bool UseCompressedOops                        = true                           {product lp64_product} {ergonomic}   Use 32-bit object references in 64-bit VM. lp64_product means flag is always constant in 32 bit VM
     bool UseG1GC                                  = true                                      {product} {ergonomic}     Use the Garbage-First garbage collector
      int X86ICacheSync                            = 3                                 {ARCH diagnostic} {ergonomic}     Select the X86 ICache sync mechanism: -1 = auto-select; 0 = none (dangerous); 1 = CLFLUSH loop; 2 = CLFLUSHOPT loop; 3 = CLWB loop; 4 = single CPUID; 5 = single SERIALIZE. Explicitly selected mechanism will fail at startup if hardware does not support it.

Logging:
Log output configuration:
 #0: stdout all=warning uptime,level,tags foldmultilines=false
 #1: stderr all=off uptime,level,tags foldmultilines=false

Release file:
IMPLEMENTOR="N/A"
JAVA_RUNTIME_VERSION="25-internal-adhoc.root.lworld"
JAVA_VERSION="25"
JAVA_VERSION_DATE="2025-09-16"
LIBC="gnu"
MODULES="java.base java.compiler java.datatransfer java.xml java.prefs java.desktop java.instrument java.logging java.management java.security.sasl java.naming java.rmi java.management.rmi java.net.http java.scripting java.security.jgss java.transaction.xa java.sql java.sql.rowset java.xml.crypto java.se java.smartcardio jdk.accessibility jdk.internal.jvmstat jdk.attach jdk.charsets jdk.internal.opt jdk.zipfs jdk.compiler jdk.crypto.cryptoki jdk.crypto.ec jdk.dynalink jdk.internal.ed jdk.editpad jdk.internal.vm.ci jdk.graal.compiler jdk.graal.compiler.management jdk.hotspot.agent jdk.httpserver jdk.incubator.vector jdk.internal.le jdk.internal.md jdk.jartool jdk.javadoc jdk.jcmd jdk.management jdk.management.agent jdk.jconsole jdk.jdeps jdk.jdwp.agent jdk.jdi jdk.jfr jdk.jlink jdk.jpackage jdk.jshell jdk.jsobject jdk.jstatd jdk.localedata jdk.management.jfr jdk.naming.dns jdk.naming.rmi jdk.net jdk.nio.mapmode jdk.sctp jdk.security.auth jdk.security.jgss jdk.unsupported jdk.unsupported.desktop jdk.xml.dom"
OS_ARCH="x86_64"
OS_NAME="Linux"
SOURCE=".:git:bcee14548662+"

Environment Variables:
JAVA_HOME=/home/jatinbha/sandboxes/lworld/build/linux-x86_64-server-slowdebug/images/jdk/
PATH=/home/jatinbha/sandboxes/lworld/build/linux-x86_64-server-slowdebug/images/jdk//bin:/home/jatinbha/.local/bin:/home/jatinbha/bin:/home/jatinbha/sandboxes/mx:/home/jatinbha/softwares/jextract-22:/home/jatinbha/softwares/cmake-3.28.3-linux-x86_64/bin:/home/jatinbha/softwares/cmake-3.26.3-linux-x86_64/bin:/home/jatinbha/softwares/jdk-17.0.2//bin:/home/jatinbha/softwares/thrift-0.16.0/bin:/home/jatinbha/softwares/jdk8u322-b06//bin:/home/jatinbha/softwares/jdk-17//bin:/home/jatinbha/softwares/apache-maven-3.6.3/bin:/home/jatinbha/sandboxes/skara/build/bin:/usr/local/sbin:/usr/local/bin:/usr/sbin:/usr/bin:/sbin:/bin:/usr/games:/usr/local/games:/snap/bin
LD_LIBRARY_PATH=/home/jatinbha/softwares:
SHELL=/bin/bash
LANG=en_IN
TERM=xterm-256color

Active Locale:
LC_ALL=en_IN
LC_COLLATE=en_IN
LC_CTYPE=en_IN
LC_MESSAGES=en_IN
LC_MONETARY=en_IN
LC_NUMERIC=en_IN
LC_TIME=en_IN

Signal Handlers:
   SIGSEGV: crash_handler in libjvm.so, mask=11100100010111111101111111111110, flags=SA_RESTART|SA_SIGINFO, unblocked
    SIGBUS: crash_handler in libjvm.so, mask=11100100010111111101111111111110, flags=SA_RESTART|SA_SIGINFO, unblocked
    SIGFPE: crash_handler in libjvm.so, mask=11100100010111111101111111111110, flags=SA_RESTART|SA_SIGINFO, unblocked
   SIGPIPE: javaSignalHandler in libjvm.so, mask=11100100010111111101111111111110, flags=SA_RESTART|SA_SIGINFO, unblocked
   SIGXFSZ: javaSignalHandler in libjvm.so, mask=11100100010111111101111111111110, flags=SA_RESTART|SA_SIGINFO, unblocked
    SIGILL: crash_handler in libjvm.so, mask=11100100010111111101111111111110, flags=SA_RESTART|SA_SIGINFO, unblocked
   SIGUSR2: SR_handler in libjvm.so, mask=00000000000000000000000000000000, flags=SA_RESTART|SA_SIGINFO, unblocked
    SIGHUP: UserHandler in libjvm.so, mask=11100100010111111101111111111110, flags=SA_RESTART|SA_SIGINFO, unblocked
    SIGINT: UserHandler in libjvm.so, mask=11100100010111111101111111111110, flags=SA_RESTART|SA_SIGINFO, unblocked
   SIGTERM: UserHandler in libjvm.so, mask=11100100010111111101111111111110, flags=SA_RESTART|SA_SIGINFO, unblocked
   SIGQUIT: UserHandler in libjvm.so, mask=11100100010111111101111111111110, flags=SA_RESTART|SA_SIGINFO, blocked
   SIGTRAP: crash_handler in libjvm.so, mask=11100100010111111101111111111110, flags=SA_RESTART|SA_SIGINFO, unblocked


Native Memory Tracking:

(Omitting categories weighting less than 1KB)

Total: reserved=33173120KB, committed=2402152KB
       malloc: 203516KB #27461, peak=203161KB #27463
       mmap:   reserved=32969604KB, committed=2198636KB

-                 Java Heap (reserved=30932992KB, committed=2097152KB)
                            (mmap: reserved=30932992KB, committed=2097152KB, at peak)

-                     Class (reserved=1048670KB, committed=222KB)
                            (classes #1070)
                            (  instance classes #922, array classes #148)
                            (malloc=94KB #1307) (peak=94KB #1306)
                            (mmap: reserved=1048576KB, committed=128KB, at peak)
                            (  Metadata:   )
                            (    reserved=65536KB, committed=320KB)
                            (    used=258KB)
                            (    waste=62KB =19.27%)
                            (  Class space:)
                            (    reserved=1048576KB, committed=128KB)
                            (    used=15KB)
                            (    waste=113KB =88.16%)

-                    Thread (reserved=17485KB, committed=817KB)
                            (threads #17)
                            (stack: reserved=17432KB, committed=764KB, peak=764KB)
                            (malloc=36KB #103) (peak=44KB #107)
                            (arena=18KB #30) (peak=136KB #30)

-                      Code (reserved=248130KB, committed=7994KB)
                            (malloc=413KB #11776) (peak=413KB #11778)
                            (mmap: reserved=247684KB, committed=7548KB, at peak)
                            (arena=33KB #1) (peak=34KB #2)

-                        GC (reserved=793991KB, committed=230791KB)
                            (malloc=153035KB #1154) (at peak)
                            (mmap: reserved=640956KB, committed=77756KB, at peak)

-                  Compiler (reserved=519KB, committed=519KB)
                            (malloc=31KB #37) (peak=31KB #41)
                            (arena=488KB #11) (peak=636KB #12)

-                  Internal (reserved=47371KB, committed=47371KB)
                            (malloc=47335KB #7217) (peak=47336KB #7218)
                            (mmap: reserved=36KB, committed=36KB, at peak)

-                     Other (reserved=0KB, committed=0KB)
                            (malloc=0KB) (peak=2KB #1)

-                    Symbol (reserved=1252KB, committed=1252KB)
                            (malloc=892KB #3349) (at peak)
                            (arena=360KB #1) (at peak)

-    Native Memory Tracking (reserved=489KB, committed=489KB)
                            (malloc=6KB #63) (at peak)
                            (arena=0KB #0) (peak=128KB #1)
                            (tracking overhead=483KB)

-        Shared class space (reserved=16384KB, committed=14924KB, readonly=0KB)
                            (mmap: reserved=16384KB, committed=14924KB, peak=15120KB)

-               Arena Chunk (reserved=33KB, committed=33KB)
                            (malloc=33KB #59) (peak=1079KB #62)

-                    Module (reserved=199KB, committed=199KB)
                            (malloc=199KB #2135) (at peak)

-                 Safepoint (reserved=8KB, committed=8KB)
                            (mmap: reserved=8KB, committed=8KB, at peak)

-           Synchronization (reserved=28KB, committed=28KB)
                            (malloc=28KB #210) (at peak)

-            Serviceability (reserved=17KB, committed=17KB)
                            (malloc=17KB #10) (peak=17KB #14)

-                 Metaspace (reserved=65549KB, committed=333KB)
                            (malloc=13KB #11) (at peak)
                            (mmap: reserved=65536KB, committed=320KB, at peak)

-      String Deduplication (reserved=1KB, committed=1KB)
                            (malloc=1KB #8) (at peak)

-           Object Monitors (reserved=1KB, committed=1KB)
                            (malloc=1KB #3) (at peak)

Preinit state:entries: 398 (primary: 398, empties: 7793), sum bytes: 15122, longest chain length: 1
pre-init mallocs: 463, pre-init reallocs: 3, pre-init frees: 65
MallocLimit: unset

Compiler Memory Statistic, 10 most expensive compilations:
ctyp  total     ra        node      comp      type      states    reglive   regsplit  superword cienv     ha        other     #nodes  result  limit     time    id    thread             method
c1    130912    130912    0         0         0         0         0         0         0         0         0         0         -       ok      1073741824 26.877 28    0x00007fb44437fef0 large_atomics::micro((LComplexValue;LComplexValue;)LComplexValue;) 
Total: 1 (C1: 1, C2: 0)

Periodic native trim disabled

---------------  S Y S T E M  ---------------

OS:
DISTRIB_ID=Ubuntu
DISTRIB_RELEASE=20.04
DISTRIB_CODENAME=focal
DISTRIB_DESCRIPTION="Ubuntu 20.04.2 LTS"
uname: Linux intel-S2600WFT 5.8.0-41-generic #46~20.04.1-Ubuntu SMP Mon Jan 18 17:52:23 UTC 2021 x86_64
OS uptime: 174 days 6:38 hours
libc: glibc 2.31 NPTL 2.31 
rlimit (soft/hard): STACK 8192k/infinity , CORE 0k/infinity , NPROC 3090646/3090646 , NOFILE 1048576/1048576 , AS infinity/infinity , CPU infinity/infinity , DATA infinity/infinity , FSIZE infinity/infinity , MEMLOCK 65536k/65536k
load average: 0.01 0.07 0.07

/proc/meminfo:
MemTotal:       791263980 kB
MemFree:        632397004 kB
MemAvailable:   781523280 kB
Buffers:         3390724 kB
Cached:         138373548 kB
SwapCached:        22920 kB
Active:         75679412 kB
Inactive:       67613480 kB
Active(anon):    1288724 kB
Inactive(anon):   242704 kB
Active(file):   74390688 kB
Inactive(file): 67370776 kB
Unevictable:           0 kB
Mlocked:               0 kB
SwapTotal:       2097148 kB
SwapFree:        1936892 kB
Dirty:               144 kB
Writeback:             0 kB
AnonPages:       1511720 kB
Mapped:           714596 kB
Shmem:              5592 kB
KReclaimable:   12418992 kB
Slab:           14135880 kB
SReclaimable:   12418992 kB
SUnreclaim:      1716888 kB
KernelStack:       29344 kB
PageTables:        17812 kB
NFS_Unstable:          0 kB
Bounce:                0 kB
WritebackTmp:          0 kB
CommitLimit:    397729136 kB
Committed_AS:   10835408 kB
VmallocTotal:   34359738367 kB
VmallocUsed:      480248 kB
VmallocChunk:          0 kB
Percpu:           354368 kB
HardwareCorrupted:     0 kB
AnonHugePages:         0 kB
ShmemHugePages:        0 kB
ShmemPmdMapped:        0 kB
FileHugePages:         0 kB
FilePmdMapped:         0 kB
HugePages_Total:       0
HugePages_Free:        0
HugePages_Rsvd:        0
HugePages_Surp:        0
Hugepagesize:       2048 kB
Hugetlb:               0 kB
DirectMap4k:     5862812 kB
DirectMap2M:    360826880 kB
DirectMap1G:    439353344 kB

/sys/kernel/mm/transparent_hugepage/enabled: always [madvise] never
/sys/kernel/mm/transparent_hugepage/hpage_pmd_size: 2097152
/sys/kernel/mm/transparent_hugepage/shmem_enabled: always within_size advise [never] deny force
/sys/kernel/mm/transparent_hugepage/defrag (defrag/compaction efforts parameter): always defer defer+madvise [madvise] never

Process Memory:
Virtual Size: 34492456K (peak: 34492588K)
Resident Set Size: 292456K (peak: 292456K) (anon: 247804K, file: 44652K, shmem: 0K)
Swapped out: 0K
C-Heap outstanding allocations: 204954K, retained: 2293K (may have wrapped)
glibc malloc tunables: (default)

/proc/sys/kernel/threads-max (system-wide limit on the number of threads): 6181293
/proc/sys/vm/max_map_count (maximum number of memory map areas a process may have): 65530
/proc/sys/vm/swappiness (control to define how aggressively the kernel swaps out anonymous memory): 60
/proc/sys/kernel/pid_max (system-wide limit on number of process identifiers): 4194304

container information not found.
Steal ticks since vm start: 0
Steal ticks percentage since vm start:  0.000

CPU: total 112 (initial active 112) (28 cores per cpu, 2 threads per core) family 6 model 85 stepping 7 microcode 0x5003006, cx8, cmov, fxsr, ht, mmx, 3dnowpref, sse, sse2, sse3, ssse3, sse4.1, sse4.2, popcnt, lzcnt, tsc, tscinvbit, avx, avx2, aes, erms, clmul, bmi1, bmi2, adx, avx512f, avx512dq, avx512cd, avx512bw, avx512vl, fma, vzeroupper, avx512_vnni, clflush, clflushopt, clwb, rdtscp, f16c, pku, ospke
CPU Model and flags from /proc/cpuinfo:
model name	: Intel(R) Xeon(R) Platinum 8280 CPU @ 2.70GHz
flags		: fpu vme de pse tsc msr pae mce cx8 apic sep mtrr pge mca cmov pat pse36 clflush dts acpi mmx fxsr sse sse2 ss ht tm pbe syscall nx pdpe1gb rdtscp lm constant_tsc art arch_perfmon pebs bts rep_good nopl xtopology nonstop_tsc cpuid aperfmperf pni pclmulqdq dtes64 monitor ds_cpl smx est tm2 ssse3 sdbg fma cx16 xtpr pdcm pcid dca sse4_1 sse4_2 x2apic movbe popcnt tsc_deadline_timer aes xsave avx f16c rdrand lahf_lm abm 3dnowprefetch cpuid_fault epb cat_l3 cdp_l3 invpcid_single ssbd mba ibrs ibpb stibp ibrs_enhanced fsgsbase tsc_adjust bmi1 avx2 smep bmi2 erms invpcid cqm mpx rdt_a avx512f avx512dq rdseed adx smap clflushopt clwb intel_pt avx512cd avx512bw avx512vl xsaveopt xsavec xgetbv1 xsaves cqm_llc cqm_occup_llc cqm_mbm_total cqm_mbm_local dtherm ida arat pln pts hwp hwp_act_window hwp_epp hwp_pkg_req pku ospke avx512_vnni md_clear flush_l1d arch_capabilities

Online cpus: 0-111
Offline cpus: 
cache level: 1
cache type: Data
cache size: 32K
cache coherency line size: 64
cache level: 1
cache type: Instruction
cache size: 32K
cache coherency line size: 64
cache level: 2
cache type: Unified
cache size: 1024K
cache coherency line size: 64
cache level: 3
cache type: Unified
cache size: 39424K
cache coherency line size: 64
BIOS frequency limitation: <Not Available>
Frequency switch latency (ns): 0
Available cpu frequencies: <Not Available>
Maximum cpu frequency: 4000000
Minimum cpu frequency: 1000000
Current cpu frequency: 1882002
Available governors: performance powersave
Current governor: powersave
Core performance/turbo boost: <Not Available>

Memory: 4k page, physical 791263980k(781523100k free), swap 2097148k(1936892k free)
Page Sizes: 4k

vm_info: OpenJDK 64-Bit Server VM (slowdebug 25-internal-adhoc.root.lworld) for linux-amd64 JRE (25-internal-adhoc.root.lworld), built on 2025-03-28T06:15:52Z with gcc 10.5.0

END.
