#
# A fatal error has been detected by the Java Runtime Environment:
#
#  SIGSEGV (0xb) at pc=0x00007f01fba81a15, pid=2309395, tid=2309396
#
# JRE version:  (20.0) (fastdebug build )
# Java VM: OpenJDK 64-Bit Server VM (fastdebug 20-internal-adhoc.root.jdk, mixed mode, sharing, tiered, compressed oops, compressed class ptrs, g1 gc, linux-amd64)
# Problematic frame:
# V  [libjvm.so+0xf87a15]  init_globals()+0x15
#
# Core dump will be written. Default location: Core dumps may be processed with "/usr/share/apport/apport %p %s %c %d %P %E" (or dumping to /home/jatinbha/code/java/presto/core.2309395)
#
#

---------------  S U M M A R Y ------------

Command Line: -Dapplication.home=/home/jatinbha/sandboxes/jdk/jdk/build/linux-x86_64-server-fastdebug/jdk --add-modules=ALL-DEFAULT -Xms8m -Djdk.module.main=jdk.compiler jdk.compiler/com.sun.tools.javac.Main --add-modules=jdk.incubator.vector test.java

Host: intel-S2600WFT, Intel(R) Xeon(R) Platinum 8280 CPU @ 2.70GHz, 112 cores, 754G, Ubuntu 20.04.2 LTS
Time: Mon Nov  7 15:01:22 2022 IST elapsed time: 0.039809 seconds (0d 0h 0m 0s)

---------------  T H R E A D  ---------------

Current thread (0x00007f01f40288d0):  JavaThread "Unknown thread" [_thread_in_vm, id=2309396, stack(0x00007f01fa8aa000,0x00007f01fa9ab000)]

Stack: [0x00007f01fa8aa000,0x00007f01fa9ab000],  sp=0x00007f01fa9a9bc0,  free space=1022k
Native frames: (J=compiled Java code, j=interpreted, Vv=VM code, C=native code)
V  [libjvm.so+0xf87a15]  init_globals()+0x15  (init.cpp:117)
V  [libjvm.so+0x1b14e74]  Threads::create_vm(JavaVMInitArgs*, bool*)+0x2e4  (threads.cpp:570)
V  [libjvm.so+0x112055c]  JNI_CreateJavaVM+0x9c  (jni.cpp:3624)
C  [libjli.so+0x4721]  JavaMain+0xa1  (java.c:1457)
C  [libjli.so+0x7f8d]  ThreadJavaMain+0xd  (java_md.c:650)


siginfo: si_signo: 11 (SIGSEGV), si_code: 1 (SEGV_MAPERR), si_addr: 0x000000000000000c

Registers:
RAX=0x0000000000000000, RBX=0x00007f01fa9a9dcf, RCX=0x0000000000000000, RDX=0x0000000000000280
RSP=0x00007f01fa9a9bc0, RBP=0x00007f01fa9a9bd0, RSI=0x00007f01fce218c0, RDI=0x00007f01f4030020
R8 =0x00007f01f4030010, R9 =0x0000000000000000, R10=0x00007f01fce10a78, R11=0x0000000000000016
R12=0x00007f01fa9a9c00, R13=0x00007f01f40288d0, R14=0x00007f01fa9a9c20, R15=0x0000000000000000
RIP=0x00007f01fba81a15, EFLAGS=0x0000000000010206, CSGSFS=0x002b000000000033, ERR=0x0000000000000006
  TRAPNO=0x000000000000000e


Top of Stack: (sp=0x00007f01fa9a9bc0)
0x00007f01fa9a9bc0:   00007f01fa9a9c00 00007f01fa9a9c00
0x00007f01fa9a9bd0:   00007f01fa9a9da0 00007f01fc60ee74
0x00007f01fa9a9be0:   0000000000000000 0000000000000000
0x00007f01fa9a9bf0:   0000000000000000 0000000000000000
0x00007f01fa9a9c00:   0000000000000001 00000184516e1f26
0x00007f01fa9a9c10:   0000000000000000 0000000000000000
0x00007f01fa9a9c20:   0000000000000100 0000000000000000
0x00007f01fa9a9c30:   0000000000000000 0000000000000000
0x00007f01fa9a9c40:   0000000000000000 00007f01fc9d9daf
0x00007f01fa9a9c50:   0000000000000000 0000000000000000
0x00007f01fa9a9c60:   0000000000000000 0000000000000000
0x00007f01fa9a9c70:   0000000000000000 0000000000000000
0x00007f01fa9a9c80:   0000000000000000 0000000000000000
0x00007f01fa9a9c90:   0000000000000000 0000000000000000
0x00007f01fa9a9ca0:   0000000000000000 0000000000000000
0x00007f01fa9a9cb0:   0000000000000000 0000000000000000
0x00007f01fa9a9cc0:   0000000000000000 0000000000000000
0x00007f01fa9a9cd0:   0000000000000000 0000000000000000
0x00007f01fa9a9ce0:   0000000000000000 0000000000000000
0x00007f01fa9a9cf0:   0000000000000000 0000000000000000
0x00007f01fa9a9d00:   0000000000000000 0000000000000000
0x00007f01fa9a9d10:   0000000000000000 0000000000000000
0x00007f01fa9a9d20:   0000000000000000 0000000000000000
0x00007f01fa9a9d30:   0000000000000000 0000000000000000
0x00007f01fa9a9d40:   0000000000000000 0000000000000000
0x00007f01fa9a9d50:   0000000000000000 0000000000000000
0x00007f01fa9a9d60:   0000000000000000 246113ee5a368b00
0x00007f01fa9a9d70:   0000000000000000 00007f01fbc1a4c0
0x00007f01fa9a9d80:   00007f01fa9a9e90 00007f01fa9a9e88
0x00007f01fa9a9d90:   00007f01fa9a9e80 00007f01fa9a9fc0
0x00007f01fa9a9da0:   00007f01fa9a9e50 00007f01fbc1a55c
0x00007f01fa9a9db0:   0000000000000000 0000000000000000 

Instructions: (pc=0x00007f01fba81a15)
0x00007f01fba81915:   48 8b 00 c6 00 58 31 c0 e8 5e 9e c2 ff e8 d9 01
0x00007f01fba81925:   70 00 41 0f b6 85 c7 00 00 00 e9 bc fe ff ff 48
0x00007f01fba81935:   8d 05 dd 67 2f 01 48 8d 0d c5 88 de 00 48 8d 15
0x00007f01fba81945:   d2 88 de 00 be 7e 00 00 00 48 8d 3d 3b 6e de 00
0x00007f01fba81955:   48 8b 00 c6 00 58 31 c0 e8 1e 9e c2 ff e8 99 01
0x00007f01fba81965:   70 00 e9 90 fc ff ff 48 8d 05 a5 67 2f 01 48 8d
0x00007f01fba81975:   0d 38 88 d9 00 48 8d 15 69 88 de 00 be 51 00 00
0x00007f01fba81985:   00 48 8d 3d 03 6e de 00 48 8b 00 c6 00 58 31 c0
0x00007f01fba81995:   e8 e6 9d c2 ff e8 61 01 70 00 41 0f b6 85 c7 00
0x00007f01fba819a5:   00 00 e9 44 fc ff ff 0f 1f 40 00 f3 0f 1e fa 48
0x00007f01fba819b5:   8d 05 c5 2d 2e 01 48 89 07 e9 ad 70 70 ff 66 2e
0x00007f01fba819c5:   0f 1f 84 00 00 00 00 00 0f 1f 00 f3 0f 1e fa 55
0x00007f01fba819d5:   48 89 e5 e8 13 3e d7 ff e8 fe 60 f3 ff e8 49 1f
0x00007f01fba819e5:   d7 ff e8 f4 d4 65 00 e8 4f ae bb 00 e8 1a d7 77
0x00007f01fba819f5:   00 5d e9 54 a1 af 00 0f 1f 40 00 f3 0f 1e fa 55
0x00007f01fba81a05:   48 89 e5 41 54 48 83 ec 08 48 8b 05 a3 63 38 01
0x00007f01fba81a15:   c7 40 0c 01 00 00 00 e8 2f 9c 54 00 e8 ca ea 37
0x00007f01fba81a25:   00 e8 45 87 84 ff e8 80 e2 ad ff e8 ab aa b4 ff
0x00007f01fba81a35:   e8 76 ae b2 ff e8 c1 b5 c8 00 e8 cc 44 ab 00 e8
0x00007f01fba81a45:   87 cc bb 00 41 89 c4 85 c0 74 10 48 83 c4 08 44
0x00007f01fba81a55:   89 e0 41 5c 5d c3 0f 1f 44 00 00 e8 6b bb 44 00
0x00007f01fba81a65:   e8 36 98 7d ff e8 91 f9 bc ff e8 cc 44 ab 00 e8
0x00007f01fba81a75:   67 8c 03 00 e8 92 69 3a ff e8 1d ba 02 00 e8 68
0x00007f01fba81a85:   86 c9 00 e8 b3 8c 89 00 e8 4e f2 bb 00 e8 49 fb
0x00007f01fba81a95:   07 00 e8 54 8c 03 00 e8 bf 8d 7f 00 e8 7a cd 1c
0x00007f01fba81aa5:   00 e8 95 5d c8 00 e8 50 96 c9 00 e8 1b 87 fb ff
0x00007f01fba81ab5:   e8 06 e6 ba ff e8 91 27 c8 ff e8 6c ab c7 ff e8
0x00007f01fba81ac5:   f7 7d b7 ff 84 c0 74 7e 48 8d 05 31 49 38 01 80
0x00007f01fba81ad5:   38 00 75 57 e8 12 c3 bb 00 84 c0 74 5e e8 49 44
0x00007f01fba81ae5:   ab 00 e8 84 c3 60 00 48 8d 05 80 46 38 01 80 38
0x00007f01fba81af5:   00 48 8d 05 74 46 38 01 0f b6 10 75 08 84 d2 0f
0x00007f01fba81b05:   84 46 ff ff ff 48 8d 05 ef 77 30 01 31 c9 31 f6 



---------------  P R O C E S S  ---------------

uid  : 1000 euid : 1000 gid  : 1000 egid : 1000

umask: 0002 (-------w-)

Threads class SMR info:
_java_thread_list=0x00007f01fce47620, length=0, elements={
}
_java_thread_list_alloc_cnt=1, _java_thread_list_free_cnt=0, _java_thread_list_max=0, _nested_thread_list_max=0
_tlh_cnt=1, _tlh_times=0, avg_tlh_time=0.00, _tlh_time_max=0
_delete_lock_wait_cnt=0, _delete_lock_wait_max=0
_to_delete_list_cnt=0, _to_delete_list_max=0

Java Threads: ( => current thread )

Other Threads:

=>0x00007f01f40288d0 (exited) JavaThread "Unknown thread" [_thread_in_vm, id=2309396, stack(0x00007f01fa8aa000,0x00007f01fa9ab000)]

Threads with active compile tasks:

VM state: not at safepoint (not fully initialized)

VM Mutex/Monitor currently owned by a thread: None

Heap address: 0x0000000000000000, size: 0 MB, Compressed Oops mode: 32-bit

CDS archive(s) mapped at: [0x0000000000000000-0x0000000000000000-0x0000000000000000), size 0, SharedBaseAddress: 0x0000000800000000, ArchiveRelocationMode: 0.
Narrow klass base: 0x0000000000000000, Narrow klass shift: 0, Narrow klass range: 0x0

GC Precious Log:
<Not initialized>

Dll operation events (0 events):
No events

Deoptimization events (0 events):
No events

Classes loaded (0 events):
No events

Classes unloaded (0 events):
No events

Classes redefined (0 events):
No events

Internal exceptions (0 events):
No events

VM Operations (0 events):
No events

Events (1 events):
Event: 0.003 Protecting memory [0x00007f01fa8aa000,0x00007f01fa8ae000] with protection modes 0


Dynamic libraries:
5566ff59c000-5566ff59d000 r--p 00000000 08:02 25103910                   /home/jatinbha/sandboxes/jdk/jdk/build/linux-x86_64-server-fastdebug/jdk/bin/javac
5566ff59d000-5566ff59e000 r-xp 00001000 08:02 25103910                   /home/jatinbha/sandboxes/jdk/jdk/build/linux-x86_64-server-fastdebug/jdk/bin/javac
5566ff59e000-5566ff59f000 r--p 00002000 08:02 25103910                   /home/jatinbha/sandboxes/jdk/jdk/build/linux-x86_64-server-fastdebug/jdk/bin/javac
5566ff59f000-5566ff5a0000 r--p 00002000 08:02 25103910                   /home/jatinbha/sandboxes/jdk/jdk/build/linux-x86_64-server-fastdebug/jdk/bin/javac
5566ff5a0000-5566ff5a1000 rw-p 00003000 08:02 25103910                   /home/jatinbha/sandboxes/jdk/jdk/build/linux-x86_64-server-fastdebug/jdk/bin/javac
5566ff8c1000-5566ff908000 rw-p 00000000 00:00 0                          [heap]
7f01f4000000-7f01f4042000 rw-p 00000000 00:00 0 
7f01f4042000-7f01f8000000 ---p 00000000 00:00 0 
7f01f9e91000-7f01fa860000 rw-p 00000000 00:00 0 
7f01fa860000-7f01fa863000 r--p 00000000 08:02 7080081                    /usr/lib/x86_64-linux-gnu/libnss_files-2.31.so
7f01fa863000-7f01fa86a000 r-xp 00003000 08:02 7080081                    /usr/lib/x86_64-linux-gnu/libnss_files-2.31.so
7f01fa86a000-7f01fa86c000 r--p 0000a000 08:02 7080081                    /usr/lib/x86_64-linux-gnu/libnss_files-2.31.so
7f01fa86c000-7f01fa86d000 r--p 0000b000 08:02 7080081                    /usr/lib/x86_64-linux-gnu/libnss_files-2.31.so
7f01fa86d000-7f01fa86e000 rw-p 0000c000 08:02 7080081                    /usr/lib/x86_64-linux-gnu/libnss_files-2.31.so
7f01fa86e000-7f01fa874000 rw-p 00000000 00:00 0 
7f01fa889000-7f01fa88c000 r--p 00000000 08:02 25102730                   /home/jatinbha/sandboxes/jdk/jdk/build/linux-x86_64-server-fastdebug/jdk/lib/libjimage.so
7f01fa88c000-7f01fa8a0000 r-xp 00003000 08:02 25102730                   /home/jatinbha/sandboxes/jdk/jdk/build/linux-x86_64-server-fastdebug/jdk/lib/libjimage.so
7f01fa8a0000-7f01fa8a6000 r--p 00017000 08:02 25102730                   /home/jatinbha/sandboxes/jdk/jdk/build/linux-x86_64-server-fastdebug/jdk/lib/libjimage.so
7f01fa8a6000-7f01fa8a7000 ---p 0001d000 08:02 25102730                   /home/jatinbha/sandboxes/jdk/jdk/build/linux-x86_64-server-fastdebug/jdk/lib/libjimage.so
7f01fa8a7000-7f01fa8a9000 r--p 0001d000 08:02 25102730                   /home/jatinbha/sandboxes/jdk/jdk/build/linux-x86_64-server-fastdebug/jdk/lib/libjimage.so
7f01fa8a9000-7f01fa8aa000 rw-p 0001f000 08:02 25102730                   /home/jatinbha/sandboxes/jdk/jdk/build/linux-x86_64-server-fastdebug/jdk/lib/libjimage.so
7f01fa8aa000-7f01fa8ae000 ---p 00000000 00:00 0 
7f01fa8ae000-7f01fa9ab000 rw-p 00000000 00:00 0 
7f01fa9ab000-7f01fa9ba000 r--p 00000000 08:02 7080075                    /usr/lib/x86_64-linux-gnu/libm-2.31.so
7f01fa9ba000-7f01faa61000 r-xp 0000f000 08:02 7080075                    /usr/lib/x86_64-linux-gnu/libm-2.31.so
7f01faa61000-7f01faaf8000 r--p 000b6000 08:02 7080075                    /usr/lib/x86_64-linux-gnu/libm-2.31.so
7f01faaf8000-7f01faaf9000 r--p 0014c000 08:02 7080075                    /usr/lib/x86_64-linux-gnu/libm-2.31.so
7f01faaf9000-7f01faafa000 rw-p 0014d000 08:02 7080075                    /usr/lib/x86_64-linux-gnu/libm-2.31.so
7f01faafa000-7f01fade5000 r--p 00000000 08:02 25096980                   /home/jatinbha/sandboxes/jdk/jdk/build/linux-x86_64-server-fastdebug/jdk/lib/server/libjvm.so
7f01fade5000-7f01fc803000 r-xp 002eb000 08:02 25096980                   /home/jatinbha/sandboxes/jdk/jdk/build/linux-x86_64-server-fastdebug/jdk/lib/server/libjvm.so
7f01fc803000-7f01fcc86000 r--p 01d09000 08:02 25096980                   /home/jatinbha/sandboxes/jdk/jdk/build/linux-x86_64-server-fastdebug/jdk/lib/server/libjvm.so
7f01fcc86000-7f01fcd73000 r--p 0218b000 08:02 25096980                   /home/jatinbha/sandboxes/jdk/jdk/build/linux-x86_64-server-fastdebug/jdk/lib/server/libjvm.so
7f01fcd73000-7f01fcdac000 rw-p 02278000 08:02 25096980                   /home/jatinbha/sandboxes/jdk/jdk/build/linux-x86_64-server-fastdebug/jdk/lib/server/libjvm.so
7f01fcdac000-7f01fce54000 rw-p 00000000 00:00 0 
7f01fce54000-7f01fce5b000 r--p 00000000 08:02 7080090                    /usr/lib/x86_64-linux-gnu/libpthread-2.31.so
7f01fce5b000-7f01fce6c000 r-xp 00007000 08:02 7080090                    /usr/lib/x86_64-linux-gnu/libpthread-2.31.so
7f01fce6c000-7f01fce71000 r--p 00018000 08:02 7080090                    /usr/lib/x86_64-linux-gnu/libpthread-2.31.so
7f01fce71000-7f01fce72000 r--p 0001c000 08:02 7080090                    /usr/lib/x86_64-linux-gnu/libpthread-2.31.so
7f01fce72000-7f01fce73000 rw-p 0001d000 08:02 7080090                    /usr/lib/x86_64-linux-gnu/libpthread-2.31.so
7f01fce73000-7f01fce77000 rw-p 00000000 00:00 0 
7f01fce77000-7f01fce78000 r--p 00000000 08:02 7080074                    /usr/lib/x86_64-linux-gnu/libdl-2.31.so
7f01fce78000-7f01fce7a000 r-xp 00001000 08:02 7080074                    /usr/lib/x86_64-linux-gnu/libdl-2.31.so
7f01fce7a000-7f01fce7b000 r--p 00003000 08:02 7080074                    /usr/lib/x86_64-linux-gnu/libdl-2.31.so
7f01fce7b000-7f01fce7c000 r--p 00003000 08:02 7080074                    /usr/lib/x86_64-linux-gnu/libdl-2.31.so
7f01fce7c000-7f01fce7d000 rw-p 00004000 08:02 7080074                    /usr/lib/x86_64-linux-gnu/libdl-2.31.so
7f01fce7d000-7f01fce7f000 r--p 00000000 08:02 7078082                    /usr/lib/x86_64-linux-gnu/libz.so.1.2.11
7f01fce7f000-7f01fce90000 r-xp 00002000 08:02 7078082                    /usr/lib/x86_64-linux-gnu/libz.so.1.2.11
7f01fce90000-7f01fce96000 r--p 00013000 08:02 7078082                    /usr/lib/x86_64-linux-gnu/libz.so.1.2.11
7f01fce96000-7f01fce97000 ---p 00019000 08:02 7078082                    /usr/lib/x86_64-linux-gnu/libz.so.1.2.11
7f01fce97000-7f01fce98000 r--p 00019000 08:02 7078082                    /usr/lib/x86_64-linux-gnu/libz.so.1.2.11
7f01fce98000-7f01fce99000 rw-p 0001a000 08:02 7078082                    /usr/lib/x86_64-linux-gnu/libz.so.1.2.11
7f01fce99000-7f01fcebe000 r--p 00000000 08:02 7080073                    /usr/lib/x86_64-linux-gnu/libc-2.31.so
7f01fcebe000-7f01fd036000 r-xp 00025000 08:02 7080073                    /usr/lib/x86_64-linux-gnu/libc-2.31.so
7f01fd036000-7f01fd080000 r--p 0019d000 08:02 7080073                    /usr/lib/x86_64-linux-gnu/libc-2.31.so
7f01fd080000-7f01fd081000 ---p 001e7000 08:02 7080073                    /usr/lib/x86_64-linux-gnu/libc-2.31.so
7f01fd081000-7f01fd084000 r--p 001e7000 08:02 7080073                    /usr/lib/x86_64-linux-gnu/libc-2.31.so
7f01fd084000-7f01fd087000 rw-p 001ea000 08:02 7080073                    /usr/lib/x86_64-linux-gnu/libc-2.31.so
7f01fd087000-7f01fd08b000 rw-p 00000000 00:00 0 
7f01fd096000-7f01fd09e000 rw-s 00000000 08:02 3670046                    /tmp/hsperfdata_intel/2309395
7f01fd09e000-7f01fd09f000 ---p 00000000 00:00 0 
7f01fd09f000-7f01fd0a0000 r--p 00000000 00:00 0 
7f01fd0a0000-7f01fd0a2000 r--p 00000000 08:02 25102696                   /home/jatinbha/sandboxes/jdk/jdk/build/linux-x86_64-server-fastdebug/jdk/lib/libjli.so
7f01fd0a2000-7f01fd0ac000 r-xp 00002000 08:02 25102696                   /home/jatinbha/sandboxes/jdk/jdk/build/linux-x86_64-server-fastdebug/jdk/lib/libjli.so
7f01fd0ac000-7f01fd0af000 r--p 0000c000 08:02 25102696                   /home/jatinbha/sandboxes/jdk/jdk/build/linux-x86_64-server-fastdebug/jdk/lib/libjli.so
7f01fd0af000-7f01fd0b0000 ---p 0000f000 08:02 25102696                   /home/jatinbha/sandboxes/jdk/jdk/build/linux-x86_64-server-fastdebug/jdk/lib/libjli.so
7f01fd0b0000-7f01fd0b1000 r--p 0000f000 08:02 25102696                   /home/jatinbha/sandboxes/jdk/jdk/build/linux-x86_64-server-fastdebug/jdk/lib/libjli.so
7f01fd0b1000-7f01fd0b2000 rw-p 00010000 08:02 25102696                   /home/jatinbha/sandboxes/jdk/jdk/build/linux-x86_64-server-fastdebug/jdk/lib/libjli.so
7f01fd0b2000-7f01fd0b4000 rw-p 00000000 00:00 0 
7f01fd0b4000-7f01fd0b5000 r--p 00000000 08:02 7080069                    /usr/lib/x86_64-linux-gnu/ld-2.31.so
7f01fd0b5000-7f01fd0d8000 r-xp 00001000 08:02 7080069                    /usr/lib/x86_64-linux-gnu/ld-2.31.so
7f01fd0d8000-7f01fd0e0000 r--p 00024000 08:02 7080069                    /usr/lib/x86_64-linux-gnu/ld-2.31.so
7f01fd0e0000-7f01fd0e1000 ---p 00000000 00:00 0 
7f01fd0e1000-7f01fd0e2000 r--p 0002c000 08:02 7080069                    /usr/lib/x86_64-linux-gnu/ld-2.31.so
7f01fd0e2000-7f01fd0e3000 rw-p 0002d000 08:02 7080069                    /usr/lib/x86_64-linux-gnu/ld-2.31.so
7f01fd0e3000-7f01fd0e4000 rw-p 00000000 00:00 0 
7ffff41f4000-7ffff4215000 rw-p 00000000 00:00 0                          [stack]
7ffff43c0000-7ffff43c4000 r--p 00000000 00:00 0                          [vvar]
7ffff43c4000-7ffff43c6000 r-xp 00000000 00:00 0                          [vdso]
ffffffffff600000-ffffffffff601000 --xp 00000000 00:00 0                  [vsyscall]


VM Arguments:
jvm_args: -Dapplication.home=/home/jatinbha/sandboxes/jdk/jdk/build/linux-x86_64-server-fastdebug/jdk --add-modules=ALL-DEFAULT -Xms8m -Djdk.module.main=jdk.compiler 
java_command: jdk.compiler/com.sun.tools.javac.Main --add-modules=jdk.incubator.vector test.java
java_class_path (initial): <not set>
Launcher Type: SUN_STANDARD

[Global flags]
     uint ConcGCThreads                            = 18                                        {product} {ergonomic}     Number of threads concurrent gc will use
     uint G1ConcRefinementThreads                  = 73                                        {product} {ergonomic}     The number of parallel remembered set update threads. Will be set ergonomically by default.
    uintx GCDrainStackTargetSize                   = 64                                        {product} {ergonomic}     Number of entries we will try to leave on the stack during parallel gc
   size_t InitialHeapSize                          = 8388608                                   {product} {command line}  Initial heap size (in bytes); zero means use ergonomics
   size_t MarkStackSize                            = 4194304                                   {product} {ergonomic}     Size of marking stack
   size_t MaxHeapSize                              = 31675383808                               {product} {ergonomic}     Maximum heap size (in bytes)
   size_t MinHeapSize                              = 8388608                                   {product} {command line}  Minimum heap size (in bytes); zero means use ergonomics
    uintx ReservedCodeCacheSize                    = 251658240                              {pd product} {ergonomic}     Reserved code cache size (in bytes) - maximum code cache size
     bool SegmentedCodeCache                       = true                                      {product} {ergonomic}     Use a segmented code cache
     bool UseCompressedClassPointers               = true                           {product lp64_product} {ergonomic}   Use 32-bit class pointers in 64-bit VM. lp64_product means flag is always constant in 32 bit VM
     bool UseCompressedOops                        = true                           {product lp64_product} {ergonomic}   Use 32-bit object references in 64-bit VM. lp64_product means flag is always constant in 32 bit VM
     bool UseG1GC                                  = true                                      {product} {ergonomic}     Use the Garbage-First garbage collector

Logging:
Log output configuration:
 #0: stdout all=warning uptime,level,tags foldmultilines=false
 #1: stderr all=off uptime,level,tags foldmultilines=false

Environment Variables:
JAVA_HOME=/home/jatinbha/sandboxes/jdk/jdk/build/linux-x86_64-server-fastdebug/jdk/
PATH=/home/jatinbha/sandboxes/jdk/jdk/build/linux-x86_64-server-fastdebug/jdk//bin:/home/jatinbha/sandboxes/jdk/jdk/build/linux-x86_64-server-fastdebug/jdk//bin:/home/jatinbha/softwares/jdk-20//bin:/home/jatinbha/.local/bin:/home/jatinbha/bin:/home/jatinbha/softwares/jdk-17.0.2//bin:/home/jatinbha/softwares/thrift-0.16.0/bin:/home/jatinbha/softwares/jdk8u322-b06//bin:/home/jatinbha/softwares/jdk-17//bin:/home/jatinbha/softwares/apache-maven-3.6.3/bin:/home/jatinbha/sandboxes/skara/build/bin:/home/jatinbha/softwares/sde-internal-conf-8.62.0-2021-01-03-lin:/usr/local/sbin:/usr/local/bin:/usr/sbin:/usr/bin:/sbin:/bin:/usr/games:/usr/local/games:/snap/bin
LD_LIBRARY_PATH=/home/jatinbha/softwares:
SHELL=/bin/bash
LANG=en_IN
TERM=xterm-256color

Active Locale:
LC_ALL=C
LC_COLLATE=C
LC_CTYPE=C
LC_MESSAGES=C
LC_MONETARY=C
LC_NUMERIC=C
LC_TIME=C

Signal Handlers:
   SIGSEGV: crash_handler in libjvm.so, mask=11100100010111111101111111111110, flags=SA_RESTART|SA_SIGINFO, unblocked
    SIGBUS: crash_handler in libjvm.so, mask=11100100010111111101111111111110, flags=SA_RESTART|SA_SIGINFO, unblocked
    SIGFPE: crash_handler in libjvm.so, mask=11100100010111111101111111111110, flags=SA_RESTART|SA_SIGINFO, unblocked
   SIGPIPE: javaSignalHandler in libjvm.so, mask=11100100010111111101111111111110, flags=SA_RESTART|SA_SIGINFO, blocked
   SIGXFSZ: javaSignalHandler in libjvm.so, mask=11100100010111111101111111111110, flags=SA_RESTART|SA_SIGINFO, blocked
    SIGILL: crash_handler in libjvm.so, mask=11100100010111111101111111111110, flags=SA_RESTART|SA_SIGINFO, unblocked
   SIGUSR2: SR_handler in libjvm.so, mask=00000000000000000000000000000000, flags=SA_RESTART|SA_SIGINFO, blocked
    SIGHUP: SIG_DFL, mask=00000000000000000000000000000000, flags=none, blocked
    SIGINT: SIG_DFL, mask=00000000000000000000000000000000, flags=none, blocked
   SIGTERM: SIG_DFL, mask=00000000000000000000000000000000, flags=none, blocked
   SIGQUIT: UserHandler in libjvm.so, mask=11100100010111111101111111111110, flags=SA_RESTART|SA_SIGINFO, blocked
   SIGTRAP: crash_handler in libjvm.so, mask=11100100010111111101111111111110, flags=SA_RESTART|SA_SIGINFO, unblocked


[error occurred during error reporting (Native Memory Tracking), id 0xb, SIGSEGV (0xb) at pc=0x00007f01fc2dd92e]


---------------  S Y S T E M  ---------------

OS:
DISTRIB_ID=Ubuntu
DISTRIB_RELEASE=20.04
DISTRIB_CODENAME=focal
DISTRIB_DESCRIPTION="Ubuntu 20.04.2 LTS"
uname: Linux intel-S2600WFT 5.8.0-41-generic #46~20.04.1-Ubuntu SMP Mon Jan 18 17:52:23 UTC 2021 x86_64
OS uptime: 61 days 4:42 hours
libc: glibc 2.31 NPTL 2.31 
rlimit (soft/hard): STACK 8192k/infinity , CORE 0k/infinity , NPROC 3090646/3090646 , NOFILE 1048576/1048576 , AS infinity/infinity , CPU infinity/infinity , DATA infinity/infinity , FSIZE infinity/infinity , MEMLOCK 65536k/65536k
load average: 0.08 0.04 0.00

/proc/meminfo:
MemTotal:       791263980 kB
MemFree:        528368328 kB
MemAvailable:   782315508 kB
Buffers:         9748164 kB
Cached:         233637544 kB
SwapCached:            0 kB
Active:         71642412 kB
Inactive:       172716628 kB
Active(anon):     958128 kB
Inactive(anon):     7104 kB
Active(file):   70684284 kB
Inactive(file): 172709524 kB
Unevictable:           8 kB
Mlocked:               0 kB
SwapTotal:       2097148 kB
SwapFree:        2097148 kB
Dirty:               836 kB
Writeback:             0 kB
AnonPages:        973372 kB
Mapped:           310740 kB
Shmem:              9924 kB
KReclaimable:   15607452 kB
Slab:           17170572 kB
SReclaimable:   15607452 kB
SUnreclaim:      1563120 kB
KernelStack:       28144 kB
PageTables:        14824 kB
NFS_Unstable:          0 kB
Bounce:                0 kB
WritebackTmp:          0 kB
CommitLimit:    397729136 kB
Committed_AS:    5128592 kB
VmallocTotal:   34359738367 kB
VmallocUsed:      466812 kB
VmallocChunk:          0 kB
Percpu:           300160 kB
HardwareCorrupted:     0 kB
AnonHugePages:         0 kB
ShmemHugePages:        0 kB
ShmemPmdMapped:        0 kB
FileHugePages:         0 kB
FilePmdMapped:         0 kB
HugePages_Total:       0
HugePages_Free:        0
HugePages_Rsvd:        0
HugePages_Surp:        0
Hugepagesize:       2048 kB
Hugetlb:               0 kB
DirectMap4k:     3200412 kB
DirectMap2M:    198862848 kB
DirectMap1G:    603979776 kB

/sys/kernel/mm/transparent_hugepage/enabled: always [madvise] never
/sys/kernel/mm/transparent_hugepage/defrag (defrag/compaction efforts parameter): always defer defer+madvise [madvise] never

Process Memory:
Virtual Size: 117400K (peak: 172636K)
Resident Set Size: 25672K (peak: 25672K) (anon: 11984K, file: 13688K, shmem: 0K)
Swapped out: 0K
C-Heap outstanding allocations: 10464K, retained: 147K
glibc malloc tunables: (default)

/proc/sys/kernel/threads-max (system-wide limit on the number of threads): 6181293
/proc/sys/vm/max_map_count (maximum number of memory map areas a process may have): 65530
/proc/sys/kernel/pid_max (system-wide limit on number of process identifiers): 4194304

container (cgroup) information:
container_type: cgroupv1
cpu_cpuset_cpus: 0-111
cpu_memory_nodes: 0-1
active_processor_count: 112
cpu_quota: no quota
cpu_period: 100000
cpu_shares: no shares
memory_limit_in_bytes: unlimited
memory_and_swap_limit_in_bytes: unlimited
memory_soft_limit_in_bytes: unlimited
memory_usage_in_bytes: 24220 k
memory_max_usage_in_bytes: 24236 k
kernel_memory_usage_in_bytes: 8380 k
kernel_memory_max_usage_in_bytes: unlimited
kernel_memory_limit_in_bytes: 8436 k
maximum number of tasks: unlimited
current number of tasks: 5

Steal ticks since vm start: 0
Steal ticks percentage since vm start:  0.000

CPU: total 112 (initial active 112) 
CPU Model and flags from /proc/cpuinfo:
model name	: Intel(R) Xeon(R) Platinum 8280 CPU @ 2.70GHz
flags		: fpu vme de pse tsc msr pae mce cx8 apic sep mtrr pge mca cmov pat pse36 clflush dts acpi mmx fxsr sse sse2 ss ht tm pbe syscall nx pdpe1gb rdtscp lm constant_tsc art arch_perfmon pebs bts rep_good nopl xtopology nonstop_tsc cpuid aperfmperf pni pclmulqdq dtes64 monitor ds_cpl smx est tm2 ssse3 sdbg fma cx16 xtpr pdcm pcid dca sse4_1 sse4_2 x2apic movbe popcnt tsc_deadline_timer aes xsave avx f16c rdrand lahf_lm abm 3dnowprefetch cpuid_fault epb cat_l3 cdp_l3 invpcid_single ssbd mba ibrs ibpb stibp ibrs_enhanced fsgsbase tsc_adjust bmi1 avx2 smep bmi2 erms invpcid cqm mpx rdt_a avx512f avx512dq rdseed adx smap clflushopt clwb intel_pt avx512cd avx512bw avx512vl xsaveopt xsavec xgetbv1 xsaves cqm_llc cqm_occup_llc cqm_mbm_total cqm_mbm_local dtherm ida arat pln pts hwp hwp_act_window hwp_epp hwp_pkg_req pku ospke avx512_vnni md_clear flush_l1d arch_capabilities

Online cpus: 0-111
Offline cpus: 
cache level: 1
cache type: Data
cache size: 32K
cache coherency line size: 64
cache level: 1
cache type: Instruction
cache size: 32K
cache coherency line size: 64
cache level: 2
cache type: Unified
cache size: 1024K
cache coherency line size: 64
cache level: 3
cache type: Unified
cache size: 39424K
cache coherency line size: 64
BIOS frequency limitation: <Not Available>
Frequency switch latency (ns): 0
Available cpu frequencies: <Not Available>
Maximum cpu frequency: 4000000
Minimum cpu frequency: 1000000
Current cpu frequency: 1000100
Available governors: performance powersave
Current governor: powersave
Core performance/turbo boost: <Not Available>

Memory: 4k page, physical 791263980k(528368328k free), swap 2097148k(2097148k free)
Page Sizes: 4k

vm_info: OpenJDK 64-Bit Server VM (fastdebug 20-internal-adhoc.root.jdk) for linux-amd64 JRE (20-internal-adhoc.root.jdk), built on 2022-10-28T05:39:25Z by "root" with gcc 9.3.0

END.
