#
# A fatal error has been detected by the Java Runtime Environment:
#
#  Internal Error (/home/jatinbha/sandboxes/jdk17u-dev/src/hotspot/share/opto/vectornode.hpp:1324), pid=3776110, tid=3776142
#  assert(type2aelembytes(in_vt->element_basic_type()) == type2aelembytes(vt->element_basic_type())) failed: element size must match
#
# JRE version: OpenJDK Runtime Environment (17.0.9) (slowdebug build 17.0.9-internal+0-adhoc.root.jdk17u-dev)
# Java VM: OpenJDK 64-Bit Server VM (slowdebug 17.0.9-internal+0-adhoc.root.jdk17u-dev, mixed mode, sharing, tiered, compressed oops, compressed class ptrs, g1 gc, linux-amd64)
# Problematic frame:
# V  [libjvm.so+0x13689f5]  VectorMaskCastNode::VectorMaskCastNode(Node*, TypeVect const*)+0x125
#
# Core dump will be written. Default location: Core dumps may be processed with "/usr/share/apport/apport %p %s %c %d %P %E" (or dumping to /home/jatinbha/code/java/vector-api/masked_opers/core.3776110)
#
# If you would like to submit a bug report, please visit:
#   https://bugreport.java.com/bugreport/crash.jsp
#

---------------  S U M M A R Y ------------

Command Line: -XX:+PauseAtStartup --add-modules=jdk.incubator.vector tolong

Host: intel-S2600WFT, Intel(R) Xeon(R) Platinum 8280 CPU @ 2.70GHz, 112 cores, 754G, Ubuntu 20.04.2 LTS
Time: Wed Jul 19 21:49:31 2023 IST elapsed time: 10982.857602 seconds (0d 3h 3m 2s)

---------------  T H R E A D  ---------------

Current thread (0x00007fd8581036c0):  JavaThread "C2 CompilerThread2" daemon [_thread_in_native, id=3776142, stack(0x00007fd87dc88000,0x00007fd87dd89000)]


Current CompileTask:
C2:10982857  255       4       tolong::micro (18 bytes)

Stack: [0x00007fd87dc88000,0x00007fd87dd89000],  sp=0x00007fd87dd83930,  free space=1006k
Native frames: (J=compiled Java code, j=interpreted, Vv=VM code, C=native code)
V  [libjvm.so+0x13689f5]  VectorMaskCastNode::VectorMaskCastNode(Node*, TypeVect const*)+0x125
V  [libjvm.so+0x13662f8]  VectorUnboxNode::Ideal(PhaseGVN*, bool)+0x248
V  [libjvm.so+0x1093de3]  PhaseGVN::transform(Node*)+0x15
V  [libjvm.so+0x1093e59]  PhaseGVN::transform_no_reclaim(Node*)+0x61
V  [libjvm.so+0x1093e15]  PhaseGVN::transform_no_reclaim(Node*)+0x1d
V  [libjvm.so+0x1354a97]  GraphKit::vector_shift_count(Node*, int, BasicType, int)+0xb
V  [libjvm.so+0x1356ccb]  LibraryCallKit::inline_vector_mask_operation()+0x3d5
V  [libjvm.so+0xe0c9d5]  LibraryCallKit::try_to_inline(int)+0x1cfb
V  [libjvm.so+0xe0a0ac]  LibraryIntrinsic::generate(JVMState*)+0x194
V  [libjvm.so+0x6ebf77]  CallGenerator::do_late_inline_helper()+0x955
V  [libjvm.so+0x6eb05e]  LateInlineMHCallGenerator::do_late_inline()+0x12
V  [libjvm.so+0x8077cd]  Compile::inline_incrementally_one()+0x1a9
V  [libjvm.so+0x807e98]  Compile::inline_incrementally(PhaseIterGVN&)+0x318
V  [libjvm.so+0x8086ed]  Compile::Optimize()+0x215
V  [libjvm.so+0x802351]  Compile::Compile(ciEnv*, ciMethod*, int, bool, bool, bool, bool, bool, DirectiveSet*)+0x1433
V  [libjvm.so+0x6e76de]  C2Compiler::compile_method(ciEnv*, ciMethod*, int, bool, DirectiveSet*)+0x152
V  [libjvm.so+0x82063d]  CompileBroker::invoke_compiler_on_method(CompileTask*)+0x89f
V  [libjvm.so+0x81f20b]  CompileBroker::compiler_thread_loop()+0x457
V  [libjvm.so+0x840985]  CompilerThread::can_call_java() const+0x13
V  [libjvm.so+0x12faf9a]  JavaThread::post_run()+0xc
V  [libjvm.so+0x12fae42]  JavaThread::thread_main_inner()+0x18
V  [libjvm.so+0x12f8608]  Thread::call_run()+0x1a4
V  [libjvm.so+0x1035003]  thread_native_entry(Thread*)+0x1b3

Register to memory mapping:

RAX=0x00007fd8fbc7c000 points into unknown readable memory: 0x0000000000000058 | 58 00 00 00 00 00 00 00
RBX=0x0000000000000001 is an unknown value
RCX=0x0000000000000002 is an unknown value
RDX=0x0000000000000028 is an unknown value
RSP=0x00007fd87dd83930 is pointing into the stack for thread: 0x00007fd8581036c0
RBP=0x00007fd87dd83970 is pointing into the stack for thread: 0x00007fd8581036c0
RSI=0x0 is NULL
RDI=0x000000000000000a is an unknown value
R8 =0x00007fd8fab150d2: <offset 0x00000000013660d2> in /home/jatinbha/sandboxes/jdk17u-dev/build/linux-x86_64-server-slowdebug/images/jdk/lib/server/libjvm.so at 0x00007fd8f97af000
R9 =0x0000000000000001 is an unknown value
R10=0x0 is NULL
R11=0x0000000000000206 is an unknown value
R12=0x00007fd87dd861e0 is pointing into the stack for thread: 0x00007fd8581036c0
R13=0x00007fd8fa842dee: <offset 0x0000000001093dee> in /home/jatinbha/sandboxes/jdk17u-dev/build/linux-x86_64-server-slowdebug/images/jdk/lib/server/libjvm.so at 0x00007fd8f97af000
R14=0x00007fd84c064348 points into unknown readable memory: 0x00007fd8fb8f4e28 | 28 4e 8f fb d8 7f 00 00
R15=0x00007fd87dd87fc0 is pointing into the stack for thread: 0x00007fd8581036c0


Registers:
RAX=0x00007fd8fbc7c000, RBX=0x0000000000000001, RCX=0x0000000000000002, RDX=0x0000000000000028
RSP=0x00007fd87dd83930, RBP=0x00007fd87dd83970, RSI=0x0000000000000000, RDI=0x000000000000000a
R8 =0x00007fd8fab150d2, R9 =0x0000000000000001, R10=0x0000000000000000, R11=0x0000000000000206
R12=0x00007fd87dd861e0, R13=0x00007fd8fa842dee, R14=0x00007fd84c064348, R15=0x00007fd87dd87fc0
RIP=0x00007fd8fab179f5, EFLAGS=0x0000000000010202, CSGSFS=0x002b000000000033, ERR=0x0000000000000006
  TRAPNO=0x000000000000000e

Top of Stack: (sp=0x00007fd87dd83930)
0x00007fd87dd83930:   00007fd87dd83940 00007fd858094480
0x00007fd87dd83940:   00007fd84c063400 00007fd84c064580
0x00007fd87dd83950:   0000000a7dd83970 00007fd8580942e8
0x00007fd87dd83960:   00007fd87dd86c90 00007fd84c064580 

Instructions: (pc=0x00007fd8fab179f5)
0x00007fd8fab178f5:   fa 55 48 89 e5 53 48 83 ec 38 48 89 7d d8 48 89
0x00007fd8fab17905:   75 d0 48 89 55 c8 48 8b 45 d8 48 8b 55 c8 48 8b
0x00007fd8fab17915:   4d d0 48 89 ce 48 89 c7 e8 7c b7 fe ff 48 8d 05
0x00007fd8fab17925:   9f 11 da 00 48 8d 50 10 48 8b 45 d8 48 89 10 48
0x00007fd8fab17935:   8b 45 d0 48 8b 00 48 83 c0 28 48 8b 10 48 8b 45
0x00007fd8fab17945:   d0 48 89 c7 ff d2 48 89 c7 e8 21 77 05 ff 48 89
0x00007fd8fab17955:   45 e8 48 8b 45 e8 48 89 c7 e8 a7 75 05 ff 89 c3
0x00007fd8fab17965:   48 8b 45 c8 48 89 c7 e8 99 75 05 ff 39 c3 0f 95
0x00007fd8fab17975:   c0 84 c0 74 36 48 8d 05 27 51 df 00 48 8b 00 c6
0x00007fd8fab17985:   00 58 48 8d 0d 79 a3 78 00 48 8d 15 8b a3 78 00
0x00007fd8fab17995:   be 2b 05 00 00 48 8d 3d 1f a2 78 00 b8 00 00 00
0x00007fd8fab179a5:   00 e8 f1 7c 4f ff e8 ec c0 cc ff 48 8b 45 e8 48
0x00007fd8fab179b5:   89 c7 e8 2c 75 05 ff be 00 00 00 00 89 c7 e8 c1
0x00007fd8fab179c5:   69 73 ff 89 c3 48 8b 45 c8 48 89 c7 e8 12 75 05
0x00007fd8fab179d5:   ff be 00 00 00 00 89 c7 e8 a7 69 73 ff 39 c3 0f
0x00007fd8fab179e5:   95 c0 84 c0 74 36 48 8d 05 b6 50 df 00 48 8b 00
0x00007fd8fab179f5:   c6 00 58 48 8d 0d 50 a3 78 00 48 8d 15 62 a3 78
0x00007fd8fab17a05:   00 be 2c 05 00 00 48 8d 3d ae a1 78 00 b8 00 00
0x00007fd8fab17a15:   00 00 e8 80 7c 4f ff e8 7b c0 cc ff 90 48 83 c4
0x00007fd8fab17a25:   38 5b 5d c3 90 f3 0f 1e fa 55 48 89 e5 48 89 7d
0x00007fd8fab17a35:   f8 b8 78 00 00 00 5d c3 90 f3 0f 1e fa 55 48 89
0x00007fd8fab17a45:   e5 53 48 83 ec 18 48 89 7d e8 48 8b 45 e8 48 89
0x00007fd8fab17a55:   c7 e8 cf c2 c7 ff 89 c3 48 8b 45 e8 48 8b 40 70
0x00007fd8fab17a65:   48 8b 55 e8 48 8b 52 70 48 8b 12 48 83 c2 60 48
0x00007fd8fab17a75:   8b 12 48 89 c7 ff d2 01 d8 48 83 c4 18 5b 5d c3
0x00007fd8fab17a85:   90 f3 0f 1e fa 55 48 89 e5 48 83 ec 10 48 89 7d
0x00007fd8fab17a95:   f8 48 89 75 f0 48 8b 45 f8 48 8b 55 f0 48 89 d6
0x00007fd8fab17aa5:   48 89 c7 e8 c5 c2 c7 ff 84 c0 74 26 48 8b 45 f0
0x00007fd8fab17ab5:   48 8b 50 70 48 8b 45 f8 48 8b 40 70 48 89 d6 48
0x00007fd8fab17ac5:   89 c7 e8 c8 fb fa ff 85 c0 75 07 b8 01 00 00 00
0x00007fd8fab17ad5:   eb 05 b8 00 00 00 00 c9 c3 f3 0f 1e fa 55 48 89
0x00007fd8fab17ae5:   e5 48 83 ec 20 48 89 7d f8 48 89 75 f0 48 89 55 


Stack slot to memory mapping:
stack at sp + 0 slots: 0x00007fd87dd83940 is pointing into the stack for thread: 0x00007fd8581036c0
stack at sp + 1 slots: 0x00007fd858094480 points into unknown readable memory: 0x00007fd8fb81a6a8 | a8 a6 81 fb d8 7f 00 00
stack at sp + 2 slots: 0x00007fd84c063400 points into unknown readable memory: 0x00007fd8fb8bae18 | 18 ae 8b fb d8 7f 00 00
stack at sp + 3 slots: 0x00007fd84c064580 points into unknown readable memory: 0x00007fd8fb8b8ad8 | d8 8a 8b fb d8 7f 00 00
stack at sp + 4 slots: 0x0000000a7dd83970 is an unknown value
stack at sp + 5 slots: 0x00007fd8580942e8 points into unknown readable memory: 0x00007fd8fb819e18 | 18 9e 81 fb d8 7f 00 00
stack at sp + 6 slots: 0x00007fd87dd86c90 is pointing into the stack for thread: 0x00007fd8581036c0
stack at sp + 7 slots: 0x00007fd84c064580 points into unknown readable memory: 0x00007fd8fb8b8ad8 | d8 8a 8b fb d8 7f 00 00


---------------  P R O C E S S  ---------------

uid  : 1000 euid : 1000 gid  : 1000 egid : 1000

umask: 0002 (-------w-)

Threads class SMR info:
_java_thread_list=0x00007fd84002e350, length=18, elements={
0x00007fd8f4028190, 0x00007fd8f43969b0, 0x00007fd8f4397da0, 0x00007fd8f43a4380,
0x00007fd8f43a5810, 0x00007fd8f43a6f70, 0x00007fd8f43a8d40, 0x00007fd8f43aa620,
0x00007fd8f43abd60, 0x00007fd84c01b2c0, 0x00007fd8f43d7060, 0x00007fd84c08cf30,
0x00007fd8f4498310, 0x00007fd858102980, 0x00007fd8581036c0, 0x00007fd8580bf090,
0x00007fd8580c0360, 0x00007fd85c009200
}
_java_thread_list_alloc_cnt=25, _java_thread_list_free_cnt=23, _java_thread_list_max=20, _nested_thread_list_max=0
_tlh_cnt=139, _tlh_times=22, avg_tlh_time=0.16, _tlh_time_max=14
_deleted_thread_cnt=3, _deleted_thread_times=0, avg_deleted_thread_time=0.00, _deleted_thread_time_max=0
_delete_lock_wait_cnt=0, _delete_lock_wait_max=0
_to_delete_list_cnt=0, _to_delete_list_max=2

Java Threads: ( => current thread )
  0x00007fd8f4028190 JavaThread "main" [_thread_in_Java, id=3776111, stack(0x00007fd8f955f000,0x00007fd8f9660000)]
  0x00007fd8f43969b0 JavaThread "Reference Handler" daemon [_thread_blocked, id=3776125, stack(0x00007fd87f309000,0x00007fd87f40a000)]
  0x00007fd8f4397da0 JavaThread "Finalizer" daemon [_thread_blocked, id=3776126, stack(0x00007fd87f208000,0x00007fd87f309000)]
  0x00007fd8f43a4380 JavaThread "Signal Dispatcher" daemon [_thread_blocked, id=3776127, stack(0x00007fd87eb97000,0x00007fd87ec98000)]
  0x00007fd8f43a5810 JavaThread "Service Thread" daemon [_thread_blocked, id=3776128, stack(0x00007fd87ea96000,0x00007fd87eb97000)]
  0x00007fd8f43a6f70 JavaThread "Monitor Deflation Thread" daemon [_thread_blocked, id=3776129, stack(0x00007fd87e995000,0x00007fd87ea96000)]
  0x00007fd8f43a8d40 JavaThread "C2 CompilerThread0" daemon [_thread_blocked, id=3776130, stack(0x00007fd87e894000,0x00007fd87e995000)]
  0x00007fd8f43aa620 JavaThread "C1 CompilerThread0" daemon [_thread_blocked, id=3776131, stack(0x00007fd87e793000,0x00007fd87e894000)]
  0x00007fd8f43abd60 JavaThread "Sweeper thread" daemon [_thread_blocked, id=3776132, stack(0x00007fd87e692000,0x00007fd87e793000)]
  0x00007fd84c01b2c0 JavaThread "C1 CompilerThread1" daemon [_thread_blocked, id=3776133, stack(0x00007fd87e591000,0x00007fd87e692000)]
  0x00007fd8f43d7060 JavaThread "Common-Cleaner" daemon [_thread_blocked, id=3776134, stack(0x00007fd87e490000,0x00007fd87e591000)]
  0x00007fd84c08cf30 JavaThread "C1 CompilerThread2" daemon [_thread_blocked, id=3776135, stack(0x00007fd87e38f000,0x00007fd87e490000)]
  0x00007fd8f4498310 JavaThread "Notification Thread" daemon [_thread_blocked, id=3776139, stack(0x00007fd87df8b000,0x00007fd87e08c000)]
  0x00007fd858102980 JavaThread "C2 CompilerThread1" daemon [_thread_in_native, id=3776141, stack(0x00007fd87dd89000,0x00007fd87de8a000)]
=>0x00007fd8581036c0 JavaThread "C2 CompilerThread2" daemon [_thread_in_native, id=3776142, stack(0x00007fd87dc88000,0x00007fd87dd89000)]
  0x00007fd8580bf090 JavaThread "C2 CompilerThread3" daemon [_thread_blocked, id=3776143, stack(0x00007fd87db87000,0x00007fd87dc88000)]
  0x00007fd8580c0360 JavaThread "C2 CompilerThread4" daemon [_thread_blocked, id=3776144, stack(0x00007fd87da86000,0x00007fd87db87000)]
  0x00007fd85c009200 JavaThread "SIGHUP handler" daemon [_thread_blocked, id=3817140, stack(0x00007fd87e08c000,0x00007fd87e18d000)]

Other Threads:
  0x00007fd8f4393c90 VMThread "VM Thread" [stack: 0x00007fd87f40b000,0x00007fd87f50b000] [id=3776124]
  0x00007fd8f449a1a0 WatcherThread [stack: 0x00007fd87de8b000,0x00007fd87df8b000] [id=3776140]
  0x00007fd8f40706b0 GCTaskThread "GC Thread#0" [stack: 0x00007fd892495000,0x00007fd892595000] [id=3776119]
  0x00007fd8f40812b0 ConcurrentGCThread "G1 Main Marker" [stack: 0x00007fd892394000,0x00007fd892494000] [id=3776120]
  0x00007fd8f4082580 ConcurrentGCThread "G1 Conc#0" [stack: 0x00007fd892293000,0x00007fd892393000] [id=3776121]
  0x00007fd8f42db3b0 ConcurrentGCThread "G1 Refine#0" [stack: 0x00007fd87f7b9000,0x00007fd87f8b9000] [id=3776122]
  0x00007fd8f42dc540 ConcurrentGCThread "G1 Service" [stack: 0x00007fd87f6b8000,0x00007fd87f7b8000] [id=3776123]

Threads with active compile tasks:
C2 CompilerThread1  10982913  264 %     4       tolong::main @ 164 (243 bytes)
C2 CompilerThread2  10982913  255       4       tolong::micro (18 bytes)

VM state: not at safepoint (normal execution)

VM Mutex/Monitor currently owned by a thread: None

Heap address: 0x0000000082000000, size: 30688 MB, Compressed Oops mode: Zero based, Oop shift amount: 3

CDS archive(s) mapped at: [0x0000000800000000-0x0000000800c3b000-0x0000000800c3b000), size 12824576, SharedBaseAddress: 0x0000000800000000, ArchiveRelocationMode: 0.
Compressed class space mapped at: 0x0000000801000000-0x0000000841000000, reserved size: 1073741824
Narrow klass base: 0x0000000800000000, Narrow klass shift: 0, Narrow klass range: 0x100000000

GC Precious Log:
 CPUs: 112 total, 112 available
 Memory: 754G
 Large Page Support: Disabled
 NUMA Support: Disabled
 Compressed Oops: Enabled (Zero based)
 Heap Region Size: 16M
 Heap Min Capacity: 16M
 Heap Initial Capacity: 2G
 Heap Max Capacity: 30688M
 Pre-touch: Disabled
 Parallel Workers: 73
 Concurrent Workers: 18
 Concurrent Refinement Workers: 73
 Periodic GC: Disabled

Heap:
 garbage-first heap   total 2129920K, used 65508K [0x0000000082000000, 0x0000000800000000)
  region size 16384K, 4 young (65536K), 0 survivors (0K)
 Metaspace       used 1372K, committed 1536K, reserved 1114112K
  class space    used 63K, committed 128K, reserved 1048576K

Heap Regions: E=young(eden), S=young(survivor), O=old, HS=humongous(starts), HC=humongous(continues), CS=collection set, F=free, OA=open archive, CA=closed archive, TAMS=top-at-mark-start (previous, next)
|   0|0x0000000082000000, 0x0000000082000000, 0x0000000083000000|  0%| F|  |TAMS 0x0000000082000000, 0x0000000082000000| Untracked 
|   1|0x0000000083000000, 0x0000000083000000, 0x0000000084000000|  0%| F|  |TAMS 0x0000000083000000, 0x0000000083000000| Untracked 
|   2|0x0000000084000000, 0x0000000084000000, 0x0000000085000000|  0%| F|  |TAMS 0x0000000084000000, 0x0000000084000000| Untracked 
|   3|0x0000000085000000, 0x0000000085000000, 0x0000000086000000|  0%| F|  |TAMS 0x0000000085000000, 0x0000000085000000| Untracked 
|   4|0x0000000086000000, 0x0000000086000000, 0x0000000087000000|  0%| F|  |TAMS 0x0000000086000000, 0x0000000086000000| Untracked 
|   5|0x0000000087000000, 0x0000000087000000, 0x0000000088000000|  0%| F|  |TAMS 0x0000000087000000, 0x0000000087000000| Untracked 
|   6|0x0000000088000000, 0x0000000088000000, 0x0000000089000000|  0%| F|  |TAMS 0x0000000088000000, 0x0000000088000000| Untracked 
|   7|0x0000000089000000, 0x0000000089000000, 0x000000008a000000|  0%| F|  |TAMS 0x0000000089000000, 0x0000000089000000| Untracked 
|   8|0x000000008a000000, 0x000000008a000000, 0x000000008b000000|  0%| F|  |TAMS 0x000000008a000000, 0x000000008a000000| Untracked 
|   9|0x000000008b000000, 0x000000008b000000, 0x000000008c000000|  0%| F|  |TAMS 0x000000008b000000, 0x000000008b000000| Untracked 
|  10|0x000000008c000000, 0x000000008c000000, 0x000000008d000000|  0%| F|  |TAMS 0x000000008c000000, 0x000000008c000000| Untracked 
|  11|0x000000008d000000, 0x000000008d000000, 0x000000008e000000|  0%| F|  |TAMS 0x000000008d000000, 0x000000008d000000| Untracked 
|  12|0x000000008e000000, 0x000000008e000000, 0x000000008f000000|  0%| F|  |TAMS 0x000000008e000000, 0x000000008e000000| Untracked 
|  13|0x000000008f000000, 0x000000008f000000, 0x0000000090000000|  0%| F|  |TAMS 0x000000008f000000, 0x000000008f000000| Untracked 
|  14|0x0000000090000000, 0x0000000090000000, 0x0000000091000000|  0%| F|  |TAMS 0x0000000090000000, 0x0000000090000000| Untracked 
|  15|0x0000000091000000, 0x0000000091000000, 0x0000000092000000|  0%| F|  |TAMS 0x0000000091000000, 0x0000000091000000| Untracked 
|  16|0x0000000092000000, 0x0000000092000000, 0x0000000093000000|  0%| F|  |TAMS 0x0000000092000000, 0x0000000092000000| Untracked 
|  17|0x0000000093000000, 0x0000000093000000, 0x0000000094000000|  0%| F|  |TAMS 0x0000000093000000, 0x0000000093000000| Untracked 
|  18|0x0000000094000000, 0x0000000094000000, 0x0000000095000000|  0%| F|  |TAMS 0x0000000094000000, 0x0000000094000000| Untracked 
|  19|0x0000000095000000, 0x0000000095000000, 0x0000000096000000|  0%| F|  |TAMS 0x0000000095000000, 0x0000000095000000| Untracked 
|  20|0x0000000096000000, 0x0000000096000000, 0x0000000097000000|  0%| F|  |TAMS 0x0000000096000000, 0x0000000096000000| Untracked 
|  21|0x0000000097000000, 0x0000000097000000, 0x0000000098000000|  0%| F|  |TAMS 0x0000000097000000, 0x0000000097000000| Untracked 
|  22|0x0000000098000000, 0x0000000098000000, 0x0000000099000000|  0%| F|  |TAMS 0x0000000098000000, 0x0000000098000000| Untracked 
|  23|0x0000000099000000, 0x0000000099000000, 0x000000009a000000|  0%| F|  |TAMS 0x0000000099000000, 0x0000000099000000| Untracked 
|  24|0x000000009a000000, 0x000000009a000000, 0x000000009b000000|  0%| F|  |TAMS 0x000000009a000000, 0x000000009a000000| Untracked 
|  25|0x000000009b000000, 0x000000009b000000, 0x000000009c000000|  0%| F|  |TAMS 0x000000009b000000, 0x000000009b000000| Untracked 
|  26|0x000000009c000000, 0x000000009c000000, 0x000000009d000000|  0%| F|  |TAMS 0x000000009c000000, 0x000000009c000000| Untracked 
|  27|0x000000009d000000, 0x000000009d000000, 0x000000009e000000|  0%| F|  |TAMS 0x000000009d000000, 0x000000009d000000| Untracked 
|  28|0x000000009e000000, 0x000000009e000000, 0x000000009f000000|  0%| F|  |TAMS 0x000000009e000000, 0x000000009e000000| Untracked 
|  29|0x000000009f000000, 0x000000009f000000, 0x00000000a0000000|  0%| F|  |TAMS 0x000000009f000000, 0x000000009f000000| Untracked 
|  30|0x00000000a0000000, 0x00000000a0000000, 0x00000000a1000000|  0%| F|  |TAMS 0x00000000a0000000, 0x00000000a0000000| Untracked 
|  31|0x00000000a1000000, 0x00000000a1000000, 0x00000000a2000000|  0%| F|  |TAMS 0x00000000a1000000, 0x00000000a1000000| Untracked 
|  32|0x00000000a2000000, 0x00000000a2000000, 0x00000000a3000000|  0%| F|  |TAMS 0x00000000a2000000, 0x00000000a2000000| Untracked 
|  33|0x00000000a3000000, 0x00000000a3000000, 0x00000000a4000000|  0%| F|  |TAMS 0x00000000a3000000, 0x00000000a3000000| Untracked 
|  34|0x00000000a4000000, 0x00000000a4000000, 0x00000000a5000000|  0%| F|  |TAMS 0x00000000a4000000, 0x00000000a4000000| Untracked 
|  35|0x00000000a5000000, 0x00000000a5000000, 0x00000000a6000000|  0%| F|  |TAMS 0x00000000a5000000, 0x00000000a5000000| Untracked 
|  36|0x00000000a6000000, 0x00000000a6000000, 0x00000000a7000000|  0%| F|  |TAMS 0x00000000a6000000, 0x00000000a6000000| Untracked 
|  37|0x00000000a7000000, 0x00000000a7000000, 0x00000000a8000000|  0%| F|  |TAMS 0x00000000a7000000, 0x00000000a7000000| Untracked 
|  38|0x00000000a8000000, 0x00000000a8000000, 0x00000000a9000000|  0%| F|  |TAMS 0x00000000a8000000, 0x00000000a8000000| Untracked 
|  39|0x00000000a9000000, 0x00000000a9000000, 0x00000000aa000000|  0%| F|  |TAMS 0x00000000a9000000, 0x00000000a9000000| Untracked 
|  40|0x00000000aa000000, 0x00000000aa000000, 0x00000000ab000000|  0%| F|  |TAMS 0x00000000aa000000, 0x00000000aa000000| Untracked 
|  41|0x00000000ab000000, 0x00000000ab000000, 0x00000000ac000000|  0%| F|  |TAMS 0x00000000ab000000, 0x00000000ab000000| Untracked 
|  42|0x00000000ac000000, 0x00000000ac000000, 0x00000000ad000000|  0%| F|  |TAMS 0x00000000ac000000, 0x00000000ac000000| Untracked 
|  43|0x00000000ad000000, 0x00000000ad000000, 0x00000000ae000000|  0%| F|  |TAMS 0x00000000ad000000, 0x00000000ad000000| Untracked 
|  44|0x00000000ae000000, 0x00000000ae000000, 0x00000000af000000|  0%| F|  |TAMS 0x00000000ae000000, 0x00000000ae000000| Untracked 
|  45|0x00000000af000000, 0x00000000af000000, 0x00000000b0000000|  0%| F|  |TAMS 0x00000000af000000, 0x00000000af000000| Untracked 
|  46|0x00000000b0000000, 0x00000000b0000000, 0x00000000b1000000|  0%| F|  |TAMS 0x00000000b0000000, 0x00000000b0000000| Untracked 
|  47|0x00000000b1000000, 0x00000000b1000000, 0x00000000b2000000|  0%| F|  |TAMS 0x00000000b1000000, 0x00000000b1000000| Untracked 
|  48|0x00000000b2000000, 0x00000000b2000000, 0x00000000b3000000|  0%| F|  |TAMS 0x00000000b2000000, 0x00000000b2000000| Untracked 
|  49|0x00000000b3000000, 0x00000000b3000000, 0x00000000b4000000|  0%| F|  |TAMS 0x00000000b3000000, 0x00000000b3000000| Untracked 
|  50|0x00000000b4000000, 0x00000000b4000000, 0x00000000b5000000|  0%| F|  |TAMS 0x00000000b4000000, 0x00000000b4000000| Untracked 
|  51|0x00000000b5000000, 0x00000000b5000000, 0x00000000b6000000|  0%| F|  |TAMS 0x00000000b5000000, 0x00000000b5000000| Untracked 
|  52|0x00000000b6000000, 0x00000000b6000000, 0x00000000b7000000|  0%| F|  |TAMS 0x00000000b6000000, 0x00000000b6000000| Untracked 
|  53|0x00000000b7000000, 0x00000000b7000000, 0x00000000b8000000|  0%| F|  |TAMS 0x00000000b7000000, 0x00000000b7000000| Untracked 
|  54|0x00000000b8000000, 0x00000000b8000000, 0x00000000b9000000|  0%| F|  |TAMS 0x00000000b8000000, 0x00000000b8000000| Untracked 
|  55|0x00000000b9000000, 0x00000000b9000000, 0x00000000ba000000|  0%| F|  |TAMS 0x00000000b9000000, 0x00000000b9000000| Untracked 
|  56|0x00000000ba000000, 0x00000000ba000000, 0x00000000bb000000|  0%| F|  |TAMS 0x00000000ba000000, 0x00000000ba000000| Untracked 
|  57|0x00000000bb000000, 0x00000000bb000000, 0x00000000bc000000|  0%| F|  |TAMS 0x00000000bb000000, 0x00000000bb000000| Untracked 
|  58|0x00000000bc000000, 0x00000000bc000000, 0x00000000bd000000|  0%| F|  |TAMS 0x00000000bc000000, 0x00000000bc000000| Untracked 
|  59|0x00000000bd000000, 0x00000000bd000000, 0x00000000be000000|  0%| F|  |TAMS 0x00000000bd000000, 0x00000000bd000000| Untracked 
|  60|0x00000000be000000, 0x00000000be000000, 0x00000000bf000000|  0%| F|  |TAMS 0x00000000be000000, 0x00000000be000000| Untracked 
|  61|0x00000000bf000000, 0x00000000bf000000, 0x00000000c0000000|  0%| F|  |TAMS 0x00000000bf000000, 0x00000000bf000000| Untracked 
|  62|0x00000000c0000000, 0x00000000c0000000, 0x00000000c1000000|  0%| F|  |TAMS 0x00000000c0000000, 0x00000000c0000000| Untracked 
|  63|0x00000000c1000000, 0x00000000c1000000, 0x00000000c2000000|  0%| F|  |TAMS 0x00000000c1000000, 0x00000000c1000000| Untracked 
|  64|0x00000000c2000000, 0x00000000c2000000, 0x00000000c3000000|  0%| F|  |TAMS 0x00000000c2000000, 0x00000000c2000000| Untracked 
|  65|0x00000000c3000000, 0x00000000c3000000, 0x00000000c4000000|  0%| F|  |TAMS 0x00000000c3000000, 0x00000000c3000000| Untracked 
|  66|0x00000000c4000000, 0x00000000c4000000, 0x00000000c5000000|  0%| F|  |TAMS 0x00000000c4000000, 0x00000000c4000000| Untracked 
|  67|0x00000000c5000000, 0x00000000c5000000, 0x00000000c6000000|  0%| F|  |TAMS 0x00000000c5000000, 0x00000000c5000000| Untracked 
|  68|0x00000000c6000000, 0x00000000c6000000, 0x00000000c7000000|  0%| F|  |TAMS 0x00000000c6000000, 0x00000000c6000000| Untracked 
|  69|0x00000000c7000000, 0x00000000c7000000, 0x00000000c8000000|  0%| F|  |TAMS 0x00000000c7000000, 0x00000000c7000000| Untracked 
|  70|0x00000000c8000000, 0x00000000c8000000, 0x00000000c9000000|  0%| F|  |TAMS 0x00000000c8000000, 0x00000000c8000000| Untracked 
|  71|0x00000000c9000000, 0x00000000c9000000, 0x00000000ca000000|  0%| F|  |TAMS 0x00000000c9000000, 0x00000000c9000000| Untracked 
|  72|0x00000000ca000000, 0x00000000ca000000, 0x00000000cb000000|  0%| F|  |TAMS 0x00000000ca000000, 0x00000000ca000000| Untracked 
|  73|0x00000000cb000000, 0x00000000cb000000, 0x00000000cc000000|  0%| F|  |TAMS 0x00000000cb000000, 0x00000000cb000000| Untracked 
|  74|0x00000000cc000000, 0x00000000cc000000, 0x00000000cd000000|  0%| F|  |TAMS 0x00000000cc000000, 0x00000000cc000000| Untracked 
|  75|0x00000000cd000000, 0x00000000cd000000, 0x00000000ce000000|  0%| F|  |TAMS 0x00000000cd000000, 0x00000000cd000000| Untracked 
|  76|0x00000000ce000000, 0x00000000ce000000, 0x00000000cf000000|  0%| F|  |TAMS 0x00000000ce000000, 0x00000000ce000000| Untracked 
|  77|0x00000000cf000000, 0x00000000cf000000, 0x00000000d0000000|  0%| F|  |TAMS 0x00000000cf000000, 0x00000000cf000000| Untracked 
|  78|0x00000000d0000000, 0x00000000d0000000, 0x00000000d1000000|  0%| F|  |TAMS 0x00000000d0000000, 0x00000000d0000000| Untracked 
|  79|0x00000000d1000000, 0x00000000d1000000, 0x00000000d2000000|  0%| F|  |TAMS 0x00000000d1000000, 0x00000000d1000000| Untracked 
|  80|0x00000000d2000000, 0x00000000d2000000, 0x00000000d3000000|  0%| F|  |TAMS 0x00000000d2000000, 0x00000000d2000000| Untracked 
|  81|0x00000000d3000000, 0x00000000d3000000, 0x00000000d4000000|  0%| F|  |TAMS 0x00000000d3000000, 0x00000000d3000000| Untracked 
|  82|0x00000000d4000000, 0x00000000d4000000, 0x00000000d5000000|  0%| F|  |TAMS 0x00000000d4000000, 0x00000000d4000000| Untracked 
|  83|0x00000000d5000000, 0x00000000d5000000, 0x00000000d6000000|  0%| F|  |TAMS 0x00000000d5000000, 0x00000000d5000000| Untracked 
|  84|0x00000000d6000000, 0x00000000d6000000, 0x00000000d7000000|  0%| F|  |TAMS 0x00000000d6000000, 0x00000000d6000000| Untracked 
|  85|0x00000000d7000000, 0x00000000d7000000, 0x00000000d8000000|  0%| F|  |TAMS 0x00000000d7000000, 0x00000000d7000000| Untracked 
|  86|0x00000000d8000000, 0x00000000d8000000, 0x00000000d9000000|  0%| F|  |TAMS 0x00000000d8000000, 0x00000000d8000000| Untracked 
|  87|0x00000000d9000000, 0x00000000d9000000, 0x00000000da000000|  0%| F|  |TAMS 0x00000000d9000000, 0x00000000d9000000| Untracked 
|  88|0x00000000da000000, 0x00000000da000000, 0x00000000db000000|  0%| F|  |TAMS 0x00000000da000000, 0x00000000da000000| Untracked 
|  89|0x00000000db000000, 0x00000000db000000, 0x00000000dc000000|  0%| F|  |TAMS 0x00000000db000000, 0x00000000db000000| Untracked 
|  90|0x00000000dc000000, 0x00000000dc000000, 0x00000000dd000000|  0%| F|  |TAMS 0x00000000dc000000, 0x00000000dc000000| Untracked 
|  91|0x00000000dd000000, 0x00000000dd000000, 0x00000000de000000|  0%| F|  |TAMS 0x00000000dd000000, 0x00000000dd000000| Untracked 
|  92|0x00000000de000000, 0x00000000de000000, 0x00000000df000000|  0%| F|  |TAMS 0x00000000de000000, 0x00000000de000000| Untracked 
|  93|0x00000000df000000, 0x00000000df000000, 0x00000000e0000000|  0%| F|  |TAMS 0x00000000df000000, 0x00000000df000000| Untracked 
|  94|0x00000000e0000000, 0x00000000e0000000, 0x00000000e1000000|  0%| F|  |TAMS 0x00000000e0000000, 0x00000000e0000000| Untracked 
|  95|0x00000000e1000000, 0x00000000e1000000, 0x00000000e2000000|  0%| F|  |TAMS 0x00000000e1000000, 0x00000000e1000000| Untracked 
|  96|0x00000000e2000000, 0x00000000e2000000, 0x00000000e3000000|  0%| F|  |TAMS 0x00000000e2000000, 0x00000000e2000000| Untracked 
|  97|0x00000000e3000000, 0x00000000e3000000, 0x00000000e4000000|  0%| F|  |TAMS 0x00000000e3000000, 0x00000000e3000000| Untracked 
|  98|0x00000000e4000000, 0x00000000e4000000, 0x00000000e5000000|  0%| F|  |TAMS 0x00000000e4000000, 0x00000000e4000000| Untracked 
|  99|0x00000000e5000000, 0x00000000e5000000, 0x00000000e6000000|  0%| F|  |TAMS 0x00000000e5000000, 0x00000000e5000000| Untracked 
| 100|0x00000000e6000000, 0x00000000e6000000, 0x00000000e7000000|  0%| F|  |TAMS 0x00000000e6000000, 0x00000000e6000000| Untracked 
| 101|0x00000000e7000000, 0x00000000e7000000, 0x00000000e8000000|  0%| F|  |TAMS 0x00000000e7000000, 0x00000000e7000000| Untracked 
| 102|0x00000000e8000000, 0x00000000e8000000, 0x00000000e9000000|  0%| F|  |TAMS 0x00000000e8000000, 0x00000000e8000000| Untracked 
| 103|0x00000000e9000000, 0x00000000e9000000, 0x00000000ea000000|  0%| F|  |TAMS 0x00000000e9000000, 0x00000000e9000000| Untracked 
| 104|0x00000000ea000000, 0x00000000ea000000, 0x00000000eb000000|  0%| F|  |TAMS 0x00000000ea000000, 0x00000000ea000000| Untracked 
| 105|0x00000000eb000000, 0x00000000eb000000, 0x00000000ec000000|  0%| F|  |TAMS 0x00000000eb000000, 0x00000000eb000000| Untracked 
| 106|0x00000000ec000000, 0x00000000ec000000, 0x00000000ed000000|  0%| F|  |TAMS 0x00000000ec000000, 0x00000000ec000000| Untracked 
| 107|0x00000000ed000000, 0x00000000ed000000, 0x00000000ee000000|  0%| F|  |TAMS 0x00000000ed000000, 0x00000000ed000000| Untracked 
| 108|0x00000000ee000000, 0x00000000ee000000, 0x00000000ef000000|  0%| F|  |TAMS 0x00000000ee000000, 0x00000000ee000000| Untracked 
| 109|0x00000000ef000000, 0x00000000ef000000, 0x00000000f0000000|  0%| F|  |TAMS 0x00000000ef000000, 0x00000000ef000000| Untracked 
| 110|0x00000000f0000000, 0x00000000f0000000, 0x00000000f1000000|  0%| F|  |TAMS 0x00000000f0000000, 0x00000000f0000000| Untracked 
| 111|0x00000000f1000000, 0x00000000f1000000, 0x00000000f2000000|  0%| F|  |TAMS 0x00000000f1000000, 0x00000000f1000000| Untracked 
| 112|0x00000000f2000000, 0x00000000f2000000, 0x00000000f3000000|  0%| F|  |TAMS 0x00000000f2000000, 0x00000000f2000000| Untracked 
| 113|0x00000000f3000000, 0x00000000f3000000, 0x00000000f4000000|  0%| F|  |TAMS 0x00000000f3000000, 0x00000000f3000000| Untracked 
| 114|0x00000000f4000000, 0x00000000f4000000, 0x00000000f5000000|  0%| F|  |TAMS 0x00000000f4000000, 0x00000000f4000000| Untracked 
| 115|0x00000000f5000000, 0x00000000f5000000, 0x00000000f6000000|  0%| F|  |TAMS 0x00000000f5000000, 0x00000000f5000000| Untracked 
| 116|0x00000000f6000000, 0x00000000f6000000, 0x00000000f7000000|  0%| F|  |TAMS 0x00000000f6000000, 0x00000000f6000000| Untracked 
| 117|0x00000000f7000000, 0x00000000f7000000, 0x00000000f8000000|  0%| F|  |TAMS 0x00000000f7000000, 0x00000000f7000000| Untracked 
| 118|0x00000000f8000000, 0x00000000f8000000, 0x00000000f9000000|  0%| F|  |TAMS 0x00000000f8000000, 0x00000000f8000000| Untracked 
| 119|0x00000000f9000000, 0x00000000f9000000, 0x00000000fa000000|  0%| F|  |TAMS 0x00000000f9000000, 0x00000000f9000000| Untracked 
| 120|0x00000000fa000000, 0x00000000fa000000, 0x00000000fb000000|  0%| F|  |TAMS 0x00000000fa000000, 0x00000000fa000000| Untracked 
| 121|0x00000000fb000000, 0x00000000fb000000, 0x00000000fc000000|  0%| F|  |TAMS 0x00000000fb000000, 0x00000000fb000000| Untracked 
| 122|0x00000000fc000000, 0x00000000fc000000, 0x00000000fd000000|  0%| F|  |TAMS 0x00000000fc000000, 0x00000000fc000000| Untracked 
| 123|0x00000000fd000000, 0x00000000fd000000, 0x00000000fe000000|  0%| F|  |TAMS 0x00000000fd000000, 0x00000000fd000000| Untracked 
| 124|0x00000000fe000000, 0x00000000fe3d78d0, 0x00000000ff000000| 24%| E|  |TAMS 0x00000000fe000000, 0x00000000fe000000| Complete 
| 125|0x00000000ff000000, 0x0000000100000000, 0x0000000100000000|100%| E|CS|TAMS 0x00000000ff000000, 0x00000000ff000000| Complete 
| 126|0x0000000100000000, 0x0000000101000000, 0x0000000101000000|100%| E|CS|TAMS 0x0000000100000000, 0x0000000100000000| Complete 
| 127|0x0000000101000000, 0x0000000102000000, 0x0000000102000000|100%| E|CS|TAMS 0x0000000101000000, 0x0000000101000000| Complete 
|1916|0x00000007fe000000, 0x00000007fef76000, 0x00000007ff000000| 96%|OA|  |TAMS 0x00000007fe000000, 0x00000007fe000000| Untracked 
|1917|0x00000007ff000000, 0x00000007ff083000, 0x0000000800000000|  3%|CA|  |TAMS 0x00000007ff000000, 0x00000007ff000000| Untracked 

Card table byte_map: [0x00007fd8d24fc000,0x00007fd8d60ec000] _byte_map_base: 0x00007fd8d20ec000

Marking Bits (Prev, Next): (CMBitMap*) 0x00007fd8f4071368, (CMBitMap*) 0x00007fd8f40713a8
 Prev Bits: [0x00007fd8b098c000, 0x00007fd8ce90c000)
 Next Bits: [0x00007fd892a0c000, 0x00007fd8b098c000)

Polling page: 0x00007fd8fbc35000

Metaspace:

Usage:
  Non-class:      1.28 MB used.
      Class:     63.10 KB used.
       Both:      1.34 MB used.

Virtual space:
  Non-class space:       64.00 MB reserved,       1.38 MB (  2%) committed,  1 nodes.
      Class space:        1.00 GB reserved,     128.00 KB ( <1%) committed,  1 nodes.
             Both:        1.06 GB reserved,       1.50 MB ( <1%) committed. 

Chunk freelists:
   Non-Class:  11.98 MB
       Class:  15.74 MB
        Both:  27.72 MB

MaxMetaspaceSize: unlimited
CompressedClassSpaceSize: 1.00 GB
Initial GC threshold: 21.00 MB
Current GC threshold: 21.00 MB
CDS: on
MetaspaceReclaimPolicy: balanced
 - commit_granule_bytes: 65536.
 - commit_granule_words: 8192.
 - virtual_space_node_default_size: 8388608.
 - enlarge_chunks_in_place: 1.
 - new_chunks_are_fully_committed: 0.
 - uncommit_free_chunks: 1.
 - use_allocation_guard: 0.
 - handle_deallocations: 1.


Internal statistics:

num_allocs: 11469.
num_deallocs: 0.
num_allocs_from_deallocated_blocks: 0.
num_chunks_retired: 1.
num_allocs_failed_limit: 0.
num_arena_births: 16.
num_arena_deaths: 0.
num_vsnodes_births: 2.
num_vsnodes_deaths: 0.
num_space_committed: 24.
num_space_uncommitted: 0.
num_chunks_returned_to_freelist: 0.
num_chunks_taken_from_freelist: 18.
num_chunk_merges: 0.
num_chunk_splits: 12.
num_chunks_enlarged: 12.
num_inconsistent_stats: 0.

CodeHeap 'non-profiled nmethods': size=118592Kb used=96Kb max_used=96Kb free=118495Kb
 bounds [0x00007fd8e5032000, 0x00007fd8e52a2000, 0x00007fd8ec402000]
CodeHeap 'profiled nmethods': size=118588Kb used=394Kb max_used=394Kb free=118193Kb
 bounds [0x00007fd8dd402000, 0x00007fd8dd672000, 0x00007fd8e47d1000]
CodeHeap 'non-nmethods': size=8580Kb used=2668Kb max_used=4375Kb free=5911Kb
 bounds [0x00007fd8e47d1000, 0x00007fd8e4c51000, 0x00007fd8e5032000]
 total_blobs=1001 nmethods=256 adapters=665
 compilation: enabled
              stopped_count=0, restarted_count=0
 full_count=0

Compilation events (20 events):
Event: 17.321 Thread 0x00007fd84c08cf30 nmethod 231 0x00007fd8dd460190 code [0x00007fd8dd4603a0, 0x00007fd8dd460808]
Event: 17.323 Thread 0x00007fd844049640 nmethod 234 0x00007fd8dd460a10 code [0x00007fd8dd460c80, 0x00007fd8dd461448]
Event: 17.323 Thread 0x00007fd844065230 nmethod 240 0x00007fd8dd461810 code [0x00007fd8dd461a40, 0x00007fd8dd461f88]
Event: 17.324 Thread 0x00007fd84406df60 nmethod 239 0x00007fd8dd462190 code [0x00007fd8dd4623e0, 0x00007fd8dd4629e8]
Event: 17.362 Thread 0x00007fd8f43a8d40 nmethod 251 0x00007fd8e5044010 code [0x00007fd8e5044280, 0x00007fd8e50449b8]
Event: 17.363 Thread 0x00007fd8f43a8d40  254       4       jdk.incubator.vector.VectorMask::lambda$fromLong$2 (108 bytes)
Event: 17.363 Thread 0x00007fd8580c0360  253       4       jdk.incubator.vector.AbstractMask::toLongHelper (41 bytes)
Event: 17.363 Thread 0x00007fd858102980  252       4       jdk.incubator.vector.Int256Vector$Int256Mask::prepare (33 bytes)
Event: 17.363 Thread 0x00007fd8581036c0  255       4       tolong::micro (18 bytes)
Event: 17.363 Thread 0x00007fd8580bf090  256       4       jdk.internal.vm.vector.VectorSupport::fromBitsCoerced (35 bytes)
Event: 17.385 Thread 0x00007fd8580c0360 nmethod 253 0x00007fd8e5045090 code [0x00007fd8e5045280, 0x00007fd8e5045518]
Event: 17.385 Thread 0x00007fd8580c0360  257       4       jdk.internal.vm.vector.VectorSupport::load (38 bytes)
Event: 17.387 Thread 0x00007fd858102980 nmethod 252 0x00007fd8e5045810 code [0x00007fd8e50459c0, 0x00007fd8e5045b58]
Event: 17.387 Thread 0x00007fd858102980  260       4       jdk.incubator.vector.Int256Vector$Int256Mask::vspecies (5 bytes)
Event: 17.388 Thread 0x00007fd858102980 nmethod 260 0x00007fd8e5045c90 code [0x00007fd8e5045e20, 0x00007fd8e5045e98]
Event: 17.388 Thread 0x00007fd858102980  261       4       jdk.internal.vm.vector.VectorSupport::maskReductionCoerced (34 bytes)
Event: 17.394 Thread 0x00007fd8f43a8d40 nmethod 254 0x00007fd8e5045f90 code [0x00007fd8e50461e0, 0x00007fd8e5046728]
Event: 17.395 Thread 0x00007fd8f43a8d40  258       4       jdk.incubator.vector.IntVector$IntSpecies::dummyVector (5 bytes)
Event: 17.397 Thread 0x00007fd8f43a8d40 nmethod 258 0x00007fd8e5046c90 code [0x00007fd8e5046e40, 0x00007fd8e5046f38]
Event: 17.397 Thread 0x00007fd8f43a8d40  259       4       jdk.incubator.vector.Int256Vector::maskFromArray (6 bytes)

GC Heap History (0 events):
No events

Dll operation events (2 events):
Event: 13.166 Loaded shared library /home/jatinbha/sandboxes/jdk17u-dev/build/linux-x86_64-server-slowdebug/images/jdk/lib/libjava.so
Event: 14.430 Loaded shared library /home/jatinbha/sandboxes/jdk17u-dev/build/linux-x86_64-server-slowdebug/images/jdk/lib/libjsvml.so

Deoptimization events (4 events):
Event: 17.146 Thread 0x00007fd8f4028190 Uncommon trap: trap_request=0xfffffff4 fr.pc=0x00007fd8e503d8f0 relative=0x0000000000000210
Event: 17.146 Thread 0x00007fd8f4028190 Uncommon trap: reason=null_check action=make_not_entrant pc=0x00007fd8e503d8f0 method=java.lang.String.equals(Ljava/lang/Object;)Z @ 8 c2
Event: 17.146 Thread 0x00007fd8f4028190 DEOPT PACKING pc=0x00007fd8e503d8f0 sp=0x00007fd8f965cc10
Event: 17.146 Thread 0x00007fd8f4028190 DEOPT UNPACKING pc=0x00007fd8e48f402a sp=0x00007fd8f965cbd8 mode 2

Classes unloaded (0 events):
No events

Classes redefined (0 events):
No events

Internal exceptions (5 events):
Event: 17.146 Thread 0x00007fd8f4028190 Implicit null exception at 0x00007fd8e503d715 to 0x00007fd8e503d8e0
Event: 17.206 Thread 0x00007fd8f4028190 Exception <a 'java/lang/NoSuchMethodError'{0x00000001010efd80}: 'java.lang.Object java.lang.invoke.DirectMethodHandle$Holder.invokeStatic(java.lang.Object, long, java.lang.Object)'> (0x00000001010efd80) 
thrown [/home/jatinbha/sandboxes/jdk17u-dev/src/hotspot/share/interpreter/linkResolver.cpp, line 758]
Event: 17.211 Thread 0x00007fd8f4028190 Exception <a 'java/lang/NoSuchMethodError'{0x00000001010f77e8}: 'java.lang.Object java.lang.invoke.DirectMethodHandle$Holder.invokeStatic(java.lang.Object, java.lang.Object, int, java.lang.Object)'> (0x00000001010f77e8) 
thrown [/home/jatinbha/sandboxes/jdk17u-dev/src/hotspot/share/interpreter/linkResolver.cpp, line 758]
Event: 17.219 Thread 0x00007fd8f4028190 Exception <a 'java/lang/NoSuchMethodError'{0x0000000101104b40}: 'java.lang.Object java.lang.invoke.DirectMethodHandle$Holder.newInvokeSpecial(java.lang.Object, java.lang.Object, int)'> (0x0000000101104b40) 
thrown [/home/jatinbha/sandboxes/jdk17u-dev/src/hotspot/share/interpreter/linkResolver.cpp, line 758]
Event: 17.281 Thread 0x00007fd8f4028190 Exception <a 'java/lang/NoSuchMethodError'{0x000000010111be90}: 'long java.lang.invoke.DirectMethodHandle$Holder.invokeStatic(java.lang.Object, java.lang.Object)'> (0x000000010111be90) 
thrown [/home/jatinbha/sandboxes/jdk17u-dev/src/hotspot/share/interpreter/linkResolver.cpp, line 758]

VM Operations (20 events):
Event: 14.611 Executing VM operation: Verify
Event: 14.651 Executing VM operation: Verify done
Event: 14.692 Executing VM operation: Verify
Event: 14.751 Executing VM operation: Verify done
Event: 14.751 Executing VM operation: Verify
Event: 14.796 Executing VM operation: Verify done
Event: 14.817 Executing VM operation: Verify
Event: 14.869 Executing VM operation: Verify done
Event: 14.869 Executing VM operation: Verify
Event: 14.914 Executing VM operation: Verify done
Event: 15.069 Executing VM operation: Verify
Event: 15.182 Executing VM operation: Verify done
Event: 15.182 Executing VM operation: Verify
Event: 15.273 Executing VM operation: Verify done
Event: 15.337 Executing VM operation: Verify
Event: 15.506 Executing VM operation: Verify done
Event: 15.506 Executing VM operation: Verify
Event: 15.667 Executing VM operation: Verify done
Event: 17.146 Executing VM operation: Cleanup
Event: 17.146 Executing VM operation: Cleanup done

Events (20 events):
Event: 17.257 loading class jdk/incubator/vector/Byte256Vector$Byte256Mask
Event: 17.257 loading class jdk/incubator/vector/Byte256Vector$Byte256Mask done
Event: 17.262 loading class jdk/incubator/vector/Byte512Vector
Event: 17.265 loading class jdk/incubator/vector/Byte512Vector done
Event: 17.266 loading class jdk/incubator/vector/Byte512Vector$Byte512Mask
Event: 17.266 loading class jdk/incubator/vector/Byte512Vector$Byte512Mask done
Event: 17.270 loading class jdk/incubator/vector/ByteMaxVector
Event: 17.274 loading class jdk/incubator/vector/ByteMaxVector done
Event: 17.274 loading class jdk/incubator/vector/ByteMaxVector$ByteMaxMask
Event: 17.275 loading class jdk/incubator/vector/ByteMaxVector$ByteMaxMask done
Event: 17.280 loading class jdk/internal/vm/vector/VectorSupport$VectorMaskOp
Event: 17.280 loading class jdk/internal/vm/vector/VectorSupport$VectorMaskOp done
Event: 17.362 Thread 0x00007fd858102980 Thread added: 0x00007fd858102980
Event: 17.362 Protecting memory [0x00007fd87dd89000,0x00007fd87dd8d000] with protection modes 0
Event: 17.362 Thread 0x00007fd8581036c0 Thread added: 0x00007fd8581036c0
Event: 17.363 Protecting memory [0x00007fd87dc88000,0x00007fd87dc8c000] with protection modes 0
Event: 17.363 Thread 0x00007fd8580bf090 Thread added: 0x00007fd8580bf090
Event: 17.363 Protecting memory [0x00007fd87db87000,0x00007fd87db8b000] with protection modes 0
Event: 17.363 Thread 0x00007fd8580c0360 Thread added: 0x00007fd8580c0360
Event: 17.363 Protecting memory [0x00007fd87da86000,0x00007fd87da8a000] with protection modes 0


Dynamic libraries:
82000000-102000000 rw-p 00000000 00:00 0 
102000000-7fe000000 ---p 00000000 00:00 0 
7fe000000-7fef00000 rw-p 00000000 00:00 0 
7fef00000-7fef76000 rw-p 00cf8000 08:02 23173328                         /home/jatinbha/sandboxes/jdk17u-dev/build/linux-x86_64-server-slowdebug/images/jdk/lib/server/classes.jsa (deleted)
7fef76000-7ff000000 rw-p 00000000 00:00 0 
7ff000000-7ff083000 rw-p 00c75000 08:02 23173328                         /home/jatinbha/sandboxes/jdk17u-dev/build/linux-x86_64-server-slowdebug/images/jdk/lib/server/classes.jsa (deleted)
7ff083000-800000000 rw-p 00000000 00:00 0 
800000000-8004ae000 rw-p 00001000 08:02 23173328                         /home/jatinbha/sandboxes/jdk17u-dev/build/linux-x86_64-server-slowdebug/images/jdk/lib/server/classes.jsa (deleted)
8004ae000-800c3b000 r--p 004af000 08:02 23173328                         /home/jatinbha/sandboxes/jdk17u-dev/build/linux-x86_64-server-slowdebug/images/jdk/lib/server/classes.jsa (deleted)
800c3b000-801000000 ---p 00000000 00:00 0 
801000000-801010000 rw-p 00000000 00:00 0 
801010000-801040000 ---p 00000000 00:00 0 
801040000-801050000 rw-p 00000000 00:00 0 
801050000-841000000 ---p 00000000 00:00 0 
557fc614e000-557fc614f000 r--p 00000000 08:02 23173065                   /home/jatinbha/sandboxes/jdk17u-dev/build/linux-x86_64-server-slowdebug/images/jdk/bin/java (deleted)
557fc614f000-557fc6150000 r-xp 00001000 08:02 23173065                   /home/jatinbha/sandboxes/jdk17u-dev/build/linux-x86_64-server-slowdebug/images/jdk/bin/java (deleted)
557fc6150000-557fc6151000 r--p 00002000 08:02 23173065                   /home/jatinbha/sandboxes/jdk17u-dev/build/linux-x86_64-server-slowdebug/images/jdk/bin/java (deleted)
557fc6151000-557fc6152000 r--p 00002000 08:02 23173065                   /home/jatinbha/sandboxes/jdk17u-dev/build/linux-x86_64-server-slowdebug/images/jdk/bin/java (deleted)
557fc6152000-557fc6153000 rw-p 00003000 08:02 23173065                   /home/jatinbha/sandboxes/jdk17u-dev/build/linux-x86_64-server-slowdebug/images/jdk/bin/java (deleted)
557fc6a93000-557fc6adb000 rw-p 00000000 00:00 0                          [heap]
7fd81c000000-7fd81c089000 rw-p 00000000 00:00 0 
7fd81c089000-7fd820000000 ---p 00000000 00:00 0 
7fd820000000-7fd820114000 rw-p 00000000 00:00 0 
7fd820114000-7fd824000000 ---p 00000000 00:00 0 
7fd824000000-7fd8240a1000 rw-p 00000000 00:00 0 
7fd8240a1000-7fd828000000 ---p 00000000 00:00 0 
7fd828000000-7fd828021000 rw-p 00000000 00:00 0 
7fd828021000-7fd82c000000 ---p 00000000 00:00 0 
7fd82c000000-7fd82c021000 rw-p 00000000 00:00 0 
7fd82c021000-7fd830000000 ---p 00000000 00:00 0 
7fd830000000-7fd830021000 rw-p 00000000 00:00 0 
7fd830021000-7fd834000000 ---p 00000000 00:00 0 
7fd834000000-7fd834038000 rw-p 00000000 00:00 0 
7fd834038000-7fd838000000 ---p 00000000 00:00 0 
7fd838000000-7fd838056000 rw-p 00000000 00:00 0 
7fd838056000-7fd83c000000 ---p 00000000 00:00 0 
7fd83c000000-7fd83c04f000 rw-p 00000000 00:00 0 
7fd83c04f000-7fd840000000 ---p 00000000 00:00 0 
7fd840000000-7fd84003d000 rw-p 00000000 00:00 0 
7fd84003d000-7fd844000000 ---p 00000000 00:00 0 
7fd844000000-7fd8440ab000 rw-p 00000000 00:00 0 
7fd8440ab000-7fd848000000 ---p 00000000 00:00 0 
7fd848000000-7fd848021000 rw-p 00000000 00:00 0 
7fd848021000-7fd84c000000 ---p 00000000 00:00 0 
7fd84c000000-7fd84c0c2000 rw-p 00000000 00:00 0 
7fd84c0c2000-7fd850000000 ---p 00000000 00:00 0 
7fd850000000-7fd850021000 rw-p 00000000 00:00 0 
7fd850021000-7fd854000000 ---p 00000000 00:00 0 
7fd854000000-7fd854021000 rw-p 00000000 00:00 0 
7fd854021000-7fd858000000 ---p 00000000 00:00 0 
7fd858000000-7fd8581e7000 rw-p 00000000 00:00 0 
7fd8581e7000-7fd85c000000 ---p 00000000 00:00 0 
7fd85c000000-7fd85c021000 rw-p 00000000 00:00 0 
7fd85c021000-7fd860000000 ---p 00000000 00:00 0 
7fd860000000-7fd860021000 rw-p 00000000 00:00 0 
7fd860021000-7fd864000000 ---p 00000000 00:00 0 
7fd864000000-7fd864021000 rw-p 00000000 00:00 0 
7fd864021000-7fd868000000 ---p 00000000 00:00 0 
7fd868000000-7fd868021000 rw-p 00000000 00:00 0 
7fd868021000-7fd86c000000 ---p 00000000 00:00 0 
7fd86c000000-7fd86c021000 rw-p 00000000 00:00 0 
7fd86c021000-7fd870000000 ---p 00000000 00:00 0 
7fd870000000-7fd870021000 rw-p 00000000 00:00 0 
7fd870021000-7fd874000000 ---p 00000000 00:00 0 
7fd874000000-7fd874150000 rw-p 00000000 00:00 0 
7fd874150000-7fd874400000 ---p 00000000 00:00 0 
7fd874400000-7fd874410000 rw-p 00000000 00:00 0 
7fd874410000-7fd878000000 ---p 00000000 00:00 0 
7fd878000000-7fd878021000 rw-p 00000000 00:00 0 
7fd878021000-7fd87c000000 ---p 00000000 00:00 0 
7fd87ca4b000-7fd87da86000 rw-p 00000000 00:00 0 
7fd87da86000-7fd87da8a000 ---p 00000000 00:00 0 
7fd87da8a000-7fd87db87000 rw-p 00000000 00:00 0 
7fd87db87000-7fd87db8b000 ---p 00000000 00:00 0 
7fd87db8b000-7fd87dc88000 rw-p 00000000 00:00 0 
7fd87dc88000-7fd87dc8c000 ---p 00000000 00:00 0 
7fd87dc8c000-7fd87dd89000 rw-p 00000000 00:00 0 
7fd87dd89000-7fd87dd8d000 ---p 00000000 00:00 0 
7fd87dd8d000-7fd87de8a000 rw-p 00000000 00:00 0 
7fd87de8a000-7fd87de8b000 ---p 00000000 00:00 0 
7fd87de8b000-7fd87df8b000 rw-p 00000000 00:00 0 
7fd87df8b000-7fd87df8f000 ---p 00000000 00:00 0 
7fd87df8f000-7fd87e08c000 rw-p 00000000 00:00 0 
7fd87e08c000-7fd87e090000 ---p 00000000 00:00 0 
7fd87e090000-7fd87e18d000 rw-p 00000000 00:00 0 
7fd87e18d000-7fd87e191000 ---p 00000000 00:00 0 
7fd87e191000-7fd87e28e000 rw-p 00000000 00:00 0 
7fd87e28e000-7fd87e292000 ---p 00000000 00:00 0 
7fd87e292000-7fd87e38f000 rw-p 00000000 00:00 0 
7fd87e38f000-7fd87e393000 ---p 00000000 00:00 0 
7fd87e393000-7fd87e490000 rw-p 00000000 00:00 0 
7fd87e490000-7fd87e494000 ---p 00000000 00:00 0 
7fd87e494000-7fd87e591000 rw-p 00000000 00:00 0 
7fd87e591000-7fd87e595000 ---p 00000000 00:00 0 
7fd87e595000-7fd87e692000 rw-p 00000000 00:00 0 
7fd87e692000-7fd87e696000 ---p 00000000 00:00 0 
7fd87e696000-7fd87e793000 rw-p 00000000 00:00 0 
7fd87e793000-7fd87e797000 ---p 00000000 00:00 0 
7fd87e797000-7fd87e894000 rw-p 00000000 00:00 0 
7fd87e894000-7fd87e898000 ---p 00000000 00:00 0 
7fd87e898000-7fd87e995000 rw-p 00000000 00:00 0 
7fd87e995000-7fd87e999000 ---p 00000000 00:00 0 
7fd87e999000-7fd87ea96000 rw-p 00000000 00:00 0 
7fd87ea96000-7fd87ea9a000 ---p 00000000 00:00 0 
7fd87ea9a000-7fd87eb97000 rw-p 00000000 00:00 0 
7fd87eb97000-7fd87eb9b000 ---p 00000000 00:00 0 
7fd87eb9b000-7fd87ec98000 rw-p 00000000 00:00 0 
7fd87ec98000-7fd87f208000 r--p 00000000 08:02 7078745                    /usr/lib/locale/locale-archive
7fd87f208000-7fd87f20c000 ---p 00000000 00:00 0 
7fd87f20c000-7fd87f309000 rw-p 00000000 00:00 0 
7fd87f309000-7fd87f30d000 ---p 00000000 00:00 0 
7fd87f30d000-7fd87f40a000 rw-p 00000000 00:00 0 
7fd87f40a000-7fd87f40b000 ---p 00000000 00:00 0 
7fd87f40b000-7fd87f50b000 rw-p 00000000 00:00 0 
7fd87f50b000-7fd87f50f000 r--p 00000000 08:02 23173124                   /home/jatinbha/sandboxes/jdk17u-dev/build/linux-x86_64-server-slowdebug/images/jdk/lib/libjsvml.so (deleted)
7fd87f50f000-7fd87f550000 r-xp 00004000 08:02 23173124                   /home/jatinbha/sandboxes/jdk17u-dev/build/linux-x86_64-server-slowdebug/images/jdk/lib/libjsvml.so (deleted)
7fd87f550000-7fd87f5d9000 r--p 00045000 08:02 23173124                   /home/jatinbha/sandboxes/jdk17u-dev/build/linux-x86_64-server-slowdebug/images/jdk/lib/libjsvml.so (deleted)
7fd87f5d9000-7fd87f5da000 r--p 000cd000 08:02 23173124                   /home/jatinbha/sandboxes/jdk17u-dev/build/linux-x86_64-server-slowdebug/images/jdk/lib/libjsvml.so (deleted)
7fd87f5da000-7fd87f5db000 rw-p 000ce000 08:02 23173124                   /home/jatinbha/sandboxes/jdk17u-dev/build/linux-x86_64-server-slowdebug/images/jdk/lib/libjsvml.so (deleted)
7fd87f5db000-7fd87f6b7000 rw-p 00000000 00:00 0 
7fd87f6b7000-7fd87f6b8000 ---p 00000000 00:00 0 
7fd87f6b8000-7fd87f7b8000 rw-p 00000000 00:00 0 
7fd87f7b8000-7fd87f7b9000 ---p 00000000 00:00 0 
7fd87f7b9000-7fd884000000 rw-p 00000000 00:00 0 
7fd884000000-7fd884021000 rw-p 00000000 00:00 0 
7fd884021000-7fd888000000 ---p 00000000 00:00 0 
7fd888000000-7fd888021000 rw-p 00000000 00:00 0 
7fd888021000-7fd88c000000 ---p 00000000 00:00 0 
7fd88c000000-7fd88c021000 rw-p 00000000 00:00 0 
7fd88c021000-7fd890000000 ---p 00000000 00:00 0 
7fd89004f000-7fd892292000 rw-p 00000000 00:00 0 
7fd892292000-7fd892293000 ---p 00000000 00:00 0 
7fd892293000-7fd892393000 rw-p 00000000 00:00 0 
7fd892393000-7fd892394000 ---p 00000000 00:00 0 
7fd892394000-7fd892494000 rw-p 00000000 00:00 0 
7fd892494000-7fd892495000 ---p 00000000 00:00 0 
7fd892495000-7fd894a0c000 rw-p 00000000 00:00 0 
7fd894a0c000-7fd8b090c000 ---p 00000000 00:00 0 
7fd8b090c000-7fd8b298c000 rw-p 00000000 00:00 0 
7fd8b298c000-7fd8ce88c000 ---p 00000000 00:00 0 
7fd8ce88c000-7fd8ced0c000 rw-p 00000000 00:00 0 
7fd8ced0c000-7fd8d24ec000 ---p 00000000 00:00 0 
7fd8d24ec000-7fd8d28fc000 rw-p 00000000 00:00 0 
7fd8d28fc000-7fd8d60dc000 ---p 00000000 00:00 0 
7fd8d60dc000-7fd8d64ec000 rw-p 00000000 00:00 0 
7fd8d64ec000-7fd8d9ccc000 ---p 00000000 00:00 0 
7fd8d9ccc000-7fd8dd402000 rw-p 00000000 00:00 0 
7fd8dd402000-7fd8dd672000 rwxp 00000000 00:00 0 
7fd8dd672000-7fd8e47d1000 ---p 00000000 00:00 0 
7fd8e47d1000-7fd8e4c51000 rwxp 00000000 00:00 0 
7fd8e4c51000-7fd8e5032000 ---p 00000000 00:00 0 
7fd8e5032000-7fd8e52a2000 rwxp 00000000 00:00 0 
7fd8e52a2000-7fd8ec402000 ---p 00000000 00:00 0 
7fd8ec402000-7fd8f4000000 r--s 00000000 08:02 23172883                   /home/jatinbha/sandboxes/jdk17u-dev/build/linux-x86_64-server-slowdebug/images/jdk/lib/modules (deleted)
7fd8f4000000-7fd8f44f3000 rw-p 00000000 00:00 0 
7fd8f44f3000-7fd8f8000000 ---p 00000000 00:00 0 
7fd8f8002000-7fd8f8009000 r--s 00000000 08:02 7736501                    /usr/lib/x86_64-linux-gnu/gconv/gconv-modules.cache
7fd8f8009000-7fd8f9321000 rw-p 00000000 00:00 0 
7fd8f9321000-7fd8f9404000 ---p 00000000 00:00 0 
7fd8f9404000-7fd8f9409000 rw-p 00000000 00:00 0 
7fd8f9409000-7fd8f94ec000 ---p 00000000 00:00 0 
7fd8f94ec000-7fd8f94f5000 rw-p 00000000 00:00 0 
7fd8f94f5000-7fd8f94fd000 ---p 00000000 00:00 0 
7fd8f94fd000-7fd8f9509000 r--p 00000000 08:02 23173072                   /home/jatinbha/sandboxes/jdk17u-dev/build/linux-x86_64-server-slowdebug/images/jdk/lib/libjava.so (deleted)
7fd8f9509000-7fd8f9526000 r-xp 0000c000 08:02 23173072                   /home/jatinbha/sandboxes/jdk17u-dev/build/linux-x86_64-server-slowdebug/images/jdk/lib/libjava.so (deleted)
7fd8f9526000-7fd8f952d000 r--p 00029000 08:02 23173072                   /home/jatinbha/sandboxes/jdk17u-dev/build/linux-x86_64-server-slowdebug/images/jdk/lib/libjava.so (deleted)
7fd8f952d000-7fd8f952e000 ---p 00030000 08:02 23173072                   /home/jatinbha/sandboxes/jdk17u-dev/build/linux-x86_64-server-slowdebug/images/jdk/lib/libjava.so (deleted)
7fd8f952e000-7fd8f952f000 r--p 00030000 08:02 23173072                   /home/jatinbha/sandboxes/jdk17u-dev/build/linux-x86_64-server-slowdebug/images/jdk/lib/libjava.so (deleted)
7fd8f952f000-7fd8f9530000 rw-p 00031000 08:02 23173072                   /home/jatinbha/sandboxes/jdk17u-dev/build/linux-x86_64-server-slowdebug/images/jdk/lib/libjava.so (deleted)
7fd8f9530000-7fd8f9531000 rw-p 00000000 00:00 0 
7fd8f9531000-7fd8f9539000 rw-s 00000000 08:02 3670096                    /tmp/hsperfdata_intel/3776110
7fd8f9539000-7fd8f953d000 r--p 00000000 08:02 23173073                   /home/jatinbha/sandboxes/jdk17u-dev/build/linux-x86_64-server-slowdebug/images/jdk/lib/libjimage.so (deleted)
7fd8f953d000-7fd8f9554000 r-xp 00004000 08:02 23173073                   /home/jatinbha/sandboxes/jdk17u-dev/build/linux-x86_64-server-slowdebug/images/jdk/lib/libjimage.so (deleted)
7fd8f9554000-7fd8f955b000 r--p 0001b000 08:02 23173073                   /home/jatinbha/sandboxes/jdk17u-dev/build/linux-x86_64-server-slowdebug/images/jdk/lib/libjimage.so (deleted)
7fd8f955b000-7fd8f955c000 ---p 00022000 08:02 23173073                   /home/jatinbha/sandboxes/jdk17u-dev/build/linux-x86_64-server-slowdebug/images/jdk/lib/libjimage.so (deleted)
7fd8f955c000-7fd8f955e000 r--p 00022000 08:02 23173073                   /home/jatinbha/sandboxes/jdk17u-dev/build/linux-x86_64-server-slowdebug/images/jdk/lib/libjimage.so (deleted)
7fd8f955e000-7fd8f955f000 rw-p 00024000 08:02 23173073                   /home/jatinbha/sandboxes/jdk17u-dev/build/linux-x86_64-server-slowdebug/images/jdk/lib/libjimage.so (deleted)
7fd8f955f000-7fd8f9563000 ---p 00000000 00:00 0 
7fd8f9563000-7fd8f9660000 rw-p 00000000 00:00 0 
7fd8f9660000-7fd8f966f000 r--p 00000000 08:02 7080075                    /usr/lib/x86_64-linux-gnu/libm-2.31.so
7fd8f966f000-7fd8f9716000 r-xp 0000f000 08:02 7080075                    /usr/lib/x86_64-linux-gnu/libm-2.31.so
7fd8f9716000-7fd8f97ad000 r--p 000b6000 08:02 7080075                    /usr/lib/x86_64-linux-gnu/libm-2.31.so
7fd8f97ad000-7fd8f97ae000 r--p 0014c000 08:02 7080075                    /usr/lib/x86_64-linux-gnu/libm-2.31.so
7fd8f97ae000-7fd8f97af000 rw-p 0014d000 08:02 7080075                    /usr/lib/x86_64-linux-gnu/libm-2.31.so
7fd8f97af000-7fd8f9aa8000 r--p 00000000 08:02 23173085                   /home/jatinbha/sandboxes/jdk17u-dev/build/linux-x86_64-server-slowdebug/images/jdk/lib/server/libjvm.so (deleted)
7fd8f9aa8000-7fd8fac4f000 r-xp 002f9000 08:02 23173085                   /home/jatinbha/sandboxes/jdk17u-dev/build/linux-x86_64-server-slowdebug/images/jdk/lib/server/libjvm.so (deleted)
7fd8fac4f000-7fd8fb80f000 r--p 014a0000 08:02 23173085                   /home/jatinbha/sandboxes/jdk17u-dev/build/linux-x86_64-server-slowdebug/images/jdk/lib/server/libjvm.so (deleted)
7fd8fb80f000-7fd8fb810000 ---p 02060000 08:02 23173085                   /home/jatinbha/sandboxes/jdk17u-dev/build/linux-x86_64-server-slowdebug/images/jdk/lib/server/libjvm.so (deleted)
7fd8fb810000-7fd8fb908000 r--p 02060000 08:02 23173085                   /home/jatinbha/sandboxes/jdk17u-dev/build/linux-x86_64-server-slowdebug/images/jdk/lib/server/libjvm.so (deleted)
7fd8fb908000-7fd8fb941000 rw-p 02158000 08:02 23173085                   /home/jatinbha/sandboxes/jdk17u-dev/build/linux-x86_64-server-slowdebug/images/jdk/lib/server/libjvm.so (deleted)
7fd8fb941000-7fd8fb9ea000 rw-p 00000000 00:00 0 
7fd8fb9ea000-7fd8fb9f1000 r--p 00000000 08:02 7080090                    /usr/lib/x86_64-linux-gnu/libpthread-2.31.so
7fd8fb9f1000-7fd8fba02000 r-xp 00007000 08:02 7080090                    /usr/lib/x86_64-linux-gnu/libpthread-2.31.so
7fd8fba02000-7fd8fba07000 r--p 00018000 08:02 7080090                    /usr/lib/x86_64-linux-gnu/libpthread-2.31.so
7fd8fba07000-7fd8fba08000 r--p 0001c000 08:02 7080090                    /usr/lib/x86_64-linux-gnu/libpthread-2.31.so
7fd8fba08000-7fd8fba09000 rw-p 0001d000 08:02 7080090                    /usr/lib/x86_64-linux-gnu/libpthread-2.31.so
7fd8fba09000-7fd8fba0d000 rw-p 00000000 00:00 0 
7fd8fba0d000-7fd8fba0e000 r--p 00000000 08:02 7080074                    /usr/lib/x86_64-linux-gnu/libdl-2.31.so
7fd8fba0e000-7fd8fba10000 r-xp 00001000 08:02 7080074                    /usr/lib/x86_64-linux-gnu/libdl-2.31.so
7fd8fba10000-7fd8fba11000 r--p 00003000 08:02 7080074                    /usr/lib/x86_64-linux-gnu/libdl-2.31.so
7fd8fba11000-7fd8fba12000 r--p 00003000 08:02 7080074                    /usr/lib/x86_64-linux-gnu/libdl-2.31.so
7fd8fba12000-7fd8fba13000 rw-p 00004000 08:02 7080074                    /usr/lib/x86_64-linux-gnu/libdl-2.31.so
7fd8fba13000-7fd8fba15000 r--p 00000000 08:02 7078082                    /usr/lib/x86_64-linux-gnu/libz.so.1.2.11
7fd8fba15000-7fd8fba26000 r-xp 00002000 08:02 7078082                    /usr/lib/x86_64-linux-gnu/libz.so.1.2.11
7fd8fba26000-7fd8fba2c000 r--p 00013000 08:02 7078082                    /usr/lib/x86_64-linux-gnu/libz.so.1.2.11
7fd8fba2c000-7fd8fba2d000 ---p 00019000 08:02 7078082                    /usr/lib/x86_64-linux-gnu/libz.so.1.2.11
7fd8fba2d000-7fd8fba2e000 r--p 00019000 08:02 7078082                    /usr/lib/x86_64-linux-gnu/libz.so.1.2.11
7fd8fba2e000-7fd8fba2f000 rw-p 0001a000 08:02 7078082                    /usr/lib/x86_64-linux-gnu/libz.so.1.2.11
7fd8fba2f000-7fd8fba54000 r--p 00000000 08:02 7080073                    /usr/lib/x86_64-linux-gnu/libc-2.31.so
7fd8fba54000-7fd8fbbcc000 r-xp 00025000 08:02 7080073                    /usr/lib/x86_64-linux-gnu/libc-2.31.so
7fd8fbbcc000-7fd8fbc16000 r--p 0019d000 08:02 7080073                    /usr/lib/x86_64-linux-gnu/libc-2.31.so
7fd8fbc16000-7fd8fbc17000 ---p 001e7000 08:02 7080073                    /usr/lib/x86_64-linux-gnu/libc-2.31.so
7fd8fbc17000-7fd8fbc1a000 r--p 001e7000 08:02 7080073                    /usr/lib/x86_64-linux-gnu/libc-2.31.so
7fd8fbc1a000-7fd8fbc1d000 rw-p 001ea000 08:02 7080073                    /usr/lib/x86_64-linux-gnu/libc-2.31.so
7fd8fbc1d000-7fd8fbc21000 rw-p 00000000 00:00 0 
7fd8fbc21000-7fd8fbc24000 r--p 00000000 08:02 7080081                    /usr/lib/x86_64-linux-gnu/libnss_files-2.31.so
7fd8fbc24000-7fd8fbc2b000 r-xp 00003000 08:02 7080081                    /usr/lib/x86_64-linux-gnu/libnss_files-2.31.so
7fd8fbc2b000-7fd8fbc2d000 r--p 0000a000 08:02 7080081                    /usr/lib/x86_64-linux-gnu/libnss_files-2.31.so
7fd8fbc2d000-7fd8fbc2e000 r--p 0000b000 08:02 7080081                    /usr/lib/x86_64-linux-gnu/libnss_files-2.31.so
7fd8fbc2e000-7fd8fbc2f000 rw-p 0000c000 08:02 7080081                    /usr/lib/x86_64-linux-gnu/libnss_files-2.31.so
7fd8fbc2f000-7fd8fbc35000 rw-p 00000000 00:00 0 
7fd8fbc35000-7fd8fbc36000 ---p 00000000 00:00 0 
7fd8fbc36000-7fd8fbc37000 r--p 00000000 00:00 0 
7fd8fbc37000-7fd8fbc3a000 r--p 00000000 08:02 23173074                   /home/jatinbha/sandboxes/jdk17u-dev/build/linux-x86_64-server-slowdebug/images/jdk/lib/libjli.so (deleted)
7fd8fbc3a000-7fd8fbc48000 r-xp 00003000 08:02 23173074                   /home/jatinbha/sandboxes/jdk17u-dev/build/linux-x86_64-server-slowdebug/images/jdk/lib/libjli.so (deleted)
7fd8fbc48000-7fd8fbc4c000 r--p 00011000 08:02 23173074                   /home/jatinbha/sandboxes/jdk17u-dev/build/linux-x86_64-server-slowdebug/images/jdk/lib/libjli.so (deleted)
7fd8fbc4c000-7fd8fbc4d000 r--p 00014000 08:02 23173074                   /home/jatinbha/sandboxes/jdk17u-dev/build/linux-x86_64-server-slowdebug/images/jdk/lib/libjli.so (deleted)
7fd8fbc4d000-7fd8fbc4e000 rw-p 00015000 08:02 23173074                   /home/jatinbha/sandboxes/jdk17u-dev/build/linux-x86_64-server-slowdebug/images/jdk/lib/libjli.so (deleted)
7fd8fbc4e000-7fd8fbc50000 rw-p 00000000 00:00 0 
7fd8fbc50000-7fd8fbc51000 r--p 00000000 08:02 7080069                    /usr/lib/x86_64-linux-gnu/ld-2.31.so
7fd8fbc51000-7fd8fbc74000 r-xp 00001000 08:02 7080069                    /usr/lib/x86_64-linux-gnu/ld-2.31.so
7fd8fbc74000-7fd8fbc7c000 r--p 00024000 08:02 7080069                    /usr/lib/x86_64-linux-gnu/ld-2.31.so
7fd8fbc7c000-7fd8fbc7d000 rwxp 00000000 00:00 0 
7fd8fbc7d000-7fd8fbc7e000 r--p 0002c000 08:02 7080069                    /usr/lib/x86_64-linux-gnu/ld-2.31.so
7fd8fbc7e000-7fd8fbc7f000 rw-p 0002d000 08:02 7080069                    /usr/lib/x86_64-linux-gnu/ld-2.31.so
7fd8fbc7f000-7fd8fbc80000 rw-p 00000000 00:00 0 
7ffd7ccac000-7ffd7cccd000 rw-p 00000000 00:00 0                          [stack]
7ffd7cddf000-7ffd7cde3000 r--p 00000000 00:00 0                          [vvar]
7ffd7cde3000-7ffd7cde5000 r-xp 00000000 00:00 0                          [vdso]
ffffffffff600000-ffffffffff601000 --xp 00000000 00:00 0                  [vsyscall]


VM Arguments:
jvm_args: -XX:+PauseAtStartup --add-modules=jdk.incubator.vector 
java_command: tolong
java_class_path (initial): .
Launcher Type: SUN_STANDARD

[Global flags]
     intx CICompilerCount                          = 18                                        {product} {ergonomic}     Number of compiler threads to run
     uint ConcGCThreads                            = 18                                        {product} {ergonomic}     Number of threads concurrent gc will use
     uint G1ConcRefinementThreads                  = 73                                        {product} {ergonomic}     The number of parallel rem set update threads. Will be set ergonomically by default.
   size_t G1HeapRegionSize                         = 16777216                                  {product} {ergonomic}     Size of the G1 regions.
    uintx GCDrainStackTargetSize                   = 64                                        {product} {ergonomic}     Number of entries we will try to leave on the stack during parallel gc
   size_t InitialHeapSize                          = 2147483648                                {product} {ergonomic}     Initial heap size (in bytes); zero means use ergonomics
   size_t MarkStackSize                            = 4194304                                   {product} {ergonomic}     Size of marking stack
   size_t MaxHeapSize                              = 32178700288                               {product} {ergonomic}     Maximum heap size (in bytes)
   size_t MaxNewSize                               = 19293798400                               {product} {ergonomic}     Maximum new generation size (in bytes), max_uintx means set ergonomically
   size_t MinHeapDeltaBytes                        = 16777216                                  {product} {ergonomic}     The minimum change in heap space due to GC (in bytes)
   size_t MinHeapSize                              = 16777216                                  {product} {ergonomic}     Minimum heap size (in bytes); zero means use ergonomics
    uintx NonNMethodCodeHeapSize                   = 8782280                                {pd product} {ergonomic}     Size of code heap with non-nmethods (in bytes)
    uintx NonProfiledCodeHeapSize                  = 121437980                              {pd product} {ergonomic}     Size of code heap with non-profiled methods (in bytes)
     bool PauseAtStartup                           = true                                   {diagnostic} {command line}  Causes the VM to pause at startup time and wait for the pause file to be removed (default: ./vm.paused.<pid>)
    uintx ProfiledCodeHeapSize                     = 121437980                              {pd product} {ergonomic}     Size of code heap with profiled methods (in bytes)
    uintx ReservedCodeCacheSize                    = 251658240                              {pd product} {ergonomic}     Reserved code cache size (in bytes) - maximum code cache size
     bool SegmentedCodeCache                       = true                                      {product} {ergonomic}     Use a segmented code cache
   size_t SoftMaxHeapSize                          = 32178700288                            {manageable} {ergonomic}     Soft limit for maximum heap size (in bytes)
     bool UseCompressedClassPointers               = true                           {product lp64_product} {ergonomic}   Use 32-bit class pointers in 64-bit VM. lp64_product means flag is always constant in 32 bit VM
     bool UseCompressedOops                        = true                           {product lp64_product} {ergonomic}   Use 32-bit object references in 64-bit VM. lp64_product means flag is always constant in 32 bit VM
     bool UseG1GC                                  = true                                      {product} {ergonomic}     Use the Garbage-First garbage collector

Logging:
Log output configuration:
 #0: stdout all=warning uptime,level,tags
 #1: stderr all=off uptime,level,tags

Environment Variables:
JAVA_HOME=/home/jatinbha/sandboxes/jdk17u-dev/build/linux-x86_64-server-slowdebug/images/jdk/
PATH=/home/jatinbha/sandboxes/jdk17u-dev/build/linux-x86_64-server-slowdebug/images/jdk//bin:/home/jatinbha/sandboxes/jdk17u-dev/build/linux-x86_64-server-release/images/jdk//bin:/home/jatinbha/.local/bin:/home/jatinbha/bin:/home/jatinbha/sandboxes/llvm-project/llvm/build-dir/bin/:/home/jatinbha/softwares/cmake-3.26.3-linux-x86_64/bin:/home/jatinbha/softwares/jdk-17.0.2//bin:/home/jatinbha/softwares/thrift-0.16.0/bin:/home/jatinbha/softwares/jdk8u322-b06//bin:/home/jatinbha/softwares/jdk-17//bin:/home/jatinbha/softwares/apache-maven-3.6.3/bin:/home/jatinbha/sandboxes/skara/build/bin:/home/jatinbha/softwares/sde-internal-conf-8.62.0-2021-01-03-lin:/usr/local/sbin:/usr/local/bin:/usr/sbin:/usr/bin:/sbin:/bin:/usr/games:/usr/local/games:/snap/bin
LD_LIBRARY_PATH=/home/jatinbha/softwares:
SHELL=/bin/bash
LANG=en_IN
TERM=xterm-256color

Active Locale:
LC_ALL=en_IN
LC_COLLATE=en_IN
LC_CTYPE=en_IN
LC_MESSAGES=en_IN
LC_MONETARY=en_IN
LC_NUMERIC=en_IN
LC_TIME=en_IN

Signal Handlers:
   SIGSEGV: crash_handler+34 in libjvm.so, mask=11100100010111111101111111111110, flags=SA_RESTART|SA_SIGINFO, unblocked
    SIGBUS: crash_handler+34 in libjvm.so, mask=11100100010111111101111111111110, flags=SA_RESTART|SA_SIGINFO, unblocked
    SIGFPE: crash_handler+34 in libjvm.so, mask=11100100010111111101111111111110, flags=SA_RESTART|SA_SIGINFO, unblocked
   SIGPIPE: javaSignalHandler+32 in libjvm.so, mask=11100100010111111101111111111110, flags=SA_RESTART|SA_SIGINFO, unblocked
   SIGXFSZ: javaSignalHandler+32 in libjvm.so, mask=11100100010111111101111111111110, flags=SA_RESTART|SA_SIGINFO, unblocked
    SIGILL: crash_handler+34 in libjvm.so, mask=11100100010111111101111111111110, flags=SA_RESTART|SA_SIGINFO, unblocked
   SIGUSR2: SR_handler+32 in libjvm.so, mask=00000000000000000000000000000000, flags=SA_RESTART|SA_SIGINFO, unblocked
    SIGHUP: UserHandler+32 in libjvm.so, mask=11100100010111111101111111111110, flags=SA_RESTART|SA_SIGINFO, unblocked
    SIGINT: UserHandler+32 in libjvm.so, mask=11100100010111111101111111111110, flags=SA_RESTART|SA_SIGINFO, unblocked
   SIGTERM: UserHandler+32 in libjvm.so, mask=11100100010111111101111111111110, flags=SA_RESTART|SA_SIGINFO, unblocked
   SIGQUIT: UserHandler+32 in libjvm.so, mask=11100100010111111101111111111110, flags=SA_RESTART|SA_SIGINFO, blocked
   SIGTRAP: crash_handler+34 in libjvm.so, mask=11100100010111111101111111111110, flags=SA_RESTART|SA_SIGINFO, unblocked


Native Memory Tracking:

(Omitting categories weighting less than 1KB)

Total: reserved=34209956KB, committed=2449392KB
       malloc: 178544KB #28090
       mmap:   reserved=34031412KB, committed=2270848KB

-                 Java Heap (reserved=31424512KB, committed=2129920KB)
                            (mmap: reserved=31424512KB, committed=2129920KB) 
 
-                     Class (reserved=1048705KB, committed=257KB)
                            (classes #792)
                            (  instance classes #673, array classes #119)
                            (malloc=129KB #978) 
                            (mmap: reserved=1048576KB, committed=128KB) 
                            (  Metadata:   )
                            (    reserved=65536KB, committed=1408KB)
                            (    used=1309KB)
                            (    waste=99KB =7.03%)
                            (  Class space:)
                            (    reserved=1048576KB, committed=128KB)
                            (    used=63KB)
                            (    waste=65KB =50.70%)
 
-                    Thread (reserved=25739KB, committed=1315KB)
                            (thread #25)
                            (stack: reserved=25672KB, committed=1248KB)
                            (malloc=45KB #154) 
                            (arena=22KB #42)
 
-                      Code (reserved=248404KB, committed=10396KB)
                            (malloc=720KB #19275) 
                            (mmap: reserved=247684KB, committed=9676KB) 
 
-                        GC (reserved=1356623KB, committed=269519KB)
                            (malloc=153619KB #1007) 
                            (mmap: reserved=1203004KB, committed=115900KB) 
 
-                  Compiler (reserved=1196KB, committed=1196KB)
                            (malloc=25KB #78) 
                            (arena=1171KB #21)
 
-                  Internal (reserved=16875KB, committed=16875KB)
                            (malloc=16839KB #1651) 
                            (mmap: reserved=36KB, committed=36KB) 
 
-                    Symbol (reserved=1182KB, committed=1182KB)
                            (malloc=822KB #2877) 
                            (arena=360KB #1)
 
-    Native Memory Tracking (reserved=449KB, committed=449KB)
                            (malloc=10KB #89) 
                            (tracking overhead=439KB)
 
-        Shared class space (reserved=16384KB, committed=12524KB)
                            (mmap: reserved=16384KB, committed=12524KB) 
 
-               Arena Chunk (reserved=4116KB, committed=4116KB)
                            (malloc=4116KB) 
 
-                    Module (reserved=168KB, committed=168KB)
                            (malloc=168KB #1211) 
 
-                 Safepoint (reserved=8KB, committed=8KB)
                            (mmap: reserved=8KB, committed=8KB) 
 
-           Synchronization (reserved=46KB, committed=46KB)
                            (malloc=46KB #482) 
 
-            Serviceability (reserved=1KB, committed=1KB)
                            (malloc=1KB #6) 
 
-                 Metaspace (reserved=65546KB, committed=1418KB)
                            (malloc=10KB #7) 
                            (mmap: reserved=65536KB, committed=1408KB) 
 
-      String Deduplication (reserved=1KB, committed=1KB)
                            (malloc=1KB #8) 
 
Preinit state:entries: 352 (primary: 352, empties: 7567), sum bytes: 13094, longest chain length: 1
pre-init mallocs: 385, pre-init reallocs: 1, pre-init frees: 33

---------------  S Y S T E M  ---------------

OS:
DISTRIB_ID=Ubuntu
DISTRIB_RELEASE=20.04
DISTRIB_CODENAME=focal
DISTRIB_DESCRIPTION="Ubuntu 20.04.2 LTS"
uname: Linux intel-S2600WFT 5.8.0-41-generic #46~20.04.1-Ubuntu SMP Mon Jan 18 17:52:23 UTC 2021 x86_64
OS uptime: 206 days 5:42 hours
libc: glibc 2.31 NPTL 2.31 
rlimit (soft/hard): STACK 8192k/infinity , CORE 0k/infinity , NPROC 3090646/3090646 , NOFILE 1048576/1048576 , AS infinity/infinity , CPU infinity/infinity , DATA infinity/infinity , FSIZE infinity/infinity , MEMLOCK 65536k/65536k
load average: 0.24 0.06 0.16

/proc/meminfo:
MemTotal:       791263984 kB
MemFree:        440036216 kB
MemAvailable:   781455380 kB
Buffers:        21953416 kB
Cached:         303506228 kB
SwapCached:            0 kB
Active:         132158288 kB
Inactive:       194048996 kB
Active(anon):     734764 kB
Inactive(anon):     7064 kB
Active(file):   131423524 kB
Inactive(file): 194041932 kB
Unevictable:           0 kB
Mlocked:               0 kB
SwapTotal:       2097148 kB
SwapFree:        2097148 kB
Dirty:             41076 kB
Writeback:             0 kB
AnonPages:        747952 kB
Mapped:           388064 kB
Shmem:              9880 kB
KReclaimable:   21007788 kB
Slab:           23364820 kB
SReclaimable:   21007788 kB
SUnreclaim:      2357032 kB
KernelStack:       28032 kB
PageTables:        14236 kB
NFS_Unstable:          0 kB
Bounce:                0 kB
WritebackTmp:          0 kB
CommitLimit:    397729140 kB
Committed_AS:    7427320 kB
VmallocTotal:   34359738367 kB
VmallocUsed:      466700 kB
VmallocChunk:          0 kB
Percpu:           564032 kB
HardwareCorrupted:     0 kB
AnonHugePages:         0 kB
ShmemHugePages:        0 kB
ShmemPmdMapped:        0 kB
FileHugePages:         0 kB
FilePmdMapped:         0 kB
HugePages_Total:       0
HugePages_Free:        0
HugePages_Rsvd:        0
HugePages_Surp:        0
Hugepagesize:       2048 kB
Hugetlb:               0 kB
DirectMap4k:     4550044 kB
DirectMap2M:    261476352 kB
DirectMap1G:    540016640 kB

/sys/kernel/mm/transparent_hugepage/enabled: always [madvise] never
/sys/kernel/mm/transparent_hugepage/defrag (defrag/compaction efforts parameter): always defer defer+madvise [madvise] never

Process Memory:
Virtual Size: 36145504K (peak: 36145652K)
Resident Set Size: 319576K (peak: 319576K) (anon: 281264K, file: 38312K, shmem: 0K)
Swapped out: 0K
C-Heap outstanding allocations: 180055K, retained: 3532K
glibc malloc tunables: (default)

/proc/sys/kernel/threads-max (system-wide limit on the number of threads): 6181293
/proc/sys/vm/max_map_count (maximum number of memory map areas a process may have): 65530
/proc/sys/kernel/pid_max (system-wide limit on number of process identifiers): 4194304

container (cgroup) information:
container_type: cgroupv1
cpu_cpuset_cpus: 0-111
cpu_memory_nodes: 0-1
active_processor_count: 112
cpu_quota: no quota
cpu_period: 100000
cpu_shares: no shares
memory_limit_in_bytes: unlimited
memory_and_swap_limit_in_bytes: unlimited
memory_soft_limit_in_bytes: unlimited
memory_usage_in_bytes: 558732 k
memory_max_usage_in_bytes: 18253656 k
kernel_memory_usage_in_bytes: 108496 k
kernel_memory_max_usage_in_bytes: unlimited
kernel_memory_limit_in_bytes: 257388 k
maximum number of tasks: unlimited
current number of tasks: 26

Steal ticks since vm start: 0
Steal ticks percentage since vm start:  0.000

CPU: total 112 (initial active 112) (28 cores per cpu, 2 threads per core) family 6 model 85 stepping 7 microcode 0x5003006, cx8, cmov, fxsr, ht, mmx, 3dnowpref, sse, sse2, sse3, ssse3, sse4.1, sse4.2, popcnt, lzcnt, tsc, tscinvbit, avx, avx2, aes, erms, clmul, bmi1, bmi2, adx, avx512f, avx512dq, avx512cd, avx512bw, avx512vl, fma, vzeroupper, avx512_vnni, clflush, clflushopt, clwb
CPU Model and flags from /proc/cpuinfo:
model name	: Intel(R) Xeon(R) Platinum 8280 CPU @ 2.70GHz
flags		: fpu vme de pse tsc msr pae mce cx8 apic sep mtrr pge mca cmov pat pse36 clflush dts acpi mmx fxsr sse sse2 ss ht tm pbe syscall nx pdpe1gb rdtscp lm constant_tsc art arch_perfmon pebs bts rep_good nopl xtopology nonstop_tsc cpuid aperfmperf pni pclmulqdq dtes64 monitor ds_cpl smx est tm2 ssse3 sdbg fma cx16 xtpr pdcm pcid dca sse4_1 sse4_2 x2apic movbe popcnt tsc_deadline_timer aes xsave avx f16c rdrand lahf_lm abm 3dnowprefetch cpuid_fault epb cat_l3 cdp_l3 invpcid_single ssbd mba ibrs ibpb stibp ibrs_enhanced fsgsbase tsc_adjust bmi1 avx2 smep bmi2 erms invpcid cqm mpx rdt_a avx512f avx512dq rdseed adx smap clflushopt clwb intel_pt avx512cd avx512bw avx512vl xsaveopt xsavec xgetbv1 xsaves cqm_llc cqm_occup_llc cqm_mbm_total cqm_mbm_local dtherm ida arat pln pts hwp hwp_act_window hwp_epp hwp_pkg_req pku ospke avx512_vnni md_clear flush_l1d arch_capabilities

Online cpus: 0-111
Offline cpus: 
cache level: 1
cache type: Data
cache size: 32K
cache coherency line size: 64
cache level: 1
cache type: Instruction
cache size: 32K
cache coherency line size: 64
cache level: 2
cache type: Unified
cache size: 1024K
cache coherency line size: 64
cache level: 3
cache type: Unified
cache size: 39424K
cache coherency line size: 64
BIOS frequency limitation: <Not Available>
Frequency switch latency (ns): 0
Available cpu frequencies: <Not Available>
Maximum cpu frequency: 4000000
Minimum cpu frequency: 1000000
Current cpu frequency: 1007072
Available governors: performance powersave
Current governor: powersave
Core performance/turbo boost: <Not Available>

Memory: 4k page, physical 791263984k(440030672k free), swap 2097148k(2097148k free)
Page Sizes: 4k

vm_info: OpenJDK 64-Bit Server VM (slowdebug 17.0.9-internal+0-adhoc.root.jdk17u-dev) for linux-amd64 JRE (17.0.9-internal+0-adhoc.root.jdk17u-dev), built on Jul 19 2023 13:05:07 by "root" with gcc 9.3.0

END.
