#
# A fatal error has been detected by the Java Runtime Environment:
#
#  Internal Error (/home/jatinbha/sandboxes/jdk/src/hotspot/share/utilities/growableArray.hpp:145), pid=2233212, tid=2233233
#  assert(0 <= i && i < _len) failed: illegal index 19 for length 17
#
# JRE version: OpenJDK Runtime Environment (22.0) (slowdebug build 22-internal-adhoc.root.jdk)
# Java VM: OpenJDK 64-Bit Server VM (slowdebug 22-internal-adhoc.root.jdk, mixed mode, sharing, compressed oops, compressed class ptrs, g1 gc, linux-amd64)
# Problematic frame:
# V  [libjvm.so+0x6c05b9]  GrowableArrayView<Node*>::at(int)+0x4b
#
# Core dump will be written. Default location: Core dumps may be processed with "/usr/share/apport/apport %p %s %c %d %P %E" (or dumping to /home/jatinbha/code/java/vector-api/masked_opers/core.2233212)
#
# If you would like to submit a bug report, please visit:
#   https://bugreport.java.com/bugreport/crash.jsp
#

---------------  S U M M A R Y ------------

Command Line: -XX:+PauseAtStartup -XX:-TieredCompilation -Xbatch --add-modules=jdk.incubator.vector -XX:CompileOnly=bblend::micro -XX:DisableIntrinsic=_VectorBinaryOp bblend

Host: intel-S2600WFT, Intel(R) Xeon(R) Platinum 8280 CPU @ 2.70GHz, 112 cores, 754G, Ubuntu 20.04.2 LTS
Time: Fri Mar  8 16:43:31 2024 IST elapsed time: 273.579864 seconds (0d 0h 4m 33s)

---------------  T H R E A D  ---------------

Current thread (0x00007f1170376050):  JavaThread "C2 CompilerThread0" daemon [_thread_in_native, id=2233233, stack(0x00007f1128661000,0x00007f1128762000) (1028K)]


Current CompileTask:
C2:273579   69 %  b        bblend::micro @ 12 (101 bytes)

Stack: [0x00007f1128661000,0x00007f1128762000],  sp=0x00007f112875d340,  free space=1008k
Native frames: (J=compiled Java code, j=interpreted, Vv=VM code, C=native code)
V  [libjvm.so+0x6c05b9]  GrowableArrayView<Node*>::at(int)+0x4b  (growableArray.hpp:145)
C  0x00007f112875d36f
Registers:
RAX=0x00007f11784ea000, RBX=0x00007f10bc31b860, RCX=0x00007f10bc37bf88, RDX=0x0000000000000008
RSP=0x00007f112875d340, RBP=0x00007f112875d350, RSI=0x0000000000000013, RDI=0x00007f112875fb98
R8 =0x0000000014e6f146, R9 =0x0000000000268594, R10=0x00007f11772c6839, R11=0x00007f11777bd4dd
R12=0x00007f112875fb08, R13=0x00007f11757e046f, R14=0x00007f11757e05c0, R15=0x00007f1128760fc0
RIP=0x00007f1175ffc5b9, EFLAGS=0x0000000000010202, CSGSFS=0x002b000000000033, ERR=0x0000000000000006
  TRAPNO=0x000000000000000e


Register to memory mapping:

RAX=0x00007f11784ea000 in mmap'd memory region [0x00007f11784ea000 - 0x00007f11784eb000], tag mtInternal
RBX=0x00007f10bc31b860 points into unknown readable memory: 0x00007f11781065f0 | f0 65 10 78 11 7f 00 00
RCX=0x00007f10bc37bf88 points into unknown readable memory: 0x0000000000000000 | 00 00 00 00 00 00 00 00
RDX=0x0000000000000008 is an unknown value
RSP=0x00007f112875d340 is pointing into the stack for thread: 0x00007f1170376050
RBP=0x00007f112875d350 is pointing into the stack for thread: 0x00007f1170376050
RSI=0x0000000000000013 is an unknown value
RDI=0x00007f112875fb98 is pointing into the stack for thread: 0x00007f1170376050
R8 =0x0000000014e6f146 is an unknown value
R9 =0x0000000000268594 is an unknown value
R10=0x00007f11772c6839: <offset 0x000000000198a839> in /home/jatinbha/sandboxes/jdk/build/linux-x86_64-server-slowdebug/images/jdk/lib/server/libjvm.so at 0x00007f117593c000
R11=0x00007f11777bd4dd: <offset 0x0000000001e814dd> in /home/jatinbha/sandboxes/jdk/build/linux-x86_64-server-slowdebug/images/jdk/lib/server/libjvm.so at 0x00007f117593c000
R12=0x00007f112875fb08 is pointing into the stack for thread: 0x00007f1170376050
R13=0x00007f11757e046f is pointing into the stack for thread: 0x00007f117002a4c0
R14=0x00007f11757e05c0 is pointing into the stack for thread: 0x00007f117002a4c0
R15=0x00007f1128760fc0 is pointing into the stack for thread: 0x00007f1170376050

Top of Stack: (sp=0x00007f112875d340)
0x00007f112875d340:   000000132875d370 00007f112875fb98
0x00007f112875d350:   00007f112875d358 00007f112875d36f
0x00007f112875d360:   000000082875d3a0 cc007f10bc37bf88
0x00007f112875d370:   00007f112875d3a0 00007f1175f1cf97
0x00007f112875d380:   0000000000048270 00000000bc31b860
0x00007f112875d390:   0000000000000008 00007f1170376840
0x00007f112875d3a0:   00007f112875d3c0 00007f1176f2b035
0x00007f112875d3b0:   00007f1170376840 00007f112875d420
0x00007f112875d3c0:   00007f112875d3e0 00007f1176f2afb9
0x00007f112875d3d0:   00000001bc1d8500 00007f10bc349770
0x00007f112875d3e0:   00007f112875d470 00007f1176f05ee5
0x00007f112875d3f0:   00007f10bc349770 00007f112875d660
0x00007f112875d400:   0000000000000000 00007f10bc3496f8
0x00007f112875d410:   0000000000000000 0000000000000000
0x00007f112875d420:   00007f11781064e0 ffff80eed78a2bdf
0x00007f112875d430:   0000000000000000 0000000000000002
0x00007f112875d440:   00007f10bc37bf88 00007f1100000002
0x00007f112875d450:   00007f1170376840 00007f117629908b
0x00007f112875d460:   000000106c614320 00007f10bc31b860
0x00007f112875d470:   00007f112875d4b0 00007f1176f04f41
0x00007f112875d480:   00007f112875d4b0 00007f112875d660
0x00007f112875d490:   00007f112875d4b0 000000102875f9d0
0x00007f112875d4a0:   00007f10bc349770 00007f10bc349770
0x00007f112875d4b0:   00007f112875d530 00007f1176f04a8f
0x00007f112875d4c0:   00007f112875d4d0 00007f112875d660
0x00007f112875d4d0:   00007f1128750000 0000000000000000
0x00007f112875d4e0:   00007f112875d4f0 00007f10bc31b800
0x00007f112875d4f0:   00007f112875d510 00007f11779c6f84
0x00007f112875d500:   0000000000000000 00007f112875f9d0
0x00007f112875d510:   0000000000000000 00007f11779c6f84
0x00007f112875d520:   00007f112875d600 00007f112875d660
0x00007f112875d530:   00007f112875ec60 00007f117628c3a2 

Instructions: (pc=0x00007f1175ffc5b9)
0x00007f1175ffc4b9:   00 00 00 48 8d 3d ed 61 18 01 b8 00 00 00 00 e8
0x00007f1175ffc4c9:   38 b0 32 00 8b 45 fc 83 c0 01 89 c7 e8 0f 03 00
0x00007f1175ffc4d9:   00 c9 c3 f3 0f 1e fa 55 48 89 e5 53 48 83 ec 18
0x00007f1175ffc4e9:   48 89 7d e8 89 75 e4 48 8b 5d e8 8b 45 e4 89 c7
0x00007f1175ffc4f9:   e8 bc 3d f6 ff 48 89 c1 8b 45 e4 89 c2 48 89 ce
0x00007f1175ffc509:   48 89 df e8 c5 03 00 00 48 8d 15 20 a1 10 02 48
0x00007f1175ffc519:   8b 45 e8 48 89 10 48 8b 45 e8 48 83 c0 28 48 89
0x00007f1175ffc529:   c7 e8 8b d8 d7 ff 48 8b 45 e8 48 89 c7 e8 19 04
0x00007f1175ffc539:   00 00 90 48 83 c4 18 5b 5d c3 90 f3 0f 1e fa 55
0x00007f1175ffc549:   48 89 e5 48 83 ec 10 48 89 7d f8 48 89 75 f0 48
0x00007f1175ffc559:   8b 55 f0 48 8b 45 f8 48 89 d6 48 89 c7 e8 c3 39
0x00007f1175ffc569:   f6 ff 90 c9 c3 f3 0f 1e fa 55 48 89 e5 48 83 ec
0x00007f1175ffc579:   10 48 89 7d f8 89 75 f4 83 7d f4 00 78 0c 48 8b
0x00007f1175ffc589:   45 f8 8b 40 18 39 45 f4 7c 13 e8 7f 22 ca ff 83
0x00007f1175ffc599:   f0 01 84 c0 74 07 b8 01 00 00 00 eb 05 b8 00 00
0x00007f1175ffc5a9:   00 00 84 c0 74 41 48 8d 05 12 4e 16 02 48 8b 00
0x00007f1175ffc5b9:   c6 00 58 48 8b 45 f8 8b 50 18 8b 45 f4 41 89 d1
0x00007f1175ffc5c9:   41 89 c0 48 8d 0d 25 61 18 01 48 8d 15 3e 61 18
0x00007f1175ffc5d9:   01 be 91 00 00 00 48 8d 3d 52 36 18 01 b8 00 00
0x00007f1175ffc5e9:   00 00 e8 15 af 32 00 48 8b 45 f8 48 8b 40 20 8b
0x00007f1175ffc5f9:   55 f4 48 63 d2 48 c1 e2 03 48 01 d0 c9 c3 90 f3
0x00007f1175ffc609:   0f 1e fa 55 48 89 e5 48 83 ec 20 48 89 7d e8 48
0x00007f1175ffc619:   89 75 e0 48 8b 45 e8 8b 50 18 48 8b 45 e8 8b 40
0x00007f1175ffc629:   1c 39 c2 75 15 48 8b 45 e8 8b 50 18 48 8b 45 e8
0x00007f1175ffc639:   89 d6 48 89 c7 e8 3b 03 00 00 48 8b 45 e8 8b 40
0x00007f1175ffc649:   18 8d 48 01 48 8b 55 e8 89 4a 18 89 45 fc 48 8b
0x00007f1175ffc659:   45 e8 48 8b 40 20 8b 55 fc 48 63 d2 48 c1 e2 03
0x00007f1175ffc669:   48 01 c2 48 8b 45 e0 48 8b 00 48 89 02 8b 45 fc
0x00007f1175ffc679:   c9 c3 90 f3 0f 1e fa 55 48 89 e5 48 83 ec 10 48
0x00007f1175ffc689:   89 7d f8 48 89 75 f0 48 8b 45 f8 48 89 c7 e8 9c
0x00007f1175ffc699:   73 f2 ff 48 63 f0 48 8b 45 f8 48 8b 40 20 48 8b
0x00007f1175ffc6a9:   55 f0 48 89 d1 ba 08 00 00 00 48 89 c7 e8 55 15 


Stack slot to memory mapping:

stack at sp + 0 slots: 0x000000132875d370 is an unknown value
stack at sp + 1 slots: 0x00007f112875fb98 is pointing into the stack for thread: 0x00007f1170376050
stack at sp + 2 slots: 0x00007f112875d358 is pointing into the stack for thread: 0x00007f1170376050
stack at sp + 3 slots: 0x00007f112875d36f is pointing into the stack for thread: 0x00007f1170376050
stack at sp + 4 slots: 0x000000082875d3a0 is an unknown value
stack at sp + 5 slots: 0xcc007f10bc37bf88 is an unknown value
stack at sp + 6 slots: 0x00007f112875d3a0 is pointing into the stack for thread: 0x00007f1170376050
stack at sp + 7 slots: 0x00007f1175f1cf97: <offset 0x00000000005e0f97> in /home/jatinbha/sandboxes/jdk/build/linux-x86_64-server-slowdebug/images/jdk/lib/server/libjvm.so at 0x00007f117593c000


---------------  P R O C E S S  ---------------

uid  : 1000 euid : 1000 gid  : 1000 egid : 1000

umask: 0002 (-------w-)

Threads class SMR info:
_java_thread_list=0x00007f1170411100, length=9, elements={
0x00007f117002a4c0, 0x00007f117036d8c0, 0x00007f117036f1d0, 0x00007f1170371140,
0x00007f1170372a90, 0x00007f11703742a0, 0x00007f1170376050, 0x00007f11703c71b0,
0x00007f11704113b0
}
_java_thread_list_alloc_cnt=10, _java_thread_list_free_cnt=8, _java_thread_list_max=9, _nested_thread_list_max=0
_tlh_cnt=34, _tlh_times=0, avg_tlh_time=0.00, _tlh_time_max=0
_delete_lock_wait_cnt=0, _delete_lock_wait_max=0
_to_delete_list_cnt=0, _to_delete_list_max=1

Java Threads: ( => current thread )
  0x00007f117002a4c0 JavaThread "main"                              [_thread_blocked, id=2233213, stack(0x00007f11756e1000,0x00007f11757e2000) (1028K)]
  0x00007f117036d8c0 JavaThread "Reference Handler"          daemon [_thread_blocked, id=2233228, stack(0x00007f1128b66000,0x00007f1128c67000) (1028K)]
  0x00007f117036f1d0 JavaThread "Finalizer"                  daemon [_thread_blocked, id=2233229, stack(0x00007f1128a65000,0x00007f1128b66000) (1028K)]
  0x00007f1170371140 JavaThread "Signal Dispatcher"          daemon [_thread_blocked, id=2233230, stack(0x00007f1128964000,0x00007f1128a65000) (1028K)]
  0x00007f1170372a90 JavaThread "Service Thread"             daemon [_thread_blocked, id=2233231, stack(0x00007f1128863000,0x00007f1128964000) (1028K)]
  0x00007f11703742a0 JavaThread "Monitor Deflation Thread"   daemon [_thread_blocked, id=2233232, stack(0x00007f1128762000,0x00007f1128863000) (1028K)]
=>0x00007f1170376050 JavaThread "C2 CompilerThread0"         daemon [_thread_in_native, id=2233233, stack(0x00007f1128661000,0x00007f1128762000) (1028K)]
  0x00007f11703c71b0 JavaThread "Common-Cleaner"             daemon [_thread_blocked, id=2233234, stack(0x00007f1128490000,0x00007f1128591000) (1028K)]
  0x00007f11704113b0 JavaThread "Notification Thread"        daemon [_thread_blocked, id=2233235, stack(0x00007f112838f000,0x00007f1128490000) (1028K)]
Total: 9

Other Threads:
  0x00007f117032c330 VMThread "VM Thread"                           [id=2233227, stack(0x00007f11291d8000,0x00007f11292d8000) (1024K)]
  0x00007f117024ec70 WatcherThread "VM Periodic Task Thread"        [id=2233226, stack(0x00007f11292d9000,0x00007f11293d9000) (1024K)]
  0x00007f1170068a00 WorkerThread "GC Thread#0"                     [id=2233221, stack(0x00007f113c272000,0x00007f113c372000) (1024K)]
  0x00007f1170079210 ConcurrentGCThread "G1 Main Marker"            [id=2233222, stack(0x00007f113c171000,0x00007f113c271000) (1024K)]
  0x00007f117007a4b0 WorkerThread "G1 Conc#0"                       [id=2233223, stack(0x00007f113c070000,0x00007f113c170000) (1024K)]
  0x00007f1170236b70 ConcurrentGCThread "G1 Refine#0"               [id=2233224, stack(0x00007f11295b7000,0x00007f11296b7000) (1024K)]
  0x00007f1170237db0 ConcurrentGCThread "G1 Service"                [id=2233225, stack(0x00007f11294b6000,0x00007f11295b6000) (1024K)]
Total: 7

Threads with active compile tasks:
C2 CompilerThread0  273587   69 %  b        bblend::micro @ 12 (101 bytes)
Total: 1

VM state: not at safepoint (normal execution)

VM Mutex/Monitor currently owned by a thread: None

Heap address: 0x00000000a0000000, size: 30208 MB, Compressed Oops mode: Zero based, Oop shift amount: 3

CDS archive(s) mapped at: [0x00007f10da000000-0x00007f10dacfe000-0x00007f10dacfe000), size 13623296, SharedBaseAddress: 0x00007f10da000000, ArchiveRelocationMode: 1.
Compressed class space mapped at: 0x00007f10db000000-0x00007f111b000000, reserved size: 1073741824
Narrow klass base: 0x00007f10da000000, Narrow klass shift: 0, Narrow klass range: 0x100000000

GC Precious Log:
 CardTable entry size: 512
 Card Set container configuration: InlinePtr #cards 3 size 8 Array Of Cards #cards 128 size 272 Howl #buckets 8 coarsen threshold 29491 Howl Bitmap #cards 4096 size 528 coarsen threshold 3686 Card regions per heap region 1 cards per card region 32768
 CPUs: 112 total, 112 available
 Memory: 754G
 Large Page Support: Disabled
 NUMA Support: Disabled
 Compressed Oops: Enabled (Zero based)
 Heap Region Size: 16M
 Heap Min Capacity: 16M
 Heap Initial Capacity: 2G
 Heap Max Capacity: 30208M
 Pre-touch: Disabled
 Parallel Workers: 73
 Concurrent Workers: 18
 Concurrent Refinement Workers: 73
 Periodic GC: Disabled

Heap:
 garbage-first heap   total reserved 30932992K, committed 2113536K, used 1067K [0x00000000a0000000, 0x0000000800000000)
  region size 16384K, 1 young (16384K), 0 survivors (0K)
 Metaspace       used 1861K, committed 2048K, reserved 1114112K
  class space    used 122K, committed 192K, reserved 1048576K

Heap Regions: E=young(eden), S=young(survivor), O=old, HS=humongous(starts), HC=humongous(continues), CS=collection set, F=free, TAMS=top-at-mark-start, PB=parsable bottom
|   0|0x00000000a0000000, 0x00000000a0000000, 0x00000000a1000000|  0%| F|  |TAMS 0x00000000a0000000| PB 0x00000000a0000000| Untracked 
|   1|0x00000000a1000000, 0x00000000a1000000, 0x00000000a2000000|  0%| F|  |TAMS 0x00000000a1000000| PB 0x00000000a1000000| Untracked 
|   2|0x00000000a2000000, 0x00000000a2000000, 0x00000000a3000000|  0%| F|  |TAMS 0x00000000a2000000| PB 0x00000000a2000000| Untracked 
|   3|0x00000000a3000000, 0x00000000a3000000, 0x00000000a4000000|  0%| F|  |TAMS 0x00000000a3000000| PB 0x00000000a3000000| Untracked 
|   4|0x00000000a4000000, 0x00000000a4000000, 0x00000000a5000000|  0%| F|  |TAMS 0x00000000a4000000| PB 0x00000000a4000000| Untracked 
|   5|0x00000000a5000000, 0x00000000a5000000, 0x00000000a6000000|  0%| F|  |TAMS 0x00000000a5000000| PB 0x00000000a5000000| Untracked 
|   6|0x00000000a6000000, 0x00000000a6000000, 0x00000000a7000000|  0%| F|  |TAMS 0x00000000a6000000| PB 0x00000000a6000000| Untracked 
|   7|0x00000000a7000000, 0x00000000a7000000, 0x00000000a8000000|  0%| F|  |TAMS 0x00000000a7000000| PB 0x00000000a7000000| Untracked 
|   8|0x00000000a8000000, 0x00000000a8000000, 0x00000000a9000000|  0%| F|  |TAMS 0x00000000a8000000| PB 0x00000000a8000000| Untracked 
|   9|0x00000000a9000000, 0x00000000a9000000, 0x00000000aa000000|  0%| F|  |TAMS 0x00000000a9000000| PB 0x00000000a9000000| Untracked 
|  10|0x00000000aa000000, 0x00000000aa000000, 0x00000000ab000000|  0%| F|  |TAMS 0x00000000aa000000| PB 0x00000000aa000000| Untracked 
|  11|0x00000000ab000000, 0x00000000ab000000, 0x00000000ac000000|  0%| F|  |TAMS 0x00000000ab000000| PB 0x00000000ab000000| Untracked 
|  12|0x00000000ac000000, 0x00000000ac000000, 0x00000000ad000000|  0%| F|  |TAMS 0x00000000ac000000| PB 0x00000000ac000000| Untracked 
|  13|0x00000000ad000000, 0x00000000ad000000, 0x00000000ae000000|  0%| F|  |TAMS 0x00000000ad000000| PB 0x00000000ad000000| Untracked 
|  14|0x00000000ae000000, 0x00000000ae000000, 0x00000000af000000|  0%| F|  |TAMS 0x00000000ae000000| PB 0x00000000ae000000| Untracked 
|  15|0x00000000af000000, 0x00000000af000000, 0x00000000b0000000|  0%| F|  |TAMS 0x00000000af000000| PB 0x00000000af000000| Untracked 
|  16|0x00000000b0000000, 0x00000000b0000000, 0x00000000b1000000|  0%| F|  |TAMS 0x00000000b0000000| PB 0x00000000b0000000| Untracked 
|  17|0x00000000b1000000, 0x00000000b1000000, 0x00000000b2000000|  0%| F|  |TAMS 0x00000000b1000000| PB 0x00000000b1000000| Untracked 
|  18|0x00000000b2000000, 0x00000000b2000000, 0x00000000b3000000|  0%| F|  |TAMS 0x00000000b2000000| PB 0x00000000b2000000| Untracked 
|  19|0x00000000b3000000, 0x00000000b3000000, 0x00000000b4000000|  0%| F|  |TAMS 0x00000000b3000000| PB 0x00000000b3000000| Untracked 
|  20|0x00000000b4000000, 0x00000000b4000000, 0x00000000b5000000|  0%| F|  |TAMS 0x00000000b4000000| PB 0x00000000b4000000| Untracked 
|  21|0x00000000b5000000, 0x00000000b5000000, 0x00000000b6000000|  0%| F|  |TAMS 0x00000000b5000000| PB 0x00000000b5000000| Untracked 
|  22|0x00000000b6000000, 0x00000000b6000000, 0x00000000b7000000|  0%| F|  |TAMS 0x00000000b6000000| PB 0x00000000b6000000| Untracked 
|  23|0x00000000b7000000, 0x00000000b7000000, 0x00000000b8000000|  0%| F|  |TAMS 0x00000000b7000000| PB 0x00000000b7000000| Untracked 
|  24|0x00000000b8000000, 0x00000000b8000000, 0x00000000b9000000|  0%| F|  |TAMS 0x00000000b8000000| PB 0x00000000b8000000| Untracked 
|  25|0x00000000b9000000, 0x00000000b9000000, 0x00000000ba000000|  0%| F|  |TAMS 0x00000000b9000000| PB 0x00000000b9000000| Untracked 
|  26|0x00000000ba000000, 0x00000000ba000000, 0x00000000bb000000|  0%| F|  |TAMS 0x00000000ba000000| PB 0x00000000ba000000| Untracked 
|  27|0x00000000bb000000, 0x00000000bb000000, 0x00000000bc000000|  0%| F|  |TAMS 0x00000000bb000000| PB 0x00000000bb000000| Untracked 
|  28|0x00000000bc000000, 0x00000000bc000000, 0x00000000bd000000|  0%| F|  |TAMS 0x00000000bc000000| PB 0x00000000bc000000| Untracked 
|  29|0x00000000bd000000, 0x00000000bd000000, 0x00000000be000000|  0%| F|  |TAMS 0x00000000bd000000| PB 0x00000000bd000000| Untracked 
|  30|0x00000000be000000, 0x00000000be000000, 0x00000000bf000000|  0%| F|  |TAMS 0x00000000be000000| PB 0x00000000be000000| Untracked 
|  31|0x00000000bf000000, 0x00000000bf000000, 0x00000000c0000000|  0%| F|  |TAMS 0x00000000bf000000| PB 0x00000000bf000000| Untracked 
|  32|0x00000000c0000000, 0x00000000c0000000, 0x00000000c1000000|  0%| F|  |TAMS 0x00000000c0000000| PB 0x00000000c0000000| Untracked 
|  33|0x00000000c1000000, 0x00000000c1000000, 0x00000000c2000000|  0%| F|  |TAMS 0x00000000c1000000| PB 0x00000000c1000000| Untracked 
|  34|0x00000000c2000000, 0x00000000c2000000, 0x00000000c3000000|  0%| F|  |TAMS 0x00000000c2000000| PB 0x00000000c2000000| Untracked 
|  35|0x00000000c3000000, 0x00000000c3000000, 0x00000000c4000000|  0%| F|  |TAMS 0x00000000c3000000| PB 0x00000000c3000000| Untracked 
|  36|0x00000000c4000000, 0x00000000c4000000, 0x00000000c5000000|  0%| F|  |TAMS 0x00000000c4000000| PB 0x00000000c4000000| Untracked 
|  37|0x00000000c5000000, 0x00000000c5000000, 0x00000000c6000000|  0%| F|  |TAMS 0x00000000c5000000| PB 0x00000000c5000000| Untracked 
|  38|0x00000000c6000000, 0x00000000c6000000, 0x00000000c7000000|  0%| F|  |TAMS 0x00000000c6000000| PB 0x00000000c6000000| Untracked 
|  39|0x00000000c7000000, 0x00000000c7000000, 0x00000000c8000000|  0%| F|  |TAMS 0x00000000c7000000| PB 0x00000000c7000000| Untracked 
|  40|0x00000000c8000000, 0x00000000c8000000, 0x00000000c9000000|  0%| F|  |TAMS 0x00000000c8000000| PB 0x00000000c8000000| Untracked 
|  41|0x00000000c9000000, 0x00000000c9000000, 0x00000000ca000000|  0%| F|  |TAMS 0x00000000c9000000| PB 0x00000000c9000000| Untracked 
|  42|0x00000000ca000000, 0x00000000ca000000, 0x00000000cb000000|  0%| F|  |TAMS 0x00000000ca000000| PB 0x00000000ca000000| Untracked 
|  43|0x00000000cb000000, 0x00000000cb000000, 0x00000000cc000000|  0%| F|  |TAMS 0x00000000cb000000| PB 0x00000000cb000000| Untracked 
|  44|0x00000000cc000000, 0x00000000cc000000, 0x00000000cd000000|  0%| F|  |TAMS 0x00000000cc000000| PB 0x00000000cc000000| Untracked 
|  45|0x00000000cd000000, 0x00000000cd000000, 0x00000000ce000000|  0%| F|  |TAMS 0x00000000cd000000| PB 0x00000000cd000000| Untracked 
|  46|0x00000000ce000000, 0x00000000ce000000, 0x00000000cf000000|  0%| F|  |TAMS 0x00000000ce000000| PB 0x00000000ce000000| Untracked 
|  47|0x00000000cf000000, 0x00000000cf000000, 0x00000000d0000000|  0%| F|  |TAMS 0x00000000cf000000| PB 0x00000000cf000000| Untracked 
|  48|0x00000000d0000000, 0x00000000d0000000, 0x00000000d1000000|  0%| F|  |TAMS 0x00000000d0000000| PB 0x00000000d0000000| Untracked 
|  49|0x00000000d1000000, 0x00000000d1000000, 0x00000000d2000000|  0%| F|  |TAMS 0x00000000d1000000| PB 0x00000000d1000000| Untracked 
|  50|0x00000000d2000000, 0x00000000d2000000, 0x00000000d3000000|  0%| F|  |TAMS 0x00000000d2000000| PB 0x00000000d2000000| Untracked 
|  51|0x00000000d3000000, 0x00000000d3000000, 0x00000000d4000000|  0%| F|  |TAMS 0x00000000d3000000| PB 0x00000000d3000000| Untracked 
|  52|0x00000000d4000000, 0x00000000d4000000, 0x00000000d5000000|  0%| F|  |TAMS 0x00000000d4000000| PB 0x00000000d4000000| Untracked 
|  53|0x00000000d5000000, 0x00000000d5000000, 0x00000000d6000000|  0%| F|  |TAMS 0x00000000d5000000| PB 0x00000000d5000000| Untracked 
|  54|0x00000000d6000000, 0x00000000d6000000, 0x00000000d7000000|  0%| F|  |TAMS 0x00000000d6000000| PB 0x00000000d6000000| Untracked 
|  55|0x00000000d7000000, 0x00000000d7000000, 0x00000000d8000000|  0%| F|  |TAMS 0x00000000d7000000| PB 0x00000000d7000000| Untracked 
|  56|0x00000000d8000000, 0x00000000d8000000, 0x00000000d9000000|  0%| F|  |TAMS 0x00000000d8000000| PB 0x00000000d8000000| Untracked 
|  57|0x00000000d9000000, 0x00000000d9000000, 0x00000000da000000|  0%| F|  |TAMS 0x00000000d9000000| PB 0x00000000d9000000| Untracked 
|  58|0x00000000da000000, 0x00000000da000000, 0x00000000db000000|  0%| F|  |TAMS 0x00000000da000000| PB 0x00000000da000000| Untracked 
|  59|0x00000000db000000, 0x00000000db000000, 0x00000000dc000000|  0%| F|  |TAMS 0x00000000db000000| PB 0x00000000db000000| Untracked 
|  60|0x00000000dc000000, 0x00000000dc000000, 0x00000000dd000000|  0%| F|  |TAMS 0x00000000dc000000| PB 0x00000000dc000000| Untracked 
|  61|0x00000000dd000000, 0x00000000dd000000, 0x00000000de000000|  0%| F|  |TAMS 0x00000000dd000000| PB 0x00000000dd000000| Untracked 
|  62|0x00000000de000000, 0x00000000de000000, 0x00000000df000000|  0%| F|  |TAMS 0x00000000de000000| PB 0x00000000de000000| Untracked 
|  63|0x00000000df000000, 0x00000000df000000, 0x00000000e0000000|  0%| F|  |TAMS 0x00000000df000000| PB 0x00000000df000000| Untracked 
|  64|0x00000000e0000000, 0x00000000e0000000, 0x00000000e1000000|  0%| F|  |TAMS 0x00000000e0000000| PB 0x00000000e0000000| Untracked 
|  65|0x00000000e1000000, 0x00000000e1000000, 0x00000000e2000000|  0%| F|  |TAMS 0x00000000e1000000| PB 0x00000000e1000000| Untracked 
|  66|0x00000000e2000000, 0x00000000e2000000, 0x00000000e3000000|  0%| F|  |TAMS 0x00000000e2000000| PB 0x00000000e2000000| Untracked 
|  67|0x00000000e3000000, 0x00000000e3000000, 0x00000000e4000000|  0%| F|  |TAMS 0x00000000e3000000| PB 0x00000000e3000000| Untracked 
|  68|0x00000000e4000000, 0x00000000e4000000, 0x00000000e5000000|  0%| F|  |TAMS 0x00000000e4000000| PB 0x00000000e4000000| Untracked 
|  69|0x00000000e5000000, 0x00000000e5000000, 0x00000000e6000000|  0%| F|  |TAMS 0x00000000e5000000| PB 0x00000000e5000000| Untracked 
|  70|0x00000000e6000000, 0x00000000e6000000, 0x00000000e7000000|  0%| F|  |TAMS 0x00000000e6000000| PB 0x00000000e6000000| Untracked 
|  71|0x00000000e7000000, 0x00000000e7000000, 0x00000000e8000000|  0%| F|  |TAMS 0x00000000e7000000| PB 0x00000000e7000000| Untracked 
|  72|0x00000000e8000000, 0x00000000e8000000, 0x00000000e9000000|  0%| F|  |TAMS 0x00000000e8000000| PB 0x00000000e8000000| Untracked 
|  73|0x00000000e9000000, 0x00000000e9000000, 0x00000000ea000000|  0%| F|  |TAMS 0x00000000e9000000| PB 0x00000000e9000000| Untracked 
|  74|0x00000000ea000000, 0x00000000ea000000, 0x00000000eb000000|  0%| F|  |TAMS 0x00000000ea000000| PB 0x00000000ea000000| Untracked 
|  75|0x00000000eb000000, 0x00000000eb000000, 0x00000000ec000000|  0%| F|  |TAMS 0x00000000eb000000| PB 0x00000000eb000000| Untracked 
|  76|0x00000000ec000000, 0x00000000ec000000, 0x00000000ed000000|  0%| F|  |TAMS 0x00000000ec000000| PB 0x00000000ec000000| Untracked 
|  77|0x00000000ed000000, 0x00000000ed000000, 0x00000000ee000000|  0%| F|  |TAMS 0x00000000ed000000| PB 0x00000000ed000000| Untracked 
|  78|0x00000000ee000000, 0x00000000ee000000, 0x00000000ef000000|  0%| F|  |TAMS 0x00000000ee000000| PB 0x00000000ee000000| Untracked 
|  79|0x00000000ef000000, 0x00000000ef000000, 0x00000000f0000000|  0%| F|  |TAMS 0x00000000ef000000| PB 0x00000000ef000000| Untracked 
|  80|0x00000000f0000000, 0x00000000f0000000, 0x00000000f1000000|  0%| F|  |TAMS 0x00000000f0000000| PB 0x00000000f0000000| Untracked 
|  81|0x00000000f1000000, 0x00000000f1000000, 0x00000000f2000000|  0%| F|  |TAMS 0x00000000f1000000| PB 0x00000000f1000000| Untracked 
|  82|0x00000000f2000000, 0x00000000f2000000, 0x00000000f3000000|  0%| F|  |TAMS 0x00000000f2000000| PB 0x00000000f2000000| Untracked 
|  83|0x00000000f3000000, 0x00000000f3000000, 0x00000000f4000000|  0%| F|  |TAMS 0x00000000f3000000| PB 0x00000000f3000000| Untracked 
|  84|0x00000000f4000000, 0x00000000f4000000, 0x00000000f5000000|  0%| F|  |TAMS 0x00000000f4000000| PB 0x00000000f4000000| Untracked 
|  85|0x00000000f5000000, 0x00000000f5000000, 0x00000000f6000000|  0%| F|  |TAMS 0x00000000f5000000| PB 0x00000000f5000000| Untracked 
|  86|0x00000000f6000000, 0x00000000f6000000, 0x00000000f7000000|  0%| F|  |TAMS 0x00000000f6000000| PB 0x00000000f6000000| Untracked 
|  87|0x00000000f7000000, 0x00000000f7000000, 0x00000000f8000000|  0%| F|  |TAMS 0x00000000f7000000| PB 0x00000000f7000000| Untracked 
|  88|0x00000000f8000000, 0x00000000f8000000, 0x00000000f9000000|  0%| F|  |TAMS 0x00000000f8000000| PB 0x00000000f8000000| Untracked 
|  89|0x00000000f9000000, 0x00000000f9000000, 0x00000000fa000000|  0%| F|  |TAMS 0x00000000f9000000| PB 0x00000000f9000000| Untracked 
|  90|0x00000000fa000000, 0x00000000fa000000, 0x00000000fb000000|  0%| F|  |TAMS 0x00000000fa000000| PB 0x00000000fa000000| Untracked 
|  91|0x00000000fb000000, 0x00000000fb000000, 0x00000000fc000000|  0%| F|  |TAMS 0x00000000fb000000| PB 0x00000000fb000000| Untracked 
|  92|0x00000000fc000000, 0x00000000fc000000, 0x00000000fd000000|  0%| F|  |TAMS 0x00000000fc000000| PB 0x00000000fc000000| Untracked 
|  93|0x00000000fd000000, 0x00000000fd000000, 0x00000000fe000000|  0%| F|  |TAMS 0x00000000fd000000| PB 0x00000000fd000000| Untracked 
|  94|0x00000000fe000000, 0x00000000fe000000, 0x00000000ff000000|  0%| F|  |TAMS 0x00000000fe000000| PB 0x00000000fe000000| Untracked 
|  95|0x00000000ff000000, 0x00000000ff000000, 0x0000000100000000|  0%| F|  |TAMS 0x00000000ff000000| PB 0x00000000ff000000| Untracked 
|  96|0x0000000100000000, 0x0000000100000000, 0x0000000101000000|  0%| F|  |TAMS 0x0000000100000000| PB 0x0000000100000000| Untracked 
|  97|0x0000000101000000, 0x0000000101000000, 0x0000000102000000|  0%| F|  |TAMS 0x0000000101000000| PB 0x0000000101000000| Untracked 
|  98|0x0000000102000000, 0x0000000102000000, 0x0000000103000000|  0%| F|  |TAMS 0x0000000102000000| PB 0x0000000102000000| Untracked 
|  99|0x0000000103000000, 0x0000000103000000, 0x0000000104000000|  0%| F|  |TAMS 0x0000000103000000| PB 0x0000000103000000| Untracked 
| 100|0x0000000104000000, 0x0000000104000000, 0x0000000105000000|  0%| F|  |TAMS 0x0000000104000000| PB 0x0000000104000000| Untracked 
| 101|0x0000000105000000, 0x0000000105000000, 0x0000000106000000|  0%| F|  |TAMS 0x0000000105000000| PB 0x0000000105000000| Untracked 
| 102|0x0000000106000000, 0x0000000106000000, 0x0000000107000000|  0%| F|  |TAMS 0x0000000106000000| PB 0x0000000106000000| Untracked 
| 103|0x0000000107000000, 0x0000000107000000, 0x0000000108000000|  0%| F|  |TAMS 0x0000000107000000| PB 0x0000000107000000| Untracked 
| 104|0x0000000108000000, 0x0000000108000000, 0x0000000109000000|  0%| F|  |TAMS 0x0000000108000000| PB 0x0000000108000000| Untracked 
| 105|0x0000000109000000, 0x0000000109000000, 0x000000010a000000|  0%| F|  |TAMS 0x0000000109000000| PB 0x0000000109000000| Untracked 
| 106|0x000000010a000000, 0x000000010a000000, 0x000000010b000000|  0%| F|  |TAMS 0x000000010a000000| PB 0x000000010a000000| Untracked 
| 107|0x000000010b000000, 0x000000010b000000, 0x000000010c000000|  0%| F|  |TAMS 0x000000010b000000| PB 0x000000010b000000| Untracked 
| 108|0x000000010c000000, 0x000000010c000000, 0x000000010d000000|  0%| F|  |TAMS 0x000000010c000000| PB 0x000000010c000000| Untracked 
| 109|0x000000010d000000, 0x000000010d000000, 0x000000010e000000|  0%| F|  |TAMS 0x000000010d000000| PB 0x000000010d000000| Untracked 
| 110|0x000000010e000000, 0x000000010e000000, 0x000000010f000000|  0%| F|  |TAMS 0x000000010e000000| PB 0x000000010e000000| Untracked 
| 111|0x000000010f000000, 0x000000010f000000, 0x0000000110000000|  0%| F|  |TAMS 0x000000010f000000| PB 0x000000010f000000| Untracked 
| 112|0x0000000110000000, 0x0000000110000000, 0x0000000111000000|  0%| F|  |TAMS 0x0000000110000000| PB 0x0000000110000000| Untracked 
| 113|0x0000000111000000, 0x0000000111000000, 0x0000000112000000|  0%| F|  |TAMS 0x0000000111000000| PB 0x0000000111000000| Untracked 
| 114|0x0000000112000000, 0x0000000112000000, 0x0000000113000000|  0%| F|  |TAMS 0x0000000112000000| PB 0x0000000112000000| Untracked 
| 115|0x0000000113000000, 0x0000000113000000, 0x0000000114000000|  0%| F|  |TAMS 0x0000000113000000| PB 0x0000000113000000| Untracked 
| 116|0x0000000114000000, 0x0000000114000000, 0x0000000115000000|  0%| F|  |TAMS 0x0000000114000000| PB 0x0000000114000000| Untracked 
| 117|0x0000000115000000, 0x0000000115000000, 0x0000000116000000|  0%| F|  |TAMS 0x0000000115000000| PB 0x0000000115000000| Untracked 
| 118|0x0000000116000000, 0x0000000116000000, 0x0000000117000000|  0%| F|  |TAMS 0x0000000116000000| PB 0x0000000116000000| Untracked 
| 119|0x0000000117000000, 0x0000000117000000, 0x0000000118000000|  0%| F|  |TAMS 0x0000000117000000| PB 0x0000000117000000| Untracked 
| 120|0x0000000118000000, 0x0000000118000000, 0x0000000119000000|  0%| F|  |TAMS 0x0000000118000000| PB 0x0000000118000000| Untracked 
| 121|0x0000000119000000, 0x0000000119000000, 0x000000011a000000|  0%| F|  |TAMS 0x0000000119000000| PB 0x0000000119000000| Untracked 
| 122|0x000000011a000000, 0x000000011a000000, 0x000000011b000000|  0%| F|  |TAMS 0x000000011a000000| PB 0x000000011a000000| Untracked 
| 123|0x000000011b000000, 0x000000011b000000, 0x000000011c000000|  0%| F|  |TAMS 0x000000011b000000| PB 0x000000011b000000| Untracked 
| 124|0x000000011c000000, 0x000000011c000000, 0x000000011d000000|  0%| F|  |TAMS 0x000000011c000000| PB 0x000000011c000000| Untracked 
| 125|0x000000011d000000, 0x000000011d000000, 0x000000011e000000|  0%| F|  |TAMS 0x000000011d000000| PB 0x000000011d000000| Untracked 
| 126|0x000000011e000000, 0x000000011e000000, 0x000000011f000000|  0%| F|  |TAMS 0x000000011e000000| PB 0x000000011e000000| Untracked 
| 127|0x000000011f000000, 0x000000011fd70b58, 0x0000000120000000| 84%| E|  |TAMS 0x000000011f000000| PB 0x000000011f000000| Complete 
|1887|0x00000007ff000000, 0x00000007ff10ace8, 0x0000000800000000|  6%| O|  |TAMS 0x00000007ff000000| PB 0x00000007ff000000| Untracked 

Card table byte_map: [0x00007f1159fd8000,0x00007f115dad8000] _byte_map_base: 0x00007f1159ad8000

Marking Bits: (CMBitMap*) 0x00007f1170069740
 Bits: [0x00007f113c7d8000, 0x00007f1159fd8000)

Polling page: 0x00007f11784ba000

Metaspace:

Usage:
  Non-class:      1.70 MB used.
      Class:    122.04 KB used.
       Both:      1.82 MB used.

Virtual space:
  Non-class space:       64.00 MB reserved,       1.81 MB (  3%) committed,  1 nodes.
      Class space:        1.00 GB reserved,     192.00 KB ( <1%) committed,  1 nodes.
             Both:        1.06 GB reserved,       2.00 MB ( <1%) committed. 

Chunk freelists:
   Non-Class:  11.93 MB
       Class:  15.71 MB
        Both:  27.64 MB

MaxMetaspaceSize: unlimited
CompressedClassSpaceSize: 1.00 GB
Initial GC threshold: 21.00 MB
Current GC threshold: 21.00 MB
CDS: on
 - commit_granule_bytes: 65536.
 - commit_granule_words: 8192.
 - virtual_space_node_default_size: 8388608.
 - enlarge_chunks_in_place: 1.
 - use_allocation_guard: 0.


Internal statistics:

num_allocs: 16580.
num_deallocs: 10.
num_allocs_from_deallocated_blocks: 28.
num_chunks_retired: 22.
num_allocs_failed_limit: 0.
num_arena_births: 76.
num_arena_deaths: 0.
num_vsnodes_births: 2.
num_vsnodes_deaths: 0.
num_space_committed: 32.
num_space_uncommitted: 0.
num_chunks_returned_to_freelist: 0.
num_chunks_taken_from_freelist: 99.
num_chunk_merges: 0.
num_chunk_splits: 55.
num_chunks_enlarged: 22.
num_inconsistent_stats: 0.

CodeCache: size=49152Kb used=1641Kb max_used=1641Kb free=47510Kb
 bounds [0x00007f11649f8000, 0x00007f1164c68000, 0x00007f11679f8000]
 total_blobs=830 nmethods=68 adapters=713
 compilation: enabled
              stopped_count=0, restarted_count=0
 full_count=0

Compilation events (1 events):
Event: 32.246 Thread 0x00007f1170376050   69 %  b        bblend::micro @ 12 (101 bytes)

GC Heap History (0 events):
No events

Dll operation events (3 events):
Event: 29.375 Loaded shared library /home/jatinbha/sandboxes/jdk/build/linux-x86_64-server-slowdebug/images/jdk/lib/libjava.so
Event: 30.441 Loaded shared library /home/jatinbha/sandboxes/jdk/build/linux-x86_64-server-slowdebug/images/jdk/lib/libsimdsort.so
Event: 30.509 Loaded shared library /home/jatinbha/sandboxes/jdk/build/linux-x86_64-server-slowdebug/images/jdk/lib/libjsvml.so

Deoptimization events (0 events):
No events

Classes loaded (20 events):
Event: 30.833 Loading class jdk/incubator/vector/VectorOperators$Test done
Event: 30.833 Loading class jdk/incubator/vector/VectorOperators$TestImpl done
Event: 30.834 Loading class jdk/incubator/vector/VectorOperators$ComparisonImpl
Event: 30.834 Loading class jdk/incubator/vector/VectorOperators$Comparison
Event: 30.834 Loading class jdk/incubator/vector/VectorOperators$Comparison done
Event: 30.835 Loading class jdk/incubator/vector/VectorOperators$ComparisonImpl done
Event: 30.894 Loading class jdk/incubator/vector/VectorOperators$ConversionImpl
Event: 30.894 Loading class jdk/incubator/vector/VectorOperators$Conversion
Event: 30.894 Loading class jdk/incubator/vector/VectorOperators$Conversion done
Event: 30.894 Loading class jdk/incubator/vector/VectorOperators$ConversionImpl done
Event: 30.908 Loading class java/lang/invoke/DirectMethodHandle$StaticAccessor
Event: 30.908 Loading class java/lang/invoke/DirectMethodHandle$StaticAccessor done
Event: 30.914 Loading class jdk/internal/vm/vector/VectorSupport$BinaryOperation
Event: 30.914 Loading class jdk/internal/vm/vector/VectorSupport$BinaryOperation done
Event: 30.917 Loading class jdk/incubator/vector/IntVector$FBinOp
Event: 30.918 Loading class jdk/incubator/vector/IntVector$FBinOp done
Event: 30.922 Loading class jdk/internal/vm/vector/VectorSupport$StoreVectorOperation
Event: 30.922 Loading class jdk/internal/vm/vector/VectorSupport$StoreVectorOperation done
Event: 30.925 Loading class jdk/incubator/vector/IntVector$FStOp
Event: 30.926 Loading class jdk/incubator/vector/IntVector$FStOp done

Classes unloaded (0 events):
No events

Classes redefined (0 events):
No events

Internal exceptions (6 events):
Event: 30.670 Thread 0x00007f117002a4c0 Exception <a 'java/lang/NoSuchMethodError'{0x000000011f0dcd18}: 'int java.lang.invoke.DirectMethodHandle$Holder.invokeStaticInit(java.lang.Object, int)'> (0x000000011f0dcd18) 
thrown [/home/jatinbha/sandboxes/jdk/src/hotspot/share/interpreter/linkResolver.cpp, line 773]
Event: 30.674 Thread 0x00007f117002a4c0 Exception <a 'java/lang/NoSuchMethodError'{0x000000011f0e0920}: 'long java.lang.invoke.DirectMethodHandle$Holder.invokeStatic(java.lang.Object, java.lang.Object)'> (0x000000011f0e0920) 
thrown [/home/jatinbha/sandboxes/jdk/src/hotspot/share/interpreter/linkResolver.cpp, line 773]
Event: 30.675 Thread 0x00007f117002a4c0 Exception <a 'java/lang/NoSuchMethodError'{0x000000011f0e3d20}: 'long java.lang.invoke.DirectMethodHandle$Holder.invokeStaticInit(java.lang.Object, java.lang.Object)'> (0x000000011f0e3d20) 
thrown [/home/jatinbha/sandboxes/jdk/src/hotspot/share/interpreter/linkResolver.cpp, line 773]
Event: 30.678 Thread 0x00007f117002a4c0 Exception <a 'java/lang/NoSuchMethodError'{0x000000011f0ea648}: 'java.lang.Object java.lang.invoke.DirectMethodHandle$Holder.invokeStaticInit(java.lang.Object, long, long, long)'> (0x000000011f0ea648) 
thrown [/home/jatinbha/sandboxes/jdk/src/hotspot/share/interpreter/linkResolver.cpp, line 773]
Event: 30.751 Thread 0x00007f117002a4c0 Exception <a 'java/lang/NoSuchMethodError'{0x000000011f104528}: 'java.lang.Object java.lang.invoke.DirectMethodHandle$Holder.invokeStatic(java.lang.Object, long, java.lang.Object)'> (0x000000011f104528) 
thrown [/home/jatinbha/sandboxes/jdk/src/hotspot/share/interpreter/linkResolver.cpp, line 773]
Event: 30.891 Thread 0x00007f117002a4c0 Exception <a 'java/lang/NoSuchMethodError'{0x000000011f189a18}: 'java.lang.Object java.lang.invoke.DirectMethodHandle$Holder.invokeSpecial(java.lang.Object, java.lang.Object, java.lang.Object, int, java.lang.Object)'> (0x000000011f189a18) 
thrown [/home/jatinbha/sandboxes/jdk/src/hotspot/share/interpreter/linkResolver.cpp, line 773]

ZGC Phase Switch (0 events):
No events

VM Operations (0 events):
No events

Events (18 events):
Event: 29.299 Protecting memory [0x00007f11756e1000,0x00007f11756e5000] with protection modes 0
Event: 30.155 Thread 0x00007f117002a4c0 Thread added: 0x00007f117002a4c0
Event: 30.316 Thread 0x00007f117036d8c0 Thread added: 0x00007f117036d8c0
Event: 30.316 Protecting memory [0x00007f1128b66000,0x00007f1128b6a000] with protection modes 0
Event: 30.317 Thread 0x00007f117036f1d0 Thread added: 0x00007f117036f1d0
Event: 30.317 Protecting memory [0x00007f1128a65000,0x00007f1128a69000] with protection modes 0
Event: 30.318 Thread 0x00007f1170371140 Thread added: 0x00007f1170371140
Event: 30.318 Protecting memory [0x00007f1128964000,0x00007f1128968000] with protection modes 0
Event: 30.318 Thread 0x00007f1170372a90 Thread added: 0x00007f1170372a90
Event: 30.318 Protecting memory [0x00007f1128863000,0x00007f1128867000] with protection modes 0
Event: 30.319 Thread 0x00007f11703742a0 Thread added: 0x00007f11703742a0
Event: 30.319 Protecting memory [0x00007f1128762000,0x00007f1128766000] with protection modes 0
Event: 30.319 Thread 0x00007f1170376050 Thread added: 0x00007f1170376050
Event: 30.319 Protecting memory [0x00007f1128661000,0x00007f1128665000] with protection modes 0
Event: 30.583 Thread 0x00007f11703c71b0 Thread added: 0x00007f11703c71b0
Event: 30.583 Protecting memory [0x00007f1128490000,0x00007f1128494000] with protection modes 0
Event: 30.640 Thread 0x00007f11704113b0 Thread added: 0x00007f11704113b0
Event: 30.640 Protecting memory [0x00007f112838f000,0x00007f1128393000] with protection modes 0


Dynamic libraries:
a0000000-120000000 rw-p 00000000 00:00 0 
120000000-7ff000000 ---p 00000000 00:00 0 
7ff000000-7ff10b000 rw-p 00d3f000 08:02 22552258                         /home/jatinbha/sandboxes/jdk/build/linux-x86_64-server-slowdebug/images/jdk/lib/server/classes.jsa
7ff10b000-800000000 rw-p 00000000 00:00 0 
55edc7c7a000-55edc7c7b000 r--p 00000000 08:02 22551661                   /home/jatinbha/sandboxes/jdk/build/linux-x86_64-server-slowdebug/images/jdk/bin/java
55edc7c7b000-55edc7c7c000 r-xp 00001000 08:02 22551661                   /home/jatinbha/sandboxes/jdk/build/linux-x86_64-server-slowdebug/images/jdk/bin/java
55edc7c7c000-55edc7c7d000 r--p 00002000 08:02 22551661                   /home/jatinbha/sandboxes/jdk/build/linux-x86_64-server-slowdebug/images/jdk/bin/java
55edc7c7d000-55edc7c7e000 r--p 00002000 08:02 22551661                   /home/jatinbha/sandboxes/jdk/build/linux-x86_64-server-slowdebug/images/jdk/bin/java
55edc7c7e000-55edc7c7f000 rw-p 00003000 08:02 22551661                   /home/jatinbha/sandboxes/jdk/build/linux-x86_64-server-slowdebug/images/jdk/bin/java
55edc81fd000-55edc8243000 rw-p 00000000 00:00 0                          [heap]
7f10b0000000-7f10b0021000 rw-p 00000000 00:00 0 
7f10b0021000-7f10b4000000 ---p 00000000 00:00 0 
7f10b4000000-7f10b4021000 rw-p 00000000 00:00 0 
7f10b4021000-7f10b8000000 ---p 00000000 00:00 0 
7f10b8000000-7f10b8021000 rw-p 00000000 00:00 0 
7f10b8021000-7f10bc000000 ---p 00000000 00:00 0 
7f10bc000000-7f10bc3a7000 rw-p 00000000 00:00 0 
7f10bc3a7000-7f10c0000000 ---p 00000000 00:00 0 
7f10c0000000-7f10c0021000 rw-p 00000000 00:00 0 
7f10c0021000-7f10c4000000 ---p 00000000 00:00 0 
7f10c4000000-7f10c4021000 rw-p 00000000 00:00 0 
7f10c4021000-7f10c8000000 ---p 00000000 00:00 0 
7f10c8000000-7f10c8021000 rw-p 00000000 00:00 0 
7f10c8021000-7f10cc000000 ---p 00000000 00:00 0 
7f10cc000000-7f10cc021000 rw-p 00000000 00:00 0 
7f10cc021000-7f10d0000000 ---p 00000000 00:00 0 
7f10d0000000-7f10d0021000 rw-p 00000000 00:00 0 
7f10d0021000-7f10d4000000 ---p 00000000 00:00 0 
7f10d58ad000-7f10d61b0000 rw-p 00000000 00:00 0 
7f10d61b0000-7f10d6400000 ---p 00000000 00:00 0 
7f10d6400000-7f10d6420000 rw-p 00000000 00:00 0 
7f10d6420000-7f10da000000 ---p 00000000 00:00 0 
7f10da000000-7f10dacfe000 rw-p 00001000 08:02 22552258                   /home/jatinbha/sandboxes/jdk/build/linux-x86_64-server-slowdebug/images/jdk/lib/server/classes.jsa
7f10dacfe000-7f10db000000 ---p 00000000 00:00 0 
7f10db000000-7f10db010000 rw-p 00000000 00:00 0 
7f10db010000-7f10db040000 ---p 00000000 00:00 0 
7f10db040000-7f10db060000 rw-p 00000000 00:00 0 
7f10db060000-7f111b000000 ---p 00000000 00:00 0 
7f111b166000-7f111c000000 rw-p 00000000 00:00 0 
7f111c000000-7f111c021000 rw-p 00000000 00:00 0 
7f111c021000-7f1120000000 ---p 00000000 00:00 0 
7f1120000000-7f1120021000 rw-p 00000000 00:00 0 
7f1120021000-7f1124000000 ---p 00000000 00:00 0 
7f1124000000-7f1124021000 rw-p 00000000 00:00 0 
7f1124021000-7f1128000000 ---p 00000000 00:00 0 
7f112838f000-7f1128393000 ---p 00000000 00:00 0 
7f1128393000-7f1128490000 rw-p 00000000 00:00 0 
7f1128490000-7f1128494000 ---p 00000000 00:00 0 
7f1128494000-7f1128591000 rw-p 00000000 00:00 0 
7f1128591000-7f1128595000 r--p 00000000 08:02 22551732                   /home/jatinbha/sandboxes/jdk/build/linux-x86_64-server-slowdebug/images/jdk/lib/libjsvml.so
7f1128595000-7f11285d6000 r-xp 00004000 08:02 22551732                   /home/jatinbha/sandboxes/jdk/build/linux-x86_64-server-slowdebug/images/jdk/lib/libjsvml.so
7f11285d6000-7f112865f000 r--p 00045000 08:02 22551732                   /home/jatinbha/sandboxes/jdk/build/linux-x86_64-server-slowdebug/images/jdk/lib/libjsvml.so
7f112865f000-7f1128660000 r--p 000cd000 08:02 22551732                   /home/jatinbha/sandboxes/jdk/build/linux-x86_64-server-slowdebug/images/jdk/lib/libjsvml.so
7f1128660000-7f1128661000 rw-p 000ce000 08:02 22551732                   /home/jatinbha/sandboxes/jdk/build/linux-x86_64-server-slowdebug/images/jdk/lib/libjsvml.so
7f1128661000-7f1128665000 ---p 00000000 00:00 0 
7f1128665000-7f1128762000 rw-p 00000000 00:00 0 
7f1128762000-7f1128766000 ---p 00000000 00:00 0 
7f1128766000-7f1128863000 rw-p 00000000 00:00 0 
7f1128863000-7f1128867000 ---p 00000000 00:00 0 
7f1128867000-7f1128964000 rw-p 00000000 00:00 0 
7f1128964000-7f1128968000 ---p 00000000 00:00 0 
7f1128968000-7f1128a65000 rw-p 00000000 00:00 0 
7f1128a65000-7f1128a69000 ---p 00000000 00:00 0 
7f1128a69000-7f1128b66000 rw-p 00000000 00:00 0 
7f1128b66000-7f1128b6a000 ---p 00000000 00:00 0 
7f1128b6a000-7f1128c67000 rw-p 00000000 00:00 0 
7f1128c67000-7f11291d7000 r--p 00000000 08:02 7078745                    /usr/lib/locale/locale-archive
7f11291d7000-7f11291d8000 ---p 00000000 00:00 0 
7f11291d8000-7f11292d8000 rw-p 00000000 00:00 0 
7f11292d8000-7f11292d9000 ---p 00000000 00:00 0 
7f11292d9000-7f11294b5000 rw-p 00000000 00:00 0 
7f11294b5000-7f11294b6000 ---p 00000000 00:00 0 
7f11294b6000-7f11295b6000 rw-p 00000000 00:00 0 
7f11295b6000-7f11295b7000 ---p 00000000 00:00 0 
7f11295b7000-7f1130000000 rw-p 00000000 00:00 0 
7f1130000000-7f1130021000 rw-p 00000000 00:00 0 
7f1130021000-7f1134000000 ---p 00000000 00:00 0 
7f1134000000-7f1134021000 rw-p 00000000 00:00 0 
7f1134021000-7f1138000000 ---p 00000000 00:00 0 
7f1138000000-7f1138021000 rw-p 00000000 00:00 0 
7f1138021000-7f113c000000 ---p 00000000 00:00 0 
7f113c005000-7f113c007000 r--p 00000000 08:02 22551679                   /home/jatinbha/sandboxes/jdk/build/linux-x86_64-server-slowdebug/images/jdk/lib/libsimdsort.so
7f113c007000-7f113c028000 r-xp 00002000 08:02 22551679                   /home/jatinbha/sandboxes/jdk/build/linux-x86_64-server-slowdebug/images/jdk/lib/libsimdsort.so
7f113c028000-7f113c02c000 r--p 00023000 08:02 22551679                   /home/jatinbha/sandboxes/jdk/build/linux-x86_64-server-slowdebug/images/jdk/lib/libsimdsort.so
7f113c02c000-7f113c02d000 r--p 00026000 08:02 22551679                   /home/jatinbha/sandboxes/jdk/build/linux-x86_64-server-slowdebug/images/jdk/lib/libsimdsort.so
7f113c02d000-7f113c02e000 rw-p 00027000 08:02 22551679                   /home/jatinbha/sandboxes/jdk/build/linux-x86_64-server-slowdebug/images/jdk/lib/libsimdsort.so
7f113c02e000-7f113c06f000 rw-p 00000000 00:00 0 
7f113c06f000-7f113c070000 ---p 00000000 00:00 0 
7f113c070000-7f113c170000 rw-p 00000000 00:00 0 
7f113c170000-7f113c171000 ---p 00000000 00:00 0 
7f113c171000-7f113c271000 rw-p 00000000 00:00 0 
7f113c271000-7f113c272000 ---p 00000000 00:00 0 
7f113c272000-7f113e7d8000 rw-p 00000000 00:00 0 
7f113e7d8000-7f1159f98000 ---p 00000000 00:00 0 
7f1159f98000-7f115a3d8000 rw-p 00000000 00:00 0 
7f115a3d8000-7f115dad0000 ---p 00000000 00:00 0 
7f115dad0000-7f115ded8000 rw-p 00000000 00:00 0 
7f115ded8000-7f11615d0000 ---p 00000000 00:00 0 
7f11615d0000-7f11649f8000 rw-p 00000000 00:00 0 
7f11649f8000-7f1164c68000 rwxp 00000000 00:00 0 
7f1164c68000-7f11679f8000 ---p 00000000 00:00 0 
7f11679f8000-7f1170000000 r--s 00000000 08:02 22551642                   /home/jatinbha/sandboxes/jdk/build/linux-x86_64-server-slowdebug/images/jdk/lib/modules
7f1170000000-7f117046f000 rw-p 00000000 00:00 0 
7f117046f000-7f1174000000 ---p 00000000 00:00 0 
7f1174008000-7f117400f000 r--s 00000000 08:02 7736501                    /usr/lib/x86_64-linux-gnu/gconv/gconv-modules.cache
7f117400f000-7f117562a000 rw-p 00000000 00:00 0 
7f117562a000-7f1175685000 ---p 00000000 00:00 0 
7f1175685000-7f1175692000 r--p 00000000 08:02 22551669                   /home/jatinbha/sandboxes/jdk/build/linux-x86_64-server-slowdebug/images/jdk/lib/libjava.so
7f1175692000-7f11756a9000 r-xp 0000d000 08:02 22551669                   /home/jatinbha/sandboxes/jdk/build/linux-x86_64-server-slowdebug/images/jdk/lib/libjava.so
7f11756a9000-7f11756af000 r--p 00024000 08:02 22551669                   /home/jatinbha/sandboxes/jdk/build/linux-x86_64-server-slowdebug/images/jdk/lib/libjava.so
7f11756af000-7f11756b0000 ---p 0002a000 08:02 22551669                   /home/jatinbha/sandboxes/jdk/build/linux-x86_64-server-slowdebug/images/jdk/lib/libjava.so
7f11756b0000-7f11756b1000 r--p 0002a000 08:02 22551669                   /home/jatinbha/sandboxes/jdk/build/linux-x86_64-server-slowdebug/images/jdk/lib/libjava.so
7f11756b1000-7f11756b3000 rw-p 0002b000 08:02 22551669                   /home/jatinbha/sandboxes/jdk/build/linux-x86_64-server-slowdebug/images/jdk/lib/libjava.so
7f11756b3000-7f11756bb000 rw-s 00000000 08:02 3811182                    /tmp/hsperfdata_intel/2233212
7f11756bb000-7f11756bf000 r--p 00000000 08:02 22551670                   /home/jatinbha/sandboxes/jdk/build/linux-x86_64-server-slowdebug/images/jdk/lib/libjimage.so
7f11756bf000-7f11756d6000 r-xp 00004000 08:02 22551670                   /home/jatinbha/sandboxes/jdk/build/linux-x86_64-server-slowdebug/images/jdk/lib/libjimage.so
7f11756d6000-7f11756dd000 r--p 0001b000 08:02 22551670                   /home/jatinbha/sandboxes/jdk/build/linux-x86_64-server-slowdebug/images/jdk/lib/libjimage.so
7f11756dd000-7f11756de000 ---p 00022000 08:02 22551670                   /home/jatinbha/sandboxes/jdk/build/linux-x86_64-server-slowdebug/images/jdk/lib/libjimage.so
7f11756de000-7f11756e0000 r--p 00022000 08:02 22551670                   /home/jatinbha/sandboxes/jdk/build/linux-x86_64-server-slowdebug/images/jdk/lib/libjimage.so
7f11756e0000-7f11756e1000 rw-p 00024000 08:02 22551670                   /home/jatinbha/sandboxes/jdk/build/linux-x86_64-server-slowdebug/images/jdk/lib/libjimage.so
7f11756e1000-7f11756e5000 ---p 00000000 00:00 0 
7f11756e5000-7f11757e2000 rw-p 00000000 00:00 0 
7f11757e2000-7f11757f1000 r--p 00000000 08:02 7080075                    /usr/lib/x86_64-linux-gnu/libm-2.31.so
7f11757f1000-7f1175898000 r-xp 0000f000 08:02 7080075                    /usr/lib/x86_64-linux-gnu/libm-2.31.so
7f1175898000-7f117592f000 r--p 000b6000 08:02 7080075                    /usr/lib/x86_64-linux-gnu/libm-2.31.so
7f117592f000-7f1175930000 r--p 0014c000 08:02 7080075                    /usr/lib/x86_64-linux-gnu/libm-2.31.so
7f1175930000-7f1175931000 rw-p 0014d000 08:02 7080075                    /usr/lib/x86_64-linux-gnu/libm-2.31.so
7f1175931000-7f1175934000 r--p 00000000 08:02 7080092                    /usr/lib/x86_64-linux-gnu/librt-2.31.so
7f1175934000-7f1175938000 r-xp 00003000 08:02 7080092                    /usr/lib/x86_64-linux-gnu/librt-2.31.so
7f1175938000-7f1175939000 r--p 00007000 08:02 7080092                    /usr/lib/x86_64-linux-gnu/librt-2.31.so
7f1175939000-7f117593a000 ---p 00008000 08:02 7080092                    /usr/lib/x86_64-linux-gnu/librt-2.31.so
7f117593a000-7f117593b000 r--p 00008000 08:02 7080092                    /usr/lib/x86_64-linux-gnu/librt-2.31.so
7f117593b000-7f117593c000 rw-p 00009000 08:02 7080092                    /usr/lib/x86_64-linux-gnu/librt-2.31.so
7f117593c000-7f1175c9d000 r--p 00000000 08:02 22551689                   /home/jatinbha/sandboxes/jdk/build/linux-x86_64-server-slowdebug/images/jdk/lib/server/libjvm.so
7f1175c9d000-7f117710c000 r-xp 00361000 08:02 22551689                   /home/jatinbha/sandboxes/jdk/build/linux-x86_64-server-slowdebug/images/jdk/lib/server/libjvm.so
7f117710c000-7f1178052000 r--p 017d0000 08:02 22551689                   /home/jatinbha/sandboxes/jdk/build/linux-x86_64-server-slowdebug/images/jdk/lib/server/libjvm.so
7f1178052000-7f1178053000 ---p 02716000 08:02 22551689                   /home/jatinbha/sandboxes/jdk/build/linux-x86_64-server-slowdebug/images/jdk/lib/server/libjvm.so
7f1178053000-7f1178154000 r--p 02716000 08:02 22551689                   /home/jatinbha/sandboxes/jdk/build/linux-x86_64-server-slowdebug/images/jdk/lib/server/libjvm.so
7f1178154000-7f11781a0000 rw-p 02817000 08:02 22551689                   /home/jatinbha/sandboxes/jdk/build/linux-x86_64-server-slowdebug/images/jdk/lib/server/libjvm.so
7f11781a0000-7f1178257000 rw-p 00000000 00:00 0 
7f1178257000-7f117827c000 r--p 00000000 08:02 7080073                    /usr/lib/x86_64-linux-gnu/libc-2.31.so
7f117827c000-7f11783f4000 r-xp 00025000 08:02 7080073                    /usr/lib/x86_64-linux-gnu/libc-2.31.so
7f11783f4000-7f117843e000 r--p 0019d000 08:02 7080073                    /usr/lib/x86_64-linux-gnu/libc-2.31.so
7f117843e000-7f117843f000 ---p 001e7000 08:02 7080073                    /usr/lib/x86_64-linux-gnu/libc-2.31.so
7f117843f000-7f1178442000 r--p 001e7000 08:02 7080073                    /usr/lib/x86_64-linux-gnu/libc-2.31.so
7f1178442000-7f1178445000 rw-p 001ea000 08:02 7080073                    /usr/lib/x86_64-linux-gnu/libc-2.31.so
7f1178445000-7f1178449000 rw-p 00000000 00:00 0 
7f1178449000-7f117844a000 r--p 00000000 08:02 7080074                    /usr/lib/x86_64-linux-gnu/libdl-2.31.so
7f117844a000-7f117844c000 r-xp 00001000 08:02 7080074                    /usr/lib/x86_64-linux-gnu/libdl-2.31.so
7f117844c000-7f117844d000 r--p 00003000 08:02 7080074                    /usr/lib/x86_64-linux-gnu/libdl-2.31.so
7f117844d000-7f117844e000 r--p 00003000 08:02 7080074                    /usr/lib/x86_64-linux-gnu/libdl-2.31.so
7f117844e000-7f117844f000 rw-p 00004000 08:02 7080074                    /usr/lib/x86_64-linux-gnu/libdl-2.31.so
7f117844f000-7f1178456000 r--p 00000000 08:02 7080090                    /usr/lib/x86_64-linux-gnu/libpthread-2.31.so
7f1178456000-7f1178467000 r-xp 00007000 08:02 7080090                    /usr/lib/x86_64-linux-gnu/libpthread-2.31.so
7f1178467000-7f117846c000 r--p 00018000 08:02 7080090                    /usr/lib/x86_64-linux-gnu/libpthread-2.31.so
7f117846c000-7f117846d000 r--p 0001c000 08:02 7080090                    /usr/lib/x86_64-linux-gnu/libpthread-2.31.so
7f117846d000-7f117846e000 rw-p 0001d000 08:02 7080090                    /usr/lib/x86_64-linux-gnu/libpthread-2.31.so
7f117846e000-7f1178472000 rw-p 00000000 00:00 0 
7f1178472000-7f1178475000 r--p 00000000 08:02 22551674                   /home/jatinbha/sandboxes/jdk/build/linux-x86_64-server-slowdebug/images/jdk/lib/libjli.so
7f1178475000-7f1178484000 r-xp 00003000 08:02 22551674                   /home/jatinbha/sandboxes/jdk/build/linux-x86_64-server-slowdebug/images/jdk/lib/libjli.so
7f1178484000-7f1178488000 r--p 00012000 08:02 22551674                   /home/jatinbha/sandboxes/jdk/build/linux-x86_64-server-slowdebug/images/jdk/lib/libjli.so
7f1178488000-7f1178489000 r--p 00015000 08:02 22551674                   /home/jatinbha/sandboxes/jdk/build/linux-x86_64-server-slowdebug/images/jdk/lib/libjli.so
7f1178489000-7f117848a000 rw-p 00016000 08:02 22551674                   /home/jatinbha/sandboxes/jdk/build/linux-x86_64-server-slowdebug/images/jdk/lib/libjli.so
7f117848a000-7f117848c000 r--p 00000000 08:02 7078082                    /usr/lib/x86_64-linux-gnu/libz.so.1.2.11
7f117848c000-7f117849d000 r-xp 00002000 08:02 7078082                    /usr/lib/x86_64-linux-gnu/libz.so.1.2.11
7f117849d000-7f11784a3000 r--p 00013000 08:02 7078082                    /usr/lib/x86_64-linux-gnu/libz.so.1.2.11
7f11784a3000-7f11784a4000 ---p 00019000 08:02 7078082                    /usr/lib/x86_64-linux-gnu/libz.so.1.2.11
7f11784a4000-7f11784a5000 r--p 00019000 08:02 7078082                    /usr/lib/x86_64-linux-gnu/libz.so.1.2.11
7f11784a5000-7f11784a6000 rw-p 0001a000 08:02 7078082                    /usr/lib/x86_64-linux-gnu/libz.so.1.2.11
7f11784a6000-7f11784a9000 r--p 00000000 08:02 7080081                    /usr/lib/x86_64-linux-gnu/libnss_files-2.31.so
7f11784a9000-7f11784b0000 r-xp 00003000 08:02 7080081                    /usr/lib/x86_64-linux-gnu/libnss_files-2.31.so
7f11784b0000-7f11784b2000 r--p 0000a000 08:02 7080081                    /usr/lib/x86_64-linux-gnu/libnss_files-2.31.so
7f11784b2000-7f11784b3000 r--p 0000b000 08:02 7080081                    /usr/lib/x86_64-linux-gnu/libnss_files-2.31.so
7f11784b3000-7f11784b4000 rw-p 0000c000 08:02 7080081                    /usr/lib/x86_64-linux-gnu/libnss_files-2.31.so
7f11784b4000-7f11784ba000 rw-p 00000000 00:00 0 
7f11784ba000-7f11784bb000 ---p 00000000 00:00 0 
7f11784bb000-7f11784bc000 r--p 00000000 00:00 0 
7f11784bc000-7f11784be000 rw-p 00000000 00:00 0 
7f11784be000-7f11784bf000 r--p 00000000 08:02 7080069                    /usr/lib/x86_64-linux-gnu/ld-2.31.so
7f11784bf000-7f11784e2000 r-xp 00001000 08:02 7080069                    /usr/lib/x86_64-linux-gnu/ld-2.31.so
7f11784e2000-7f11784ea000 r--p 00024000 08:02 7080069                    /usr/lib/x86_64-linux-gnu/ld-2.31.so
7f11784ea000-7f11784eb000 rwxp 00000000 00:00 0 
7f11784eb000-7f11784ec000 r--p 0002c000 08:02 7080069                    /usr/lib/x86_64-linux-gnu/ld-2.31.so
7f11784ec000-7f11784ed000 rw-p 0002d000 08:02 7080069                    /usr/lib/x86_64-linux-gnu/ld-2.31.so
7f11784ed000-7f11784ee000 rw-p 00000000 00:00 0 
7fff28a92000-7fff28ab3000 rw-p 00000000 00:00 0                          [stack]
7fff28ab8000-7fff28abc000 r--p 00000000 00:00 0                          [vvar]
7fff28abc000-7fff28abe000 r-xp 00000000 00:00 0                          [vdso]
ffffffffff600000-ffffffffff601000 --xp 00000000 00:00 0                  [vsyscall]
Total number of mappings: 189


VM Arguments:
jvm_args: -XX:+PauseAtStartup -XX:-TieredCompilation -Xbatch --add-modules=jdk.incubator.vector -XX:CompileOnly=bblend::micro -XX:DisableIntrinsic=_VectorBinaryOp 
java_command: bblend
java_class_path (initial): .
Launcher Type: SUN_STANDARD

[Global flags]
     bool BackgroundCompilation                    = false                                  {pd product} {command line}  A thread requesting compilation is not blocked during compilation
     intx CICompilerCount                          = 18                                        {product} {ergonomic}     Number of compiler threads to run
ccstrlist CompileOnly                              = bblend::micro                             {product} {command line}  List of methods (pkg/class.name) to restrict compilation to
     uint ConcGCThreads                            = 18                                        {product} {ergonomic}     Number of threads concurrent gc will use
ccstrlist DisableIntrinsic                         = _VectorBinaryOp                        {diagnostic} {command line}  do not expand intrinsics whose (internal) names appear here
     uint G1ConcRefinementThreads                  = 73                                        {product} {ergonomic}     The number of parallel remembered set update threads. Will be set ergonomically by default.
   size_t G1HeapRegionSize                         = 16777216                                  {product} {ergonomic}     Size of the G1 regions.
   size_t InitialHeapSize                          = 2147483648                                {product} {ergonomic}     Initial heap size (in bytes); zero means use ergonomics
   size_t MarkStackSize                            = 4194304                                   {product} {ergonomic}     Size of marking stack
   size_t MaxHeapSize                              = 31675383808                               {product} {ergonomic}     Maximum heap size (in bytes)
   size_t MaxNewSize                               = 18991808512                               {product} {ergonomic}     Maximum new generation size (in bytes), max_uintx means set ergonomically
   size_t MinHeapDeltaBytes                        = 16777216                                  {product} {ergonomic}     The minimum change in heap space due to GC (in bytes)
   size_t MinHeapSize                              = 16777216                                  {product} {ergonomic}     Minimum heap size (in bytes); zero means use ergonomics
    uintx NonNMethodCodeHeapSize                   = 4096                                   {pd product} {ergonomic}     Size of code heap with non-nmethods (in bytes)
    uintx NonProfiledCodeHeapSize                  = 0                                      {pd product} {ergonomic}     Size of code heap with non-profiled methods (in bytes)
     bool PauseAtStartup                           = true                                   {diagnostic} {command line}  Causes the VM to pause at startup time and wait for the pause file to be removed (default: ./vm.paused.<pid>)
    uintx ProfiledCodeHeapSize                     = 0                                      {pd product} {ergonomic}     Size of code heap with profiled methods (in bytes)
   size_t SoftMaxHeapSize                          = 31675383808                            {manageable} {ergonomic}     Soft limit for maximum heap size (in bytes)
     bool THPStackMitigation                       = false                                  {diagnostic} {ergonomic}     If THPs are unconditionally enabled on the system (mode "always"), the JVM will prevent THP from forming in thread stacks. When disabled, the absence of this mitigationallows THPs to form in thread stacks.
     bool TieredCompilation                        = false                                  {pd product} {command line}  Enable tiered compilation
     bool UseCompressedOops                        = true                           {product lp64_product} {ergonomic}   Use 32-bit object references in 64-bit VM. lp64_product means flag is always constant in 32 bit VM
     bool UseG1GC                                  = true                                      {product} {ergonomic}     Use the Garbage-First garbage collector

Logging:
Log output configuration:
 #0: stdout all=warning uptime,level,tags foldmultilines=false
 #1: stderr all=off uptime,level,tags foldmultilines=false

Environment Variables:
JAVA_HOME=/home/jatinbha/sandboxes/jdk/build/linux-x86_64-server-slowdebug/images/jdk/
PATH=/home/jatinbha/sandboxes/jdk/build/linux-x86_64-server-slowdebug/images/jdk//bin:/home/jatinbha/.local/bin:/home/jatinbha/bin:/home/jatinbha/sandboxes/llvm-project/llvm-project/llvm/build-dir/bin/:/home/jatinbha/softwares/cmake-3.26.3-linux-x86_64/bin:/home/jatinbha/softwares/jdk-17.0.2//bin:/home/jatinbha/softwares/thrift-0.16.0/bin:/home/jatinbha/softwares/jdk8u322-b06//bin:/home/jatinbha/softwares/jdk-17//bin:/home/jatinbha/softwares/apache-maven-3.6.3/bin:/home/jatinbha/sandboxes/skara/build/bin:/home/jatinbha/softwares/sde-internal-conf-9.34.0-2024-02-05-lin:/usr/local/sbin:/usr/local/bin:/usr/sbin:/usr/bin:/sbin:/bin:/usr/games:/usr/local/games:/snap/bin
LD_LIBRARY_PATH=/home/jatinbha/softwares:
SHELL=/bin/bash
LANG=en_IN
TERM=xterm-256color

Active Locale:
LC_ALL=en_IN
LC_COLLATE=en_IN
LC_CTYPE=en_IN
LC_MESSAGES=en_IN
LC_MONETARY=en_IN
LC_NUMERIC=en_IN
LC_TIME=en_IN

Signal Handlers:
   SIGSEGV: crash_handler in libjvm.so, mask=11100100010111111101111111111110, flags=SA_RESTART|SA_SIGINFO, unblocked
    SIGBUS: crash_handler in libjvm.so, mask=11100100010111111101111111111110, flags=SA_RESTART|SA_SIGINFO, unblocked
    SIGFPE: crash_handler in libjvm.so, mask=11100100010111111101111111111110, flags=SA_RESTART|SA_SIGINFO, unblocked
   SIGPIPE: javaSignalHandler in libjvm.so, mask=11100100010111111101111111111110, flags=SA_RESTART|SA_SIGINFO, unblocked
   SIGXFSZ: javaSignalHandler in libjvm.so, mask=11100100010111111101111111111110, flags=SA_RESTART|SA_SIGINFO, unblocked
    SIGILL: crash_handler in libjvm.so, mask=11100100010111111101111111111110, flags=SA_RESTART|SA_SIGINFO, unblocked
   SIGUSR2: SR_handler in libjvm.so, mask=00000000000000000000000000000000, flags=SA_RESTART|SA_SIGINFO, unblocked
    SIGHUP: UserHandler in libjvm.so, mask=11100100010111111101111111111110, flags=SA_RESTART|SA_SIGINFO, unblocked
    SIGINT: UserHandler in libjvm.so, mask=11100100010111111101111111111110, flags=SA_RESTART|SA_SIGINFO, unblocked
   SIGTERM: UserHandler in libjvm.so, mask=11100100010111111101111111111110, flags=SA_RESTART|SA_SIGINFO, unblocked
   SIGQUIT: UserHandler in libjvm.so, mask=11100100010111111101111111111110, flags=SA_RESTART|SA_SIGINFO, blocked
   SIGTRAP: crash_handler in libjvm.so, mask=11100100010111111101111111111110, flags=SA_RESTART|SA_SIGINFO, unblocked


Native Memory Tracking:

(Omitting categories weighting less than 1KB)

Total: reserved=32952544KB, committed=2392356KB
       malloc: 182100KB #31072
       mmap:   reserved=32770444KB, committed=2210256KB

-                 Java Heap (reserved=30932992KB, committed=2113536KB)
                            (mmap: reserved=30932992KB, committed=2113536KB, largest_committed=2097152KB) 
 
-                     Class (reserved=1048698KB, committed=314KB)
                            (classes #970)
                            (  instance classes #829, array classes #141)
                            (malloc=122KB #2225) (peak=122KB #2225) 
                            (mmap: reserved=1048576KB, committed=192KB, largest_committed=64KB) 
                            (  Metadata:   )
                            (    reserved=65536KB, committed=1856KB)
                            (    used=1740KB)
                            (    waste=116KB =6.28%)
                            (  Class space:)
                            (    reserved=1048576KB, committed=192KB)
                            (    used=122KB)
                            (    waste=70KB =36.44%)
 
-                    Thread (reserved=16469KB, committed=781KB)
                            (threads #16)
                            (stack: reserved=16420KB, committed=732KB, largest_committed=124KB)
                            (malloc=32KB #100) (peak=40KB #104) 
                            (arena=18KB #31) (peak=224KB #31)
 
-                      Code (reserved=49923KB, committed=2903KB)
                            (malloc=387KB #12323) (peak=387KB #12327) 
                            (mmap: reserved=49536KB, committed=2516KB, largest_committed=2496KB) 
                            (arena=0KB #0) (peak=33KB #1)
 
-                        GC (reserved=793705KB, committed=230825KB)
                            (malloc=152749KB #1283) (at peak) 
                            (mmap: reserved=640956KB, committed=78076KB, largest_committed=32768KB) 
 
-                 GCCardSet (reserved=29KB, committed=29KB)
                            (malloc=29KB #390) (at peak) 
 
-                  Compiler (reserved=3590KB, committed=3590KB)
                            (malloc=2KB #15) (at peak) 
                            (arena=3588KB #8) (at peak)
 
-                  Internal (reserved=22961KB, committed=22961KB)
                            (malloc=22925KB #10521) (peak=22925KB #10522) 
                            (mmap: reserved=36KB, committed=36KB, largest_committed=32KB) 
 
-                    Symbol (reserved=1352KB, committed=1352KB)
                            (malloc=833KB #670) (at peak) 
                            (arena=520KB #1) (at peak)
 
-    Native Memory Tracking (reserved=492KB, committed=492KB)
                            (malloc=6KB #59) (at peak) 
                            (tracking overhead=486KB)
 
-        Shared class space (reserved=16384KB, committed=13304KB, readonly=0KB)
                            (mmap: reserved=16384KB, committed=13304KB, largest_committed=8388KB) 
 
-               Arena Chunk (reserved=12KB, committed=12KB)
                            (malloc=12KB #156) (peak=4138KB #157) 
 
-                    Module (reserved=199KB, committed=199KB)
                            (malloc=199KB #2081) (at peak) 
 
-                 Safepoint (reserved=8KB, committed=8KB)
                            (mmap: reserved=8KB, committed=8KB, largest_committed=8KB) 
 
-           Synchronization (reserved=159KB, committed=159KB)
                            (malloc=159KB #1192) (at peak) 
 
-            Serviceability (reserved=17KB, committed=17KB)
                            (malloc=17KB #9) (peak=17KB #13) 
 
-                 Metaspace (reserved=65552KB, committed=1872KB)
                            (malloc=16KB #23) (at peak) 
                            (mmap: reserved=65536KB, committed=1856KB, largest_committed=64KB) 
 
-      String Deduplication (reserved=1KB, committed=1KB)
                            (malloc=1KB #8) (at peak) 
 
Preinit state:entries: 379 (primary: 377, empties: 7814), sum bytes: 14710, longest chain length: 2
pre-init mallocs: 413, pre-init reallocs: 5, pre-init frees: 34
MallocLimit: unset

Periodic native trim disabled

---------------  S Y S T E M  ---------------

OS:
DISTRIB_ID=Ubuntu
DISTRIB_RELEASE=20.04
DISTRIB_CODENAME=focal
DISTRIB_DESCRIPTION="Ubuntu 20.04.2 LTS"
uname: Linux intel-S2600WFT 5.8.0-41-generic #46~20.04.1-Ubuntu SMP Mon Jan 18 17:52:23 UTC 2021 x86_64
OS uptime: 29 days 5:20 hours
libc: glibc 2.31 NPTL 2.31 
rlimit (soft/hard): STACK 8192k/infinity , CORE 0k/infinity , NPROC 3090646/3090646 , NOFILE 1048576/1048576 , AS infinity/infinity , CPU infinity/infinity , DATA infinity/infinity , FSIZE infinity/infinity , MEMLOCK 65536k/65536k
load average: 0.13 0.06 0.04

/proc/meminfo:
MemTotal:       791263984 kB
MemFree:        562311244 kB
MemAvailable:   783409508 kB
Buffers:         4290832 kB
Cached:         210711508 kB
SwapCached:            0 kB
Active:         103747164 kB
Inactive:       111889156 kB
Active(anon):     624404 kB
Inactive(anon):     7140 kB
Active(file):   103122760 kB
Inactive(file): 111882016 kB
Unevictable:           0 kB
Mlocked:               0 kB
SwapTotal:       2097148 kB
SwapFree:        2097148 kB
Dirty:                28 kB
Writeback:             0 kB
AnonPages:        633884 kB
Mapped:           344964 kB
Shmem:              9860 kB
KReclaimable:   11147540 kB
Slab:           12070964 kB
SReclaimable:   11147540 kB
SUnreclaim:       923424 kB
KernelStack:       26640 kB
PageTables:        12708 kB
NFS_Unstable:          0 kB
Bounce:                0 kB
WritebackTmp:          0 kB
CommitLimit:    397729140 kB
Committed_AS:    7008240 kB
VmallocTotal:   34359738367 kB
VmallocUsed:      462180 kB
VmallocChunk:          0 kB
Percpu:           185472 kB
HardwareCorrupted:     0 kB
AnonHugePages:         0 kB
ShmemHugePages:        0 kB
ShmemPmdMapped:        0 kB
FileHugePages:         0 kB
FilePmdMapped:         0 kB
HugePages_Total:       0
HugePages_Free:        0
HugePages_Rsvd:        0
HugePages_Surp:        0
Hugepagesize:       2048 kB
Hugetlb:               0 kB
DirectMap4k:     1940896 kB
DirectMap2M:    90021888 kB
DirectMap1G:    714080256 kB

/sys/kernel/mm/transparent_hugepage/enabled: always [madvise] never
/sys/kernel/mm/transparent_hugepage/defrag (defrag/compaction efforts parameter): always defer defer+madvise [madvise] never

Process Memory:
Virtual Size: 34184900K (peak: 34184900K)
Resident Set Size: 257096K (peak: 257096K) (anon: 220356K, file: 36740K, shmem: 0K)
Swapped out: 0K
C-Heap outstanding allocations: 183588K, retained: 1939K (may have wrapped)
glibc malloc tunables: (default)

/proc/sys/kernel/threads-max (system-wide limit on the number of threads): 6181293
/proc/sys/vm/max_map_count (maximum number of memory map areas a process may have): 65530
/proc/sys/kernel/pid_max (system-wide limit on number of process identifiers): 4194304

container (cgroup) information:
container_type: cgroupv1
cpu_cpuset_cpus: 0-111
cpu_memory_nodes: 0-1
active_processor_count: 112
cpu_quota: no quota
cpu_period: 100000
cpu_shares: no shares
memory_limit_in_bytes: unlimited
memory_and_swap_limit_in_bytes: unlimited
memory_soft_limit_in_bytes: unlimited
memory_usage_in_bytes: 5604328 k
memory_max_usage_in_bytes: 6331364 k
kernel_memory_usage_in_bytes: 213412 k
kernel_memory_max_usage_in_bytes: unlimited
kernel_memory_limit_in_bytes: 215436 k
maximum number of tasks: unlimited
current number of tasks: 20

Steal ticks since vm start: 0
Steal ticks percentage since vm start:  0.000

CPU: total 112 (initial active 112) (28 cores per cpu, 2 threads per core) family 6 model 85 stepping 7 microcode 0x5003006, cx8, cmov, fxsr, ht, mmx, 3dnowpref, sse, sse2, sse3, ssse3, sse4.1, sse4.2, popcnt, lzcnt, tsc, tscinvbit, avx, avx2, aes, erms, clmul, bmi1, bmi2, adx, avx512f, avx512dq, avx512cd, avx512bw, avx512vl, fma, vzeroupper, avx512_vnni, clflush, clflushopt, clwb, rdtscp, f16c, pku, ospke
CPU Model and flags from /proc/cpuinfo:
model name	: Intel(R) Xeon(R) Platinum 8280 CPU @ 2.70GHz
flags		: fpu vme de pse tsc msr pae mce cx8 apic sep mtrr pge mca cmov pat pse36 clflush dts acpi mmx fxsr sse sse2 ss ht tm pbe syscall nx pdpe1gb rdtscp lm constant_tsc art arch_perfmon pebs bts rep_good nopl xtopology nonstop_tsc cpuid aperfmperf pni pclmulqdq dtes64 monitor ds_cpl smx est tm2 ssse3 sdbg fma cx16 xtpr pdcm pcid dca sse4_1 sse4_2 x2apic movbe popcnt tsc_deadline_timer aes xsave avx f16c rdrand lahf_lm abm 3dnowprefetch cpuid_fault epb cat_l3 cdp_l3 invpcid_single ssbd mba ibrs ibpb stibp ibrs_enhanced fsgsbase tsc_adjust bmi1 avx2 smep bmi2 erms invpcid cqm mpx rdt_a avx512f avx512dq rdseed adx smap clflushopt clwb intel_pt avx512cd avx512bw avx512vl xsaveopt xsavec xgetbv1 xsaves cqm_llc cqm_occup_llc cqm_mbm_total cqm_mbm_local dtherm ida arat pln pts hwp hwp_act_window hwp_epp hwp_pkg_req pku ospke avx512_vnni md_clear flush_l1d arch_capabilities

Online cpus: 0-111
Offline cpus: 
cache level: 1
cache type: Data
cache size: 32K
cache coherency line size: 64
cache level: 1
cache type: Instruction
cache size: 32K
cache coherency line size: 64
cache level: 2
cache type: Unified
cache size: 1024K
cache coherency line size: 64
cache level: 3
cache type: Unified
cache size: 39424K
cache coherency line size: 64
BIOS frequency limitation: <Not Available>
Frequency switch latency (ns): 0
Available cpu frequencies: <Not Available>
Maximum cpu frequency: 4000000
Minimum cpu frequency: 1000000
Current cpu frequency: 1000050
Available governors: performance powersave
Current governor: powersave
Core performance/turbo boost: <Not Available>

Memory: 4k page, physical 791263984k(783409508k free), swap 2097148k(2097148k free)
Page Sizes: 4k

vm_info: OpenJDK 64-Bit Server VM (slowdebug 22-internal-adhoc.root.jdk) for linux-amd64 JRE (22-internal-adhoc.root.jdk), built on 2024-02-27T06:57:20Z by "root" with gcc 9.3.0

END.
