#
# A fatal error has been detected by the Java Runtime Environment:
#
#  Internal Error (/home/jatinbha/sandboxes/jdk17u-dev/src/hotspot/share/opto/vectornode.hpp:1324), pid=3776358, tid=3776401
#  assert(type2aelembytes(in_vt->element_basic_type()) == type2aelembytes(vt->element_basic_type())) failed: element size must match
#
# JRE version: OpenJDK Runtime Environment (17.0.9) (slowdebug build 17.0.9-internal+0-adhoc.root.jdk17u-dev)
# Java VM: OpenJDK 64-Bit Server VM (slowdebug 17.0.9-internal+0-adhoc.root.jdk17u-dev, mixed mode, sharing, tiered, compressed oops, compressed class ptrs, g1 gc, linux-amd64)
# Problematic frame:
# V  [libjvm.so+0x13689f5]  VectorMaskCastNode::VectorMaskCastNode(Node*, TypeVect const*)+0x103
#
# Core dump will be written. Default location: Core dumps may be processed with "/usr/share/apport/apport %p %s %c %d %P %E" (or dumping to /home/jatinbha/code/java/vector-api/masked_opers/core.3776358)
#
# If you would like to submit a bug report, please visit:
#   https://bugreport.java.com/bugreport/crash.jsp
#

---------------  S U M M A R Y ------------

Command Line: -XX:+PauseAtStartup --add-modules=jdk.incubator.vector tolong

Host: intel-S2600WFT, Intel(R) Xeon(R) Platinum 8280 CPU @ 2.70GHz, 112 cores, 754G, Ubuntu 20.04.2 LTS
Time: Wed Jul 19 19:09:48 2023 IST elapsed time: 495.895257 seconds (0d 0h 8m 15s)

---------------  T H R E A D  ---------------

Current thread (0x00007f17500be120):  JavaThread "C2 CompilerThread2" daemon [_thread_in_native, id=3776401, stack(0x00007f17574f5000,0x00007f17575f6000)]


Current CompileTask:
C2: 495895  266       4       tolong::micro (18 bytes)

Stack: [0x00007f17574f5000,0x00007f17575f6000],  sp=0x00007f17575f0930,  free space=1006k
Native frames: (J=compiled Java code, j=interpreted, Vv=VM code, C=native code)
V  [libjvm.so+0x13689f5]  VectorMaskCastNode::VectorMaskCastNode(Node*, TypeVect const*)+0x103
V  [libjvm.so+0x13662f8]  VectorUnboxNode::Ideal(PhaseGVN*, bool)+0x226
V  [libjvm.so+0x1093de3]  PhaseGVN::apply_ideal(Node*, bool)+0x73
V  [libjvm.so+0x1093e59]  PhaseGVN::transform_no_reclaim(Node*)+0x41
V  [libjvm.so+0x1093e15]  PhaseGVN::transform(Node*)+0x27
V  [libjvm.so+0x1354a97]  GraphKit::unbox_vector(Node*, TypeInstPtr const*, BasicType, int, bool)+0x1d5
V  [libjvm.so+0x1356ccb]  LibraryCallKit::inline_vector_mask_operation()+0x3b5
V  [libjvm.so+0xe0c9d5]  LibraryCallKit::try_to_inline(int)+0x1ce5
V  [libjvm.so+0xe0a0ac]  LibraryIntrinsic::generate(JVMState*)+0x17e
V  [libjvm.so+0x6ebf77]  CallGenerator::do_late_inline_helper()+0x93f
V  [libjvm.so+0x6eb05e]  LateInlineCallGenerator::do_late_inline()+0x1c
V  [libjvm.so+0x8077cd]  Compile::inline_incrementally_one()+0x193
V  [libjvm.so+0x807e98]  Compile::inline_incrementally(PhaseIterGVN&)+0x302
V  [libjvm.so+0x8086ed]  Compile::Optimize()+0x1ff
V  [libjvm.so+0x802351]  Compile::Compile(ciEnv*, ciMethod*, int, bool, bool, bool, bool, bool, DirectiveSet*)+0x141d
V  [libjvm.so+0x6e76de]  C2Compiler::compile_method(ciEnv*, ciMethod*, int, bool, DirectiveSet*)+0x13c
V  [libjvm.so+0x82063d]  CompileBroker::invoke_compiler_on_method(CompileTask*)+0x889
V  [libjvm.so+0x81f20b]  CompileBroker::compiler_thread_loop()+0x441
V  [libjvm.so+0x840985]  CompilerThread::thread_entry(JavaThread*, JavaThread*)+0x6d
V  [libjvm.so+0x12faf9a]  JavaThread::thread_main_inner()+0x150
V  [libjvm.so+0x12fae42]  JavaThread::run()+0x122
V  [libjvm.so+0x12f8608]  Thread::call_run()+0x184
V  [libjvm.so+0x1035003]  thread_native_entry(Thread*)+0x193

Register to memory mapping:

RAX=0x00007f17fd509000 points into unknown readable memory: 0x0000000000000058 | 58 00 00 00 00 00 00 00
RBX=0x0000000000000001 is an unknown value
RCX=0x0000000000000002 is an unknown value
RDX=0x0000000000000028 is an unknown value
RSP=0x00007f17575f0930 is pointing into the stack for thread: 0x00007f17500be120
RBP=0x00007f17575f0970 is pointing into the stack for thread: 0x00007f17500be120
RSI=0x0 is NULL
RDI=0x000000000000000a is an unknown value
R8 =0x00007f17fc3a20d2: <offset 0x00000000013660d2> in /home/jatinbha/sandboxes/jdk17u-dev/build/linux-x86_64-server-slowdebug/images/jdk/lib/server/libjvm.so at 0x00007f17fb03c000
R9 =0x0000000000000001 is an unknown value
R10=0x0 is NULL
R11=0x0000000000000206 is an unknown value
R12=0x00007f17575f31e0 is pointing into the stack for thread: 0x00007f17500be120
R13=0x00007f17fc0cfdee: <offset 0x0000000001093dee> in /home/jatinbha/sandboxes/jdk17u-dev/build/linux-x86_64-server-slowdebug/images/jdk/lib/server/libjvm.so at 0x00007f17fb03c000
R14=0x00007f175c0e3248 points into unknown readable memory: 0x00007f17fd181e28 | 28 1e 18 fd 17 7f 00 00
R15=0x00007f17575f4fc0 is pointing into the stack for thread: 0x00007f17500be120


Registers:
RAX=0x00007f17fd509000, RBX=0x0000000000000001, RCX=0x0000000000000002, RDX=0x0000000000000028
RSP=0x00007f17575f0930, RBP=0x00007f17575f0970, RSI=0x0000000000000000, RDI=0x000000000000000a
R8 =0x00007f17fc3a20d2, R9 =0x0000000000000001, R10=0x0000000000000000, R11=0x0000000000000206
R12=0x00007f17575f31e0, R13=0x00007f17fc0cfdee, R14=0x00007f175c0e3248, R15=0x00007f17575f4fc0
RIP=0x00007f17fc3a49f5, EFLAGS=0x0000000000010202, CSGSFS=0x002b000000000033, ERR=0x0000000000000006
  TRAPNO=0x000000000000000e

Top of Stack: (sp=0x00007f17575f0930)
0x00007f17575f0930:   00007f17575f0940 00007f17f43ef7a0
0x00007f17575f0940:   00007f175c0e2300 00007f175c0e3480
0x00007f17575f0950:   0000000a575f0970 00007f17f43ef5e8
0x00007f17575f0960:   00007f17575f3c90 00007f175c0e3480 

Instructions: (pc=0x00007f17fc3a49f5)
0x00007f17fc3a48f5:   fa 55 48 89 e5 53 48 83 ec 38 48 89 7d d8 48 89
0x00007f17fc3a4905:   75 d0 48 89 55 c8 48 8b 45 d8 48 8b 55 c8 48 8b
0x00007f17fc3a4915:   4d d0 48 89 ce 48 89 c7 e8 7c b7 fe ff 48 8d 05
0x00007f17fc3a4925:   9f 11 da 00 48 8d 50 10 48 8b 45 d8 48 89 10 48
0x00007f17fc3a4935:   8b 45 d0 48 8b 00 48 83 c0 28 48 8b 10 48 8b 45
0x00007f17fc3a4945:   d0 48 89 c7 ff d2 48 89 c7 e8 21 77 05 ff 48 89
0x00007f17fc3a4955:   45 e8 48 8b 45 e8 48 89 c7 e8 a7 75 05 ff 89 c3
0x00007f17fc3a4965:   48 8b 45 c8 48 89 c7 e8 99 75 05 ff 39 c3 0f 95
0x00007f17fc3a4975:   c0 84 c0 74 36 48 8d 05 27 51 df 00 48 8b 00 c6
0x00007f17fc3a4985:   00 58 48 8d 0d 79 a3 78 00 48 8d 15 8b a3 78 00
0x00007f17fc3a4995:   be 2b 05 00 00 48 8d 3d 1f a2 78 00 b8 00 00 00
0x00007f17fc3a49a5:   00 e8 f1 7c 4f ff e8 ec c0 cc ff 48 8b 45 e8 48
0x00007f17fc3a49b5:   89 c7 e8 2c 75 05 ff be 00 00 00 00 89 c7 e8 c1
0x00007f17fc3a49c5:   69 73 ff 89 c3 48 8b 45 c8 48 89 c7 e8 12 75 05
0x00007f17fc3a49d5:   ff be 00 00 00 00 89 c7 e8 a7 69 73 ff 39 c3 0f
0x00007f17fc3a49e5:   95 c0 84 c0 74 36 48 8d 05 b6 50 df 00 48 8b 00
0x00007f17fc3a49f5:   c6 00 58 48 8d 0d 50 a3 78 00 48 8d 15 62 a3 78
0x00007f17fc3a4a05:   00 be 2c 05 00 00 48 8d 3d ae a1 78 00 b8 00 00
0x00007f17fc3a4a15:   00 00 e8 80 7c 4f ff e8 7b c0 cc ff 90 48 83 c4
0x00007f17fc3a4a25:   38 5b 5d c3 90 f3 0f 1e fa 55 48 89 e5 48 89 7d
0x00007f17fc3a4a35:   f8 b8 78 00 00 00 5d c3 90 f3 0f 1e fa 55 48 89
0x00007f17fc3a4a45:   e5 53 48 83 ec 18 48 89 7d e8 48 8b 45 e8 48 89
0x00007f17fc3a4a55:   c7 e8 cf c2 c7 ff 89 c3 48 8b 45 e8 48 8b 40 70
0x00007f17fc3a4a65:   48 8b 55 e8 48 8b 52 70 48 8b 12 48 83 c2 60 48
0x00007f17fc3a4a75:   8b 12 48 89 c7 ff d2 01 d8 48 83 c4 18 5b 5d c3
0x00007f17fc3a4a85:   90 f3 0f 1e fa 55 48 89 e5 48 83 ec 10 48 89 7d
0x00007f17fc3a4a95:   f8 48 89 75 f0 48 8b 45 f8 48 8b 55 f0 48 89 d6
0x00007f17fc3a4aa5:   48 89 c7 e8 c5 c2 c7 ff 84 c0 74 26 48 8b 45 f0
0x00007f17fc3a4ab5:   48 8b 50 70 48 8b 45 f8 48 8b 40 70 48 89 d6 48
0x00007f17fc3a4ac5:   89 c7 e8 c8 fb fa ff 85 c0 75 07 b8 01 00 00 00
0x00007f17fc3a4ad5:   eb 05 b8 00 00 00 00 c9 c3 f3 0f 1e fa 55 48 89
0x00007f17fc3a4ae5:   e5 48 83 ec 20 48 89 7d f8 48 89 75 f0 48 89 55 


Stack slot to memory mapping:
stack at sp + 0 slots: 0x00007f17575f0940 is pointing into the stack for thread: 0x00007f17500be120
stack at sp + 1 slots: 0x00007f17f43ef7a0 points into unknown readable memory: 0x00007f17fd0a76a8 | a8 76 0a fd 17 7f 00 00
stack at sp + 2 slots: 0x00007f175c0e2300 points into unknown readable memory: 0x00007f17fd147e18 | 18 7e 14 fd 17 7f 00 00
stack at sp + 3 slots: 0x00007f175c0e3480 points into unknown readable memory: 0x00007f17fd145ad8 | d8 5a 14 fd 17 7f 00 00
stack at sp + 4 slots: 0x0000000a575f0970 is an unknown value
stack at sp + 5 slots: 0x00007f17f43ef5e8 points into unknown readable memory: 0x00007f17fd0a6e18 | 18 6e 0a fd 17 7f 00 00
stack at sp + 6 slots: 0x00007f17575f3c90 is pointing into the stack for thread: 0x00007f17500be120
stack at sp + 7 slots: 0x00007f175c0e3480 points into unknown readable memory: 0x00007f17fd145ad8 | d8 5a 14 fd 17 7f 00 00


---------------  P R O C E S S  ---------------

uid  : 1000 euid : 1000 gid  : 1000 egid : 1000

umask: 0002 (-------w-)

Threads class SMR info:
_java_thread_list=0x00007f1734024770, length=17, elements={
0x00007f17f4028190, 0x00007f17f43969b0, 0x00007f17f4397da0, 0x00007f17f43a4380,
0x00007f17f43a5810, 0x00007f17f43a6f70, 0x00007f17f43a8d40, 0x00007f17f43aa620,
0x00007f17f43abd60, 0x00007f17500129b0, 0x00007f17f43d7490, 0x00007f174406cc20,
0x00007f173c002810, 0x00007f17f448f660, 0x00007f17500a7a80, 0x00007f17500be120,
0x00007f17500be9d0
}
_java_thread_list_alloc_cnt=24, _java_thread_list_free_cnt=22, _java_thread_list_max=19, _nested_thread_list_max=0
_tlh_cnt=133, _tlh_times=22, avg_tlh_time=0.17, _tlh_time_max=13
_deleted_thread_cnt=3, _deleted_thread_times=0, avg_deleted_thread_time=0.00, _deleted_thread_time_max=0
_delete_lock_wait_cnt=0, _delete_lock_wait_max=1
_to_delete_list_cnt=0, _to_delete_list_max=2

Java Threads: ( => current thread )
  0x00007f17f4028190 JavaThread "main" [_thread_in_Java, id=3776359, stack(0x00007f17fadec000,0x00007f17faeed000)]
  0x00007f17f43969b0 JavaThread "Reference Handler" daemon [_thread_blocked, id=3776383, stack(0x00007f1780be1000,0x00007f1780ce2000)]
  0x00007f17f4397da0 JavaThread "Finalizer" daemon [_thread_blocked, id=3776384, stack(0x00007f1780ae0000,0x00007f1780be1000)]
  0x00007f17f43a4380 JavaThread "Signal Dispatcher" daemon [_thread_blocked, id=3776385, stack(0x00007f178046f000,0x00007f1780570000)]
  0x00007f17f43a5810 JavaThread "Service Thread" daemon [_thread_blocked, id=3776386, stack(0x00007f178036e000,0x00007f178046f000)]
  0x00007f17f43a6f70 JavaThread "Monitor Deflation Thread" daemon [_thread_blocked, id=3776387, stack(0x00007f178026d000,0x00007f178036e000)]
  0x00007f17f43a8d40 JavaThread "C2 CompilerThread0" daemon [_thread_in_native, id=3776388, stack(0x00007f178016c000,0x00007f178026d000)]
  0x00007f17f43aa620 JavaThread "C1 CompilerThread0" daemon [_thread_blocked, id=3776389, stack(0x00007f178006b000,0x00007f178016c000)]
  0x00007f17f43abd60 JavaThread "Sweeper thread" daemon [_thread_blocked, id=3776390, stack(0x00007f1757eff000,0x00007f1758000000)]
  0x00007f17500129b0 JavaThread "C1 CompilerThread1" daemon [_thread_blocked, id=3776391, stack(0x00007f1757dfe000,0x00007f1757eff000)]
  0x00007f17f43d7490 JavaThread "Common-Cleaner" daemon [_thread_blocked, id=3776392, stack(0x00007f1757cfd000,0x00007f1757dfe000)]
  0x00007f174406cc20 JavaThread "C1 CompilerThread2" daemon [_thread_blocked, id=3776393, stack(0x00007f1757bfc000,0x00007f1757cfd000)]
  0x00007f173c002810 JavaThread "C1 CompilerThread3" daemon [_thread_blocked, id=3776394, stack(0x00007f1757afb000,0x00007f1757bfc000)]
  0x00007f17f448f660 JavaThread "Notification Thread" daemon [_thread_blocked, id=3776398, stack(0x00007f17576f7000,0x00007f17577f8000)]
  0x00007f17500a7a80 JavaThread "C2 CompilerThread1" daemon [_thread_blocked, id=3776400, stack(0x00007f17577f8000,0x00007f17578f9000)]
=>0x00007f17500be120 JavaThread "C2 CompilerThread2" daemon [_thread_in_native, id=3776401, stack(0x00007f17574f5000,0x00007f17575f6000)]
  0x00007f17500be9d0 JavaThread "C2 CompilerThread3" daemon [_thread_blocked, id=3776402, stack(0x00007f17573f4000,0x00007f17574f5000)]

Other Threads:
  0x00007f17f4393c90 VMThread "VM Thread" [stack: 0x00007f1780ce3000,0x00007f1780de3000] [id=3776382]
  0x00007f17f44913b0 WatcherThread [stack: 0x00007f17575f7000,0x00007f17576f7000] [id=3776399]
  0x00007f17f40706b0 GCTaskThread "GC Thread#0" [stack: 0x00007f1793d25000,0x00007f1793e25000] [id=3776377]
  0x00007f17f40812b0 ConcurrentGCThread "G1 Main Marker" [stack: 0x00007f1793c24000,0x00007f1793d24000] [id=3776378]
  0x00007f17f4082580 ConcurrentGCThread "G1 Conc#0" [stack: 0x00007f1793b23000,0x00007f1793c23000] [id=3776379]
  0x00007f17f42db3b0 ConcurrentGCThread "G1 Refine#0" [stack: 0x00007f17810d2000,0x00007f17811d2000] [id=3776380]
  0x00007f17f42dc540 ConcurrentGCThread "G1 Service" [stack: 0x00007f1780fd1000,0x00007f17810d1000] [id=3776381]

Threads with active compile tasks:
C2 CompilerThread0   495957  274 %     4       tolong::main @ 164 (243 bytes)
C2 CompilerThread2   495957  266       4       tolong::micro (18 bytes)

VM state: not at safepoint (normal execution)

VM Mutex/Monitor currently owned by a thread: None

Heap address: 0x0000000082000000, size: 30688 MB, Compressed Oops mode: Zero based, Oop shift amount: 3

CDS archive(s) mapped at: [0x0000000800000000-0x0000000800c3b000-0x0000000800c3b000), size 12824576, SharedBaseAddress: 0x0000000800000000, ArchiveRelocationMode: 0.
Compressed class space mapped at: 0x0000000801000000-0x0000000841000000, reserved size: 1073741824
Narrow klass base: 0x0000000800000000, Narrow klass shift: 0, Narrow klass range: 0x100000000

GC Precious Log:
 CPUs: 112 total, 112 available
 Memory: 754G
 Large Page Support: Disabled
 NUMA Support: Disabled
 Compressed Oops: Enabled (Zero based)
 Heap Region Size: 16M
 Heap Min Capacity: 16M
 Heap Initial Capacity: 2G
 Heap Max Capacity: 30688M
 Pre-touch: Disabled
 Parallel Workers: 73
 Concurrent Workers: 18
 Concurrent Refinement Workers: 73
 Periodic GC: Disabled

Heap:
 garbage-first heap   total 2129920K, used 32740K [0x0000000082000000, 0x0000000800000000)
  region size 16384K, 2 young (32768K), 0 survivors (0K)
 Metaspace       used 1375K, committed 1536K, reserved 1114112K
  class space    used 62K, committed 128K, reserved 1048576K

Heap Regions: E=young(eden), S=young(survivor), O=old, HS=humongous(starts), HC=humongous(continues), CS=collection set, F=free, OA=open archive, CA=closed archive, TAMS=top-at-mark-start (previous, next)
|   0|0x0000000082000000, 0x0000000082000000, 0x0000000083000000|  0%| F|  |TAMS 0x0000000082000000, 0x0000000082000000| Untracked 
|   1|0x0000000083000000, 0x0000000083000000, 0x0000000084000000|  0%| F|  |TAMS 0x0000000083000000, 0x0000000083000000| Untracked 
|   2|0x0000000084000000, 0x0000000084000000, 0x0000000085000000|  0%| F|  |TAMS 0x0000000084000000, 0x0000000084000000| Untracked 
|   3|0x0000000085000000, 0x0000000085000000, 0x0000000086000000|  0%| F|  |TAMS 0x0000000085000000, 0x0000000085000000| Untracked 
|   4|0x0000000086000000, 0x0000000086000000, 0x0000000087000000|  0%| F|  |TAMS 0x0000000086000000, 0x0000000086000000| Untracked 
|   5|0x0000000087000000, 0x0000000087000000, 0x0000000088000000|  0%| F|  |TAMS 0x0000000087000000, 0x0000000087000000| Untracked 
|   6|0x0000000088000000, 0x0000000088000000, 0x0000000089000000|  0%| F|  |TAMS 0x0000000088000000, 0x0000000088000000| Untracked 
|   7|0x0000000089000000, 0x0000000089000000, 0x000000008a000000|  0%| F|  |TAMS 0x0000000089000000, 0x0000000089000000| Untracked 
|   8|0x000000008a000000, 0x000000008a000000, 0x000000008b000000|  0%| F|  |TAMS 0x000000008a000000, 0x000000008a000000| Untracked 
|   9|0x000000008b000000, 0x000000008b000000, 0x000000008c000000|  0%| F|  |TAMS 0x000000008b000000, 0x000000008b000000| Untracked 
|  10|0x000000008c000000, 0x000000008c000000, 0x000000008d000000|  0%| F|  |TAMS 0x000000008c000000, 0x000000008c000000| Untracked 
|  11|0x000000008d000000, 0x000000008d000000, 0x000000008e000000|  0%| F|  |TAMS 0x000000008d000000, 0x000000008d000000| Untracked 
|  12|0x000000008e000000, 0x000000008e000000, 0x000000008f000000|  0%| F|  |TAMS 0x000000008e000000, 0x000000008e000000| Untracked 
|  13|0x000000008f000000, 0x000000008f000000, 0x0000000090000000|  0%| F|  |TAMS 0x000000008f000000, 0x000000008f000000| Untracked 
|  14|0x0000000090000000, 0x0000000090000000, 0x0000000091000000|  0%| F|  |TAMS 0x0000000090000000, 0x0000000090000000| Untracked 
|  15|0x0000000091000000, 0x0000000091000000, 0x0000000092000000|  0%| F|  |TAMS 0x0000000091000000, 0x0000000091000000| Untracked 
|  16|0x0000000092000000, 0x0000000092000000, 0x0000000093000000|  0%| F|  |TAMS 0x0000000092000000, 0x0000000092000000| Untracked 
|  17|0x0000000093000000, 0x0000000093000000, 0x0000000094000000|  0%| F|  |TAMS 0x0000000093000000, 0x0000000093000000| Untracked 
|  18|0x0000000094000000, 0x0000000094000000, 0x0000000095000000|  0%| F|  |TAMS 0x0000000094000000, 0x0000000094000000| Untracked 
|  19|0x0000000095000000, 0x0000000095000000, 0x0000000096000000|  0%| F|  |TAMS 0x0000000095000000, 0x0000000095000000| Untracked 
|  20|0x0000000096000000, 0x0000000096000000, 0x0000000097000000|  0%| F|  |TAMS 0x0000000096000000, 0x0000000096000000| Untracked 
|  21|0x0000000097000000, 0x0000000097000000, 0x0000000098000000|  0%| F|  |TAMS 0x0000000097000000, 0x0000000097000000| Untracked 
|  22|0x0000000098000000, 0x0000000098000000, 0x0000000099000000|  0%| F|  |TAMS 0x0000000098000000, 0x0000000098000000| Untracked 
|  23|0x0000000099000000, 0x0000000099000000, 0x000000009a000000|  0%| F|  |TAMS 0x0000000099000000, 0x0000000099000000| Untracked 
|  24|0x000000009a000000, 0x000000009a000000, 0x000000009b000000|  0%| F|  |TAMS 0x000000009a000000, 0x000000009a000000| Untracked 
|  25|0x000000009b000000, 0x000000009b000000, 0x000000009c000000|  0%| F|  |TAMS 0x000000009b000000, 0x000000009b000000| Untracked 
|  26|0x000000009c000000, 0x000000009c000000, 0x000000009d000000|  0%| F|  |TAMS 0x000000009c000000, 0x000000009c000000| Untracked 
|  27|0x000000009d000000, 0x000000009d000000, 0x000000009e000000|  0%| F|  |TAMS 0x000000009d000000, 0x000000009d000000| Untracked 
|  28|0x000000009e000000, 0x000000009e000000, 0x000000009f000000|  0%| F|  |TAMS 0x000000009e000000, 0x000000009e000000| Untracked 
|  29|0x000000009f000000, 0x000000009f000000, 0x00000000a0000000|  0%| F|  |TAMS 0x000000009f000000, 0x000000009f000000| Untracked 
|  30|0x00000000a0000000, 0x00000000a0000000, 0x00000000a1000000|  0%| F|  |TAMS 0x00000000a0000000, 0x00000000a0000000| Untracked 
|  31|0x00000000a1000000, 0x00000000a1000000, 0x00000000a2000000|  0%| F|  |TAMS 0x00000000a1000000, 0x00000000a1000000| Untracked 
|  32|0x00000000a2000000, 0x00000000a2000000, 0x00000000a3000000|  0%| F|  |TAMS 0x00000000a2000000, 0x00000000a2000000| Untracked 
|  33|0x00000000a3000000, 0x00000000a3000000, 0x00000000a4000000|  0%| F|  |TAMS 0x00000000a3000000, 0x00000000a3000000| Untracked 
|  34|0x00000000a4000000, 0x00000000a4000000, 0x00000000a5000000|  0%| F|  |TAMS 0x00000000a4000000, 0x00000000a4000000| Untracked 
|  35|0x00000000a5000000, 0x00000000a5000000, 0x00000000a6000000|  0%| F|  |TAMS 0x00000000a5000000, 0x00000000a5000000| Untracked 
|  36|0x00000000a6000000, 0x00000000a6000000, 0x00000000a7000000|  0%| F|  |TAMS 0x00000000a6000000, 0x00000000a6000000| Untracked 
|  37|0x00000000a7000000, 0x00000000a7000000, 0x00000000a8000000|  0%| F|  |TAMS 0x00000000a7000000, 0x00000000a7000000| Untracked 
|  38|0x00000000a8000000, 0x00000000a8000000, 0x00000000a9000000|  0%| F|  |TAMS 0x00000000a8000000, 0x00000000a8000000| Untracked 
|  39|0x00000000a9000000, 0x00000000a9000000, 0x00000000aa000000|  0%| F|  |TAMS 0x00000000a9000000, 0x00000000a9000000| Untracked 
|  40|0x00000000aa000000, 0x00000000aa000000, 0x00000000ab000000|  0%| F|  |TAMS 0x00000000aa000000, 0x00000000aa000000| Untracked 
|  41|0x00000000ab000000, 0x00000000ab000000, 0x00000000ac000000|  0%| F|  |TAMS 0x00000000ab000000, 0x00000000ab000000| Untracked 
|  42|0x00000000ac000000, 0x00000000ac000000, 0x00000000ad000000|  0%| F|  |TAMS 0x00000000ac000000, 0x00000000ac000000| Untracked 
|  43|0x00000000ad000000, 0x00000000ad000000, 0x00000000ae000000|  0%| F|  |TAMS 0x00000000ad000000, 0x00000000ad000000| Untracked 
|  44|0x00000000ae000000, 0x00000000ae000000, 0x00000000af000000|  0%| F|  |TAMS 0x00000000ae000000, 0x00000000ae000000| Untracked 
|  45|0x00000000af000000, 0x00000000af000000, 0x00000000b0000000|  0%| F|  |TAMS 0x00000000af000000, 0x00000000af000000| Untracked 
|  46|0x00000000b0000000, 0x00000000b0000000, 0x00000000b1000000|  0%| F|  |TAMS 0x00000000b0000000, 0x00000000b0000000| Untracked 
|  47|0x00000000b1000000, 0x00000000b1000000, 0x00000000b2000000|  0%| F|  |TAMS 0x00000000b1000000, 0x00000000b1000000| Untracked 
|  48|0x00000000b2000000, 0x00000000b2000000, 0x00000000b3000000|  0%| F|  |TAMS 0x00000000b2000000, 0x00000000b2000000| Untracked 
|  49|0x00000000b3000000, 0x00000000b3000000, 0x00000000b4000000|  0%| F|  |TAMS 0x00000000b3000000, 0x00000000b3000000| Untracked 
|  50|0x00000000b4000000, 0x00000000b4000000, 0x00000000b5000000|  0%| F|  |TAMS 0x00000000b4000000, 0x00000000b4000000| Untracked 
|  51|0x00000000b5000000, 0x00000000b5000000, 0x00000000b6000000|  0%| F|  |TAMS 0x00000000b5000000, 0x00000000b5000000| Untracked 
|  52|0x00000000b6000000, 0x00000000b6000000, 0x00000000b7000000|  0%| F|  |TAMS 0x00000000b6000000, 0x00000000b6000000| Untracked 
|  53|0x00000000b7000000, 0x00000000b7000000, 0x00000000b8000000|  0%| F|  |TAMS 0x00000000b7000000, 0x00000000b7000000| Untracked 
|  54|0x00000000b8000000, 0x00000000b8000000, 0x00000000b9000000|  0%| F|  |TAMS 0x00000000b8000000, 0x00000000b8000000| Untracked 
|  55|0x00000000b9000000, 0x00000000b9000000, 0x00000000ba000000|  0%| F|  |TAMS 0x00000000b9000000, 0x00000000b9000000| Untracked 
|  56|0x00000000ba000000, 0x00000000ba000000, 0x00000000bb000000|  0%| F|  |TAMS 0x00000000ba000000, 0x00000000ba000000| Untracked 
|  57|0x00000000bb000000, 0x00000000bb000000, 0x00000000bc000000|  0%| F|  |TAMS 0x00000000bb000000, 0x00000000bb000000| Untracked 
|  58|0x00000000bc000000, 0x00000000bc000000, 0x00000000bd000000|  0%| F|  |TAMS 0x00000000bc000000, 0x00000000bc000000| Untracked 
|  59|0x00000000bd000000, 0x00000000bd000000, 0x00000000be000000|  0%| F|  |TAMS 0x00000000bd000000, 0x00000000bd000000| Untracked 
|  60|0x00000000be000000, 0x00000000be000000, 0x00000000bf000000|  0%| F|  |TAMS 0x00000000be000000, 0x00000000be000000| Untracked 
|  61|0x00000000bf000000, 0x00000000bf000000, 0x00000000c0000000|  0%| F|  |TAMS 0x00000000bf000000, 0x00000000bf000000| Untracked 
|  62|0x00000000c0000000, 0x00000000c0000000, 0x00000000c1000000|  0%| F|  |TAMS 0x00000000c0000000, 0x00000000c0000000| Untracked 
|  63|0x00000000c1000000, 0x00000000c1000000, 0x00000000c2000000|  0%| F|  |TAMS 0x00000000c1000000, 0x00000000c1000000| Untracked 
|  64|0x00000000c2000000, 0x00000000c2000000, 0x00000000c3000000|  0%| F|  |TAMS 0x00000000c2000000, 0x00000000c2000000| Untracked 
|  65|0x00000000c3000000, 0x00000000c3000000, 0x00000000c4000000|  0%| F|  |TAMS 0x00000000c3000000, 0x00000000c3000000| Untracked 
|  66|0x00000000c4000000, 0x00000000c4000000, 0x00000000c5000000|  0%| F|  |TAMS 0x00000000c4000000, 0x00000000c4000000| Untracked 
|  67|0x00000000c5000000, 0x00000000c5000000, 0x00000000c6000000|  0%| F|  |TAMS 0x00000000c5000000, 0x00000000c5000000| Untracked 
|  68|0x00000000c6000000, 0x00000000c6000000, 0x00000000c7000000|  0%| F|  |TAMS 0x00000000c6000000, 0x00000000c6000000| Untracked 
|  69|0x00000000c7000000, 0x00000000c7000000, 0x00000000c8000000|  0%| F|  |TAMS 0x00000000c7000000, 0x00000000c7000000| Untracked 
|  70|0x00000000c8000000, 0x00000000c8000000, 0x00000000c9000000|  0%| F|  |TAMS 0x00000000c8000000, 0x00000000c8000000| Untracked 
|  71|0x00000000c9000000, 0x00000000c9000000, 0x00000000ca000000|  0%| F|  |TAMS 0x00000000c9000000, 0x00000000c9000000| Untracked 
|  72|0x00000000ca000000, 0x00000000ca000000, 0x00000000cb000000|  0%| F|  |TAMS 0x00000000ca000000, 0x00000000ca000000| Untracked 
|  73|0x00000000cb000000, 0x00000000cb000000, 0x00000000cc000000|  0%| F|  |TAMS 0x00000000cb000000, 0x00000000cb000000| Untracked 
|  74|0x00000000cc000000, 0x00000000cc000000, 0x00000000cd000000|  0%| F|  |TAMS 0x00000000cc000000, 0x00000000cc000000| Untracked 
|  75|0x00000000cd000000, 0x00000000cd000000, 0x00000000ce000000|  0%| F|  |TAMS 0x00000000cd000000, 0x00000000cd000000| Untracked 
|  76|0x00000000ce000000, 0x00000000ce000000, 0x00000000cf000000|  0%| F|  |TAMS 0x00000000ce000000, 0x00000000ce000000| Untracked 
|  77|0x00000000cf000000, 0x00000000cf000000, 0x00000000d0000000|  0%| F|  |TAMS 0x00000000cf000000, 0x00000000cf000000| Untracked 
|  78|0x00000000d0000000, 0x00000000d0000000, 0x00000000d1000000|  0%| F|  |TAMS 0x00000000d0000000, 0x00000000d0000000| Untracked 
|  79|0x00000000d1000000, 0x00000000d1000000, 0x00000000d2000000|  0%| F|  |TAMS 0x00000000d1000000, 0x00000000d1000000| Untracked 
|  80|0x00000000d2000000, 0x00000000d2000000, 0x00000000d3000000|  0%| F|  |TAMS 0x00000000d2000000, 0x00000000d2000000| Untracked 
|  81|0x00000000d3000000, 0x00000000d3000000, 0x00000000d4000000|  0%| F|  |TAMS 0x00000000d3000000, 0x00000000d3000000| Untracked 
|  82|0x00000000d4000000, 0x00000000d4000000, 0x00000000d5000000|  0%| F|  |TAMS 0x00000000d4000000, 0x00000000d4000000| Untracked 
|  83|0x00000000d5000000, 0x00000000d5000000, 0x00000000d6000000|  0%| F|  |TAMS 0x00000000d5000000, 0x00000000d5000000| Untracked 
|  84|0x00000000d6000000, 0x00000000d6000000, 0x00000000d7000000|  0%| F|  |TAMS 0x00000000d6000000, 0x00000000d6000000| Untracked 
|  85|0x00000000d7000000, 0x00000000d7000000, 0x00000000d8000000|  0%| F|  |TAMS 0x00000000d7000000, 0x00000000d7000000| Untracked 
|  86|0x00000000d8000000, 0x00000000d8000000, 0x00000000d9000000|  0%| F|  |TAMS 0x00000000d8000000, 0x00000000d8000000| Untracked 
|  87|0x00000000d9000000, 0x00000000d9000000, 0x00000000da000000|  0%| F|  |TAMS 0x00000000d9000000, 0x00000000d9000000| Untracked 
|  88|0x00000000da000000, 0x00000000da000000, 0x00000000db000000|  0%| F|  |TAMS 0x00000000da000000, 0x00000000da000000| Untracked 
|  89|0x00000000db000000, 0x00000000db000000, 0x00000000dc000000|  0%| F|  |TAMS 0x00000000db000000, 0x00000000db000000| Untracked 
|  90|0x00000000dc000000, 0x00000000dc000000, 0x00000000dd000000|  0%| F|  |TAMS 0x00000000dc000000, 0x00000000dc000000| Untracked 
|  91|0x00000000dd000000, 0x00000000dd000000, 0x00000000de000000|  0%| F|  |TAMS 0x00000000dd000000, 0x00000000dd000000| Untracked 
|  92|0x00000000de000000, 0x00000000de000000, 0x00000000df000000|  0%| F|  |TAMS 0x00000000de000000, 0x00000000de000000| Untracked 
|  93|0x00000000df000000, 0x00000000df000000, 0x00000000e0000000|  0%| F|  |TAMS 0x00000000df000000, 0x00000000df000000| Untracked 
|  94|0x00000000e0000000, 0x00000000e0000000, 0x00000000e1000000|  0%| F|  |TAMS 0x00000000e0000000, 0x00000000e0000000| Untracked 
|  95|0x00000000e1000000, 0x00000000e1000000, 0x00000000e2000000|  0%| F|  |TAMS 0x00000000e1000000, 0x00000000e1000000| Untracked 
|  96|0x00000000e2000000, 0x00000000e2000000, 0x00000000e3000000|  0%| F|  |TAMS 0x00000000e2000000, 0x00000000e2000000| Untracked 
|  97|0x00000000e3000000, 0x00000000e3000000, 0x00000000e4000000|  0%| F|  |TAMS 0x00000000e3000000, 0x00000000e3000000| Untracked 
|  98|0x00000000e4000000, 0x00000000e4000000, 0x00000000e5000000|  0%| F|  |TAMS 0x00000000e4000000, 0x00000000e4000000| Untracked 
|  99|0x00000000e5000000, 0x00000000e5000000, 0x00000000e6000000|  0%| F|  |TAMS 0x00000000e5000000, 0x00000000e5000000| Untracked 
| 100|0x00000000e6000000, 0x00000000e6000000, 0x00000000e7000000|  0%| F|  |TAMS 0x00000000e6000000, 0x00000000e6000000| Untracked 
| 101|0x00000000e7000000, 0x00000000e7000000, 0x00000000e8000000|  0%| F|  |TAMS 0x00000000e7000000, 0x00000000e7000000| Untracked 
| 102|0x00000000e8000000, 0x00000000e8000000, 0x00000000e9000000|  0%| F|  |TAMS 0x00000000e8000000, 0x00000000e8000000| Untracked 
| 103|0x00000000e9000000, 0x00000000e9000000, 0x00000000ea000000|  0%| F|  |TAMS 0x00000000e9000000, 0x00000000e9000000| Untracked 
| 104|0x00000000ea000000, 0x00000000ea000000, 0x00000000eb000000|  0%| F|  |TAMS 0x00000000ea000000, 0x00000000ea000000| Untracked 
| 105|0x00000000eb000000, 0x00000000eb000000, 0x00000000ec000000|  0%| F|  |TAMS 0x00000000eb000000, 0x00000000eb000000| Untracked 
| 106|0x00000000ec000000, 0x00000000ec000000, 0x00000000ed000000|  0%| F|  |TAMS 0x00000000ec000000, 0x00000000ec000000| Untracked 
| 107|0x00000000ed000000, 0x00000000ed000000, 0x00000000ee000000|  0%| F|  |TAMS 0x00000000ed000000, 0x00000000ed000000| Untracked 
| 108|0x00000000ee000000, 0x00000000ee000000, 0x00000000ef000000|  0%| F|  |TAMS 0x00000000ee000000, 0x00000000ee000000| Untracked 
| 109|0x00000000ef000000, 0x00000000ef000000, 0x00000000f0000000|  0%| F|  |TAMS 0x00000000ef000000, 0x00000000ef000000| Untracked 
| 110|0x00000000f0000000, 0x00000000f0000000, 0x00000000f1000000|  0%| F|  |TAMS 0x00000000f0000000, 0x00000000f0000000| Untracked 
| 111|0x00000000f1000000, 0x00000000f1000000, 0x00000000f2000000|  0%| F|  |TAMS 0x00000000f1000000, 0x00000000f1000000| Untracked 
| 112|0x00000000f2000000, 0x00000000f2000000, 0x00000000f3000000|  0%| F|  |TAMS 0x00000000f2000000, 0x00000000f2000000| Untracked 
| 113|0x00000000f3000000, 0x00000000f3000000, 0x00000000f4000000|  0%| F|  |TAMS 0x00000000f3000000, 0x00000000f3000000| Untracked 
| 114|0x00000000f4000000, 0x00000000f4000000, 0x00000000f5000000|  0%| F|  |TAMS 0x00000000f4000000, 0x00000000f4000000| Untracked 
| 115|0x00000000f5000000, 0x00000000f5000000, 0x00000000f6000000|  0%| F|  |TAMS 0x00000000f5000000, 0x00000000f5000000| Untracked 
| 116|0x00000000f6000000, 0x00000000f6000000, 0x00000000f7000000|  0%| F|  |TAMS 0x00000000f6000000, 0x00000000f6000000| Untracked 
| 117|0x00000000f7000000, 0x00000000f7000000, 0x00000000f8000000|  0%| F|  |TAMS 0x00000000f7000000, 0x00000000f7000000| Untracked 
| 118|0x00000000f8000000, 0x00000000f8000000, 0x00000000f9000000|  0%| F|  |TAMS 0x00000000f8000000, 0x00000000f8000000| Untracked 
| 119|0x00000000f9000000, 0x00000000f9000000, 0x00000000fa000000|  0%| F|  |TAMS 0x00000000f9000000, 0x00000000f9000000| Untracked 
| 120|0x00000000fa000000, 0x00000000fa000000, 0x00000000fb000000|  0%| F|  |TAMS 0x00000000fa000000, 0x00000000fa000000| Untracked 
| 121|0x00000000fb000000, 0x00000000fb000000, 0x00000000fc000000|  0%| F|  |TAMS 0x00000000fb000000, 0x00000000fb000000| Untracked 
| 122|0x00000000fc000000, 0x00000000fc000000, 0x00000000fd000000|  0%| F|  |TAMS 0x00000000fc000000, 0x00000000fc000000| Untracked 
| 123|0x00000000fd000000, 0x00000000fd000000, 0x00000000fe000000|  0%| F|  |TAMS 0x00000000fd000000, 0x00000000fd000000| Untracked 
| 124|0x00000000fe000000, 0x00000000fe000000, 0x00000000ff000000|  0%| F|  |TAMS 0x00000000fe000000, 0x00000000fe000000| Untracked 
| 125|0x00000000ff000000, 0x00000000ff000000, 0x0000000100000000|  0%| F|  |TAMS 0x00000000ff000000, 0x00000000ff000000| Untracked 
| 126|0x0000000100000000, 0x0000000100b85a70, 0x0000000101000000| 72%| E|  |TAMS 0x0000000100000000, 0x0000000100000000| Complete 
| 127|0x0000000101000000, 0x0000000102000000, 0x0000000102000000|100%| E|CS|TAMS 0x0000000101000000, 0x0000000101000000| Complete 
|1916|0x00000007fe000000, 0x00000007fef76000, 0x00000007ff000000| 96%|OA|  |TAMS 0x00000007fe000000, 0x00000007fe000000| Untracked 
|1917|0x00000007ff000000, 0x00000007ff083000, 0x0000000800000000|  3%|CA|  |TAMS 0x00000007ff000000, 0x00000007ff000000| Untracked 

Card table byte_map: [0x00007f17d3d14000,0x00007f17d7904000] _byte_map_base: 0x00007f17d3904000

Marking Bits (Prev, Next): (CMBitMap*) 0x00007f17f4071368, (CMBitMap*) 0x00007f17f40713a8
 Prev Bits: [0x00007f17b21a4000, 0x00007f17d0124000)
 Next Bits: [0x00007f1794224000, 0x00007f17b21a4000)

Polling page: 0x00007f17fd4c2000

Metaspace:

Usage:
  Non-class:      1.28 MB used.
      Class:     62.54 KB used.
       Both:      1.34 MB used.

Virtual space:
  Non-class space:       64.00 MB reserved,       1.38 MB (  2%) committed,  1 nodes.
      Class space:        1.00 GB reserved,     128.00 KB ( <1%) committed,  1 nodes.
             Both:        1.06 GB reserved,       1.50 MB ( <1%) committed. 

Chunk freelists:
   Non-Class:  11.98 MB
       Class:  15.74 MB
        Both:  27.72 MB

MaxMetaspaceSize: unlimited
CompressedClassSpaceSize: 1.00 GB
Initial GC threshold: 21.00 MB
Current GC threshold: 21.00 MB
CDS: on
MetaspaceReclaimPolicy: balanced
 - commit_granule_bytes: 65536.
 - commit_granule_words: 8192.
 - virtual_space_node_default_size: 8388608.
 - enlarge_chunks_in_place: 1.
 - new_chunks_are_fully_committed: 0.
 - uncommit_free_chunks: 1.
 - use_allocation_guard: 0.
 - handle_deallocations: 1.


Internal statistics:

num_allocs: 11450.
num_deallocs: 0.
num_allocs_from_deallocated_blocks: 0.
num_chunks_retired: 1.
num_allocs_failed_limit: 0.
num_arena_births: 16.
num_arena_deaths: 0.
num_vsnodes_births: 2.
num_vsnodes_deaths: 0.
num_space_committed: 24.
num_space_uncommitted: 0.
num_chunks_returned_to_freelist: 0.
num_chunks_taken_from_freelist: 18.
num_chunk_merges: 0.
num_chunk_splits: 12.
num_chunks_enlarged: 12.
num_inconsistent_stats: 0.

CodeHeap 'non-profiled nmethods': size=118592Kb used=104Kb max_used=104Kb free=118487Kb
 bounds [0x00007f17e5032000, 0x00007f17e52a2000, 0x00007f17ec402000]
CodeHeap 'profiled nmethods': size=118588Kb used=404Kb max_used=404Kb free=118183Kb
 bounds [0x00007f17dd402000, 0x00007f17dd672000, 0x00007f17e47d1000]
CodeHeap 'non-nmethods': size=8580Kb used=3232Kb max_used=4373Kb free=5347Kb
 bounds [0x00007f17e47d1000, 0x00007f17e4c51000, 0x00007f17e5032000]
 total_blobs=1015 nmethods=269 adapters=665
 compilation: enabled
              stopped_count=0, restarted_count=0
 full_count=0

Compilation events (20 events):
Event: 59.041 Thread 0x00007f174406cc20 nmethod 247 0x00007f17dd463510 code [0x00007f17dd4636e0, 0x00007f17dd4638c8]
Event: 59.041 Thread 0x00007f173c005f60  249       2       jdk.incubator.vector.Int256Vector$Int256Mask::vspecies (4 bytes)
Event: 59.041 Thread 0x00007f17500129b0  251       2       jdk.incubator.vector.Int256Vector$Int256Mask$$Lambda$27/0x000000080104e950::apply (8 bytes)
Event: 59.041 Thread 0x00007f174406cc20  253       2       jdk.incubator.vector.Int256Vector$Int256Mask::getBits (8 bytes)
Event: 59.042 Thread 0x00007f173c007090 nmethod 246 0x00007f17dd463990 code [0x00007f17dd463b60, 0x00007f17dd463de8]
Event: 59.042 Thread 0x00007f173c007090  255       2       jdk.internal.vm.vector.VectorSupport::maybeRebox (8 bytes)
Event: 59.042 Thread 0x00007f173c005f60 nmethod 249 0x00007f17dd463f10 code [0x00007f17dd4640c0, 0x00007f17dd4641f8]
Event: 59.042 Thread 0x00007f173c002810 nmethod 248 0x00007f17dd464290 code [0x00007f17dd464440, 0x00007f17dd464578]
Event: 59.042 Thread 0x00007f173c007090 nmethod 255 0x00007f17dd464610 code [0x00007f17dd4647c0, 0x00007f17dd4648d8]
Event: 59.042 Thread 0x00007f174406cc20 nmethod 253 0x00007f17dd464990 code [0x00007f17dd464b60, 0x00007f17dd464cf8]
Event: 59.043 Thread 0x00007f17500129b0 nmethod 251 0x00007f17dd464e10 code [0x00007f17dd465000, 0x00007f17dd465228]
Event: 59.046 Thread 0x00007f17f43aa620 nmethod 245 0x00007f17dd465410 code [0x00007f17dd465680, 0x00007f17dd465e48]
Event: 59.047 Thread 0x00007f17500be120  264       4       jdk.incubator.vector.Int256Vector$Int256Mask::prepare (33 bytes)
Event: 59.047 Thread 0x00007f17500be9d0  265       4       jdk.incubator.vector.AbstractMask::toLongHelper (41 bytes)
Event: 59.058 Thread 0x00007f17500be120 nmethod 264 0x00007f17e5045c90 code [0x00007f17e5045e40, 0x00007f17e5045fd8]
Event: 59.058 Thread 0x00007f17500be120  261       4       java.lang.invoke.LambdaForm$MH/0x0000000801000400::invoke (8 bytes)
Event: 59.059 Thread 0x00007f17500be120 nmethod 261 0x00007f17e5046110 code [0x00007f17e50462e0, 0x00007f17e50463b8]
Event: 59.059 Thread 0x00007f17500be120  266       4       tolong::micro (18 bytes)
Event: 59.063 Thread 0x00007f17500be9d0 nmethod 265 0x00007f17e5046510 code [0x00007f17e5046700, 0x00007f17e5046998]
Event: 59.063 Thread 0x00007f17500be9d0  267       4       jdk.internal.vm.vector.VectorSupport::fromBitsCoerced (35 bytes)

GC Heap History (0 events):
No events

Dll operation events (2 events):
Event: 54.220 Loaded shared library /home/jatinbha/sandboxes/jdk17u-dev/build/linux-x86_64-server-slowdebug/images/jdk/lib/libjava.so
Event: 55.824 Loaded shared library /home/jatinbha/sandboxes/jdk17u-dev/build/linux-x86_64-server-slowdebug/images/jdk/lib/libjsvml.so

Deoptimization events (4 events):
Event: 58.864 Thread 0x00007f17f4028190 Uncommon trap: trap_request=0xfffffff4 fr.pc=0x00007f17e503f870 relative=0x0000000000000210
Event: 58.864 Thread 0x00007f17f4028190 Uncommon trap: reason=null_check action=make_not_entrant pc=0x00007f17e503f870 method=java.lang.String.equals(Ljava/lang/Object;)Z @ 8 c2
Event: 58.864 Thread 0x00007f17f4028190 DEOPT PACKING pc=0x00007f17e503f870 sp=0x00007f17faee9c10
Event: 58.864 Thread 0x00007f17f4028190 DEOPT UNPACKING pc=0x00007f17e48f402a sp=0x00007f17faee9bd8 mode 2

Classes unloaded (0 events):
No events

Classes redefined (0 events):
No events

Internal exceptions (5 events):
Event: 58.864 Thread 0x00007f17f4028190 Implicit null exception at 0x00007f17e503f695 to 0x00007f17e503f860
Event: 58.926 Thread 0x00007f17f4028190 Exception <a 'java/lang/NoSuchMethodError'{0x00000001010efd80}: 'java.lang.Object java.lang.invoke.DirectMethodHandle$Holder.invokeStatic(java.lang.Object, long, java.lang.Object)'> (0x00000001010efd80) 
thrown [/home/jatinbha/sandboxes/jdk17u-dev/src/hotspot/share/interpreter/linkResolver.cpp, line 758]
Event: 58.931 Thread 0x00007f17f4028190 Exception <a 'java/lang/NoSuchMethodError'{0x00000001010f77e8}: 'java.lang.Object java.lang.invoke.DirectMethodHandle$Holder.invokeStatic(java.lang.Object, java.lang.Object, int, java.lang.Object)'> (0x00000001010f77e8) 
thrown [/home/jatinbha/sandboxes/jdk17u-dev/src/hotspot/share/interpreter/linkResolver.cpp, line 758]
Event: 58.940 Thread 0x00007f17f4028190 Exception <a 'java/lang/NoSuchMethodError'{0x0000000101104b40}: 'java.lang.Object java.lang.invoke.DirectMethodHandle$Holder.newInvokeSpecial(java.lang.Object, java.lang.Object, int)'> (0x0000000101104b40) 
thrown [/home/jatinbha/sandboxes/jdk17u-dev/src/hotspot/share/interpreter/linkResolver.cpp, line 758]
Event: 59.002 Thread 0x00007f17f4028190 Exception <a 'java/lang/NoSuchMethodError'{0x000000010111be90}: 'long java.lang.invoke.DirectMethodHandle$Holder.invokeStatic(java.lang.Object, java.lang.Object)'> (0x000000010111be90) 
thrown [/home/jatinbha/sandboxes/jdk17u-dev/src/hotspot/share/interpreter/linkResolver.cpp, line 758]

VM Operations (20 events):
Event: 56.012 Executing VM operation: Verify
Event: 56.085 Executing VM operation: Verify done
Event: 56.085 Executing VM operation: Verify
Event: 56.147 Executing VM operation: Verify done
Event: 56.185 Executing VM operation: Verify
Event: 56.293 Executing VM operation: Verify done
Event: 56.293 Executing VM operation: Verify
Event: 56.366 Executing VM operation: Verify done
Event: 56.384 Executing VM operation: Verify
Event: 56.476 Executing VM operation: Verify done
Event: 56.476 Executing VM operation: Verify
Event: 56.539 Executing VM operation: Verify done
Event: 56.695 Executing VM operation: Verify
Event: 56.827 Executing VM operation: Verify done
Event: 56.828 Executing VM operation: Verify
Event: 56.933 Executing VM operation: Verify done
Event: 56.988 Executing VM operation: Verify
Event: 57.160 Executing VM operation: Verify done
Event: 57.161 Executing VM operation: Verify
Event: 57.331 Executing VM operation: Verify done

Events (20 events):
Event: 58.973 loading class jdk/incubator/vector/Byte256Vector
Event: 58.977 loading class jdk/incubator/vector/Byte256Vector done
Event: 58.977 loading class jdk/incubator/vector/Byte256Vector$Byte256Mask
Event: 58.978 loading class jdk/incubator/vector/Byte256Vector$Byte256Mask done
Event: 58.982 loading class jdk/incubator/vector/Byte512Vector
Event: 58.985 loading class jdk/incubator/vector/Byte512Vector done
Event: 58.986 loading class jdk/incubator/vector/Byte512Vector$Byte512Mask
Event: 58.986 loading class jdk/incubator/vector/Byte512Vector$Byte512Mask done
Event: 58.991 loading class jdk/incubator/vector/ByteMaxVector
Event: 58.994 loading class jdk/incubator/vector/ByteMaxVector done
Event: 58.994 loading class jdk/incubator/vector/ByteMaxVector$ByteMaxMask
Event: 58.995 loading class jdk/incubator/vector/ByteMaxVector$ByteMaxMask done
Event: 59.001 loading class jdk/internal/vm/vector/VectorSupport$VectorMaskOp
Event: 59.001 loading class jdk/internal/vm/vector/VectorSupport$VectorMaskOp done
Event: 59.033 Thread 0x00007f17500a7a80 Thread added: 0x00007f17500a7a80
Event: 59.033 Protecting memory [0x00007f17577f8000,0x00007f17577fc000] with protection modes 0
Event: 59.047 Thread 0x00007f17500be120 Thread added: 0x00007f17500be120
Event: 59.047 Protecting memory [0x00007f17574f5000,0x00007f17574f9000] with protection modes 0
Event: 59.047 Thread 0x00007f17500be9d0 Thread added: 0x00007f17500be9d0
Event: 59.047 Protecting memory [0x00007f17573f4000,0x00007f17573f8000] with protection modes 0


Dynamic libraries:
82000000-102000000 rw-p 00000000 00:00 0 
102000000-7fe000000 ---p 00000000 00:00 0 
7fe000000-7fef00000 rw-p 00000000 00:00 0 
7fef00000-7fef76000 rw-p 00cf8000 08:02 23173328                         /home/jatinbha/sandboxes/jdk17u-dev/build/linux-x86_64-server-slowdebug/images/jdk/lib/server/classes.jsa
7fef76000-7ff000000 rw-p 00000000 00:00 0 
7ff000000-7ff083000 rw-p 00c75000 08:02 23173328                         /home/jatinbha/sandboxes/jdk17u-dev/build/linux-x86_64-server-slowdebug/images/jdk/lib/server/classes.jsa
7ff083000-800000000 rw-p 00000000 00:00 0 
800000000-8004ae000 rw-p 00001000 08:02 23173328                         /home/jatinbha/sandboxes/jdk17u-dev/build/linux-x86_64-server-slowdebug/images/jdk/lib/server/classes.jsa
8004ae000-800c3b000 r--p 004af000 08:02 23173328                         /home/jatinbha/sandboxes/jdk17u-dev/build/linux-x86_64-server-slowdebug/images/jdk/lib/server/classes.jsa
800c3b000-801000000 ---p 00000000 00:00 0 
801000000-801010000 rw-p 00000000 00:00 0 
801010000-801040000 ---p 00000000 00:00 0 
801040000-801050000 rw-p 00000000 00:00 0 
801050000-841000000 ---p 00000000 00:00 0 
5577c7ca6000-5577c7ca7000 r--p 00000000 08:02 23173065                   /home/jatinbha/sandboxes/jdk17u-dev/build/linux-x86_64-server-slowdebug/images/jdk/bin/java
5577c7ca7000-5577c7ca8000 r-xp 00001000 08:02 23173065                   /home/jatinbha/sandboxes/jdk17u-dev/build/linux-x86_64-server-slowdebug/images/jdk/bin/java
5577c7ca8000-5577c7ca9000 r--p 00002000 08:02 23173065                   /home/jatinbha/sandboxes/jdk17u-dev/build/linux-x86_64-server-slowdebug/images/jdk/bin/java
5577c7ca9000-5577c7caa000 r--p 00002000 08:02 23173065                   /home/jatinbha/sandboxes/jdk17u-dev/build/linux-x86_64-server-slowdebug/images/jdk/bin/java
5577c7caa000-5577c7cab000 rw-p 00003000 08:02 23173065                   /home/jatinbha/sandboxes/jdk17u-dev/build/linux-x86_64-server-slowdebug/images/jdk/bin/java
5577c953a000-5577c9582000 rw-p 00000000 00:00 0                          [heap]
7f171c000000-7f171c0a4000 rw-p 00000000 00:00 0 
7f171c0a4000-7f1720000000 ---p 00000000 00:00 0 
7f1724000000-7f1724021000 rw-p 00000000 00:00 0 
7f1724021000-7f1728000000 ---p 00000000 00:00 0 
7f1728000000-7f1728021000 rw-p 00000000 00:00 0 
7f1728021000-7f172c000000 ---p 00000000 00:00 0 
7f172c000000-7f172c0de000 rw-p 00000000 00:00 0 
7f172c0de000-7f1730000000 ---p 00000000 00:00 0 
7f1730000000-7f1730021000 rw-p 00000000 00:00 0 
7f1730021000-7f1734000000 ---p 00000000 00:00 0 
7f1734000000-7f173402a000 rw-p 00000000 00:00 0 
7f173402a000-7f1738000000 ---p 00000000 00:00 0 
7f1738000000-7f1738037000 rw-p 00000000 00:00 0 
7f1738037000-7f173c000000 ---p 00000000 00:00 0 
7f173c000000-7f173c052000 rw-p 00000000 00:00 0 
7f173c052000-7f1740000000 ---p 00000000 00:00 0 
7f1740000000-7f174002e000 rw-p 00000000 00:00 0 
7f174002e000-7f1744000000 ---p 00000000 00:00 0 
7f1744000000-7f17440b2000 rw-p 00000000 00:00 0 
7f17440b2000-7f1748000000 ---p 00000000 00:00 0 
7f1748000000-7f1748021000 rw-p 00000000 00:00 0 
7f1748021000-7f174c000000 ---p 00000000 00:00 0 
7f174c000000-7f174c021000 rw-p 00000000 00:00 0 
7f174c021000-7f1750000000 ---p 00000000 00:00 0 
7f1750000000-7f17500c2000 rw-p 00000000 00:00 0 
7f17500c2000-7f1754000000 ---p 00000000 00:00 0 
7f17563b9000-7f17573f4000 rw-p 00000000 00:00 0 
7f17573f4000-7f17573f8000 ---p 00000000 00:00 0 
7f17573f8000-7f17574f5000 rw-p 00000000 00:00 0 
7f17574f5000-7f17574f9000 ---p 00000000 00:00 0 
7f17574f9000-7f17575f6000 rw-p 00000000 00:00 0 
7f17575f6000-7f17575f7000 ---p 00000000 00:00 0 
7f17575f7000-7f17576f7000 rw-p 00000000 00:00 0 
7f17576f7000-7f17576fb000 ---p 00000000 00:00 0 
7f17576fb000-7f17577f8000 rw-p 00000000 00:00 0 
7f17577f8000-7f17577fc000 ---p 00000000 00:00 0 
7f17577fc000-7f17578f9000 rw-p 00000000 00:00 0 
7f17578f9000-7f17578fd000 ---p 00000000 00:00 0 
7f17578fd000-7f17579fa000 rw-p 00000000 00:00 0 
7f17579fa000-7f17579fe000 ---p 00000000 00:00 0 
7f17579fe000-7f1757afb000 rw-p 00000000 00:00 0 
7f1757afb000-7f1757aff000 ---p 00000000 00:00 0 
7f1757aff000-7f1757bfc000 rw-p 00000000 00:00 0 
7f1757bfc000-7f1757c00000 ---p 00000000 00:00 0 
7f1757c00000-7f1757cfd000 rw-p 00000000 00:00 0 
7f1757cfd000-7f1757d01000 ---p 00000000 00:00 0 
7f1757d01000-7f1757dfe000 rw-p 00000000 00:00 0 
7f1757dfe000-7f1757e02000 ---p 00000000 00:00 0 
7f1757e02000-7f1757eff000 rw-p 00000000 00:00 0 
7f1757eff000-7f1757f03000 ---p 00000000 00:00 0 
7f1757f03000-7f1758000000 rw-p 00000000 00:00 0 
7f1758000000-7f1758021000 rw-p 00000000 00:00 0 
7f1758021000-7f175c000000 ---p 00000000 00:00 0 
7f175c000000-7f175c25e000 rw-p 00000000 00:00 0 
7f175c25e000-7f1760000000 ---p 00000000 00:00 0 
7f1760000000-7f1760021000 rw-p 00000000 00:00 0 
7f1760021000-7f1764000000 ---p 00000000 00:00 0 
7f1764000000-7f1764021000 rw-p 00000000 00:00 0 
7f1764021000-7f1768000000 ---p 00000000 00:00 0 
7f1768000000-7f1768021000 rw-p 00000000 00:00 0 
7f1768021000-7f176c000000 ---p 00000000 00:00 0 
7f176c000000-7f176c021000 rw-p 00000000 00:00 0 
7f176c021000-7f1770000000 ---p 00000000 00:00 0 
7f1770000000-7f1770021000 rw-p 00000000 00:00 0 
7f1770021000-7f1774000000 ---p 00000000 00:00 0 
7f1774000000-7f1774021000 rw-p 00000000 00:00 0 
7f1774021000-7f1778000000 ---p 00000000 00:00 0 
7f1778000000-7f1778150000 rw-p 00000000 00:00 0 
7f1778150000-7f1778400000 ---p 00000000 00:00 0 
7f1778400000-7f1778410000 rw-p 00000000 00:00 0 
7f1778410000-7f177c000000 ---p 00000000 00:00 0 
7f177c000000-7f177c021000 rw-p 00000000 00:00 0 
7f177c021000-7f1780000000 ---p 00000000 00:00 0 
7f178006b000-7f178006f000 ---p 00000000 00:00 0 
7f178006f000-7f178016c000 rw-p 00000000 00:00 0 
7f178016c000-7f1780170000 ---p 00000000 00:00 0 
7f1780170000-7f178026d000 rw-p 00000000 00:00 0 
7f178026d000-7f1780271000 ---p 00000000 00:00 0 
7f1780271000-7f178036e000 rw-p 00000000 00:00 0 
7f178036e000-7f1780372000 ---p 00000000 00:00 0 
7f1780372000-7f178046f000 rw-p 00000000 00:00 0 
7f178046f000-7f1780473000 ---p 00000000 00:00 0 
7f1780473000-7f1780570000 rw-p 00000000 00:00 0 
7f1780570000-7f1780ae0000 r--p 00000000 08:02 7078745                    /usr/lib/locale/locale-archive
7f1780ae0000-7f1780ae4000 ---p 00000000 00:00 0 
7f1780ae4000-7f1780be1000 rw-p 00000000 00:00 0 
7f1780be1000-7f1780be5000 ---p 00000000 00:00 0 
7f1780be5000-7f1780ce2000 rw-p 00000000 00:00 0 
7f1780ce2000-7f1780ce3000 ---p 00000000 00:00 0 
7f1780ce3000-7f1780de3000 rw-p 00000000 00:00 0 
7f1780de3000-7f1780de7000 r--p 00000000 08:02 23173124                   /home/jatinbha/sandboxes/jdk17u-dev/build/linux-x86_64-server-slowdebug/images/jdk/lib/libjsvml.so
7f1780de7000-7f1780e28000 r-xp 00004000 08:02 23173124                   /home/jatinbha/sandboxes/jdk17u-dev/build/linux-x86_64-server-slowdebug/images/jdk/lib/libjsvml.so
7f1780e28000-7f1780eb1000 r--p 00045000 08:02 23173124                   /home/jatinbha/sandboxes/jdk17u-dev/build/linux-x86_64-server-slowdebug/images/jdk/lib/libjsvml.so
7f1780eb1000-7f1780eb2000 r--p 000cd000 08:02 23173124                   /home/jatinbha/sandboxes/jdk17u-dev/build/linux-x86_64-server-slowdebug/images/jdk/lib/libjsvml.so
7f1780eb2000-7f1780eb3000 rw-p 000ce000 08:02 23173124                   /home/jatinbha/sandboxes/jdk17u-dev/build/linux-x86_64-server-slowdebug/images/jdk/lib/libjsvml.so
7f1780eb3000-7f1780fd0000 rw-p 00000000 00:00 0 
7f1780fd0000-7f1780fd1000 ---p 00000000 00:00 0 
7f1780fd1000-7f17810d1000 rw-p 00000000 00:00 0 
7f17810d1000-7f17810d2000 ---p 00000000 00:00 0 
7f17810d2000-7f1784000000 rw-p 00000000 00:00 0 
7f1784000000-7f1784021000 rw-p 00000000 00:00 0 
7f1784021000-7f1788000000 ---p 00000000 00:00 0 
7f1788000000-7f1788021000 rw-p 00000000 00:00 0 
7f1788021000-7f178c000000 ---p 00000000 00:00 0 
7f178c000000-7f178c021000 rw-p 00000000 00:00 0 
7f178c021000-7f1790000000 ---p 00000000 00:00 0 
7f1790000000-7f1790007000 r--s 00000000 08:02 7736501                    /usr/lib/x86_64-linux-gnu/gconv/gconv-modules.cache
7f1790007000-7f1793b22000 rw-p 00000000 00:00 0 
7f1793b22000-7f1793b23000 ---p 00000000 00:00 0 
7f1793b23000-7f1793c23000 rw-p 00000000 00:00 0 
7f1793c23000-7f1793c24000 ---p 00000000 00:00 0 
7f1793c24000-7f1793d24000 rw-p 00000000 00:00 0 
7f1793d24000-7f1793d25000 ---p 00000000 00:00 0 
7f1793d25000-7f1796224000 rw-p 00000000 00:00 0 
7f1796224000-7f17b2124000 ---p 00000000 00:00 0 
7f17b2124000-7f17b41a4000 rw-p 00000000 00:00 0 
7f17b41a4000-7f17d00a4000 ---p 00000000 00:00 0 
7f17d00a4000-7f17d0524000 rw-p 00000000 00:00 0 
7f17d0524000-7f17d3d04000 ---p 00000000 00:00 0 
7f17d3d04000-7f17d4114000 rw-p 00000000 00:00 0 
7f17d4114000-7f17d78f4000 ---p 00000000 00:00 0 
7f17d78f4000-7f17d7d04000 rw-p 00000000 00:00 0 
7f17d7d04000-7f17db4e4000 ---p 00000000 00:00 0 
7f17db4e4000-7f17dd402000 rw-p 00000000 00:00 0 
7f17dd402000-7f17dd672000 rwxp 00000000 00:00 0 
7f17dd672000-7f17e47d1000 ---p 00000000 00:00 0 
7f17e47d1000-7f17e4c51000 rwxp 00000000 00:00 0 
7f17e4c51000-7f17e5032000 ---p 00000000 00:00 0 
7f17e5032000-7f17e52a2000 rwxp 00000000 00:00 0 
7f17e52a2000-7f17ec402000 ---p 00000000 00:00 0 
7f17ec402000-7f17f4000000 r--s 00000000 08:02 23172883                   /home/jatinbha/sandboxes/jdk17u-dev/build/linux-x86_64-server-slowdebug/images/jdk/lib/modules
7f17f4000000-7f17f44ea000 rw-p 00000000 00:00 0 
7f17f44ea000-7f17f8000000 ---p 00000000 00:00 0 
7f17f8006000-7f17fabae000 rw-p 00000000 00:00 0 
7f17fabae000-7f17fac91000 ---p 00000000 00:00 0 
7f17fac91000-7f17fac96000 rw-p 00000000 00:00 0 
7f17fac96000-7f17fad79000 ---p 00000000 00:00 0 
7f17fad79000-7f17fad82000 rw-p 00000000 00:00 0 
7f17fad82000-7f17fad8a000 ---p 00000000 00:00 0 
7f17fad8a000-7f17fad96000 r--p 00000000 08:02 23173072                   /home/jatinbha/sandboxes/jdk17u-dev/build/linux-x86_64-server-slowdebug/images/jdk/lib/libjava.so
7f17fad96000-7f17fadb3000 r-xp 0000c000 08:02 23173072                   /home/jatinbha/sandboxes/jdk17u-dev/build/linux-x86_64-server-slowdebug/images/jdk/lib/libjava.so
7f17fadb3000-7f17fadba000 r--p 00029000 08:02 23173072                   /home/jatinbha/sandboxes/jdk17u-dev/build/linux-x86_64-server-slowdebug/images/jdk/lib/libjava.so
7f17fadba000-7f17fadbb000 ---p 00030000 08:02 23173072                   /home/jatinbha/sandboxes/jdk17u-dev/build/linux-x86_64-server-slowdebug/images/jdk/lib/libjava.so
7f17fadbb000-7f17fadbc000 r--p 00030000 08:02 23173072                   /home/jatinbha/sandboxes/jdk17u-dev/build/linux-x86_64-server-slowdebug/images/jdk/lib/libjava.so
7f17fadbc000-7f17fadbd000 rw-p 00031000 08:02 23173072                   /home/jatinbha/sandboxes/jdk17u-dev/build/linux-x86_64-server-slowdebug/images/jdk/lib/libjava.so
7f17fadbd000-7f17fadbe000 rw-p 00000000 00:00 0 
7f17fadbe000-7f17fadc6000 rw-s 00000000 08:02 3670117                    /tmp/hsperfdata_intel/3776358
7f17fadc6000-7f17fadca000 r--p 00000000 08:02 23173073                   /home/jatinbha/sandboxes/jdk17u-dev/build/linux-x86_64-server-slowdebug/images/jdk/lib/libjimage.so
7f17fadca000-7f17fade1000 r-xp 00004000 08:02 23173073                   /home/jatinbha/sandboxes/jdk17u-dev/build/linux-x86_64-server-slowdebug/images/jdk/lib/libjimage.so
7f17fade1000-7f17fade8000 r--p 0001b000 08:02 23173073                   /home/jatinbha/sandboxes/jdk17u-dev/build/linux-x86_64-server-slowdebug/images/jdk/lib/libjimage.so
7f17fade8000-7f17fade9000 ---p 00022000 08:02 23173073                   /home/jatinbha/sandboxes/jdk17u-dev/build/linux-x86_64-server-slowdebug/images/jdk/lib/libjimage.so
7f17fade9000-7f17fadeb000 r--p 00022000 08:02 23173073                   /home/jatinbha/sandboxes/jdk17u-dev/build/linux-x86_64-server-slowdebug/images/jdk/lib/libjimage.so
7f17fadeb000-7f17fadec000 rw-p 00024000 08:02 23173073                   /home/jatinbha/sandboxes/jdk17u-dev/build/linux-x86_64-server-slowdebug/images/jdk/lib/libjimage.so
7f17fadec000-7f17fadf0000 ---p 00000000 00:00 0 
7f17fadf0000-7f17faeed000 rw-p 00000000 00:00 0 
7f17faeed000-7f17faefc000 r--p 00000000 08:02 7080075                    /usr/lib/x86_64-linux-gnu/libm-2.31.so
7f17faefc000-7f17fafa3000 r-xp 0000f000 08:02 7080075                    /usr/lib/x86_64-linux-gnu/libm-2.31.so
7f17fafa3000-7f17fb03a000 r--p 000b6000 08:02 7080075                    /usr/lib/x86_64-linux-gnu/libm-2.31.so
7f17fb03a000-7f17fb03b000 r--p 0014c000 08:02 7080075                    /usr/lib/x86_64-linux-gnu/libm-2.31.so
7f17fb03b000-7f17fb03c000 rw-p 0014d000 08:02 7080075                    /usr/lib/x86_64-linux-gnu/libm-2.31.so
7f17fb03c000-7f17fb335000 r--p 00000000 08:02 23173085                   /home/jatinbha/sandboxes/jdk17u-dev/build/linux-x86_64-server-slowdebug/images/jdk/lib/server/libjvm.so
7f17fb335000-7f17fc4dc000 r-xp 002f9000 08:02 23173085                   /home/jatinbha/sandboxes/jdk17u-dev/build/linux-x86_64-server-slowdebug/images/jdk/lib/server/libjvm.so
7f17fc4dc000-7f17fd09c000 r--p 014a0000 08:02 23173085                   /home/jatinbha/sandboxes/jdk17u-dev/build/linux-x86_64-server-slowdebug/images/jdk/lib/server/libjvm.so
7f17fd09c000-7f17fd09d000 ---p 02060000 08:02 23173085                   /home/jatinbha/sandboxes/jdk17u-dev/build/linux-x86_64-server-slowdebug/images/jdk/lib/server/libjvm.so
7f17fd09d000-7f17fd195000 r--p 02060000 08:02 23173085                   /home/jatinbha/sandboxes/jdk17u-dev/build/linux-x86_64-server-slowdebug/images/jdk/lib/server/libjvm.so
7f17fd195000-7f17fd1ce000 rw-p 02158000 08:02 23173085                   /home/jatinbha/sandboxes/jdk17u-dev/build/linux-x86_64-server-slowdebug/images/jdk/lib/server/libjvm.so
7f17fd1ce000-7f17fd277000 rw-p 00000000 00:00 0 
7f17fd277000-7f17fd27e000 r--p 00000000 08:02 7080090                    /usr/lib/x86_64-linux-gnu/libpthread-2.31.so
7f17fd27e000-7f17fd28f000 r-xp 00007000 08:02 7080090                    /usr/lib/x86_64-linux-gnu/libpthread-2.31.so
7f17fd28f000-7f17fd294000 r--p 00018000 08:02 7080090                    /usr/lib/x86_64-linux-gnu/libpthread-2.31.so
7f17fd294000-7f17fd295000 r--p 0001c000 08:02 7080090                    /usr/lib/x86_64-linux-gnu/libpthread-2.31.so
7f17fd295000-7f17fd296000 rw-p 0001d000 08:02 7080090                    /usr/lib/x86_64-linux-gnu/libpthread-2.31.so
7f17fd296000-7f17fd29a000 rw-p 00000000 00:00 0 
7f17fd29a000-7f17fd29b000 r--p 00000000 08:02 7080074                    /usr/lib/x86_64-linux-gnu/libdl-2.31.so
7f17fd29b000-7f17fd29d000 r-xp 00001000 08:02 7080074                    /usr/lib/x86_64-linux-gnu/libdl-2.31.so
7f17fd29d000-7f17fd29e000 r--p 00003000 08:02 7080074                    /usr/lib/x86_64-linux-gnu/libdl-2.31.so
7f17fd29e000-7f17fd29f000 r--p 00003000 08:02 7080074                    /usr/lib/x86_64-linux-gnu/libdl-2.31.so
7f17fd29f000-7f17fd2a0000 rw-p 00004000 08:02 7080074                    /usr/lib/x86_64-linux-gnu/libdl-2.31.so
7f17fd2a0000-7f17fd2a2000 r--p 00000000 08:02 7078082                    /usr/lib/x86_64-linux-gnu/libz.so.1.2.11
7f17fd2a2000-7f17fd2b3000 r-xp 00002000 08:02 7078082                    /usr/lib/x86_64-linux-gnu/libz.so.1.2.11
7f17fd2b3000-7f17fd2b9000 r--p 00013000 08:02 7078082                    /usr/lib/x86_64-linux-gnu/libz.so.1.2.11
7f17fd2b9000-7f17fd2ba000 ---p 00019000 08:02 7078082                    /usr/lib/x86_64-linux-gnu/libz.so.1.2.11
7f17fd2ba000-7f17fd2bb000 r--p 00019000 08:02 7078082                    /usr/lib/x86_64-linux-gnu/libz.so.1.2.11
7f17fd2bb000-7f17fd2bc000 rw-p 0001a000 08:02 7078082                    /usr/lib/x86_64-linux-gnu/libz.so.1.2.11
7f17fd2bc000-7f17fd2e1000 r--p 00000000 08:02 7080073                    /usr/lib/x86_64-linux-gnu/libc-2.31.so
7f17fd2e1000-7f17fd459000 r-xp 00025000 08:02 7080073                    /usr/lib/x86_64-linux-gnu/libc-2.31.so
7f17fd459000-7f17fd4a3000 r--p 0019d000 08:02 7080073                    /usr/lib/x86_64-linux-gnu/libc-2.31.so
7f17fd4a3000-7f17fd4a4000 ---p 001e7000 08:02 7080073                    /usr/lib/x86_64-linux-gnu/libc-2.31.so
7f17fd4a4000-7f17fd4a7000 r--p 001e7000 08:02 7080073                    /usr/lib/x86_64-linux-gnu/libc-2.31.so
7f17fd4a7000-7f17fd4aa000 rw-p 001ea000 08:02 7080073                    /usr/lib/x86_64-linux-gnu/libc-2.31.so
7f17fd4aa000-7f17fd4ae000 rw-p 00000000 00:00 0 
7f17fd4ae000-7f17fd4b1000 r--p 00000000 08:02 7080081                    /usr/lib/x86_64-linux-gnu/libnss_files-2.31.so
7f17fd4b1000-7f17fd4b8000 r-xp 00003000 08:02 7080081                    /usr/lib/x86_64-linux-gnu/libnss_files-2.31.so
7f17fd4b8000-7f17fd4ba000 r--p 0000a000 08:02 7080081                    /usr/lib/x86_64-linux-gnu/libnss_files-2.31.so
7f17fd4ba000-7f17fd4bb000 r--p 0000b000 08:02 7080081                    /usr/lib/x86_64-linux-gnu/libnss_files-2.31.so
7f17fd4bb000-7f17fd4bc000 rw-p 0000c000 08:02 7080081                    /usr/lib/x86_64-linux-gnu/libnss_files-2.31.so
7f17fd4bc000-7f17fd4c2000 rw-p 00000000 00:00 0 
7f17fd4c2000-7f17fd4c3000 ---p 00000000 00:00 0 
7f17fd4c3000-7f17fd4c4000 r--p 00000000 00:00 0 
7f17fd4c4000-7f17fd4c7000 r--p 00000000 08:02 23173074                   /home/jatinbha/sandboxes/jdk17u-dev/build/linux-x86_64-server-slowdebug/images/jdk/lib/libjli.so
7f17fd4c7000-7f17fd4d5000 r-xp 00003000 08:02 23173074                   /home/jatinbha/sandboxes/jdk17u-dev/build/linux-x86_64-server-slowdebug/images/jdk/lib/libjli.so
7f17fd4d5000-7f17fd4d9000 r--p 00011000 08:02 23173074                   /home/jatinbha/sandboxes/jdk17u-dev/build/linux-x86_64-server-slowdebug/images/jdk/lib/libjli.so
7f17fd4d9000-7f17fd4da000 r--p 00014000 08:02 23173074                   /home/jatinbha/sandboxes/jdk17u-dev/build/linux-x86_64-server-slowdebug/images/jdk/lib/libjli.so
7f17fd4da000-7f17fd4db000 rw-p 00015000 08:02 23173074                   /home/jatinbha/sandboxes/jdk17u-dev/build/linux-x86_64-server-slowdebug/images/jdk/lib/libjli.so
7f17fd4db000-7f17fd4dd000 rw-p 00000000 00:00 0 
7f17fd4dd000-7f17fd4de000 r--p 00000000 08:02 7080069                    /usr/lib/x86_64-linux-gnu/ld-2.31.so
7f17fd4de000-7f17fd501000 r-xp 00001000 08:02 7080069                    /usr/lib/x86_64-linux-gnu/ld-2.31.so
7f17fd501000-7f17fd509000 r--p 00024000 08:02 7080069                    /usr/lib/x86_64-linux-gnu/ld-2.31.so
7f17fd509000-7f17fd50a000 rwxp 00000000 00:00 0 
7f17fd50a000-7f17fd50b000 r--p 0002c000 08:02 7080069                    /usr/lib/x86_64-linux-gnu/ld-2.31.so
7f17fd50b000-7f17fd50c000 rw-p 0002d000 08:02 7080069                    /usr/lib/x86_64-linux-gnu/ld-2.31.so
7f17fd50c000-7f17fd50d000 rw-p 00000000 00:00 0 
7ffcbdde5000-7ffcbde06000 rw-p 00000000 00:00 0                          [stack]
7ffcbdfdc000-7ffcbdfe0000 r--p 00000000 00:00 0                          [vvar]
7ffcbdfe0000-7ffcbdfe2000 r-xp 00000000 00:00 0                          [vdso]
ffffffffff600000-ffffffffff601000 --xp 00000000 00:00 0                  [vsyscall]


VM Arguments:
jvm_args: -XX:+PauseAtStartup --add-modules=jdk.incubator.vector 
java_command: tolong
java_class_path (initial): .
Launcher Type: SUN_STANDARD

[Global flags]
     intx CICompilerCount                          = 18                                        {product} {ergonomic}     Number of compiler threads to run
     uint ConcGCThreads                            = 18                                        {product} {ergonomic}     Number of threads concurrent gc will use
     uint G1ConcRefinementThreads                  = 73                                        {product} {ergonomic}     The number of parallel rem set update threads. Will be set ergonomically by default.
   size_t G1HeapRegionSize                         = 16777216                                  {product} {ergonomic}     Size of the G1 regions.
    uintx GCDrainStackTargetSize                   = 64                                        {product} {ergonomic}     Number of entries we will try to leave on the stack during parallel gc
   size_t InitialHeapSize                          = 2147483648                                {product} {ergonomic}     Initial heap size (in bytes); zero means use ergonomics
   size_t MarkStackSize                            = 4194304                                   {product} {ergonomic}     Size of marking stack
   size_t MaxHeapSize                              = 32178700288                               {product} {ergonomic}     Maximum heap size (in bytes)
   size_t MaxNewSize                               = 19293798400                               {product} {ergonomic}     Maximum new generation size (in bytes), max_uintx means set ergonomically
   size_t MinHeapDeltaBytes                        = 16777216                                  {product} {ergonomic}     The minimum change in heap space due to GC (in bytes)
   size_t MinHeapSize                              = 16777216                                  {product} {ergonomic}     Minimum heap size (in bytes); zero means use ergonomics
    uintx NonNMethodCodeHeapSize                   = 8782280                                {pd product} {ergonomic}     Size of code heap with non-nmethods (in bytes)
    uintx NonProfiledCodeHeapSize                  = 121437980                              {pd product} {ergonomic}     Size of code heap with non-profiled methods (in bytes)
     bool PauseAtStartup                           = true                                   {diagnostic} {command line}  Causes the VM to pause at startup time and wait for the pause file to be removed (default: ./vm.paused.<pid>)
    uintx ProfiledCodeHeapSize                     = 121437980                              {pd product} {ergonomic}     Size of code heap with profiled methods (in bytes)
    uintx ReservedCodeCacheSize                    = 251658240                              {pd product} {ergonomic}     Reserved code cache size (in bytes) - maximum code cache size
     bool SegmentedCodeCache                       = true                                      {product} {ergonomic}     Use a segmented code cache
   size_t SoftMaxHeapSize                          = 32178700288                            {manageable} {ergonomic}     Soft limit for maximum heap size (in bytes)
     bool UseCompressedClassPointers               = true                           {product lp64_product} {ergonomic}   Use 32-bit class pointers in 64-bit VM. lp64_product means flag is always constant in 32 bit VM
     bool UseCompressedOops                        = true                           {product lp64_product} {ergonomic}   Use 32-bit object references in 64-bit VM. lp64_product means flag is always constant in 32 bit VM
     bool UseG1GC                                  = true                                      {product} {ergonomic}     Use the Garbage-First garbage collector

Logging:
Log output configuration:
 #0: stdout all=warning uptime,level,tags
 #1: stderr all=off uptime,level,tags

Environment Variables:
JAVA_HOME=/home/jatinbha/sandboxes/jdk17u-dev/build/linux-x86_64-server-slowdebug/images/jdk/
PATH=/home/jatinbha/sandboxes/jdk17u-dev/build/linux-x86_64-server-slowdebug/images/jdk//bin:/home/jatinbha/sandboxes/jdk17u-dev/build/linux-x86_64-server-release/images/jdk//bin:/home/jatinbha/.local/bin:/home/jatinbha/bin:/home/jatinbha/sandboxes/llvm-project/llvm/build-dir/bin/:/home/jatinbha/softwares/cmake-3.26.3-linux-x86_64/bin:/home/jatinbha/softwares/jdk-17.0.2//bin:/home/jatinbha/softwares/thrift-0.16.0/bin:/home/jatinbha/softwares/jdk8u322-b06//bin:/home/jatinbha/softwares/jdk-17//bin:/home/jatinbha/softwares/apache-maven-3.6.3/bin:/home/jatinbha/sandboxes/skara/build/bin:/home/jatinbha/softwares/sde-internal-conf-8.62.0-2021-01-03-lin:/usr/local/sbin:/usr/local/bin:/usr/sbin:/usr/bin:/sbin:/bin:/usr/games:/usr/local/games:/snap/bin
LD_LIBRARY_PATH=/home/jatinbha/softwares:
SHELL=/bin/bash
LANG=en_IN
TERM=xterm-256color

Active Locale:
LC_ALL=en_IN
LC_COLLATE=en_IN
LC_CTYPE=en_IN
LC_MESSAGES=en_IN
LC_MONETARY=en_IN
LC_NUMERIC=en_IN
LC_TIME=en_IN

Signal Handlers:
   SIGSEGV: crash_handler in libjvm.so, mask=11100100010111111101111111111110, flags=SA_RESTART|SA_SIGINFO, unblocked
    SIGBUS: crash_handler in libjvm.so, mask=11100100010111111101111111111110, flags=SA_RESTART|SA_SIGINFO, unblocked
    SIGFPE: crash_handler in libjvm.so, mask=11100100010111111101111111111110, flags=SA_RESTART|SA_SIGINFO, unblocked
   SIGPIPE: javaSignalHandler in libjvm.so, mask=11100100010111111101111111111110, flags=SA_RESTART|SA_SIGINFO, unblocked
   SIGXFSZ: javaSignalHandler in libjvm.so, mask=11100100010111111101111111111110, flags=SA_RESTART|SA_SIGINFO, unblocked
    SIGILL: crash_handler in libjvm.so, mask=11100100010111111101111111111110, flags=SA_RESTART|SA_SIGINFO, unblocked
   SIGUSR2: SR_handler in libjvm.so, mask=00000000000000000000000000000000, flags=SA_RESTART|SA_SIGINFO, unblocked
    SIGHUP: UserHandler in libjvm.so, mask=11100100010111111101111111111110, flags=SA_RESTART|SA_SIGINFO, unblocked
    SIGINT: UserHandler in libjvm.so, mask=11100100010111111101111111111110, flags=SA_RESTART|SA_SIGINFO, unblocked
   SIGTERM: UserHandler in libjvm.so, mask=11100100010111111101111111111110, flags=SA_RESTART|SA_SIGINFO, unblocked
   SIGQUIT: UserHandler in libjvm.so, mask=11100100010111111101111111111110, flags=SA_RESTART|SA_SIGINFO, blocked
   SIGTRAP: crash_handler in libjvm.so, mask=11100100010111111101111111111110, flags=SA_RESTART|SA_SIGINFO, unblocked


Native Memory Tracking:

(Omitting categories weighting less than 1KB)

Total: reserved=34208317KB, committed=2448561KB
       malloc: 177933KB #28472
       mmap:   reserved=34030384KB, committed=2270628KB

-                 Java Heap (reserved=31424512KB, committed=2129920KB)
                            (mmap: reserved=31424512KB, committed=2129920KB) 
 
-                     Class (reserved=1048704KB, committed=256KB)
                            (classes #789)
                            (  instance classes #670, array classes #119)
                            (malloc=128KB #975) 
                            (mmap: reserved=1048576KB, committed=128KB) 
                            (  Metadata:   )
                            (    reserved=65536KB, committed=1408KB)
                            (    used=1313KB)
                            (    waste=95KB =6.72%)
                            (  Class space:)
                            (    reserved=1048576KB, committed=128KB)
                            (    used=63KB)
                            (    waste=65KB =51.14%)
 
-                    Thread (reserved=24708KB, committed=1092KB)
                            (thread #24)
                            (stack: reserved=24644KB, committed=1028KB)
                            (malloc=43KB #148) 
                            (arena=20KB #40)
 
-                      Code (reserved=248420KB, committed=10412KB)
                            (malloc=736KB #19716) 
                            (mmap: reserved=247684KB, committed=9676KB) 
 
-                        GC (reserved=1356621KB, committed=269517KB)
                            (malloc=153617KB #1003) 
                            (mmap: reserved=1203004KB, committed=115900KB) 
 
-                  Compiler (reserved=1163KB, committed=1163KB)
                            (malloc=24KB #73) 
                            (arena=1139KB #21)
 
-                  Internal (reserved=16873KB, committed=16873KB)
                            (malloc=16837KB #1650) 
                            (mmap: reserved=36KB, committed=36KB) 
 
-                    Symbol (reserved=1182KB, committed=1182KB)
                            (malloc=822KB #2872) 
                            (arena=360KB #1)
 
-    Native Memory Tracking (reserved=454KB, committed=454KB)
                            (malloc=9KB #87) 
                            (tracking overhead=445KB)
 
-        Shared class space (reserved=16384KB, committed=12524KB)
                            (mmap: reserved=16384KB, committed=12524KB) 
 
-               Arena Chunk (reserved=3525KB, committed=3525KB)
                            (malloc=3525KB) 
 
-                    Module (reserved=168KB, committed=168KB)
                            (malloc=168KB #1211) 
 
-                 Safepoint (reserved=8KB, committed=8KB)
                            (mmap: reserved=8KB, committed=8KB) 
 
-           Synchronization (reserved=46KB, committed=46KB)
                            (malloc=46KB #477) 
 
-            Serviceability (reserved=1KB, committed=1KB)
                            (malloc=1KB #6) 
 
-                 Metaspace (reserved=65546KB, committed=1418KB)
                            (malloc=10KB #7) 
                            (mmap: reserved=65536KB, committed=1408KB) 
 
-      String Deduplication (reserved=1KB, committed=1KB)
                            (malloc=1KB #8) 
 
Preinit state:entries: 352 (primary: 349, empties: 7570), sum bytes: 13094, longest chain length: 2
pre-init mallocs: 385, pre-init reallocs: 1, pre-init frees: 33

---------------  S Y S T E M  ---------------

OS:
DISTRIB_ID=Ubuntu
DISTRIB_RELEASE=20.04
DISTRIB_CODENAME=focal
DISTRIB_DESCRIPTION="Ubuntu 20.04.2 LTS"
uname: Linux intel-S2600WFT 5.8.0-41-generic #46~20.04.1-Ubuntu SMP Mon Jan 18 17:52:23 UTC 2021 x86_64
OS uptime: 206 days 3:02 hours
libc: glibc 2.31 NPTL 2.31 
rlimit (soft/hard): STACK 8192k/infinity , CORE 0k/infinity , NPROC 3090646/3090646 , NOFILE 1048576/1048576 , AS infinity/infinity , CPU infinity/infinity , DATA infinity/infinity , FSIZE infinity/infinity , MEMLOCK 65536k/65536k
load average: 1.48 0.37 0.48

/proc/meminfo:
MemTotal:       791263984 kB
MemFree:        439718448 kB
MemAvailable:   780774184 kB
Buffers:        21952320 kB
Cached:         303162120 kB
SwapCached:            0 kB
Active:         132374544 kB
Inactive:       194188904 kB
Active(anon):    1436092 kB
Inactive(anon):     7048 kB
Active(file):   130938452 kB
Inactive(file): 194181856 kB
Unevictable:           0 kB
Mlocked:               0 kB
SwapTotal:       2097148 kB
SwapFree:        2097148 kB
Dirty:            356472 kB
Writeback:             0 kB
AnonPages:       1449192 kB
Mapped:           671656 kB
Shmem:              9860 kB
KReclaimable:   20989508 kB
Slab:           23338584 kB
SReclaimable:   20989508 kB
SUnreclaim:      2349076 kB
KernelStack:       28896 kB
PageTables:        16700 kB
NFS_Unstable:          0 kB
Bounce:                0 kB
WritebackTmp:          0 kB
CommitLimit:    397729140 kB
Committed_AS:   12634312 kB
VmallocTotal:   34359738367 kB
VmallocUsed:      467432 kB
VmallocChunk:          0 kB
Percpu:           564032 kB
HardwareCorrupted:     0 kB
AnonHugePages:         0 kB
ShmemHugePages:        0 kB
ShmemPmdMapped:        0 kB
FileHugePages:         0 kB
FilePmdMapped:         0 kB
HugePages_Total:       0
HugePages_Free:        0
HugePages_Rsvd:        0
HugePages_Surp:        0
Hugepagesize:       2048 kB
Hugetlb:               0 kB
DirectMap4k:     4547996 kB
DirectMap2M:    260429824 kB
DirectMap1G:    541065216 kB

/sys/kernel/mm/transparent_hugepage/enabled: always [madvise] never
/sys/kernel/mm/transparent_hugepage/defrag (defrag/compaction efforts parameter): always defer defer+madvise [madvise] never

Process Memory:
Virtual Size: 36078940K (peak: 36127828K)
Resident Set Size: 293756K (peak: 293756K) (anon: 255748K, file: 38008K, shmem: 0K)
Swapped out: 0K
C-Heap outstanding allocations: 179445K, retained: 3358K
glibc malloc tunables: (default)

/proc/sys/kernel/threads-max (system-wide limit on the number of threads): 6181293
/proc/sys/vm/max_map_count (maximum number of memory map areas a process may have): 65530
/proc/sys/kernel/pid_max (system-wide limit on number of process identifiers): 4194304

container (cgroup) information:
container_type: cgroupv1
cpu_cpuset_cpus: 0-111
cpu_memory_nodes: 0-1
active_processor_count: 112
cpu_quota: no quota
cpu_period: 100000
cpu_shares: no shares
memory_limit_in_bytes: unlimited
memory_and_swap_limit_in_bytes: unlimited
memory_soft_limit_in_bytes: unlimited
memory_usage_in_bytes: 1073056 k
memory_max_usage_in_bytes: 18253656 k
kernel_memory_usage_in_bytes: 108624 k
kernel_memory_max_usage_in_bytes: unlimited
kernel_memory_limit_in_bytes: 257388 k
maximum number of tasks: unlimited
current number of tasks: 58

Steal ticks since vm start: 0
Steal ticks percentage since vm start:  0.000

CPU: total 112 (initial active 112) (28 cores per cpu, 2 threads per core) family 6 model 85 stepping 7 microcode 0x5003006, cx8, cmov, fxsr, ht, mmx, 3dnowpref, sse, sse2, sse3, ssse3, sse4.1, sse4.2, popcnt, lzcnt, tsc, tscinvbit, avx, avx2, aes, erms, clmul, bmi1, bmi2, adx, avx512f, avx512dq, avx512cd, avx512bw, avx512vl, fma, vzeroupper, avx512_vnni, clflush, clflushopt, clwb
CPU Model and flags from /proc/cpuinfo:
model name	: Intel(R) Xeon(R) Platinum 8280 CPU @ 2.70GHz
flags		: fpu vme de pse tsc msr pae mce cx8 apic sep mtrr pge mca cmov pat pse36 clflush dts acpi mmx fxsr sse sse2 ss ht tm pbe syscall nx pdpe1gb rdtscp lm constant_tsc art arch_perfmon pebs bts rep_good nopl xtopology nonstop_tsc cpuid aperfmperf pni pclmulqdq dtes64 monitor ds_cpl smx est tm2 ssse3 sdbg fma cx16 xtpr pdcm pcid dca sse4_1 sse4_2 x2apic movbe popcnt tsc_deadline_timer aes xsave avx f16c rdrand lahf_lm abm 3dnowprefetch cpuid_fault epb cat_l3 cdp_l3 invpcid_single ssbd mba ibrs ibpb stibp ibrs_enhanced fsgsbase tsc_adjust bmi1 avx2 smep bmi2 erms invpcid cqm mpx rdt_a avx512f avx512dq rdseed adx smap clflushopt clwb intel_pt avx512cd avx512bw avx512vl xsaveopt xsavec xgetbv1 xsaves cqm_llc cqm_occup_llc cqm_mbm_total cqm_mbm_local dtherm ida arat pln pts hwp hwp_act_window hwp_epp hwp_pkg_req pku ospke avx512_vnni md_clear flush_l1d arch_capabilities

Online cpus: 0-111
Offline cpus: 
cache level: 1
cache type: Data
cache size: 32K
cache coherency line size: 64
cache level: 1
cache type: Instruction
cache size: 32K
cache coherency line size: 64
cache level: 2
cache type: Unified
cache size: 1024K
cache coherency line size: 64
cache level: 3
cache type: Unified
cache size: 39424K
cache coherency line size: 64
BIOS frequency limitation: <Not Available>
Frequency switch latency (ns): 0
Available cpu frequencies: <Not Available>
Maximum cpu frequency: 4000000
Minimum cpu frequency: 1000000
Current cpu frequency: 1139748
Available governors: performance powersave
Current governor: powersave
Core performance/turbo boost: <Not Available>

Memory: 4k page, physical 791263984k(439712400k free), swap 2097148k(2097148k free)
Page Sizes: 4k

vm_info: OpenJDK 64-Bit Server VM (slowdebug 17.0.9-internal+0-adhoc.root.jdk17u-dev) for linux-amd64 JRE (17.0.9-internal+0-adhoc.root.jdk17u-dev), built on Jul 19 2023 13:05:07 by "root" with gcc 9.3.0

END.
