#
# A fatal error has been detected by the Java Runtime Environment:
#
#  Internal Error (/home/jatinbha/sandboxes/jdk/jdk/src/hotspot/share/opto/vectornode.cpp:1457), pid=1886303, tid=1886317
#  Error: assert(bt == T_SHORT) failed
#
# JRE version: OpenJDK Runtime Environment (24.0) (slowdebug build 24-internal-adhoc.root.jdk)
# Java VM: OpenJDK 64-Bit Server VM (slowdebug 24-internal-adhoc.root.jdk, mixed mode, sharing, tiered, compressed oops, compressed class ptrs, g1 gc, linux-amd64)
# Problematic frame:
# V  [libjvm.so+0x16c6177]  VectorCastNode::opcode(int, BasicType, bool)+0xcd
#
# Core dump will be written. Default location: Core dumps may be processed with "/usr/share/apport/apport %p %s %c %d %P %E" (or dumping to /home/jatinbha/code/java/FP16/bug/core.1886303)
#
# If you would like to submit a bug report, please visit:
#   https://bugreport.java.com/bugreport/crash.jsp
#

---------------  S U M M A R Y ------------

Command Line: test

Host: intel-S2600WFT, Intel(R) Xeon(R) Platinum 8280 CPU @ 2.70GHz, 112 cores, 754G, Ubuntu 20.04.2 LTS
Time: Sat Jul  6 22:57:16 2024 IST elapsed time: 0.435632 seconds (0d 0h 0m 0s)

---------------  T H R E A D  ---------------

Current thread (0x00007fb1e4386230):  JavaThread "C2 CompilerThread0" daemon [_thread_in_native, id=1886317, stack(0x00007fb192923000,0x00007fb192a24000) (1028K)]


Current CompileTask:
C2:435   12 %     4       test::micro @ 2 (27 bytes)

Stack: [0x00007fb192923000,0x00007fb192a24000],  sp=0x00007fb192a1e840,  free space=1006k
Native frames: (J=compiled Java code, j=interpreted, Vv=VM code, C=native code)
V  [libjvm.so+0x16c6177]  VectorCastNode::opcode(int, BasicType, bool)+0xcd  (vectornode.cpp:1457)
V  [libjvm.so+0x16c638f]  VectorCastNode::implemented(int, unsigned int, BasicType, BasicType)+0x85