#
# A fatal error has been detected by the Java Runtime Environment:
#
#  Internal Error (/home/jatinbha/sandboxes/jdk/jdk/src/hotspot/share/opto/vectornode.cpp:1457), pid=1877825, tid=1877839
#  Error: assert(bt == T_SHORT) failed
#
# JRE version: OpenJDK Runtime Environment (24.0) (slowdebug build 24-internal-adhoc.root.jdk)
# Java VM: OpenJDK 64-Bit Server VM (slowdebug 24-internal-adhoc.root.jdk, mixed mode, sharing, tiered, compressed oops, compressed class ptrs, g1 gc, linux-amd64)
# Problematic frame:
# V  [libjvm.so+0x16c6177]  VectorCastNode::opcode(int, BasicType, bool)+0xcd
#
# Core dump will be written. Default location: Core dumps may be processed with "/usr/share/apport/apport %p %s %c %d %P %E" (or dumping to /home/jatinbha/code/java/FP16/bug/core.1877825)
#
# If you would like to submit a bug report, please visit:
#   https://bugreport.java.com/bugreport/crash.jsp
#

---------------  S U M M A R Y ------------

Command Line: -XX:-PauseAtStartup -XX:+TieredCompilation -Xbatch -XX:CompileCommand=Print,test::micro test

Host: intel-S2600WFT, Intel(R) Xeon(R) Platinum 8280 CPU @ 2.70GHz, 112 cores, 754G, Ubuntu 20.04.2 LTS
Time: Sat Jul  6 19:45:23 2024 IST elapsed time: 0.676529 seconds (0d 0h 0m 0s)

---------------  T H R E A D  ---------------

Current thread (0x00007f3508386430):  JavaThread "C2 CompilerThread0" daemon [_thread_in_native, id=1877839, stack(0x00007f34a7cfd000,0x00007f34a7dfe000) (1028K)]


Current CompileTask:
C2:676   12 %  b  4       test::micro @ 2 (27 bytes)

Stack: [0x00007f34a7cfd000,0x00007f34a7dfe000],  sp=0x00007f34a7df8840,  free space=1006k
Native frames: (J=compiled Java code, j=interpreted, Vv=VM code, C=native code)
V  [libjvm.so+0x16c6177]  VectorCastNode::opcode(int, BasicType, bool)+0xcd  (vectornode.cpp:1457)
V  [libjvm.so+0x16c638f]  VectorCastNode::implemented(int, unsigned int, BasicType, BasicType)+0x85  (vectornode.cpp:1486)
V  [libjvm.so+0x15e3ed1]  SuperWord::implemented(Node_List const*, unsigned int) const+0x1bb  (superword.cpp:1584)
V  [libjvm.so+0x15e4067]  SuperWord::max_implemented_size(Node_List const*)+0x6d  (superword.cpp:1616)
V  [libjvm.so+0x15e30e9]  SuperWord::split_packs_only_implemented_with_smaller_size()::{lambda(Node_List const*)#1}::operator()(Node_List const*) const+0x35  (superword.cpp:1358)
V  [libjvm.so+0x15ec61c]  void PackSet::split_packs<SuperWord::split_packs_only_implemented_with_smaller_size()::{lambda(Node_List const*)#1}>(char const*, SuperWord::split_packs_only_implemented_with_smaller_size()::{lambda(Node_List const*)#1})+0xdc  (superword.cpp:1312)
V  [libjvm.so+0x15e31c3]  SuperWord::split_packs_only_implemented_with_smaller_size()+0x39  (superword.cpp:1368)
V  [libjvm.so+0x15df65e]  SuperWord::SLP_extract()+0x112  (superword.cpp:473)
V  [libjvm.so+0x15df4da]  SuperWord::transform_loop()+0x146  (superword.cpp:401)
V  [libjvm.so+0x1191349]  PhaseIdealLoop::auto_vectorize(IdealLoopTree*, VSharedData&)+0x131  (loopopts.cpp:4448)
V  [libjvm.so+0x1174429]  PhaseIdealLoop::build_and_optimize()+0x183f  (loopnode.cpp:4894)
V  [libjvm.so+0xa01b10]  PhaseIdealLoop::PhaseIdealLoop(PhaseIterGVN&, LoopOptsMode)+0x15e  (loopnode.hpp:1117)
V  [libjvm.so+0xa01d85]  PhaseIdealLoop::optimize(PhaseIterGVN&, LoopOptsMode)+0x4b  (loopnode.hpp:1197)
V  [libjvm.so+0x9f2104]  Compile::optimize_loops(PhaseIterGVN&, LoopOptsMode)+0x96  (compile.cpp:2170)
V  [libjvm.so+0x9f3142]  Compile::Optimize()+0xea8  (compile.cpp:2417)
V  [libjvm.so+0x9ebbd1]  Compile::Compile(ciEnv*, ciMethod*, int, Options, DirectiveSet*)+0x159d  (compile.cpp:852)
V  [libjvm.so+0x8b0f51]  C2Compiler::compile_method(ciEnv*, ciMethod*, int, bool, DirectiveSet*)+0x203  (c2compiler.cpp:142)
V  [libjvm.so+0xa0e6b9]  CompileBroker::invoke_compiler_on_method(CompileTask*)+0x9ff  (compileBroker.cpp:2303)
V  [libjvm.so+0xa0d189]  CompileBroker::compiler_thread_loop()+0x411  (compileBroker.cpp:1961)
V  [libjvm.so+0xa2c4d6]  CompilerThread::thread_entry(JavaThread*, JavaThread*)+0x84  (compilerThread.cpp:65)
V  [libjvm.so+0xe03280]  JavaThread::thread_main_inner()+0x15a  (javaThread.cpp:757)
V  [libjvm.so+0xe03122]  JavaThread::run()+0x1c0  (javaThread.cpp:742)
V  [libjvm.so+0x165029c]  Thread::call_run()+0x1a8  (thread.cpp:225)
V  [libjvm.so+0x131a668]  thread_native_entry(Thread*)+0x1c5  (os_linux.cpp:858)
Registers:
RAX=0x00007f351037a000, RBX=0x0000000000000006, RCX=0x000000000000000a, RDX=0x000000000000000a
RSP=0x00007f34a7df8840, RBP=0x00007f34a7df8850, RSI=0x000000000000000a, RDI=0x000000000000000a
R8 =0x0000000800000002, R9 =0x00007f350f79df60, R10=0x00007f350f79df88, R11=0x00007f344807f940
R12=0x00007f344806a3c0, R13=0x00007f344806a3c0, R14=0x00007f350d4fa610, R15=0x00007f34a7dfcfc0
RIP=0x00007f350ed1c177, EFLAGS=0x0000000000010202, CSGSFS=0x002b000000000033, ERR=0x0000000000000006
  TRAPNO=0x000000000000000e


Register to memory mapping:

RAX=0x00007f351037a000 in mmap'd memory region [0x00007f351037a000 - 0x00007f351037b000], tag mtInternal
RBX=0x0000000000000006 is an unknown value
RCX=0x000000000000000a is an unknown value
RDX=0x000000000000000a is an unknown value
RSP=0x00007f34a7df8840 is pointing into the stack for thread: 0x00007f3508386430
RBP=0x00007f34a7df8850 is pointing into the stack for thread: 0x00007f3508386430
RSI=0x000000000000000a is an unknown value
RDI=0x000000000000000a is an unknown value
R8 =0x0000000800000002 is an unknown value
R9 =0x00007f350f79df60: <offset 0x0000000002147f60> in /home/jatinbha/sandboxes/jdk/jdk/build/linux-x86_64-server-slowdebug/images/jdk/lib/server/libjvm.so at 0x00007f350d656000
R10=0x00007f350f79df88: <offset 0x0000000002147f88> in /home/jatinbha/sandboxes/jdk/jdk/build/linux-x86_64-server-slowdebug/images/jdk/lib/server/libjvm.so at 0x00007f350d656000
R11=0x00007f344807f940 points into unknown readable memory: 0xabababababababab | ab ab ab ab ab ab ab ab
R12=0x00007f344806a3c0 into live malloced block starting at 0x00007f344806a3b0, size 1000, tag mtChunk
R13=0x00007f344806a3c0 into live malloced block starting at 0x00007f344806a3b0, size 1000, tag mtChunk
R14=0x00007f350d4fa610 is pointing into the stack for thread: 0x00007f350802bd00
R15=0x00007f34a7dfcfc0 is pointing into the stack for thread: 0x00007f3508386430

Top of Stack: (sp=0x00007f34a7df8840)
0x00007f34a7df8840:   00007f01a7df8860 0000008c0000000a
0x00007f34a7df8850:   00007f34a7df8880 00007f350ed1c38f
0x00007f34a7df8860:   00007f0aa7df8806 0000008c00000008
0x00007f34a7df8870:   00007f34480e3e48 00007f34a7df8ac0
0x00007f34a7df8880:   00007f34a7df88e0 00007f350ec39ed1
0x00007f34a7df8890:   00007f34a7df88c0 000000080ddb319f
0x00007f34a7df88a0:   00007f344810aaf8 00007f34a7df8ac0
0x00007f34a7df88b0:   00007f34a7df8940 0000008c00c38fb6
0x00007f34a7df88c0:   00007f34480e3dc8 00007f350e891729
0x00007f34a7df88d0:   00007f344810aa40 0000000000000400
0x00007f34a7df88e0:   00007f34a7df8910 00007f350ec3a067
0x00007f34a7df88f0:   00007f344810aaf8 00007f34a7df8ac0
0x00007f34a7df8900:   0000000800000010 0000001000000008
0x00007f34a7df8910:   00007f34a7df8940 00007f350ec390e9
0x00007f34a7df8920:   00007f344810aaf8 00007f34a7df8958
0x00007f34a7df8930:   000000060000000a 00007f3400000010
0x00007f34a7df8940:   00007f34a7df89d0 00007f350ec4261c
0x00007f34a7df8950:   00007f34a7df8970 00007f34a7df8ac0
0x00007f34a7df8960:   00007f350f79df88 00007f34a7df8bc0
0x00007f34a7df8970:   01007f34a7df8990 0000000600000006
0x00007f34a7df8980:   00007f344807f8b8 00007f344810aa40
0x00007f34a7df8990:   0000000000000000 00007f344810aaf8
0x00007f34a7df89a0:   0000000800000002 00007f350f79df60
0x00007f34a7df89b0:   00007f3400000003 00007f344807f8b8
0x00007f34a7df89c0:   00007f344810aa40 00007f3448024768
0x00007f34a7df89d0:   00007f34a7df8a00 00007f350ec391c3
0x00007f34a7df89e0:   0000013500000135 00007f34a7df8ac0
0x00007f34a7df89f0:   0000000000000400 00007f34a7df8ac0
0x00007f34a7df8a00:   00007f34a7df8a20 00007f350ec3565e
0x00007f34a7df8a10:   00007f34a7df8a40 00007f34a7df8ac0
0x00007f34a7df8a20:   00007f34a7df8a40 00007f350ec354da
0x00007f34a7df8a30:   0000000000000400 00007f34a7df8ac0 

Instructions: (pc=0x00007f350ed1c177)
0x00007f350ed1c077:   8d 0d 8d 24 af 00 48 8d 15 a7 13 af 00 be a6 05
0x00007f350ed1c087:   00 00 48 8d 3d 38 0d af 00 b8 00 00 00 00 e8 5b
0x00007f350ed1c097:   6a 3c ff bb 00 00 00 00 48 89 d8 48 83 c4 38 5b
0x00007f350ed1c0a7:   5d c3 90 f3 0f 1e fa 55 48 89 e5 48 83 ec 10 89
0x00007f350ed1c0b7:   7d fc 89 f1 89 d0 89 ca 88 55 f8 88 45 f4 0f b6
0x00007f350ed1c0c7:   45 f8 89 c7 e8 0e bf df fe 83 f0 01 84 c0 75 06
0x00007f350ed1c0d7:   80 7d f8 0b 75 1e 0f b6 45 f4 83 f0 01 84 c0 74
0x00007f350ed1c0e7:   13 e8 84 99 d2 fe 83 f0 01 84 c0 74 07 b8 01 00
0x00007f350ed1c0f7:   00 00 eb 05 b8 00 00 00 00 84 c0 74 31 48 8d 05
0x00007f350ed1c107:   25 d7 2a 01 48 8b 00 c6 00 58 48 8d 0d 91 fe ae
0x00007f350ed1c117:   00 48 8d 15 69 25 af 00 be ac 05 00 00 48 8d 3d
0x00007f350ed1c127:   9d 0c af 00 b8 00 00 00 00 e8 c0 69 3c ff 81 7d
0x00007f350ed1c137:   fc 8b 00 00 00 74 6a 81 7d fc 8c 00 00 00 0f 85
0x00007f350ed1c147:   ba 00 00 00 80 7d f8 09 74 13 e8 1b 99 d2 fe 83
0x00007f350ed1c157:   f0 01 84 c0 74 07 b8 01 00 00 00 eb 05 b8 00 00
0x00007f350ed1c167:   00 00 84 c0 74 31 48 8d 05 bc d6 2a 01 48 8b 00
0x00007f350ed1c177:   c6 00 58 48 8d 0d 28 fe ae 00 48 8d 15 43 25 af
0x00007f350ed1c187:   00 be b1 05 00 00 48 8d 3d 34 0c af 00 b8 00 00
0x00007f350ed1c197:   00 00 e8 57 69 3c ff b8 f8 01 00 00 e9 60 01 00
0x00007f350ed1c1a7:   00 80 7d f8 06 74 13 e8 be 98 d2 fe 83 f0 01 84
0x00007f350ed1c1b7:   c0 74 07 b8 01 00 00 00 eb 05 b8 00 00 00 00 84
0x00007f350ed1c1c7:   c0 74 31 48 8d 05 5f d6 2a 01 48 8b 00 c6 00 58
0x00007f350ed1c1d7:   48 8d 0d cb fd ae 00 48 8d 15 bb 21 af 00 be b4
0x00007f350ed1c1e7:   05 00 00 48 8d 3d d7 0b af 00 b8 00 00 00 00 e8
0x00007f350ed1c1f7:   fa 68 3c ff b8 f7 01 00 00 e9 03 01 00 00 90 0f
0x00007f350ed1c207:   b6 45 f8 83 e8 06 83 f8 05 0f 87 86 00 00 00 89
0x00007f350ed1c217:   c0 48 8d 14 85 00 00 00 00 48 8d 05 09 25 af 00
0x00007f350ed1c227:   8b 04 02 48 98 48 8d 15 fd 24 af 00 48 01 d0 3e
0x00007f350ed1c237:   ff e0 80 7d f4 00 74 0a b8 f1 01 00 00 e9 bf 00
0x00007f350ed1c247:   00 00 b8 f9 01 00 00 e9 b5 00 00 00 80 7d f4 00
0x00007f350ed1c257:   74 0a b8 f2 01 00 00 e9 a5 00 00 00 b8 fa 01 00
0x00007f350ed1c267:   00 e9 9b 00 00 00 80 7d f4 00 74 0a b8 f3 01 00 


Stack slot to memory mapping:

stack at sp + 0 slots: 0x00007f01a7df8860 is an unknown value
stack at sp + 1 slots: 0x0000008c0000000a is an unknown value
stack at sp + 2 slots: 0x00007f34a7df8880 is pointing into the stack for thread: 0x00007f3508386430
stack at sp + 3 slots: 0x00007f350ed1c38f: <offset 0x00000000016c638f> in /home/jatinbha/sandboxes/jdk/jdk/build/linux-x86_64-server-slowdebug/images/jdk/lib/server/libjvm.so at 0x00007f350d656000
stack at sp + 4 slots: 0x00007f0aa7df8806 is an unknown value
stack at sp + 5 slots: 0x0000008c00000008 is an unknown value
stack at sp + 6 slots: 0x00007f34480e3e48 points into unknown readable memory: 0x00007f350ff82600 | 00 26 f8 0f 35 7f 00 00
stack at sp + 7 slots: 0x00007f34a7df8ac0 is pointing into the stack for thread: 0x00007f3508386430

Lock stack of current Java thread (top to bottom):


---------------  P R O C E S S  ---------------

uid  : 1000 euid : 1000 gid  : 1000 egid : 1000

umask: 0002 (-------w-)

Threads class SMR info:
_java_thread_list=0x00007f35083aabc0, length=10, elements={
0x00007f350802bd00, 0x00007f350836eac0, 0x00007f35083702e0, 0x00007f3508371f90,
0x00007f35083738e0, 0x00007f35083750f0, 0x00007f3508386430, 0x00007f3508387e20,
0x00007f35083a5540, 0x00007f35083aac90
}
_java_thread_list_alloc_cnt=11, _java_thread_list_free_cnt=9, _java_thread_list_max=10, _nested_thread_list_max=0
_tlh_cnt=28, _tlh_times=0, avg_tlh_time=0.00, _tlh_time_max=0
_delete_lock_wait_cnt=0, _delete_lock_wait_max=0
_to_delete_list_cnt=0, _to_delete_list_max=1

Java Threads: ( => current thread )
  0x00007f350802bd00 JavaThread "main"                              [_thread_blocked, id=1877826, stack(0x00007f350d3fb000,0x00007f350d4fc000) (1028K)]
  0x00007f350836eac0 JavaThread "Reference Handler"          daemon [_thread_blocked, id=1877834, stack(0x00007f34b427d000,0x00007f34b437e000) (1028K)]
  0x00007f35083702e0 JavaThread "Finalizer"                  daemon [_thread_blocked, id=1877835, stack(0x00007f34b417c000,0x00007f34b427d000) (1028K)]
  0x00007f3508371f90 JavaThread "Signal Dispatcher"          daemon [_thread_blocked, id=1877836, stack(0x00007f34b407b000,0x00007f34b417c000) (1028K)]
  0x00007f35083738e0 JavaThread "Service Thread"             daemon [_thread_blocked, id=1877837, stack(0x00007f34a7eff000,0x00007f34a8000000) (1028K)]
  0x00007f35083750f0 JavaThread "Monitor Deflation Thread"   daemon [_thread_blocked, id=1877838, stack(0x00007f34a7dfe000,0x00007f34a7eff000) (1028K)]
=>0x00007f3508386430 JavaThread "C2 CompilerThread0"         daemon [_thread_in_native, id=1877839, stack(0x00007f34a7cfd000,0x00007f34a7dfe000) (1028K)]
  0x00007f3508387e20 JavaThread "C1 CompilerThread0"         daemon [_thread_blocked, id=1877840, stack(0x00007f34a7bfc000,0x00007f34a7cfd000) (1028K)]
  0x00007f35083a5540 JavaThread "Notification Thread"        daemon [_thread_blocked, id=1877841, stack(0x00007f34a7990000,0x00007f34a7a91000) (1028K)]
  0x00007f35083aac90 JavaThread "Common-Cleaner"             daemon [_thread_blocked, id=1877842, stack(0x00007f34a788f000,0x00007f34a7990000) (1028K)]
Total: 10

Other Threads:
  0x00007f35083333e0 VMThread "VM Thread"                           [id=1877833, stack(0x00007f34b48ef000,0x00007f34b49ef000) (1024K)]
  0x00007f3508266380 WatcherThread "VM Periodic Task Thread"        [id=1877832, stack(0x00007f34b49f0000,0x00007f34b4af0000) (1024K)]
  0x00007f350806b980 WorkerThread "GC Thread#0"                     [id=1877827, stack(0x00007f34c7986000,0x00007f34c7a86000) (1024K)]
  0x00007f350807fd00 ConcurrentGCThread "G1 Main Marker"            [id=1877828, stack(0x00007f34c7885000,0x00007f34c7985000) (1024K)]
  0x00007f3508080fa0 WorkerThread "G1 Conc#0"                       [id=1877829, stack(0x00007f34c7784000,0x00007f34c7884000) (1024K)]
  0x00007f350823cee0 ConcurrentGCThread "G1 Refine#0"               [id=1877830, stack(0x00007f34b4cce000,0x00007f34b4dce000) (1024K)]
  0x00007f350823e120 ConcurrentGCThread "G1 Service"                [id=1877831, stack(0x00007f34b4bcd000,0x00007f34b4ccd000) (1024K)]
Total: 7

Threads with active compile tasks:
C2 CompilerThread0  2550   12 %  b  4       test::micro @ 2 (27 bytes)
Total: 1

VM state: not at safepoint (normal execution)

VM Mutex/Monitor currently owned by a thread: None

Heap address: 0x00000000a0000000, size: 30208 MB, Compressed Oops mode: Zero based, Oop shift amount: 3

CDS archive(s) mapped at: [0x00007f3466000000-0x00007f3466e54000-0x00007f3466e54000), size 15024128, SharedBaseAddress: 0x00007f3466000000, ArchiveRelocationMode: 1.
Compressed class space mapped at: 0x00007f3467000000-0x00007f34a7000000, reserved size: 1073741824
Narrow klass base: 0x00007f3466000000, Narrow klass shift: 0, Narrow klass range: 0x100000000

GC Precious Log:
 CardTable entry size: 512
 Card Set container configuration: InlinePtr #cards 3 size 8 Array Of Cards #cards 128 size 272 Howl #buckets 8 coarsen threshold 29491 Howl Bitmap #cards 4096 size 528 coarsen threshold 3686 Card regions per heap region 1 cards per card region 32768
 CPUs: 112 total, 112 available
 Memory: 754G
 Large Page Support: Disabled
 NUMA Support: Disabled
 Compressed Oops: Enabled (Zero based)
 Heap Region Size: 16M
 Heap Min Capacity: 16M
 Heap Initial Capacity: 2G
 Heap Max Capacity: 30208M
 Pre-touch: Disabled
 Parallel Workers: 73
 Concurrent Workers: 18
 Concurrent Refinement Workers: 73
 Periodic GC: Disabled

Heap:
 garbage-first heap   total reserved 30932992K, committed 2113536K, used 1154K [0x00000000a0000000, 0x0000000800000000)
  region size 16384K, 1 young (16384K), 0 survivors (0K)
 Metaspace       used 78K, committed 320K, reserved 1114112K
  class space    used 3K, committed 128K, reserved 1048576K

Heap Regions: E=young(eden), S=young(survivor), O=old, HS=humongous(starts), HC=humongous(continues), CS=collection set, F=free, TAMS=top-at-mark-start, PB=parsable bottom
|   0|0x00000000a0000000, 0x00000000a0000000, 0x00000000a1000000|  0%| F|  |TAMS 0x00000000a0000000| PB 0x00000000a0000000| Untracked |  0
|   1|0x00000000a1000000, 0x00000000a1000000, 0x00000000a2000000|  0%| F|  |TAMS 0x00000000a1000000| PB 0x00000000a1000000| Untracked |  0
|   2|0x00000000a2000000, 0x00000000a2000000, 0x00000000a3000000|  0%| F|  |TAMS 0x00000000a2000000| PB 0x00000000a2000000| Untracked |  0
|   3|0x00000000a3000000, 0x00000000a3000000, 0x00000000a4000000|  0%| F|  |TAMS 0x00000000a3000000| PB 0x00000000a3000000| Untracked |  0
|   4|0x00000000a4000000, 0x00000000a4000000, 0x00000000a5000000|  0%| F|  |TAMS 0x00000000a4000000| PB 0x00000000a4000000| Untracked |  0
|   5|0x00000000a5000000, 0x00000000a5000000, 0x00000000a6000000|  0%| F|  |TAMS 0x00000000a5000000| PB 0x00000000a5000000| Untracked |  0
|   6|0x00000000a6000000, 0x00000000a6000000, 0x00000000a7000000|  0%| F|  |TAMS 0x00000000a6000000| PB 0x00000000a6000000| Untracked |  0
|   7|0x00000000a7000000, 0x00000000a7000000, 0x00000000a8000000|  0%| F|  |TAMS 0x00000000a7000000| PB 0x00000000a7000000| Untracked |  0
|   8|0x00000000a8000000, 0x00000000a8000000, 0x00000000a9000000|  0%| F|  |TAMS 0x00000000a8000000| PB 0x00000000a8000000| Untracked |  0
|   9|0x00000000a9000000, 0x00000000a9000000, 0x00000000aa000000|  0%| F|  |TAMS 0x00000000a9000000| PB 0x00000000a9000000| Untracked |  0
|  10|0x00000000aa000000, 0x00000000aa000000, 0x00000000ab000000|  0%| F|  |TAMS 0x00000000aa000000| PB 0x00000000aa000000| Untracked |  0
|  11|0x00000000ab000000, 0x00000000ab000000, 0x00000000ac000000|  0%| F|  |TAMS 0x00000000ab000000| PB 0x00000000ab000000| Untracked |  0
|  12|0x00000000ac000000, 0x00000000ac000000, 0x00000000ad000000|  0%| F|  |TAMS 0x00000000ac000000| PB 0x00000000ac000000| Untracked |  0
|  13|0x00000000ad000000, 0x00000000ad000000, 0x00000000ae000000|  0%| F|  |TAMS 0x00000000ad000000| PB 0x00000000ad000000| Untracked |  0
|  14|0x00000000ae000000, 0x00000000ae000000, 0x00000000af000000|  0%| F|  |TAMS 0x00000000ae000000| PB 0x00000000ae000000| Untracked |  0
|  15|0x00000000af000000, 0x00000000af000000, 0x00000000b0000000|  0%| F|  |TAMS 0x00000000af000000| PB 0x00000000af000000| Untracked |  0
|  16|0x00000000b0000000, 0x00000000b0000000, 0x00000000b1000000|  0%| F|  |TAMS 0x00000000b0000000| PB 0x00000000b0000000| Untracked |  0
|  17|0x00000000b1000000, 0x00000000b1000000, 0x00000000b2000000|  0%| F|  |TAMS 0x00000000b1000000| PB 0x00000000b1000000| Untracked |  0
|  18|0x00000000b2000000, 0x00000000b2000000, 0x00000000b3000000|  0%| F|  |TAMS 0x00000000b2000000| PB 0x00000000b2000000| Untracked |  0
|  19|0x00000000b3000000, 0x00000000b3000000, 0x00000000b4000000|  0%| F|  |TAMS 0x00000000b3000000| PB 0x00000000b3000000| Untracked |  0
|  20|0x00000000b4000000, 0x00000000b4000000, 0x00000000b5000000|  0%| F|  |TAMS 0x00000000b4000000| PB 0x00000000b4000000| Untracked |  0
|  21|0x00000000b5000000, 0x00000000b5000000, 0x00000000b6000000|  0%| F|  |TAMS 0x00000000b5000000| PB 0x00000000b5000000| Untracked |  0
|  22|0x00000000b6000000, 0x00000000b6000000, 0x00000000b7000000|  0%| F|  |TAMS 0x00000000b6000000| PB 0x00000000b6000000| Untracked |  0
|  23|0x00000000b7000000, 0x00000000b7000000, 0x00000000b8000000|  0%| F|  |TAMS 0x00000000b7000000| PB 0x00000000b7000000| Untracked |  0
|  24|0x00000000b8000000, 0x00000000b8000000, 0x00000000b9000000|  0%| F|  |TAMS 0x00000000b8000000| PB 0x00000000b8000000| Untracked |  0
|  25|0x00000000b9000000, 0x00000000b9000000, 0x00000000ba000000|  0%| F|  |TAMS 0x00000000b9000000| PB 0x00000000b9000000| Untracked |  0
|  26|0x00000000ba000000, 0x00000000ba000000, 0x00000000bb000000|  0%| F|  |TAMS 0x00000000ba000000| PB 0x00000000ba000000| Untracked |  0
|  27|0x00000000bb000000, 0x00000000bb000000, 0x00000000bc000000|  0%| F|  |TAMS 0x00000000bb000000| PB 0x00000000bb000000| Untracked |  0
|  28|0x00000000bc000000, 0x00000000bc000000, 0x00000000bd000000|  0%| F|  |TAMS 0x00000000bc000000| PB 0x00000000bc000000| Untracked |  0
|  29|0x00000000bd000000, 0x00000000bd000000, 0x00000000be000000|  0%| F|  |TAMS 0x00000000bd000000| PB 0x00000000bd000000| Untracked |  0
|  30|0x00000000be000000, 0x00000000be000000, 0x00000000bf000000|  0%| F|  |TAMS 0x00000000be000000| PB 0x00000000be000000| Untracked |  0
|  31|0x00000000bf000000, 0x00000000bf000000, 0x00000000c0000000|  0%| F|  |TAMS 0x00000000bf000000| PB 0x00000000bf000000| Untracked |  0
|  32|0x00000000c0000000, 0x00000000c0000000, 0x00000000c1000000|  0%| F|  |TAMS 0x00000000c0000000| PB 0x00000000c0000000| Untracked |  0
|  33|0x00000000c1000000, 0x00000000c1000000, 0x00000000c2000000|  0%| F|  |TAMS 0x00000000c1000000| PB 0x00000000c1000000| Untracked |  0
|  34|0x00000000c2000000, 0x00000000c2000000, 0x00000000c3000000|  0%| F|  |TAMS 0x00000000c2000000| PB 0x00000000c2000000| Untracked |  0
|  35|0x00000000c3000000, 0x00000000c3000000, 0x00000000c4000000|  0%| F|  |TAMS 0x00000000c3000000| PB 0x00000000c3000000| Untracked |  0
|  36|0x00000000c4000000, 0x00000000c4000000, 0x00000000c5000000|  0%| F|  |TAMS 0x00000000c4000000| PB 0x00000000c4000000| Untracked |  0
|  37|0x00000000c5000000, 0x00000000c5000000, 0x00000000c6000000|  0%| F|  |TAMS 0x00000000c5000000| PB 0x00000000c5000000| Untracked |  0
|  38|0x00000000c6000000, 0x00000000c6000000, 0x00000000c7000000|  0%| F|  |TAMS 0x00000000c6000000| PB 0x00000000c6000000| Untracked |  0
|  39|0x00000000c7000000, 0x00000000c7000000, 0x00000000c8000000|  0%| F|  |TAMS 0x00000000c7000000| PB 0x00000000c7000000| Untracked |  0
|  40|0x00000000c8000000, 0x00000000c8000000, 0x00000000c9000000|  0%| F|  |TAMS 0x00000000c8000000| PB 0x00000000c8000000| Untracked |  0
|  41|0x00000000c9000000, 0x00000000c9000000, 0x00000000ca000000|  0%| F|  |TAMS 0x00000000c9000000| PB 0x00000000c9000000| Untracked |  0
|  42|0x00000000ca000000, 0x00000000ca000000, 0x00000000cb000000|  0%| F|  |TAMS 0x00000000ca000000| PB 0x00000000ca000000| Untracked |  0
|  43|0x00000000cb000000, 0x00000000cb000000, 0x00000000cc000000|  0%| F|  |TAMS 0x00000000cb000000| PB 0x00000000cb000000| Untracked |  0
|  44|0x00000000cc000000, 0x00000000cc000000, 0x00000000cd000000|  0%| F|  |TAMS 0x00000000cc000000| PB 0x00000000cc000000| Untracked |  0
|  45|0x00000000cd000000, 0x00000000cd000000, 0x00000000ce000000|  0%| F|  |TAMS 0x00000000cd000000| PB 0x00000000cd000000| Untracked |  0
|  46|0x00000000ce000000, 0x00000000ce000000, 0x00000000cf000000|  0%| F|  |TAMS 0x00000000ce000000| PB 0x00000000ce000000| Untracked |  0
|  47|0x00000000cf000000, 0x00000000cf000000, 0x00000000d0000000|  0%| F|  |TAMS 0x00000000cf000000| PB 0x00000000cf000000| Untracked |  0
|  48|0x00000000d0000000, 0x00000000d0000000, 0x00000000d1000000|  0%| F|  |TAMS 0x00000000d0000000| PB 0x00000000d0000000| Untracked |  0
|  49|0x00000000d1000000, 0x00000000d1000000, 0x00000000d2000000|  0%| F|  |TAMS 0x00000000d1000000| PB 0x00000000d1000000| Untracked |  0
|  50|0x00000000d2000000, 0x00000000d2000000, 0x00000000d3000000|  0%| F|  |TAMS 0x00000000d2000000| PB 0x00000000d2000000| Untracked |  0
|  51|0x00000000d3000000, 0x00000000d3000000, 0x00000000d4000000|  0%| F|  |TAMS 0x00000000d3000000| PB 0x00000000d3000000| Untracked |  0
|  52|0x00000000d4000000, 0x00000000d4000000, 0x00000000d5000000|  0%| F|  |TAMS 0x00000000d4000000| PB 0x00000000d4000000| Untracked |  0
|  53|0x00000000d5000000, 0x00000000d5000000, 0x00000000d6000000|  0%| F|  |TAMS 0x00000000d5000000| PB 0x00000000d5000000| Untracked |  0
|  54|0x00000000d6000000, 0x00000000d6000000, 0x00000000d7000000|  0%| F|  |TAMS 0x00000000d6000000| PB 0x00000000d6000000| Untracked |  0
|  55|0x00000000d7000000, 0x00000000d7000000, 0x00000000d8000000|  0%| F|  |TAMS 0x00000000d7000000| PB 0x00000000d7000000| Untracked |  0
|  56|0x00000000d8000000, 0x00000000d8000000, 0x00000000d9000000|  0%| F|  |TAMS 0x00000000d8000000| PB 0x00000000d8000000| Untracked |  0
|  57|0x00000000d9000000, 0x00000000d9000000, 0x00000000da000000|  0%| F|  |TAMS 0x00000000d9000000| PB 0x00000000d9000000| Untracked |  0
|  58|0x00000000da000000, 0x00000000da000000, 0x00000000db000000|  0%| F|  |TAMS 0x00000000da000000| PB 0x00000000da000000| Untracked |  0
|  59|0x00000000db000000, 0x00000000db000000, 0x00000000dc000000|  0%| F|  |TAMS 0x00000000db000000| PB 0x00000000db000000| Untracked |  0
|  60|0x00000000dc000000, 0x00000000dc000000, 0x00000000dd000000|  0%| F|  |TAMS 0x00000000dc000000| PB 0x00000000dc000000| Untracked |  0
|  61|0x00000000dd000000, 0x00000000dd000000, 0x00000000de000000|  0%| F|  |TAMS 0x00000000dd000000| PB 0x00000000dd000000| Untracked |  0
|  62|0x00000000de000000, 0x00000000de000000, 0x00000000df000000|  0%| F|  |TAMS 0x00000000de000000| PB 0x00000000de000000| Untracked |  0
|  63|0x00000000df000000, 0x00000000df000000, 0x00000000e0000000|  0%| F|  |TAMS 0x00000000df000000| PB 0x00000000df000000| Untracked |  0
|  64|0x00000000e0000000, 0x00000000e0000000, 0x00000000e1000000|  0%| F|  |TAMS 0x00000000e0000000| PB 0x00000000e0000000| Untracked |  0
|  65|0x00000000e1000000, 0x00000000e1000000, 0x00000000e2000000|  0%| F|  |TAMS 0x00000000e1000000| PB 0x00000000e1000000| Untracked |  0
|  66|0x00000000e2000000, 0x00000000e2000000, 0x00000000e3000000|  0%| F|  |TAMS 0x00000000e2000000| PB 0x00000000e2000000| Untracked |  0
|  67|0x00000000e3000000, 0x00000000e3000000, 0x00000000e4000000|  0%| F|  |TAMS 0x00000000e3000000| PB 0x00000000e3000000| Untracked |  0
|  68|0x00000000e4000000, 0x00000000e4000000, 0x00000000e5000000|  0%| F|  |TAMS 0x00000000e4000000| PB 0x00000000e4000000| Untracked |  0
|  69|0x00000000e5000000, 0x00000000e5000000, 0x00000000e6000000|  0%| F|  |TAMS 0x00000000e5000000| PB 0x00000000e5000000| Untracked |  0
|  70|0x00000000e6000000, 0x00000000e6000000, 0x00000000e7000000|  0%| F|  |TAMS 0x00000000e6000000| PB 0x00000000e6000000| Untracked |  0
|  71|0x00000000e7000000, 0x00000000e7000000, 0x00000000e8000000|  0%| F|  |TAMS 0x00000000e7000000| PB 0x00000000e7000000| Untracked |  0
|  72|0x00000000e8000000, 0x00000000e8000000, 0x00000000e9000000|  0%| F|  |TAMS 0x00000000e8000000| PB 0x00000000e8000000| Untracked |  0
|  73|0x00000000e9000000, 0x00000000e9000000, 0x00000000ea000000|  0%| F|  |TAMS 0x00000000e9000000| PB 0x00000000e9000000| Untracked |  0
|  74|0x00000000ea000000, 0x00000000ea000000, 0x00000000eb000000|  0%| F|  |TAMS 0x00000000ea000000| PB 0x00000000ea000000| Untracked |  0
|  75|0x00000000eb000000, 0x00000000eb000000, 0x00000000ec000000|  0%| F|  |TAMS 0x00000000eb000000| PB 0x00000000eb000000| Untracked |  0
|  76|0x00000000ec000000, 0x00000000ec000000, 0x00000000ed000000|  0%| F|  |TAMS 0x00000000ec000000| PB 0x00000000ec000000| Untracked |  0
|  77|0x00000000ed000000, 0x00000000ed000000, 0x00000000ee000000|  0%| F|  |TAMS 0x00000000ed000000| PB 0x00000000ed000000| Untracked |  0
|  78|0x00000000ee000000, 0x00000000ee000000, 0x00000000ef000000|  0%| F|  |TAMS 0x00000000ee000000| PB 0x00000000ee000000| Untracked |  0
|  79|0x00000000ef000000, 0x00000000ef000000, 0x00000000f0000000|  0%| F|  |TAMS 0x00000000ef000000| PB 0x00000000ef000000| Untracked |  0
|  80|0x00000000f0000000, 0x00000000f0000000, 0x00000000f1000000|  0%| F|  |TAMS 0x00000000f0000000| PB 0x00000000f0000000| Untracked |  0
|  81|0x00000000f1000000, 0x00000000f1000000, 0x00000000f2000000|  0%| F|  |TAMS 0x00000000f1000000| PB 0x00000000f1000000| Untracked |  0
|  82|0x00000000f2000000, 0x00000000f2000000, 0x00000000f3000000|  0%| F|  |TAMS 0x00000000f2000000| PB 0x00000000f2000000| Untracked |  0
|  83|0x00000000f3000000, 0x00000000f3000000, 0x00000000f4000000|  0%| F|  |TAMS 0x00000000f3000000| PB 0x00000000f3000000| Untracked |  0
|  84|0x00000000f4000000, 0x00000000f4000000, 0x00000000f5000000|  0%| F|  |TAMS 0x00000000f4000000| PB 0x00000000f4000000| Untracked |  0
|  85|0x00000000f5000000, 0x00000000f5000000, 0x00000000f6000000|  0%| F|  |TAMS 0x00000000f5000000| PB 0x00000000f5000000| Untracked |  0
|  86|0x00000000f6000000, 0x00000000f6000000, 0x00000000f7000000|  0%| F|  |TAMS 0x00000000f6000000| PB 0x00000000f6000000| Untracked |  0
|  87|0x00000000f7000000, 0x00000000f7000000, 0x00000000f8000000|  0%| F|  |TAMS 0x00000000f7000000| PB 0x00000000f7000000| Untracked |  0
|  88|0x00000000f8000000, 0x00000000f8000000, 0x00000000f9000000|  0%| F|  |TAMS 0x00000000f8000000| PB 0x00000000f8000000| Untracked |  0
|  89|0x00000000f9000000, 0x00000000f9000000, 0x00000000fa000000|  0%| F|  |TAMS 0x00000000f9000000| PB 0x00000000f9000000| Untracked |  0
|  90|0x00000000fa000000, 0x00000000fa000000, 0x00000000fb000000|  0%| F|  |TAMS 0x00000000fa000000| PB 0x00000000fa000000| Untracked |  0
|  91|0x00000000fb000000, 0x00000000fb000000, 0x00000000fc000000|  0%| F|  |TAMS 0x00000000fb000000| PB 0x00000000fb000000| Untracked |  0
|  92|0x00000000fc000000, 0x00000000fc000000, 0x00000000fd000000|  0%| F|  |TAMS 0x00000000fc000000| PB 0x00000000fc000000| Untracked |  0
|  93|0x00000000fd000000, 0x00000000fd000000, 0x00000000fe000000|  0%| F|  |TAMS 0x00000000fd000000| PB 0x00000000fd000000| Untracked |  0
|  94|0x00000000fe000000, 0x00000000fe000000, 0x00000000ff000000|  0%| F|  |TAMS 0x00000000fe000000| PB 0x00000000fe000000| Untracked |  0
|  95|0x00000000ff000000, 0x00000000ff000000, 0x0000000100000000|  0%| F|  |TAMS 0x00000000ff000000| PB 0x00000000ff000000| Untracked |  0
|  96|0x0000000100000000, 0x0000000100000000, 0x0000000101000000|  0%| F|  |TAMS 0x0000000100000000| PB 0x0000000100000000| Untracked |  0
|  97|0x0000000101000000, 0x0000000101000000, 0x0000000102000000|  0%| F|  |TAMS 0x0000000101000000| PB 0x0000000101000000| Untracked |  0
|  98|0x0000000102000000, 0x0000000102000000, 0x0000000103000000|  0%| F|  |TAMS 0x0000000102000000| PB 0x0000000102000000| Untracked |  0
|  99|0x0000000103000000, 0x0000000103000000, 0x0000000104000000|  0%| F|  |TAMS 0x0000000103000000| PB 0x0000000103000000| Untracked |  0
| 100|0x0000000104000000, 0x0000000104000000, 0x0000000105000000|  0%| F|  |TAMS 0x0000000104000000| PB 0x0000000104000000| Untracked |  0
| 101|0x0000000105000000, 0x0000000105000000, 0x0000000106000000|  0%| F|  |TAMS 0x0000000105000000| PB 0x0000000105000000| Untracked |  0
| 102|0x0000000106000000, 0x0000000106000000, 0x0000000107000000|  0%| F|  |TAMS 0x0000000106000000| PB 0x0000000106000000| Untracked |  0
| 103|0x0000000107000000, 0x0000000107000000, 0x0000000108000000|  0%| F|  |TAMS 0x0000000107000000| PB 0x0000000107000000| Untracked |  0
| 104|0x0000000108000000, 0x0000000108000000, 0x0000000109000000|  0%| F|  |TAMS 0x0000000108000000| PB 0x0000000108000000| Untracked |  0
| 105|0x0000000109000000, 0x0000000109000000, 0x000000010a000000|  0%| F|  |TAMS 0x0000000109000000| PB 0x0000000109000000| Untracked |  0
| 106|0x000000010a000000, 0x000000010a000000, 0x000000010b000000|  0%| F|  |TAMS 0x000000010a000000| PB 0x000000010a000000| Untracked |  0
| 107|0x000000010b000000, 0x000000010b000000, 0x000000010c000000|  0%| F|  |TAMS 0x000000010b000000| PB 0x000000010b000000| Untracked |  0
| 108|0x000000010c000000, 0x000000010c000000, 0x000000010d000000|  0%| F|  |TAMS 0x000000010c000000| PB 0x000000010c000000| Untracked |  0
| 109|0x000000010d000000, 0x000000010d000000, 0x000000010e000000|  0%| F|  |TAMS 0x000000010d000000| PB 0x000000010d000000| Untracked |  0
| 110|0x000000010e000000, 0x000000010e000000, 0x000000010f000000|  0%| F|  |TAMS 0x000000010e000000| PB 0x000000010e000000| Untracked |  0
| 111|0x000000010f000000, 0x000000010f000000, 0x0000000110000000|  0%| F|  |TAMS 0x000000010f000000| PB 0x000000010f000000| Untracked |  0
| 112|0x0000000110000000, 0x0000000110000000, 0x0000000111000000|  0%| F|  |TAMS 0x0000000110000000| PB 0x0000000110000000| Untracked |  0
| 113|0x0000000111000000, 0x0000000111000000, 0x0000000112000000|  0%| F|  |TAMS 0x0000000111000000| PB 0x0000000111000000| Untracked |  0
| 114|0x0000000112000000, 0x0000000112000000, 0x0000000113000000|  0%| F|  |TAMS 0x0000000112000000| PB 0x0000000112000000| Untracked |  0
| 115|0x0000000113000000, 0x0000000113000000, 0x0000000114000000|  0%| F|  |TAMS 0x0000000113000000| PB 0x0000000113000000| Untracked |  0
| 116|0x0000000114000000, 0x0000000114000000, 0x0000000115000000|  0%| F|  |TAMS 0x0000000114000000| PB 0x0000000114000000| Untracked |  0
| 117|0x0000000115000000, 0x0000000115000000, 0x0000000116000000|  0%| F|  |TAMS 0x0000000115000000| PB 0x0000000115000000| Untracked |  0
| 118|0x0000000116000000, 0x0000000116000000, 0x0000000117000000|  0%| F|  |TAMS 0x0000000116000000| PB 0x0000000116000000| Untracked |  0
| 119|0x0000000117000000, 0x0000000117000000, 0x0000000118000000|  0%| F|  |TAMS 0x0000000117000000| PB 0x0000000117000000| Untracked |  0
| 120|0x0000000118000000, 0x0000000118000000, 0x0000000119000000|  0%| F|  |TAMS 0x0000000118000000| PB 0x0000000118000000| Untracked |  0
| 121|0x0000000119000000, 0x0000000119000000, 0x000000011a000000|  0%| F|  |TAMS 0x0000000119000000| PB 0x0000000119000000| Untracked |  0
| 122|0x000000011a000000, 0x000000011a000000, 0x000000011b000000|  0%| F|  |TAMS 0x000000011a000000| PB 0x000000011a000000| Untracked |  0
| 123|0x000000011b000000, 0x000000011b000000, 0x000000011c000000|  0%| F|  |TAMS 0x000000011b000000| PB 0x000000011b000000| Untracked |  0
| 124|0x000000011c000000, 0x000000011c000000, 0x000000011d000000|  0%| F|  |TAMS 0x000000011c000000| PB 0x000000011c000000| Untracked |  0
| 125|0x000000011d000000, 0x000000011d000000, 0x000000011e000000|  0%| F|  |TAMS 0x000000011d000000| PB 0x000000011d000000| Untracked |  0
| 126|0x000000011e000000, 0x000000011e000000, 0x000000011f000000|  0%| F|  |TAMS 0x000000011e000000| PB 0x000000011e000000| Untracked |  0
| 127|0x000000011f000000, 0x000000011f5c2920, 0x0000000120000000| 36%| E|  |TAMS 0x000000011f000000| PB 0x000000011f000000| Complete |  0
|1887|0x00000007ff000000, 0x00000007ff120a10, 0x0000000800000000|  7%| O|  |TAMS 0x00000007ff000000| PB 0x00000007ff000000| Untracked |  0

Card table byte_map: [0x00007f34e5675000,0x00007f34e9175000] _byte_map_base: 0x00007f34e5175000

Marking Bits: (CMBitMap*) 0x00007f350806c6c0
 Bits: [0x00007f34c7e75000, 0x00007f34e5675000)

Polling page: 0x00007f3510333000

Metaspace:

Usage:
  Non-class:     75.66 KB used.
      Class:      3.30 KB used.
       Both:     78.96 KB used.

Virtual space:
  Non-class space:       64.00 MB reserved,     192.00 KB ( <1%) committed,  1 nodes.
      Class space:        1.00 GB reserved,     128.00 KB ( <1%) committed,  1 nodes.
             Both:        1.06 GB reserved,     320.00 KB ( <1%) committed. 

Chunk freelists:
   Non-Class:  12.00 MB
       Class:  15.75 MB
        Both:  27.74 MB

MaxMetaspaceSize: unlimited
CompressedClassSpaceSize: 1.00 GB
Initial GC threshold: 21.00 MB
Current GC threshold: 21.00 MB
CDS: on
 - commit_granule_bytes: 65536.
 - commit_granule_words: 8192.
 - virtual_space_node_default_size: 8388608.
 - enlarge_chunks_in_place: 1.
 - use_allocation_guard: 0.


Internal statistics:

num_allocs: 1241.
num_deallocs: 0.
num_allocs_from_deallocated_blocks: 0.
num_chunks_retired: 0.
num_allocs_failed_limit: 0.
num_arena_births: 4.
num_arena_deaths: 0.
num_vsnodes_births: 2.
num_vsnodes_deaths: 0.
num_space_committed: 5.
num_space_uncommitted: 0.
num_chunks_returned_to_freelist: 0.
num_chunks_taken_from_freelist: 5.
num_chunk_merges: 0.
num_chunk_splits: 3.
num_chunks_enlarged: 0.
num_inconsistent_stats: 0.

CodeHeap 'non-profiled nmethods': size=118596Kb used=4Kb max_used=4Kb free=118591Kb
 bounds [0x00007f34f81c9000, 0x00007f34f8439000, 0x00007f34ff59a000]
CodeHeap 'profiled nmethods': size=118588Kb used=7Kb max_used=7Kb free=118580Kb
 bounds [0x00007f34f059a000, 0x00007f34f080a000, 0x00007f34f7969000]
CodeHeap 'non-nmethods': size=8576Kb used=1913Kb max_used=1927Kb free=6662Kb
 bounds [0x00007f34f7969000, 0x00007f34f7bd9000, 0x00007f34f81c9000]
CodeCache: size=245760Kb, used=1924Kb, max_used=1938Kb, free=243833Kb
 total_blobs=674, nmethods=11, adapters=579, full_count=0
Compilation: enabled, stopped_count=0, restarted_count=0

Compilation events (17 events):
Event: 0.350 Thread 0x00007f3508387e20    1    b  3       java.lang.Object::<init> (1 bytes)
Event: 0.351 Thread 0x00007f3508387e20 nmethod 1 0x00007f34f059a008 code [0x00007f34f059a120, 0x00007f34f059a230]
Event: 0.353 Thread 0x00007f3508387e20    2    b  3       java.lang.Byte::toUnsignedInt (6 bytes)
Event: 0.354 Thread 0x00007f3508387e20 nmethod 2 0x00007f34f059a308 code [0x00007f34f059a420, 0x00007f34f059a520]
Event: 0.356 Thread 0x00007f3508387e20    3    b  3       java.lang.String::hashCode (60 bytes)
Event: 0.364 Thread 0x00007f3508387e20 nmethod 3 0x00007f34f059a608 code [0x00007f34f059a780, 0x00007f34f059ab80]
Event: 0.407 Thread 0x00007f3508387e20    7    b  3       java.lang.String::coder (15 bytes)
Event: 0.411 Thread 0x00007f3508387e20 nmethod 7 0x00007f34f059ac08 code [0x00007f34f059ad20, 0x00007f34f059ae60]
Event: 0.426 Thread 0x00007f3508387e20    8    b  3       test::sum (18 bytes)
Event: 0.430 Thread 0x00007f3508387e20 nmethod 8 0x00007f34f059af08 code [0x00007f34f059b060, 0x00007f34f059b1f8]
Event: 0.431 Thread 0x00007f3508386430    9    b  4       test::sum (18 bytes)
Event: 0.434 Thread 0x00007f3508386430 nmethod 9 0x00007f34f81c9d88 code [0x00007f34f81c9ea0, 0x00007f34f81c9f60]
Event: 0.437 Thread 0x00007f3508387e20   10 %  b  3       test::micro @ 2 (27 bytes)
Event: 0.449 Thread 0x00007f3508387e20 nmethod 10% 0x00007f34f059b288 code [0x00007f34f059b420, 0x00007f34f059b858]
Event: 0.531 Thread 0x00007f3508387e20   11    b  3       test::micro (27 bytes)
Event: 0.534 Thread 0x00007f3508387e20 nmethod 11 0x00007f34f059b888 code [0x00007f34f059ba20, 0x00007f34f059bda0]
Event: 0.584 Thread 0x00007f3508386430   12 %  b  4       test::micro @ 2 (27 bytes)

GC Heap History (0 events):
No events

Dll operation events (7 events):
Event: 0.005 Loaded shared library /home/jatinbha/sandboxes/jdk/jdk/build/linux-x86_64-server-slowdebug/images/jdk/lib/libjava.so
Event: 0.338 Loaded shared library /home/jatinbha/sandboxes/jdk/jdk/build/linux-x86_64-server-slowdebug/images/jdk/lib/libsimdsort.so
Event: 0.338 Loaded shared library /home/jatinbha/sandboxes/jdk/jdk/build/linux-x86_64-server-slowdebug/images/jdk/lib/libjsvml.so
Event: 0.449 Loading shared library /home/jatinbha/sandboxes/jdk/jdk/build/linux-x86_64-server-slowdebug/images/jdk/lib/server/libhsdis-amd64.so failed, /home/jatinbha/sandboxes/jdk/jdk/build/linux-x86_64-server-slowdebug/images/jdk/lib/server/libhsdis-amd64.so: canno
Event: 0.449 Loading shared library /home/jatinbha/sandboxes/jdk/jdk/build/linux-x86_64-server-slowdebug/images/jdk/lib/server/hsdis-amd64.so failed, /home/jatinbha/sandboxes/jdk/jdk/build/linux-x86_64-server-slowdebug/images/jdk/lib/server/hsdis-amd64.so: cannot open
Event: 0.449 Loading shared library /home/jatinbha/sandboxes/jdk/jdk/build/linux-x86_64-server-slowdebug/images/jdk/lib/hsdis-amd64.so failed, /home/jatinbha/sandboxes/jdk/jdk/build/linux-x86_64-server-slowdebug/images/jdk/lib/hsdis-amd64.so: cannot open shared object
Event: 0.450 Loaded shared library hsdis-amd64.so

Deoptimization events (0 events):
No events

Classes loaded (6 events):
Event: 0.403 Loading class jdk/internal/vm/PostVMInitHook
Event: 0.403 Loading class jdk/internal/vm/PostVMInitHook done
Event: 0.406 Loading class jdk/internal/loader/URLClassPath$FileLoader
Event: 0.406 Loading class jdk/internal/loader/URLClassPath$FileLoader done
Event: 0.411 Loading class jdk/internal/loader/URLClassPath$FileLoader$1
Event: 0.412 Loading class jdk/internal/loader/URLClassPath$FileLoader$1 done

Classes unloaded (0 events):
No events

Classes redefined (0 events):
No events

Internal exceptions (0 events):
No events

VM Operations (0 events):
No events

Memory protections (10 events):
Event: 0.004 Protecting memory [0x00007f350d3fb000,0x00007f350d3ff000] with protection modes 0
Event: 0.308 Protecting memory [0x00007f34b427d000,0x00007f34b4281000] with protection modes 0
Event: 0.308 Protecting memory [0x00007f34b417c000,0x00007f34b4180000] with protection modes 0
Event: 0.310 Protecting memory [0x00007f34b407b000,0x00007f34b407f000] with protection modes 0
Event: 0.310 Protecting memory [0x00007f34a7eff000,0x00007f34a7f03000] with protection modes 0
Event: 0.310 Protecting memory [0x00007f34a7dfe000,0x00007f34a7e02000] with protection modes 0
Event: 0.310 Protecting memory [0x00007f34a7cfd000,0x00007f34a7d01000] with protection modes 0
Event: 0.311 Protecting memory [0x00007f34a7bfc000,0x00007f34a7c00000] with protection modes 0
Event: 0.403 Protecting memory [0x00007f34a7990000,0x00007f34a7994000] with protection modes 0
Event: 0.416 Protecting memory [0x00007f34a788f000,0x00007f34a7893000] with protection modes 0

Nmethod flushes (0 events):
No events

Events (10 events):
Event: 0.142 Thread 0x00007f350802bd00 Thread added: 0x00007f350802bd00
Event: 0.308 Thread 0x00007f350802bd00 Thread added: 0x00007f350836eac0
Event: 0.308 Thread 0x00007f350802bd00 Thread added: 0x00007f35083702e0
Event: 0.310 Thread 0x00007f350802bd00 Thread added: 0x00007f3508371f90
Event: 0.310 Thread 0x00007f350802bd00 Thread added: 0x00007f35083738e0
Event: 0.310 Thread 0x00007f350802bd00 Thread added: 0x00007f35083750f0
Event: 0.310 Thread 0x00007f350802bd00 Thread added: 0x00007f3508386430
Event: 0.311 Thread 0x00007f350802bd00 Thread added: 0x00007f3508387e20
Event: 0.403 Thread 0x00007f350802bd00 Thread added: 0x00007f35083a5540
Event: 0.416 Thread 0x00007f350802bd00 Thread added: 0x00007f35083aac90


Dynamic libraries:
a0000000-120000000 rw-p 00000000 00:00 0 
120000000-7ff000000 ---p 00000000 00:00 0 
7ff000000-7ff121000 rw-p 00e8c000 08:02 26479975                         /home/jatinbha/sandboxes/jdk/jdk/build/linux-x86_64-server-slowdebug/images/jdk/lib/server/classes.jsa
7ff121000-800000000 rw-p 00000000 00:00 0 
56372a4dc000-56372a4dd000 r--p 00000000 08:02 26479115                   /home/jatinbha/sandboxes/jdk/jdk/build/linux-x86_64-server-slowdebug/images/jdk/bin/java
56372a4dd000-56372a4de000 r-xp 00001000 08:02 26479115                   /home/jatinbha/sandboxes/jdk/jdk/build/linux-x86_64-server-slowdebug/images/jdk/bin/java
56372a4de000-56372a4df000 r--p 00002000 08:02 26479115                   /home/jatinbha/sandboxes/jdk/jdk/build/linux-x86_64-server-slowdebug/images/jdk/bin/java
56372a4df000-56372a4e0000 r--p 00002000 08:02 26479115                   /home/jatinbha/sandboxes/jdk/jdk/build/linux-x86_64-server-slowdebug/images/jdk/bin/java
56372a4e0000-56372a4e1000 rw-p 00003000 08:02 26479115                   /home/jatinbha/sandboxes/jdk/jdk/build/linux-x86_64-server-slowdebug/images/jdk/bin/java
56372c360000-56372c3a6000 rw-p 00000000 00:00 0                          [heap]
7f3434000000-7f3434021000 rw-p 00000000 00:00 0 
7f3434021000-7f3438000000 ---p 00000000 00:00 0 
7f3439a28000-7f343c000000 rw-p 00000000 00:00 0 
7f343c000000-7f343c04d000 rw-p 00000000 00:00 0 
7f343c04d000-7f3440000000 ---p 00000000 00:00 0 
7f3440000000-7f3440021000 rw-p 00000000 00:00 0 
7f3440021000-7f3444000000 ---p 00000000 00:00 0 
7f3444000000-7f3444021000 rw-p 00000000 00:00 0 
7f3444021000-7f3448000000 ---p 00000000 00:00 0 
7f3448000000-7f3448138000 rw-p 00000000 00:00 0 
7f3448138000-7f344c000000 ---p 00000000 00:00 0 
7f344c000000-7f344c021000 rw-p 00000000 00:00 0 
7f344c021000-7f3450000000 ---p 00000000 00:00 0 
7f3450000000-7f3450021000 rw-p 00000000 00:00 0 
7f3450021000-7f3454000000 ---p 00000000 00:00 0 
7f3454000000-7f3454021000 rw-p 00000000 00:00 0 
7f3454021000-7f3458000000 ---p 00000000 00:00 0 
7f3458000000-7f3458021000 rw-p 00000000 00:00 0 
7f3458021000-7f345c000000 ---p 00000000 00:00 0 
7f345c000000-7f345c021000 rw-p 00000000 00:00 0 
7f345c021000-7f3460000000 ---p 00000000 00:00 0 
7f34601ed000-7f3462020000 rw-p 00000000 00:00 0 
7f3462020000-7f3462400000 ---p 00000000 00:00 0 
7f3462400000-7f3462410000 rw-p 00000000 00:00 0 
7f3462410000-7f3466000000 ---p 00000000 00:00 0 
7f3466000000-7f3466e54000 rw-p 00001000 08:02 26479975                   /home/jatinbha/sandboxes/jdk/jdk/build/linux-x86_64-server-slowdebug/images/jdk/lib/server/classes.jsa
7f3466e54000-7f3467000000 ---p 00000000 00:00 0 
7f3467000000-7f3467010000 rw-p 00000000 00:00 0 
7f3467010000-7f3467040000 ---p 00000000 00:00 0 
7f3467040000-7f3467050000 rw-p 00000000 00:00 0 
7f3467050000-7f34a7000000 ---p 00000000 00:00 0 
7f34a745e000-7f34a75b4000 r-xp 00000000 08:02 21765380                   /home/jatinbha/softwares/hsdis-amd64.so
7f34a75b4000-7f34a77b4000 ---p 00156000 08:02 21765380                   /home/jatinbha/softwares/hsdis-amd64.so
7f34a77b4000-7f34a7883000 r--p 00156000 08:02 21765380                   /home/jatinbha/softwares/hsdis-amd64.so
7f34a7883000-7f34a788a000 rw-p 00225000 08:02 21765380                   /home/jatinbha/softwares/hsdis-amd64.so
7f34a788a000-7f34a788f000 rw-p 00000000 00:00 0 
7f34a788f000-7f34a7893000 ---p 00000000 00:00 0 
7f34a7893000-7f34a7990000 rw-p 00000000 00:00 0 
7f34a7990000-7f34a7994000 ---p 00000000 00:00 0 
7f34a7994000-7f34a7a91000 rw-p 00000000 00:00 0 
7f34a7a91000-7f34a7a95000 r--p 00000000 08:02 26479355                   /home/jatinbha/sandboxes/jdk/jdk/build/linux-x86_64-server-slowdebug/images/jdk/lib/libjsvml.so
7f34a7a95000-7f34a7ad6000 r-xp 00004000 08:02 26479355                   /home/jatinbha/sandboxes/jdk/jdk/build/linux-x86_64-server-slowdebug/images/jdk/lib/libjsvml.so
7f34a7ad6000-7f34a7b5f000 r--p 00045000 08:02 26479355                   /home/jatinbha/sandboxes/jdk/jdk/build/linux-x86_64-server-slowdebug/images/jdk/lib/libjsvml.so
7f34a7b5f000-7f34a7b60000 r--p 000cd000 08:02 26479355                   /home/jatinbha/sandboxes/jdk/jdk/build/linux-x86_64-server-slowdebug/images/jdk/lib/libjsvml.so
7f34a7b60000-7f34a7b61000 rw-p 000ce000 08:02 26479355                   /home/jatinbha/sandboxes/jdk/jdk/build/linux-x86_64-server-slowdebug/images/jdk/lib/libjsvml.so
7f34a7b61000-7f34a7b64000 r--p 00000000 08:02 26479128                   /home/jatinbha/sandboxes/jdk/jdk/build/linux-x86_64-server-slowdebug/images/jdk/lib/libsimdsort.so
7f34a7b64000-7f34a7be9000 r-xp 00003000 08:02 26479128                   /home/jatinbha/sandboxes/jdk/jdk/build/linux-x86_64-server-slowdebug/images/jdk/lib/libsimdsort.so
7f34a7be9000-7f34a7bfa000 r--p 00088000 08:02 26479128                   /home/jatinbha/sandboxes/jdk/jdk/build/linux-x86_64-server-slowdebug/images/jdk/lib/libsimdsort.so
7f34a7bfa000-7f34a7bfb000 r--p 00098000 08:02 26479128                   /home/jatinbha/sandboxes/jdk/jdk/build/linux-x86_64-server-slowdebug/images/jdk/lib/libsimdsort.so
7f34a7bfb000-7f34a7bfc000 rw-p 00099000 08:02 26479128                   /home/jatinbha/sandboxes/jdk/jdk/build/linux-x86_64-server-slowdebug/images/jdk/lib/libsimdsort.so
7f34a7bfc000-7f34a7c00000 ---p 00000000 00:00 0 
7f34a7c00000-7f34a7cfd000 rw-p 00000000 00:00 0 
7f34a7cfd000-7f34a7d01000 ---p 00000000 00:00 0 
7f34a7d01000-7f34a7dfe000 rw-p 00000000 00:00 0 
7f34a7dfe000-7f34a7e02000 ---p 00000000 00:00 0 
7f34a7e02000-7f34a7eff000 rw-p 00000000 00:00 0 
7f34a7eff000-7f34a7f03000 ---p 00000000 00:00 0 
7f34a7f03000-7f34a8000000 rw-p 00000000 00:00 0 
7f34a8000000-7f34a8021000 rw-p 00000000 00:00 0 
7f34a8021000-7f34ac000000 ---p 00000000 00:00 0 
7f34ac000000-7f34ac021000 rw-p 00000000 00:00 0 
7f34ac021000-7f34b0000000 ---p 00000000 00:00 0 
7f34b0000000-7f34b0021000 rw-p 00000000 00:00 0 
7f34b0021000-7f34b4000000 ---p 00000000 00:00 0 
7f34b407b000-7f34b407f000 ---p 00000000 00:00 0 
7f34b407f000-7f34b417c000 rw-p 00000000 00:00 0 
7f34b417c000-7f34b4180000 ---p 00000000 00:00 0 
7f34b4180000-7f34b427d000 rw-p 00000000 00:00 0 
7f34b427d000-7f34b4281000 ---p 00000000 00:00 0 
7f34b4281000-7f34b437e000 rw-p 00000000 00:00 0 
7f34b437e000-7f34b48ee000 r--p 00000000 08:02 7078745                    /usr/lib/locale/locale-archive
7f34b48ee000-7f34b48ef000 ---p 00000000 00:00 0 
7f34b48ef000-7f34b49ef000 rw-p 00000000 00:00 0 
7f34b49ef000-7f34b49f0000 ---p 00000000 00:00 0 
7f34b49f0000-7f34b4bcc000 rw-p 00000000 00:00 0 
7f34b4bcc000-7f34b4bcd000 ---p 00000000 00:00 0 
7f34b4bcd000-7f34b4ccd000 rw-p 00000000 00:00 0 
7f34b4ccd000-7f34b4cce000 ---p 00000000 00:00 0 
7f34b4cce000-7f34b8000000 rw-p 00000000 00:00 0 
7f34b8000000-7f34b8021000 rw-p 00000000 00:00 0 
7f34b8021000-7f34bc000000 ---p 00000000 00:00 0 
7f34bc000000-7f34bc021000 rw-p 00000000 00:00 0 
7f34bc021000-7f34c0000000 ---p 00000000 00:00 0 
7f34c0000000-7f34c0021000 rw-p 00000000 00:00 0 
7f34c0021000-7f34c4000000 ---p 00000000 00:00 0 
7f34c402b000-7f34c7783000 rw-p 00000000 00:00 0 
7f34c7783000-7f34c7784000 ---p 00000000 00:00 0 
7f34c7784000-7f34c7884000 rw-p 00000000 00:00 0 
7f34c7884000-7f34c7885000 ---p 00000000 00:00 0 
7f34c7885000-7f34c7985000 rw-p 00000000 00:00 0 
7f34c7985000-7f34c7986000 ---p 00000000 00:00 0 
7f34c7986000-7f34c9e75000 rw-p 00000000 00:00 0 
7f34c9e75000-7f34e5635000 ---p 00000000 00:00 0 
7f34e5635000-7f34e5a75000 rw-p 00000000 00:00 0 
7f34e5a75000-7f34e916d000 ---p 00000000 00:00 0 
7f34e916d000-7f34e9575000 rw-p 00000000 00:00 0 
7f34e9575000-7f34ecc6d000 ---p 00000000 00:00 0 
7f34ecc6d000-7f34f059a000 rw-p 00000000 00:00 0 
7f34f059a000-7f34f080a000 rwxp 00000000 00:00 0 
7f34f080a000-7f34f7969000 ---p 00000000 00:00 0 
7f34f7969000-7f34f7bd9000 rwxp 00000000 00:00 0 
7f34f7bd9000-7f34f81c9000 ---p 00000000 00:00 0 
7f34f81c9000-7f34f8439000 rwxp 00000000 00:00 0 
7f34f8439000-7f34ff59a000 ---p 00000000 00:00 0 
7f34ff59a000-7f3508000000 r--s 00000000 08:02 26479086                   /home/jatinbha/sandboxes/jdk/jdk/build/linux-x86_64-server-slowdebug/images/jdk/lib/modules
7f3508000000-7f35083c3000 rw-p 00000000 00:00 0 
7f35083c3000-7f350c000000 ---p 00000000 00:00 0 
7f350c030000-7f350c037000 r--s 00000000 08:02 7736501                    /usr/lib/x86_64-linux-gnu/gconv/gconv-modules.cache
7f350c037000-7f350d1c4000 rw-p 00000000 00:00 0 
7f350d1c4000-7f350d2a7000 ---p 00000000 00:00 0 
7f350d2a7000-7f350d2ac000 rw-p 00000000 00:00 0 
7f350d2ac000-7f350d2b8000 ---p 00000000 00:00 0 
7f350d2b8000-7f350d2bd000 rw-p 00000000 00:00 0 
7f350d2bd000-7f350d3a0000 ---p 00000000 00:00 0 
7f350d3a0000-7f350d3ac000 r--p 00000000 08:02 26479122                   /home/jatinbha/sandboxes/jdk/jdk/build/linux-x86_64-server-slowdebug/images/jdk/lib/libjava.so
7f350d3ac000-7f350d3c3000 r-xp 0000c000 08:02 26479122                   /home/jatinbha/sandboxes/jdk/jdk/build/linux-x86_64-server-slowdebug/images/jdk/lib/libjava.so
7f350d3c3000-7f350d3c9000 r--p 00023000 08:02 26479122                   /home/jatinbha/sandboxes/jdk/jdk/build/linux-x86_64-server-slowdebug/images/jdk/lib/libjava.so
7f350d3c9000-7f350d3ca000 ---p 00029000 08:02 26479122                   /home/jatinbha/sandboxes/jdk/jdk/build/linux-x86_64-server-slowdebug/images/jdk/lib/libjava.so
7f350d3ca000-7f350d3cb000 r--p 00029000 08:02 26479122                   /home/jatinbha/sandboxes/jdk/jdk/build/linux-x86_64-server-slowdebug/images/jdk/lib/libjava.so
7f350d3cb000-7f350d3cd000 rw-p 0002a000 08:02 26479122                   /home/jatinbha/sandboxes/jdk/jdk/build/linux-x86_64-server-slowdebug/images/jdk/lib/libjava.so
7f350d3cd000-7f350d3d5000 rw-s 00000000 08:02 3670055                    /tmp/hsperfdata_intel/1877825
7f350d3d5000-7f350d3d9000 r--p 00000000 08:02 26479123                   /home/jatinbha/sandboxes/jdk/jdk/build/linux-x86_64-server-slowdebug/images/jdk/lib/libjimage.so
7f350d3d9000-7f350d3f0000 r-xp 00004000 08:02 26479123                   /home/jatinbha/sandboxes/jdk/jdk/build/linux-x86_64-server-slowdebug/images/jdk/lib/libjimage.so
7f350d3f0000-7f350d3f7000 r--p 0001b000 08:02 26479123                   /home/jatinbha/sandboxes/jdk/jdk/build/linux-x86_64-server-slowdebug/images/jdk/lib/libjimage.so
7f350d3f7000-7f350d3f8000 ---p 00022000 08:02 26479123                   /home/jatinbha/sandboxes/jdk/jdk/build/linux-x86_64-server-slowdebug/images/jdk/lib/libjimage.so
7f350d3f8000-7f350d3fa000 r--p 00022000 08:02 26479123                   /home/jatinbha/sandboxes/jdk/jdk/build/linux-x86_64-server-slowdebug/images/jdk/lib/libjimage.so
7f350d3fa000-7f350d3fb000 rw-p 00024000 08:02 26479123                   /home/jatinbha/sandboxes/jdk/jdk/build/linux-x86_64-server-slowdebug/images/jdk/lib/libjimage.so
7f350d3fb000-7f350d3ff000 ---p 00000000 00:00 0 
7f350d3ff000-7f350d4fc000 rw-p 00000000 00:00 0 
7f350d4fc000-7f350d50b000 r--p 00000000 08:02 7080075                    /usr/lib/x86_64-linux-gnu/libm-2.31.so
7f350d50b000-7f350d5b2000 r-xp 0000f000 08:02 7080075                    /usr/lib/x86_64-linux-gnu/libm-2.31.so
7f350d5b2000-7f350d649000 r--p 000b6000 08:02 7080075                    /usr/lib/x86_64-linux-gnu/libm-2.31.so
7f350d649000-7f350d64a000 r--p 0014c000 08:02 7080075                    /usr/lib/x86_64-linux-gnu/libm-2.31.so
7f350d64a000-7f350d64b000 rw-p 0014d000 08:02 7080075                    /usr/lib/x86_64-linux-gnu/libm-2.31.so
7f350d64b000-7f350d64e000 r--p 00000000 08:02 7080092                    /usr/lib/x86_64-linux-gnu/librt-2.31.so
7f350d64e000-7f350d652000 r-xp 00003000 08:02 7080092                    /usr/lib/x86_64-linux-gnu/librt-2.31.so
7f350d652000-7f350d653000 r--p 00007000 08:02 7080092                    /usr/lib/x86_64-linux-gnu/librt-2.31.so
7f350d653000-7f350d654000 ---p 00008000 08:02 7080092                    /usr/lib/x86_64-linux-gnu/librt-2.31.so
7f350d654000-7f350d655000 r--p 00008000 08:02 7080092                    /usr/lib/x86_64-linux-gnu/librt-2.31.so
7f350d655000-7f350d656000 rw-p 00009000 08:02 7080092                    /usr/lib/x86_64-linux-gnu/librt-2.31.so
7f350d656000-7f350da44000 r--p 00000000 08:02 26479139                   /home/jatinbha/sandboxes/jdk/jdk/build/linux-x86_64-server-slowdebug/images/jdk/lib/server/libjvm.so
7f350da44000-7f350ef02000 r-xp 003ee000 08:02 26479139                   /home/jatinbha/sandboxes/jdk/jdk/build/linux-x86_64-server-slowdebug/images/jdk/lib/server/libjvm.so
7f350ef02000-7f350fea4000 r--p 018ac000 08:02 26479139                   /home/jatinbha/sandboxes/jdk/jdk/build/linux-x86_64-server-slowdebug/images/jdk/lib/server/libjvm.so
7f350fea4000-7f350fea5000 ---p 0284e000 08:02 26479139                   /home/jatinbha/sandboxes/jdk/jdk/build/linux-x86_64-server-slowdebug/images/jdk/lib/server/libjvm.so
7f350fea5000-7f350ffab000 r--p 0284e000 08:02 26479139                   /home/jatinbha/sandboxes/jdk/jdk/build/linux-x86_64-server-slowdebug/images/jdk/lib/server/libjvm.so
7f350ffab000-7f3510021000 rw-p 02954000 08:02 26479139                   /home/jatinbha/sandboxes/jdk/jdk/build/linux-x86_64-server-slowdebug/images/jdk/lib/server/libjvm.so
7f3510021000-7f35100e8000 rw-p 00000000 00:00 0 
7f35100e8000-7f351010d000 r--p 00000000 08:02 7080073                    /usr/lib/x86_64-linux-gnu/libc-2.31.so
7f351010d000-7f3510285000 r-xp 00025000 08:02 7080073                    /usr/lib/x86_64-linux-gnu/libc-2.31.so
7f3510285000-7f35102cf000 r--p 0019d000 08:02 7080073                    /usr/lib/x86_64-linux-gnu/libc-2.31.so
7f35102cf000-7f35102d0000 ---p 001e7000 08:02 7080073                    /usr/lib/x86_64-linux-gnu/libc-2.31.so
7f35102d0000-7f35102d3000 r--p 001e7000 08:02 7080073                    /usr/lib/x86_64-linux-gnu/libc-2.31.so
7f35102d3000-7f35102d6000 rw-p 001ea000 08:02 7080073                    /usr/lib/x86_64-linux-gnu/libc-2.31.so
7f35102d6000-7f35102da000 rw-p 00000000 00:00 0 
7f35102da000-7f35102e1000 r--p 00000000 08:02 7080090                    /usr/lib/x86_64-linux-gnu/libpthread-2.31.so
7f35102e1000-7f35102f2000 r-xp 00007000 08:02 7080090                    /usr/lib/x86_64-linux-gnu/libpthread-2.31.so
7f35102f2000-7f35102f7000 r--p 00018000 08:02 7080090                    /usr/lib/x86_64-linux-gnu/libpthread-2.31.so
7f35102f7000-7f35102f8000 r--p 0001c000 08:02 7080090                    /usr/lib/x86_64-linux-gnu/libpthread-2.31.so
7f35102f8000-7f35102f9000 rw-p 0001d000 08:02 7080090                    /usr/lib/x86_64-linux-gnu/libpthread-2.31.so
7f35102f9000-7f35102fd000 rw-p 00000000 00:00 0 
7f35102fd000-7f35102fe000 r--p 00000000 08:02 7080074                    /usr/lib/x86_64-linux-gnu/libdl-2.31.so
7f35102fe000-7f3510300000 r-xp 00001000 08:02 7080074                    /usr/lib/x86_64-linux-gnu/libdl-2.31.so
7f3510300000-7f3510301000 r--p 00003000 08:02 7080074                    /usr/lib/x86_64-linux-gnu/libdl-2.31.so
7f3510301000-7f3510302000 r--p 00003000 08:02 7080074                    /usr/lib/x86_64-linux-gnu/libdl-2.31.so
7f3510302000-7f3510303000 rw-p 00004000 08:02 7080074                    /usr/lib/x86_64-linux-gnu/libdl-2.31.so
7f3510303000-7f3510305000 r--p 00000000 08:02 7078082                    /usr/lib/x86_64-linux-gnu/libz.so.1.2.11
7f3510305000-7f3510316000 r-xp 00002000 08:02 7078082                    /usr/lib/x86_64-linux-gnu/libz.so.1.2.11
7f3510316000-7f351031c000 r--p 00013000 08:02 7078082                    /usr/lib/x86_64-linux-gnu/libz.so.1.2.11
7f351031c000-7f351031d000 ---p 00019000 08:02 7078082                    /usr/lib/x86_64-linux-gnu/libz.so.1.2.11
7f351031d000-7f351031e000 r--p 00019000 08:02 7078082                    /usr/lib/x86_64-linux-gnu/libz.so.1.2.11
7f351031e000-7f351031f000 rw-p 0001a000 08:02 7078082                    /usr/lib/x86_64-linux-gnu/libz.so.1.2.11
7f351031f000-7f3510322000 r--p 00000000 08:02 7080081                    /usr/lib/x86_64-linux-gnu/libnss_files-2.31.so
7f3510322000-7f3510329000 r-xp 00003000 08:02 7080081                    /usr/lib/x86_64-linux-gnu/libnss_files-2.31.so
7f3510329000-7f351032b000 r--p 0000a000 08:02 7080081                    /usr/lib/x86_64-linux-gnu/libnss_files-2.31.so
7f351032b000-7f351032c000 r--p 0000b000 08:02 7080081                    /usr/lib/x86_64-linux-gnu/libnss_files-2.31.so
7f351032c000-7f351032d000 rw-p 0000c000 08:02 7080081                    /usr/lib/x86_64-linux-gnu/libnss_files-2.31.so
7f351032d000-7f3510333000 rw-p 00000000 00:00 0 
7f3510333000-7f3510334000 ---p 00000000 00:00 0 
7f3510334000-7f3510335000 r--p 00000000 00:00 0 
7f3510335000-7f3510338000 r--p 00000000 08:02 26479124                   /home/jatinbha/sandboxes/jdk/jdk/build/linux-x86_64-server-slowdebug/images/jdk/lib/libjli.so
7f3510338000-7f3510346000 r-xp 00003000 08:02 26479124                   /home/jatinbha/sandboxes/jdk/jdk/build/linux-x86_64-server-slowdebug/images/jdk/lib/libjli.so
7f3510346000-7f351034a000 r--p 00011000 08:02 26479124                   /home/jatinbha/sandboxes/jdk/jdk/build/linux-x86_64-server-slowdebug/images/jdk/lib/libjli.so
7f351034a000-7f351034b000 r--p 00014000 08:02 26479124                   /home/jatinbha/sandboxes/jdk/jdk/build/linux-x86_64-server-slowdebug/images/jdk/lib/libjli.so
7f351034b000-7f351034c000 rw-p 00015000 08:02 26479124                   /home/jatinbha/sandboxes/jdk/jdk/build/linux-x86_64-server-slowdebug/images/jdk/lib/libjli.so
7f351034c000-7f351034e000 rw-p 00000000 00:00 0 
7f351034e000-7f351034f000 r--p 00000000 08:02 7080069                    /usr/lib/x86_64-linux-gnu/ld-2.31.so
7f351034f000-7f3510372000 r-xp 00001000 08:02 7080069                    /usr/lib/x86_64-linux-gnu/ld-2.31.so
7f3510372000-7f351037a000 r--p 00024000 08:02 7080069                    /usr/lib/x86_64-linux-gnu/ld-2.31.so
7f351037a000-7f351037b000 rwxp 00000000 00:00 0 
7f351037b000-7f351037c000 r--p 0002c000 08:02 7080069                    /usr/lib/x86_64-linux-gnu/ld-2.31.so
7f351037c000-7f351037d000 rw-p 0002d000 08:02 7080069                    /usr/lib/x86_64-linux-gnu/ld-2.31.so
7f351037d000-7f351037e000 rw-p 00000000 00:00 0 
7ffff86dc000-7ffff86fd000 rw-p 00000000 00:00 0                          [stack]
7ffff8721000-7ffff8725000 r--p 00000000 00:00 0                          [vvar]
7ffff8725000-7ffff8727000 r-xp 00000000 00:00 0                          [vdso]
ffffffffff600000-ffffffffff601000 --xp 00000000 00:00 0                  [vsyscall]
Total number of mappings: 206


VM Arguments:
jvm_args: -XX:-PauseAtStartup -XX:+TieredCompilation -Xbatch -XX:CompileCommand=Print,test::micro 
java_command: test
java_class_path (initial): .
Launcher Type: SUN_STANDARD

[Global flags]
     bool BackgroundCompilation                    = false                                  {pd product} {command line}  A thread requesting compilation is not blocked during compilation
     intx CICompilerCount                          = 18                                        {product} {ergonomic}     Number of compiler threads to run
ccstrlist CompileCommand                           = Print,test::micro                         {product} {command line}  Prepend to .hotspot_compiler; e.g. log,java/lang/String.<init>
     uint ConcGCThreads                            = 18                                        {product} {ergonomic}     Number of threads concurrent gc will use
     uint G1ConcRefinementThreads                  = 73                                        {product} {ergonomic}     The number of parallel remembered set update threads. Will be set ergonomically by default.
   size_t G1HeapRegionSize                         = 16777216                                  {product} {ergonomic}     Size of the G1 regions.
   size_t InitialHeapSize                          = 2147483648                                {product} {ergonomic}     Initial heap size (in bytes); zero means use ergonomics
   size_t MarkStackSize                            = 4194304                                   {product} {ergonomic}     Size of marking stack in bytes.
   size_t MarkStackSizeMax                         = 536870912                                 {product} {ergonomic}     Maximum size of marking stack in bytes.
   size_t MaxHeapSize                              = 31675383808                               {product} {ergonomic}     Maximum heap size (in bytes)
   size_t MaxNewSize                               = 18991808512                               {product} {ergonomic}     Maximum new generation size (in bytes), max_uintx means set ergonomically
   size_t MinHeapDeltaBytes                        = 16777216                                  {product} {ergonomic}     The minimum change in heap space due to GC (in bytes)
   size_t MinHeapSize                              = 16777216                                  {product} {ergonomic}     Minimum heap size (in bytes); zero means use ergonomics
    uintx NonNMethodCodeHeapSize                   = 8781824                                {pd product} {ergonomic}     Size of code heap with non-nmethods (in bytes)
    uintx NonProfiledCodeHeapSize                  = 121442304                              {pd product} {ergonomic}     Size of code heap with non-profiled methods (in bytes)
     bool PauseAtStartup                           = false                                  {diagnostic} {command line}  Causes the VM to pause at startup time and wait for the pause file to be removed (default: ./vm.paused.<pid>)
    uintx ProfiledCodeHeapSize                     = 121434112                              {pd product} {ergonomic}     Size of code heap with profiled methods (in bytes)
    uintx ReservedCodeCacheSize                    = 251658240                              {pd product} {ergonomic}     Reserved code cache size (in bytes) - maximum code cache size
     bool SegmentedCodeCache                       = true                                      {product} {ergonomic}     Use a segmented code cache
   size_t SoftMaxHeapSize                          = 31675383808                            {manageable} {ergonomic}     Soft limit for maximum heap size (in bytes)
     bool THPStackMitigation                       = false                                  {diagnostic} {ergonomic}     If THPs are unconditionally enabled on the system (mode "always"), the JVM will prevent THP from forming in thread stacks. When disabled, the absence of this mitigationallows THPs to form in thread stacks.
     bool TieredCompilation                        = true                                   {pd product} {command line}  Enable tiered compilation
     bool UseCompressedOops                        = true                           {product lp64_product} {ergonomic}   Use 32-bit object references in 64-bit VM. lp64_product means flag is always constant in 32 bit VM
     bool UseG1GC                                  = true                                      {product} {ergonomic}     Use the Garbage-First garbage collector

Logging:
Log output configuration:
 #0: stdout all=warning uptime,level,tags foldmultilines=false
 #1: stderr all=off uptime,level,tags foldmultilines=false

Environment Variables:
JAVA_HOME=/home/jatinbha/sandboxes/jdk/jdk/build/linux-x86_64-server-slowdebug/images/jdk/
PATH=/home/jatinbha/sandboxes/jdk/jdk/build/linux-x86_64-server-slowdebug/images/jdk//bin:/home/jatinbha/sandboxes/jdk2/jdk/build/linux-x86_64-server-slowdebug/images/jdk//bin:/home/jatinbha/.local/bin:/home/jatinbha/bin:/home/jatinbha/softwares/jextract-22:/home/jatinbha/softwares/cmake-3.28.3-linux-x86_64/bin:/home/jatinbha/softwares/cmake-3.26.3-linux-x86_64/bin:/home/jatinbha/softwares/jdk-17.0.2//bin:/home/jatinbha/softwares/thrift-0.16.0/bin:/home/jatinbha/softwares/jdk8u322-b06//bin:/home/jatinbha/softwares/jdk-17//bin:/home/jatinbha/softwares/apache-maven-3.6.3/bin:/home/jatinbha/sandboxes/skara/build/bin:/home/jatinbha/softwares/sde-internal-conf-APX-lin/:/usr/local/sbin:/usr/local/bin:/usr/sbin:/usr/bin:/sbin:/bin:/usr/games:/usr/local/games:/snap/bin
LD_LIBRARY_PATH=/home/jatinbha/softwares:
SHELL=/bin/bash
LANG=en_IN
TERM=xterm-256color

Active Locale:
LC_ALL=en_IN
LC_COLLATE=en_IN
LC_CTYPE=en_IN
LC_MESSAGES=en_IN
LC_MONETARY=en_IN
LC_NUMERIC=en_IN
LC_TIME=en_IN

Signal Handlers:
   SIGSEGV: crash_handler in libjvm.so, mask=11100100010111111101111111111110, flags=SA_RESTART|SA_SIGINFO, unblocked
    SIGBUS: crash_handler in libjvm.so, mask=11100100010111111101111111111110, flags=SA_RESTART|SA_SIGINFO, unblocked
    SIGFPE: crash_handler in libjvm.so, mask=11100100010111111101111111111110, flags=SA_RESTART|SA_SIGINFO, unblocked
   SIGPIPE: javaSignalHandler in libjvm.so, mask=11100100010111111101111111111110, flags=SA_RESTART|SA_SIGINFO, unblocked
   SIGXFSZ: javaSignalHandler in libjvm.so, mask=11100100010111111101111111111110, flags=SA_RESTART|SA_SIGINFO, unblocked
    SIGILL: crash_handler in libjvm.so, mask=11100100010111111101111111111110, flags=SA_RESTART|SA_SIGINFO, unblocked
   SIGUSR2: SR_handler in libjvm.so, mask=00000000000000000000000000000000, flags=SA_RESTART|SA_SIGINFO, unblocked
    SIGHUP: UserHandler in libjvm.so, mask=11100100010111111101111111111110, flags=SA_RESTART|SA_SIGINFO, unblocked
    SIGINT: UserHandler in libjvm.so, mask=11100100010111111101111111111110, flags=SA_RESTART|SA_SIGINFO, unblocked
   SIGTERM: UserHandler in libjvm.so, mask=11100100010111111101111111111110, flags=SA_RESTART|SA_SIGINFO, unblocked
   SIGQUIT: UserHandler in libjvm.so, mask=11100100010111111101111111111110, flags=SA_RESTART|SA_SIGINFO, blocked
   SIGTRAP: crash_handler in libjvm.so, mask=11100100010111111101111111111110, flags=SA_RESTART|SA_SIGINFO, unblocked


Native Memory Tracking:

(Omitting categories weighting less than 1KB)

Total: reserved=33195858KB, committed=2441194KB
       malloc: 226238KB #22709, peak=226012KB #22711
       mmap:   reserved=32969620KB, committed=2214956KB

-                 Java Heap (reserved=30932992KB, committed=2113536KB)
                            (mmap: reserved=30932992KB, committed=2113536KB, at peak)

-                     Class (reserved=1048648KB, committed=200KB)
                            (classes #532)
                            (  instance classes #442, array classes #90)
                            (malloc=72KB #1006) (peak=73KB #1006)
                            (mmap: reserved=1048576KB, committed=128KB, at peak)
                            (  Metadata:   )
                            (    reserved=65536KB, committed=192KB)
                            (    used=76KB)
                            (    waste=116KB =60.59%)
                            (  Class space:)
                            (    reserved=1048576KB, committed=128KB)
                            (    used=3KB)
                            (    waste=125KB =97.42%)

-                    Thread (reserved=17499KB, committed=811KB)
                            (threads #17)
                            (stack: reserved=17448KB, committed=760KB, peak=760KB)
                            (malloc=34KB #103) (peak=42KB #107)
                            (arena=18KB #30) (peak=168KB #30)

-                      Code (reserved=248170KB, committed=8034KB)
                            (malloc=453KB #10112) (peak=453KB #10115)
                            (mmap: reserved=247684KB, committed=7548KB, at peak)
                            (arena=33KB #1) (peak=34KB #2)

-                        GC (reserved=793719KB, committed=230839KB)
                            (malloc=152763KB #1289) (at peak)
                            (mmap: reserved=640956KB, committed=78076KB, at peak)

-                 GCCardSet (reserved=29KB, committed=29KB)
                            (malloc=29KB #390) (at peak)

-                  Compiler (reserved=1229KB, committed=1229KB)
                            (malloc=66KB #38) (at peak)
                            (arena=1163KB #14) (at peak)

-                  Internal (reserved=70001KB, committed=70001KB)
                            (malloc=69965KB #7966) (peak=69965KB #7967)
                            (mmap: reserved=36KB, committed=36KB, at peak)

-                    Symbol (reserved=1130KB, committed=1130KB)
                            (malloc=770KB #27) (at peak)
                            (arena=360KB #1) (at peak)

-    Native Memory Tracking (reserved=362KB, committed=362KB)
                            (malloc=7KB #67) (at peak)
                            (arena=0KB #0) (peak=128KB #1)
                            (tracking overhead=355KB)

-        Shared class space (reserved=16384KB, committed=14672KB, readonly=0KB)
                            (mmap: reserved=16384KB, committed=14672KB, peak=14892KB)

-               Arena Chunk (reserved=11KB, committed=11KB)
                            (malloc=11KB #83) (peak=1712KB #85)

-                 Arguments (reserved=0KB, committed=0KB)
                            (malloc=0KB #5) (peak=10KB #6)

-                    Module (reserved=66KB, committed=66KB)
                            (malloc=66KB #1257) (at peak)

-                 Safepoint (reserved=8KB, committed=8KB)
                            (mmap: reserved=8KB, committed=8KB, at peak)

-           Synchronization (reserved=44KB, committed=44KB)
                            (malloc=44KB #328) (at peak)

-            Serviceability (reserved=17KB, committed=17KB)
                            (malloc=17KB #10) (peak=17KB #14)

-                 Metaspace (reserved=65548KB, committed=204KB)
                            (malloc=12KB #8) (at peak)
                            (mmap: reserved=65536KB, committed=192KB, at peak)

-      String Deduplication (reserved=1KB, committed=1KB)
                            (malloc=1KB #8) (at peak)

-                   Unknown (reserved=0KB, committed=0KB)
                            (mmap: reserved=0KB, committed=0KB, peak=20KB)

Preinit state:entries: 377 (primary: 373, empties: 7818), sum bytes: 14915, longest chain length: 2
pre-init mallocs: 413, pre-init reallocs: 3, pre-init frees: 36
MallocLimit: unset

Periodic native trim disabled

---------------  S Y S T E M  ---------------

OS:
DISTRIB_ID=Ubuntu
DISTRIB_RELEASE=20.04
DISTRIB_CODENAME=focal
DISTRIB_DESCRIPTION="Ubuntu 20.04.2 LTS"
uname: Linux intel-S2600WFT 5.8.0-41-generic #46~20.04.1-Ubuntu SMP Mon Jan 18 17:52:23 UTC 2021 x86_64
OS uptime: 9 days 8:55 hours
libc: glibc 2.31 NPTL 2.31 
rlimit (soft/hard): STACK 8192k/infinity , CORE 0k/infinity , NPROC 3090646/3090646 , NOFILE 1048576/1048576 , AS infinity/infinity , CPU infinity/infinity , DATA infinity/infinity , FSIZE infinity/infinity , MEMLOCK 65536k/65536k
load average: 1.38 1.88 0.90

/proc/meminfo:
MemTotal:       791263980 kB
MemFree:        722553896 kB
MemAvailable:   783364272 kB
Buffers:         3744072 kB
Cached:         54874068 kB
SwapCached:            0 kB
Active:         32849704 kB
Inactive:       26494344 kB
Active(anon):     723564 kB
Inactive(anon):     7032 kB
Active(file):   32126140 kB
Inactive(file): 26487312 kB
Unevictable:           0 kB
Mlocked:               0 kB
SwapTotal:       2097148 kB
SwapFree:        2097148 kB
Dirty:                68 kB
Writeback:             0 kB
AnonPages:        726176 kB
Mapped:           370904 kB
Shmem:              9812 kB
KReclaimable:    7251104 kB
Slab:            8166344 kB
SReclaimable:    7251104 kB
SUnreclaim:       915240 kB
KernelStack:       26592 kB
PageTables:        12536 kB
NFS_Unstable:          0 kB
Bounce:                0 kB
WritebackTmp:          0 kB
CommitLimit:    397729136 kB
Committed_AS:    6816228 kB
VmallocTotal:   34359738367 kB
VmallocUsed:      462656 kB
VmallocChunk:          0 kB
Percpu:           162176 kB
HardwareCorrupted:     0 kB
AnonHugePages:         0 kB
ShmemHugePages:        0 kB
ShmemPmdMapped:        0 kB
FileHugePages:         0 kB
FilePmdMapped:         0 kB
HugePages_Total:       0
HugePages_Free:        0
HugePages_Rsvd:        0
HugePages_Surp:        0
Hugepagesize:       2048 kB
Hugetlb:               0 kB
DirectMap4k:     1371548 kB
DirectMap2M:    47599616 kB
DirectMap1G:    757071872 kB

/sys/kernel/mm/transparent_hugepage/enabled: always [madvise] never
/sys/kernel/mm/transparent_hugepage/hpage_pmd_size: 2097152
/sys/kernel/mm/transparent_hugepage/shmem_enabled: always within_size advise [never] deny force
/sys/kernel/mm/transparent_hugepage/defrag (defrag/compaction efforts parameter): always defer defer+madvise [madvise] never

Process Memory:
Virtual Size: 34507420K (peak: 34507552K)
Resident Set Size: 300324K (peak: 300324K) (anon: 260464K, file: 39860K, shmem: 0K)
Swapped out: 0K
C-Heap outstanding allocations: 227601K, retained: 2134K (may have wrapped)
glibc malloc tunables: (default)

/proc/sys/kernel/threads-max (system-wide limit on the number of threads): 6181293
/proc/sys/vm/max_map_count (maximum number of memory map areas a process may have): 65530
/proc/sys/vm/swappiness (control to define how aggressively the kernel swaps out anonymous memory): 60
/proc/sys/kernel/pid_max (system-wide limit on number of process identifiers): 4194304

container information not found.
Steal ticks since vm start: 0
Steal ticks percentage since vm start:  0.000

CPU: total 112 (initial active 112) (28 cores per cpu, 2 threads per core) family 6 model 85 stepping 7 microcode 0x5003006, cx8, cmov, fxsr, ht, mmx, 3dnowpref, sse, sse2, sse3, ssse3, sse4.1, sse4.2, popcnt, lzcnt, tsc, tscinvbit, avx, avx2, aes, erms, clmul, bmi1, bmi2, adx, avx512f, avx512dq, avx512cd, avx512bw, avx512vl, fma, vzeroupper, avx512_vnni, clflush, clflushopt, clwb, rdtscp, f16c, pku, ospke
CPU Model and flags from /proc/cpuinfo:
model name	: Intel(R) Xeon(R) Platinum 8280 CPU @ 2.70GHz
flags		: fpu vme de pse tsc msr pae mce cx8 apic sep mtrr pge mca cmov pat pse36 clflush dts acpi mmx fxsr sse sse2 ss ht tm pbe syscall nx pdpe1gb rdtscp lm constant_tsc art arch_perfmon pebs bts rep_good nopl xtopology nonstop_tsc cpuid aperfmperf pni pclmulqdq dtes64 monitor ds_cpl smx est tm2 ssse3 sdbg fma cx16 xtpr pdcm pcid dca sse4_1 sse4_2 x2apic movbe popcnt tsc_deadline_timer aes xsave avx f16c rdrand lahf_lm abm 3dnowprefetch cpuid_fault epb cat_l3 cdp_l3 invpcid_single ssbd mba ibrs ibpb stibp ibrs_enhanced fsgsbase tsc_adjust bmi1 avx2 smep bmi2 erms invpcid cqm mpx rdt_a avx512f avx512dq rdseed adx smap clflushopt clwb intel_pt avx512cd avx512bw avx512vl xsaveopt xsavec xgetbv1 xsaves cqm_llc cqm_occup_llc cqm_mbm_total cqm_mbm_local dtherm ida arat pln pts hwp hwp_act_window hwp_epp hwp_pkg_req pku ospke avx512_vnni md_clear flush_l1d arch_capabilities

Online cpus: 0-111
Offline cpus: 
cache level: 1
cache type: Data
cache size: 32K
cache coherency line size: 64
cache level: 1
cache type: Instruction
cache size: 32K
cache coherency line size: 64
cache level: 2
cache type: Unified
cache size: 1024K
cache coherency line size: 64
cache level: 3
cache type: Unified
cache size: 39424K
cache coherency line size: 64
BIOS frequency limitation: <Not Available>
Frequency switch latency (ns): 0
Available cpu frequencies: <Not Available>
Maximum cpu frequency: 4000000
Minimum cpu frequency: 1000000
Current cpu frequency: 1000538
Available governors: performance powersave
Current governor: powersave
Core performance/turbo boost: <Not Available>

Memory: 4k page, physical 791263980k(783364272k free), swap 2097148k(2097148k free)
Page Sizes: 4k

vm_info: OpenJDK 64-Bit Server VM (slowdebug 24-internal-adhoc.root.jdk) for linux-amd64 JRE (24-internal-adhoc.root.jdk), built on 2024-06-25T06:09:12Z with gcc 9.3.0

END.
